 1 1 5  34.413311 -2.600126 0.804907 -0.028744 -1.330086 -5.540817 -34.413311 2.600126 -0.804907 0.028744 -1.613941 -3.969404  
 2 2 6  33.953209 -2.629574 0.840869 -0.028744 -1.434420 -5.605108 -33.953209 2.629574 -0.840869 0.028744 -1.641142 -4.012822  
 3 3 7  37.587651 -2.645207 0.829819 -0.028744 -1.407146 -5.640013 -37.587651 2.645207 -0.829819 0.028744 -1.628001 -4.035095  
 4 4 8  38.045829 -2.616527 0.795549 -0.028744 -1.306364 -5.576761 -38.045829 2.616527 -0.795549 0.028744 -1.603437 -3.993446  
 5 5 10  23.622610 -0.013790 -1.011170 0.000468 1.822016 0.538793 -23.622610 0.013790 1.011170 -0.000468 1.876438 -0.589233  
 6 6 11  23.017817 -0.029326 -1.011043 0.000468 1.835502 0.512969 -23.017817 0.029326 1.011043 -0.000468 1.862489 -0.620232  
 7 7 12  24.377955 -0.018046 -1.026816 0.000468 1.863045 0.535258 -24.377955 0.018046 1.026816 -0.000468 1.892639 -0.601264  
 8 8 13  24.981618 -0.002197 -1.027397 0.000468 1.850415 0.562009 -24.981618 0.002197 1.027397 -0.000468 1.907393 -0.570046  
 9 10 15  12.080952 -0.402959 0.767561 -0.001109 -1.720115 -0.631586 -12.080952 0.402959 -0.767561 0.001109 -1.087315 -0.842278  
 10 11 16  11.366837 -0.400090 0.763052 -0.001109 -1.705568 -0.624049 -11.366837 0.400090 -0.763052 0.001109 -1.085371 -0.839322  
 11 12 17  11.919318 -0.404660 0.766864 -0.001109 -1.716019 -0.639074 -11.919318 0.404660 -0.766864 0.001109 -1.088864 -0.841011  
 12 13 18  12.632893 -0.407333 0.770746 -0.001109 -1.729031 -0.646193 -12.632893 0.407333 -0.770746 0.001109 -1.090049 -0.843669  
 13 5 6  0.000000 0.072445 0.000000 -0.034318 -0.000000 0.227224 0.000000 -0.072445 -0.000000 0.034318 -0.000000 0.214399  
 14 6 7  0.000000 1.137053 -0.000000 0.020040 0.000000 3.465535 0.000000 -1.137053 0.000000 -0.020040 0.000000 3.465940  
 15 7 8  0.000000 0.072643 -0.000000 -0.033898 0.000000 0.215004 0.000000 -0.072643 0.000000 0.033898 0.000000 0.227828  
 16 8 5  0.000000 1.136854 0.000000 0.019149 -0.000000 3.465335 0.000000 -1.136854 -0.000000 -0.019149 -0.000000 3.464930  
 17 10 11  0.000000 0.054735 0.000000 -0.011506 -0.000000 0.167118 0.000000 -0.054735 -0.000000 0.011506 -0.000000 0.166546  
 18 11 12  0.000000 0.403755 -0.000000 0.009625 0.000000 1.232775 0.000000 -0.403755 0.000000 -0.009625 0.000000 1.228513  
 19 12 13  0.000000 0.054882 -0.000000 -0.011825 0.000000 0.166996 0.000000 -0.054882 0.000000 0.011825 0.000000 0.167568  
 20 13 10  0.000000 0.403607 0.000000 0.010794 -0.000000 1.228063 0.000000 -0.403607 -0.000000 -0.010794 -0.000000 1.232325  
 21 15 16  0.000000 -0.356990 0.000000 0.001684 -0.000000 -1.088888 0.000000 0.356990 -0.000000 -0.001684 -0.000000 -1.087323  
 22 16 17  0.000000 0.276173 0.000000 -0.001953 -0.000000 0.841006 0.000000 -0.276173 -0.000000 0.001953 -0.000000 0.842546  
 23 17 18  0.000000 -0.356855 -0.000000 0.001535 0.000000 -1.086912 0.000000 0.356855 0.000000 -0.001535 0.000000 -1.088476  
 24 18 15  0.000000 0.276038 -0.000000 -0.001573 0.000000 0.842134 0.000000 -0.276038 0.000000 0.001573 0.000000 0.840594  
