 1 1 5  35.382550 -0.245160 -0.225767 0.000038 0.502060 -0.622609 -35.382550 0.245160 0.225767 -0.000038 0.323704 -0.274087  
 2 2 6  35.613980 -0.245109 -0.225655 0.000038 0.501704 -0.622505 -35.613980 0.245109 0.225655 -0.000038 0.323653 -0.274004  
 3 3 7  36.617441 -0.245036 -0.225625 0.000038 0.501637 -0.622285 -36.617441 0.245036 0.225625 -0.000038 0.323609 -0.273957  
 4 4 8  36.386029 -0.245085 -0.225747 0.000038 0.502010 -0.622387 -36.386029 0.245085 0.225747 -0.000038 0.323682 -0.274036  
 5 5 10  23.713357 -0.225053 -0.050891 -0.000003 0.019947 -0.390665 -23.713357 0.225053 0.050891 0.000003 0.166193 -0.432488  
 6 6 11  23.719322 -0.225046 -0.050884 -0.000003 0.019955 -0.390660 -23.719322 0.225046 0.050884 0.000003 0.166159 -0.432469  
 7 7 12  24.286637 -0.225045 -0.050875 -0.000003 0.019938 -0.390676 -24.286637 0.225045 0.050875 0.000003 0.166142 -0.432449  
 8 8 13  24.280684 -0.225053 -0.050882 -0.000003 0.019929 -0.390686 -24.280684 0.225053 0.050882 0.000003 0.166178 -0.432468  
 9 10 15  11.921644 -0.118143 0.042950 -0.000004 -0.106851 -0.143046 -11.921644 0.118143 -0.042950 0.000004 -0.050243 -0.289072  
 10 11 16  11.888676 -0.118145 0.042946 -0.000004 -0.106830 -0.143052 -11.888676 0.118145 -0.042946 0.000004 -0.050249 -0.289075  
 11 12 17  12.078353 -0.118148 0.042946 -0.000004 -0.106829 -0.143065 -12.078353 0.118148 -0.042946 0.000004 -0.050250 -0.289072  
 12 13 18  12.111327 -0.118145 0.042950 -0.000004 -0.106850 -0.143058 -12.111327 0.118145 -0.042950 0.000004 -0.050245 -0.289070  
 13 5 6  0.000000 0.112732 0.000000 0.000042 -0.000000 0.343633 0.000000 -0.112732 -0.000000 -0.000042 -0.000000 0.343579  
 14 6 7  0.000000 0.218074 0.000000 -0.000029 -0.000000 0.664706 0.000000 -0.218074 -0.000000 0.000029 -0.000000 0.664675  
 15 7 8  0.000000 0.112730 -0.000000 0.000043 0.000000 0.343576 0.000000 -0.112730 0.000000 -0.000043 0.000000 0.343629  
 16 8 5  0.000000 0.218076 -0.000000 -0.000018 0.000000 0.664679 0.000000 -0.218076 0.000000 0.000018 0.000000 0.664710  
 17 10 11  0.000000 0.019465 -0.000000 0.000004 0.000000 0.059338 0.000000 -0.019465 0.000000 -0.000004 0.000000 0.059323  
 18 11 12  0.000000 0.188819 0.000000 -0.000006 -0.000000 0.575526 0.000000 -0.188819 -0.000000 0.000006 -0.000000 0.575518  
 19 12 13  0.000000 0.019464 0.000000 0.000004 -0.000000 0.059319 0.000000 -0.019464 -0.000000 -0.000004 -0.000000 0.059333  
 20 13 10  0.000000 0.188821 -0.000000 -0.000005 0.000000 0.575522 0.000000 -0.188821 0.000000 0.000005 0.000000 0.575530  
 21 15 16  0.000000 -0.016484 -0.000000 -0.000003 0.000000 -0.050242 0.000000 0.016484 0.000000 0.000003 0.000000 -0.050247  
 22 16 17  0.000000 0.094839 -0.000000 0.000002 0.000000 0.289071 0.000000 -0.094839 0.000000 -0.000002 0.000000 0.289069  
 23 17 18  0.000000 -0.016486 0.000000 -0.000003 -0.000000 -0.050252 0.000000 0.016486 -0.000000 0.000003 -0.000000 -0.050246  
 24 18 15  0.000000 0.094841 0.000000 0.000002 -0.000000 0.289073 0.000000 -0.094841 -0.000000 -0.000002 -0.000000 0.289076  
