 1 1 5  40.406216 1.255267 0.759279 -0.001057 -2.043694 3.067062 -40.406216 -1.255267 -0.759279 0.001057 -0.733446 1.524204  
 2 2 6  36.023317 1.249636 0.757348 -0.001057 -2.035264 3.052845 -36.023317 -1.249636 -0.757348 0.001057 -0.734812 1.517824  
 3 3 7  31.594438 1.242988 0.748691 -0.001057 -2.013303 3.032174 -31.594438 -1.242988 -0.748691 0.001057 -0.725110 1.514178  
 4 4 8  35.976030 1.252737 0.753942 -0.001057 -2.030359 3.056943 -35.976030 -1.252737 -0.753942 0.001057 -0.727258 1.525070  
 5 5 10  26.621480 0.843926 0.937466 -0.000667 -1.768357 1.430324 -26.621480 -0.843926 -0.937466 0.000667 -1.660520 1.656420  
 6 6 11  23.875031 0.839041 0.938181 -0.000667 -1.770161 1.421746 -23.875031 -0.839041 -0.938181 0.000667 -1.661329 1.647130  
 7 7 12  21.379058 0.836254 0.929927 -0.000667 -1.755292 1.417460 -21.379058 -0.836254 -0.929927 0.000667 -1.646009 1.641224  
 8 8 13  24.124432 0.844896 0.933069 -0.000667 -1.760655 1.432894 -24.124432 -0.844896 -0.933069 0.000667 -1.652137 1.657397  
 9 10 15  12.936839 0.594727 0.697296 -0.001181 -1.014599 0.826549 -12.936839 -0.594727 -0.697296 0.001181 -1.535832 1.348723  
 10 11 16  11.938422 0.584361 0.696364 -0.001181 -1.016216 0.813285 -11.938422 -0.584361 -0.696364 0.001181 -1.530805 1.324072  
 11 12 17  11.063467 0.582398 0.685385 -0.001181 -1.001602 0.812767 -11.063467 -0.582398 -0.685385 0.001181 -1.505263 1.317411  
 12 13 18  12.061273 0.594311 0.687545 -0.001181 -1.002178 0.828372 -12.061273 -0.594311 -0.687545 0.001181 -1.512586 1.345380  
 13 5 6  0.000000 -0.818196 0.000000 -0.007391 -0.000000 -2.494947 0.000000 0.818196 -0.000000 0.007391 -0.000000 -2.492777  
 14 6 7  0.000000 -0.966482 0.000000 0.012197 -0.000000 -2.946961 0.000000 0.966482 -0.000000 -0.012197 -0.000000 -2.944713  
 15 7 8  0.000000 -0.818138 -0.000000 -0.013074 0.000000 -2.492600 0.000000 0.818138 0.000000 0.013074 0.000000 -2.494770  
 16 8 5  0.000000 -0.966540 -0.000000 0.006857 0.000000 -2.944890 0.000000 0.966540 0.000000 -0.006857 0.000000 -2.947138  
 17 10 11  0.000000 -0.873958 0.000000 -0.011100 -0.000000 -2.664893 0.000000 0.873958 -0.000000 0.011100 -0.000000 -2.662755  
 18 11 12  0.000000 -0.810567 0.000000 0.014790 -0.000000 -2.471516 0.000000 0.810567 -0.000000 -0.014790 -0.000000 -2.469703  
 19 12 13  0.000000 -0.873842 -0.000000 -0.015713 0.000000 -2.662402 0.000000 0.873842 0.000000 0.015713 0.000000 -2.664540  
 20 13 10  0.000000 -0.810683 -0.000000 0.010225 0.000000 -2.470057 0.000000 0.810683 0.000000 -0.010225 0.000000 -2.471869  
 21 15 16  0.000000 -0.499132 -0.000000 -0.012092 0.000000 -1.524442 0.000000 0.499132 0.000000 0.012092 0.000000 -1.518267  
 22 16 17  0.000000 -0.437554 -0.000000 0.012538 0.000000 -1.336165 0.000000 0.437554 0.000000 -0.012538 0.000000 -1.331162  
 23 17 18  0.000000 -0.498979 0.000000 -0.013751 -0.000000 -1.517801 0.000000 0.498979 -0.000000 0.013751 -0.000000 -1.523976  
 24 18 15  0.000000 -0.437707 0.000000 0.011390 -0.000000 -1.331628 0.000000 0.437707 -0.000000 -0.011390 -0.000000 -1.336631  
