 1 1 5  41.427668 1.128043 1.515489 -0.008319 -3.811390 2.817515 -41.427668 -1.128043 -1.515489 0.008319 -1.731663 1.308415  
 2 2 6  35.097764 1.104399 1.500558 -0.008319 -3.756282 2.754818 -35.097764 -1.104399 -1.500558 0.008319 -1.732160 1.284631  
 3 3 7  30.574481 1.086672 1.472033 -0.008319 -3.679629 2.697139 -30.574481 -1.086672 -1.472033 0.008319 -1.704480 1.277473  
 4 4 8  36.900087 1.119514 1.498446 -0.008319 -3.766473 2.785574 -36.900087 -1.119514 -1.498446 0.008319 -1.714242 1.309159  
 5 5 10  27.149894 0.941678 1.300688 -0.006178 -2.305074 1.651070 -27.149894 -0.941678 -1.300688 0.006178 -2.452324 1.793211  
 6 6 11  23.453346 0.924224 1.299975 -0.006178 -2.306821 1.620017 -23.453346 -0.924224 -1.299975 0.006178 -2.447968 1.760424  
 7 7 12  20.851755 0.918425 1.279918 -0.006178 -2.272823 1.613366 -20.851755 -0.918425 -1.279918 0.006178 -2.408607 1.745863  
 8 8 13  24.545006 0.941888 1.287936 -0.006178 -2.282623 1.653553 -24.545006 -0.941888 -1.287936 0.006178 -2.428131 1.791495  
 9 10 15  13.091761 0.608636 0.881678 -0.004360 -1.237049 0.843413 -13.091761 -0.608636 -0.881678 0.004360 -1.987775 1.382735  
 10 11 16  11.800864 0.591700 0.881165 -0.004360 -1.244192 0.820801 -11.800864 -0.591700 -0.881165 0.004360 -1.978757 1.343401  
 11 12 17  10.909119 0.590627 0.865357 -0.004360 -1.222971 0.823857 -10.909119 -0.590627 -0.865357 0.004360 -1.942158 1.336421  
 12 13 18  12.198256 0.609068 0.867830 -0.004360 -1.218923 0.848842 -12.198256 -0.609068 -0.867830 0.004360 -1.955252 1.378885  
 13 5 6  0.000000 -1.316553 0.000000 -0.027037 -0.000000 -4.017182 0.000000 1.316553 -0.000000 0.027037 -0.000000 -4.008524  
 14 6 7  0.000000 -0.960971 -0.000000 0.030457 0.000000 -2.931685 0.000000 0.960971 0.000000 -0.030457 0.000000 -2.926394  
 15 7 8  0.000000 -1.316302 -0.000000 -0.035555 0.000000 -4.007761 0.000000 1.316302 0.000000 0.035555 0.000000 -4.016419  
 16 8 5  0.000000 -0.961221 0.000000 0.019554 -0.000000 -2.927157 0.000000 0.961221 -0.000000 -0.019554 -0.000000 -2.932448  
 17 10 11  0.000000 -1.202634 0.000000 -0.027114 -0.000000 -3.668799 0.000000 1.202634 -0.000000 0.027114 -0.000000 -3.662455  
 18 11 12  0.000000 -0.855115 -0.000000 0.029706 0.000000 -2.608339 0.000000 0.855115 0.000000 -0.029706 0.000000 -2.604443  
 19 12 13  0.000000 -1.202249 -0.000000 -0.034723 0.000000 -3.661283 0.000000 1.202249 0.000000 0.034723 0.000000 -3.667628  
 20 13 10  0.000000 -0.855499 0.000000 0.020574 -0.000000 -2.605614 0.000000 0.855499 -0.000000 -0.020574 -0.000000 -2.609510  
 21 15 16  0.000000 -0.645228 0.000000 -0.018996 -0.000000 -1.972184 0.000000 0.645228 -0.000000 0.018996 -0.000000 -1.961128  
 22 16 17  0.000000 -0.446092 0.000000 0.017629 -0.000000 -1.362397 0.000000 0.446092 -0.000000 -0.017629 -0.000000 -1.356983  
 23 17 18  0.000000 -0.644788 -0.000000 -0.020562 0.000000 -1.959787 0.000000 0.644788 0.000000 0.020562 0.000000 -1.970843  
 24 18 15  0.000000 -0.446533 -0.000000 0.015591 0.000000 -1.358324 0.000000 0.446533 0.000000 -0.015591 0.000000 -1.363739  
