 1 1 5  38.370200 0.719486 1.003285 -0.000418 -2.408958 1.734319 -38.370200 -0.719486 -1.003285 0.000418 -1.260657 0.897272  
 2 2 6  35.721111 0.719782 1.003637 -0.000418 -2.409818 1.734925 -35.721111 -0.719782 -1.003637 0.000418 -1.261086 0.897748  
 3 3 7  33.629832 0.718886 1.002816 -0.000418 -2.407629 1.732628 -33.629832 -0.718886 -1.002816 0.000418 -1.260270 0.896771  
 4 4 8  36.278857 0.720017 1.003820 -0.000418 -2.410166 1.735593 -36.278857 -0.720017 -1.003820 0.000418 -1.261407 0.897940  
 5 5 10  25.124450 0.451165 0.626150 -0.000016 -0.935927 0.702075 -25.124450 -0.451165 -0.626150 0.000016 -1.354280 0.948107  
 6 6 11  23.917109 0.451395 0.626315 -0.000016 -0.936339 0.702510 -23.917109 -0.451395 -0.626315 0.000016 -1.354470 0.948512  
 7 7 12  22.875563 0.451495 0.626552 -0.000016 -0.936759 0.702684 -22.875563 -0.451495 -0.626552 0.000016 -1.354919 0.948703  
 8 8 13  24.082877 0.451280 0.626378 -0.000016 -0.936336 0.702284 -24.082877 -0.451280 -0.626378 0.000016 -1.354705 0.948316  
 9 10 15  12.312324 0.174676 0.132685 -0.000010 -0.013282 0.159099 -12.312324 -0.174676 -0.132685 0.000010 -0.472026 0.479796  
 10 11 16  12.002542 0.174730 0.132660 -0.000010 -0.013170 0.159180 -12.002542 -0.174730 -0.132660 0.000010 -0.472047 0.479914  
 11 12 17  11.687682 0.174693 0.132720 -0.000010 -0.013264 0.159046 -11.687682 -0.174693 -0.132720 0.000010 -0.472171 0.479912  
 12 13 18  11.997452 0.174640 0.132746 -0.000010 -0.013383 0.158964 -11.997452 -0.174640 -0.132746 0.000010 -0.472150 0.479798  
 13 5 6  0.000000 -0.720869 -0.000000 0.000470 0.000000 -2.197178 0.000000 0.720869 0.000000 -0.000470 0.000000 -2.197242  
 14 6 7  0.000000 -0.524871 0.000000 0.000184 -0.000000 -1.599788 0.000000 0.524871 -0.000000 -0.000184 -0.000000 -1.599825  
 15 7 8  0.000000 -0.720860 0.000000 -0.000370 -0.000000 -2.197213 0.000000 0.720860 -0.000000 0.000370 -0.000000 -2.197150  
 16 8 5  0.000000 -0.524880 -0.000000 -0.000594 0.000000 -1.599854 0.000000 0.524880 0.000000 0.000594 0.000000 -1.599817  
 17 10 11  0.000000 -0.448778 -0.000000 0.000248 0.000000 -1.367831 0.000000 0.448778 0.000000 -0.000248 0.000000 -1.367917  
 18 11 12  0.000000 -0.363345 -0.000000 -0.000277 0.000000 -1.107443 0.000000 0.363345 0.000000 0.000277 0.000000 -1.107509  
 19 12 13  0.000000 -0.448774 0.000000 0.000240 -0.000000 -1.367906 0.000000 0.448774 -0.000000 -0.000240 -0.000000 -1.367820  
 20 13 10  0.000000 -0.363349 0.000000 -0.000268 -0.000000 -1.107520 0.000000 0.363349 -0.000000 0.000268 -0.000000 -1.107454  
 21 15 16  0.000000 -0.154890 -0.000000 0.000064 0.000000 -0.472093 0.000000 0.154890 0.000000 -0.000064 0.000000 -0.472114  
 22 16 17  0.000000 -0.157431 -0.000000 -0.000067 0.000000 -0.479850 0.000000 0.157431 0.000000 0.000067 0.000000 -0.479850  
 23 17 18  0.000000 -0.154886 0.000000 0.000062 -0.000000 -0.472104 0.000000 0.154886 -0.000000 -0.000062 -0.000000 -0.472083  
 24 18 15  0.000000 -0.157434 0.000000 -0.000067 -0.000000 -0.479860 0.000000 0.157434 -0.000000 0.000067 -0.000000 -0.479860  
