 1 1 5  31.902204 -3.669403 0.956198 -0.011816 -2.120404 -8.467210 -31.902204 3.669403 -0.956198 0.011816 -1.376986 -4.953999  
 2 2 6  29.647771 -3.605259 0.954367 -0.011816 -2.118205 -8.321226 -29.647771 3.605259 -0.954367 0.011816 -1.372486 -4.865368  
 3 3 7  40.094865 -3.795563 1.019288 -0.011816 -2.257932 -8.858910 -40.094865 3.795563 -1.019288 0.011816 -1.470215 -5.023740  
 4 4 8  42.355160 -3.844789 1.020157 -0.011816 -2.259082 -8.977126 -42.355160 3.844789 -1.020157 0.011816 -1.472243 -5.085574  
 5 5 10  22.109973 -2.442582 0.416200 -0.001885 -0.571158 -3.810025 -22.109973 2.442582 -0.416200 0.001885 -0.951134 -5.123961  
 6 6 11  21.174373 -2.416163 0.415565 -0.001885 -0.570055 -3.769926 -21.174373 2.416163 -0.415565 0.001885 -0.949917 -5.067431  
 7 7 12  25.887837 -2.433163 0.440399 -0.001885 -0.608182 -3.711875 -25.887837 2.433163 -0.440399 0.001885 -1.002621 -5.187662  
 8 8 13  26.827818 -2.451900 0.438997 -0.001885 -0.602789 -3.736216 -26.827818 2.451900 -0.438997 0.001885 -1.002888 -5.231854  
 9 10 15  11.513847 -0.568755 0.121826 -0.001234 -0.070774 -0.216014 -11.513847 0.568755 -0.121826 0.001234 -0.374817 -1.864264  
 10 11 16  11.265573 -0.565783 0.122071 -0.001234 -0.071406 -0.213501 -11.265573 0.565783 -0.122071 0.001234 -0.375080 -1.855905  
 11 12 17  12.485058 -0.543632 0.125533 -0.001234 -0.074200 -0.131729 -12.485058 0.543632 -0.125533 0.001234 -0.384949 -1.856661  
 12 13 18  12.735523 -0.546164 0.125489 -0.001234 -0.073674 -0.133819 -12.735523 0.546164 -0.125489 0.001234 -0.385313 -1.863830  
 13 5 6  0.000000 -0.659601 0.000000 0.063801 -0.000000 -2.011024 0.000000 0.659601 -0.000000 -0.063801 -0.000000 -2.009905  
 14 6 7  0.000000 2.867000 0.000000 -0.067364 -0.000000 8.699095 0.000000 -2.867000 -0.000000 0.067364 -0.000000 8.778138  
 15 7 8  0.000000 -0.659971 -0.000000 0.042523 0.000000 -2.011034 0.000000 0.659971 0.000000 -0.042523 0.000000 -2.012152  
 16 8 5  0.000000 2.867370 -0.000000 -0.062880 0.000000 8.779267 0.000000 -2.867370 0.000000 0.062880 0.000000 8.700224  
 17 10 11  0.000000 -0.343937 0.000000 0.028687 -0.000000 -1.048401 0.000000 0.343937 -0.000000 -0.028687 -0.000000 -1.048238  
 18 11 12  0.000000 1.747263 0.000000 -0.026915 -0.000000 5.309619 0.000000 -1.747263 -0.000000 0.026915 -0.000000 5.341698  
 19 12 13  0.000000 -0.344484 -0.000000 0.022307 0.000000 -1.049906 0.000000 0.344484 0.000000 -0.022307 0.000000 -1.050069  
 20 13 10  0.000000 1.747811 -0.000000 -0.026492 0.000000 5.343366 0.000000 -1.747811 0.000000 0.026492 0.000000 5.311287  
 21 15 16  0.000000 -0.124411 0.000000 0.003345 -0.000000 -0.379230 0.000000 0.124411 -0.000000 -0.003345 -0.000000 -0.379179  
 22 16 17  0.000000 0.610016 -0.000000 -0.004100 0.000000 1.859250 0.000000 -0.610016 0.000000 0.004100 0.000000 1.859410  
 23 17 18  0.000000 -0.124959 -0.000000 0.002749 0.000000 -0.380849 0.000000 0.124959 0.000000 -0.002749 0.000000 -0.380900  
 24 18 15  0.000000 0.610564 0.000000 -0.004413 -0.000000 1.861080 0.000000 -0.610564 -0.000000 0.004413 -0.000000 1.860919  
