 1 1 5  37.110384 4.925972 -3.848126 0.059965 8.472608 10.997929 -37.110384 -4.925972 3.848126 -0.059965 5.602297 7.019305  
 2 2 6  46.828948 5.236424 -3.985830 0.059965 8.827035 11.642813 -46.828948 -5.236424 3.985830 -0.059965 5.751536 7.509932  
 3 3 7  34.844920 4.984348 -3.687708 0.059965 8.221965 10.989090 -34.844920 -4.984348 3.687708 -0.059965 5.266195 7.241660  
 4 4 8  25.215748 4.577776 -3.507917 0.059965 7.762851 10.124711 -25.215748 -4.577776 3.507917 -0.059965 5.067708 6.618962  
 5 5 10  24.314063 2.357968 -1.902248 0.003982 2.880303 3.312783 -24.314063 -2.357968 1.902248 -0.003982 4.077361 5.311722  
 6 6 11  28.678253 2.465279 -1.879378 0.003982 2.766424 3.481185 -28.678253 -2.465279 1.879378 -0.003982 4.107587 5.535819  
 7 7 12  23.654589 2.512942 -1.768796 0.003982 2.577692 3.699452 -23.654589 -2.512942 1.768796 -0.003982 3.891856 5.491886  
 8 8 13  19.353095 2.373934 -1.771736 0.003982 2.646743 3.465729 -19.353095 -2.373934 1.771736 -0.003982 3.833557 5.217173  
 9 10 15  12.002899 0.593033 -0.729942 0.000370 0.755022 0.263140 -12.002899 -0.593033 0.729942 -0.000370 1.914813 1.905940  
 10 11 16  13.260915 0.608009 -0.721638 0.000370 0.719396 0.270919 -13.260915 -0.608009 0.721638 -0.000370 1.920066 1.952936  
 11 12 17  11.981434 0.621526 -0.707037 0.000370 0.711162 0.324240 -11.981434 -0.621526 0.707037 -0.000370 1.874896 1.949052  
 12 13 18  10.754752 0.604313 -0.712840 0.000370 0.743700 0.314055 -10.754752 -0.604313 0.712840 -0.000370 1.863585 1.896280  
 13 5 6  0.000000 2.673850 0.000000 0.319343 -0.000000 8.108696 0.000000 -2.673850 -0.000000 -0.319343 -0.000000 8.191095  
 14 6 7  0.000000 -3.476845 0.000000 -0.326865 -0.000000 -10.671773 0.000000 3.476845 -0.000000 0.326865 -0.000000 -10.523073  
 15 7 8  0.000000 2.667176 -0.000000 0.418039 0.000000 8.170753 0.000000 -2.667176 0.000000 -0.418039 0.000000 8.088354  
 16 8 5  0.000000 -3.470171 -0.000000 -0.373903 0.000000 -10.502730 0.000000 3.470171 0.000000 0.373903 0.000000 -10.651431  
 17 10 11  0.000000 1.549166 0.000000 0.103989 -0.000000 4.716769 0.000000 -1.549166 -0.000000 -0.103989 -0.000000 4.726950  
 18 11 12  0.000000 -1.868172 0.000000 -0.100034 -0.000000 -5.702748 0.000000 1.868172 -0.000000 0.100034 -0.000000 -5.685626  
 19 12 13  0.000000 1.541326 -0.000000 0.130501 0.000000 4.703052 0.000000 -1.541326 0.000000 -0.130501 0.000000 4.692871  
 20 13 10  0.000000 -1.860331 -0.000000 -0.115614 0.000000 -5.661728 0.000000 1.860331 0.000000 0.115614 0.000000 -5.678850  
 21 15 16  0.000000 0.625091 -0.000000 0.011560 0.000000 1.901137 0.000000 -0.625091 0.000000 -0.011560 0.000000 1.909420  
 22 16 17  0.000000 -0.635824 0.000000 -0.010646 -0.000000 -1.941376 0.000000 0.635824 -0.000000 0.010646 -0.000000 -1.934604  
 23 17 18  0.000000 0.617258 0.000000 0.014447 -0.000000 1.885543 0.000000 -0.617258 -0.000000 -0.014447 -0.000000 1.877261  
 24 18 15  0.000000 -0.627990 -0.000000 -0.013676 0.000000 -1.910728 0.000000 0.627990 0.000000 0.013676 0.000000 -1.917499  
