 1 1 5  31.102922 -2.761266 0.863506 0.018806 -2.206824 -7.111896 -31.102922 2.761266 -0.863506 -0.018806 -0.951537 -2.987712  
 2 2 6  24.038218 -2.617153 0.861941 0.018806 -2.177690 -6.719542 -24.038218 2.617153 -0.861941 -0.018806 -0.974945 -2.852958  
 3 3 7  40.868902 -2.749133 0.963923 0.018806 -2.441507 -7.372918 -40.868902 2.749133 -0.963923 -0.018806 -1.084137 -2.682311  
 4 4 8  47.989958 -2.809991 0.941818 0.018806 -2.415699 -7.560277 -47.989958 2.809991 -0.941818 -0.018806 -1.029096 -2.717545  
 5 5 10  21.267454 -3.798238 1.051932 0.148489 -2.184237 -7.089939 -21.267454 3.798238 -1.051932 -0.148489 -1.663309 -6.802496  
 6 6 11  16.355704 -3.558419 1.038086 0.148489 -2.135644 -6.651425 -16.355704 3.558419 -1.038086 -0.148489 -1.661259 -6.363849  
 7 7 12  26.709675 -3.791358 1.161052 0.148489 -2.377570 -7.084518 -26.709675 3.791358 -1.161052 -0.148489 -1.869094 -6.782752  
 8 8 13  31.667166 -3.989022 1.171580 0.148489 -2.419582 -7.447973 -31.667166 3.989022 -1.171580 -0.148489 -1.865590 -7.142274  
 9 10 15  11.244708 -2.541800 1.522605 -0.017970 -2.580914 -3.856375 -11.244708 2.541800 -1.522605 0.017970 -2.988168 -5.440512  
 10 11 16  9.239107 -2.425369 1.505141 -0.017970 -2.549908 -3.696838 -9.239107 2.425369 -1.505141 0.017970 -2.955297 -5.174193  
 11 12 17  12.742010 -2.410930 1.627594 -0.017970 -2.780265 -3.520190 -12.742010 2.410930 -1.627594 0.017970 -3.172824 -5.298030  
 12 13 18  14.774174 -2.509766 1.639003 -0.017970 -2.804002 -3.657794 -14.774174 2.509766 -1.639003 0.017970 -3.190816 -5.521925  
 13 5 6  0.000000 -1.077803 -0.000000 0.282591 0.000000 -3.288183 0.000000 1.077803 0.000000 -0.282591 0.000000 -3.282105  
 14 6 7  0.000000 3.239683 0.000000 -0.171516 -0.000000 9.786975 0.000000 -3.239683 -0.000000 0.171516 -0.000000 9.962131  
 15 7 8  0.000000 -1.080456 0.000000 0.195301 -0.000000 -3.290191 0.000000 1.080456 -0.000000 -0.195301 -0.000000 -3.296269  
 16 8 5  0.000000 3.242335 -0.000000 -0.152409 0.000000 9.970216 0.000000 -3.242335 0.000000 0.152409 0.000000 9.795060  
 17 10 11  0.000000 -1.455472 0.000000 0.291785 -0.000000 -4.449601 0.000000 1.455472 -0.000000 -0.291785 -0.000000 -4.422956  
 18 11 12  0.000000 3.427931 0.000000 -0.211789 -0.000000 10.352472 0.000000 -3.427931 -0.000000 0.211789 -0.000000 10.544198  
 19 12 13  0.000000 -1.460267 -0.000000 0.241256 0.000000 -4.437570 0.000000 1.460267 0.000000 -0.241256 0.000000 -4.464215  
 20 13 10  0.000000 3.432726 -0.000000 -0.205378 0.000000 10.558812 0.000000 -3.432726 0.000000 0.205378 0.000000 10.367087  
 21 15 16  0.000000 -1.006121 -0.000000 0.123039 0.000000 -3.079372 0.000000 1.006121 0.000000 -0.123039 0.000000 -3.053940  
 22 16 17  0.000000 1.754772 0.000000 -0.098643 -0.000000 5.297232 0.000000 -1.754772 -0.000000 0.098643 -0.000000 5.399857  
 23 17 18  0.000000 -1.012761 0.000000 0.101827 -0.000000 -3.074181 0.000000 1.012761 -0.000000 -0.101827 -0.000000 -3.099612  
 24 18 15  0.000000 1.761412 -0.000000 -0.091204 0.000000 5.420097 0.000000 -1.761412 0.000000 0.091204 0.000000 5.317473  
