 1 1 5  35.047264 1.932691 -2.612139 0.016588 6.013942 4.394226 -35.047264 -1.932691 2.612139 -0.016588 3.540217 2.674785  
 2 2 6  41.422458 1.999893 -2.664893 0.016588 6.166577 4.551029 -41.422458 -1.999893 2.664893 -0.016588 3.580534 2.763778  
 3 3 7  36.950165 1.973553 -2.611477 0.016588 6.038449 4.475814 -36.950165 -1.973553 2.611477 -0.016588 3.513290 2.742653  
 4 4 8  30.580113 1.898443 -2.545014 0.016588 5.856330 4.303222 -30.580113 -1.898443 2.545014 -0.016588 3.452312 2.640524  
 5 5 10  23.590247 1.025394 -1.590367 0.008680 2.317277 1.426823 -23.590247 -1.025394 1.590367 -0.008680 3.499651 2.323656  
 6 6 11  26.151836 1.049455 -1.586820 0.008680 2.284704 1.458155 -26.151836 -1.049455 1.586820 -0.008680 3.519250 2.380330  
 7 7 12  24.407869 1.052297 -1.569273 0.008680 2.263398 1.477075 -24.407869 -1.052297 1.569273 -0.008680 3.476374 2.371808  
 8 8 13  21.850049 1.026592 -1.569542 0.008680 2.291818 1.443893 -21.850049 -1.026592 1.569542 -0.008680 3.448937 2.310969  
 9 10 15  11.919040 0.083244 -0.115869 0.000247 -0.373326 -0.246197 -11.919040 -0.083244 0.115869 -0.000247 0.797129 0.550669  
 10 11 16  12.442446 0.082776 -0.110440 0.000247 -0.390148 -0.246804 -12.442446 -0.082776 0.110440 -0.000247 0.794094 0.549567  
 11 12 17  12.080025 0.085355 -0.111082 0.000247 -0.389254 -0.239094 -12.080025 -0.085355 0.111082 -0.000247 0.795546 0.551288  
 12 13 18  11.558489 0.085724 -0.116389 0.000247 -0.372512 -0.238548 -11.558489 -0.085724 0.116389 -0.000247 0.798215 0.552092  
 13 5 6  0.000000 1.906631 0.000000 0.059639 -0.000000 5.801336 0.000000 -1.906631 -0.000000 -0.059639 -0.000000 5.821486  
 14 6 7  0.000000 -1.363991 0.000000 -0.043752 -0.000000 -4.162294 0.000000 1.363991 -0.000000 0.043752 -0.000000 -4.152596  
 15 7 8  0.000000 1.906288 -0.000000 0.067132 0.000000 5.820440 0.000000 -1.906288 0.000000 -0.067132 0.000000 5.800289  
 16 8 5  0.000000 -1.363648 -0.000000 -0.056159 0.000000 -4.151549 0.000000 1.363648 0.000000 0.056159 0.000000 -4.161248  
 17 10 11  0.000000 1.018854 0.000000 0.027310 -0.000000 3.102099 0.000000 -1.018854 -0.000000 -0.027310 -0.000000 3.108834  
 18 11 12  0.000000 -0.690536 0.000000 -0.020267 -0.000000 -2.106217 0.000000 0.690536 -0.000000 0.020267 -0.000000 -2.103291  
 19 12 13  0.000000 1.018379 -0.000000 0.029423 0.000000 3.107387 0.000000 -1.018379 0.000000 -0.029423 0.000000 3.100652  
 20 13 10  0.000000 -0.690061 -0.000000 -0.024226 0.000000 -2.101844 0.000000 0.690061 0.000000 0.024226 0.000000 -2.104770  
 21 15 16  0.000000 0.261469 -0.000000 -0.001264 0.000000 0.798384 0.000000 -0.261469 0.000000 0.001264 0.000000 0.795532  
 22 16 17  0.000000 -0.180976 0.000000 0.001438 -0.000000 -0.550830 0.000000 0.180976 -0.000000 -0.001438 -0.000000 -0.552402  
 23 17 18  0.000000 0.261002 0.000000 -0.001114 -0.000000 0.794108 0.000000 -0.261002 -0.000000 0.001114 -0.000000 0.796960  
 24 18 15  0.000000 -0.180509 -0.000000 0.001255 0.000000 -0.550977 0.000000 0.180509 0.000000 -0.001255 0.000000 -0.549406  
