 1 1 5  29.333272 -3.976780 0.633332 0.086841 -1.847292 -9.494029 -29.333272 3.976780 -0.633332 -0.086841 -0.469182 -5.051442  
 2 2 6  24.495027 -3.821227 0.656880 0.086841 -1.879286 -9.107949 -24.495027 3.821227 -0.656880 -0.086841 -0.523320 -4.868572  
 3 3 7  42.642645 -4.127485 0.721535 0.086841 -2.092429 -10.198438 -42.642645 4.127485 -0.721535 -0.086841 -0.546658 -4.898250  
 4 4 8  47.529057 -4.212472 0.695252 0.086841 -2.035223 -10.410296 -47.529057 4.212472 -0.695252 -0.086841 -0.507729 -4.997242  
 5 5 10  20.065314 -4.020673 1.776502 -0.142568 -3.135126 -7.138079 -20.065314 4.020673 -1.776502 0.142568 -3.362607 -7.567937  
 6 6 11  17.715323 -3.912001 1.754808 -0.142568 -3.088269 -6.937313 -17.715323 3.912001 -1.754808 0.142568 -3.330116 -7.371223  
 7 7 12  27.917258 -4.080261 1.948617 -0.142568 -3.444759 -7.208664 -27.917258 4.080261 -1.948617 0.142568 -3.682502 -7.715299  
 8 8 13  30.302105 -4.172685 1.970886 -0.142568 -3.493925 -7.377896 -30.302105 4.172685 -1.970886 0.142568 -3.714787 -7.884115  
 9 10 15  10.541489 -2.187208 0.027175 0.046256 0.395326 -3.082615 -10.541489 2.187208 -0.027175 -0.046256 -0.494720 -4.917315  
 10 11 16  10.214281 -2.169527 0.034056 0.046256 0.372985 -3.056086 -10.214281 2.169527 -0.034056 -0.046256 -0.497550 -4.879177  
 11 12 17  13.449634 -2.156093 0.019996 0.046256 0.456708 -2.911594 -13.449634 2.156093 -0.019996 -0.046256 -0.529846 -4.974531  
 12 13 18  13.794597 -2.170096 0.012214 0.046256 0.481986 -2.931536 -13.794597 2.170096 -0.012214 -0.046256 -0.526661 -5.005806  
 13 5 6  0.000000 -1.245791 0.000000 0.186746 -0.000000 -3.797909 0.000000 1.245791 -0.000000 -0.186746 -0.000000 -3.796431  
 14 6 7  0.000000 3.974505 0.000000 -0.184842 -0.000000 11.992631 0.000000 -3.974505 -0.000000 0.184842 -0.000000 12.235953  
 15 7 8  0.000000 -1.249119 -0.000000 0.129040 0.000000 -3.806575 0.000000 1.249119 0.000000 -0.129040 0.000000 -3.808053  
 16 8 5  0.000000 3.977833 -0.000000 -0.193601 0.000000 12.246097 0.000000 -3.977833 0.000000 0.193601 0.000000 12.002775  
 17 10 11  0.000000 -1.013529 -0.000000 0.105106 0.000000 -3.093526 0.000000 1.013529 0.000000 -0.105106 0.000000 -3.084948  
 18 11 12  0.000000 3.485429 -0.000000 -0.127816 0.000000 10.532415 0.000000 -3.485429 0.000000 0.127816 0.000000 10.714757  
 19 12 13  0.000000 -1.017804 0.000000 0.087864 -0.000000 -3.097978 0.000000 1.017804 -0.000000 -0.087864 -0.000000 -3.106557  
 20 13 10  0.000000 3.489704 0.000000 -0.126245 -0.000000 10.727788 0.000000 -3.489704 -0.000000 0.126245 -0.000000 10.545445  
 21 15 16  0.000000 -0.165823 -0.000000 0.012305 0.000000 -0.503926 0.000000 0.165823 0.000000 -0.012305 0.000000 -0.506933  
 22 16 17  0.000000 1.619896 0.000000 -0.009383 -0.000000 4.891482 0.000000 -1.619896 -0.000000 0.009383 -0.000000 4.983404  
 23 17 18  0.000000 -0.170262 0.000000 0.008873 -0.000000 -0.520462 0.000000 0.170262 -0.000000 -0.008873 -0.000000 -0.517455  
 24 18 15  0.000000 1.624335 -0.000000 -0.009206 0.000000 4.996933 0.000000 -1.624335 0.000000 0.009206 0.000000 4.905011  
