 1 1 5  36.520468 0.287469 0.083970 -0.000038 -0.211510 0.680917 -36.520468 -0.287469 -0.083970 0.000038 -0.095617 0.370531  
 2 2 6  36.218682 0.287477 0.084056 -0.000038 -0.211824 0.680927 -36.218682 -0.287477 -0.084056 0.000038 -0.095620 0.370550  
 3 3 7  35.479531 0.287694 0.084116 -0.000038 -0.211929 0.681536 -35.479531 -0.287694 -0.084116 0.000038 -0.095734 0.370734  
 4 4 8  35.781319 0.287681 0.083980 -0.000038 -0.211522 0.681523 -35.781319 -0.287681 -0.083980 0.000038 -0.095642 0.370701  
 5 5 10  24.253207 0.151553 0.075795 -0.000018 -0.125774 0.222619 -24.253207 -0.151553 -0.075795 0.000018 -0.151453 0.331703  
 6 6 11  24.096710 0.151539 0.075801 -0.000018 -0.125779 0.222598 -24.096710 -0.151539 -0.075801 0.000018 -0.151472 0.331669  
 7 7 12  23.746792 0.151528 0.075803 -0.000018 -0.125763 0.222505 -23.746792 -0.151528 -0.075803 0.000018 -0.151494 0.331725  
 8 8 13  23.903291 0.151543 0.075788 -0.000018 -0.125753 0.222532 -23.903291 -0.151543 -0.075788 0.000018 -0.151448 0.331752  
 9 10 15  12.074161 0.055115 0.023798 -0.000008 -0.017907 0.044678 -12.074161 -0.055115 -0.023798 0.000008 -0.069137 0.156909  
 10 11 16  12.028795 0.055108 0.023795 -0.000008 -0.017890 0.044667 -12.028795 -0.055108 -0.023795 0.000008 -0.069143 0.156897  
 11 12 17  11.925839 0.055100 0.023794 -0.000008 -0.017888 0.044633 -11.925839 -0.055100 -0.023794 0.000008 -0.069142 0.156901  
 12 13 18  11.971205 0.055107 0.023796 -0.000008 -0.017905 0.044645 -11.971205 -0.055107 -0.023796 0.000008 -0.069133 0.156914  
 13 5 6  0.000000 -0.072644 -0.000000 -0.000002 0.000000 -0.221392 0.000000 0.072644 0.000000 0.000002 0.000000 -0.221447  
 14 6 7  0.000000 -0.194617 -0.000000 -0.000048 0.000000 -0.593150 0.000000 0.194617 0.000000 0.000048 0.000000 -0.593236  
 15 7 8  0.000000 -0.072645 0.000000 0.000003 -0.000000 -0.221448 0.000000 0.072645 -0.000000 -0.000003 -0.000000 -0.221393  
 16 8 5  0.000000 -0.194617 0.000000 -0.000001 -0.000000 -0.593235 0.000000 0.194617 -0.000000 0.000001 -0.000000 -0.593149  
 17 10 11  0.000000 -0.055566 -0.000000 -0.000022 0.000000 -0.169356 0.000000 0.055566 0.000000 0.000022 0.000000 -0.169372  
 18 11 12  0.000000 -0.123480 0.000000 -0.000010 -0.000000 -0.376359 0.000000 0.123480 -0.000000 0.000010 -0.000000 -0.376377  
 19 12 13  0.000000 -0.055566 0.000000 -0.000020 -0.000000 -0.169372 0.000000 0.055566 -0.000000 0.000020 -0.000000 -0.169356  
 20 13 10  0.000000 -0.123480 -0.000000 0.000004 0.000000 -0.376377 0.000000 0.123480 0.000000 -0.000004 0.000000 -0.376358  
 21 15 16  0.000000 -0.022683 -0.000000 -0.000006 0.000000 -0.069135 0.000000 0.022683 0.000000 0.000006 0.000000 -0.069142  
 22 16 17  0.000000 -0.051478 -0.000000 0.000001 0.000000 -0.156903 0.000000 0.051478 0.000000 -0.000001 0.000000 -0.156908  
 23 17 18  0.000000 -0.022683 0.000000 -0.000006 -0.000000 -0.069143 0.000000 0.022683 -0.000000 0.000006 -0.000000 -0.069135  
 24 18 15  0.000000 -0.051478 0.000000 0.000002 -0.000000 -0.156907 0.000000 0.051478 -0.000000 -0.000002 -0.000000 -0.156903  
