 1 1 5  43.465059 0.773989 3.902205 -0.053178 -9.326974 1.713816 -43.465059 -0.773989 -3.902205 0.053178 -4.945729 1.117128  
 2 2 6  29.716162 0.708878 3.694856 -0.053178 -8.652389 1.573069 -29.716162 -0.708878 -3.694856 0.053178 -4.861918 1.019722  
 3 3 7  28.537241 0.704643 3.659419 -0.053178 -8.567652 1.560811 -28.537241 -0.704643 -3.659419 0.053178 -4.817038 1.016493  
 4 4 8  42.281538 0.770352 3.876611 -0.053178 -9.265175 1.705342 -42.281538 -0.770352 -3.876611 0.053178 -4.913918 1.112299  
 5 5 10  27.803570 0.413999 2.818165 -0.057510 -4.754930 0.515527 -27.803570 -0.413999 -2.818165 0.057510 -5.552791 0.998716  
 6 6 11  20.360274 0.370997 2.752333 -0.057510 -4.702014 0.449575 -20.360274 -0.370997 -2.752333 0.057510 -5.364919 0.907383  
 7 7 12  20.197992 0.372021 2.745746 -0.057510 -4.690245 0.452466 -20.197992 -0.372021 -2.745746 0.057510 -5.352595 0.908237  
 8 8 13  27.638164 0.415117 2.814127 -0.057510 -4.748650 0.518719 -27.638164 -0.415117 -2.814127 0.057510 -5.544301 0.999614  
 9 10 15  13.149639 -0.201484 1.599342 0.020597 -2.132363 -0.532065 -13.149639 0.201484 -1.599342 -0.020597 -3.717389 -0.204882  
 10 11 16  10.720509 -0.183075 1.615231 0.020597 -2.233958 -0.478661 -10.720509 0.183075 -1.615231 -0.020597 -3.673910 -0.190955  
 11 12 17  10.851059 -0.183467 1.620802 0.020597 -2.242024 -0.480309 -10.851059 0.183467 -1.620802 -0.020597 -3.686222 -0.190740  
 12 13 18  13.278793 -0.201647 1.603329 0.020597 -2.138136 -0.532547 -13.278793 0.201647 -1.603329 -0.020597 -3.726201 -0.204997  
 13 5 6  0.000000 -3.152616 0.000000 -0.081117 -0.000000 -9.682176 0.000000 3.152616 -0.000000 0.081117 -0.000000 -9.536169  
 14 6 7  0.000000 -0.508504 0.000000 0.027763 -0.000000 -1.550414 0.000000 0.508504 -0.000000 -0.027763 -0.000000 -1.549426  
 15 7 8  0.000000 -3.152247 -0.000000 -0.080468 0.000000 -9.535045 0.000000 3.152247 0.000000 0.080468 0.000000 -9.681051  
 16 8 5  0.000000 -0.508873 -0.000000 0.018484 0.000000 -1.550550 0.000000 0.508873 0.000000 -0.018484 0.000000 -1.551538  
 17 10 11  0.000000 -2.506867 0.000000 -0.018306 -0.000000 -7.684454 0.000000 2.506867 -0.000000 0.018306 -0.000000 -7.597407  
 18 11 12  0.000000 -0.146632 -0.000000 0.001471 0.000000 -0.447028 0.000000 0.146632 0.000000 -0.001471 0.000000 -0.446839  
 19 12 13  0.000000 -2.506435 -0.000000 -0.018911 0.000000 -7.596089 0.000000 2.506435 0.000000 0.018911 0.000000 -7.683137  
 20 13 10  0.000000 -0.147064 0.000000 0.000700 -0.000000 -0.448157 0.000000 0.147064 -0.000000 -0.000700 -0.000000 -0.448345  
 21 15 16  0.000000 -1.214391 0.000000 0.007495 -0.000000 -3.722327 0.000000 1.214391 -0.000000 -0.007495 -0.000000 -3.680598  
 22 16 17  0.000000 0.065100 0.000000 -0.006688 -0.000000 0.198450 0.000000 -0.065100 -0.000000 0.006688 -0.000000 0.198400  
 23 17 18  0.000000 -1.214042 -0.000000 0.007660 0.000000 -3.679534 0.000000 1.214042 0.000000 -0.007660 0.000000 -3.721263  
 24 18 15  0.000000 0.064751 -0.000000 -0.004938 0.000000 0.197336 0.000000 -0.064751 0.000000 0.004938 0.000000 0.197387  
