 1 1 5  41.238876 1.550296 1.400842 -0.007916 -3.470072 3.736348 -41.238876 -1.550296 -1.400842 0.007916 -1.653647 1.934013  
 2 2 6  35.684447 1.522606 1.383557 -0.007916 -3.410991 3.662441 -35.684447 -1.522606 -1.383557 0.007916 -1.649507 1.906644  
 3 3 7  30.763018 1.497167 1.351932 -0.007916 -3.325364 3.582454 -30.763018 -1.497167 -1.351932 0.007916 -1.619464 1.893585  
 4 4 8  36.313659 1.534072 1.378262 -0.007916 -3.409637 3.682195 -36.313659 -1.534072 -1.378262 0.007916 -1.631494 1.928825  
 5 5 10  26.908481 1.008916 1.099784 -0.004438 -1.928059 1.637035 -26.908481 -1.008916 -1.099784 0.004438 -2.094512 2.053175  
 6 6 11  23.689715 0.995977 1.100641 -0.004438 -1.933893 1.615398 -23.689715 -0.995977 -1.100641 0.004438 -2.091812 2.027489  
 7 7 12  21.092946 0.992101 1.084934 -0.004438 -1.907891 1.614065 -21.092946 -0.992101 -1.084934 0.004438 -2.060362 2.014642  
 8 8 13  24.308858 1.010572 1.089907 -0.004438 -1.911403 1.644401 -24.308858 -1.010572 -1.089907 0.004438 -2.075041 2.051867  
 9 10 15  12.987196 0.531955 0.777307 -0.003032 -1.096244 0.651140 -12.987196 -0.531955 -0.777307 0.003032 -1.746833 1.294539  
 10 11 16  11.850934 0.519574 0.777258 -0.003032 -1.102210 0.635801 -11.850934 -0.519574 -0.777258 0.003032 -1.740690 1.264594  
 11 12 17  11.013558 0.518825 0.765389 -0.003032 -1.087007 0.638974 -11.013558 -0.518825 -0.765389 0.003032 -1.712482 1.258681  
 12 13 18  12.148312 0.532510 0.767089 -0.003032 -1.083653 0.656279 -12.148312 -0.532510 -0.767089 0.003032 -1.722052 1.291429  
 13 5 6  0.000000 -1.167715 -0.000000 -0.024147 0.000000 -3.562657 0.000000 1.167715 0.000000 0.024147 0.000000 -3.555733  
 14 6 7  0.000000 -1.162446 -0.000000 0.027667 0.000000 -3.546190 0.000000 1.162446 0.000000 -0.027667 0.000000 -3.540082  
 15 7 8  0.000000 -1.167481 0.000000 -0.032433 -0.000000 -3.555022 0.000000 1.167481 -0.000000 0.032433 -0.000000 -3.561945  
 16 8 5  0.000000 -1.162680 0.000000 0.019048 -0.000000 -3.540794 0.000000 1.162680 -0.000000 -0.019048 -0.000000 -3.546901  
 17 10 11  0.000000 -1.041084 0.000000 -0.020000 -0.000000 -3.175238 0.000000 1.041084 -0.000000 0.020000 -0.000000 -3.171208  
 18 11 12  0.000000 -0.879865 0.000000 0.022814 -0.000000 -2.683289 0.000000 0.879865 -0.000000 -0.022814 -0.000000 -2.680368  
 19 12 13  0.000000 -1.040747 -0.000000 -0.026752 0.000000 -3.170183 0.000000 1.040747 0.000000 0.026752 0.000000 -3.174212  
 20 13 10  0.000000 -0.880201 -0.000000 0.015519 0.000000 -2.681393 0.000000 0.880201 0.000000 -0.015519 0.000000 -2.684315  
 21 15 16  0.000000 -0.567943 -0.000000 -0.014398 0.000000 -1.735017 0.000000 0.567943 0.000000 0.014398 0.000000 -1.727161  
 22 16 17  0.000000 -0.418877 -0.000000 0.013530 0.000000 -1.278992 0.000000 0.418877 0.000000 -0.013530 0.000000 -1.274480  
 23 17 18  0.000000 -0.567566 0.000000 -0.015800 -0.000000 -1.726012 0.000000 0.567566 -0.000000 0.015800 -0.000000 -1.733868  
 24 18 15  0.000000 -0.419254 0.000000 0.011816 -0.000000 -1.275629 0.000000 0.419254 -0.000000 -0.011816 -0.000000 -1.280141  
