 1 1 5  40.624693 1.929032 0.919855 -0.023400 -2.415665 4.466284 -40.624693 -1.929032 -0.919855 0.023400 -0.948798 2.589342  
 2 2 6  35.255068 1.901219 0.904699 -0.023400 -2.366836 4.392615 -35.255068 -1.901219 -0.904699 0.023400 -0.942190 2.561282  
 3 3 7  31.376622 1.878473 0.884644 -0.023400 -2.312474 4.324387 -31.376622 -1.878473 -0.884644 0.023400 -0.923199 2.546316  
 4 4 8  36.743617 1.915313 0.905966 -0.023400 -2.378544 4.423114 -36.743617 -1.915313 -0.905966 0.023400 -0.935117 2.582334  
 5 5 10  26.472661 0.879315 0.989547 -0.010873 -1.924651 1.130164 -26.472661 -0.879315 -0.989547 0.010873 -1.694717 2.086020  
 6 6 11  22.981753 0.869505 0.992193 -0.010873 -1.932247 1.115696 -22.981753 -0.869505 -0.992193 0.010873 -1.696798 2.064604  
 7 7 12  21.528271 0.869438 0.986710 -0.010873 -1.923080 1.120147 -21.528271 -0.869438 -0.986710 0.010873 -1.685910 2.059910  
 8 8 13  25.017315 0.881975 0.986950 -0.010873 -1.921041 1.139631 -25.017315 -0.881975 -0.986950 0.010873 -1.688829 2.086282  
 9 10 15  12.814766 0.040577 0.996117 0.001017 -1.557517 -0.266889 -12.814766 -0.040577 -0.996117 -0.001017 -2.085880 0.415305  
 10 11 16  11.452969 0.036845 0.991648 0.001017 -1.553760 -0.266402 -11.452969 -0.036845 -0.991648 -0.001017 -2.073291 0.401164  
 11 12 17  11.185715 0.037237 0.986793 0.001017 -1.546818 -0.264613 -11.185715 -0.037237 -0.986793 -0.001017 -2.062478 0.400812  
 12 13 18  12.546551 0.040988 0.992153 0.001017 -1.551959 -0.264908 -12.546551 -0.040988 -0.992153 -0.001017 -2.076939 0.414826  
 13 5 6  0.000000 -0.939263 0.000000 -0.020972 -0.000000 -2.865095 0.000000 0.939263 -0.000000 0.020972 -0.000000 -2.860649  
 14 6 7  0.000000 -1.212578 0.000000 0.013788 -0.000000 -3.697950 0.000000 1.212578 -0.000000 -0.013788 -0.000000 -3.693922  
 15 7 8  0.000000 -0.939071 -0.000000 -0.027459 0.000000 -2.860067 0.000000 0.939071 0.000000 0.027459 0.000000 -2.864513  
 16 8 5  0.000000 -1.212769 -0.000000 0.008354 0.000000 -3.694505 0.000000 1.212769 0.000000 -0.008354 0.000000 -3.698533  
 17 10 11  0.000000 -1.064443 0.000000 -0.010120 -0.000000 -3.246855 0.000000 1.064443 -0.000000 0.010120 -0.000000 -3.241987  
 18 11 12  0.000000 -0.593227 0.000000 0.008570 -0.000000 -1.808322 0.000000 0.593227 -0.000000 -0.008570 -0.000000 -1.807991  
 19 12 13  0.000000 -1.064217 -0.000000 -0.012694 0.000000 -3.241299 0.000000 1.064217 0.000000 0.012694 0.000000 -3.246166  
 20 13 10  0.000000 -0.593453 -0.000000 0.005379 0.000000 -1.808680 0.000000 0.593453 0.000000 -0.005379 0.000000 -1.809011  
 21 15 16  0.000000 -0.680778 -0.000000 -0.006704 0.000000 -2.081775 0.000000 0.680778 0.000000 0.006704 0.000000 -2.068250  
 22 16 17  0.000000 -0.133747 -0.000000 0.005041 0.000000 -0.407869 0.000000 0.133747 0.000000 -0.005041 0.000000 -0.407454  
 23 17 18  0.000000 -0.680538 0.000000 -0.006641 -0.000000 -2.067518 0.000000 0.680538 -0.000000 0.006641 -0.000000 -2.081044  
 24 18 15  0.000000 -0.133987 0.000000 0.004104 -0.000000 -0.408185 0.000000 0.133987 -0.000000 -0.004104 -0.000000 -0.408600  
