 1 1 5  33.167610 4.786002 -6.726374 -0.165137 14.979414 10.741399 -33.167610 -4.786002 6.726374 0.165137 9.622971 6.763884  
 2 2 6  56.215128 5.455116 -7.309782 -0.165137 16.680770 12.135439 -56.215128 -5.455116 7.309782 0.165137 10.055490 7.817194  
 3 3 7  38.590083 5.172399 -6.597639 -0.165137 15.123113 11.374250 -38.590083 -5.172399 6.597639 0.165137 9.008411 7.544315  
 4 4 8  16.027179 4.363814 -5.744103 -0.165137 12.827001 9.671431 -16.027179 -4.363814 5.744103 0.165137 8.182630 6.289657  
 5 5 10  22.884453 2.567490 -4.829471 -0.275009 8.161405 4.286115 -22.884453 -2.567490 4.829471 0.275009 9.502866 5.104736  
 6 6 11  34.793940 2.862895 -4.852829 -0.275009 7.994743 4.827526 -34.793940 -2.862895 4.852829 0.275009 9.754963 5.643797  
 7 7 12  24.933641 2.921152 -4.415609 -0.275009 7.208166 4.999528 -24.933641 -2.921152 4.415609 0.275009 8.942367 5.684879  
 8 8 13  13.387965 2.573161 -4.262389 -0.275009 7.295412 4.437470 -13.387965 -2.573161 4.262389 0.275009 8.294702 4.974125  
 9 10 15  11.914793 2.497607 -2.497826 0.053790 3.530389 3.938437 -11.914793 -2.497607 2.497826 -0.053790 5.605661 5.196810  
 10 11 16  15.578690 2.681365 -2.439557 0.053790 3.256743 4.264938 -15.578690 -2.681365 2.439557 -0.053790 5.666181 5.542422  
 11 12 17  11.991934 2.646124 -2.295051 0.053790 3.102016 4.214229 -11.991934 -2.646124 2.295051 -0.053790 5.292362 5.464235  
 12 13 18  8.514583 2.452668 -2.335709 0.053790 3.340769 3.878074 -8.514583 -2.452668 2.335709 -0.053790 5.202319 5.092805  
 13 5 6  0.000000 5.553915 0.000000 0.751335 -0.000000 16.677235 0.000000 -5.553915 -0.000000 -0.751335 -0.000000 17.179431  
 14 6 7  0.000000 -3.867273 0.000000 -0.870802 -0.000000 -11.893385 0.000000 3.867273 -0.000000 0.870802 -0.000000 -11.681510  
 15 7 8  0.000000 5.523714 -0.000000 0.862332 0.000000 17.087379 0.000000 -5.523714 0.000000 -0.862332 0.000000 16.585183  
 16 8 5  0.000000 -3.837072 -0.000000 -1.107141 0.000000 -11.589458 0.000000 3.837072 0.000000 1.107141 0.000000 -11.801334  
 17 10 11  0.000000 4.100637 -0.000000 0.365243 0.000000 12.401901 0.000000 -4.100637 0.000000 -0.365243 0.000000 12.595582  
 18 11 12  0.000000 -3.114613 -0.000000 -0.416124 0.000000 -9.543492 0.000000 3.114613 0.000000 0.416124 0.000000 -9.443191  
 19 12 13  0.000000 4.056321 0.000000 0.455916 -0.000000 12.460507 0.000000 -4.056321 -0.000000 -0.455916 -0.000000 12.266825  
 20 13 10  0.000000 -3.070297 0.000000 -0.631354 -0.000000 -9.308116 0.000000 3.070297 -0.000000 0.631354 -0.000000 -9.408416  
 21 15 16  0.000000 1.808630 -0.000000 0.101732 0.000000 5.475064 0.000000 -1.808630 0.000000 -0.101732 0.000000 5.550346  
 22 16 17  0.000000 -1.770060 -0.000000 -0.115836 0.000000 -5.440690 0.000000 1.770060 0.000000 0.115836 0.000000 -5.349594  
 23 17 18  0.000000 1.761994 0.000000 0.114641 -0.000000 5.408198 0.000000 -1.761994 -0.000000 -0.114641 -0.000000 5.332916  
 24 18 15  0.000000 -1.723423 0.000000 -0.130597 -0.000000 -5.207446 0.000000 1.723423 -0.000000 0.130597 -0.000000 -5.298542  
