 1 1 5  38.724513 0.367623 0.233396 -0.000053 -0.768348 1.011571 -38.724513 -0.367623 -0.233396 0.000053 -0.085319 0.333047  
 2 2 6  35.755139 0.368173 0.233670 -0.000053 -0.769500 1.012822 -35.755139 -0.368173 -0.233670 0.000053 -0.085172 0.333806  
 3 3 7  33.275443 0.368432 0.234255 -0.000053 -0.770834 1.013769 -33.275443 -0.368432 -0.234255 0.000053 -0.085976 0.333807  
 4 4 8  36.244906 0.367935 0.233926 -0.000053 -0.769592 1.012635 -36.244906 -0.367935 -0.233926 0.000053 -0.086017 0.333125  
 5 5 10  25.879066 0.484789 0.566207 -0.000020 -1.203665 0.953516 -25.879066 -0.484789 -0.566207 0.000020 -0.867295 0.819647  
 6 6 11  23.755930 0.484988 0.566810 -0.000020 -1.204119 0.953894 -23.755930 -0.484988 -0.566810 0.000020 -0.869047 0.819997  
 7 7 12  22.120910 0.485357 0.567018 -0.000020 -1.204479 0.954091 -22.120910 -0.485357 -0.567018 0.000020 -0.869448 0.821152  
 8 8 13  24.244094 0.485170 0.566412 -0.000020 -1.204047 0.953734 -24.244094 -0.485170 -0.566412 0.000020 -0.867660 0.820825  
 9 10 15  12.751352 0.460072 0.650040 -0.001644 -1.048971 0.708365 -12.751352 -0.460072 -0.650040 0.001644 -1.328615 0.974393  
 10 11 16  11.883539 0.454801 0.648946 -0.001644 -1.047147 0.700671 -11.883539 -0.454801 -0.648946 0.001644 -1.326439 0.962809  
 11 12 17  11.248656 0.453501 0.644008 -0.001644 -1.040096 0.698790 -11.248656 -0.453501 -0.644008 0.001644 -1.315426 0.959936  
 12 13 18  12.116454 0.459414 0.645953 -0.001644 -1.042974 0.707198 -12.116454 -0.459414 -0.645953 0.001644 -1.319663 0.973154  
 13 5 6  0.000000 -0.423124 -0.000000 0.000553 0.000000 -1.289508 0.000000 0.423124 0.000000 -0.000553 0.000000 -1.289857  
 14 6 7  0.000000 -0.422333 -0.000000 -0.000567 0.000000 -1.287147 0.000000 0.422333 0.000000 0.000567 0.000000 -1.287394  
 15 7 8  0.000000 -0.423135 0.000000 0.000504 -0.000000 -1.289888 0.000000 0.423135 -0.000000 -0.000504 -0.000000 -1.289540  
 16 8 5  0.000000 -0.422323 0.000000 -0.000525 -0.000000 -1.287363 0.000000 0.422323 -0.000000 0.000525 -0.000000 -1.287116  
 17 10 11  0.000000 -0.627669 0.000000 -0.003696 -0.000000 -1.913426 0.000000 0.627669 -0.000000 0.003696 -0.000000 -1.912845  
 18 11 12  0.000000 -0.500061 0.000000 0.003348 -0.000000 -1.524364 0.000000 0.500061 -0.000000 -0.003348 -0.000000 -1.524006  
 19 12 13  0.000000 -0.627685 -0.000000 -0.004064 0.000000 -1.912893 0.000000 0.627685 0.000000 0.004064 0.000000 -1.913473  
 20 13 10  0.000000 -0.500045 -0.000000 0.002839 0.000000 -1.523959 0.000000 0.500045 0.000000 -0.002839 0.000000 -1.524316  
 21 15 16  0.000000 -0.433905 -0.000000 -0.005786 0.000000 -1.324145 0.000000 0.433905 0.000000 0.005786 0.000000 -1.320938  
 22 16 17  0.000000 -0.317443 -0.000000 0.005501 0.000000 -0.968595 0.000000 0.317443 0.000000 -0.005501 0.000000 -0.966539  
 23 17 18  0.000000 -0.433901 0.000000 -0.006603 -0.000000 -1.320927 0.000000 0.433901 -0.000000 0.006603 -0.000000 -1.324134  
 24 18 15  0.000000 -0.317447 0.000000 0.004470 -0.000000 -0.966550 0.000000 0.317447 -0.000000 -0.004470 -0.000000 -0.968606  
