 1 1 5  36.036385 -0.119467 0.168685 0.000095 -0.413746 -0.310523 -36.036385 0.119467 -0.168685 -0.000095 -0.203238 -0.126439  
 2 2 6  35.619128 -0.118258 0.169857 0.000095 -0.417220 -0.307659 -35.619128 0.118258 -0.169857 -0.000095 -0.204048 -0.124882  
 3 3 7  35.963451 -0.117577 0.170986 0.000095 -0.419968 -0.305405 -35.963451 0.117577 -0.170986 -0.000095 -0.205432 -0.124646  
 4 4 8  36.381036 -0.118786 0.169848 0.000095 -0.416542 -0.308242 -36.381036 0.118786 -0.169848 -0.000095 -0.204693 -0.126229  
 5 5 10  24.017154 -0.144594 0.137650 -0.000173 -0.202707 -0.223575 -24.017154 0.144594 -0.137650 0.000173 -0.300762 -0.305293  
 6 6 11  23.867160 -0.144129 0.137632 -0.000173 -0.202394 -0.222825 -23.867160 0.144129 -0.137632 0.000173 -0.301011 -0.304342  
 7 7 12  23.982727 -0.144047 0.138213 -0.000173 -0.203330 -0.222697 -23.982727 0.144047 -0.138213 0.000173 -0.302199 -0.304168  
 8 8 13  24.132960 -0.144517 0.138232 -0.000173 -0.203666 -0.223474 -24.132960 0.144517 -0.138232 0.000173 -0.301932 -0.305113  
 9 10 15  12.008921 0.035077 -0.019905 -0.000010 0.087539 0.115998 -12.008921 -0.035077 0.019905 0.000010 -0.014735 0.012301  
 10 11 16  11.999228 0.035156 -0.019936 -0.000010 0.087694 0.116099 -11.999228 -0.035156 0.019936 0.000010 -0.014778 0.012487  
 11 12 17  11.991019 0.035146 -0.019849 -0.000010 0.087591 0.116009 -11.991019 -0.035146 0.019849 0.000010 -0.014991 0.012539  
 12 13 18  12.000832 0.035066 -0.019819 -0.000010 0.087439 0.115906 -12.000832 -0.035066 0.019819 0.000010 -0.014948 0.012350  
 13 5 6  0.000000 -0.133643 0.000000 0.001119 -0.000000 -0.407118 0.000000 0.133643 -0.000000 -0.001119 -0.000000 -0.407568  
 14 6 7  0.000000 0.114389 0.000000 -0.001126 -0.000000 0.348827 0.000000 -0.114389 -0.000000 0.001126 -0.000000 0.348489  
 15 7 8  0.000000 -0.133665 -0.000000 0.001146 0.000000 -0.407635 0.000000 0.133665 0.000000 -0.001146 0.000000 -0.407186  
 16 8 5  0.000000 0.114411 -0.000000 -0.001173 0.000000 0.348557 0.000000 -0.114411 0.000000 0.001173 0.000000 0.348894  
 17 10 11  0.000000 -0.070166 -0.000000 0.000480 0.000000 -0.213813 0.000000 0.070166 0.000000 -0.000480 0.000000 -0.213916  
 18 11 12  0.000000 0.061903 -0.000000 -0.000600 0.000000 0.188723 0.000000 -0.061903 0.000000 0.000600 0.000000 0.188637  
 19 12 13  0.000000 -0.070196 0.000000 0.000478 -0.000000 -0.214008 0.000000 0.070196 -0.000000 -0.000478 -0.000000 -0.213905  
 20 13 10  0.000000 0.061933 0.000000 -0.000589 -0.000000 0.188729 0.000000 -0.061933 -0.000000 0.000589 -0.000000 0.188815  
 21 15 16  0.000000 -0.004861 -0.000000 0.000048 0.000000 -0.014796 0.000000 0.004861 0.000000 -0.000048 0.000000 -0.014839  
 22 16 17  0.000000 -0.004089 0.000000 -0.000061 -0.000000 -0.012439 0.000000 0.004089 -0.000000 0.000061 -0.000000 -0.012490  
 23 17 18  0.000000 -0.004891 0.000000 0.000049 -0.000000 -0.014930 0.000000 0.004891 -0.000000 -0.000049 -0.000000 -0.014887  
 24 18 15  0.000000 -0.004060 -0.000000 -0.000061 0.000000 -0.012399 0.000000 0.004060 0.000000 0.000061 0.000000 -0.012348  
