 1 1 5  37.624394 0.170513 -0.121953 -0.000025 0.109289 0.507076 -37.624394 -0.170513 0.121953 0.000025 0.336765 0.116593  
 2 2 6  35.963908 0.170910 -0.121744 -0.000025 0.108580 0.507961 -35.963908 -0.170910 0.121744 0.000025 0.336711 0.117160  
 3 3 7  34.375551 0.171254 -0.121329 -0.000025 0.107645 0.508996 -34.375551 -0.171254 0.121329 0.000025 0.336127 0.117384  
 4 4 8  36.036148 0.170914 -0.121598 -0.000025 0.108466 0.508218 -36.036148 -0.170914 0.121598 0.000025 0.336291 0.116916  
 5 5 10  25.243680 0.301158 0.305422 -0.000006 -0.757576 0.622065 -25.243680 -0.301158 -0.305422 0.000006 -0.359535 0.479449  
 6 6 11  23.859598 0.301311 0.305447 -0.000006 -0.757600 0.622368 -23.859598 -0.301311 -0.305447 0.000006 -0.359604 0.479707  
 7 7 12  22.756280 0.301313 0.305606 -0.000006 -0.757898 0.622255 -22.756280 -0.301313 -0.305606 0.000006 -0.359885 0.479828  
 8 8 13  24.140443 0.301168 0.305569 -0.000006 -0.757870 0.621962 -24.140443 -0.301168 -0.305569 0.000006 -0.359781 0.479590  
 9 10 15  12.529666 0.328922 0.478664 -0.000295 -0.816173 0.521509 -12.529666 -0.328922 -0.478664 0.000295 -0.934589 0.681556  
 10 11 16  11.916946 0.328316 0.478590 -0.000295 -0.816165 0.520835 -11.916946 -0.328316 -0.478590 0.000295 -0.934326 0.680015  
 11 12 17  11.470317 0.328111 0.478014 -0.000295 -0.815526 0.520613 -11.470317 -0.328111 -0.478014 0.000295 -0.932857 0.679484  
 12 13 18  12.083072 0.328903 0.478229 -0.000295 -0.815696 0.521507 -12.083072 -0.328903 -0.478229 0.000295 -0.933476 0.681489  
 13 5 6  0.000000 -0.138206 0.000000 0.000424 -0.000000 -0.421183 0.000000 0.138206 -0.000000 -0.000424 -0.000000 -0.421319  
 14 6 7  0.000000 -0.242516 -0.000000 -0.000430 0.000000 -0.739104 0.000000 0.242516 0.000000 0.000430 0.000000 -0.739270  
 15 7 8  0.000000 -0.138213 -0.000000 0.000369 0.000000 -0.421341 0.000000 0.138213 0.000000 -0.000369 0.000000 -0.421206  
 16 8 5  0.000000 -0.242508 0.000000 -0.000373 -0.000000 -0.739247 0.000000 0.242508 -0.000000 0.000373 -0.000000 -0.739082  
 17 10 11  0.000000 -0.385687 -0.000000 -0.000226 0.000000 -1.175575 0.000000 0.385687 0.000000 0.000226 0.000000 -1.175572  
 18 11 12  0.000000 -0.328339 -0.000000 0.000196 0.000000 -1.000768 0.000000 0.328339 0.000000 -0.000196 0.000000 -1.000786  
 19 12 13  0.000000 -0.385698 0.000000 -0.000345 -0.000000 -1.175607 0.000000 0.385698 -0.000000 0.000345 -0.000000 -1.175610  
 20 13 10  0.000000 -0.328327 0.000000 0.000133 -0.000000 -1.000752 0.000000 0.328327 -0.000000 -0.000133 -0.000000 -1.000733  
 21 15 16  0.000000 -0.306364 0.000000 -0.000784 -0.000000 -0.934020 0.000000 0.306364 -0.000000 0.000784 -0.000000 -0.933578  
 22 16 17  0.000000 -0.223310 0.000000 0.000748 -0.000000 -0.680799 0.000000 0.223310 -0.000000 -0.000748 -0.000000 -0.680500  
 23 17 18  0.000000 -0.306373 -0.000000 -0.001016 0.000000 -0.933605 0.000000 0.306373 0.000000 0.001016 0.000000 -0.934046  
 24 18 15  0.000000 -0.223301 -0.000000 0.000570 0.000000 -0.680473 0.000000 0.223301 0.000000 -0.000570 0.000000 -0.680772  
