 1 1 5  38.767717 4.183527 -3.295211 -0.034482 7.539211 9.966886 -38.767717 -4.183527 3.295211 0.034482 4.513352 5.334782  
 2 2 6  51.242279 4.464689 -3.379363 -0.034482 7.875827 10.636712 -51.242279 -4.464689 3.379363 0.034482 4.484530 5.693335  
 3 3 7  33.144541 4.263071 -3.029400 -0.034482 7.090805 9.861069 -33.144541 -4.263071 3.029400 0.034482 3.989530 5.731540  
 4 4 8  20.845464 3.762620 -2.818308 -0.034482 6.529469 8.761322 -20.845464 -3.762620 2.818308 0.034482 3.778773 5.000836  
 5 5 10  25.753213 3.366527 -2.596994 -0.034609 4.519193 5.954310 -25.753213 -3.366527 2.596994 0.034609 4.979571 6.359098  
 6 6 11  32.664598 3.612360 -2.619287 -0.034609 4.519236 6.405974 -32.664598 -3.612360 2.619287 0.034609 5.061068 6.806595  
 7 7 12  22.183243 3.556264 -2.329350 -0.034609 3.993665 6.359012 -22.183243 -3.556264 2.329350 0.034609 4.526165 6.648379  
 8 8 13  15.398946 3.254407 -2.293822 -0.034609 3.967329 5.802167 -15.398946 -3.254407 2.293822 0.034609 4.422554 6.101153  
 9 10 15  12.659957 2.518942 -1.612182 0.029393 2.365994 3.794420 -12.659957 -2.518942 1.612182 -0.029393 3.530723 5.418862  
 10 11 16  14.937831 2.636870 -1.606038 0.029393 2.317292 3.979154 -14.937831 -2.636870 1.606038 -0.029393 3.556953 5.665460  
 11 12 17  11.306437 2.628835 -1.500477 0.029393 2.174457 4.045238 -11.306437 -2.628835 1.500477 -0.029393 3.313686 5.569988  
 12 13 18  9.095774 2.493064 -1.502619 0.029393 2.216279 3.840819 -9.095774 -2.493064 1.502619 -0.029393 3.279699 5.277810  
 13 5 6  0.000000 2.775539 -0.000000 0.386670 0.000000 8.407763 0.000000 -2.775539 0.000000 -0.386670 0.000000 8.511920  
 14 6 7  0.000000 -3.802142 -0.000000 -0.491846 0.000000 -11.712640 0.000000 3.802142 0.000000 0.491846 0.000000 -11.465216  
 15 7 8  0.000000 2.763439 0.000000 0.625336 -0.000000 8.475042 0.000000 -2.763439 -0.000000 -0.625336 -0.000000 8.370885  
 16 8 5  0.000000 -3.790043 0.000000 -0.624782 -0.000000 -11.428338 0.000000 3.790043 -0.000000 0.624782 -0.000000 -11.675762  
 17 10 11  0.000000 2.309271 0.000000 0.293302 -0.000000 7.015012 0.000000 -2.309271 -0.000000 -0.293302 -0.000000 7.062304  
 18 11 12  0.000000 -3.417496 -0.000000 -0.316056 0.000000 -10.492447 0.000000 3.417496 0.000000 0.316056 0.000000 -10.340608  
 19 12 13  0.000000 2.294302 -0.000000 0.353009 0.000000 7.016677 0.000000 -2.294302 0.000000 -0.353009 0.000000 6.969385  
 20 13 10  0.000000 -3.402527 0.000000 -0.330553 -0.000000 -10.294981 0.000000 3.402527 -0.000000 0.330553 -0.000000 -10.446820  
 21 15 16  0.000000 1.130536 0.000000 0.097692 -0.000000 3.430818 0.000000 -1.130536 -0.000000 -0.097692 -0.000000 3.460927  
 22 16 17  0.000000 -1.807296 0.000000 -0.096026 -0.000000 -5.567768 0.000000 1.807296 -0.000000 0.096026 -0.000000 -5.449506  
 23 17 18  0.000000 1.113733 -0.000000 0.120482 0.000000 3.409712 0.000000 -1.113733 0.000000 -0.120482 0.000000 3.379604  
 24 18 15  0.000000 -1.790493 -0.000000 -0.099905 0.000000 -5.398292 0.000000 1.790493 0.000000 0.099905 0.000000 -5.516554  
