 1 1 5  34.980250 -0.312471 -0.776293 -0.000284 1.795575 -0.734806 -34.980250 0.312471 0.776293 0.000284 1.043796 -0.408089  
 2 2 6  36.338537 -0.312004 -0.775757 -0.000284 1.793935 -0.733725 -36.338537 0.312004 0.775757 0.000284 1.043476 -0.407460  
 3 3 7  37.019677 -0.311632 -0.775101 -0.000284 1.792443 -0.732652 -37.019677 0.311632 0.775101 0.000284 1.042566 -0.407175  
 4 4 8  35.661536 -0.312114 -0.775628 -0.000284 1.794052 -0.733741 -35.661536 0.312114 0.775628 0.000284 1.042885 -0.407846  
 5 5 10  23.657286 -0.159135 -0.336073 -0.000085 0.397107 -0.215917 -23.657286 0.159135 0.336073 0.000085 0.832112 -0.366136  
 6 6 11  24.070595 -0.158957 -0.336068 -0.000085 0.397150 -0.215595 -24.070595 0.158957 0.336068 0.000085 0.832053 -0.365807  
 7 7 12  24.342660 -0.158972 -0.335837 -0.000085 0.396769 -0.215727 -24.342660 0.158972 0.335837 0.000085 0.831590 -0.365730  
 8 8 13  23.929459 -0.159144 -0.335842 -0.000085 0.396721 -0.216026 -23.929459 0.159144 0.335842 0.000085 0.831654 -0.366061  
 9 10 15  11.958426 -0.013349 0.055212 -0.000023 -0.242251 0.037666 -11.958426 0.013349 -0.055212 0.000023 0.040307 -0.086490  
 10 11 16  11.984852 -0.013314 0.055221 -0.000023 -0.242240 0.037712 -11.984852 0.013314 -0.055221 0.000023 0.040263 -0.086410  
 11 12 17  12.041547 -0.013323 0.055271 -0.000023 -0.242316 0.037667 -12.041547 0.013323 -0.055271 0.000023 0.040156 -0.086399  
 12 13 18  12.015175 -0.013357 0.055262 -0.000023 -0.242326 0.037622 -12.015175 0.013357 -0.055262 0.000023 0.040201 -0.086476  
 13 5 6  0.000000 0.472484 0.000000 0.000461 -0.000000 1.440268 0.000000 -0.472484 -0.000000 -0.000461 -0.000000 1.439995  
 14 6 7  0.000000 0.204542 -0.000000 -0.000631 0.000000 0.623517 0.000000 -0.204542 0.000000 0.000631 0.000000 0.623373  
 15 7 8  0.000000 0.472475 -0.000000 0.000471 0.000000 1.439966 0.000000 -0.472475 0.000000 -0.000471 0.000000 1.440240  
 16 8 5  0.000000 0.204552 0.000000 -0.000634 -0.000000 0.623402 0.000000 -0.204552 -0.000000 0.000634 -0.000000 0.623545  
 17 10 11  0.000000 0.193435 0.000000 0.000167 -0.000000 0.589615 0.000000 -0.193435 -0.000000 -0.000167 -0.000000 0.589564  
 18 11 12  0.000000 0.107692 0.000000 -0.000249 -0.000000 0.328262 0.000000 -0.107692 -0.000000 0.000249 -0.000000 0.328230  
 19 12 13  0.000000 0.193421 -0.000000 0.000168 0.000000 0.589523 0.000000 -0.193421 0.000000 -0.000168 0.000000 0.589574  
 20 13 10  0.000000 0.107706 -0.000000 -0.000246 0.000000 0.328271 0.000000 -0.107706 0.000000 0.000246 0.000000 0.328303  
 21 15 16  0.000000 0.013206 0.000000 0.000019 -0.000000 0.040275 0.000000 -0.013206 -0.000000 -0.000019 -0.000000 0.040230  
 22 16 17  0.000000 0.028354 0.000000 -0.000032 -0.000000 0.086429 0.000000 -0.028354 -0.000000 0.000032 -0.000000 0.086417  
 23 17 18  0.000000 0.013193 -0.000000 0.000018 0.000000 0.040189 0.000000 -0.013193 0.000000 -0.000018 0.000000 0.040233  
 24 18 15  0.000000 0.028368 -0.000000 -0.000032 0.000000 0.086458 0.000000 -0.028368 0.000000 0.000032 0.000000 0.086470  
