 1 1 5  45.001231 0.509576 4.223304 0.344001 -9.594069 1.802621 -45.001231 -0.509576 -4.223304 -0.344001 -5.853087 0.061203  
 2 2 6  35.873023 0.472842 4.073854 0.344001 -9.155502 1.706125 -35.873023 -0.472842 -4.073854 -0.344001 -5.745028 0.023343  
 3 3 7  27.017545 0.488952 3.781812 0.344001 -8.505677 1.670828 -27.017545 -0.488952 -3.781812 -0.344001 -5.326679 0.117564  
 4 4 8  36.108201 0.522621 3.993502 0.344001 -9.066421 1.785977 -36.108201 -0.522621 -3.993502 -0.344001 -5.540211 0.125561  
 5 5 10  29.006207 1.729407 2.126293 0.137917 -2.913192 3.770271 -29.006207 -1.729407 -2.126293 -0.137917 -4.863937 2.555207  
 6 6 11  25.423440 1.654940 2.146515 0.137917 -3.018891 3.622545 -25.423440 -1.654940 -2.146515 -0.137917 -4.832203 2.430563  
 7 7 12  19.007995 1.614360 1.956824 0.137917 -2.720138 3.489363 -19.007995 -1.614360 -1.956824 -0.137917 -4.437142 2.415322  
 8 8 13  22.562359 1.709932 1.964954 0.137917 -2.659891 3.692477 -22.562359 -1.709932 -1.964954 -0.137917 -4.527124 2.561770  
 9 10 15  13.651504 2.031566 0.209759 -0.036046 0.312259 3.389709 -13.651504 -2.031566 -0.209759 0.036046 -1.079474 4.040946  
 10 11 16  12.955865 2.000311 0.222924 -0.036046 0.269108 3.335951 -12.955865 -2.000311 -0.222924 0.036046 -1.084473 3.980385  
 11 12 17  10.355866 1.962349 0.212504 -0.036046 0.237915 3.275923 -10.355866 -1.962349 -0.212504 0.036046 -1.015170 3.901565  
 12 13 18  11.036765 1.997973 0.200606 -0.036046 0.282831 3.336160 -11.036765 -1.997973 -0.200606 0.036046 -1.016566 3.971625  
 13 5 6  0.000000 -2.771577 -0.000000 -0.089307 0.000000 -8.486676 0.000000 2.771577 0.000000 0.089307 0.000000 -8.408854  
 14 6 7  0.000000 -1.221160 0.000000 0.355065 -0.000000 -3.735195 0.000000 1.221160 -0.000000 -0.355065 -0.000000 -3.708997  
 15 7 8  0.000000 -2.769289 0.000000 -0.102070 -0.000000 -8.401883 0.000000 2.769289 -0.000000 0.102070 -0.000000 -8.479705  
 16 8 5  0.000000 -1.223447 -0.000000 0.279603 0.000000 -3.715968 0.000000 1.223447 0.000000 -0.279603 0.000000 -3.742167  
 17 10 11  0.000000 -1.441857 -0.000000 -0.083995 0.000000 -4.403191 0.000000 1.441857 0.000000 0.083995 0.000000 -4.386367  
 18 11 12  0.000000 -1.909431 0.000000 0.176728 -0.000000 -5.850509 0.000000 1.909431 -0.000000 -0.176728 -0.000000 -5.789382  
 19 12 13  0.000000 -1.438441 0.000000 -0.098137 -0.000000 -4.375955 0.000000 1.438441 -0.000000 0.098137 -0.000000 -4.392780  
 20 13 10  0.000000 -1.912847 -0.000000 0.148487 0.000000 -5.799794 0.000000 1.912847 0.000000 -0.148487 0.000000 -5.860921  
 21 15 16  0.000000 -0.345977 0.000000 -0.024664 -0.000000 -1.053636 0.000000 0.345977 -0.000000 0.024664 -0.000000 -1.055438  
 22 16 17  0.000000 -1.301842 0.000000 0.029036 -0.000000 -4.005049 0.000000 1.301842 -0.000000 -0.029036 -0.000000 -3.930979  
 23 17 18  0.000000 -0.342292 -0.000000 -0.029414 0.000000 -1.044206 0.000000 0.342292 0.000000 0.029414 0.000000 -1.042404  
 24 18 15  0.000000 -1.305527 -0.000000 0.025838 0.000000 -3.942211 0.000000 1.305527 0.000000 -0.025838 0.000000 -4.016281  
