 1 1 5  34.486658 -4.027044 2.956474 0.043350 -7.082193 -9.368388 -34.486658 4.027044 -2.956474 -0.043350 -3.731406 -5.360927  
 2 2 6  21.239725 -3.530807 2.732592 0.043350 -6.448972 -8.270489 -21.239725 3.530807 -2.732592 -0.043350 -3.545755 -4.643790  
 3 3 7  37.435351 -3.897649 3.165022 0.043350 -7.399017 -9.320129 -37.435351 3.897649 -3.165022 -0.043350 -4.177368 -4.935910  
 4 4 8  50.838266 -4.192686 3.258426 0.043350 -7.795052 -10.032707 -50.838266 4.192686 -3.258426 -0.043350 -4.122967 -5.302463  
 5 5 10  23.214068 -3.442254 2.582376 0.008075 -4.557316 -6.063727 -23.214068 3.442254 -2.582376 -0.008075 -4.887982 -6.526661  
 6 6 11  15.645215 -3.119891 2.527341 0.008075 -4.484644 -5.475477 -15.645215 3.119891 -2.527341 -0.008075 -4.759358 -5.935838  
 7 7 12  24.729236 -3.221456 2.829210 0.008075 -5.045821 -5.603020 -24.729236 3.221456 -2.829210 -0.008075 -5.302298 -6.179778  
 8 8 13  32.411482 -3.493387 2.864200 0.008075 -5.078112 -6.096839 -32.411482 3.493387 -2.864200 -0.008075 -5.397986 -6.680572  
 9 10 15  11.757073 -2.146347 1.727010 0.001515 -2.523781 -3.151676 -11.757073 2.146347 -1.727010 -0.001515 -3.792929 -4.698802  
 10 11 16  9.231645 -2.013827 1.723346 0.001515 -2.563048 -2.956132 -9.231645 2.013827 -1.723346 -0.001515 -3.740263 -4.409641  
 11 12 17  12.212876 -2.018053 1.849764 0.001515 -2.760709 -2.880186 -12.212876 2.018053 -1.849764 -0.001515 -4.004987 -4.501044  
 12 13 18  14.798406 -2.132951 1.846022 0.001515 -2.711985 -3.054194 -14.798406 2.132951 -1.846022 -0.001515 -4.040023 -4.747287  
 13 5 6  0.000000 -2.844364 0.000000 0.636467 -0.000000 -8.728674 0.000000 2.844364 -0.000000 -0.636467 -0.000000 -8.610567  
 14 6 7  0.000000 3.561126 0.000000 -0.580168 -0.000000 10.755734 0.000000 -3.561126 -0.000000 0.580168 -0.000000 10.952889  
 15 7 8  0.000000 -2.855011 -0.000000 0.413959 0.000000 -8.643020 0.000000 2.855011 0.000000 -0.413959 0.000000 -8.761127  
 16 8 5  0.000000 3.571773 -0.000000 -0.439952 0.000000 10.985343 0.000000 -3.571773 0.000000 0.439952 0.000000 10.788188  
 17 10 11  0.000000 -2.528374 -0.000000 0.372880 0.000000 -7.740564 0.000000 2.528374 0.000000 -0.372880 0.000000 -7.672403  
 18 11 12  0.000000 3.058057 -0.000000 -0.349998 0.000000 9.264851 0.000000 -3.058057 0.000000 0.349998 0.000000 9.377062  
 19 12 13  0.000000 -2.541696 0.000000 0.317097 -0.000000 -7.713010 0.000000 2.541696 -0.000000 -0.317097 -0.000000 -7.781171  
 20 13 10  0.000000 3.071379 0.000000 -0.328801 -0.000000 9.417668 0.000000 -3.071379 -0.000000 0.328801 -0.000000 9.305457  
 21 15 16  0.000000 -1.270227 -0.000000 0.121681 0.000000 -3.893577 0.000000 1.270227 0.000000 -0.121681 0.000000 -3.849726  
 22 16 17  0.000000 1.498128 -0.000000 -0.109463 0.000000 4.531322 0.000000 -1.498128 0.000000 0.109463 0.000000 4.601266  
 23 17 18  0.000000 -1.285253 0.000000 0.100222 -0.000000 -3.895524 0.000000 1.285253 -0.000000 -0.100222 -0.000000 -3.939376  
 24 18 15  0.000000 1.513154 0.000000 -0.100648 -0.000000 4.647065 0.000000 -1.513154 -0.000000 0.100648 -0.000000 4.577121  
