 1 1 5  36.318915 -0.178115 0.299553 0.000012 -0.783914 -0.464039 -36.318915 0.178115 -0.299553 -0.000012 -0.311730 -0.187436  
 2 2 6  34.781678 -0.178071 0.299713 0.000012 -0.784412 -0.463942 -34.781678 0.178071 -0.299713 -0.000012 -0.311817 -0.187369  
 3 3 7  35.681080 -0.178006 0.299764 0.000012 -0.784515 -0.463745 -35.681080 0.178006 -0.299764 -0.000012 -0.311902 -0.187330  
 4 4 8  37.218328 -0.178065 0.299589 0.000012 -0.783981 -0.463851 -37.218328 0.178065 -0.299589 -0.000012 -0.311796 -0.187441  
 5 5 10  24.197300 -0.183356 0.315992 -0.000012 -0.585123 -0.338837 -24.197300 0.183356 -0.315992 0.000012 -0.570649 -0.331808  
 6 6 11  23.248591 -0.183361 0.315995 -0.000012 -0.585097 -0.338851 -23.248591 0.183361 -0.315995 0.000012 -0.570688 -0.331810  
 7 7 12  23.802697 -0.183352 0.316002 -0.000012 -0.585095 -0.338846 -23.802697 0.183352 -0.316002 0.000012 -0.570713 -0.331781  
 8 8 13  24.751413 -0.183347 0.315992 -0.000012 -0.585116 -0.338824 -24.751413 0.183347 -0.315992 0.000012 -0.570657 -0.331787  
 9 10 15  12.072676 -0.140161 0.239276 -0.000005 -0.341460 -0.200456 -12.072676 0.140161 -0.239276 0.000005 -0.533716 -0.312197  
 10 11 16  11.722469 -0.140165 0.239269 -0.000005 -0.341431 -0.200465 -11.722469 0.140165 -0.239269 0.000005 -0.533721 -0.312204  
 11 12 17  11.927322 -0.140169 0.239269 -0.000005 -0.341428 -0.200480 -11.927322 0.140169 -0.239269 0.000005 -0.533721 -0.312202  
 12 13 18  12.277533 -0.140164 0.239275 -0.000005 -0.341457 -0.200471 -12.277533 0.140164 -0.239275 0.000005 -0.533713 -0.312194  
 13 5 6  0.000000 -0.294264 -0.000000 0.000025 0.000000 -0.896881 0.000000 0.294264 0.000000 -0.000025 0.000000 -0.896954  
 14 6 7  0.000000 0.172648 -0.000000 -0.000040 0.000000 0.526245 0.000000 -0.172648 0.000000 0.000040 0.000000 0.526219  
 15 7 8  0.000000 -0.294265 0.000000 0.000043 -0.000000 -0.896957 0.000000 0.294265 -0.000000 -0.000043 -0.000000 -0.896884  
 16 8 5  0.000000 0.172649 0.000000 -0.000028 -0.000000 0.526222 0.000000 -0.172649 -0.000000 0.000028 -0.000000 0.526248  
 17 10 11  0.000000 -0.299252 0.000000 -0.000007 -0.000000 -0.912110 0.000000 0.299252 -0.000000 0.000007 -0.000000 -0.912128  
 18 11 12  0.000000 0.174627 -0.000000 -0.000009 0.000000 0.532268 0.000000 -0.174627 0.000000 0.000009 0.000000 0.532258  
 19 12 13  0.000000 -0.299253 -0.000000 -0.000003 0.000000 -0.912131 0.000000 0.299253 0.000000 0.000003 0.000000 -0.912113  
 20 13 10  0.000000 0.174628 0.000000 -0.000001 -0.000000 0.532261 0.000000 -0.174628 -0.000000 0.000001 -0.000000 0.532271  
 21 15 16  0.000000 -0.175104 -0.000000 -0.000005 0.000000 -0.533713 0.000000 0.175104 0.000000 0.000005 0.000000 -0.533719  
 22 16 17  0.000000 0.102427 -0.000000 0.000002 0.000000 0.312199 0.000000 -0.102427 0.000000 -0.000002 0.000000 0.312196  
 23 17 18  0.000000 -0.175105 0.000000 -0.000005 -0.000000 -0.533722 0.000000 0.175105 -0.000000 0.000005 -0.000000 -0.533716  
 24 18 15  0.000000 0.102428 0.000000 0.000003 -0.000000 0.312199 0.000000 -0.102428 -0.000000 -0.000003 -0.000000 0.312202  
