 1 1 5  40.362898 -2.212465 3.397089 0.142225 -8.313456 -5.097847 -40.362898 2.212465 -3.397089 -0.142225 -4.111737 -2.994465  
 2 2 6  27.990622 -2.052076 3.262901 0.142225 -7.814117 -4.720267 -27.990622 2.052076 -3.262901 -0.142225 -4.120270 -2.785406  
 3 3 7  31.629488 -2.076972 3.339301 0.142225 -8.006105 -4.780320 -31.629488 2.076972 -3.339301 -0.142225 -4.207722 -2.816413  
 4 4 8  44.016992 -2.225034 3.442493 0.142225 -8.427469 -5.127204 -44.016992 2.225034 -3.442493 -0.142225 -4.163792 -3.011079  
 5 5 10  26.949170 -1.933561 3.429430 0.191756 -5.754303 -2.725789 -26.949170 1.933561 -3.429430 -0.191756 -6.789181 -4.346404  
 6 6 11  21.024434 -1.812569 3.336082 0.191756 -5.611824 -2.527990 -21.024434 1.812569 -3.336082 -0.191756 -6.590228 -4.101664  
 7 7 12  21.045956 -1.795927 3.330872 0.191756 -5.602472 -2.503190 -21.045956 1.795927 -3.330872 -0.191756 -6.580525 -4.065594  
 8 8 13  26.980440 -1.918121 3.426174 0.191756 -5.748786 -2.703704 -26.980440 1.918121 -3.426174 -0.191756 -6.782790 -4.312017  
 9 10 15  13.187359 1.168142 0.633627 -0.040491 -0.102541 2.799248 -13.187359 -1.168142 -0.633627 0.040491 -2.215013 1.473346  
 10 11 16  11.758116 1.123609 0.671875 -0.040491 -0.244348 2.695621 -11.758116 -1.123609 -0.671875 0.040491 -2.213101 1.414092  
 11 12 17  10.810497 1.107989 0.650238 -0.040491 -0.235056 2.645848 -10.810497 -1.107989 -0.650238 0.040491 -2.143253 1.406732  
 12 13 18  12.244028 1.156464 0.615394 -0.040491 -0.096502 2.760438 -12.244028 -1.156464 -0.615394 0.040491 -2.154364 1.469446  
 13 5 6  0.000000 -3.224455 0.000000 0.201341 -0.000000 -9.887221 0.000000 3.224455 -0.000000 -0.201341 -0.000000 -9.769056  
 14 6 7  0.000000 1.809357 -0.000000 -0.036962 0.000000 5.514737 0.000000 -1.809357 0.000000 0.036962 0.000000 5.515105  
 15 7 8  0.000000 -3.225825 -0.000000 0.195502 0.000000 -9.773232 0.000000 3.225825 0.000000 -0.195502 0.000000 -9.891397  
 16 8 5  0.000000 1.810727 0.000000 -0.021181 -0.000000 5.519280 0.000000 -1.810727 -0.000000 0.021181 -0.000000 5.518912  
 17 10 11  0.000000 -2.248429 -0.000000 0.068476 0.000000 -6.883426 0.000000 2.248429 0.000000 -0.068476 0.000000 -6.822998  
 18 11 12  0.000000 0.485253 -0.000000 0.011578 0.000000 1.474519 0.000000 -0.485253 0.000000 -0.011578 0.000000 1.483582  
 19 12 13  0.000000 -2.249794 0.000000 0.063836 -0.000000 -6.827159 0.000000 2.249794 -0.000000 -0.063836 -0.000000 -6.887587  
 20 13 10  0.000000 0.486618 0.000000 0.008296 -0.000000 1.487743 0.000000 -0.486618 -0.000000 -0.008296 -0.000000 1.478680  
 21 15 16  0.000000 -0.715157 0.000000 -0.031261 -0.000000 -2.183055 0.000000 0.715157 -0.000000 0.031261 -0.000000 -2.176543  
 22 16 17  0.000000 -0.473273 0.000000 0.036558 -0.000000 -1.445353 0.000000 0.473273 -0.000000 -0.036558 -0.000000 -1.439722  
 23 17 18  0.000000 -0.716229 -0.000000 -0.032991 0.000000 -2.179811 0.000000 0.716229 0.000000 0.032991 0.000000 -2.186322  
 24 18 15  0.000000 -0.472202 -0.000000 0.031958 0.000000 -1.436455 0.000000 0.472202 0.000000 -0.031958 0.000000 -1.442085  
