 1 1 5  40.930838 -3.925238 6.186998 -0.191048 -14.363611 -8.835458 -40.930838 3.925238 -6.186998 0.191048 -8.265952 -5.521493  
 2 2 6  14.714743 -3.208559 5.218257 -0.191048 -11.756817 -7.295296 -14.714743 3.208559 -5.218257 0.191048 -7.329479 -4.440331  
 3 3 7  30.793965 -3.486751 6.182570 -0.191048 -13.844214 -8.065545 -30.793965 3.486751 -6.182570 0.191048 -8.769154 -4.687594  
 4 4 8  57.560454 -4.080159 6.783494 -0.191048 -15.683788 -9.328959 -57.560454 4.080159 -6.783494 0.191048 -9.127521 -5.594632  
 5 5 10  26.969629 -2.902983 4.031509 -0.044817 -7.229727 -5.297981 -26.969629 2.902983 -4.031509 0.044817 -7.515919 -5.319967  
 6 6 11  11.178168 -2.407849 3.866526 -0.044817 -7.082651 -4.392498 -11.178168 2.407849 -3.866526 0.044817 -7.059556 -4.414451  
 7 7 12  20.817123 -2.468208 4.459041 -0.044817 -8.171591 -4.451228 -20.817123 2.468208 -4.459041 0.044817 -8.137798 -4.576490  
 8 8 13  37.035080 -2.900933 4.425668 -0.044817 -7.950138 -5.251754 -37.035080 2.900933 -4.425668 0.044817 -8.237186 -5.358700  
 9 10 15  13.114314 -2.866966 4.470167 -0.076226 -7.357943 -4.727761 -13.114314 2.866966 -4.470167 0.076226 -8.992139 -5.758454  
 10 11 16  7.236542 -2.639126 4.367648 -0.076226 -7.242143 -4.352147 -7.236542 2.639126 -4.367648 0.076226 -8.732966 -5.300719  
 11 12 17  10.773381 -2.663731 4.652116 -0.076226 -7.752284 -4.382431 -10.773381 2.663731 -4.652116 0.076226 -9.263295 -5.360430  
 12 13 18  16.875762 -2.872779 4.722626 -0.076226 -7.746369 -4.681902 -16.875762 2.872779 -4.722626 0.076226 -9.527106 -5.825574  
 13 5 6  0.000000 -5.227805 0.000000 0.946118 -0.000000 -16.239464 0.000000 5.227805 -0.000000 -0.946118 -0.000000 -15.629233  
 14 6 7  0.000000 3.235621 -0.000000 -1.217103 0.000000 9.778947 0.000000 -3.235621 0.000000 1.217103 0.000000 9.945400  
 15 7 8  0.000000 -5.258779 -0.000000 0.806577 0.000000 -15.723642 0.000000 5.258779 0.000000 -0.806577 0.000000 -16.333873  
 16 8 5  0.000000 3.266595 0.000000 -0.743785 -0.000000 10.039809 0.000000 -3.266595 -0.000000 0.743785 -0.000000 9.873356  
 17 10 11  0.000000 -4.982080 0.000000 0.563646 -0.000000 -15.351789 0.000000 4.982080 -0.000000 -0.563646 -0.000000 -15.018971  
 18 11 12  0.000000 3.076294 -0.000000 -0.717272 0.000000 9.330244 0.000000 -3.076294 0.000000 0.717272 0.000000 9.422842  
 19 12 13  0.000000 -5.032552 -0.000000 0.463921 0.000000 -15.172809 0.000000 5.032552 0.000000 -0.463921 0.000000 -15.505627  
 20 13 10  0.000000 3.126766 0.000000 -0.477927 -0.000000 9.576681 0.000000 -3.126766 -0.000000 0.477927 -0.000000 9.484083  
 21 15 16  0.000000 -2.966962 0.000000 0.143292 -0.000000 -9.174047 0.000000 2.966962 -0.000000 -0.143292 -0.000000 -8.912554  
 22 16 17  0.000000 1.796496 0.000000 -0.179589 -0.000000 5.444011 0.000000 -1.796496 -0.000000 0.179589 -0.000000 5.507426  
 23 17 18  0.000000 -3.023114 -0.000000 0.146996 0.000000 -9.083706 0.000000 3.023114 0.000000 -0.146996 0.000000 -9.345199  
 24 18 15  0.000000 1.852648 -0.000000 -0.181908 0.000000 5.678578 0.000000 -1.852648 0.000000 0.181908 0.000000 5.615162  
