 1 1 5  27.481070 -9.000252 4.449495 0.373556 -10.202008 -20.046449 -27.481070 9.000252 -4.449495 -0.373556 -6.072465 -12.872872  
 2 2 6  9.914311 -7.740023 4.137522 0.373556 -9.360914 -17.369411 -9.914311 7.740023 -4.137522 -0.373556 -5.772488 -10.940496  
 3 3 7  44.125598 -9.275530 5.053461 0.373556 -11.406827 -21.504593 -44.125598 9.275530 -5.053461 -0.373556 -7.076713 -12.421587  
 4 4 8  62.479022 -10.210544 5.238568 0.373556 -11.945069 -23.567754 -62.479022 10.210544 -5.238568 -0.373556 -7.215518 -13.778333  
 5 5 10  19.459906 -7.837981 3.859127 0.102184 -6.622545 -13.724746 -19.459906 7.837981 -3.859127 -0.102184 -7.492599 -14.943452  
 6 6 11  10.694239 -7.111448 3.785040 0.102184 -6.533779 -12.397147 -10.694239 7.111448 -3.785040 -0.102184 -7.310385 -13.613686  
 7 7 12  28.239794 -7.457606 4.379568 0.102184 -7.525861 -12.616740 -28.239794 7.457606 -4.379568 -0.102184 -8.492846 -14.660201  
 8 8 13  37.606061 -7.983057 4.382483 0.102184 -7.399212 -13.409508 -37.606061 7.983057 -4.382483 -0.102184 -8.630158 -15.789321  
 9 10 15  10.584089 -3.524567 1.523309 0.058885 -1.884034 -4.873007 -10.584089 3.524567 -1.523309 -0.058885 -3.687619 -8.018449  
 10 11 16  8.219122 -3.356687 1.539579 0.058885 -1.967268 -4.621426 -8.219122 3.356687 -1.539579 -0.058885 -3.663897 -7.655994  
 11 12 17  13.264834 -3.282162 1.668095 0.058885 -2.117364 -4.182110 -13.264834 3.282162 -1.668095 -0.058885 -3.983859 -7.822726  
 12 13 18  15.931956 -3.447058 1.650291 0.058885 -2.033672 -4.425499 -15.931956 3.447058 -1.650291 -0.058885 -4.002434 -8.182460  
 13 5 6  0.000000 -4.423804 0.000000 1.559097 -0.000000 -13.583980 0.000000 4.423804 -0.000000 -1.559097 -0.000000 -13.383530  
 14 6 7  0.000000 8.356124 -0.000000 -1.077263 0.000000 24.896740 0.000000 -8.356124 0.000000 1.077263 0.000000 26.042193  
 15 7 8  0.000000 -4.470320 -0.000000 1.003866 0.000000 -13.525311 0.000000 4.470320 0.000000 -1.003866 0.000000 -13.725761  
 16 8 5  0.000000 8.402640 0.000000 -0.888969 -0.000000 26.183975 0.000000 -8.402640 -0.000000 0.888969 -0.000000 25.038522  
 17 10 11  0.000000 -3.237655 0.000000 0.676966 -0.000000 -9.906524 0.000000 3.237655 -0.000000 -0.676966 -0.000000 -9.830224  
 18 11 12  0.000000 6.287227 -0.000000 -0.552570 0.000000 18.912078 0.000000 -6.287227 0.000000 0.552570 0.000000 19.414857  
 19 12 13  0.000000 -3.312267 -0.000000 0.572547 0.000000 -10.057639 0.000000 3.312267 0.000000 -0.572547 0.000000 -10.133940  
 20 13 10  0.000000 6.361838 0.000000 -0.529891 -0.000000 19.642273 0.000000 -6.361838 -0.000000 0.529891 -0.000000 19.139494  
 21 15 16  0.000000 -1.220253 -0.000000 0.066107 0.000000 -3.729905 0.000000 1.220253 0.000000 -0.066107 0.000000 -3.708757  
 22 16 17  0.000000 2.560625 -0.000000 -0.044860 0.000000 7.722100 0.000000 -2.560625 0.000000 0.044860 0.000000 7.887472  
 23 17 18  0.000000 -1.295792 0.000000 0.064746 -0.000000 -3.938999 0.000000 1.295792 -0.000000 -0.064746 -0.000000 -3.960147  
 24 18 15  0.000000 2.636164 0.000000 -0.042286 -0.000000 8.117714 0.000000 -2.636164 -0.000000 0.042286 -0.000000 7.952342  
