 1 1 5  34.273338 2.915139 -4.135126 -0.083103 9.775239 7.126438 -34.273338 -2.915139 4.135126 0.083103 5.349399 3.535974  
 2 2 6  52.316433 3.223994 -4.299353 -0.083103 10.511994 7.884483 -52.316433 -3.223994 4.299353 0.083103 5.213320 3.907596  
 3 3 7  37.617083 3.143828 -3.988360 -0.083103 9.730642 7.487852 -37.617083 -3.143828 3.988360 0.083103 4.857183 4.011012  
 4 4 8  19.793146 2.686087 -3.570466 -0.083103 8.516255 6.469530 -19.793146 -2.686087 3.570466 0.083103 4.543081 3.355100  
 5 5 10  23.184962 3.169536 -4.304809 -0.071262 7.590521 5.647329 -23.184962 -3.169536 4.304809 0.071262 8.154748 5.945567  
 6 6 11  33.113066 3.472237 -4.400057 -0.071262 7.708863 6.210426 -33.113066 -3.472237 4.400057 0.071262 8.384785 6.489628  
 7 7 12  24.732196 3.422703 -4.067126 -0.071262 7.103570 6.136871 -24.732196 -3.422703 4.067126 0.071262 7.772351 6.382007  
 8 8 13  14.969776 3.089796 -3.908612 -0.071262 6.940062 5.550160 -14.969776 -3.089796 3.908612 0.071262 7.356079 5.751078  
 9 10 15  11.805028 1.712103 -2.019565 0.013710 2.739724 2.368062 -11.805028 -1.712103 2.019565 -0.013710 4.647038 3.894126  
 10 11 16  14.819537 1.838268 -1.977049 0.013710 2.550567 2.576758 -14.819537 -1.838268 1.977049 -0.013710 4.680688 4.146889  
 11 12 17  12.152129 1.848521 -1.864001 0.013710 2.388782 2.647960 -12.152129 -1.848521 1.864001 -0.013710 4.428988 4.113189  
 12 13 18  9.223306 1.714106 -1.890028 0.013710 2.554405 2.424369 -9.223306 -1.714106 1.890028 -0.013710 4.358560 3.845144  
 13 5 6  0.000000 4.050812 -0.000000 0.446985 0.000000 12.231906 0.000000 -4.050812 0.000000 -0.446985 0.000000 12.461842  
 14 6 7  0.000000 -3.152556 -0.000000 -0.460341 0.000000 -9.671037 0.000000 3.152556 0.000000 0.460341 0.000000 -9.546945  
 15 7 8  0.000000 4.037443 0.000000 0.600937 -0.000000 12.421094 0.000000 -4.037443 -0.000000 -0.600937 -0.000000 12.191157  
 16 8 5  0.000000 -3.139187 0.000000 -0.708015 -0.000000 -9.506197 0.000000 3.139187 -0.000000 0.708015 -0.000000 -9.630289  
 17 10 11  0.000000 3.446798 -0.000000 0.345900 0.000000 10.432957 0.000000 -3.446798 0.000000 -0.345900 0.000000 10.578721  
 18 11 12  0.000000 -2.846731 0.000000 -0.356631 -0.000000 -8.720486 0.000000 2.846731 -0.000000 0.356631 -0.000000 -8.633186  
 19 12 13  0.000000 3.426798 0.000000 0.396781 -0.000000 10.517764 0.000000 -3.426798 -0.000000 -0.396781 -0.000000 10.371999  
 20 13 10  0.000000 -2.826732 -0.000000 -0.461515 0.000000 -8.572228 0.000000 2.826732 0.000000 0.461515 0.000000 -8.659529  
 21 15 16  0.000000 1.496544 -0.000000 0.093735 0.000000 4.535446 0.000000 -1.496544 0.000000 -0.093735 0.000000 4.587484  
 22 16 17  0.000000 -1.322993 -0.000000 -0.093204 0.000000 -4.053154 0.000000 1.322993 0.000000 0.093204 0.000000 -4.011813  
 23 17 18  0.000000 1.475122 0.000000 0.101376 -0.000000 4.522191 0.000000 -1.475122 -0.000000 -0.101376 -0.000000 4.470152  
 24 18 15  0.000000 -1.301572 0.000000 -0.111593 -0.000000 -3.946520 0.000000 1.301572 -0.000000 0.111593 -0.000000 -3.987861  
