 1 1 5  36.080812 -0.556036 0.873206 -0.018554 -3.099403 -2.372663 -36.080812 0.556036 -0.873206 0.018554 -0.094434 0.338906  
 2 2 6  24.681523 -0.515895 0.901220 -0.018554 -3.046994 -2.233600 -24.681523 0.515895 -0.901220 0.018554 -0.249307 0.346663  
 3 3 7  35.898247 -0.483054 0.957836 -0.018554 -3.226612 -2.277483 -35.898247 0.483054 -0.957836 0.018554 -0.276769 0.510665  
 4 4 8  47.339418 -0.482112 0.880139 -0.018554 -3.135108 -2.295062 -47.339418 0.482112 -0.880139 0.018554 -0.084087 0.531688  
 5 5 10  23.925229 -3.039958 2.889219 -0.006156 -5.641875 -6.011246 -23.925229 3.039958 -2.889219 0.006156 -4.925734 -5.107704  
 6 6 11  16.410095 -2.772934 2.763783 -0.006156 -5.383676 -5.508299 -16.410095 2.772934 -2.763783 0.006156 -4.725137 -4.633983  
 7 7 12  24.056075 -2.897617 3.035629 -0.006156 -5.882744 -5.775462 -24.056075 2.897617 -3.035629 0.006156 -5.220373 -4.822863  
 8 8 13  31.608601 -3.132657 3.127519 -0.006156 -6.078603 -6.213854 -31.608601 3.132657 -3.127519 0.006156 -5.360611 -5.244152  
 9 10 15  11.949942 -1.902099 1.698480 0.003548 -2.451383 -2.871780 -11.949942 1.902099 -1.698480 -0.003548 -3.760979 -4.085337  
 10 11 16  9.434931 -1.784671 1.704840 0.003548 -2.528337 -2.686953 -9.434931 1.784671 -1.704840 -0.003548 -3.707287 -3.840661  
 11 12 17  12.039272 -1.783206 1.819651 0.003548 -2.703635 -2.621701 -12.039272 1.783206 -1.819651 -0.003548 -3.951921 -3.900552  
 12 13 18  14.575855 -1.888720 1.801955 0.003548 -2.613757 -2.792919 -14.575855 1.888720 -1.801955 -0.003548 -3.977072 -4.115262  
 13 5 6  0.000000 -1.942639 0.000000 0.253642 -0.000000 -5.947790 0.000000 1.942639 -0.000000 -0.253642 -0.000000 -5.894538  
 14 6 7  0.000000 1.785933 0.000000 -0.261555 -0.000000 5.415278 0.000000 -1.785933 -0.000000 0.261555 -0.000000 5.471771  
 15 7 8  0.000000 -1.943761 -0.000000 0.206974 0.000000 -5.897958 0.000000 1.943761 0.000000 -0.206974 0.000000 -5.951209  
 16 8 5  0.000000 1.787055 -0.000000 -0.211480 0.000000 5.475191 0.000000 -1.787055 0.000000 0.211480 0.000000 5.418698  
 17 10 11  0.000000 -2.502039 -0.000000 0.323246 0.000000 -7.669714 0.000000 2.502039 0.000000 -0.323246 0.000000 -7.582713  
 18 11 12  0.000000 2.522797 -0.000000 -0.329238 0.000000 7.644181 0.000000 -2.522797 0.000000 0.329238 0.000000 7.734789  
 19 12 13  0.000000 -2.505994 0.000000 0.290225 -0.000000 -7.594770 0.000000 2.505994 -0.000000 -0.290225 -0.000000 -7.681771  
 20 13 10  0.000000 2.526753 0.000000 -0.292597 -0.000000 7.746846 0.000000 -2.526753 -0.000000 0.292597 -0.000000 7.656238  
 21 15 16  0.000000 -1.260202 -0.000000 0.114119 0.000000 -3.860807 0.000000 1.260202 0.000000 -0.114119 0.000000 -3.821386  
 22 16 17  0.000000 1.304867 -0.000000 -0.114099 0.000000 3.954780 0.000000 -1.304867 0.000000 0.114099 0.000000 3.999688  
 23 17 18  0.000000 -1.265595 0.000000 0.099136 -0.000000 -3.837823 0.000000 1.265595 -0.000000 -0.099136 -0.000000 -3.877244  
 24 18 15  0.000000 1.310260 0.000000 -0.099828 -0.000000 4.016125 0.000000 -1.310260 -0.000000 0.099828 -0.000000 3.971218  
