 1 1 5  35.467001 -0.289732 0.112632 0.000019 -0.247634 -0.719592 -35.467001 0.289732 -0.112632 -0.000019 -0.164328 -0.340130  
 2 2 6  35.398967 -0.289696 0.112790 0.000019 -0.248128 -0.719518 -35.398967 0.289696 -0.112790 -0.000019 -0.164412 -0.340073  
 3 3 7  36.532996 -0.289625 0.112824 0.000019 -0.248191 -0.719299 -36.532996 0.289625 -0.112824 -0.000019 -0.164474 -0.340032  
 4 4 8  36.601036 -0.289662 0.112646 0.000019 -0.247659 -0.719366 -36.601036 0.289662 -0.112646 -0.000019 -0.164355 -0.340103  
 5 5 10  23.651280 -0.219551 0.021420 -0.000010 0.002999 -0.382961 -23.651280 0.219551 -0.021420 0.000010 -0.081347 -0.420070  
 6 6 11  23.689133 -0.219557 0.021421 -0.000010 0.003030 -0.382977 -23.689133 0.219557 -0.021421 0.000010 -0.081380 -0.420073  
 7 7 12  24.348718 -0.219551 0.021425 -0.000010 0.003036 -0.382984 -24.348718 0.219551 -0.021425 0.000010 -0.081399 -0.420048  
 8 8 13  24.310869 -0.219545 0.021418 -0.000010 0.003011 -0.382961 -24.310869 0.219545 -0.021418 0.000010 -0.081349 -0.420048  
 9 10 15  11.862538 -0.159978 -0.038014 -0.000005 0.083413 -0.221781 -11.862538 0.159978 0.038014 0.000005 0.055627 -0.363354  
 10 11 16  11.899039 -0.159983 -0.038019 -0.000005 0.083437 -0.221791 -11.899039 0.159983 0.038019 0.000005 0.055621 -0.363364  
 11 12 17  12.137461 -0.159986 -0.038021 -0.000005 0.083442 -0.221806 -12.137461 0.159986 0.038021 0.000005 0.055624 -0.363361  
 12 13 18  12.100962 -0.159981 -0.038017 -0.000005 0.083418 -0.221795 -12.100962 0.159981 0.038017 0.000005 0.055632 -0.363351  
 13 5 6  0.000000 -0.052944 -0.000000 0.000020 0.000000 -0.161335 0.000000 0.052944 0.000000 -0.000020 0.000000 -0.161410  
 14 6 7  0.000000 0.237222 0.000000 -0.000027 -0.000000 0.723069 0.000000 -0.237222 -0.000000 0.000027 -0.000000 0.723039  
 15 7 8  0.000000 -0.052944 0.000000 0.000023 -0.000000 -0.161411 0.000000 0.052944 -0.000000 -0.000023 -0.000000 -0.161337  
 16 8 5  0.000000 0.237223 -0.000000 -0.000007 0.000000 0.723041 0.000000 -0.237223 0.000000 0.000007 0.000000 0.723071  
 17 10 11  0.000000 0.000676 0.000000 -0.000008 -0.000000 0.002068 0.000000 -0.000676 -0.000000 0.000008 -0.000000 0.002050  
 18 11 12  0.000000 0.210581 0.000000 -0.000006 -0.000000 0.641857 0.000000 -0.210581 -0.000000 0.000006 -0.000000 0.641848  
 19 12 13  0.000000 0.000675 -0.000000 -0.000006 0.000000 0.002049 0.000000 -0.000675 0.000000 0.000006 0.000000 0.002067  
 20 13 10  0.000000 0.210582 -0.000000 0.000002 0.000000 0.641849 0.000000 -0.210582 0.000000 -0.000002 0.000000 0.641859  
 21 15 16  0.000000 0.018250 -0.000000 -0.000005 0.000000 0.055630 0.000000 -0.018250 0.000000 0.000005 0.000000 0.055623  
 22 16 17  0.000000 0.119212 -0.000000 0.000002 0.000000 0.363358 0.000000 -0.119212 0.000000 -0.000002 0.000000 0.363355  
 23 17 18  0.000000 0.018250 0.000000 -0.000005 -0.000000 0.055622 0.000000 -0.018250 -0.000000 0.000005 -0.000000 0.055629  
 24 18 15  0.000000 0.119212 0.000000 0.000003 -0.000000 0.363357 0.000000 -0.119212 -0.000000 -0.000003 -0.000000 0.363360  
