 1 1 5  41.758318 0.953706 1.756166 0.013958 -4.297459 2.564666 -41.758318 -0.953706 -1.756166 -0.013958 -2.125894 0.923608  
 2 2 6  36.144017 0.931908 1.741299 0.013958 -4.241283 2.506466 -36.144017 -0.931908 -1.741299 -0.013958 -2.127694 0.902082  
 3 3 7  30.244737 0.910438 1.698631 0.013958 -4.126821 2.431259 -30.244737 -0.910438 -1.698631 -0.013958 -2.086090 0.898760  
 4 4 8  35.852929 0.941886 1.727272 0.013958 -4.221047 2.516498 -35.852929 -0.941886 -1.727272 -0.013958 -2.096623 0.928545  
 5 5 10  27.330644 1.176644 1.321154 0.014153 -2.137993 2.284343 -27.330644 -1.176644 -1.321154 -0.014153 -2.694259 2.019349  
 6 6 11  24.487291 1.158649 1.321140 0.014153 -2.142743 2.252311 -24.487291 -1.158649 -1.321140 -0.014153 -2.689457 1.985563  
 7 7 12  20.671801 1.146354 1.282297 0.014153 -2.078235 2.233057 -20.671801 -1.146354 -1.282297 -0.014153 -2.611896 1.959849  
 8 8 13  23.510264 1.175441 1.294341 0.014153 -2.092709 2.283794 -23.510264 -1.175441 -1.294341 -0.014153 -2.641474 2.015498  
 9 10 15  13.129879 1.054180 0.464300 0.002669 -0.431004 1.633925 -13.129879 -1.054180 -0.464300 -0.002669 -1.267221 2.221843  
 10 11 16  12.312177 1.039271 0.466911 0.002669 -0.442953 1.612960 -12.312177 -1.039271 -0.466911 -0.002669 -1.264822 2.188277  
 11 12 17  10.871408 1.035282 0.448494 0.002669 -0.420492 1.615598 -10.871408 -1.035282 -0.448494 -0.002669 -1.219921 2.171050  
 12 13 18  11.686535 1.052663 0.446926 0.002669 -0.409777 1.640614 -11.686535 -1.052663 -0.446926 -0.002669 -1.224899 2.209605  
 13 5 6  0.000000 -1.385321 -0.000000 -0.026314 0.000000 -4.227074 0.000000 1.385321 0.000000 0.026314 0.000000 -4.217846  
 14 6 7  0.000000 -1.042047 -0.000000 0.052592 0.000000 -3.180707 0.000000 1.042047 0.000000 -0.052592 0.000000 -3.171613  
 15 7 8  0.000000 -1.385017 0.000000 -0.039797 -0.000000 -4.216917 0.000000 1.385017 -0.000000 0.039797 -0.000000 -4.226145  
 16 8 5  0.000000 -1.042352 0.000000 0.036813 -0.000000 -3.172542 0.000000 1.042352 -0.000000 -0.036813 -0.000000 -3.181636  
 17 10 11  0.000000 -1.012536 0.000000 -0.026493 -0.000000 -3.089139 0.000000 1.012536 -0.000000 0.026493 -0.000000 -3.083281  
 18 11 12  0.000000 -1.187650 0.000000 0.049129 -0.000000 -3.625016 0.000000 1.187650 -0.000000 -0.049129 -0.000000 -3.614897  
 19 12 13  0.000000 -1.011957 -0.000000 -0.039450 0.000000 -3.081517 0.000000 1.011957 0.000000 0.039450 0.000000 -3.087375  
 20 13 10  0.000000 -1.188229 -0.000000 0.036124 0.000000 -3.616662 0.000000 1.188229 0.000000 -0.036124 0.000000 -3.626780  
 21 15 16  0.000000 -0.408529 -0.000000 -0.015802 0.000000 -1.247041 0.000000 0.408529 0.000000 0.015802 0.000000 -1.243352  
 22 16 17  0.000000 -0.720706 -0.000000 0.021470 0.000000 -2.204079 0.000000 0.720706 0.000000 -0.021470 0.000000 -2.189347  
 23 17 18  0.000000 -0.407885 0.000000 -0.018297 -0.000000 -1.241391 0.000000 0.407885 -0.000000 0.018297 -0.000000 -1.245079  
 24 18 15  0.000000 -0.721350 0.000000 0.020180 -0.000000 -2.191309 0.000000 0.721350 -0.000000 -0.020180 -0.000000 -2.206041  
