 1 1 5  35.448347 -0.242966 -0.387859 -0.000015 0.913909 -0.551845 -35.448347 0.242966 0.387859 0.000015 0.504723 -0.336827  
 2 2 6  36.219846 -0.242957 -0.387782 -0.000015 0.913616 -0.551846 -36.219846 0.242957 0.387782 0.000015 0.504734 -0.336794  
 3 3 7  36.551649 -0.242768 -0.387738 -0.000015 0.913534 -0.551277 -36.551649 0.242768 0.387738 0.000015 0.504658 -0.336673  
 4 4 8  35.780158 -0.242774 -0.387867 -0.000015 0.913932 -0.551280 -35.780158 0.242774 0.387867 0.000015 0.504731 -0.336691  
 5 5 10  23.841179 -0.082767 -0.212110 -0.000017 0.279529 -0.076356 -23.841179 0.082767 0.212110 0.000017 0.496283 -0.226373  
 6 6 11  24.098094 -0.082774 -0.212101 -0.000017 0.279518 -0.076358 -24.098094 0.082774 0.212101 0.000017 0.496261 -0.226395  
 7 7 12  24.158818 -0.082772 -0.212088 -0.000017 0.279488 -0.076393 -24.158818 0.082772 0.212088 0.000017 0.496247 -0.226353  
 8 8 13  23.901910 -0.082768 -0.212110 -0.000017 0.279523 -0.076410 -23.901910 0.082768 0.212110 0.000017 0.496290 -0.226323  
 9 10 15  11.998858 0.036587 0.028634 -0.000006 -0.136637 0.105406 -11.998858 -0.036587 -0.028634 0.000006 0.031907 0.028413  
 10 11 16  12.019789 0.036588 0.028632 -0.000006 -0.136622 0.105410 -12.019789 -0.036588 -0.028632 0.000006 0.031899 0.028415  
 11 12 17  12.001141 0.036583 0.028638 -0.000006 -0.136632 0.105383 -12.001141 -0.036583 -0.028638 0.000006 0.031887 0.028423  
 12 13 18  11.980212 0.036581 0.028639 -0.000006 -0.136648 0.105379 -11.980212 -0.036581 -0.028639 0.000006 0.031897 0.028421  
 13 5 6  0.000000 0.257292 0.000000 0.000015 -0.000000 0.784254 0.000000 -0.257292 -0.000000 -0.000015 -0.000000 0.784199  
 14 6 7  0.000000 0.135540 0.000000 -0.000052 -0.000000 0.413167 0.000000 -0.135540 -0.000000 0.000052 -0.000000 0.413083  
 15 7 8  0.000000 0.257292 -0.000000 0.000017 0.000000 0.784198 0.000000 -0.257292 0.000000 -0.000017 0.000000 0.784252  
 16 8 5  0.000000 0.135540 -0.000000 0.000002 0.000000 0.413084 0.000000 -0.135540 0.000000 -0.000002 0.000000 0.413168  
 17 10 11  0.000000 0.117991 0.000000 -0.000011 -0.000000 0.359645 0.000000 -0.117991 -0.000000 0.000011 -0.000000 0.359628  
 18 11 12  0.000000 0.039687 0.000000 -0.000011 -0.000000 0.120975 0.000000 -0.039687 -0.000000 0.000011 -0.000000 0.120956  
 19 12 13  0.000000 0.117990 -0.000000 -0.000014 0.000000 0.359625 0.000000 -0.117990 0.000000 0.000014 0.000000 0.359642  
 20 13 10  0.000000 0.039688 -0.000000 -0.000000 0.000000 0.120958 0.000000 -0.039688 0.000000 0.000000 0.000000 0.120977  
 21 15 16  0.000000 0.010466 -0.000000 -0.000001 0.000000 0.031903 0.000000 -0.010466 0.000000 0.000001 0.000000 0.031894  
 22 16 17  0.000000 -0.009324 -0.000000 -0.000005 0.000000 -0.028415 0.000000 0.009324 0.000000 0.000005 0.000000 -0.028423  
 23 17 18  0.000000 0.010465 0.000000 0.000000 -0.000000 0.031892 0.000000 -0.010465 -0.000000 -0.000000 -0.000000 0.031901  
 24 18 15  0.000000 -0.009323 0.000000 -0.000003 -0.000000 -0.028421 0.000000 0.009323 -0.000000 0.000003 -0.000000 -0.028413  
