 1 1 5  37.628796 0.180424 0.876301 -0.000332 -2.014470 0.529482 -37.628796 -0.180424 -0.876301 0.000332 -1.190688 0.130436  
 2 2 6  36.289822 0.180643 0.876980 -0.000332 -2.016565 0.529959 -36.289822 -0.180643 -0.876980 0.000332 -1.191077 0.130760  
 3 3 7  34.371167 0.180955 0.877411 -0.000332 -2.017529 0.531003 -34.371167 -0.180955 -0.877411 0.000332 -1.191689 0.130857  
 4 4 8  35.710215 0.180802 0.876677 -0.000332 -2.015391 0.530641 -35.710215 -0.180802 -0.876677 0.000332 -1.191143 0.130662  
 5 5 10  24.862488 0.271812 0.362071 -0.000077 -0.393322 0.620438 -24.862488 -0.271812 -0.362071 0.000077 -0.930987 0.373741  
 6 6 11  24.563209 0.271902 0.362051 -0.000077 -0.393198 0.620624 -24.563209 -0.271902 -0.362051 0.000077 -0.931038 0.373883  
 7 7 12  23.137486 0.271905 0.362189 -0.000077 -0.393378 0.620634 -23.137486 -0.271905 -0.362189 0.000077 -0.931364 0.373887  
 8 8 13  23.436818 0.271821 0.362207 -0.000077 -0.393550 0.620437 -23.436818 -0.271821 -0.362207 0.000077 -0.931259 0.373775  
 9 10 15  12.289474 0.491822 -0.129882 0.000008 0.395839 0.837411 -12.289474 -0.491822 0.129882 -0.000008 0.079218 0.961479  
 10 11 16  12.341439 0.491840 -0.129875 0.000008 0.395860 0.837438 -12.341439 -0.491840 0.129875 -0.000008 0.079171 0.961515  
 11 12 17  11.710513 0.491851 -0.129863 0.000008 0.395856 0.837450 -11.710513 -0.491851 0.129863 -0.000008 0.079132 0.961543  
 12 13 18  11.658574 0.491832 -0.129869 0.000008 0.395831 0.837419 -11.658574 -0.491832 0.129869 -0.000008 0.079178 0.961506  
 13 5 6  0.000000 -0.519850 -0.000000 0.000248 0.000000 -1.584344 0.000000 0.519850 0.000000 -0.000248 0.000000 -1.584664  
 14 6 7  0.000000 -0.246463 0.000000 -0.000389 -0.000000 -0.751137 0.000000 0.246463 -0.000000 0.000389 -0.000000 -0.751302  
 15 7 8  0.000000 -0.519855 0.000000 0.000188 -0.000000 -1.584679 0.000000 0.519855 -0.000000 -0.000188 -0.000000 -1.584359  
 16 8 5  0.000000 -0.246458 -0.000000 -0.000334 0.000000 -0.751288 0.000000 0.246458 0.000000 0.000334 0.000000 -0.751122  
 17 10 11  0.000000 -0.175625 0.000000 0.000075 -0.000000 -0.535278 0.000000 0.175625 -0.000000 -0.000075 -0.000000 -0.535333  
 18 11 12  0.000000 -0.397396 0.000000 -0.000155 -0.000000 -1.211247 0.000000 0.397396 -0.000000 0.000155 -0.000000 -1.211276  
 19 12 13  0.000000 -0.175632 -0.000000 0.000061 0.000000 -0.535354 0.000000 0.175632 0.000000 -0.000061 0.000000 -0.535299  
 20 13 10  0.000000 -0.397389 -0.000000 -0.000130 0.000000 -1.211256 0.000000 0.397389 0.000000 0.000130 0.000000 -1.211227  
 21 15 16  0.000000 0.025979 -0.000000 0.000008 0.000000 0.079208 0.000000 -0.025979 0.000000 -0.000008 0.000000 0.079162  
 22 16 17  0.000000 -0.315460 -0.000000 -0.000009 0.000000 -0.961507 0.000000 0.315460 0.000000 0.000009 0.000000 -0.961535  
 23 17 18  0.000000 0.025973 0.000000 0.000008 -0.000000 0.079141 0.000000 -0.025973 -0.000000 -0.000008 -0.000000 0.079188  
 24 18 15  0.000000 -0.315453 0.000000 -0.000010 -0.000000 -0.961514 0.000000 0.315453 -0.000000 0.000010 -0.000000 -0.961487  
