 1 1 5  30.231716 -0.481156 -1.895769 0.002538 4.683523 -1.372519 -30.231716 0.481156 1.895769 -0.002538 2.250442 -0.387357  
 2 2 6  37.651123 -0.509751 -1.936551 0.002538 4.818313 -1.450569 -37.651123 0.509751 1.936551 -0.002538 2.264817 -0.413897  
 3 3 7  41.771794 -0.513434 -1.954368 0.002538 4.864787 -1.469792 -41.771794 0.513434 1.954368 -0.002538 2.283510 -0.408143  
 4 4 8  34.345368 -0.491107 -1.932207 0.002538 4.781220 -1.410115 -34.345368 0.491107 1.932207 -0.002538 2.286019 -0.386157  
 5 5 10  20.532735 -0.800072 -1.545114 -0.003219 2.660891 -1.616553 -20.532735 0.800072 1.545114 0.003219 2.990518 -1.309790  
 6 6 11  24.694948 -0.832369 -1.560238 -0.003219 2.681737 -1.675939 -24.694948 0.832369 1.560238 0.003219 3.024990 -1.368535  
 7 7 12  27.470052 -0.832338 -1.578518 -0.003219 2.714433 -1.676091 -27.470052 0.832338 1.578518 0.003219 3.059155 -1.368270  
 8 8 13  23.302264 -0.809463 -1.577783 -0.003219 2.718407 -1.634037 -23.302264 0.809463 1.577783 0.003219 3.052492 -1.326656  
 9 10 15  10.776073 -0.774642 -0.895111 -0.004517 1.192225 -1.244313 -10.776073 0.774642 0.895111 0.004517 2.081734 -1.589018  
 10 11 16  12.161006 -0.799667 -0.897343 -0.004517 1.184781 -1.281895 -12.161006 0.799667 0.897343 0.004517 2.097341 -1.642967  
 11 12 17  13.225422 -0.799605 -0.916299 -0.004517 1.210183 -1.276039 -13.225422 0.799605 0.916299 0.004517 2.141270 -1.648596  
 12 13 18  11.837499 -0.777548 -0.917310 -0.004517 1.223833 -1.244977 -11.837499 0.777548 0.917310 0.004517 2.131321 -1.598983  
 13 5 6  0.000000 1.628778 -0.000000 -0.042413 0.000000 4.957329 0.000000 -1.628778 0.000000 0.042413 0.000000 4.971699  
 14 6 7  0.000000 0.672603 -0.000000 0.025144 0.000000 2.047423 0.000000 -0.672603 0.000000 -0.025144 0.000000 2.052764  
 15 7 8  0.000000 1.629139 0.000000 -0.031469 -0.000000 4.972799 0.000000 -1.629139 -0.000000 0.031469 -0.000000 4.958430  
 16 8 5  0.000000 0.672242 0.000000 0.045996 -0.000000 2.051664 0.000000 -0.672242 -0.000000 -0.045996 -0.000000 2.046323  
 17 10 11  0.000000 1.388963 -0.000000 -0.047179 0.000000 4.228549 0.000000 -1.388963 0.000000 0.047179 0.000000 4.238570  
 18 11 12  0.000000 0.855021 -0.000000 0.028798 0.000000 2.603252 0.000000 -0.855021 0.000000 -0.028798 0.000000 2.608956  
 19 12 13  0.000000 1.389609 0.000000 -0.035354 -0.000000 4.240539 0.000000 -1.389609 -0.000000 0.035354 -0.000000 4.230519  
 20 13 10  0.000000 0.854375 0.000000 0.045806 -0.000000 2.606986 0.000000 -0.854375 -0.000000 -0.045806 -0.000000 2.601282  
 21 15 16  0.000000 0.692840 0.000000 -0.025835 -0.000000 2.105388 0.000000 -0.692840 -0.000000 0.025835 -0.000000 2.118166  
 22 16 17  0.000000 0.531834 -0.000000 0.020825 0.000000 1.617132 0.000000 -0.531834 0.000000 -0.020825 0.000000 1.624929  
 23 17 18  0.000000 0.693588 -0.000000 -0.023667 0.000000 2.120445 0.000000 -0.693588 0.000000 0.023667 0.000000 2.107667  
 24 18 15  0.000000 0.531086 0.000000 0.023654 -0.000000 1.622650 0.000000 -0.531086 -0.000000 -0.023654 -0.000000 1.614853  
