 1 1 5  37.548601 -0.480827 1.927312 -0.073685 -5.501519 -2.032871 -37.548601 0.480827 -1.927312 0.073685 -1.547816 0.274196  
 2 2 6  25.009811 -0.441771 1.889485 -0.073685 -5.205925 -1.881190 -25.009811 0.441771 -1.889485 0.073685 -1.705054 0.265367  
 3 3 7  34.432323 -0.414613 2.000654 -0.073685 -5.549951 -1.918409 -34.432323 0.414613 -2.000654 0.073685 -1.767642 0.401921  
 4 4 8  47.009265 -0.446345 1.983626 -0.073685 -5.671797 -2.028531 -47.009265 0.446345 -1.983626 0.073685 -1.583515 0.395979  
 5 5 10  24.490134 -2.752267 3.533325 -0.064515 -6.424890 -5.371772 -24.490134 2.752267 -3.533325 0.064515 -6.498598 -4.694920  
 6 6 11  17.299077 -2.548815 3.378153 -0.064515 -6.148850 -4.978156 -17.299077 2.548815 -3.378153 0.064515 -6.207083 -4.344390  
 7 7 12  23.494176 -2.629902 3.636127 -0.064515 -6.609512 -5.151762 -23.494176 2.629902 -3.636127 0.064515 -6.689985 -4.467366  
 8 8 13  30.716612 -2.827152 3.760719 -0.064515 -6.833145 -5.530727 -30.716612 2.827152 -3.760719 0.064515 -6.922061 -4.809865  
 9 10 15  12.020167 -1.380493 1.155170 0.014915 -1.191525 -1.964988 -12.020167 1.380493 -1.155170 -0.014915 -3.033624 -3.084302  
 10 11 16  9.998738 -1.303773 1.193805 0.014915 -1.353844 -1.836271 -9.998738 1.303773 -1.193805 -0.014915 -3.012619 -2.932408  
 11 12 17  11.971224 -1.299225 1.258941 0.014915 -1.439657 -1.787951 -11.971224 1.299225 -1.258941 -0.014915 -3.165046 -2.964095  
 12 13 18  14.009870 -1.360020 1.207974 0.014915 -1.254467 -1.878466 -14.009870 1.360020 -1.207974 -0.014915 -3.163817 -3.095945  
 13 5 6  0.000000 -2.674713 0.000000 0.189813 -0.000000 -8.192102 0.000000 2.674713 -0.000000 -0.189813 -0.000000 -8.112948  
 14 6 7  0.000000 1.614553 0.000000 -0.259044 -0.000000 4.902602 0.000000 -1.614553 -0.000000 0.259044 -0.000000 4.939713  
 15 7 8  0.000000 -2.676406 -0.000000 0.189872 0.000000 -8.118110 0.000000 2.676406 0.000000 -0.189872 0.000000 -8.197264  
 16 8 5  0.000000 1.616246 -0.000000 -0.219396 0.000000 4.944875 0.000000 -1.616246 0.000000 0.219396 0.000000 4.907763  
 17 10 11  0.000000 -2.586584 -0.000000 0.234227 0.000000 -7.927930 0.000000 2.586584 0.000000 -0.234227 0.000000 -7.839889  
 18 11 12  0.000000 2.113077 -0.000000 -0.278962 0.000000 6.414889 0.000000 -2.113077 0.000000 0.278962 0.000000 6.466428  
 19 12 13  0.000000 -2.590125 0.000000 0.211110 -0.000000 -7.850681 0.000000 2.590125 -0.000000 -0.211110 -0.000000 -7.938722  
 20 13 10  0.000000 2.116618 0.000000 -0.237807 -0.000000 6.477220 0.000000 -2.116618 -0.000000 0.237807 -0.000000 6.425681  
 21 15 16  0.000000 -1.012867 -0.000000 0.069388 0.000000 -3.092161 0.000000 1.012867 0.000000 -0.069388 0.000000 -3.082273  
 22 16 17  0.000000 0.988395 0.000000 -0.069654 -0.000000 3.001796 0.000000 -0.988395 -0.000000 0.069654 -0.000000 3.023460  
 23 17 18  0.000000 -1.017171 0.000000 0.059366 -0.000000 -3.095392 0.000000 1.017171 -0.000000 -0.059366 -0.000000 -3.105280  
 24 18 15  0.000000 0.992699 -0.000000 -0.058537 0.000000 3.036579 0.000000 -0.992699 0.000000 0.058537 0.000000 3.014914  
