 1 1 5  29.641629 -1.324039 -2.817695 -0.184564 6.761121 -2.591447 -29.641629 1.324039 2.817695 0.184564 3.544878 -2.251359  
 2 2 6  42.722399 -1.469460 -2.953655 -0.184564 7.226088 -2.899006 -42.722399 1.469460 2.953655 0.184564 3.577202 -2.475690  
 3 3 7  42.355504 -1.431214 -2.980831 -0.184564 7.281391 -2.796634 -42.355504 1.431214 2.980831 0.184564 3.621297 -2.438173  
 4 4 8  29.280468 -1.288811 -2.836130 -0.184564 6.799416 -2.497375 -29.280468 1.288811 2.836130 0.184564 3.574014 -2.216580  
 5 5 10  20.526626 0.366561 -2.221210 0.040954 4.070242 1.150757 -20.526626 -0.366561 2.221210 -0.040954 4.054056 0.189978  
 6 6 11  28.590172 0.409754 -2.230407 0.040954 4.096187 1.271284 -28.590172 -0.409754 2.230407 -0.040954 4.061749 0.227432  
 7 7 12  27.470337 0.404783 -2.225104 0.040954 4.083085 1.247739 -27.470337 -0.404783 2.225104 -0.040954 4.055456 0.232795  
 8 8 13  19.412865 0.359818 -2.192100 0.040954 4.019127 1.123133 -19.412865 -0.359818 2.192100 -0.040954 3.998698 0.192936  
 9 10 15  10.724296 0.395855 -2.247247 0.000200 3.586007 0.703733 -10.724296 -0.395855 2.247247 -0.000200 4.633522 0.744144  
 10 11 16  13.777925 0.420979 -2.284497 0.000200 3.638159 0.752349 -13.777925 -0.420979 2.284497 -0.000200 4.717616 0.787423  
 11 12 17  13.273827 0.419671 -2.261494 0.000200 3.595977 0.748075 -13.273827 -0.419671 2.261494 -0.000200 4.675665 0.786912  
 12 13 18  10.223952 0.394308 -2.220024 0.000200 3.543281 0.699161 -10.223952 -0.394308 2.220024 -0.000200 4.576678 0.743061  
 13 5 6  0.000000 2.508654 0.000000 -0.051772 -0.000000 7.604001 0.000000 -2.508654 -0.000000 0.051772 -0.000000 7.688756  
 14 6 7  0.000000 0.376428 -0.000000 0.015367 0.000000 1.152633 0.000000 -0.376428 0.000000 -0.015367 0.000000 1.142070  
 15 7 8  0.000000 2.508739 -0.000000 -0.048364 0.000000 7.689015 0.000000 -2.508739 0.000000 0.048364 0.000000 7.604260  
 16 8 5  0.000000 0.376343 0.000000 -0.011119 -0.000000 1.141811 0.000000 -0.376343 -0.000000 0.011119 -0.000000 1.152375  
 17 10 11  0.000000 2.504668 -0.000000 0.042151 0.000000 7.591905 0.000000 -2.504668 0.000000 -0.042151 0.000000 7.676554  
 18 11 12  0.000000 -0.307578 0.000000 -0.023354 -0.000000 -0.937630 0.000000 0.307578 -0.000000 0.023354 -0.000000 -0.937367  
 19 12 13  0.000000 2.504089 0.000000 0.043503 -0.000000 7.674787 0.000000 -2.504089 -0.000000 -0.043503 -0.000000 7.590138  
 20 13 10  0.000000 -0.306998 -0.000000 -0.048159 0.000000 -0.935600 0.000000 0.306998 0.000000 0.048159 0.000000 -0.935863  
 21 15 16  0.000000 1.526345 0.000000 0.020209 -0.000000 4.606530 0.000000 -1.526345 -0.000000 -0.020209 -0.000000 4.698071  
 22 16 17  0.000000 -0.251580 0.000000 -0.019545 -0.000000 -0.767214 0.000000 0.251580 -0.000000 0.019545 -0.000000 -0.766417  
 23 17 18  0.000000 1.525407 -0.000000 0.020495 0.000000 4.695210 0.000000 -1.525407 0.000000 -0.020495 0.000000 4.603670  
 24 18 15  0.000000 -0.250641 -0.000000 -0.026992 0.000000 -0.763556 0.000000 0.250641 0.000000 0.026992 0.000000 -0.764353  
