 1 1 5  49.916225 3.122534 4.261959 -0.360906 -10.803211 6.578047 -49.916225 -3.122534 -4.261959 0.360906 -4.785330 4.842934  
 2 2 6  28.708808 2.680135 4.026245 -0.360906 -9.778606 5.669785 -28.708808 -2.680135 -4.026245 0.360906 -4.947788 4.133077  
 3 3 7  22.141594 2.567586 3.717404 -0.360906 -9.043851 5.467542 -22.141594 -2.567586 -3.717404 0.360906 -4.552925 3.923659  
 4 4 8  43.233373 3.097933 4.071683 -0.360906 -10.342725 6.490795 -43.233373 -3.097933 -4.071683 0.360906 -4.549862 4.840205  
 5 5 10  31.936290 0.366223 5.021406 0.219797 -9.093396 0.318192 -31.936290 -0.366223 -5.021406 -0.219797 -9.272900 1.021305  
 6 6 11  19.561387 0.320399 4.790412 0.219797 -8.708406 0.262037 -19.561387 -0.320399 -4.790412 -0.219797 -8.813005 0.909854  
 7 7 12  16.106303 0.347725 4.582491 0.219797 -8.335170 0.356781 -16.106303 -0.347725 -4.582491 -0.219797 -8.425749 0.915058  
 8 8 13  28.396021 0.395810 4.846971 0.219797 -8.777305 0.387478 -28.396021 -0.395810 -4.846971 -0.219797 -8.950977 1.060236  
 9 10 15  14.743135 1.247943 2.741968 -0.022104 -3.829546 2.185609 -14.743135 -1.247943 -2.741968 0.022104 -6.199475 2.378869  
 10 11 16  10.757819 1.144649 2.776561 -0.022104 -4.074220 1.977221 -10.757819 -1.144649 -2.776561 0.022104 -6.081328 2.209447  
 11 12 17  9.279418 1.132156 2.680480 -0.022104 -3.939332 1.947193 -9.279418 -1.132156 -2.680480 0.022104 -5.864791 2.193782  
 12 13 18  13.219629 1.236675 2.659242 -0.022104 -3.715033 2.155549 -13.219629 -1.236675 -2.659242 0.022104 -6.011411 2.367716  
 13 5 6  0.000000 -4.412450 -0.000000 -0.371404 0.000000 -13.614548 0.000000 4.412450 0.000000 0.371404 0.000000 -13.283747  
 14 6 7  0.000000 -1.559872 -0.000000 0.372448 0.000000 -4.766518 0.000000 1.559872 0.000000 -0.372448 0.000000 -4.742460  
 15 7 8  0.000000 -4.404837 0.000000 -0.462020 -0.000000 -13.260543 0.000000 4.404837 -0.000000 0.462020 -0.000000 -13.591344  
 16 8 5  0.000000 -1.567485 0.000000 0.264178 -0.000000 -4.765664 0.000000 1.567485 -0.000000 -0.264178 -0.000000 -4.789722  
 17 10 11  0.000000 -4.189784 -0.000000 -0.144649 0.000000 -12.899499 0.000000 4.189784 0.000000 0.144649 0.000000 -12.641424  
 18 11 12  0.000000 -0.993351 -0.000000 0.245801 0.000000 -3.031723 0.000000 0.993351 0.000000 -0.245801 0.000000 -3.023747  
 19 12 13  0.000000 -4.179764 0.000000 -0.161496 -0.000000 -12.610882 0.000000 4.179764 -0.000000 0.161496 -0.000000 -12.868957  
 20 13 10  0.000000 -1.003372 0.000000 0.202947 -0.000000 -3.054288 0.000000 1.003372 -0.000000 -0.202947 -0.000000 -3.062265  
 21 15 16  0.000000 -1.987020 0.000000 -0.067526 -0.000000 -6.122627 0.000000 1.987020 -0.000000 0.067526 -0.000000 -5.990244  
 22 16 17  0.000000 -0.744839 -0.000000 0.091084 0.000000 -2.276973 0.000000 0.744839 0.000000 -0.091084 0.000000 -2.263564  
 23 17 18  0.000000 -1.975744 -0.000000 -0.069782 0.000000 -5.955875 0.000000 1.975744 0.000000 0.069782 0.000000 -6.088258  
 24 18 15  0.000000 -0.756115 0.000000 0.076847 -0.000000 -2.297934 0.000000 0.756115 -0.000000 -0.076847 -0.000000 -2.311343  
