 1 1 5  31.558052 -5.372686 2.326044 0.230025 -5.535792 -12.100414 -31.558052 5.372686 -2.326044 -0.230025 -2.971948 -7.550723  
 2 2 6  19.713539 -4.736830 2.217821 0.230025 -5.199433 -10.734504 -19.713539 4.736830 -2.217821 -0.230025 -2.912468 -6.590926  
 3 3 7  40.325414 -5.434810 2.596440 0.230025 -6.035351 -12.583410 -40.325414 5.434810 -2.596440 -0.230025 -3.461387 -7.294950  
 4 4 8  52.402995 -5.795527 2.642129 0.230025 -6.227477 -13.405929 -52.402995 5.795527 -2.642129 -0.230025 -3.436375 -7.791789  
 5 5 10  21.604897 -3.689957 2.099763 -0.042981 -3.826055 -6.515205 -21.604897 3.689957 -2.099763 0.042981 -3.854039 -6.981182  
 6 6 11  14.513979 -3.361950 2.059367 -0.042981 -3.757947 -5.917957 -14.513979 3.361950 -2.059367 0.042981 -3.774393 -6.378711  
 7 7 12  26.310951 -3.437002 2.382024 -0.042981 -4.378286 -5.908086 -26.310951 3.437002 -2.382024 0.042981 -4.334207 -6.663093  
 8 8 13  33.570173 -3.690780 2.415296 -0.042981 -4.430854 -6.363414 -33.570173 3.690780 -2.415296 0.042981 -4.403333 -7.135983  
 9 10 15  11.141399 -3.161774 1.807872 0.037289 -2.843020 -5.026308 -11.141399 3.161774 -1.807872 -0.037289 -3.769452 -6.538196  
 10 11 16  8.631701 -2.992533 1.800136 0.037289 -2.862308 -4.768474 -8.631701 2.992533 -1.800136 -0.037289 -3.721869 -6.177015  
 11 12 17  12.813692 -3.037299 1.938306 0.037289 -3.062493 -4.744438 -12.813692 3.037299 -1.938306 -0.037289 -4.027054 -6.364787  
 12 13 18  15.413208 -3.184915 1.937625 0.037289 -3.032547 -4.961963 -15.413208 3.184915 -1.937625 -0.037289 -4.054511 -6.687183  
 13 5 6  0.000000 -2.384893 -0.000000 0.753848 0.000000 -7.307941 0.000000 2.384893 0.000000 -0.753848 0.000000 -7.230369  
 14 6 7  0.000000 4.415547 -0.000000 -0.559954 0.000000 13.262730 0.000000 -4.415547 0.000000 0.559954 0.000000 13.654445  
 15 7 8  0.000000 -2.401084 0.000000 0.451408 -0.000000 -7.279719 0.000000 2.401084 -0.000000 -0.451408 -0.000000 -7.357291  
 16 8 5  0.000000 4.431738 0.000000 -0.509939 -0.000000 13.703795 0.000000 -4.431738 -0.000000 0.509939 -0.000000 13.312080  
 17 10 11  0.000000 -2.300420 0.000000 0.400249 -0.000000 -7.036566 0.000000 2.300420 -0.000000 -0.400249 -0.000000 -6.986797  
 18 11 12  0.000000 3.817301 -0.000000 -0.350096 0.000000 11.547434 0.000000 -3.817301 0.000000 0.350096 0.000000 11.722835  
 19 12 13  0.000000 -2.320042 -0.000000 0.315305 0.000000 -7.046603 0.000000 2.320042 0.000000 -0.315305 0.000000 -7.096372  
 20 13 10  0.000000 3.836923 0.000000 -0.339508 -0.000000 11.782641 0.000000 -3.836923 -0.000000 0.339508 -0.000000 11.607241  
 21 15 16  0.000000 -1.266076 0.000000 0.146370 -0.000000 -3.877761 0.000000 1.266076 -0.000000 -0.146370 -0.000000 -3.840240  
 22 16 17  0.000000 2.102223 0.000000 -0.118371 -0.000000 6.323385 0.000000 -2.102223 -0.000000 0.118371 -0.000000 6.491764  
 23 17 18  0.000000 -1.288531 -0.000000 0.126977 0.000000 -3.908682 0.000000 1.288531 0.000000 -0.126977 0.000000 -3.946202  
 24 18 15  0.000000 2.124677 -0.000000 -0.108309 0.000000 6.560206 0.000000 -2.124677 0.000000 0.108309 0.000000 6.391827  
