 1 1 5  34.942455 -0.152762 -0.326411 -0.000377 0.997080 -0.235956 -34.942455 0.152762 0.326411 0.000377 0.196802 -0.322788  
 2 2 6  38.173170 -0.152337 -0.326020 -0.000377 0.995575 -0.234986 -38.173170 0.152337 0.326020 0.000377 0.196875 -0.322200  
 3 3 7  37.057450 -0.152103 -0.325344 -0.000377 0.994037 -0.234124 -37.057450 0.152103 0.325344 0.000377 0.195943 -0.322210  
 4 4 8  33.826925 -0.152547 -0.325723 -0.000377 0.995506 -0.235123 -33.826925 0.152547 0.325723 0.000377 0.195859 -0.322832  
 5 5 10  23.386360 0.166019 -0.637726 -0.000091 1.312828 0.478064 -23.386360 -0.166019 0.637726 0.000091 1.019718 0.129168  
 6 6 11  25.627036 0.166170 -0.637077 -0.000091 1.312317 0.478316 -25.627036 -0.166170 0.637077 0.000091 1.017857 0.129467  
 7 7 12  24.613562 0.166464 -0.636866 -0.000091 1.312026 0.478546 -24.613562 -0.166464 0.636866 0.000091 1.017377 0.130312  
 8 8 13  22.373041 0.166308 -0.637511 -0.000091 1.312522 0.478288 -22.373041 -0.166308 0.637511 0.000091 1.019238 0.130000  
 9 10 15  11.790031 0.385075 -0.656008 0.002351 1.032218 0.686818 -11.790031 -0.385075 0.656008 -0.002351 1.367198 0.721631  
 10 11 16  12.685784 0.389049 -0.656912 0.002351 1.034120 0.693355 -12.685784 -0.389049 0.656912 -0.002351 1.368603 0.729629  
 11 12 17  12.209914 0.388754 -0.654633 0.002351 1.030509 0.692609 -12.209914 -0.388754 0.654633 -0.002351 1.363878 0.729298  
 12 13 18  11.314271 0.384235 -0.652880 0.002351 1.027477 0.685370 -11.314271 -0.384235 0.652880 -0.002351 1.360495 0.720009  
 13 5 6  0.000000 0.495015 -0.000000 0.000407 0.000000 1.509018 0.000000 -0.495015 0.000000 -0.000407 0.000000 1.508593  
 14 6 7  0.000000 -0.051118 -0.000000 -0.000600 0.000000 -0.155709 0.000000 0.051118 0.000000 0.000600 0.000000 -0.155909  
 15 7 8  0.000000 0.495007 0.000000 0.000428 -0.000000 1.508568 0.000000 -0.495007 -0.000000 -0.000428 -0.000000 1.508993  
 16 8 5  0.000000 -0.051110 0.000000 -0.000612 -0.000000 -0.155884 0.000000 0.051110 -0.000000 0.000612 -0.000000 -0.155684  
 17 10 11  0.000000 0.672456 0.000000 0.003401 -0.000000 2.049343 0.000000 -0.672456 -0.000000 -0.003401 -0.000000 2.049949  
 18 11 12  0.000000 -0.268797 -0.000000 -0.002028 0.000000 -0.819421 0.000000 0.268797 0.000000 0.002028 0.000000 -0.819163  
 19 12 13  0.000000 0.672445 -0.000000 0.003758 0.000000 2.049914 0.000000 -0.672445 0.000000 -0.003758 0.000000 2.049308  
 20 13 10  0.000000 -0.268785 0.000000 -0.002593 -0.000000 -0.819128 0.000000 0.268785 -0.000000 0.002593 -0.000000 -0.819387  
 21 15 16  0.000000 0.447863 0.000000 0.003957 -0.000000 1.363889 0.000000 -0.447863 -0.000000 -0.003957 -0.000000 1.366283  
 22 16 17  0.000000 -0.237921 -0.000000 -0.002320 0.000000 -0.725672 0.000000 0.237921 0.000000 0.002320 0.000000 -0.724695  
 23 17 18  0.000000 0.447835 -0.000000 0.004602 0.000000 1.366199 0.000000 -0.447835 0.000000 -0.004602 0.000000 1.363805  
 24 18 15  0.000000 -0.237893 0.000000 -0.003309 -0.000000 -0.724611 0.000000 0.237893 -0.000000 0.003309 -0.000000 -0.725588  
