 1 1 5  35.205241 3.281449 -3.871018 -0.025037 9.287652 8.161396 -35.205241 -3.281449 3.871018 0.025037 4.870984 3.840834  
 2 2 6  54.128109 3.634933 -3.994558 -0.025037 9.962899 9.057356 -54.128109 -3.634933 3.994558 0.025037 4.647595 4.237776  
 3 3 7  36.621118 3.535862 -3.648538 -0.025037 9.080585 8.506507 -36.621118 -3.535862 3.648538 0.025037 4.264308 4.426261  
 4 4 8  18.045532 2.962211 -3.257045 -0.025037 7.913266 7.219340 -18.045532 -2.962211 3.257045 0.025037 3.999703 3.615241  
 5 5 10  23.553396 3.931628 -4.589786 -0.036425 8.250277 7.045925 -23.553396 -3.931628 4.589786 0.036425 8.537323 7.334398  
 6 6 11  34.338974 4.310437 -4.673745 -0.036425 8.366320 7.741924 -34.338974 -4.310437 4.673745 0.036425 8.728371 8.023929  
 7 7 12  24.304817 4.241950 -4.287579 -0.036425 7.659741 7.644463 -24.304817 -4.241950 4.287579 0.036425 8.022507 7.870893  
 8 8 13  13.802813 3.766738 -4.074131 -0.036425 7.351813 6.807789 -13.802813 -3.766738 4.074131 0.036425 7.549728 6.969433  
 9 10 15  11.857002 1.975088 -2.283848 -0.002847 3.215690 2.682514 -11.857002 -1.975088 2.283848 0.002847 5.137712 4.541568  
 10 11 16  15.207925 2.120690 -2.248820 -0.002847 3.040556 2.904467 -15.207925 -2.120690 2.248820 0.002847 5.184727 4.852167  
 11 12 17  12.070248 2.144720 -2.105006 -0.002847 2.827523 3.034270 -12.070248 -2.144720 2.105006 0.002847 4.871747 4.810257  
 12 13 18  8.864824 1.990374 -2.123978 -0.002847 2.979104 2.800185 -8.864824 -1.990374 2.123978 0.002847 4.789559 4.479806  
 13 5 6  0.000000 4.060682 0.000000 0.522198 -0.000000 12.260661 0.000000 -4.060682 -0.000000 -0.522198 -0.000000 12.493255  
 14 6 7  0.000000 -3.728453 0.000000 -0.520660 -0.000000 -11.457502 0.000000 3.728453 -0.000000 0.520660 -0.000000 -11.271150  
 15 7 8  0.000000 4.044755 -0.000000 0.799574 0.000000 12.444709 0.000000 -4.044755 0.000000 -0.799574 0.000000 12.212115  
 16 8 5  0.000000 -3.712526 -0.000000 -0.860599 0.000000 -11.222604 0.000000 3.712526 0.000000 0.860599 0.000000 -11.408957  
 17 10 11  0.000000 3.700068 -0.000000 0.403136 0.000000 11.193529 0.000000 -3.700068 0.000000 -0.403136 0.000000 11.362085  
 18 11 12  0.000000 -3.430981 -0.000000 -0.406842 0.000000 -10.525260 0.000000 3.430981 0.000000 0.406842 0.000000 -10.389997  
 19 12 13  0.000000 3.665549 0.000000 0.515166 -0.000000 11.256872 0.000000 -3.665549 -0.000000 -0.515166 -0.000000 11.088316  
 20 13 10  0.000000 -3.396462 0.000000 -0.559484 -0.000000 -10.284784 0.000000 3.396462 -0.000000 0.559484 -0.000000 -10.420047  
 21 15 16  0.000000 1.657274 -0.000000 0.099865 0.000000 5.019071 0.000000 -1.657274 0.000000 -0.099865 0.000000 5.083672  
 22 16 17  0.000000 -1.550651 -0.000000 -0.101055 0.000000 -4.752303 0.000000 1.550651 0.000000 0.101055 0.000000 -4.700466  
 23 17 18  0.000000 1.620899 0.000000 0.109791 -0.000000 4.972802 0.000000 -1.620899 -0.000000 -0.109791 -0.000000 4.908201  
 24 18 15  0.000000 -1.514276 0.000000 -0.118642 -0.000000 -4.589597 0.000000 1.514276 -0.000000 0.118642 -0.000000 -4.641433  
