 1 1 5  37.981757 0.481265 1.035618 -0.000418 -2.481567 1.192190 -37.981757 -0.481265 -1.035618 0.000418 -1.306310 0.568087  
 2 2 6  35.486445 0.481667 1.036203 -0.000418 -2.483304 1.193132 -35.486445 -0.481667 -1.036203 0.000418 -1.306714 0.568613  
 3 3 7  34.018177 0.481987 1.036879 -0.000418 -2.484845 1.194097 -34.018177 -0.481987 -1.036879 0.000418 -1.307644 0.568820  
 4 4 8  36.513620 0.481562 1.036317 -0.000418 -2.483148 1.193129 -36.513620 -0.481562 -1.036317 0.000418 -1.307286 0.568231  
 5 5 10  24.850976 0.397431 0.654778 -0.000101 -0.944611 0.626351 -24.850976 -0.397431 -0.654778 0.000101 -1.450304 0.827293  
 6 6 11  23.833159 0.397600 0.654765 -0.000101 -0.944515 0.626655 -23.833159 -0.397600 -0.654765 0.000101 -1.450353 0.827606  
 7 7 12  23.148976 0.397599 0.655000 -0.000101 -0.944873 0.626603 -23.148976 -0.397599 -0.655000 0.000101 -1.450854 0.827656  
 8 8 13  24.166889 0.397433 0.655011 -0.000101 -0.944965 0.626315 -24.166889 -0.397433 -0.655011 0.000101 -1.450801 0.827335  
 9 10 15  12.178492 0.058807 0.027494 -0.000008 0.195687 -0.032625 -12.178492 -0.058807 -0.027494 0.000008 -0.296250 0.247719  
 10 11 16  11.984083 0.058838 0.027505 -0.000008 0.195691 -0.032587 -11.984083 -0.058838 -0.027505 0.000008 -0.296294 0.247791  
 11 12 17  11.821484 0.058838 0.027541 -0.000008 0.195647 -0.032604 -11.821484 -0.058838 -0.027541 0.000008 -0.296381 0.247809  
 12 13 18  12.015941 0.058808 0.027529 -0.000008 0.195644 -0.032643 -12.015941 -0.058808 -0.027529 0.000008 -0.296336 0.247737  
 13 5 6  0.000000 -0.738752 0.000000 0.000402 -0.000000 -2.251573 0.000000 0.738752 -0.000000 -0.000402 -0.000000 -2.251860  
 14 6 7  0.000000 -0.392038 -0.000000 -0.000631 0.000000 -1.194866 0.000000 0.392038 0.000000 0.000631 0.000000 -1.194997  
 15 7 8  0.000000 -0.738761 -0.000000 0.000425 0.000000 -2.251886 0.000000 0.738761 0.000000 -0.000425 0.000000 -2.251599  
 16 8 5  0.000000 -0.392029 0.000000 -0.000652 -0.000000 -1.194971 0.000000 0.392029 -0.000000 0.000652 -0.000000 -1.194840  
 17 10 11  0.000000 -0.411710 0.000000 0.000157 -0.000000 -1.254869 0.000000 0.411710 -0.000000 -0.000157 -0.000000 -1.254916  
 18 11 12  0.000000 -0.260786 0.000000 -0.000254 -0.000000 -0.794862 0.000000 0.260786 -0.000000 0.000254 -0.000000 -0.794890  
 19 12 13  0.000000 -0.411722 -0.000000 0.000161 0.000000 -1.254953 0.000000 0.411722 0.000000 -0.000161 0.000000 -1.254905  
 20 13 10  0.000000 -0.260774 -0.000000 -0.000252 0.000000 -0.794853 0.000000 0.260774 0.000000 0.000252 0.000000 -0.794825  
 21 15 16  0.000000 -0.097210 -0.000000 0.000018 0.000000 -0.296274 0.000000 0.097210 0.000000 -0.000018 0.000000 -0.296319  
 22 16 17  0.000000 -0.081294 0.000000 -0.000024 -0.000000 -0.247774 0.000000 0.081294 -0.000000 0.000024 -0.000000 -0.247792  
 23 17 18  0.000000 -0.097222 0.000000 0.000017 -0.000000 -0.296356 0.000000 0.097222 -0.000000 -0.000017 -0.000000 -0.296311  
 24 18 15  0.000000 -0.081281 -0.000000 -0.000024 0.000000 -0.247755 0.000000 0.081281 0.000000 0.000024 0.000000 -0.247737  
