 1 1 5  33.500254 -0.343218 -0.232827 0.000088 0.732215 -0.953926 -33.500254 0.343218 0.232827 -0.000088 0.119373 -0.301427  
 2 2 6  36.110594 -0.343075 -0.232859 0.000088 0.731978 -0.953535 -36.110594 0.343075 0.232859 -0.000088 0.119728 -0.301297  
 3 3 7  38.499738 -0.342891 -0.232735 0.000088 0.731588 -0.952774 -38.499738 0.342891 0.232735 -0.000088 0.119663 -0.301384  
 4 4 8  35.889414 -0.343050 -0.232766 0.000088 0.732007 -0.953233 -35.889414 0.343050 0.232766 -0.000088 0.119357 -0.301505  
 5 5 10  22.283518 -0.473440 -0.489843 0.000022 1.034452 -0.932598 -22.283518 0.473440 0.489843 -0.000022 0.757199 -0.799057  
 6 6 11  24.136874 -0.473304 -0.489453 0.000022 1.034010 -0.932334 -24.136874 0.473304 0.489453 -0.000022 0.756212 -0.798823  
 7 7 12  25.716487 -0.473016 -0.489320 0.000022 1.033710 -0.932078 -25.716487 0.473016 0.489320 -0.000022 0.756027 -0.798024  
 8 8 13  23.863121 -0.473150 -0.489734 0.000022 1.034206 -0.932360 -23.863121 0.473150 0.489734 -0.000022 0.757045 -0.798234  
 9 10 15  11.313899 -0.437639 -0.563299 -0.000654 0.908367 -0.670898 -11.313899 0.437639 0.563299 0.000654 1.151956 -0.929809  
 10 11 16  12.072774 -0.441407 -0.564639 -0.000654 0.910295 -0.676229 -12.072774 0.441407 0.564639 0.000654 1.154930 -0.938260  
 11 12 17  12.686127 -0.441522 -0.566940 -0.000654 0.913678 -0.676584 -12.686127 0.441522 0.566940 0.000654 1.159962 -0.938326  
 12 13 18  11.927200 -0.438825 -0.566605 -0.000654 0.913000 -0.672597 -11.927200 0.438825 0.566605 0.000654 1.159415 -0.932448  
 13 5 6  0.000000 0.378489 0.000000 0.000187 -0.000000 1.153704 0.000000 -0.378489 -0.000000 -0.000187 -0.000000 1.153566  
 14 6 7  0.000000 0.404769 0.000000 -0.000172 -0.000000 1.233818 0.000000 -0.404769 -0.000000 0.000172 -0.000000 1.233653  
 15 7 8  0.000000 0.378482 -0.000000 0.000191 0.000000 1.153545 0.000000 -0.378482 0.000000 -0.000191 0.000000 1.153684  
 16 8 5  0.000000 0.404776 -0.000000 -0.000121 0.000000 1.233674 0.000000 -0.404776 0.000000 0.000121 0.000000 1.233838  
 17 10 11  0.000000 0.547235 0.000000 -0.002564 -0.000000 1.667821 0.000000 -0.547235 -0.000000 0.002564 -0.000000 1.668122  
 18 11 12  0.000000 0.483135 0.000000 0.001615 -0.000000 1.472488 0.000000 -0.483135 -0.000000 -0.001615 -0.000000 1.472704  
 19 12 13  0.000000 0.547225 -0.000000 -0.001904 0.000000 1.668091 0.000000 -0.547225 0.000000 0.001904 0.000000 1.667790  
 20 13 10  0.000000 0.483145 -0.000000 0.002255 0.000000 1.472735 0.000000 -0.483145 0.000000 -0.002255 0.000000 1.472519  
 21 15 16  0.000000 0.379444 0.000000 -0.004206 -0.000000 1.155666 0.000000 -0.379444 -0.000000 0.004206 -0.000000 1.157426  
 22 16 17  0.000000 0.306670 0.000000 0.002496 -0.000000 0.934054 0.000000 -0.306670 -0.000000 -0.002496 -0.000000 0.935406  
 23 17 18  0.000000 0.379457 -0.000000 -0.002920 0.000000 1.157465 0.000000 -0.379457 0.000000 0.002920 0.000000 1.155705  
 24 18 15  0.000000 0.306657 -0.000000 0.003710 0.000000 0.935367 0.000000 -0.306657 0.000000 -0.003710 0.000000 0.934015  
