 1 1 5  38.258458 0.378933 0.660029 0.000132 -1.523691 1.125681 -38.258458 -0.378933 -0.660029 -0.000132 -0.890431 0.260304  
 2 2 6  36.984126 0.379612 0.660752 0.000132 -1.525940 1.127249 -36.984126 -0.379612 -0.660752 -0.000132 -0.890828 0.261218  
 3 3 7  33.741469 0.380250 0.661337 0.000132 -1.527344 1.129192 -33.741469 -0.380250 -0.661337 -0.000132 -0.891563 0.261611  
 4 4 8  35.015948 0.379607 0.660593 0.000132 -1.525119 1.127704 -35.015948 -0.379607 -0.660593 -0.000132 -0.891067 0.260746  
 5 5 10  25.321341 0.694455 0.266319 0.000039 -0.324695 1.379471 -25.321341 -0.694455 -0.266319 -0.000039 -0.649392 1.160569  
 6 6 11  24.844762 0.694710 0.266326 0.000039 -0.324588 1.379827 -24.844762 -0.694710 -0.266326 -0.000039 -0.649526 1.161145  
 7 7 12  22.678606 0.694719 0.266552 0.000039 -0.324954 1.379703 -22.678606 -0.694719 -0.266552 -0.000039 -0.649989 1.161303  
 8 8 13  23.155291 0.694468 0.266548 0.000039 -0.325106 1.379346 -23.155291 -0.694468 -0.266548 -0.000039 -0.649820 1.160740  
 9 10 15  12.463689 0.585261 0.021316 0.000894 0.071153 0.875222 -12.463689 -0.585261 -0.021316 -0.000894 -0.149117 1.265429  
 10 11 16  12.366415 0.585220 0.021324 0.000894 0.071194 0.875174 -12.366415 -0.585220 -0.021324 -0.000894 -0.149189 1.265327  
 11 12 17  11.536287 0.584946 0.020592 0.000894 0.072043 0.874946 -11.536287 -0.584946 -0.020592 -0.000894 -0.147359 1.264553  
 12 13 18  11.633609 0.585126 0.020654 0.000894 0.071917 0.875151 -11.633609 -0.585126 -0.020654 -0.000894 -0.147462 1.265006  
 13 5 6  0.000000 -0.398882 -0.000000 0.000620 0.000000 -1.215634 0.000000 0.398882 0.000000 -0.000620 0.000000 -1.215950  
 14 6 7  0.000000 -0.538246 -0.000000 -0.000535 0.000000 -1.640426 0.000000 0.538246 0.000000 0.000535 0.000000 -1.640719  
 15 7 8  0.000000 -0.398892 0.000000 0.000596 -0.000000 -1.215982 0.000000 0.398892 -0.000000 -0.000596 -0.000000 -1.215665  
 16 8 5  0.000000 -0.538235 0.000000 -0.000507 -0.000000 -1.640687 0.000000 0.538235 -0.000000 0.000507 -0.000000 -1.640394  
 17 10 11  0.000000 -0.189660 -0.000000 0.000243 0.000000 -0.578049 0.000000 0.189660 0.000000 -0.000243 0.000000 -0.578117  
 18 11 12  0.000000 -0.668007 -0.000000 0.000215 0.000000 -2.036077 0.000000 0.668007 0.000000 -0.000215 0.000000 -2.036091  
 19 12 13  0.000000 -0.189674 0.000000 0.000157 -0.000000 -0.578161 0.000000 0.189674 -0.000000 -0.000157 -0.000000 -0.578093  
 20 13 10  0.000000 -0.667992 0.000000 0.000190 -0.000000 -2.036048 0.000000 0.667992 -0.000000 -0.000190 -0.000000 -2.036033  
 21 15 16  0.000000 -0.048643 0.000000 -0.000070 -0.000000 -0.148271 0.000000 0.048643 -0.000000 0.000070 -0.000000 -0.148256  
 22 16 17  0.000000 -0.415058 0.000000 0.000933 -0.000000 -1.265397 0.000000 0.415058 -0.000000 -0.000933 -0.000000 -1.264798  
 23 17 18  0.000000 -0.048655 -0.000000 -0.000245 0.000000 -0.148293 0.000000 0.048655 0.000000 0.000245 0.000000 -0.148308  
 24 18 15  0.000000 -0.415046 -0.000000 0.000846 0.000000 -1.264761 0.000000 0.415046 0.000000 -0.000846 0.000000 -1.265360  
