 1 1 5  17.662167 -2.248919 -5.151404 -0.015968 12.273899 -5.142529 -17.662167 2.248919 5.151404 0.015968 6.567878 -3.083115  
 2 2 6  44.103714 -2.805811 -6.014621 -0.015968 14.852949 -6.204350 -44.103714 2.805811 6.014621 0.015968 7.146127 -4.058186  
 3 3 7  54.530913 -2.842970 -6.375272 -0.015968 15.760244 -6.348298 -54.530913 2.842970 6.375272 0.015968 7.557950 -4.050148  
 4 4 8  27.703206 -2.374610 -5.795068 -0.015968 13.705647 -5.416386 -27.703206 2.374610 5.795068 0.015968 7.490393 -3.268987  
 5 5 10  14.151778 -1.489538 -6.618401 0.387348 11.708182 -2.653351 -14.151778 1.489538 6.618401 -0.387348 12.499283 -2.794782  
 6 6 11  27.817316 -1.672698 -7.056656 0.387348 12.202362 -2.966859 -27.817316 1.672698 7.056656 -0.387348 13.608063 -3.151201  
 7 7 12  34.004815 -1.640426 -7.394757 0.387348 12.790609 -2.901797 -34.004815 1.640426 7.394757 -0.387348 14.256453 -3.098226  
 8 8 13  20.026091 -1.482340 -7.129890 0.387348 12.641476 -2.640340 -20.026091 1.482340 7.129890 -0.387348 13.436809 -2.781469  
 9 10 15  9.116253 -1.608031 -2.108612 -0.100359 2.412172 -2.569876 -9.116253 1.608031 2.108612 0.100359 5.300288 -3.311660  
 10 11 16  12.617561 -1.770268 -1.959296 -0.100359 1.824956 -2.913002 -12.617561 1.770268 1.959296 0.100359 5.341366 -3.561931  
 11 12 17  14.962707 -1.800646 -2.046612 -0.100359 1.884381 -2.993317 -14.962707 1.800646 2.046612 0.100359 5.601307 -3.592725  
 12 13 18  11.303479 -1.639385 -2.213099 -0.100359 2.512278 -2.647858 -11.303479 1.639385 2.213099 0.100359 5.582354 -3.348356  
 13 5 6  0.000000 6.397127 -0.000000 -0.616487 0.000000 19.176162 0.000000 -6.397127 0.000000 0.616487 0.000000 19.820722  
 14 6 7  0.000000 2.110728 0.000000 0.472233 -0.000000 6.408558 0.000000 -2.110728 -0.000000 -0.472233 -0.000000 6.458439  
 15 7 8  0.000000 6.415370 0.000000 -0.493507 -0.000000 19.876327 0.000000 -6.415370 -0.000000 0.493507 -0.000000 19.231767  
 16 8 5  0.000000 2.092485 -0.000000 0.900102 0.000000 6.402834 0.000000 -2.092485 0.000000 -0.900102 0.000000 6.352953  
 17 10 11  0.000000 5.101523 0.000000 -0.290615 -0.000000 15.371114 0.000000 -5.101523 -0.000000 0.290615 -0.000000 15.727769  
 18 11 12  0.000000 1.901768 0.000000 0.294750 -0.000000 5.773588 0.000000 -1.901768 -0.000000 -0.294750 -0.000000 5.819592  
 19 12 13  0.000000 5.140340 -0.000000 -0.271952 0.000000 15.846083 0.000000 -5.140340 0.000000 0.271952 0.000000 15.489428  
 20 13 10  0.000000 1.862951 -0.000000 0.459659 0.000000 5.701278 0.000000 -1.862951 0.000000 -0.459659 0.000000 5.655273  
 21 15 16  0.000000 1.770394 -0.000000 -0.064968 0.000000 5.381154 0.000000 -1.770394 0.000000 0.064968 0.000000 5.411169  
 22 16 17  0.000000 1.152833 -0.000000 0.069803 0.000000 3.496962 0.000000 -1.152833 0.000000 -0.069803 0.000000 3.530708  
 23 17 18  0.000000 1.809874 0.000000 -0.062017 -0.000000 5.531504 0.000000 -1.809874 -0.000000 0.062017 -0.000000 5.501488  
 24 18 15  0.000000 1.113353 0.000000 0.080866 -0.000000 3.410373 0.000000 -1.113353 -0.000000 -0.080866 -0.000000 3.376628  
