 1 1 5  34.241605 5.440793 -6.499319 -0.033611 14.631349 12.550011 -34.241605 -5.440793 6.499319 0.033611 9.140561 7.350232  
 2 2 6  58.410452 6.254742 -7.017763 -0.033611 16.187713 14.301229 -58.410452 -6.254742 7.017763 0.033611 9.480456 8.576115  
 3 3 7  37.414990 5.873414 -6.224878 -0.033611 14.455295 13.185313 -37.414990 -5.873414 6.224878 0.033611 8.312819 8.297287  
 4 4 8  13.932953 4.846055 -5.406784 -0.033611 12.255483 10.976425 -13.932953 -4.846055 5.406784 0.033611 7.520370 6.748505  
 5 5 10  22.986894 4.143495 -5.354335 -0.062636 9.262074 6.970771 -22.986894 -4.143495 5.354335 0.062636 10.321943 8.184477  
 6 6 11  35.733725 4.600590 -5.361739 -0.062636 9.047445 7.715226 -35.733725 -4.600590 5.361739 0.062636 10.563653 9.111892  
 7 7 12  24.746398 4.621067 -4.889127 -0.062636 8.237527 7.918900 -24.746398 -4.621067 4.889127 0.062636 9.644943 8.983116  
 8 8 13  12.532983 4.028858 -4.695442 -0.062636 8.159816 6.965012 -12.532983 -4.028858 4.695442 0.062636 9.014234 7.770938  
 9 10 15  11.664366 2.048941 -2.602343 -0.014514 3.628816 2.722243 -11.664366 -2.048941 2.602343 0.014514 5.889513 4.771966  
 10 11 16  15.564815 2.209536 -2.564813 -0.014514 3.413914 2.957748 -15.564815 -2.209536 2.564813 0.014514 5.967147 5.123852  
 11 12 17  12.200823 2.232930 -2.397659 -0.014514 3.170552 3.089427 -12.200823 -2.232930 2.397659 0.014514 5.599125 5.077739  
 12 13 18  8.569996 2.066793 -2.423717 -0.014514 3.365441 2.847970 -8.569996 -2.066793 2.423717 0.014514 5.499547 4.711531  
 13 5 6  0.000000 5.691834 -0.000000 0.926726 0.000000 17.099853 0.000000 -5.691834 0.000000 -0.926726 0.000000 17.597566  
 14 6 7  0.000000 -4.984893 -0.000000 -0.930335 0.000000 -15.364615 0.000000 4.984893 0.000000 0.930335 0.000000 -15.023295  
 15 7 8  0.000000 5.653485 0.000000 1.192892 -0.000000 17.480680 0.000000 -5.653485 -0.000000 -1.192892 -0.000000 16.982967  
 16 8 5  0.000000 -4.946545 0.000000 -1.302781 -0.000000 -14.906409 0.000000 4.946545 -0.000000 1.302781 -0.000000 -15.247729  
 17 10 11  0.000000 4.390216 -0.000000 0.480955 0.000000 13.265723 0.000000 -4.390216 0.000000 -0.480955 0.000000 13.497036  
 18 11 12  0.000000 -3.778694 -0.000000 -0.480530 0.000000 -11.588685 0.000000 3.778694 0.000000 0.480530 0.000000 -11.446231  
 19 12 13  0.000000 4.324268 0.000000 0.626312 -0.000000 13.296025 0.000000 -4.324268 -0.000000 -0.626312 -0.000000 13.064712  
 20 13 10  0.000000 -3.712745 0.000000 -0.685037 -0.000000 -11.245220 0.000000 3.712745 -0.000000 0.685037 -0.000000 -11.387674  
 21 15 16  0.000000 1.916522 0.000000 0.073217 -0.000000 5.797256 0.000000 -1.916522 -0.000000 -0.073217 -0.000000 5.885862  
 22 16 17  0.000000 -1.648293 0.000000 -0.081285 -0.000000 -5.050634 0.000000 1.648293 -0.000000 0.081285 -0.000000 -4.997361  
 23 17 18  0.000000 1.849116 -0.000000 0.080378 0.000000 5.680410 0.000000 -1.849116 0.000000 -0.080378 0.000000 5.591804  
 24 18 15  0.000000 -1.580888 -0.000000 -0.092257 0.000000 -4.791909 0.000000 1.580888 0.000000 0.092257 0.000000 -4.845183  
