 1 1 5  42.444198 1.275937 7.311424 -1.024917 -16.216036 1.940184 -42.444198 -1.275937 -7.311424 1.024917 -10.526229 2.726683  
 2 2 6  21.012660 1.063875 6.373883 -1.024917 -13.821463 1.680822 -21.012660 -1.063875 -6.373883 1.024917 -9.491653 2.210407  
 3 3 7  29.448201 1.173599 6.909564 -1.024917 -15.003786 1.832063 -29.448201 -1.173599 -6.909564 1.024917 -10.268634 2.460493  
 4 4 8  51.094941 1.385555 7.696752 -1.024917 -17.028327 2.096919 -51.094941 -1.385555 -7.696752 1.024917 -11.123314 2.970888  
 5 5 10  26.176353 -1.942060 2.688913 0.074135 -4.057149 -4.661757 -26.176353 1.942060 -2.688913 -0.074135 -5.777820 -2.441521  
 6 6 11  14.449746 -1.610890 2.726954 0.074135 -4.480347 -3.823705 -14.449746 1.610890 -2.726954 -0.074135 -5.493762 -2.068286  
 7 7 12  21.740819 -1.702555 3.044199 0.074135 -4.964360 -4.159113 -21.740819 1.702555 -3.044199 -0.074135 -6.170101 -2.068154  
 8 8 13  33.633082 -1.999802 2.902791 0.074135 -4.400593 -4.851591 -33.633082 1.999802 -2.902791 -0.074135 -6.216654 -2.462886  
 9 10 15  12.615630 -2.534512 3.239253 -0.018845 -5.268658 -4.378717 -12.615630 2.534512 -3.239253 0.018845 -6.579235 -4.891514  
 10 11 16  8.273690 -2.344982 3.175922 -0.018845 -5.238588 -4.050091 -8.273690 2.344982 -3.175922 0.018845 -6.377664 -4.526915  
 11 12 17  11.337918 -2.384513 3.384684 -0.018845 -5.565481 -4.113270 -11.337918 2.384513 -3.384684 0.018845 -6.814340 -4.608324  
 12 13 18  15.772762 -2.554031 3.414264 -0.018845 -5.507616 -4.405669 -15.772762 2.554031 -3.414264 0.018845 -6.980397 -4.935954  
 13 5 6  0.000000 -4.858659 -0.000000 0.142011 0.000000 -15.034765 0.000000 4.858659 0.000000 -0.142011 0.000000 -14.583620  
 14 6 7  0.000000 0.578427 0.000000 -0.611621 -0.000000 1.755309 0.000000 -0.578427 -0.000000 0.611621 -0.000000 1.770785  
 15 7 8  0.000000 -4.871045 0.000000 0.072164 -0.000000 -14.621374 0.000000 4.871045 -0.000000 -0.072164 -0.000000 -15.072519  
 16 8 5  0.000000 0.590814 -0.000000 -0.451388 0.000000 1.808538 0.000000 -0.590814 0.000000 0.451388 0.000000 1.793062  
 17 10 11  0.000000 -3.701427 0.000000 0.323212 -0.000000 -11.357655 0.000000 3.701427 -0.000000 -0.323212 -0.000000 -11.206247  
 18 11 12  0.000000 2.122516 -0.000000 -0.473897 0.000000 6.441589 0.000000 -2.122516 0.000000 0.473897 0.000000 6.497270  
 19 12 13  0.000000 -3.719616 -0.000000 0.315846 0.000000 -11.261685 0.000000 3.719616 0.000000 -0.315846 0.000000 -11.413093  
 20 13 10  0.000000 2.140705 0.000000 -0.311177 -0.000000 6.552708 0.000000 -2.140705 -0.000000 0.311177 -0.000000 6.497027  
 21 15 16  0.000000 -2.182583 -0.000000 0.146903 0.000000 -6.744420 0.000000 2.182583 0.000000 -0.146903 0.000000 -6.560605  
 22 16 17  0.000000 1.543727 -0.000000 -0.182942 0.000000 4.673818 0.000000 -1.543727 0.000000 0.182942 0.000000 4.736742  
 23 17 18  0.000000 -2.205809 0.000000 0.128418 -0.000000 -6.631398 0.000000 2.205809 -0.000000 -0.128418 -0.000000 -6.815212  
 24 18 15  0.000000 1.566953 0.000000 -0.165185 -0.000000 4.807535 0.000000 -1.566953 -0.000000 0.165185 -0.000000 4.744611  
