 1 1 5  39.038917 0.689801 0.645253 -0.000052 -1.735408 1.696052 -39.038917 -0.689801 -0.645253 0.000052 -0.624668 0.826966  
 2 2 6  35.219710 0.690410 0.645691 -0.000052 -1.736802 1.697438 -35.219710 -0.690410 -0.645691 0.000052 -0.624878 0.827804  
 3 3 7  32.961020 0.690811 0.646334 -0.000052 -1.738276 1.698599 -32.961020 -0.690811 -0.646334 0.000052 -0.625755 0.828110  
 4 4 8  36.780353 0.690229 0.645868 -0.000052 -1.736812 1.697293 -36.780353 -0.690229 -0.645868 0.000052 -0.625515 0.827291  
 5 5 10  25.802484 0.512105 0.777713 -0.000022 -1.483226 0.832352 -25.802484 -0.512105 -0.777713 0.000022 -1.361335 1.040723  
 6 6 11  23.366884 0.512330 0.777800 -0.000022 -1.483253 0.832771 -23.366884 -0.512330 -0.777800 0.000022 -1.361628 1.041127  
 7 7 12  22.197475 0.512323 0.778037 -0.000022 -1.483673 0.832607 -22.197475 -0.512323 -0.778037 0.000022 -1.362076 1.041266  
 8 8 13  24.633157 0.512111 0.777941 -0.000022 -1.483633 0.832223 -24.633157 -0.512111 -0.777941 0.000022 -1.361763 1.040876  
 9 10 15  12.637558 0.203724 0.643394 -0.001431 -0.950969 0.199008 -12.637558 -0.203724 -0.643394 0.001431 -1.402309 0.546132  
 10 11 16  11.718939 0.201714 0.642985 -0.001431 -0.950860 0.196757 -11.718939 -0.201714 -0.642985 0.001431 -1.400923 0.541033  
 11 12 17  11.362432 0.201330 0.641466 -0.001431 -0.949246 0.196459 -11.362432 -0.201330 -0.641466 0.001431 -1.396979 0.539927  
 12 13 18  12.281071 0.203729 0.642383 -0.001431 -0.949830 0.199045 -12.281071 -0.203729 -0.642383 0.001431 -1.399750 0.546114  
 13 5 6  0.000000 -0.691809 0.000000 0.000613 -0.000000 -2.108505 0.000000 0.691809 -0.000000 -0.000613 -0.000000 -2.108763  
 14 6 7  0.000000 -0.544635 0.000000 -0.000632 -0.000000 -1.659963 0.000000 0.544635 -0.000000 0.000632 -0.000000 -1.660132  
 15 7 8  0.000000 -0.691820 -0.000000 0.000586 0.000000 -2.108796 0.000000 0.691820 0.000000 -0.000586 0.000000 -2.108537  
 16 8 5  0.000000 -0.544624 -0.000000 -0.000611 0.000000 -1.660100 0.000000 0.544624 0.000000 0.000611 0.000000 -1.659930  
 17 10 11  0.000000 -0.758498 0.000000 -0.000948 -0.000000 -2.311925 0.000000 0.758498 -0.000000 0.000948 -0.000000 -2.311881  
 18 11 12  0.000000 -0.406443 0.000000 0.000607 -0.000000 -1.238832 0.000000 0.406443 -0.000000 -0.000607 -0.000000 -1.238847  
 19 12 13  0.000000 -0.758514 -0.000000 -0.001122 0.000000 -2.311929 0.000000 0.758514 0.000000 0.001122 0.000000 -2.311973  
 20 13 10  0.000000 -0.406428 -0.000000 0.000380 0.000000 -1.238799 0.000000 0.406428 0.000000 -0.000380 0.000000 -1.238783  
 21 15 16  0.000000 -0.459312 -0.000000 -0.002557 0.000000 -1.401022 0.000000 0.459312 0.000000 0.002557 0.000000 -1.398944  
 22 16 17  0.000000 -0.178251 -0.000000 0.001980 0.000000 -0.543590 0.000000 0.178251 0.000000 -0.001980 0.000000 -0.543028  
 23 17 18  0.000000 -0.459317 0.000000 -0.003101 -0.000000 -1.398959 0.000000 0.459317 -0.000000 0.003101 -0.000000 -1.401037  
 24 18 15  0.000000 -0.178246 0.000000 0.001287 -0.000000 -0.543013 0.000000 0.178246 -0.000000 -0.001287 -0.000000 -0.543575  
