 1 1 5  40.458698 -2.804790 4.480890 0.172083 -10.469436 -6.114039 -40.458698 2.804790 -4.480890 -0.172083 -5.919867 -4.144759  
 2 2 6  26.266378 -2.495890 4.159283 0.172083 -9.544560 -5.496179 -26.266378 2.495890 -4.159283 -0.172083 -5.668434 -3.632786  
 3 3 7  31.515971 -2.578520 4.373864 0.172083 -10.017824 -5.691227 -31.515971 2.578520 -4.373864 -0.172083 -5.980022 -3.739968  
 4 4 8  45.758953 -2.851564 4.622424 0.172083 -10.788262 -6.244318 -45.758953 2.851564 -4.622424 -0.172083 -6.118718 -4.185564  
 5 5 10  26.671368 -1.285810 3.095618 0.077604 -5.003830 -1.701100 -26.671368 1.285810 -3.095618 -0.077604 -6.318703 -3.001877  
 6 6 11  19.668927 -1.170516 3.029220 0.077604 -4.979196 -1.510672 -19.668927 1.170516 -3.029220 -0.077604 -6.100480 -2.770607  
 7 7 12  21.311059 -1.161326 3.101409 0.077604 -5.110411 -1.469919 -21.311059 1.161326 -3.101409 -0.077604 -6.233303 -2.777745  
 8 8 13  28.348646 -1.273985 3.149541 0.077604 -5.096311 -1.653607 -28.348646 1.273985 -3.149541 -0.077604 -6.423450 -3.006121  
 9 10 15  12.932954 0.100176 1.193113 -0.014169 -1.229361 0.643169 -12.932954 -0.100176 -1.193113 0.014169 -3.134569 -0.276765  
 10 11 16  10.889400 0.095147 1.224660 -0.014169 -1.370112 0.612982 -10.889400 -0.095147 -1.224660 0.014169 -3.109202 -0.264972  
 11 12 17  11.058310 0.096558 1.229213 -0.014169 -1.374645 0.617870 -11.058310 -0.096558 -1.229213 0.014169 -3.121326 -0.264700  
 12 13 18  13.119336 0.101489 1.197194 -0.014169 -1.233191 0.647696 -13.119336 -0.101489 -1.197194 0.014169 -3.145664 -0.276491  
 13 5 6  0.000000 -3.596879 0.000000 0.345289 -0.000000 -11.063452 0.000000 3.596879 -0.000000 -0.345289 -0.000000 -10.863120  
 14 6 7  0.000000 1.805670 0.000000 -0.215490 -0.000000 5.488747 0.000000 -1.805670 -0.000000 0.215490 -0.000000 5.518617  
 15 7 8  0.000000 -3.600758 -0.000000 0.308730 0.000000 -10.874944 0.000000 3.600758 0.000000 -0.308730 0.000000 -11.075275  
 16 8 5  0.000000 1.809549 -0.000000 -0.139754 0.000000 5.530440 0.000000 -1.809549 0.000000 0.139754 0.000000 5.500570  
 17 10 11  0.000000 -2.481653 0.000000 0.093808 -0.000000 -7.595619 0.000000 2.481653 -0.000000 -0.093808 -0.000000 -7.532536  
 18 11 12  0.000000 0.738820 -0.000000 -0.061944 0.000000 2.251432 0.000000 -0.738820 0.000000 0.061944 0.000000 2.252416  
 19 12 13  0.000000 -2.486071 -0.000000 0.092541 0.000000 -7.546004 0.000000 2.486071 0.000000 -0.092541 0.000000 -7.609086  
 20 13 10  0.000000 0.743239 0.000000 -0.047555 -0.000000 2.265884 0.000000 -0.743239 -0.000000 0.047555 -0.000000 2.264900  
 21 15 16  0.000000 -1.023961 0.000000 -0.000761 -0.000000 -3.133460 0.000000 1.023961 -0.000000 0.000761 -0.000000 -3.108607  
 22 16 17  0.000000 0.086639 -0.000000 0.000595 0.000000 0.264212 0.000000 -0.086639 0.000000 -0.000595 0.000000 0.263938  
 23 17 18  0.000000 -1.028329 -0.000000 -0.000762 0.000000 -3.121921 0.000000 1.028329 0.000000 0.000762 0.000000 -3.146774  
 24 18 15  0.000000 0.091007 0.000000 0.001110 -0.000000 0.277252 0.000000 -0.091007 -0.000000 -0.001110 -0.000000 0.277526  
