 1 1 5  36.326222 -0.110971 0.184223 -0.000070 -0.476163 -0.263436 -36.326222 0.110971 -0.184223 0.000070 -0.197651 -0.142452  
 2 2 6  35.375786 -0.111027 0.184260 -0.000070 -0.476306 -0.263557 -35.375786 0.111027 -0.184260 0.000070 -0.197642 -0.142537  
 3 3 7  35.673783 -0.111019 0.184245 -0.000070 -0.476263 -0.263527 -35.673783 0.111019 -0.184245 0.000070 -0.197633 -0.142537  
 4 4 8  36.624208 -0.110952 0.184207 -0.000070 -0.476111 -0.263396 -36.624208 0.110952 -0.184207 0.000070 -0.197644 -0.142424  
 5 5 10  24.228550 -0.059200 0.175317 -0.000010 -0.331377 -0.088817 -24.228550 0.059200 -0.175317 0.000010 -0.309863 -0.127714  
 6 6 11  23.625242 -0.059216 0.175328 -0.000010 -0.331401 -0.088834 -23.625242 0.059216 -0.175328 0.000010 -0.309878 -0.127754  
 7 7 12  23.771454 -0.059218 0.175319 -0.000010 -0.331383 -0.088843 -23.771454 0.059218 -0.175319 0.000010 -0.309865 -0.127753  
 8 8 13  24.374754 -0.059202 0.175307 -0.000010 -0.331353 -0.088826 -24.374754 0.059202 -0.175307 0.000010 -0.309850 -0.127711  
 9 10 15  12.094402 -0.025997 0.166661 0.000001 -0.252709 -0.025955 -12.094402 0.025997 -0.166661 -0.000001 -0.356868 -0.069131  
 10 11 16  11.860235 -0.025998 0.166659 0.000001 -0.252701 -0.025955 -11.860235 0.025998 -0.166659 -0.000001 -0.356871 -0.069135  
 11 12 17  11.905600 -0.025998 0.166657 0.000001 -0.252698 -0.025956 -11.905600 0.025998 -0.166657 -0.000001 -0.356867 -0.069135  
 12 13 18  12.139763 -0.025997 0.166659 0.000001 -0.252706 -0.025956 -12.139763 0.025997 -0.166659 -0.000001 -0.356864 -0.069131  
 13 5 6  0.000000 -0.173564 0.000000 -0.000049 -0.000000 -0.529014 0.000000 0.173564 -0.000000 0.000049 -0.000000 -0.529031  
 14 6 7  0.000000 0.075892 0.000000 0.000012 -0.000000 0.231321 0.000000 -0.075892 -0.000000 -0.000012 -0.000000 0.231316  
 15 7 8  0.000000 -0.173563 -0.000000 -0.000064 0.000000 -0.529028 0.000000 0.173563 0.000000 0.000064 0.000000 -0.529011  
 16 8 5  0.000000 0.075891 -0.000000 0.000014 0.000000 0.231314 0.000000 -0.075891 0.000000 -0.000014 0.000000 0.231319  
 17 10 11  0.000000 -0.184570 0.000000 -0.000018 -0.000000 -0.562566 0.000000 0.184570 -0.000000 0.000018 -0.000000 -0.562573  
 18 11 12  0.000000 0.050423 -0.000000 0.000007 0.000000 0.153690 0.000000 -0.050423 0.000000 -0.000007 0.000000 0.153690  
 19 12 13  0.000000 -0.184569 -0.000000 -0.000019 0.000000 -0.562569 0.000000 0.184569 0.000000 0.000019 0.000000 -0.562563  
 20 13 10  0.000000 0.050422 0.000000 0.000006 -0.000000 0.153687 0.000000 -0.050422 -0.000000 -0.000006 -0.000000 0.153687  
 21 15 16  0.000000 -0.117083 -0.000000 -0.000000 0.000000 -0.356868 0.000000 0.117083 0.000000 0.000000 0.000000 -0.356870  
 22 16 17  0.000000 0.022682 -0.000000 0.000000 0.000000 0.069135 0.000000 -0.022682 0.000000 -0.000000 0.000000 0.069135  
 23 17 18  0.000000 -0.117082 0.000000 -0.000000 -0.000000 -0.356867 0.000000 0.117082 -0.000000 0.000000 -0.000000 -0.356864  
 24 18 15  0.000000 0.022681 0.000000 0.000001 -0.000000 0.069132 0.000000 -0.022681 -0.000000 -0.000001 -0.000000 0.069132  
