 1 1 5  36.198758 -0.077047 0.179099 -0.000019 -0.428031 -0.170449 -36.198758 0.077047 -0.179099 0.000019 -0.227040 -0.111357  
 2 2 6  35.724690 -0.077009 0.179215 -0.000019 -0.428417 -0.170374 -35.724690 0.077009 -0.179215 0.000019 -0.227080 -0.111295  
 3 3 7  35.801233 -0.076942 0.179275 -0.000019 -0.428535 -0.170170 -35.801233 0.076942 -0.179275 0.000019 -0.227182 -0.111254  
 4 4 8  36.275319 -0.076971 0.179130 -0.000019 -0.428110 -0.170239 -36.275319 0.076971 -0.179130 0.000019 -0.227074 -0.111290  
 5 5 10  24.110505 -0.015504 0.104941 -0.000007 -0.156786 -0.003582 -24.110505 0.015504 -0.104941 0.000007 -0.227045 -0.053127  
 6 6 11  23.888328 -0.015496 0.104946 -0.000007 -0.156776 -0.003572 -23.888328 0.015496 -0.104946 0.000007 -0.227074 -0.053106  
 7 7 12  23.889489 -0.015497 0.104960 -0.000007 -0.156789 -0.003593 -23.889489 0.015497 -0.104960 0.000007 -0.227112 -0.053087  
 8 8 13  24.111678 -0.015506 0.104954 -0.000007 -0.156817 -0.003606 -24.111678 0.015506 -0.104954 0.000007 -0.227061 -0.053109  
 9 10 15  12.036369 0.014035 0.030495 -0.000003 -0.017332 0.034692 -12.036369 -0.014035 -0.030495 0.000003 -0.094208 0.016642  
 10 11 16  11.974552 0.014035 0.030490 -0.000003 -0.017308 0.034691 -11.974552 -0.014035 -0.030490 0.000003 -0.094213 0.016643  
 11 12 17  11.963628 0.014032 0.030492 -0.000003 -0.017310 0.034679 -11.963628 -0.014032 -0.030492 0.000003 -0.094218 0.016645  
 12 13 18  12.025451 0.014032 0.030497 -0.000003 -0.017334 0.034680 -12.025451 -0.014032 -0.030497 0.000003 -0.094213 0.016644  
 13 5 6  0.000000 -0.125946 -0.000000 0.000034 0.000000 -0.383857 0.000000 0.125946 0.000000 -0.000034 0.000000 -0.383912  
 14 6 7  0.000000 0.037692 0.000000 -0.000056 -0.000000 0.114901 0.000000 -0.037692 -0.000000 0.000056 -0.000000 0.114870  
 15 7 8  0.000000 -0.125948 0.000000 0.000023 -0.000000 -0.383916 0.000000 0.125948 -0.000000 -0.000023 -0.000000 -0.383861  
 16 8 5  0.000000 0.037693 -0.000000 -0.000031 0.000000 0.114873 0.000000 -0.037693 0.000000 0.000031 0.000000 0.114904  
 17 10 11  0.000000 -0.080181 0.000000 0.000007 -0.000000 -0.244383 0.000000 0.080181 -0.000000 -0.000007 -0.000000 -0.244399  
 18 11 12  0.000000 0.006043 0.000000 -0.000018 -0.000000 0.018423 0.000000 -0.006043 -0.000000 0.000018 -0.000000 0.018416  
 19 12 13  0.000000 -0.080183 -0.000000 0.000008 0.000000 -0.244405 0.000000 0.080183 0.000000 -0.000008 0.000000 -0.244388  
 20 13 10  0.000000 0.006045 -0.000000 -0.000007 0.000000 0.018422 0.000000 -0.006045 0.000000 0.000007 0.000000 0.018428  
 21 15 16  0.000000 -0.030909 -0.000000 -0.000002 0.000000 -0.094208 0.000000 0.030909 0.000000 0.000002 0.000000 -0.094213  
 22 16 17  0.000000 -0.005461 0.000000 -0.000000 -0.000000 -0.016645 0.000000 0.005461 -0.000000 0.000000 -0.000000 -0.016647  
 23 17 18  0.000000 -0.030911 0.000000 -0.000002 -0.000000 -0.094218 0.000000 0.030911 -0.000000 0.000002 -0.000000 -0.094213  
 24 18 15  0.000000 -0.005460 -0.000000 0.000000 0.000000 -0.016642 0.000000 0.005460 0.000000 -0.000000 0.000000 -0.016640  
