 1 1 5  26.641836 -4.270261 -0.087915 0.168846 0.140990 -10.135142 -26.641836 4.270261 0.087915 -0.168846 0.180567 -5.483766  
 2 2 6  23.725360 -4.154583 -0.053733 0.168846 0.050254 -9.871755 -23.725360 4.154583 0.053733 -0.168846 0.146280 -5.324048  
 3 3 7  45.329861 -4.555433 -0.085732 0.168846 0.106318 -11.293233 -45.329861 4.555433 0.085732 -0.168846 0.207255 -5.368719  
 4 4 8  48.302944 -4.598612 -0.118640 0.168846 0.199694 -11.403746 -48.302944 4.598612 0.118640 -0.168846 0.234245 -5.416136  
 5 5 10  18.943323 -4.362264 0.074037 0.188798 -0.485643 -7.958890 -18.943323 4.362264 -0.074037 -0.188798 0.214846 -7.996527  
 6 6 11  16.222432 -4.220274 0.077260 0.188798 -0.465898 -7.698459 -16.222432 4.220274 -0.077260 -0.188798 0.183311 -7.737614  
 7 7 12  29.034657 -4.458184 0.082337 0.188798 -0.515442 -8.084517 -29.034657 4.458184 -0.082337 -0.188798 0.214286 -8.221737  
 8 8 13  31.799587 -4.576194 0.081193 0.188798 -0.531957 -8.301486 -31.799587 4.576194 -0.081193 -0.188798 0.234986 -8.436402  
 9 10 15  10.511120 -3.184490 1.158021 -0.014190 -2.142872 -4.948242 -10.511120 3.184490 -1.158021 0.014190 -2.092706 -6.699348  
 10 11 16  9.105622 -3.088326 1.145396 -0.014190 -2.109843 -4.809109 -9.105622 3.088326 -1.145396 0.014190 -2.079557 -6.486754  
 11 12 17  13.476268 -3.089924 1.244378 -0.014190 -2.319283 -4.626449 -13.476268 3.089924 -1.244378 0.014190 -2.232154 -6.675257  
 12 13 18  14.906990 -3.171511 1.255413 -0.014190 -2.351415 -4.741135 -14.906990 3.171511 -1.255413 0.014190 -2.240382 -6.858982  
 13 5 6  0.000000 -0.099363 0.000000 0.205286 -0.000000 -0.296605 0.000000 0.099363 -0.000000 -0.205286 -0.000000 -0.309114  
 14 6 7  0.000000 4.397709 -0.000000 0.010504 0.000000 13.227793 0.000000 -4.397709 0.000000 -0.010504 0.000000 13.580640  
 15 7 8  0.000000 -0.102505 -0.000000 0.127405 0.000000 -0.318691 0.000000 0.102505 0.000000 -0.127405 0.000000 -0.306182  
 16 8 5  0.000000 4.400851 0.000000 0.008471 -0.000000 13.590217 0.000000 -4.400851 -0.000000 -0.008471 -0.000000 13.237370  
 17 10 11  0.000000 -0.660049 0.000000 0.191855 -0.000000 -2.015060 0.000000 0.660049 -0.000000 -0.191855 -0.000000 -2.008596  
 18 11 12  0.000000 4.223142 0.000000 -0.082065 -0.000000 12.738578 0.000000 -4.223142 -0.000000 0.082065 -0.000000 13.005693  
 19 12 13  0.000000 -0.664752 -0.000000 0.157507 0.000000 -2.022932 0.000000 0.664752 0.000000 -0.157507 0.000000 -2.029396  
 20 13 10  0.000000 4.227845 -0.000000 -0.087034 0.000000 13.020029 0.000000 -4.227845 0.000000 0.087034 0.000000 12.752914  
 21 15 16  0.000000 -0.705902 -0.000000 0.096687 0.000000 -2.156933 0.000000 0.705902 0.000000 -0.096687 0.000000 -2.146244  
 22 16 17  0.000000 2.188476 -0.000000 -0.066688 0.000000 6.583440 0.000000 -2.188476 0.000000 0.066688 0.000000 6.757509  
 23 17 18  0.000000 -0.712208 0.000000 0.082252 -0.000000 -2.165466 0.000000 0.712208 -0.000000 -0.082252 -0.000000 -2.176155  
 24 18 15  0.000000 2.194782 0.000000 -0.064227 -0.000000 6.776730 0.000000 -2.194782 -0.000000 0.064227 -0.000000 6.602661  
