 1 1 5  37.758301 0.263632 0.295258 -0.000053 -0.794521 0.703203 -37.758301 -0.263632 -0.295258 0.000053 -0.285413 0.261057  
 2 2 6  35.902492 0.264181 0.295699 -0.000053 -0.795876 0.704454 -35.902492 -0.264181 -0.295699 0.000053 -0.285673 0.261816  
 3 3 7  34.241624 0.264546 0.296284 -0.000053 -0.797210 0.705529 -34.241624 -0.264546 -0.296284 0.000053 -0.286477 0.262073  
 4 4 8  36.097583 0.264049 0.295788 -0.000053 -0.795765 0.704395 -36.097583 -0.264049 -0.295788 0.000053 -0.286111 0.261390  
 5 5 10  25.165904 0.289878 0.347292 -0.000020 -0.680634 0.577253 -25.165904 -0.289878 -0.347292 0.000020 -0.589620 0.483006  
 6 6 11  23.944389 0.290078 0.347285 -0.000020 -0.680548 0.577631 -23.944389 -0.290078 -0.347285 0.000020 -0.589683 0.483356  
 7 7 12  22.834041 0.290065 0.347494 -0.000020 -0.680909 0.577490 -22.834041 -0.290065 -0.347494 0.000020 -0.590084 0.483451  
 8 8 13  24.055665 0.289878 0.347496 -0.000020 -0.681016 0.577132 -24.055665 -0.289878 -0.347496 0.000020 -0.589986 0.483124  
 9 10 15  12.465954 0.330583 0.347784 -0.000040 -0.536996 0.523565 -12.465954 -0.330583 -0.347784 0.000040 -0.735058 0.685574  
 10 11 16  11.983768 0.330480 0.347829 -0.000040 -0.537052 0.523468 -11.983768 -0.330480 -0.347829 0.000040 -0.735167 0.685297  
 11 12 17  11.534021 0.330334 0.347570 -0.000040 -0.536779 0.523282 -11.534021 -0.330334 -0.347570 0.000040 -0.734493 0.684946  
 12 13 18  12.016257 0.330621 0.347706 -0.000040 -0.536932 0.523594 -12.016257 -0.330621 -0.347706 0.000040 -0.734839 0.685686  
 13 5 6  0.000000 -0.317152 -0.000000 0.000553 0.000000 -0.966571 0.000000 0.317152 0.000000 -0.000553 0.000000 -0.966788  
 14 6 7  0.000000 -0.275255 -0.000000 -0.000567 0.000000 -0.838894 0.000000 0.275255 0.000000 0.000567 0.000000 -0.839058  
 15 7 8  0.000000 -0.317162 0.000000 0.000505 -0.000000 -0.966819 0.000000 0.317162 -0.000000 -0.000505 -0.000000 -0.966602  
 16 8 5  0.000000 -0.275245 0.000000 -0.000525 -0.000000 -0.839027 0.000000 0.275245 -0.000000 0.000525 -0.000000 -0.838863  
 17 10 11  0.000000 -0.369672 0.000000 0.000104 -0.000000 -1.126744 0.000000 0.369672 -0.000000 -0.000104 -0.000000 -1.126776  
 18 11 12  0.000000 -0.330293 0.000000 -0.000041 -0.000000 -1.006721 0.000000 0.330293 -0.000000 0.000041 -0.000000 -1.006748  
 19 12 13  0.000000 -0.369687 -0.000000 -0.000015 0.000000 -1.126822 0.000000 0.369687 0.000000 0.000015 0.000000 -1.126790  
 20 13 10  0.000000 -0.330278 -0.000000 -0.000128 0.000000 -1.006702 0.000000 0.330278 0.000000 0.000128 0.000000 -1.006675  
 21 15 16  0.000000 -0.241099 -0.000000 -0.000157 0.000000 -0.734930 0.000000 0.241099 0.000000 0.000157 0.000000 -0.734811  
 22 16 17  0.000000 -0.224867 0.000000 0.000356 -0.000000 -0.685454 0.000000 0.224867 -0.000000 -0.000356 -0.000000 -0.685335  
 23 17 18  0.000000 -0.241112 0.000000 -0.000389 -0.000000 -0.734849 0.000000 0.241112 -0.000000 0.000389 -0.000000 -0.734967  
 24 18 15  0.000000 -0.224855 -0.000000 0.000128 0.000000 -0.685297 0.000000 0.224855 0.000000 -0.000128 0.000000 -0.685417  
