 1 1 5  38.331576 0.274080 1.247726 -0.000418 -2.956366 0.754042 -38.331576 -0.274080 -1.247726 0.000418 -1.607318 0.248434  
 2 2 6  35.575252 0.274482 1.248312 -0.000418 -2.958104 0.754984 -35.575252 -0.274482 -1.248312 0.000418 -1.607722 0.248960  
 3 3 7  33.668358 0.274802 1.248988 -0.000418 -2.959645 0.755949 -33.668358 -0.274802 -1.248988 0.000418 -1.608652 0.249167  
 4 4 8  36.424813 0.274376 1.248426 -0.000418 -2.957948 0.754981 -36.424813 -0.274376 -1.248426 0.000418 -1.608293 0.248578  
 5 5 10  25.168663 0.355867 0.707878 -0.000101 -0.977746 0.709797 -25.168663 -0.355867 -0.707878 0.000101 -1.611387 0.591820  
 6 6 11  24.109089 0.356035 0.707865 -0.000101 -0.977650 0.710101 -24.109089 -0.356035 -0.707865 0.000101 -1.611436 0.592134  
 7 7 12  22.831288 0.356035 0.708100 -0.000101 -0.978008 0.710049 -22.831288 -0.356035 -0.708100 0.000101 -1.611938 0.592183  
 8 8 13  23.890959 0.355868 0.708110 -0.000101 -0.978100 0.709761 -23.890959 -0.355868 -0.708110 0.000101 -1.611885 0.591862  
 9 10 15  12.345140 0.370527 0.000853 -0.000008 0.271808 0.578254 -12.345140 -0.370527 -0.000853 0.000008 -0.274927 0.776985  
 10 11 16  12.164723 0.370557 0.000864 -0.000008 0.271812 0.578292 -12.164723 -0.370557 -0.000864 0.000008 -0.274971 0.777058  
 11 12 17  11.654836 0.370557 0.000899 -0.000008 0.271768 0.578275 -11.654836 -0.370557 -0.000899 0.000008 -0.275057 0.777075  
 12 13 18  11.835301 0.370527 0.000888 -0.000008 0.271765 0.578237 -11.835301 -0.370527 -0.000888 0.000008 -0.275013 0.777004  
 13 5 6  0.000000 -0.848379 0.000000 0.000402 -0.000000 -2.585716 0.000000 0.848379 -0.000000 -0.000402 -0.000000 -2.586003  
 14 6 7  0.000000 -0.314542 0.000000 -0.000631 -0.000000 -0.958659 0.000000 0.314542 -0.000000 0.000631 -0.000000 -0.958790  
 15 7 8  0.000000 -0.848388 -0.000000 0.000425 0.000000 -2.586029 0.000000 0.848388 0.000000 -0.000425 0.000000 -2.585742  
 16 8 5  0.000000 -0.314534 -0.000000 -0.000652 0.000000 -0.958764 0.000000 0.314534 0.000000 0.000652 0.000000 -0.958633  
 17 10 11  0.000000 -0.439585 -0.000000 0.000157 0.000000 -1.339831 0.000000 0.439585 0.000000 -0.000157 0.000000 -1.339879  
 18 11 12  0.000000 -0.383951 -0.000000 -0.000254 0.000000 -1.170269 0.000000 0.383951 0.000000 0.000254 0.000000 -1.170297  
 19 12 13  0.000000 -0.439597 0.000000 0.000161 -0.000000 -1.339915 0.000000 0.439597 -0.000000 -0.000161 -0.000000 -1.339868  
 20 13 10  0.000000 -0.383939 0.000000 -0.000252 -0.000000 -1.170260 0.000000 0.383939 -0.000000 0.000252 -0.000000 -1.170232  
 21 15 16  0.000000 -0.090214 0.000000 0.000018 -0.000000 -0.274951 0.000000 0.090214 -0.000000 -0.000018 -0.000000 -0.274996  
 22 16 17  0.000000 -0.254937 0.000000 -0.000024 -0.000000 -0.777040 0.000000 0.254937 -0.000000 0.000024 -0.000000 -0.777058  
 23 17 18  0.000000 -0.090227 -0.000000 0.000017 0.000000 -0.275033 0.000000 0.090227 0.000000 -0.000017 0.000000 -0.274988  
 24 18 15  0.000000 -0.254925 -0.000000 -0.000024 0.000000 -0.777021 0.000000 0.254925 0.000000 0.000024 0.000000 -0.777003  
