 1 1 5  35.927009 -0.964725 0.418343 0.000171 -0.999516 -2.204495 -35.927009 0.964725 -0.418343 -0.000171 -0.530617 -1.324084  
 2 2 6  34.640952 -0.963376 0.419720 0.000171 -1.003771 -2.201301 -34.640952 0.963376 -0.419720 -0.000171 -0.531398 -1.322341  
 3 3 7  36.072863 -0.962822 0.420965 0.000171 -1.006712 -2.199254 -36.072863 0.962822 -0.420965 -0.000171 -0.533011 -1.322365  
 4 4 8  37.359176 -0.964083 0.419486 0.000171 -1.002344 -2.202339 -37.359176 0.964083 -0.419486 -0.000171 -0.531968 -1.323890  
 5 5 10  24.184947 -0.356078 0.229032 -0.000305 -0.366928 -0.362405 -24.184947 0.356078 -0.229032 0.000305 -0.470778 -0.939987  
 6 6 11  23.488752 -0.355662 0.228993 -0.000305 -0.366594 -0.361788 -23.488752 0.355662 -0.228993 0.000305 -0.470972 -0.939079  
 7 7 12  23.814960 -0.355524 0.229658 -0.000305 -0.367589 -0.361514 -23.814960 0.355524 -0.229658 0.000305 -0.472409 -0.938850  
 8 8 13  24.511341 -0.355984 0.229644 -0.000305 -0.367900 -0.362191 -24.511341 0.355984 -0.229644 0.000305 -0.472047 -0.939856  
 9 10 15  12.142896 0.120870 0.161172 -0.000036 -0.215298 0.380899 -12.142896 -0.120870 -0.161172 0.000036 -0.374206 0.061194  
 10 11 16  11.897319 0.120915 0.161151 -0.000036 -0.215152 0.380932 -11.897319 -0.120915 -0.161151 0.000036 -0.374274 0.061326  
 11 12 17  11.857058 0.120907 0.161222 -0.000036 -0.215230 0.380845 -11.857058 -0.120907 -0.161222 0.000036 -0.374455 0.061385  
 12 13 18  12.102727 0.120861 0.161241 -0.000036 -0.215371 0.380813 -12.102727 -0.120861 -0.161241 0.000036 -0.374385 0.061246  
 13 5 6  0.000000 -0.294939 -0.000000 0.001153 0.000000 -0.898679 0.000000 0.294939 0.000000 -0.001153 0.000000 -0.899269  
 14 6 7  0.000000 0.552860 -0.000000 -0.001278 0.000000 1.685283 0.000000 -0.552860 0.000000 0.001278 0.000000 1.684953  
 15 7 8  0.000000 -0.294957 0.000000 0.001074 -0.000000 -0.899323 0.000000 0.294957 -0.000000 -0.001074 -0.000000 -0.898733  
 16 8 5  0.000000 0.552878 0.000000 -0.001134 -0.000000 1.685007 0.000000 -0.552878 -0.000000 0.001134 -0.000000 1.685336  
 17 10 11  0.000000 -0.225321 0.000000 0.000434 -0.000000 -0.686711 0.000000 0.225321 -0.000000 -0.000434 -0.000000 -0.686845  
 18 11 12  0.000000 0.183246 -0.000000 -0.000722 0.000000 0.558581 0.000000 -0.183246 0.000000 0.000722 0.000000 0.558488  
 19 12 13  0.000000 -0.225344 -0.000000 0.000483 0.000000 -0.686917 0.000000 0.225344 0.000000 -0.000483 0.000000 -0.686783  
 20 13 10  0.000000 0.183270 0.000000 -0.000635 -0.000000 0.558560 0.000000 -0.183270 -0.000000 0.000635 -0.000000 0.558653  
 21 15 16  0.000000 -0.122800 0.000000 0.000031 -0.000000 -0.374260 0.000000 0.122800 -0.000000 -0.000031 -0.000000 -0.374330  
 22 16 17  0.000000 -0.020119 -0.000000 -0.000056 0.000000 -0.061295 0.000000 0.020119 0.000000 0.000056 0.000000 -0.061351  
 23 17 18  0.000000 -0.122823 -0.000000 0.000034 0.000000 -0.374400 0.000000 0.122823 0.000000 -0.000034 0.000000 -0.374330  
 24 18 15  0.000000 -0.020096 0.000000 -0.000054 -0.000000 -0.061280 0.000000 0.020096 -0.000000 0.000054 -0.000000 -0.061225  
