 1 1 5  22.923619 -4.372701 0.044578 -0.619548 0.675851 -9.885760 -22.923619 4.372701 -0.044578 0.619548 -0.838900 -6.107831  
 2 2 6  31.910355 -4.841134 0.136703 -0.619548 0.589181 -10.907863 -31.910355 4.841134 -0.136703 0.619548 -1.089186 -6.799071  
 3 3 7  49.142436 -5.180418 0.154412 -0.619548 0.680059 -11.905270 -49.142436 5.180418 -0.154412 0.619548 -1.244838 -7.042629  
 4 4 8  40.023590 -4.889681 0.080763 -0.619548 0.799484 -11.239924 -40.023590 4.889681 -0.080763 0.619548 -1.094884 -6.644575  
 5 5 10  15.853787 -2.591213 -2.130811 0.130984 4.423141 -4.455468 -15.853787 2.591213 2.130811 -0.130984 3.370512 -5.022153  
 6 6 11  22.363442 -2.851724 -2.231683 0.130984 4.673453 -4.894863 -22.363442 2.851724 2.231683 -0.130984 3.489150 -5.535601  
 7 7 12  32.195518 -2.816315 -2.534484 0.130984 5.282503 -4.700973 -32.195518 2.816315 2.534484 -0.130984 3.987624 -5.599981  
 8 8 13  25.587253 -2.617894 -2.458831 0.130984 5.091101 -4.362915 -25.587253 2.617894 2.458831 -0.130984 3.902318 -5.212295  
 9 10 15  9.049664 -2.528055 -1.666966 -0.028683 2.639917 -4.036530 -9.049664 2.528055 1.666966 0.028683 3.457176 -5.210084  
 10 11 16  11.387965 -2.672213 -1.666826 -0.028683 2.599976 -4.249871 -11.387965 2.672213 1.666826 0.028683 3.496608 -5.524016  
 11 12 17  14.977291 -2.693314 -1.778559 -0.028683 2.761437 -4.229055 -14.977291 2.693314 1.778559 0.028683 3.743819 -5.622010  
 12 13 18  12.585081 -2.568399 -1.786659 -0.028683 2.813888 -4.034067 -12.585081 2.568399 1.786659 0.028683 3.720996 -5.360108  
 13 5 6  0.000000 1.242728 -0.000000 -0.552554 0.000000 3.777466 0.000000 -1.242728 0.000000 0.552554 0.000000 3.798203  
 14 6 7  0.000000 3.695815 0.000000 0.213936 -0.000000 11.141380 0.000000 -3.695815 -0.000000 -0.213936 -0.000000 11.388309  
 15 7 8  0.000000 1.251103 0.000000 -0.355293 -0.000000 3.823729 0.000000 -1.251103 -0.000000 0.355293 -0.000000 3.802993  
 16 8 5  0.000000 3.687440 -0.000000 0.193225 0.000000 11.362783 0.000000 -3.687440 0.000000 -0.193225 0.000000 11.115854  
 17 10 11  0.000000 2.091265 -0.000000 -0.346364 0.000000 6.346287 0.000000 -2.091265 0.000000 0.346364 0.000000 6.402063  
 18 11 12  0.000000 3.115787 0.000000 0.312937 -0.000000 9.439108 0.000000 -3.115787 -0.000000 -0.312937 -0.000000 9.554730  
 19 12 13  0.000000 2.102440 0.000000 -0.274306 -0.000000 6.436125 0.000000 -2.102440 -0.000000 0.274306 -0.000000 6.380349  
 20 13 10  0.000000 3.104612 -0.000000 0.335858 0.000000 9.520668 0.000000 -3.104612 0.000000 -0.335858 0.000000 9.405046  
 21 15 16  0.000000 1.175889 0.000000 -0.136426 -0.000000 3.568546 0.000000 -1.175889 -0.000000 0.136426 -0.000000 3.599674  
 22 16 17  0.000000 1.787925 0.000000 0.103066 -0.000000 5.387590 0.000000 -1.787925 -0.000000 -0.103066 -0.000000 5.511599  
 23 17 18  0.000000 1.189367 -0.000000 -0.110412 0.000000 3.640753 0.000000 -1.189367 0.000000 0.110412 0.000000 3.609626  
 24 18 15  0.000000 1.774447 -0.000000 0.111370 0.000000 5.470519 0.000000 -1.774447 0.000000 -0.111370 0.000000 5.346510  
