 1 1 5  34.438228 -0.332598 -1.023392 -0.000077 2.396421 -0.816002 -34.438228 0.332598 1.023392 0.000077 1.346738 -0.400507  
 2 2 6  36.482665 -0.332013 -1.022913 -0.000077 2.394967 -0.814659 -36.482665 0.332013 1.022913 0.000077 1.346437 -0.399712  
 3 3 7  37.561694 -0.331603 -1.022279 -0.000077 2.393512 -0.813486 -37.561694 0.331603 1.022279 0.000077 1.345574 -0.399386  
 4 4 8  35.517413 -0.332181 -1.022763 -0.000077 2.395003 -0.814781 -35.517413 0.332181 1.022763 0.000077 1.345856 -0.400203  
 5 5 10  23.356943 -0.240989 -0.510562 -0.000020 0.663651 -0.390770 -23.356943 0.240989 0.510562 0.000020 1.203779 -0.490671  
 6 6 11  24.082710 -0.240765 -0.510564 -0.000020 0.663707 -0.390350 -24.082710 0.240765 0.510564 0.000020 1.203731 -0.490272  
 7 7 12  24.642998 -0.240786 -0.510329 -0.000020 0.663287 -0.390522 -24.642998 0.240786 0.510329 0.000020 1.203291 -0.490176  
 8 8 13  23.917349 -0.241000 -0.510333 -0.000020 0.663246 -0.390907 -23.917349 0.241000 0.510333 0.000020 1.203350 -0.490574  
 9 10 15  11.862138 -0.099413 0.026638 -0.000015 -0.252973 -0.098854 -11.862138 0.099413 -0.026638 0.000015 0.155542 -0.264759  
 10 11 16  11.964176 -0.099362 0.026647 -0.000015 -0.252967 -0.098780 -11.964176 0.099362 -0.026647 0.000015 0.155504 -0.264647  
 11 12 17  12.137833 -0.099376 0.026707 -0.000015 -0.253064 -0.098840 -12.137833 0.099376 -0.026707 0.000015 0.155379 -0.264638  
 12 13 18  12.035854 -0.099427 0.026699 -0.000015 -0.253073 -0.098916 -12.035854 0.099427 -0.026699 0.000015 0.155418 -0.264747  
 13 5 6  0.000000 0.659330 0.000000 0.000593 -0.000000 2.009760 0.000000 -0.659330 -0.000000 -0.000593 -0.000000 2.009518  
 14 6 7  0.000000 0.259375 0.000000 -0.000627 -0.000000 0.790655 0.000000 -0.259375 -0.000000 0.000627 -0.000000 0.790494  
 15 7 8  0.000000 0.659321 -0.000000 0.000586 0.000000 2.009488 0.000000 -0.659321 0.000000 -0.000586 0.000000 2.009730  
 16 8 5  0.000000 0.259385 -0.000000 -0.000629 0.000000 0.790524 0.000000 -0.259385 0.000000 0.000629 0.000000 0.790685  
 17 10 11  0.000000 0.311857 -0.000000 0.000214 0.000000 0.950563 0.000000 -0.311857 0.000000 -0.000214 0.000000 0.950518  
 18 11 12  0.000000 0.193323 0.000000 -0.000246 -0.000000 0.589266 0.000000 -0.193323 -0.000000 0.000246 -0.000000 0.589231  
 19 12 13  0.000000 0.311843 0.000000 0.000215 -0.000000 0.950474 0.000000 -0.311843 -0.000000 -0.000215 -0.000000 0.950519  
 20 13 10  0.000000 0.193337 -0.000000 -0.000243 0.000000 0.589275 0.000000 -0.193337 0.000000 0.000243 0.000000 0.589310  
 21 15 16  0.000000 0.051011 0.000000 0.000034 -0.000000 0.155502 0.000000 -0.051011 -0.000000 -0.000034 -0.000000 0.155464  
 22 16 17  0.000000 0.086836 -0.000000 -0.000040 0.000000 0.264681 0.000000 -0.086836 0.000000 0.000040 0.000000 0.264670  
 23 17 18  0.000000 0.050997 -0.000000 0.000032 0.000000 0.155419 0.000000 -0.050997 0.000000 -0.000032 0.000000 0.155457  
 24 18 15  0.000000 0.086850 0.000000 -0.000040 -0.000000 0.264715 0.000000 -0.086850 -0.000000 0.000040 -0.000000 0.264725  
