 1 1 5  31.870192 5.515970 -8.704674 -0.493774 19.145907 12.560162 -31.870192 -5.515970 8.704674 0.493774 12.692308 7.615050  
 2 2 6  61.522394 6.341999 -9.682351 -0.493774 21.866240 14.418608 -61.522394 -6.341999 9.682351 0.493774 13.547926 8.777889  
 3 3 7  39.699279 6.017269 -8.602191 -0.493774 19.521233 13.442541 -39.699279 -6.017269 8.602191 0.493774 11.942140 8.566223  
 4 4 8  10.908135 5.009296 -7.302832 -0.493774 16.171120 11.198375 -10.908135 -5.009296 7.302832 0.493774 10.539717 7.123626  
 5 5 10  22.054596 4.076394 -6.163529 -0.149595 10.551174 6.938575 -22.054596 -4.076394 6.163529 0.149595 11.992550 7.971242  
 6 6 11  37.243191 4.585894 -6.124525 -0.149595 9.989105 7.755774 -37.243191 -4.585894 6.124525 0.149595 12.411957 9.017592  
 7 7 12  25.612628 4.597502 -5.569298 -0.149595 9.123451 7.923859 -25.612628 -4.597502 5.569298 0.149595 11.246812 8.891964  
 8 8 13  11.089586 3.955545 -5.370978 -0.149595 9.188425 6.836903 -11.089586 -3.955545 5.370978 0.149595 10.456465 7.630899  
 9 10 15  11.426588 2.318155 -3.165675 -0.024642 4.525879 3.268038 -11.426588 -2.318155 3.165675 0.024642 7.052895 5.210846  
 10 11 16  16.108870 2.507740 -3.116693 -0.024642 4.230799 3.545728 -16.108870 -2.507740 3.116693 0.024642 7.168818 5.626583  
 11 12 17  12.405219 2.515338 -2.917822 -0.024642 3.957596 3.633284 -12.405219 -2.515338 2.917822 0.024642 6.714629 5.566816  
 12 13 18  8.059323 2.326202 -2.953486 -0.024642 4.221126 3.360410 -8.059323 -2.326202 2.953486 0.024642 6.581544 5.147905  
 13 5 6  0.000000 7.207365 -0.000000 0.915532 0.000000 21.560299 0.000000 -7.207365 0.000000 -0.915532 0.000000 22.375799  
 14 6 7  0.000000 -5.071838 -0.000000 -1.161233 0.000000 -15.618131 0.000000 5.071838 0.000000 1.161233 0.000000 -15.299792  
 15 7 8  0.000000 7.158489 0.000000 1.190289 -0.000000 22.226824 0.000000 -7.158489 -0.000000 -1.190289 -0.000000 21.411325  
 16 8 5  0.000000 -5.022962 0.000000 -1.683183 -0.000000 -15.150818 0.000000 5.022962 -0.000000 1.683183 -0.000000 -15.469157  
 17 10 11  0.000000 5.212011 -0.000000 0.536608 0.000000 15.723422 0.000000 -5.212011 0.000000 -0.536608 0.000000 16.048995  
 18 11 12  0.000000 -3.922310 0.000000 -0.593762 -0.000000 -12.026712 0.000000 3.922310 -0.000000 0.593762 -0.000000 -11.883691  
 19 12 13  0.000000 5.129719 0.000000 0.641557 -0.000000 15.798170 0.000000 -5.129719 -0.000000 -0.641557 -0.000000 15.472597  
 20 13 10  0.000000 -3.840019 -0.000000 -0.795007 0.000000 -11.632866 0.000000 3.840019 0.000000 0.795007 0.000000 -11.775887  
 21 15 16  0.000000 2.299093 -0.000000 0.079706 0.000000 6.945382 0.000000 -2.299093 0.000000 -0.079706 0.000000 7.069886  
 22 16 17  0.000000 -1.809777 -0.000000 -0.098932 0.000000 -5.546877 0.000000 1.809777 0.000000 0.098932 0.000000 -5.485523  
 23 17 18  0.000000 2.214996 0.000000 0.081293 -0.000000 6.813560 0.000000 -2.214996 -0.000000 -0.081293 -0.000000 6.689057  
 24 18 15  0.000000 -1.725681 0.000000 -0.107512 -0.000000 -5.229198 0.000000 1.725681 -0.000000 0.107512 -0.000000 -5.290551  
