 1 1 5  26.418187 -3.247874 -1.154706 0.226340 2.493808 -7.794730 -26.418187 3.247874 1.154706 -0.226340 1.729644 -4.084696  
 2 2 6  26.274424 -3.277238 -1.119657 0.226340 2.394413 -7.859078 -26.274424 3.277238 1.119657 -0.226340 1.700845 -4.127747  
 3 3 7  45.572408 -3.489305 -1.299697 0.226340 2.783645 -8.686154 -45.572408 3.489305 1.299697 -0.226340 1.970126 -4.076326  
 4 4 8  45.734981 -3.453435 -1.336935 0.226340 2.890301 -8.609343 -45.734981 3.453435 1.336935 -0.226340 1.999672 -4.021941  
 5 5 10  18.292596 -2.823103 -0.403224 0.210591 0.167444 -5.588873 -18.292596 2.823103 0.403224 -0.210591 1.307390 -4.736907  
 6 6 11  16.795068 -2.761590 -0.398346 0.210591 0.180405 -5.471121 -16.795068 2.761590 0.398346 -0.210591 1.276584 -4.629670  
 7 7 12  29.697738 -2.888122 -0.492731 0.210591 0.260958 -5.775106 -29.697738 2.888122 0.492731 -0.210591 1.541256 -4.788491  
 8 8 13  31.214598 -2.916166 -0.495647 0.210591 0.245048 -5.838430 -31.214598 2.916166 0.495647 -0.210591 1.567832 -4.827738  
 9 10 15  9.940272 -4.078677 0.982576 0.006161 -1.933711 -6.999117 -9.940272 4.078677 -0.982576 -0.006161 -1.660160 -7.919053  
 10 11 16  8.831663 -3.983304 0.971802 0.006161 -1.906452 -6.825366 -8.831663 3.983304 -0.971802 -0.006161 -1.648011 -7.743967  
 11 12 17  14.052061 -4.098083 1.052936 0.006161 -2.103443 -6.965191 -14.052061 4.098083 -1.052936 -0.006161 -1.747776 -8.023959  
 12 13 18  15.176004 -4.170534 1.061178 0.006161 -2.132492 -7.070839 -15.176004 4.170534 -1.061178 -0.006161 -1.748873 -8.183305  
 13 5 6  0.000000 0.676948 -0.000000 0.037549 0.000000 2.070705 0.000000 -0.676948 0.000000 -0.037549 0.000000 2.055969  
 14 6 7  0.000000 3.197591 -0.000000 0.174719 0.000000 9.636417 0.000000 -3.197591 0.000000 -0.174719 0.000000 9.856100  
 15 7 8  0.000000 0.677078 0.000000 0.004668 -0.000000 2.056366 0.000000 -0.677078 -0.000000 -0.004668 -0.000000 2.071102  
 16 8 5  0.000000 3.197461 0.000000 0.173617 -0.000000 9.855703 0.000000 -3.197461 -0.000000 -0.173617 -0.000000 9.636019  
 17 10 11  0.000000 -0.194959 0.000000 0.138971 -0.000000 -0.593967 0.000000 0.194959 -0.000000 -0.138971 -0.000000 -0.594504  
 18 11 12  0.000000 3.841636 0.000000 0.035363 -0.000000 11.594007 0.000000 -3.841636 -0.000000 -0.035363 -0.000000 11.824606  
 19 12 13  0.000000 -0.195959 -0.000000 0.070925 0.000000 -0.597551 0.000000 0.195959 0.000000 -0.070925 0.000000 -0.597014  
 20 13 10  0.000000 3.842635 -0.000000 0.032354 0.000000 11.827652 0.000000 -3.842635 0.000000 -0.032354 0.000000 11.597053  
 21 15 16  0.000000 -0.556221 -0.000000 0.081701 0.000000 -1.698675 0.000000 0.556221 0.000000 -0.081701 0.000000 -1.692051  
 22 16 17  0.000000 2.612116 0.000000 -0.044040 -0.000000 7.825668 0.000000 -2.612116 -0.000000 0.044040 -0.000000 8.097790  
 23 17 18  0.000000 -0.560055 0.000000 0.073831 -0.000000 -1.703735 0.000000 0.560055 -0.000000 -0.073831 -0.000000 -1.710359  
 24 18 15  0.000000 2.615949 -0.000000 -0.038514 0.000000 8.109474 0.000000 -2.615949 0.000000 0.038514 0.000000 7.837352  
