 1 1 5  38.693543 0.115468 0.747014 -0.000318 -1.916036 0.405110 -38.693543 -0.115468 -0.747014 0.000318 -0.816243 0.017226  
 2 2 6  35.171437 0.115914 0.747490 -0.000318 -1.917620 0.406130 -35.171437 -0.115914 -0.747490 0.000318 -0.816399 0.017839  
 3 3 7  33.306436 0.116193 0.748140 -0.000318 -1.919100 0.407079 -33.306436 -0.116193 -0.748140 0.000318 -0.817295 0.017907  
 4 4 8  36.828584 0.115728 0.747693 -0.000318 -1.917580 0.406033 -36.828584 -0.115728 -0.747693 0.000318 -0.817182 0.017254  
 5 5 10  25.767768 0.319382 0.696056 -0.000082 -1.273982 0.712973 -25.767768 -0.319382 -0.696056 0.000082 -1.271911 0.455197  
 6 6 11  23.617719 0.319555 0.696351 -0.000082 -1.274190 0.713269 -23.617719 -0.319555 -0.696351 0.000082 -1.272782 0.455536  
 7 7 12  22.232229 0.319780 0.696577 -0.000082 -1.274540 0.713402 -22.232229 -0.319780 -0.696577 0.000082 -1.273261 0.456224  
 8 8 13  24.382285 0.319610 0.696280 -0.000082 -1.274335 0.713117 -24.382285 -0.319610 -0.696280 0.000082 -1.272379 0.455888  
 9 10 15  12.692650 0.454483 0.549470 -0.001053 -0.794603 0.758707 -12.692650 -0.454483 -0.549470 0.001053 -1.215140 0.903609  
 10 11 16  11.897610 0.451509 0.549168 -0.001053 -0.794238 0.754610 -11.897610 -0.451509 -0.549168 0.001053 -1.214399 0.896829  
 11 12 17  11.307372 0.450402 0.545819 -0.001053 -0.789613 0.753037 -11.307372 -0.450402 -0.545819 0.001053 -1.206776 0.894352  
 12 13 18  12.102368 0.454379 0.547250 -0.001053 -0.791506 0.758504 -12.102368 -0.454379 -0.547250 0.001053 -1.210113 0.903432  
 13 5 6  0.000000 -0.686033 -0.000000 0.000441 0.000000 -2.090857 0.000000 0.686033 0.000000 -0.000441 0.000000 -2.091199  
 14 6 7  0.000000 -0.239751 -0.000000 -0.000610 0.000000 -0.730667 0.000000 0.239751 0.000000 0.000610 0.000000 -0.730854  
 15 7 8  0.000000 -0.686042 0.000000 0.000455 -0.000000 -2.091226 0.000000 0.686042 -0.000000 -0.000455 -0.000000 -2.090884  
 16 8 5  0.000000 -0.239742 0.000000 -0.000632 -0.000000 -0.730827 0.000000 0.239742 -0.000000 0.000632 -0.000000 -0.730640  
 17 10 11  0.000000 -0.677511 -0.000000 -0.001899 0.000000 -2.065181 0.000000 0.677511 0.000000 0.001899 0.000000 -2.064928  
 18 11 12  0.000000 -0.397620 -0.000000 0.002092 0.000000 -1.212045 0.000000 0.397620 0.000000 -0.002092 0.000000 -1.211846  
 19 12 13  0.000000 -0.677524 0.000000 -0.002585 -0.000000 -2.064966 0.000000 0.677524 -0.000000 0.002585 -0.000000 -2.065219  
 20 13 10  0.000000 -0.397607 0.000000 0.001334 -0.000000 -1.211807 0.000000 0.397607 -0.000000 -0.001334 -0.000000 -1.212006  
 21 15 16  0.000000 -0.397514 0.000000 -0.003373 -0.000000 -1.212643 0.000000 0.397514 -0.000000 0.003373 -0.000000 -1.210604  
 22 16 17  0.000000 -0.295124 -0.000000 0.003795 0.000000 -0.900203 0.000000 0.295124 0.000000 -0.003795 0.000000 -0.898876  
 23 17 18  0.000000 -0.397503 -0.000000 -0.004523 0.000000 -1.210571 0.000000 0.397503 0.000000 0.004523 0.000000 -1.212610  
 24 18 15  0.000000 -0.295135 0.000000 0.002496 -0.000000 -0.898909 0.000000 0.295135 -0.000000 -0.002496 -0.000000 -0.900236  
