 1 1 5  37.935645 0.325739 -0.013839 -0.000086 -0.131238 0.869407 -37.935645 -0.325739 0.013839 0.000086 0.181856 0.322015  
 2 2 6  36.049642 0.326191 -0.013579 -0.000086 -0.132160 0.870422 -36.049642 -0.326191 0.013579 0.000086 0.181827 0.322653  
 3 3 7  34.064297 0.326513 -0.013064 -0.000086 -0.133323 0.871435 -34.064297 -0.326513 0.013064 0.000086 0.181104 0.322818  
 4 4 8  35.950415 0.326130 -0.013407 -0.000086 -0.132247 0.870562 -35.950415 -0.326130 0.013407 0.000086 0.181285 0.322291  
 5 5 10  25.403461 0.365727 0.317607 -0.000029 -0.765196 0.715669 -25.403461 -0.365727 -0.317607 0.000029 -0.396485 0.622016  
 6 6 11  23.900562 0.365885 0.317767 -0.000029 -0.765292 0.715966 -23.900562 -0.365885 -0.317767 0.000029 -0.396974 0.622295  
 7 7 12  22.596498 0.365986 0.317943 -0.000029 -0.765591 0.715924 -22.596498 -0.365986 -0.317943 0.000029 -0.397317 0.622706  
 8 8 13  24.099478 0.365844 0.317770 -0.000029 -0.765499 0.715650 -24.099478 -0.365844 -0.317770 0.000029 -0.396776 0.622461  
 9 10 15  12.589344 0.374040 0.518486 -0.000468 -0.883725 0.580826 -12.589344 -0.374040 -0.518486 0.000468 -1.012690 0.787265  
 10 11 16  11.925998 0.372639 0.518217 -0.000468 -0.883364 0.578853 -11.925998 -0.372639 -0.518217 0.000468 -1.012065 0.784112  
 11 12 17  11.410641 0.372150 0.516803 -0.000468 -0.881233 0.577987 -11.410641 -0.372150 -0.516803 0.000468 -1.009026 0.783189  
 12 13 18  12.074018 0.373911 0.517351 -0.000468 -0.882190 0.580660 -12.074018 -0.373911 -0.517351 0.000468 -1.010073 0.786958  
 13 5 6  0.000000 -0.191556 0.000000 0.000454 -0.000000 -0.583763 0.000000 0.191556 -0.000000 -0.000454 -0.000000 -0.583963  
 14 6 7  0.000000 -0.340636 -0.000000 -0.000498 0.000000 -1.038164 0.000000 0.340636 0.000000 0.000498 0.000000 -1.038354  
 15 7 8  0.000000 -0.191565 -0.000000 0.000388 0.000000 -0.583989 0.000000 0.191565 0.000000 -0.000388 0.000000 -0.583789  
 16 8 5  0.000000 -0.340628 0.000000 -0.000424 -0.000000 -1.038328 0.000000 0.340628 -0.000000 0.000424 -0.000000 -1.038139  
 17 10 11  0.000000 -0.419782 0.000000 -0.000866 -0.000000 -1.279569 0.000000 0.419782 -0.000000 0.000866 -0.000000 -1.279425  
 18 11 12  0.000000 -0.394347 -0.000000 0.000913 0.000000 -1.202014 0.000000 0.394347 0.000000 -0.000913 0.000000 -1.201926  
 19 12 13  0.000000 -0.419795 -0.000000 -0.001233 0.000000 -1.279463 0.000000 0.419795 0.000000 0.001233 0.000000 -1.279608  
 20 13 10  0.000000 -0.394334 0.000000 0.000641 -0.000000 -1.201887 0.000000 0.394334 -0.000000 -0.000641 -0.000000 -1.201976  
 21 15 16  0.000000 -0.331677 -0.000000 -0.001588 0.000000 -1.011370 0.000000 0.331677 0.000000 0.001588 0.000000 -1.010534  
 22 16 17  0.000000 -0.257675 0.000000 0.001531 -0.000000 -0.785700 0.000000 0.257675 -0.000000 -0.001531 -0.000000 -0.785085  
 23 17 18  0.000000 -0.331685 0.000000 -0.001896 -0.000000 -1.010557 0.000000 0.331685 -0.000000 0.001896 -0.000000 -1.011393  
 24 18 15  0.000000 -0.257667 -0.000000 0.001320 0.000000 -0.785062 0.000000 0.257667 0.000000 -0.001320 0.000000 -0.785677  
