 1 1 5  36.645724 -0.073915 0.464628 -0.000328 -0.904650 0.054359 -36.645724 0.073915 -0.464628 0.000328 -0.794773 -0.324709  
 2 2 6  37.612509 -0.073696 0.465196 -0.000328 -0.906608 0.054834 -37.612509 0.073696 -0.465196 0.000328 -0.794894 -0.324385  
 3 3 7  35.354230 -0.073548 0.465630 -0.000328 -0.907574 0.055676 -35.354230 0.073548 -0.465630 0.000328 -0.795514 -0.324686  
 4 4 8  34.387537 -0.073706 0.465001 -0.000328 -0.905568 0.055311 -34.387537 0.073706 -0.465001 0.000328 -0.795221 -0.324897  
 5 5 10  24.338382 0.440701 -0.155394 -0.000074 0.566505 1.032284 -24.338382 -0.440701 0.155394 0.000074 0.001863 0.579624  
 6 6 11  25.455298 0.440793 -0.154998 -0.000074 0.566272 1.032468 -25.455298 -0.440793 0.154998 0.000074 0.000647 0.579778  
 7 7 12  23.661581 0.441412 -0.154859 -0.000074 0.566100 1.033013 -23.661581 -0.441412 0.154859 0.000074 0.000314 0.581496  
 8 8 13  22.544739 0.441326 -0.155256 -0.000074 0.566272 1.032827 -22.544739 -0.441326 0.155256 0.000074 0.001594 0.581367  
 9 10 15  12.106184 0.587828 -0.466590 -0.001208 0.855711 0.980353 -12.106184 -0.587828 0.466590 0.001208 0.850890 1.169687  
 10 11 16  12.662514 0.590522 -0.467162 -0.001208 0.857039 0.984982 -12.662514 -0.590522 0.467162 0.001208 0.851654 1.174912  
 11 12 17  11.893792 0.589585 -0.463679 -0.001208 0.850991 0.982889 -11.893792 -0.589585 0.463679 0.001208 0.844962 1.173579  
 12 13 18  11.337511 0.586617 -0.462826 -0.001208 0.849099 0.977806 -11.337511 -0.586617 0.462826 0.001208 0.843732 1.167803  
 13 5 6  0.000000 -0.075068 -0.000000 0.000247 0.000000 -0.228601 0.000000 0.075068 0.000000 -0.000247 0.000000 -0.229011  
 14 6 7  0.000000 -0.232279 -0.000000 -0.000389 0.000000 -0.707836 0.000000 0.232279 0.000000 0.000389 0.000000 -0.708136  
 15 7 8  0.000000 -0.075072 0.000000 0.000191 -0.000000 -0.229025 0.000000 0.075072 -0.000000 -0.000191 -0.000000 -0.228616  
 16 8 5  0.000000 -0.232274 0.000000 -0.000333 -0.000000 -0.708121 0.000000 0.232274 -0.000000 0.000333 -0.000000 -0.707822  
 17 10 11  0.000000 0.280290 -0.000000 0.002382 0.000000 0.854143 0.000000 -0.280290 0.000000 -0.002382 0.000000 0.854505  
 18 11 12  0.000000 -0.512495 -0.000000 -0.003181 0.000000 -1.562378 0.000000 0.512495 0.000000 0.003181 0.000000 -1.561789  
 19 12 13  0.000000 0.280284 0.000000 0.002596 -0.000000 0.854486 0.000000 -0.280284 -0.000000 -0.002596 -0.000000 0.854124  
 20 13 10  0.000000 -0.512488 0.000000 -0.003431 -0.000000 -1.561769 0.000000 0.512488 -0.000000 0.003431 -0.000000 -1.562359  
 21 15 16  0.000000 0.278159 0.000000 0.002594 -0.000000 0.847329 0.000000 -0.278159 -0.000000 -0.002594 -0.000000 0.848326  
 22 16 17  0.000000 -0.384355 0.000000 -0.003327 -0.000000 -1.172318 0.000000 0.384355 -0.000000 0.003327 -0.000000 -1.170709  
 23 17 18  0.000000 0.278147 -0.000000 0.002869 0.000000 0.848289 0.000000 -0.278147 0.000000 -0.002869 0.000000 0.847292  
 24 18 15  0.000000 -0.384343 -0.000000 -0.003560 0.000000 -1.170672 0.000000 0.384343 0.000000 0.003560 0.000000 -1.172281  
