 1 1 5  48.999900 -0.870001 6.012262 0.691091 -13.229756 -1.081645 -48.999900 0.870001 -6.012262 -0.691091 -8.760695 -2.100472  
 2 2 6  30.204757 -0.768216 5.471322 0.691091 -11.923835 -1.013880 -30.204757 0.768216 -5.471322 -0.691091 -8.088072 -1.795948  
 3 3 7  23.070512 -0.678873 5.059814 0.691091 -11.030520 -0.867761 -23.070512 0.678873 -5.059814 -0.691091 -7.476257 -1.615284  
 4 4 8  41.724831 -0.796128 5.735848 0.691091 -12.657452 -0.947189 -41.724831 0.796128 -5.735848 -0.691091 -8.321985 -1.964729  
 5 5 10  32.845733 1.651979 1.528627 -0.201280 -2.542683 3.950656 -32.845733 -1.651979 -1.528627 0.201280 -3.048424 2.091623  
 6 6 11  21.201438 1.432676 1.775612 -0.201280 -3.097634 3.470488 -21.201438 -1.432676 -1.775612 0.201280 -3.396844 1.769668  
 7 7 12  15.208649 1.350322 1.602936 -0.201280 -2.803470 3.246049 -15.208649 -1.350322 -1.602936 0.201280 -3.059430 1.692890  
 8 8 13  26.744180 1.637093 1.459362 -0.201280 -2.403055 3.865274 -26.744180 -1.637093 -1.459362 0.201280 -2.934708 2.122556  
 9 10 15  15.769687 2.072821 4.143917 0.057573 -7.254137 3.557840 -15.769687 -2.072821 -4.143917 -0.057573 -7.902652 4.023709  
 10 11 16  10.756628 1.930058 4.001216 0.057573 -6.989053 3.345152 -10.756628 -1.930058 -4.001216 -0.057573 -7.645792 3.714227  
 11 12 17  8.262742 1.910253 3.794437 0.057573 -6.611544 3.306537 -8.262742 -1.910253 -3.794437 -0.057573 -7.266988 3.680403  
 12 13 18  13.210942 2.066641 3.975978 0.057573 -6.996052 3.576869 -13.210942 -2.066641 -3.975978 -0.057573 -7.546484 3.982079  
 13 5 6  0.000000 -3.571417 -0.000000 -0.075607 0.000000 -11.026423 0.000000 3.571417 0.000000 0.075607 0.000000 -10.744932  
 14 6 7  0.000000 -0.574735 0.000000 0.440775 -0.000000 -1.750147 0.000000 0.574735 -0.000000 -0.440775 -0.000000 -1.753440  
 15 7 8  0.000000 -3.563401 0.000000 -0.122675 -0.000000 -10.720502 0.000000 3.563401 -0.000000 0.122675 -0.000000 -11.001994  
 16 8 5  0.000000 -0.582750 -0.000000 0.276954 0.000000 -1.777870 0.000000 0.582750 0.000000 -0.276954 0.000000 -1.774577  
 17 10 11  0.000000 -3.310130 0.000000 -0.250594 -0.000000 -10.133388 0.000000 3.310130 -0.000000 0.250594 -0.000000 -10.045163  
 18 11 12  0.000000 -1.754940 -0.000000 0.340735 0.000000 -5.365414 0.000000 1.754940 0.000000 -0.340735 0.000000 -5.332698  
 19 12 13  0.000000 -3.299154 -0.000000 -0.333271 0.000000 -10.011708 0.000000 3.299154 0.000000 0.333271 0.000000 -10.099933  
 20 13 10  0.000000 -1.765916 0.000000 0.169173 -0.000000 -5.366154 0.000000 1.765916 -0.000000 -0.169173 -0.000000 -5.398869  
 21 15 16  0.000000 -2.498422 0.000000 -0.130030 -0.000000 -7.749279 0.000000 2.498422 -0.000000 0.130030 -0.000000 -7.481101  
 22 16 17  0.000000 -1.255050 -0.000000 0.164691 0.000000 -3.844257 0.000000 1.255050 0.000000 -0.164691 0.000000 -3.806530  
 23 17 18  0.000000 -2.482207 -0.000000 -0.126127 0.000000 -7.431679 0.000000 2.482207 0.000000 0.126127 0.000000 -7.699857  
 24 18 15  0.000000 -1.271265 0.000000 0.153373 -0.000000 -3.855952 0.000000 1.271265 -0.000000 -0.153373 -0.000000 -3.893679  
