 1 1 5  29.454593 -6.910842 2.208132 0.183086 -4.965208 -15.069897 -29.454593 6.910842 -2.208132 -0.183086 -3.111254 -10.207199  
 2 2 6  22.099129 -6.460308 2.160540 0.183086 -4.829465 -14.089810 -22.099129 6.460308 -2.160540 -0.183086 -3.072928 -9.539414  
 3 3 7  42.471367 -7.314168 2.441646 0.183086 -5.454694 -16.296303 -42.471367 7.314168 -2.441646 -0.183086 -3.475871 -10.455997  
 4 4 8  49.974911 -7.645750 2.468873 0.183086 -5.537969 -16.989945 -49.974911 7.645750 -2.468873 -0.183086 -3.492182 -10.975149  
 5 5 10  20.624678 -3.431010 1.449243 -0.124118 -2.316497 -5.482741 -20.624678 3.431010 -1.449243 0.124118 -2.984253 -7.066521  
 6 6 11  17.065049 -3.264480 1.437114 -0.124118 -2.314561 -5.197843 -17.065049 3.264480 -1.437114 0.124118 -2.941827 -6.742320  
 7 7 12  27.322492 -3.231094 1.660895 -0.124118 -2.741524 -4.872144 -27.322492 3.231094 -1.660895 0.124118 -3.333367 -6.945906  
 8 8 13  30.987781 -3.343899 1.667679 -0.124118 -2.743893 -5.058602 -30.987781 3.343899 -1.667679 0.124118 -3.355810 -7.172044  
 9 10 15  10.782870 -2.404073 0.619193 0.021665 -0.746675 -3.547847 -10.782870 2.404073 -0.619193 -0.021665 -1.518086 -5.245290  
 10 11 16  9.778044 -2.342941 0.623538 0.021665 -0.766986 -3.455900 -9.778044 2.342941 -0.623538 -0.021665 -1.513666 -5.113641  
 11 12 17  13.190148 -2.373975 0.666795 0.021665 -0.811997 -3.435816 -13.190148 2.373975 -0.666795 -0.021665 -1.626874 -5.247234  
 12 13 18  14.248938 -2.427522 0.662185 0.021665 -0.790730 -3.520400 -14.248938 2.427522 -0.662185 -0.021665 -1.631277 -5.358504  
 13 5 6  0.000000 -1.903220 -0.000000 0.460178 0.000000 -5.815750 0.000000 1.903220 0.000000 -0.460178 0.000000 -5.786279  
 14 6 7  0.000000 5.062700 0.000000 -0.398791 -0.000000 15.197436 0.000000 -5.062700 -0.000000 0.398791 -0.000000 15.664783  
 15 7 8  0.000000 -1.913825 0.000000 0.336643 -0.000000 -5.818604 0.000000 1.913825 -0.000000 -0.336643 -0.000000 -5.848075  
 16 8 5  0.000000 5.073305 -0.000000 -0.388000 0.000000 15.697108 0.000000 -5.073305 0.000000 0.388000 0.000000 15.229761  
 17 10 11  0.000000 -1.283863 -0.000000 0.188377 0.000000 -3.919038 0.000000 1.283863 0.000000 -0.188377 0.000000 -3.907391  
 18 11 12  0.000000 3.429131 0.000000 -0.198579 -0.000000 10.386597 0.000000 -3.429131 -0.000000 0.198579 -0.000000 10.517386  
 19 12 13  0.000000 -1.296787 0.000000 0.135664 -0.000000 -3.946785 0.000000 1.296787 -0.000000 -0.135664 -0.000000 -3.958431  
 20 13 10  0.000000 3.442056 -0.000000 -0.188109 0.000000 10.556779 0.000000 -3.442056 0.000000 0.188109 0.000000 10.425991  
 21 15 16  0.000000 -0.509159 -0.000000 0.045265 0.000000 -1.554122 0.000000 0.509159 0.000000 -0.045265 0.000000 -1.549710  
 22 16 17  0.000000 1.712798 -0.000000 -0.036045 0.000000 5.158906 0.000000 -1.712798 0.000000 0.036045 0.000000 5.282309  
 23 17 18  0.000000 -0.522649 0.000000 0.035075 -0.000000 -1.590829 0.000000 0.522649 -0.000000 -0.035075 -0.000000 -1.595241  
 24 18 15  0.000000 1.726288 0.000000 -0.036036 -0.000000 5.323429 0.000000 -1.726288 -0.000000 0.036036 -0.000000 5.200025  
