 1 1 5  34.567023 -0.300886 -0.610963 0.000008 1.466957 -0.761019 -34.567023 0.300886 0.610963 -0.000008 0.767701 -0.339500  
 2 2 6  36.228376 -0.300635 -0.610797 0.000008 1.466390 -0.760455 -36.228376 0.300635 0.610797 -0.000008 0.767662 -0.339149  
 3 3 7  37.432931 -0.300373 -0.610551 0.000008 1.465823 -0.759648 -37.432931 0.300373 0.610551 -0.000008 0.767328 -0.338995  
 4 4 8  35.771670 -0.300589 -0.610753 0.000008 1.466470 -0.760154 -35.771670 0.300589 0.610753 -0.000008 0.767421 -0.339280  
 5 5 10  23.268655 -0.268146 -0.375824 0.000008 0.568723 -0.463301 -23.268655 0.268146 0.375824 -0.000008 0.805891 -0.517470  
 6 6 11  24.053280 -0.268026 -0.375816 0.000008 0.568701 -0.463059 -24.053280 0.268026 0.375816 -0.000008 0.805884 -0.517273  
 7 7 12  24.731311 -0.268026 -0.375698 0.000008 0.568437 -0.463113 -24.731311 0.268026 0.375698 -0.000008 0.805716 -0.517220  
 8 8 13  23.946755 -0.268141 -0.375718 0.000008 0.568491 -0.463360 -23.946755 0.268141 0.375718 -0.000008 0.805736 -0.517393  
 9 10 15  11.777973 -0.141102 -0.106627 -0.000006 0.058607 -0.170679 -11.777973 0.141102 0.106627 0.000006 0.331393 -0.345416  
 10 11 16  11.995407 -0.141063 -0.106620 -0.000006 0.058601 -0.170615 -11.995407 0.141063 0.106620 0.000006 0.331373 -0.345337  
 11 12 17  12.222009 -0.141069 -0.106577 -0.000006 0.058526 -0.170650 -12.222009 0.141069 0.106577 0.000006 0.331290 -0.345322  
 12 13 18  12.004611 -0.141106 -0.106585 -0.000006 0.058534 -0.170712 -12.004611 0.141106 0.106585 0.000006 0.331313 -0.345399  
 13 5 6  0.000000 0.438361 -0.000000 0.000288 0.000000 1.336177 0.000000 -0.438361 0.000000 -0.000288 0.000000 1.336072  
 14 6 7  0.000000 0.263265 0.000000 -0.000291 -0.000000 0.802496 0.000000 -0.263265 -0.000000 0.000291 -0.000000 0.802366  
 15 7 8  0.000000 0.438356 0.000000 0.000258 -0.000000 1.336056 0.000000 -0.438356 -0.000000 -0.000258 -0.000000 1.336160  
 16 8 5  0.000000 0.263270 -0.000000 -0.000248 0.000000 0.802382 0.000000 -0.263270 0.000000 0.000248 0.000000 0.802513  
 17 10 11  0.000000 0.283592 0.000000 0.000117 -0.000000 0.864397 0.000000 -0.283592 -0.000000 -0.000117 -0.000000 0.864377  
 18 11 12  0.000000 0.225718 0.000000 -0.000109 -0.000000 0.688005 0.000000 -0.225718 -0.000000 0.000109 -0.000000 0.687974  
 19 12 13  0.000000 0.283583 -0.000000 0.000104 0.000000 0.864350 0.000000 -0.283583 0.000000 -0.000104 0.000000 0.864371  
 20 13 10  0.000000 0.225727 -0.000000 -0.000101 0.000000 0.688001 0.000000 -0.225727 0.000000 0.000101 0.000000 0.688032  
 21 15 16  0.000000 0.108712 -0.000000 0.000026 0.000000 0.331366 0.000000 -0.108712 0.000000 -0.000026 0.000000 0.331345  
 22 16 17  0.000000 0.113306 0.000000 -0.000028 -0.000000 0.345363 0.000000 -0.113306 -0.000000 0.000028 -0.000000 0.345347  
 23 17 18  0.000000 0.108704 0.000000 0.000025 -0.000000 0.331318 0.000000 -0.108704 -0.000000 -0.000025 -0.000000 0.331339  
 24 18 15  0.000000 0.113314 -0.000000 -0.000027 0.000000 0.345374 0.000000 -0.113314 0.000000 0.000027 0.000000 0.345390  
