 1 1 5  35.946213 -0.283571 0.069919 -0.000006 -0.215364 -0.687538 -35.946213 0.283571 -0.069919 0.000006 -0.040373 -0.349652  
 2 2 6  35.147471 -0.283529 0.070038 -0.000006 -0.215743 -0.687455 -35.147471 0.283529 -0.070038 0.000006 -0.040426 -0.349580  
 3 3 7  36.053780 -0.283469 0.070096 -0.000006 -0.215857 -0.687264 -36.053780 0.283469 -0.070096 0.000006 -0.040525 -0.349551  
 4 4 8  36.852536 -0.283507 0.069950 -0.000006 -0.215440 -0.687343 -36.852536 0.283507 -0.069950 0.000006 -0.040408 -0.349612  
 5 5 10  24.050002 -0.182450 0.131436 -0.000007 -0.288524 -0.295700 -24.050002 0.182450 -0.131436 0.000007 -0.192215 -0.371627  
 6 6 11  23.467107 -0.182443 0.131438 -0.000007 -0.288502 -0.295696 -23.467107 0.182443 -0.131438 0.000007 -0.192244 -0.371608  
 7 7 12  23.949992 -0.182439 0.131449 -0.000007 -0.288511 -0.295703 -23.949992 0.182439 -0.131449 0.000007 -0.192278 -0.371588  
 8 8 13  24.532898 -0.182446 0.131446 -0.000007 -0.288542 -0.295708 -24.532898 0.182446 -0.131446 0.000007 -0.192236 -0.371606  
 9 10 15  12.044373 -0.099603 0.190318 -0.000001 -0.315965 -0.119416 -12.044373 0.099603 -0.190318 0.000001 -0.380142 -0.244893  
 10 11 16  11.794936 -0.099605 0.190314 -0.000001 -0.315944 -0.119421 -11.794936 0.099605 -0.190314 0.000001 -0.380147 -0.244895  
 11 12 17  11.955625 -0.099608 0.190313 -0.000001 -0.315940 -0.119434 -11.955625 0.099608 -0.190313 0.000001 -0.380148 -0.244893  
 12 13 18  12.205066 -0.099606 0.190317 -0.000001 -0.315961 -0.119430 -12.205066 0.099606 -0.190317 0.000001 -0.380142 -0.244891  
 13 5 6  0.000000 -0.107924 -0.000000 0.000036 0.000000 -0.328922 0.000000 0.107924 0.000000 -0.000036 0.000000 -0.328980  
 14 6 7  0.000000 0.211712 -0.000000 -0.000053 0.000000 0.645312 0.000000 -0.211712 0.000000 0.000053 0.000000 0.645285  
 15 7 8  0.000000 -0.107925 0.000000 0.000031 -0.000000 -0.328984 0.000000 0.107925 -0.000000 -0.000031 -0.000000 -0.328925  
 16 8 5  0.000000 0.211713 0.000000 -0.000024 -0.000000 0.645288 0.000000 -0.211713 -0.000000 0.000024 -0.000000 0.645316  
 17 10 11  0.000000 -0.166730 0.000000 0.000005 -0.000000 -0.508186 0.000000 0.166730 -0.000000 -0.000005 -0.000000 -0.508202  
 18 11 12  0.000000 0.161099 0.000000 -0.000013 -0.000000 0.491034 0.000000 -0.161099 -0.000000 0.000013 -0.000000 0.491027  
 19 12 13  0.000000 -0.166732 -0.000000 0.000005 0.000000 -0.508205 0.000000 0.166732 0.000000 -0.000005 0.000000 -0.508190  
 20 13 10  0.000000 0.161101 -0.000000 -0.000006 0.000000 0.491031 0.000000 -0.161101 0.000000 0.000006 0.000000 0.491038  
 21 15 16  0.000000 -0.124719 0.000000 -0.000003 -0.000000 -0.380140 0.000000 0.124719 -0.000000 0.000003 -0.000000 -0.380146  
 22 16 17  0.000000 0.080345 -0.000000 0.000001 0.000000 0.244892 0.000000 -0.080345 0.000000 -0.000001 0.000000 0.244890  
 23 17 18  0.000000 -0.124720 -0.000000 -0.000003 0.000000 -0.380150 0.000000 0.124720 0.000000 0.000003 0.000000 -0.380144  
 24 18 15  0.000000 0.080346 0.000000 0.000002 -0.000000 0.244894 0.000000 -0.080346 -0.000000 -0.000002 -0.000000 0.244896  
