 1 1 5  45.477027 5.942052 0.765283 0.702548 -0.784129 14.322242 -45.477027 -5.942052 -0.765283 -0.702548 -2.014972 7.411406  
 2 2 6  51.603607 6.111827 0.822051 0.702548 -0.877156 14.752141 -51.603607 -6.111827 -0.822051 -0.702548 -2.129577 7.602479  
 3 3 7  26.415604 5.494659 0.630325 0.702548 -0.701977 12.756220 -26.415604 -5.494659 -0.630325 -0.702548 -1.603498 7.341046  
 4 4 8  20.503762 5.140673 0.558792 0.702548 -0.611009 11.970958 -20.503762 -5.140673 -0.558792 -0.702548 -1.432827 6.831569  
 5 5 10  28.829674 5.307171 -2.252488 -0.012578 4.576656 9.295334 -28.829674 -5.307171 2.252488 0.012578 3.662045 10.116174  
 6 6 11  33.285885 5.512012 -2.295617 -0.012578 4.678668 9.664607 -33.285885 -5.512012 2.295617 0.012578 3.717780 10.496129  
 7 7 12  19.082915 5.375773 -2.038994 -0.012578 4.088432 9.608289 -19.082915 -5.375773 2.038994 0.012578 3.369391 10.054140  
 8 8 13  14.801526 5.067384 -1.979374 -0.012578 3.898019 9.088364 -14.801526 -5.067384 1.979374 0.012578 3.341738 9.446101  
 9 10 15  13.598367 3.091751 -0.893094 0.027665 1.206373 4.387308 -13.598367 -3.091751 0.893094 -0.027665 2.060207 6.921080  
 10 11 16  14.943388 3.172109 -0.887468 0.027665 1.181917 4.506440 -14.943388 -3.172109 0.887468 -0.027665 2.064086 7.095865  
 11 12 17  10.356977 3.191711 -0.822254 0.027665 1.102185 4.743473 -10.356977 -3.191711 0.822254 -0.027665 1.905292 6.930527  
 12 13 18  9.101267 3.103459 -0.826004 0.027665 1.123747 4.612141 -9.101267 -3.103459 0.826004 -0.027665 1.897445 6.739069  
 13 5 6  0.000000 0.830195 0.000000 0.264965 -0.000000 2.528646 0.000000 -0.830195 -0.000000 -0.264965 -0.000000 2.532221  
 14 6 7  0.000000 -5.487527 -0.000000 -0.016871 0.000000 -17.002121 0.000000 5.487527 0.000000 0.016871 0.000000 -16.449842  
 15 7 8  0.000000 0.820216 -0.000000 0.499493 0.000000 2.501805 0.000000 -0.820216 0.000000 -0.499493 0.000000 2.498230  
 16 8 5  0.000000 -5.477548 0.000000 -0.033039 -0.000000 -16.419426 0.000000 5.477548 -0.000000 0.033039 -0.000000 -16.971705  
 17 10 11  0.000000 1.544906 0.000000 0.216963 -0.000000 4.699532 0.000000 -1.544906 -0.000000 -0.216963 -0.000000 4.718217  
 18 11 12  0.000000 -4.797591 0.000000 -0.181481 -0.000000 -14.785606 0.000000 4.797591 -0.000000 0.181481 -0.000000 -14.460507  
 19 12 13  0.000000 1.523528 -0.000000 0.337106 0.000000 4.653057 0.000000 -1.523528 0.000000 -0.337106 0.000000 4.634372  
 20 13 10  0.000000 -4.776213 -0.000000 -0.168886 0.000000 -14.395347 0.000000 4.776213 0.000000 0.168886 0.000000 -14.720446  
 21 15 16  0.000000 0.661347 -0.000000 0.053365 0.000000 2.012854 0.000000 -0.661347 0.000000 -0.053365 0.000000 2.018716  
 22 16 17  0.000000 -2.282042 -0.000000 -0.045370 0.000000 -7.042500 0.000000 2.282042 0.000000 0.045370 0.000000 -6.868826  
 23 17 18  0.000000 0.639019 0.000000 0.061702 -0.000000 1.950661 0.000000 -0.639019 -0.000000 -0.061702 -0.000000 1.944799  
 24 18 15  0.000000 -2.259714 0.000000 -0.047353 -0.000000 -6.800771 0.000000 2.259714 -0.000000 0.047353 -0.000000 -6.974445  
