 1 1 5  39.349459 1.498567 0.560506 0.008065 -1.305109 3.676893 -39.349459 -1.498567 -0.560506 -0.008065 -0.745000 1.804267  
 2 2 6  38.042740 1.497668 0.560749 0.008065 -1.305760 3.674617 -38.042740 -1.497668 -0.560749 -0.008065 -0.745235 1.803254  
 3 3 7  32.650565 1.488388 0.553078 0.008065 -1.286411 3.648875 -32.650565 -1.488388 -0.553078 -0.008065 -0.736527 1.795053  
 4 4 8  33.957236 1.491070 0.554011 0.008065 -1.288647 3.655692 -33.957236 -1.491070 -0.554011 -0.008065 -0.737703 1.798045  
 5 5 10  25.819783 1.046175 0.247509 -0.000157 -0.341594 1.775663 -25.819783 -1.046175 -0.247509 0.000157 -0.563695 2.050826  
 6 6 11  25.224010 1.046607 0.247904 -0.000157 -0.342354 1.776377 -25.224010 -1.046607 -0.247904 0.000157 -0.564380 2.051691  
 7 7 12  22.180230 1.048539 0.248216 -0.000157 -0.342969 1.781819 -22.180230 -1.048539 -0.248216 0.000157 -0.564904 2.053319  
 8 8 13  22.775977 1.048337 0.248038 -0.000157 -0.342475 1.781411 -22.775977 -1.048337 -0.248038 0.000157 -0.564747 2.052986  
 9 10 15  12.622396 0.708353 0.094818 0.001253 -0.080045 0.955237 -12.622396 -0.708353 -0.094818 -0.001253 -0.266761 1.635636  
 10 11 16  12.448840 0.707551 0.094801 0.001253 -0.079857 0.954309 -12.448840 -0.707551 -0.094801 -0.001253 -0.266888 1.633631  
 11 12 17  11.377618 0.705818 0.092917 0.001253 -0.077943 0.952575 -11.377618 -0.705818 -0.092917 -0.001253 -0.261908 1.629026  
 12 13 18  11.551147 0.706945 0.093129 0.001253 -0.078270 0.953764 -11.551147 -0.706945 -0.093129 -0.001253 -0.262358 1.631959  
 13 5 6  0.000000 -0.355470 -0.000000 -0.000141 0.000000 -1.083394 0.000000 0.355470 0.000000 0.000141 0.000000 -1.083551  
 14 6 7  0.000000 -1.174201 0.000000 0.004039 -0.000000 -3.579772 0.000000 1.174201 -0.000000 -0.004039 -0.000000 -3.578156  
 15 7 8  0.000000 -0.355465 0.000000 -0.001284 -0.000000 -1.083535 0.000000 0.355465 -0.000000 0.001284 -0.000000 -1.083378  
 16 8 5  0.000000 -1.174206 -0.000000 0.003199 0.000000 -3.578172 0.000000 1.174206 0.000000 -0.003199 0.000000 -3.579788  
 17 10 11  0.000000 -0.211109 -0.000000 -0.000032 0.000000 -0.643378 0.000000 0.211109 0.000000 0.000032 0.000000 -0.643541  
 18 11 12  0.000000 -0.986279 -0.000000 0.000695 0.000000 -3.006032 0.000000 0.986279 0.000000 -0.000695 0.000000 -3.006323  
 19 12 13  0.000000 -0.211109 0.000000 -0.000429 -0.000000 -0.643542 0.000000 0.211109 -0.000000 0.000429 -0.000000 -0.643379  
 20 13 10  0.000000 -0.986278 0.000000 0.000362 -0.000000 -3.006322 0.000000 0.986278 -0.000000 -0.000362 -0.000000 -3.006031  
 21 15 16  0.000000 -0.086775 -0.000000 -0.000992 0.000000 -0.264570 0.000000 0.086775 0.000000 0.000992 0.000000 -0.264408  
 22 16 17  0.000000 -0.535614 0.000000 0.002479 -0.000000 -1.634623 0.000000 0.535614 -0.000000 -0.002479 -0.000000 -1.630482  
 23 17 18  0.000000 -0.086768 0.000000 -0.001456 -0.000000 -0.264388 0.000000 0.086768 -0.000000 0.001456 -0.000000 -0.264549  
 24 18 15  0.000000 -0.535621 -0.000000 0.002191 0.000000 -1.630503 0.000000 0.535621 0.000000 -0.002191 0.000000 -1.634644  
