 1 1 5  35.522638 -0.014734 -0.038532 0.000026 0.157056 -0.044301 -35.522638 0.014734 0.038532 -0.000026 -0.016120 -0.009592  
 2 2 6  36.380795 -0.014691 -0.038426 0.000026 0.156702 -0.044203 -36.380795 0.014691 0.038426 -0.000026 -0.016156 -0.009531  
 3 3 7  36.477355 -0.014618 -0.038393 0.000026 0.156633 -0.043983 -36.477355 0.014618 0.038393 -0.000026 -0.016206 -0.009483  
 4 4 8  35.619212 -0.014660 -0.038513 0.000026 0.157006 -0.044079 -35.619212 0.014660 0.038513 -0.000026 -0.016139 -0.009543  
 5 5 10  23.651334 -0.032431 -0.151866 -0.000003 0.341177 -0.057707 -23.651334 0.032431 0.151866 0.000003 0.214286 -0.060912  
 6 6 11  24.296226 -0.032424 -0.151856 -0.000003 0.341171 -0.057700 -24.296226 0.032424 0.151856 0.000003 0.214258 -0.060895  
 7 7 12  24.348661 -0.032423 -0.151847 -0.000003 0.341163 -0.057716 -24.348661 0.032423 0.151847 0.000003 0.214232 -0.060873  
 8 8 13  23.703779 -0.032431 -0.151856 -0.000003 0.341159 -0.057727 -23.703779 0.032431 0.151856 0.000003 0.214271 -0.060892  
 9 10 15  11.855697 -0.005199 -0.210121 -0.000003 0.348505 0.000785 -11.855697 0.005199 0.210121 0.000003 0.420034 -0.019800  
 10 11 16  12.131310 -0.005201 -0.210125 -0.000003 0.348525 0.000778 -12.131310 0.005201 0.210125 0.000003 0.420028 -0.019803  
 11 12 17  12.144300 -0.005204 -0.210125 -0.000003 0.348527 0.000765 -12.144300 0.005204 0.210125 0.000003 0.420027 -0.019800  
 12 13 18  11.868692 -0.005202 -0.210122 -0.000003 0.348507 0.000772 -11.868692 0.005202 0.210122 0.000003 0.420033 -0.019798  
 13 5 6  0.000000 0.106632 -0.000000 0.000032 0.000000 0.325040 0.000000 -0.106632 0.000000 -0.000032 0.000000 0.324988  
 14 6 7  0.000000 0.022063 0.000000 -0.000028 -0.000000 0.067264 0.000000 -0.022063 -0.000000 0.000028 -0.000000 0.067233  
 15 7 8  0.000000 0.106631 0.000000 0.000033 -0.000000 0.324985 0.000000 -0.106631 -0.000000 -0.000033 -0.000000 0.325037  
 16 8 5  0.000000 0.022064 -0.000000 -0.000017 0.000000 0.067236 0.000000 -0.022064 0.000000 0.000017 0.000000 0.067267  
 17 10 11  0.000000 0.184639 0.000000 0.000003 -0.000000 0.562787 0.000000 -0.184639 -0.000000 -0.000003 -0.000000 0.562772  
 18 11 12  0.000000 0.019723 0.000000 -0.000010 -0.000000 0.060120 0.000000 -0.019723 -0.000000 0.000010 -0.000000 0.060112  
 19 12 13  0.000000 0.184638 -0.000000 0.000004 0.000000 0.562769 0.000000 -0.184638 0.000000 -0.000004 0.000000 0.562783  
 20 13 10  0.000000 0.019724 -0.000000 -0.000005 0.000000 0.060116 0.000000 -0.019724 0.000000 0.000005 0.000000 0.060124  
 21 15 16  0.000000 0.137806 0.000000 -0.000003 -0.000000 0.420036 0.000000 -0.137806 -0.000000 0.000003 -0.000000 0.420030  
 22 16 17  0.000000 0.006496 0.000000 0.000001 -0.000000 0.019800 0.000000 -0.006496 -0.000000 -0.000001 -0.000000 0.019797  
 23 17 18  0.000000 0.137805 -0.000000 -0.000003 0.000000 0.420026 0.000000 -0.137805 0.000000 0.000003 0.000000 0.420032  
 24 18 15  0.000000 0.006497 -0.000000 0.000001 0.000000 0.019801 0.000000 -0.006497 0.000000 -0.000001 0.000000 0.019803  
