 1 1 5  42.503926 -0.192613 3.818391 0.033136 -8.927180 0.023120 -42.503926 0.192613 -3.818391 -0.033136 -5.038967 -0.727620  
 2 2 6  30.055103 -0.208365 3.634993 0.033136 -8.376521 -0.029320 -30.055103 0.208365 -3.634993 -0.033136 -4.918830 -0.732797  
 3 3 7  29.496274 -0.179471 3.596519 0.033136 -8.290440 0.057086 -29.496274 0.179471 -3.596519 -0.033136 -4.864188 -0.713520  
 4 4 8  41.944697 -0.165722 3.783897 0.033136 -8.849573 0.107398 -41.944697 0.165722 -3.783897 -0.033136 -4.990409 -0.713542  
 5 5 10  27.120466 1.343385 2.368523 -0.203511 -3.896583 2.291343 -27.120466 -1.343385 -2.368523 0.203511 -4.766526 2.622224  
 6 6 11  20.485957 1.212686 2.342594 -0.203511 -3.911051 2.057416 -20.485957 -1.212686 -2.342594 0.203511 -4.657223 2.378103  
 7 7 12  20.879217 1.219786 2.349294 -0.203511 -3.923022 2.058110 -20.879217 -1.219786 -2.349294 0.203511 -4.669755 2.403379  
 8 8 13  27.514360 1.348895 2.369104 -0.203511 -3.897856 2.287696 -27.514360 -1.348895 -2.369104 0.203511 -4.767378 2.646024  
 9 10 15  12.729217 -0.875648 1.461333 0.042908 -1.978449 -2.020401 -12.729217 0.875648 -1.461333 -0.042908 -3.366523 -1.182370  
 10 11 16  10.516086 -0.818333 1.461549 0.042908 -2.025997 -1.877911 -10.516086 0.818333 -1.461549 -0.042908 -3.319765 -1.115224  
 11 12 17  11.270346 -0.827487 1.491190 0.042908 -2.068652 -1.908043 -11.270346 0.827487 -1.491190 -0.042908 -3.385526 -1.118573  
 12 13 18  13.484351 -0.882123 1.487343 0.042908 -2.018010 -2.041985 -13.484351 0.882123 -1.487343 -0.042908 -3.422097 -1.184468  
 13 5 6  0.000000 -2.907028 -0.000000 -0.119158 0.000000 -8.912302 0.000000 2.907028 0.000000 0.119158 0.000000 -8.808939  
 14 6 7  0.000000 -0.476174 0.000000 0.020941 -0.000000 -1.443777 0.000000 0.476174 -0.000000 -0.020941 -0.000000 -1.458978  
 15 7 8  0.000000 -2.906769 0.000000 -0.114387 -0.000000 -8.808150 0.000000 2.906769 -0.000000 0.114387 -0.000000 -8.911513  
 16 8 5  0.000000 -0.476432 -0.000000 0.023248 0.000000 -1.459766 0.000000 0.476432 0.000000 -0.023248 0.000000 -1.444566  
 17 10 11  0.000000 -2.210659 0.000000 -0.050725 -0.000000 -6.765273 0.000000 2.210659 -0.000000 0.050725 -0.000000 -6.710905  
 18 11 12  0.000000 -0.180530 0.000000 -0.027685 -0.000000 -0.550916 0.000000 0.180530 -0.000000 0.027685 -0.000000 -0.549596  
 19 12 13  0.000000 -2.210599 -0.000000 -0.054260 0.000000 -6.710722 0.000000 2.210599 0.000000 0.054260 0.000000 -6.765090  
 20 13 10  0.000000 -0.180590 -0.000000 -0.020297 0.000000 -0.549779 0.000000 0.180590 0.000000 0.020297 0.000000 -0.551098  
 21 15 16  0.000000 -1.106675 0.000000 0.033240 -0.000000 -3.393977 0.000000 1.106675 -0.000000 -0.033240 -0.000000 -3.352312  
 22 16 17  0.000000 0.377239 0.000000 -0.032547 -0.000000 1.148463 0.000000 -0.377239 -0.000000 0.032547 -0.000000 1.151187  
 23 17 18  0.000000 -1.106893 -0.000000 0.032614 0.000000 -3.352978 0.000000 1.106893 0.000000 -0.032614 0.000000 -3.394643  
 24 18 15  0.000000 0.377458 -0.000000 -0.027454 0.000000 1.151854 0.000000 -0.377458 0.000000 0.027454 0.000000 1.149130  
