 1 1 5  36.774563 0.349545 -0.032462 -0.000038 0.049380 0.864304 -36.774563 -0.349545 0.032462 0.000038 0.069354 0.414193  
 2 2 6  36.540380 0.349553 -0.032376 -0.000038 0.049067 0.864314 -36.540380 -0.349553 0.032376 0.000038 0.069351 0.414212  
 3 3 7  35.225436 0.349770 -0.032316 -0.000038 0.048961 0.864923 -35.225436 -0.349770 0.032316 0.000038 0.069237 0.414396  
 4 4 8  35.459621 0.349758 -0.032452 -0.000038 0.049368 0.864910 -35.459621 -0.349758 0.032452 0.000038 0.069330 0.414363  
 5 5 10  24.481642 0.257215 0.038039 -0.000018 -0.105287 0.442628 -24.481642 -0.257215 -0.038039 0.000018 -0.033846 0.498161  
 6 6 11  24.271054 0.257200 0.038046 -0.000018 -0.105291 0.442607 -24.271054 -0.257200 -0.038046 0.000018 -0.033866 0.498128  
 7 7 12  23.518357 0.257189 0.038048 -0.000018 -0.105275 0.442513 -23.518357 -0.257189 -0.038048 0.000018 -0.033888 0.498183  
 8 8 13  23.728946 0.257204 0.038032 -0.000018 -0.105265 0.442541 -23.728946 -0.257204 -0.038032 0.000018 -0.033841 0.498210  
 9 10 15  12.182923 0.177429 0.078490 -0.000008 -0.138028 0.240469 -12.182923 -0.177429 -0.078490 0.000008 -0.149055 0.408496  
 10 11 16  12.085117 0.177423 0.078487 -0.000008 -0.138011 0.240458 -12.085117 -0.177423 -0.078487 0.000008 -0.149062 0.408484  
 11 12 17  11.817077 0.177415 0.078486 -0.000008 -0.138009 0.240424 -11.817077 -0.177415 -0.078486 0.000008 -0.149061 0.408489  
 12 13 18  11.914883 0.177422 0.078488 -0.000008 -0.138026 0.240436 -11.914883 -0.177422 -0.078488 0.000008 -0.149052 0.408501  
 13 5 6  0.000000 -0.011798 -0.000000 -0.000001 0.000000 -0.035933 0.000000 0.011798 0.000000 0.000001 0.000000 -0.035988  
 14 6 7  0.000000 -0.281123 0.000000 -0.000048 -0.000000 -0.856821 0.000000 0.281123 -0.000000 0.000048 -0.000000 -0.856907  
 15 7 8  0.000000 -0.011799 0.000000 0.000002 -0.000000 -0.035989 0.000000 0.011799 -0.000000 -0.000002 -0.000000 -0.035934  
 16 8 5  0.000000 -0.281123 -0.000000 -0.000001 0.000000 -0.856906 0.000000 0.281123 0.000000 0.000001 0.000000 -0.856820  
 17 10 11  0.000000 -0.056391 0.000000 -0.000022 -0.000000 -0.171871 0.000000 0.056391 -0.000000 0.000022 -0.000000 -0.171887  
 18 11 12  0.000000 -0.242328 0.000000 -0.000010 -0.000000 -0.738608 0.000000 0.242328 -0.000000 0.000010 -0.000000 -0.738626  
 19 12 13  0.000000 -0.056391 -0.000000 -0.000020 0.000000 -0.171887 0.000000 0.056391 0.000000 0.000020 0.000000 -0.171871  
 20 13 10  0.000000 -0.242328 -0.000000 0.000004 0.000000 -0.738626 0.000000 0.242328 0.000000 -0.000004 0.000000 -0.738607  
 21 15 16  0.000000 -0.048903 -0.000000 -0.000006 0.000000 -0.149053 0.000000 0.048903 0.000000 0.000006 0.000000 -0.149061  
 22 16 17  0.000000 -0.134020 -0.000000 0.000001 0.000000 -0.408491 0.000000 0.134020 0.000000 -0.000001 0.000000 -0.408495  
 23 17 18  0.000000 -0.048903 0.000000 -0.000006 -0.000000 -0.149061 0.000000 0.048903 -0.000000 0.000006 -0.000000 -0.149054  
 24 18 15  0.000000 -0.134020 0.000000 0.000002 -0.000000 -0.408495 0.000000 0.134020 -0.000000 -0.000002 -0.000000 -0.408490  
