 1 1 5  36.137815 1.428354 -1.122618 -0.000578 2.537077 3.282474 -36.137815 -1.428354 1.122618 0.000578 1.569011 1.941873  
 2 2 6  37.701627 1.433403 -1.124013 -0.000578 2.541023 3.295084 -37.701627 -1.433403 1.124013 0.000578 1.570167 1.947732  
 3 3 7  35.861886 1.430355 -1.118618 -0.000578 2.527683 3.286686 -35.861886 -1.430355 1.118618 0.000578 1.563773 1.944981  
 4 4 8  34.298671 1.424304 -1.116154 -0.000578 2.520836 3.271364 -34.298671 -1.424304 1.116154 0.000578 1.561610 1.938168  
 5 5 10  23.898444 0.659720 -0.375563 -0.000226 0.344903 0.694531 -23.898444 -0.659720 0.375563 0.000226 1.028757 1.718461  
 6 6 11  24.209049 0.660266 -0.374940 -0.000226 0.343378 0.695374 -24.209049 -0.660266 0.374940 0.000226 1.028003 1.719615  
 7 7 12  24.101348 0.661320 -0.374260 -0.000226 0.342337 0.698049 -24.101348 -0.661320 0.374260 0.000226 1.026556 1.720796  
 8 8 13  23.791159 0.660781 -0.374863 -0.000226 0.343823 0.697252 -23.791159 -0.660781 0.374863 0.000226 1.027277 1.719622  
 9 10 15  11.874453 -0.425290 0.151505 -0.000389 -0.451302 -1.069810 -11.874453 0.425290 -0.151505 0.000389 -0.102841 -0.485730  
 10 11 16  11.806887 -0.425136 0.151358 -0.000389 -0.450766 -1.069507 -11.806887 0.425136 -0.151358 0.000389 -0.102840 -0.485470  
 11 12 17  12.125444 -0.425444 0.151761 -0.000389 -0.451663 -1.070549 -12.125444 0.425444 -0.151761 0.000389 -0.103417 -0.485556  
 12 13 18  12.193216 -0.425578 0.151899 -0.000389 -0.452174 -1.070798 -12.193216 0.425578 -0.151899 0.000389 -0.103412 -0.485794  
 13 5 6  0.000000 0.626581 0.000000 0.003282 -0.000000 1.909743 0.000000 -0.626581 -0.000000 -0.003282 -0.000000 1.909896  
 14 6 7  0.000000 -0.865997 0.000000 -0.003648 -0.000000 -2.639824 0.000000 0.865997 -0.000000 0.003648 -0.000000 -2.639294  
 15 7 8  0.000000 0.626536 -0.000000 0.003736 0.000000 1.909758 0.000000 -0.626536 0.000000 -0.003736 0.000000 1.909605  
 16 8 5  0.000000 -0.865952 -0.000000 -0.004172 0.000000 -2.639156 0.000000 0.865952 0.000000 0.004172 0.000000 -2.639686  
 17 10 11  0.000000 0.189059 0.000000 0.000649 -0.000000 0.576359 0.000000 -0.189059 -0.000000 -0.000649 -0.000000 0.576144  
 18 11 12  0.000000 -0.213103 0.000000 -0.001092 -0.000000 -0.649459 0.000000 0.213103 -0.000000 0.001092 -0.000000 -0.649615  
 19 12 13  0.000000 0.189007 -0.000000 0.000632 0.000000 0.575985 0.000000 -0.189007 0.000000 -0.000632 0.000000 0.576199  
 20 13 10  0.000000 -0.213050 -0.000000 -0.001096 0.000000 -0.649456 0.000000 0.213050 0.000000 0.001096 0.000000 -0.649300  
 21 15 16  0.000000 -0.033809 -0.000000 0.000051 0.000000 -0.103048 0.000000 0.033809 0.000000 -0.000051 0.000000 -0.103049  
 22 16 17  0.000000 0.159304 -0.000000 -0.000210 0.000000 0.485521 0.000000 -0.159304 0.000000 0.000210 0.000000 0.485596  
 23 17 18  0.000000 -0.033860 0.000000 0.000040 -0.000000 -0.103207 0.000000 0.033860 -0.000000 -0.000040 -0.000000 -0.103206  
 24 18 15  0.000000 0.159356 0.000000 -0.000207 -0.000000 0.485754 0.000000 -0.159356 -0.000000 0.000207 -0.000000 0.485679  
