 1 1 5  37.505991 -0.109089 0.402375 -0.000332 -0.954715 -0.077523 -37.505991 0.109089 -0.402375 0.000332 -0.517010 -0.321482  
 2 2 6  36.309100 -0.108871 0.403053 -0.000332 -0.956809 -0.077047 -36.309100 0.108871 -0.403053 0.000332 -0.517398 -0.321158  
 3 3 7  34.493976 -0.108561 0.403484 -0.000332 -0.957772 -0.076006 -34.493976 0.108561 -0.403484 0.000332 -0.518010 -0.321068  
 4 4 8  35.690932 -0.108713 0.402751 -0.000332 -0.955635 -0.076367 -35.690932 0.108713 -0.402751 0.000332 -0.517465 -0.321262  
 5 5 10  25.083574 0.304082 0.201631 -0.000077 -0.318754 0.772421 -25.083574 -0.304082 -0.201631 0.000077 -0.418730 0.339789  
 6 6 11  24.435404 0.304172 0.201613 -0.000077 -0.318632 0.772607 -24.435404 -0.304172 -0.201613 0.000077 -0.418789 0.339932  
 7 7 12  22.916403 0.304184 0.201752 -0.000077 -0.318812 0.772624 -22.916403 -0.304184 -0.201752 0.000077 -0.419116 0.339960  
 8 8 13  23.564619 0.304100 0.201767 -0.000077 -0.318982 0.772427 -23.564619 -0.304100 -0.201767 0.000077 -0.419002 0.339848  
 9 10 15  12.458876 0.540005 0.155632 0.000223 -0.213985 0.931444 -12.458876 -0.540005 -0.155632 -0.000223 -0.355255 1.043678  
 10 11 16  12.225905 0.540001 0.155689 0.000223 -0.214030 0.931447 -12.225905 -0.540001 -0.155689 -0.000223 -0.355417 1.043661  
 11 12 17  11.541115 0.539888 0.155399 0.000223 -0.213685 0.931341 -11.541115 -0.539888 -0.155399 -0.000223 -0.354702 1.043352  
 12 13 18  11.774104 0.540036 0.155477 0.000223 -0.213799 0.931504 -11.774104 -0.540036 -0.155477 -0.000223 -0.354874 1.043732  
 13 5 6  0.000000 -0.274363 0.000000 0.000248 -0.000000 -0.836098 0.000000 0.274363 -0.000000 -0.000248 -0.000000 -0.836418  
 14 6 7  0.000000 -0.148059 0.000000 -0.000389 -0.000000 -0.451201 0.000000 0.148059 -0.000000 0.000389 -0.000000 -0.451368  
 15 7 8  0.000000 -0.274368 -0.000000 0.000188 0.000000 -0.836433 0.000000 0.274368 0.000000 -0.000188 0.000000 -0.836113  
 16 8 5  0.000000 -0.148054 -0.000000 -0.000334 0.000000 -0.451353 0.000000 0.148054 0.000000 0.000334 0.000000 -0.451186  
 17 10 11  0.000000 -0.207603 -0.000000 0.000062 0.000000 -0.632748 0.000000 0.207603 0.000000 -0.000062 0.000000 -0.632800  
 18 11 12  0.000000 -0.417102 -0.000000 0.000020 0.000000 -1.271317 0.000000 0.417102 0.000000 -0.000020 0.000000 -1.271337  
 19 12 13  0.000000 -0.207610 0.000000 -0.000035 -0.000000 -0.632820 0.000000 0.207610 -0.000000 0.000035 -0.000000 -0.632768  
 20 13 10  0.000000 -0.417095 0.000000 -0.000032 -0.000000 -1.271316 0.000000 0.417095 -0.000000 0.000032 -0.000000 -1.271296  
 21 15 16  0.000000 -0.116488 -0.000000 -0.000016 0.000000 -0.355057 0.000000 0.116488 0.000000 0.000016 0.000000 -0.355052  
 22 16 17  0.000000 -0.342393 -0.000000 0.000365 0.000000 -1.043677 0.000000 0.342393 0.000000 -0.000365 0.000000 -1.043549  
 23 17 18  0.000000 -0.116493 0.000000 -0.000197 -0.000000 -0.355067 0.000000 0.116493 -0.000000 0.000197 -0.000000 -0.355072  
 24 18 15  0.000000 -0.342388 0.000000 0.000198 -0.000000 -1.043535 0.000000 0.342388 -0.000000 -0.000198 -0.000000 -1.043663  
