 1 1 5  40.745175 1.057013 1.357029 0.023000 -3.144454 2.872991 -40.745175 -1.057013 -1.357029 -0.023000 -1.819016 0.993139  
 2 2 6  38.092916 1.052423 1.355405 0.023000 -3.137585 2.861480 -38.092916 -1.052423 -1.355405 -0.023000 -1.819946 0.987863  
 3 3 7  31.255891 1.034663 1.328650 0.023000 -3.066841 2.802745 -31.255891 -1.034663 -1.328650 -0.023000 -1.792828 0.981640  
 4 4 8  33.906018 1.046063 1.337613 0.023000 -3.094068 2.833392 -33.906018 -1.046063 -1.337613 -0.023000 -1.798385 0.992689  
 5 5 10  26.721577 1.327016 0.614992 0.018208 -0.782581 2.605898 -26.721577 -1.327016 -0.614992 -0.018208 -1.466812 2.247797  
 6 6 11  25.760513 1.324146 0.615475 0.018208 -0.784775 2.600834 -25.760513 -1.324146 -0.615475 -0.018208 -1.466385 2.242361  
 7 7 12  21.279202 1.322280 0.598222 0.018208 -0.754723 2.594327 -21.279202 -1.322280 -0.598222 -0.018208 -1.433333 2.242044  
 8 8 13  22.238709 1.328334 0.599426 0.018208 -0.755522 2.605795 -22.238709 -1.328334 -0.599426 -0.018208 -1.436939 2.252718  
 9 10 15  12.936557 1.260856 0.003270 -0.005995 0.226847 1.974593 -12.936557 -1.260856 -0.003270 0.005995 -0.238806 2.637114  
 10 11 16  12.781754 1.257359 0.003685 -0.005995 0.225534 1.969662 -12.781754 -1.257359 -0.003685 0.005995 -0.239011 2.629254  
 11 12 17  11.063857 1.245468 0.003673 -0.005995 0.218187 1.955945 -11.063857 -1.245468 -0.003673 0.005995 -0.231622 2.599478  
 12 13 18  11.217832 1.249960 0.003160 -0.005995 0.220159 1.962878 -11.217832 -1.249960 -0.003160 0.005995 -0.231717 2.608975  
 13 5 6  0.000000 -0.845526 -0.000000 -0.004951 0.000000 -2.577972 0.000000 0.845526 0.000000 0.004951 0.000000 -2.576356  
 14 6 7  0.000000 -1.177929 -0.000000 0.028366 0.000000 -3.593648 0.000000 1.177929 0.000000 -0.028366 0.000000 -3.587006  
 15 7 8  0.000000 -0.845382 0.000000 -0.011039 -0.000000 -2.575917 0.000000 0.845382 -0.000000 0.011039 -0.000000 -2.577533  
 16 8 5  0.000000 -1.178073 0.000000 0.023626 -0.000000 -3.587445 0.000000 1.178073 -0.000000 -0.023626 -0.000000 -3.594087  
 17 10 11  0.000000 -0.403039 0.000000 -0.004906 -0.000000 -1.228650 0.000000 0.403039 -0.000000 0.004906 -0.000000 -1.228276  
 18 11 12  0.000000 -1.381799 -0.000000 0.012574 0.000000 -4.216929 0.000000 1.381799 0.000000 -0.012574 0.000000 -4.206515  
 19 12 13  0.000000 -0.402857 -0.000000 -0.008526 0.000000 -1.227721 0.000000 0.402857 0.000000 0.008526 0.000000 -1.228095  
 20 13 10  0.000000 -1.381981 0.000000 0.011315 -0.000000 -4.207070 0.000000 1.381981 -0.000000 -0.011315 -0.000000 -4.217484  
 21 15 16  0.000000 -0.077298 -0.000000 -0.003615 0.000000 -0.235577 0.000000 0.077298 0.000000 0.003615 0.000000 -0.235632  
 22 16 17  0.000000 -0.859052 0.000000 0.003379 -0.000000 -2.632869 0.000000 0.859052 -0.000000 -0.003379 -0.000000 -2.603911  
 23 17 18  0.000000 -0.077091 0.000000 -0.004433 -0.000000 -0.235001 0.000000 0.077091 -0.000000 0.004433 -0.000000 -0.234946  
 24 18 15  0.000000 -0.859259 -0.000000 0.003229 0.000000 -2.604542 0.000000 0.859259 0.000000 -0.003229 0.000000 -2.633500  
