 1 1 5  36.077803 -0.108335 0.271102 -0.000003 -0.645823 -0.277109 -36.077803 0.108335 -0.271102 0.000003 -0.345761 -0.119138  
 2 2 6  35.440339 -0.108291 0.271222 -0.000003 -0.646204 -0.277023 -35.440339 0.108291 -0.271222 0.000003 -0.345818 -0.119062  
 3 3 7  35.922188 -0.108231 0.271280 -0.000003 -0.646317 -0.276833 -35.922188 0.108231 -0.271280 0.000003 -0.345916 -0.119032  
 4 4 8  36.559670 -0.108270 0.271132 -0.000003 -0.645899 -0.276913 -36.559670 0.108270 -0.271132 0.000003 -0.345793 -0.119095  
 5 5 10  23.988342 -0.102210 0.160518 -0.000007 -0.228344 -0.182404 -23.988342 0.102210 -0.160518 0.000007 -0.358767 -0.191441  
 6 6 11  23.727625 -0.102202 0.160519 -0.000007 -0.228321 -0.182394 -23.727625 0.102202 -0.160519 0.000007 -0.358795 -0.191420  
 7 7 12  24.011651 -0.102199 0.160533 -0.000007 -0.228335 -0.182403 -24.011651 0.102199 -0.160533 0.000007 -0.358830 -0.191398  
 8 8 13  24.272382 -0.102208 0.160531 -0.000007 -0.228377 -0.182413 -24.272382 0.102208 -0.160531 0.000007 -0.358780 -0.191422  
 9 10 15  11.976093 -0.066011 0.010541 -0.000003 0.041560 -0.088454 -11.976093 0.066011 -0.010541 0.000003 -0.080115 -0.152986  
 10 11 16  11.923524 -0.066010 0.010536 -0.000003 0.041583 -0.088455 -11.923524 0.066010 -0.010536 0.000003 -0.080120 -0.152985  
 11 12 17  12.023904 -0.066013 0.010538 -0.000003 0.041581 -0.088468 -12.023904 0.066013 -0.010538 0.000003 -0.080125 -0.152983  
 12 13 18  12.076480 -0.066014 0.010543 -0.000003 0.041557 -0.088467 -12.076480 0.066014 -0.010543 0.000003 -0.080120 -0.152984  
 13 5 6  0.000000 -0.188374 -0.000000 0.000041 0.000000 -0.574135 0.000000 0.188374 0.000000 -0.000041 0.000000 -0.574193  
 14 6 7  0.000000 0.098912 -0.000000 -0.000055 0.000000 0.301497 0.000000 -0.098912 0.000000 0.000055 0.000000 0.301470  
 15 7 8  0.000000 -0.188375 0.000000 0.000035 -0.000000 -0.574197 0.000000 0.188375 -0.000000 -0.000035 -0.000000 -0.574139  
 16 8 5  0.000000 0.098913 0.000000 -0.000031 -0.000000 0.301473 0.000000 -0.098913 -0.000000 0.000031 -0.000000 0.301501  
 17 10 11  0.000000 -0.104075 0.000000 0.000007 -0.000000 -0.317213 0.000000 0.104075 -0.000000 -0.000007 -0.000000 -0.317228  
 18 11 12  0.000000 0.091824 0.000000 -0.000016 -0.000000 0.279882 0.000000 -0.091824 -0.000000 0.000016 -0.000000 0.279875  
 19 12 13  0.000000 -0.104077 -0.000000 0.000009 0.000000 -0.317233 0.000000 0.104077 0.000000 -0.000009 0.000000 -0.317218  
 20 13 10  0.000000 0.091825 -0.000000 -0.000005 0.000000 0.279880 0.000000 -0.091825 0.000000 0.000005 0.000000 0.279887  
 21 15 16  0.000000 -0.026285 -0.000000 -0.000002 0.000000 -0.080115 0.000000 0.026285 0.000000 0.000002 0.000000 -0.080120  
 22 16 17  0.000000 0.050191 -0.000000 -0.000000 0.000000 0.152983 0.000000 -0.050191 0.000000 0.000000 0.000000 0.152981  
 23 17 18  0.000000 -0.026287 0.000000 -0.000002 -0.000000 -0.080125 0.000000 0.026287 -0.000000 0.000002 -0.000000 -0.080120  
 24 18 15  0.000000 0.050193 0.000000 -0.000000 -0.000000 0.152986 0.000000 -0.050193 -0.000000 0.000000 -0.000000 0.152988  
