 1 1 5  36.635961 -0.082617 -0.186414 0.000060 0.365836 -0.101526 -36.635961 0.082617 0.186414 -0.000060 0.315993 -0.200654  
 2 2 6  36.166500 -0.082480 -0.186339 0.000060 0.365481 -0.101209 -36.166500 0.082480 0.186339 -0.000060 0.316071 -0.200471  
 3 3 7  35.364009 -0.082271 -0.186221 0.000060 0.365224 -0.100551 -35.364009 0.082271 0.186221 -0.000060 0.315898 -0.200366  
 4 4 8  35.833529 -0.082372 -0.186373 0.000060 0.365685 -0.100786 -35.833529 0.082372 0.186373 -0.000060 0.315993 -0.200497  
 5 5 10  24.609229 0.152825 0.046289 0.000006 -0.214184 0.383637 -24.609229 -0.152825 -0.046289 -0.000006 0.044877 0.175336  
 6 6 11  24.073026 0.152891 0.046307 0.000006 -0.214248 0.383773 -24.073026 -0.152891 -0.046307 -0.000006 0.044875 0.175441  
 7 7 12  23.390749 0.152895 0.046368 0.000006 -0.214378 0.383739 -23.390749 -0.152895 -0.046368 -0.000006 0.044782 0.175488  
 8 8 13  23.926996 0.152840 0.046341 0.000006 -0.214333 0.383618 -23.926996 -0.152840 -0.046341 -0.000006 0.044834 0.175409  
 9 10 15  12.290020 0.236305 0.235675 -0.000006 -0.439293 0.403081 -12.290020 -0.236305 -0.235675 0.000006 -0.422712 0.461228  
 10 11 16  12.012642 0.236326 0.235675 -0.000006 -0.439282 0.403114 -12.012642 -0.236326 -0.235675 0.000006 -0.422724 0.461271  
 11 12 17  11.709969 0.236320 0.235700 -0.000006 -0.439325 0.403082 -11.709969 -0.236320 -0.235700 0.000006 -0.422770 0.461282  
 12 13 18  11.987369 0.236300 0.235698 -0.000006 -0.439334 0.403049 -11.987369 -0.236300 -0.235698 0.000006 -0.422756 0.461243  
 13 5 6  0.000000 0.033369 0.000000 0.000155 -0.000000 0.101740 0.000000 -0.033369 -0.000000 -0.000155 -0.000000 0.101677  
 14 6 7  0.000000 -0.060105 -0.000000 -0.000146 0.000000 -0.183148 0.000000 0.060105 0.000000 0.000146 0.000000 -0.183253  
 15 7 8  0.000000 0.033365 -0.000000 0.000121 0.000000 0.101666 0.000000 -0.033365 0.000000 -0.000121 0.000000 0.101729  
 16 8 5  0.000000 -0.060101 0.000000 -0.000068 -0.000000 -0.183241 0.000000 0.060101 -0.000000 0.000068 -0.000000 -0.183137  
 17 10 11  0.000000 -0.129415 -0.000000 0.000060 0.000000 -0.394449 0.000000 0.129415 0.000000 -0.000060 0.000000 -0.394467  
 18 11 12  0.000000 -0.189799 0.000000 -0.000059 -0.000000 -0.578495 0.000000 0.189799 -0.000000 0.000059 -0.000000 -0.578522  
 19 12 13  0.000000 -0.129421 0.000000 0.000047 -0.000000 -0.394484 0.000000 0.129421 -0.000000 -0.000047 -0.000000 -0.394466  
 20 13 10  0.000000 -0.189794 -0.000000 -0.000034 0.000000 -0.578506 0.000000 0.189794 0.000000 0.000034 0.000000 -0.578478  
 21 15 16  0.000000 -0.138692 -0.000000 0.000013 0.000000 -0.422725 0.000000 0.138692 0.000000 -0.000013 0.000000 -0.422738  
 22 16 17  0.000000 -0.151334 0.000000 -0.000015 -0.000000 -0.461258 0.000000 0.151334 -0.000000 0.000015 -0.000000 -0.461271  
 23 17 18  0.000000 -0.138697 0.000000 0.000011 -0.000000 -0.422755 0.000000 0.138697 -0.000000 -0.000011 -0.000000 -0.422742  
 24 18 15  0.000000 -0.151328 -0.000000 -0.000014 0.000000 -0.461254 0.000000 0.151328 0.000000 0.000014 0.000000 -0.461241  
