 1 1 5  34.838873 5.031304 -5.908912 -0.044990 13.496853 11.774593 -34.838873 -5.031304 5.908912 0.044990 8.115585 6.627905  
 2 2 6  57.795941 5.759314 -6.321771 -0.044990 14.822326 13.348106 -57.795941 -5.759314 6.321771 0.044990 8.300184 7.717162  
 3 3 7  36.831300 5.428720 -5.597888 -0.044990 13.222956 12.324256 -36.831300 -5.428720 5.597888 0.044990 7.251879 7.531830  
 4 4 8  14.533885 4.463541 -4.880566 -0.044990 11.257741 10.264397 -14.533885 -4.463541 4.880566 0.044990 6.593417 6.061451  
 5 5 10  23.496833 4.303752 -5.545207 -0.143793 9.631771 7.378795 -23.496833 -4.303752 5.545207 0.143793 10.650376 8.362609  
 6 6 11  35.468858 4.724753 -5.585603 -0.143793 9.491981 8.077538 -35.468858 -4.724753 5.585603 0.143793 10.937919 9.203720  
 7 7 12  24.243307 4.738199 -5.095449 -0.143793 8.668121 8.246267 -24.243307 -4.738199 5.095449 0.143793 9.968992 9.084169  
 8 8 13  12.791002 4.174195 -4.861651 -0.143793 8.485365 7.302031 -12.791002 -4.174195 4.861651 0.143793 9.296609 7.965505  
 9 10 15  11.939040 2.115406 -2.195343 0.035147 2.826559 2.811455 -11.939040 -2.115406 2.195343 -0.035147 5.203128 4.925855  
 10 11 16  15.381332 2.281841 -2.126388 0.035147 2.540163 3.085648 -15.381332 -2.281841 2.126388 -0.035147 5.237313 5.260412  
 11 12 17  11.929710 2.293621 -1.987023 0.035147 2.366819 3.186516 -11.929710 -2.293621 1.987023 -0.035147 4.900916 5.202633  
 12 13 18  8.749918 2.121152 -2.041930 0.035147 2.625810 2.906242 -8.749918 -2.121152 2.041930 -0.035147 4.842753 4.852083  
 13 5 6  0.000000 5.475030 -0.000000 0.840686 0.000000 16.466383 0.000000 -5.475030 0.000000 -0.840686 0.000000 16.909397  
 14 6 7  0.000000 -4.852053 -0.000000 -0.882769 0.000000 -14.954014 0.000000 4.852053 0.000000 0.882769 0.000000 -14.624103  
 15 7 8  0.000000 5.440046 0.000000 1.153993 -0.000000 16.802768 0.000000 -5.440046 -0.000000 -1.153993 -0.000000 16.359755  
 16 8 5  0.000000 -4.817070 0.000000 -1.280973 -0.000000 -14.517475 0.000000 4.817070 -0.000000 1.280973 -0.000000 -14.847386  
 17 10 11  0.000000 4.232714 0.000000 0.459651 -0.000000 12.797678 0.000000 -4.232714 -0.000000 -0.459651 -0.000000 13.004948  
 18 11 12  0.000000 -3.854812 0.000000 -0.473135 -0.000000 -11.829717 0.000000 3.854812 -0.000000 0.473135 -0.000000 -11.669217  
 19 12 13  0.000000 4.168409 -0.000000 0.601468 0.000000 12.808946 0.000000 -4.168409 0.000000 -0.601468 0.000000 12.601676  
 20 13 10  0.000000 -3.790507 -0.000000 -0.679257 0.000000 -11.473215 0.000000 3.790507 0.000000 0.679257 0.000000 -11.633715  
 21 15 16  0.000000 1.688333 -0.000000 0.067266 0.000000 5.122953 0.000000 -1.688333 0.000000 -0.067266 0.000000 5.169127  
 22 16 17  0.000000 -1.692998 -0.000000 -0.068186 0.000000 -5.193146 0.000000 1.692998 0.000000 0.068186 0.000000 -5.127370  
 23 17 18  0.000000 1.622708 0.000000 0.075262 -0.000000 4.969102 0.000000 -1.622708 -0.000000 -0.075262 -0.000000 4.922928  
 24 18 15  0.000000 -1.627373 0.000000 -0.080175 -0.000000 -4.927345 0.000000 1.627373 -0.000000 0.080175 -0.000000 -4.993121  
