 1 1 5  32.348009 -1.145531 -0.982301 -0.002812 2.421597 -2.743306 -32.348009 1.145531 0.982301 0.002812 1.171267 -1.446589  
 2 2 6  36.425862 -1.153031 -0.987773 -0.002812 2.436853 -2.762150 -36.425862 1.153031 0.987773 0.002812 1.176027 -1.455177  
 3 3 7  39.652122 -1.155880 -0.991275 -0.002812 2.445698 -2.770420 -39.652122 1.155880 0.991275 0.002812 1.179989 -1.457327  
 4 4 8  35.574007 -1.150630 -0.987859 -0.002812 2.435704 -2.757089 -35.574007 1.150630 0.987859 0.002812 1.177490 -1.451455  
 5 5 10  21.968866 -0.697782 -0.687606 -0.000420 1.243923 -1.070080 -21.968866 0.697782 0.687606 0.000420 1.271063 -1.482128  
 6 6 11  24.459599 -0.698509 -0.687226 -0.000420 1.241744 -1.070641 -24.459599 0.698509 0.687226 0.000420 1.271852 -1.484224  
 7 7 12  26.031237 -0.697104 -0.686567 -0.000420 1.240677 -1.067223 -26.031237 0.697104 0.686567 0.000420 1.270511 -1.482506  
 8 8 13  23.540298 -0.697493 -0.688051 -0.000420 1.244139 -1.067918 -23.540298 0.697493 0.688051 0.000420 1.272474 -1.483232  
 9 10 15  11.288562 -0.247144 -0.688258 -0.002062 1.054806 -0.209406 -11.288562 0.247144 0.688258 0.002062 1.462566 -0.694548  
 10 11 16  12.251793 -0.251167 -0.689633 -0.002062 1.055551 -0.213410 -12.251793 0.251167 0.689633 0.002062 1.466851 -0.705257  
 11 12 17  12.711502 -0.251427 -0.691892 -0.002062 1.057913 -0.213507 -12.711502 0.251427 0.691892 0.002062 1.472752 -0.706111  
 12 13 18  11.748144 -0.247634 -0.691108 -0.002062 1.057723 -0.209665 -11.748144 0.247634 0.691108 0.002062 1.470073 -0.696082  
 13 5 6  0.000000 0.793567 0.000000 -0.004554 -0.000000 2.418389 0.000000 -0.793567 -0.000000 0.004554 -0.000000 2.419198  
 14 6 7  0.000000 0.827304 0.000000 0.001427 -0.000000 2.521264 0.000000 -0.827304 -0.000000 -0.001427 -0.000000 2.521982  
 15 7 8  0.000000 0.793581 -0.000000 -0.002567 0.000000 2.419240 0.000000 -0.793581 0.000000 0.002567 0.000000 2.418431  
 16 8 5  0.000000 0.827290 -0.000000 0.003198 0.000000 2.521940 0.000000 -0.827290 0.000000 -0.003198 0.000000 2.521222  
 17 10 11  0.000000 0.763761 -0.000000 -0.003020 0.000000 2.328003 0.000000 -0.763761 0.000000 0.003020 0.000000 2.327883  
 18 11 12  0.000000 0.555955 -0.000000 0.000480 0.000000 1.694614 0.000000 -0.555955 0.000000 -0.000480 0.000000 1.694485  
 19 12 13  0.000000 0.763781 0.000000 -0.001527 -0.000000 2.327944 0.000000 -0.763781 -0.000000 0.001527 -0.000000 2.328064  
 20 13 10  0.000000 0.555935 0.000000 0.002134 -0.000000 1.694425 0.000000 -0.555935 -0.000000 -0.002134 -0.000000 1.694554  
 21 15 16  0.000000 0.481631 0.000000 -0.005306 -0.000000 1.466271 0.000000 -0.481631 -0.000000 0.005306 -0.000000 1.469753  
 22 16 17  0.000000 0.229839 0.000000 0.002902 -0.000000 0.699951 0.000000 -0.229839 -0.000000 -0.002902 -0.000000 0.701145  
 23 17 18  0.000000 0.481663 -0.000000 -0.004966 0.000000 1.469850 0.000000 -0.481663 0.000000 0.004966 0.000000 1.466368  
 24 18 15  0.000000 0.229807 -0.000000 0.003705 0.000000 0.701048 0.000000 -0.229807 0.000000 -0.003705 0.000000 0.699854  
