 1 1 5  34.115094 -0.713453 -0.895569 0.000018 2.122129 -1.700199 -34.115094 0.713453 0.895569 -0.000018 1.153502 -0.909325  
 2 2 6  36.089631 -0.713198 -0.895407 0.000018 2.121569 -1.699626 -36.089631 0.713198 0.895407 -0.000018 1.153471 -0.908966  
 3 3 7  37.884860 -0.712932 -0.895161 0.000018 2.121003 -1.698815 -37.884860 0.712932 0.895161 -0.000018 1.153138 -0.908806  
 4 4 8  35.910415 -0.713154 -0.895362 0.000018 2.121648 -1.699329 -35.910415 0.713154 0.895362 -0.000018 1.153228 -0.909103  
 5 5 10  23.219875 -0.412758 -0.508463 0.000008 0.702056 -0.603142 -23.219875 0.412758 0.508463 -0.000008 1.157696 -0.906560  
 6 6 11  23.977043 -0.412638 -0.508453 0.000008 0.702029 -0.602902 -23.977043 0.412638 0.508453 -0.000008 1.157689 -0.906362  
 7 7 12  24.780090 -0.412639 -0.508335 0.000008 0.701765 -0.602958 -24.780090 0.412639 0.508335 -0.000008 1.157521 -0.906310  
 8 8 13  24.022992 -0.412753 -0.508358 0.000008 0.701823 -0.603205 -24.022992 0.412753 0.508358 -0.000008 1.157546 -0.906482  
 9 10 15  11.833741 -0.086814 0.000998 -0.000007 -0.198195 -0.005244 -11.833741 0.086814 -0.000998 0.000007 0.194543 -0.312287  
 10 11 16  11.961378 -0.086775 0.001005 -0.000007 -0.198199 -0.005180 -11.961378 0.086775 -0.001005 0.000007 0.194524 -0.312208  
 11 12 17  12.166242 -0.086781 0.001048 -0.000007 -0.198275 -0.005216 -12.166242 0.086781 -0.001048 0.000007 0.194441 -0.312193  
 12 13 18  12.038640 -0.086818 0.001040 -0.000007 -0.198268 -0.005277 -12.038640 0.086818 -0.001040 0.000007 0.194463 -0.312270  
 13 5 6  0.000000 0.608682 -0.000000 0.000292 0.000000 1.855313 0.000000 -0.608682 0.000000 -0.000292 0.000000 1.855210  
 14 6 7  0.000000 0.496094 0.000000 -0.000290 -0.000000 1.512159 0.000000 -0.496094 -0.000000 0.000290 -0.000000 1.512028  
 15 7 8  0.000000 0.608676 0.000000 0.000263 -0.000000 1.855193 0.000000 -0.608676 -0.000000 -0.000263 -0.000000 1.855296  
 16 8 5  0.000000 0.496099 -0.000000 -0.000246 0.000000 1.512044 0.000000 -0.496099 0.000000 0.000246 0.000000 1.512176  
 17 10 11  0.000000 0.314761 0.000000 0.000117 -0.000000 0.959403 0.000000 -0.314761 -0.000000 -0.000117 -0.000000 0.959382  
 18 11 12  0.000000 0.299096 -0.000000 -0.000109 0.000000 0.911660 0.000000 -0.299096 0.000000 0.000109 0.000000 0.911629  
 19 12 13  0.000000 0.314753 -0.000000 0.000103 0.000000 0.959355 0.000000 -0.314753 0.000000 -0.000103 0.000000 0.959376  
 20 13 10  0.000000 0.299105 0.000000 -0.000099 -0.000000 0.911655 0.000000 -0.299105 -0.000000 0.000099 -0.000000 0.911686  
 21 15 16  0.000000 0.063814 -0.000000 0.000026 0.000000 0.194517 0.000000 -0.063814 0.000000 -0.000026 0.000000 0.194496  
 22 16 17  0.000000 0.102436 -0.000000 -0.000028 0.000000 0.312234 0.000000 -0.102436 0.000000 0.000028 0.000000 0.312218  
 23 17 18  0.000000 0.063806 0.000000 0.000025 -0.000000 0.194469 0.000000 -0.063806 -0.000000 -0.000025 -0.000000 0.194490  
 24 18 15  0.000000 0.102445 0.000000 -0.000026 -0.000000 0.312245 0.000000 -0.102445 -0.000000 0.000026 -0.000000 0.312261  
