 1 1 5  39.212734 -3.279877 4.485735 0.106146 -10.390054 -7.242971 -39.212734 3.279877 -4.485735 -0.106146 -6.016969 -4.753508  
 2 2 6  24.510877 -2.893611 4.120146 0.106146 -9.383883 -6.454333 -24.510877 2.893611 -4.120146 -0.106146 -5.685962 -4.129339  
 3 3 7  32.741160 -3.043927 4.463111 0.106146 -10.131102 -6.830255 -32.741160 3.043927 -4.463111 -0.106146 -6.193173 -4.303212  
 4 4 8  47.535230 -3.369304 4.715115 0.106146 -10.895238 -7.500553 -47.535230 3.369304 -4.715115 -0.106146 -6.350767 -4.823013  
 5 5 10  25.939731 -1.699797 2.827938 0.059740 -4.618281 -2.585814 -25.939731 1.699797 -2.827938 -0.059740 -5.725186 -3.631364  
 6 6 11  18.311079 -1.520139 2.776757 0.059740 -4.617169 -2.266594 -18.311079 1.520139 -2.776757 -0.059740 -5.539099 -3.293465  
 7 7 12  22.027456 -1.519302 2.932238 0.059740 -4.902453 -2.221249 -22.027456 1.519302 -2.932238 -0.059740 -5.822499 -3.335750  
 8 8 13  29.721733 -1.687264 2.941681 0.059740 -4.814520 -2.515086 -29.721733 1.687264 -2.941681 -0.059740 -5.944973 -3.656251  
 9 10 15  12.693303 -0.632306 1.597336 -0.002977 -2.125839 -0.676432 -12.693303 0.632306 -1.597336 0.002977 -3.716576 -1.636291  
 10 11 16  10.261462 -0.594293 1.600125 -0.002977 -2.193447 -0.630159 -10.261462 0.594293 -1.600125 0.002977 -3.659169 -1.543529  
 11 12 17  11.289898 -0.590917 1.645435 -0.002977 -2.261571 -0.609435 -11.289898 0.590917 -1.645435 0.002977 -3.756771 -1.551904  
 12 13 18  13.755337 -0.626224 1.629253 -0.002977 -2.164764 -0.650446 -13.755337 0.626224 -1.629253 0.002977 -3.794393 -1.640031  
 13 5 6  0.000000 -3.539926 0.000000 0.461566 -0.000000 -10.890139 0.000000 3.539926 -0.000000 -0.461566 -0.000000 -10.689249  
 14 6 7  0.000000 2.260277 0.000000 -0.386118 -0.000000 6.857498 0.000000 -2.260277 -0.000000 0.386118 -0.000000 6.921150  
 15 7 8  0.000000 -3.546573 -0.000000 0.396689 0.000000 -10.709508 0.000000 3.546573 0.000000 -0.396689 0.000000 -10.910398  
 16 8 5  0.000000 2.266924 -0.000000 -0.254889 0.000000 6.941410 0.000000 -2.266924 0.000000 0.254889 0.000000 6.877757  
 17 10 11  0.000000 -2.602409 -0.000000 0.179883 0.000000 -7.968179 0.000000 2.602409 0.000000 -0.179883 0.000000 -7.896106  
 18 11 12  0.000000 1.347973 -0.000000 -0.163559 0.000000 4.103507 0.000000 -1.347973 0.000000 0.163559 0.000000 4.113738  
 19 12 13  0.000000 -2.610416 0.000000 0.168553 -0.000000 -7.920511 0.000000 2.610416 -0.000000 -0.168553 -0.000000 -7.992584  
 20 13 10  0.000000 1.355980 0.000000 -0.117153 -0.000000 4.138143 0.000000 -1.355980 -0.000000 0.117153 -0.000000 4.127913  
 21 15 16  0.000000 -1.220120 0.000000 0.033581 -0.000000 -3.742684 0.000000 1.220120 -0.000000 -0.033581 -0.000000 -3.695170  
 22 16 17  0.000000 0.518418 0.000000 -0.036000 -0.000000 1.577109 0.000000 -0.518418 -0.000000 0.036000 -0.000000 1.583167  
 23 17 18  0.000000 -1.228520 -0.000000 0.031263 0.000000 -3.720771 0.000000 1.228520 0.000000 -0.031263 0.000000 -3.768285  
 24 18 15  0.000000 0.526817 -0.000000 -0.026108 0.000000 1.608768 0.000000 -0.526817 0.000000 0.026108 0.000000 1.602710  
