 1 1 5  23.276486 -1.591996 -4.548719 0.318030 10.385564 -3.875035 -23.276486 1.591996 4.548719 -0.318030 6.251829 -1.947849  
 2 2 6  38.670074 -1.798396 -5.039306 0.318030 11.686579 -4.352572 -38.670074 1.798396 5.039306 -0.318030 6.745187 -2.225242  
 3 3 7  48.789770 -1.828403 -5.335221 0.318030 12.382803 -4.504784 -48.789770 1.828403 5.335221 -0.318030 7.131303 -2.182783  
 4 4 8  33.263670 -1.660960 -5.044007 0.318030 11.452143 -4.112786 -33.263670 1.660960 5.044007 -0.318030 6.996817 -1.962342  
 5 5 10  17.179381 -1.763384 -3.323080 0.138982 5.371079 -3.345418 -17.179381 1.763384 3.323080 -0.138982 6.783417 -3.104336  
 6 6 11  24.473067 -1.943490 -3.392187 0.138982 5.350702 -3.725208 -24.473067 1.943490 3.392187 -0.138982 7.056563 -3.383301  
 7 7 12  30.868112 -1.960685 -3.635782 0.138982 5.768296 -3.780076 -30.868112 1.960685 3.635782 -0.138982 7.529941 -3.391324  
 8 8 13  23.479440 -1.789588 -3.613076 0.138982 5.876163 -3.422174 -23.479440 1.789588 3.613076 -0.138982 7.339025 -3.123423  
 9 10 15  9.853521 -1.695743 -1.084659 -0.048947 1.084193 -2.718822 -9.853521 1.695743 1.084659 0.048947 2.883056 -3.483529  
 10 11 16  11.786595 -1.791600 -1.049774 -0.048947 0.930180 -2.893271 -11.786595 1.791600 1.049774 0.048947 2.909472 -3.659686  
 11 12 17  14.170999 -1.811352 -1.104318 -0.048947 0.967433 -2.923247 -14.170999 1.811352 1.104318 0.048947 3.071720 -3.701955  
 12 13 18  12.188885 -1.725662 -1.147427 -0.048947 1.127582 -2.771099 -12.188885 1.725662 1.147427 0.048947 3.069246 -3.540683  
 13 5 6  0.000000 4.054641 0.000000 -0.314294 -0.000000 12.233647 0.000000 -4.054641 -0.000000 0.314294 -0.000000 12.483447  
 14 6 7  0.000000 1.857635 -0.000000 0.387557 0.000000 5.636157 0.000000 -1.857635 0.000000 -0.387557 0.000000 5.687986  
 15 7 8  0.000000 4.064023 -0.000000 -0.274874 0.000000 12.512042 0.000000 -4.064023 0.000000 0.274874 0.000000 12.262242  
 16 8 5  0.000000 1.848253 0.000000 0.610738 -0.000000 5.659390 0.000000 -1.848253 -0.000000 -0.610738 -0.000000 5.607561  
 17 10 11  0.000000 2.686049 0.000000 -0.209202 -0.000000 8.149603 0.000000 -2.686049 -0.000000 0.209202 -0.000000 8.224553  
 18 11 12  0.000000 1.999577 0.000000 0.237810 -0.000000 6.067370 0.000000 -1.999577 -0.000000 -0.237810 -0.000000 6.122052  
 19 12 13  0.000000 2.697536 -0.000000 -0.192520 0.000000 8.259564 0.000000 -2.697536 0.000000 0.192520 0.000000 8.184614  
 20 13 10  0.000000 1.988091 -0.000000 0.281994 0.000000 6.087041 0.000000 -1.988091 0.000000 -0.281994 0.000000 6.032359  
 21 15 16  0.000000 0.972667 -0.000000 -0.069395 0.000000 2.957467 0.000000 -0.972667 0.000000 0.069395 0.000000 2.971912  
 22 16 17  0.000000 1.186072 0.000000 0.062440 -0.000000 3.590292 0.000000 -1.186072 -0.000000 -0.062440 -0.000000 3.640003  
 23 17 18  0.000000 0.984927 0.000000 -0.061952 -0.000000 3.009280 0.000000 -0.984927 -0.000000 0.061952 -0.000000 2.994835  
 24 18 15  0.000000 1.173812 -0.000000 0.074411 0.000000 3.602635 0.000000 -1.173812 0.000000 -0.074411 0.000000 3.552924  
