 1 1 5  34.158117 -0.821478 -0.423409 -0.000332 1.067668 -1.946482 -34.158117 0.821478 0.423409 0.000332 0.480992 -1.058154  
 2 2 6  36.152711 -0.821259 -0.422730 -0.000332 1.065574 -1.946005 -36.152711 0.821259 0.422730 0.000332 0.480603 -1.057830  
 3 3 7  37.841846 -0.820947 -0.422299 -0.000332 1.064610 -1.944962 -37.841846 0.820947 0.422299 0.000332 0.479990 -1.057734  
 4 4 8  35.847325 -0.821099 -0.423033 -0.000332 1.066748 -1.945323 -35.847325 0.821099 0.423033 0.000332 0.480537 -1.057928  
 5 5 10  23.080700 -0.477421 -0.335082 -0.000077 0.630315 -0.643397 -23.080700 0.477421 0.335082 0.000077 0.595280 -1.102819  
 6 6 11  24.346410 -0.477331 -0.335102 -0.000077 0.630440 -0.643210 -24.346410 0.477331 0.335102 0.000077 0.595229 -1.102677  
 7 7 12  24.919273 -0.477328 -0.334963 -0.000077 0.630260 -0.643201 -24.919273 0.477328 0.334963 0.000077 0.594902 -1.102673  
 8 8 13  23.653617 -0.477412 -0.334945 -0.000077 0.630087 -0.643397 -23.653617 0.477412 0.334945 0.000077 0.595008 -1.102785  
 9 10 15  11.724653 0.062774 -0.364674 0.000008 0.566970 0.302055 -11.724653 -0.062774 0.364674 -0.000008 0.766861 -0.072451  
 10 11 16  12.227828 0.062792 -0.364667 0.000008 0.566991 0.302082 -12.227828 -0.062792 0.364667 -0.000008 0.766815 -0.072414  
 11 12 17  12.275333 0.062803 -0.364655 0.000008 0.566987 0.302093 -12.275333 -0.062803 0.364655 -0.000008 0.766775 -0.072387  
 12 13 18  11.772185 0.062784 -0.364661 0.000008 0.566962 0.302063 -11.772185 -0.062784 0.364661 -0.000008 0.766821 -0.072423  
 13 5 6  0.000000 0.364440 -0.000000 0.000248 0.000000 1.110973 0.000000 -0.364440 0.000000 -0.000248 0.000000 1.110653  
 14 6 7  0.000000 0.558138 -0.000000 -0.000389 0.000000 1.701288 0.000000 -0.558138 0.000000 0.000389 0.000000 1.701123  
 15 7 8  0.000000 0.364435 0.000000 0.000188 -0.000000 1.110638 0.000000 -0.364435 -0.000000 -0.000188 -0.000000 1.110958  
 16 8 5  0.000000 0.558143 0.000000 -0.000334 -0.000000 1.701138 0.000000 -0.558143 -0.000000 0.000334 -0.000000 1.701303  
 17 10 11  0.000000 0.381264 -0.000000 0.000075 0.000000 1.162120 0.000000 -0.381264 0.000000 -0.000075 0.000000 1.162065  
 18 11 12  0.000000 0.262682 -0.000000 -0.000155 0.000000 0.800670 0.000000 -0.262682 0.000000 0.000155 0.000000 0.800641  
 19 12 13  0.000000 0.381257 0.000000 0.000061 -0.000000 1.162044 0.000000 -0.381257 -0.000000 -0.000061 -0.000000 1.162099  
 20 13 10  0.000000 0.262689 0.000000 -0.000130 -0.000000 0.800661 0.000000 -0.262689 -0.000000 0.000130 -0.000000 0.800690  
 21 15 16  0.000000 0.251584 0.000000 0.000008 -0.000000 0.766852 0.000000 -0.251584 -0.000000 -0.000008 -0.000000 0.766805  
 22 16 17  0.000000 0.023756 0.000000 -0.000010 -0.000000 0.072422 0.000000 -0.023756 -0.000000 0.000010 -0.000000 0.072395  
 23 17 18  0.000000 0.251577 -0.000000 0.000008 0.000000 0.766785 0.000000 -0.251577 0.000000 -0.000008 0.000000 0.766831  
 24 18 15  0.000000 0.023763 -0.000000 -0.000010 0.000000 0.072415 0.000000 -0.023763 0.000000 0.000010 0.000000 0.072443  
