 1 1 5  34.840812 -0.031849 -0.981588 -0.000186 2.305579 -0.101693 -34.840812 0.031849 0.981588 0.000186 1.284675 -0.014796  
 2 2 6  36.782532 -0.031336 -0.981062 -0.000186 2.303984 -0.100521 -36.782532 0.031336 0.981062 0.000186 1.284347 -0.014095  
 3 3 7  37.159115 -0.030943 -0.980436 -0.000186 2.302549 -0.099391 -37.159115 0.030943 0.980436 0.000186 1.283495 -0.013784  
 4 4 8  35.217541 -0.031447 -0.980953 -0.000186 2.304139 -0.100523 -35.217541 0.031447 0.980953 0.000186 1.283794 -0.014496  
 5 5 10  23.535304 -0.068874 -0.514246 -0.000059 0.671418 -0.147267 -23.535304 0.068874 0.514246 0.000059 1.209487 -0.104646  
 6 6 11  24.193984 -0.068682 -0.514243 -0.000059 0.671465 -0.146917 -24.193984 0.068682 0.514243 0.000059 1.209430 -0.104293  
 7 7 12  24.464641 -0.068705 -0.514017 -0.000059 0.671082 -0.147077 -24.464641 0.068705 0.514017 0.000059 1.208985 -0.104217  
 8 8 13  23.806071 -0.068887 -0.514020 -0.000059 0.671027 -0.147405 -23.806071 0.068887 0.514020 0.000059 1.209053 -0.104556  
 9 10 15  11.910060 -0.084261 0.056151 -0.000020 -0.307984 -0.136573 -11.910060 0.084261 -0.056151 0.000020 0.102606 -0.171619  
 10 11 16  11.977364 -0.084220 0.056160 -0.000020 -0.307975 -0.136517 -11.977364 0.084220 -0.056160 0.000020 0.102564 -0.171526  
 11 12 17  12.089913 -0.084230 0.056214 -0.000020 -0.308059 -0.136566 -12.089913 0.084230 -0.056214 0.000020 0.102452 -0.171514  
 12 13 18  12.022664 -0.084272 0.056207 -0.000020 -0.308075 -0.136626 -12.022664 0.084272 -0.056207 0.000020 0.102493 -0.171606  
 13 5 6  0.000000 0.641516 0.000000 0.000512 -0.000000 1.955471 0.000000 -0.641516 -0.000000 -0.000512 -0.000000 1.955208  
 14 6 7  0.000000 0.052968 -0.000000 -0.000604 0.000000 0.161524 0.000000 -0.052968 0.000000 0.000604 0.000000 0.161367  
 15 7 8  0.000000 0.641506 -0.000000 0.000506 0.000000 1.955180 0.000000 -0.641506 0.000000 -0.000506 0.000000 1.955443  
 16 8 5  0.000000 0.052977 0.000000 -0.000622 -0.000000 0.161395 0.000000 -0.052977 -0.000000 0.000622 -0.000000 0.161552  
 17 10 11  0.000000 0.295681 -0.000000 0.000184 0.000000 0.901262 0.000000 -0.295681 0.000000 -0.000184 0.000000 0.901212  
 18 11 12  0.000000 0.079061 -0.000000 -0.000244 0.000000 0.240994 0.000000 -0.079061 0.000000 0.000244 0.000000 0.240962  
 19 12 13  0.000000 0.295668 0.000000 0.000179 -0.000000 0.901170 0.000000 -0.295668 -0.000000 -0.000179 -0.000000 0.901220  
 20 13 10  0.000000 0.079075 0.000000 -0.000241 -0.000000 0.241003 0.000000 -0.079075 -0.000000 0.000241 -0.000000 0.241035  
 21 15 16  0.000000 0.033645 -0.000000 0.000026 0.000000 0.102570 0.000000 -0.033645 0.000000 -0.000026 0.000000 0.102529  
 22 16 17  0.000000 0.056281 -0.000000 -0.000035 0.000000 0.171551 0.000000 -0.056281 0.000000 0.000035 0.000000 0.171539  
 23 17 18  0.000000 0.033631 0.000000 0.000025 -0.000000 0.102487 0.000000 -0.033631 -0.000000 -0.000025 -0.000000 0.102529  
 24 18 15  0.000000 0.056295 0.000000 -0.000036 -0.000000 0.171581 0.000000 -0.056295 -0.000000 0.000036 -0.000000 0.171593  
