 1 1 5  32.159053 -0.109279 -0.904001 -0.002112 1.338482 -1.731878 -32.159053 0.109279 0.904001 0.002112 1.967992 1.332180  
 2 2 6  27.034473 -0.166976 -0.833821 -0.002112 1.176257 -1.859531 -27.034473 0.166976 0.833821 0.002112 1.873527 1.248800  
 3 3 7  39.831084 0.008183 -0.890032 -0.002112 1.297538 -1.581124 -39.831084 -0.008183 0.890032 0.002112 1.957844 1.611056  
 4 4 8  44.975390 0.060839 -0.955373 -0.002112 1.452800 -1.460866 -44.975390 -0.060839 0.955373 0.002112 2.041573 1.683392  
 5 5 10  21.697847 -3.721524 1.401217 0.083878 -3.140637 -7.398634 -21.697847 3.721524 -1.401217 -0.083878 -1.984453 -6.213212  
 6 6 11  17.403383 -3.515759 1.370401 0.083878 -3.039782 -7.004818 -17.403383 3.515759 -1.370401 -0.083878 -1.972598 -5.854423  
 7 7 12  26.291687 -3.749003 1.503163 0.083878 -3.319760 -7.491173 -26.291687 3.749003 -1.503163 -0.083878 -2.178208 -6.221179  
 8 8 13  30.607083 -3.915579 1.530720 0.083878 -3.397473 -7.802168 -30.607083 3.915579 -1.530720 -0.083878 -2.201289 -6.519453  
 9 10 15  11.339022 -2.070278 1.180929 -0.024440 -1.909641 -3.020609 -11.339022 2.070278 -1.180929 0.024440 -2.409724 -4.551640  
 10 11 16  9.716392 -1.985683 1.173596 -0.024440 -1.901207 -2.900319 -9.716392 1.985683 -1.173596 0.024440 -2.391338 -4.362515  
 11 12 17  12.654612 -1.961367 1.268501 -0.024440 -2.081775 -2.731697 -12.654612 1.961367 -1.268501 0.024440 -2.557894 -4.442198  
 12 13 18  14.289975 -2.031293 1.272617 -0.024440 -2.083315 -2.835810 -14.289975 2.031293 -1.272617 0.024440 -2.571407 -4.593847  
 13 5 6  0.000000 -0.414908 -0.000000 0.155677 0.000000 -1.264732 0.000000 0.414908 0.000000 -0.155677 0.000000 -1.264545  
 14 6 7  0.000000 1.954003 0.000000 -0.098290 -0.000000 5.911695 0.000000 -1.954003 -0.000000 0.098290 -0.000000 5.999906  
 15 7 8  0.000000 -0.414606 0.000000 0.119789 -0.000000 -1.263627 0.000000 0.414606 -0.000000 -0.119789 -0.000000 -1.263813  
 16 8 5  0.000000 1.953701 -0.000000 -0.092087 0.000000 5.998988 0.000000 -1.953701 0.000000 0.092087 0.000000 5.910776  
 17 10 11  0.000000 -1.336942 -0.000000 0.236416 0.000000 -4.086226 0.000000 1.336942 0.000000 -0.236416 0.000000 -4.063769  
 18 11 12  0.000000 2.976067 0.000000 -0.189965 -0.000000 8.991158 0.000000 -2.976067 -0.000000 0.189965 -0.000000 9.150946  
 19 12 13  0.000000 -1.338991 0.000000 0.198070 -0.000000 -4.070017 0.000000 1.338991 -0.000000 -0.198070 -0.000000 -4.092473  
 20 13 10  0.000000 2.978117 -0.000000 -0.192131 0.000000 9.157193 0.000000 -2.978117 0.000000 0.192131 0.000000 8.997405  
 21 15 16  0.000000 -0.812907 0.000000 0.089711 -0.000000 -2.485714 0.000000 0.812907 -0.000000 -0.089711 -0.000000 -2.469764  
 22 16 17  0.000000 1.470702 0.000000 -0.078426 -0.000000 4.452226 0.000000 -1.470702 -0.000000 0.078426 -0.000000 4.513171  
 23 17 18  0.000000 -0.816090 -0.000000 0.070973 0.000000 -2.479467 0.000000 0.816090 0.000000 -0.070973 0.000000 -2.495417  
 24 18 15  0.000000 1.473885 -0.000000 -0.075990 0.000000 4.522874 0.000000 -1.473885 0.000000 0.075990 0.000000 4.461929  
