 1 1 5  29.656025 -1.081446 -2.389740 -0.084904 5.890335 -2.431419 -29.656025 1.081446 2.389740 0.084904 2.850379 -1.524077  
 2 2 6  40.603355 -1.163319 -2.485994 -0.084904 6.219143 -2.632705 -40.603355 1.163319 2.485994 0.084904 2.873630 -1.622250  
 3 3 7  42.345943 -1.169633 -2.502581 -0.084904 6.264068 -2.653687 -42.345943 1.169633 2.502581 0.084904 2.889374 -1.624364  
 4 4 8  31.394677 -1.093388 -2.419851 -0.084904 5.965229 -2.462218 -31.394677 1.093388 2.419851 0.084904 2.885617 -1.536960  
 5 5 10  20.630197 -0.569461 -2.141718 -0.078096 3.877321 -0.676264 -20.630197 0.569461 2.141718 0.078096 3.956227 -1.406596  
 6 6 11  27.131668 -0.625945 -2.170395 -0.078096 3.917500 -0.754987 -27.131668 0.625945 2.170395 0.078096 4.020937 -1.534468  
 7 7 12  27.371157 -0.623630 -2.173436 -0.078096 3.922541 -0.748817 -27.371157 0.623630 2.173436 0.078096 4.027019 -1.532173  
 8 8 13  20.866978 -0.568010 -2.148294 -0.078096 3.889336 -0.671431 -20.866978 0.568010 2.148294 0.078096 3.968264 -1.406122  
 9 10 15  10.952075 0.290999 -1.616990 0.024109 2.413432 0.756694 -10.952075 -0.290999 1.616990 -0.024109 3.500868 0.307663  
 10 11 16  13.257907 0.314867 -1.626713 0.024109 2.404198 0.819171 -13.257907 -0.314867 1.626713 -0.024109 3.545668 0.332486  
 11 12 17  13.048525 0.314367 -1.619431 0.024109 2.392535 0.817557 -13.048525 -0.314367 1.619431 -0.024109 3.530695 0.332272  
 12 13 18  10.741494 0.290312 -1.607988 0.024109 2.398603 0.754219 -10.741494 -0.290312 1.607988 -0.024109 3.482774 0.307626  
 13 5 6  0.000000 2.223083 -0.000000 -0.087982 0.000000 6.750859 0.000000 -2.223083 0.000000 0.087982 0.000000 6.801056  
 14 6 7  0.000000 0.751396 0.000000 0.009925 -0.000000 2.289256 0.000000 -0.751396 -0.000000 -0.009925 -0.000000 2.291253  
 15 7 8  0.000000 2.223390 0.000000 -0.081928 -0.000000 6.801990 0.000000 -2.223390 -0.000000 0.081928 -0.000000 6.751793  
 16 8 5  0.000000 0.751089 -0.000000 0.023159 0.000000 2.290318 0.000000 -0.751089 0.000000 -0.023159 0.000000 2.288322  
 17 10 11  0.000000 2.098008 -0.000000 -0.032123 0.000000 6.367688 0.000000 -2.098008 0.000000 0.032123 0.000000 6.421769  
 18 11 12  0.000000 0.224247 -0.000000 -0.003366 0.000000 0.683175 0.000000 -0.224247 0.000000 0.003366 0.000000 0.683835  
 19 12 13  0.000000 2.098386 0.000000 -0.030781 -0.000000 6.422920 0.000000 -2.098386 -0.000000 0.030781 -0.000000 6.368839  
 20 13 10  0.000000 0.223869 0.000000 -0.001972 -0.000000 0.682684 0.000000 -0.223869 -0.000000 0.001972 -0.000000 0.682024  
 21 15 16  0.000000 1.153066 0.000000 0.012868 -0.000000 3.491364 0.000000 -1.153066 -0.000000 -0.012868 -0.000000 3.537725  
 22 16 17  0.000000 -0.104841 0.000000 -0.007943 -0.000000 -0.319618 0.000000 0.104841 -0.000000 0.007943 -0.000000 -0.319492  
 23 17 18  0.000000 1.153365 -0.000000 0.012780 0.000000 3.538638 0.000000 -1.153365 0.000000 -0.012780 0.000000 3.492278  
 24 18 15  0.000000 -0.105141 -0.000000 -0.009504 0.000000 -0.320406 0.000000 0.105141 0.000000 0.009504 0.000000 -0.320532  
