 1 1 5  35.662040 0.045816 0.016311 -0.000025 -0.000493 0.067964 -35.662040 -0.045816 -0.016311 0.000025 -0.059165 0.099612  
 2 2 6  36.019508 0.046213 0.016527 -0.000025 -0.001212 0.068849 -36.019508 -0.046213 -0.016527 0.000025 -0.059237 0.100179  
 3 3 7  36.337899 0.046562 0.016942 -0.000025 -0.002146 0.069890 -36.337899 -0.046562 -0.016942 0.000025 -0.059821 0.100414  
 4 4 8  35.980552 0.046221 0.016665 -0.000025 -0.001317 0.069112 -35.980552 -0.046221 -0.016665 0.000025 -0.059639 0.099947  
 5 5 10  23.715350 -0.059071 -0.070790 -0.000006 0.166936 -0.155271 -23.715350 0.059071 0.070790 0.000006 0.091986 -0.060788  
 6 6 11  24.002382 -0.058918 -0.070791 -0.000006 0.166935 -0.154968 -24.002382 0.058918 0.070791 0.000006 0.091990 -0.060530  
 7 7 12  24.284605 -0.058933 -0.070632 -0.000006 0.166637 -0.155096 -24.284605 0.058933 0.070632 0.000006 0.091708 -0.060458  
 8 8 13  23.997664 -0.059078 -0.070643 -0.000006 0.166642 -0.155389 -23.997664 0.059078 0.070643 0.000006 0.091740 -0.060695  
 9 10 15  11.874378 -0.101059 -0.094492 -0.000002 0.157477 -0.174796 -11.874378 0.101059 0.094492 0.000002 0.188139 -0.194837  
 10 11 16  11.997813 -0.101010 -0.094484 -0.000002 0.157470 -0.174714 -11.997813 0.101010 0.094484 0.000002 0.188116 -0.194741  
 11 12 17  12.125599 -0.101020 -0.094434 -0.000002 0.157385 -0.174763 -12.125599 0.101020 0.094434 0.000002 0.188018 -0.194727  
 12 13 18  12.002210 -0.101066 -0.094445 -0.000002 0.157396 -0.174839 -12.002210 0.101066 0.094445 0.000002 0.188044 -0.194820  
 13 5 6  0.000000 0.035214 -0.000000 0.000424 0.000000 0.107398 0.000000 -0.035214 0.000000 -0.000424 0.000000 0.107269  
 14 6 7  0.000000 0.018088 0.000000 -0.000430 -0.000000 0.055213 0.000000 -0.018088 -0.000000 0.000430 -0.000000 0.055051  
 15 7 8  0.000000 0.035207 0.000000 0.000369 -0.000000 0.107246 0.000000 -0.035207 -0.000000 -0.000369 -0.000000 0.107376  
 16 8 5  0.000000 0.018095 -0.000000 -0.000373 0.000000 0.055073 0.000000 -0.018095 0.000000 0.000373 0.000000 0.055235  
 17 10 11  0.000000 0.081793 0.000000 0.000153 -0.000000 0.249317 0.000000 -0.081793 -0.000000 -0.000153 -0.000000 0.249293  
 18 11 12  0.000000 0.077224 -0.000000 -0.000166 0.000000 0.235396 0.000000 -0.077224 0.000000 0.000166 0.000000 0.235360  
 19 12 13  0.000000 0.081782 -0.000000 0.000139 0.000000 0.249259 0.000000 -0.081782 0.000000 -0.000139 0.000000 0.249283  
 20 13 10  0.000000 0.077235 0.000000 -0.000146 -0.000000 0.235394 0.000000 -0.077235 -0.000000 0.000146 -0.000000 0.235431  
 21 15 16  0.000000 0.061712 0.000000 0.000031 -0.000000 0.188109 0.000000 -0.061712 -0.000000 -0.000031 -0.000000 0.188084  
 22 16 17  0.000000 0.063899 0.000000 -0.000032 -0.000000 0.194772 0.000000 -0.063899 -0.000000 0.000032 -0.000000 0.194756  
 23 17 18  0.000000 0.061700 -0.000000 0.000029 0.000000 0.188050 0.000000 -0.061700 0.000000 -0.000029 0.000000 0.188074  
 24 18 15  0.000000 0.063910 -0.000000 -0.000030 0.000000 0.194791 0.000000 -0.063910 0.000000 0.000030 0.000000 0.194806  
