 1 1 5  33.969985 -3.661849 2.776306 -0.015041 -6.717407 -8.699512 -33.969985 3.661849 -2.776306 0.015041 -3.437209 -4.694065  
 2 2 6  21.428654 -3.245592 2.579871 -0.015041 -6.141688 -7.743075 -21.428654 3.245592 -2.579871 0.015041 -3.294449 -4.128004  
 3 3 7  37.964097 -3.552446 2.981487 -0.015041 -7.059277 -8.703883 -37.964097 3.552446 -2.981487 0.015041 -3.845811 -4.289544  
 4 4 8  50.637263 -3.803988 3.062225 -0.015041 -7.412506 -9.323117 -50.637263 3.803988 -3.062225 0.015041 -3.787888 -4.590351  
 5 5 10  22.695638 -3.553077 2.623707 -0.032778 -4.600137 -6.392750 -22.695638 3.553077 -2.623707 0.032778 -4.996332 -6.602985  
 6 6 11  15.667618 -3.247303 2.565885 -0.032778 -4.526936 -5.828052 -15.667618 3.247303 -2.565885 0.032778 -4.858045 -6.049285  
 7 7 12  25.255835 -3.372385 2.874998 -0.032778 -5.087312 -6.032272 -25.255835 3.372385 -2.874998 0.032778 -5.428281 -6.302563  
 8 8 13  32.380908 -3.627692 2.918689 -0.032778 -5.135415 -6.501266 -32.380908 3.627692 -2.918689 0.032778 -5.539983 -6.767380  
 9 10 15  11.499197 -2.319097 1.468564 0.021314 -2.035998 -3.466637 -11.499197 2.319097 -1.468564 -0.021314 -3.335422 -5.015691  
 10 11 16  9.269937 -2.190916 1.475884 0.021314 -2.099160 -3.269491 -9.269937 2.190916 -1.475884 -0.021314 -3.299033 -4.744003  
 11 12 17  12.474975 -2.203264 1.585072 0.021314 -2.251673 -3.207413 -12.474975 2.203264 -1.585072 -0.021314 -3.545886 -4.851246  
 12 13 18  14.755890 -2.315424 1.571746 0.021314 -2.182145 -3.384480 -14.755890 2.315424 -1.571746 -0.021314 -3.566672 -5.084417  
 13 5 6  0.000000 -2.761003 -0.000000 0.552128 0.000000 -8.467073 0.000000 2.761003 0.000000 -0.552128 0.000000 -8.364001  
 14 6 7  0.000000 3.477960 -0.000000 -0.542616 0.000000 10.508183 0.000000 -3.477960 0.000000 0.542616 0.000000 10.693464  
 15 7 8  0.000000 -2.769699 0.000000 0.371649 -0.000000 -8.390506 0.000000 2.769699 -0.000000 -0.371649 -0.000000 -8.493577  
 16 8 5  0.000000 3.486656 0.000000 -0.429726 -0.000000 10.719968 0.000000 -3.486656 -0.000000 0.429726 -0.000000 10.534688  
 17 10 11  0.000000 -2.405055 -0.000000 0.358127 0.000000 -7.359932 0.000000 2.405055 0.000000 -0.358127 0.000000 -7.301283  
 18 11 12  0.000000 3.197264 -0.000000 -0.344078 0.000000 9.676902 0.000000 -3.197264 0.000000 0.344078 0.000000 9.813621  
 19 12 13  0.000000 -2.416404 0.000000 0.303646 -0.000000 -7.335876 0.000000 2.416404 -0.000000 -0.303646 -0.000000 -7.394525  
 20 13 10  0.000000 3.208614 0.000000 -0.327602 -0.000000 9.848214 0.000000 -3.208614 -0.000000 0.327602 -0.000000 9.711495  
 21 15 16  0.000000 -1.121087 0.000000 0.116163 -0.000000 -3.431367 0.000000 1.121087 -0.000000 -0.116163 -0.000000 -3.402779  
 22 16 17  0.000000 1.608976 0.000000 -0.103746 -0.000000 4.860167 0.000000 -1.608976 -0.000000 0.103746 -0.000000 4.948151  
 23 17 18  0.000000 -1.134001 -0.000000 0.096905 0.000000 -3.442140 0.000000 1.134001 0.000000 -0.096905 0.000000 -3.470728  
 24 18 15  0.000000 1.621890 -0.000000 -0.095944 0.000000 4.987512 0.000000 -1.621890 0.000000 0.095944 0.000000 4.899527  
