 1 1 5  37.891420 0.797999 0.964884 -0.001256 -2.310726 1.869482 -37.891420 -0.797999 -0.964884 0.001256 -1.218433 1.049279  
 2 2 6  35.492173 0.797562 0.965135 -0.001256 -2.311439 1.868318 -35.492173 -0.797562 -0.965135 0.001256 -1.218640 1.048845  
 3 3 7  34.108620 0.797010 0.964592 -0.001256 -2.309967 1.867060 -34.108620 -0.797010 -0.964592 0.001256 -1.218126 1.048083  
 4 4 8  36.507786 0.798440 0.965208 -0.001256 -2.311516 1.870657 -36.507786 -0.798440 -0.965208 0.001256 -1.218828 1.049718  
 5 5 10  24.687944 0.424593 0.598232 -0.000077 -0.872689 0.527477 -24.687944 -0.424593 -0.598232 0.000077 -1.315403 1.025513  
 6 6 11  23.661087 0.424683 0.598398 -0.000077 -0.873088 0.527664 -23.661087 -0.424683 -0.598398 0.000077 -1.315612 1.025655  
 7 7 12  23.312080 0.424770 0.598536 -0.000077 -0.873268 0.527909 -23.312080 -0.424770 -0.598536 0.000077 -1.315938 1.025730  
 8 8 13  24.338889 0.424686 0.598368 -0.000077 -0.872917 0.527712 -24.338889 -0.424686 -0.598368 0.000077 -1.315675 1.025618  
 9 10 15  12.090268 -0.134986 0.068150 0.000008 0.098329 -0.421189 -12.090268 0.134986 -0.068150 -0.000008 -0.347594 -0.072538  
 10 11 16  11.862154 -0.134969 0.068122 0.000008 0.098463 -0.421162 -11.862154 0.134969 -0.068122 -0.000008 -0.347624 -0.072501  
 11 12 17  11.909743 -0.134974 0.068134 0.000008 0.098458 -0.421201 -11.909743 0.134974 -0.068134 -0.000008 -0.347664 -0.072481  
 12 13 18  12.137835 -0.134993 0.068163 0.000008 0.098321 -0.421231 -12.137835 0.134993 -0.068163 -0.000008 -0.347634 -0.072518  
 13 5 6  0.000000 -0.686191 -0.000000 -0.000111 0.000000 -2.091446 0.000000 0.686191 0.000000 0.000111 0.000000 -2.091574  
 14 6 7  0.000000 -0.517276 0.000000 0.000154 -0.000000 -1.576619 0.000000 0.517276 -0.000000 -0.000154 -0.000000 -1.576698  
 15 7 8  0.000000 -0.686183 0.000000 -0.000706 -0.000000 -2.091548 0.000000 0.686183 -0.000000 0.000706 -0.000000 -2.091421  
 16 8 5  0.000000 -0.517285 -0.000000 -0.000324 0.000000 -1.576724 0.000000 0.517285 0.000000 0.000324 0.000000 -1.576645  
 17 10 11  0.000000 -0.399368 0.000000 0.000094 -0.000000 -1.217224 0.000000 0.399368 -0.000000 -0.000094 -0.000000 -1.217324  
 18 11 12  0.000000 -0.198302 -0.000000 -0.000174 0.000000 -0.604400 0.000000 0.198302 0.000000 0.000174 0.000000 -0.604449  
 19 12 13  0.000000 -0.399362 -0.000000 0.000081 0.000000 -1.217305 0.000000 0.399362 0.000000 -0.000081 0.000000 -1.217205  
 20 13 10  0.000000 -0.198308 0.000000 -0.000149 -0.000000 -0.604468 0.000000 0.198308 -0.000000 0.000149 -0.000000 -0.604418  
 21 15 16  0.000000 -0.114054 0.000000 0.000027 -0.000000 -0.347623 0.000000 0.114054 -0.000000 -0.000027 -0.000000 -0.347653  
 22 16 17  0.000000 0.023792 0.000000 -0.000029 -0.000000 0.072528 0.000000 -0.023792 -0.000000 0.000029 -0.000000 0.072508  
 23 17 18  0.000000 -0.114049 -0.000000 0.000027 0.000000 -0.347635 0.000000 0.114049 0.000000 -0.000027 0.000000 -0.347605  
 24 18 15  0.000000 0.023786 -0.000000 -0.000029 0.000000 0.072490 0.000000 -0.023786 0.000000 0.000029 0.000000 0.072510  
