 1 1 5  38.766138 0.788065 0.881106 -0.000462 -2.203296 1.890448 -38.766138 -0.788065 -0.881106 0.000462 -1.019439 0.991978  
 2 2 6  35.416770 0.788404 0.881514 -0.000462 -2.204294 1.891164 -35.416770 -0.788404 -0.881514 0.000462 -1.019930 0.992504  
 3 3 7  33.233911 0.787444 0.880628 -0.000462 -2.201946 1.888705 -33.233911 -0.787444 -0.880628 0.000462 -1.019040 0.991449  
 4 4 8  36.583180 0.788661 0.881721 -0.000462 -2.204699 1.891892 -36.583180 -0.788661 -0.881721 0.000462 -1.020282 0.992713  
 5 5 10  25.462093 0.475890 0.724035 -0.000016 -1.236670 0.725451 -25.462093 -0.475890 -0.724035 0.000016 -1.411559 1.015165  
 6 6 11  23.593566 0.476120 0.724218 -0.000016 -1.237104 0.725885 -23.593566 -0.476120 -0.724218 0.000016 -1.411794 1.015570  
 7 7 12  22.537934 0.476226 0.724455 -0.000016 -1.237524 0.726065 -22.537934 -0.476226 -0.724455 0.000016 -1.412242 1.015780  
 8 8 13  24.406407 0.476011 0.724263 -0.000016 -1.237078 0.725668 -24.406407 -0.476011 -0.724263 0.000016 -1.411985 1.015391  
 9 10 15  12.467335 0.162413 0.392622 -0.000323 -0.479722 0.125273 -12.467335 -0.162413 -0.392622 0.000323 -0.956331 0.468767  
 10 11 16  11.839961 0.162112 0.392597 -0.000323 -0.479655 0.124943 -11.839961 -0.162112 -0.392597 0.000323 -0.956307 0.467997  
 11 12 17  11.532680 0.161954 0.392337 -0.000323 -0.479380 0.124692 -11.532680 -0.161954 -0.392337 0.000323 -0.955632 0.467672  
 12 13 18  12.160023 0.162414 0.392545 -0.000323 -0.479662 0.125203 -12.160023 -0.162414 -0.392545 0.000323 -0.956110 0.468843  
 13 5 6  0.000000 -0.740415 0.000000 0.000498 -0.000000 -2.256752 0.000000 0.740415 -0.000000 -0.000498 -0.000000 -2.256816  
 14 6 7  0.000000 -0.563619 0.000000 0.000218 -0.000000 -1.717892 0.000000 0.563619 -0.000000 -0.000218 -0.000000 -1.717930  
 15 7 8  0.000000 -0.740403 -0.000000 -0.000416 0.000000 -2.256782 0.000000 0.740403 0.000000 0.000416 0.000000 -2.256717  
 16 8 5  0.000000 -0.563630 -0.000000 -0.000643 0.000000 -1.717965 0.000000 0.563630 0.000000 0.000643 0.000000 -1.717926  
 17 10 11  0.000000 -0.620574 0.000000 0.000046 -0.000000 -1.891473 0.000000 0.620574 -0.000000 -0.000046 -0.000000 -1.891544  
 18 11 12  0.000000 -0.374178 0.000000 -0.000095 -0.000000 -1.140467 0.000000 0.374178 -0.000000 0.000095 -0.000000 -1.140525  
 19 12 13  0.000000 -0.620568 -0.000000 -0.000053 0.000000 -1.891527 0.000000 0.620568 0.000000 0.000053 0.000000 -1.891456  
 20 13 10  0.000000 -0.374184 -0.000000 -0.000192 0.000000 -1.140542 0.000000 0.374184 0.000000 0.000192 0.000000 -1.140484  
 21 15 16  0.000000 -0.313683 -0.000000 -0.000373 0.000000 -0.956232 0.000000 0.313683 0.000000 0.000373 0.000000 -0.955981  
 22 16 17  0.000000 -0.153644 0.000000 0.000326 -0.000000 -0.468371 0.000000 0.153644 -0.000000 -0.000326 -0.000000 -0.468246  
 23 17 18  0.000000 -0.313676 0.000000 -0.000574 -0.000000 -0.955957 0.000000 0.313676 -0.000000 0.000574 -0.000000 -0.956209  
 24 18 15  0.000000 -0.153652 -0.000000 0.000099 0.000000 -0.468269 0.000000 0.153652 0.000000 -0.000099 0.000000 -0.468394  
