 1 1 5  33.024625 2.861056 -1.402486 0.141567 2.281054 5.803236 -33.024625 -2.861056 1.402486 -0.141567 2.848678 4.661362  
 2 2 6  35.697969 2.901191 -1.431448 0.141567 2.284993 5.887724 -35.697969 -2.901191 1.431448 -0.141567 2.950673 4.723672  
 3 3 7  38.986208 2.977217 -1.485258 0.141567 2.396900 6.071619 -38.986208 -2.977217 1.485258 -0.141567 3.035578 4.817850  
 4 4 8  36.291198 2.946241 -1.463336 0.141567 2.404504 6.006609 -36.291198 -2.946241 1.463336 -0.141567 2.947794 4.769561  
 5 5 10  19.767101 -0.263388 2.284038 -0.249751 -3.807334 -1.876412 -19.767101 0.263388 -2.284038 0.249751 -4.546763 0.913042  
 6 6 11  23.133365 -0.289375 2.394825 -0.249751 -3.955462 -1.968369 -23.133365 0.289375 -2.394825 0.249751 -4.803849 0.909950  
 7 7 12  28.243025 -0.285974 2.524501 -0.249751 -4.174295 -2.045331 -28.243025 0.285974 -2.524501 0.249751 -5.059319 0.999353  
 8 8 13  24.856509 -0.266591 2.436758 -0.249751 -4.065358 -1.974642 -24.856509 0.266591 -2.436758 0.249751 -4.847328 0.999560  
 9 10 15  9.171382 -2.297942 -2.603888 0.033800 5.252986 -4.323038 -9.171382 2.297942 2.603888 -0.033800 4.270996 -4.081914  
 10 11 16  12.048592 -2.426121 -2.698958 0.033800 5.530509 -4.551092 -12.048592 2.426121 2.698958 -0.033800 4.341198 -4.322686  
 11 12 17  14.836612 -2.467089 -2.832633 0.033800 5.850966 -4.646187 -14.836612 2.467089 2.832633 -0.033800 4.509671 -4.377436  
 12 13 18  11.943414 -2.352994 -2.756836 0.033800 5.617064 -4.441309 -11.943414 2.352994 2.756836 -0.033800 4.466338 -4.165001  
 13 5 6  0.000000 -0.346283 -0.000000 -0.014285 0.000000 -1.038649 0.000000 0.346283 0.000000 0.014285 0.000000 -1.072292  
 14 6 7  0.000000 -0.910887 0.000000 -0.067503 -0.000000 -2.769588 0.000000 0.910887 -0.000000 0.067503 -0.000000 -2.783180  
 15 7 8  0.000000 -0.345929 0.000000 -0.010661 -0.000000 -1.071214 0.000000 0.345929 -0.000000 0.010661 -0.000000 -1.037571  
 16 8 5  0.000000 -0.911241 -0.000000 -0.079993 0.000000 -2.784259 0.000000 0.911241 0.000000 0.079993 0.000000 -2.770666  
 17 10 11  0.000000 0.245060 -0.000000 -0.113949 0.000000 0.736355 0.000000 -0.245060 0.000000 0.113949 0.000000 0.757530  
 18 11 12  0.000000 1.160287 -0.000000 0.030870 0.000000 3.527193 0.000000 -1.160287 0.000000 -0.030870 0.000000 3.545915  
 19 12 13  0.000000 0.246126 0.000000 -0.100918 -0.000000 0.760778 0.000000 -0.246126 -0.000000 0.100918 -0.000000 0.739603  
 20 13 10  0.000000 1.159221 0.000000 0.030132 -0.000000 3.542667 0.000000 -1.159221 -0.000000 -0.030132 -0.000000 3.523945  
 21 15 16  0.000000 1.440603 0.000000 -0.114294 -0.000000 4.362575 0.000000 -1.440603 -0.000000 0.114294 -0.000000 4.419343  
 22 16 17  0.000000 1.392012 0.000000 0.078144 -0.000000 4.208392 0.000000 -1.392012 -0.000000 -0.078144 -0.000000 4.277311  
 23 17 18  0.000000 1.444601 -0.000000 -0.100125 0.000000 4.431527 0.000000 -1.444601 0.000000 0.100125 0.000000 4.374759  
 24 18 15  0.000000 1.388014 -0.000000 0.091579 0.000000 4.265127 0.000000 -1.388014 0.000000 -0.091579 0.000000 4.196208  
