 1 1 5  39.446440 6.005841 -5.428995 -0.084237 12.377372 14.568862 -39.446440 -6.005841 5.428995 0.084237 7.479718 7.398101  
 2 2 6  62.110903 6.787171 -5.726547 -0.084237 13.363228 16.356257 -62.110903 -6.787171 5.726547 0.084237 7.582192 8.468501  
 3 3 7  32.060131 6.274067 -4.819141 -0.084237 11.407056 14.507072 -32.060131 -6.274067 4.819141 0.084237 6.219434 8.440956  
 4 4 8  10.382525 5.050762 -4.221219 -0.084237 9.832329 11.811652 -10.382525 -5.050762 4.221219 0.084237 5.607203 6.662016  
 5 5 10  26.118509 6.359426 -5.171985 0.093548 9.186303 11.342887 -26.118509 -6.359426 5.171985 -0.093548 9.730748 11.917349  
 6 6 11  38.688877 6.955455 -5.147048 0.093548 8.964101 12.383037 -38.688877 -6.955455 5.147048 -0.093548 9.861742 13.057236  
 7 7 12  21.490372 6.813969 -4.559810 0.093548 8.043791 12.334920 -21.490372 -6.813969 4.559810 -0.093548 8.634170 12.587851  
 8 8 13  9.702242 5.920392 -4.392384 0.093548 7.827181 10.693325 -9.702242 -5.920392 4.392384 -0.093548 8.238403 10.961099  
 9 10 15  12.674364 3.551344 -2.689553 0.064980 3.891340 5.069633 -12.674364 -3.551344 2.689553 -0.064980 5.945967 7.919762  
 10 11 16  16.638524 3.788181 -2.674288 0.064980 3.773976 5.412498 -16.638524 -3.788181 2.674288 -0.064980 6.007499 8.443153  
 11 12 17  11.127951 3.826665 -2.476056 0.064980 3.521441 5.723098 -11.127951 -3.826665 2.476056 -0.064980 5.534980 8.273310  
 12 13 18  7.559161 3.579624 -2.489183 0.064980 3.632447 5.341691 -7.559161 -3.579624 2.489183 -0.064980 5.471989 7.751141  
 13 5 6  0.000000 5.021470 0.000000 0.977315 -0.000000 15.128162 0.000000 -5.021470 -0.000000 -0.977315 -0.000000 15.482719  
 14 6 7  0.000000 -6.400556 0.000000 -1.063574 -0.000000 -19.874223 0.000000 6.400556 -0.000000 1.063574 -0.000000 -19.143569  
 15 7 8  0.000000 4.970315 -0.000000 1.632308 0.000000 15.326800 0.000000 -4.970315 0.000000 -1.632308 0.000000 14.972243  
 16 8 5  0.000000 -6.349402 -0.000000 -1.537858 0.000000 -18.987649 0.000000 6.349402 0.000000 1.537858 0.000000 -19.718303  
 17 10 11  0.000000 4.254745 0.000000 0.593979 -0.000000 12.893866 0.000000 -4.254745 -0.000000 -0.593979 -0.000000 13.043061  
 18 11 12  0.000000 -5.795607 0.000000 -0.592657 -0.000000 -17.875755 0.000000 5.795607 -0.000000 0.592657 -0.000000 -17.454266  
 19 12 13  0.000000 4.158028 -0.000000 0.856683 0.000000 12.748267 0.000000 -4.158028 0.000000 -0.856683 0.000000 12.599073  
 20 13 10  0.000000 -5.698890 -0.000000 -0.728222 0.000000 -17.159473 0.000000 5.698890 0.000000 0.728222 0.000000 -17.580961  
 21 15 16  0.000000 1.932659 -0.000000 0.111059 0.000000 5.859614 0.000000 -1.932659 0.000000 -0.111059 0.000000 5.921876  
 22 16 17  0.000000 -2.705865 -0.000000 -0.085623 0.000000 -8.332094 0.000000 2.705865 0.000000 0.085623 0.000000 -8.162862  
 23 17 18  0.000000 1.833816 0.000000 0.110449 -0.000000 5.620603 0.000000 -1.833816 -0.000000 -0.110449 -0.000000 5.558342  
 24 18 15  0.000000 -2.607023 0.000000 -0.086353 -0.000000 -7.861589 0.000000 2.607023 -0.000000 0.086353 -0.000000 -8.030822  
