 1 1 5  41.133199 0.749531 1.538697 0.010330 -3.751736 2.104418 -41.133199 -0.749531 -1.538697 -0.010330 -1.876202 0.637068  
 2 2 6  36.453076 0.740649 1.534291 0.010330 -3.732566 2.081735 -36.453076 -0.740649 -1.534291 -0.010330 -1.879258 0.627263  
 3 3 7  30.868546 0.727491 1.508727 0.010330 -3.664990 2.036308 -30.868546 -0.727491 -1.508727 -0.010330 -1.853329 0.624563  
 4 4 8  35.545180 0.744885 1.524428 0.010330 -3.715138 2.082858 -35.545180 -0.744885 -1.524428 -0.010330 -1.860609 0.641634  
 5 5 10  27.030336 1.085839 1.107049 0.012253 -1.759329 2.178757 -27.030336 -1.085839 -1.107049 -0.012253 -2.289812 1.792809  
 6 6 11  24.719184 1.076131 1.106734 0.012253 -1.761000 2.161135 -24.719184 -1.076131 -1.106734 -0.012253 -2.286991 1.774921  
 7 7 12  20.970992 1.070507 1.083896 0.012253 -1.721081 2.149911 -20.970992 -1.070507 -1.083896 -0.012253 -2.243378 1.765576  
 8 8 13  23.279488 1.085263 1.089342 0.012253 -1.727904 2.176525 -23.279488 -1.085263 -1.089342 -0.012253 -2.256472 1.792932  
 9 10 15  13.051061 1.083815 0.348611 0.001642 -0.277937 1.718341 -13.051061 -1.083815 -0.348611 -0.001642 -0.997142 2.245822  
 10 11 16  12.408529 1.071981 0.349546 0.001642 -0.283468 1.701356 -12.408529 -1.071981 -0.349546 -0.001642 -0.995033 2.219523  
 11 12 17  10.949663 1.065431 0.335203 0.001642 -0.267572 1.696439 -10.949663 -1.065431 -0.335203 -0.001642 -0.958467 2.200480  
 12 13 18  11.590748 1.079636 0.334759 0.001642 -0.262592 1.717043 -11.590748 -1.079636 -0.334759 -0.001642 -0.961821 2.231835  
 13 5 6  0.000000 -1.184382 0.000000 -0.013396 -0.000000 -3.612340 0.000000 1.184382 -0.000000 0.013396 -0.000000 -3.607651  
 14 6 7  0.000000 -0.918273 0.000000 0.032606 -0.000000 -2.801793 0.000000 0.918273 -0.000000 -0.032606 -0.000000 -2.795999  
 15 7 8  0.000000 -1.184173 -0.000000 -0.021525 0.000000 -3.607016 0.000000 1.184173 0.000000 0.021525 0.000000 -3.611705  
 16 8 5  0.000000 -0.918481 -0.000000 0.023191 0.000000 -2.796634 0.000000 0.918481 0.000000 -0.023191 0.000000 -2.802429  
 17 10 11  0.000000 -0.834159 -0.000000 -0.016976 0.000000 -2.543867 0.000000 0.834159 0.000000 0.016976 0.000000 -2.541165  
 18 11 12  0.000000 -1.144814 0.000000 0.029294 -0.000000 -3.493253 0.000000 1.144814 -0.000000 -0.029294 -0.000000 -3.485534  
 19 12 13  0.000000 -0.833857 0.000000 -0.023519 -0.000000 -2.540244 0.000000 0.833857 -0.000000 0.023519 -0.000000 -2.542946  
 20 13 10  0.000000 -1.145116 -0.000000 0.023882 0.000000 -3.486455 0.000000 1.145116 0.000000 -0.023882 0.000000 -3.494174  
 21 15 16  0.000000 -0.321085 0.000000 -0.012598 -0.000000 -0.980033 0.000000 0.321085 -0.000000 0.012598 -0.000000 -0.977302  
 22 16 17  0.000000 -0.729614 0.000000 0.017732 -0.000000 -2.232122 0.000000 0.729614 -0.000000 -0.017732 -0.000000 -2.215606  
 23 17 18  0.000000 -0.320723 -0.000000 -0.015126 0.000000 -0.976199 0.000000 0.320723 0.000000 0.015126 0.000000 -0.978931  
 24 18 15  0.000000 -0.729976 -0.000000 0.017109 0.000000 -2.216708 0.000000 0.729976 0.000000 -0.017109 0.000000 -2.233224  
