 1 1 5  20.684976 0.840663 -4.630994 0.648131 11.209862 1.430717 -20.684976 -0.840663 4.630994 -0.648131 5.728460 1.644094  
 2 2 6  46.861461 1.074385 -5.254747 0.648131 13.366247 1.722691 -46.861461 -1.074385 5.254747 -0.648131 5.853517 2.206979  
 3 3 7  51.414169 1.111879 -5.397565 0.648131 13.736907 1.819135 -51.414169 -1.111879 5.397565 -0.648131 6.005228 2.247673  
 4 4 8  25.039394 0.903856 -4.897008 0.648131 11.809914 1.546514 -25.039394 -0.903856 4.897008 -0.648131 6.101384 1.759430  
 5 5 10  14.512265 -0.861820 -6.069074 0.277447 10.977019 -1.991104 -14.512265 0.861820 6.069074 -0.277447 11.221225 -1.161089  
 6 6 11  29.223117 -0.979198 -6.510647 0.277447 11.630069 -2.452572 -29.223117 0.979198 6.510647 -0.277447 12.183274 -1.128943  
 7 7 12  33.574715 -0.987555 -6.738279 0.277447 12.044027 -2.505692 -33.574715 0.987555 6.738279 -0.277447 12.601902 -1.106389  
 8 8 13  18.689903 -0.881280 -6.429206 0.277447 11.628947 -2.060619 -18.689903 0.881280 6.429206 -0.277447 11.886517 -1.162750  
 9 10 15  8.900262 -1.388165 -2.878095 -0.047803 4.020000 -2.382865 -8.900262 1.388165 2.878095 0.047803 6.506921 -2.694486  
 10 11 16  13.255049 -1.527717 -2.797040 -0.047803 3.584910 -2.675915 -13.255049 1.527717 2.797040 0.047803 6.645542 -2.911861  
 11 12 17  15.144620 -1.543600 -2.898489 -0.047803 3.712431 -2.717247 -15.144620 1.543600 2.898489 0.047803 6.889084 -2.928624  
 12 13 18  10.700069 -1.401723 -2.995347 -0.047803 4.176948 -2.416688 -10.700069 1.401723 2.995347 0.047803 6.778833 -2.710253  
 13 5 6  0.000000 5.735857 -0.000000 0.059978 0.000000 17.208636 0.000000 -5.735857 0.000000 -0.059978 0.000000 17.757150  
 14 6 7  0.000000 0.097514 -0.000000 0.273565 0.000000 0.305572 0.000000 -0.097514 0.000000 -0.273565 0.000000 0.288873  
 15 7 8  0.000000 5.741940 0.000000 0.030855 -0.000000 17.775690 0.000000 -5.741940 -0.000000 -0.030855 -0.000000 17.227176  
 16 8 5  0.000000 0.091431 0.000000 0.503156 -0.000000 0.270334 0.000000 -0.091431 -0.000000 -0.503156 -0.000000 0.287032  
 17 10 11  0.000000 5.188557 -0.000000 -0.098373 0.000000 15.620266 0.000000 -5.188557 0.000000 0.098373 0.000000 16.009180  
 18 11 12  0.000000 1.220489 0.000000 0.240995 -0.000000 3.706485 0.000000 -1.220489 -0.000000 -0.240995 -0.000000 3.733616  
 19 12 13  0.000000 5.209606 0.000000 -0.090020 -0.000000 16.073337 0.000000 -5.209606 -0.000000 0.090020 -0.000000 15.684424  
 20 13 10  0.000000 1.199440 -0.000000 0.379041 0.000000 3.669458 0.000000 -1.199440 0.000000 -0.379041 0.000000 3.642328  
 21 15 16  0.000000 2.188614 -0.000000 -0.074487 0.000000 6.608677 0.000000 -2.188614 0.000000 0.074487 0.000000 6.733113  
 22 16 17  0.000000 0.933565 0.000000 0.087571 -0.000000 2.837374 0.000000 -0.933565 -0.000000 -0.087571 -0.000000 2.853638  
 23 17 18  0.000000 2.211055 0.000000 -0.074986 -0.000000 6.801513 0.000000 -2.211055 -0.000000 0.074986 -0.000000 6.677077  
 24 18 15  0.000000 0.911124 -0.000000 0.101756 0.000000 2.785239 0.000000 -0.911124 0.000000 -0.101756 0.000000 2.768974  
