 1 1 5  35.034138 5.171461 -6.948236 -0.393147 15.281569 11.922953 -35.034138 -5.171461 6.948236 0.393147 10.132298 6.992184  
 2 2 6  56.945619 5.818760 -7.541621 -0.393147 16.874505 13.362773 -56.945619 -5.818760 7.541621 0.393147 10.709728 7.919923  
 3 3 7  36.692945 5.498959 -6.695407 -0.393147 15.082353 12.384049 -36.692945 -5.498959 6.695407 0.393147 9.406769 7.728943  
 4 4 8  15.327297 4.692612 -5.824862 -0.393147 12.902019 10.568754 -15.327297 -4.692612 5.824862 0.393147 8.402998 6.594943  
 5 5 10  23.678580 3.942234 -4.276145 0.074167 7.094727 6.643454 -23.678580 -3.942234 4.276145 -0.074167 8.545702 7.775662  
 6 6 11  34.881623 4.389132 -4.188167 0.074167 6.707159 7.455780 -34.881623 -4.389132 4.188167 -0.074167 8.611480 8.597909  
 7 7 12  24.115902 4.357731 -3.797014 0.074167 6.045941 7.498724 -24.115902 -4.357731 3.797014 -0.074167 7.842018 8.440111  
 8 8 13  13.323894 3.811892 -3.771894 0.074167 6.368155 6.587650 -13.323894 -3.811892 3.771894 -0.074167 7.427925 7.354728  
 9 10 15  11.846780 2.115299 -2.453641 -0.016032 3.540229 2.891531 -11.846780 -2.115299 2.453641 0.016032 5.434209 4.845388  
 10 11 16  15.422947 2.265551 -2.445033 -0.016032 3.438870 3.104788 -15.422947 -2.265551 2.445033 0.016032 5.504084 5.181690  
 11 12 17  12.048378 2.293536 -2.284669 -0.016032 3.194827 3.255627 -12.048378 -2.293536 2.284669 0.016032 5.161577 5.133209  
 12 13 18  8.681894 2.131003 -2.280182 -0.016032 3.278662 3.022384 -8.681894 -2.131003 2.280182 0.016032 5.061332 4.771973  
 13 5 6  0.000000 5.337369 -0.000000 0.818674 0.000000 16.050447 0.000000 -5.337369 0.000000 -0.818674 0.000000 16.486156  
 14 6 7  0.000000 -4.726627 -0.000000 -0.930731 0.000000 -14.557029 0.000000 4.726627 0.000000 0.930731 0.000000 -14.256488  
 15 7 8  0.000000 5.303670 0.000000 0.971179 -0.000000 16.383440 0.000000 -5.303670 -0.000000 -0.971179 -0.000000 15.947731  
 16 8 5  0.000000 -4.692927 0.000000 -1.176578 -0.000000 -14.153772 0.000000 4.692927 -0.000000 1.176578 -0.000000 -14.454312  
 17 10 11  0.000000 3.788269 0.000000 0.441037 -0.000000 11.472974 0.000000 -3.788269 -0.000000 -0.441037 -0.000000 11.620313  
 18 11 12  0.000000 -3.670407 0.000000 -0.430038 -0.000000 -11.261660 0.000000 3.670407 -0.000000 0.430038 -0.000000 -11.113140  
 19 12 13  0.000000 3.737931 -0.000000 0.582598 0.000000 11.466882 0.000000 -3.737931 0.000000 -0.582598 0.000000 11.319544  
 20 13 10  0.000000 -3.620069 -0.000000 -0.612957 0.000000 -10.959710 0.000000 3.620069 0.000000 0.612957 0.000000 -11.108230  
 21 15 16  0.000000 1.761873 0.000000 0.088262 -0.000000 5.327660 0.000000 -1.761873 -0.000000 -0.088262 -0.000000 5.412720  
 22 16 17  0.000000 -1.661074 -0.000000 -0.091364 0.000000 -5.093428 0.000000 1.661074 0.000000 0.091364 0.000000 -5.032480  
 23 17 18  0.000000 1.709453 -0.000000 0.100728 0.000000 5.252941 0.000000 -1.709453 0.000000 -0.100728 0.000000 5.167881  
 24 18 15  0.000000 -1.608653 0.000000 -0.106550 -0.000000 -4.872702 0.000000 1.608653 -0.000000 0.106550 -0.000000 -4.933650  
