 1 1 5  40.847030 3.900683 -0.307583 0.398947 1.707311 10.017398 -40.847030 -3.900683 0.307583 -0.398947 -0.582297 4.249741  
 2 2 6  51.249347 4.092413 -0.254088 0.398947 1.677814 10.538630 -51.249347 -4.092413 0.254088 -0.398947 -0.748462 4.429781  
 3 3 7  31.058129 3.884177 -0.230149 0.398947 1.517254 9.589443 -31.058129 -3.884177 0.230149 -0.398947 -0.675460 4.617322  
 4 4 8  20.845494 3.515537 -0.294704 0.398947 1.499570 8.660581 -20.845494 -3.515537 0.294704 -0.398947 -0.421660 4.197847  
 5 5 10  26.243173 4.843177 -3.083826 0.083873 6.057392 8.690474 -26.243173 -4.843177 3.083826 -0.083873 5.222010 9.023931  
 6 6 11  33.212546 5.146280 -3.158586 0.083873 6.220958 9.233558 -33.212546 -5.146280 3.158586 -0.083873 5.331888 9.589475  
 7 7 12  21.676942 4.979289 -2.874728 0.083873 5.660510 8.976411 -21.676942 -4.979289 2.874728 -0.083873 4.854094 9.235838  
 8 8 13  14.867339 4.571849 -2.767209 0.083873 5.325077 8.278324 -14.867339 -4.571849 2.767209 -0.083873 4.796267 8.443670  
 9 10 15  12.628040 2.217877 -1.551643 -0.007593 2.234639 2.880842 -12.628040 -2.217877 1.551643 0.007593 3.440649 5.231265  
 10 11 16  14.855787 2.324309 -1.549128 -0.007593 2.202352 3.030924 -14.855787 -2.324309 1.549128 0.007593 3.463739 5.470467  
 11 12 17  11.330532 2.377327 -1.428165 -0.007593 1.997895 3.287615 -11.330532 -2.377327 1.428165 0.007593 3.225762 5.407696  
 12 13 18  9.185641 2.250748 -1.429632 -0.007593 2.031370 3.104359 -9.185641 -2.250748 1.429632 0.007593 3.197653 5.127979  
 13 5 6  0.000000 1.712733 -0.000000 0.350166 0.000000 5.200652 0.000000 -1.712733 0.000000 -0.350166 0.000000 5.240169  
 14 6 7  0.000000 -4.324068 0.000000 -0.232327 -0.000000 -13.313173 0.000000 4.324068 -0.000000 0.232327 -0.000000 -13.046348  
 15 7 8  0.000000 1.705255 0.000000 0.547385 -0.000000 5.217377 0.000000 -1.705255 -0.000000 -0.547385 -0.000000 5.177860  
 16 8 5  0.000000 -4.316591 -0.000000 -0.274442 0.000000 -13.023556 0.000000 4.316591 0.000000 0.274442 0.000000 -13.290381  
 17 10 11  0.000000 2.361199 0.000000 0.328509 -0.000000 7.171448 0.000000 -2.361199 -0.000000 -0.328509 -0.000000 7.222419  
 18 11 12  0.000000 -3.995560 0.000000 -0.311821 -0.000000 -12.291890 0.000000 3.995560 -0.000000 0.311821 -0.000000 -12.065045  
 19 12 13  0.000000 2.341970 -0.000000 0.458407 0.000000 7.163810 0.000000 -2.341970 0.000000 -0.458407 0.000000 7.112839  
 20 13 10  0.000000 -3.976332 -0.000000 -0.285202 0.000000 -12.006436 0.000000 3.976332 0.000000 0.285202 0.000000 -12.233281  
 21 15 16  0.000000 1.103517 -0.000000 0.088033 0.000000 3.350720 0.000000 -1.103517 0.000000 -0.088033 0.000000 3.376318  
 22 16 17  0.000000 -1.752270 -0.000000 -0.087420 0.000000 -5.382434 0.000000 1.752270 0.000000 0.087420 0.000000 -5.299406  
 23 17 18  0.000000 1.082803 0.000000 0.108290 -0.000000 3.313182 0.000000 -1.082803 -0.000000 -0.108290 -0.000000 3.287583  
 24 18 15  0.000000 -1.731556 0.000000 -0.089930 -0.000000 -5.236269 0.000000 1.731556 -0.000000 0.089930 -0.000000 -5.319298  
