 1 1 5  36.372496 -0.652730 2.602243 -0.054436 -5.773336 -2.051367 -36.372496 0.652730 -2.602243 0.054436 -3.744629 -0.336058  
 2 2 6  31.420424 -0.657110 2.572858 -0.054436 -5.697889 -2.049791 -31.420424 0.657110 -2.572858 0.054436 -3.712598 -0.353656  
 3 3 7  35.625864 -0.647244 2.613580 -0.054436 -5.798183 -2.033331 -35.625864 0.647244 -2.613580 0.054436 -3.761246 -0.334030  
 4 4 8  40.581216 -0.641686 2.623026 -0.054436 -5.835369 -2.030629 -40.581216 0.641686 -2.623026 0.054436 -3.758611 -0.316402  
 5 5 10  24.091298 -1.997714 0.782143 0.027977 -0.869646 -3.436327 -24.091298 1.997714 -0.782143 -0.027977 -1.991120 -3.870514  
 6 6 11  22.170189 -1.971703 0.782818 0.027977 -0.879900 -3.398456 -22.170189 1.971703 -0.782818 -0.027977 -1.983333 -3.813243  
 7 7 12  23.907456 -1.985893 0.789413 0.027977 -0.881853 -3.420035 -23.907456 1.985893 -0.789413 -0.027977 -2.005502 -3.843567  
 8 8 13  25.831057 -2.009105 0.788057 0.027977 -0.870668 -3.453416 -25.831057 2.009105 -0.788057 -0.027977 -2.011731 -3.895088  
 9 10 15  12.246365 0.328455 0.255125 -0.002313 -0.128646 1.250273 -12.246365 -0.328455 -0.255125 0.002313 -0.804501 -0.048914  
 10 11 16  11.720399 0.324375 0.257120 -0.002313 -0.133681 1.243324 -11.720399 -0.324375 -0.257120 0.002313 -0.806760 -0.056888  
 11 12 17  11.753025 0.330855 0.254408 -0.002313 -0.129968 1.262752 -11.753025 -0.330855 -0.254408 0.002313 -0.800554 -0.052618  
 12 13 18  12.280210 0.335331 0.252319 -0.002313 -0.124694 1.270691 -12.280210 -0.335331 -0.252319 0.002313 -0.798188 -0.044183  
 13 5 6  0.000000 -1.515580 0.000000 0.009836 -0.000000 -4.621477 0.000000 1.515580 -0.000000 -0.009836 -0.000000 -4.617498  
 14 6 7  0.000000 1.234185 0.000000 -0.025000 -0.000000 3.761948 0.000000 -1.234185 -0.000000 0.025000 -0.000000 3.761641  
 15 7 8  0.000000 -1.515777 -0.000000 0.007576 0.000000 -4.618099 0.000000 1.515777 0.000000 -0.007576 0.000000 -4.622077  
 16 8 5  0.000000 1.234382 -0.000000 -0.007201 0.000000 3.762242 0.000000 -1.234382 0.000000 0.007201 0.000000 3.762549  
 17 10 11  0.000000 -0.697731 0.000000 0.024676 -0.000000 -2.127611 0.000000 0.697731 -0.000000 -0.024676 -0.000000 -2.125757  
 18 11 12  0.000000 0.852480 0.000000 -0.008743 -0.000000 2.594595 0.000000 -0.852480 -0.000000 0.008743 -0.000000 2.602121  
 19 12 13  0.000000 -0.698049 -0.000000 0.021306 0.000000 -2.126727 0.000000 0.698049 0.000000 -0.021306 0.000000 -2.128581  
 20 13 10  0.000000 0.852798 -0.000000 -0.007844 0.000000 2.603091 0.000000 -0.852798 0.000000 0.007844 0.000000 2.595565  
 21 15 16  0.000000 -0.263135 0.000000 -0.004452 -0.000000 -0.800880 0.000000 0.263135 -0.000000 0.004452 -0.000000 -0.803193  
 22 16 17  0.000000 0.016465 0.000000 0.003567 -0.000000 0.052437 0.000000 -0.016465 -0.000000 -0.003567 -0.000000 0.047936  
 23 17 18  0.000000 -0.263440 -0.000000 -0.004682 0.000000 -0.804122 0.000000 0.263440 0.000000 0.004682 0.000000 -0.801809  
 24 18 15  0.000000 0.016770 -0.000000 0.003621 0.000000 0.048865 0.000000 -0.016770 0.000000 -0.003621 0.000000 0.053366  
