 1 1 5  36.651218 0.289803 0.010702 -0.000038 -0.051816 0.710783 -36.651218 -0.289803 -0.010702 0.000038 0.012673 0.349200  
 2 2 6  36.286091 0.289811 0.010788 -0.000038 -0.052129 0.710794 -36.286091 -0.289811 -0.010788 0.000038 0.012670 0.349219  
 3 3 7  35.348781 0.290028 0.010848 -0.000038 -0.052235 0.711403 -35.348781 -0.290028 -0.010848 0.000038 0.012557 0.349403  
 4 4 8  35.713910 0.290015 0.010712 -0.000038 -0.051828 0.711390 -35.713910 -0.290015 -0.010712 0.000038 0.012649 0.349370  
 5 5 10  24.385255 0.210519 0.055407 -0.000018 -0.133321 0.340738 -24.385255 -0.210519 -0.055407 0.000018 -0.069336 0.429258  
 6 6 11  24.099312 0.210505 0.055414 -0.000018 -0.133326 0.340717 -24.099312 -0.210505 -0.055414 0.000018 -0.069356 0.429225  
 7 7 12  23.614745 0.210494 0.055415 -0.000018 -0.133310 0.340623 -23.614745 -0.210494 -0.055415 0.000018 -0.069378 0.429280  
 8 8 13  23.900689 0.210509 0.055400 -0.000018 -0.133300 0.340650 -23.900689 -0.210509 -0.055400 0.000018 -0.069331 0.429307  
 9 10 15  12.138416 0.084547 0.100185 -0.000008 -0.171744 0.082036 -12.138416 -0.084547 -0.100185 0.000008 -0.194691 0.227201  
 10 11 16  12.010664 0.084540 0.100182 -0.000008 -0.171727 0.082025 -12.010664 -0.084540 -0.100182 0.000008 -0.194698 0.227189  
 11 12 17  11.861584 0.084532 0.100181 -0.000008 -0.171725 0.081991 -11.861584 -0.084532 -0.100181 0.000008 -0.194697 0.227194  
 12 13 18  11.989336 0.084539 0.100183 -0.000008 -0.171741 0.082003 -11.989336 -0.084539 -0.100183 0.000008 -0.194688 0.227206  
 13 5 6  0.000000 -0.039592 -0.000000 -0.000002 0.000000 -0.120649 0.000000 0.039592 0.000000 0.000002 0.000000 -0.120704  
 14 6 7  0.000000 -0.226372 0.000000 -0.000048 -0.000000 -0.689938 0.000000 0.226372 -0.000000 0.000048 -0.000000 -0.690024  
 15 7 8  0.000000 -0.039592 0.000000 0.000002 -0.000000 -0.120705 0.000000 0.039592 -0.000000 -0.000002 -0.000000 -0.120650  
 16 8 5  0.000000 -0.226371 -0.000000 -0.000001 0.000000 -0.690023 0.000000 0.226371 0.000000 0.000001 0.000000 -0.689937  
 17 10 11  0.000000 -0.079096 -0.000000 -0.000022 0.000000 -0.241076 0.000000 0.079096 0.000000 0.000022 0.000000 -0.241092  
 18 11 12  0.000000 -0.167743 0.000000 -0.000010 -0.000000 -0.511272 0.000000 0.167743 -0.000000 0.000010 -0.000000 -0.511291  
 19 12 13  0.000000 -0.079096 0.000000 -0.000020 -0.000000 -0.241093 0.000000 0.079096 -0.000000 0.000020 -0.000000 -0.241076  
 20 13 10  0.000000 -0.167743 -0.000000 0.000004 0.000000 -0.511290 0.000000 0.167743 0.000000 -0.000004 0.000000 -0.511272  
 21 15 16  0.000000 -0.063876 -0.000000 -0.000006 0.000000 -0.194689 0.000000 0.063876 0.000000 0.000006 0.000000 -0.194697  
 22 16 17  0.000000 -0.074540 -0.000000 0.000001 0.000000 -0.227195 0.000000 0.074540 0.000000 -0.000001 0.000000 -0.227200  
 23 17 18  0.000000 -0.063876 0.000000 -0.000006 -0.000000 -0.194697 0.000000 0.063876 -0.000000 0.000006 -0.000000 -0.194690  
 24 18 15  0.000000 -0.074540 0.000000 0.000002 -0.000000 -0.227200 0.000000 0.074540 -0.000000 -0.000002 -0.000000 -0.227195  
