 1 1 5  17.398986 -0.516294 -5.792721 0.937334 12.792927 -1.750746 -17.398986 0.516294 5.792721 -0.937334 8.394529 -0.137650  
 2 2 6  42.584434 -0.576034 -6.894677 0.937334 15.619434 -2.113988 -42.584434 0.576034 6.894677 -0.937334 9.598538 0.007088  
 3 3 7  54.773778 -0.502313 -7.421494 0.937334 16.755209 -2.089137 -54.773778 0.502313 7.421494 -0.937334 10.389648 0.251876  
 4 4 8  29.242802 -0.464450 -6.593588 0.937334 14.537528 -1.787953 -29.242802 0.464450 6.593588 -0.937334 9.579180 0.089180  
 5 5 10  12.154228 -2.244118 -3.197634 -0.207909 5.779657 -4.554904 -12.154228 2.244118 3.197634 0.207909 5.916010 -3.653180  
 6 6 11  27.257782 -2.756675 -3.184018 -0.207909 5.476386 -5.708598 -27.257782 2.756675 3.184018 0.207909 6.169477 -4.374218  
 7 7 12  35.977421 -2.841449 -3.471244 -0.207909 5.974286 -5.910246 -35.977421 2.841449 3.471244 0.207909 6.722135 -4.482637  
 8 8 13  20.610570 -2.363670 -3.627887 -0.207909 6.517641 -4.937430 -20.610570 2.363670 3.627887 0.207909 6.751719 -3.707927  
 9 10 15  7.439390 -2.363029 -4.406526 0.082265 7.431344 -3.930863 -7.439390 2.363029 4.406526 -0.082265 8.685966 -4.712152  
 10 11 16  13.320558 -2.566972 -4.546140 0.082265 7.658750 -4.272420 -13.320558 2.566972 4.546140 -0.082265 8.969212 -5.116537  
 11 12 17  16.631725 -2.568021 -4.779672 0.082265 8.025489 -4.225509 -16.631725 2.568021 4.779672 -0.082265 9.456641 -5.167285  
 12 13 18  10.608326 -2.381250 -4.671657 0.082265 7.913752 -3.954279 -10.608326 2.381250 4.671657 -0.082265 9.173301 -4.755380  
 13 5 6  0.000000 5.051226 -0.000000 -0.473148 0.000000 15.104174 0.000000 -5.051226 0.000000 0.473148 0.000000 15.688098  
 14 6 7  0.000000 1.724574 0.000000 0.613174 -0.000000 5.228362 0.000000 -1.724574 -0.000000 -0.613174 -0.000000 5.284640  
 15 7 8  0.000000 5.071784 0.000000 -0.373729 -0.000000 15.750759 0.000000 -5.071784 -0.000000 0.373729 -0.000000 15.166834  
 16 8 5  0.000000 1.704016 -0.000000 0.929987 0.000000 5.221980 0.000000 -1.704016 0.000000 -0.929987 0.000000 5.165702  
 17 10 11  0.000000 4.626327 -0.000000 -0.485171 0.000000 13.960287 0.000000 -4.626327 0.000000 0.485171 0.000000 14.241800  
 18 11 12  0.000000 2.689102 -0.000000 0.413574 0.000000 8.161466 0.000000 -2.689102 0.000000 -0.413574 0.000000 8.231302  
 19 12 13  0.000000 4.656593 0.000000 -0.476844 -0.000000 14.334051 0.000000 -4.656593 -0.000000 0.476844 -0.000000 14.052538  
 20 13 10  0.000000 2.658836 0.000000 0.612933 -0.000000 8.139051 0.000000 -2.658836 -0.000000 -0.612933 -0.000000 8.069215  
 21 15 16  0.000000 2.958363 -0.000000 -0.148002 0.000000 8.875443 0.000000 -2.958363 0.000000 0.148002 0.000000 9.158736  
 22 16 17  0.000000 1.637805 -0.000000 0.189524 0.000000 4.968535 0.000000 -1.637805 0.000000 -0.189524 0.000000 5.015523  
 23 17 18  0.000000 2.993921 0.000000 -0.151762 -0.000000 9.267117 0.000000 -2.993921 -0.000000 0.151762 -0.000000 8.983824  
 24 18 15  0.000000 1.602247 0.000000 0.189477 -0.000000 4.907142 0.000000 -1.602247 -0.000000 -0.189477 -0.000000 4.860154  
