 1 1 5  21.992559 -4.272793 -7.890386 -0.347754 16.757776 -9.133452 -21.992559 4.272793 7.890386 0.347754 12.102099 -6.494715  
 2 2 6  44.623204 -4.855351 -8.933446 -0.347754 19.390703 -10.411382 -44.623204 4.855351 8.933446 0.347754 13.284271 -7.347550  
 3 3 7  50.057463 -4.921320 -9.234211 -0.347754 20.043779 -10.561633 -50.057463 4.921320 9.234211 0.347754 13.731271 -7.438586  
 4 4 8  27.326775 -4.367262 -8.269885 -0.347754 17.576072 -9.353788 -27.326775 4.367262 8.269885 0.347754 12.671860 -6.619908  
 5 5 10  18.501437 -1.793516 -2.831147 -0.459820 4.339471 -1.898879 -18.501437 1.793516 2.831147 0.459820 6.015734 -4.661085  
 6 6 11  30.029107 -2.087147 -2.667402 -0.459820 3.683925 -2.266988 -30.029107 2.087147 2.667402 0.459820 6.072364 -5.366962  
 7 7 12  29.528865 -2.037772 -2.667207 -0.459820 3.687619 -2.169747 -29.528865 2.037772 2.667207 0.459820 6.067958 -5.283607  
 8 8 13  17.940592 -1.748903 -2.810417 -0.459820 4.303429 -1.820133 -17.940592 1.748903 2.810417 0.459820 5.975951 -4.576654  
 9 10 15  10.636605 1.533639 -3.185714 0.047664 5.159323 3.349027 -10.636605 -1.533639 3.185714 -0.047664 6.492744 2.260411  
 10 11 16  14.875144 1.653742 -3.238633 0.047664 5.177422 3.693480 -14.875144 -1.653742 3.238633 -0.047664 6.668200 2.355248  
 11 12 17  13.376061 1.630012 -3.157078 0.047664 5.062170 3.611462 -13.376061 -1.630012 3.157078 -0.047664 6.485158 2.350469  
 12 13 18  9.112190 1.504376 -3.084091 0.047664 5.011124 3.252910 -9.112190 -1.504376 3.084091 -0.047664 6.269247 2.249495  
 13 5 6  0.000000 5.556417 0.000000 -0.595445 -0.000000 16.693403 0.000000 -5.556417 -0.000000 0.595445 -0.000000 17.178517  
 14 6 7  0.000000 2.962321 -0.000000 0.210321 0.000000 9.019093 0.000000 -2.962321 0.000000 -0.210321 0.000000 9.039213  
 15 7 8  0.000000 5.566277 -0.000000 -0.569120 0.000000 17.208570 0.000000 -5.566277 0.000000 0.569120 0.000000 16.723456  
 16 8 5  0.000000 2.952461 0.000000 0.251834 -0.000000 9.009160 0.000000 -2.952461 -0.000000 -0.251834 -0.000000 8.989040  
 17 10 11  0.000000 3.648974 0.000000 -0.167273 -0.000000 11.067627 0.000000 -3.648974 -0.000000 0.167273 -0.000000 11.176519  
 18 11 12  0.000000 0.495012 0.000000 -0.073267 -0.000000 1.506209 0.000000 -0.495012 -0.000000 0.073267 -0.000000 1.511383  
 19 12 13  0.000000 3.657792 -0.000000 -0.160762 0.000000 11.203395 0.000000 -3.657792 0.000000 0.160762 0.000000 11.094504  
 20 13 10  0.000000 0.486194 -0.000000 -0.107430 0.000000 1.484507 0.000000 -0.486194 0.000000 0.107430 0.000000 1.479332  
 21 15 16  0.000000 2.122436 -0.000000 0.057070 0.000000 6.371344 0.000000 -2.122436 0.000000 -0.057070 0.000000 6.567028  
 22 16 17  0.000000 -0.752708 0.000000 -0.101173 -0.000000 -2.298178 0.000000 0.752708 -0.000000 0.101173 -0.000000 -2.290331  
 23 17 18  0.000000 2.128769 0.000000 0.060138 -0.000000 6.586331 0.000000 -2.128769 -0.000000 -0.060138 -0.000000 6.390647  
 24 18 15  0.000000 -0.759041 -0.000000 -0.121400 0.000000 -2.309634 0.000000 0.759041 0.000000 0.121400 0.000000 -2.317481  
