 1 1 5  39.269617 7.544936 -5.974379 0.269232 13.505500 17.627201 -39.269617 -7.544936 5.974379 -0.269232 8.346388 9.969157  
 2 2 6  62.100586 8.554575 -6.323832 0.269232 14.543018 19.862295 -62.100586 -8.554575 6.323832 -0.269232 8.587029 11.426919  
 3 3 7  32.271187 7.756511 -5.416841 0.269232 12.558888 17.477302 -32.271187 -7.756511 5.416841 -0.269232 7.253751 10.892914  
 4 4 8  10.358610 6.382631 -4.851175 0.269232 11.049481 14.497808 -10.358610 -6.382631 4.851175 -0.269232 6.694175 8.847304  
 5 5 10  25.487314 6.462165 -5.205464 0.204300 9.073622 10.998588 -25.487314 -6.462165 5.205464 -0.204300 9.965882 12.637427  
 6 6 11  37.598068 7.088956 -5.189932 0.204300 8.842509 11.949175 -37.598068 -7.088956 5.189932 -0.204300 10.140185 13.979390  
 7 7 12  22.157223 7.016314 -4.651374 0.204300 8.038731 12.280482 -22.157223 -7.016314 4.651374 -0.204300 8.974135 13.382390  
 8 8 13  10.757395 6.150991 -4.520019 0.204300 7.881869 10.715733 -10.757395 -6.150991 4.520019 -0.204300 8.650553 11.782133  
 9 10 15  12.299933 2.615706 -2.417826 -0.001001 3.324566 3.209787 -12.299933 -2.615706 2.417826 0.001001 5.518874 6.357421  
 10 11 16  15.985330 2.799467 -2.411562 -0.001001 3.243779 3.444362 -15.985330 -2.799467 2.411562 0.001001 5.576749 6.794967  
 11 12 17  11.521126 2.883603 -2.217690 -0.001001 2.941438 3.835794 -11.521126 -2.883603 2.217690 0.001001 5.169985 6.711272  
 12 13 18  8.193611 2.686337 -2.229359 -0.001001 3.044354 3.566241 -8.193611 -2.686337 2.229359 0.001001 5.109750 6.259305  
 13 5 6  0.000000 5.334174 -0.000000 1.125130 0.000000 16.077072 0.000000 -5.334174 0.000000 -1.125130 0.000000 16.440055  
 14 6 7  0.000000 -7.168344 -0.000000 -0.989484 0.000000 -22.250964 0.000000 7.168344 0.000000 0.989484 0.000000 -21.447261  
 15 7 8  0.000000 5.282308 0.000000 1.726135 -0.000000 16.281966 0.000000 -5.282308 -0.000000 -1.726135 -0.000000 15.918983  
 16 8 5  0.000000 -7.116478 0.000000 -1.342939 -0.000000 -21.289172 0.000000 7.116478 -0.000000 1.342939 -0.000000 -22.092875  
 17 10 11  0.000000 4.168548 -0.000000 0.653760 0.000000 12.627187 0.000000 -4.168548 0.000000 -0.653760 0.000000 12.784278  
 18 11 12  0.000000 -5.444190 0.000000 -0.599686 -0.000000 -16.769993 0.000000 5.444190 -0.000000 0.599686 -0.000000 -16.417789  
 19 12 13  0.000000 4.080287 0.000000 0.800395 -0.000000 12.515259 0.000000 -4.080287 -0.000000 -0.800395 -0.000000 12.358168  
 20 13 10  0.000000 -5.355929 -0.000000 -0.663261 0.000000 -16.148769 0.000000 5.355929 0.000000 0.663261 0.000000 -16.500973  
 21 15 16  0.000000 1.797964 -0.000000 0.082420 0.000000 5.450666 0.000000 -1.797964 0.000000 -0.082420 0.000000 5.509720  
 22 16 17  0.000000 -2.187367 -0.000000 -0.067029 0.000000 -6.712547 0.000000 2.187367 0.000000 0.067029 0.000000 -6.621642  
 23 17 18  0.000000 1.708493 0.000000 0.089630 -0.000000 5.237014 0.000000 -1.708493 -0.000000 -0.089630 -0.000000 5.177959  
 24 18 15  0.000000 -2.097896 0.000000 -0.068209 -0.000000 -6.348935 0.000000 2.097896 -0.000000 0.068209 -0.000000 -6.439841  
