 1 1 5  38.216714 0.110251 0.982280 -0.000320 -2.359169 0.373459 -38.216714 -0.110251 -0.982280 0.000320 -1.233617 0.029794  
 2 2 6  35.447708 0.110705 0.982824 -0.000320 -2.360823 0.374521 -35.447708 -0.110705 -0.982824 0.000320 -1.233955 0.030392  
 3 3 7  33.783214 0.111068 0.983493 -0.000320 -2.362350 0.375573 -33.783214 -0.111068 -0.983493 0.000320 -1.234872 0.030671  
 4 4 8  36.552364 0.110603 0.982951 -0.000320 -2.360699 0.374517 -36.552364 -0.110603 -0.982951 0.000320 -1.234542 0.030025  
 5 5 10  25.298464 0.274830 0.597095 -0.000089 -0.917181 0.616935 -25.298464 -0.274830 -0.597095 0.000089 -1.266755 0.388282  
 6 6 11  23.941245 0.275006 0.597103 -0.000089 -0.917126 0.617257 -23.941245 -0.275006 -0.597103 0.000089 -1.266836 0.388606  
 7 7 12  22.701483 0.275003 0.597335 -0.000089 -0.917513 0.617135 -22.701483 -0.275003 -0.597335 0.000089 -1.267302 0.388717  
 8 8 13  24.058808 0.274833 0.597326 -0.000089 -0.917563 0.616840 -24.058808 -0.274833 -0.597326 0.000089 -1.267217 0.388389  
 9 10 15  12.469134 0.410463 0.219271 0.000110 -0.186688 0.685940 -12.469134 -0.410463 -0.219271 -0.000110 -0.615318 0.815370  
 10 11 16  12.065663 0.410272 0.219263 0.000110 -0.186684 0.685725 -12.065663 -0.410272 -0.219263 -0.000110 -0.615292 0.814887  
 11 12 17  11.530840 0.410165 0.218938 0.000110 -0.186328 0.685601 -11.530840 -0.410165 -0.218938 -0.000110 -0.614460 0.814617  
 12 13 18  11.934363 0.410415 0.219010 0.000110 -0.186404 0.685885 -11.934363 -0.410415 -0.219010 -0.000110 -0.614646 0.815249  
 13 5 6  0.000000 -0.705898 -0.000000 0.000446 0.000000 -2.151437 0.000000 0.705898 0.000000 -0.000446 0.000000 -2.151718  
 14 6 7  0.000000 -0.212361 -0.000000 -0.000638 0.000000 -0.647204 0.000000 0.212361 0.000000 0.000638 0.000000 -0.647349  
 15 7 8  0.000000 -0.705908 0.000000 0.000456 -0.000000 -2.151747 0.000000 0.705908 -0.000000 -0.000456 -0.000000 -2.151466  
 16 8 5  0.000000 -0.212352 0.000000 -0.000639 -0.000000 -0.647321 0.000000 0.212352 -0.000000 0.000639 -0.000000 -0.647175  
 17 10 11  0.000000 -0.476881 0.000000 0.000034 -0.000000 -1.453511 0.000000 0.476881 -0.000000 -0.000034 -0.000000 -1.453554  
 18 11 12  0.000000 -0.352463 0.000000 -0.000034 -0.000000 -1.074298 0.000000 0.352463 -0.000000 0.000034 -0.000000 -1.074317  
 19 12 13  0.000000 -0.476894 -0.000000 0.000001 0.000000 -1.453596 0.000000 0.476894 0.000000 -0.000001 0.000000 -1.453553  
 20 13 10  0.000000 -0.352449 -0.000000 -0.000068 0.000000 -1.074275 0.000000 0.352449 0.000000 0.000068 0.000000 -1.074256  
 21 15 16  0.000000 -0.201742 -0.000000 -0.000261 0.000000 -0.614963 0.000000 0.201742 0.000000 0.000261 0.000000 -0.614857  
 22 16 17  0.000000 -0.267405 0.000000 0.000435 -0.000000 -0.815148 0.000000 0.267405 -0.000000 -0.000435 -0.000000 -0.814953  
 23 17 18  0.000000 -0.201755 0.000000 -0.000336 -0.000000 -0.614896 0.000000 0.201755 -0.000000 0.000336 -0.000000 -0.615002  
 24 18 15  0.000000 -0.267392 -0.000000 0.000355 0.000000 -0.814913 0.000000 0.267392 0.000000 -0.000355 0.000000 -0.815109  
