 1 1 5  58.808657 1.913399 8.940538 1.318599 -20.153879 5.349277 -58.808657 -1.913399 -8.940538 -1.318599 -12.547035 1.649171  
 2 2 6  31.400111 1.683734 7.974555 1.318599 -17.555918 4.619391 -31.400111 -1.683734 -7.974555 -1.318599 -11.611814 1.539034  
 3 3 7  13.529214 1.667842 6.681678 1.318599 -14.787688 4.297787 -13.529214 -1.667842 -6.681678 -1.318599 -9.651217 1.802510  
 4 4 8  40.262018 1.955418 7.985722 1.318599 -18.106843 5.178126 -40.262018 -1.955418 -7.985722 -1.318599 -11.101732 1.974010  
 5 5 10  37.467098 3.978121 5.143256 0.177278 -8.372560 7.981901 -37.467098 -3.978121 -5.143256 -0.177278 -10.439412 6.568475  
 6 6 11  22.857896 3.490856 5.266659 0.177278 -9.021295 6.917299 -22.857896 -3.490856 -5.266659 -0.177278 -10.242037 5.850856  
 7 7 12  10.803311 3.284128 4.478936 0.177278 -7.788947 6.326140 -10.803311 -3.284128 -4.478936 -0.177278 -8.593210 5.685886  
 8 8 13  24.871695 3.881035 4.614154 0.177278 -7.518950 7.677424 -24.871695 -3.881035 -4.614154 -0.177278 -9.357779 6.517849  
 9 10 15  16.706399 3.606943 3.432346 -0.041476 -5.088452 5.863333 -16.706399 -3.606943 -3.432346 0.041476 -7.465696 7.329423  
 10 11 16  11.889040 3.352395 3.470734 -0.041476 -5.354822 5.442049 -11.889040 -3.352395 -3.470734 0.041476 -7.339733 6.819671  
 11 12 17  7.433598 3.290003 3.221308 -0.041476 -4.992670 5.370546 -7.433598 -3.290003 -3.221308 0.041476 -6.789586 6.662968  
 12 13 18  11.970963 3.560287 3.211364 -0.041476 -4.827702 5.820372 -11.970963 -3.560287 -3.211364 0.041476 -6.918185 7.201734  
 13 5 6  0.000000 -6.382806 -0.000000 -0.535963 0.000000 -19.821545 0.000000 6.382806 0.000000 0.535963 0.000000 -19.088043  
 14 6 7  0.000000 -2.925022 -0.000000 1.545066 0.000000 -8.992296 0.000000 2.925022 0.000000 -1.545066 0.000000 -8.838636  
 15 7 8  0.000000 -6.349075 0.000000 -0.709986 -0.000000 -18.985230 0.000000 6.349075 -0.000000 0.709986 -0.000000 -19.718733  
 16 8 5  0.000000 -2.958753 0.000000 1.098050 -0.000000 -8.941449 0.000000 2.958753 -0.000000 -1.098050 -0.000000 -9.095109  
 17 10 11  0.000000 -4.863318 -0.000000 -0.470077 0.000000 -14.956046 0.000000 4.863318 0.000000 0.470077 0.000000 -14.690743  
 18 11 12  0.000000 -3.832174 -0.000000 0.906115 0.000000 -11.762983 0.000000 3.832174 0.000000 -0.906115 0.000000 -11.597953  
 19 12 13  0.000000 -4.798112 0.000000 -0.541521 -0.000000 -14.491995 0.000000 4.798112 -0.000000 0.541521 -0.000000 -14.757298  
 20 13 10  0.000000 -3.897380 0.000000 0.571818 -0.000000 -11.796701 0.000000 3.897380 -0.000000 -0.571818 -0.000000 -11.961731  
 21 15 16  0.000000 -2.373680 -0.000000 -0.148198 0.000000 -7.298618 0.000000 2.373680 0.000000 0.148198 0.000000 -7.171337  
 22 16 17  0.000000 -2.262720 -0.000000 0.168396 0.000000 -6.967869 0.000000 2.262720 0.000000 -0.168396 0.000000 -6.825674  
 23 17 18  0.000000 -2.303682 0.000000 -0.162705 -0.000000 -6.957982 0.000000 2.303682 -0.000000 0.162705 -0.000000 -7.085263  
 24 18 15  0.000000 -2.332719 0.000000 0.167078 -0.000000 -7.039029 0.000000 2.332719 -0.000000 -0.167078 -0.000000 -7.181224  
