 1 1 5  46.084953 -3.083200 8.893704 -0.498753 -20.707259 -6.965991 -46.084953 3.083200 -8.893704 0.498753 -11.822353 -4.311119  
 2 2 6  11.956168 -2.516715 7.358797 -0.498753 -16.509192 -5.712970 -11.956168 2.516715 -7.358797 0.498753 -10.406343 -3.492168  
 3 3 7  25.574249 -2.669400 8.372654 -0.498753 -18.687862 -6.138221 -25.574249 2.669400 -8.372654 0.498753 -11.935957 -3.625377  
 4 4 8  60.384630 -3.179944 9.611409 -0.498753 -22.299106 -7.250337 -60.384630 3.179944 -9.611409 0.498753 -12.855583 -4.380627  
 5 5 10  28.924391 -2.349244 6.821324 -0.403027 -11.639431 -4.384135 -28.924391 2.349244 -6.821324 0.403027 -13.310245 -4.208458  
 6 6 11  10.354367 -1.988391 6.424213 -0.403027 -11.399112 -3.676373 -10.354367 1.988391 -6.424213 0.403027 -12.098089 -3.596364  
 7 7 12  18.801852 -2.018004 7.156009 -0.403027 -12.732614 -3.726363 -18.801852 2.018004 -7.156009 0.403027 -13.441204 -3.654687  
 8 8 13  37.919391 -2.324252 7.285539 -0.403027 -12.463493 -4.332467 -37.919391 2.324252 -7.285539 0.403027 -14.184093 -4.168717  
 9 10 15  13.245293 -2.655882 4.088303 -0.029807 -5.946913 -4.393273 -13.245293 2.655882 -4.088303 0.029807 -9.006465 -5.320880  
 10 11 16  7.381255 -2.445627 4.136151 -0.029807 -6.336316 -4.040044 -7.381255 2.445627 -4.136151 0.029807 -8.792070 -4.905081  
 11 12 17  10.613968 -2.476318 4.378196 -0.029807 -6.715957 -4.088726 -10.613968 2.476318 -4.378196 0.029807 -9.297732 -4.968654  
 12 13 18  16.759483 -2.684768 4.304082 -0.029807 -6.233760 -4.449863 -16.759483 2.684768 -4.304082 0.029807 -9.508851 -5.369946  
 13 5 6  0.000000 -7.796141 -0.000000 0.712271 0.000000 -24.339345 0.000000 7.796141 0.000000 -0.712271 0.000000 -23.185928  
 14 6 7  0.000000 2.602058 0.000000 -1.380473 -0.000000 7.880813 0.000000 -2.602058 -0.000000 1.380473 -0.000000 7.981332  
 15 7 8  0.000000 -7.829661 0.000000 0.629592 -0.000000 -23.288098 0.000000 7.829661 -0.000000 -0.629592 -0.000000 -24.441515  
 16 8 5  0.000000 2.635578 -0.000000 -0.877561 0.000000 8.083502 0.000000 -2.635578 0.000000 0.877561 0.000000 7.982983  
 17 10 11  0.000000 -6.386248 0.000000 0.381301 -0.000000 -19.736145 0.000000 6.386248 -0.000000 -0.381301 -0.000000 -19.194423  
 18 11 12  0.000000 2.640641 0.000000 -0.760017 -0.000000 8.017710 0.000000 -2.640641 -0.000000 0.760017 -0.000000 8.079636  
 19 12 13  0.000000 -6.452757 -0.000000 0.336223 0.000000 -19.397143 0.000000 6.452757 0.000000 -0.336223 0.000000 -19.938866  
 20 13 10  0.000000 2.707150 -0.000000 -0.478986 0.000000 8.282357 0.000000 -2.707150 0.000000 0.478986 0.000000 8.220430  
 21 15 16  0.000000 -2.967204 -0.000000 0.100657 0.000000 -9.150415 0.000000 2.967204 0.000000 -0.100657 0.000000 -8.937658  
 22 16 17  0.000000 1.651541 0.000000 -0.145588 -0.000000 5.005738 0.000000 -1.651541 -0.000000 0.145588 -0.000000 5.062057  
 23 17 18  0.000000 -3.037573 0.000000 0.093403 -0.000000 -9.152144 0.000000 3.037573 -0.000000 -0.093403 -0.000000 -9.364900  
 24 18 15  0.000000 1.721910 -0.000000 -0.143950 0.000000 5.276542 0.000000 -1.721910 0.000000 0.143950 0.000000 5.220223  
