 1 1 5  37.814990 -2.991843 3.302936 -0.024251 -8.510295 -7.305629 -37.814990 2.991843 -3.302936 0.024251 -3.570522 -3.637336  
 2 2 6  16.201100 -2.445530 2.942114 -0.024251 -7.265974 -6.036528 -16.201100 2.445530 -2.942114 0.024251 -3.495103 -2.908242  
 3 3 7  33.979322 -2.705397 3.546200 -0.024251 -8.676906 -6.867902 -33.979322 2.705397 -3.546200 0.024251 -4.293677 -3.027359  
 4 4 8  56.004588 -3.047630 3.619227 -0.024251 -9.328287 -7.743133 -56.004588 3.047630 -3.619227 0.024251 -3.909397 -3.403880  
 5 5 10  25.144300 -3.703924 4.153696 -0.083352 -7.959060 -7.072950 -25.144300 3.703924 -4.153696 0.083352 -7.233497 -6.474524  
 6 6 11  11.356832 -3.149750 3.848531 -0.083352 -7.295825 -5.969896 -11.356832 3.149750 -3.848531 0.083352 -6.780560 -5.550629  
 7 7 12  22.682261 -3.321586 4.493052 -0.083352 -8.584128 -6.357528 -22.682261 3.321586 -4.493052 0.083352 -7.849658 -5.791505  
 8 8 13  36.816607 -3.758173 4.609324 -0.083352 -8.798748 -7.155627 -36.816607 3.758173 -4.609324 0.083352 -8.060315 -6.590269  
 9 10 15  12.389785 -3.238086 3.664878 -0.039350 -5.888993 -5.268974 -12.389785 3.238086 -3.664878 0.039350 -7.515667 -6.574647  
 10 11 16  7.432766 -2.988526 3.616119 -0.039350 -5.896980 -4.873743 -7.432766 2.988526 -3.616119 0.039350 -7.329338 -6.057089  
 11 12 17  11.517107 -3.020792 3.896029 -0.039350 -6.363938 -4.880641 -11.517107 3.020792 -3.896029 0.039350 -7.886179 -6.168207  
 12 13 18  16.660342 -3.244442 3.909822 -0.039350 -6.246173 -5.201081 -16.660342 3.244442 -3.909822 0.039350 -8.054390 -6.665788  
 13 5 6  0.000000 -3.921274 0.000000 0.891500 -0.000000 -12.094291 0.000000 3.921274 -0.000000 -0.891500 -0.000000 -11.809793  
 14 6 7  0.000000 3.234459 0.000000 -1.018865 -0.000000 9.769639 0.000000 -3.234459 -0.000000 1.018865 -0.000000 9.947623  
 15 7 8  0.000000 -3.937398 -0.000000 0.562737 0.000000 -11.858940 0.000000 3.937398 0.000000 -0.562737 0.000000 -12.143437  
 16 8 5  0.000000 3.250583 -0.000000 -0.564708 0.000000 9.996770 0.000000 -3.250583 0.000000 0.564708 0.000000 9.818785  
 17 10 11  0.000000 -4.435307 -0.000000 0.598352 0.000000 -13.653277 0.000000 4.435307 0.000000 -0.598352 0.000000 -13.384356  
 18 11 12  0.000000 3.640627 0.000000 -0.706816 -0.000000 11.022724 0.000000 -3.640627 -0.000000 0.706816 -0.000000 11.170536  
 19 12 13  0.000000 -4.475472 0.000000 0.498390 -0.000000 -13.506779 0.000000 4.475472 -0.000000 -0.498390 -0.000000 -13.775700  
 20 13 10  0.000000 3.680792 -0.000000 -0.530787 0.000000 11.292960 0.000000 -3.680792 0.000000 0.530787 0.000000 11.145147  
 21 15 16  0.000000 -2.501786 -0.000000 0.187830 0.000000 -7.714080 0.000000 2.501786 0.000000 -0.187830 0.000000 -7.536810  
 22 16 17  0.000000 2.065448 -0.000000 -0.207472 0.000000 6.244920 0.000000 -2.065448 0.000000 0.207472 0.000000 6.346049  
 23 17 18  0.000000 -2.548341 0.000000 0.177842 -0.000000 -7.678707 0.000000 2.548341 -0.000000 -0.177842 -0.000000 -7.855977  
 24 18 15  0.000000 2.112002 0.000000 -0.198413 -0.000000 6.487946 0.000000 -2.112002 -0.000000 0.198413 -0.000000 6.386817  
