 1 1 5  31.433239 3.739806 -6.824848 -0.204372 15.035452 8.277985 -31.433239 -3.739806 6.824848 0.204372 9.927114 5.400730  
 2 2 6  53.809282 4.252087 -7.479171 -0.204372 16.870949 9.334301 -53.809282 -4.252087 7.479171 0.204372 10.484868 6.218133  
 3 3 7  40.408421 4.088190 -6.912785 -0.204372 15.648694 8.906296 -40.408421 -4.088190 6.912785 0.204372 9.635510 6.046666  
 4 4 8  18.349058 3.508383 -6.030943 -0.204372 13.297775 7.692621 -18.349058 -3.508383 6.030943 0.204372 8.761002 5.139639  
 5 5 10  21.915714 1.590141 -4.087878 -0.178217 6.834579 2.635616 -21.915714 -1.590141 4.087878 0.178217 8.117242 3.180483  
 6 6 11  33.678351 1.817231 -4.075208 -0.178217 6.576535 3.074983 -33.678351 -1.817231 4.075208 0.178217 8.328947 3.571723  
 7 7 12  25.968826 1.855628 -3.769586 -0.178217 6.038226 3.178369 -25.968826 -1.855628 3.769586 0.178217 7.749411 3.608774  
 8 8 13  14.437110 1.611172 -3.688074 -0.178217 6.180098 2.738854 -14.437110 -1.611172 3.688074 0.178217 7.309401 3.154168  
 9 10 15  11.520099 2.174837 -2.786544 0.020168 4.200665 3.588251 -11.520099 -2.174837 2.786544 -0.020168 5.991400 4.366434  
 10 11 16  15.425299 2.338511 -2.767366 0.020168 4.027813 3.881873 -15.425299 -2.338511 2.767366 -0.020168 6.094104 4.671465  
 11 12 17  12.419590 2.310283 -2.622869 0.020168 3.844936 3.829473 -12.419590 -2.310283 2.622869 -0.020168 5.748471 4.620616  
 12 13 18  8.635012 2.138056 -2.621609 0.020168 3.984326 3.523527 -8.635012 -2.138056 2.621609 -0.020168 5.604470 4.296628  
 13 5 6  0.000000 5.295983 -0.000000 0.595711 0.000000 15.884071 0.000000 -5.295983 0.000000 -0.595711 0.000000 16.400244  
 14 6 7  0.000000 -2.834948 0.000000 -0.661159 -0.000000 -8.697405 0.000000 2.834948 -0.000000 0.661159 -0.000000 -8.584439  
 15 7 8  0.000000 5.274544 0.000000 0.640597 -0.000000 16.334895 0.000000 -5.274544 -0.000000 -0.640597 -0.000000 15.818722  
 16 8 5  0.000000 -2.813508 -0.000000 -0.877622 0.000000 -8.519090 0.000000 2.813508 0.000000 0.877622 0.000000 -8.632056  
 17 10 11  0.000000 3.914931 0.000000 0.300407 -0.000000 11.847842 0.000000 -3.914931 -0.000000 -0.300407 -0.000000 12.017578  
 18 11 12  0.000000 -2.338121 0.000000 -0.339182 -0.000000 -7.153189 0.000000 2.338121 -0.000000 0.339182 -0.000000 -7.099996  
 19 12 13  0.000000 3.887356 -0.000000 0.338252 0.000000 11.933529 0.000000 -3.887356 0.000000 -0.338252 0.000000 11.763793  
 20 13 10  0.000000 -2.310546 -0.000000 -0.470065 0.000000 -7.015947 0.000000 2.310546 0.000000 0.470065 0.000000 -7.069141  
 21 15 16  0.000000 1.937522 0.000000 0.106559 -0.000000 5.843891 0.000000 -1.937522 -0.000000 -0.106559 -0.000000 5.967244  
 22 16 17  0.000000 -1.487776 -0.000000 -0.126860 0.000000 -4.564906 0.000000 1.487776 0.000000 0.126860 0.000000 -4.504579  
 23 17 18  0.000000 1.907367 -0.000000 0.116037 0.000000 5.875331 0.000000 -1.907367 0.000000 -0.116037 0.000000 5.751978  
 24 18 15  0.000000 -1.457621 0.000000 -0.147508 -0.000000 -4.412666 0.000000 1.457621 -0.000000 0.147508 -0.000000 -4.472993  
