 1 1 5  36.260469 0.003401 0.137243 0.000032 -0.347424 0.002694 -36.260469 -0.003401 -0.137243 -0.000032 -0.154557 0.009745  
 2 2 6  35.629842 0.003410 0.137409 0.000032 -0.347929 0.002706 -35.629842 -0.003410 -0.137409 -0.000032 -0.154658 0.009767  
 3 3 7  35.739533 0.003509 0.137413 0.000032 -0.347916 0.003001 -35.739533 -0.003509 -0.137413 -0.000032 -0.154684 0.009832  
 4 4 8  36.370156 0.003478 0.137237 0.000032 -0.347390 0.002958 -36.370156 -0.003478 -0.137237 -0.000032 -0.154570 0.009764  
 5 5 10  24.144567 -0.003737 0.115042 0.000002 -0.211828 -0.022904 -24.144567 0.003737 -0.115042 -0.000002 -0.208951 0.009234  
 6 6 11  23.754368 -0.003751 0.115041 0.000002 -0.211792 -0.022934 -23.754368 0.003751 -0.115041 -0.000002 -0.208983 0.009215  
 7 7 12  23.855434 -0.003742 0.115031 0.000002 -0.211764 -0.022941 -23.855434 0.003742 -0.115031 -0.000002 -0.208973 0.009253  
 8 8 13  24.245630 -0.003731 0.115026 0.000002 -0.211792 -0.022908 -24.245630 0.003731 -0.115026 -0.000002 -0.208928 0.009261  
 9 10 15  12.048586 -0.044630 0.105457 -0.000004 -0.157714 -0.083330 -12.048586 0.044630 -0.105457 0.000004 -0.228005 -0.079909  
 10 11 16  11.898976 -0.044638 0.105453 -0.000004 -0.157693 -0.083345 -11.898976 0.044638 -0.105453 0.000004 -0.228012 -0.079924  
 11 12 17  11.951415 -0.044643 0.105448 -0.000004 -0.157684 -0.083365 -11.951415 0.044643 -0.105448 0.000004 -0.228003 -0.079921  
 12 13 18  12.101023 -0.044635 0.105451 -0.000004 -0.157705 -0.083351 -12.101023 0.044635 -0.105451 0.000004 -0.227994 -0.079906  
 13 5 6  0.000000 -0.120214 0.000000 -0.000004 -0.000000 -0.366374 0.000000 0.120214 -0.000000 0.000004 -0.000000 -0.366449  
 14 6 7  0.000000 0.004312 -0.000000 0.000001 0.000000 0.013163 0.000000 -0.004312 0.000000 -0.000001 0.000000 0.013126  
 15 7 8  0.000000 -0.120214 -0.000000 0.000018 0.000000 -0.366449 0.000000 0.120214 0.000000 -0.000018 0.000000 -0.366373  
 16 8 5  0.000000 0.004312 0.000000 0.000011 -0.000000 0.013126 0.000000 -0.004312 -0.000000 -0.000011 -0.000000 0.013163  
 17 10 11  0.000000 -0.120295 0.000000 -0.000016 -0.000000 -0.366649 0.000000 0.120295 -0.000000 0.000016 -0.000000 -0.366667  
 18 11 12  0.000000 0.024313 0.000000 0.000009 -0.000000 0.074114 0.000000 -0.024313 -0.000000 -0.000009 -0.000000 0.074101  
 19 12 13  0.000000 -0.120294 -0.000000 -0.000011 0.000000 -0.366666 0.000000 0.120294 0.000000 0.000011 0.000000 -0.366648  
 20 13 10  0.000000 0.024313 -0.000000 0.000015 0.000000 0.074100 0.000000 -0.024313 0.000000 -0.000015 0.000000 0.074112  
 21 15 16  0.000000 -0.074805 -0.000000 -0.000007 0.000000 -0.228000 0.000000 0.074805 0.000000 0.000007 0.000000 -0.228008  
 22 16 17  0.000000 0.026219 -0.000000 0.000004 0.000000 0.079917 0.000000 -0.026219 0.000000 -0.000004 0.000000 0.079914  
 23 17 18  0.000000 -0.074804 0.000000 -0.000007 -0.000000 -0.228007 0.000000 0.074804 -0.000000 0.000007 -0.000000 -0.227999  
 24 18 15  0.000000 0.026219 0.000000 0.000005 -0.000000 0.079913 0.000000 -0.026219 -0.000000 -0.000005 -0.000000 0.079916  
