 1 1 5  42.949218 6.241500 0.671873 0.775097 -0.806547 14.309092 -42.949218 -6.241500 -0.671873 -0.775097 -1.650894 8.519820  
 2 2 6  50.771349 6.505600 0.746468 0.775097 -0.916232 14.895145 -50.771349 -6.505600 -0.746468 -0.775097 -1.814051 8.899736  
 3 3 7  28.951534 5.889843 0.595829 0.775097 -0.757682 13.162012 -28.951534 -5.889843 -0.595829 -0.775097 -1.421622 8.380678  
 4 4 8  21.327899 5.433577 0.525684 0.775097 -0.664095 12.158649 -21.327899 -5.433577 -0.525684 -0.775097 -1.258645 7.715202  
 5 5 10  26.816599 3.422364 -1.434046 0.087445 3.499780 5.714736 -26.816599 -3.422364 1.434046 -0.087445 1.745386 6.802903  
 6 6 11  33.465106 3.652721 -1.471738 0.087445 3.636842 6.105438 -33.465106 -3.652721 1.471738 -0.087445 1.746186 7.254754  
 7 7 12  21.107379 3.672727 -1.251575 0.087445 3.110831 6.380211 -21.107379 -3.672727 1.251575 -0.087445 1.466932 7.053154  
 8 8 13  14.610916 3.342723 -1.208608 0.087445 2.910585 5.823485 -14.610916 -3.342723 1.208608 -0.087445 1.510020 6.402860  
 9 10 15  12.734829 3.165755 -2.370475 0.004964 4.148912 4.993322 -12.734829 -3.165755 2.370475 -0.004964 4.521338 6.585743  
 10 11 16  15.652381 3.326616 -2.393726 0.004964 4.200720 5.205183 -15.652381 -3.326616 2.393726 -0.004964 4.554574 6.962247  
 11 12 17  11.223100 3.321623 -2.230154 0.004964 3.896785 5.344607 -11.223100 -3.321623 2.230154 -0.004964 4.260228 6.804560  
 12 13 18  8.389691 3.133186 -2.191269 0.004964 3.821993 5.068060 -8.389691 -3.133186 2.191269 -0.004964 4.192792 6.391881  
 13 5 6  0.000000 0.581005 0.000000 0.367610 -0.000000 1.768111 0.000000 -0.581005 -0.000000 -0.367610 -0.000000 1.773698  
 14 6 7  0.000000 -4.725238 0.000000 -0.049093 -0.000000 -14.637563 0.000000 4.725238 -0.000000 0.049093 -0.000000 -14.167486  
 15 7 8  0.000000 0.569392 -0.000000 0.593403 0.000000 1.738301 0.000000 -0.569392 0.000000 -0.593403 0.000000 1.732714  
 16 8 5  0.000000 -4.713625 -0.000000 -0.080775 0.000000 -14.132090 0.000000 4.713625 0.000000 0.080775 0.000000 -14.602167  
 17 10 11  0.000000 1.856989 -0.000000 0.305986 0.000000 5.639026 0.000000 -1.856989 0.000000 -0.305986 0.000000 5.681181  
 18 11 12  0.000000 -3.955735 -0.000000 -0.265725 0.000000 -12.153951 0.000000 3.955735 0.000000 0.265725 0.000000 -11.960210  
 19 12 13  0.000000 1.840014 0.000000 0.437550 -0.000000 5.629441 0.000000 -1.840014 -0.000000 -0.437550 -0.000000 5.587286  
 20 13 10  0.000000 -3.938760 0.000000 -0.255273 -0.000000 -11.908470 0.000000 3.938760 -0.000000 0.255273 -0.000000 -12.102211  
 21 15 16  0.000000 1.448258 0.000000 0.156193 -0.000000 4.389124 0.000000 -1.448258 -0.000000 -0.156193 -0.000000 4.439459  
 22 16 17  0.000000 -2.204123 0.000000 -0.115114 -0.000000 -6.806053 0.000000 2.204123 -0.000000 0.115114 -0.000000 -6.630279  
 23 17 18  0.000000 1.427223 -0.000000 0.174281 0.000000 4.375342 0.000000 -1.427223 0.000000 -0.174281 0.000000 4.325006  
 24 18 15  0.000000 -2.183087 -0.000000 -0.132214 0.000000 -6.566162 0.000000 2.183087 0.000000 0.132214 0.000000 -6.741936  
