 1 1 5  32.354632 -4.135503 2.172715 0.097662 -5.375616 -9.779863 -32.354632 4.135503 -2.172715 -0.097662 -2.571306 -5.346152  
 2 2 6  20.729833 -3.660575 2.036521 0.097662 -4.962197 -8.702465 -20.729833 3.660575 -2.036521 -0.097662 -2.486580 -4.686455  
 3 3 7  39.569710 -4.075656 2.382387 0.097662 -5.764729 -9.993386 -39.569710 4.075656 -2.382387 -0.097662 -2.949089 -4.913735  
 4 4 8  51.345824 -4.337871 2.435826 0.097662 -6.020814 -10.643785 -51.345824 4.337871 -2.435826 -0.097662 -2.888465 -5.222411  
 5 5 10  21.904701 -4.002778 2.434547 -0.001436 -4.405359 -7.208602 -21.904701 4.002778 -2.434547 0.001436 -4.499240 -7.431959  
 6 6 11  15.092240 -3.681682 2.383674 -0.001436 -4.326808 -6.622340 -15.092240 3.681682 -2.383674 0.001436 -4.391720 -6.843780  
 7 7 12  26.039862 -3.842378 2.686006 -0.001436 -4.886724 -6.870919 -26.039862 3.842378 -2.686006 0.001436 -4.937610 -7.182964  
 8 8 13  32.963197 -4.113217 2.726036 -0.001436 -4.944946 -7.363838 -32.963197 4.113217 -2.726036 0.001436 -5.025804 -7.680663  
 9 10 15  11.270279 -2.661197 1.514325 0.023025 -2.202945 -4.016780 -11.270279 2.661197 -1.514325 -0.023025 -3.335849 -5.716814  
 10 11 16  9.038730 -2.522202 1.517079 0.023025 -2.245051 -3.810875 -9.038730 2.522202 -1.517079 -0.023025 -3.303815 -5.414332  
 11 12 17  12.700085 -2.534085 1.633285 0.023025 -2.414498 -3.712290 -12.700085 2.534085 -1.633285 -0.023025 -3.559405 -5.556381  
 12 13 18  14.990906 -2.654147 1.626960 0.023025 -2.365651 -3.895057 -14.990906 2.654147 -1.626960 -0.023025 -3.585117 -5.812753  
 13 5 6  0.000000 -2.411224 -0.000000 0.607572 0.000000 -7.389630 0.000000 2.411224 0.000000 -0.607572 0.000000 -7.309193  
 14 6 7  0.000000 3.951183 -0.000000 -0.495805 0.000000 11.916367 0.000000 -3.951183 0.000000 0.495805 0.000000 12.170044  
 15 7 8  0.000000 -2.421334 0.000000 0.385390 -0.000000 -7.340008 0.000000 2.421334 -0.000000 -0.385390 -0.000000 -7.420446  
 16 8 5  0.000000 3.961293 0.000000 -0.412965 -0.000000 12.200859 0.000000 -3.961293 -0.000000 0.412965 -0.000000 11.947183  
 17 10 11  0.000000 -2.296906 -0.000000 0.377381 0.000000 -7.027160 0.000000 2.296906 0.000000 -0.377381 0.000000 -6.974780  
 18 11 12  0.000000 3.649584 -0.000000 -0.338008 0.000000 11.032037 0.000000 -3.649584 0.000000 0.338008 0.000000 11.215826  
 19 12 13  0.000000 -2.309807 0.000000 0.320573 -0.000000 -7.014100 0.000000 2.309807 -0.000000 -0.320573 -0.000000 -7.066481  
 20 13 10  0.000000 3.662484 0.000000 -0.324974 -0.000000 11.255147 0.000000 -3.662484 -0.000000 0.324974 -0.000000 11.071358  
 21 15 16  0.000000 -1.123184 -0.000000 0.128659 0.000000 -3.437901 0.000000 1.123184 0.000000 -0.128659 0.000000 -3.409028  
 22 16 17  0.000000 1.838086 -0.000000 -0.105213 0.000000 5.542991 0.000000 -1.838086 0.000000 0.105213 0.000000 5.661984  
 23 17 18  0.000000 -1.138002 0.000000 0.105604 -0.000000 -3.454192 0.000000 1.138002 -0.000000 -0.105604 -0.000000 -3.483065  
 24 18 15  0.000000 1.852904 0.000000 -0.102052 -0.000000 5.707149 0.000000 -1.852904 -0.000000 0.102052 -0.000000 5.588155  
