 1 1 5  36.016224 -0.204033 0.110921 -0.000003 -0.313752 -0.506839 -36.016224 0.204033 -0.110921 0.000003 -0.091954 -0.239432  
 2 2 6  35.185183 -0.203989 0.111040 -0.000003 -0.314131 -0.506753 -35.185183 0.203989 -0.111040 0.000003 -0.092008 -0.239356  
 3 3 7  35.983768 -0.203929 0.111098 -0.000003 -0.314245 -0.506563 -35.983768 0.203929 -0.111098 0.000003 -0.092107 -0.239328  
 4 4 8  36.814825 -0.203969 0.110951 -0.000003 -0.313828 -0.506644 -36.814825 0.203969 -0.110951 0.000003 -0.091987 -0.239394  
 5 5 10  24.045870 -0.155101 0.164598 -0.000007 -0.327452 -0.270443 -24.045870 0.155101 -0.164598 0.000007 -0.274581 -0.296856  
 6 6 11  23.490065 -0.155095 0.164599 -0.000007 -0.327429 -0.270438 -23.490065 0.155095 -0.164599 0.000007 -0.274609 -0.296837  
 7 7 12  23.954124 -0.155091 0.164611 -0.000007 -0.327439 -0.270446 -23.954124 0.155091 -0.164611 0.000007 -0.274643 -0.296816  
 8 8 13  24.509941 -0.155098 0.164608 -0.000007 -0.327476 -0.270447 -24.509941 0.155098 -0.164608 0.000007 -0.274595 -0.296840  
 9 10 15  12.025317 -0.112202 0.156512 -0.000002 -0.240077 -0.155176 -12.025317 0.112202 -0.156512 0.000002 -0.332381 -0.255216  
 10 11 16  11.807220 -0.112204 0.156507 -0.000002 -0.240053 -0.155179 -11.807220 0.112204 -0.156507 0.000002 -0.332386 -0.255216  
 11 12 17  11.974680 -0.112206 0.156507 -0.000002 -0.240052 -0.155191 -11.974680 0.112206 -0.156507 0.000002 -0.332388 -0.255214  
 12 13 18  12.192783 -0.112205 0.156512 -0.000002 -0.240075 -0.155188 -12.192783 0.112205 -0.156512 0.000002 -0.332383 -0.255213  
 13 5 6  0.000000 -0.137618 -0.000000 0.000039 0.000000 -0.419432 0.000000 0.137618 0.000000 -0.000039 0.000000 -0.419490  
 14 6 7  0.000000 0.167264 -0.000000 -0.000053 0.000000 0.509833 0.000000 -0.167264 0.000000 0.000053 0.000000 0.509805  
 15 7 8  0.000000 -0.137620 0.000000 0.000032 -0.000000 -0.419494 0.000000 0.137620 -0.000000 -0.000032 -0.000000 -0.419435  
 16 8 5  0.000000 0.167265 0.000000 -0.000027 -0.000000 0.509809 0.000000 -0.167265 -0.000000 0.000027 -0.000000 0.509837  
 17 10 11  0.000000 -0.168855 0.000000 0.000006 -0.000000 -0.514662 0.000000 0.168855 -0.000000 -0.000006 -0.000000 -0.514677  
 18 11 12  0.000000 0.148300 0.000000 -0.000014 -0.000000 0.452022 0.000000 -0.148300 -0.000000 0.000014 -0.000000 0.452015  
 19 12 13  0.000000 -0.168856 -0.000000 0.000008 0.000000 -0.514682 0.000000 0.168856 0.000000 -0.000008 0.000000 -0.514666  
 20 13 10  0.000000 0.148301 -0.000000 -0.000004 0.000000 0.452019 0.000000 -0.148301 0.000000 0.000004 0.000000 0.452026  
 21 15 16  0.000000 -0.109049 0.000000 -0.000003 -0.000000 -0.332380 0.000000 0.109049 -0.000000 0.000003 -0.000000 -0.332385  
 22 16 17  0.000000 0.083731 0.000000 0.000001 -0.000000 0.255214 0.000000 -0.083731 -0.000000 -0.000001 -0.000000 0.255211  
 23 17 18  0.000000 -0.109051 -0.000000 -0.000003 0.000000 -0.332389 0.000000 0.109051 0.000000 0.000003 0.000000 -0.332384  
 24 18 15  0.000000 0.083733 -0.000000 0.000001 0.000000 0.255216 0.000000 -0.083733 0.000000 -0.000001 0.000000 0.255218  
