 1 1 5  35.327974 -0.847883 1.258292 -0.019724 -3.104599 -2.249895 -35.327974 0.847883 -1.258292 0.019724 -1.497730 -0.851322  
 2 2 6  29.384587 -0.861801 1.273210 -0.019724 -3.135451 -2.265246 -29.384587 0.861801 -1.273210 0.019724 -1.521441 -0.886878  
 3 3 7  36.668968 -0.865409 1.274406 -0.019724 -3.158779 -2.282017 -36.668968 0.865409 -1.274406 0.019724 -1.502489 -0.883305  
 4 4 8  42.618470 -0.836547 1.240201 -0.019724 -3.073615 -2.223417 -42.618470 0.836547 -1.240201 0.019724 -1.462544 -0.836338  
 5 5 10  23.161269 -0.820866 0.960408 -0.012600 -1.818466 -1.946492 -23.161269 0.820866 -0.960408 0.012600 -1.694324 -1.055908  
 6 6 11  19.388090 -0.812096 0.950985 -0.012600 -1.778980 -1.919324 -19.388090 0.812096 -0.950985 0.012600 -1.699343 -1.050998  
 7 7 12  24.836074 -0.801298 0.967730 -0.012600 -1.819673 -1.938649 -24.836074 0.801298 -0.967730 0.012600 -1.719896 -0.992179  
 8 8 13  28.614568 -0.795826 0.963498 -0.012600 -1.830706 -1.934808 -28.614568 0.795826 -0.963498 0.012600 -1.693385 -0.976004  
 9 10 15  11.504131 -2.005069 1.085210 0.015496 -1.758075 -3.535536 -11.504131 2.005069 -1.085210 -0.015496 -2.211189 -3.798206  
 10 11 16  10.024560 -1.936793 1.075221 0.015496 -1.736329 -3.408577 -10.024560 1.936793 -1.075221 -0.015496 -2.196401 -3.675436  
 11 12 17  12.494273 -1.982592 1.130746 0.015496 -1.832445 -3.512552 -12.494273 1.982592 -1.130746 -0.015496 -2.303372 -3.738977  
 12 13 18  13.977036 -2.045805 1.140840 0.015496 -1.854502 -3.630255 -13.977036 2.045805 -1.140840 -0.015496 -2.318236 -3.852482  
 13 5 6  0.000000 -1.085204 -0.000000 -0.004498 0.000000 -3.304418 0.000000 1.085204 0.000000 0.004498 0.000000 -3.310987  
 14 6 7  0.000000 0.918299 -0.000000 -0.010566 0.000000 2.801703 0.000000 -0.918299 0.000000 0.010566 0.000000 2.796246  
 15 7 8  0.000000 -1.085404 0.000000 -0.025708 -0.000000 -3.311596 0.000000 1.085404 -0.000000 0.025708 -0.000000 -3.305027  
 16 8 5  0.000000 0.918499 0.000000 0.011777 -0.000000 2.796855 0.000000 -0.918499 -0.000000 -0.011777 -0.000000 2.802312  
 17 10 11  0.000000 -1.147069 -0.000000 0.065125 0.000000 -3.499334 0.000000 1.147069 0.000000 -0.065125 0.000000 -3.493197  
 18 11 12  0.000000 1.489401 -0.000000 -0.057525 0.000000 4.524700 0.000000 -1.489401 0.000000 0.057525 0.000000 4.554686  
 19 12 13  0.000000 -1.147600 0.000000 0.049955 -0.000000 -3.494816 0.000000 1.147600 -0.000000 -0.049955 -0.000000 -3.500952  
 20 13 10  0.000000 1.489932 0.000000 -0.046935 -0.000000 4.556304 0.000000 -1.489932 -0.000000 0.046935 -0.000000 4.526319  
 21 15 16  0.000000 -0.740185 0.000000 0.060169 -0.000000 -2.263496 0.000000 0.740185 -0.000000 -0.060169 -0.000000 -2.248670  
 22 16 17  0.000000 1.235256 0.000000 -0.052270 -0.000000 3.735605 0.000000 -1.235256 -0.000000 0.052270 -0.000000 3.794513  
 23 17 18  0.000000 -0.740983 -0.000000 0.055537 0.000000 -2.251102 0.000000 0.740983 0.000000 -0.055537 0.000000 -2.265929  
 24 18 15  0.000000 1.236054 -0.000000 -0.052307 0.000000 3.796945 0.000000 -1.236054 0.000000 0.052307 0.000000 3.738037  
