 1 1 5  43.226356 6.775009 -1.229297 0.679760 3.270685 15.732986 -43.226356 -6.775009 1.229297 -0.679760 1.225591 9.047287  
 2 2 6  55.226705 7.219516 -1.207663 0.679760 3.333082 16.753732 -55.226705 -7.219516 1.207663 -0.679760 1.084065 9.652371  
 3 3 7  28.567486 6.457916 -1.064720 0.679760 2.896326 14.514501 -28.567486 -6.457916 1.064720 -0.679760 0.997994 9.105972  
 4 4 8  16.979452 5.696749 -1.058638 0.679760 2.765384 12.859480 -16.979452 -5.696749 1.058638 -0.679760 1.106690 7.976947  
 5 5 10  27.458434 4.510364 -2.367251 0.145017 4.802123 7.798624 -27.458434 -4.510364 2.367251 -0.145017 3.856335 8.698484  
 6 6 11  35.759940 4.863733 -2.408149 0.145017 4.901922 8.426103 -35.759940 -4.863733 2.408149 -0.145017 3.906123 9.363485  
 7 7 12  20.378369 4.864036 -2.081039 0.145017 4.222263 8.682419 -20.378369 -4.864036 2.081039 -0.145017 3.389345 9.108277  
 8 8 13  12.403257 4.340219 -2.007487 0.145017 3.945609 7.796936 -12.403257 -4.340219 2.007487 -0.145017 3.396976 8.077850  
 9 10 15  13.057196 3.845899 -2.481771 0.042269 4.123643 6.041798 -13.057196 -3.845899 2.481771 -0.042269 4.953683 8.024963  
 10 11 16  16.282635 4.045332 -2.498618 0.042269 4.142442 6.322720 -16.282635 -4.045332 2.498618 -0.042269 4.996503 8.473487  
 11 12 17  10.856410 4.033214 -2.318034 0.042269 3.851548 6.494100 -10.856410 -4.033214 2.318034 -0.042269 4.626894 8.257784  
 12 13 18  7.803760 3.802564 -2.287742 0.042269 3.809109 6.112882 -7.803760 -3.802564 2.287742 -0.042269 4.558535 7.795376  
 13 5 6  0.000000 1.838681 -0.000000 0.583545 0.000000 5.572743 0.000000 -1.838681 0.000000 -0.583545 0.000000 5.635858  
 14 6 7  0.000000 -5.628084 -0.000000 -0.350129 0.000000 -17.494928 0.000000 5.628084 0.000000 0.350129 0.000000 -16.813873  
 15 7 8  0.000000 1.817201 0.000000 0.974518 -0.000000 5.570386 0.000000 -1.817201 -0.000000 -0.974518 -0.000000 5.507270  
 16 8 5  0.000000 -5.606604 0.000000 -0.454971 -0.000000 -16.748401 0.000000 5.606604 -0.000000 0.454971 -0.000000 -17.429456  
 17 10 11  0.000000 2.518833 -0.000000 0.414438 0.000000 7.651555 0.000000 -2.518833 0.000000 -0.414438 0.000000 7.703252  
 18 11 12  0.000000 -4.958472 0.000000 -0.345313 -0.000000 -15.271767 0.000000 4.958472 -0.000000 0.345313 -0.000000 -14.955078  
 19 12 13  0.000000 2.480432 0.000000 0.647299 -0.000000 7.586205 0.000000 -2.480432 -0.000000 -0.647299 -0.000000 7.534508  
 20 13 10  0.000000 -4.920071 -0.000000 -0.328423 0.000000 -14.838031 0.000000 4.920071 0.000000 0.328423 0.000000 -15.154720  
 21 15 16  0.000000 1.591121 0.000000 0.158430 -0.000000 4.821941 0.000000 -1.591121 -0.000000 -0.158430 -0.000000 4.877531  
 22 16 17  0.000000 -2.691514 -0.000000 -0.118972 0.000000 -8.315057 0.000000 2.691514 0.000000 0.118972 0.000000 -8.092413  
 23 17 18  0.000000 1.547924 -0.000000 0.165372 0.000000 4.745866 0.000000 -1.547924 0.000000 -0.165372 0.000000 4.690276  
 24 18 15  0.000000 -2.648317 0.000000 -0.131741 -0.000000 -7.960748 0.000000 2.648317 -0.000000 0.131741 -0.000000 -8.183392  
