 1 1 5  35.816742 0.032898 -0.277010 0.000030 0.674924 0.113558 -35.816742 -0.032898 0.277010 -0.000030 0.338267 0.006770  
 2 2 6  36.554488 0.032906 -0.276844 0.000030 0.674419 0.113568 -36.554488 -0.032906 0.276844 -0.000030 0.338165 0.006789  
 3 3 7  36.183259 0.033004 -0.276840 0.000030 0.674432 0.113863 -36.183259 -0.033004 0.276840 -0.000030 0.338139 0.006854  
 4 4 8  35.445510 0.032976 -0.277016 0.000030 0.674959 0.113822 -35.445510 -0.032976 0.277016 -0.000030 0.338255 0.006790  
 5 5 10  23.961880 0.100687 -0.203024 0.000002 0.305657 0.194736 -23.961880 -0.100687 0.203024 -0.000002 0.436925 0.173537  
 6 6 11  24.277121 0.100674 -0.203026 0.000002 0.305694 0.194705 -24.277121 -0.100674 0.203026 -0.000002 0.436893 0.173518  
 7 7 12  24.038122 0.100682 -0.203036 0.000002 0.305722 0.194699 -24.038122 -0.100682 0.203036 -0.000002 0.436904 0.173556  
 8 8 13  23.722878 0.100693 -0.203040 0.000002 0.305692 0.194732 -23.722878 -0.100693 0.203040 -0.000002 0.436948 0.173564  
 9 10 15  12.009457 0.052142 -0.011892 -0.000004 -0.052344 0.066044 -12.009457 -0.052142 0.011892 0.000004 0.095840 0.124673  
 10 11 16  12.072345 0.052134 -0.011896 -0.000004 -0.052323 0.066029 -12.072345 -0.052134 0.011896 0.000004 0.095832 0.124657  
 11 12 17  11.990543 0.052130 -0.011901 -0.000004 -0.052314 0.066009 -11.990543 -0.052130 0.011901 0.000004 0.095841 0.124660  
 12 13 18  11.927655 0.052138 -0.011897 -0.000004 -0.052335 0.066023 -11.927655 -0.052138 0.011897 0.000004 0.095851 0.124675  
 13 5 6  0.000000 0.211252 -0.000000 -0.000006 0.000000 0.643935 0.000000 -0.211252 0.000000 0.000006 0.000000 0.643859  
 14 6 7  0.000000 -0.066115 0.000000 0.000001 -0.000000 -0.201500 0.000000 0.066115 -0.000000 -0.000001 -0.000000 -0.201537  
 15 7 8  0.000000 0.211252 0.000000 0.000016 -0.000000 0.643859 0.000000 -0.211252 -0.000000 -0.000016 -0.000000 0.643935  
 16 8 5  0.000000 -0.066115 -0.000000 0.000012 0.000000 -0.201537 0.000000 0.066115 0.000000 -0.000012 0.000000 -0.201500  
 17 10 11  0.000000 0.126177 -0.000000 -0.000016 0.000000 0.384597 0.000000 -0.126177 0.000000 0.000016 0.000000 0.384579  
 18 11 12  0.000000 -0.078599 -0.000000 0.000009 0.000000 -0.239564 0.000000 0.078599 0.000000 -0.000009 0.000000 -0.239576  
 19 12 13  0.000000 0.126178 0.000000 -0.000011 -0.000000 0.384580 0.000000 -0.126178 -0.000000 0.000011 -0.000000 0.384598  
 20 13 10  0.000000 -0.078599 0.000000 0.000015 -0.000000 -0.239577 0.000000 0.078599 -0.000000 -0.000015 -0.000000 -0.239565  
 21 15 16  0.000000 0.031444 0.000000 -0.000007 -0.000000 0.095845 0.000000 -0.031444 -0.000000 0.000007 -0.000000 0.095836  
 22 16 17  0.000000 -0.040901 0.000000 0.000004 -0.000000 -0.124664 0.000000 0.040901 -0.000000 -0.000004 -0.000000 -0.124667  
 23 17 18  0.000000 0.031444 -0.000000 -0.000007 0.000000 0.095837 0.000000 -0.031444 0.000000 0.000007 0.000000 0.095846  
 24 18 15  0.000000 -0.040901 -0.000000 0.000005 0.000000 -0.124668 0.000000 0.040901 0.000000 -0.000005 0.000000 -0.124665  
