 1 1 5  41.814576 0.850955 1.755570 0.035203 -4.160360 2.511387 -41.814576 -0.850955 -1.755570 -0.035203 -2.260812 0.601067  
 2 2 6  37.641685 0.836900 1.747125 0.035203 -4.127275 2.474200 -37.641685 -0.836900 -1.747125 -0.035203 -2.263010 0.586844  
 3 3 7  30.188279 0.815113 1.699085 0.035203 -3.998589 2.390806 -30.188279 -0.815113 -1.699085 -0.035203 -2.215983 0.590552  
 4 4 8  34.355460 0.838213 1.720256 0.035203 -4.066814 2.453434 -34.355460 -0.838213 -1.720256 -0.035203 -2.225192 0.612414  
 5 5 10  27.400068 1.520239 1.035676 0.039181 -1.493401 3.082584 -27.400068 -1.520239 -1.035676 -0.039181 -2.294688 2.477842  
 6 6 11  25.655623 1.508285 1.036747 0.039181 -1.498429 3.059756 -25.655623 -1.508285 -1.036747 -0.039181 -2.293579 2.456948  
 7 7 12  20.602242 1.495725 0.988423 0.039181 -1.416841 3.027555 -20.602242 -1.495725 -0.988423 -0.039181 -2.198417 2.443207  
 8 8 13  22.342067 1.519890 0.996461 0.039181 -1.426811 3.073105 -22.342067 -1.519890 -0.996461 -0.039181 -2.217846 2.486046  
 9 10 15  13.151024 1.445667 0.110819 -0.013087 0.148959 2.296054 -13.151024 -1.445667 -0.110819 0.013087 -0.554290 2.991617  
 10 11 16  12.792565 1.435214 0.113277 -0.013087 0.140635 2.279777 -12.792565 -1.435214 -0.113277 0.013087 -0.554958 2.969661  
 11 12 17  10.850204 1.417592 0.109712 -0.013087 0.132720 2.254451 -10.850204 -1.417592 -0.109712 0.013087 -0.534003 2.930535  
 12 13 18  11.206207 1.430816 0.107882 -0.013087 0.139839 2.277046 -11.206207 -1.430816 -0.107882 0.013087 -0.534429 2.956306  
 13 5 6  0.000000 -1.214086 -0.000000 -0.018110 0.000000 -3.703524 0.000000 1.214086 0.000000 0.018110 0.000000 -3.697547  
 14 6 7  0.000000 -1.200149 -0.000000 0.063892 0.000000 -3.664710 0.000000 1.200149 0.000000 -0.063892 0.000000 -3.651397  
 15 7 8  0.000000 -1.213814 0.000000 -0.033290 -0.000000 -3.696716 0.000000 1.213814 -0.000000 0.033290 -0.000000 -3.702693  
 16 8 5  0.000000 -1.200421 0.000000 0.050689 -0.000000 -3.652228 0.000000 1.200421 -0.000000 -0.050689 -0.000000 -3.665541  
 17 10 11  0.000000 -0.692722 -0.000000 -0.017762 0.000000 -2.112692 0.000000 0.692722 0.000000 0.017762 0.000000 -2.110144  
 18 11 12  0.000000 -1.555781 -0.000000 0.042800 0.000000 -4.754487 0.000000 1.555781 0.000000 -0.042800 0.000000 -4.729551  
 19 12 13  0.000000 -0.692182 0.000000 -0.031893 -0.000000 -2.108496 0.000000 0.692182 -0.000000 0.031893 -0.000000 -2.111044  
 20 13 10  0.000000 -1.556321 0.000000 0.033037 -0.000000 -4.731199 0.000000 1.556321 -0.000000 -0.033037 -0.000000 -4.756135  
 21 15 16  0.000000 -0.178923 0.000000 -0.010042 -0.000000 -0.545296 0.000000 0.178923 -0.000000 0.010042 -0.000000 -0.545417  
 22 16 17  0.000000 -0.971487 0.000000 0.009541 -0.000000 -2.979702 0.000000 0.971487 -0.000000 -0.009541 -0.000000 -2.942484  
 23 17 18  0.000000 -0.178308 -0.000000 -0.011949 0.000000 -0.543544 0.000000 0.178308 0.000000 0.011949 0.000000 -0.543423  
 24 18 15  0.000000 -0.972102 -0.000000 0.008995 0.000000 -2.944357 0.000000 0.972102 0.000000 -0.008995 0.000000 -2.981575  
