 1 1 5  33.129897 -1.287489 -0.294660 -0.000347 0.995210 -2.966916 -33.129897 1.287489 0.294660 0.000347 0.082539 -1.742203  
 2 2 6  36.805502 -1.287887 -0.294913 -0.000347 0.995337 -2.968071 -36.805502 1.287887 0.294913 0.000347 0.083337 -1.742504  
 3 3 7  38.870067 -1.287044 -0.293783 -0.000347 0.992589 -2.965620 -38.870067 1.287044 0.293783 0.000347 0.081953 -1.741874  
 4 4 8  35.194533 -1.288028 -0.294749 -0.000347 0.995544 -2.967894 -35.194533 1.288028 0.294749 0.000347 0.082530 -1.743197  
 5 5 10  22.466809 -0.543234 -0.801696 -0.000177 1.641181 -0.609631 -22.466809 0.543234 0.801696 0.000177 1.291103 -1.377301  
 6 6 11  25.011695 -0.543092 -0.801204 -0.000177 1.640817 -0.609255 -25.011695 0.543092 0.801204 0.000177 1.289668 -1.377160  
 7 7 12  25.533162 -0.542791 -0.800623 -0.000177 1.639881 -0.608663 -25.533162 0.542791 0.800623 0.000177 1.288479 -1.376648  
 8 8 13  22.988334 -0.543261 -0.801433 -0.000177 1.640590 -0.609440 -22.988334 0.543261 0.801433 0.000177 1.290731 -1.377593  
 9 10 15  11.523964 0.158560 -0.707094 0.001637 1.078846 0.523269 -11.523964 -0.158560 0.707094 -0.001637 1.507420 0.056679  
 10 11 16  12.513842 0.159915 -0.708527 0.001637 1.081183 0.526398 -12.513842 -0.159915 0.708527 -0.001637 1.510327 0.058506  
 11 12 17  12.476020 0.159914 -0.708259 0.001637 1.080819 0.526348 -12.476020 -0.159914 0.708259 -0.001637 1.509708 0.058554  
 12 13 18  11.486173 0.158550 -0.706792 0.001637 1.078415 0.523181 -11.486173 -0.158550 0.706792 -0.001637 1.506747 0.056732  
 13 5 6  0.000000 0.565358 -0.000000 0.000033 0.000000 1.723425 0.000000 -0.565358 0.000000 -0.000033 0.000000 1.722998  
 14 6 7  0.000000 0.771551 -0.000000 -0.001155 0.000000 2.351792 0.000000 -0.771551 0.000000 0.001155 0.000000 2.351582  
 15 7 8  0.000000 0.565355 0.000000 0.001045 -0.000000 1.722989 0.000000 -0.565355 -0.000000 -0.001045 -0.000000 1.723415  
 16 8 5  0.000000 0.771554 0.000000 -0.000295 -0.000000 2.351592 0.000000 -0.771554 -0.000000 0.000295 -0.000000 2.351801  
 17 10 11  0.000000 0.777500 0.000000 0.001625 -0.000000 2.369558 0.000000 -0.777500 -0.000000 -0.001625 -0.000000 2.370085  
 18 11 12  0.000000 0.279648 0.000000 -0.000766 -0.000000 0.852386 0.000000 -0.279648 -0.000000 0.000766 -0.000000 0.852346  
 19 12 13  0.000000 0.777494 -0.000000 0.002045 0.000000 2.370064 0.000000 -0.777494 0.000000 -0.002045 0.000000 2.369537  
 20 13 10  0.000000 0.279655 -0.000000 -0.000392 0.000000 0.852367 0.000000 -0.279655 0.000000 0.000392 0.000000 0.852407  
 21 15 16  0.000000 0.494935 -0.000000 0.000902 0.000000 1.507095 0.000000 -0.494935 0.000000 -0.000902 0.000000 1.510029  
 22 16 17  0.000000 -0.018907 0.000000 -0.000297 -0.000000 -0.057604 0.000000 0.018907 -0.000000 0.000297 -0.000000 -0.057654  
 23 17 18  0.000000 0.494927 0.000000 0.000899 -0.000000 1.510006 0.000000 -0.494927 -0.000000 -0.000899 -0.000000 1.507072  
 24 18 15  0.000000 -0.018900 -0.000000 -0.000325 0.000000 -0.057631 0.000000 0.018900 0.000000 0.000325 0.000000 -0.057581  
