 1 1 5  33.446271 -0.335777 -0.388157 -0.000264 1.197411 -0.846742 -33.446271 0.335777 0.388157 0.000264 0.222312 -0.381396  
 2 2 6  37.388771 -0.335294 -0.387680 -0.000264 1.195840 -0.845648 -37.388771 0.335294 0.387680 0.000264 0.222140 -0.380724  
 3 3 7  38.553665 -0.334930 -0.387026 -0.000264 1.194349 -0.844581 -38.553665 0.334930 0.387026 0.000264 0.221238 -0.380458  
 4 4 8  34.611294 -0.335421 -0.387491 -0.000264 1.195887 -0.845679 -34.611294 0.335421 0.387491 0.000264 0.221401 -0.381157  
 5 5 10  22.340343 -0.308189 -0.785110 -0.000084 1.617346 -0.505415 -22.340343 0.308189 0.785110 0.000084 1.254272 -0.621815  
 6 6 11  25.076227 -0.308011 -0.784899 -0.000084 1.617196 -0.505106 -25.076227 0.308011 0.784899 0.000084 1.253651 -0.621476  
 7 7 12  25.659612 -0.308017 -0.784669 -0.000084 1.616818 -0.505222 -25.659612 0.308017 0.784669 0.000084 1.253188 -0.621382  
 8 8 13  22.923819 -0.308189 -0.784880 -0.000084 1.616963 -0.505515 -22.923819 0.308189 0.784880 0.000084 1.253815 -0.621718  
 9 10 15  11.377227 -0.072412 -0.796075 -0.000887 1.253185 -0.030102 -11.377227 0.072412 0.796075 0.000887 1.658539 -0.234754  
 10 11 16  12.467520 -0.073837 -0.797415 -0.000887 1.254090 -0.031719 -12.467520 0.073837 0.797415 0.000887 1.662535 -0.238345  
 11 12 17  12.622754 -0.073871 -0.798133 -0.000887 1.254904 -0.031771 -12.622754 0.073871 0.798133 0.000887 1.664346 -0.238419  
 12 13 18  11.532498 -0.072477 -0.797011 -0.000887 1.254254 -0.030193 -11.532498 0.072477 0.797011 0.000887 1.660892 -0.234899  
 13 5 6  0.000000 0.603303 -0.000000 0.000476 0.000000 1.839025 0.000000 -0.603303 0.000000 -0.000476 0.000000 1.838710  
 14 6 7  0.000000 0.290759 -0.000000 -0.000626 0.000000 0.886307 0.000000 -0.290759 0.000000 0.000626 0.000000 0.886162  
 15 7 8  0.000000 0.603294 0.000000 0.000482 -0.000000 1.838682 0.000000 -0.603294 -0.000000 -0.000482 -0.000000 1.838997  
 16 8 5  0.000000 0.290769 0.000000 -0.000633 -0.000000 0.886190 0.000000 -0.290769 -0.000000 0.000633 -0.000000 0.886335  
 17 10 11  0.000000 0.822789 0.000000 -0.000659 -0.000000 2.507783 0.000000 -0.822789 -0.000000 0.000659 -0.000000 2.507937  
 18 11 12  0.000000 0.214082 -0.000000 0.000196 0.000000 0.652535 0.000000 -0.214082 0.000000 -0.000196 0.000000 0.652511  
 19 12 13  0.000000 0.822775 -0.000000 -0.000641 0.000000 2.507896 0.000000 -0.822775 0.000000 0.000641 0.000000 2.507742  
 20 13 10  0.000000 0.214096 0.000000 0.000326 -0.000000 0.652552 0.000000 -0.214096 -0.000000 -0.000326 -0.000000 0.652576  
 21 15 16  0.000000 0.545142 0.000000 -0.001810 -0.000000 1.659730 0.000000 -0.545142 -0.000000 0.001810 -0.000000 1.663455  
 22 16 17  0.000000 0.077621 -0.000000 0.000920 0.000000 0.236535 0.000000 -0.077621 0.000000 -0.000920 0.000000 0.236645  
 23 17 18  0.000000 0.545132 -0.000000 -0.001774 0.000000 1.663426 0.000000 -0.545132 0.000000 0.001774 0.000000 1.659702  
 24 18 15  0.000000 0.077631 0.000000 0.001191 -0.000000 0.236673 0.000000 -0.077631 -0.000000 -0.001191 -0.000000 0.236564  
