 1 1 5  41.564380 0.966699 1.741908 0.014132 -4.234784 2.592173 -41.564380 -0.966699 -1.741908 -0.014132 -2.136418 0.943627  
 2 2 6  36.251457 0.946518 1.727821 0.014132 -4.183178 2.538434 -36.251457 -0.946518 -1.727821 -0.014132 -2.136501 0.923551  
 3 3 7  30.438255 0.925065 1.687290 0.014132 -4.074300 2.464626 -30.438255 -0.925065 -1.687290 -0.014132 -2.097130 0.918892  
 4 4 8  35.745908 0.954452 1.714326 0.014132 -4.161673 2.544275 -35.745908 -0.954452 -1.714326 -0.014132 -2.108645 0.946727  
 5 5 10  27.176807 1.184122 1.247408 0.013532 -1.986019 2.276698 -27.176807 -1.184122 -1.247408 -0.013532 -2.576499 2.054347  
 6 6 11  24.544364 1.168636 1.247699 0.013532 -1.990864 2.249173 -24.544364 -1.168636 -1.247699 -0.013532 -2.572718 2.025228  
 7 7 12  20.825266 1.157968 1.213955 0.013532 -1.936013 2.234271 -20.825266 -1.157968 -1.213955 -0.013532 -2.504147 2.001113  
 8 8 13  23.453563 1.182652 1.223222 0.013532 -1.945191 2.276146 -23.453563 -1.182652 -1.223222 -0.013532 -2.528865 2.049523  
 9 10 15  13.065056 1.002085 0.406840 0.002937 -0.340322 1.527070 -13.065056 -1.002085 -0.406840 -0.002937 -1.147737 2.138156  
 10 11 16  12.324230 0.989587 0.408767 0.002937 -0.349824 1.509926 -12.324230 -0.989587 -0.408767 -0.002937 -1.145282 2.109588  
 11 12 17  10.936029 0.986343 0.393061 0.002937 -0.331180 1.513513 -10.936029 -0.986343 -0.393061 -0.002937 -1.106482 2.094135  
 12 13 18  11.674685 1.001110 0.391426 0.002937 -0.321719 1.534450 -11.674685 -1.001110 -0.391426 -0.002937 -1.109961 2.127211  
 13 5 6  0.000000 -1.340100 -0.000000 -0.023372 0.000000 -4.088565 0.000000 1.340100 0.000000 0.023372 0.000000 -4.080683  
 14 6 7  0.000000 -1.047192 0.000000 0.046683 -0.000000 -3.196096 0.000000 1.047192 -0.000000 -0.046683 -0.000000 -3.187589  
 15 7 8  0.000000 -1.339819 0.000000 -0.034427 -0.000000 -4.079826 0.000000 1.339819 -0.000000 0.034427 -0.000000 -4.087708  
 16 8 5  0.000000 -1.047474 -0.000000 0.033872 0.000000 -3.188446 0.000000 1.047474 0.000000 -0.033872 0.000000 -3.196953  
 17 10 11  0.000000 -0.945562 -0.000000 -0.022378 0.000000 -2.884455 0.000000 0.945562 0.000000 0.022378 0.000000 -2.879688  
 18 11 12  0.000000 -1.165695 -0.000000 0.042855 0.000000 -3.557532 0.000000 1.165695 0.000000 -0.042855 0.000000 -3.548547  
 19 12 13  0.000000 -0.945068 0.000000 -0.033920 -0.000000 -2.878182 0.000000 0.945068 -0.000000 0.033920 -0.000000 -2.882949  
 20 13 10  0.000000 -1.166189 0.000000 0.032366 -0.000000 -3.550052 0.000000 1.166189 -0.000000 -0.032366 -0.000000 -3.559038  
 21 15 16  0.000000 -0.370142 0.000000 -0.013458 -0.000000 -1.129675 0.000000 0.370142 -0.000000 0.013458 -0.000000 -1.126708  
 22 16 17  0.000000 -0.694372 0.000000 0.018574 -0.000000 -2.123045 0.000000 0.694372 -0.000000 -0.018574 -0.000000 -2.109847  
 23 17 18  0.000000 -0.369599 -0.000000 -0.015712 0.000000 -1.125055 0.000000 0.369599 0.000000 0.015712 0.000000 -1.128023  
 24 18 15  0.000000 -0.694914 -0.000000 0.018062 0.000000 -2.111499 0.000000 0.694914 0.000000 -0.018062 0.000000 -2.124698  
