 1 1 5  28.179447 -5.437332 1.646203 -0.350722 -3.089007 -12.375756 -28.179447 5.437332 -1.646203 0.350722 -2.932146 -7.511828  
 2 2 6  28.107286 -5.456690 1.679288 -0.350722 -3.179355 -12.420861 -28.107286 5.456690 -1.679288 0.350722 -2.962809 -7.537529  
 3 3 7  43.821305 -5.920365 1.888104 -0.350722 -3.479257 -13.732845 -43.821305 5.920365 -1.888104 0.350722 -3.426670 -7.921483  
 4 4 8  43.891961 -5.898875 1.856812 -0.350722 -3.390537 -13.683705 -43.891961 5.898875 -1.856812 0.350722 -3.400940 -7.892019  
 5 5 10  20.604046 -4.323666 -0.925248 0.064461 2.047670 -6.803444 -20.604046 4.323666 0.925248 -0.064461 1.336515 -9.010798  
 6 6 11  21.201489 -4.363434 -0.928911 0.064461 2.065733 -6.866093 -21.201489 4.363434 0.928911 -0.064461 1.331850 -9.093602  
 7 7 12  27.396924 -4.413358 -1.008544 0.064461 2.273136 -6.775386 -27.396924 4.413358 1.008544 -0.064461 1.415716 -9.366911  
 8 8 13  26.797541 -4.379822 -1.003507 0.064461 2.252792 -6.718832 -26.797541 4.379822 1.003507 -0.064461 1.417635 -9.300804  
 9 10 15  11.480354 -0.096923 0.127958 0.002472 -0.449852 1.253498 -11.480354 0.096923 -0.127958 -0.002472 -0.018166 -1.608004  
 10 11 16  11.469399 -0.097722 0.127881 0.002472 -0.448473 1.252499 -11.469399 0.097722 -0.127881 -0.002472 -0.019265 -1.609928  
 11 12 17  12.520123 -0.038327 0.125492 0.002472 -0.445184 1.453049 -12.520123 0.038327 -0.125492 -0.002472 -0.013816 -1.593233  
 12 13 18  12.530125 -0.037518 0.125500 0.002472 -0.446398 1.453919 -12.530125 0.037518 -0.125500 -0.002472 -0.012630 -1.591143  
 13 5 6  0.000000 -0.334857 -0.000000 -0.044341 0.000000 -1.016146 0.000000 0.334857 0.000000 0.044341 0.000000 -1.025139  
 14 6 7  0.000000 4.759346 -0.000000 -0.128063 0.000000 14.359282 0.000000 -4.759346 0.000000 0.128063 0.000000 14.653694  
 15 7 8  0.000000 -0.334965 0.000000 -0.043175 -0.000000 -1.025471 0.000000 0.334965 -0.000000 0.043175 -0.000000 -1.016478  
 16 8 5  0.000000 4.759455 0.000000 -0.131671 -0.000000 14.654026 0.000000 -4.759455 -0.000000 0.131671 -0.000000 14.359613  
 17 10 11  0.000000 0.304323 0.000000 -0.041525 -0.000000 0.928574 0.000000 -0.304323 -0.000000 0.041525 -0.000000 0.926578  
 18 11 12  0.000000 2.572232 -0.000000 0.043201 0.000000 7.799577 0.000000 -2.572232 0.000000 -0.043201 0.000000 7.880750  
 19 12 13  0.000000 0.304570 -0.000000 -0.033113 0.000000 0.927330 0.000000 -0.304570 0.000000 0.033113 0.000000 0.929326  
 20 13 10  0.000000 2.571985 0.000000 0.041911 -0.000000 7.879998 0.000000 -2.571985 -0.000000 -0.041911 -0.000000 7.798826  
 21 15 16  0.000000 -0.005358 0.000000 -0.000599 -0.000000 -0.015761 0.000000 0.005358 -0.000000 0.000599 -0.000000 -0.016904  
 22 16 17  0.000000 0.525243 -0.000000 0.002361 0.000000 1.609329 0.000000 -0.525243 0.000000 -0.002361 0.000000 1.592552  
 23 17 18  0.000000 -0.005120 -0.000000 -0.000682 0.000000 -0.016177 0.000000 0.005120 0.000000 0.000682 0.000000 -0.015035  
 24 18 15  0.000000 0.525005 0.000000 0.002405 -0.000000 1.591825 0.000000 -0.525005 -0.000000 -0.002405 -0.000000 1.608603  
