 1 1 5  38.328903 0.652385 0.396895 -0.000316 -1.190583 1.475084 -38.328903 -0.652385 -0.396895 0.000316 -0.261101 0.911078  
 2 2 6  34.504768 0.652620 0.397361 -0.000316 -1.192392 1.475571 -34.504768 -0.652620 -0.397361 0.000316 -0.260998 0.911452  
 3 3 7  33.671061 0.652943 0.397771 -0.000316 -1.193340 1.476618 -33.671061 -0.652943 -0.397771 0.000316 -0.261547 0.911588  
 4 4 8  37.495268 0.652786 0.397294 -0.000316 -1.191519 1.476252 -37.495268 -0.652786 -0.397294 0.000316 -0.261622 0.911376  
 5 5 10  25.396271 0.208083 0.718679 -0.000084 -1.494580 0.174918 -25.396271 -0.208083 -0.718679 0.000084 -1.134059 0.586168  
 6 6 11  22.724567 0.208175 0.719576 -0.000084 -1.495211 0.175089 -22.724567 -0.208175 -0.719576 0.000084 -1.136710 0.586330  
 7 7 12  22.603701 0.208190 0.719718 -0.000084 -1.495411 0.175053 -22.603701 -0.208190 -0.719718 0.000084 -1.137029 0.586424  
 8 8 13  25.275460 0.208105 0.718824 -0.000084 -1.494807 0.174870 -25.275460 -0.208105 -0.718824 0.000084 -1.134364 0.586295  
 9 10 15  12.509220 -0.110923 0.803597 0.002243 -1.284287 -0.303000 -12.509220 0.110923 -0.803597 -0.002243 -1.654950 -0.102712  
 10 11 16  11.424361 -0.108941 0.801432 0.002243 -1.280640 -0.298736 -11.424361 0.108941 -0.801432 -0.002243 -1.650679 -0.099728  
 11 12 17  11.490764 -0.108991 0.802000 0.002243 -1.281492 -0.298874 -11.490764 0.108991 -0.802000 -0.002243 -1.651903 -0.099771  
 12 13 18  12.575655 -0.110937 0.804014 0.002243 -1.284897 -0.303084 -12.575655 0.110937 -0.804014 -0.002243 -1.655864 -0.102681  
 13 5 6  0.000000 -0.576218 -0.000000 0.000266 0.000000 -1.756048 0.000000 0.576218 0.000000 -0.000266 0.000000 -1.756577  
 14 6 7  0.000000 -0.356418 -0.000000 -0.000368 0.000000 -1.086275 0.000000 0.356418 0.000000 0.000368 0.000000 -1.086450  
 15 7 8  0.000000 -0.576222 0.000000 0.000191 -0.000000 -1.756589 0.000000 0.576222 -0.000000 -0.000191 -0.000000 -1.756061  
 16 8 5  0.000000 -0.356414 0.000000 -0.000367 -0.000000 -1.086437 0.000000 0.356414 -0.000000 0.000367 -0.000000 -1.086262  
 17 10 11  0.000000 -0.793426 0.000000 0.002205 -0.000000 -2.418795 0.000000 0.793426 -0.000000 -0.002205 -0.000000 -2.417927  
 18 11 12  0.000000 -0.093632 -0.000000 -0.000576 0.000000 -0.285389 0.000000 0.093632 0.000000 0.000576 0.000000 -0.285389  
 19 12 13  0.000000 -0.793431 -0.000000 0.002161 0.000000 -2.417944 0.000000 0.793431 0.000000 -0.002161 0.000000 -2.418812  
 20 13 10  0.000000 -0.093626 0.000000 -0.000449 -0.000000 -0.285372 0.000000 0.093626 -0.000000 0.000449 -0.000000 -0.285373  
 21 15 16  0.000000 -0.542433 -0.000000 0.001480 0.000000 -1.655394 0.000000 0.542433 0.000000 -0.001480 0.000000 -1.651279  
 22 16 17  0.000000 0.033206 0.000000 -0.000600 -0.000000 0.101207 0.000000 -0.033206 -0.000000 0.000600 -0.000000 0.101214  
 23 17 18  0.000000 -0.542441 0.000000 0.001443 -0.000000 -1.651304 0.000000 0.542441 -0.000000 -0.001443 -0.000000 -1.655419  
 24 18 15  0.000000 0.033214 -0.000000 -0.000445 0.000000 0.101238 0.000000 -0.033214 0.000000 0.000445 0.000000 0.101232  
