 1 1 5  36.771483 0.486752 0.105004 -0.000020 -0.214691 1.199817 -36.771483 -0.486752 -0.105004 0.000020 -0.169371 0.580527  
 2 2 6  36.859250 0.486765 0.105096 -0.000020 -0.215016 1.199838 -36.859250 -0.486765 -0.105096 0.000020 -0.169384 0.580553  
 3 3 7  35.228516 0.486982 0.105149 -0.000020 -0.215112 1.200448 -35.228516 -0.486982 -0.105149 0.000020 -0.169482 0.580736  
 4 4 8  35.140751 0.486962 0.105009 -0.000020 -0.214697 1.200422 -35.140751 -0.486962 -0.105009 0.000020 -0.169384 0.580690  
 5 5 10  24.354527 0.366806 -0.016009 -0.000014 0.079811 0.600721 -24.354527 -0.366806 0.016009 0.000014 -0.021258 0.740908  
 6 6 11  24.501077 0.366795 -0.016004 -0.000014 0.079814 0.600705 -24.501077 -0.366795 0.016004 0.000014 -0.021278 0.740885  
 7 7 12  23.645472 0.366785 -0.016001 -0.000014 0.079824 0.600613 -23.645472 -0.366785 0.016001 0.000014 -0.021298 0.740941  
 8 8 13  23.498923 0.366797 -0.016015 -0.000014 0.079829 0.600638 -23.498923 -0.366797 0.016015 0.000014 -0.021251 0.740958  
 9 10 15  12.094572 0.153938 -0.066876 -0.000008 0.126083 0.156265 -12.094572 -0.153938 0.066876 0.000008 0.118523 0.406780  
 10 11 16  12.172342 0.153932 -0.066879 -0.000008 0.126100 0.156253 -12.172342 -0.153932 0.066879 0.000008 0.118516 0.406768  
 11 12 17  11.905428 0.153924 -0.066880 -0.000008 0.126102 0.156219 -11.905428 -0.153924 0.066880 0.000008 0.118517 0.406773  
 12 13 18  11.827659 0.153930 -0.066877 -0.000008 0.126085 0.156231 -11.827659 -0.153930 0.066877 0.000008 0.118526 0.406785  
 13 5 6  0.000000 -0.029392 -0.000000 0.000004 0.000000 -0.089557 0.000000 0.029392 0.000000 -0.000004 0.000000 -0.089614  
 14 6 7  0.000000 -0.387564 0.000000 -0.000043 -0.000000 -1.181253 0.000000 0.387564 -0.000000 0.000043 -0.000000 -1.181339  
 15 7 8  0.000000 -0.029392 0.000000 0.000010 -0.000000 -0.089615 0.000000 0.029392 -0.000000 -0.000010 -0.000000 -0.089558  
 16 8 5  0.000000 -0.387564 -0.000000 0.000003 0.000000 -1.181338 0.000000 0.387564 0.000000 -0.000003 0.000000 -1.181252  
 17 10 11  0.000000 0.034390 0.000000 -0.000017 -0.000000 0.104830 0.000000 -0.034390 -0.000000 0.000017 -0.000000 0.104813  
 18 11 12  0.000000 -0.294345 0.000000 -0.000008 -0.000000 -0.897156 0.000000 0.294345 -0.000000 0.000008 -0.000000 -0.897174  
 19 12 13  0.000000 0.034390 -0.000000 -0.000015 0.000000 0.104813 0.000000 -0.034390 0.000000 0.000015 0.000000 0.104829  
 20 13 10  0.000000 -0.294345 -0.000000 0.000005 0.000000 -0.897174 0.000000 0.294345 0.000000 -0.000005 0.000000 -0.897155  
 21 15 16  0.000000 0.038885 -0.000000 -0.000006 0.000000 0.118524 0.000000 -0.038885 0.000000 0.000006 0.000000 0.118517  
 22 16 17  0.000000 -0.133457 -0.000000 0.000001 0.000000 -0.406774 0.000000 0.133457 0.000000 -0.000001 0.000000 -0.406779  
 23 17 18  0.000000 0.038885 0.000000 -0.000006 -0.000000 0.118516 0.000000 -0.038885 -0.000000 0.000006 -0.000000 0.118524  
 24 18 15  0.000000 -0.133457 0.000000 0.000002 -0.000000 -0.406779 0.000000 0.133457 -0.000000 -0.000002 -0.000000 -0.406774  
