 1 1 5  41.259074 4.145018 -2.026901 -0.196642 3.878572 9.419649 -41.259074 -4.145018 2.026901 0.196642 3.535020 5.741168  
 2 2 6  42.996257 4.171171 -2.022398 -0.196642 3.853048 9.478491 -42.996257 -4.171171 2.022398 0.196642 3.544074 5.777985  
 3 3 7  30.736238 3.932949 -1.860993 -0.196642 3.582658 8.866548 -30.736238 -3.932949 1.860993 0.196642 3.224109 5.518605  
 4 4 8  29.008431 3.887591 -1.858734 -0.196642 3.600571 8.775210 -29.008431 -3.887591 1.858734 0.196642 3.197935 5.444044  
 5 5 10  26.917762 1.905535 0.866076 0.126151 -1.933264 2.948423 -26.917762 -1.905535 -0.866076 -0.126151 -1.234494 4.021264  
 6 6 11  27.662365 1.902154 0.878215 0.126151 -1.951156 2.940991 -27.662365 -1.902154 -0.878215 -0.126151 -1.261004 4.016328  
 7 7 12  21.078543 1.949097 0.799213 0.126151 -1.797980 3.119062 -21.078543 -1.949097 -0.799213 -0.126151 -1.125223 4.009954  
 8 8 13  20.341331 1.939450 0.785791 0.126151 -1.774018 3.105767 -20.341331 -1.939450 -0.785791 -0.126151 -1.100093 3.987967  
 9 10 15  12.856425 1.644909 -0.648200 -0.026431 1.390924 2.444188 -12.856425 -1.644909 0.648200 0.026431 0.979932 3.572231  
 10 11 16  13.484918 1.666100 -0.654993 -0.026431 1.411979 2.478894 -13.484918 -1.666100 0.654993 0.026431 0.983724 3.615034  
 11 12 17  11.141548 1.648341 -0.614925 -0.026431 1.319782 2.460895 -11.141548 -1.648341 0.614925 0.026431 0.929369 3.568078  
 12 13 18  10.517109 1.623365 -0.607414 -0.026431 1.295765 2.420134 -10.517109 -1.623365 0.607414 0.026431 0.925911 3.517485  
 13 5 6  0.000000 0.496042 0.000000 0.013936 -0.000000 1.513593 0.000000 -0.496042 -0.000000 -0.013936 -0.000000 1.510280  
 14 6 7  0.000000 -2.837850 -0.000000 -0.082638 0.000000 -8.705040 0.000000 2.837850 0.000000 0.082638 0.000000 -8.594495  
 15 7 8  0.000000 0.495546 -0.000000 0.043171 0.000000 1.508768 0.000000 -0.495546 0.000000 -0.043171 0.000000 1.512080  
 16 8 5  0.000000 -2.837354 0.000000 -0.088163 -0.000000 -8.592982 0.000000 2.837354 -0.000000 0.088163 -0.000000 -8.703527  
 17 10 11  0.000000 0.057638 0.000000 0.013614 -0.000000 0.177322 0.000000 -0.057638 -0.000000 -0.013614 -0.000000 0.174038  
 18 11 12  0.000000 -2.119809 0.000000 0.023063 -0.000000 -6.481608 0.000000 2.119809 -0.000000 -0.023063 -0.000000 -6.440746  
 19 12 13  0.000000 0.056804 -0.000000 0.030103 0.000000 0.171496 0.000000 -0.056804 0.000000 -0.030103 0.000000 0.174780  
 20 13 10  0.000000 -2.118975 -0.000000 0.020892 0.000000 -6.438204 0.000000 2.118975 0.000000 -0.020892 0.000000 -6.479066  
 21 15 16  0.000000 0.313740 0.000000 0.019857 -0.000000 0.954466 0.000000 -0.313740 -0.000000 -0.019857 -0.000000 0.958091  
 22 16 17  0.000000 -1.171178 -0.000000 -0.025633 0.000000 -3.595177 0.000000 1.171178 0.000000 0.025633 0.000000 -3.544326  
 23 17 18  0.000000 0.312726 -0.000000 0.023751 0.000000 0.955002 0.000000 -0.312726 0.000000 -0.023751 0.000000 0.951376  
 24 18 15  0.000000 -1.170165 0.000000 -0.025465 -0.000000 -3.541237 0.000000 1.170165 -0.000000 0.025465 -0.000000 -3.592088  
