 1 1 5  34.744642 -0.267595 -0.175163 -0.000043 0.480465 -0.697226 -34.744642 0.267595 0.175163 0.000043 0.160212 -0.281528  
 2 2 6  35.989456 -0.267592 -0.175083 -0.000043 0.480157 -0.697220 -35.989456 0.267592 0.175083 0.000043 0.160226 -0.281525  
 3 3 7  37.255353 -0.267385 -0.175025 -0.000043 0.480053 -0.696620 -37.255353 0.267385 0.175025 0.000043 0.160120 -0.281368  
 4 4 8  36.010549 -0.267391 -0.175156 -0.000043 0.480455 -0.696629 -36.010549 0.267391 0.175156 0.000043 0.160194 -0.281382  
 5 5 10  23.202437 -0.283354 -0.219166 -0.000018 0.444827 -0.508882 -23.202437 0.283354 0.219166 0.000018 0.356795 -0.527515  
 6 6 11  24.050270 -0.283360 -0.219156 -0.000018 0.444812 -0.508875 -24.050270 0.283360 0.219156 0.000018 0.356775 -0.527541  
 7 7 12  24.797559 -0.283363 -0.219144 -0.000018 0.444785 -0.508928 -24.797559 0.283363 0.219144 0.000018 0.356755 -0.527501  
 8 8 13  23.949734 -0.283360 -0.219164 -0.000018 0.444821 -0.508952 -23.949734 0.283360 0.219164 0.000018 0.356794 -0.527465  
 9 10 15  11.697451 -0.167149 -0.255719 -0.000006 0.407836 -0.216665 -11.697451 0.167149 0.255719 0.000006 0.527482 -0.394698  
 10 11 16  12.043564 -0.167147 -0.255721 -0.000006 0.407850 -0.216661 -12.043564 0.167147 0.255721 0.000006 0.527474 -0.394696  
 11 12 17  12.302547 -0.167152 -0.255714 -0.000006 0.407839 -0.216687 -12.302547 0.167152 0.255714 0.000006 0.527462 -0.394688  
 12 13 18  11.956438 -0.167154 -0.255714 -0.000006 0.407826 -0.216691 -11.956438 0.167154 0.255714 0.000006 0.527473 -0.394691  
 13 5 6  0.000000 0.198491 0.000000 0.000004 -0.000000 0.605028 0.000000 -0.198491 -0.000000 -0.000004 -0.000000 0.604972  
 14 6 7  0.000000 0.259304 0.000000 -0.000066 -0.000000 0.790404 0.000000 -0.259304 -0.000000 0.000066 -0.000000 0.790314  
 15 7 8  0.000000 0.198490 -0.000000 0.000018 0.000000 0.604971 0.000000 -0.198490 0.000000 -0.000018 0.000000 0.605026  
 16 8 5  0.000000 0.259305 -0.000000 -0.000011 0.000000 0.790316 0.000000 -0.259305 0.000000 0.000011 0.000000 0.790406  
 17 10 11  0.000000 0.250859 0.000000 -0.000013 -0.000000 0.764627 0.000000 -0.250859 -0.000000 0.000013 -0.000000 0.764611  
 18 11 12  0.000000 0.244153 -0.000000 -0.000014 0.000000 0.744189 0.000000 -0.244153 0.000000 0.000014 0.000000 0.744170  
 19 12 13  0.000000 0.250858 -0.000000 -0.000018 0.000000 0.764608 0.000000 -0.250858 0.000000 0.000018 0.000000 0.764624  
 20 13 10  0.000000 0.244154 0.000000 -0.000004 -0.000000 0.744173 0.000000 -0.244154 -0.000000 0.000004 -0.000000 0.744192  
 21 15 16  0.000000 0.173056 -0.000000 -0.000001 0.000000 0.527479 0.000000 -0.173056 0.000000 0.000001 0.000000 0.527470  
 22 16 17  0.000000 0.129492 -0.000000 -0.000004 0.000000 0.394696 0.000000 -0.129492 0.000000 0.000004 0.000000 0.394688  
 23 17 18  0.000000 0.173055 0.000000 -0.000000 -0.000000 0.527467 0.000000 -0.173055 -0.000000 0.000000 -0.000000 0.527476  
 24 18 15  0.000000 0.129493 0.000000 -0.000003 -0.000000 0.394691 0.000000 -0.129493 -0.000000 0.000003 -0.000000 0.394699  
