 1 1 5  37.594080 3.602286 -2.539721 -0.009861 5.610335 8.087399 -37.594080 -3.602286 2.539721 0.009861 3.678950 5.088322  
 2 2 6  44.563992 3.733107 -2.592750 -0.009861 5.753362 8.377376 -44.563992 -3.733107 2.592750 0.009861 3.729880 5.276837  
 3 3 7  34.389714 3.594127 -2.441132 -0.009861 5.436423 8.006506 -34.389714 -3.594127 2.441132 0.009861 3.492260 5.139374  
 4 4 8  27.452215 3.400877 -2.354326 -0.009861 5.237736 7.601470 -27.452215 -3.400877 2.354326 0.009861 3.373446 4.837579  
 5 5 10  24.850437 1.486738 -1.065638 -0.020635 1.618154 2.223671 -24.850437 -1.486738 1.065638 0.020635 2.279523 3.214222  
 6 6 11  28.457706 1.515173 -1.043627 -0.020635 1.550143 2.257612 -28.457706 -1.515173 1.043627 0.020635 2.267026 3.284285  
 7 7 12  23.137946 1.560136 -0.998733 -0.020635 1.490787 2.402590 -23.137946 -1.560136 0.998733 0.020635 2.162178 3.303762  
 8 8 13  19.553911 1.512154 -1.007033 -0.020635 1.537075 2.339174 -19.553911 -1.512154 1.007033 0.020635 2.146251 3.191680  
 9 10 15  12.304622 1.312149 -0.912777 -0.007252 1.371897 1.953535 -12.304622 -1.312149 0.912777 0.007252 1.966674 2.845783  
 10 11 16  13.576690 1.347501 -0.916151 -0.007252 1.375972 2.011439 -13.576690 -1.347501 0.916151 0.007252 1.974941 2.917179  
 11 12 17  11.689361 1.337940 -0.874663 -0.007252 1.304233 2.000092 -11.689361 -1.337940 0.874663 0.007252 1.894933 2.893559  
 12 13 18  10.429327 1.296727 -0.868182 -0.007252 1.294169 1.930950 -10.429327 -1.296727 0.868182 0.007252 1.881294 2.811957  
 13 5 6  0.000000 1.680174 0.000000 0.107731 -0.000000 5.107310 0.000000 -1.680174 -0.000000 -0.107731 -0.000000 5.135032  
 14 6 7  0.000000 -2.426111 0.000000 -0.144991 -0.000000 -7.426718 0.000000 2.426111 -0.000000 0.144991 -0.000000 -7.362856  
 15 7 8  0.000000 1.677879 -0.000000 0.179108 0.000000 5.128038 0.000000 -1.677879 0.000000 -0.179108 0.000000 5.100315  
 16 8 5  0.000000 -2.423816 -0.000000 -0.189794 0.000000 -7.355861 0.000000 2.423816 0.000000 0.189794 0.000000 -7.419724  
 17 10 11  0.000000 1.166201 0.000000 0.059716 -0.000000 3.550187 0.000000 -1.166201 -0.000000 -0.059716 -0.000000 3.558972  
 18 11 12  0.000000 -1.714816 -0.000000 -0.084026 0.000000 -5.236007 0.000000 1.714816 0.000000 0.084026 0.000000 -5.217510  
 19 12 13  0.000000 1.163401 -0.000000 0.086345 0.000000 3.550438 0.000000 -1.163401 0.000000 -0.086345 0.000000 3.541653  
 20 13 10  0.000000 -1.712016 0.000000 -0.101233 -0.000000 -5.208975 0.000000 1.712016 -0.000000 0.101233 -0.000000 -5.227473  
 21 15 16  0.000000 0.634529 0.000000 0.031113 -0.000000 1.928569 0.000000 -0.634529 -0.000000 -0.031113 -0.000000 1.939522  
 22 16 17  0.000000 -0.942160 0.000000 -0.035419 -0.000000 -2.886066 0.000000 0.942160 -0.000000 0.035419 -0.000000 -2.857343  
 23 17 18  0.000000 0.631521 -0.000000 0.036216 0.000000 1.930352 0.000000 -0.631521 0.000000 -0.036216 0.000000 1.919399  
 24 18 15  0.000000 -0.939152 -0.000000 -0.038105 0.000000 -2.848173 0.000000 0.939152 0.000000 0.038105 0.000000 -2.876896  
