 1 1 5  35.932088 0.113572 -0.115346 -0.000086 0.283967 0.278472 -35.932088 -0.113572 0.115346 0.000086 0.137922 0.136931  
 2 2 6  36.394339 0.114025 -0.115038 -0.000086 0.282987 0.279488 -36.394339 -0.114025 0.115038 0.000086 0.137776 0.137569  
 3 3 7  36.067845 0.114381 -0.114523 -0.000086 0.281824 0.280542 -36.067845 -0.114381 0.114523 0.000086 0.137054 0.137817  
 4 4 8  35.605729 0.113998 -0.114914 -0.000086 0.282958 0.279668 -35.605729 -0.113998 0.114914 0.000086 0.137350 0.137289  
 5 5 10  23.933490 0.087182 -0.077517 -0.000029 0.139000 0.134676 -23.933490 -0.087182 0.077517 0.000029 0.144527 0.184199  
 6 6 11  24.214356 0.087339 -0.077531 -0.000029 0.139057 0.134973 -24.214356 -0.087339 0.077531 0.000029 0.144518 0.184479  
 7 7 12  24.066459 0.087316 -0.077355 -0.000029 0.138758 0.134821 -24.066459 -0.087316 0.077355 0.000029 0.144175 0.184546  
 8 8 13  23.785694 0.087174 -0.077355 -0.000029 0.138697 0.134547 -23.785694 -0.087174 0.077355 0.000029 0.144236 0.184301  
 9 10 15  11.962470 0.011174 -0.077564 -0.000007 0.117567 -0.010794 -11.962470 -0.011174 0.077564 0.000007 0.166129 0.051664  
 10 11 16  12.071465 0.011220 -0.077559 -0.000007 0.117574 -0.010718 -12.071465 -0.011220 0.077559 0.000007 0.166107 0.051756  
 11 12 17  12.037504 0.011209 -0.077509 -0.000007 0.117491 -0.010768 -12.037504 -0.011209 0.077509 0.000007 0.166007 0.051768  
 12 13 18  11.928560 0.011166 -0.077516 -0.000007 0.117488 -0.010840 -11.928560 -0.011166 0.077516 0.000007 0.166033 0.051681  
 13 5 6  0.000000 0.090688 0.000000 0.000455 -0.000000 0.276498 0.000000 -0.090688 -0.000000 -0.000455 -0.000000 0.276336  
 14 6 7  0.000000 -0.089294 0.000000 -0.000498 -0.000000 -0.272087 0.000000 0.089294 -0.000000 0.000498 -0.000000 -0.272250  
 15 7 8  0.000000 0.090679 -0.000000 0.000388 0.000000 0.276310 0.000000 -0.090679 0.000000 -0.000388 0.000000 0.276472  
 16 8 5  0.000000 -0.089286 -0.000000 -0.000425 0.000000 -0.272224 0.000000 0.089286 0.000000 0.000425 0.000000 -0.272062  
 17 10 11  0.000000 0.085930 -0.000000 0.000159 0.000000 0.261928 0.000000 -0.085930 0.000000 -0.000159 0.000000 0.261898  
 18 11 12  0.000000 -0.056962 -0.000000 -0.000194 0.000000 -0.173602 0.000000 0.056962 0.000000 0.000194 0.000000 -0.173638  
 19 12 13  0.000000 0.085917 0.000000 0.000139 -0.000000 0.261860 0.000000 -0.085917 -0.000000 -0.000139 -0.000000 0.261890  
 20 13 10  0.000000 -0.056949 0.000000 -0.000166 -0.000000 -0.173600 0.000000 0.056949 -0.000000 0.000166 -0.000000 -0.173564  
 21 15 16  0.000000 0.054491 -0.000000 0.000026 0.000000 0.166101 0.000000 -0.054491 0.000000 -0.000026 0.000000 0.166076  
 22 16 17  0.000000 -0.016974 -0.000000 -0.000031 0.000000 -0.051729 0.000000 0.016974 0.000000 0.000031 0.000000 -0.051744  
 23 17 18  0.000000 0.054478 0.000000 0.000024 -0.000000 0.166038 0.000000 -0.054478 -0.000000 -0.000024 -0.000000 0.166062  
 24 18 15  0.000000 -0.016961 0.000000 -0.000029 -0.000000 -0.051705 0.000000 0.016961 -0.000000 0.000029 -0.000000 -0.051691  
