 1 1 5  37.400212 7.043576 -6.160559 0.281675 13.910369 16.326848 -37.400212 -7.043576 6.160559 -0.281675 8.622494 9.435735  
 2 2 6  61.835451 8.060324 -6.566656 0.281675 15.151196 18.547837 -61.835451 -8.060324 6.566656 -0.281675 8.867005 10.933605  
 3 3 7  34.119122 7.380724 -5.676906 0.281675 13.195078 16.545795 -34.119122 -7.380724 5.676906 -0.281675 7.568773 10.449941  
 4 4 8  10.645215 6.004281 -5.026770 0.281675 11.428024 13.578123 -10.645215 -6.004281 5.026770 -0.281675 6.957891 8.383135  
 5 5 10  24.452569 5.571767 -5.342196 0.127965 9.388108 9.465222 -24.452569 -5.571767 5.342196 -0.127965 10.151508 10.914071  
 6 6 11  37.801140 6.174057 -5.333006 0.127965 9.182877 10.400718 -37.801140 -6.174057 5.333006 -0.127965 10.323126 12.181514  
 7 7 12  23.170402 6.185335 -4.777487 0.127965 8.287753 10.798685 -23.170402 -6.185335 4.777487 -0.127965 9.186384 11.824798  
 8 8 13  10.575888 5.317154 -4.595175 0.127965 8.077654 9.270947 -10.575888 -5.317154 4.595175 -0.127965 8.729659 10.177076  
 9 10 15  12.010276 2.734201 -2.889862 -0.011675 4.193920 3.678895 -12.010276 -2.734201 2.889862 0.011675 6.376040 6.321719  
 10 11 16  16.261972 2.933785 -2.883853 -0.011675 4.084883 3.933250 -16.261972 -2.933785 2.883853 0.011675 6.463099 6.797361  
 11 12 17  11.799516 2.983914 -2.673593 -0.011675 3.767848 4.212352 -11.799516 -2.983914 2.673593 0.011675 6.011087 6.701611  
 12 13 18  7.928235 2.774487 -2.675790 -0.011675 3.878361 3.925030 -7.928235 -2.774487 2.675790 0.011675 5.908609 6.222935  
 13 5 6  0.000000 5.517425 0.000000 1.137712 -0.000000 16.602045 0.000000 -5.517425 -0.000000 -1.137712 -0.000000 17.032175  
 14 6 7  0.000000 -6.516886 0.000000 -1.017706 -0.000000 -20.196612 0.000000 6.516886 -0.000000 1.017706 -0.000000 -19.530326  
 15 7 8  0.000000 5.465606 -0.000000 1.718300 0.000000 16.874232 0.000000 -5.465606 0.000000 -1.718300 0.000000 16.444102  
 16 8 5  0.000000 -6.465067 -0.000000 -1.408556 0.000000 -19.372383 0.000000 6.465067 0.000000 1.408556 0.000000 -20.038668  
 17 10 11  0.000000 4.501732 -0.000000 0.618541 0.000000 13.619081 0.000000 -4.501732 0.000000 -0.618541 0.000000 13.823478  
 18 11 12  0.000000 -5.037436 -0.000000 -0.584531 0.000000 -15.496222 0.000000 5.037436 0.000000 0.584531 0.000000 -15.211986  
 19 12 13  0.000000 4.408322 0.000000 0.825165 -0.000000 13.538763 0.000000 -4.408322 -0.000000 -0.825165 -0.000000 13.334366  
 20 13 10  0.000000 -4.944025 0.000000 -0.726346 -0.000000 -14.927271 0.000000 4.944025 -0.000000 0.726346 -0.000000 -15.211507  
 21 15 16  0.000000 2.078296 -0.000000 0.092883 0.000000 6.287262 0.000000 -2.078296 0.000000 -0.092883 0.000000 6.382031  
 22 16 17  0.000000 -2.183676 -0.000000 -0.081068 0.000000 -6.704478 0.000000 2.183676 0.000000 0.081068 0.000000 -6.607211  
 23 17 18  0.000000 1.983192 0.000000 0.094400 -0.000000 6.092155 0.000000 -1.983192 -0.000000 -0.094400 -0.000000 5.997386  
 24 18 15  0.000000 -2.088572 0.000000 -0.088777 -0.000000 -6.317335 0.000000 2.088572 -0.000000 0.088777 -0.000000 -6.414602  
