 1 1 5  39.774816 1.185012 1.238676 0.004044 -2.985542 2.895494 -39.774816 -1.185012 -1.238676 -0.004044 -1.545038 1.438805  
 2 2 6  36.409313 1.178163 1.234456 0.004044 -2.972367 2.878318 -36.409313 -1.178163 -1.234456 -0.004044 -1.542781 1.430929  
 3 3 7  32.225976 1.165953 1.219119 0.004044 -2.932156 2.842529 -32.225976 -1.165953 -1.219119 -0.004044 -1.526893 1.422061  
 4 4 8  35.589894 1.178593 1.229218 0.004044 -2.961541 2.875706 -35.589894 -1.178593 -1.229218 -0.004044 -1.534447 1.435114  
 5 5 10  25.939190 0.814932 0.825478 0.001832 -1.250561 1.373964 -25.939190 -0.814932 -0.825478 -0.001832 -1.768707 1.606731  
 6 6 11  24.403231 0.813076 0.826444 0.001832 -1.254583 1.371908 -24.403231 -0.813076 -0.826444 -0.001832 -1.768217 1.602001  
 7 7 12  22.061357 0.813056 0.822434 0.001832 -1.249924 1.375548 -22.061357 -0.813056 -0.822434 -0.001832 -1.758209 1.598286  
 8 8 13  23.596222 0.815802 0.822481 0.001832 -1.247179 1.378725 -23.596222 -0.815802 -0.822481 -0.001832 -1.761128 1.605153  
 9 10 15  12.602214 0.538090 0.158198 0.001201 0.008004 0.715557 -12.602214 -0.538090 -0.158198 -0.001201 -0.586630 1.252562  
 10 11 16  12.218550 0.537215 0.158639 0.001201 0.006624 0.714553 -12.218550 -0.537215 -0.158639 -0.001201 -0.586860 1.250366  
 11 12 17  11.398068 0.537106 0.156511 0.001201 0.008897 0.716133 -11.398068 -0.537106 -0.156511 -0.001201 -0.581353 1.248387  
 12 13 18  11.781168 0.538514 0.156466 0.001201 0.009960 0.717607 -11.781168 -0.538514 -0.156466 -0.001201 -0.582252 1.252063  
 13 5 6  0.000000 -0.914711 -0.000000 -0.004778 0.000000 -2.788800 0.000000 0.914711 0.000000 0.004778 0.000000 -2.787278  
 14 6 7  0.000000 -0.920793 -0.000000 0.010085 0.000000 -2.807615 0.000000 0.920793 0.000000 -0.010085 0.000000 -2.805536  
 15 7 8  0.000000 -0.914588 0.000000 -0.007927 -0.000000 -2.786902 0.000000 0.914588 -0.000000 0.007927 -0.000000 -2.788424  
 16 8 5  0.000000 -0.920916 0.000000 0.006799 -0.000000 -2.805912 0.000000 0.920916 -0.000000 -0.006799 -0.000000 -2.807991  
 17 10 11  0.000000 -0.576081 0.000000 -0.002666 -0.000000 -1.756137 0.000000 0.576081 -0.000000 0.002666 -0.000000 -1.755654  
 18 11 12  0.000000 -0.760762 0.000000 0.005939 -0.000000 -2.319219 0.000000 0.760762 -0.000000 -0.005939 -0.000000 -2.318388  
 19 12 13  0.000000 -0.575949 -0.000000 -0.003970 0.000000 -1.755251 0.000000 0.575949 0.000000 0.003970 0.000000 -1.755734  
 20 13 10  0.000000 -0.760895 -0.000000 0.004566 0.000000 -2.318791 0.000000 0.760895 0.000000 -0.004566 0.000000 -2.319622  
 21 15 16  0.000000 -0.191761 -0.000000 -0.000883 0.000000 -0.584656 0.000000 0.191761 0.000000 0.000883 0.000000 -0.584322  
 22 16 17  0.000000 -0.410311 -0.000000 0.002539 0.000000 -1.251249 0.000000 0.410311 0.000000 -0.002539 0.000000 -1.250010  
 23 17 18  0.000000 -0.191620 0.000000 -0.001623 -0.000000 -0.583892 0.000000 0.191620 -0.000000 0.001623 -0.000000 -0.584226  
 24 18 15  0.000000 -0.410452 0.000000 0.001974 -0.000000 -1.250440 0.000000 0.410452 -0.000000 -0.001974 -0.000000 -1.251679  
