 1 1 5  46.438510 1.740547 7.322181 -0.605345 -16.937123 3.340100 -46.438510 -1.740547 -7.322181 0.605345 -9.844486 3.026124  
 2 2 6  23.283722 1.449033 6.457844 -0.605345 -14.548595 2.858666 -23.283722 -1.449033 -6.457844 0.605345 -9.071614 2.441319  
 3 3 7  25.520878 1.500552 6.588897 -0.605345 -14.837577 2.972568 -25.520878 -1.500552 -6.588897 0.605345 -9.261973 2.515851  
 4 4 8  48.756889 1.789023 7.405566 -0.605345 -17.127756 3.450787 -48.756889 -1.789023 -7.405566 0.605345 -9.958842 3.092744  
 5 5 10  27.996969 -0.450986 5.324127 -0.192993 -8.603838 -1.574345 -27.996969 0.450986 -5.324127 0.192993 -10.869687 -0.075181  
 6 6 11  16.870618 -0.400185 5.177958 -0.192993 -8.724500 -1.300801 -16.870618 0.400185 -5.177958 0.192993 -10.214400 -0.162915  
 7 7 12  19.969181 -0.401157 5.379903 -0.192993 -9.031149 -1.369782 -19.969181 0.401157 -5.379903 0.192993 -10.646386 -0.097490  
 8 8 13  31.163233 -0.453434 5.478535 -0.192993 -8.870163 -1.621190 -31.163233 0.453434 -5.478535 0.192993 -11.168127 -0.037289  
 9 10 15  12.726330 -1.327922 1.644886 0.090162 -1.534755 -2.486750 -12.726330 1.327922 -1.644886 -0.090162 -4.481579 -2.370258  
 10 11 16  9.766667 -1.208694 1.733113 0.090162 -1.909128 -2.214146 -9.766667 1.208694 -1.733113 -0.090162 -4.429906 -2.206775  
 11 12 17  11.256045 -1.233659 1.796737 0.090162 -1.967492 -2.286487 -11.256045 1.233659 -1.796737 -0.090162 -4.604254 -2.225743  
 12 13 18  14.250958 -1.348468 1.696980 0.090162 -1.573067 -2.548240 -14.250958 1.348468 -1.696980 -0.090162 -4.633808 -2.383916  
 13 5 6  0.000000 -6.015909 -0.000000 -0.160783 0.000000 -18.633513 0.000000 6.015909 0.000000 0.160783 0.000000 -18.039466  
 14 6 7  0.000000 -0.429013 0.000000 -0.243353 -0.000000 -1.301301 0.000000 0.429013 -0.000000 0.243353 -0.000000 -1.313963  
 15 7 8  0.000000 -6.019289 0.000000 -0.167894 -0.000000 -18.049770 0.000000 6.019289 -0.000000 0.167894 -0.000000 -18.643817  
 16 8 5  0.000000 -0.425633 -0.000000 -0.185188 0.000000 -1.303659 0.000000 0.425633 0.000000 0.185188 0.000000 -1.290997  
 17 10 11  0.000000 -4.087400 0.000000 0.080071 -0.000000 -12.560454 0.000000 4.087400 -0.000000 -0.080071 -0.000000 -12.356339  
 18 11 12  0.000000 0.808649 0.000000 -0.232811 -0.000000 2.457132 0.000000 -0.808649 -0.000000 0.232811 -0.000000 2.472389  
 19 12 13  0.000000 -4.095513 -0.000000 0.088412 0.000000 -12.381067 0.000000 4.095513 0.000000 -0.088412 0.000000 -12.585182  
 20 13 10  0.000000 0.816761 -0.000000 -0.156012 0.000000 2.497117 0.000000 -0.816761 0.000000 0.156012 0.000000 2.481860  
 21 15 16  0.000000 -1.484238 -0.000000 0.068312 0.000000 -4.544264 0.000000 1.484238 0.000000 -0.068312 0.000000 -4.503650  
 22 16 17  0.000000 0.749096 -0.000000 -0.073745 0.000000 2.275087 0.000000 -0.749096 0.000000 0.073745 0.000000 2.291400  
 23 17 18  0.000000 -1.493050 0.000000 0.065657 -0.000000 -4.530510 0.000000 1.493050 -0.000000 -0.065657 -0.000000 -4.571123  
 24 18 15  0.000000 0.757908 0.000000 -0.062685 -0.000000 2.318259 0.000000 -0.757908 -0.000000 0.062685 -0.000000 2.301946  
