 1 1 5  34.000283 0.634404 -2.357490 -0.011733 5.503092 1.539602 -34.000283 -0.634404 2.357490 0.011733 3.119664 0.780794  
 2 2 6  42.020861 0.644804 -2.397862 -0.011733 5.633990 1.578370 -42.020861 -0.644804 2.397862 0.011733 3.136431 0.780066  
 3 3 7  37.996450 0.656920 -2.389588 -0.011733 5.597964 1.606871 -37.996450 -0.656920 2.389588 0.011733 3.142194 0.795881  
 4 4 8  29.982405 0.637994 -2.321039 -0.011733 5.405218 1.554655 -29.982405 -0.637994 2.321039 0.011733 3.084213 0.778872  
 5 5 10  23.087341 0.457958 -1.188793 0.003378 2.004783 1.014541 -23.087341 -0.457958 1.188793 -0.003378 2.343346 0.660486  
 6 6 11  27.754643 0.456753 -1.168290 0.003378 1.969437 1.013720 -27.754643 -0.456753 1.168290 -0.003378 2.303701 0.656898  
 7 7 12  24.910127 0.462731 -1.174097 0.003378 1.980063 1.015294 -24.910127 -0.462731 1.174097 -0.003378 2.314314 0.677191  
 8 8 13  20.247889 0.460203 -1.186097 0.003378 2.000313 1.008993 -20.247889 -0.460203 1.186097 -0.003378 2.337954 0.674245  
 9 10 15  11.731186 0.984458 -1.319203 0.009567 2.081319 1.733248 -11.731186 -0.984458 1.319203 -0.009567 2.743797 1.867506  
 10 11 16  13.516580 1.028743 -1.335823 0.009567 2.117004 1.814614 -13.516580 -1.028743 1.335823 -0.009567 2.768902 1.948118  
 11 12 17  12.267356 1.019971 -1.299466 0.009567 2.054799 1.794124 -12.267356 -1.019971 1.299466 -0.009567 2.698129 1.936522  
 12 13 18  10.484878 0.973804 -1.277660 0.009567 2.009127 1.707549 -10.484878 -0.973804 1.277660 -0.009567 2.664044 1.854235  
 13 5 6  0.000000 1.676455 0.000000 -0.001334 -0.000000 5.105046 0.000000 -1.676455 -0.000000 0.001334 -0.000000 5.114622  
 14 6 7  0.000000 -0.589764 -0.000000 0.008755 0.000000 -1.795121 0.000000 0.589764 0.000000 -0.008755 0.000000 -1.800080  
 15 7 8  0.000000 1.676087 -0.000000 0.011095 0.000000 5.113502 0.000000 -1.676087 0.000000 -0.011095 0.000000 5.103926  
 16 8 5  0.000000 -0.589396 0.000000 -0.019401 -0.000000 -1.798960 0.000000 0.589396 -0.000000 0.019401 -0.000000 -1.794001  
 17 10 11  0.000000 1.440686 -0.000000 0.038071 0.000000 4.386691 0.000000 -1.440686 0.000000 -0.038071 0.000000 4.395728  
 18 11 12  0.000000 -0.797378 -0.000000 -0.024977 0.000000 -2.433442 0.000000 0.797378 0.000000 0.024977 0.000000 -2.427373  
 19 12 13  0.000000 1.440148 0.000000 0.043942 -0.000000 4.394091 0.000000 -1.440148 -0.000000 -0.043942 -0.000000 4.385054  
 20 13 10  0.000000 -0.796841 0.000000 -0.037973 -0.000000 -2.425736 0.000000 0.796841 -0.000000 0.037973 -0.000000 -2.431804  
 21 15 16  0.000000 0.892332 -0.000000 0.039195 0.000000 2.705031 0.000000 -0.892332 0.000000 -0.039195 0.000000 2.734627  
 22 16 17  0.000000 -0.624247 0.000000 -0.034275 -0.000000 -1.908923 0.000000 0.624247 -0.000000 0.034275 -0.000000 -1.896489  
 23 17 18  0.000000 0.891603 0.000000 0.040033 -0.000000 2.732405 0.000000 -0.891603 -0.000000 -0.040033 -0.000000 2.702809  
 24 18 15  0.000000 -0.623518 -0.000000 -0.038766 0.000000 -1.894268 0.000000 0.623518 0.000000 0.038766 0.000000 -1.906701  
