 1 1 5  32.548506 -1.041390 -1.281644 -0.004314 3.140774 -2.468880 -32.548506 1.041390 1.281644 0.004314 1.546966 -1.340106  
 2 2 6  36.739194 -1.053222 -1.291866 -0.004314 3.170454 -2.499691 -36.739194 1.053222 1.291866 0.004314 1.554676 -1.352575  
 3 3 7  39.452018 -1.056181 -1.296760 -0.004314 3.182731 -2.508819 -39.452018 1.056181 1.296760 0.004314 1.560300 -1.354270  
 4 4 8  35.260283 -1.048179 -1.290923 -0.004314 3.164990 -2.488641 -35.260283 1.048179 1.290923 0.004314 1.556689 -1.345179  
 5 5 10  22.307124 -0.599598 -0.970162 -0.001677 1.571412 -0.886535 -22.307124 0.599598 0.970162 0.001677 1.977053 -1.306556  
 6 6 11  24.447239 -0.602801 -0.970261 -0.001677 1.568120 -0.890176 -24.447239 0.602801 0.970261 0.001677 1.980708 -1.314629  
 7 7 12  25.693236 -0.602018 -0.971428 -0.001677 1.569365 -0.887281 -25.693236 0.602018 0.971428 0.001677 1.983732 -1.314661  
 8 8 13  23.552400 -0.599695 -0.972321 -0.001677 1.573762 -0.884661 -23.552400 0.599695 0.972321 0.001677 1.982600 -1.308783  
 9 10 15  11.511134 -0.160355 -0.350301 -0.000396 0.306561 -0.072086 -11.511134 0.160355 0.350301 0.000396 0.974701 -0.514430  
 10 11 16  12.150824 -0.160944 -0.349873 -0.000396 0.304875 -0.072767 -12.150824 0.160944 0.349873 0.000396 0.974822 -0.515902  
 11 12 17  12.489045 -0.160715 -0.350178 -0.000396 0.305229 -0.071933 -12.489045 0.160715 0.350178 0.000396 0.975582 -0.515897  
 12 13 18  11.848998 -0.160148 -0.350633 -0.000396 0.306944 -0.071281 -11.848998 0.160148 0.350633 0.000396 0.975532 -0.514477  
 13 5 6  0.000000 1.025327 -0.000000 -0.007931 0.000000 3.124290 0.000000 -1.025327 0.000000 0.007931 0.000000 3.126106  
 14 6 7  0.000000 0.733373 -0.000000 0.003310 0.000000 2.234821 0.000000 -0.733373 0.000000 -0.003310 0.000000 2.235820  
 15 7 8  0.000000 1.025409 0.000000 -0.005731 -0.000000 3.126354 0.000000 -1.025409 -0.000000 0.005731 -0.000000 3.124538  
 16 8 5  0.000000 0.733291 0.000000 0.005912 -0.000000 2.235571 0.000000 -0.733291 -0.000000 -0.005912 -0.000000 2.234572  
 17 10 11  0.000000 0.750258 -0.000000 -0.004238 0.000000 2.286440 0.000000 -0.750258 0.000000 0.004238 0.000000 2.287134  
 18 11 12  0.000000 0.453843 -0.000000 0.001550 0.000000 1.383157 0.000000 -0.453843 0.000000 -0.001550 0.000000 1.383467  
 19 12 13  0.000000 0.750349 0.000000 -0.003127 -0.000000 2.287410 0.000000 -0.750349 -0.000000 0.003127 -0.000000 2.286717  
 20 13 10  0.000000 0.453752 0.000000 0.002826 -0.000000 1.383190 0.000000 -0.453752 -0.000000 -0.002826 -0.000000 1.382881  
 21 15 16  0.000000 0.319889 0.000000 -0.000600 -0.000000 0.974980 0.000000 -0.319889 -0.000000 0.000600 -0.000000 0.975066  
 22 16 17  0.000000 0.169066 -0.000000 0.000244 0.000000 0.515302 0.000000 -0.169066 0.000000 -0.000244 0.000000 0.515323  
 23 17 18  0.000000 0.319979 -0.000000 -0.000574 0.000000 0.975338 0.000000 -0.319979 0.000000 0.000574 0.000000 0.975253  
 24 18 15  0.000000 0.168976 0.000000 0.000279 -0.000000 0.515051 0.000000 -0.168976 -0.000000 -0.000279 -0.000000 0.515029  
