 1 1 5  28.503320 -4.718674 -2.688315 -0.595181 6.862744 -9.936580 -28.503320 4.718674 2.688315 0.595181 2.970036 -7.322443  
 2 2 6  39.639832 -5.232674 -2.759146 -0.595181 7.200700 -10.956952 -39.639832 5.232674 2.759146 0.595181 2.891152 -8.182076  
 3 3 7  43.508952 -5.304450 -2.857855 -0.595181 7.438213 -11.117993 -43.508952 5.304450 2.857855 0.595181 3.014677 -8.283563  
 4 4 8  32.347895 -4.833922 -2.793072 -0.595181 7.137508 -10.179458 -32.347895 4.833922 2.793072 0.595181 3.078433 -7.501094  
 5 5 10  22.583477 -0.917485 -4.488761 -0.167424 7.533821 -0.238994 -22.583477 0.917485 4.488761 0.167424 8.884272 -3.116801  
 6 6 11  26.810845 -0.954484 -4.590482 -0.167424 7.688774 -0.214955 -26.810845 0.954484 4.590482 0.167424 9.101372 -3.276166  
 7 7 12  25.423508 -0.903279 -4.522260 -0.167424 7.571028 -0.116098 -25.423508 0.903279 4.522260 0.167424 8.969589 -3.187735  
 8 8 13  21.182170 -0.865119 -4.412437 -0.167424 7.402453 -0.151908 -21.182170 0.865119 4.412437 0.167424 8.736476 -3.012352  
 9 10 15  12.727719 1.462898 0.658494 0.007263 -2.469532 3.085204 -12.727719 -1.462898 -0.658494 -0.007263 0.061026 2.265493  
 10 11 16  12.745356 1.453088 0.706424 0.007263 -2.614516 3.060062 -12.745356 -1.453088 -0.706424 -0.007263 0.030698 2.254752  
 11 12 17  11.275809 1.420679 0.691484 0.007263 -2.532478 2.972403 -11.275809 -1.420679 -0.691484 -0.007263 0.003307 2.223874  
 12 13 18  11.251115 1.430187 0.644575 0.007263 -2.391590 2.995305 -11.251115 -1.430187 -0.644575 -0.007263 0.033993 2.235749  
 13 5 6  0.000000 3.455894 0.000000 -0.413768 -0.000000 10.488342 0.000000 -3.455894 -0.000000 0.413768 -0.000000 10.578787  
 14 6 7  0.000000 2.626907 0.000000 -0.001139 -0.000000 7.983263 0.000000 -2.626907 -0.000000 0.001139 -0.000000 8.030361  
 15 7 8  0.000000 3.458537 -0.000000 -0.369301 0.000000 10.586844 0.000000 -3.458537 0.000000 0.369301 0.000000 10.496400  
 16 8 5  0.000000 2.624263 -0.000000 -0.015514 0.000000 8.022303 0.000000 -2.624263 0.000000 0.015514 0.000000 7.975205  
 17 10 11  0.000000 2.105730 -0.000000 -0.089620 0.000000 6.377179 0.000000 -2.105730 0.000000 0.089620 0.000000 6.459349  
 18 11 12  0.000000 0.040241 -0.000000 -0.027507 0.000000 0.126484 0.000000 -0.040241 0.000000 0.027507 0.000000 0.118824  
 19 12 13  0.000000 2.107458 0.000000 -0.096508 -0.000000 6.464617 0.000000 -2.107458 -0.000000 0.096508 -0.000000 6.382447  
 20 13 10  0.000000 0.038512 0.000000 -0.037561 -0.000000 0.113556 0.000000 -0.038512 -0.000000 0.037561 -0.000000 0.121216  
 21 15 16  0.000000 0.009701 0.000000 -0.002682 -0.000000 0.044821 0.000000 -0.009701 -0.000000 0.002682 -0.000000 0.014314  
 22 16 17  0.000000 -0.735656 -0.000000 -0.016384 0.000000 -2.257434 0.000000 0.735656 0.000000 0.016384 0.000000 -2.227123  
 23 17 18  0.000000 0.011465 -0.000000 -0.003249 0.000000 0.019691 0.000000 -0.011465 0.000000 0.003249 0.000000 0.050198  
 24 18 15  0.000000 -0.737420 0.000000 -0.016205 -0.000000 -2.232500 0.000000 0.737420 -0.000000 0.016205 -0.000000 -2.262811  
