 1 1 5  35.731591 0.132244 -1.442077 -0.003330 2.104673 -0.148915 -35.731591 -0.132244 1.442077 0.003330 3.169868 0.632611  
 2 2 6  30.936137 0.075469 -1.357746 -0.003330 1.927075 -0.275499 -30.936137 -0.075469 1.357746 0.003330 3.039017 0.551534  
 3 3 7  36.266318 0.130997 -1.411833 -0.003330 2.045551 -0.141317 -36.266318 -0.130997 1.411833 0.003330 3.118371 0.620451  
 4 4 8  41.065954 0.185594 -1.494987 -0.003330 2.222336 -0.018828 -41.065954 -0.185594 1.494987 0.003330 3.245730 0.697656  
 5 5 10  23.529145 -0.887437 2.613817 -0.147999 -5.193731 -2.110653 -23.529145 0.887437 -2.613817 0.147999 -4.366566 -1.135237  
 6 6 11  20.109023 -0.854108 2.536689 -0.147999 -5.032327 -2.036116 -20.109023 0.854108 -2.536689 0.147999 -4.245867 -1.087869  
 7 7 12  24.468188 -0.868189 2.679594 -0.147999 -5.302932 -2.100621 -24.468188 0.868189 -2.679594 0.147999 -4.497949 -1.074866  
 8 8 13  27.893644 -0.899418 2.729698 -0.147999 -5.424510 -2.170667 -27.893644 0.899418 -2.729698 0.147999 -4.559634 -1.119044  
 9 10 15  11.392503 -1.517927 0.204904 0.024556 0.285537 -2.638166 -11.392503 1.517927 -0.204904 -0.024556 -1.034995 -2.913805  
 10 11 16  10.699843 -1.491457 0.223710 0.024556 0.222190 -2.590149 -10.699843 1.491457 -0.223710 -0.024556 -1.040431 -2.865003  
 11 12 17  12.606007 -1.515289 0.232365 0.024556 0.231793 -2.637872 -12.606007 1.515289 -0.232365 -0.024556 -1.081690 -2.904448  
 12 13 18  13.301648 -1.537420 0.212628 0.024556 0.296715 -2.677461 -13.301648 1.537420 -0.212628 -0.024556 -1.074424 -2.945806  
 13 5 6  0.000000 -0.687522 -0.000000 -0.002831 0.000000 -2.101760 0.000000 0.687522 0.000000 0.002831 0.000000 -2.089374  
 14 6 7  0.000000 0.485364 -0.000000 -0.096064 0.000000 1.481751 0.000000 -0.485364 0.000000 0.096064 0.000000 1.477029  
 15 7 8  0.000000 -0.687234 0.000000 -0.003141 -0.000000 -2.088497 0.000000 0.687234 -0.000000 0.003141 -0.000000 -2.100883  
 16 8 5  0.000000 0.485076 0.000000 -0.077897 -0.000000 1.476152 0.000000 -0.485076 -0.000000 0.077897 -0.000000 1.480873  
 17 10 11  0.000000 -1.364025 0.000000 0.046796 -0.000000 -4.171077 0.000000 1.364025 -0.000000 -0.046796 -0.000000 -4.144020  
 18 11 12  0.000000 1.226794 0.000000 -0.120343 -0.000000 3.724814 0.000000 -1.226794 -0.000000 0.120343 -0.000000 3.753725  
 19 12 13  0.000000 -1.364613 -0.000000 0.040988 0.000000 -4.145813 0.000000 1.364613 0.000000 -0.040988 0.000000 -4.172870  
 20 13 10  0.000000 1.227383 -0.000000 -0.090049 0.000000 3.755518 0.000000 -1.227383 0.000000 0.090049 0.000000 3.726607  
 21 15 16  0.000000 -0.346702 0.000000 0.023265 -0.000000 -1.053574 0.000000 0.346702 -0.000000 -0.023265 -0.000000 -1.059924  
 22 16 17  0.000000 0.953454 0.000000 -0.019493 -0.000000 2.888268 0.000000 -0.953454 -0.000000 0.019493 -0.000000 2.923991  
 23 17 18  0.000000 -0.347448 -0.000000 0.019543 0.000000 -1.062196 0.000000 0.347448 0.000000 -0.019543 0.000000 -1.055846  
 24 18 15  0.000000 0.954200 -0.000000 -0.018579 0.000000 2.926263 0.000000 -0.954200 0.000000 0.018579 0.000000 2.890540  
