 1 1 5  38.386565 -4.286322 5.598250 -0.260839 -13.391660 -10.178399 -38.386565 4.286322 -5.598250 0.260839 -7.084500 -5.499251  
 2 2 6  14.215740 -3.511601 4.741370 -0.260839 -11.127231 -8.439993 -14.215740 3.511601 -4.741370 0.260839 -6.214804 -4.404041  
 3 3 7  33.264097 -3.870551 5.810832 -0.260839 -13.395900 -9.538233 -33.264097 3.870551 -5.810832 0.260839 -7.857799 -4.618696  
 4 4 8  58.133598 -4.455548 6.230815 -0.260839 -14.850198 -10.886006 -58.133598 4.455548 -6.230815 0.260839 -7.939630 -5.410607  
 5 5 10  25.374690 -5.431947 5.536295 0.111242 -9.638034 -9.595795 -25.374690 5.431947 -5.536295 -0.111242 -10.611519 -10.272094  
 6 6 11  12.455277 -4.725123 5.285416 0.111242 -9.367509 -8.368124 -12.455277 4.725123 -5.285416 -0.111242 -9.964428 -8.914488  
 7 7 12  22.344693 -4.969132 5.939996 0.111242 -10.546934 -8.752090 -22.344693 4.969132 -5.939996 -0.111242 -11.179195 -9.423007  
 8 8 13  35.825340 -5.499241 5.972661 0.111242 -10.358323 -9.603224 -35.825340 5.499241 -5.972661 -0.111242 -11.487283 -10.510801  
 9 10 15  12.555416 -1.652825 2.454255 -0.067000 -3.144078 -1.863039 -12.555416 1.652825 -2.454255 0.067000 -5.832606 -4.182334  
 10 11 16  8.798887 -1.534298 2.477997 -0.067000 -3.338753 -1.741519 -8.798887 1.534298 -2.477997 0.067000 -5.724768 -3.870330  
 11 12 17  11.303361 -1.480409 2.637443 -0.067000 -3.591984 -1.524470 -11.303361 1.480409 -2.637443 0.067000 -6.054726 -3.890275  
 12 13 18  15.342336 -1.586878 2.607732 -0.067000 -3.389445 -1.618934 -15.342336 1.586878 -2.607732 0.067000 -6.148596 -4.185231  
 13 5 6  0.000000 -5.642887 -0.000000 1.109076 0.000000 -17.457879 0.000000 5.642887 0.000000 -1.109076 0.000000 -16.941158  
 14 6 7  0.000000 4.596651 -0.000000 -1.358845 0.000000 13.881240 0.000000 -4.596651 0.000000 1.358845 0.000000 14.139944  
 15 7 8  0.000000 -5.677247 0.000000 0.769158 -0.000000 -17.045888 0.000000 5.677247 -0.000000 -0.769158 -0.000000 -17.562609  
 16 8 5  0.000000 4.631011 0.000000 -0.735344 -0.000000 14.244674 0.000000 -4.631011 -0.000000 0.735344 -0.000000 13.985970  
 17 10 11  0.000000 -4.616291 -0.000000 0.633346 0.000000 -14.209945 0.000000 4.616291 0.000000 -0.633346 0.000000 -13.930962  
 18 11 12  0.000000 3.727320 -0.000000 -0.627781 0.000000 11.289352 0.000000 -3.727320 0.000000 0.627781 0.000000 11.432388  
 19 12 13  0.000000 -4.685987 0.000000 0.484912 -0.000000 -14.143398 0.000000 4.685987 -0.000000 -0.484912 -0.000000 -14.422380  
 20 13 10  0.000000 3.797016 0.000000 -0.454348 -0.000000 11.644823 0.000000 -3.797016 -0.000000 0.454348 -0.000000 11.501788  
 21 15 16  0.000000 -1.913570 0.000000 0.048390 -0.000000 -5.882988 0.000000 1.913570 -0.000000 -0.048390 -0.000000 -5.782135  
 22 16 17  0.000000 1.287543 -0.000000 -0.057367 0.000000 3.918720 0.000000 -1.287543 0.000000 0.057367 0.000000 3.930141  
 23 17 18  0.000000 -1.984182 -0.000000 0.039865 0.000000 -5.997360 0.000000 1.984182 0.000000 -0.039865 0.000000 -6.098213  
 24 18 15  0.000000 1.358154 0.000000 -0.050383 -0.000000 4.145365 0.000000 -1.358154 -0.000000 0.050383 -0.000000 4.133944  
