 1 1 5  36.171351 1.690242 -2.476696 -0.062389 6.099506 4.414981 -36.171351 -1.690242 2.476696 0.062389 2.959256 1.767250  
 2 2 6  47.793487 1.792856 -2.507199 -0.062389 6.307925 4.684277 -47.793487 -1.792856 2.507199 0.062389 2.862405 1.873274  
 3 3 7  35.798128 1.768144 -2.376975 -0.062389 5.964993 4.507499 -35.798128 -1.768144 2.376975 0.062389 2.729029 1.959664  
 4 4 8  24.237034 1.613652 -2.267940 -0.062389 5.571977 4.115271 -24.237034 -1.613652 2.267940 0.062389 2.723242 1.786823  
 5 5 10  24.615264 1.953762 -2.562874 -0.110238 4.613513 3.951318 -24.615264 -1.953762 2.562874 0.110238 4.760454 3.194760  
 6 6 11  31.480627 2.115672 -2.606357 -0.110238 4.683314 4.263456 -31.480627 -2.115672 2.606357 0.110238 4.849696 3.474826  
 7 7 12  23.359538 2.091489 -2.382347 -0.110238 4.279326 4.183019 -23.359538 -2.091489 2.382347 0.110238 4.434347 3.466810  
 8 8 13  16.544570 1.893191 -2.282008 -0.110238 4.114752 3.800294 -16.544570 -1.893191 2.282008 0.110238 4.231922 3.124241  
 9 10 15  12.454946 2.428820 -1.659130 0.041619 2.448472 4.036755 -12.454946 -2.428820 1.659130 -0.041619 3.619963 4.846898  
 10 11 16  14.768111 2.545022 -1.639495 0.041619 2.363650 4.235055 -14.768111 -2.545022 1.639495 -0.041619 3.632967 5.073616  
 11 12 17  11.530375 2.513017 -1.547984 0.041619 2.256110 4.197109 -11.530375 -2.513017 1.547984 -0.041619 3.405796 4.994502  
 12 13 18  9.246568 2.380791 -1.556833 0.041619 2.341426 3.975244 -9.246568 -2.380791 1.556833 -0.041619 3.352845 4.732738  
 13 5 6  0.000000 2.377056 0.000000 0.205024 -0.000000 7.209438 0.000000 -2.377056 -0.000000 -0.205024 -0.000000 7.281093  
 14 6 7  0.000000 -1.935804 -0.000000 -0.264626 0.000000 -5.931705 0.000000 1.935804 0.000000 0.264626 0.000000 -5.868956  
 15 7 8  0.000000 2.374394 -0.000000 0.273727 0.000000 7.272981 0.000000 -2.374394 0.000000 -0.273727 0.000000 7.201326  
 16 8 5  0.000000 -1.933142 0.000000 -0.363332 -0.000000 -5.860843 0.000000 1.933142 -0.000000 0.363332 -0.000000 -5.923593  
 17 10 11  0.000000 2.273469 0.000000 0.231168 -0.000000 6.899153 0.000000 -2.273469 -0.000000 -0.231168 -0.000000 6.959917  
 18 11 12  0.000000 -2.439047 0.000000 -0.253429 -0.000000 -7.478714 0.000000 2.439047 -0.000000 0.253429 -0.000000 -7.389717  
 19 12 13  0.000000 2.268210 -0.000000 0.274202 0.000000 6.943886 0.000000 -2.268210 0.000000 -0.274202 0.000000 6.883122  
 20 13 10  0.000000 -2.433788 -0.000000 -0.309774 0.000000 -7.373686 0.000000 2.433788 0.000000 0.309774 0.000000 -7.462683  
 21 15 16  0.000000 1.152913 -0.000000 0.102174 0.000000 3.497589 0.000000 -1.152913 0.000000 -0.102174 0.000000 3.530567  
 22 16 17  0.000000 -1.615198 -0.000000 -0.102400 0.000000 -4.971442 0.000000 1.615198 0.000000 0.102400 0.000000 -4.874805  
 23 17 18  0.000000 1.145573 0.000000 0.119697 -0.000000 3.508197 0.000000 -1.145573 -0.000000 -0.119697 -0.000000 3.475219  
 24 18 15  0.000000 -1.607859 0.000000 -0.122374 -0.000000 -4.852435 0.000000 1.607859 -0.000000 0.122374 -0.000000 -4.949072  
