 1 1 5  31.576039 0.097449 -1.854987 0.026073 4.399671 -0.050653 -31.576039 -0.097449 1.854987 -0.026073 2.385129 0.407083  
 2 2 6  36.708773 0.082219 -1.857991 0.026073 4.408446 -0.085738 -36.708773 -0.082219 1.857991 -0.026073 2.387344 0.386464  
 3 3 7  40.425225 0.093881 -1.888786 0.026073 4.481885 -0.048023 -40.425225 -0.093881 1.888786 -0.026073 2.426537 0.391402  
 4 4 8  35.289962 0.109402 -1.889157 0.026073 4.481008 -0.012587 -35.289962 -0.109402 1.889157 -0.026073 2.428773 0.412736  
 5 5 10  21.158019 -0.384496 -1.080460 0.002574 1.636775 -1.162420 -21.158019 0.384496 1.080460 -0.002574 2.315117 -0.243910  
 6 6 11  23.631339 -0.392019 -1.081887 0.002574 1.641307 -1.175856 -23.631339 0.392019 1.081887 -0.002574 2.315802 -0.257992  
 7 7 12  26.842966 -0.382190 -1.087070 0.002574 1.650569 -1.172251 -26.842966 0.382190 1.087070 -0.002574 2.325499 -0.225647  
 8 8 13  24.367677 -0.376727 -1.091638 0.002574 1.657064 -1.162860 -24.367677 0.376727 1.091638 -0.002574 2.335713 -0.215057  
 9 10 15  10.876256 -1.252241 -0.385734 -0.007234 0.353381 -2.269801 -10.876256 1.252241 0.385734 0.007234 1.057479 -2.310397  
 10 11 16  11.585545 -1.276998 -0.388233 -0.007234 0.357829 -2.315365 -11.585545 1.276998 0.388233 0.007234 1.062172 -2.355384  
 11 12 17  13.124370 -1.292132 -0.405685 -0.007234 0.377968 -2.351760 -13.124370 1.292132 0.405685 0.007234 1.105865 -2.374343  
 12 13 18  12.413829 -1.271987 -0.403690 -0.007234 0.374410 -2.315683 -12.413829 1.271987 0.403690 0.007234 1.102126 -2.336738  
 13 5 6  0.000000 1.329777 0.000000 -0.016814 -0.000000 4.053657 0.000000 -1.329777 -0.000000 0.016814 -0.000000 4.052665  
 14 6 7  0.000000 0.252342 -0.000000 0.024014 0.000000 0.772579 0.000000 -0.252342 0.000000 -0.024014 0.000000 0.765701  
 15 7 8  0.000000 1.329917 -0.000000 -0.015149 0.000000 4.053092 0.000000 -1.329917 0.000000 0.015149 0.000000 4.054084  
 16 8 5  0.000000 0.252202 0.000000 0.031753 -0.000000 0.765273 0.000000 -0.252202 -0.000000 -0.031753 -0.000000 0.772151  
 17 10 11  0.000000 0.882105 0.000000 -0.029550 -0.000000 2.689037 0.000000 -0.882105 -0.000000 0.029550 -0.000000 2.688276  
 18 11 12  0.000000 0.836311 0.000000 0.014645 -0.000000 2.543807 0.000000 -0.836311 -0.000000 -0.014645 -0.000000 2.554346  
 19 12 13  0.000000 0.882284 -0.000000 -0.023061 0.000000 2.688822 0.000000 -0.882284 0.000000 0.023061 0.000000 2.689583  
 20 13 10  0.000000 0.836132 -0.000000 0.020540 0.000000 2.553800 0.000000 -0.836132 0.000000 -0.020540 0.000000 2.543261  
 21 15 16  0.000000 0.354801 0.000000 -0.022016 -0.000000 1.079325 0.000000 -0.354801 -0.000000 0.022016 -0.000000 1.083541  
 22 16 17  0.000000 0.769256 -0.000000 0.021369 0.000000 2.333368 0.000000 -0.769256 0.000000 -0.021369 0.000000 2.356018  
 23 17 18  0.000000 0.355114 -0.000000 -0.018326 0.000000 1.084495 0.000000 -0.355114 0.000000 0.018326 0.000000 1.080280  
 24 18 15  0.000000 0.768943 0.000000 0.021846 -0.000000 2.355063 0.000000 -0.768943 -0.000000 -0.021846 -0.000000 2.332413  
