 1 1 5  33.910444 -0.661626 -0.875532 -0.000153 2.161338 -1.484503 -33.910444 0.661626 0.875532 0.000153 1.041008 -0.935459  
 2 2 6  37.323902 -0.660459 -0.874322 -0.000153 2.157692 -1.481725 -37.323902 0.660459 0.874322 0.000153 1.040227 -0.933970  
 3 3 7  38.089376 -0.659840 -0.873056 -0.000153 2.154668 -1.479585 -38.089376 0.659840 0.873056 0.000153 1.038621 -0.933846  
 4 4 8  34.676278 -0.661071 -0.874200 -0.000153 2.158173 -1.482439 -34.676278 0.661071 0.874200 0.000153 1.039302 -0.935494  
 5 5 10  22.953146 -0.179342 -0.618342 -0.000309 1.086529 -0.117951 -22.953146 0.179342 0.618342 0.000309 1.175119 -0.538012  
 6 6 11  24.971587 -0.178898 -0.618335 -0.000309 1.086773 -0.117243 -24.971587 0.178898 0.618335 0.000309 1.174849 -0.537094  
 7 7 12  25.046724 -0.178770 -0.617693 -0.000309 1.085772 -0.116963 -25.046724 0.178770 0.617693 0.000309 1.173502 -0.536907  
 8 8 13  23.028543 -0.179221 -0.617684 -0.000309 1.085487 -0.117673 -23.028543 0.179221 0.617684 0.000309 1.173752 -0.537846  
 9 10 15  11.662466 0.115555 -0.519932 -0.000027 0.753020 0.302921 -11.662466 -0.115555 0.519932 0.000027 1.148681 0.119735  
 10 11 16  12.416172 0.115618 -0.519958 -0.000027 0.753166 0.302990 -12.416172 -0.115618 0.519958 0.000027 1.148631 0.119894  
 11 12 17  12.337470 0.115614 -0.519877 -0.000027 0.753082 0.302911 -12.337470 -0.115614 0.519877 0.000027 1.148420 0.119957  
 12 13 18  11.583893 0.115547 -0.519849 -0.000027 0.752933 0.302835 -11.583893 -0.115547 0.519849 0.000027 1.148467 0.119791  
 13 5 6  0.000000 0.697496 -0.000000 0.001061 0.000000 2.126201 0.000000 -0.697496 0.000000 -0.001061 0.000000 2.125734  
 14 6 7  0.000000 0.345181 0.000000 -0.001265 -0.000000 1.052273 0.000000 -0.345181 -0.000000 0.001265 -0.000000 1.051950  
 15 7 8  0.000000 0.697471 0.000000 0.001141 -0.000000 2.125659 0.000000 -0.697471 -0.000000 -0.001141 -0.000000 2.126125  
 16 8 5  0.000000 0.345206 -0.000000 -0.001336 0.000000 1.052026 0.000000 -0.345206 0.000000 0.001336 0.000000 1.052349  
 17 10 11  0.000000 0.632351 0.000000 0.000444 -0.000000 1.927462 0.000000 -0.632351 -0.000000 -0.000444 -0.000000 1.927349  
 18 11 12  0.000000 0.076936 -0.000000 -0.000666 0.000000 0.234548 0.000000 -0.076936 0.000000 0.000666 0.000000 0.234454  
 19 12 13  0.000000 0.632318 -0.000000 0.000458 0.000000 1.927249 0.000000 -0.632318 0.000000 -0.000458 0.000000 1.927362  
 20 13 10  0.000000 0.076969 0.000000 -0.000678 -0.000000 0.234554 0.000000 -0.076969 -0.000000 0.000678 -0.000000 0.234648  
 21 15 16  0.000000 0.376837 -0.000000 0.000030 0.000000 1.148624 0.000000 -0.376837 0.000000 -0.000030 0.000000 1.148575  
 22 16 17  0.000000 -0.039335 0.000000 -0.000056 -0.000000 -0.119864 0.000000 0.039335 -0.000000 0.000056 -0.000000 -0.119923  
 23 17 18  0.000000 0.376805 0.000000 0.000034 -0.000000 1.148476 0.000000 -0.376805 -0.000000 -0.000034 -0.000000 1.148525  
 24 18 15  0.000000 -0.039303 -0.000000 -0.000058 0.000000 -0.119825 0.000000 0.039303 0.000000 0.000058 0.000000 -0.119765  
