 1 1 5  36.250518 2.143319 -1.497661 0.010847 3.604429 5.055393 -36.250518 -2.143319 1.497661 -0.010847 1.873416 2.784011  
 2 2 6  42.055924 2.197420 -1.524099 0.010847 3.693645 5.194879 -42.055924 -2.197420 1.524099 -0.010847 1.880899 2.842403  
 3 3 7  35.745382 2.158861 -1.474209 0.010847 3.565501 5.069037 -35.745382 -2.158861 1.474209 -0.010847 1.826565 2.827212  
 4 4 8  29.948175 2.083368 -1.432192 0.010847 3.444949 4.884220 -29.948175 -2.083368 1.432192 -0.010847 1.793435 2.735907  
 5 5 10  23.900388 1.279009 -1.100587 0.005345 1.926248 1.987632 -23.900388 -1.279009 1.100587 -0.005345 2.099260 2.690470  
 6 6 11  27.248784 1.303364 -1.098323 0.005345 1.911815 2.024717 -27.248784 -1.303364 1.098323 -0.005345 2.105412 2.742467  
 7 7 12  24.096565 1.308061 -1.076809 0.005345 1.878385 2.047728 -24.096565 -1.308061 1.076809 -0.005345 2.060153 2.736634  
 8 8 13  20.754264 1.274064 -1.070763 0.005345 1.880751 1.997117 -20.754264 -1.274064 1.070763 -0.005345 2.035670 2.662898  
 9 10 15  11.882774 0.563303 -0.834565 0.001885 1.218925 0.612023 -11.882774 -0.563303 0.834565 -0.001885 1.833579 1.448313  
 10 11 16  13.078068 0.578717 -0.833319 0.001885 1.208240 0.631106 -13.078068 -0.578717 0.833319 -0.001885 1.839707 1.485609  
 11 12 17  12.115654 0.580797 -0.819770 0.001885 1.191016 0.642950 -12.115654 -0.580797 0.819770 -0.001885 1.807373 1.481374  
 12 13 18  10.923505 0.564170 -0.818545 0.001885 1.197643 0.621514 -10.923505 -0.564170 0.818545 -0.001885 1.796269 1.441992  
 13 5 6  0.000000 1.228242 -0.000000 0.046937 0.000000 3.737727 0.000000 -1.228242 0.000000 -0.046937 0.000000 3.749634  
 14 6 7  0.000000 -1.578899 -0.000000 -0.043081 0.000000 -4.820183 0.000000 1.578899 0.000000 0.043081 0.000000 -4.804783  
 15 7 8  0.000000 1.227716 0.000000 0.070156 -0.000000 3.748030 0.000000 -1.227716 -0.000000 -0.070156 -0.000000 3.736124  
 16 8 5  0.000000 -1.578373 0.000000 -0.061937 -0.000000 -4.803180 0.000000 1.578373 -0.000000 0.061937 -0.000000 -4.818580  
 17 10 11  0.000000 1.076182 -0.000000 0.034416 0.000000 3.276873 0.000000 -1.076182 0.000000 -0.034416 0.000000 3.283535  
 18 11 12  0.000000 -1.094534 -0.000000 -0.030117 0.000000 -3.339157 0.000000 1.094534 0.000000 0.030117 0.000000 -3.333123  
 19 12 13  0.000000 1.075445 0.000000 0.046462 -0.000000 3.281286 0.000000 -1.075445 -0.000000 -0.046462 -0.000000 3.274625  
 20 13 10  0.000000 -1.093796 0.000000 -0.041312 -0.000000 -3.330875 0.000000 1.093796 -0.000000 0.041312 -0.000000 -3.336908  
 21 15 16  0.000000 0.597254 0.000000 0.017450 -0.000000 1.816122 0.000000 -0.597254 -0.000000 -0.017450 -0.000000 1.824738  
 22 16 17  0.000000 -0.480814 0.000000 -0.014969 -0.000000 -1.468159 0.000000 0.480814 -0.000000 0.014969 -0.000000 -1.462881  
 23 17 18  0.000000 0.596468 -0.000000 0.018493 0.000000 1.822342 0.000000 -0.596468 0.000000 -0.018493 0.000000 1.813726  
 24 18 15  0.000000 -0.480028 -0.000000 -0.017457 0.000000 -1.460485 0.000000 0.480028 0.000000 0.017457 0.000000 -1.465763  
