 1 1 5  36.109997 0.425054 0.181660 -0.000004 -0.360480 0.964273 -36.109997 -0.425054 -0.181660 0.000004 -0.303959 0.590404  
 2 2 6  36.419793 0.425058 0.181737 -0.000004 -0.360775 0.964268 -36.419793 -0.425058 -0.181737 0.000004 -0.303947 0.590426  
 3 3 7  35.889997 0.425227 0.181760 -0.000004 -0.360837 0.964823 -35.889997 -0.425227 -0.181760 0.000004 -0.303969 0.590486  
 4 4 8  35.580212 0.425235 0.181639 -0.000004 -0.360445 0.964833 -35.580212 -0.425235 -0.181639 0.000004 -0.303917 0.590507  
 5 5 10  23.836453 0.146514 -0.046437 -0.000017 0.189583 0.128929 -23.836453 -0.146514 0.046437 0.000017 -0.019736 0.406959  
 6 6 11  24.221303 0.146507 -0.046425 -0.000017 0.189561 0.128930 -24.221303 -0.146507 0.046425 0.000017 -0.019758 0.406933  
 7 7 12  24.163543 0.146521 -0.046413 -0.000017 0.189533 0.128926 -24.163543 -0.146521 0.046413 0.000017 -0.019774 0.406989  
 8 8 13  23.778701 0.146524 -0.046437 -0.000017 0.189573 0.128914 -23.778701 -0.146524 0.046437 0.000017 -0.019726 0.407014  
 9 10 15  11.872207 -0.087200 -0.165753 -0.000006 0.306929 -0.228750 -11.872207 0.087200 0.165753 0.000006 0.299331 -0.090192  
 10 11 16  12.068614 -0.087198 -0.165756 -0.000006 0.306947 -0.228747 -12.068614 0.087198 0.165756 0.000006 0.299323 -0.090190  
 11 12 17  12.127791 -0.087206 -0.165750 -0.000006 0.306936 -0.228781 -12.127791 0.087206 0.165750 0.000006 0.299311 -0.090183  
 12 13 18  11.931387 -0.087207 -0.165748 -0.000006 0.306919 -0.228784 -11.931387 0.087207 0.165748 0.000006 0.299321 -0.090186  
 13 5 6  0.000000 -0.037528 0.000000 0.000010 -0.000000 -0.114359 0.000000 0.037528 -0.000000 -0.000010 -0.000000 -0.114409  
 14 6 7  0.000000 -0.236018 -0.000000 -0.000023 0.000000 -0.719346 0.000000 0.236018 0.000000 0.000023 0.000000 -0.719418  
 15 7 8  0.000000 -0.037528 -0.000000 -0.000006 0.000000 -0.114412 0.000000 0.037528 0.000000 0.000006 0.000000 -0.114361  
 16 8 5  0.000000 -0.236017 0.000000 0.000017 -0.000000 -0.719415 0.000000 0.236017 -0.000000 -0.000017 -0.000000 -0.719344  
 17 10 11  0.000000 0.094221 -0.000000 -0.000013 0.000000 0.287195 0.000000 -0.094221 0.000000 0.000013 0.000000 0.287177  
 18 11 12  0.000000 -0.058468 0.000000 -0.000012 -0.000000 -0.178199 0.000000 0.058468 -0.000000 0.000012 -0.000000 -0.178220  
 19 12 13  0.000000 0.094220 0.000000 -0.000012 -0.000000 0.287174 0.000000 -0.094220 -0.000000 0.000012 -0.000000 0.287192  
 20 13 10  0.000000 -0.058467 -0.000000 0.000002 0.000000 -0.178218 0.000000 0.058467 0.000000 -0.000002 0.000000 -0.178196  
 21 15 16  0.000000 0.098203 0.000000 -0.000001 -0.000000 0.299327 0.000000 -0.098203 -0.000000 0.000001 -0.000000 0.299319  
 22 16 17  0.000000 0.029589 -0.000000 -0.000005 0.000000 0.090190 0.000000 -0.029589 0.000000 0.000005 0.000000 0.090183  
 23 17 18  0.000000 0.098202 -0.000000 -0.000000 0.000000 0.299316 0.000000 -0.098202 0.000000 0.000000 0.000000 0.299325  
 24 18 15  0.000000 0.029590 0.000000 -0.000003 -0.000000 0.090186 0.000000 -0.029590 -0.000000 0.000003 -0.000000 0.090192  
