 1 1 5  30.640552 -3.373648 0.096541 0.042766 -0.438195 -7.986540 -30.640552 3.373648 -0.096541 -0.042766 0.085087 -4.352916  
 2 2 6  28.844687 -3.327600 0.107115 0.042766 -0.463797 -7.877925 -28.844687 3.327600 -0.107115 -0.042766 0.072013 -4.293105  
 3 3 7  41.355857 -3.513075 0.117565 0.042766 -0.495477 -8.469134 -41.355857 3.513075 -0.117565 -0.042766 0.065473 -4.380288  
 4 4 8  43.158903 -3.543228 0.106172 0.042766 -0.468201 -8.547150 -43.158903 3.543228 -0.106172 -0.042766 0.079867 -4.412560  
 5 5 10  21.166004 -2.655609 0.636585 -0.056908 -1.188270 -4.522928 -21.166004 2.655609 -0.636585 0.056908 -1.140103 -5.190228  
 6 6 11  20.139811 -2.617105 0.630385 -0.056908 -1.173683 -4.455104 -20.139811 2.617105 -0.630385 0.056908 -1.132014 -5.117220  
 7 7 12  26.831038 -2.684603 0.700347 -0.056908 -1.313112 -4.513478 -26.831038 2.684603 -0.700347 0.056908 -1.248476 -5.305726  
 8 8 13  27.863147 -2.708831 0.704039 -0.056908 -1.323156 -4.551850 -27.863147 2.708831 -0.704039 0.056908 -1.251938 -5.355971  
 9 10 15  11.058847 -1.371107 0.099229 0.001439 -0.006705 -1.788690 -11.058847 1.371107 -0.099229 -0.001439 -0.356236 -3.226271  
 10 11 16  10.820970 -1.364177 0.100446 0.001439 -0.011061 -1.780131 -10.820970 1.364177 -0.100446 -0.001439 -0.356330 -3.209481  
 11 12 17  12.939635 -1.341313 0.106041 0.001439 -0.013993 -1.668602 -12.939635 1.341313 -0.106041 -0.001439 -0.373862 -3.237385  
 12 13 18  13.180547 -1.347345 0.104709 0.001439 -0.010065 -1.676551 -13.180547 1.347345 -0.104709 -0.001439 -0.372920 -3.251497  
 13 5 6  0.000000 -0.384995 0.000000 0.063336 -0.000000 -1.172754 0.000000 0.384995 -0.000000 -0.063336 -0.000000 -1.174172  
 14 6 7  0.000000 2.910130 -0.000000 -0.072503 0.000000 8.811545 0.000000 -2.910130 0.000000 0.072503 0.000000 8.928606  
 15 7 8  0.000000 -0.385310 -0.000000 0.034840 0.000000 -1.175135 0.000000 0.385310 0.000000 -0.034840 0.000000 -1.173717  
 16 8 5  0.000000 2.910446 0.000000 -0.069572 -0.000000 8.929569 0.000000 -2.910446 -0.000000 0.069572 -0.000000 8.812508  
 17 10 11  0.000000 -0.394518 -0.000000 0.039685 0.000000 -1.203308 0.000000 0.394518 0.000000 -0.039685 0.000000 -1.201675  
 18 11 12  0.000000 2.286641 -0.000000 -0.058599 0.000000 6.937037 0.000000 -2.286641 0.000000 0.058599 0.000000 7.002327  
 19 12 13  0.000000 -0.395238 0.000000 0.027999 -0.000000 -1.203870 0.000000 0.395238 -0.000000 -0.027999 -0.000000 -1.205504  
 20 13 10  0.000000 2.287361 0.000000 -0.056499 -0.000000 7.004523 0.000000 -2.287361 -0.000000 0.056499 -0.000000 6.939233  
 21 15 16  0.000000 -0.119318 -0.000000 0.007238 0.000000 -0.363421 0.000000 0.119318 0.000000 -0.007238 0.000000 -0.363939  
 22 16 17  0.000000 1.059712 0.000000 -0.007609 -0.000000 3.216720 0.000000 -1.059712 -0.000000 0.007609 -0.000000 3.243285  
 23 17 18  0.000000 -0.120077 0.000000 0.005899 -0.000000 -0.366252 0.000000 0.120077 -0.000000 -0.005899 -0.000000 -0.365734  
 24 18 15  0.000000 1.060471 -0.000000 -0.007185 0.000000 3.245598 0.000000 -1.060471 0.000000 0.007185 0.000000 3.219032  
