 1 1 5  36.192729 -4.518384 3.423679 0.175193 -8.177753 -10.127339 -36.192729 4.518384 -3.423679 -0.175193 -4.344697 -6.399102  
 2 2 6  22.565540 -3.986187 3.210655 0.175193 -7.532725 -9.015482 -22.565540 3.986187 -3.210655 -0.175193 -4.210565 -5.564395  
 3 3 7  35.735808 -4.339493 3.592549 0.175193 -8.381467 -9.909065 -35.735808 4.339493 -3.592549 -0.175193 -4.758640 -5.963067  
 4 4 8  49.505924 -4.705280 3.709857 0.175193 -8.815555 -10.711116 -49.505924 4.705280 -3.709857 -0.175193 -4.753618 -6.498916  
 5 5 10  24.368942 -2.993634 3.236587 -0.019599 -5.484915 -4.816535 -24.368942 2.993634 -3.236587 0.019599 -6.353225 -6.132981  
 6 6 11  17.395967 -2.755548 3.147638 -0.019599 -5.383748 -4.416247 -17.395967 2.755548 -3.147638 0.019599 -6.129051 -5.662444  
 7 7 12  23.580101 -2.774886 3.402358 -0.019599 -5.844821 -4.333460 -23.580101 2.774886 -3.402358 0.019599 -6.599642 -5.815964  
 8 8 13  30.654990 -2.991735 3.462521 -0.019599 -5.908093 -4.720757 -30.654990 2.991735 -3.462521 0.019599 -6.756423 -6.221812  
 9 10 15  12.123748 -1.001029 1.124752 0.002126 -1.162286 -1.030335 -12.123748 1.001029 -1.124752 -0.002126 -2.951607 -2.631030  
 10 11 16  10.183462 -0.956715 1.154444 0.002126 -1.291698 -0.983587 -10.183462 0.956715 -1.154444 -0.002126 -2.930797 -2.515695  
 11 12 17  11.850697 -0.937825 1.198501 0.002126 -1.338396 -0.898752 -11.850697 0.937825 -1.198501 -0.002126 -3.045242 -2.531437  
 12 13 18  13.842094 -0.980173 1.164568 0.002126 -1.203397 -0.943991 -13.842094 0.980173 -1.164568 -0.002126 -3.056126 -2.641091  
 13 5 6  0.000000 -3.332234 -0.000000 0.601871 0.000000 -10.230035 0.000000 3.332234 0.000000 -0.601871 0.000000 -10.083262  
 14 6 7  0.000000 3.498193 -0.000000 -0.488948 0.000000 10.582513 0.000000 -3.498193 0.000000 0.488948 0.000000 10.742474  
 15 7 8  0.000000 -3.342487 0.000000 0.445947 -0.000000 -10.114514 0.000000 3.342487 -0.000000 -0.445947 -0.000000 -10.261287  
 16 8 5  0.000000 3.508447 0.000000 -0.400423 -0.000000 10.773726 0.000000 -3.508447 -0.000000 0.400423 -0.000000 10.613765  
 17 10 11  0.000000 -2.522695 0.000000 0.239287 -0.000000 -7.718310 0.000000 2.522695 -0.000000 -0.239287 -0.000000 -7.660038  
 18 11 12  0.000000 2.264800 0.000000 -0.239288 -0.000000 6.885318 0.000000 -2.264800 -0.000000 0.239288 -0.000000 6.920903  
 19 12 13  0.000000 -2.535395 -0.000000 0.206187 0.000000 -7.698749 0.000000 2.535395 0.000000 -0.206187 0.000000 -7.757021  
 20 13 10  0.000000 2.277501 -0.000000 -0.202799 0.000000 6.959615 0.000000 -2.277501 0.000000 0.202799 0.000000 6.924030  
 21 15 16  0.000000 -0.976532 -0.000000 0.038194 0.000000 -2.984393 0.000000 0.976532 0.000000 -0.038194 0.000000 -2.968546  
 22 16 17  0.000000 0.840006 -0.000000 -0.037749 0.000000 2.553889 0.000000 -0.840006 0.000000 0.037749 0.000000 2.566791  
 23 17 18  0.000000 -0.989310 0.000000 0.035354 -0.000000 -3.007493 0.000000 0.989310 -0.000000 -0.035354 -0.000000 -3.023340  
 24 18 15  0.000000 0.852784 0.000000 -0.032786 -0.000000 2.605737 0.000000 -0.852784 -0.000000 0.032786 -0.000000 2.592836  
