 1 1 5  35.444268 -0.069771 -0.181333 0.000019 0.492214 -0.145338 -35.444268 0.069771 0.181333 -0.000019 0.171028 -0.109856  
 2 2 6  36.557325 -0.069735 -0.181174 0.000019 0.491717 -0.145267 -36.557325 0.069735 0.181174 -0.000019 0.170944 -0.109796  
 3 3 7  36.555730 -0.069665 -0.181140 0.000019 0.491657 -0.145046 -36.555730 0.069665 0.181140 -0.000019 0.170880 -0.109760  
 4 4 8  35.442678 -0.069702 -0.181318 0.000019 0.492190 -0.145112 -35.442678 0.069702 0.181318 -0.000019 0.171000 -0.109832  
 5 5 10  23.666920 0.007282 -0.228428 -0.000008 0.437549 0.039714 -23.666920 -0.007282 0.228428 0.000008 0.397951 -0.013078  
 6 6 11  24.380675 0.007274 -0.228426 -0.000008 0.437578 0.039691 -24.380675 -0.007274 0.228426 0.000008 0.397914 -0.013088  
 7 7 12  24.333079 0.007281 -0.228427 -0.000008 0.437593 0.039690 -24.333079 -0.007281 0.228427 0.000008 0.397901 -0.013059  
 8 8 13  23.619327 0.007289 -0.228434 -0.000008 0.437568 0.039717 -23.619327 -0.007289 0.228434 0.000008 0.397951 -0.013055  
 9 10 15  11.878165 0.023409 -0.188598 -0.000004 0.277914 0.045067 -11.878165 -0.023409 0.188598 0.000004 0.411903 0.040554  
 10 11 16  12.148443 0.023403 -0.188603 -0.000004 0.277940 0.045057 -12.148443 -0.023403 0.188603 0.000004 0.411896 0.040543  
 11 12 17  12.121834 0.023400 -0.188606 -0.000004 0.277945 0.045041 -12.121834 -0.023400 0.188606 0.000004 0.411900 0.040547  
 12 13 18  11.851558 0.023406 -0.188601 -0.000004 0.277919 0.045052 -11.851558 -0.023406 0.188601 0.000004 0.411909 0.040557  
 13 5 6  0.000000 0.199651 0.000000 0.000018 -0.000000 0.608573 0.000000 -0.199651 -0.000000 -0.000018 -0.000000 0.608499  
 14 6 7  0.000000 0.023001 -0.000000 -0.000024 0.000000 0.070122 0.000000 -0.023001 0.000000 0.000024 0.000000 0.070091  
 15 7 8  0.000000 0.199650 -0.000000 0.000022 0.000000 0.608497 0.000000 -0.199650 0.000000 -0.000022 0.000000 0.608571  
 16 8 5  0.000000 0.023001 0.000000 -0.000004 -0.000000 0.070093 0.000000 -0.023001 -0.000000 0.000004 -0.000000 0.070124  
 17 10 11  0.000000 0.221739 -0.000000 -0.000011 0.000000 0.675868 0.000000 -0.221739 0.000000 0.000011 0.000000 0.675850  
 18 11 12  0.000000 -0.010494 0.000000 -0.000003 -0.000000 -0.031980 0.000000 0.010494 -0.000000 0.000003 -0.000000 -0.031990  
 19 12 13  0.000000 0.221738 0.000000 -0.000007 -0.000000 0.675849 0.000000 -0.221738 -0.000000 0.000007 -0.000000 0.675867  
 20 13 10  0.000000 -0.010493 -0.000000 0.000004 0.000000 -0.031989 0.000000 0.010493 0.000000 -0.000004 0.000000 -0.031979  
 21 15 16  0.000000 0.135139 0.000000 -0.000006 -0.000000 0.411906 0.000000 -0.135139 -0.000000 0.000006 -0.000000 0.411899  
 22 16 17  0.000000 -0.013304 -0.000000 0.000003 0.000000 -0.040549 0.000000 0.013304 0.000000 -0.000003 0.000000 -0.040552  
 23 17 18  0.000000 0.135138 -0.000000 -0.000006 0.000000 0.411898 0.000000 -0.135138 0.000000 0.000006 0.000000 0.411905  
 24 18 15  0.000000 -0.013304 0.000000 0.000003 -0.000000 -0.040551 0.000000 0.013304 -0.000000 -0.000003 -0.000000 -0.040548  
