 1 1 5  59.240755 8.031073 3.071344 -1.362797 -8.340463 18.158390 -59.240755 -8.031073 -3.071344 1.362797 -2.893286 11.216063  
 2 2 6  36.349079 6.940821 3.074916 -1.362797 -7.886166 15.848042 -36.349079 -6.940821 -3.074916 1.362797 -3.360649 9.538704  
 3 3 7  13.132776 5.824219 2.623881 -1.362797 -6.605137 13.113848 -13.132776 -5.824219 -2.623881 1.362797 -2.991972 8.188817  
 4 4 8  35.277389 7.309518 2.735283 -1.362797 -7.361538 16.226181 -35.277389 -7.309518 -2.735283 1.362797 -2.643033 10.509112  
 5 5 10  37.029712 4.984564 5.903130 0.073503 -11.142918 8.032455 -37.029712 -4.984564 -5.903130 -0.073503 -10.448369 10.199085  
 6 6 11  22.877234 4.482699 5.690994 0.073503 -10.630887 7.391657 -22.877234 -4.482699 -5.690994 -0.073503 -10.184494 9.004263  
 7 7 12  11.269427 4.416108 4.932302 0.073503 -9.135448 7.631843 -11.269427 -4.416108 -4.932302 -0.073503 -8.904938 8.520514  
 8 8 13  24.823627 5.132740 5.346869 0.073503 -10.022462 8.710241 -24.823627 -5.132740 -5.346869 -0.073503 -9.534246 10.063268  
 9 10 15  16.087546 2.450724 3.203149 0.062125 -4.630261 3.289242 -16.087546 -2.450724 -3.203149 -0.062125 -7.085577 5.674524  
 10 11 16  11.476501 2.279688 3.217031 0.062125 -4.803087 3.088478 -11.476501 -2.279688 -3.217031 -0.062125 -6.963524 5.249709  
 11 12 17  8.064300 2.301021 2.995017 0.062125 -4.456423 3.235372 -8.064300 -2.301021 -2.995017 -0.062125 -6.498152 5.180843  
 12 13 18  12.371653 2.482349 2.991274 0.062125 -4.304860 3.458088 -12.371653 -2.482349 -2.991274 -0.062125 -6.636024 5.621353  
 13 5 6  0.000000 -4.351001 -0.000000 -1.102391 0.000000 -13.407536 0.000000 4.351001 0.000000 1.102391 0.000000 -13.116165  
 14 6 7  0.000000 -5.822847 0.000000 0.875371 -0.000000 -18.032753 0.000000 5.822847 -0.000000 -0.875371 -0.000000 -17.463320  
 15 7 8  0.000000 -4.313805 0.000000 -1.642660 -0.000000 -13.002790 0.000000 4.313805 -0.000000 1.642660 -0.000000 -13.294162  
 16 8 5  0.000000 -5.860043 -0.000000 0.628668 0.000000 -17.576694 0.000000 5.860043 0.000000 -0.628668 0.000000 -18.146127  
 17 10 11  0.000000 -4.733893 -0.000000 -0.585556 0.000000 -14.571105 0.000000 4.733893 0.000000 0.585556 0.000000 -14.286708  
 18 11 12  0.000000 -4.134626 -0.000000 0.700873 0.000000 -12.678297 0.000000 4.134626 0.000000 -0.700873 0.000000 -12.526384  
 19 12 13  0.000000 -4.660247 0.000000 -0.770498 -0.000000 -14.062234 0.000000 4.660247 -0.000000 0.770498 -0.000000 -14.346631  
 20 13 10  0.000000 -4.208272 0.000000 0.507525 -0.000000 -12.750858 0.000000 4.208272 -0.000000 -0.507525 -0.000000 -12.902771  
 21 15 16  0.000000 -2.267561 0.000000 -0.096701 -0.000000 -6.976507 0.000000 2.267561 -0.000000 0.096701 -0.000000 -6.846545  
 22 16 17  0.000000 -1.744062 0.000000 0.116979 -0.000000 -5.346410 0.000000 1.744062 -0.000000 -0.116979 -0.000000 -5.285391  
 23 17 18  0.000000 -2.191638 -0.000000 -0.104548 0.000000 -6.615131 0.000000 2.191638 0.000000 0.104548 0.000000 -6.745094  
 24 18 15  0.000000 -1.819985 -0.000000 0.109070 0.000000 -5.516805 0.000000 1.819985 0.000000 -0.109070 0.000000 -5.577824  
