 1 1 5  41.165906 2.057361 -0.097676 -0.024449 0.072031 5.321408 -41.165906 -2.057361 0.097676 0.024449 0.285228 2.203594  
 2 2 6  40.523954 2.013909 -0.058917 -0.024449 -0.036249 5.226766 -40.523954 -2.013909 0.058917 0.024449 0.251743 2.139308  
 3 3 7  30.835452 1.985463 -0.087004 -0.024449 0.019506 5.080014 -30.835452 -1.985463 0.087004 0.024449 0.298721 2.182016  
 4 4 8  31.474687 2.026077 -0.121570 -0.024449 0.116341 5.167472 -31.474687 -2.026077 0.121570 0.024449 0.328314 2.243109  
 5 5 10  27.033672 2.168062 0.409500 0.033583 -0.774064 3.915569 -27.033672 -2.168062 -0.409500 -0.033583 -0.723724 4.014333  
 6 6 11  26.679811 2.153002 0.406042 0.033583 -0.755318 3.890388 -26.679811 -2.153002 -0.406042 -0.033583 -0.729820 3.984433  
 7 7 12  20.967259 2.110878 0.367179 0.033583 -0.684953 3.817149 -20.967259 -2.110878 -0.367179 -0.033583 -0.658040 3.903599  
 8 8 13  21.319259 2.129164 0.370948 0.033583 -0.703266 3.848868 -21.319259 -2.129164 -0.370948 -0.033583 -0.653515 3.938761  
 9 10 15  12.977783 1.296879 -0.041600 -0.003458 0.189201 1.783142 -12.977783 -1.296879 0.041600 0.003458 -0.037044 2.960323  
 10 11 16  12.953666 1.294744 -0.042380 -0.003458 0.192678 1.780007 -12.953666 -1.294744 0.042380 0.003458 -0.037668 2.955647  
 11 12 17  11.022683 1.298810 -0.042241 -0.003458 0.189565 1.823815 -11.022683 -1.298810 0.042241 0.003458 -0.035065 2.926713  
 12 13 18  11.045867 1.301021 -0.041549 -0.003458 0.186367 1.827181 -11.045867 -1.301021 0.041549 0.003458 -0.034395 2.931433  
 13 5 6  0.000000 -0.143938 -0.000000 -0.044408 0.000000 -0.432219 0.000000 0.143938 0.000000 0.044408 0.000000 -0.445229  
 14 6 7  0.000000 -1.988082 0.000000 0.058346 -0.000000 -6.074104 0.000000 1.988082 -0.000000 -0.058346 -0.000000 -6.045245  
 15 7 8  0.000000 -0.143725 0.000000 -0.046081 -0.000000 -0.444578 0.000000 0.143725 -0.000000 0.046081 -0.000000 -0.431568  
 16 8 5  0.000000 -1.988296 -0.000000 0.056617 0.000000 -6.045896 0.000000 1.988296 0.000000 -0.056617 0.000000 -6.074755  
 17 10 11  0.000000 -0.164756 -0.000000 -0.016164 0.000000 -0.501190 0.000000 0.164756 0.000000 0.016164 0.000000 -0.503163  
 18 11 12  0.000000 -1.890900 -0.000000 0.033980 0.000000 -5.780604 0.000000 1.890900 0.000000 -0.033980 0.000000 -5.746324  
 19 12 13  0.000000 -0.164524 0.000000 -0.018910 -0.000000 -0.502455 0.000000 0.164524 -0.000000 0.018910 -0.000000 -0.500482  
 20 13 10  0.000000 -1.891133 0.000000 0.033333 -0.000000 -5.747032 0.000000 1.891133 -0.000000 -0.033333 -0.000000 -5.781312  
 21 15 16  0.000000 -0.011942 0.000000 -0.001983 -0.000000 -0.036075 0.000000 0.011942 -0.000000 0.001983 -0.000000 -0.036722  
 22 16 17  0.000000 -0.965608 -0.000000 0.000946 0.000000 -2.957630 0.000000 0.965608 0.000000 -0.000946 0.000000 -2.928718  
 23 17 18  0.000000 -0.011709 -0.000000 -0.002005 0.000000 -0.036011 0.000000 0.011709 0.000000 0.002005 0.000000 -0.035365  
 24 18 15  0.000000 -0.965841 0.000000 0.000969 -0.000000 -2.929428 0.000000 0.965841 -0.000000 -0.000969 -0.000000 -2.958340  
