 1 1 5  24.250740 -3.907918 -4.232782 -0.543460 9.783680 -8.340419 -24.250740 3.907918 4.232782 0.543460 5.698142 -5.953182  
 2 2 6  41.523672 -4.546867 -4.575288 -0.543460 10.881856 -9.576894 -41.523672 4.546867 4.575288 0.543460 5.852717 -7.053725  
 3 3 7  47.793811 -4.626634 -4.787096 -0.543460 11.350817 -9.768448 -47.793811 4.626634 4.787096 0.543460 6.158465 -7.153929  
 4 4 8  30.431778 -4.061212 -4.512126 -0.543460 10.437278 -8.660150 -30.431778 4.061212 4.512126 0.543460 6.066273 -6.194140  
 5 5 10  18.751913 -1.001567 -3.679215 -0.058604 6.329552 -0.846232 -18.751913 1.001567 3.679215 0.058604 7.127546 -2.817101  
 6 6 11  27.893112 -1.109230 -3.817178 -0.058604 6.493750 -0.940592 -27.893112 1.109230 3.817178 0.058604 7.467962 -3.116528  
 7 7 12  29.278516 -1.068556 -3.876769 -0.058604 6.599870 -0.820644 -29.278516 1.068556 3.876769 0.058604 7.579799 -3.087705  
 8 8 13  20.076460 -0.966233 -3.752691 -0.058604 6.458367 -0.728813 -20.076460 0.966233 3.752691 0.058604 7.267476 -2.805280  
 9 10 15  10.603761 0.226625 -1.826438 0.058726 2.418701 0.823286 -10.603761 -0.226625 1.826438 -0.058726 4.261678 0.005619  
 10 11 16  13.404266 0.264762 -1.791150 0.058726 2.232474 0.948498 -13.404266 -0.264762 1.791150 -0.058726 4.318838 0.019897  
 11 12 17  13.411278 0.260782 -1.792388 0.058726 2.234075 0.935196 -13.411278 -0.260782 1.792388 -0.058726 4.321762 0.018639  
 12 13 18  10.580696 0.222974 -1.826315 0.058726 2.418652 0.810775 -10.580696 -0.222974 1.826315 -0.058726 4.261278 0.004774  
 13 5 6  0.000000 4.069397 -0.000000 -0.586691 0.000000 12.265406 0.000000 -4.069397 0.000000 0.586691 0.000000 12.541640  
 14 6 7  0.000000 2.438837 -0.000000 0.195173 0.000000 7.407627 0.000000 -2.438837 0.000000 -0.195173 0.000000 7.459524  
 15 7 8  0.000000 4.076458 0.000000 -0.515049 -0.000000 12.563162 0.000000 -4.076458 -0.000000 0.515049 -0.000000 12.286928  
 16 8 5  0.000000 2.431776 0.000000 0.237712 -0.000000 7.438002 0.000000 -2.431776 -0.000000 -0.237712 -0.000000 7.386105  
 17 10 11  0.000000 3.174194 0.000000 -0.075380 -0.000000 9.604460 0.000000 -3.174194 -0.000000 0.075380 -0.000000 9.745427  
 18 11 12  0.000000 0.685349 0.000000 0.044992 -0.000000 2.092650 0.000000 -0.685349 -0.000000 -0.044992 -0.000000 2.085234  
 19 12 13  0.000000 3.181889 -0.000000 -0.067275 0.000000 9.768882 0.000000 -3.181889 0.000000 0.067275 0.000000 9.627915  
 20 13 10  0.000000 0.677653 -0.000000 0.058214 0.000000 2.061780 0.000000 -0.677653 0.000000 -0.058214 0.000000 2.069196  
 21 15 16  0.000000 1.404012 0.000000 0.018598 -0.000000 4.250019 0.000000 -1.404012 -0.000000 -0.018598 -0.000000 4.308840  
 22 16 17  0.000000 -0.000254 -0.000000 -0.009997 0.000000 -0.001299 0.000000 0.000254 0.000000 0.009997 0.000000 -0.000248  
 23 17 18  0.000000 1.411532 -0.000000 0.018392 0.000000 4.331759 0.000000 -1.411532 0.000000 -0.018392 0.000000 4.272937  
 24 18 15  0.000000 -0.007773 0.000000 -0.011660 -0.000000 -0.023166 0.000000 0.007773 -0.000000 0.011660 -0.000000 -0.024217  
