 1 1 5  36.886144 -0.511158 0.377246 0.000466 -0.828835 -0.974466 -36.886144 0.511158 -0.377246 -0.000466 -0.550980 -0.895147  
 2 2 6  36.540764 -0.510196 0.378112 0.000466 -0.831540 -0.972219 -36.540764 0.510196 -0.378112 -0.000466 -0.551441 -0.893874  
 3 3 7  35.113746 -0.509554 0.378809 0.000466 -0.833256 -0.970177 -35.113746 0.509554 -0.378809 -0.000466 -0.552275 -0.893569  
 4 4 8  35.459346 -0.510501 0.377847 0.000466 -0.830402 -0.972415 -35.459346 0.510501 -0.377847 -0.000466 -0.551610 -0.894795  
 5 5 10  24.766190 0.201994 0.057609 0.000057 0.014859 0.722756 -24.766190 -0.201994 -0.057609 -0.000057 -0.225568 0.016056  
 6 6 11  24.773121 0.202381 0.057614 0.000057 0.015029 0.723343 -24.773121 -0.202381 -0.057614 -0.000057 -0.225757 0.016885  
 7 7 12  23.233729 0.202407 0.057978 0.000057 0.014381 0.723367 -23.233729 -0.202407 -0.057978 -0.000057 -0.226441 0.016958  
 8 8 13  23.226961 0.202008 0.057956 0.000057 0.014178 0.722715 -23.226961 -0.202008 -0.057956 -0.000057 -0.226159 0.016148  
 9 10 15  12.356350 0.636829 -0.064667 -0.000001 0.156817 1.163551 -12.356350 -0.636829 0.064667 0.000001 0.079709 1.165714  
 10 11 16  12.408621 0.636895 -0.064687 -0.000001 0.156937 1.163637 -12.408621 -0.636895 0.064687 0.000001 0.079661 1.165868  
 11 12 17  11.643609 0.636912 -0.064618 -0.000001 0.156849 1.163638 -11.643609 -0.636912 0.064618 0.000001 0.079499 1.165932  
 12 13 18  11.591420 0.636824 -0.064580 -0.000001 0.156679 1.163497 -11.591420 -0.636824 0.064580 0.000001 0.079529 1.165750  
 13 5 6  0.000000 -0.176162 -0.000000 0.000908 0.000000 -0.536755 0.000000 0.176162 0.000000 -0.000908 0.000000 -0.537131  
 14 6 7  0.000000 0.056194 -0.000000 -0.000719 0.000000 0.171439 0.000000 -0.056194 0.000000 0.000719 0.000000 0.171119  
 15 7 8  0.000000 -0.176177 0.000000 0.000917 -0.000000 -0.537175 0.000000 0.176177 -0.000000 -0.000917 -0.000000 -0.536799  
 16 8 5  0.000000 0.056208 0.000000 -0.000634 -0.000000 0.171163 0.000000 -0.056208 -0.000000 0.000634 -0.000000 0.171483  
 17 10 11  0.000000 -0.022680 0.000000 0.000427 -0.000000 -0.069085 0.000000 0.022680 -0.000000 -0.000427 -0.000000 -0.069175  
 18 11 12  0.000000 -0.387180 -0.000000 -0.000355 0.000000 -1.180095 0.000000 0.387180 0.000000 0.000355 0.000000 -1.180152  
 19 12 13  0.000000 -0.022701 -0.000000 0.000445 0.000000 -0.069237 0.000000 0.022701 0.000000 -0.000445 0.000000 -0.069146  
 20 13 10  0.000000 -0.387159 0.000000 -0.000334 -0.000000 -1.180090 0.000000 0.387159 -0.000000 0.000334 -0.000000 -1.180033  
 21 15 16  0.000000 0.026126 -0.000000 0.000046 0.000000 0.079650 0.000000 -0.026126 0.000000 -0.000046 0.000000 0.079611  
 22 16 17  0.000000 -0.382496 -0.000000 -0.000050 0.000000 -1.165822 0.000000 0.382496 0.000000 0.000050 0.000000 -1.165872  
 23 17 18  0.000000 0.026105 0.000000 0.000060 -0.000000 0.079549 0.000000 -0.026105 -0.000000 -0.000060 -0.000000 0.079588  
 24 18 15  0.000000 -0.382475 0.000000 -0.000059 -0.000000 -1.165810 0.000000 0.382475 -0.000000 0.000059 -0.000000 -1.165760  
