 1 1 5  36.204605 -5.368878 5.350426 -0.091522 -12.329845 -12.213794 -36.204605 5.368878 -5.350426 0.091522 -7.239872 -7.423414  
 2 2 6  14.102477 -4.412133 4.642503 -0.091522 -10.503351 -10.104327 -14.102477 4.412133 -4.642503 0.091522 -6.477066 -6.033493  
 3 3 7  35.463858 -4.989507 5.689109 -0.091522 -12.708503 -11.741988 -35.463858 4.989507 -5.689109 0.091522 -8.099982 -6.507633  
 4 4 8  58.229061 -5.692009 6.083174 -0.091522 -13.895501 -13.285151 -58.229061 5.692009 -6.083174 0.091522 -8.354318 -7.533941  
 5 5 10  24.351885 -4.700223 3.594645 0.237606 -6.293703 -8.313078 -24.351885 4.700223 -3.594645 -0.237606 -6.854069 -8.878456  
 6 6 11  11.540432 -3.974556 3.511306 0.237606 -6.300490 -7.075610 -11.540432 3.974556 -3.511306 -0.237606 -6.542463 -7.461726  
 7 7 12  23.388883 -4.192856 4.064118 0.237606 -7.271812 -7.275781 -23.388883 4.192856 -4.064118 -0.237606 -7.593107 -8.060010  
 8 8 13  36.718801 -4.735442 3.998266 0.237606 -7.039482 -8.268639 -36.718801 4.735442 -3.998266 -0.237606 -7.584577 -9.051714  
 9 10 15  12.334944 -2.879274 3.403347 -0.070169 -5.421316 -4.367618 -12.334944 2.879274 -3.403347 0.070169 -7.026767 -6.163615  
 10 11 16  7.754579 -2.670386 3.338221 -0.070169 -5.367436 -4.084907 -7.754579 2.670386 -3.338221 0.070169 -6.842442 -5.682298  
 11 12 17  11.531565 -2.647935 3.591207 -0.070169 -5.780518 -3.925616 -11.531565 2.647935 -3.591207 0.070169 -7.354679 -5.759472  
 12 13 18  16.378912 -2.836015 3.639416 -0.070169 -5.799751 -4.140125 -16.378912 2.836015 -3.639416 0.070169 -7.511776 -6.232883  
 13 5 6  0.000000 -4.663414 -0.000000 1.258598 0.000000 -14.408591 0.000000 4.663414 0.000000 -1.258598 0.000000 -14.019579  
 14 6 7  0.000000 4.774541 -0.000000 -1.242023 0.000000 14.367701 0.000000 -4.774541 0.000000 1.242023 0.000000 14.737901  
 15 7 8  0.000000 -4.699566 0.000000 0.954487 -0.000000 -14.129771 0.000000 4.699566 -0.000000 -0.954487 -0.000000 -14.518784  
 16 8 5  0.000000 4.810693 0.000000 -0.875015 -0.000000 14.848094 0.000000 -4.810693 -0.000000 0.875015 -0.000000 14.477894  
 17 10 11  0.000000 -4.146980 0.000000 0.753906 -0.000000 -12.734042 0.000000 4.146980 -0.000000 -0.753906 -0.000000 -12.545947  
 18 11 12  0.000000 4.067168 0.000000 -0.636049 -0.000000 12.300539 0.000000 -4.067168 -0.000000 0.636049 -0.000000 12.492918  
 19 12 13  0.000000 -4.209850 -0.000000 0.507292 0.000000 -12.737577 0.000000 4.209850 0.000000 -0.507292 0.000000 -12.925671  
 20 13 10  0.000000 4.130039 -0.000000 -0.458656 0.000000 12.684547 0.000000 -4.130039 0.000000 0.458656 0.000000 12.492169  
 21 15 16  0.000000 -2.323555 -0.000000 0.138938 0.000000 -7.167551 0.000000 2.323555 0.000000 -0.138938 0.000000 -6.996840  
 22 16 17  0.000000 1.921866 -0.000000 -0.154398 0.000000 5.821236 0.000000 -1.921866 0.000000 0.154398 0.000000 5.894457  
 23 17 18  0.000000 -2.390301 0.000000 0.134985 -0.000000 -7.200281 0.000000 2.390301 -0.000000 -0.134985 -0.000000 -7.370992  
 24 18 15  0.000000 1.988611 0.000000 -0.140784 -0.000000 6.097898 0.000000 -1.988611 -0.000000 0.140784 -0.000000 6.024677  
