 1 1 5  30.977046 -0.921058 -1.436161 -0.000794 3.531657 -2.364334 -30.977046 0.921058 1.436161 0.000794 1.721247 -1.004526  
 2 2 6  36.428022 -0.943261 -1.454788 -0.000794 3.591107 -2.423576 -36.428022 0.943261 1.454788 0.000794 1.729926 -1.026496  
 3 3 7  41.024585 -0.948740 -1.467058 -0.000794 3.622684 -2.444925 -41.024585 0.948740 1.467058 0.000794 1.743228 -1.025185  
 4 4 8  35.570347 -0.934984 -1.458809 -0.000794 3.591925 -2.409254 -35.570347 0.934984 1.458809 0.000794 1.743815 -1.010542  
 5 5 10  21.057224 -0.920892 -1.085381 -0.001086 1.864374 -1.697489 -21.057224 0.920892 1.085381 0.001086 2.105514 -1.670764  
 6 6 11  24.138225 -0.935835 -1.089830 -0.001086 1.870118 -1.724328 -24.138225 0.935835 1.089830 0.001086 2.116044 -1.698581  
 7 7 12  26.943995 -0.935567 -1.099508 -0.001086 1.887088 -1.722194 -26.943995 0.935567 1.099508 0.001086 2.134471 -1.699737  
 8 8 13  23.860556 -0.924930 -1.099859 -0.001086 1.890077 -1.703399 -23.860556 0.924930 1.099859 0.001086 2.132768 -1.679623  
 9 10 15  10.963837 -0.698999 -0.695955 -0.000645 0.953507 -1.031533 -10.963837 0.698999 0.695955 0.000645 1.592020 -1.525127  
 10 11 16  12.021621 -0.714183 -0.698151 -0.000645 0.952177 -1.051827 -12.021621 0.714183 0.698151 0.000645 1.601379 -1.560367  
 11 12 17  13.036825 -0.714786 -0.711258 -0.000645 0.969345 -1.049019 -13.036825 0.714786 0.711258 0.000645 1.632152 -1.565382  
 12 13 18  11.977716 -0.701166 -0.710805 -0.000645 0.973105 -1.030815 -11.977716 0.701166 0.710805 0.000645 1.626737 -1.533768  
 13 5 6  0.000000 1.185090 -0.000000 -0.024091 0.000000 3.609443 0.000000 -1.185090 0.000000 0.024091 0.000000 3.614866  
 14 6 7  0.000000 0.895293 -0.000000 0.014823 0.000000 2.726733 0.000000 -0.895293 0.000000 -0.014823 0.000000 2.730974  
 15 7 8  0.000000 1.185296 0.000000 -0.016405 -0.000000 3.615493 0.000000 -1.185296 -0.000000 0.016405 -0.000000 3.610070  
 16 8 5  0.000000 0.895087 0.000000 0.023822 -0.000000 2.730347 0.000000 -0.895087 -0.000000 -0.023822 -0.000000 2.726106  
 17 10 11  0.000000 1.011748 -0.000000 -0.023631 0.000000 3.082022 0.000000 -1.011748 0.000000 0.023631 0.000000 3.085594  
 18 11 12  0.000000 0.895144 0.000000 0.017373 -0.000000 2.726777 0.000000 -0.895144 -0.000000 -0.017373 -0.000000 2.730021  
 19 12 13  0.000000 1.012026 0.000000 -0.018735 -0.000000 3.086442 0.000000 -1.012026 -0.000000 0.018735 -0.000000 3.082871  
 20 13 10  0.000000 0.894866 -0.000000 0.023002 0.000000 2.729173 0.000000 -0.894866 0.000000 -0.023002 0.000000 2.725929  
 21 15 16  0.000000 0.529058 -0.000000 -0.017116 0.000000 1.608874 0.000000 -0.529058 0.000000 0.017116 0.000000 1.616261  
 22 16 17  0.000000 0.507436 -0.000000 0.014882 0.000000 1.543252 0.000000 -0.507436 0.000000 -0.014882 0.000000 1.550080  
 23 17 18  0.000000 0.529389 0.000000 -0.015302 -0.000000 1.617270 0.000000 -0.529389 -0.000000 0.015302 -0.000000 1.609883  
 24 18 15  0.000000 0.507105 0.000000 0.016854 -0.000000 1.549071 0.000000 -0.507105 -0.000000 -0.016854 -0.000000 1.542242  
