 1 1 5  39.051138 0.511710 0.478362 -0.000052 -1.376437 1.316269 -39.051138 -0.511710 -0.478362 0.000052 -0.373220 0.555363  
 2 2 6  35.218343 0.512319 0.478690 -0.000052 -1.377696 1.317654 -35.218343 -0.512319 -0.478690 0.000052 -0.373161 0.556202  
 3 3 7  32.948809 0.512684 0.479333 -0.000052 -1.379171 1.318772 -32.948809 -0.512684 -0.479333 0.000052 -0.374038 0.556422  
 4 4 8  36.781710 0.512103 0.478978 -0.000052 -1.377842 1.317466 -36.781710 -0.512103 -0.478978 0.000052 -0.374068 0.555602  
 5 5 10  25.952267 0.503555 0.759391 -0.000023 -1.525650 0.893632 -25.952267 -0.503555 -0.759391 0.000023 -1.251898 0.948173  
 6 6 11  23.365954 0.503779 0.759878 -0.000023 -1.526035 0.894047 -23.365954 -0.503779 -0.759878 0.000023 -1.253296 0.948575  
 7 7 12  22.047702 0.503903 0.760116 -0.000023 -1.526454 0.893999 -22.047702 -0.503903 -0.760116 0.000023 -1.253744 0.949078  
 8 8 13  24.634078 0.503692 0.759619 -0.000023 -1.526058 0.893616 -24.634078 -0.503692 -0.759619 0.000023 -1.252326 0.948688  
 9 10 15  12.731678 0.292712 0.737305 -0.003303 -1.145057 0.380142 -12.731678 -0.292712 -0.737305 0.003303 -1.551710 0.690480  
 10 11 16  11.717030 0.287607 0.736080 -0.003303 -1.143866 0.373499 -11.717030 -0.287607 -0.736080 0.003303 -1.548420 0.678451  
 11 12 17  11.268322 0.286881 0.732495 -0.003303 -1.139182 0.372532 -11.268322 -0.286881 -0.732495 0.003303 -1.539994 0.676763  
 12 13 18  12.282969 0.292403 0.734597 -0.003303 -1.141696 0.379858 -12.282969 -0.292403 -0.734597 0.003303 -1.545167 0.689634  
 13 5 6  0.000000 -0.623246 0.000000 0.000611 -0.000000 -1.899482 0.000000 0.623246 -0.000000 -0.000611 -0.000000 -1.899828  
 14 6 7  0.000000 -0.475636 0.000000 -0.000632 -0.000000 -1.449638 0.000000 0.475636 -0.000000 0.000632 -0.000000 -1.449836  
 15 7 8  0.000000 -0.623257 -0.000000 0.000585 0.000000 -1.899860 0.000000 0.623257 0.000000 -0.000585 0.000000 -1.899514  
 16 8 5  0.000000 -0.475625 -0.000000 -0.000611 0.000000 -1.449803 0.000000 0.475625 0.000000 0.000611 0.000000 -1.449606  
 17 10 11  0.000000 -0.785841 -0.000000 -0.003145 0.000000 -2.395464 0.000000 0.785841 0.000000 0.003145 0.000000 -2.395020  
 18 11 12  0.000000 -0.434764 0.000000 0.002142 -0.000000 -1.325219 0.000000 0.434764 -0.000000 -0.002142 -0.000000 -1.325102  
 19 12 13  0.000000 -0.785856 0.000000 -0.003493 -0.000000 -2.395068 0.000000 0.785856 -0.000000 0.003493 -0.000000 -2.395513  
 20 13 10  0.000000 -0.434748 -0.000000 0.001491 0.000000 -1.325054 0.000000 0.434748 0.000000 -0.001491 0.000000 -1.325171  
 21 15 16  0.000000 -0.507324 0.000000 -0.006014 -0.000000 -1.548438 0.000000 0.507324 -0.000000 0.006014 -0.000000 -1.544207  
 22 16 17  0.000000 -0.224354 0.000000 0.004213 -0.000000 -0.684465 0.000000 0.224354 -0.000000 -0.004213 -0.000000 -0.683198  
 23 17 18  0.000000 -0.507324 -0.000000 -0.006435 0.000000 -1.544207 0.000000 0.507324 0.000000 0.006435 0.000000 -1.548438  
 24 18 15  0.000000 -0.224354 -0.000000 0.003271 0.000000 -0.683199 0.000000 0.224354 0.000000 -0.003271 0.000000 -0.684466  
