 1 1 5  42.493615 1.130098 1.762744 0.023173 -4.327436 3.064074 -42.493615 -1.130098 -1.762744 -0.023173 -2.119977 1.069372  
 2 2 6  36.676799 1.101982 1.746891 0.023173 -4.262128 2.988764 -36.676799 -1.101982 -1.746891 -0.023173 -2.127300 1.041847  
 3 3 7  29.510973 1.075118 1.689562 0.023173 -4.107118 2.884126 -29.510973 -1.075118 -1.689562 -0.023173 -2.072625 1.048224  
 4 4 8  35.318613 1.115194 1.721472 0.023173 -4.217077 2.993102 -35.318613 -1.115194 -1.721472 -0.023173 -2.079377 1.085830  
 5 5 10  27.803943 1.471232 1.387352 0.029760 -2.271740 2.853459 -27.803943 -1.471232 -1.387352 -0.029760 -2.802640 2.527718  
 6 6 11  24.824192 1.441709 1.385565 0.029760 -2.274297 2.801083 -24.824192 -1.441709 -1.385565 -0.029760 -2.793545 2.472113  
 7 7 12  20.199860 1.417278 1.318864 0.029760 -2.158331 2.755281 -20.199860 -1.417278 -1.318864 -0.029760 -2.665546 2.428554  
 8 8 13  23.172006 1.464962 1.337792 0.029760 -2.186315 2.842641 -23.172006 -1.464962 -1.337792 -0.029760 -2.706792 2.515603  
 9 10 15  13.291554 1.260339 0.499095 -0.000205 -0.492647 1.948602 -13.291554 -1.260339 -0.499095 0.000205 -1.332841 2.661216  
 10 11 16  12.433045 1.240888 0.503597 -0.000205 -0.511476 1.920730 -12.433045 -1.240888 -0.503597 0.000205 -1.330482 2.617941  
 11 12 17  10.710488 1.234247 0.480508 -0.000205 -0.480616 1.923262 -10.710488 -1.234247 -0.480508 0.000205 -1.276890 2.591118  
 12 13 18  11.564914 1.259365 0.477883 -0.000205 -0.467092 1.963375 -11.564914 -1.259365 -0.477883 0.000205 -1.280814 2.642878  
 13 5 6  0.000000 -1.418336 -0.000000 -0.039352 0.000000 -4.329303 0.000000 1.418336 0.000000 0.039352 0.000000 -4.316875  
 14 6 7  0.000000 -1.270943 0.000000 0.084722 -0.000000 -3.882282 0.000000 1.270943 -0.000000 -0.084722 -0.000000 -3.865390  
 15 7 8  0.000000 -1.417943 0.000000 -0.061884 -0.000000 -4.315678 0.000000 1.417943 -0.000000 0.061884 -0.000000 -4.328106  
 16 8 5  0.000000 -1.271336 -0.000000 0.062414 0.000000 -3.866587 0.000000 1.271336 0.000000 -0.062414 0.000000 -3.883479  
 17 10 11  0.000000 -1.060181 -0.000000 -0.040396 0.000000 -3.235928 0.000000 1.060181 0.000000 0.040396 0.000000 -3.226934  
 18 11 12  0.000000 -1.451328 -0.000000 0.078088 0.000000 -4.433239 0.000000 1.451328 0.000000 -0.078088 0.000000 -4.414055  
 19 12 13  0.000000 -1.059300 0.000000 -0.062239 -0.000000 -3.224250 0.000000 1.059300 -0.000000 0.062239 -0.000000 -3.233243  
 20 13 10  0.000000 -1.452208 0.000000 0.059359 -0.000000 -4.416740 0.000000 1.452208 -0.000000 -0.059359 -0.000000 -4.435923  
 21 15 16  0.000000 -0.428744 -0.000000 -0.020082 0.000000 -1.308383 0.000000 0.428744 0.000000 0.020082 0.000000 -1.305241  
 22 16 17  0.000000 -0.861789 -0.000000 0.025241 0.000000 -2.638023 0.000000 0.861789 0.000000 -0.025241 0.000000 -2.615443  
 23 17 18  0.000000 -0.427724 0.000000 -0.024325 -0.000000 -1.302130 0.000000 0.427724 -0.000000 0.024325 -0.000000 -1.305272  
 24 18 15  0.000000 -0.862810 0.000000 0.024458 -0.000000 -2.618553 0.000000 0.862810 -0.000000 -0.024458 -0.000000 -2.641134  
