 1 1 5  30.197901 -0.327269 -2.734991 -0.017690 6.613818 -0.783243 -30.197901 0.327269 2.734991 0.017690 3.389686 -0.413776  
 2 2 6  40.991307 -0.352615 -2.852755 -0.017690 7.013572 -0.843621 -40.991307 0.352615 2.852755 0.017690 3.420666 -0.446105  
 3 3 7  41.803187 -0.353336 -2.862438 -0.017690 7.040022 -0.846182 -41.803187 0.353336 2.862438 0.017690 3.429631 -0.446178  
 4 4 8  31.007605 -0.329039 -2.751735 -0.017690 6.654934 -0.787704 -31.007605 0.329039 2.751735 0.017690 3.409814 -0.415789  
 5 5 10  20.893373 -0.304689 -2.242673 -0.037133 3.882523 -0.449720 -20.893373 0.304689 2.242673 0.037133 4.320278 -0.664709  
 6 6 11  26.887779 -0.333957 -2.280852 -0.037133 3.912797 -0.494370 -26.887779 0.333957 2.280852 0.037133 4.429648 -0.727112  
 7 7 12  27.107428 -0.333763 -2.284119 -0.037133 3.917984 -0.493185 -27.107428 0.333763 2.284119 0.037133 4.436410 -0.727585  
 8 8 13  21.111421 -0.304801 -2.248905 -0.037133 3.893357 -0.449362 -21.111421 0.304801 2.248905 0.037133 4.332238 -0.665477  
 9 10 15  11.032807 0.097026 -1.306117 0.004495 1.775011 0.291541 -11.032807 -0.097026 1.306117 -0.004495 3.002243 0.063340  
 10 11 16  13.010609 0.101145 -1.296253 0.004495 1.711134 0.301072 -13.010609 -0.101145 1.296253 -0.004495 3.030042 0.068875  
 11 12 17  12.967584 0.101312 -1.295168 0.004495 1.709728 0.301537 -12.967584 -0.101312 1.295168 -0.004495 3.027477 0.069023  
 12 13 18  10.989000 0.097167 -1.304836 0.004495 1.773264 0.291971 -10.989000 -0.097167 1.304836 -0.004495 2.999306 0.063426  
 13 5 6  0.000000 2.399572 0.000000 -0.038271 -0.000000 7.287471 0.000000 -2.399572 -0.000000 0.038271 -0.000000 7.340320  
 14 6 7  0.000000 0.296043 -0.000000 0.006857 0.000000 0.902204 0.000000 -0.296043 0.000000 -0.006857 0.000000 0.902476  
 15 7 8  0.000000 2.399716 -0.000000 -0.036888 0.000000 7.340758 0.000000 -2.399716 0.000000 0.036888 0.000000 7.287908  
 16 8 5  0.000000 0.295900 0.000000 0.015262 -0.000000 0.902039 0.000000 -0.295900 -0.000000 -0.015262 -0.000000 0.901767  
 17 10 11  0.000000 2.008404 0.000000 -0.026124 -0.000000 6.100083 0.000000 -2.008404 -0.000000 0.026124 -0.000000 6.143148  
 18 11 12  0.000000 0.131234 0.000000 0.002366 -0.000000 0.399916 0.000000 -0.131234 -0.000000 -0.002366 -0.000000 0.400089  
 19 12 13  0.000000 2.008609 -0.000000 -0.025959 0.000000 6.143772 0.000000 -2.008609 0.000000 0.025959 0.000000 6.100707  
 20 13 10  0.000000 0.131030 -0.000000 0.004794 0.000000 0.399465 0.000000 -0.131030 0.000000 -0.004794 0.000000 0.399292  
 21 15 16  0.000000 0.988999 -0.000000 0.003065 0.000000 3.000476 0.000000 -0.988999 0.000000 -0.003065 0.000000 3.028461  
 22 16 17  0.000000 -0.021610 -0.000000 -0.001581 0.000000 -0.065809 0.000000 0.021610 0.000000 0.001581 0.000000 -0.065926  
 23 17 18  0.000000 0.989195 0.000000 0.003097 -0.000000 3.029057 0.000000 -0.989195 -0.000000 -0.003097 -0.000000 3.001073  
 24 18 15  0.000000 -0.021806 0.000000 -0.001767 -0.000000 -0.066523 0.000000 0.021806 -0.000000 0.001767 -0.000000 -0.066406  
