 1 1 5  36.261747 -0.031821 -0.428897 -0.000052 0.934495 -0.028088 -36.261747 0.031821 0.428897 0.000052 0.634240 -0.088302  
 2 2 6  36.289632 -0.031213 -0.428432 -0.000052 0.933069 -0.026702 -36.289632 0.031213 0.428432 0.000052 0.633964 -0.087463  
 3 3 7  35.738169 -0.030808 -0.427791 -0.000052 0.931596 -0.025537 -35.738169 0.030808 0.427791 0.000052 0.633091 -0.087148  
 4 4 8  35.710452 -0.031384 -0.428286 -0.000052 0.933095 -0.026839 -35.710452 0.031384 0.428286 0.000052 0.633406 -0.087950  
 5 5 10  24.415704 0.069658 -0.076179 -0.000016 -0.052742 0.199110 -24.415704 -0.069658 0.076179 0.000016 0.331374 0.055670  
 6 6 11  24.062493 0.069888 -0.076183 -0.000016 -0.052680 0.199545 -24.062493 -0.069888 0.076183 0.000016 0.331327 0.056076  
 7 7 12  23.584233 0.069860 -0.075946 -0.000016 -0.053099 0.199362 -23.584233 -0.069860 0.075946 0.000016 0.330879 0.056159  
 8 8 13  23.937570 0.069645 -0.075951 -0.000016 -0.053151 0.198962 -23.937570 -0.069645 0.075951 0.000016 0.330950 0.055773  
 9 10 15  12.237295 0.183940 0.237696 -0.000011 -0.491551 0.327446 -12.237295 -0.183940 -0.237696 0.000011 -0.377846 0.345331  
 10 11 16  11.989343 0.183993 0.237703 -0.000011 -0.491541 0.327525 -11.989343 -0.183993 -0.237703 0.000011 -0.377883 0.345449  
 11 12 17  11.762674 0.183981 0.237763 -0.000011 -0.491635 0.327469 -11.762674 -0.183981 -0.237763 0.000011 -0.378007 0.345459  
 12 13 18  12.010689 0.183927 0.237758 -0.000011 -0.491652 0.327387 -12.010689 -0.183927 -0.237758 0.000011 -0.377971 0.345345  
 13 5 6  0.000000 0.190542 0.000000 0.000621 -0.000000 0.580892 0.000000 -0.190542 -0.000000 -0.000621 -0.000000 0.580655  
 14 6 7  0.000000 -0.036596 0.000000 -0.000630 -0.000000 -0.111461 0.000000 0.036596 -0.000000 0.000630 -0.000000 -0.111629  
 15 7 8  0.000000 0.190532 -0.000000 0.000585 0.000000 0.580623 0.000000 -0.190532 0.000000 -0.000585 0.000000 0.580860  
 16 8 5  0.000000 -0.036586 -0.000000 -0.000606 0.000000 -0.111597 0.000000 0.036586 0.000000 0.000606 0.000000 -0.111429  
 17 10 11  0.000000 -0.052637 -0.000000 0.000219 0.000000 -0.160416 0.000000 0.052637 0.000000 -0.000219 0.000000 -0.160461  
 18 11 12  0.000000 -0.125787 0.000000 -0.000248 -0.000000 -0.383382 0.000000 0.125787 -0.000000 0.000248 -0.000000 -0.383417  
 19 12 13  0.000000 -0.052653 0.000000 0.000210 -0.000000 -0.160508 0.000000 0.052653 -0.000000 -0.000210 -0.000000 -0.160463  
 20 13 10  0.000000 -0.125772 -0.000000 -0.000239 0.000000 -0.383370 0.000000 0.125772 0.000000 0.000239 0.000000 -0.383335  
 21 15 16  0.000000 -0.123984 -0.000000 0.000035 0.000000 -0.377885 0.000000 0.123984 0.000000 -0.000035 0.000000 -0.377921  
 22 16 17  0.000000 -0.113327 -0.000000 -0.000038 0.000000 -0.345414 0.000000 0.113327 0.000000 0.000038 0.000000 -0.345426  
 23 17 18  0.000000 -0.124000 0.000000 0.000033 -0.000000 -0.377969 0.000000 0.124000 -0.000000 -0.000033 -0.000000 -0.377932  
 24 18 15  0.000000 -0.113311 0.000000 -0.000038 -0.000000 -0.345378 0.000000 0.113311 -0.000000 0.000038 -0.000000 -0.345366  
