 1 1 5  44.421549 -3.420012 0.862432 0.519072 -3.198987 -6.999527 -44.421549 3.420012 -0.862432 -0.519072 0.044556 -5.509510  
 2 2 6  29.606327 -3.132235 0.946264 0.519072 -3.172468 -6.374519 -29.606327 3.132235 -0.946264 -0.519072 -0.288587 -5.081943  
 3 3 7  27.603675 -3.054527 0.904825 0.519072 -3.068712 -6.193855 -27.603675 3.054527 -0.904825 -0.519072 -0.240778 -4.978383  
 4 4 8  42.368449 -3.367160 0.823097 0.519072 -3.107291 -6.858883 -42.368449 3.367160 -0.823097 -0.519072 0.096730 -5.456842  
 5 5 10  31.440090 0.104001 3.393475 0.293279 -6.935692 1.701447 -31.440090 -0.104001 -3.393475 -0.293279 -5.476281 -1.321053  
 6 6 11  20.990661 0.109862 3.226036 0.293279 -6.541304 1.551633 -20.990661 -0.109862 -3.226036 -0.293279 -5.258245 -1.149803  
 7 7 12  16.583988 0.124494 3.003730 0.293279 -6.101352 1.465192 -16.583988 -0.124494 -3.003730 -0.293279 -4.885090 -1.009841  
 8 8 13  26.985261 0.117294 3.243970 0.293279 -6.640466 1.660478 -26.985261 -0.117294 -3.243970 -0.293279 -5.224678 -1.231462  
 9 10 15  15.208434 2.265457 2.985061 -0.024116 -4.761381 4.335217 -15.208434 -2.265457 -2.985061 0.024116 -6.156778 3.950919  
 10 11 16  11.298772 2.116936 2.991920 -0.024116 -4.905531 4.012444 -11.298772 -2.116936 -2.991920 0.024116 -6.037715 3.730460  
 11 12 17  8.807116 2.065051 2.839724 -0.024116 -4.700817 3.871390 -8.807116 -2.065051 -2.839724 0.024116 -5.685756 3.681739  
 12 13 18  12.685678 2.225462 2.859981 -0.024116 -4.602407 4.219043 -12.685678 -2.225462 -2.859981 0.024116 -5.858258 3.920807  
 13 5 6  0.000000 -2.182610 -0.000000 0.139749 0.000000 -6.718309 0.000000 2.182610 0.000000 -0.139749 0.000000 -6.586883  
 14 6 7  0.000000 1.201724 -0.000000 0.243007 0.000000 3.670060 0.000000 -1.201724 0.000000 -0.243007 0.000000 3.655651  
 15 7 8  0.000000 -2.182037 0.000000 0.142460 -0.000000 -6.585137 0.000000 2.182037 -0.000000 -0.142460 -0.000000 -6.716563  
 16 8 5  0.000000 1.201151 0.000000 0.172827 -0.000000 3.653905 0.000000 -1.201151 -0.000000 -0.172827 -0.000000 3.668314  
 17 10 11  0.000000 -3.267751 0.000000 -0.069263 -0.000000 -10.038872 0.000000 3.267751 -0.000000 0.069263 -0.000000 -9.881340  
 18 11 12  0.000000 -0.959641 -0.000000 0.282436 0.000000 -2.931904 0.000000 0.959641 0.000000 -0.282436 0.000000 -2.918067  
 19 12 13  0.000000 -3.263487 -0.000000 -0.056518 0.000000 -9.868343 0.000000 3.263487 0.000000 0.056518 0.000000 -10.025875  
 20 13 10  0.000000 -0.963905 0.000000 0.198790 -0.000000 -2.931063 0.000000 0.963905 -0.000000 -0.198790 -0.000000 -2.944901  
 21 15 16  0.000000 -1.950943 0.000000 -0.098381 -0.000000 -6.019367 0.000000 1.950943 -0.000000 0.098381 -0.000000 -5.873584  
 22 16 17  0.000000 -1.249715 -0.000000 0.164130 0.000000 -3.828840 0.000000 1.249715 0.000000 -0.164130 0.000000 -3.789424  
 23 17 18  0.000000 -1.943168 -0.000000 -0.107685 0.000000 -5.849886 0.000000 1.943168 0.000000 0.107685 0.000000 -5.995668  
 24 18 15  0.000000 -1.257490 0.000000 0.137411 -0.000000 -3.813122 0.000000 1.257490 -0.000000 -0.137411 -0.000000 -3.852539  
