 1 1 5  23.574687 -0.208421 -5.427214 0.399511 12.286122 -0.751267 -23.574687 0.208421 5.427214 -0.399511 7.564457 -0.011053  
 2 2 6  42.515194 -0.224996 -6.098387 0.399511 14.104458 -0.862153 -42.515194 0.224996 6.098387 -0.399511 8.201003 0.039206  
 3 3 7  48.485005 -0.213396 -6.301919 0.399511 14.579274 -0.870543 -48.485005 0.213396 6.301919 -0.399511 8.470626 0.090027  
 4 4 8  29.425115 -0.204633 -5.773315 0.399511 13.042477 -0.775552 -29.425115 0.204633 5.773315 -0.399511 8.074000 0.027085  
 5 5 10  17.103285 -0.930184 -3.917157 0.147338 6.471374 -2.039549 -17.103285 0.930184 3.917157 -0.147338 7.856019 -1.362692  
 6 6 11  26.415119 -1.047288 -4.007936 0.147338 6.406674 -2.333224 -26.415119 1.047288 4.007936 -0.147338 8.252754 -1.497335  
 7 7 12  30.940755 -1.055115 -4.198050 0.147338 6.738642 -2.375912 -30.940755 1.055115 4.198050 -0.147338 8.616146 -1.483276  
 8 8 13  21.540841 -0.938241 -4.154380 0.147338 6.865026 -2.104861 -21.540841 0.938241 4.154380 -0.147338 8.330033 -1.326848  
 9 10 15  9.734743 -1.411383 -1.624311 -0.061279 1.964688 -2.427799 -9.734743 1.411383 1.624311 0.061279 3.976391 -2.734476  
 10 11 16  12.402482 -1.526343 -1.582388 -0.061279 1.751302 -2.665819 -12.402482 1.526343 1.582388 0.061279 4.036441 -2.916933  
 11 12 17  14.288039 -1.544606 -1.649055 -0.061279 1.818817 -2.711046 -14.288039 1.544606 1.649055 0.061279 4.212765 -2.938504  
 12 13 18  11.574736 -1.436756 -1.700036 -0.061279 2.042234 -2.489516 -11.574736 1.436756 1.700036 0.061279 4.175817 -2.765562  
 13 5 6  0.000000 4.818250 -0.000000 -0.109782 0.000000 14.475503 0.000000 -4.818250 0.000000 0.109782 0.000000 14.896547  
 14 6 7  0.000000 0.718175 -0.000000 0.288869 0.000000 2.184236 0.000000 -0.718175 0.000000 -0.288869 0.000000 2.193756  
 15 7 8  0.000000 4.826075 0.000000 -0.092129 -0.000000 14.920399 0.000000 -4.826075 -0.000000 0.092129 -0.000000 14.499355  
 16 8 5  0.000000 0.710349 0.000000 0.439671 -0.000000 2.169904 0.000000 -0.710349 -0.000000 -0.439671 -0.000000 2.160384  
 17 10 11  0.000000 3.327362 0.000000 -0.170133 -0.000000 10.080288 0.000000 -3.327362 -0.000000 0.170133 -0.000000 10.203310  
 18 11 12  0.000000 1.314725 0.000000 0.199254 -0.000000 3.993022 0.000000 -1.314725 -0.000000 -0.199254 -0.000000 4.021541  
 19 12 13  0.000000 3.337991 -0.000000 -0.172780 0.000000 10.235708 0.000000 -3.337991 0.000000 0.172780 0.000000 10.112685  
 20 13 10  0.000000 1.304096 -0.000000 0.259582 0.000000 3.989144 0.000000 -1.304096 0.000000 -0.259582 0.000000 3.960624  
 21 15 16  0.000000 1.339565 0.000000 -0.073869 -0.000000 4.058744 0.000000 -1.339565 -0.000000 0.073869 -0.000000 4.107243  
 22 16 17  0.000000 0.937083 0.000000 0.070802 -0.000000 2.843065 0.000000 -0.937083 -0.000000 -0.070802 -0.000000 2.869393  
 23 17 18  0.000000 1.350956 -0.000000 -0.069111 0.000000 4.141963 0.000000 -1.350956 0.000000 0.069111 0.000000 4.093464  
 24 18 15  0.000000 0.925692 -0.000000 0.082353 0.000000 2.834673 0.000000 -0.925692 0.000000 -0.082353 0.000000 2.808345  
