 1 1 5  31.797434 -0.368653 -1.219220 0.001579 2.975016 -1.210901 -31.797434 0.368653 1.219220 -0.001579 1.484404 -0.137485  
 2 2 6  35.735867 -0.371697 -1.221222 0.001579 2.981814 -1.218676 -35.735867 0.371697 1.221222 -0.001579 1.484929 -0.140844  
 3 3 7  40.203112 -0.369695 -1.221475 0.001579 2.982475 -1.216120 -40.203112 0.369695 1.221475 -0.001579 1.485193 -0.136076  
 4 4 8  36.263587 -0.370113 -1.223667 0.001579 2.986076 -1.217034 -36.263587 0.370113 1.223667 -0.001579 1.489609 -0.136690  
 5 5 10  21.403682 -0.909977 -0.839354 0.003770 1.361848 -1.891797 -21.403682 0.909977 0.839354 -0.003770 1.708173 -1.436534  
 6 6 11  23.466981 -0.916669 -0.842544 0.003770 1.368053 -1.904692 -23.466981 0.916669 0.842544 -0.003770 1.713636 -1.448117  
 7 7 12  26.596783 -0.916156 -0.848110 0.003770 1.378541 -1.905456 -26.596783 0.916156 0.848110 -0.003770 1.723507 -1.445478  
 8 8 13  24.532554 -0.913119 -0.848466 0.003770 1.378737 -1.899514 -24.532554 0.913119 0.848466 -0.003770 1.724611 -1.440309  
 9 10 15  11.060390 -0.902383 -0.383600 0.004426 0.435657 -1.437357 -11.060390 0.902383 0.383600 -0.004426 0.967399 -1.863198  
 10 11 16  11.705858 -0.913086 -0.384499 0.004426 0.435148 -1.452438 -11.705858 0.913086 0.384499 -0.004426 0.971194 -1.887264  
 11 12 17  12.939890 -0.915536 -0.396775 0.004426 0.451168 -1.453560 -12.939890 0.915536 0.396775 -0.004426 1.000078 -1.895107  
 12 13 18  12.293863 -0.906900 -0.396471 0.004426 0.452327 -1.441688 -12.293863 0.906900 0.396471 -0.004426 0.997804 -1.875389  
 13 5 6  0.000000 0.937587 0.000000 -0.008066 -0.000000 2.857237 0.000000 -0.937587 -0.000000 0.008066 -0.000000 2.858296  
 14 6 7  0.000000 0.668701 -0.000000 0.005314 0.000000 2.037471 0.000000 -0.668701 0.000000 -0.005314 0.000000 2.038930  
 15 7 8  0.000000 0.937628 -0.000000 -0.002602 0.000000 2.858419 0.000000 -0.937628 0.000000 0.002602 0.000000 2.857361  
 16 8 5  0.000000 0.668660 0.000000 0.010985 -0.000000 2.038806 0.000000 -0.668660 -0.000000 -0.010985 -0.000000 2.037347  
 17 10 11  0.000000 0.708962 -0.000000 -0.013191 0.000000 2.160243 0.000000 -0.708962 0.000000 0.013191 0.000000 2.161588  
 18 11 12  0.000000 0.947838 -0.000000 0.012804 0.000000 2.887365 0.000000 -0.947838 0.000000 -0.012804 0.000000 2.890659  
 19 12 13  0.000000 0.709054 0.000000 -0.008379 -0.000000 2.161870 0.000000 -0.709054 -0.000000 0.008379 -0.000000 2.160526  
 20 13 10  0.000000 0.947746 0.000000 0.016413 -0.000000 2.890376 0.000000 -0.947746 -0.000000 -0.016413 -0.000000 2.887082  
 21 15 16  0.000000 0.322804 0.000000 -0.011820 -0.000000 0.982389 0.000000 -0.322804 -0.000000 0.011820 -0.000000 0.985423  
 22 16 17  0.000000 0.616946 0.000000 0.014229 -0.000000 1.875444 0.000000 -0.616946 -0.000000 -0.014229 -0.000000 1.885461  
 23 17 18  0.000000 0.322943 -0.000000 -0.009646 0.000000 0.985849 0.000000 -0.322943 0.000000 0.009646 0.000000 0.982814  
 24 18 15  0.000000 0.616807 -0.000000 0.014990 0.000000 1.885035 0.000000 -0.616807 0.000000 -0.014990 0.000000 1.875018  
