 1 1 5  40.222453 1.728312 1.056001 -0.011138 -2.649575 4.081923 -40.222453 -1.728312 -1.056001 0.011138 -1.212854 2.239552  
 2 2 6  35.636720 1.707761 1.044093 -0.011138 -2.610813 4.027763 -35.636720 -1.707761 -1.044093 0.011138 -1.208060 2.218543  
 3 3 7  31.778747 1.688154 1.024019 -0.011138 -2.556854 3.968627 -31.778747 -1.688154 -1.024019 0.011138 -1.188597 2.205966  
 4 4 8  36.362080 1.716382 1.041912 -0.011138 -2.612379 4.044028 -36.362080 -1.716382 -1.041912 0.011138 -1.198518 2.233811  
 5 5 10  26.116108 0.999246 0.891681 -0.007142 -1.604101 1.392320 -26.116108 -0.999246 -0.891681 0.007142 -1.657313 2.262524  
 6 6 11  23.371641 0.991263 0.892121 -0.007142 -1.609690 1.381273 -23.371641 -0.991263 -0.892121 0.007142 -1.653331 2.244371  
 7 7 12  21.884745 0.990663 0.886358 -0.007142 -1.600835 1.384627 -21.884745 -0.990663 -0.886358 0.007142 -1.641108 2.238823  
 8 8 13  24.627506 1.001220 0.888277 -0.007142 -1.599587 1.400112 -24.627506 -1.001220 -0.888277 0.007142 -1.649376 2.261950  
 9 10 15  12.631169 0.005398 0.692394 -0.002263 -0.992067 -0.370054 -12.631169 -0.005398 -0.692394 0.002263 -1.540433 0.389797  
 10 11 16  11.621910 0.002441 0.693018 -0.002263 -0.996636 -0.372768 -11.621910 -0.002441 -0.693018 0.002263 -1.538148 0.381695  
 11 12 17  11.369266 0.003049 0.691236 -0.002263 -0.994598 -0.370349 -11.369266 -0.003049 -0.691236 0.002263 -1.533667 0.381503  
 12 13 18  12.377655 0.005967 0.691271 -0.002263 -0.990853 -0.367950 -12.377655 -0.005967 -0.691271 0.002263 -1.537540 0.389775  
 13 5 6  0.000000 -0.920546 -0.000000 -0.015764 0.000000 -2.807794 0.000000 0.920546 0.000000 0.015764 0.000000 -2.803855  
 14 6 7  0.000000 -1.185626 -0.000000 0.013895 0.000000 -3.615580 0.000000 1.185626 0.000000 -0.013895 0.000000 -3.611994  
 15 7 8  0.000000 -0.920373 0.000000 -0.021401 -0.000000 -2.803327 0.000000 0.920373 -0.000000 0.021401 -0.000000 -2.807266  
 16 8 5  0.000000 -1.185799 0.000000 0.009161 -0.000000 -3.612522 0.000000 1.185799 -0.000000 -0.009161 -0.000000 -3.616108  
 17 10 11  0.000000 -0.867500 0.000000 -0.010116 -0.000000 -2.645123 0.000000 0.867500 -0.000000 0.010116 -0.000000 -2.643155  
 18 11 12  0.000000 -0.617230 -0.000000 0.006812 0.000000 -1.881718 0.000000 0.617230 0.000000 -0.006812 0.000000 -1.880919  
 19 12 13  0.000000 -0.867291 -0.000000 -0.012445 0.000000 -2.642518 0.000000 0.867291 0.000000 0.012445 0.000000 -2.644486  
 20 13 10  0.000000 -0.617439 0.000000 0.004257 -0.000000 -1.881555 0.000000 0.617439 -0.000000 -0.004257 -0.000000 -1.882355  
 21 15 16  0.000000 -0.504520 0.000000 -0.003720 -0.000000 -1.539318 0.000000 0.504520 -0.000000 0.003720 -0.000000 -1.536239  
 22 16 17  0.000000 -0.126431 0.000000 0.001909 -0.000000 -0.385415 0.000000 0.126431 -0.000000 -0.001909 -0.000000 -0.385307  
 23 17 18  0.000000 -0.504303 -0.000000 -0.003805 0.000000 -1.535576 0.000000 0.504303 0.000000 0.003805 0.000000 -1.538655  
 24 18 15  0.000000 -0.126648 -0.000000 0.001115 0.000000 -0.385970 0.000000 0.126648 0.000000 -0.001115 0.000000 -0.386078  
