 1 1 5  60.948091 6.289948 6.269143 -0.151524 -14.518316 14.545863 -60.948091 -6.289948 -6.269143 0.151524 -8.411703 8.460250  
 2 2 6  34.584860 5.359938 5.846599 -0.151524 -13.161971 12.519273 -34.584860 -5.359938 -5.846599 0.151524 -8.222550 7.085237  
 3 3 7  11.506348 4.642668 4.676725 -0.151524 -10.639734 10.582721 -11.506348 -4.642668 -4.676725 0.151524 -6.465854 6.398299  
 4 4 8  36.960701 5.906427 5.444091 -0.151524 -12.721226 13.313574 -36.960701 -5.906427 -5.444091 0.151524 -7.191083 8.289774  
 5 5 10  38.861614 4.723482 4.501400 -0.187308 -8.239941 8.291088 -38.861614 -4.723482 -4.501400 0.187308 -8.224381 8.985519  
 6 6 11  22.643748 4.093216 4.560028 -0.187308 -8.441063 7.162089 -22.643748 -4.093216 -4.560028 0.187308 -8.237694 7.809257  
 7 7 12  9.498450 3.871592 3.811402 -0.187308 -7.013894 6.966338 -9.498450 -3.871592 -3.811402 0.187308 -6.926690 7.194397  
 8 8 13  24.996188 4.745080 3.992079 -0.187308 -7.284753 8.475109 -24.996188 -4.745080 -3.992079 0.187308 -7.316675 8.880496  
 9 10 15  17.369916 3.497334 4.710263 0.091618 -7.730732 5.429463 -17.369916 -3.497334 -4.710263 -0.091618 -9.497525 7.362386  
 10 11 16  11.241773 3.250152 4.627931 0.091618 -7.678928 5.106159 -11.241773 -3.250152 -4.627931 -0.091618 -9.248192 6.781599  
 11 12 17  6.815655 3.250253 4.297631 0.091618 -7.095146 5.185228 -6.815655 -3.250253 -4.297631 -0.091618 -8.623868 6.702896  
 12 13 18  12.572656 3.524521 4.398875 0.091618 -7.232991 5.625308 -12.572656 -3.524521 -4.398875 -0.091618 -8.856334 7.265981  
 13 5 6  0.000000 -5.049089 -0.000000 -1.180092 0.000000 -15.635654 0.000000 5.049089 0.000000 1.180092 0.000000 -15.143594  
 14 6 7  0.000000 -4.990201 -0.000000 1.520018 0.000000 -15.427418 0.000000 4.990201 0.000000 -1.520018 0.000000 -14.992847  
 15 7 8  0.000000 -5.001902 0.000000 -1.628209 -0.000000 -14.999766 0.000000 5.001902 -0.000000 1.628209 -0.000000 -15.491826  
 16 8 5  0.000000 -5.037388 0.000000 1.015990 -0.000000 -15.136674 0.000000 5.037388 -0.000000 -1.015990 -0.000000 -15.571246  
 17 10 11  0.000000 -5.001238 0.000000 -0.616819 -0.000000 -15.385354 0.000000 5.001238 -0.000000 0.616819 -0.000000 -15.102193  
 18 11 12  0.000000 -4.403213 0.000000 0.814429 -0.000000 -13.532235 0.000000 4.403213 -0.000000 -0.814429 -0.000000 -13.309750  
 19 12 13  0.000000 -4.913991 -0.000000 -0.930126 0.000000 -14.836265 0.000000 4.913991 0.000000 0.930126 0.000000 -15.119426  
 20 13 10  0.000000 -4.490459 -0.000000 0.569760 0.000000 -13.575678 0.000000 4.490459 0.000000 -0.569760 0.000000 -13.798162  
 21 15 16  0.000000 -3.017679 0.000000 -0.148988 -0.000000 -9.318335 0.000000 3.017679 -0.000000 0.148988 -0.000000 -9.077435  
 22 16 17  0.000000 -2.259452 0.000000 0.170757 -0.000000 -6.930587 0.000000 2.259452 -0.000000 -0.170757 -0.000000 -6.843033  
 23 17 18  0.000000 -2.924893 -0.000000 -0.140137 0.000000 -8.794625 0.000000 2.924893 0.000000 0.140137 0.000000 -9.035524  
 24 18 15  0.000000 -2.352238 -0.000000 0.179190 0.000000 -7.125843 0.000000 2.352238 0.000000 -0.179190 0.000000 -7.213397  
