 1 1 5  39.186085 5.221286 -4.490894 -0.042258 10.289621 12.551714 -39.186085 -5.221286 4.490894 0.042258 6.136275 6.545661  
 2 2 6  57.403568 5.770456 -4.681278 -0.042258 10.972579 13.819524 -57.403568 -5.770456 4.681278 0.042258 6.149664 7.286497  
 3 3 7  32.502116 5.397290 -4.027766 -0.042258 9.547028 12.457976 -32.502116 -5.397290 4.027766 0.042258 5.184930 7.283150  
 4 4 8  14.908231 4.474868 -3.617356 -0.042258 8.444546 10.453784 -14.908231 -4.474868 3.617356 0.042258 4.786297 5.913493  
 5 5 10  26.096619 4.926810 -4.171903 0.026544 7.316924 8.768944 -26.096619 -4.926810 4.171903 -0.026544 7.942228 9.251357  
 6 6 11  36.105609 5.348954 -4.179184 0.026544 7.252046 9.551257 -36.105609 -5.348954 4.179184 -0.026544 8.033738 10.013076  
 7 7 12  21.653322 5.297202 -3.725474 0.026544 6.473674 9.573126 -21.653322 -5.297202 3.725474 -0.026544 7.152620 9.801920  
 8 8 13  12.144450 4.648456 -3.589557 0.026544 6.362798 8.399615 -12.144450 -4.648456 3.589557 -0.026544 6.766365 8.602578  
 9 10 15  12.802135 3.252998 -2.113432 0.065101 3.005563 4.826510 -12.802135 -3.252998 2.113432 -0.065101 4.724527 7.071654  
 10 11 16  15.914836 3.440815 -2.082820 0.065101 2.869810 5.110265 -15.914836 -3.440815 2.082820 -0.065101 4.748311 7.474860  
 11 12 17  11.070639 3.438185 -1.937728 0.065101 2.700617 5.264727 -11.070639 -3.438185 1.937728 -0.065101 4.386818 7.310779  
 12 13 18  8.212390 3.239571 -1.957527 0.065101 2.820050 4.951692 -8.212390 -3.239571 1.957527 -0.065101 4.339800 6.897364  
 13 5 6  0.000000 4.088811 0.000000 0.714528 -0.000000 12.348192 0.000000 -4.088811 -0.000000 -0.714528 -0.000000 12.577203  
 14 6 7  0.000000 -5.209147 -0.000000 -0.824508 0.000000 -16.123225 0.000000 5.209147 0.000000 0.824508 0.000000 -15.631738  
 15 7 8  0.000000 4.057942 -0.000000 1.224538 0.000000 12.483112 0.000000 -4.057942 0.000000 -1.224538 0.000000 12.254101  
 16 8 5  0.000000 -5.178278 0.000000 -1.105006 -0.000000 -15.537646 0.000000 5.178278 -0.000000 1.105006 -0.000000 -16.029134  
 17 10 11  0.000000 3.417437 -0.000000 0.429138 0.000000 10.360702 0.000000 -3.417437 0.000000 -0.429138 0.000000 10.471992  
 18 11 12  0.000000 -4.773337 -0.000000 -0.431557 0.000000 -14.694203 0.000000 4.773337 0.000000 0.431557 0.000000 -14.404057  
 19 12 13  0.000000 3.356020 0.000000 0.662590 -0.000000 10.284794 0.000000 -3.356020 -0.000000 -0.662590 -0.000000 10.173504  
 20 13 10  0.000000 -4.711920 0.000000 -0.587089 -0.000000 -14.216859 0.000000 4.711920 -0.000000 0.587089 -0.000000 -14.507005  
 21 15 16  0.000000 1.524544 0.000000 0.104657 -0.000000 4.629110 0.000000 -1.524544 -0.000000 -0.104657 -0.000000 4.664511  
 22 16 17  0.000000 -2.390292 -0.000000 -0.083800 0.000000 -7.370203 0.000000 2.390292 0.000000 0.083800 0.000000 -7.201018  
 23 17 18  0.000000 1.460931 -0.000000 0.109761 0.000000 4.470619 0.000000 -1.460931 0.000000 -0.109761 0.000000 4.435217  
 24 18 15  0.000000 -2.326679 0.000000 -0.095417 -0.000000 -7.007126 0.000000 2.326679 -0.000000 0.095417 -0.000000 -7.176311  
