 1 1 5  34.671301 -0.052928 0.032442 -0.000025 0.054978 -0.217433 -34.671301 0.052928 -0.032442 0.000025 -0.173637 0.023844  
 2 2 6  36.114904 -0.052531 0.032657 -0.000025 0.054261 -0.216548 -36.114904 0.052531 -0.032657 0.000025 -0.173706 0.024411  
 3 3 7  37.328645 -0.052183 0.033072 -0.000025 0.053327 -0.215508 -37.328645 0.052183 -0.033072 0.000025 -0.174290 0.024644  
 4 4 8  35.885150 -0.052523 0.032797 -0.000025 0.054155 -0.216286 -35.885150 0.052523 -0.032797 0.000025 -0.174111 0.024176  
 5 5 10  22.957748 -0.209149 -0.244623 -0.000006 0.596858 -0.474657 -22.957748 0.209149 0.244623 0.000006 0.297875 -0.290328  
 6 6 11  24.123928 -0.208996 -0.244619 -0.000006 0.596853 -0.474354 -24.123928 0.208996 0.244619 0.000006 0.297867 -0.290070  
 7 7 12  25.042212 -0.209008 -0.244461 -0.000006 0.596555 -0.474479 -25.042212 0.209008 0.244461 0.000006 0.297585 -0.289987  
 8 8 13  23.876111 -0.209153 -0.244475 -0.000006 0.596564 -0.474772 -23.876111 0.209153 0.244475 0.000006 0.297630 -0.290225  
 9 10 15  11.543257 -0.303196 -0.404388 -0.000015 0.690270 -0.506209 -11.543257 0.303196 0.404388 0.000015 0.788819 -0.602759  
 10 11 16  12.061049 -0.303386 -0.404522 -0.000015 0.690414 -0.506404 -12.061049 0.303386 0.404522 0.000015 0.789166 -0.603261  
 11 12 17  12.456726 -0.303304 -0.404472 -0.000015 0.690329 -0.506335 -12.456726 0.303304 0.404472 0.000015 0.789067 -0.603030  
 12 13 18  11.938967 -0.303339 -0.404573 -0.000015 0.690459 -0.506398 -11.938967 0.303339 0.404573 0.000015 0.789308 -0.603096  
 13 5 6  0.000000 0.138708 -0.000000 0.000424 0.000000 0.422848 0.000000 -0.138708 0.000000 -0.000424 0.000000 0.422717  
 14 6 7  0.000000 0.147732 -0.000000 -0.000430 0.000000 0.450367 0.000000 -0.147732 0.000000 0.000430 0.000000 0.450204  
 15 7 8  0.000000 0.138701 0.000000 0.000369 -0.000000 0.422694 0.000000 -0.138701 -0.000000 -0.000369 -0.000000 0.422825  
 16 8 5  0.000000 0.147739 0.000000 -0.000373 -0.000000 0.450227 0.000000 -0.147739 -0.000000 0.000373 -0.000000 0.450390  
 17 10 11  0.000000 0.324188 -0.000000 0.000014 0.000000 0.988134 0.000000 -0.324188 0.000000 -0.000014 0.000000 0.988115  
 18 11 12  0.000000 0.261310 -0.000000 -0.000166 0.000000 0.796488 0.000000 -0.261310 0.000000 0.000166 0.000000 0.796455  
 19 12 13  0.000000 0.324177 0.000000 0.000133 -0.000000 0.988080 0.000000 -0.324177 -0.000000 -0.000133 -0.000000 0.988100  
 20 13 10  0.000000 0.261321 0.000000 -0.000011 -0.000000 0.796490 0.000000 -0.261321 -0.000000 0.000011 -0.000000 0.796523  
 21 15 16  0.000000 0.258892 0.000000 -0.000263 -0.000000 0.789076 0.000000 -0.258892 -0.000000 0.000263 -0.000000 0.789129  
 22 16 17  0.000000 0.197843 0.000000 -0.000037 -0.000000 0.602998 0.000000 -0.197843 -0.000000 0.000037 -0.000000 0.603051  
 23 17 18  0.000000 0.258884 -0.000000 0.000021 0.000000 0.789104 0.000000 -0.258884 0.000000 -0.000021 0.000000 0.789051  
 24 18 15  0.000000 0.197851 -0.000000 0.000257 0.000000 0.603075 0.000000 -0.197851 0.000000 -0.000257 0.000000 0.603023  
