 1 1 5  36.741884 0.777769 -0.095610 0.000285 0.044947 1.681584 -36.741884 -0.777769 0.095610 -0.000285 0.304758 1.163186  
 2 2 6  35.156336 0.778947 -0.094508 0.000285 0.041600 1.684419 -35.156336 -0.778947 0.094508 -0.000285 0.304072 1.164657  
 3 3 7  35.257944 0.779584 -0.093543 0.000285 0.039205 1.686614 -35.257944 -0.779584 0.093543 -0.000285 0.302937 1.164793  
 4 4 8  36.843836 0.778376 -0.094563 0.000285 0.042448 1.683761 -36.843836 -0.778376 0.094563 -0.000285 0.303427 1.163227  
 5 5 10  24.249576 0.116529 0.341298 -0.000058 -0.790927 -0.151427 -24.249576 -0.116529 -0.341298 0.000058 -0.457406 0.577644  
 6 6 11  22.983892 0.117009 0.341522 -0.000058 -0.790837 -0.150645 -22.983892 -0.117009 -0.341522 0.000058 -0.458315 0.578617  
 7 7 12  23.750293 0.117321 0.342052 -0.000058 -0.791741 -0.150327 -23.750293 -0.117321 -0.342052 0.000058 -0.459348 0.579439  
 8 8 13  25.016238 0.116827 0.341819 -0.000058 -0.791830 -0.151136 -25.016238 -0.116827 -0.341819 0.000058 -0.458408 0.578442  
 9 10 15  12.012450 -0.478193 0.401805 0.000162 -0.658128 -0.973596 -12.012450 0.478193 -0.401805 -0.000162 -0.811514 -0.775442  
 10 11 16  11.479574 -0.476561 0.401141 0.000162 -0.656603 -0.970582 -11.479574 0.476561 -0.401141 -0.000162 -0.810612 -0.772486  
 11 12 17  11.987475 -0.477197 0.402664 0.000162 -0.659375 -0.972029 -11.987475 0.477197 -0.402664 -0.000162 -0.813407 -0.773367  
 12 13 18  12.520500 -0.478296 0.402802 0.000162 -0.659957 -0.974094 -12.520500 0.478296 -0.402802 -0.000162 -0.813332 -0.775322  
 13 5 6  0.000000 -0.159942 -0.000000 0.001095 0.000000 -0.487254 0.000000 0.159942 0.000000 -0.001095 0.000000 -0.487753  
 14 6 7  0.000000 -0.332386 0.000000 -0.000989 -0.000000 -1.012917 0.000000 0.332386 -0.000000 0.000989 -0.000000 -1.013310  
 15 7 8  0.000000 -0.159963 0.000000 0.001156 -0.000000 -0.487816 0.000000 0.159963 -0.000000 -0.001156 -0.000000 -0.487317  
 16 8 5  0.000000 -0.332366 -0.000000 -0.001085 0.000000 -1.013247 0.000000 0.332366 0.000000 0.001085 0.000000 -1.012854  
 17 10 11  0.000000 -0.366418 0.000000 0.001950 -0.000000 -1.116906 0.000000 0.366418 -0.000000 -0.001950 -0.000000 -1.116777  
 18 11 12  0.000000 0.129264 0.000000 -0.001859 -0.000000 0.393916 0.000000 -0.129264 -0.000000 0.001859 -0.000000 0.394078  
 19 12 13  0.000000 -0.366446 -0.000000 0.001488 0.000000 -1.116863 0.000000 0.366446 0.000000 -0.001488 0.000000 -1.116992  
 20 13 10  0.000000 0.129292 -0.000000 -0.001372 0.000000 0.394164 0.000000 -0.129292 0.000000 0.001372 0.000000 0.394002  
 21 15 16  0.000000 -0.266457 0.000000 0.001422 -0.000000 -0.812367 0.000000 0.266457 -0.000000 -0.001422 -0.000000 -0.811953  
 22 16 17  0.000000 0.253969 -0.000000 -0.001341 0.000000 0.773908 0.000000 -0.253969 0.000000 0.001341 0.000000 0.774288  
 23 17 18  0.000000 -0.266494 -0.000000 0.000921 0.000000 -0.812066 0.000000 0.266494 0.000000 -0.000921 0.000000 -0.812480  
 24 18 15  0.000000 0.254006 0.000000 -0.000853 -0.000000 0.774401 0.000000 -0.254006 -0.000000 0.000853 -0.000000 0.774021  
