 1 1 5  36.554229 0.165310 -0.535656 -0.000378 1.160807 0.481870 -36.554229 -0.165310 0.535656 0.000378 0.798408 0.122767  
 2 2 6  36.723199 0.165734 -0.535084 -0.000378 1.159084 0.482842 -36.723199 -0.165734 0.535084 0.000378 0.798038 0.123348  
 3 3 7  35.445704 0.166054 -0.534409 -0.000378 1.157544 0.483805 -35.445704 -0.166054 0.534409 0.000378 0.797110 0.123552  
 4 4 8  35.276867 0.165610 -0.534968 -0.000378 1.159232 0.482806 -35.276867 -0.165610 0.534968 0.000378 0.797466 0.122930  
 5 5 10  24.559898 0.288178 -0.061750 -0.000101 -0.097829 0.559263 -24.559898 -0.288178 0.061750 0.000101 0.323685 0.494776  
 6 6 11  24.269671 0.288347 -0.061758 -0.000101 -0.097747 0.559567 -24.269671 -0.288347 0.061758 0.000101 0.323632 0.495090  
 7 7 12  23.440053 0.288344 -0.061523 -0.000101 -0.098104 0.559508 -23.440053 -0.288344 0.061523 0.000101 0.323131 0.495137  
 8 8 13  23.730379 0.288177 -0.061517 -0.000101 -0.098183 0.559220 -23.730379 -0.288177 0.061517 0.000101 0.323188 0.494816  
 9 10 15  12.260970 0.210316 0.209347 -0.000008 -0.438316 0.301278 -12.260970 -0.210316 -0.209347 0.000008 -0.327391 0.467973  
 10 11 16  12.046128 0.210346 0.209357 -0.000008 -0.438309 0.301316 -12.046128 -0.210346 -0.209357 0.000008 -0.327435 0.468045  
 11 12 17  11.739005 0.210346 0.209393 -0.000008 -0.438353 0.301300 -11.739005 -0.210346 -0.209393 0.000008 -0.327521 0.468063  
 12 13 18  11.953896 0.210316 0.209382 -0.000008 -0.438359 0.301262 -11.953896 -0.210316 -0.209382 0.000008 -0.327477 0.467991  
 13 5 6  0.000000 0.229594 -0.000000 0.000429 0.000000 0.699944 0.000000 -0.229594 0.000000 -0.000429 0.000000 0.699662  
 14 6 7  0.000000 -0.223934 -0.000000 -0.000630 0.000000 -0.682486 0.000000 0.223934 0.000000 0.000630 0.000000 -0.682619  
 15 7 8  0.000000 0.229585 0.000000 0.000442 -0.000000 0.699635 0.000000 -0.229585 -0.000000 -0.000442 -0.000000 0.699918  
 16 8 5  0.000000 -0.223926 0.000000 -0.000635 -0.000000 -0.682592 0.000000 0.223926 -0.000000 0.000635 -0.000000 -0.682459  
 17 10 11  0.000000 -0.037699 0.000000 0.000157 -0.000000 -0.114882 0.000000 0.037699 -0.000000 -0.000157 -0.000000 -0.114931  
 18 11 12  0.000000 -0.261241 0.000000 -0.000254 -0.000000 -0.796249 0.000000 0.261241 -0.000000 0.000254 -0.000000 -0.796277  
 19 12 13  0.000000 -0.037711 -0.000000 0.000161 0.000000 -0.114968 0.000000 0.037711 0.000000 -0.000161 0.000000 -0.114919  
 20 13 10  0.000000 -0.261229 -0.000000 -0.000251 0.000000 -0.796239 0.000000 0.261229 0.000000 0.000251 0.000000 -0.796211  
 21 15 16  0.000000 -0.107427 0.000000 0.000017 -0.000000 -0.327415 0.000000 0.107427 -0.000000 -0.000017 -0.000000 -0.327459  
 22 16 17  0.000000 -0.153555 -0.000000 -0.000024 0.000000 -0.468028 0.000000 0.153555 0.000000 0.000024 0.000000 -0.468046  
 23 17 18  0.000000 -0.107439 -0.000000 0.000017 0.000000 -0.327497 0.000000 0.107439 0.000000 -0.000017 0.000000 -0.327453  
 24 18 15  0.000000 -0.153543 0.000000 -0.000024 -0.000000 -0.468008 0.000000 0.153543 -0.000000 0.000024 -0.000000 -0.467990  
