 1 1 5  36.855219 0.219659 0.755005 -0.000284 -1.757979 0.523220 -36.855219 -0.219659 -0.755005 0.000284 -1.003528 0.280205  
 2 2 6  35.608202 0.220127 0.755541 -0.000284 -1.759619 0.524301 -35.608202 -0.220127 -0.755541 0.000284 -1.003847 0.280834  
 3 3 7  35.144708 0.220497 0.756197 -0.000284 -1.761111 0.525374 -35.144708 -0.220497 -0.756197 0.000284 -1.004756 0.281118  
 4 4 8  36.391871 0.220018 0.755668 -0.000284 -1.759500 0.524286 -36.391871 -0.220018 -0.755668 0.000284 -1.004430 0.280454  
 5 5 10  24.225568 0.136608 0.373615 -0.000085 -0.446882 0.187262 -24.225568 -0.136608 -0.373615 0.000085 -0.919652 0.312395  
 6 6 11  23.930757 0.136786 0.373618 -0.000085 -0.446836 0.187584 -23.930757 -0.136786 -0.373618 0.000085 -0.919710 0.312724  
 7 7 12  23.774378 0.136771 0.373849 -0.000085 -0.447217 0.187450 -23.774378 -0.136771 -0.373849 0.000085 -0.920173 0.312802  
 8 8 13  24.069298 0.136599 0.373846 -0.000085 -0.447267 0.187152 -24.069298 -0.136599 -0.373846 0.000085 -0.920110 0.312471  
 9 10 15  11.979326 -0.020343 -0.128676 -0.000025 0.391710 -0.090246 -11.979326 0.020343 0.128676 0.000025 0.078936 0.015842  
 10 11 16  12.031099 -0.020308 -0.128667 -0.000025 0.391720 -0.090201 -12.031099 0.020308 0.128667 0.000025 0.078891 0.015921  
 11 12 17  12.020647 -0.020318 -0.128616 -0.000025 0.391642 -0.090248 -12.020647 0.020318 0.128616 0.000025 0.078784 0.015932  
 12 13 18  11.968928 -0.020351 -0.128626 -0.000025 0.391634 -0.090291 -11.968928 0.020351 0.128626 0.000025 0.078829 0.015855  
 13 5 6  0.000000 -0.476108 -0.000000 0.000461 0.000000 -1.451039 0.000000 0.476108 0.000000 -0.000461 0.000000 -1.451314  
 14 6 7  0.000000 -0.153553 0.000000 -0.000631 -0.000000 -0.467957 0.000000 0.153553 -0.000000 0.000631 -0.000000 -0.468101  
 15 7 8  0.000000 -0.476117 0.000000 0.000467 -0.000000 -1.451342 0.000000 0.476117 -0.000000 -0.000467 -0.000000 -1.451068  
 16 8 5  0.000000 -0.153543 -0.000000 -0.000629 0.000000 -0.468072 0.000000 0.153543 0.000000 0.000629 0.000000 -0.467928  
 17 10 11  0.000000 -0.173299 -0.000000 0.000166 0.000000 -0.528189 0.000000 0.173299 0.000000 -0.000166 0.000000 -0.528240  
 18 11 12  0.000000 -0.072957 -0.000000 -0.000250 0.000000 -0.222357 0.000000 0.072957 0.000000 0.000250 0.000000 -0.222388  
 19 12 13  0.000000 -0.173312 0.000000 0.000166 -0.000000 -0.528282 0.000000 0.173312 -0.000000 -0.000166 -0.000000 -0.528230  
 20 13 10  0.000000 -0.072943 0.000000 -0.000246 -0.000000 -0.222346 0.000000 0.072943 -0.000000 0.000246 -0.000000 -0.222315  
 21 15 16  0.000000 0.025880 -0.000000 0.000019 0.000000 0.078903 0.000000 -0.025880 0.000000 -0.000019 0.000000 0.078859  
 22 16 17  0.000000 -0.005219 -0.000000 -0.000033 0.000000 -0.015902 0.000000 0.005219 0.000000 0.000033 0.000000 -0.015914  
 23 17 18  0.000000 0.025866 0.000000 0.000018 -0.000000 0.078817 0.000000 -0.025866 -0.000000 -0.000018 -0.000000 0.078862  
 24 18 15  0.000000 -0.005206 0.000000 -0.000032 -0.000000 -0.015873 0.000000 0.005206 -0.000000 0.000032 -0.000000 -0.015861  
