 1 1 5  39.736664 2.149332 0.442037 -0.058413 -1.393032 4.942670 -39.736664 -2.149332 -0.442037 0.058413 -0.223762 2.918727  
 2 2 6  34.233197 2.064006 0.474039 -0.058413 -1.478592 4.737934 -34.233197 -2.064006 -0.474039 0.058413 -0.255252 2.811374  
 3 3 7  32.265118 2.077276 0.423423 -0.058413 -1.360326 4.778609 -32.265118 -2.077276 -0.423423 0.058413 -0.188385 2.819234  
 4 4 8  37.765021 2.168176 0.393084 -0.058413 -1.279313 5.000098 -37.765021 -2.168176 -0.393084 0.058413 -0.158432 2.930224  
 5 5 10  25.635033 1.160863 0.991496 -0.054340 -2.157296 1.224878 -25.635033 -1.160863 -0.991496 0.054340 -1.469201 3.021096  
 6 6 11  21.669745 1.112972 0.987695 -0.054340 -2.135120 1.156459 -21.669745 -1.112972 -0.987695 0.054340 -1.477474 2.914346  
 7 7 12  22.365893 1.123559 0.977878 -0.054340 -2.117736 1.160003 -22.365893 -1.123559 -0.977878 0.054340 -1.458952 2.949526  
 8 8 13  26.329329 1.169279 0.979012 -0.054340 -2.135534 1.225445 -26.329329 -1.169279 -0.979012 0.054340 -1.445300 3.051311  
 9 10 15  12.318003 -1.123278 1.244087 0.023997 -2.041179 -2.519786 -12.318003 1.123278 -1.244087 -0.023997 -2.509193 -1.588717  
 10 11 16  10.660862 -1.075276 1.228641 0.023997 -2.014956 -2.419145 -10.660862 1.075276 -1.228641 -0.023997 -2.478922 -1.513784  
 11 12 17  11.682279 -1.088964 1.261289 0.023997 -2.068814 -2.457550 -11.682279 1.088964 -1.261289 -0.023997 -2.544476 -1.525444  
 12 13 18  13.338857 -1.134603 1.273590 0.023997 -2.090658 -2.553028 -13.338857 1.134603 -1.273590 -0.023997 -2.567625 -1.596898  
 13 5 6  0.000000 -0.768875 -0.000000 -0.087233 0.000000 -2.338165 0.000000 0.768875 0.000000 0.087233 0.000000 -2.348899  
 14 6 7  0.000000 -1.332327 0.000000 0.041473 -0.000000 -4.055067 0.000000 1.332327 -0.000000 -0.041473 -0.000000 -4.066801  
 15 7 8  0.000000 -0.768447 0.000000 -0.087564 -0.000000 -2.347594 0.000000 0.768447 -0.000000 0.087564 -0.000000 -2.336860  
 16 8 5  0.000000 -1.332755 -0.000000 0.042893 0.000000 -4.068105 0.000000 1.332755 0.000000 -0.042893 0.000000 -4.056371  
 17 10 11  0.000000 -1.153912 0.000000 -0.002564 -0.000000 -3.523660 0.000000 1.153912 -0.000000 0.002564 -0.000000 -3.510590  
 18 11 12  0.000000 -0.162796 0.000000 -0.018159 -0.000000 -0.497765 0.000000 0.162796 -0.000000 0.018159 -0.000000 -0.494638  
 19 12 13  0.000000 -1.153590 -0.000000 -0.002662 0.000000 -3.509607 0.000000 1.153590 0.000000 0.002662 0.000000 -3.522678  
 20 13 10  0.000000 -0.163118 -0.000000 -0.013280 0.000000 -0.495621 0.000000 0.163118 0.000000 0.013280 0.000000 -0.498747  
 21 15 16  0.000000 -0.828500 0.000000 0.037681 -0.000000 -2.538624 0.000000 0.828500 -0.000000 -0.037681 -0.000000 -2.511914  
 22 16 17  0.000000 0.510638 -0.000000 -0.032991 0.000000 1.551465 0.000000 -0.510638 0.000000 0.032991 0.000000 1.561385  
 23 17 18  0.000000 -0.828360 -0.000000 0.035941 0.000000 -2.511485 0.000000 0.828360 0.000000 -0.035941 0.000000 -2.538195  
 24 18 15  0.000000 0.510497 0.000000 -0.029430 -0.000000 1.560956 0.000000 -0.510497 -0.000000 0.029430 -0.000000 1.551036  
