 1 1 5  37.172965 0.725989 0.216622 -0.000334 -0.630365 1.601110 -37.172965 -0.725989 -0.216622 0.000334 -0.161951 1.054268  
 2 2 6  35.304303 0.726427 0.217189 -0.000334 -0.632051 1.602126 -35.304303 -0.726427 -0.217189 0.000334 -0.162338 1.054852  
 3 3 7  34.826972 0.726771 0.217838 -0.000334 -0.633531 1.603155 -34.826972 -0.726771 -0.217838 0.000334 -0.163234 1.055081  
 4 4 8  36.695759 0.726308 0.217311 -0.000334 -0.631914 1.602111 -36.695759 -0.726308 -0.217311 0.000334 -0.162922 1.054435  
 5 5 10  24.534853 0.149433 0.353419 -0.000085 -0.723784 0.003669 -24.534853 -0.149433 -0.353419 0.000085 -0.568882 0.542896  
 6 6 11  23.247896 0.149606 0.353414 -0.000085 -0.723717 0.003969 -23.247896 -0.149606 -0.353414 0.000085 -0.568929 0.543231  
 7 7 12  23.465100 0.149605 0.353643 -0.000085 -0.724075 0.003904 -23.465100 -0.149605 -0.353643 0.000085 -0.569410 0.543289  
 8 8 13  24.752150 0.149433 0.353647 -0.000085 -0.724148 0.003609 -24.752150 -0.149433 -0.353647 0.000085 -0.569352 0.542957  
 9 10 15  12.146740 -0.239018 0.380621 -0.000013 -0.600609 -0.529867 -12.146740 0.239018 -0.380621 0.000013 -0.791549 -0.344364  
 10 11 16  11.627329 -0.238988 0.380632 -0.000013 -0.600606 -0.529833 -11.627329 0.238988 -0.380632 0.000013 -0.791594 -0.344290  
 11 12 17  11.853237 -0.238991 0.380671 -0.000013 -0.600656 -0.529859 -11.853237 0.238991 -0.380671 0.000013 -0.791684 -0.344274  
 12 13 18  12.372694 -0.239022 0.380660 -0.000013 -0.600662 -0.529898 -12.372694 0.239022 -0.380660 0.000013 -0.791640 -0.344348  
 13 5 6  0.000000 -0.290856 0.000000 0.000430 -0.000000 -0.886390 0.000000 0.290856 -0.000000 -0.000430 -0.000000 -0.886670  
 14 6 7  0.000000 -0.347264 -0.000000 -0.000614 0.000000 -1.058392 0.000000 0.347264 0.000000 0.000614 0.000000 -1.058527  
 15 7 8  0.000000 -0.290864 -0.000000 0.000458 0.000000 -0.886695 0.000000 0.290864 0.000000 -0.000458 0.000000 -0.886415  
 16 8 5  0.000000 -0.347255 0.000000 -0.000655 -0.000000 -1.058502 0.000000 0.347255 -0.000000 0.000655 -0.000000 -1.058367  
 17 10 11  0.000000 -0.383779 -0.000000 0.000167 0.000000 -1.169735 0.000000 0.383779 0.000000 -0.000167 0.000000 -1.169783  
 18 11 12  0.000000 -0.004346 -0.000000 -0.000248 0.000000 -0.013231 0.000000 0.004346 0.000000 0.000248 0.000000 -0.013262  
 19 12 13  0.000000 -0.383791 0.000000 0.000168 -0.000000 -1.169818 0.000000 0.383791 -0.000000 -0.000168 -0.000000 -1.169770  
 20 13 10  0.000000 -0.004334 0.000000 -0.000244 -0.000000 -0.013227 0.000000 0.004334 -0.000000 0.000244 -0.000000 -0.013196  
 21 15 16  0.000000 -0.259711 0.000000 0.000019 -0.000000 -0.791577 0.000000 0.259711 -0.000000 -0.000019 -0.000000 -0.791621  
 22 16 17  0.000000 0.112960 0.000000 -0.000027 -0.000000 0.344309 0.000000 -0.112960 -0.000000 0.000027 -0.000000 0.344293  
 23 17 18  0.000000 -0.259723 -0.000000 0.000020 0.000000 -0.791657 0.000000 0.259723 0.000000 -0.000020 0.000000 -0.791612  
 24 18 15  0.000000 0.112971 -0.000000 -0.000028 0.000000 0.344329 0.000000 -0.112971 0.000000 0.000028 0.000000 0.344345  
