 1 1 5  34.390686 -0.548833 -0.644415 -0.000284 1.608199 -1.239170 -34.390686 0.548833 0.644415 0.000284 0.748813 -0.768240  
 2 2 6  36.898392 -0.548364 -0.643879 -0.000284 1.606559 -1.238088 -36.898392 0.548364 0.643879 0.000284 0.748494 -0.767608  
 3 3 7  37.609242 -0.547993 -0.643222 -0.000284 1.605066 -1.237015 -37.609242 0.547993 0.643222 0.000284 0.747584 -0.767325  
 4 4 8  35.101680 -0.548475 -0.643750 -0.000284 1.606676 -1.238105 -35.101680 0.548475 0.643750 0.000284 0.747903 -0.767996  
 5 5 10  23.222996 -0.166434 -0.511521 -0.000085 0.885552 -0.135581 -23.222996 0.166434 0.511521 0.000085 0.985387 -0.473170  
 6 6 11  24.658781 -0.166257 -0.511517 -0.000085 0.885596 -0.135261 -24.658781 0.166257 0.511517 0.000085 0.985328 -0.472839  
 7 7 12  24.776950 -0.166272 -0.511286 -0.000085 0.885214 -0.135391 -24.776950 0.166272 0.511286 0.000085 0.984865 -0.472763  
 8 8 13  23.341273 -0.166444 -0.511290 -0.000085 0.885167 -0.135690 -23.341273 0.166444 0.511290 0.000085 0.984929 -0.473094  
 9 10 15  11.769760 0.080038 -0.328913 -0.000023 0.435300 0.226866 -11.769760 -0.080038 0.328913 0.000023 0.767734 0.065881  
 10 11 16  12.273500 0.080073 -0.328904 -0.000023 0.435311 0.226913 -12.273500 -0.080073 0.328904 0.000023 0.767689 0.065961  
 11 12 17  12.230213 0.080064 -0.328855 -0.000023 0.435235 0.226868 -12.230213 -0.080064 0.328855 0.000023 0.767583 0.065972  
 12 13 18  11.726527 0.080030 -0.328864 -0.000023 0.435225 0.226822 -11.726527 -0.080030 0.328864 0.000023 0.767628 0.065895  
 13 5 6  0.000000 0.535956 0.000000 0.000462 -0.000000 1.633732 0.000000 -0.535956 -0.000000 -0.000462 -0.000000 1.633458  
 14 6 7  0.000000 0.296345 0.000000 -0.000632 -0.000000 0.903331 0.000000 -0.296345 -0.000000 0.000632 -0.000000 0.903187  
 15 7 8  0.000000 0.535947 -0.000000 0.000471 0.000000 1.633429 0.000000 -0.535947 0.000000 -0.000471 0.000000 1.633703  
 16 8 5  0.000000 0.296354 -0.000000 -0.000634 0.000000 0.903216 0.000000 -0.296354 0.000000 0.000634 0.000000 0.903359  
 17 10 11  0.000000 0.466016 -0.000000 0.000168 0.000000 1.420441 0.000000 -0.466016 0.000000 -0.000168 0.000000 1.420390  
 18 11 12  0.000000 0.080735 -0.000000 -0.000249 0.000000 0.246095 0.000000 -0.080735 0.000000 0.000249 0.000000 0.246063  
 19 12 13  0.000000 0.466002 0.000000 0.000168 -0.000000 1.420349 0.000000 -0.466002 -0.000000 -0.000168 -0.000000 1.420400  
 20 13 10  0.000000 0.080748 0.000000 -0.000246 -0.000000 0.246104 0.000000 -0.080748 -0.000000 0.000246 -0.000000 0.246136  
 21 15 16  0.000000 0.251863 -0.000000 0.000019 0.000000 0.767701 0.000000 -0.251863 0.000000 -0.000019 0.000000 0.767657  
 22 16 17  0.000000 -0.021636 0.000000 -0.000033 -0.000000 -0.065942 0.000000 0.021636 -0.000000 0.000033 -0.000000 -0.065954  
 23 17 18  0.000000 0.251850 0.000000 0.000018 -0.000000 0.767616 0.000000 -0.251850 -0.000000 -0.000018 -0.000000 0.767660  
 24 18 15  0.000000 -0.021623 -0.000000 -0.000032 0.000000 -0.065913 0.000000 0.021623 0.000000 0.000032 0.000000 -0.065901  
