 1 1 5  31.586049 -3.744398 0.098285 0.072479 -0.293612 -8.459277 -31.586049 3.744398 -0.098285 -0.072479 -0.065873 -5.236232  
 2 2 6  29.172340 -3.704991 0.135130 0.072479 -0.394958 -8.368737 -29.172340 3.704991 -0.135130 -0.072479 -0.099294 -5.182637  
 3 3 7  40.410361 -3.913860 0.119646 0.072479 -0.363432 -8.935901 -40.410361 3.913860 -0.119646 -0.072479 -0.074186 -5.379434  
 4 4 8  42.831250 -3.942446 0.086648 0.072479 -0.269617 -9.003549 -42.831250 3.942446 -0.086648 -0.072479 -0.047306 -5.416339  
 5 5 10  22.040341 -1.933222 0.263076 0.013393 -0.707221 -3.036268 -22.040341 1.933222 -0.263076 -0.013393 -0.255005 -4.034683  
 6 6 11  20.138736 -1.901426 0.259867 0.013393 -0.686917 -2.993941 -20.138736 1.901426 -0.259867 -0.013393 -0.263574 -3.960716  
 7 7 12  25.956422 -1.893144 0.271877 0.013393 -0.712498 -2.894687 -25.956422 1.893144 -0.271877 -0.013393 -0.281921 -4.029675  
 8 8 13  27.864500 -1.901705 0.273847 0.013393 -0.730644 -2.904979 -27.864500 1.901705 -0.273847 -0.013393 -0.270978 -4.050697  
 9 10 15  11.446791 -1.338140 0.704426 -0.017789 -1.287457 -1.879897 -11.446791 1.338140 -0.704426 0.017789 -1.289051 -3.014485  
 10 11 16  10.583925 -1.309832 0.698942 -0.017789 -1.272571 -1.833940 -10.583925 1.309832 -0.698942 0.017789 -1.283879 -2.956903  
 11 12 17  12.551432 -1.317498 0.737267 -0.017789 -1.350037 -1.827072 -12.551432 1.317498 -0.737267 0.017789 -1.346593 -2.991810  
 12 13 18  13.417851 -1.340897 0.741154 -0.017789 -1.359509 -1.862912 -13.417851 1.340897 -0.741154 0.017789 -1.351337 -3.041553  
 13 5 6  0.000000 -0.256140 0.000000 0.047691 -0.000000 -0.775253 0.000000 0.256140 -0.000000 -0.047691 -0.000000 -0.786178  
 14 6 7  0.000000 2.710256 0.000000 0.000033 -0.000000 8.224270 0.000000 -2.710256 -0.000000 -0.000033 -0.000000 8.297450  
 15 7 8  0.000000 -0.256317 -0.000000 0.023329 0.000000 -0.786717 0.000000 0.256317 0.000000 -0.023329 0.000000 -0.775792  
 16 8 5  0.000000 2.710433 -0.000000 -0.002158 0.000000 8.297989 0.000000 -2.710433 0.000000 0.002158 0.000000 8.224809  
 17 10 11  0.000000 -0.519734 0.000000 0.058849 -0.000000 -1.585362 0.000000 0.519734 -0.000000 -0.058849 -0.000000 -1.582939  
 18 11 12  0.000000 1.925455 0.000000 -0.046794 -0.000000 5.853505 0.000000 -1.925455 -0.000000 0.046794 -0.000000 5.884065  
 19 12 13  0.000000 -0.520464 -0.000000 0.027319 0.000000 -1.585164 0.000000 0.520464 0.000000 -0.027319 0.000000 -1.587587  
 20 13 10  0.000000 1.926184 -0.000000 -0.042900 0.000000 5.886290 0.000000 -1.926184 0.000000 0.042900 0.000000 5.855730  
 21 15 16  0.000000 -0.431877 0.000000 0.027438 -0.000000 -1.318841 0.000000 0.431877 -0.000000 -0.027438 -0.000000 -1.313882  
 22 16 17  0.000000 0.984198 0.000000 -0.030003 -0.000000 2.984340 0.000000 -0.984198 -0.000000 0.030003 -0.000000 3.015328  
 23 17 18  0.000000 -0.432765 -0.000000 0.023518 0.000000 -1.316589 0.000000 0.432765 0.000000 -0.023518 0.000000 -1.321548  
 24 18 15  0.000000 0.985086 -0.000000 -0.029790 0.000000 3.018035 0.000000 -0.985086 0.000000 0.029790 0.000000 2.987047  
