 1 1 5  35.967065 0.175441 0.438470 -0.000346 -0.875628 0.443702 -35.967065 -0.175441 -0.438470 0.000346 -0.728121 0.197991  
 2 2 6  36.741907 0.175875 0.439037 -0.000346 -0.877313 0.444715 -36.741907 -0.175875 -0.439037 0.000346 -0.728508 0.198566  
 3 3 7  36.032870 0.176217 0.439687 -0.000346 -0.878793 0.445741 -36.032870 -0.176217 -0.439687 0.000346 -0.729404 0.198791  
 4 4 8  35.258158 0.175771 0.439155 -0.000346 -0.877173 0.444711 -35.258158 -0.175771 -0.439155 0.000346 -0.729079 0.198189  
 5 5 10  23.714739 0.156878 -0.091433 -0.000085 0.430001 0.271695 -23.714739 -0.156878 0.091433 0.000085 -0.095574 0.302101  
 6 6 11  24.685708 0.157051 -0.091440 -0.000085 0.430071 0.271996 -24.685708 -0.157051 0.091440 0.000085 -0.095620 0.302435  
 7 7 12  24.285213 0.157047 -0.091211 -0.000085 0.429714 0.271924 -24.285213 -0.157047 0.091211 0.000085 -0.096101 0.302489  
 8 8 13  23.314341 0.156875 -0.091205 -0.000085 0.429635 0.271619 -23.314341 -0.156875 0.091205 0.000085 -0.096042 0.302167  
 9 10 15  11.814526 0.084190 -0.430777 -0.000010 0.805230 0.102953 -11.814526 -0.084190 0.430777 0.000010 0.770379 0.204979  
 10 11 16  12.320004 0.084221 -0.430765 -0.000010 0.805233 0.102994 -12.320004 -0.084221 0.430765 0.000010 0.770334 0.205054  
 11 12 17  12.185449 0.084218 -0.430727 -0.000010 0.805182 0.102967 -12.185449 -0.084218 0.430727 0.000010 0.770243 0.205070  
 12 13 18  11.680020 0.084185 -0.430737 -0.000010 0.805176 0.102921 -11.680020 -0.084185 0.430737 0.000010 0.770287 0.204994  
 13 5 6  0.000000 -0.098068 0.000000 0.000425 -0.000000 -0.298770 0.000000 0.098068 -0.000000 -0.000425 -0.000000 -0.299051  
 14 6 7  0.000000 -0.154267 0.000000 -0.000614 -0.000000 -0.470137 0.000000 0.154267 -0.000000 0.000614 -0.000000 -0.470274  
 15 7 8  0.000000 -0.098076 -0.000000 0.000441 0.000000 -0.299077 0.000000 0.098076 0.000000 -0.000441 0.000000 -0.298795  
 16 8 5  0.000000 -0.154258 -0.000000 -0.000649 0.000000 -0.470248 0.000000 0.154258 0.000000 0.000649 0.000000 -0.470111  
 17 10 11  0.000000 0.232739 -0.000000 0.000169 0.000000 0.709413 0.000000 -0.232739 0.000000 -0.000169 0.000000 0.709366  
 18 11 12  0.000000 -0.132964 0.000000 -0.000248 -0.000000 -0.405260 0.000000 0.132964 -0.000000 0.000248 -0.000000 -0.405291  
 19 12 13  0.000000 0.232727 0.000000 0.000166 -0.000000 0.709329 0.000000 -0.232727 -0.000000 -0.000166 -0.000000 0.709377  
 20 13 10  0.000000 -0.132952 -0.000000 -0.000243 0.000000 -0.405254 0.000000 0.132952 0.000000 0.000243 0.000000 -0.405223  
 21 15 16  0.000000 0.252733 0.000000 0.000019 -0.000000 0.770352 0.000000 -0.252733 -0.000000 -0.000019 -0.000000 0.770307  
 22 16 17  0.000000 -0.067271 0.000000 -0.000027 -0.000000 -0.205035 0.000000 0.067271 -0.000000 0.000027 -0.000000 -0.205050  
 23 17 18  0.000000 0.252721 -0.000000 0.000020 0.000000 0.770270 0.000000 -0.252721 0.000000 -0.000020 0.000000 0.770315  
 24 18 15  0.000000 -0.067259 -0.000000 -0.000027 0.000000 -0.205014 0.000000 0.067259 0.000000 0.000027 0.000000 -0.204998  
