 1 1 5  37.566314 -0.896875 1.320743 0.007743 -3.083390 -1.919551 -37.566314 0.896875 -1.320743 -0.007743 -1.747358 -1.360859  
 2 2 6  34.881769 -0.891381 1.318575 0.007743 -3.077448 -1.905990 -34.881769 0.891381 -1.318575 -0.007743 -1.745370 -1.354325  
 3 3 7  34.433591 -0.890353 1.318959 0.007743 -3.078236 -1.902382 -34.433591 0.890353 -1.318959 -0.007743 -1.745988 -1.354172  
 4 4 8  37.118325 -0.895993 1.321330 0.007743 -3.084829 -1.916422 -37.118325 0.895993 -1.321330 -0.007743 -1.748067 -1.360760  
 5 5 10  25.081040 -0.110145 0.637719 -0.000306 -0.829274 0.258799 -25.081040 0.110145 -0.637719 0.000306 -1.503246 -0.661666  
 6 6 11  24.087650 -0.109728 0.638389 -0.000306 -0.831068 0.259416 -24.087650 0.109728 -0.638389 0.000306 -1.503905 -0.660759  
 7 7 12  22.918891 -0.109146 0.639054 -0.000306 -0.832063 0.259879 -22.918891 0.109146 -0.639054 0.000306 -1.505342 -0.659090  
 8 8 13  23.912419 -0.109606 0.638331 -0.000306 -0.830246 0.259202 -23.912419 0.109606 -0.638331 0.000306 -1.504514 -0.660096  
 9 10 15  12.448500 0.667982 0.002291 -0.001839 0.250248 1.334923 -12.448500 -0.667982 -0.002291 0.001839 -0.258627 1.108287  
 10 11 16  12.278535 0.667707 0.002239 -0.001839 0.250551 1.334155 -12.278535 -0.667707 -0.002239 0.001839 -0.258741 1.108049  
 11 12 17  11.551469 0.666926 0.003015 -0.001839 0.248384 1.331834 -11.551469 -0.666926 -0.003015 0.001839 -0.259411 1.107515  
 12 13 18  11.721495 0.667428 0.003151 -0.001839 0.247987 1.333030 -11.721495 -0.667428 -0.003151 0.001839 -0.259512 1.108155  
 13 5 6  0.000000 -0.845584 -0.000000 0.003556 0.000000 -2.577453 0.000000 0.845584 0.000000 -0.003556 0.000000 -2.577225  
 14 6 7  0.000000 0.360297 0.000000 -0.000787 -0.000000 1.098465 0.000000 -0.360297 -0.000000 0.000787 -0.000000 1.097906  
 15 7 8  0.000000 -0.845597 0.000000 0.003613 -0.000000 -2.577265 0.000000 0.845597 -0.000000 -0.003613 -0.000000 -2.577493  
 16 8 5  0.000000 0.360310 -0.000000 -0.000821 0.000000 1.097945 0.000000 -0.360310 0.000000 0.000821 0.000000 1.098504  
 17 10 11  0.000000 -0.411722 0.000000 0.000040 -0.000000 -1.254734 0.000000 0.411722 -0.000000 -0.000040 -0.000000 -1.255126  
 18 11 12  0.000000 -0.220837 0.000000 -0.001773 -0.000000 -0.673355 0.000000 0.220837 -0.000000 0.001773 -0.000000 -0.672868  
 19 12 13  0.000000 -0.411741 -0.000000 -0.000124 0.000000 -1.255184 0.000000 0.411741 0.000000 0.000124 0.000000 -1.254792  
 20 13 10  0.000000 -0.220818 -0.000000 -0.001736 0.000000 -0.672810 0.000000 0.220818 0.000000 0.001736 0.000000 -0.673297  
 21 15 16  0.000000 -0.084990 0.000000 -0.000143 -0.000000 -0.259046 0.000000 0.084990 -0.000000 0.000143 -0.000000 -0.259053  
 22 16 17  0.000000 -0.363525 0.000000 -0.000311 -0.000000 -1.108192 0.000000 0.363525 -0.000000 0.000311 -0.000000 -1.107859  
 23 17 18  0.000000 -0.085005 -0.000000 -0.000344 0.000000 -0.259100 0.000000 0.085005 0.000000 0.000344 0.000000 -0.259093  
 24 18 15  0.000000 -0.363510 -0.000000 -0.000419 0.000000 -1.107812 0.000000 0.363510 0.000000 0.000419 0.000000 -1.108145  
