 1 1 5  26.815786 0.861870 -6.083400 0.051679 13.680321 1.746932 -26.815786 -0.861870 6.083400 -0.051679 8.570324 1.405442  
 2 2 6  47.283341 0.988476 -6.753276 0.051679 15.562764 1.947677 -47.283341 -0.988476 6.753276 -0.051679 9.138020 1.667773  
 3 3 7  45.161610 1.000966 -6.683076 0.051679 15.406323 1.995286 -45.161610 -1.000966 6.683076 -0.051679 9.037696 1.665848  
 4 4 8  24.739264 0.872365 -5.966208 0.051679 13.425047 1.785138 -24.739264 -0.872365 5.966208 -0.051679 8.396957 1.405623  
 5 5 10  19.672203 -0.133445 -4.449392 -0.129580 7.343905 -0.287184 -19.672203 0.133445 4.449392 0.129580 8.930192 -0.200905  
 6 6 11  29.619433 -0.153781 -4.520739 -0.129580 7.238790 -0.330428 -29.619433 0.153781 4.520739 0.129580 9.296265 -0.232039  
 7 7 12  28.310995 -0.149173 -4.463261 -0.129580 7.135217 -0.326933 -28.310995 0.149173 4.463261 0.129580 9.189606 -0.218682  
 8 8 13  18.397369 -0.127203 -4.379122 -0.129580 7.235619 -0.277680 -18.397369 0.127203 4.379122 0.129580 8.781457 -0.187578  
 9 10 15  10.930439 0.571362 -1.704766 0.046429 1.968162 1.111973 -10.930439 -0.571362 1.704766 -0.046429 4.267189 0.977841  
 10 11 16  13.733318 0.624155 -1.646639 0.046429 1.710815 1.234839 -13.733318 -0.624155 1.646639 -0.046429 4.311932 1.048070  
 11 12 17  13.060838 0.621702 -1.626157 0.046429 1.691903 1.226928 -13.060838 -0.621702 1.626157 -0.046429 4.255927 1.047010  
 12 13 18  10.275404 0.564949 -1.676630 0.046429 1.934309 1.093014 -10.275404 -0.564949 1.676630 -0.046429 4.198132 0.973343  
 13 5 6  0.000000 5.258712 0.000000 0.105121 -0.000000 15.777824 0.000000 -5.258712 -0.000000 -0.105121 -0.000000 16.279283  
 14 6 7  0.000000 -0.405196 -0.000000 -0.097527 0.000000 -1.232223 0.000000 0.405196 0.000000 0.097527 0.000000 -1.237851  
 15 7 8  0.000000 5.255811 -0.000000 0.101064 0.000000 16.270440 0.000000 -5.255811 0.000000 -0.101064 0.000000 15.768981  
 16 8 5  0.000000 -0.402295 0.000000 -0.136405 -0.000000 -1.229008 0.000000 0.402295 -0.000000 0.136405 -0.000000 -1.223379  
 17 10 11  0.000000 3.570155 0.000000 0.039710 -0.000000 10.813216 0.000000 -3.570155 -0.000000 -0.039710 -0.000000 10.950450  
 18 11 12  0.000000 -0.315959 0.000000 -0.056630 -0.000000 -0.963090 0.000000 0.315959 -0.000000 0.056630 -0.000000 -0.962997  
 19 12 13  0.000000 3.566116 -0.000000 0.045249 0.000000 10.938139 0.000000 -3.566116 0.000000 -0.045249 0.000000 10.800904  
 20 13 10  0.000000 -0.311920 -0.000000 -0.085138 0.000000 -0.950685 0.000000 0.311920 0.000000 0.085138 0.000000 -0.950778  
 21 15 16  0.000000 1.399259 -0.000000 0.028468 0.000000 4.239307 0.000000 -1.399259 0.000000 -0.028468 0.000000 4.290576  
 22 16 17  0.000000 -0.334059 -0.000000 -0.021356 0.000000 -1.019602 0.000000 0.334059 0.000000 0.021356 0.000000 -1.016824  
 23 17 18  0.000000 1.394898 0.000000 0.030187 -0.000000 4.277283 0.000000 -1.394898 -0.000000 -0.030187 -0.000000 4.226013  
 24 18 15  0.000000 -0.329698 0.000000 -0.027882 -0.000000 -1.003530 0.000000 0.329698 -0.000000 0.027882 -0.000000 -1.006308  
