 1 1 5  35.390179 -0.254070 -0.246218 -0.000041 0.551222 -0.647452 -35.390179 0.254070 0.246218 0.000041 0.349345 -0.281835  
 2 2 6  35.623910 -0.254068 -0.246135 -0.000041 0.550910 -0.647446 -35.623910 0.254068 0.246135 0.000041 0.349353 -0.281832  
 3 3 7  36.609820 -0.253850 -0.246075 -0.000041 0.550805 -0.646836 -36.609820 0.253850 0.246075 0.000041 0.349240 -0.281646  
 4 4 8  36.376091 -0.253862 -0.246210 -0.000041 0.551212 -0.646848 -36.376091 0.253862 0.246210 0.000041 0.349328 -0.281676  
 5 5 10  23.746345 -0.244945 -0.068750 -0.000018 0.039412 -0.415062 -23.746345 0.244945 0.068750 0.000018 0.212048 -0.480849  
 6 6 11  23.725002 -0.244960 -0.068741 -0.000018 0.039401 -0.415081 -23.725002 0.244960 0.068741 0.000018 0.212028 -0.480884  
 7 7 12  24.253654 -0.244969 -0.068740 -0.000018 0.039415 -0.415170 -24.253654 0.244969 0.068740 0.000018 0.212008 -0.480829  
 8 8 13  24.274998 -0.244954 -0.068757 -0.000018 0.039432 -0.415145 -24.274998 0.244954 0.068757 0.000018 0.212054 -0.480800  
 9 10 15  11.948292 -0.088801 0.066866 -0.000008 -0.158451 -0.081078 -11.948292 0.088801 -0.066866 0.000008 -0.086119 -0.243723  
 10 11 16  11.891783 -0.088808 0.066863 -0.000008 -0.158434 -0.081089 -11.891783 0.088808 -0.066863 0.000008 -0.086125 -0.243734  
 11 12 17  12.051708 -0.088816 0.066862 -0.000008 -0.158431 -0.081123 -12.051708 0.088816 -0.066862 0.000008 -0.086124 -0.243730  
 12 13 18  12.108218 -0.088809 0.066864 -0.000008 -0.158448 -0.081111 -12.108218 0.088809 -0.066864 0.000008 -0.086115 -0.243718  
 13 5 6  0.000000 0.127537 -0.000000 -0.000009 0.000000 0.388759 0.000000 -0.127537 0.000000 0.000009 0.000000 0.388705  
 14 6 7  0.000000 0.228629 -0.000000 -0.000049 0.000000 0.696904 0.000000 -0.228629 0.000000 0.000049 0.000000 0.696818  
 15 7 8  0.000000 0.127536 0.000000 0.000002 -0.000000 0.388704 0.000000 -0.127536 -0.000000 -0.000002 -0.000000 0.388758  
 16 8 5  0.000000 0.228629 0.000000 0.000002 -0.000000 0.696819 0.000000 -0.228629 -0.000000 -0.000002 -0.000000 0.696905  
 17 10 11  0.000000 0.017583 -0.000000 -0.000023 0.000000 0.053602 0.000000 -0.017583 0.000000 0.000023 0.000000 0.053586  
 18 11 12  0.000000 0.184364 0.000000 -0.000008 -0.000000 0.561950 0.000000 -0.184364 -0.000000 0.000008 -0.000000 0.561931  
 19 12 13  0.000000 0.017583 0.000000 -0.000021 -0.000000 0.053585 0.000000 -0.017583 -0.000000 0.000021 -0.000000 0.053601  
 20 13 10  0.000000 0.184364 -0.000000 0.000005 0.000000 0.561932 0.000000 -0.184364 0.000000 -0.000005 0.000000 0.561950  
 21 15 16  0.000000 -0.028255 0.000000 -0.000006 -0.000000 -0.086116 0.000000 0.028255 -0.000000 0.000006 -0.000000 -0.086124  
 22 16 17  0.000000 0.079963 -0.000000 0.000001 0.000000 0.243728 0.000000 -0.079963 0.000000 -0.000001 0.000000 0.243723  
 23 17 18  0.000000 -0.028255 -0.000000 -0.000006 0.000000 -0.086125 0.000000 0.028255 0.000000 0.000006 0.000000 -0.086117  
 24 18 15  0.000000 0.079963 0.000000 0.000002 -0.000000 0.243724 0.000000 -0.079963 -0.000000 -0.000002 -0.000000 0.243729  
