 1 1 5  44.182619 -3.328890 0.029830 0.501042 -2.061442 -7.009188 -44.182619 3.328890 -0.029830 -0.501042 1.952335 -5.166561  
 2 2 6  29.779678 -3.044810 0.194947 0.501042 -2.158873 -6.391638 -29.779678 3.044810 -0.194947 -0.501042 1.445837 -4.745061  
 3 3 7  27.843830 -2.968005 0.163610 0.501042 -2.067573 -6.210077 -27.843830 2.968005 -0.163610 -0.501042 1.469151 -4.645699  
 4 4 8  42.193874 -3.276173 -0.004135 0.501042 -1.978559 -6.870069 -42.193874 3.276173 0.004135 -0.501042 1.993685 -5.112860  
 5 5 10  30.926363 -0.377443 5.399617 0.459555 -10.352146 0.774873 -30.926363 0.377443 -5.399617 -0.459555 -9.397495 -2.155408  
 6 6 11  21.823224 -0.353776 5.112124 0.459555 -9.753230 0.626703 -21.823224 0.353776 -5.112124 -0.459555 -8.944876 -1.920676  
 7 7 12  17.098885 -0.314858 4.811986 0.459555 -9.177368 0.537032 -17.098885 0.314858 -4.811986 -0.459555 -8.422950 -1.688656  
 8 8 13  26.151529 -0.347027 5.152492 0.459555 -9.878535 0.740251 -26.151529 0.347027 -5.152492 -0.459555 -8.967218 -2.009536  
 9 10 15  14.595036 2.612131 1.331513 -0.080701 -1.187112 5.083845 -14.595036 -2.612131 -1.331513 0.080701 -3.683029 4.470285  
 10 11 16  12.247537 2.488445 1.423271 -0.080701 -1.520331 4.829246 -12.247537 -2.488445 -1.423271 0.080701 -3.685426 4.272490  
 11 12 17  9.418794 2.404780 1.344481 -0.080701 -1.499075 4.607261 -9.418794 -2.404780 -1.344481 0.080701 -3.418499 4.188462  
 12 13 18  11.738632 2.536136 1.261160 -0.080701 -1.173728 4.879079 -11.738632 -2.536136 -1.261160 0.080701 -3.439090 4.397091  
 13 5 6  0.000000 -2.649601 -0.000000 0.137580 0.000000 -8.143246 0.000000 2.649601 0.000000 -0.137580 0.000000 -8.008720  
 14 6 7  0.000000 1.393945 -0.000000 0.298673 0.000000 4.255938 0.000000 -1.393945 0.000000 -0.298673 0.000000 4.241553  
 15 7 8  0.000000 -2.649000 0.000000 0.132886 -0.000000 -8.006890 0.000000 2.649000 -0.000000 -0.132886 -0.000000 -8.141415  
 16 8 5  0.000000 1.393345 0.000000 0.256565 -0.000000 4.239723 0.000000 -1.393345 -0.000000 -0.256565 -0.000000 4.254108  
 17 10 11  0.000000 -3.374966 -0.000000 -0.001233 0.000000 -10.371476 0.000000 3.374966 0.000000 0.001233 0.000000 -10.202316  
 18 11 12  0.000000 -0.950652 0.000000 0.262891 -0.000000 -2.909803 0.000000 0.950652 -0.000000 -0.262891 -0.000000 -2.885374  
 19 12 13  0.000000 -3.369257 0.000000 0.033231 -0.000000 -10.184916 0.000000 3.369257 -0.000000 -0.033231 -0.000000 -10.354076  
 20 13 10  0.000000 -0.956361 -0.000000 0.213130 0.000000 -2.902774 0.000000 0.956361 0.000000 -0.213130 0.000000 -2.927203  
 21 15 16  0.000000 -1.170292 -0.000000 -0.088359 0.000000 -3.571598 0.000000 1.170292 0.000000 0.088359 0.000000 -3.562501  
 22 16 17  0.000000 -1.417829 -0.000000 0.122925 0.000000 -4.360849 0.000000 1.417829 0.000000 -0.122925 0.000000 -4.282238  
 23 17 18  0.000000 -1.163377 0.000000 -0.093776 -0.000000 -3.541423 0.000000 1.163377 -0.000000 0.093776 -0.000000 -3.550521  
 24 18 15  0.000000 -1.424744 0.000000 0.111431 -0.000000 -4.303315 0.000000 1.424744 -0.000000 -0.111431 -0.000000 -4.381926  
