 1 1 5  36.240678 -0.054708 0.028890 -0.000018 -0.101623 -0.106881 -36.240678 0.054708 -0.028890 0.000018 -0.004045 -0.093220  
 2 2 6  35.838763 -0.054670 0.029006 -0.000018 -0.102008 -0.106806 -35.838763 0.054670 -0.029006 0.000018 -0.004083 -0.093157  
 3 3 7  35.759313 -0.054604 0.029066 -0.000018 -0.102127 -0.106602 -35.759313 0.054604 -0.029066 0.000018 -0.004185 -0.093116  
 4 4 8  36.161246 -0.054632 0.028920 -0.000018 -0.101702 -0.106671 -36.161246 0.054632 -0.028920 0.000018 -0.004076 -0.093151  
 5 5 10  24.189762 0.020060 0.087054 -0.000007 -0.179827 0.064434 -24.189762 -0.020060 -0.087054 0.000007 -0.138581 0.008937  
 6 6 11  23.908534 0.020068 0.087059 -0.000007 -0.179818 0.064443 -23.908534 -0.020068 -0.087059 0.000007 -0.138610 0.008959  
 7 7 12  23.810232 0.020068 0.087073 -0.000007 -0.179831 0.064422 -23.810232 -0.020068 -0.087073 0.000007 -0.138648 0.008977  
 8 8 13  24.091473 0.020058 0.087067 -0.000007 -0.179859 0.064408 -24.091473 -0.020058 -0.087067 0.000007 -0.138596 0.008956  
 9 10 15  12.078792 0.038509 0.079287 -0.000003 -0.121703 0.068990 -12.078792 -0.038509 -0.079287 0.000003 -0.168296 0.071861  
 10 11 16  11.968362 0.038509 0.079281 -0.000003 -0.121679 0.068988 -11.968362 -0.038509 -0.079281 0.000003 -0.168301 0.071862  
 11 12 17  11.921205 0.038506 0.079283 -0.000003 -0.121681 0.068976 -11.921205 -0.038506 -0.079283 0.000003 -0.168306 0.071864  
 12 13 18  12.031642 0.038506 0.079289 -0.000003 -0.121705 0.068977 -12.031642 -0.038506 -0.079289 0.000003 -0.168301 0.071862  
 13 5 6  0.000000 -0.060344 0.000000 0.000034 -0.000000 -0.183902 0.000000 0.060344 -0.000000 -0.000034 -0.000000 -0.183957  
 14 6 7  0.000000 0.009427 0.000000 -0.000056 -0.000000 0.028748 0.000000 -0.009427 -0.000000 0.000056 -0.000000 0.028717  
 15 7 8  0.000000 -0.060345 -0.000000 0.000023 0.000000 -0.183960 0.000000 0.060345 0.000000 -0.000023 0.000000 -0.183906  
 16 8 5  0.000000 0.009428 -0.000000 -0.000030 0.000000 0.028720 0.000000 -0.009428 0.000000 0.000030 0.000000 0.028752  
 17 10 11  0.000000 -0.085400 0.000000 0.000008 -0.000000 -0.260290 0.000000 0.085400 -0.000000 -0.000008 -0.000000 -0.260306  
 18 11 12  0.000000 -0.025572 -0.000000 -0.000018 0.000000 -0.077939 0.000000 0.025572 0.000000 0.000018 0.000000 -0.077946  
 19 12 13  0.000000 -0.085401 -0.000000 0.000008 0.000000 -0.260311 0.000000 0.085401 0.000000 -0.000008 0.000000 -0.260295  
 20 13 10  0.000000 -0.025570 0.000000 -0.000006 -0.000000 -0.077941 0.000000 0.025570 -0.000000 0.000006 -0.000000 -0.077934  
 21 15 16  0.000000 -0.055216 0.000000 -0.000002 -0.000000 -0.168296 0.000000 0.055216 -0.000000 0.000002 -0.000000 -0.168301  
 22 16 17  0.000000 -0.023578 0.000000 -0.000000 -0.000000 -0.071864 0.000000 0.023578 -0.000000 0.000000 -0.000000 -0.071866  
 23 17 18  0.000000 -0.055218 -0.000000 -0.000002 0.000000 -0.168306 0.000000 0.055218 0.000000 0.000002 0.000000 -0.168301  
 24 18 15  0.000000 -0.023576 -0.000000 -0.000000 0.000000 -0.071861 0.000000 0.023576 0.000000 0.000000 0.000000 -0.071859  
