 1 1 5  35.102675 -0.370671 -0.137514 -0.000034 0.339562 -0.911434 -35.102675 0.370671 0.137514 0.000034 0.163411 -0.444331  
 2 2 6  35.611730 -0.370651 -0.137457 -0.000034 0.339365 -0.911384 -35.611730 0.370651 0.137457 0.000034 0.163398 -0.444310  
 3 3 7  36.897320 -0.370556 -0.137402 -0.000034 0.339255 -0.911127 -36.897320 0.370556 0.137402 0.000034 0.163307 -0.444220  
 4 4 8  36.388275 -0.370587 -0.137474 -0.000034 0.339475 -0.911203 -36.388275 0.370587 0.137474 0.000034 0.163350 -0.444256  
 5 5 10  23.504993 -0.268390 -0.100343 0.000001 0.171663 -0.446959 -23.504993 0.268390 0.100343 -0.000001 0.195352 -0.534706  
 6 6 11  23.794219 -0.268377 -0.100338 0.000001 0.171660 -0.446928 -23.794219 0.268377 0.100338 -0.000001 0.195337 -0.534687  
 7 7 12  24.495003 -0.268382 -0.100322 0.000001 0.171643 -0.446975 -24.495003 0.268382 0.100322 -0.000001 0.195297 -0.534659  
 8 8 13  24.205785 -0.268399 -0.100330 0.000001 0.171641 -0.447005 -24.205785 0.268399 0.100330 -0.000001 0.195325 -0.534693  
 9 10 15  11.831823 -0.145810 -0.067106 0.000001 0.089764 -0.176386 -11.831823 0.145810 0.067106 -0.000001 0.155682 -0.356929  
 10 11 16  11.933975 -0.145807 -0.067109 0.000001 0.089777 -0.176381 -11.933975 0.145807 0.067109 -0.000001 0.155679 -0.356922  
 11 12 17  12.168175 -0.145810 -0.067106 0.000001 0.089773 -0.176394 -12.168175 0.145810 0.067106 -0.000001 0.155672 -0.356920  
 12 13 18  12.066027 -0.145814 -0.067103 0.000001 0.089761 -0.176400 -12.066027 0.145814 0.067103 -0.000001 0.155675 -0.356928  
 13 5 6  0.000000 0.109914 -0.000000 0.000025 0.000000 0.335033 0.000000 -0.109914 0.000000 -0.000025 0.000000 0.335005  
 14 6 7  0.000000 0.292403 -0.000000 -0.000053 0.000000 0.891263 0.000000 -0.292403 0.000000 0.000053 0.000000 0.891227  
 15 7 8  0.000000 0.109914 0.000000 0.000032 -0.000000 0.335003 0.000000 -0.109914 -0.000000 -0.000032 -0.000000 0.335032  
 16 8 5  0.000000 0.292404 0.000000 -0.000041 -0.000000 0.891229 0.000000 -0.292404 -0.000000 0.000041 -0.000000 0.891265  
 17 10 11  0.000000 0.093536 -0.000000 0.000011 0.000000 0.285103 0.000000 -0.093536 0.000000 -0.000011 0.000000 0.285094  
 18 11 12  0.000000 0.233292 0.000000 -0.000021 -0.000000 0.711079 0.000000 -0.233292 -0.000000 0.000021 -0.000000 0.711072  
 19 12 13  0.000000 0.093535 0.000000 0.000018 -0.000000 0.285091 0.000000 -0.093535 -0.000000 -0.000018 -0.000000 0.285100  
 20 13 10  0.000000 0.233293 -0.000000 -0.000014 0.000000 0.711075 0.000000 -0.233293 0.000000 0.000014 0.000000 0.711081  
 21 15 16  0.000000 0.051076 -0.000000 0.000002 0.000000 0.155680 0.000000 -0.051076 0.000000 -0.000002 0.000000 0.155677  
 22 16 17  0.000000 0.117101 0.000000 -0.000002 -0.000000 0.356924 0.000000 -0.117101 -0.000000 0.000002 -0.000000 0.356923  
 23 17 18  0.000000 0.051075 0.000000 0.000002 -0.000000 0.155674 0.000000 -0.051075 -0.000000 -0.000002 -0.000000 0.155677  
 24 18 15  0.000000 0.117102 -0.000000 -0.000002 0.000000 0.356925 0.000000 -0.117102 0.000000 0.000002 0.000000 0.356927  
