 1 1 5  39.753780 2.776531 0.719935 -0.144784 -2.077521 5.904670 -39.753780 -2.776531 -0.719935 0.144784 -0.555712 4.250769  
 2 2 6  33.299644 2.637197 0.738391 -0.144784 -2.119475 5.589130 -33.299644 -2.637197 -0.738391 0.144784 -0.581263 4.056682  
 3 3 7  32.247813 2.648460 0.691924 -0.144784 -2.010099 5.628415 -32.247813 -2.648460 -0.691924 0.144784 -0.520683 4.058591  
 4 4 8  38.698762 2.795116 0.670415 -0.144784 -1.961330 5.961432 -38.698762 -2.795116 -0.670415 0.144784 -0.490781 4.261986  
 5 5 10  25.545889 0.255936 1.293935 -0.013431 -2.630369 -0.573648 -25.545889 -0.255936 -1.293935 0.013431 -2.102327 1.509759  
 6 6 11  21.158767 0.240856 1.289166 -0.013431 -2.600672 -0.581870 -21.158767 -0.240856 -1.289166 0.013431 -2.114581 1.462824  
 7 7 12  22.454793 0.248858 1.286471 -0.013431 -2.599577 -0.582969 -22.454793 -0.248858 -1.286471 0.013431 -2.105819 1.493191  
 8 8 13  26.840551 0.263563 1.284468 -0.013431 -2.615905 -0.571450 -26.840551 -0.263563 -1.284468 0.013431 -2.082166 1.535458  
 9 10 15  12.368994 -0.966324 1.247476 0.019446 -1.968285 -2.021156 -12.368994 0.966324 -1.247476 -0.019446 -2.594483 -1.513271  
 10 11 16  10.657977 -0.923130 1.229493 0.019446 -1.935214 -1.932516 -10.657977 0.923130 -1.229493 -0.019446 -2.561778 -1.443926  
 11 12 17  11.631152 -0.934506 1.261107 0.019446 -1.988030 -1.964505 -11.631152 0.934506 -1.261107 -0.019446 -2.624595 -1.453544  
 12 13 18  13.341877 -0.975702 1.274732 0.019446 -2.013846 -2.047884 -13.341877 0.975702 -1.274732 -0.019446 -2.648615 -1.520844  
 13 5 6  0.000000 -1.033279 0.000000 -0.100460 -0.000000 -3.147078 0.000000 1.033279 -0.000000 0.100460 -0.000000 -3.151792  
 14 6 7  0.000000 -1.174156 -0.000000 0.030142 0.000000 -3.575272 0.000000 1.174156 0.000000 -0.030142 0.000000 -3.582384  
 15 7 8  0.000000 -1.032823 -0.000000 -0.106763 0.000000 -3.150403 0.000000 1.032823 0.000000 0.106763 0.000000 -3.145689  
 16 8 5  0.000000 -1.174612 0.000000 0.039003 -0.000000 -3.583773 0.000000 1.174612 -0.000000 -0.039003 -0.000000 -3.576661  
 17 10 11  0.000000 -1.337918 0.000000 0.021261 -0.000000 -4.083721 0.000000 1.337918 -0.000000 -0.021261 -0.000000 -4.072230  
 18 11 12  0.000000 0.161291 0.000000 -0.022435 -0.000000 0.490952 0.000000 -0.161291 -0.000000 0.022435 -0.000000 0.492278  
 19 12 13  0.000000 -1.337651 -0.000000 0.020964 0.000000 -4.071414 0.000000 1.337651 0.000000 -0.020964 0.000000 -4.082904  
 20 13 10  0.000000 0.161023 -0.000000 -0.013108 0.000000 0.491462 0.000000 -0.161023 0.000000 0.013108 0.000000 0.490136  
 21 15 16  0.000000 -0.855472 -0.000000 0.034784 0.000000 -2.621661 0.000000 0.855472 0.000000 -0.034784 0.000000 -2.593298  
 22 16 17  0.000000 0.486551 -0.000000 -0.031520 0.000000 1.478710 0.000000 -0.486551 0.000000 0.031520 0.000000 1.487306  
 23 17 18  0.000000 -0.855399 0.000000 0.033762 -0.000000 -2.593075 0.000000 0.855399 -0.000000 -0.033762 -0.000000 -2.621437  
 24 18 15  0.000000 0.486478 0.000000 -0.027177 -0.000000 1.487082 0.000000 -0.486478 -0.000000 0.027177 -0.000000 1.478487  
