 1 1 5  33.244159 0.484037 -1.905121 0.041207 3.681876 0.239929 -33.244159 -0.484037 1.905121 -0.041207 3.286294 1.530484  
 2 2 6  31.321864 0.434909 -1.852424 0.041207 3.549863 0.129373 -31.321864 -0.434909 1.852424 -0.041207 3.225563 1.461349  
 3 3 7  38.755691 0.515845 -1.928348 0.041207 3.713395 0.298279 -38.755691 -0.515845 1.928348 -0.041207 3.339731 1.588475  
 4 4 8  40.678287 0.565089 -1.981643 0.041207 3.847329 0.409420 -40.678287 -0.565089 1.981643 -0.041207 3.400729 1.657450  
 5 5 10  22.285652 -1.821040 1.010704 -0.049724 -2.521896 -3.965979 -22.285652 1.821040 -1.010704 0.049724 -1.174855 -2.694657  
 6 6 11  19.875067 -1.785898 0.993526 -0.049724 -2.462215 -3.878454 -19.875067 1.785898 -0.993526 0.049724 -1.171704 -2.653648  
 7 7 12  25.713599 -1.825525 1.057592 -0.049724 -2.618684 -4.025373 -25.713599 1.825525 -1.057592 0.049724 -1.249565 -2.651667  
 8 8 13  28.125683 -1.849097 1.070606 -0.049724 -2.669255 -4.089219 -28.125683 1.849097 -1.070606 0.049724 -1.246592 -2.674038  
 9 10 15  11.317131 -1.709859 0.656244 -0.000388 -1.040921 -2.771080 -11.317131 1.709859 -0.656244 0.000388 -1.359356 -3.482901  
 10 11 16  10.405269 -1.669765 0.653485 -0.000388 -1.035875 -2.697762 -10.405269 1.669765 -0.653485 0.000388 -1.354313 -3.409572  
 11 12 17  12.682269 -1.699694 0.691464 -0.000388 -1.106410 -2.753735 -12.682269 1.699694 -0.691464 0.000388 -1.422688 -3.463068  
 12 13 18  13.595331 -1.734507 0.693683 -0.000388 -1.111204 -2.815418 -13.595331 1.734507 -0.693683 0.000388 -1.426012 -3.528715  
 13 5 6  0.000000 0.244295 0.000000 0.009651 -0.000000 0.747481 0.000000 -0.244295 -0.000000 -0.009651 -0.000000 0.741742  
 14 6 7  0.000000 0.797498 0.000000 -0.021606 -0.000000 2.426756 0.000000 -0.797498 -0.000000 0.021606 -0.000000 2.434789  
 15 7 8  0.000000 0.244594 -0.000000 -0.002109 0.000000 0.742653 0.000000 -0.244594 0.000000 0.002109 0.000000 0.748393  
 16 8 5  0.000000 0.797198 -0.000000 -0.016918 0.000000 2.433878 0.000000 -0.797198 0.000000 0.016918 0.000000 2.425844  
 17 10 11  0.000000 -0.749399 -0.000000 0.057050 0.000000 -2.286673 0.000000 0.749399 0.000000 -0.057050 0.000000 -2.281664  
 18 11 12  0.000000 1.780803 -0.000000 -0.074085 0.000000 5.408460 0.000000 -1.780803 0.000000 0.074085 0.000000 5.447315  
 19 12 13  0.000000 -0.749473 0.000000 0.041913 -0.000000 -2.281891 0.000000 0.749473 -0.000000 -0.041913 -0.000000 -2.286900  
 20 13 10  0.000000 1.780878 0.000000 -0.070896 -0.000000 5.447543 0.000000 -1.780878 -0.000000 0.070896 -0.000000 5.408687  
 21 15 16  0.000000 -0.456081 0.000000 0.036207 -0.000000 -1.392227 0.000000 0.456081 -0.000000 -0.036207 -0.000000 -1.388043  
 22 16 17  0.000000 1.138650 0.000000 -0.033730 -0.000000 3.445779 0.000000 -1.138650 -0.000000 0.033730 -0.000000 3.495434  
 23 17 18  0.000000 -0.456381 -0.000000 0.032366 0.000000 -1.388957 0.000000 0.456381 0.000000 -0.032366 0.000000 -1.393142  
 24 18 15  0.000000 1.138950 -0.000000 -0.032871 0.000000 3.496348 0.000000 -1.138950 0.000000 0.032871 0.000000 3.446693  
