 1 1 5  35.454002 -0.352965 0.146562 0.000032 -0.330758 -0.868645 -35.454002 0.352965 -0.146562 -0.000032 -0.205307 -0.422359  
 2 2 6  35.351811 -0.352915 0.146671 0.000032 -0.331111 -0.868542 -35.351811 0.352915 -0.146671 -0.000032 -0.205352 -0.422280  
 3 3 7  36.545990 -0.352843 0.146708 0.000032 -0.331184 -0.868324 -36.545990 0.352843 -0.146708 -0.000032 -0.205415 -0.422236  
 4 4 8  36.648197 -0.352887 0.146576 0.000032 -0.330804 -0.868421 -36.648197 0.352887 -0.146576 -0.000032 -0.205314 -0.422299  
 5 5 10  23.654094 -0.261089 0.053121 -0.000003 -0.036838 -0.429762 -23.654094 0.261089 -0.053121 0.000003 -0.157456 -0.525196  
 6 6 11  23.710816 -0.261082 0.053125 -0.000003 -0.036823 -0.429756 -23.710816 0.261082 -0.053125 0.000003 -0.157486 -0.525177  
 7 7 12  24.345900 -0.261081 0.053134 -0.000003 -0.036836 -0.429776 -24.345900 0.261081 -0.053134 0.000003 -0.157508 -0.525153  
 8 8 13  24.289190 -0.261089 0.053130 -0.000003 -0.036857 -0.429784 -24.289190 0.261089 -0.053130 0.000003 -0.157470 -0.525175  
 9 10 15  11.867084 -0.121034 -0.066685 -0.000001 0.148856 -0.132617 -11.867084 0.121034 0.066685 0.000001 0.095051 -0.310076  
 10 11 16  11.929454 -0.121035 -0.066689 -0.000001 0.148875 -0.132622 -11.929454 0.121035 0.066689 0.000001 0.095045 -0.310078  
 11 12 17  12.132913 -0.121039 -0.066689 -0.000001 0.148878 -0.132637 -12.132913 0.121039 0.066689 0.000001 0.095044 -0.310075  
 12 13 18  12.070549 -0.121037 -0.066686 -0.000001 0.148860 -0.132632 -12.070549 0.121037 0.066686 0.000001 0.095050 -0.310074  
 13 5 6  0.000000 -0.079457 0.000000 0.000041 -0.000000 -0.242156 0.000000 0.079457 -0.000000 -0.000041 -0.000000 -0.242212  
 14 6 7  0.000000 0.279548 -0.000000 -0.000036 0.000000 0.852077 0.000000 -0.279548 0.000000 0.000036 0.000000 0.852046  
 15 7 8  0.000000 -0.079458 -0.000000 0.000034 0.000000 -0.242215 0.000000 0.079458 0.000000 -0.000034 0.000000 -0.242160  
 16 8 5  0.000000 0.279549 0.000000 -0.000011 -0.000000 0.852049 0.000000 -0.279549 -0.000000 0.000011 -0.000000 0.852080  
 17 10 11  0.000000 -0.002825 0.000000 0.000005 -0.000000 -0.008603 0.000000 0.002825 -0.000000 -0.000005 -0.000000 -0.008618  
 18 11 12  0.000000 0.215814 0.000000 -0.000007 -0.000000 0.657804 0.000000 -0.215814 -0.000000 0.000007 -0.000000 0.657796  
 19 12 13  0.000000 -0.002826 -0.000000 0.000006 0.000000 -0.008622 0.000000 0.002826 0.000000 -0.000006 0.000000 -0.008607  
 20 13 10  0.000000 0.215815 -0.000000 -0.000003 0.000000 0.657800 0.000000 -0.215815 0.000000 0.000003 0.000000 0.657808  
 21 15 16  0.000000 0.031184 0.000000 -0.000003 -0.000000 0.095052 0.000000 -0.031184 -0.000000 0.000003 -0.000000 0.095047  
 22 16 17  0.000000 0.101730 -0.000000 0.000002 0.000000 0.310074 0.000000 -0.101730 0.000000 -0.000002 0.000000 0.310072  
 23 17 18  0.000000 0.031183 -0.000000 -0.000003 0.000000 0.095042 0.000000 -0.031183 0.000000 0.000003 0.000000 0.095048  
 24 18 15  0.000000 0.101732 0.000000 0.000002 -0.000000 0.310077 0.000000 -0.101732 -0.000000 -0.000002 -0.000000 0.310079  
