 1 1 5  35.147862 3.218689 -4.730599 -0.244847 10.659271 7.711755 -35.147862 -3.218689 4.730599 0.244847 6.643367 4.060924  
 2 2 6  53.913603 3.594821 -4.980805 -0.244847 11.517114 8.556608 -53.913603 -3.594821 4.980805 0.244847 6.700680 4.591808  
 3 3 7  36.706960 3.465830 -4.525598 -0.244847 10.486452 8.048291 -36.706960 -3.465830 4.525598 0.244847 6.066377 4.628329  
 4 4 8  18.231575 2.936449 -3.958975 -0.244847 9.028317 6.878321 -18.231575 -2.936449 3.958975 0.244847 5.452031 3.862036  
 5 5 10  23.789348 2.665162 -3.169881 0.000221 5.695538 5.024925 -23.789348 -2.665162 3.169881 -0.000221 5.898619 4.723170  
 6 6 11  34.971868 3.022556 -3.150990 0.000221 5.562000 5.699482 -34.971868 -3.022556 3.150990 -0.000221 5.963061 5.355820  
 7 7 12  24.103728 2.995440 -2.802126 0.000221 4.933559 5.661815 -24.103728 -2.995440 2.802126 -0.000221 5.315498 5.294306  
 8 8 13  13.135056 2.582212 -2.748413 0.000221 4.940568 4.877001 -13.135056 -2.582212 2.748413 -0.000221 5.112026 4.567696  
 9 10 15  11.968136 3.037883 -3.190314 0.007771 5.233593 5.015739 -11.968136 -3.037883 3.190314 -0.007771 6.435300 6.095623  
 10 11 16  16.134913 3.245112 -3.209514 0.007771 5.185395 5.329248 -16.134913 -3.245112 3.209514 -0.007771 6.553723 6.540072  
 11 12 17  11.972608 3.218838 -3.008088 0.007771 4.903932 5.344932 -11.972608 -3.218838 3.008088 -0.007771 6.098451 6.428289  
 12 13 18  7.924343 2.981594 -2.957468 0.007771 4.865261 4.957276 -7.924343 -2.981594 2.957468 -0.007771 5.951974 5.948202  
 13 5 6  0.000000 3.782047 0.000000 0.573571 -0.000000 11.394902 0.000000 -3.782047 -0.000000 -0.573571 -0.000000 11.660458  
 14 6 7  0.000000 -3.159688 0.000000 -0.602223 -0.000000 -9.717719 0.000000 3.159688 -0.000000 0.602223 -0.000000 -9.543740  
 15 7 8  0.000000 3.762920 -0.000000 0.746404 0.000000 11.602158 0.000000 -3.762920 0.000000 -0.746404 0.000000 11.336603  
 16 8 5  0.000000 -3.140561 -0.000000 -0.944003 0.000000 -9.485441 0.000000 3.140561 0.000000 0.944003 0.000000 -9.659420  
 17 10 11  0.000000 3.495954 0.000000 0.436756 -0.000000 10.591073 0.000000 -3.495954 -0.000000 -0.436756 -0.000000 10.720266  
 18 11 12  0.000000 -3.341001 0.000000 -0.428190 -0.000000 -10.248312 0.000000 3.341001 -0.000000 0.428190 -0.000000 -10.118428  
 19 12 13  0.000000 3.472120 -0.000000 0.520809 0.000000 10.647620 0.000000 -3.472120 0.000000 -0.520809 0.000000 10.518427  
 20 13 10  0.000000 -3.317167 -0.000000 -0.541139 0.000000 -10.045782 0.000000 3.317167 0.000000 0.541139 0.000000 -10.175666  
 21 15 16  0.000000 2.068574 -0.000000 0.177072 0.000000 6.238790 0.000000 -2.068574 0.000000 -0.177072 0.000000 6.371240  
 22 16 17  0.000000 -2.066338 -0.000000 -0.182483 0.000000 -6.363000 0.000000 2.066338 0.000000 0.182483 0.000000 -6.233398  
 23 17 18  0.000000 2.038947 0.000000 0.194891 -0.000000 6.280934 0.000000 -2.038947 -0.000000 -0.194891 -0.000000 6.148484  
 24 18 15  0.000000 -2.036710 0.000000 -0.196510 -0.000000 -6.143092 0.000000 2.036710 -0.000000 0.196510 -0.000000 -6.272695  
