 1 1 5  37.961274 0.050904 0.108157 -0.000262 -0.353059 0.362280 -37.961274 -0.050904 -0.108157 0.000262 -0.042538 -0.176092  
 2 2 6  36.511418 0.051234 0.108828 -0.000262 -0.355133 0.363077 -36.511418 -0.051234 -0.108828 0.000262 -0.042915 -0.175685  
 3 3 7  34.038679 0.051764 0.109342 -0.000262 -0.356360 0.364714 -34.038679 -0.051764 -0.109342 0.000262 -0.043569 -0.175380  
 4 4 8  35.488629 0.051403 0.108679 -0.000262 -0.354335 0.363889 -35.488629 -0.051403 -0.108679 0.000262 -0.043169 -0.175879  
 5 5 10  25.436908 0.555725 0.245319 -0.000048 -0.541843 1.188907 -25.436908 -0.555725 -0.245319 0.000048 -0.355434 0.843712  
 6 6 11  24.370904 0.555878 0.245378 -0.000048 -0.541802 1.189174 -24.370904 -0.555878 -0.245378 0.000048 -0.355690 0.844005  
 7 7 12  22.563060 0.555960 0.245560 -0.000048 -0.542061 1.189158 -22.563060 -0.555960 -0.245560 0.000048 -0.356099 0.844323  
 8 8 13  23.629128 0.555805 0.245507 -0.000048 -0.542155 1.188901 -23.629128 -0.555805 -0.245507 0.000048 -0.355814 0.844013  
 9 10 15  12.586459 0.523096 0.347637 0.000493 -0.577593 0.816357 -12.586459 -0.523096 -0.347637 -0.000493 -0.693925 1.096917  
 10 11 16  12.132308 0.522241 0.347573 0.000493 -0.577624 0.815373 -12.132308 -0.522241 -0.347573 -0.000493 -0.693658 1.094775  
 11 12 17  11.413531 0.521703 0.346057 0.000493 -0.575579 0.814645 -11.413531 -0.521703 -0.346057 -0.000493 -0.690159 1.093535  
 12 13 18  11.867701 0.522957 0.346397 0.000493 -0.576158 0.816387 -11.867701 -0.522957 -0.346397 -0.000493 -0.690823 1.096381  
 13 5 6  0.000000 -0.191929 0.000000 0.000325 -0.000000 -0.584840 0.000000 0.191929 -0.000000 -0.000325 -0.000000 -0.585162  
 14 6 7  0.000000 -0.332443 0.000000 -0.000444 -0.000000 -1.013164 0.000000 0.332443 -0.000000 0.000444 -0.000000 -1.013411  
 15 7 8  0.000000 -0.191937 -0.000000 0.000366 0.000000 -0.585185 0.000000 0.191937 0.000000 -0.000366 0.000000 -0.584864  
 16 8 5  0.000000 -0.332436 -0.000000 -0.000459 0.000000 -1.013388 0.000000 0.332436 0.000000 0.000459 0.000000 -1.013140  
 17 10 11  0.000000 -0.305932 -0.000000 -0.000361 0.000000 -0.932483 0.000000 0.305932 0.000000 0.000361 0.000000 -0.932480  
 18 11 12  0.000000 -0.544528 0.000000 0.000835 -0.000000 -1.659740 0.000000 0.544528 -0.000000 -0.000835 -0.000000 -1.659700  
 19 12 13  0.000000 -0.305943 0.000000 -0.000732 -0.000000 -0.932512 0.000000 0.305943 -0.000000 0.000732 -0.000000 -0.932516  
 20 13 10  0.000000 -0.544517 -0.000000 0.000544 0.000000 -1.659668 0.000000 0.544517 0.000000 -0.000544 0.000000 -1.659707  
 21 15 16  0.000000 -0.227078 -0.000000 -0.001078 0.000000 -0.692366 0.000000 0.227078 0.000000 0.001078 0.000000 -0.691901  
 22 16 17  0.000000 -0.359386 -0.000000 0.001757 0.000000 -1.095854 0.000000 0.359386 0.000000 -0.001757 0.000000 -1.094966  
 23 17 18  0.000000 -0.227083 0.000000 -0.001431 -0.000000 -0.691916 0.000000 0.227083 -0.000000 0.001431 -0.000000 -0.692382  
 24 18 15  0.000000 -0.359381 0.000000 0.001559 -0.000000 -1.094951 0.000000 0.359381 -0.000000 -0.001559 -0.000000 -1.095839  
