 1 1 5  38.718298 0.188617 0.701859 -0.000205 -1.832293 0.571858 -38.718298 -0.188617 -0.701859 0.000205 -0.734826 0.118029  
 2 2 6  35.147582 0.189115 0.702344 -0.000205 -1.833867 0.572988 -35.147582 -0.189115 -0.702344 0.000205 -0.735026 0.118721  
 3 3 7  33.281666 0.189487 0.702973 -0.000205 -1.835308 0.574089 -33.281666 -0.189487 -0.702973 0.000205 -0.735885 0.118978  
 4 4 8  36.852455 0.188976 0.702508 -0.000205 -1.833770 0.572959 -36.852455 -0.188976 -0.702508 0.000205 -0.735724 0.118240  
 5 5 10  25.752186 0.356369 0.729462 -0.000081 -1.350431 0.740074 -25.752186 -0.356369 -0.729462 0.000081 -1.317648 0.563380  
 6 6 11  23.550248 0.356545 0.729634 -0.000081 -1.350553 0.740385 -23.550248 -0.356545 -0.729634 0.000081 -1.318155 0.563713  
 7 7 12  22.247797 0.356618 0.729860 -0.000081 -1.350935 0.740311 -22.247797 -0.356618 -0.729860 0.000081 -1.318603 0.564055  
 8 8 13  24.449768 0.356447 0.729689 -0.000081 -1.350812 0.740024 -24.449768 -0.356447 -0.729689 0.000081 -1.318097 0.563717  
 9 10 15  12.668554 0.389864 0.558150 -0.001073 -0.802290 0.621475 -12.668554 -0.389864 -0.558150 0.001073 -1.239198 0.804491  
 10 11 16  11.857195 0.387638 0.558039 -0.001073 -0.802469 0.618832 -11.857195 -0.387638 -0.558039 0.001073 -1.238616 0.798995  
 11 12 17  11.331459 0.386789 0.555503 -0.001073 -0.799240 0.617731 -11.331459 -0.386789 -0.555503 0.001073 -1.232568 0.796988  
 12 13 18  12.142792 0.389946 0.556712 -0.001073 -0.800647 0.621770 -12.142792 -0.389946 -0.556712 0.001073 -1.235584 0.804495  
 13 5 6  0.000000 -0.684394 -0.000000 0.000486 0.000000 -2.085882 0.000000 0.684394 0.000000 -0.000486 0.000000 -2.086184  
 14 6 7  0.000000 -0.281728 -0.000000 -0.000605 0.000000 -0.858619 0.000000 0.281728 0.000000 0.000605 0.000000 -0.858792  
 15 7 8  0.000000 -0.684404 0.000000 0.000497 -0.000000 -2.086215 0.000000 0.684404 -0.000000 -0.000497 -0.000000 -2.085912  
 16 8 5  0.000000 -0.281718 0.000000 -0.000624 -0.000000 -0.858762 0.000000 0.281718 -0.000000 0.000624 -0.000000 -0.858589  
 17 10 11  0.000000 -0.695297 0.000000 -0.001177 -0.000000 -2.119318 0.000000 0.695297 -0.000000 0.001177 -0.000000 -2.119211  
 18 11 12  0.000000 -0.388350 0.000000 0.001413 -0.000000 -1.183723 0.000000 0.388350 -0.000000 -0.001413 -0.000000 -1.183659  
 19 12 13  0.000000 -0.695311 -0.000000 -0.001873 0.000000 -2.119255 0.000000 0.695311 0.000000 0.001873 0.000000 -2.119363  
 20 13 10  0.000000 -0.388335 -0.000000 0.000619 0.000000 -1.183614 0.000000 0.388335 0.000000 -0.000619 0.000000 -1.183678  
 21 15 16  0.000000 -0.405676 -0.000000 -0.002738 0.000000 -1.237401 0.000000 0.405676 0.000000 0.002738 0.000000 -1.235602  
 22 16 17  0.000000 -0.262872 -0.000000 0.003014 0.000000 -0.801733 0.000000 0.262872 0.000000 -0.003014 0.000000 -0.800732  
 23 17 18  0.000000 -0.405670 0.000000 -0.003744 -0.000000 -1.235582 0.000000 0.405670 -0.000000 0.003744 -0.000000 -1.237381  
 24 18 15  0.000000 -0.262878 0.000000 0.001797 -0.000000 -0.800752 0.000000 0.262878 -0.000000 -0.001797 -0.000000 -0.801752  
