 1 1 5  37.966831 0.413764 0.490081 -0.000152 -1.177136 1.131570 -37.966831 -0.413764 -0.490081 0.000152 -0.615383 0.381815  
 2 2 6  36.714199 0.414931 0.491291 -0.000152 -1.180783 1.134349 -36.714199 -0.414931 -0.491291 0.000152 -0.616163 0.383304  
 3 3 7  34.032989 0.415550 0.492557 -0.000152 -1.183806 1.136488 -34.032989 -0.415550 -0.492557 0.000152 -0.617769 0.383428  
 4 4 8  35.285980 0.414319 0.491413 -0.000152 -1.180302 1.133634 -35.285980 -0.414319 -0.491413 0.000152 -0.617089 0.381780  
 5 5 10  25.145422 0.536482 0.313099 -0.000308 -0.462073 1.041592 -25.145422 -0.536482 -0.313099 0.000308 -0.683117 0.920645  
 6 6 11  24.600788 0.536927 0.313106 -0.000308 -0.461830 1.042300 -24.600788 -0.536927 -0.313106 0.000308 -0.683387 0.921564  
 7 7 12  22.854448 0.537054 0.313748 -0.000308 -0.462830 1.042579 -22.854448 -0.537054 -0.313748 0.000308 -0.684734 0.921750  
 8 8 13  23.399343 0.536603 0.313757 -0.000308 -0.463115 1.041869 -23.399343 -0.536603 -0.313757 0.000308 -0.684484 0.920811  
 9 10 15  12.398257 0.475702 0.039969 -0.000026 0.042744 0.715117 -12.398257 -0.475702 -0.039969 0.000026 -0.188934 1.024812  
 10 11 16  12.274263 0.475765 0.039942 -0.000026 0.042890 0.715186 -12.274263 -0.475765 -0.039942 0.000026 -0.188984 1.024971  
 11 12 17  11.601678 0.475760 0.040023 -0.000026 0.042806 0.715107 -11.601678 -0.475760 -0.040023 0.000026 -0.189195 1.025034  
 12 13 18  11.725801 0.475694 0.040051 -0.000026 0.042657 0.715031 -11.725801 -0.475694 -0.040051 0.000026 -0.189148 1.024867  
 13 5 6  0.000000 -0.354011 0.000000 0.001061 -0.000000 -1.078792 0.000000 0.354011 -0.000000 -0.001061 -0.000000 -1.079259  
 14 6 7  0.000000 -0.467423 0.000000 -0.001265 -0.000000 -1.424543 0.000000 0.467423 -0.000000 0.001265 -0.000000 -1.424866  
 15 7 8  0.000000 -0.354036 -0.000000 0.001141 0.000000 -1.079334 0.000000 0.354036 0.000000 -0.001141 0.000000 -1.078867  
 16 8 5  0.000000 -0.467398 -0.000000 -0.001336 0.000000 -1.424790 0.000000 0.467398 0.000000 0.001336 0.000000 -1.424467  
 17 10 11  0.000000 -0.210337 -0.000000 0.000444 0.000000 -0.641050 0.000000 0.210337 0.000000 -0.000444 0.000000 -0.641163  
 18 11 12  0.000000 -0.536861 -0.000000 -0.000666 0.000000 -1.636305 0.000000 0.536861 0.000000 0.000666 0.000000 -1.636399  
 19 12 13  0.000000 -0.210370 0.000000 0.000458 -0.000000 -0.641263 0.000000 0.210370 -0.000000 -0.000458 -0.000000 -0.641150  
 20 13 10  0.000000 -0.536828 0.000000 -0.000678 -0.000000 -1.636300 0.000000 0.536828 -0.000000 0.000678 -0.000000 -1.636206  
 21 15 16  0.000000 -0.062013 -0.000000 0.000030 0.000000 -0.188991 0.000000 0.062013 0.000000 -0.000030 0.000000 -0.189040  
 22 16 17  0.000000 -0.336276 0.000000 -0.000056 -0.000000 -1.024940 0.000000 0.336276 -0.000000 0.000056 -0.000000 -1.025000  
 23 17 18  0.000000 -0.062045 0.000000 0.000034 -0.000000 -0.189139 0.000000 0.062045 -0.000000 -0.000034 -0.000000 -0.189090  
 24 18 15  0.000000 -0.336244 -0.000000 -0.000058 0.000000 -1.024901 0.000000 0.336244 0.000000 0.000058 0.000000 -1.024842  
