 1 1 5  43.308410 0.919489 2.054067 0.073469 -4.830031 2.859374 -43.308410 -0.919489 -2.054067 -0.073469 -2.682925 0.503749  
 2 2 6  38.292059 0.892180 2.041199 0.073469 -4.775784 2.786702 -38.292059 -0.892180 -2.041199 -0.073469 -2.690105 0.476536  
 3 3 7  28.697778 0.876658 1.949876 0.073469 -4.530671 2.674309 -28.697778 -0.876658 -1.949876 -0.073469 -2.601197 0.532156  
 4 4 8  33.701754 0.915612 1.982710 0.073469 -4.639568 2.779845 -33.701754 -0.915612 -1.982710 -0.073469 -2.612393 0.569097  
 5 5 10  28.423614 1.976721 1.173836 0.076968 -1.713357 4.072950 -28.423614 -1.976721 -1.173836 -0.076968 -2.580065 3.157106  
 6 6 11  26.215808 1.943696 1.171968 0.076968 -1.713697 4.008183 -26.215808 -1.943696 -1.171968 -0.076968 -2.572894 3.101081  
 7 7 12  19.581561 1.901438 1.069662 0.076968 -1.542446 3.885235 -19.581561 -1.901438 -1.069662 -0.076968 -2.369950 3.069464  
 8 8 13  21.779017 1.960330 1.083215 0.076968 -1.558603 4.002631 -21.779017 -1.960330 -1.083215 -0.076968 -2.403364 3.167473  
 9 10 15  13.545172 1.939713 0.243397 -0.018503 -0.077712 3.127563 -13.545172 -1.939713 -0.243397 0.018503 -0.812537 3.967133  
 10 11 16  13.022442 1.917189 0.247151 -0.018503 -0.090516 3.087551 -13.022442 -1.917189 -0.247151 0.018503 -0.813463 3.924759  
 11 12 17  10.457588 1.883457 0.235335 -0.018503 -0.089318 3.033694 -10.457588 -1.883457 -0.235335 0.018503 -0.771444 3.855239  
 12 13 18  10.974797 1.909136 0.231291 -0.018503 -0.073680 3.077808 -10.974797 -1.909136 -0.231291 0.018503 -0.772291 3.905047  
 13 5 6  0.000000 -1.404020 -0.000000 -0.045219 0.000000 -4.284411 0.000000 1.404020 0.000000 0.045219 0.000000 -4.274494  
 14 6 7  0.000000 -1.480270 -0.000000 0.129308 0.000000 -4.529938 0.000000 1.480270 0.000000 -0.129308 0.000000 -4.493788  
 15 7 8  0.000000 -1.403514 0.000000 -0.076397 -0.000000 -4.272952 0.000000 1.403514 -0.000000 0.076397 -0.000000 -4.282868  
 16 8 5  0.000000 -1.480776 0.000000 0.111872 -0.000000 -4.495331 0.000000 1.480776 -0.000000 -0.111872 -0.000000 -4.531480  
 17 10 11  0.000000 -0.841934 0.000000 -0.046178 -0.000000 -2.569251 0.000000 0.841934 -0.000000 0.046178 -0.000000 -2.563179  
 18 11 12  0.000000 -2.035300 0.000000 0.100230 -0.000000 -6.234810 0.000000 2.035300 -0.000000 -0.100230 -0.000000 -6.172380  
 19 12 13  0.000000 -0.840727 -0.000000 -0.069221 0.000000 -2.559499 0.000000 0.840727 0.000000 0.069221 0.000000 -2.565571  
 20 13 10  0.000000 -2.036507 -0.000000 0.088527 0.000000 -6.176059 0.000000 2.036507 0.000000 -0.088527 0.000000 -6.238490  
 21 15 16  0.000000 -0.260675 -0.000000 -0.019083 0.000000 -0.794517 0.000000 0.260675 0.000000 0.019083 0.000000 -0.794557  
 22 16 17  0.000000 -1.283117 -0.000000 0.018906 0.000000 -3.943843 0.000000 1.283117 0.000000 -0.018906 0.000000 -3.878039  
 23 17 18  0.000000 -0.259295 0.000000 -0.022800 -0.000000 -0.790350 0.000000 0.259295 -0.000000 0.022800 -0.000000 -0.790310  
 24 18 15  0.000000 -1.284497 0.000000 0.018019 -0.000000 -3.882246 0.000000 1.284497 -0.000000 -0.018019 -0.000000 -3.948050  
