 1 1 5  30.492816 -1.035278 -1.619633 -0.031310 4.111955 -2.439489 -30.492816 1.035278 1.619633 0.031310 1.812014 -1.347143  
 2 2 6  38.496738 -1.076381 -1.655342 -0.031310 4.232030 -2.550168 -38.496738 1.076381 1.655342 0.031310 1.822547 -1.386801  
 3 3 7  41.509061 -1.082906 -1.667531 -0.031310 4.264418 -2.573015 -41.509061 1.082906 1.667531 0.031310 1.834744 -1.387821  
 4 4 8  33.501385 -1.048295 -1.642066 -0.031310 4.172661 -2.480593 -33.501385 1.048295 1.642066 0.031310 1.833359 -1.353653  
 5 5 10  20.795916 -0.614982 -1.531844 -0.020609 2.841315 -0.946033 -20.795916 0.614982 1.531844 0.020609 2.761557 -1.303327  
 6 6 11  25.727105 -0.641290 -1.540002 -0.020609 2.854533 -0.990853 -25.727105 0.641290 1.540002 0.020609 2.778178 -1.354729  
 7 7 12  27.205534 -0.640608 -1.547499 -0.020609 2.868369 -0.988081 -27.205534 0.640608 1.547499 0.020609 2.791763 -1.355006  
 8 8 13  22.271445 -0.617630 -1.546586 -0.020609 2.867108 -0.947631 -22.271445 0.617630 1.546586 0.020609 2.789684 -1.311411  
 9 10 15  10.877585 -0.246035 -1.284029 0.000664 1.959785 -0.256978 -10.877585 0.246035 1.284029 -0.000664 2.736680 -0.642919  
 10 11 16  12.691641 -0.257356 -1.294694 0.000664 1.965818 -0.272162 -12.691641 0.257356 1.294694 -0.000664 2.769656 -0.669142  
 11 12 17  13.123202 -0.256685 -1.305063 0.000664 1.980482 -0.268998 -13.123202 0.256685 1.305063 -0.000664 2.792918 -0.669854  
 12 13 18  11.307572 -0.245828 -1.296710 0.000664 1.978818 -0.255059 -11.307572 0.245828 1.296710 -0.000664 2.764029 -0.644080  
 13 5 6  0.000000 1.536474 -0.000000 -0.041914 0.000000 4.676573 0.000000 -1.536474 0.000000 0.041914 0.000000 4.689771  
 14 6 7  0.000000 0.766840 -0.000000 0.012691 0.000000 2.335740 0.000000 -0.766840 0.000000 -0.012691 0.000000 2.338918  
 15 7 8  0.000000 1.536687 0.000000 -0.036984 -0.000000 4.690422 0.000000 -1.536687 -0.000000 0.036984 -0.000000 4.677224  
 16 8 5  0.000000 0.766627 0.000000 0.023244 -0.000000 2.338267 0.000000 -0.766627 -0.000000 -0.023244 -0.000000 2.335089  
 17 10 11  0.000000 1.558732 0.000000 -0.032788 -0.000000 4.744416 0.000000 -1.558732 -0.000000 0.032788 -0.000000 4.757615  
 18 11 12  0.000000 0.523269 0.000000 0.013620 -0.000000 1.594103 0.000000 -0.523269 -0.000000 -0.013620 -0.000000 1.595742  
 19 12 13  0.000000 1.559064 -0.000000 -0.028262 0.000000 4.758625 0.000000 -1.559064 0.000000 0.028262 0.000000 4.745426  
 20 13 10  0.000000 0.522937 -0.000000 0.023075 0.000000 1.594732 0.000000 -0.522937 0.000000 -0.023075 0.000000 1.593093  
 21 15 16  0.000000 0.907225 -0.000000 -0.012512 0.000000 2.749755 0.000000 -0.907225 0.000000 0.012512 0.000000 2.780687  
 22 16 17  0.000000 0.215583 0.000000 0.011032 -0.000000 0.656630 0.000000 -0.215583 -0.000000 -0.011032 -0.000000 0.657567  
 23 17 18  0.000000 0.907618 0.000000 -0.012287 -0.000000 2.781887 0.000000 -0.907618 -0.000000 0.012287 -0.000000 2.750954  
 24 18 15  0.000000 0.215190 -0.000000 0.013074 0.000000 0.656367 0.000000 -0.215190 0.000000 -0.013074 0.000000 0.655430  
