 1 1 5  40.880196 3.071809 -1.666023 -0.211858 2.948100 6.799378 -40.880196 -3.071809 1.666023 0.211858 3.145547 4.436070  
 2 2 6  37.692611 2.995168 -1.614008 -0.211858 2.813301 6.627965 -37.692611 -2.995168 1.614008 0.211858 3.090097 4.327163  
 3 3 7  31.125026 2.903805 -1.556886 -0.211858 2.712686 6.403176 -31.125026 -2.903805 1.556886 0.211858 2.981779 4.217783  
 4 4 8  34.302167 3.000201 -1.618154 -0.211858 2.858639 6.613538 -34.302167 -3.000201 1.618154 0.211858 3.059922 4.359998  
 5 5 10  27.198744 0.731900 1.262752 0.019604 -3.099424 0.801435 -27.198744 -0.731900 -1.262752 -0.019604 -1.519217 1.875564  
 6 6 11  23.992983 0.709585 1.251519 0.019604 -3.052947 0.764266 -23.992983 -0.709585 -1.251519 -0.019604 -1.524608 1.831111  
 7 7 12  20.804893 0.734766 1.210956 0.019604 -2.971894 0.830186 -20.804893 -0.734766 -1.210956 -0.019604 -1.457296 1.857293  
 8 8 13  24.003380 0.761154 1.228882 0.019604 -3.032613 0.874164 -24.003380 -0.761154 -1.228882 -0.019604 -1.462146 1.909834  
 9 10 15  13.205690 0.836479 0.940540 -0.002094 -1.508474 1.255577 -13.205690 -0.836479 -0.940540 0.002094 -1.931644 1.803930  
 10 11 16  11.956488 0.811875 0.937763 -0.002094 -1.506062 1.218968 -11.956488 -0.811875 -0.937763 0.002094 -1.923899 1.750546  
 11 12 17  10.796249 0.799788 0.911056 -0.002094 -1.464952 1.190155 -10.796249 -0.799788 -0.911056 0.002094 -1.867325 1.735149  
 12 13 18  12.041573 0.828040 0.917139 -0.002094 -1.474080 1.233628 -12.041573 -0.828040 -0.917139 0.002094 -1.880448 1.795012  
 13 5 6  0.000000 0.009485 0.000000 -0.071831 -0.000000 0.035508 0.000000 -0.009485 -0.000000 0.071831 -0.000000 0.022310  
 14 6 7  0.000000 -1.690144 0.000000 -0.014840 -0.000000 -5.163260 0.000000 1.690144 -0.000000 0.014840 -0.000000 -5.139858  
 15 7 8  0.000000 0.010277 -0.000000 -0.091889 0.000000 0.024724 0.000000 -0.010277 0.000000 0.091889 0.000000 0.037923  
 16 8 5  0.000000 -1.690936 -0.000000 -0.010614 0.000000 -5.142272 0.000000 1.690936 0.000000 0.010614 0.000000 -5.165674  
 17 10 11  0.000000 -0.977855 -0.000000 -0.039237 0.000000 -2.983252 0.000000 0.977855 0.000000 0.039237 0.000000 -2.977753  
 18 11 12  0.000000 -1.014350 0.000000 0.052917 -0.000000 -3.089316 0.000000 1.014350 -0.000000 -0.052917 -0.000000 -3.094161  
 19 12 13  0.000000 -0.977006 0.000000 -0.046713 -0.000000 -2.975165 0.000000 0.977006 -0.000000 0.046713 -0.000000 -2.980665  
 20 13 10  0.000000 -1.015199 -0.000000 0.044439 0.000000 -3.096749 0.000000 1.015199 0.000000 -0.044439 0.000000 -3.091904  
 21 15 16  0.000000 -0.624116 0.000000 -0.025214 -0.000000 -1.907524 0.000000 0.624116 -0.000000 0.025214 -0.000000 -1.897089  
 22 16 17  0.000000 -0.580604 0.000000 0.026809 -0.000000 -1.775760 0.000000 0.580604 -0.000000 -0.026809 -0.000000 -1.763603  
 23 17 18  0.000000 -0.623147 -0.000000 -0.028454 0.000000 -1.894134 0.000000 0.623147 0.000000 0.028454 0.000000 -1.904568  
 24 18 15  0.000000 -0.581574 -0.000000 0.024121 0.000000 -1.766558 0.000000 0.581574 0.000000 -0.024121 0.000000 -1.778715  
