 1 1 5  34.732689 -5.292427 3.844167 0.128136 -8.764941 -11.899372 -34.732689 5.292427 -3.844167 -0.128136 -5.295483 -7.458209  
 2 2 6  21.301561 -4.666632 3.585561 0.128136 -8.087551 -10.547346 -21.301561 4.666632 -3.585561 -0.128136 -5.026996 -6.521326  
 3 3 7  37.149983 -5.169943 4.077025 0.128136 -9.124025 -11.863281 -37.149983 5.169943 -4.077025 -0.128136 -5.788103 -7.046303  
 4 4 8  50.815767 -5.610806 4.251210 0.128136 -9.615976 -12.816987 -50.815767 5.610806 -4.251210 -0.128136 -5.933251 -7.705095  
 5 5 10  23.788715 -3.789618 2.512487 0.053537 -4.140733 -6.157476 -23.788715 3.789618 -2.512487 -0.053537 -5.048942 -7.703433  
 6 6 11  16.776710 -3.466397 2.473428 0.053537 -4.158654 -5.623671 -16.776710 3.466397 -2.473428 -0.053537 -4.888157 -7.055023  
 7 7 12  24.121875 -3.578847 2.692194 0.053537 -4.544774 -5.629924 -24.121875 3.578847 -2.692194 -0.053537 -5.302193 -7.460066  
 8 8 118  31.312701 -3.642430 2.610276 0.053537 -4.413164 -5.864028 -31.312701 3.642430 -2.610276 -0.053537 3.458430 4.531772  
 9 10 15  12.152321 -1.101122 1.543709 -0.032702 -2.203880 -1.003481 -12.152321 1.101122 -1.543709 0.032702 -3.442392 -3.023983  
 10 11 16  9.906973 -1.045437 1.513773 -0.032702 -2.153611 -0.960874 -9.906973 1.045437 -1.513773 0.032702 -3.383165 -2.862917  
 11 12 17  11.802478 -1.039325 1.596868 -0.032702 -2.291670 -0.903274 -11.802478 1.039325 -1.596868 0.032702 -3.549033 -2.898163  
 12 13 18  14.138228 -1.091272 1.611167 -0.032702 -2.304405 -0.945955 -14.138228 1.091272 -1.611167 0.032702 -3.588601 -3.045481  
 13 5 6  0.000000 -3.216541 0.000000 0.714070 -0.000000 -9.870042 0.000000 3.216541 -0.000000 -0.714070 -0.000000 -9.737990  
 14 6 7  0.000000 4.258607 0.000000 -0.552341 -0.000000 12.859068 0.000000 -4.258607 -0.000000 0.552341 -0.000000 13.101402  
 15 7 8  0.000000 -3.230500 -0.000000 0.425174 0.000000 -9.780537 0.000000 3.230500 0.000000 -0.425174 0.000000 -9.912589  
 16 8 5  0.000000 4.272566 -0.000000 -0.433826 0.000000 13.143949 0.000000 -4.272566 0.000000 0.433826 0.000000 12.901615  
 17 10 11  0.000000 -2.394381 0.000000 0.311820 -0.000000 -7.312016 0.000000 2.394381 -0.000000 -0.311820 -0.000000 -7.284128  
 18 11 12  0.000000 2.735883 0.000000 -0.242360 -0.000000 8.327717 0.000000 -2.735883 -0.000000 0.242360 -0.000000 8.350223  
 19 12 13  0.000000 -2.416485 -0.000000 -0.013117 0.000000 -7.351504 0.000000 2.416485 0.000000 0.013117 0.000000 -7.379391  
 20 13 10  0.000000 2.757987 -0.000000 -0.059194 0.000000 8.417598 0.000000 -2.757987 0.000000 0.059194 0.000000 8.395093  
 21 15 16  0.000000 -1.133975 0.000000 0.046090 -0.000000 -3.481053 0.000000 1.133975 -0.000000 -0.046090 -0.000000 -3.431656  
 22 16 17  0.000000 0.959053 0.000000 -0.048491 -0.000000 2.909007 0.000000 -0.959053 -0.000000 0.048491 -0.000000 2.937379  
 23 17 18  0.000000 -1.156575 -0.000000 0.039216 0.000000 -3.500542 0.000000 1.156575 0.000000 -0.039216 0.000000 -3.549939  
 24 18 15  0.000000 0.981653 -0.000000 -0.038661 0.000000 3.006265 0.000000 -0.981653 0.000000 0.038661 0.000000 2.977893  
 118 118 128  31.312701 -3.642430 2.610276 0.053537 -3.458430 -4.531772 -31.312701 3.642430 -2.610276 -0.053537 2.503696 3.199517  
 128 128 138  31.312701 -3.642430 2.610276 0.053537 -2.503696 -3.199517 -31.312701 3.642430 -2.610276 -0.053537 1.548961 1.867262  
 138 138 148  31.312701 -3.642430 2.610276 0.053537 -1.548961 -1.867262 -31.312701 3.642430 -2.610276 -0.053537 0.594227 0.535006  
 148 148 158  31.312701 -3.642430 2.610276 0.053537 -0.594227 -0.535006 -31.312701 3.642430 -2.610276 -0.053537 -0.360508 -0.797249  
 158 158 168  31.312701 -3.642430 2.610276 0.053537 0.360508 0.797249 -31.312701 3.642430 -2.610276 -0.053537 -1.315242 -2.129504  
 168 168 178  31.312701 -3.642430 2.610276 0.053537 1.315242 2.129504 -31.312701 3.642430 -2.610276 -0.053537 -2.269977 -3.461760  
 178 178 188  31.312701 -3.642430 2.610276 0.053537 2.269977 3.461760 -31.312701 3.642430 -2.610276 -0.053537 -3.224711 -4.794015  
 188 188 198  31.312701 -3.642430 2.610276 0.053537 3.224711 4.794015 -31.312701 3.642430 -2.610276 -0.053537 -4.179446 -6.126270  
 198 198 13  31.312701 -3.642430 2.610276 0.053537 4.179446 6.126270 -31.312701 3.642430 -2.610276 -0.053537 -5.134180 -7.458526  
