 1 1 5  28.810158 2.292643 -5.404082 0.176938 12.396581 4.965556 -28.810158 -2.292643 5.404082 -0.176938 7.369389 3.420015  
 2 2 6  49.289690 2.649676 -5.824119 0.176938 13.830729 5.629116 -49.289690 -2.649676 5.824119 -0.176938 7.471567 4.062340  
 3 3 7  43.099563 2.623032 -5.633567 0.176938 13.388543 5.552129 -43.099563 -2.623032 5.633567 -0.176938 7.216791 4.041875  
 4 4 8  22.800590 2.232045 -5.078808 0.176938 11.674236 4.838418 -22.800590 -2.232045 5.078808 -0.176938 6.902012 3.325509  
 5 5 10  20.235930 0.721016 -4.858938 -0.435519 8.298402 0.997536 -20.235930 -0.721016 4.858938 0.435519 9.473648 1.639653  
 6 6 11  30.730732 0.793699 -4.893212 -0.435519 8.219039 1.100493 -30.730732 -0.793699 4.893212 0.435519 9.678373 1.802539  
 7 7 12  27.689838 0.819284 -4.751739 -0.435519 7.961464 1.159114 -27.689838 -0.819284 4.751739 0.435519 9.418496 1.837498  
 8 8 118  17.343500 0.699027 -4.235920 -0.435519 7.330424 0.993021 -17.343500 -0.699027 4.235920 0.435519 -5.781094 -0.737345  
 9 10 15  11.009525 0.729855 -1.916344 0.052233 2.409942 1.135707 -11.009525 -0.729855 1.916344 -0.052233 4.599279 1.533812  
 10 11 16  14.033723 0.805960 -1.790179 0.052233 1.936629 1.298058 -14.033723 -0.805960 1.790179 -0.052233 4.611130 1.649821  
 11 12 17  12.952953 0.809253 -1.752952 0.052233 1.897282 1.312292 -12.952953 -0.809253 1.752952 -0.052233 4.514314 1.647631  
 12 13 18  10.003798 0.728351 -1.865110 0.052233 2.339767 1.135639 -10.003798 -0.728351 1.865110 -0.052233 4.482058 1.528379  
 13 5 6  0.000000 4.988353 0.000000 0.360412 -0.000000 14.962342 0.000000 -4.988353 -0.000000 -0.360412 -0.000000 15.446659  
 14 6 7  0.000000 -1.570605 -0.000000 -0.243947 0.000000 -4.802420 0.000000 1.570605 0.000000 0.243947 0.000000 -4.771988  
 15 7 8  0.000000 4.980329 -0.000000 0.429000 0.000000 15.422202 0.000000 -4.980329 0.000000 -0.429000 0.000000 14.937885  
 16 8 5  0.000000 -1.562581 0.000000 -0.705449 -0.000000 -4.747531 0.000000 1.562581 -0.000000 0.705449 -0.000000 -4.777963  
 17 10 11  0.000000 3.726124 0.000000 0.134646 -0.000000 11.221090 0.000000 -3.726124 -0.000000 -0.134646 -0.000000 11.493363  
 18 11 12  0.000000 -0.970884 -0.000000 -0.121639 0.000000 -2.965952 0.000000 0.970884 0.000000 0.121639 0.000000 -2.952557  
 19 12 13  0.000000 3.707769 -0.000000 0.197233 0.000000 11.437417 0.000000 -3.707769 0.000000 -0.197233 0.000000 11.165144  
 20 13 10  0.000000 -0.952529 0.000000 -0.662501 -0.000000 -2.896612 0.000000 0.952529 -0.000000 0.662501 -0.000000 -2.910006  
 21 15 16  0.000000 1.502719 -0.000000 0.029413 0.000000 4.569260 0.000000 -1.502719 0.000000 -0.029413 0.000000 4.591313  
 22 16 17  0.000000 -0.531005 0.000000 -0.019817 -0.000000 -1.620408 0.000000 0.531005 -0.000000 0.019817 -0.000000 -1.616597  
 23 17 18  0.000000 1.483958 0.000000 0.031034 -0.000000 4.534130 0.000000 -1.483958 -0.000000 -0.031034 -0.000000 4.512077  
 24 18 15  0.000000 -0.512244 -0.000000 -0.030019 0.000000 -1.559414 0.000000 0.512244 0.000000 0.030019 0.000000 -1.563225  
 118 118 128  17.343500 0.699027 -4.235920 -0.435519 5.781094 0.737345 -17.343500 -0.699027 4.235920 0.435519 -4.231764 -0.481669  
 128 128 138  17.343500 0.699027 -4.235920 -0.435519 4.231764 0.481669 -17.343500 -0.699027 4.235920 0.435519 -2.682434 -0.225993  
 138 138 148  17.343500 0.699027 -4.235920 -0.435519 2.682434 0.225993 -17.343500 -0.699027 4.235920 0.435519 -1.133104 0.029684  
 148 148 158  17.343500 0.699027 -4.235920 -0.435519 1.133104 -0.029684 -17.343500 -0.699027 4.235920 0.435519 0.416226 0.285360  
 158 158 168  17.343500 0.699027 -4.235920 -0.435519 -0.416226 -0.285360 -17.343500 -0.699027 4.235920 0.435519 1.965557 0.541036  
 168 168 178  17.343500 0.699027 -4.235920 -0.435519 -1.965557 -0.541036 -17.343500 -0.699027 4.235920 0.435519 3.514887 0.796712  
 178 178 188  17.343500 0.699027 -4.235920 -0.435519 -3.514887 -0.796712 -17.343500 -0.699027 4.235920 0.435519 5.064217 1.052388  
 188 188 198  17.343500 0.699027 -4.235920 -0.435519 -5.064217 -1.052388 -17.343500 -0.699027 4.235920 0.435519 6.613547 1.308064  
 198 198 13  17.343500 0.699027 -4.235920 -0.435519 -6.613547 -1.308064 -17.343500 -0.699027 4.235920 0.435519 8.162877 1.563740  
