 1 1 5  35.390179 -0.254070 -0.246217 -0.000041 0.551221 -0.647452 -35.390179 0.254070 0.246217 0.000041 0.349344 -0.281834  
 2 2 6  35.623910 -0.254067 -0.246135 -0.000041 0.550911 -0.647446 -35.623910 0.254067 0.246135 0.000041 0.349354 -0.281831  
 3 3 7  36.609820 -0.253851 -0.246075 -0.000041 0.550805 -0.646837 -36.609820 0.253851 0.246075 0.000041 0.349240 -0.281648  
 4 4 8  36.376091 -0.253862 -0.246210 -0.000041 0.551211 -0.646849 -36.376091 0.253862 0.246210 0.000041 0.349326 -0.281678  
 5 5 10  23.746345 -0.244945 -0.068749 -0.000018 0.039409 -0.415062 -23.746345 0.244945 0.068749 0.000018 0.212046 -0.480849  
 6 6 11  23.725002 -0.244960 -0.068741 -0.000018 0.039401 -0.415081 -23.725002 0.244960 0.068741 0.000018 0.212028 -0.480884  
 7 7 12  24.253655 -0.244970 -0.068740 -0.000018 0.039415 -0.415172 -24.253655 0.244970 0.068740 0.000018 0.212007 -0.480829  
 8 8 118  24.274999 -0.244953 -0.068759 -0.000018 0.039439 -0.415136 -24.274999 0.244953 0.068759 0.000018 -0.014290 0.325542  
 9 10 15  11.948292 -0.088802 0.066866 -0.000008 -0.158451 -0.081078 -11.948292 0.088802 -0.066866 0.000008 -0.086118 -0.243723  
 10 11 16  11.891783 -0.088808 0.066863 -0.000008 -0.158434 -0.081089 -11.891783 0.088808 -0.066863 0.000008 -0.086125 -0.243735  
 11 12 17  12.051708 -0.088816 0.066862 -0.000008 -0.158431 -0.081123 -12.051708 0.088816 -0.066862 0.000008 -0.086124 -0.243730  
 12 13 18  12.108218 -0.088809 0.066864 -0.000008 -0.158448 -0.081110 -12.108218 0.088809 -0.066864 0.000008 -0.086115 -0.243718  
 13 5 6  0.000000 0.127537 -0.000000 -0.000009 0.000000 0.388760 0.000000 -0.127537 0.000000 0.000009 0.000000 0.388705  
 14 6 7  0.000000 0.228629 -0.000000 -0.000049 0.000000 0.696903 0.000000 -0.228629 0.000000 0.000049 0.000000 0.696817  
 15 7 8  0.000000 0.127537 0.000000 -0.000004 -0.000000 0.388704 0.000000 -0.127537 -0.000000 0.000004 -0.000000 0.388758  
 16 8 5  0.000000 0.228629 0.000000 0.000007 -0.000000 0.696818 0.000000 -0.228629 -0.000000 -0.000007 -0.000000 0.696905  
 17 10 11  0.000000 0.017583 -0.000000 -0.000023 0.000000 0.053601 0.000000 -0.017583 0.000000 0.000023 0.000000 0.053585  
 18 11 12  0.000000 0.184364 0.000000 -0.000008 -0.000000 0.561951 0.000000 -0.184364 -0.000000 0.000008 -0.000000 0.561933  
 19 12 13  0.000000 0.017583 0.000000 -0.000019 -0.000000 0.053585 0.000000 -0.017583 -0.000000 0.000019 -0.000000 0.053601  
 20 13 10  0.000000 0.184364 -0.000000 0.000005 0.000000 0.561933 0.000000 -0.184364 0.000000 -0.000005 0.000000 0.561951  
 21 15 16  0.000000 -0.028255 0.000000 -0.000006 -0.000000 -0.086116 0.000000 0.028255 -0.000000 0.000006 -0.000000 -0.086124  
 22 16 17  0.000000 0.079963 -0.000000 0.000001 0.000000 0.243729 0.000000 -0.079963 0.000000 -0.000001 0.000000 0.243724  
 23 17 18  0.000000 -0.028255 -0.000000 -0.000006 0.000000 -0.086124 0.000000 0.028255 0.000000 0.000006 0.000000 -0.086117  
 24 18 15  0.000000 0.079963 0.000000 0.000002 -0.000000 0.243724 0.000000 -0.079963 -0.000000 -0.000002 -0.000000 0.243729  
 118 118 128  24.274999 -0.244953 -0.068759 -0.000018 0.014290 -0.325542 -24.274999 0.244953 0.068759 0.000018 0.010859 0.235948  
 128 128 138  24.274999 -0.244953 -0.068759 -0.000018 -0.010859 -0.235948 -24.274999 0.244953 0.068759 0.000018 0.036009 0.146354  
 138 138 148  24.274999 -0.244953 -0.068759 -0.000018 -0.036009 -0.146354 -24.274999 0.244953 0.068759 0.000018 0.061158 0.056760  
 148 148 158  24.274999 -0.244953 -0.068759 -0.000018 -0.061158 -0.056760 -24.274999 0.244953 0.068759 0.000018 0.086307 -0.032834  
 158 158 168  24.274999 -0.244953 -0.068759 -0.000018 -0.086307 0.032834 -24.274999 0.244953 0.068759 0.000018 0.111457 -0.122428  
 168 168 178  24.274999 -0.244953 -0.068759 -0.000018 -0.111457 0.122428 -24.274999 0.244953 0.068759 0.000018 0.136606 -0.212022  
 178 178 188  24.274999 -0.244953 -0.068759 -0.000018 -0.136606 0.212022 -24.274999 0.244953 0.068759 0.000018 0.161755 -0.301616  
 188 188 198  24.274999 -0.244953 -0.068759 -0.000018 -0.161755 0.301616 -24.274999 0.244953 0.068759 0.000018 0.186905 -0.391210  
 198 198 13  24.274999 -0.244953 -0.068759 -0.000018 -0.186905 0.391210 -24.274999 0.244953 0.068759 0.000018 0.212054 -0.480804  
