 1 1 5  36.921015 0.422999 -0.027872 0.000081 0.036239 1.043748 -36.921015 -0.422999 0.027872 -0.000081 0.065706 0.503415  
 2 2 6  36.665747 0.423048 -0.027764 0.000081 0.035882 1.043851 -36.665747 -0.423048 0.027764 -0.000081 0.065668 0.503489  
 3 3 7  35.078980 0.423236 -0.027751 0.000081 0.035849 1.044401 -35.078980 -0.423236 0.027751 -0.000081 0.065654 0.503628  
 4 4 8  35.334258 0.423189 -0.027896 0.000081 0.036286 1.044306 -35.334258 -0.423189 0.027896 -0.000081 0.065746 0.503550  
 5 5 10  24.565922 0.304625 0.046699 -0.000000 -0.119751 0.524789 -24.565922 -0.304625 -0.046699 0.000000 -0.051054 0.589406  
 6 6 11  24.346119 0.304628 0.046702 -0.000000 -0.119738 0.524781 -24.346119 -0.304628 -0.046702 0.000000 -0.051079 0.589425  
 7 7 12  23.434075 0.304622 0.046709 -0.000000 -0.119746 0.524713 -23.434075 -0.304622 -0.046709 0.000000 -0.051096 0.589471  
 8 8 118  23.653884 0.304623 0.046693 -0.000000 -0.119739 0.524733 -23.653884 -0.304623 -0.046693 0.000000 0.102660 -0.413314  
 9 10 15  12.213269 0.218869 0.077626 -0.000008 -0.133529 0.300884 -12.213269 -0.218869 -0.077626 0.000008 -0.150396 0.499651  
 10 11 16  12.114584 0.218863 0.077622 -0.000008 -0.133509 0.300870 -12.114584 -0.218863 -0.077622 0.000008 -0.150403 0.499642  
 11 12 17  11.786729 0.218856 0.077622 -0.000008 -0.133506 0.300840 -11.786729 -0.218856 -0.077622 0.000008 -0.150402 0.499647  
 12 13 18  11.885417 0.218862 0.077625 -0.000008 -0.133527 0.300854 -11.885417 -0.218862 -0.077625 0.000008 -0.150394 0.499656  
 13 5 6  0.000000 -0.017732 -0.000000 0.000032 0.000000 -0.054017 0.000000 0.017732 0.000000 -0.000032 0.000000 -0.054080  
 14 6 7  0.000000 -0.337361 0.000000 -0.000010 -0.000000 -1.028238 0.000000 0.337361 -0.000000 0.000010 -0.000000 -1.028314  
 15 7 8  0.000000 -0.017733 0.000000 0.000027 -0.000000 -0.054083 0.000000 0.017733 -0.000000 -0.000027 -0.000000 -0.054020  
 16 8 5  0.000000 -0.337360 -0.000000 0.000027 0.000000 -1.028311 0.000000 0.337360 0.000000 -0.000027 0.000000 -1.028236  
 17 10 11  0.000000 -0.060560 0.000000 0.000002 -0.000000 -0.184577 0.000000 0.060560 -0.000000 -0.000002 -0.000000 -0.184594  
 18 11 12  0.000000 -0.292094 0.000000 -0.000006 -0.000000 -0.890294 0.000000 0.292094 -0.000000 0.000006 -0.000000 -0.890312  
 19 12 13  0.000000 -0.060560 -0.000000 -0.000001 0.000000 -0.184596 0.000000 0.060560 0.000000 0.000001 0.000000 -0.184579  
 20 13 10  0.000000 -0.292093 -0.000000 0.000006 0.000000 -0.890309 0.000000 0.292093 0.000000 -0.000006 0.000000 -0.890292  
 21 15 16  0.000000 -0.049343 0.000000 -0.000006 -0.000000 -0.150394 0.000000 0.049343 -0.000000 0.000006 -0.000000 -0.150401  
 22 16 17  0.000000 -0.163927 0.000000 0.000001 -0.000000 -0.499647 0.000000 0.163927 -0.000000 -0.000001 -0.000000 -0.499653  
 23 17 18  0.000000 -0.049344 -0.000000 -0.000006 0.000000 -0.150404 0.000000 0.049344 0.000000 0.000006 0.000000 -0.150396  
 24 18 15  0.000000 -0.163926 -0.000000 0.000002 0.000000 -0.499650 0.000000 0.163926 0.000000 -0.000002 0.000000 -0.499645  
 118 118 128  23.653884 0.304623 0.046693 -0.000000 -0.102660 0.413314 -23.653884 -0.304623 -0.046693 0.000000 0.085582 -0.301895  
 128 128 138  23.653884 0.304623 0.046693 -0.000000 -0.085582 0.301895 -23.653884 -0.304623 -0.046693 0.000000 0.068503 -0.190476  
 138 138 148  23.653884 0.304623 0.046693 -0.000000 -0.068503 0.190476 -23.653884 -0.304623 -0.046693 0.000000 0.051425 -0.079057  
 148 148 158  23.653884 0.304623 0.046693 -0.000000 -0.051425 0.079057 -23.653884 -0.304623 -0.046693 0.000000 0.034346 0.032361  
 158 158 168  23.653884 0.304623 0.046693 -0.000000 -0.034346 -0.032361 -23.653884 -0.304623 -0.046693 0.000000 0.017267 0.143780  
 168 168 178  23.653884 0.304623 0.046693 -0.000000 -0.017267 -0.143780 -23.653884 -0.304623 -0.046693 0.000000 0.000189 0.255199  
 178 178 188  23.653884 0.304623 0.046693 -0.000000 -0.000189 -0.255199 -23.653884 -0.304623 -0.046693 0.000000 -0.016890 0.366618  
 188 188 198  23.653884 0.304623 0.046693 -0.000000 0.016890 -0.366618 -23.653884 -0.304623 -0.046693 0.000000 -0.033968 0.478037  
 198 198 13  23.653884 0.304623 0.046693 -0.000000 0.033968 -0.478037 -23.653884 -0.304623 -0.046693 0.000000 -0.051047 0.589456  
