 1 1 5  39.289807 -6.173980 7.328084 0.050898 -16.671272 -13.404055 -39.289807 6.173980 -7.328084 -0.050898 -10.131928 -9.177893  
 2 2 6  16.444120 -5.267112 6.451758 0.050898 -14.330594 -11.515356 -16.444120 5.267112 -6.451758 -0.050898 -9.267354 -7.749635  
 3 3 7  32.455365 -5.738647 7.365532 0.050898 -16.355505 -12.646384 -32.455365 5.738647 -7.365532 -0.050898 -10.584665 -8.343291  
 4 4 8  55.810708 -6.512112 8.027838 0.050898 -18.231871 -14.249493 -55.810708 6.512112 -8.027838 -0.050898 -11.130751 -9.569210  
 5 5 10  25.484788 -3.122562 5.269218 -0.035617 -8.413596 -4.909684 -25.484788 3.122562 -5.269218 0.035617 -10.859095 -6.511400  
 6 6 11  14.968555 -2.832201 5.013070 -0.035617 -8.344105 -4.529239 -14.968555 2.832201 -5.013070 0.035617 -9.991701 -5.829822  
 7 7 12  22.319505 -2.842595 5.483867 -0.035617 -9.077619 -4.338079 -22.319505 2.842595 -5.483867 0.035617 -10.980173 -6.058996  
 8 8 118  33.227152 -2.939518 5.232437 -0.035617 -8.570735 -4.536530 -33.227152 2.939518 -5.232437 0.035617 6.656919 3.461372  
 9 10 15  12.219425 -1.505430 1.517119 0.039968 -1.389658 -2.015778 -12.219425 1.505430 -1.517119 -0.039968 -4.159358 -3.490483  
 10 11 16  9.543568 -1.394086 1.537856 0.039968 -1.532648 -1.813964 -9.543568 1.394086 -1.537856 -0.039968 -4.092215 -3.285046  
 11 12 17  11.682271 -1.427907 1.619014 0.039968 -1.614283 -1.888037 -11.682271 1.427907 -1.619014 -0.039968 -4.307422 -3.334677  
 12 13 18  14.554736 -1.520441 1.587381 0.039968 -1.453712 -2.034576 -14.554736 1.520441 -1.587381 -0.039968 -4.352294 -3.526590  
 13 5 6  0.000000 -6.179507 -0.000000 0.859303 0.000000 -19.078455 0.000000 6.179507 0.000000 -0.859303 0.000000 -18.591822  
 14 6 7  0.000000 4.344928 -0.000000 -0.980363 0.000000 13.138176 0.000000 -4.344928 0.000000 0.980363 0.000000 13.348505  
 15 7 8  0.000000 -6.209068 0.000000 0.667135 -0.000000 -18.681922 0.000000 6.209068 -0.000000 -0.667135 -0.000000 -19.168555  
 16 8 5  0.000000 4.374488 0.000000 -0.532931 -0.000000 13.438605 0.000000 -4.374488 -0.000000 0.532931 -0.000000 13.228275  
 17 10 11  0.000000 -3.944538 0.000000 0.367475 -0.000000 -12.060725 0.000000 3.944538 -0.000000 -0.367475 -0.000000 -11.985181  
 18 11 12  0.000000 2.630474 0.000000 -0.460832 -0.000000 8.011260 0.000000 -2.630474 -0.000000 0.460832 -0.000000 8.024109  
 19 12 13  0.000000 -3.993240 -0.000000 0.077075 0.000000 -12.133623 0.000000 3.993240 0.000000 -0.077075 0.000000 -12.209167  
 20 13 10  0.000000 2.679176 -0.000000 0.188028 0.000000 8.172552 0.000000 -2.679176 0.000000 -0.188028 0.000000 8.159703  
 21 15 16  0.000000 -1.362505 -0.000000 0.027811 0.000000 -4.180918 0.000000 1.362505 0.000000 -0.027811 0.000000 -4.124911  
 22 16 17  0.000000 1.093928 -0.000000 -0.032696 0.000000 3.312857 0.000000 -1.093928 0.000000 0.032696 0.000000 3.355726  
 23 17 18  0.000000 -1.411657 0.000000 0.021049 -0.000000 -4.274726 0.000000 1.411657 -0.000000 -0.021049 -0.000000 -4.330733  
 24 18 15  0.000000 1.143080 0.000000 -0.021560 -0.000000 3.505541 0.000000 -1.143080 -0.000000 0.021560 -0.000000 3.462672  
 118 118 128  33.227152 -2.939518 5.232437 -0.035617 -6.656919 -3.461372 -33.227152 2.939518 -5.232437 0.035617 4.743102 2.386214  
 128 128 138  33.227152 -2.939518 5.232437 -0.035617 -4.743102 -2.386214 -33.227152 2.939518 -5.232437 0.035617 2.829286 1.311056  
 138 138 148  33.227152 -2.939518 5.232437 -0.035617 -2.829286 -1.311056 -33.227152 2.939518 -5.232437 0.035617 0.915470 0.235897  
 148 148 158  33.227152 -2.939518 5.232437 -0.035617 -0.915470 -0.235897 -33.227152 2.939518 -5.232437 0.035617 -0.998346 -0.839261  
 158 158 168  33.227152 -2.939518 5.232437 -0.035617 0.998346 0.839261 -33.227152 2.939518 -5.232437 0.035617 -2.912162 -1.914419  
 168 168 178  33.227152 -2.939518 5.232437 -0.035617 2.912162 1.914419 -33.227152 2.939518 -5.232437 0.035617 -4.825979 -2.989577  
 178 178 188  33.227152 -2.939518 5.232437 -0.035617 4.825979 2.989577 -33.227152 2.939518 -5.232437 0.035617 -6.739795 -4.064735  
 188 188 198  33.227152 -2.939518 5.232437 -0.035617 6.739795 4.064735 -33.227152 2.939518 -5.232437 0.035617 -8.653611 -5.139893  
 198 198 13  33.227152 -2.939518 5.232437 -0.035617 8.653611 5.139893 -33.227152 2.939518 -5.232437 0.035617 -10.567427 -6.215052  
