 1 1 5  35.451379 -0.300865 -0.321732 -0.000346 0.859215 -0.576761 -35.451379 0.300865 0.321732 0.000346 0.317551 -0.523681  
 2 2 6  37.407224 -0.300437 -0.321164 -0.000346 0.857532 -0.575754 -37.407224 0.300437 0.321164 0.000346 0.317158 -0.523126  
 3 3 7  36.548557 -0.300092 -0.320521 -0.000346 0.856057 -0.574727 -36.548557 0.300092 0.320521 0.000346 0.316280 -0.522891  
 4 4 8  34.592840 -0.300539 -0.321047 -0.000346 0.857670 -0.575757 -34.592840 0.300539 0.321047 0.000346 0.316592 -0.523493  
 5 5 10  23.824268 0.107588 -0.362010 -0.000082 0.707374 0.410767 -23.824268 -0.107588 0.362010 0.000082 0.616712 -0.017251  
 6 6 11  25.108095 0.107763 -0.362007 -0.000082 0.707453 0.411080 -25.108095 -0.107763 0.362007 0.000082 0.616624 -0.016926  
 7 7 12  24.175686 0.107769 -0.361777 -0.000082 0.707082 0.411007 -24.175686 -0.107769 0.361777 0.000082 0.616155 -0.016833  
 8 8 118  22.891952 0.107596 -0.361784 -0.000082 0.707027 0.410697 -22.891952 -0.107596 0.361784 0.000082 -0.574701 -0.371343  
 9 10 15  11.980766 0.392984 -0.366530 0.000028 0.566890 0.723005 -11.980766 -0.392984 0.366530 -0.000028 0.773730 0.714373  
 10 11 16  12.488241 0.393373 -0.366589 0.000028 0.566937 0.723459 -12.488241 -0.393373 0.366589 -0.000028 0.773899 0.715342  
 11 12 17  12.019211 0.393303 -0.366218 0.000028 0.566498 0.723386 -12.019211 -0.393303 0.366218 -0.000028 0.772983 0.715161  
 12 13 18  11.511782 0.392914 -0.366159 0.000028 0.566449 0.722929 -11.511782 -0.392914 0.366159 -0.000028 0.772814 0.714192  
 13 5 6  0.000000 0.336005 0.000000 0.000421 -0.000000 1.024286 0.000000 -0.336005 -0.000000 -0.000421 -0.000000 1.024000  
 14 6 7  0.000000 0.036876 0.000000 -0.000612 -0.000000 0.112467 0.000000 -0.036876 -0.000000 0.000612 -0.000000 0.112327  
 15 7 8  0.000000 0.335996 -0.000000 0.000443 0.000000 1.023974 0.000000 -0.335996 0.000000 -0.000443 0.000000 1.024259  
 16 8 5  0.000000 0.036884 -0.000000 -0.000640 0.000000 0.112353 0.000000 -0.036884 0.000000 0.000640 0.000000 0.112493  
 17 10 11  0.000000 0.388170 0.000000 0.000372 -0.000000 1.183160 0.000000 -0.388170 -0.000000 -0.000372 -0.000000 1.183125  
 18 11 12  0.000000 -0.231684 0.000000 -0.000436 -0.000000 -0.706161 0.000000 0.231684 -0.000000 0.000436 -0.000000 -0.706181  
 19 12 13  0.000000 0.388158 -0.000000 0.000372 0.000000 1.183089 0.000000 -0.388158 0.000000 -0.000372 0.000000 1.183125  
 20 13 10  0.000000 -0.231672 -0.000000 -0.000443 0.000000 -0.706146 0.000000 0.231672 0.000000 0.000443 0.000000 -0.706126  
 21 15 16  0.000000 0.253732 -0.000000 0.000467 0.000000 0.773290 0.000000 -0.253732 0.000000 -0.000467 0.000000 0.773459  
 22 16 17  0.000000 -0.234509 -0.000000 -0.000440 0.000000 -0.714875 0.000000 0.234509 0.000000 0.000440 0.000000 -0.714694  
 23 17 18  0.000000 0.253720 0.000000 0.000466 -0.000000 0.773423 0.000000 -0.253720 -0.000000 -0.000466 -0.000000 0.773254  
 24 18 15  0.000000 -0.234498 0.000000 -0.000440 -0.000000 -0.714658 0.000000 0.234498 -0.000000 0.000440 -0.000000 -0.714840  
 118 118 128  22.891952 0.107596 -0.361784 -0.000082 0.574701 0.371343 -22.891952 -0.107596 0.361784 0.000082 -0.442375 -0.331988  
 128 128 138  22.891952 0.107596 -0.361784 -0.000082 0.442375 0.331988 -22.891952 -0.107596 0.361784 0.000082 -0.310049 -0.292634  
 138 138 148  22.891952 0.107596 -0.361784 -0.000082 0.310049 0.292634 -22.891952 -0.107596 0.361784 0.000082 -0.177723 -0.253280  
 148 148 158  22.891952 0.107596 -0.361784 -0.000082 0.177723 0.253280 -22.891952 -0.107596 0.361784 0.000082 -0.045397 -0.213926  
 158 158 168  22.891952 0.107596 -0.361784 -0.000082 0.045397 0.213926 -22.891952 -0.107596 0.361784 0.000082 0.086929 -0.174572  
 168 168 178  22.891952 0.107596 -0.361784 -0.000082 -0.086929 0.174572 -22.891952 -0.107596 0.361784 0.000082 0.219255 -0.135218  
 178 178 188  22.891952 0.107596 -0.361784 -0.000082 -0.219255 0.135218 -22.891952 -0.107596 0.361784 0.000082 0.351581 -0.095864  
 188 188 198  22.891952 0.107596 -0.361784 -0.000082 -0.351581 0.095864 -22.891952 -0.107596 0.361784 0.000082 0.483907 -0.056509  
 198 198 13  22.891952 0.107596 -0.361784 -0.000082 -0.483907 0.056509 -22.891952 -0.107596 0.361784 0.000082 0.616233 -0.017155  
