 1 1 5  41.805605 0.256588 2.159839 0.069543 -4.820786 1.374524 -41.805605 -0.256588 -2.159839 -0.069543 -3.079042 -0.436028  
 2 2 6  38.723836 0.248192 2.155986 0.069543 -4.807565 1.353390 -38.723836 -0.248192 -2.155986 -0.069543 -3.078168 -0.445602  
 3 3 7  30.194458 0.261481 2.090674 0.069543 -4.636774 1.329950 -30.194458 -0.261481 -2.090674 -0.069543 -3.010075 -0.373558  
 4 4 8  33.276101 0.275617 2.111357 0.069543 -4.695277 1.368779 -33.276101 -0.275617 -2.111357 -0.069543 -3.027223 -0.360683  
 5 5 10  27.570210 1.760707 0.534666 0.062200 -0.400763 3.845062 -27.570210 -1.760707 -0.534666 -0.062200 -1.554833 2.594898  
 6 6 11  26.740487 1.753353 0.535342 0.062200 -0.403754 3.829655 -26.740487 -1.753353 -0.535342 -0.062200 -1.554313 2.583409  
 7 7 12  20.429112 1.750293 0.507639 0.062200 -0.368547 3.769241 -20.429112 -1.750293 -0.507639 -0.062200 -1.488193 2.632629  
 8 8 118  21.260191 1.720522 0.503161 0.062200 -0.356392 3.697376 -21.260191 -1.720522 -0.503161 -0.062200 0.172355 -3.068078  
 9 10 15  13.296654 1.938743 -0.072116 -0.012380 0.359527 3.198072 -13.296654 -1.938743 0.072116 0.012380 -0.095754 3.893074  
 10 11 16  13.234537 1.936063 -0.072454 -0.012380 0.360673 3.193284 -13.234537 -1.936063 0.072454 0.012380 -0.095664 3.888059  
 11 12 17  10.703029 1.897382 -0.067185 -0.012380 0.340298 3.118217 -10.703029 -1.897382 0.067185 0.012380 -0.094562 3.821647  
 12 13 18  10.765780 1.900458 -0.066894 -0.012380 0.339292 3.123753 -10.765780 -1.900458 0.066894 0.012380 -0.094620 3.827360  
 13 5 6  0.000000 -1.125838 -0.000000 -0.011926 0.000000 -3.432275 0.000000 1.125838 0.000000 0.011926 0.000000 -3.430836  
 14 6 7  0.000000 -1.109187 -0.000000 0.051085 0.000000 -3.395979 0.000000 1.109187 0.000000 -0.051085 0.000000 -3.365623  
 15 7 8  0.000000 -1.125468 0.000000 0.030060 -0.000000 -3.429707 0.000000 1.125468 -0.000000 -0.030060 -0.000000 -3.431146  
 16 8 5  0.000000 -1.109557 0.000000 0.047531 -0.000000 -3.366752 0.000000 1.109557 -0.000000 -0.047531 -0.000000 -3.397108  
 17 10 11  0.000000 -0.383893 0.000000 -0.008414 -0.000000 -1.169717 0.000000 0.383893 -0.000000 0.008414 -0.000000 -1.170492  
 18 11 12  0.000000 -1.889843 0.000000 0.023148 -0.000000 -5.785107 0.000000 1.889843 -0.000000 -0.023148 -0.000000 -5.735378  
 19 12 13  0.000000 -0.384073 -0.000000 0.015468 0.000000 -1.171043 0.000000 0.384073 0.000000 -0.015468 0.000000 -1.170267  
 20 13 10  0.000000 -1.889663 -0.000000 0.025589 0.000000 -5.734828 0.000000 1.889663 0.000000 -0.025589 0.000000 -5.784557  
 21 15 16  0.000000 -0.031138 -0.000000 -0.002749 0.000000 -0.094946 0.000000 0.031138 0.000000 0.002749 0.000000 -0.094871  
 22 16 17  0.000000 -1.265675 -0.000000 0.000793 0.000000 -3.890808 0.000000 1.265675 0.000000 -0.000793 0.000000 -3.824745  
 23 17 18  0.000000 -0.031296 0.000000 -0.003098 -0.000000 -0.095355 0.000000 0.031296 -0.000000 0.003098 -0.000000 -0.095429  
 24 18 15  0.000000 -1.265516 0.000000 0.000808 -0.000000 -3.824262 0.000000 1.265516 -0.000000 -0.000808 -0.000000 -3.890325  
 118 118 128  21.260191 1.720522 0.503161 0.062200 -0.172355 3.068078 -21.260191 -1.720522 -0.503161 -0.062200 -0.011681 -2.438779  
 128 128 138  21.260191 1.720522 0.503161 0.062200 0.011681 2.438779 -21.260191 -1.720522 -0.503161 -0.062200 -0.195717 -1.809481  
 138 138 148  21.260191 1.720522 0.503161 0.062200 0.195717 1.809481 -21.260191 -1.720522 -0.503161 -0.062200 -0.379753 -1.180183  
 148 148 158  21.260191 1.720522 0.503161 0.062200 0.379753 1.180183 -21.260191 -1.720522 -0.503161 -0.062200 -0.563789 -0.550885  
 158 158 168  21.260191 1.720522 0.503161 0.062200 0.563789 0.550885 -21.260191 -1.720522 -0.503161 -0.062200 -0.747825 0.078414  
 168 168 178  21.260191 1.720522 0.503161 0.062200 0.747825 -0.078414 -21.260191 -1.720522 -0.503161 -0.062200 -0.931861 0.707712  
 178 178 188  21.260191 1.720522 0.503161 0.062200 0.931861 -0.707712 -21.260191 -1.720522 -0.503161 -0.062200 -1.115898 1.337010  
 188 188 198  21.260191 1.720522 0.503161 0.062200 1.115898 -1.337010 -21.260191 -1.720522 -0.503161 -0.062200 -1.299934 1.966308  
 198 198 13  21.260191 1.720522 0.503161 0.062200 1.299934 -1.966308 -21.260191 -1.720522 -0.503161 -0.062200 -1.483970 2.595607  
