 1 1 5  39.102877 8.681827 -6.769907 0.491608 15.216726 20.016935 -39.102877 -8.681827 6.769907 -0.491608 9.544885 11.737714  
 2 2 6  64.814047 9.939262 -7.127923 0.491608 16.393292 22.775417 -64.814047 -9.939262 7.127923 -0.491608 9.677801 13.578427  
 3 3 7  32.448170 9.017935 -6.134614 0.491608 14.150866 20.004699 -32.448170 -9.017935 6.134614 -0.491608 8.287100 12.979301  
 4 4 8  7.634906 7.385716 -5.518715 0.491608 12.446215 16.522752 -7.634906 -7.385716 5.518715 -0.491608 7.739037 10.491244  
 5 5 10  25.259799 6.799138 -6.012574 0.316608 10.490149 11.483151 -25.259799 -6.799138 6.012574 -0.316608 11.501442 13.385375  
 6 6 11  38.819660 7.529801 -5.915578 0.316608 10.097906 12.523875 -38.819660 -7.529801 5.915578 -0.316608 11.538911 15.017124  
 7 7 12  22.421979 7.624911 -5.263470 0.316608 9.092674 13.257011 -22.421979 -7.624911 5.263470 -0.316608 10.158992 14.631864  
 8 8 118  9.498562 6.059760 -4.784362 0.316608 8.347884 10.494463 -9.498562 -6.059760 4.784362 -0.316608 -6.597956 -8.278045  
 9 10 15  12.235035 2.791591 -2.753904 0.003484 3.838699 3.447909 -12.235035 -2.791591 2.753904 -0.003484 6.233981 6.762615  
 10 11 16  16.345933 2.997032 -2.701771 0.003484 3.607765 3.696626 -16.345933 -2.997032 2.701771 -0.003484 6.274234 7.265317  
 11 12 17  11.603735 3.137058 -2.492521 0.003484 3.301676 4.270419 -11.603735 -3.137058 2.492521 -0.003484 5.814968 7.203685  
 12 13 18  7.815297 2.917141 -2.542369 0.003484 3.544972 3.975771 -7.815297 -2.917141 2.542369 -0.003484 5.753995 6.693965  
 13 5 6  0.000000 6.042971 0.000000 1.341101 -0.000000 18.160595 0.000000 -6.042971 -0.000000 -1.341101 -0.000000 18.677358  
 14 6 7  0.000000 -7.951415 0.000000 -1.098349 -0.000000 -24.761201 0.000000 7.951415 -0.000000 1.098349 -0.000000 -23.710626  
 15 7 8  0.000000 5.977606 -0.000000 2.525685 0.000000 18.478124 0.000000 -5.977606 0.000000 -2.525685 0.000000 17.961361  
 16 8 5  0.000000 -7.886050 -0.000000 -1.874439 0.000000 -23.511392 0.000000 7.886050 0.000000 1.874439 0.000000 -24.561967  
 17 10 11  0.000000 4.685233 0.000000 0.820605 -0.000000 14.137884 0.000000 -4.685233 -0.000000 -0.820605 -0.000000 14.423299  
 18 11 12  0.000000 -5.788493 0.000000 -0.723376 -0.000000 -17.893144 0.000000 5.788493 -0.000000 0.723376 -0.000000 -17.393512  
 19 12 13  0.000000 4.606738 -0.000000 1.508772 0.000000 14.184044 0.000000 -4.606738 0.000000 -1.508772 0.000000 13.898628  
 20 13 10  0.000000 -5.709998 -0.000000 -1.202257 0.000000 -17.154257 0.000000 5.709998 0.000000 1.202257 0.000000 -17.653889  
 21 15 16  0.000000 2.015142 0.000000 0.128493 -0.000000 6.116846 0.000000 -2.015142 -0.000000 -0.128493 -0.000000 6.167458  
 22 16 17  0.000000 -2.330792 0.000000 -0.106776 -0.000000 -7.136824 0.000000 2.330792 -0.000000 0.106776 -0.000000 -7.071682  
 23 17 18  0.000000 1.934527 -0.000000 0.132003 0.000000 5.921743 0.000000 -1.934527 0.000000 -0.132003 0.000000 5.871130  
 24 18 15  0.000000 -2.250176 -0.000000 -0.117135 0.000000 -6.825967 0.000000 2.250176 0.000000 0.117135 0.000000 -6.891109  
 118 118 128  9.498562 6.059760 -4.784362 0.316608 6.597956 8.278045 -9.498562 -6.059760 4.784362 -0.316608 -4.848028 -6.061627  
 128 128 138  9.498562 6.059760 -4.784362 0.316608 4.848028 6.061627 -9.498562 -6.059760 4.784362 -0.316608 -3.098099 -3.845210  
 138 138 148  9.498562 6.059760 -4.784362 0.316608 3.098099 3.845210 -9.498562 -6.059760 4.784362 -0.316608 -1.348171 -1.628792  
 148 148 158  9.498562 6.059760 -4.784362 0.316608 1.348171 1.628792 -9.498562 -6.059760 4.784362 -0.316608 0.401757 0.587625  
 158 158 168  9.498562 6.059760 -4.784362 0.316608 -0.401757 -0.587625 -9.498562 -6.059760 4.784362 -0.316608 2.151686 2.804043  
 168 168 178  9.498562 6.059760 -4.784362 0.316608 -2.151686 -2.804043 -9.498562 -6.059760 4.784362 -0.316608 3.901614 5.020461  
 178 178 188  9.498562 6.059760 -4.784362 0.316608 -3.901614 -5.020461 -9.498562 -6.059760 4.784362 -0.316608 5.651542 7.236878  
 188 188 198  9.498562 6.059760 -4.784362 0.316608 -5.651542 -7.236878 -9.498562 -6.059760 4.784362 -0.316608 7.401471 9.453296  
 198 198 13  9.498562 6.059760 -4.784362 0.316608 -7.401471 -9.453296 -9.498562 -6.059760 4.784362 -0.316608 9.151399 11.669714  
