 1 1 5  39.322115 8.838290 -7.256971 0.395444 16.183618 20.338568 -39.322115 -8.838290 7.256971 -0.395444 10.359478 11.988360  
 2 2 6  67.557919 10.193174 -7.681440 0.395444 17.540742 23.329064 -67.557919 -10.193174 7.681440 -0.395444 10.554892 13.953489  
 3 3 7  32.104046 9.218987 -6.537926 0.395444 14.973415 20.361495 -32.104046 -9.218987 6.537926 -0.395444 8.939704 13.357873  
 4 4 8  5.015921 7.449210 -5.794779 0.395444 12.986677 16.600146 -5.015921 -7.449210 5.794779 -0.395444 8.208308 10.646084  
 5 5 10  25.625450 6.596863 -5.984821 0.267783 10.579876 11.367169 -25.625450 -6.596863 5.984821 -0.267783 11.310205 12.761517  
 6 6 11  41.270763 7.391415 -5.848732 0.267783 10.087988 12.569014 -41.270763 -7.391415 5.848732 -0.267783 11.304334 14.465826  
 7 7 12  21.958284 7.498667 -5.101797 0.267783 8.907999 13.272590 -21.958284 -7.498667 5.101797 -0.267783 9.752335 14.154533  
 8 8 118  7.145504 5.824412 -4.614372 0.267783 8.152824 10.282797 -7.145504 -5.824412 4.614372 -0.267783 -6.465071 -8.152460  
 9 10 15  12.441611 4.106094 -3.691820 0.047660 5.651821 6.028850 -12.441611 -4.106094 3.691820 -0.047660 7.851379 8.989599  
 10 11 16  17.629504 4.400695 -3.656440 0.047660 5.432122 6.426623 -17.629504 -4.400695 3.656440 -0.047660 7.941672 9.669359  
 11 12 17  11.345427 4.488595 -3.388010 0.047660 5.079857 6.908447 -11.345427 -4.488595 3.388010 -0.047660 7.312129 9.509039  
 12 13 18  6.583459 4.171300 -3.410900 0.047660 5.253713 6.415430 -6.583459 -4.171300 3.410900 -0.047660 7.221995 8.841516  
 13 5 6  0.000000 6.255852 -0.000000 1.463415 0.000000 18.770313 0.000000 -6.255852 0.000000 -1.463415 0.000000 19.365362  
 14 6 7  0.000000 -8.031304 0.000000 -1.277518 -0.000000 -25.059087 0.000000 8.031304 -0.000000 1.277518 -0.000000 -23.899743  
 15 7 8  0.000000 6.177066 0.000000 2.730720 -0.000000 19.125220 0.000000 -6.177066 -0.000000 -2.730720 -0.000000 18.530172  
 16 8 5  0.000000 -7.952517 -0.000000 -2.169041 0.000000 -23.659601 0.000000 7.952517 0.000000 2.169041 0.000000 -24.818945  
 17 10 11  0.000000 5.177884 -0.000000 0.896123 0.000000 15.625139 0.000000 -5.177884 0.000000 -0.896123 0.000000 15.939241  
 18 11 12  0.000000 -6.463375 0.000000 -0.797215 -0.000000 -19.996325 0.000000 6.463375 -0.000000 0.797215 -0.000000 -19.404408  
 19 12 13  0.000000 5.076232 0.000000 1.658572 -0.000000 15.629407 0.000000 -5.076232 -0.000000 -1.658572 -0.000000 15.315305  
 20 13 10  0.000000 -6.361723 -0.000000 -1.336888 0.000000 -19.094574 0.000000 6.361723 0.000000 1.336888 0.000000 -19.686490  
 21 15 16  0.000000 2.540706 0.000000 0.177602 -0.000000 7.698965 0.000000 -2.540706 -0.000000 -0.177602 -0.000000 7.789178  
 22 16 17  0.000000 -3.088798 0.000000 -0.152494 -0.000000 -9.491757 0.000000 3.088798 -0.000000 0.152494 -0.000000 -9.337555  
 23 17 18  0.000000 2.434224 -0.000000 0.171484 0.000000 7.464623 0.000000 -2.434224 0.000000 -0.171484 0.000000 7.374409  
 24 18 15  0.000000 -2.982316 -0.000000 -0.152415 0.000000 -9.013000 0.000000 2.982316 0.000000 0.152415 0.000000 -9.167201  
 118 118 128  7.145504 5.824412 -4.614372 0.267783 6.465071 8.152460 -7.145504 -5.824412 4.614372 -0.267783 -4.777318 -6.022123  
 128 128 138  7.145504 5.824412 -4.614372 0.267783 4.777318 6.022123 -7.145504 -5.824412 4.614372 -0.267783 -3.089565 -3.891786  
 138 138 148  7.145504 5.824412 -4.614372 0.267783 3.089565 3.891786 -7.145504 -5.824412 4.614372 -0.267783 -1.401813 -1.761449  
 148 148 158  7.145504 5.824412 -4.614372 0.267783 1.401813 1.761449 -7.145504 -5.824412 4.614372 -0.267783 0.285940 0.368887  
 158 158 168  7.145504 5.824412 -4.614372 0.267783 -0.285940 -0.368887 -7.145504 -5.824412 4.614372 -0.267783 1.973693 2.499224  
 168 168 178  7.145504 5.824412 -4.614372 0.267783 -1.973693 -2.499224 -7.145504 -5.824412 4.614372 -0.267783 3.661445 4.629561  
 178 178 188  7.145504 5.824412 -4.614372 0.267783 -3.661445 -4.629561 -7.145504 -5.824412 4.614372 -0.267783 5.349198 6.759898  
 188 188 198  7.145504 5.824412 -4.614372 0.267783 -5.349198 -6.759898 -7.145504 -5.824412 4.614372 -0.267783 7.036951 8.890235  
 198 198 13  7.145504 5.824412 -4.614372 0.267783 -7.036951 -8.890235 -7.145504 -5.824412 4.614372 -0.267783 8.724704 11.020572  
