 1 1 5  34.259715 -0.703611 -0.875754 -0.000334 2.042144 -1.729039 -34.259715 0.703611 0.875754 0.000334 1.161016 -0.844489  
 2 2 6  35.933820 -0.703393 -0.875079 -0.000334 2.040053 -1.728564 -35.933820 0.703393 0.875079 0.000334 1.160635 -0.844165  
 3 3 7  37.740251 -0.703080 -0.874647 -0.000334 2.039089 -1.727518 -37.740251 0.703080 0.874647 0.000334 1.160021 -0.844068  
 4 4 8  36.066214 -0.703231 -0.875378 -0.000334 2.041223 -1.727878 -36.066214 0.703231 0.875378 0.000334 1.160561 -0.844259  
 5 5 10  23.368506 -0.568669 -0.417215 -0.000073 0.526769 -0.848128 -23.368506 0.568669 0.417215 0.000073 0.999236 -1.231835  
 6 6 11  23.935449 -0.568580 -0.417237 -0.000073 0.526900 -0.847942 -23.935449 0.568580 0.417237 0.000073 0.999185 -1.231694  
 7 7 12  24.631470 -0.568576 -0.417098 -0.000073 0.526720 -0.847931 -24.631470 0.568576 0.417098 0.000073 0.998859 -1.231691  
 8 8 118  24.064575 -0.568659 -0.417085 -0.000073 0.526575 -0.848140 -24.064575 0.568659 0.417085 0.000073 -0.374022 0.640147  
 9 10 15  11.925973 0.046733 0.036919 0.000008 -0.237098 0.294560 -11.925973 -0.046733 -0.036919 -0.000008 0.102062 -0.123628  
 10 11 16  11.992927 0.046751 0.036927 0.000008 -0.237080 0.294587 -11.992927 -0.046751 -0.036927 -0.000008 0.102015 -0.123592  
 11 12 17  12.074015 0.046760 0.036939 0.000008 -0.237085 0.294595 -12.074015 -0.046760 -0.036939 -0.000008 0.101975 -0.123565  
 12 13 18  12.007085 0.046742 0.036932 0.000008 -0.237106 0.294564 -12.007085 -0.046742 -0.036932 -0.000008 0.102022 -0.123601  
 13 5 6  0.000000 0.553578 0.000000 0.000248 -0.000000 1.687468 0.000000 -0.553578 -0.000000 -0.000248 -0.000000 1.687145  
 14 6 7  0.000000 0.555208 -0.000000 -0.000389 0.000000 1.692355 0.000000 -0.555208 0.000000 0.000389 0.000000 1.692191  
 15 7 8  0.000000 0.553573 -0.000000 0.000193 0.000000 1.687131 0.000000 -0.553573 0.000000 -0.000193 0.000000 1.687453  
 16 8 5  0.000000 0.555213 0.000000 -0.000317 -0.000000 1.692206 0.000000 -0.555213 -0.000000 0.000317 -0.000000 1.692370  
 17 10 11  0.000000 0.249992 -0.000000 0.000075 0.000000 0.762002 0.000000 -0.249992 0.000000 -0.000075 0.000000 0.761948  
 18 11 12  0.000000 0.307469 -0.000000 -0.000156 0.000000 0.937182 0.000000 -0.307469 0.000000 0.000156 0.000000 0.937151  
 19 12 13  0.000000 0.249986 0.000000 0.000055 -0.000000 0.761930 0.000000 -0.249986 -0.000000 -0.000055 -0.000000 0.761984  
 20 13 10  0.000000 0.307475 0.000000 -0.000136 -0.000000 0.937170 0.000000 -0.307475 -0.000000 0.000136 -0.000000 0.937200  
 21 15 16  0.000000 0.033474 -0.000000 0.000009 0.000000 0.102051 0.000000 -0.033474 0.000000 -0.000009 0.000000 0.102004  
 22 16 17  0.000000 0.040547 -0.000000 -0.000011 0.000000 0.123601 0.000000 -0.040547 0.000000 0.000011 0.000000 0.123574  
 23 17 18  0.000000 0.033468 0.000000 0.000009 -0.000000 0.101986 0.000000 -0.033468 -0.000000 -0.000009 -0.000000 0.102033  
 24 18 15  0.000000 0.040553 0.000000 -0.000011 -0.000000 0.123592 0.000000 -0.040553 -0.000000 0.000011 -0.000000 0.123619  
 118 118 128  24.064575 -0.568659 -0.417085 -0.000073 0.374022 -0.640147 -24.064575 0.568659 0.417085 0.000073 -0.221469 0.432154  
 128 128 138  24.064575 -0.568659 -0.417085 -0.000073 0.221469 -0.432154 -24.064575 0.568659 0.417085 0.000073 -0.068916 0.224161  
 138 138 148  24.064575 -0.568659 -0.417085 -0.000073 0.068916 -0.224161 -24.064575 0.568659 0.417085 0.000073 0.083636 0.016168  
 148 148 158  24.064575 -0.568659 -0.417085 -0.000073 -0.083636 -0.016168 -24.064575 0.568659 0.417085 0.000073 0.236189 -0.191824  
 158 158 168  24.064575 -0.568659 -0.417085 -0.000073 -0.236189 0.191824 -24.064575 0.568659 0.417085 0.000073 0.388742 -0.399817  
 168 168 178  24.064575 -0.568659 -0.417085 -0.000073 -0.388742 0.399817 -24.064575 0.568659 0.417085 0.000073 0.541295 -0.607810  
 178 178 188  24.064575 -0.568659 -0.417085 -0.000073 -0.541295 0.607810 -24.064575 0.568659 0.417085 0.000073 0.693848 -0.815803  
 188 188 198  24.064575 -0.568659 -0.417085 -0.000073 -0.693848 0.815803 -24.064575 0.568659 0.417085 0.000073 0.846401 -1.023796  
 198 198 13  24.064575 -0.568659 -0.417085 -0.000073 -0.846401 1.023796 -24.064575 0.568659 0.417085 0.000073 0.998953 -1.231789  
