 1 1 5  37.337467 -4.807860 4.225148 0.244969 -9.961599 -10.575383 -37.337467 4.807860 -4.225148 -0.244969 -5.492302 -7.009846  
 2 2 6  18.557945 -4.027316 3.810852 0.244969 -8.753558 -8.978601 -18.557945 4.027316 -3.810852 -0.244969 -5.185012 -5.751709  
 3 3 7  34.510294 -4.504667 4.405723 0.244969 -10.091948 -10.136014 -34.510294 4.504667 -4.405723 -0.244969 -6.022427 -6.340256  
 4 4 8  53.594294 -5.061131 4.645804 0.244969 -10.879624 -11.303362 -53.594294 5.061131 -4.645804 -0.244969 -6.112870 -7.208230  
 5 5 10  24.954929 -2.520291 3.289965 -0.059346 -5.891722 -4.343241 -24.954929 2.520291 -3.289965 0.059346 -6.141654 -4.874974  
 6 6 11  13.855878 -2.201588 3.127823 -0.059346 -5.655679 -3.774039 -13.855878 2.201588 -3.127823 0.059346 -5.784647 -4.278489  
 7 7 12  22.931536 -2.204068 3.537831 -0.059346 -6.415081 -3.672380 -22.931536 2.204068 -3.537831 0.059346 -6.524888 -4.389220  
 8 8 118  34.257657 -2.412474 3.484948 -0.059346 -6.281000 -4.056546 -34.257657 2.412474 -3.484948 0.059346 5.006345 3.174160  
 9 10 15  12.264809 -2.654679 2.896162 -0.013370 -4.592480 -4.319687 -12.264809 2.654679 -2.896162 0.013370 -6.000522 -5.390068  
 10 11 16  8.302398 -2.460585 2.850789 -0.013370 -4.584491 -4.018719 -8.302398 2.460585 -2.850789 0.013370 -5.842556 -4.981117  
 11 12 17  11.674083 -2.512130 3.053181 -0.013370 -4.889507 -4.089709 -11.674083 2.512130 -3.053181 0.013370 -6.277807 -5.098659  
 12 13 18  15.758709 -2.681912 3.075194 -0.013370 -4.841345 -4.352901 -15.758709 2.681912 -3.075194 0.013370 -6.406484 -5.456461  
 13 5 6  0.000000 -3.849912 -0.000000 0.884177 0.000000 -11.859454 0.000000 3.849912 0.000000 -0.884177 0.000000 -11.609607  
 14 6 7  0.000000 3.448022 -0.000000 -0.768916 0.000000 10.409925 0.000000 -3.448022 0.000000 0.768916 0.000000 10.609214  
 15 7 8  0.000000 -3.869264 0.000000 0.596578 -0.000000 -11.668592 0.000000 3.869264 -0.000000 -0.596578 -0.000000 -11.918439  
 16 8 5  0.000000 3.467373 0.000000 -0.475431 -0.000000 10.668198 0.000000 -3.467373 -0.000000 0.475431 -0.000000 10.468910  
 17 10 11  0.000000 -3.581427 -0.000000 0.408776 0.000000 -10.980563 0.000000 3.581427 0.000000 -0.408776 0.000000 -10.851816  
 18 11 12  0.000000 2.865093 0.000000 -0.482679 -0.000000 8.705984 0.000000 -2.865093 -0.000000 0.482679 -0.000000 8.759624  
 19 12 13  0.000000 -3.607641 0.000000 0.280695 -0.000000 -10.931716 0.000000 3.607641 -0.000000 -0.280695 -0.000000 -11.060463  
 20 13 10  0.000000 2.891307 -0.000000 -0.246428 0.000000 8.839524 0.000000 -2.891307 0.000000 0.246428 0.000000 8.785885  
 21 15 16  0.000000 -1.996482 0.000000 0.157912 -0.000000 -6.156939 0.000000 1.996482 -0.000000 -0.157912 -0.000000 -6.013618  
 22 16 17  0.000000 1.701120 0.000000 -0.171062 -0.000000 5.139029 0.000000 -1.701120 -0.000000 0.171062 -0.000000 5.230996  
 23 17 18  0.000000 -2.027036 -0.000000 0.132337 0.000000 -6.106745 0.000000 2.027036 0.000000 -0.132337 0.000000 -6.250067  
 24 18 15  0.000000 1.731673 -0.000000 -0.156417 0.000000 5.324124 0.000000 -1.731673 0.000000 0.156417 0.000000 5.232156  
 118 118 128  34.257657 -2.412474 3.484948 -0.059346 -5.006345 -3.174160 -34.257657 2.412474 -3.484948 0.059346 3.731690 2.291773  
 128 128 138  34.257657 -2.412474 3.484948 -0.059346 -3.731690 -2.291773 -34.257657 2.412474 -3.484948 0.059346 2.457036 1.409387  
 138 138 148  34.257657 -2.412474 3.484948 -0.059346 -2.457036 -1.409387 -34.257657 2.412474 -3.484948 0.059346 1.182381 0.527000  
 148 148 158  34.257657 -2.412474 3.484948 -0.059346 -1.182381 -0.527000 -34.257657 2.412474 -3.484948 0.059346 -0.092274 -0.355386  
 158 158 168  34.257657 -2.412474 3.484948 -0.059346 0.092274 0.355386 -34.257657 2.412474 -3.484948 0.059346 -1.366928 -1.237772  
 168 168 178  34.257657 -2.412474 3.484948 -0.059346 1.366928 1.237772 -34.257657 2.412474 -3.484948 0.059346 -2.641583 -2.120159  
 178 178 188  34.257657 -2.412474 3.484948 -0.059346 2.641583 2.120159 -34.257657 2.412474 -3.484948 0.059346 -3.916238 -3.002545  
 188 188 198  34.257657 -2.412474 3.484948 -0.059346 3.916238 3.002545 -34.257657 2.412474 -3.484948 0.059346 -5.190892 -3.884932  
 198 198 13  34.257657 -2.412474 3.484948 -0.059346 5.190892 3.884932 -34.257657 2.412474 -3.484948 0.059346 -6.465547 -4.767318  
