 1 1 5  31.077082 4.330742 -8.363007 -0.665695 18.536991 10.103262 -31.077082 -4.330742 8.363007 0.665695 12.051543 5.736860  
 2 2 6  61.168337 5.022069 -9.278075 -0.665695 21.242961 11.678322 -61.168337 -5.022069 9.278075 0.665695 12.692524 6.690397  
 3 3 7  40.548853 4.831565 -8.261356 -0.665695 19.031490 10.999265 -40.548853 -4.831565 8.261356 0.665695 11.185246 6.672667  
 4 4 8  11.205728 4.000496 -6.983717 -0.665695 15.601552 9.103683 -11.205728 -4.000496 6.983717 0.665695 9.942092 5.528533  
 5 5 10  21.923951 3.883451 -6.726013 -0.469447 11.712295 6.884916 -21.923951 -3.883451 6.726013 0.469447 12.888768 7.319194  
 6 6 11  37.539356 4.380607 -6.581342 -0.469447 10.923442 7.749883 -37.539356 -4.380607 6.581342 0.469447 13.148475 8.272626  
 7 7 12  25.793723 4.450109 -5.995219 -0.469447 10.004178 7.934973 -25.793723 -4.450109 5.995219 0.469447 11.923933 8.341746  
 8 8 118  10.742971 3.544337 -5.293137 -0.469447 9.174223 6.337527 -10.742971 -3.544337 5.293137 0.469447 -7.238205 -5.041150  
 9 10 15  11.524720 2.574337 -3.269203 0.007535 4.718164 3.809845 -11.524720 -2.574337 3.269203 -0.007535 7.239273 5.606051  
 10 11 16  16.278472 2.788217 -3.135569 0.007535 4.157791 4.150423 -16.278472 -2.788217 3.135569 -0.007535 7.310866 6.047758  
 11 12 17  12.331465 2.800907 -2.938378 0.007535 3.926400 4.250590 -12.331465 -2.800907 2.938378 -0.007535 6.821010 5.994007  
 12 13 18  7.865344 2.586897 -3.048395 0.007535 4.418789 3.925397 -7.865344 -2.586897 3.048395 -0.007535 6.731022 5.536438  
 13 5 6  0.000000 7.214990 0.000000 0.839347 -0.000000 21.509982 0.000000 -7.214990 -0.000000 -0.839347 -0.000000 22.472600  
 14 6 7  0.000000 -4.413991 0.000000 -1.143366 -0.000000 -13.600933 0.000000 4.413991 -0.000000 1.143366 -0.000000 -13.306755  
 15 7 8  0.000000 7.169121 -0.000000 1.300885 0.000000 22.332790 0.000000 -7.169121 0.000000 -1.300885 0.000000 21.370171  
 16 8 5  0.000000 -4.368121 -0.000000 -2.253856 0.000000 -13.166944 0.000000 4.368121 0.000000 2.253856 0.000000 -13.461123  
 17 10 11  0.000000 5.396199 0.000000 0.541460 -0.000000 16.211383 0.000000 -5.396199 -0.000000 -0.541460 -0.000000 16.683845  
 18 11 12  0.000000 -3.864685 -0.000000 -0.622422 0.000000 -11.881589 0.000000 3.864685 0.000000 0.622422 0.000000 -11.677532  
 19 12 13  0.000000 5.326944 -0.000000 0.914803 0.000000 16.472755 0.000000 -5.326944 0.000000 -0.914803 0.000000 16.000293  
 20 13 10  0.000000 -3.795430 0.000000 -1.395549 -0.000000 -11.466442 0.000000 3.795430 -0.000000 1.395549 -0.000000 -11.670499  
 21 15 16  0.000000 2.340922 0.000000 0.111266 -0.000000 7.094735 0.000000 -2.340922 -0.000000 -0.111266 -0.000000 7.175526  
 22 16 17  0.000000 -1.937550 0.000000 -0.135340 -0.000000 -5.936492 0.000000 1.937550 -0.000000 0.135340 -0.000000 -5.874810  
 23 17 18  0.000000 2.269014 -0.000000 0.119197 0.000000 6.956351 0.000000 -2.269014 0.000000 -0.119197 0.000000 6.875560  
 24 18 15  0.000000 -1.865642 -0.000000 -0.144538 0.000000 -5.655635 0.000000 1.865642 0.000000 0.144538 0.000000 -5.717317  
 118 118 128  10.742971 3.544337 -5.293137 -0.469447 7.238205 5.041150 -10.742971 -3.544337 5.293137 0.469447 -5.302187 -3.744773  
 128 128 138  10.742971 3.544337 -5.293137 -0.469447 5.302187 3.744773 -10.742971 -3.544337 5.293137 0.469447 -3.366169 -2.448396  
 138 138 148  10.742971 3.544337 -5.293137 -0.469447 3.366169 2.448396 -10.742971 -3.544337 5.293137 0.469447 -1.430152 -1.152019  
 148 148 158  10.742971 3.544337 -5.293137 -0.469447 1.430152 1.152019 -10.742971 -3.544337 5.293137 0.469447 0.505866 0.144358  
 158 158 168  10.742971 3.544337 -5.293137 -0.469447 -0.505866 -0.144358 -10.742971 -3.544337 5.293137 0.469447 2.441884 1.440734  
 168 168 178  10.742971 3.544337 -5.293137 -0.469447 -2.441884 -1.440734 -10.742971 -3.544337 5.293137 0.469447 4.377902 2.737111  
 178 178 188  10.742971 3.544337 -5.293137 -0.469447 -4.377902 -2.737111 -10.742971 -3.544337 5.293137 0.469447 6.313920 4.033488  
 188 188 198  10.742971 3.544337 -5.293137 -0.469447 -6.313920 -4.033488 -10.742971 -3.544337 5.293137 0.469447 8.249938 5.329865  
 198 198 13  10.742971 3.544337 -5.293137 -0.469447 -8.249938 -5.329865 -10.742971 -3.544337 5.293137 0.469447 10.185955 6.626242  
