 1 1 5  36.299069 0.080578 0.205449 0.000026 -0.485634 0.184276 -36.299069 -0.080578 -0.205449 -0.000026 -0.265818 0.110445  
 2 2 6  35.775367 0.080588 0.205611 0.000026 -0.486129 0.184287 -35.775367 -0.080588 -0.205611 -0.000026 -0.265912 0.110473  
 3 3 7  35.700932 0.080689 0.205618 0.000026 -0.486124 0.184587 -35.700932 -0.080689 -0.205618 -0.000026 -0.265946 0.110541  
 4 4 8  36.224631 0.080660 0.205447 0.000026 -0.485606 0.184547 -36.224631 -0.080660 -0.205447 -0.000026 -0.265837 0.110474  
 5 5 10  24.114758 0.034527 0.105683 0.000003 -0.154397 0.031080 -24.114758 -0.034527 -0.105683 -0.000003 -0.232148 0.095207  
 6 6 11  23.866803 0.034514 0.105682 0.000003 -0.154361 0.031048 -23.866803 -0.034514 -0.105682 -0.000003 -0.232180 0.095189  
 7 7 12  23.885243 0.034520 0.105671 0.000003 -0.154333 0.031036 -23.885243 -0.034520 -0.105671 -0.000003 -0.232169 0.095225  
 8 8 118  24.133195 0.034532 0.105664 0.000003 -0.154350 0.031072 -24.133195 -0.034532 -0.105664 -0.000003 0.115702 -0.018442  
 9 10 15  12.021898 -0.033708 0.039846 -0.000004 -0.033608 -0.077910 -12.021898 0.033708 -0.039846 0.000004 -0.112133 -0.045381  
 10 11 16  11.948320 -0.033716 0.039843 -0.000004 -0.033588 -0.077925 -11.948320 0.033716 -0.039843 0.000004 -0.112140 -0.045396  
 11 12 17  11.978103 -0.033720 0.039838 -0.000004 -0.033579 -0.077943 -11.978103 0.033720 -0.039838 0.000004 -0.112131 -0.045393  
 12 13 18  12.051679 -0.033712 0.039841 -0.000004 -0.033600 -0.077929 -12.051679 0.033712 -0.039841 0.000004 -0.112122 -0.045378  
 13 5 6  0.000000 -0.137873 -0.000000 -0.000002 0.000000 -0.420201 0.000000 0.137873 0.000000 0.000002 0.000000 -0.420276  
 14 6 7  0.000000 -0.046438 0.000000 -0.000003 -0.000000 -0.141523 0.000000 0.046438 -0.000000 0.000003 -0.000000 -0.141562  
 15 7 8  0.000000 -0.137873 0.000000 0.000015 -0.000000 -0.420276 0.000000 0.137873 -0.000000 -0.000015 -0.000000 -0.420201  
 16 8 5  0.000000 -0.046438 -0.000000 0.000014 0.000000 -0.141562 0.000000 0.046438 0.000000 -0.000014 0.000000 -0.141523  
 17 10 11  0.000000 -0.087188 0.000000 -0.000016 -0.000000 -0.265741 0.000000 0.087188 -0.000000 0.000016 -0.000000 -0.265759  
 18 11 12  0.000000 -0.005671 0.000000 0.000009 -0.000000 -0.017280 0.000000 0.005671 -0.000000 -0.000009 -0.000000 -0.017291  
 19 12 13  0.000000 -0.087188 -0.000000 -0.000010 0.000000 -0.265758 0.000000 0.087188 0.000000 0.000010 0.000000 -0.265740  
 20 13 10  0.000000 -0.005672 -0.000000 0.000015 0.000000 -0.017293 0.000000 0.005672 0.000000 -0.000015 0.000000 -0.017281  
 21 15 16  0.000000 -0.036789 0.000000 -0.000007 -0.000000 -0.112128 0.000000 0.036789 -0.000000 0.000007 -0.000000 -0.112137  
 22 16 17  0.000000 0.014891 -0.000000 0.000004 0.000000 0.045389 0.000000 -0.014891 0.000000 -0.000004 0.000000 0.045386  
 23 17 18  0.000000 -0.036788 -0.000000 -0.000007 0.000000 -0.112135 0.000000 0.036788 0.000000 0.000007 0.000000 -0.112127  
 24 18 15  0.000000 0.014890 0.000000 0.000005 -0.000000 0.045385 0.000000 -0.014890 -0.000000 -0.000005 -0.000000 0.045388  
 118 118 128  24.133195 0.034532 0.105664 0.000003 -0.115702 0.018442 -24.133195 -0.034532 -0.105664 -0.000003 0.077055 -0.005812  
 128 128 138  24.133195 0.034532 0.105664 0.000003 -0.077055 0.005812 -24.133195 -0.034532 -0.105664 -0.000003 0.038407 0.006819  
 138 138 148  24.133195 0.034532 0.105664 0.000003 -0.038407 -0.006819 -24.133195 -0.034532 -0.105664 -0.000003 -0.000240 0.019449  
 148 148 158  24.133195 0.034532 0.105664 0.000003 0.000240 -0.019449 -24.133195 -0.034532 -0.105664 -0.000003 -0.038888 0.032079  
 158 158 168  24.133195 0.034532 0.105664 0.000003 0.038888 -0.032079 -24.133195 -0.034532 -0.105664 -0.000003 -0.077535 0.044710  
 168 168 178  24.133195 0.034532 0.105664 0.000003 0.077535 -0.044710 -24.133195 -0.034532 -0.105664 -0.000003 -0.116183 0.057340  
 178 178 188  24.133195 0.034532 0.105664 0.000003 0.116183 -0.057340 -24.133195 -0.034532 -0.105664 -0.000003 -0.154830 0.069971  
 188 188 198  24.133195 0.034532 0.105664 0.000003 0.154830 -0.069971 -24.133195 -0.034532 -0.105664 -0.000003 -0.193478 0.082601  
 198 198 13  24.133195 0.034532 0.105664 0.000003 0.193478 -0.082601 -24.133195 -0.034532 -0.105664 -0.000003 -0.232125 0.095231  
