 1 1 5  38.220265 5.964396 -4.347434 0.351396 9.951124 14.096823 -38.220265 -5.964396 4.347434 -0.351396 5.950052 7.718551  
 2 2 6  58.008142 6.684005 -4.521747 0.351396 10.619533 15.710034 -58.008142 -6.684005 4.521747 -0.351396 5.919209 8.737383  
 3 3 7  33.454241 6.247208 -3.916202 0.351396 9.303092 14.172459 -33.454241 -6.247208 3.916202 -0.351396 5.020809 8.677330  
 4 4 8  14.317353 5.129928 -3.577242 0.351396 8.286647 11.765924 -14.317353 -5.129928 3.577242 -0.351396 4.797475 6.997302  
 5 5 10  24.623177 5.144836 -4.081905 0.456347 7.402447 8.781016 -24.623177 -5.144836 4.081905 -0.456347 7.527531 10.036736  
 6 6 11  36.342132 5.678572 -4.001925 0.456347 7.235318 9.720951 -36.342132 -5.678572 4.001925 -0.456347 7.402122 11.048992  
 7 7 12  23.120261 5.768653 -3.602794 0.456347 6.488799 10.116379 -23.120261 -5.768653 3.602794 -0.456347 6.688779 10.983045  
 8 8 118  11.914429 4.496653 -3.274183 0.456347 5.953823 7.910926 -11.914429 -4.496653 3.274183 -0.456347 -4.756258 -6.266230  
 9 10 15  11.895278 2.488070 -2.991686 -0.054482 4.691267 3.341273 -11.895278 -2.488070 2.991686 0.054482 6.251122 5.759090  
 10 11 16  16.014053 2.657265 -2.997368 -0.054482 4.628663 3.516831 -16.014053 -2.657265 2.997368 0.054482 6.334511 6.202383  
 11 12 17  11.973906 2.776195 -2.785162 -0.054482 4.270023 3.988328 -11.973906 -2.776195 2.785162 0.054482 5.916986 6.165884  
 12 13 18  8.116763 2.585831 -2.772834 -0.054482 4.333937 3.754008 -8.116763 -2.585831 2.772834 0.054482 5.807982 5.703927  
 13 5 6  0.000000 4.017228 0.000000 0.926856 -0.000000 12.104425 0.000000 -4.017228 -0.000000 -0.926856 -0.000000 12.384595  
 14 6 7  0.000000 -5.648782 0.000000 -0.769932 -0.000000 -17.531478 0.000000 5.648782 -0.000000 0.769932 -0.000000 -16.903496  
 15 7 8  0.000000 3.982761 -0.000000 1.890214 0.000000 12.279540 0.000000 -3.982761 0.000000 -1.890214 0.000000 11.999371  
 16 8 5  0.000000 -5.614315 -0.000000 -1.248073 0.000000 -16.798441 0.000000 5.614315 0.000000 1.248073 0.000000 -17.426423  
 17 10 11  0.000000 3.768654 0.000000 0.498089 -0.000000 11.383100 0.000000 -3.768654 -0.000000 -0.498089 -0.000000 11.590612  
 18 11 12  0.000000 -4.559426 0.000000 -0.440173 -0.000000 -14.067734 0.000000 4.559426 -0.000000 0.440173 -0.000000 -13.726524  
 19 12 13  0.000000 3.705781 -0.000000 1.244849 0.000000 11.398975 0.000000 -3.705781 0.000000 -1.244849 0.000000 11.191464  
 20 13 10  0.000000 -4.496553 -0.000000 -0.835698 0.000000 -13.534888 0.000000 4.496553 0.000000 0.835698 0.000000 -13.876097  
 21 15 16  0.000000 2.026684 -0.000000 0.121965 0.000000 6.129234 0.000000 -2.026684 0.000000 -0.121965 0.000000 6.225430  
 22 16 17  0.000000 -1.987370 0.000000 -0.109081 -0.000000 -6.080418 0.000000 1.987370 -0.000000 0.109081 -0.000000 -6.034587  
 23 17 18  0.000000 1.961276 0.000000 0.131297 -0.000000 6.026067 0.000000 -1.961276 -0.000000 -0.131297 -0.000000 5.929870  
 24 18 15  0.000000 -1.921962 -0.000000 -0.121888 0.000000 -5.835223 0.000000 1.921962 0.000000 0.121888 0.000000 -5.881055  
 118 118 128  11.914429 4.496653 -3.274183 0.456347 4.756258 6.266230 -11.914429 -4.496653 3.274183 -0.456347 -3.558693 -4.621535  
 128 128 138  11.914429 4.496653 -3.274183 0.456347 3.558693 4.621535 -11.914429 -4.496653 3.274183 -0.456347 -2.361127 -2.976839  
 138 138 148  11.914429 4.496653 -3.274183 0.456347 2.361127 2.976839 -11.914429 -4.496653 3.274183 -0.456347 -1.163562 -1.332143  
 148 148 158  11.914429 4.496653 -3.274183 0.456347 1.163562 1.332143 -11.914429 -4.496653 3.274183 -0.456347 0.034003 0.312552  
 158 158 168  11.914429 4.496653 -3.274183 0.456347 -0.034003 -0.312552 -11.914429 -4.496653 3.274183 -0.456347 1.231568 1.957248  
 168 168 178  11.914429 4.496653 -3.274183 0.456347 -1.231568 -1.957248 -11.914429 -4.496653 3.274183 -0.456347 2.429134 3.601944  
 178 178 188  11.914429 4.496653 -3.274183 0.456347 -2.429134 -3.601944 -11.914429 -4.496653 3.274183 -0.456347 3.626699 5.246639  
 188 188 198  11.914429 4.496653 -3.274183 0.456347 -3.626699 -5.246639 -11.914429 -4.496653 3.274183 -0.456347 4.824264 6.891335  
 198 198 13  11.914429 4.496653 -3.274183 0.456347 -4.824264 -6.891335 -11.914429 -4.496653 3.274183 -0.456347 6.021829 8.536031  
