 1 1 5  34.977411 -0.292748 0.350020 -0.000342 -0.690390 -0.765526 -34.977411 0.292748 -0.350020 0.000342 -0.589842 -0.305228  
 2 2 6  35.700338 -0.292542 0.350699 -0.000342 -0.692482 -0.765061 -35.700338 0.292542 -0.350699 0.000342 -0.590233 -0.304940  
 3 3 7  37.022554 -0.292225 0.351129 -0.000342 -0.693446 -0.764012 -37.022554 0.292225 -0.351129 0.000342 -0.590842 -0.304830  
 4 4 8  36.299698 -0.292380 0.350400 -0.000342 -0.691314 -0.764376 -36.299698 0.292380 -0.350400 0.000342 -0.590310 -0.305034  
 5 5 10  23.196325 -0.324104 -0.089169 -0.000071 0.383112 -0.569548 -23.196325 0.324104 0.089169 0.000071 -0.056970 -0.615896  
 6 6 11  24.055215 -0.324014 -0.089190 -0.000071 0.383244 -0.569363 -24.055215 0.324014 0.089190 0.000071 -0.057021 -0.615752  
 7 7 12  24.803650 -0.324007 -0.089052 -0.000071 0.383064 -0.569342 -24.803650 0.324007 0.089052 0.000071 -0.057347 -0.615746  
 8 8 118  23.944810 -0.324092 -0.089038 -0.000071 0.382918 -0.569551 -23.944810 0.324092 0.089038 0.000071 -0.350351 0.451011  
 9 10 15  11.659187 -0.143507 -0.373495 0.000008 0.693771 -0.158361 -11.659187 0.143507 0.373495 -0.000008 0.672324 -0.366529  
 10 11 16  12.100329 -0.143489 -0.373487 0.000008 0.693788 -0.158334 -12.100329 0.143489 0.373487 -0.000008 0.672277 -0.366492  
 11 12 17  12.340800 -0.143480 -0.373475 0.000008 0.693784 -0.158327 -12.340800 0.143480 0.373475 -0.000008 0.672238 -0.366465  
 12 13 18  11.899683 -0.143498 -0.373482 0.000008 0.693763 -0.158357 -11.899683 0.143498 0.373482 -0.000008 0.672284 -0.366502  
 13 5 6  0.000000 -0.067984 -0.000000 0.000229 0.000000 -0.207053 0.000000 0.067984 0.000000 -0.000229 0.000000 -0.207376  
 14 6 7  0.000000 0.286893 -0.000000 -0.000387 0.000000 0.874531 0.000000 -0.286893 0.000000 0.000387 0.000000 0.874371  
 15 7 8  0.000000 -0.067989 0.000000 0.000198 -0.000000 -0.207392 0.000000 0.067989 -0.000000 -0.000198 -0.000000 -0.207069  
 16 8 5  0.000000 0.286898 0.000000 -0.000324 -0.000000 0.874386 0.000000 -0.286898 -0.000000 0.000324 -0.000000 0.874547  
 17 10 11  0.000000 0.208871 -0.000000 0.000076 0.000000 0.636665 0.000000 -0.208871 0.000000 -0.000076 0.000000 0.636611  
 18 11 12  0.000000 0.253985 0.000000 -0.000156 -0.000000 0.774162 0.000000 -0.253985 -0.000000 0.000156 -0.000000 0.774131  
 19 12 13  0.000000 0.208865 0.000000 0.000058 -0.000000 0.636592 0.000000 -0.208865 -0.000000 -0.000058 -0.000000 0.636646  
 20 13 10  0.000000 0.253991 -0.000000 -0.000136 0.000000 0.774150 0.000000 -0.253991 0.000000 0.000136 0.000000 0.774181  
 21 15 16  0.000000 0.220568 0.000000 0.000009 -0.000000 0.672314 0.000000 -0.220568 -0.000000 -0.000009 -0.000000 0.672267  
 22 16 17  0.000000 0.120239 0.000000 -0.000010 -0.000000 0.366501 0.000000 -0.120239 -0.000000 0.000010 -0.000000 0.366474  
 23 17 18  0.000000 0.220561 -0.000000 0.000009 0.000000 0.672248 0.000000 -0.220561 0.000000 -0.000009 0.000000 0.672295  
 24 18 15  0.000000 0.120245 -0.000000 -0.000010 0.000000 0.366493 0.000000 -0.120245 0.000000 0.000010 0.000000 0.366520  
 118 118 128  23.944810 -0.324092 -0.089038 -0.000071 0.350351 -0.451011 -23.944810 0.324092 0.089038 0.000071 -0.317785 0.332471  
 128 128 138  23.944810 -0.324092 -0.089038 -0.000071 0.317785 -0.332471 -23.944810 0.324092 0.089038 0.000071 -0.285218 0.213931  
 138 138 148  23.944810 -0.324092 -0.089038 -0.000071 0.285218 -0.213931 -23.944810 0.324092 0.089038 0.000071 -0.252652 0.095391  
 148 148 158  23.944810 -0.324092 -0.089038 -0.000071 0.252652 -0.095391 -23.944810 0.324092 0.089038 0.000071 -0.220085 -0.023150  
 158 158 168  23.944810 -0.324092 -0.089038 -0.000071 0.220085 0.023150 -23.944810 0.324092 0.089038 0.000071 -0.187519 -0.141690  
 168 168 178  23.944810 -0.324092 -0.089038 -0.000071 0.187519 0.141690 -23.944810 0.324092 0.089038 0.000071 -0.154953 -0.260230  
 178 178 188  23.944810 -0.324092 -0.089038 -0.000071 0.154953 0.260230 -23.944810 0.324092 0.089038 0.000071 -0.122386 -0.378770  
 188 188 198  23.944810 -0.324092 -0.089038 -0.000071 0.122386 0.378770 -23.944810 0.324092 0.089038 0.000071 -0.089820 -0.497310  
 198 198 13  23.944810 -0.324092 -0.089038 -0.000071 0.089820 0.497310 -23.944810 0.324092 0.089038 0.000071 -0.057253 -0.615850  
