 1 1 5  42.091935 3.778858 -0.905469 0.174598 2.488652 9.496024 -42.091935 -3.778858 0.905469 -0.174598 0.823191 4.325525  
 2 2 6  50.972704 3.929423 -0.873007 0.174598 2.474622 9.890152 -50.972704 -3.929423 0.873007 -0.174598 0.718491 4.482105  
 3 3 7  29.815783 3.784780 -0.766086 0.174598 2.196739 9.042215 -29.815783 -3.784780 0.766086 -0.174598 0.605297 4.800997  
 4 4 8  21.119578 3.473735 -0.779902 0.174598 2.139415 8.286307 -21.119578 -3.473735 0.779902 -0.174598 0.713156 4.419225  
 5 5 10  27.686086 3.608054 -1.767349 0.182520 3.596910 6.921353 -27.686086 -3.608054 1.767349 -0.182520 2.867347 6.275465  
 6 6 11  33.919903 3.835178 -1.773230 0.182520 3.622798 7.343167 -33.919903 -3.835178 1.773230 -0.182520 2.862969 6.684379  
 7 7 12  20.234187 3.773143 -1.513034 0.182520 3.124447 7.225822 -20.234187 -3.773143 1.513034 -0.182520 2.409626 6.574825  
 8 8 118  14.159824 3.136900 -1.403699 0.182520 2.854993 5.949738 -14.159824 -3.136900 1.403699 -0.182520 -2.341576 -4.802386  
 9 10 15  13.368805 3.895435 -1.925710 0.046000 3.230227 6.401556 -13.368805 -3.895435 1.925710 -0.046000 3.813252 7.846386  
 10 11 16  15.820204 4.051734 -1.922728 0.046000 3.200298 6.628255 -15.820204 -4.051734 1.922728 -0.046000 3.832273 8.191369  
 11 12 17  10.586409 4.035580 -1.784436 0.046000 2.998073 6.780726 -10.586409 -4.035580 1.784436 -0.046000 3.528680 7.979810  
 12 13 18  8.224582 3.842835 -1.775321 0.046000 2.996905 6.440920 -8.224582 -3.842835 1.775321 -0.046000 3.496508 7.614632  
 13 5 6  0.000000 1.320337 0.000000 0.279631 -0.000000 4.003692 0.000000 -1.320337 -0.000000 -0.279631 -0.000000 4.045082  
 14 6 7  0.000000 -3.732464 0.000000 -0.296206 -0.000000 -11.545642 0.000000 3.732464 -0.000000 0.296206 -0.000000 -11.207458  
 15 7 8  0.000000 1.314060 -0.000000 0.819361 0.000000 4.025950 0.000000 -1.314060 0.000000 -0.819361 0.000000 3.984559  
 16 8 5  0.000000 -3.726187 -0.000000 -0.416410 0.000000 -11.188325 0.000000 3.726187 0.000000 0.416410 0.000000 -11.526509  
 17 10 11  0.000000 1.882474 -0.000000 0.291181 0.000000 5.713454 0.000000 -1.882474 0.000000 -0.291181 0.000000 5.762108  
 18 11 12  0.000000 -4.217226 -0.000000 -0.301159 0.000000 -13.021453 0.000000 4.217226 0.000000 0.301159 0.000000 -12.686755  
 19 12 13  0.000000 1.865003 0.000000 0.668796 -0.000000 5.708857 0.000000 -1.865003 -0.000000 -0.668796 -0.000000 5.660203  
 20 13 10  0.000000 -4.199755 0.000000 -0.384120 -0.000000 -12.633504 0.000000 4.199755 -0.000000 0.384120 -0.000000 -12.968201  
 21 15 16  0.000000 1.214503 0.000000 0.138365 -0.000000 3.689006 0.000000 -1.214503 -0.000000 -0.138365 -0.000000 3.714603  
 22 16 17  0.000000 -2.605701 -0.000000 -0.117670 0.000000 -8.053004 0.000000 2.605701 0.000000 0.117670 0.000000 -7.831348  
 23 17 18  0.000000 1.192110 -0.000000 0.148462 0.000000 3.646349 0.000000 -1.192110 0.000000 -0.148462 0.000000 3.620753  
 24 18 15  0.000000 -2.583308 0.000000 -0.124245 -0.000000 -7.763094 0.000000 2.583308 -0.000000 0.124245 -0.000000 -7.984750  
 118 118 128  14.159824 3.136900 -1.403699 0.182520 2.341576 4.802386 -14.159824 -3.136900 1.403699 -0.182520 -1.828159 -3.655033  
 128 128 138  14.159824 3.136900 -1.403699 0.182520 1.828159 3.655033 -14.159824 -3.136900 1.403699 -0.182520 -1.314742 -2.507680  
 138 138 148  14.159824 3.136900 -1.403699 0.182520 1.314742 2.507680 -14.159824 -3.136900 1.403699 -0.182520 -0.801325 -1.360328  
 148 148 158  14.159824 3.136900 -1.403699 0.182520 0.801325 1.360328 -14.159824 -3.136900 1.403699 -0.182520 -0.287908 -0.212975  
 158 158 168  14.159824 3.136900 -1.403699 0.182520 0.287908 0.212975 -14.159824 -3.136900 1.403699 -0.182520 0.225510 0.934378  
 168 168 178  14.159824 3.136900 -1.403699 0.182520 -0.225510 -0.934378 -14.159824 -3.136900 1.403699 -0.182520 0.738927 2.081730  
 178 178 188  14.159824 3.136900 -1.403699 0.182520 -0.738927 -2.081730 -14.159824 -3.136900 1.403699 -0.182520 1.252344 3.229083  
 188 188 198  14.159824 3.136900 -1.403699 0.182520 -1.252344 -3.229083 -14.159824 -3.136900 1.403699 -0.182520 1.765761 4.376436  
 198 198 13  14.159824 3.136900 -1.403699 0.182520 -1.765761 -4.376436 -14.159824 -3.136900 1.403699 -0.182520 2.279178 5.523788  
