 1 1 5  44.208148 2.278317 1.763701 -0.029459 -4.504433 5.489057 -44.208148 -2.278317 -1.763701 0.029459 -1.946479 2.844115  
 2 2 6  35.675319 2.190490 1.726436 -0.029459 -4.352029 5.261835 -35.675319 -2.190490 -1.726436 0.029459 -1.962585 2.750101  
 3 3 7  27.798497 2.119891 1.624722 -0.029459 -4.105947 5.034552 -27.798497 -2.119891 -1.624722 0.029459 -1.836636 2.719160  
 4 4 8  36.318036 2.245051 1.691087 -0.029459 -4.316138 5.337766 -36.318036 -2.245051 -1.691087 0.029459 -1.869181 2.873733  
 5 5 10  28.680089 1.651925 1.913327 0.067116 -3.489551 2.780340 -28.680089 -1.651925 -1.913327 -0.067116 -3.508634 3.261741  
 6 6 11  23.605193 1.565750 1.885039 0.067116 -3.449407 2.630251 -23.605193 -1.565750 -1.885039 -0.067116 -3.445311 3.096638  
 7 7 12  19.324543 1.546885 1.777313 0.067116 -3.253085 2.610415 -19.324543 -1.546885 -1.777313 -0.067116 -3.247617 3.047472  
 8 8 118  24.390175 1.610825 1.782859 0.067116 -3.260363 2.726425 -24.390175 -1.610825 -1.782859 -0.067116 2.608265 -2.137250  
 9 10 15  13.569579 0.940053 1.211152 -0.001540 -1.735060 1.260932 -13.569579 -0.940053 -1.211152 0.001540 -2.694849 2.177404  
 10 11 16  11.830420 0.902616 1.213234 -0.001540 -1.757247 1.203954 -11.830420 -0.902616 -1.213234 0.001540 -2.680277 2.097453  
 11 12 17  10.433055 0.909473 1.170326 -0.001540 -1.688400 1.242657 -10.433055 -0.909473 -1.170326 0.001540 -2.592184 2.083832  
 12 13 18  12.166946 0.952993 1.175123 -0.001540 -1.679588 1.309958 -12.166946 -0.952993 -1.175123 0.001540 -2.618544 2.175708  
 13 5 6  0.000000 -1.728463 -0.000000 -0.120518 0.000000 -5.284321 0.000000 1.728463 0.000000 0.120518 0.000000 -5.252390  
 14 6 7  0.000000 -1.798590 -0.000000 0.159602 0.000000 -5.500870 0.000000 1.798590 0.000000 -0.159602 0.000000 -5.463333  
 15 7 8  0.000000 -1.727457 0.000000 -0.133758 -0.000000 -5.249323 0.000000 1.727457 -0.000000 0.133758 -0.000000 -5.281253  
 16 8 5  0.000000 -1.799596 0.000000 0.151709 -0.000000 -5.466400 0.000000 1.799596 -0.000000 -0.151709 -0.000000 -5.503937  
 17 10 11  0.000000 -1.667369 0.000000 -0.109518 -0.000000 -5.093474 0.000000 1.667369 -0.000000 0.109518 -0.000000 -5.070810  
 18 11 12  0.000000 -1.442142 0.000000 0.131748 -0.000000 -4.410110 0.000000 1.442142 -0.000000 -0.131748 -0.000000 -4.381185  
 19 12 13  0.000000 -1.666370 -0.000000 -0.091056 0.000000 -5.067765 0.000000 1.666370 0.000000 0.091056 0.000000 -5.090429  
 20 13 10  0.000000 -1.443141 -0.000000 0.150220 0.000000 -4.384231 0.000000 1.443141 0.000000 -0.150220 0.000000 -4.413155  
 21 15 16  0.000000 -0.868921 -0.000000 -0.037969 0.000000 -2.658703 0.000000 0.868921 0.000000 0.037969 0.000000 -2.638238  
 22 16 17  0.000000 -0.699341 -0.000000 0.042040 0.000000 -2.135422 0.000000 0.699341 0.000000 -0.042040 0.000000 -2.127763  
 23 17 18  0.000000 -0.867604 0.000000 -0.043931 -0.000000 -2.634224 0.000000 0.867604 -0.000000 0.043931 -0.000000 -2.654689  
 24 18 15  0.000000 -0.700658 0.000000 0.036146 -0.000000 -2.131777 0.000000 0.700658 -0.000000 -0.036146 -0.000000 -2.139436  
 118 118 128  24.390175 1.610825 1.782859 0.067116 -2.608265 2.137250 -24.390175 -1.610825 -1.782859 -0.067116 1.956166 -1.548075  
 128 128 138  24.390175 1.610825 1.782859 0.067116 -1.956166 1.548075 -24.390175 -1.610825 -1.782859 -0.067116 1.304068 -0.958899  
 138 138 148  24.390175 1.610825 1.782859 0.067116 -1.304068 0.958899 -24.390175 -1.610825 -1.782859 -0.067116 0.651969 -0.369724  
 148 148 158  24.390175 1.610825 1.782859 0.067116 -0.651969 0.369724 -24.390175 -1.610825 -1.782859 -0.067116 -0.000129 0.219452  
 158 158 168  24.390175 1.610825 1.782859 0.067116 0.000129 -0.219452 -24.390175 -1.610825 -1.782859 -0.067116 -0.652227 0.808627  
 168 168 178  24.390175 1.610825 1.782859 0.067116 0.652227 -0.808627 -24.390175 -1.610825 -1.782859 -0.067116 -1.304326 1.397802  
 178 178 188  24.390175 1.610825 1.782859 0.067116 1.304326 -1.397802 -24.390175 -1.610825 -1.782859 -0.067116 -1.956424 1.986978  
 188 188 198  24.390175 1.610825 1.782859 0.067116 1.956424 -1.986978 -24.390175 -1.610825 -1.782859 -0.067116 -2.608523 2.576153  
 198 198 13  24.390175 1.610825 1.782859 0.067116 2.608523 -2.576153 -24.390175 -1.610825 -1.782859 -0.067116 -3.260621 3.165328  
