 1 1 5  36.905952 7.275061 -6.752215 0.269497 15.259535 16.885716 -36.905952 -7.275061 6.752215 -0.269497 9.437367 9.723548  
 2 2 6  63.144264 8.388637 -7.156672 0.269497 16.628862 19.313941 -63.144264 -8.388637 7.156672 -0.269497 9.547382 11.368337  
 3 3 7  34.651163 7.742902 -6.185819 0.269497 14.461648 17.321647 -34.651163 -7.742902 6.185819 -0.269497 8.163604 10.998792  
 4 4 8  9.298620 6.267721 -5.487982 0.269497 12.475993 14.148903 -9.298620 -6.267721 5.487982 -0.269497 7.596849 8.775914  
 5 5 10  24.297782 5.993935 -6.363399 0.060783 11.140725 10.224674 -24.297782 -5.993935 6.363399 -0.060783 12.134044 11.698743  
 6 6 11  38.078125 6.642113 -6.286902 0.060783 10.737454 11.150734 -38.078125 -6.642113 6.286902 -0.060783 12.257517 13.143459  
 7 7 12  23.380029 6.758843 -5.640639 0.060783 9.751373 11.787880 -23.380029 -6.758843 5.640639 -0.060783 10.879829 12.933264  
 8 8 118  10.244064 5.366513 -5.048921 0.060783 8.833268 9.328714 -10.244064 -5.366513 5.048921 -0.060783 -6.986575 -7.365858  
 9 10 15  12.047821 2.556726 -2.680049 0.008900 3.650086 3.211962 -12.047821 -2.556726 2.680049 -0.008900 6.152462 6.139519  
 10 11 16  16.111487 2.755031 -2.592828 0.008900 3.296287 3.480385 -16.111487 -2.755031 2.592828 -0.008900 6.187242 6.596417  
 11 12 17  11.789457 2.855102 -2.399914 0.008900 3.031989 3.900222 -11.789457 -2.855102 2.399914 -0.008900 5.745936 6.542599  
 12 13 18  8.051236 2.649037 -2.480273 0.008900 3.377334 3.612510 -8.051236 -2.649037 2.480273 -0.008900 5.694513 6.076607  
 13 5 6  0.000000 6.198811 0.000000 1.193454 -0.000000 18.596075 0.000000 -6.198811 -0.000000 -1.193454 -0.000000 19.191877  
 14 6 7  0.000000 -6.867329 0.000000 -1.092959 -0.000000 -21.325617 0.000000 6.867329 -0.000000 1.092959 -0.000000 -20.537619  
 15 7 8  0.000000 6.138463 -0.000000 2.249052 0.000000 19.007937 0.000000 -6.138463 0.000000 -2.249052 0.000000 18.412135  
 16 8 5  0.000000 -6.806981 -0.000000 -1.982017 0.000000 -20.353679 0.000000 6.806981 0.000000 1.982017 0.000000 -21.141677  
 17 10 11  0.000000 4.818471 -0.000000 0.735057 0.000000 14.519077 0.000000 -4.818471 0.000000 -0.735057 0.000000 14.854324  
 18 11 12  0.000000 -5.148166 -0.000000 -0.699480 0.000000 -15.888787 0.000000 5.148166 0.000000 0.699480 0.000000 -15.494432  
 19 12 13  0.000000 4.738738 0.000000 1.339054 -0.000000 14.611299 0.000000 -4.738738 -0.000000 -1.339054 -0.000000 14.276051  
 20 13 10  0.000000 -5.068433 0.000000 -1.265053 -0.000000 -15.251406 0.000000 5.068433 -0.000000 1.265053 -0.000000 -15.645761  
 21 15 16  0.000000 1.991153 -0.000000 0.104454 0.000000 6.047483 0.000000 -1.991153 0.000000 -0.104454 0.000000 6.090584  
 22 16 17  0.000000 -2.120335 -0.000000 -0.096658 0.000000 -6.491963 0.000000 2.120335 0.000000 0.096658 0.000000 -6.433598  
 23 17 18  0.000000 1.909791 0.000000 0.109001 -0.000000 5.842594 0.000000 -1.909791 -0.000000 -0.109001 -0.000000 5.799493  
 24 18 15  0.000000 -2.038973 0.000000 -0.104980 -0.000000 -6.185608 0.000000 2.038973 -0.000000 0.104980 -0.000000 -6.243973  
 118 118 128  10.244064 5.366513 -5.048921 0.060783 6.986575 7.365858 -10.244064 -5.366513 5.048921 -0.060783 -5.139882 -5.403002  
 128 128 138  10.244064 5.366513 -5.048921 0.060783 5.139882 5.403002 -10.244064 -5.366513 5.048921 -0.060783 -3.293189 -3.440147  
 138 138 148  10.244064 5.366513 -5.048921 0.060783 3.293189 3.440147 -10.244064 -5.366513 5.048921 -0.060783 -1.446495 -1.477291  
 148 148 158  10.244064 5.366513 -5.048921 0.060783 1.446495 1.477291 -10.244064 -5.366513 5.048921 -0.060783 0.400198 0.485565  
 158 158 168  10.244064 5.366513 -5.048921 0.060783 -0.400198 -0.485565 -10.244064 -5.366513 5.048921 -0.060783 2.246891 2.448420  
 168 168 178  10.244064 5.366513 -5.048921 0.060783 -2.246891 -2.448420 -10.244064 -5.366513 5.048921 -0.060783 4.093585 4.411276  
 178 178 188  10.244064 5.366513 -5.048921 0.060783 -4.093585 -4.411276 -10.244064 -5.366513 5.048921 -0.060783 5.940278 6.374131  
 188 188 198  10.244064 5.366513 -5.048921 0.060783 -5.940278 -6.374131 -10.244064 -5.366513 5.048921 -0.060783 7.786971 8.336987  
 198 198 13  10.244064 5.366513 -5.048921 0.060783 -7.786971 -8.336987 -10.244064 -5.366513 5.048921 -0.060783 9.633665 10.299843  
