 1 1 5  42.309736 6.386333 -2.249639 0.279955 5.132579 14.675714 -42.309736 -6.386333 2.249639 -0.279955 3.095702 8.682939  
 2 2 6  52.715372 6.768403 -2.284353 0.279955 5.270958 15.521976 -52.715372 -6.768403 2.284353 -0.279955 3.084290 9.234136  
 3 3 7  29.539421 6.170176 -1.985908 0.279955 4.632220 13.734981 -29.539421 -6.170176 1.985908 -0.279955 2.631437 8.833056  
 4 4 8  19.435470 5.552349 -1.915585 0.279955 4.404219 12.390293 -19.435470 -5.552349 1.915585 -0.279955 2.602224 7.917979  
 5 5 10  27.256440 3.735916 -1.757659 0.257349 3.309644 6.326559 -27.256440 -3.735916 1.757659 -0.257349 3.119172 7.337928  
 6 6 11  33.788204 3.986504 -1.742132 0.257349 3.284500 6.770028 -33.788204 -3.986504 1.742132 -0.257349 3.087521 7.811009  
 7 7 12  20.625019 4.074600 -1.485433 0.257349 2.774822 7.134907 -20.625019 -4.074600 1.485433 -0.257349 2.658298 7.768350  
 8 8 118  14.330337 3.374885 -1.401785 0.257349 2.635594 5.941309 -14.330337 -3.374885 1.401785 -0.257349 -2.122877 -4.706911  
 9 10 15  13.054959 3.354313 -1.967020 0.029704 3.272949 5.249807 -13.054959 -3.354313 1.967020 -0.029704 3.921624 7.018927  
 10 11 16  15.602125 3.504940 -1.968356 0.029704 3.252969 5.464891 -15.602125 -3.504940 1.968356 -0.029704 3.946491 7.354776  
 11 12 17  10.882624 3.520487 -1.827743 0.029704 3.027504 5.684119 -10.882624 -3.520487 1.827743 -0.029704 3.657649 7.192413  
 12 13 18  8.460292 3.345160 -1.820663 0.029704 3.037993 5.411791 -8.460292 -3.345160 1.820663 -0.029704 3.621264 6.823466  
 13 5 6  0.000000 1.928860 0.000000 0.472720 -0.000000 5.846195 0.000000 -1.928860 -0.000000 -0.472720 -0.000000 5.912138  
 14 6 7  0.000000 -4.998308 0.000000 -0.456653 -0.000000 -15.531444 0.000000 4.998308 -0.000000 0.456653 -0.000000 -14.938239  
 15 7 8  0.000000 1.912710 -0.000000 1.029724 0.000000 5.862911 0.000000 -1.912710 0.000000 -1.029724 0.000000 5.796968  
 16 8 5  0.000000 -4.982157 -0.000000 -0.559150 0.000000 -14.889012 0.000000 4.982157 0.000000 0.559150 0.000000 -15.482217  
 17 10 11  0.000000 1.978269 -0.000000 0.301315 0.000000 6.003612 0.000000 -1.978269 0.000000 -0.301315 0.000000 6.055913  
 18 11 12  0.000000 -4.207811 -0.000000 -0.284577 0.000000 -12.974585 0.000000 4.207811 0.000000 0.284577 0.000000 -12.676232  
 19 12 13  0.000000 1.950206 0.000000 0.776237 -0.000000 5.970379 0.000000 -1.950206 -0.000000 -0.776237 -0.000000 5.918078  
 20 13 10  0.000000 -4.179749 0.000000 -0.388508 -0.000000 -12.590698 0.000000 4.179749 -0.000000 0.388508 -0.000000 -12.889051  
 21 15 16  0.000000 1.257979 0.000000 0.120363 -0.000000 3.819006 0.000000 -1.257979 -0.000000 -0.120363 -0.000000 3.849631  
 22 16 17  0.000000 -2.344146 0.000000 -0.096859 -0.000000 -7.234413 0.000000 2.344146 -0.000000 0.096859 -0.000000 -7.055501  
 23 17 18  0.000000 1.226770 -0.000000 0.136912 0.000000 3.754509 0.000000 -1.226770 0.000000 -0.136912 0.000000 3.723883  
 24 18 15  0.000000 -2.312938 -0.000000 -0.102619 0.000000 -6.960379 0.000000 2.312938 0.000000 0.102619 0.000000 -7.139291  
 118 118 128  14.330337 3.374885 -1.401785 0.257349 2.122877 4.706911 -14.330337 -3.374885 1.401785 -0.257349 -1.610160 -3.472513  
 128 128 138  14.330337 3.374885 -1.401785 0.257349 1.610160 3.472513 -14.330337 -3.374885 1.401785 -0.257349 -1.097443 -2.238115  
 138 138 148  14.330337 3.374885 -1.401785 0.257349 1.097443 2.238115 -14.330337 -3.374885 1.401785 -0.257349 -0.584726 -1.003717  
 148 148 158  14.330337 3.374885 -1.401785 0.257349 0.584726 1.003717 -14.330337 -3.374885 1.401785 -0.257349 -0.072009 0.230680  
 158 158 168  14.330337 3.374885 -1.401785 0.257349 0.072009 -0.230680 -14.330337 -3.374885 1.401785 -0.257349 0.440708 1.465078  
 168 168 178  14.330337 3.374885 -1.401785 0.257349 -0.440708 -1.465078 -14.330337 -3.374885 1.401785 -0.257349 0.953425 2.699476  
 178 178 188  14.330337 3.374885 -1.401785 0.257349 -0.953425 -2.699476 -14.330337 -3.374885 1.401785 -0.257349 1.466143 3.933874  
 188 188 198  14.330337 3.374885 -1.401785 0.257349 -1.466143 -3.933874 -14.330337 -3.374885 1.401785 -0.257349 1.978860 5.168272  
 198 198 13  14.330337 3.374885 -1.401785 0.257349 -1.978860 -5.168272 -14.330337 -3.374885 1.401785 -0.257349 2.491577 6.402670  
