 1 1 5  37.037229 0.198530 -0.158301 -0.000086 0.262369 0.530293 -37.037229 -0.198530 0.158301 0.000086 0.316633 0.195851  
 2 2 6  36.191618 0.198982 -0.157994 -0.000086 0.261390 0.531308 -36.191618 -0.198982 0.157994 0.000086 0.316490 0.196489  
 3 3 7  34.962707 0.199338 -0.157479 -0.000086 0.260227 0.532362 -34.962707 -0.199338 0.157479 0.000086 0.315768 0.196735  
 4 4 8  35.808446 0.198955 -0.157869 -0.000086 0.261360 0.531488 -35.808446 -0.198955 0.157869 0.000086 0.316062 0.196208  
 5 5 10  24.797819 0.222692 0.146746 -0.000029 -0.411156 0.438311 -24.797819 -0.222692 -0.146746 0.000029 -0.125582 0.376207  
 6 6 11  24.014551 0.222850 0.146732 -0.000029 -0.411097 0.438608 -24.014551 -0.222850 -0.146732 0.000029 -0.125591 0.376487  
 7 7 12  23.202134 0.222826 0.146908 -0.000029 -0.411396 0.438455 -23.202134 -0.222826 -0.146908 0.000029 -0.125934 0.376555  
 8 8 118  23.985496 0.222685 0.146907 -0.000029 -0.411449 0.438187 -23.985496 -0.222685 -0.146907 0.000029 0.357716 -0.356737  
 9 10 15  12.344008 0.235563 0.291975 -0.000007 -0.513448 0.367619 -12.344008 -0.235563 -0.291975 0.000007 -0.554481 0.493977  
 10 11 16  11.980159 0.235609 0.291980 -0.000007 -0.513443 0.367695 -11.980159 -0.235609 -0.291980 0.000007 -0.554503 0.494069  
 11 12 17  11.655969 0.235599 0.292030 -0.000007 -0.513526 0.367645 -11.655969 -0.235599 -0.292030 0.000007 -0.554603 0.494081  
 12 13 18  12.019864 0.235556 0.292023 -0.000007 -0.513527 0.367574 -12.019864 -0.235556 -0.292023 0.000007 -0.554577 0.493995  
 13 5 6  0.000000 -0.031176 -0.000000 0.000455 0.000000 -0.094942 0.000000 0.031176 0.000000 -0.000455 0.000000 -0.095105  
 14 6 7  0.000000 -0.208243 -0.000000 -0.000498 0.000000 -0.634642 0.000000 0.208243 0.000000 0.000498 0.000000 -0.634805  
 15 7 8  0.000000 -0.031184 0.000000 0.000385 -0.000000 -0.095131 0.000000 0.031184 -0.000000 -0.000385 -0.000000 -0.094968  
 16 8 5  0.000000 -0.208234 0.000000 -0.000419 -0.000000 -0.634780 0.000000 0.208234 -0.000000 0.000419 -0.000000 -0.634616  
 17 10 11  0.000000 -0.209716 -0.000000 0.000160 0.000000 -0.639199 0.000000 0.209716 0.000000 -0.000160 0.000000 -0.639229  
 18 11 12  0.000000 -0.244108 -0.000000 -0.000195 0.000000 -0.744022 0.000000 0.244108 0.000000 0.000195 0.000000 -0.744058  
 19 12 13  0.000000 -0.209728 0.000000 0.000142 -0.000000 -0.639265 0.000000 0.209728 -0.000000 -0.000142 -0.000000 -0.639235  
 20 13 10  0.000000 -0.244096 0.000000 -0.000170 -0.000000 -0.744022 0.000000 0.244096 -0.000000 0.000170 -0.000000 -0.743986  
 21 15 16  0.000000 -0.181930 0.000000 0.000028 -0.000000 -0.554511 0.000000 0.181930 -0.000000 -0.000028 -0.000000 -0.554535  
 22 16 17  0.000000 -0.162089 -0.000000 -0.000032 0.000000 -0.494041 0.000000 0.162089 0.000000 0.000032 0.000000 -0.494056  
 23 17 18  0.000000 -0.181942 -0.000000 0.000025 0.000000 -0.554571 0.000000 0.181942 0.000000 -0.000025 0.000000 -0.554546  
 24 18 15  0.000000 -0.162078 0.000000 -0.000030 -0.000000 -0.494020 0.000000 0.162078 -0.000000 0.000030 -0.000000 -0.494005  
 118 118 128  23.985496 0.222685 0.146907 -0.000029 -0.357716 0.356737 -23.985496 -0.222685 -0.146907 0.000029 0.303983 -0.275288  
 128 128 138  23.985496 0.222685 0.146907 -0.000029 -0.303983 0.275288 -23.985496 -0.222685 -0.146907 0.000029 0.250251 -0.193839  
 138 138 148  23.985496 0.222685 0.146907 -0.000029 -0.250251 0.193839 -23.985496 -0.222685 -0.146907 0.000029 0.196518 -0.112390  
 148 148 158  23.985496 0.222685 0.146907 -0.000029 -0.196518 0.112390 -23.985496 -0.222685 -0.146907 0.000029 0.142785 -0.030941  
 158 158 168  23.985496 0.222685 0.146907 -0.000029 -0.142785 0.030941 -23.985496 -0.222685 -0.146907 0.000029 0.089053 0.050509  
 168 168 178  23.985496 0.222685 0.146907 -0.000029 -0.089053 -0.050509 -23.985496 -0.222685 -0.146907 0.000029 0.035320 0.131958  
 178 178 188  23.985496 0.222685 0.146907 -0.000029 -0.035320 -0.131958 -23.985496 -0.222685 -0.146907 0.000029 -0.018413 0.213407  
 188 188 198  23.985496 0.222685 0.146907 -0.000029 0.018413 -0.213407 -23.985496 -0.222685 -0.146907 0.000029 -0.072145 0.294856  
 198 198 13  23.985496 0.222685 0.146907 -0.000029 0.072145 -0.294856 -23.985496 -0.222685 -0.146907 0.000029 -0.125878 0.376306  
