 1 1 5  25.623956 1.455625 -6.718505 0.009563 15.012057 3.257733 -25.623956 -1.455625 6.718505 -0.009563 9.561548 2.066359  
 2 2 6  50.924307 1.709130 -7.552889 0.009563 17.450977 3.766844 -50.924307 -1.709130 7.552889 -0.009563 10.174470 2.484469  
 3 3 7  46.288549 1.695479 -7.350700 0.009563 16.998037 3.723678 -46.288549 -1.695479 7.350700 -0.009563 9.887885 2.477705  
 4 4 8  21.163188 1.433435 -6.417696 0.009563 14.351265 3.193294 -21.163188 -1.433435 6.417696 -0.009563 9.122101 2.049639  
 5 5 10  18.323319 0.822877 -5.075533 -0.347719 8.756143 1.297253 -18.323319 -0.822877 5.075533 0.347719 9.808127 1.712501  
 6 6 11  31.830753 0.940054 -5.029983 -0.347719 8.393209 1.473026 -31.830753 -0.940054 5.029983 0.347719 10.004458 1.965317  
 7 7 12  29.604093 0.958315 -4.924704 -0.347719 8.202344 1.514324 -29.604093 -0.958315 4.924704 0.347719 9.810255 1.990809  
 8 8 118  16.241835 0.779693 -4.428690 -0.347719 7.701052 1.232212 -16.241835 -0.779693 4.428690 0.347719 -6.081214 -0.947031  
 9 10 15  10.123171 0.380863 -3.042441 -0.012239 4.540045 0.484867 -10.123171 -0.380863 3.042441 0.012239 6.587989 0.908176  
 10 11 16  14.499549 0.411797 -2.982009 -0.012239 4.180048 0.518099 -14.499549 -0.411797 2.982009 0.012239 6.726950 0.988088  
 11 12 17  13.840303 0.418757 -2.943362 -0.012239 4.123028 0.540790 -13.840303 -0.418757 2.943362 0.012239 6.642612 0.990856  
 12 13 18  9.536978 0.386080 -3.001417 -0.012239 4.479798 0.503149 -9.536978 -0.386080 3.001417 0.012239 6.498185 0.908978  
 13 5 6  0.000000 5.892732 0.000000 0.285582 -0.000000 17.581781 0.000000 -5.892732 -0.000000 -0.285582 -0.000000 18.340313  
 14 6 7  0.000000 -1.200822 -0.000000 -0.227365 0.000000 -3.671912 0.000000 1.200822 0.000000 0.227365 0.000000 -3.648299  
 15 7 8  0.000000 5.885278 -0.000000 0.343730 0.000000 18.317595 0.000000 -5.885278 0.000000 -0.343730 0.000000 17.559063  
 16 8 5  0.000000 -1.193369 0.000000 -0.735910 -0.000000 -3.625581 0.000000 1.193369 -0.000000 0.735910 -0.000000 -3.649194  
 17 10 11  0.000000 4.556512 0.000000 0.115545 -0.000000 13.690126 0.000000 -4.556512 -0.000000 -0.115545 -0.000000 14.086373  
 18 11 12  0.000000 -0.774692 -0.000000 -0.098133 0.000000 -2.367871 0.000000 0.774692 0.000000 0.098133 0.000000 -2.354649  
 19 12 13  0.000000 4.538481 -0.000000 0.176949 0.000000 14.031415 0.000000 -4.538481 0.000000 -0.176949 0.000000 13.635168  
 20 13 10  0.000000 -0.756661 0.000000 -0.658045 -0.000000 -2.299691 0.000000 0.756661 -0.000000 0.658045 -0.000000 -2.312913  
 21 15 16  0.000000 2.179058 0.000000 0.012123 -0.000000 6.570921 0.000000 -2.179058 -0.000000 -0.012123 -0.000000 6.712614  
 22 16 17  0.000000 -0.320491 0.000000 -0.014336 -0.000000 -0.975965 0.000000 0.320491 -0.000000 0.014336 -0.000000 -0.977750  
 23 17 18  0.000000 2.160794 -0.000000 0.013106 0.000000 6.656948 0.000000 -2.160794 0.000000 -0.013106 0.000000 6.515254  
 24 18 15  0.000000 -0.302228 -0.000000 -0.017069 0.000000 -0.922083 0.000000 0.302228 0.000000 0.017069 0.000000 -0.920299  
 118 118 128  16.241835 0.779693 -4.428690 -0.347719 6.081214 0.947031 -16.241835 -0.779693 4.428690 0.347719 -4.461377 -0.661851  
 128 128 138  16.241835 0.779693 -4.428690 -0.347719 4.461377 0.661851 -16.241835 -0.779693 4.428690 0.347719 -2.841539 -0.376670  
 138 138 148  16.241835 0.779693 -4.428690 -0.347719 2.841539 0.376670 -16.241835 -0.779693 4.428690 0.347719 -1.221701 -0.091490  
 148 148 158  16.241835 0.779693 -4.428690 -0.347719 1.221701 0.091490 -16.241835 -0.779693 4.428690 0.347719 0.398136 0.193691  
 158 158 168  16.241835 0.779693 -4.428690 -0.347719 -0.398136 -0.193691 -16.241835 -0.779693 4.428690 0.347719 2.017974 0.478871  
 168 168 178  16.241835 0.779693 -4.428690 -0.347719 -2.017974 -0.478871 -16.241835 -0.779693 4.428690 0.347719 3.637812 0.764051  
 178 178 188  16.241835 0.779693 -4.428690 -0.347719 -3.637812 -0.764051 -16.241835 -0.779693 4.428690 0.347719 5.257649 1.049232  
 188 188 198  16.241835 0.779693 -4.428690 -0.347719 -5.257649 -1.049232 -16.241835 -0.779693 4.428690 0.347719 6.877487 1.334412  
 198 198 13  16.241835 0.779693 -4.428690 -0.347719 -6.877487 -1.334412 -16.241835 -0.779693 4.428690 0.347719 8.497325 1.619593  
