 1 1 5  38.032209 1.057935 0.367063 0.000285 -1.055502 2.382332 -38.032209 -1.057935 -0.367063 -0.000285 -0.287069 1.487172  
 2 2 6  35.204860 1.059112 0.368229 0.000285 -1.058926 2.385165 -35.204860 -1.059112 -0.368229 -0.000285 -0.287909 1.488641  
 3 3 7  33.967634 1.059812 0.369193 0.000285 -1.061318 2.387437 -33.967634 -1.059812 -0.369193 -0.000285 -0.289041 1.488931  
 4 4 8  36.795297 1.058609 0.368105 0.000285 -1.057996 2.384588 -36.795297 -1.058609 -0.368105 -0.000285 -0.288384 1.487381  
 5 5 10  24.987032 0.318869 0.594198 -0.000066 -1.170469 0.238420 -24.987032 -0.318869 -0.594198 0.000066 -1.002870 0.927877  
 6 6 11  23.116908 0.319350 0.594188 -0.000066 -1.170171 0.239202 -23.116908 -0.319350 -0.594188 0.000066 -1.003133 0.928851  
 7 7 12  23.012853 0.319420 0.594719 -0.000066 -1.171076 0.239303 -23.012853 -0.319420 -0.594719 0.000066 -1.004167 0.929007  
 8 8 118  24.883208 0.318932 0.594723 -0.000066 -1.171377 0.238508 -24.883208 -0.318932 -0.594723 0.000066 0.953851 -0.121856  
 9 10 15  12.283853 -0.210569 0.504878 -0.000009 -0.754548 -0.543109 -12.283853 0.210569 -0.504878 0.000009 -1.092093 -0.227070  
 10 11 16  11.567234 -0.210485 0.504839 -0.000009 -0.754380 -0.543004 -11.567234 0.210485 -0.504839 0.000009 -1.092121 -0.226867  
 11 12 17  11.716090 -0.210492 0.504931 -0.000009 -0.754489 -0.543073 -11.716090 0.210492 -0.504931 0.000009 -1.092347 -0.226822  
 12 13 18  12.432823 -0.210573 0.504963 -0.000009 -0.754656 -0.543176 -12.432823 0.210573 -0.504963 0.000009 -1.092296 -0.227015  
 13 5 6  0.000000 -0.478623 -0.000000 0.001094 0.000000 -1.458617 0.000000 0.478623 0.000000 -0.001094 0.000000 -1.459066  
 14 6 7  0.000000 -0.566575 0.000000 -0.000987 -0.000000 -1.726750 0.000000 0.566575 -0.000000 0.000987 -0.000000 -1.727093  
 15 7 8  0.000000 -0.478644 0.000000 0.001140 -0.000000 -1.459130 0.000000 0.478644 -0.000000 -0.001140 -0.000000 -1.458681  
 16 8 5  0.000000 -0.566554 -0.000000 -0.001080 0.000000 -1.727029 0.000000 0.566554 0.000000 0.001080 0.000000 -1.726686  
 17 10 11  0.000000 -0.576767 0.000000 0.000495 -0.000000 -1.757933 0.000000 0.576767 -0.000000 -0.000495 -0.000000 -1.758040  
 18 11 12  0.000000 -0.126441 0.000000 -0.000528 -0.000000 -0.385352 0.000000 0.126441 -0.000000 0.000528 -0.000000 -0.385431  
 19 12 13  0.000000 -0.576796 -0.000000 0.000503 0.000000 -1.758128 0.000000 0.576796 0.000000 -0.000503 0.000000 -1.758021  
 20 13 10  0.000000 -0.126412 -0.000000 -0.000515 0.000000 -0.385343 0.000000 0.126412 0.000000 0.000515 0.000000 -0.385264  
 21 15 16  0.000000 -0.358324 0.000000 0.000058 -0.000000 -1.092151 0.000000 0.358324 -0.000000 -0.000058 -0.000000 -1.092190  
 22 16 17  0.000000 0.074442 -0.000000 -0.000069 0.000000 0.226925 0.000000 -0.074442 0.000000 0.000069 0.000000 0.226875  
 23 17 18  0.000000 -0.358352 -0.000000 0.000053 0.000000 -1.092278 0.000000 0.358352 0.000000 -0.000053 0.000000 -1.092238  
 24 18 15  0.000000 0.074471 0.000000 -0.000058 -0.000000 0.226962 0.000000 -0.074471 -0.000000 0.000058 -0.000000 0.227012  
 118 118 128  24.883208 0.318932 0.594723 -0.000066 -0.953851 0.121856 -24.883208 -0.318932 -0.594723 0.000066 0.736325 -0.005203  
 128 128 138  24.883208 0.318932 0.594723 -0.000066 -0.736325 0.005203 -24.883208 -0.318932 -0.594723 0.000066 0.518800 0.111449  
 138 138 148  24.883208 0.318932 0.594723 -0.000066 -0.518800 -0.111449 -24.883208 -0.318932 -0.594723 0.000066 0.301274 0.228102  
 148 148 158  24.883208 0.318932 0.594723 -0.000066 -0.301274 -0.228102 -24.883208 -0.318932 -0.594723 0.000066 0.083748 0.344754  
 158 158 168  24.883208 0.318932 0.594723 -0.000066 -0.083748 -0.344754 -24.883208 -0.318932 -0.594723 0.000066 -0.133778 0.461407  
 168 168 178  24.883208 0.318932 0.594723 -0.000066 0.133778 -0.461407 -24.883208 -0.318932 -0.594723 0.000066 -0.351304 0.578059  
 178 178 188  24.883208 0.318932 0.594723 -0.000066 0.351304 -0.578059 -24.883208 -0.318932 -0.594723 0.000066 -0.568829 0.694711  
 188 188 198  24.883208 0.318932 0.594723 -0.000066 0.568829 -0.694711 -24.883208 -0.318932 -0.594723 0.000066 -0.786355 0.811364  
 198 198 13  24.883208 0.318932 0.594723 -0.000066 0.786355 -0.811364 -24.883208 -0.318932 -0.594723 0.000066 -1.003881 0.928016  
