 1 1 5  40.561497 5.627978 -3.033559 0.181496 6.953648 13.505141 -40.561497 -5.627978 3.033559 -0.181496 4.141896 7.079751  
 2 2 6  53.629573 6.040094 -3.092991 0.181496 7.228732 14.493045 -53.629573 -6.040094 3.092991 -0.181496 4.084193 7.599202  
 3 3 7  31.244233 5.664009 -2.692031 0.181496 6.370259 13.065741 -31.244233 -5.664009 2.692031 -0.181496 3.476116 7.650937  
 4 4 8  18.564697 4.941803 -2.538373 0.181496 5.929597 11.489658 -18.564697 -4.941803 2.538373 -0.181496 3.354758 6.585482  
 5 5 10  25.903602 5.386298 -2.761745 0.546243 4.937717 9.110463 -25.903602 -5.386298 2.761745 -0.546243 5.163640 10.590462  
 6 6 11  33.456348 5.754109 -2.711225 0.546243 4.846096 9.777125 -33.456348 -5.754109 2.711225 -0.546243 5.070480 11.269105  
 7 7 12  21.940612 5.765423 -2.468944 0.546243 4.402019 10.000054 -21.940612 -5.765423 2.468944 -0.546243 4.628392 11.087558  
 8 8 118  14.699438 4.715414 -2.303051 0.546243 4.144060 8.223493 -14.699438 -4.715414 2.303051 -0.546243 -3.301696 -6.498783  
 9 10 15  12.264504 1.742997 -1.847274 -0.068773 2.843503 1.775191 -12.264504 -1.742997 1.847274 0.068773 3.913085 4.599996  
 10 11 16  14.837566 1.836304 -1.848147 -0.068773 2.818401 1.858943 -14.837566 -1.836304 1.848147 0.068773 3.941380 4.857521  
 11 12 17  11.656908 1.995766 -1.700956 -0.068773 2.527457 2.431280 -11.656908 -1.995766 1.700956 0.068773 3.693961 4.868435  
 12 13 18  9.241021 1.883246 -1.698379 -0.068773 2.554101 2.303893 -9.241021 -1.883246 1.698379 0.068773 3.657888 4.584268  
 13 5 6  0.000000 2.748044 -0.000000 0.563732 0.000000 8.318540 0.000000 -2.748044 0.000000 -0.563732 0.000000 8.433536  
 14 6 7  0.000000 -5.425181 -0.000000 -0.496752 0.000000 -16.812596 0.000000 5.425181 0.000000 0.496752 0.000000 -16.259308  
 15 7 8  0.000000 2.728802 0.000000 1.391683 -0.000000 8.374886 0.000000 -2.728802 -0.000000 -1.391683 -0.000000 8.259890  
 16 8 5  0.000000 -5.405939 0.000000 -0.761073 -0.000000 -16.200658 0.000000 5.405939 -0.000000 0.761073 -0.000000 -16.753946  
 17 10 11  0.000000 2.470543 0.000000 0.322373 -0.000000 7.479237 0.000000 -2.470543 -0.000000 -0.322373 -0.000000 7.581190  
 18 11 12  0.000000 -4.148240 0.000000 -0.307690 -0.000000 -12.805676 0.000000 4.148240 -0.000000 0.307690 -0.000000 -12.481993  
 19 12 13  0.000000 2.431943 -0.000000 1.036845 0.000000 7.463540 0.000000 -2.431943 0.000000 -1.036845 0.000000 7.361586  
 20 13 10  0.000000 -4.109640 -0.000000 -0.527906 0.000000 -12.364343 0.000000 4.109640 0.000000 0.527906 0.000000 -12.688025  
 21 15 16  0.000000 1.266884 0.000000 0.068879 -0.000000 3.845370 0.000000 -1.266884 -0.000000 -0.068879 -0.000000 3.877554  
 22 16 17  0.000000 -1.570682 -0.000000 -0.063826 0.000000 -4.788642 0.000000 1.570682 0.000000 0.063826 0.000000 -4.786235  
 23 17 18  0.000000 1.227590 -0.000000 0.082200 0.000000 3.757787 0.000000 -1.227590 0.000000 -0.082200 0.000000 3.725603  
 24 18 15  0.000000 -1.531388 0.000000 -0.067715 -0.000000 -4.666468 0.000000 1.531388 -0.000000 0.067715 -0.000000 -4.668875  
 118 118 128  14.699438 4.715414 -2.303051 0.546243 3.301696 6.498783 -14.699438 -4.715414 2.303051 -0.546243 -2.459332 -4.774073  
 128 128 138  14.699438 4.715414 -2.303051 0.546243 2.459332 4.774073 -14.699438 -4.715414 2.303051 -0.546243 -1.616968 -3.049363  
 138 138 148  14.699438 4.715414 -2.303051 0.546243 1.616968 3.049363 -14.699438 -4.715414 2.303051 -0.546243 -0.774604 -1.324654  
 148 148 158  14.699438 4.715414 -2.303051 0.546243 0.774604 1.324654 -14.699438 -4.715414 2.303051 -0.546243 0.067760 0.400056  
 158 158 168  14.699438 4.715414 -2.303051 0.546243 -0.067760 -0.400056 -14.699438 -4.715414 2.303051 -0.546243 0.910124 2.124766  
 168 168 178  14.699438 4.715414 -2.303051 0.546243 -0.910124 -2.124766 -14.699438 -4.715414 2.303051 -0.546243 1.752488 3.849476  
 178 178 188  14.699438 4.715414 -2.303051 0.546243 -1.752488 -3.849476 -14.699438 -4.715414 2.303051 -0.546243 2.594852 5.574185  
 188 188 198  14.699438 4.715414 -2.303051 0.546243 -2.594852 -5.574185 -14.699438 -4.715414 2.303051 -0.546243 3.437216 7.298895  
 198 198 13  14.699438 4.715414 -2.303051 0.546243 -3.437216 -7.298895 -14.699438 -4.715414 2.303051 -0.546243 4.279579 9.023605  
