 1 1 5  46.417849 1.775752 1.923285 -0.002331 -4.822867 5.105824 -46.417849 -1.775752 -1.923285 0.002331 -2.211739 1.389167  
 2 2 6  36.451379 1.630642 1.920046 -0.002331 -4.757868 4.735648 -36.451379 -1.630642 -1.920046 0.002331 -2.264891 1.228589  
 3 3 7  25.589422 1.647154 1.737230 -0.002331 -4.289763 4.583747 -25.589422 -1.647154 -1.737230 0.002331 -2.064329 1.440885  
 4 4 8  35.541351 1.835303 1.775904 -0.002331 -4.443984 5.066295 -35.541351 -1.835303 -1.775904 0.002331 -2.051561 1.646510  
 5 5 10  30.221414 3.494974 1.826896 -0.011039 -3.506366 6.301727 -30.221414 -3.494974 -1.826896 0.011039 -3.175688 6.481490  
 6 6 11  23.832977 3.244365 1.789518 -0.011039 -3.405685 5.853209 -23.832977 -3.244365 -1.789518 0.011039 -3.139655 6.013380  
 7 7 12  17.781821 3.139600 1.649783 -0.011039 -3.141186 5.660396 -17.781821 -3.139600 -1.649783 0.011039 -2.893060 5.823006  
 8 8 118  24.163788 3.236527 1.633582 -0.011039 -3.141329 5.830762 -24.163788 -3.236527 -1.633582 0.011039 2.543830 -4.646970  
 9 10 15  14.015960 0.849678 1.889699 0.043523 -3.088458 0.630543 -14.015960 -0.849678 -1.889699 -0.043523 -3.823306 2.477241  
 10 11 16  11.568944 0.806006 1.861392 0.043523 -3.037081 0.608256 -11.568944 -0.806006 -1.861392 -0.043523 -3.771147 2.339791  
 11 12 17  9.986386 0.866345 1.780608 0.043523 -2.893210 0.824604 -9.986386 -0.866345 -1.780608 -0.043523 -3.619542 2.344140  
 12 13 18  12.428709 0.918077 1.817964 0.043523 -2.960677 0.857549 -12.428709 -0.918077 -1.817964 -0.043523 -3.688708 2.500408  
 13 5 6  0.000000 -1.788007 -0.000000 -0.301473 0.000000 -5.458573 0.000000 1.788007 0.000000 0.301473 0.000000 -5.441120  
 14 6 7  0.000000 -2.406409 -0.000000 0.229456 0.000000 -7.383271 0.000000 2.406409 0.000000 -0.229456 0.000000 -7.286201  
 15 7 8  0.000000 -1.785990 0.000000 -0.184920 -0.000000 -5.434970 0.000000 1.785990 -0.000000 0.184920 -0.000000 -5.452423  
 16 8 5  0.000000 -2.408427 0.000000 0.259532 -0.000000 -7.292351 0.000000 2.408427 -0.000000 -0.259532 -0.000000 -7.389421  
 17 10 11  0.000000 -1.970489 0.000000 -0.244521 -0.000000 -6.029920 0.000000 1.970489 -0.000000 0.244521 -0.000000 -5.982180  
 18 11 12  0.000000 -2.234521 -0.000000 0.194556 0.000000 -6.866157 0.000000 2.234521 0.000000 -0.194556 0.000000 -6.755482  
 19 12 13  0.000000 -1.970044 -0.000000 -0.107872 0.000000 -5.980825 0.000000 1.970044 0.000000 0.107872 0.000000 -6.028566  
 20 13 10  0.000000 -2.234965 0.000000 0.234226 -0.000000 -6.756836 0.000000 2.234965 -0.000000 -0.234226 -0.000000 -6.867511  
 21 15 16  0.000000 -1.222921 0.000000 -0.066937 -0.000000 -3.757795 0.000000 1.222921 -0.000000 0.066937 -0.000000 -3.697133  
 22 16 17  0.000000 -0.791866 0.000000 0.074014 -0.000000 -2.406728 0.000000 0.791866 -0.000000 -0.074014 -0.000000 -2.420486  
 23 17 18  0.000000 -1.221748 -0.000000 -0.076346 0.000000 -3.693556 0.000000 1.221748 0.000000 0.076346 0.000000 -3.754219  
 24 18 15  0.000000 -0.793039 -0.000000 0.065511 0.000000 -2.424062 0.000000 0.793039 0.000000 -0.065511 0.000000 -2.410304  
 118 118 128  24.163788 3.236527 1.633582 -0.011039 -2.543830 4.646970 -24.163788 -3.236527 -1.633582 0.011039 1.946331 -3.463177  
 128 128 138  24.163788 3.236527 1.633582 -0.011039 -1.946331 3.463177 -24.163788 -3.236527 -1.633582 0.011039 1.348832 -2.279385  
 138 138 148  24.163788 3.236527 1.633582 -0.011039 -1.348832 2.279385 -24.163788 -3.236527 -1.633582 0.011039 0.751333 -1.095593  
 148 148 158  24.163788 3.236527 1.633582 -0.011039 -0.751333 1.095593 -24.163788 -3.236527 -1.633582 0.011039 0.153834 0.088199  
 158 158 168  24.163788 3.236527 1.633582 -0.011039 -0.153834 -0.088199 -24.163788 -3.236527 -1.633582 0.011039 -0.443665 1.271991  
 168 168 178  24.163788 3.236527 1.633582 -0.011039 0.443665 -1.271991 -24.163788 -3.236527 -1.633582 0.011039 -1.041165 2.455783  
 178 178 188  24.163788 3.236527 1.633582 -0.011039 1.041165 -2.455783 -24.163788 -3.236527 -1.633582 0.011039 -1.638664 3.639575  
 188 188 198  24.163788 3.236527 1.633582 -0.011039 1.638664 -3.639575 -24.163788 -3.236527 -1.633582 0.011039 -2.236163 4.823367  
 198 198 13  24.163788 3.236527 1.633582 -0.011039 2.236163 -4.823367 -24.163788 -3.236527 -1.633582 0.011039 -2.833662 6.007159  
