 1 1 5  39.290609 0.538521 0.401189 -0.000053 -1.190655 1.441114 -39.290609 -0.538521 -0.401189 0.000053 -0.276736 0.528580  
 2 2 6  35.686145 0.539071 0.401545 -0.000053 -1.191905 1.442365 -35.686145 -0.539071 -0.401545 0.000053 -0.276787 0.529340  
 3 3 7  32.709387 0.539453 0.402130 -0.000053 -1.193239 1.443462 -32.709387 -0.539453 -0.402130 0.000053 -0.277591 0.529641  
 4 4 8  36.313859 0.538956 0.401720 -0.000053 -1.191898 1.442328 -36.313859 -0.538956 -0.401720 0.000053 -0.277434 0.528958  
 5 5 10  26.153921 0.647100 0.712163 0.000026 -1.452229 1.205829 -26.153921 -0.647100 -0.712163 -0.000026 -1.152579 1.161005  
 6 6 11  23.684348 0.647299 0.713043 0.000026 -1.453116 1.206203 -23.684348 -0.647299 -0.713043 -0.000026 -1.154908 1.161359  
 7 7 12  21.846097 0.647261 0.712662 0.000026 -1.452003 1.205309 -21.846097 -0.647261 -0.712662 -0.000026 -1.154628 1.162114  
 8 8 118  24.315634 0.647630 0.712340 0.000026 -1.452530 1.206343 -24.315634 -0.647630 -0.712340 -0.000026 1.191985 -0.969466  
 9 10 15  12.817614 0.452642 0.717396 -0.002564 -1.128241 0.640309 -12.817614 -0.452642 -0.717396 0.002564 -1.495705 1.015274  
 10 11 16  11.842025 0.445170 0.715778 -0.002564 -1.126236 0.630190 -11.842025 -0.445170 -0.715778 0.002564 -1.491793 0.998064  
 11 12 17  11.182417 0.443704 0.709175 -0.002564 -1.117195 0.628304 -11.182417 -0.443704 -0.709175 0.002564 -1.476684 0.994588  
 12 13 18  12.157944 0.451786 0.711809 -0.002564 -1.120693 0.639222 -12.157944 -0.451786 -0.711809 0.002564 -1.482820 1.013232  
 13 5 6  0.000000 -0.567451 0.000000 0.000551 -0.000000 -1.729448 0.000000 0.567451 -0.000000 -0.000551 -0.000000 -1.729732  
 14 6 7  0.000000 -0.569248 0.000000 0.000171 -0.000000 -1.734992 0.000000 0.569248 -0.000000 -0.000171 -0.000000 -1.735142  
 15 7 8  0.000000 -0.567462 -0.000000 -0.000192 0.000000 -1.729765 0.000000 0.567462 0.000000 0.000192 0.000000 -1.729481  
 16 8 5  0.000000 -0.569237 -0.000000 -0.000484 0.000000 -1.735109 0.000000 0.569237 0.000000 0.000484 0.000000 -1.734960  
 17 10 11  0.000000 -0.746995 0.000000 -0.004893 -0.000000 -2.277209 0.000000 0.746995 -0.000000 0.004893 -0.000000 -2.276474  
 18 11 12  0.000000 -0.589319 0.000000 0.004671 -0.000000 -1.796441 0.000000 0.589319 -0.000000 -0.004671 -0.000000 -1.796045  
 19 12 13  0.000000 -0.747002 -0.000000 -0.005627 0.000000 -2.276494 0.000000 0.747002 0.000000 0.005627 0.000000 -2.277229  
 20 13 10  0.000000 -0.589312 -0.000000 0.003611 0.000000 -1.796024 0.000000 0.589312 0.000000 -0.003611 0.000000 -1.796421  
 21 15 16  0.000000 -0.487787 -0.000000 -0.008581 0.000000 -1.489286 0.000000 0.487787 0.000000 0.008581 0.000000 -1.484262  
 22 16 17  0.000000 -0.329812 0.000000 0.007531 -0.000000 -1.006646 0.000000 0.329812 -0.000000 -0.007531 -0.000000 -1.003886  
 23 17 18  0.000000 -0.487771 0.000000 -0.009298 -0.000000 -1.484215 0.000000 0.487771 -0.000000 0.009298 -0.000000 -1.489239  
 24 18 15  0.000000 -0.329827 -0.000000 0.006419 0.000000 -1.003933 0.000000 0.329827 0.000000 -0.006419 0.000000 -1.006693  
 118 118 128  24.315634 0.647630 0.712340 0.000026 -1.191985 0.969466 -24.315634 -0.647630 -0.712340 -0.000026 0.931439 -0.732589  
 128 128 138  24.315634 0.647630 0.712340 0.000026 -0.931439 0.732589 -24.315634 -0.647630 -0.712340 -0.000026 0.670894 -0.495711  
 138 138 148  24.315634 0.647630 0.712340 0.000026 -0.670894 0.495711 -24.315634 -0.647630 -0.712340 -0.000026 0.410348 -0.258834  
 148 148 158  24.315634 0.647630 0.712340 0.000026 -0.410348 0.258834 -24.315634 -0.647630 -0.712340 -0.000026 0.149803 -0.021957  
 158 158 168  24.315634 0.647630 0.712340 0.000026 -0.149803 0.021957 -24.315634 -0.647630 -0.712340 -0.000026 -0.110743 0.214920  
 168 168 178  24.315634 0.647630 0.712340 0.000026 0.110743 -0.214920 -24.315634 -0.647630 -0.712340 -0.000026 -0.371288 0.451797  
 178 178 188  24.315634 0.647630 0.712340 0.000026 0.371288 -0.451797 -24.315634 -0.647630 -0.712340 -0.000026 -0.631834 0.688674  
 188 188 198  24.315634 0.647630 0.712340 0.000026 0.631834 -0.688674 -24.315634 -0.647630 -0.712340 -0.000026 -0.892379 0.925552  
 198 198 13  24.315634 0.647630 0.712340 0.000026 0.892379 -0.925552 -24.315634 -0.647630 -0.712340 -0.000026 -1.152925 1.162429  
