 1 1 5  36.737848 -0.520032 1.133920 -0.000387 -2.661536 -1.269468 -36.737848 0.520032 -1.133920 0.000387 -1.485890 -0.632600  
 2 2 6  34.204438 -0.519574 1.134420 -0.000387 -2.663070 -1.268425 -34.204438 0.519574 -1.134420 0.000387 -1.486183 -0.631969  
 3 3 7  35.262102 -0.519437 1.135109 -0.000387 -2.664692 -1.267884 -35.262102 0.519437 -1.135109 0.000387 -1.487083 -0.632009  
 4 4 8  37.795613 -0.519599 1.134359 -0.000387 -2.662544 -1.268259 -37.795613 0.519599 -1.134359 0.000387 -1.486488 -0.632226  
 5 5 10  24.399798 -0.421794 0.560249 -0.000093 -0.765255 -0.589176 -24.399798 0.421794 -0.560249 0.000093 -1.283911 -0.953579  
 6 6 11  23.343860 -0.421699 0.560240 -0.000093 -0.765109 -0.588990 -23.343860 0.421699 -0.560240 0.000093 -1.284024 -0.953417  
 7 7 12  23.600167 -0.421696 0.560392 -0.000093 -0.765316 -0.589003 -23.600167 0.421696 -0.560392 0.000093 -1.284373 -0.953394  
 8 8 118  24.656175 -0.421780 0.560398 -0.000093 -0.765440 -0.589194 -24.656175 0.421780 -0.560398 0.000093 0.560469 0.434924  
 9 10 15  12.163836 0.153864 0.088891 0.000001 0.055007 0.443587 -12.163836 -0.153864 -0.088891 -0.000001 -0.380136 0.119187  
 10 11 16  11.914391 0.153881 0.088892 0.000001 0.055048 0.443611 -11.914391 -0.153881 -0.088892 -0.000001 -0.380180 0.119225  
 11 12 17  11.836147 0.153883 0.088907 0.000001 0.055039 0.443596 -11.836147 -0.153883 -0.088907 -0.000001 -0.380224 0.119247  
 12 13 18  12.085626 0.153868 0.088907 0.000001 0.054995 0.443576 -12.085626 -0.153868 -0.088907 -0.000001 -0.380182 0.119211  
 13 5 6  0.000000 -0.738740 0.000000 0.000397 -0.000000 -2.251525 0.000000 0.738740 -0.000000 -0.000397 -0.000000 -2.251833  
 14 6 7  0.000000 0.400682 -0.000000 -0.000541 0.000000 1.221356 0.000000 -0.400682 0.000000 0.000541 0.000000 1.221204  
 15 7 8  0.000000 -0.738748 -0.000000 0.000193 0.000000 -2.251857 0.000000 0.738748 0.000000 -0.000193 0.000000 -2.251549  
 16 8 5  0.000000 0.400690 0.000000 -0.000379 -0.000000 1.221228 0.000000 -0.400690 -0.000000 0.000379 -0.000000 1.221379  
 17 10 11  0.000000 -0.403251 -0.000000 0.000079 0.000000 -1.229077 0.000000 0.403251 0.000000 -0.000079 0.000000 -1.229141  
 18 11 12  0.000000 0.167280 0.000000 -0.000166 -0.000000 0.509886 0.000000 -0.167280 -0.000000 0.000166 -0.000000 0.509853  
 19 12 13  0.000000 -0.403260 0.000000 0.000055 -0.000000 -1.229168 0.000000 0.403260 -0.000000 -0.000055 -0.000000 -1.229103  
 20 13 10  0.000000 0.167289 -0.000000 -0.000173 0.000000 0.509880 0.000000 -0.167289 0.000000 0.000173 0.000000 0.509913  
 21 15 16  0.000000 -0.124727 -0.000000 0.000006 0.000000 -0.380146 0.000000 0.124727 0.000000 -0.000006 0.000000 -0.380189  
 22 16 17  0.000000 -0.039118 0.000000 -0.000009 -0.000000 -0.119220 0.000000 0.039118 -0.000000 0.000009 -0.000000 -0.119242  
 23 17 18  0.000000 -0.124735 0.000000 0.000004 -0.000000 -0.380215 0.000000 0.124735 -0.000000 -0.000004 -0.000000 -0.380172  
 24 18 15  0.000000 -0.039109 -0.000000 -0.000010 0.000000 -0.119216 0.000000 0.039109 0.000000 0.000010 0.000000 -0.119193  
 118 118 128  24.656175 -0.421780 0.560398 -0.000093 -0.560469 -0.434924 -24.656175 0.421780 -0.560398 0.000093 0.355498 0.280653  
 128 128 138  24.656175 -0.421780 0.560398 -0.000093 -0.355498 -0.280653 -24.656175 0.421780 -0.560398 0.000093 0.150527 0.126383  
 138 138 148  24.656175 -0.421780 0.560398 -0.000093 -0.150527 -0.126383 -24.656175 0.421780 -0.560398 0.000093 -0.054444 -0.027888  
 148 148 158  24.656175 -0.421780 0.560398 -0.000093 0.054444 0.027888 -24.656175 0.421780 -0.560398 0.000093 -0.259416 -0.182158  
 158 158 168  24.656175 -0.421780 0.560398 -0.000093 0.259416 0.182158 -24.656175 0.421780 -0.560398 0.000093 -0.464387 -0.336428  
 168 168 178  24.656175 -0.421780 0.560398 -0.000093 0.464387 0.336428 -24.656175 0.421780 -0.560398 0.000093 -0.669358 -0.490699  
 178 178 188  24.656175 -0.421780 0.560398 -0.000093 0.669358 0.490699 -24.656175 0.421780 -0.560398 0.000093 -0.874329 -0.644969  
 188 188 198  24.656175 -0.421780 0.560398 -0.000093 0.874329 0.644969 -24.656175 0.421780 -0.560398 0.000093 -1.079300 -0.799240  
 198 198 13  24.656175 -0.421780 0.560398 -0.000093 1.079300 0.799240 -24.656175 0.421780 -0.560398 0.000093 -1.284272 -0.953510  
