 1 1 5  34.655470 0.794029 -1.419106 0.006547 3.365930 1.787022 -34.655470 -0.794029 1.419106 -0.006547 1.824592 1.117220  
 2 2 6  38.071179 0.801024 -1.423138 0.006547 3.377305 1.804428 -38.071179 -0.801024 1.423138 -0.006547 1.827964 1.125398  
 3 3 7  37.344313 0.800696 -1.420585 0.006547 3.371156 1.803921 -37.344313 -0.800696 1.420585 -0.006547 1.824774 1.124703  
 4 4 8  33.929038 0.793536 -1.416096 0.006547 3.358658 1.786113 -33.929038 -0.793536 1.416096 -0.006547 1.820854 1.116324  
 5 5 10  23.198473 0.278054 -0.811172 -0.000363 1.160654 0.206444 -23.198473 -0.278054 0.811172 0.000363 1.806288 0.810565  
 6 6 11  24.656694 0.278486 -0.809965 -0.000363 1.157588 0.207135 -24.656694 -0.278486 0.809965 0.000363 1.804940 0.811454  
 7 7 12  24.801368 0.278855 -0.809321 -0.000363 1.156604 0.208057 -24.801368 -0.278855 0.809321 0.000363 1.803567 0.811881  
 8 8 118  23.343464 0.278322 -0.810375 -0.000363 1.159460 0.207263 -23.343464 -0.278322 0.810375 0.000363 -0.863057 -0.105464  
 9 10 15  11.707300 -0.282132 -0.114003 -0.000028 -0.097516 -0.654210 -11.707300 0.282132 0.114003 0.000028 0.514491 -0.377716  
 10 11 16  12.044917 -0.282072 -0.114230 -0.000028 -0.096723 -0.654142 -12.044917 0.282072 0.114230 0.000028 0.514529 -0.377566  
 11 12 17  12.292621 -0.282106 -0.114152 -0.000028 -0.096806 -0.654310 -12.292621 0.282106 0.114152 0.000028 0.514329 -0.377522  
 12 13 18  11.955161 -0.282168 -0.113922 -0.000028 -0.097603 -0.654382 -11.955161 0.282168 0.113922 0.000028 0.514285 -0.377676  
 13 5 6  0.000000 0.978729 -0.000000 0.004390 0.000000 2.982825 0.000000 -0.978729 0.000000 -0.004390 0.000000 2.983510  
 14 6 7  0.000000 -0.435755 0.000000 -0.002043 -0.000000 -1.328143 0.000000 0.435755 -0.000000 0.002043 -0.000000 -1.328219  
 15 7 8  0.000000 0.978700 0.000000 0.004542 -0.000000 2.983420 0.000000 -0.978700 -0.000000 -0.004542 -0.000000 2.982735  
 16 8 5  0.000000 -0.435726 -0.000000 -0.002421 0.000000 -1.328129 0.000000 0.435726 0.000000 0.002421 0.000000 -1.328054  
 17 10 11  0.000000 0.560282 0.000000 0.000417 -0.000000 1.707929 0.000000 -0.560282 -0.000000 -0.000417 -0.000000 1.707550  
 18 11 12  0.000000 -0.051495 -0.000000 -0.000668 0.000000 -0.156894 0.000000 0.051495 0.000000 0.000668 0.000000 -0.157018  
 19 12 13  0.000000 0.560242 -0.000000 0.000553 0.000000 1.707428 0.000000 -0.560242 0.000000 -0.000553 0.000000 1.707808  
 20 13 10  0.000000 -0.051455 0.000000 -0.000844 -0.000000 -0.156897 0.000000 0.051455 -0.000000 0.000844 -0.000000 -0.156773  
 21 15 16  0.000000 0.168789 -0.000000 0.000015 0.000000 0.514448 0.000000 -0.168789 0.000000 -0.000015 0.000000 0.514489  
 22 16 17  0.000000 0.123871 -0.000000 -0.000040 0.000000 0.377581 0.000000 -0.123871 0.000000 0.000040 0.000000 0.377539  
 23 17 18  0.000000 0.168750 0.000000 0.000017 -0.000000 0.514369 0.000000 -0.168750 -0.000000 -0.000017 -0.000000 0.514328  
 24 18 15  0.000000 0.123911 0.000000 -0.000043 -0.000000 0.377659 0.000000 -0.123911 -0.000000 0.000043 -0.000000 0.377701  
 118 118 128  23.343464 0.278322 -0.810375 -0.000363 0.863057 0.105464 -23.343464 -0.278322 0.810375 0.000363 -0.566654 -0.003666  
 128 128 138  23.343464 0.278322 -0.810375 -0.000363 0.566654 0.003666 -23.343464 -0.278322 0.810375 0.000363 -0.270252 0.098133  
 138 138 148  23.343464 0.278322 -0.810375 -0.000363 0.270252 -0.098133 -23.343464 -0.278322 0.810375 0.000363 0.026151 0.199932  
 148 148 158  23.343464 0.278322 -0.810375 -0.000363 -0.026151 -0.199932 -23.343464 -0.278322 0.810375 0.000363 0.322554 0.301731  
 158 158 168  23.343464 0.278322 -0.810375 -0.000363 -0.322554 -0.301731 -23.343464 -0.278322 0.810375 0.000363 0.618957 0.403530  
 168 168 178  23.343464 0.278322 -0.810375 -0.000363 -0.618957 -0.403530 -23.343464 -0.278322 0.810375 0.000363 0.915359 0.505329  
 178 178 188  23.343464 0.278322 -0.810375 -0.000363 -0.915359 -0.505329 -23.343464 -0.278322 0.810375 0.000363 1.211762 0.607128  
 188 188 198  23.343464 0.278322 -0.810375 -0.000363 -1.211762 -0.607128 -23.343464 -0.278322 0.810375 0.000363 1.508165 0.708927  
 198 198 13  23.343464 0.278322 -0.810375 -0.000363 -1.508165 -0.708927 -23.343464 -0.278322 0.810375 0.000363 1.804568 0.810726  
