 1 1 5  37.094269 0.496004 0.440501 0.000062 -1.021932 1.203461 -37.094269 -0.496004 -0.440501 -0.000062 -0.589245 0.610724  
 2 2 6  36.417187 0.496151 0.440580 0.000062 -1.022288 1.203785 -36.417187 -0.496151 -0.440580 -0.000062 -0.589178 0.610937  
 3 3 7  34.905704 0.496356 0.440698 0.000062 -1.022545 1.204439 -34.905704 -0.496356 -0.440698 -0.000062 -0.589351 0.611034  
 4 4 8  35.582840 0.496256 0.440549 0.000062 -1.022088 1.204204 -35.582840 -0.496256 -0.440549 -0.000062 -0.589264 0.610902  
 5 5 10  24.449364 0.329017 0.211614 0.000007 -0.243689 0.521683 -24.449364 -0.329017 -0.211614 -0.000007 -0.530310 0.681730  
 6 6 11  24.318891 0.329083 0.211630 0.000007 -0.243750 0.521823 -24.318891 -0.329083 -0.211630 -0.000007 -0.530309 0.681831  
 7 7 12  23.550616 0.329084 0.211691 0.000007 -0.243876 0.521779 -23.550616 -0.329084 -0.211691 -0.000007 -0.530405 0.681880  
 8 8 118  23.681128 0.329031 0.211664 0.000007 -0.243826 0.521666 -23.681128 -0.329031 -0.211664 -0.000007 0.166408 -0.401320  
 9 10 15  12.093246 0.133689 -0.090639 -0.000006 0.255944 0.129232 -12.093246 -0.133689 0.090639 0.000006 0.075577 0.359750  
 10 11 16  12.142828 0.133710 -0.090638 -0.000006 0.255952 0.129266 -12.142828 -0.133710 0.090638 0.000006 0.075564 0.359793  
 11 12 17  11.906744 0.133705 -0.090613 -0.000006 0.255909 0.129235 -11.906744 -0.133705 0.090613 0.000006 0.075518 0.359804  
 12 13 18  11.857182 0.133685 -0.090615 -0.000006 0.255903 0.129202 -11.857182 -0.133685 0.090615 0.000006 0.075532 0.359765  
 13 5 6  0.000000 -0.273307 -0.000000 0.000171 0.000000 -0.833006 0.000000 0.273307 0.000000 -0.000171 0.000000 -0.833072  
 14 6 7  0.000000 -0.371602 -0.000000 -0.000144 0.000000 -1.132589 0.000000 0.371602 0.000000 0.000144 0.000000 -1.132696  
 15 7 8  0.000000 -0.273310 0.000000 0.000117 -0.000000 -0.833083 0.000000 0.273310 -0.000000 -0.000117 -0.000000 -0.833017  
 16 8 5  0.000000 -0.371598 0.000000 -0.000073 -0.000000 -1.132685 0.000000 0.371598 -0.000000 0.000073 -0.000000 -1.132578  
 17 10 11  0.000000 -0.090030 -0.000000 0.000060 0.000000 -0.274402 0.000000 0.090030 0.000000 -0.000060 0.000000 -0.274419  
 18 11 12  0.000000 -0.266093 -0.000000 -0.000062 0.000000 -0.811037 0.000000 0.266093 0.000000 0.000062 0.000000 -0.811064  
 19 12 13  0.000000 -0.090035 0.000000 0.000051 -0.000000 -0.274434 0.000000 0.090035 -0.000000 -0.000051 -0.000000 -0.274417  
 20 13 10  0.000000 -0.266088 0.000000 -0.000036 -0.000000 -0.811049 0.000000 0.266088 -0.000000 0.000036 -0.000000 -0.811022  
 21 15 16  0.000000 0.024789 0.000000 0.000014 -0.000000 0.075562 0.000000 -0.024789 -0.000000 -0.000014 -0.000000 0.075549  
 22 16 17  0.000000 -0.118040 0.000000 -0.000015 -0.000000 -0.359779 0.000000 0.118040 -0.000000 0.000015 -0.000000 -0.359792  
 23 17 18  0.000000 0.024783 -0.000000 0.000012 0.000000 0.075533 0.000000 -0.024783 0.000000 -0.000012 0.000000 0.075547  
 24 18 15  0.000000 -0.118035 -0.000000 -0.000015 0.000000 -0.359777 0.000000 0.118035 0.000000 0.000015 0.000000 -0.359763  
 118 118 128  23.681128 0.329031 0.211664 0.000007 -0.166408 0.401320 -23.681128 -0.329031 -0.211664 -0.000007 0.088990 -0.280973  
 128 128 138  23.681128 0.329031 0.211664 0.000007 -0.088990 0.280973 -23.681128 -0.329031 -0.211664 -0.000007 0.011571 -0.160627  
 138 138 148  23.681128 0.329031 0.211664 0.000007 -0.011571 0.160627 -23.681128 -0.329031 -0.211664 -0.000007 -0.065847 -0.040281  
 148 148 158  23.681128 0.329031 0.211664 0.000007 0.065847 0.040281 -23.681128 -0.329031 -0.211664 -0.000007 -0.143265 0.080065  
 158 158 168  23.681128 0.329031 0.211664 0.000007 0.143265 -0.080065 -23.681128 -0.329031 -0.211664 -0.000007 -0.220683 0.200412  
 168 168 178  23.681128 0.329031 0.211664 0.000007 0.220683 -0.200412 -23.681128 -0.329031 -0.211664 -0.000007 -0.298101 0.320758  
 178 178 188  23.681128 0.329031 0.211664 0.000007 0.298101 -0.320758 -23.681128 -0.329031 -0.211664 -0.000007 -0.375519 0.441104  
 188 188 198  23.681128 0.329031 0.211664 0.000007 0.375519 -0.441104 -23.681128 -0.329031 -0.211664 -0.000007 -0.452938 0.561450  
 198 198 13  23.681128 0.329031 0.211664 0.000007 0.452938 -0.561450 -23.681128 -0.329031 -0.211664 -0.000007 -0.530356 0.681796  
