 1 1 5  34.547343 -0.844471 0.074570 0.000097 0.038317 -1.951164 -34.547343 0.844471 -0.074570 -0.000097 -0.311064 -1.137573  
 2 2 6  36.390470 -0.843263 0.075741 0.000097 0.034845 -1.948302 -36.390470 0.843263 -0.075741 -0.000097 -0.311874 -1.136019  
 3 3 7  37.452492 -0.842583 0.076868 0.000097 0.032100 -1.946050 -37.452492 0.842583 -0.076868 -0.000097 -0.313253 -1.135784  
 4 4 8  35.609695 -0.843792 0.075732 0.000097 0.035523 -1.948886 -35.609695 0.843792 -0.075732 -0.000097 -0.312519 -1.137367  
 5 5 10  23.273060 -0.400493 -0.433971 -0.000174 0.962298 -0.425859 -23.273060 0.400493 0.433971 0.000174 0.624995 -1.038984  
 6 6 11  24.689760 -0.400029 -0.433990 -0.000174 0.962613 -0.425110 -24.689760 0.400029 0.433990 0.000174 0.624747 -1.038035  
 7 7 12  24.726820 -0.399946 -0.433408 -0.000174 0.961676 -0.424982 -24.726820 0.399946 0.433408 0.000174 0.623556 -1.037858  
 8 8 118  23.310360 -0.400414 -0.433392 -0.000174 0.961347 -0.425751 -23.310360 0.400414 0.433392 0.000174 -0.802829 0.279296  
 9 10 15  11.816890 0.268383 -0.419589 -0.000010 0.662547 0.667771 -11.816890 -0.268383 0.419589 0.000010 0.872140 0.313865  
 10 11 16  12.389136 0.268461 -0.419620 -0.000010 0.662703 0.667871 -12.389136 -0.268461 0.419620 0.000010 0.872097 0.314051  
 11 12 17  12.183050 0.268450 -0.419533 -0.000010 0.662601 0.667780 -12.183050 -0.268450 0.419533 0.000010 0.871884 0.314103  
 12 13 18  11.610924 0.268370 -0.419503 -0.000010 0.662447 0.667677 -11.610924 -0.268370 0.419503 0.000010 0.871927 0.313914  
 13 5 6  0.000000 0.213202 0.000000 0.001118 -0.000000 0.650065 0.000000 -0.213202 -0.000000 -0.001118 -0.000000 0.649615  
 14 6 7  0.000000 0.512493 -0.000000 -0.001124 0.000000 1.562246 0.000000 -0.512493 0.000000 0.001124 0.000000 1.561909  
 15 7 8  0.000000 0.213180 -0.000000 0.001142 0.000000 0.649547 0.000000 -0.213180 0.000000 -0.001142 0.000000 0.649997  
 16 8 5  0.000000 0.512515 0.000000 -0.001169 -0.000000 1.561976 0.000000 -0.512515 -0.000000 0.001169 -0.000000 1.562314  
 17 10 11  0.000000 0.422212 -0.000000 0.000478 0.000000 1.286954 0.000000 -0.422212 0.000000 -0.000478 0.000000 1.286850  
 18 11 12  0.000000 0.121588 -0.000000 -0.000600 0.000000 0.370642 0.000000 -0.121588 0.000000 0.000600 0.000000 0.370556  
 19 12 13  0.000000 0.422182 0.000000 0.000478 -0.000000 1.286758 0.000000 -0.422182 -0.000000 -0.000478 -0.000000 1.286862  
 20 13 10  0.000000 0.121618 0.000000 -0.000588 -0.000000 0.370648 0.000000 -0.121618 -0.000000 0.000588 -0.000000 0.370734  
 21 15 16  0.000000 0.286108 -0.000000 0.000047 0.000000 0.872079 0.000000 -0.286108 0.000000 -0.000047 0.000000 0.872036  
 22 16 17  0.000000 -0.103028 -0.000000 -0.000061 0.000000 -0.314004 0.000000 0.103028 0.000000 0.000061 0.000000 -0.314054  
 23 17 18  0.000000 0.286078 0.000000 0.000049 -0.000000 0.871945 0.000000 -0.286078 -0.000000 -0.000049 -0.000000 0.871988  
 24 18 15  0.000000 -0.102998 0.000000 -0.000060 -0.000000 -0.313963 0.000000 0.102998 -0.000000 0.000060 -0.000000 -0.313912  
 118 118 128  23.310360 -0.400414 -0.433392 -0.000174 0.802829 -0.279296 -23.310360 0.400414 0.433392 0.000174 -0.644312 0.132840  
 128 128 138  23.310360 -0.400414 -0.433392 -0.000174 0.644312 -0.132840 -23.310360 0.400414 0.433392 0.000174 -0.485795 -0.013615  
 138 138 148  23.310360 -0.400414 -0.433392 -0.000174 0.485795 0.013615 -23.310360 0.400414 0.433392 0.000174 -0.327278 -0.160071  
 148 148 158  23.310360 -0.400414 -0.433392 -0.000174 0.327278 0.160071 -23.310360 0.400414 0.433392 0.000174 -0.168760 -0.306526  
 158 158 168  23.310360 -0.400414 -0.433392 -0.000174 0.168760 0.306526 -23.310360 0.400414 0.433392 0.000174 -0.010243 -0.452981  
 168 168 178  23.310360 -0.400414 -0.433392 -0.000174 0.010243 0.452981 -23.310360 0.400414 0.433392 0.000174 0.148274 -0.599437  
 178 178 188  23.310360 -0.400414 -0.433392 -0.000174 -0.148274 0.599437 -23.310360 0.400414 0.433392 0.000174 0.306792 -0.745892  
 188 188 198  23.310360 -0.400414 -0.433392 -0.000174 -0.306792 0.745892 -23.310360 0.400414 0.433392 0.000174 0.465309 -0.892348  
 198 198 13  23.310360 -0.400414 -0.433392 -0.000174 -0.465309 0.892348 -23.310360 0.400414 0.433392 0.000174 0.623826 -1.038803  
