 1 1 5  41.424105 1.129434 1.517421 -0.008309 -3.814136 2.819558 -41.424105 -1.129434 -1.517421 0.008309 -1.735982 1.311461  
 2 2 6  35.098010 1.105769 1.502081 -0.008309 -3.758489 2.756802 -35.098010 -1.105769 -1.502081 0.008309 -1.735521 1.287659  
 3 3 7  30.577731 1.088307 1.473532 -0.008309 -3.681774 2.699411 -30.577731 -1.088307 -1.473532 0.008309 -1.707817 1.281179  
 4 4 8  36.900154 1.121167 1.500348 -0.008309 -3.769141 2.787902 -36.900154 -1.121167 -1.500348 0.008309 -1.718531 1.312878  
 5 5 10  27.147659 0.939066 1.299109 0.000808 -2.301537 1.646091 -27.147659 -0.939066 -1.299109 -0.000808 -2.450083 1.788636  
 6 6 11  23.453502 0.921789 1.297147 0.000808 -2.301419 1.615372 -23.453502 -0.921789 -1.297147 -0.000808 -2.443025 1.756163  
 7 7 12  20.853671 0.917193 1.277160 0.000808 -2.267497 1.610513 -20.853671 -0.917193 -1.277160 -0.000808 -2.403844 1.744211  
 8 8 118  24.545168 0.936303 1.281647 0.000808 -2.272911 1.644978 -24.545168 -0.936303 -1.281647 -0.000808 1.804135 -1.302516  
 9 10 15  13.091960 0.609026 0.882892 -0.004240 -1.240753 0.844672 -13.091960 -0.609026 -0.882892 0.004240 -1.988513 1.382902  
 10 11 16  11.800863 0.592117 0.881731 -0.004240 -1.245835 0.822135 -11.800863 -0.592117 -0.881731 0.004240 -1.979186 1.343591  
 11 12 17  10.908762 0.591553 0.865864 -0.004240 -1.224477 0.826815 -10.908762 -0.591553 -0.865864 0.004240 -1.942508 1.336848  
 12 13 18  12.198415 0.609980 0.868987 -0.004240 -1.222483 0.851757 -12.198415 -0.609980 -0.868987 0.004240 -1.955923 1.379307  
 13 5 6  0.000000 -1.315843 0.000000 -0.026875 -0.000000 -4.014867 0.000000 1.315843 -0.000000 0.026875 -0.000000 -4.006513  
 14 6 7  0.000000 -0.960350 -0.000000 0.030427 0.000000 -2.929906 0.000000 0.960350 0.000000 -0.030427 0.000000 -2.924388  
 15 7 8  0.000000 -1.315590 -0.000000 -0.032696 0.000000 -4.005741 0.000000 1.315590 0.000000 0.032696 0.000000 -4.014095  
 16 8 5  0.000000 -0.960603 0.000000 0.022653 -0.000000 -2.925160 0.000000 0.960603 -0.000000 -0.022653 -0.000000 -2.930678  
 17 10 11  0.000000 -1.201377 0.000000 -0.027042 -0.000000 -3.664543 0.000000 1.201377 -0.000000 0.027042 -0.000000 -3.659053  
 18 11 12  0.000000 -0.854017 -0.000000 0.029806 0.000000 -2.605340 0.000000 0.854017 0.000000 -0.029806 0.000000 -2.600750  
 19 12 13  0.000000 -1.201074 -0.000000 -0.029724 0.000000 -3.658128 0.000000 1.201074 0.000000 0.029724 0.000000 -3.663618  
 20 13 10  0.000000 -0.854321 0.000000 0.026292 -0.000000 -2.601675 0.000000 0.854321 -0.000000 -0.026292 -0.000000 -2.606265  
 21 15 16  0.000000 -0.645368 0.000000 -0.019105 -0.000000 -1.972768 0.000000 0.645368 -0.000000 0.019105 -0.000000 -1.961397  
 22 16 17  0.000000 -0.446231 0.000000 0.017789 -0.000000 -1.362696 0.000000 0.446231 -0.000000 -0.017789 -0.000000 -1.357527  
 23 17 18  0.000000 -0.645007 -0.000000 -0.020679 0.000000 -1.960297 0.000000 0.645007 0.000000 0.020679 0.000000 -1.971668  
 24 18 15  0.000000 -0.446592 -0.000000 0.015745 0.000000 -1.358628 0.000000 0.446592 0.000000 -0.015745 0.000000 -1.363797  
 118 118 128  24.545168 0.936303 1.281647 0.000808 -1.804135 1.302516 -24.545168 -0.936303 -1.281647 -0.000808 1.335360 -0.960054  
 128 128 138  24.545168 0.936303 1.281647 0.000808 -1.335360 0.960054 -24.545168 -0.936303 -1.281647 -0.000808 0.866585 -0.617592  
 138 138 148  24.545168 0.936303 1.281647 0.000808 -0.866585 0.617592 -24.545168 -0.936303 -1.281647 -0.000808 0.397809 -0.275130  
 148 148 158  24.545168 0.936303 1.281647 0.000808 -0.397809 0.275130 -24.545168 -0.936303 -1.281647 -0.000808 -0.070966 0.067332  
 158 158 168  24.545168 0.936303 1.281647 0.000808 0.070966 -0.067332 -24.545168 -0.936303 -1.281647 -0.000808 -0.539741 0.409794  
 168 168 178  24.545168 0.936303 1.281647 0.000808 0.539741 -0.409794 -24.545168 -0.936303 -1.281647 -0.000808 -1.008517 0.752256  
 178 178 188  24.545168 0.936303 1.281647 0.000808 1.008517 -0.752256 -24.545168 -0.936303 -1.281647 -0.000808 -1.477292 1.094718  
 188 188 198  24.545168 0.936303 1.281647 0.000808 1.477292 -1.094718 -24.545168 -0.936303 -1.281647 -0.000808 -1.946068 1.437180  
 198 198 13  24.545168 0.936303 1.281647 0.000808 1.946068 -1.437180 -24.545168 -0.936303 -1.281647 -0.000808 -2.414843 1.779642  
