 1 1 5  34.633827 0.705282 -2.212761 -0.034227 5.449226 2.027791 -34.633827 -0.705282 2.212761 0.034227 2.644169 0.551848  
 2 2 6  44.667435 0.743429 -2.226706 -0.034227 5.574875 2.137719 -44.667435 -0.743429 2.226706 0.034227 2.569525 0.581448  
 3 3 7  37.348762 0.752134 -2.180560 -0.034227 5.445585 2.114262 -37.348762 -0.752134 2.180560 0.034227 2.530031 0.636745  
 4 4 8  27.349976 0.703008 -2.126714 -0.034227 5.214957 1.977496 -27.349976 -0.703008 2.126714 0.034227 2.563714 0.593828  
 5 5 10  23.568446 1.157328 -1.946937 -0.031687 3.533406 2.501049 -23.568446 -1.157328 1.946937 0.031687 3.587709 1.731995  
 6 6 11  29.674700 1.234595 -1.935990 -0.031687 3.529108 2.660252 -29.674700 -1.234595 1.935990 0.031687 3.551968 1.855405  
 7 7 12  24.415746 1.246321 -1.861457 -0.031687 3.381351 2.655417 -24.415746 -1.246321 1.861457 0.031687 3.427113 1.903126  
 8 8 118  18.341108 1.103908 -1.760204 -0.031687 3.180074 2.365693 -18.341108 -1.103908 1.760204 0.031687 -2.536261 -1.961928  
 9 10 15  11.975203 1.661740 -1.632280 0.014612 2.516900 2.816004 -11.975203 -1.661740 1.632280 -0.014612 3.453326 3.261978  
 10 11 16  14.203324 1.746477 -1.632347 0.014612 2.497820 2.973850 -14.203324 -1.746477 1.632347 -0.014612 3.472652 3.414064  
 11 12 17  12.015998 1.732409 -1.556845 0.014612 2.369070 2.946914 -12.015998 -1.732409 1.556845 -0.014612 3.325248 3.389544  
 12 13 18  9.805475 1.639703 -1.549514 0.014612 2.389742 2.782659 -9.805475 -1.639703 1.549514 -0.014612 3.277760 3.214717  
 13 5 6  0.000000 1.963276 -0.000000 0.093180 0.000000 5.961903 0.000000 -1.963276 0.000000 -0.093180 0.000000 6.006229  
 14 6 7  0.000000 -1.029459 -0.000000 -0.092405 0.000000 -3.148519 0.000000 1.029459 0.000000 0.092405 0.000000 -3.127063  
 15 7 8  0.000000 1.962475 0.000000 0.165100 -0.000000 6.003786 0.000000 -1.962475 -0.000000 -0.165100 -0.000000 5.959460  
 16 8 5  0.000000 -1.028658 0.000000 -0.215673 -0.000000 -3.124620 0.000000 1.028658 -0.000000 0.215673 -0.000000 -3.146077  
 17 10 11  0.000000 1.937314 -0.000000 0.135287 0.000000 5.881541 0.000000 -1.937314 0.000000 -0.135287 0.000000 5.928327  
 18 11 12  0.000000 -1.534061 0.000000 -0.121461 -0.000000 -4.693968 0.000000 1.534061 -0.000000 0.121461 -0.000000 -4.657671  
 19 12 13  0.000000 1.933810 0.000000 0.192369 -0.000000 5.917645 0.000000 -1.933810 -0.000000 -0.192369 -0.000000 5.870859  
 20 13 10  0.000000 -1.530557 -0.000000 -0.223068 0.000000 -4.646988 0.000000 1.530557 0.000000 0.223068 0.000000 -4.683285  
 21 15 16  0.000000 1.111861 0.000000 0.069338 -0.000000 3.372248 0.000000 -1.111861 -0.000000 -0.069338 -0.000000 3.405655  
 22 16 17  0.000000 -1.091463 0.000000 -0.066997 -0.000000 -3.344726 0.000000 1.091463 -0.000000 0.066997 -0.000000 -3.308836  
 23 17 18  0.000000 1.107461 -0.000000 0.080709 0.000000 3.392245 0.000000 -1.107461 0.000000 -0.080709 0.000000 3.358838  
 24 18 15  0.000000 -1.087064 -0.000000 -0.081078 0.000000 -3.295426 0.000000 1.087064 0.000000 0.081078 0.000000 -3.331316  
 118 118 128  18.341108 1.103908 -1.760204 -0.031687 2.536261 1.961928 -18.341108 -1.103908 1.760204 0.031687 -1.892449 -1.558162  
 128 128 138  18.341108 1.103908 -1.760204 -0.031687 1.892449 1.558162 -18.341108 -1.103908 1.760204 0.031687 -1.248637 -1.154397  
 138 138 148  18.341108 1.103908 -1.760204 -0.031687 1.248637 1.154397 -18.341108 -1.103908 1.760204 0.031687 -0.604825 -0.750632  
 148 148 158  18.341108 1.103908 -1.760204 -0.031687 0.604825 0.750632 -18.341108 -1.103908 1.760204 0.031687 0.038988 -0.346866  
 158 158 168  18.341108 1.103908 -1.760204 -0.031687 -0.038988 0.346866 -18.341108 -1.103908 1.760204 0.031687 0.682800 0.056899  
 168 168 178  18.341108 1.103908 -1.760204 -0.031687 -0.682800 -0.056899 -18.341108 -1.103908 1.760204 0.031687 1.326612 0.460664  
 178 178 188  18.341108 1.103908 -1.760204 -0.031687 -1.326612 -0.460664 -18.341108 -1.103908 1.760204 0.031687 1.970425 0.864430  
 188 188 198  18.341108 1.103908 -1.760204 -0.031687 -1.970425 -0.864430 -18.341108 -1.103908 1.760204 0.031687 2.614237 1.268195  
 198 198 13  18.341108 1.103908 -1.760204 -0.031687 -2.614237 -1.268195 -18.341108 -1.103908 1.760204 0.031687 3.258049 1.671960  
