 1 1 5  37.702090 3.883286 -2.701251 0.003335 6.009633 8.707319 -37.702090 -3.883286 2.701251 -0.003335 3.870463 5.496187  
 2 2 6  45.497387 4.051662 -2.762660 0.003335 6.176292 9.069156 -45.497387 -4.051662 2.762660 -0.003335 3.928413 5.750205  
 3 3 7  34.267955 3.883223 -2.577690 0.003335 5.798727 8.620367 -34.267955 -3.883223 2.577690 -0.003335 3.629431 5.582908  
 4 4 8  26.532567 3.636488 -2.475485 0.003335 5.550798 8.103640 -26.532567 -3.636488 2.475485 -0.003335 3.503537 5.197179  
 5 5 10  24.950125 1.584513 -1.335845 -0.028353 2.106989 2.408430 -24.950125 -1.584513 1.335845 0.028353 2.778998 3.387085  
 6 6 11  28.988808 1.629881 -1.300653 -0.028353 2.007650 2.468101 -28.988808 -1.629881 1.300653 0.028353 2.749619 3.493353  
 7 7 12  23.026792 1.700280 -1.228031 -0.028353 1.904676 2.671290 -23.026792 -1.700280 1.228031 0.028353 2.586970 3.547654  
 8 8 118  19.034275 1.576185 -1.201794 -0.028353 1.907273 2.493978 -19.034275 -1.576185 1.201794 0.028353 -1.467705 -1.917472  
 9 10 15  12.380692 1.521136 -0.975965 -0.002419 1.429291 2.318847 -12.380692 -1.521136 0.975965 0.002419 2.140398 3.244861  
 10 11 16  13.765540 1.567780 -0.973356 -0.002419 1.414060 2.400168 -13.765540 -1.567780 0.973356 0.002419 2.146086 3.334145  
 11 12 17  11.607382 1.559615 -0.922096 -0.002419 1.324421 2.398281 -11.607382 -1.559615 0.922096 0.002419 2.048236 3.306167  
 12 13 18  10.246386 1.504292 -0.922082 -0.002419 1.337996 2.303838 -10.246386 -1.504292 0.922082 0.002419 2.034612 3.198261  
 13 5 6  0.000000 1.876589 0.000000 0.151609 -0.000000 5.699366 0.000000 -1.876589 -0.000000 -0.151609 -0.000000 5.740320  
 14 6 7  0.000000 -2.631990 0.000000 -0.195742 -0.000000 -8.066697 0.000000 2.631990 -0.000000 0.195742 -0.000000 -7.977913  
 15 7 8  0.000000 1.873154 -0.000000 0.276285 0.000000 5.729850 0.000000 -1.873154 0.000000 -0.276285 0.000000 5.688895  
 16 8 5  0.000000 -2.628555 -0.000000 -0.278085 0.000000 -7.967442 0.000000 2.628555 0.000000 0.278085 0.000000 -8.056226  
 17 10 11  0.000000 1.324128 -0.000000 0.085292 0.000000 4.025850 0.000000 -1.324128 0.000000 -0.085292 0.000000 4.046037  
 18 11 12  0.000000 -1.899140 0.000000 -0.117642 -0.000000 -5.808228 0.000000 1.899140 -0.000000 0.117642 -0.000000 -5.768927  
 19 12 13  0.000000 1.318550 0.000000 0.177008 -0.000000 4.029033 0.000000 -1.318550 -0.000000 -0.177008 -0.000000 4.008846  
 20 13 10  0.000000 -1.893561 -0.000000 -0.182440 0.000000 -5.751923 0.000000 1.893561 0.000000 0.182440 0.000000 -5.791224  
 21 15 16  0.000000 0.689442 -0.000000 0.035555 0.000000 2.096593 0.000000 -0.689442 0.000000 -0.035555 0.000000 2.106249  
 22 16 17  0.000000 -1.076098 -0.000000 -0.039837 0.000000 -3.298590 0.000000 1.076098 0.000000 0.039837 0.000000 -3.261302  
 23 17 18  0.000000 0.683479 0.000000 0.044865 -0.000000 2.088073 0.000000 -0.683479 -0.000000 -0.044865 -0.000000 2.078418  
 24 18 15  0.000000 -1.070135 0.000000 -0.043805 -0.000000 -3.243126 0.000000 1.070135 -0.000000 0.043805 -0.000000 -3.280415  
 118 118 128  19.034275 1.576185 -1.201794 -0.028353 1.467705 1.917472 -19.034275 -1.576185 1.201794 0.028353 -1.028137 -1.340967  
 128 128 138  19.034275 1.576185 -1.201794 -0.028353 1.028137 1.340967 -19.034275 -1.576185 1.201794 0.028353 -0.588569 -0.764461  
 138 138 148  19.034275 1.576185 -1.201794 -0.028353 0.588569 0.764461 -19.034275 -1.576185 1.201794 0.028353 -0.149000 -0.187956  
 148 148 158  19.034275 1.576185 -1.201794 -0.028353 0.149000 0.187956 -19.034275 -1.576185 1.201794 0.028353 0.290568 0.388550  
 158 158 168  19.034275 1.576185 -1.201794 -0.028353 -0.290568 -0.388550 -19.034275 -1.576185 1.201794 0.028353 0.730136 0.965055  
 168 168 178  19.034275 1.576185 -1.201794 -0.028353 -0.730136 -0.965055 -19.034275 -1.576185 1.201794 0.028353 1.169705 1.541561  
 178 178 188  19.034275 1.576185 -1.201794 -0.028353 -1.169705 -1.541561 -19.034275 -1.576185 1.201794 0.028353 1.609273 2.118066  
 188 188 198  19.034275 1.576185 -1.201794 -0.028353 -1.609273 -2.118066 -19.034275 -1.576185 1.201794 0.028353 2.048841 2.694572  
 198 198 13  19.034275 1.576185 -1.201794 -0.028353 -2.048841 -2.694572 -19.034275 -1.576185 1.201794 0.028353 2.488410 3.271077  
