 1 1 5  36.442192 0.878632 -0.454965 -0.000275 0.945805 1.998319 -36.442192 -0.878632 0.454965 0.000275 0.718276 1.215367  
 2 2 6  36.417035 0.879751 -0.453705 -0.000275 0.942092 2.001026 -36.417035 -0.879751 0.453705 0.000275 0.717381 1.216753  
 3 3 7  35.557624 0.880349 -0.452427 -0.000275 0.939045 2.003142 -35.557624 -0.880349 0.452427 0.000275 0.715751 1.216824  
 4 4 8  35.583149 0.879181 -0.453595 -0.000275 0.942595 2.000374 -35.583149 -0.879181 0.453595 0.000275 0.716475 1.215318  
 5 5 10  24.089192 0.345544 0.059232 -0.000326 -0.278619 0.297430 -24.089192 -0.345544 -0.059232 0.000326 0.061973 0.966430  
 6 6 11  23.776592 0.345992 0.059223 -0.000326 -0.278321 0.298152 -23.776592 -0.345992 -0.059223 0.000326 0.061707 0.967346  
 7 7 12  23.910675 0.346121 0.059869 -0.000326 -0.279325 0.298447 -23.910675 -0.346121 -0.059869 0.000326 0.060350 0.967526  
 8 8 118  24.223542 0.345681 0.059901 -0.000326 -0.279674 0.297742 -24.223542 -0.345681 -0.059901 0.000326 0.257765 -0.171305  
 9 10 15  11.946563 -0.320327 0.146997 -0.000021 -0.279675 -0.750632 -11.946563 0.320327 -0.146997 0.000021 -0.257979 -0.420997  
 10 11 16  11.777265 -0.320263 0.146973 -0.000021 -0.279539 -0.750561 -11.777265 0.320263 -0.146973 0.000021 -0.258030 -0.420833  
 11 12 17  12.053371 -0.320270 0.147052 -0.000021 -0.279619 -0.750646 -12.053371 0.320270 -0.147052 0.000021 -0.258240 -0.420771  
 12 13 18  12.222801 -0.320338 0.147077 -0.000021 -0.279759 -0.750725 -12.222801 0.320338 -0.147077 0.000021 -0.258192 -0.420942  
 13 5 6  0.000000 0.143709 -0.000000 0.001016 0.000000 0.438267 0.000000 -0.143709 0.000000 -0.001016 0.000000 0.437781  
 14 6 7  0.000000 -0.496734 0.000000 -0.001279 -0.000000 -1.513889 0.000000 0.496734 -0.000000 0.001279 -0.000000 -1.514204  
 15 7 8  0.000000 0.143684 0.000000 0.001068 -0.000000 0.437705 0.000000 -0.143684 -0.000000 -0.001068 -0.000000 0.438191  
 16 8 5  0.000000 -0.496709 -0.000000 -0.001390 0.000000 -1.514128 0.000000 0.496709 0.000000 0.001390 0.000000 -1.513813  
 17 10 11  0.000000 -0.071668 0.000000 0.000442 -0.000000 -0.218389 0.000000 0.071668 -0.000000 -0.000442 -0.000000 -0.218499  
 18 11 12  0.000000 -0.070994 0.000000 -0.000668 -0.000000 -0.216343 0.000000 0.070994 -0.000000 0.000668 -0.000000 -0.216439  
 19 12 13  0.000000 -0.071702 -0.000000 0.000440 0.000000 -0.218601 0.000000 0.071702 0.000000 -0.000440 0.000000 -0.218491  
 20 13 10  0.000000 -0.070961 -0.000000 -0.000687 0.000000 -0.216337 0.000000 0.070961 0.000000 0.000687 0.000000 -0.216241  
 21 15 16  0.000000 -0.084665 0.000000 0.000031 -0.000000 -0.258035 0.000000 0.084665 -0.000000 -0.000031 -0.000000 -0.258084  
 22 16 17  0.000000 0.138069 0.000000 -0.000054 -0.000000 0.420865 0.000000 -0.138069 -0.000000 0.000054 -0.000000 0.420806  
 23 17 18  0.000000 -0.084698 -0.000000 0.000035 0.000000 -0.258186 0.000000 0.084698 0.000000 -0.000035 0.000000 -0.258136  
 24 18 15  0.000000 0.138103 -0.000000 -0.000056 0.000000 0.420907 0.000000 -0.138103 0.000000 0.000056 0.000000 0.420966  
 118 118 128  24.223542 0.345681 0.059901 -0.000326 -0.257765 0.171305 -24.223542 -0.345681 -0.059901 0.000326 0.235856 -0.044869  
 128 128 138  24.223542 0.345681 0.059901 -0.000326 -0.235856 0.044869 -24.223542 -0.345681 -0.059901 0.000326 0.213946 0.081567  
 138 138 148  24.223542 0.345681 0.059901 -0.000326 -0.213946 -0.081567 -24.223542 -0.345681 -0.059901 0.000326 0.192037 0.208004  
 148 148 158  24.223542 0.345681 0.059901 -0.000326 -0.192037 -0.208004 -24.223542 -0.345681 -0.059901 0.000326 0.170127 0.334440  
 158 158 168  24.223542 0.345681 0.059901 -0.000326 -0.170127 -0.334440 -24.223542 -0.345681 -0.059901 0.000326 0.148218 0.460876  
 168 168 178  24.223542 0.345681 0.059901 -0.000326 -0.148218 -0.460876 -24.223542 -0.345681 -0.059901 0.000326 0.126309 0.587313  
 178 178 188  24.223542 0.345681 0.059901 -0.000326 -0.126309 -0.587313 -24.223542 -0.345681 -0.059901 0.000326 0.104399 0.713749  
 188 188 198  24.223542 0.345681 0.059901 -0.000326 -0.104399 -0.713749 -24.223542 -0.345681 -0.059901 0.000326 0.082490 0.840186  
 198 198 13  24.223542 0.345681 0.059901 -0.000326 -0.082490 -0.840186 -24.223542 -0.345681 -0.059901 0.000326 0.060580 0.966622  
