 1 1 5  33.445038 -0.532318 -0.857729 -0.000085 2.126753 -1.329542 -33.445038 0.532318 0.857729 0.000085 1.010476 -0.617464  
 2 2 6  36.565567 -0.531866 -0.857421 -0.000085 2.125773 -1.328527 -36.565567 0.531866 0.857421 0.000085 1.010330 -0.616826  
 3 3 7  38.554900 -0.531514 -0.856905 -0.000085 2.124610 -1.327478 -38.554900 0.531514 0.856905 0.000085 1.009605 -0.616587  
 4 4 8  35.434494 -0.531899 -0.857297 -0.000085 2.125745 -1.328353 -35.434494 0.531899 0.857297 0.000085 1.009904 -0.617119  
 5 5 10  22.586948 -0.434552 -0.660179 -0.000023 1.115545 -0.738099 -22.586948 0.434552 0.660179 0.000023 1.299125 -0.851317  
 6 6 11  24.312770 -0.434390 -0.660183 -0.000023 1.115610 -0.737792 -24.312770 0.434390 0.660183 0.000023 1.299077 -0.851034  
 7 7 12  25.413008 -0.434402 -0.660006 -0.000023 1.115307 -0.737927 -25.413008 0.434402 0.660006 0.000023 1.298731 -0.850940  
 8 8 118  23.687275 -0.434550 -0.660017 -0.000023 1.115251 -0.738213 -23.687275 0.434550 0.660017 0.000023 -0.873843 0.579272  
 9 10 15  11.527171 -0.225521 -0.363767 -0.000217 0.446250 -0.269023 -11.527171 0.225521 0.363767 0.000217 0.884262 -0.555845  
 10 11 16  12.107719 -0.225921 -0.363889 -0.000217 0.446360 -0.269459 -12.107719 0.225921 0.363889 0.000217 0.884600 -0.556869  
 11 12 17  12.472808 -0.225948 -0.364069 -0.000217 0.446543 -0.269502 -12.472808 0.225948 0.364069 0.000217 0.885078 -0.556927  
 12 13 18  11.892302 -0.225615 -0.364033 -0.000217 0.446535 -0.269140 -11.892302 0.225615 0.364033 0.000217 0.884953 -0.556071  
 13 5 6  0.000000 0.697349 0.000000 0.000460 -0.000000 2.125601 0.000000 -0.697349 -0.000000 -0.000460 -0.000000 2.125439  
 14 6 7  0.000000 0.444552 0.000000 -0.000501 -0.000000 1.355078 0.000000 -0.444552 -0.000000 0.000501 -0.000000 1.354910  
 15 7 8  0.000000 0.697341 -0.000000 0.000396 0.000000 2.125413 0.000000 -0.697341 0.000000 -0.000396 0.000000 2.125575  
 16 8 5  0.000000 0.444560 -0.000000 -0.000420 0.000000 1.354936 0.000000 -0.444560 0.000000 0.000420 0.000000 1.355104  
 17 10 11  0.000000 0.572631 -0.000000 -0.000095 0.000000 1.745387 0.000000 -0.572631 0.000000 0.000095 0.000000 1.745373  
 18 11 12  0.000000 0.367580 -0.000000 -0.000063 0.000000 1.120399 0.000000 -0.367580 0.000000 0.000063 0.000000 1.120371  
 19 12 13  0.000000 0.572619 0.000000 -0.000071 -0.000000 1.745337 0.000000 -0.572619 -0.000000 0.000071 -0.000000 1.745351  
 20 13 10  0.000000 0.367592 0.000000 0.000012 -0.000000 1.120407 0.000000 -0.367592 -0.000000 -0.000012 -0.000000 1.120434  
 21 15 16  0.000000 0.290269 -0.000000 -0.000528 0.000000 0.884624 0.000000 -0.290269 0.000000 0.000528 0.000000 0.884855  
 22 16 17  0.000000 0.182550 -0.000000 0.000255 0.000000 0.556341 0.000000 -0.182550 0.000000 -0.000255 0.000000 0.556483  
 23 17 18  0.000000 0.290258 0.000000 -0.000444 -0.000000 0.884822 0.000000 -0.290258 -0.000000 0.000444 -0.000000 0.884592  
 24 18 15  0.000000 0.182560 0.000000 0.000361 -0.000000 0.556515 0.000000 -0.182560 -0.000000 -0.000361 -0.000000 0.556373  
 118 118 128  23.687275 -0.434550 -0.660017 -0.000023 0.873843 -0.579272 -23.687275 0.434550 0.660017 0.000023 -0.632435 0.420331  
 128 128 138  23.687275 -0.434550 -0.660017 -0.000023 0.632435 -0.420331 -23.687275 0.434550 0.660017 0.000023 -0.391027 0.261390  
 138 138 148  23.687275 -0.434550 -0.660017 -0.000023 0.391027 -0.261390 -23.687275 0.434550 0.660017 0.000023 -0.149620 0.102449  
 148 148 158  23.687275 -0.434550 -0.660017 -0.000023 0.149620 -0.102449 -23.687275 0.434550 0.660017 0.000023 0.091788 -0.056492  
 158 158 168  23.687275 -0.434550 -0.660017 -0.000023 -0.091788 0.056492 -23.687275 0.434550 0.660017 0.000023 0.333196 -0.215433  
 168 168 178  23.687275 -0.434550 -0.660017 -0.000023 -0.333196 0.215433 -23.687275 0.434550 0.660017 0.000023 0.574604 -0.374374  
 178 178 188  23.687275 -0.434550 -0.660017 -0.000023 -0.574604 0.374374 -23.687275 0.434550 0.660017 0.000023 0.816012 -0.533314  
 188 188 198  23.687275 -0.434550 -0.660017 -0.000023 -0.816012 0.533314 -23.687275 0.434550 0.660017 0.000023 1.057420 -0.692255  
 198 198 13  23.687275 -0.434550 -0.660017 -0.000023 -1.057420 0.692255 -23.687275 0.434550 0.660017 0.000023 1.298827 -0.851196  
