 1 1 5  37.811737 0.408940 -1.828641 -0.008887 2.532078 0.474508 -37.811737 -0.408940 1.828641 0.008887 4.156360 1.021230  
 2 2 6  29.377563 0.338674 -1.713603 -0.008887 2.310384 0.326296 -29.377563 -0.338674 1.713603 0.008887 3.957292 0.912438  
 3 3 7  34.168669 0.385240 -1.780597 -0.008887 2.446530 0.450653 -34.168669 -0.385240 1.780597 0.008887 4.066184 0.958400  
 4 4 8  42.642031 0.453891 -1.888909 -0.008887 2.660947 0.595904 -42.642031 -0.453891 1.888909 0.008887 4.247928 1.064246  
 5 5 10  25.114581 -0.844588 3.657747 -0.072339 -7.446585 -2.059674 -25.114581 0.844588 -3.657747 0.072339 -5.931989 -1.029493  
 6 6 11  18.752158 -0.799795 3.431682 -0.072339 -6.983161 -1.953885 -18.752158 0.799795 -3.431682 0.072339 -5.568557 -0.971444  
 7 7 12  22.865158 -0.815062 3.621254 -0.072339 -7.338857 -2.023750 -22.865158 0.815062 -3.621254 0.072339 -5.906240 -0.957421  
 8 8 118  29.268103 -0.832852 3.625683 -0.072339 -7.284487 -2.048671 -29.268103 0.832852 -3.625683 0.072339 5.958358 1.744047  
 9 10 15  12.008306 -1.479331 1.021354 0.039203 -1.006732 -2.621808 -12.008306 1.479331 -1.021354 -0.039203 -2.728972 -2.788993  
 10 11 16  10.195200 -1.403852 1.055150 0.039203 -1.149023 -2.475703 -10.195200 1.403852 -1.055150 -0.039203 -2.710294 -2.659028  
 11 12 17  11.981006 -1.428200 1.103775 0.039203 -1.197294 -2.530774 -11.981006 1.428200 -1.103775 -0.039203 -2.839872 -2.693010  
 12 13 18  13.815489 -1.495822 1.064375 0.039203 -1.054346 -2.660718 -13.815489 1.495822 -1.064375 -0.039203 -2.838712 -2.810399  
 13 5 6  0.000000 -1.035709 -0.000000 -0.000993 0.000000 -3.163901 0.000000 1.035709 0.000000 0.000993 0.000000 -3.149780  
 14 6 7  0.000000 0.338886 0.000000 -0.123911 -0.000000 1.040454 0.000000 -0.338886 -0.000000 0.123911 -0.000000 1.025396  
 15 7 8  0.000000 -1.035375 0.000000 -0.039954 -0.000000 -3.148763 0.000000 1.035375 -0.000000 0.039954 -0.000000 -3.162883  
 16 8 5  0.000000 0.338552 -0.000000 0.126324 0.000000 1.024378 0.000000 -0.338552 0.000000 -0.126324 0.000000 1.039437  
 17 10 11  0.000000 -2.277052 -0.000000 0.094782 0.000000 -6.977645 0.000000 2.277052 0.000000 -0.094782 0.000000 -6.903263  
 18 11 12  0.000000 1.165990 0.000000 -0.185683 -0.000000 3.541930 0.000000 -1.165990 -0.000000 0.185683 -0.000000 3.565948  
 19 12 13  0.000000 -2.281838 0.000000 0.077753 -0.000000 -6.917851 0.000000 2.281838 -0.000000 -0.077753 -0.000000 -6.992233  
 20 13 10  0.000000 1.170777 -0.000000 -0.038924 0.000000 3.580536 0.000000 -1.170777 0.000000 0.038924 0.000000 3.556518  
 21 15 16  0.000000 -0.909225 -0.000000 0.056838 0.000000 -2.775697 0.000000 0.909225 0.000000 -0.056838 0.000000 -2.766938  
 22 16 17  0.000000 0.895575 -0.000000 -0.056644 0.000000 2.715866 0.000000 -0.895575 0.000000 0.056644 0.000000 2.743559  
 23 17 18  0.000000 -0.914569 0.000000 0.050550 -0.000000 -2.783228 0.000000 0.914569 -0.000000 -0.050550 -0.000000 -2.791987  
 24 18 15  0.000000 0.900919 0.000000 -0.046725 -0.000000 2.759849 0.000000 -0.900919 -0.000000 0.046725 -0.000000 2.732155  
 118 118 128  29.268103 -0.832852 3.625683 -0.072339 -5.958358 -1.744047 -29.268103 0.832852 -3.625683 0.072339 4.632228 1.439423  
 128 128 138  29.268103 -0.832852 3.625683 -0.072339 -4.632228 -1.439423 -29.268103 0.832852 -3.625683 0.072339 3.306098 1.134798  
 138 138 148  29.268103 -0.832852 3.625683 -0.072339 -3.306098 -1.134798 -29.268103 0.832852 -3.625683 0.072339 1.979968 0.830174  
 148 148 158  29.268103 -0.832852 3.625683 -0.072339 -1.979968 -0.830174 -29.268103 0.832852 -3.625683 0.072339 0.653838 0.525550  
 158 158 168  29.268103 -0.832852 3.625683 -0.072339 -0.653838 -0.525550 -29.268103 0.832852 -3.625683 0.072339 -0.672292 0.220926  
 168 168 178  29.268103 -0.832852 3.625683 -0.072339 0.672292 -0.220926 -29.268103 0.832852 -3.625683 0.072339 -1.998421 -0.083698  
 178 178 188  29.268103 -0.832852 3.625683 -0.072339 1.998421 0.083698 -29.268103 0.832852 -3.625683 0.072339 -3.324551 -0.388322  
 188 188 198  29.268103 -0.832852 3.625683 -0.072339 3.324551 0.388322 -29.268103 0.832852 -3.625683 0.072339 -4.650681 -0.692946  
 198 198 13  29.268103 -0.832852 3.625683 -0.072339 4.650681 0.692946 -29.268103 0.832852 -3.625683 0.072339 -5.976811 -0.997570  
