 1 1 5  45.120445 -3.798849 2.483224 0.738802 -6.592195 -7.854015 -45.120445 3.798849 -2.483224 -0.738802 -2.490446 -6.040654  
 2 2 6  26.485488 -3.321943 2.395120 0.738802 -6.116357 -6.885134 -26.485488 3.321943 -2.395120 -0.738802 -2.644033 -5.265206  
 3 3 7  26.887302 -3.309665 2.382609 0.738802 -6.093774 -6.843305 -26.887302 3.309665 -2.382609 -0.738802 -2.620856 -5.262125  
 4 4 8  45.506765 -3.774677 2.468102 0.738802 -6.561563 -7.791224 -45.506765 3.774677 -2.468102 -0.738802 -2.465766 -6.015035  
 5 5 10  31.816296 -0.471607 3.416208 0.432330 -6.906728 0.616296 -31.816296 0.471607 -3.416208 -0.432330 -5.588396 -2.341245  
 6 6 11  19.109529 -0.386332 3.230690 0.432330 -6.458645 0.567823 -19.109529 0.386332 -3.230690 -0.432330 -5.357926 -1.980870  
 7 7 12  16.192401 -0.360628 3.074949 0.432330 -6.149000 0.540793 -16.192401 0.360628 -3.074949 -0.432330 -5.097932 -1.859827  
 8 8 118  28.881775 -0.453341 3.182574 0.432330 -6.408557 0.620049 -28.881775 0.453341 -3.182574 -0.432330 5.244498 -0.785863  
 9 10 15  15.494303 1.880094 3.936271 0.006127 -6.558147 3.723184 -15.494303 -1.880094 -3.936271 -0.006127 -7.839158 3.153447  
 10 11 16  10.512463 1.745151 3.880057 0.006127 -6.578202 3.397498 -10.512463 -1.745151 -3.880057 -0.006127 -7.613496 2.985566  
 11 12 17  8.514615 1.710466 3.718940 0.006127 -6.299327 3.303904 -8.514615 -1.710466 -3.718940 -0.006127 -7.303067 2.952298  
 12 13 18  13.478619 1.853691 3.811177 0.006127 -6.380548 3.638129 -13.478619 -1.853691 -3.811177 -0.006127 -7.559211 3.141931  
 13 5 6  0.000000 -2.964332 -0.000000 0.362764 0.000000 -9.135025 0.000000 2.964332 0.000000 -0.362764 0.000000 -8.935544  
 14 6 7  0.000000 1.659709 -0.000000 0.167134 0.000000 5.060148 0.000000 -1.659709 0.000000 -0.167134 0.000000 5.057436  
 15 7 8  0.000000 -2.964807 0.000000 0.336104 -0.000000 -8.936990 0.000000 2.964807 -0.000000 -0.336104 -0.000000 -9.136471  
 16 8 5  0.000000 1.660183 0.000000 0.262149 -0.000000 5.058882 0.000000 -1.660183 -0.000000 -0.262149 -0.000000 5.061594  
 17 10 11  0.000000 -3.862519 -0.000000 0.017175 0.000000 -11.879390 0.000000 3.862519 0.000000 -0.017175 0.000000 -11.666524  
 18 11 12  0.000000 -0.459585 0.000000 0.269604 -0.000000 -1.399452 0.000000 0.459585 -0.000000 -0.269604 -0.000000 -1.402178  
 19 12 13  0.000000 -3.862630 0.000000 0.041899 -0.000000 -11.666862 0.000000 3.862630 -0.000000 -0.041899 -0.000000 -11.879728  
 20 13 10  0.000000 -0.459474 -0.000000 0.267153 0.000000 -1.401840 0.000000 0.459474 0.000000 -0.267153 0.000000 -1.399114  
 21 15 16  0.000000 -2.488690 -0.000000 -0.077145 0.000000 -7.705980 0.000000 2.488690 0.000000 0.077145 0.000000 -7.465077  
 22 16 17  0.000000 -1.001153 -0.000000 0.148419 0.000000 -3.062711 0.000000 1.001153 0.000000 -0.148419 0.000000 -3.040319  
 23 17 18  0.000000 -2.484231 0.000000 -0.088021 -0.000000 -7.451486 0.000000 2.484231 -0.000000 0.088021 -0.000000 -7.692389  
 24 18 15  0.000000 -1.005612 0.000000 0.133178 -0.000000 -3.053910 0.000000 1.005612 -0.000000 -0.133178 -0.000000 -3.076302  
 118 118 128  28.881775 -0.453341 3.182574 0.432330 -5.244498 0.785863 -28.881775 0.453341 -3.182574 -0.432330 4.080440 -0.951677  
 128 128 138  28.881775 -0.453341 3.182574 0.432330 -4.080440 0.951677 -28.881775 0.453341 -3.182574 -0.432330 2.916382 -1.117491  
 138 138 148  28.881775 -0.453341 3.182574 0.432330 -2.916382 1.117491 -28.881775 0.453341 -3.182574 -0.432330 1.752323 -1.283305  
 148 148 158  28.881775 -0.453341 3.182574 0.432330 -1.752323 1.283305 -28.881775 0.453341 -3.182574 -0.432330 0.588265 -1.449119  
 158 158 168  28.881775 -0.453341 3.182574 0.432330 -0.588265 1.449119 -28.881775 0.453341 -3.182574 -0.432330 -0.575793 -1.614933  
 168 168 178  28.881775 -0.453341 3.182574 0.432330 0.575793 1.614933 -28.881775 0.453341 -3.182574 -0.432330 -1.739852 -1.780746  
 178 178 188  28.881775 -0.453341 3.182574 0.432330 1.739852 1.780746 -28.881775 0.453341 -3.182574 -0.432330 -2.903910 -1.946560  
 188 188 198  28.881775 -0.453341 3.182574 0.432330 2.903910 1.946560 -28.881775 0.453341 -3.182574 -0.432330 -4.067968 -2.112374  
 198 198 13  28.881775 -0.453341 3.182574 0.432330 4.067968 2.112374 -28.881775 0.453341 -3.182574 -0.432330 -5.232027 -2.278188  
