 1 1 5  35.334112 0.075109 -0.218889 -0.000481 0.433109 -0.024391 -35.334112 -0.075109 0.218889 0.000481 0.367500 0.299111  
 2 2 6  34.853244 0.075406 -0.218168 -0.000481 0.431002 -0.023751 -34.853244 -0.075406 0.218168 0.000481 0.366971 0.299556  
 3 3 7  36.665835 0.075688 -0.217581 -0.000481 0.429654 -0.022848 -36.665835 -0.075688 0.217581 0.000481 0.366171 0.299686  
 4 4 8  37.146808 0.075390 -0.218250 -0.000481 0.431663 -0.023495 -37.146808 -0.075390 0.218250 0.000481 0.366609 0.299244  
 5 5 10  23.574989 -0.396560 0.049341 -0.000110 -0.233630 -0.900536 -23.574989 0.396560 -0.049341 0.000110 0.053159 -0.549923  
 6 6 11  23.006741 -0.396445 0.049324 -0.000110 -0.233458 -0.900324 -23.006741 0.396445 -0.049324 0.000110 0.053049 -0.549715  
 7 7 12  24.424973 -0.396433 0.049508 -0.000110 -0.233711 -0.900311 -24.424973 0.396433 -0.049508 0.000110 0.052629 -0.549681  
 8 8 118  24.993297 -0.396550 0.049535 -0.000110 -0.233870 -0.900534 -24.993297 0.396550 -0.049535 0.000110 0.215753 0.755492  
 9 10 15  11.852987 -0.440663 0.251230 -0.000005 -0.469119 -0.713784 -11.852987 0.440663 -0.251230 0.000005 -0.449781 -0.897985  
 10 11 16  11.557843 -0.440592 0.251209 -0.000005 -0.469065 -0.713698 -11.557843 0.440592 -0.251209 0.000005 -0.449757 -0.897811  
 11 12 17  12.146993 -0.440618 0.251280 -0.000005 -0.469147 -0.713737 -12.146993 0.440618 -0.251280 0.000005 -0.449934 -0.897868  
 12 13 18  12.442177 -0.440638 0.251257 -0.000005 -0.469150 -0.713764 -12.442177 0.440638 -0.251257 0.000005 -0.449848 -0.897915  
 13 5 6  0.000000 0.043686 -0.000000 0.000317 0.000000 0.133316 0.000000 -0.043686 0.000000 -0.000317 0.000000 0.132997  
 14 6 7  0.000000 0.197184 -0.000000 -0.000515 0.000000 0.601085 0.000000 -0.197184 0.000000 0.000515 0.000000 0.600946  
 15 7 8  0.000000 0.043679 0.000000 0.000322 -0.000000 0.132975 0.000000 -0.043679 -0.000000 -0.000322 -0.000000 0.133293  
 16 8 5  0.000000 0.197191 0.000000 -0.000555 -0.000000 0.600968 0.000000 -0.197191 -0.000000 0.000555 -0.000000 0.601107  
 17 10 11  0.000000 -0.136556 0.000000 0.000133 -0.000000 -0.416195 0.000000 0.136556 -0.000000 -0.000133 -0.000000 -0.416253  
 18 11 12  0.000000 0.414545 -0.000000 -0.000237 0.000000 1.263546 0.000000 -0.414545 0.000000 0.000237 0.000000 1.263521  
 19 12 13  0.000000 -0.136566 -0.000000 0.000103 0.000000 -0.416281 0.000000 0.136566 0.000000 -0.000103 0.000000 -0.416222  
 20 13 10  0.000000 0.414554 0.000000 -0.000235 -0.000000 1.263549 0.000000 -0.414554 -0.000000 0.000235 -0.000000 1.263573  
 21 15 16  0.000000 -0.147577 0.000000 0.000072 -0.000000 -0.449799 0.000000 0.147577 -0.000000 -0.000072 -0.000000 -0.449830  
 22 16 17  0.000000 0.294580 -0.000000 -0.000074 0.000000 0.897883 0.000000 -0.294580 0.000000 0.000074 0.000000 0.897877  
 23 17 18  0.000000 -0.147587 -0.000000 0.000009 0.000000 -0.449860 0.000000 0.147587 0.000000 -0.000009 0.000000 -0.449829  
 24 18 15  0.000000 0.294590 0.000000 -0.000018 -0.000000 0.897907 0.000000 -0.294590 -0.000000 0.000018 -0.000000 0.897913  
 118 118 128  24.993297 -0.396550 0.049535 -0.000110 -0.215753 -0.755492 -24.993297 0.396550 -0.049535 0.000110 0.197635 0.610449  
 128 128 138  24.993297 -0.396550 0.049535 -0.000110 -0.197635 -0.610449 -24.993297 0.396550 -0.049535 0.000110 0.179517 0.465407  
 138 138 148  24.993297 -0.396550 0.049535 -0.000110 -0.179517 -0.465407 -24.993297 0.396550 -0.049535 0.000110 0.161399 0.320365  
 148 148 158  24.993297 -0.396550 0.049535 -0.000110 -0.161399 -0.320365 -24.993297 0.396550 -0.049535 0.000110 0.143281 0.175323  
 158 158 168  24.993297 -0.396550 0.049535 -0.000110 -0.143281 -0.175323 -24.993297 0.396550 -0.049535 0.000110 0.125163 0.030281  
 168 168 178  24.993297 -0.396550 0.049535 -0.000110 -0.125163 -0.030281 -24.993297 0.396550 -0.049535 0.000110 0.107046 -0.114762  
 178 178 188  24.993297 -0.396550 0.049535 -0.000110 -0.107046 0.114762 -24.993297 0.396550 -0.049535 0.000110 0.088928 -0.259804  
 188 188 198  24.993297 -0.396550 0.049535 -0.000110 -0.088928 0.259804 -24.993297 0.396550 -0.049535 0.000110 0.070810 -0.404846  
 198 198 13  24.993297 -0.396550 0.049535 -0.000110 -0.070810 0.404846 -24.993297 0.396550 -0.049535 0.000110 0.052692 -0.549888  
