 1 1 5  29.458229 -6.035625 3.636287 -0.209722 -7.913185 -13.587978 -29.458229 6.035625 -3.636287 0.209722 -5.386900 -8.487923  
 2 2 6  18.773224 -5.434165 3.430298 -0.209722 -7.453136 -12.243336 -18.773224 5.434165 -3.430298 0.209722 -5.093521 -7.632665  
 3 3 7  42.390229 -6.245212 4.103853 -0.209722 -8.760447 -14.517523 -42.390229 6.245212 -4.103853 0.209722 -6.249806 -8.324965  
 4 4 8  53.378318 -6.639094 4.233307 -0.209722 -9.069687 -15.393344 -53.378318 6.639094 -4.233307 0.209722 -6.414056 -8.889807  
 5 5 10  20.171504 -4.538019 1.228245 0.017864 -1.813683 -7.959087 -20.171504 4.538019 -1.228245 -0.017864 -2.678746 -8.639171  
 6 6 11  14.559595 -4.215768 1.248608 0.017864 -1.960981 -7.420574 -14.559595 4.215768 -1.248608 -0.017864 -2.605927 -7.999020  
 7 7 12  27.712911 -4.438140 1.423460 0.017864 -2.189228 -7.601559 -27.712911 4.438140 -1.423460 -0.017864 -3.017219 -8.631382  
 8 8 118  33.555991 -4.438471 1.352536 0.017864 -2.036607 -7.689256 -33.555991 4.438471 -1.352536 -0.017864 1.541904 6.065841  
 9 10 15  10.797625 -3.272300 1.567950 0.018796 -2.553427 -5.051202 -10.797625 3.272300 -1.567950 -0.018796 -3.181505 -6.917564  
 10 11 16  8.702090 -3.128708 1.548888 0.018796 -2.520640 -4.839850 -8.702090 3.128708 -1.548888 -0.018796 -3.144573 -6.603714  
 11 12 17  13.142585 -3.170552 1.674283 0.018796 -2.729518 -4.783373 -13.142585 3.170552 -1.674283 -0.018796 -3.394338 -6.813238  
 12 13 18  15.357700 -3.298287 1.689218 0.018796 -2.760042 -4.964593 -15.357700 3.298287 -1.689218 -0.018796 -3.418443 -7.099221  
 13 5 6  0.000000 -2.545537 -0.000000 0.669487 0.000000 -7.798225 0.000000 2.545537 0.000000 -0.669487 0.000000 -7.719369  
 14 6 7  0.000000 5.240834 -0.000000 -0.664868 0.000000 15.722726 0.000000 -5.240834 0.000000 0.664868 0.000000 16.225395  
 15 7 8  0.000000 -2.563515 0.000000 0.298871 -0.000000 -7.774166 0.000000 2.563515 -0.000000 -0.298871 -0.000000 -7.853022  
 16 8 5  0.000000 5.258812 0.000000 -0.597642 -0.000000 16.280193 0.000000 -5.258812 -0.000000 0.597642 -0.000000 15.777523  
 17 10 11  0.000000 -1.772136 0.000000 0.383235 -0.000000 -5.408806 0.000000 1.772136 -0.000000 -0.383235 -0.000000 -5.394135  
 18 11 12  0.000000 4.370360 -0.000000 -0.267569 0.000000 13.222105 0.000000 -4.370360 0.000000 0.267569 0.000000 13.419607  
 19 12 13  0.000000 -1.800034 -0.000000 0.004851 0.000000 -5.479168 0.000000 1.800034 0.000000 -0.004851 0.000000 -5.493838  
 20 13 10  0.000000 4.398257 0.000000 -0.176633 -0.000000 13.504639 0.000000 -4.398257 -0.000000 0.176633 -0.000000 13.307138  
 21 15 16  0.000000 -1.062715 0.000000 0.111365 -0.000000 -3.254414 0.000000 1.062715 -0.000000 -0.111365 -0.000000 -3.223895  
 22 16 17  0.000000 2.235195 0.000000 -0.079323 -0.000000 6.715078 0.000000 -2.235195 -0.000000 0.079323 -0.000000 6.910669  
 23 17 18  0.000000 -1.092610 -0.000000 0.097432 0.000000 -3.315015 0.000000 1.092610 0.000000 -0.097432 0.000000 -3.345534  
 24 18 15  0.000000 2.265090 -0.000000 -0.072909 0.000000 7.001789 0.000000 -2.265090 0.000000 0.072909 0.000000 6.806199  
 118 118 128  33.555991 -4.438471 1.352536 0.017864 -1.541904 -6.065841 -33.555991 4.438471 -1.352536 -0.017864 1.047200 4.442426  
 128 128 138  33.555991 -4.438471 1.352536 0.017864 -1.047200 -4.442426 -33.555991 4.438471 -1.352536 -0.017864 0.552496 2.819010  
 138 138 148  33.555991 -4.438471 1.352536 0.017864 -0.552496 -2.819010 -33.555991 4.438471 -1.352536 -0.017864 0.057793 1.195595  
 148 148 158  33.555991 -4.438471 1.352536 0.017864 -0.057793 -1.195595 -33.555991 4.438471 -1.352536 -0.017864 -0.436911 -0.427820  
 158 158 168  33.555991 -4.438471 1.352536 0.017864 0.436911 0.427820 -33.555991 4.438471 -1.352536 -0.017864 -0.931615 -2.051236  
 168 168 178  33.555991 -4.438471 1.352536 0.017864 0.931615 2.051236 -33.555991 4.438471 -1.352536 -0.017864 -1.426319 -3.674651  
 178 178 188  33.555991 -4.438471 1.352536 0.017864 1.426319 3.674651 -33.555991 4.438471 -1.352536 -0.017864 -1.921022 -5.298066  
 188 188 198  33.555991 -4.438471 1.352536 0.017864 1.921022 5.298066 -33.555991 4.438471 -1.352536 -0.017864 -2.415726 -6.921482  
 198 198 13  33.555991 -4.438471 1.352536 0.017864 2.415726 6.921482 -33.555991 4.438471 -1.352536 -0.017864 -2.910430 -8.544897  
