 1 1 5  36.281666 7.635632 -7.826492 0.068775 17.400447 17.450309 -36.281666 -7.635632 7.826492 -0.068775 11.225730 10.477780  
 2 2 6  64.271899 8.802699 -8.385096 0.068775 19.145657 20.023046 -64.271899 -8.802699 8.385096 -0.068775 11.523672 12.173706  
 3 3 7  35.227519 8.138591 -7.262600 0.068775 16.641144 18.027293 -35.227519 -8.138591 7.262600 -0.068775 9.922541 11.740419  
 4 4 8  8.218917 6.640896 -6.374483 0.068775 14.243342 14.798372 -8.218917 -6.640896 6.374483 -0.068775 9.071966 9.491370  
 5 5 10  24.170968 5.599831 -6.383106 -0.056370 11.057210 9.488292 -24.170968 -5.599831 6.383106 0.056370 12.289638 10.993651  
 6 6 11  38.668836 6.238199 -6.268902 -0.056370 10.493684 10.429125 -38.668836 -6.238199 6.268902 0.056370 12.435453 12.387711  
 7 7 12  23.470565 6.382164 -5.587537 -0.056370 9.486723 11.074501 -23.470565 -6.382164 5.587537 0.056370 10.950254 12.268903  
 8 8 118  9.689631 5.034321 -5.004285 -0.056370 8.661134 8.723896 -9.689631 -5.034321 5.004285 0.056370 -6.830766 -6.882543  
 9 10 15  12.085822 2.937957 -2.945098 0.032483 4.148935 4.022932 -12.085822 -2.937957 2.945098 -0.032483 6.623057 6.722941  
 10 11 16  16.463404 3.166606 -2.851609 0.032483 3.761660 4.348584 -16.463404 -3.166606 2.851609 -0.032483 6.668386 7.233595  
 11 12 17  11.732996 3.232074 -2.648866 0.032483 3.514135 4.677769 -11.732996 -3.232074 2.648866 -0.032483 6.174359 7.143866  
 12 13 18  7.717779 3.000288 -2.730034 0.032483 3.869923 4.342177 -7.717779 -3.000288 2.730034 -0.032483 6.115451 6.631677  
 13 5 6  0.000000 6.713095 -0.000000 1.217530 0.000000 20.108870 0.000000 -6.713095 0.000000 -1.217530 0.000000 20.814160  
 14 6 7  0.000000 -6.889968 -0.000000 -1.203196 0.000000 -21.385301 0.000000 6.889968 0.000000 1.203196 0.000000 -20.615942  
 15 7 8  0.000000 6.646921 0.000000 2.198977 -0.000000 20.612461 0.000000 -6.646921 -0.000000 -2.198977 -0.000000 19.907170  
 16 8 5  0.000000 -6.823793 0.000000 -2.174071 -0.000000 -20.414243 0.000000 6.823793 -0.000000 2.174071 -0.000000 -21.183602  
 17 10 11  0.000000 5.015822 0.000000 0.724765 -0.000000 15.110607 0.000000 -5.015822 -0.000000 -0.724765 -0.000000 15.465841  
 18 11 12  0.000000 -5.189610 0.000000 -0.731272 -0.000000 -16.011529 0.000000 5.189610 -0.000000 0.731272 -0.000000 -15.624333  
 19 12 13  0.000000 4.927180 -0.000000 1.322339 0.000000 15.195661 0.000000 -4.927180 0.000000 -1.322339 0.000000 14.840427  
 20 13 10  0.000000 -5.100968 -0.000000 -1.327966 0.000000 -15.354153 0.000000 5.100968 0.000000 1.327966 0.000000 -15.741348  
 21 15 16  0.000000 2.143496 0.000000 0.117265 -0.000000 6.507315 0.000000 -2.143496 -0.000000 -0.117265 -0.000000 6.559434  
 22 16 17  0.000000 -2.319909 0.000000 -0.108952 -0.000000 -7.116330 0.000000 2.319909 -0.000000 0.108952 -0.000000 -7.025833  
 23 17 18  0.000000 2.052904 -0.000000 0.118033 0.000000 6.283311 0.000000 -2.052904 0.000000 -0.118033 0.000000 6.231192  
 24 18 15  0.000000 -2.229317 -0.000000 -0.115742 0.000000 -6.749710 0.000000 2.229317 0.000000 0.115742 0.000000 -6.840207  
 118 118 128  9.689631 5.034321 -5.004285 -0.056370 6.830766 6.882543 -9.689631 -5.034321 5.004285 0.056370 -5.000399 -5.041190  
 128 128 138  9.689631 5.034321 -5.004285 -0.056370 5.000399 5.041190 -9.689631 -5.034321 5.004285 0.056370 -3.170032 -3.199836  
 138 138 148  9.689631 5.034321 -5.004285 -0.056370 3.170032 3.199836 -9.689631 -5.034321 5.004285 0.056370 -1.339665 -1.358483  
 148 148 158  9.689631 5.034321 -5.004285 -0.056370 1.339665 1.358483 -9.689631 -5.034321 5.004285 0.056370 0.490702 0.482871  
 158 158 168  9.689631 5.034321 -5.004285 -0.056370 -0.490702 -0.482871 -9.689631 -5.034321 5.004285 0.056370 2.321069 2.324224  
 168 168 178  9.689631 5.034321 -5.004285 -0.056370 -2.321069 -2.324224 -9.689631 -5.034321 5.004285 0.056370 4.151436 4.165577  
 178 178 188  9.689631 5.034321 -5.004285 -0.056370 -4.151436 -4.165577 -9.689631 -5.034321 5.004285 0.056370 5.981803 6.006931  
 188 188 198  9.689631 5.034321 -5.004285 -0.056370 -5.981803 -6.006931 -9.689631 -5.034321 5.004285 0.056370 7.812171 7.848284  
 198 198 13  9.689631 5.034321 -5.004285 -0.056370 -7.812171 -7.848284 -9.689631 -5.034321 5.004285 0.056370 9.642538 9.689637  
