 1 1 5  35.448347 -0.242965 -0.387858 -0.000015 0.913909 -0.551843 -35.448347 0.242965 0.387858 0.000015 0.504722 -0.336825  
 2 2 6  36.219846 -0.242956 -0.387782 -0.000015 0.913616 -0.551844 -36.219846 0.242956 0.387782 0.000015 0.504734 -0.336792  
 3 3 7  36.551650 -0.242769 -0.387738 -0.000015 0.913534 -0.551277 -36.551650 0.242769 0.387738 0.000015 0.504658 -0.336675  
 4 4 8  35.780157 -0.242775 -0.387867 -0.000015 0.913931 -0.551280 -35.780157 0.242775 0.387867 0.000015 0.504730 -0.336693  
 5 5 10  23.841179 -0.082767 -0.212109 -0.000019 0.279528 -0.076357 -23.841179 0.082767 0.212109 0.000019 0.496282 -0.226374  
 6 6 11  24.098093 -0.082774 -0.212100 -0.000019 0.279518 -0.076359 -24.098093 0.082774 0.212100 0.000019 0.496260 -0.226396  
 7 7 12  24.158819 -0.082773 -0.212088 -0.000019 0.279488 -0.076397 -24.158819 0.082773 0.212088 0.000019 0.496246 -0.226354  
 8 8 118  23.901909 -0.082766 -0.212110 -0.000019 0.279526 -0.076398 -23.901909 0.082766 0.212110 0.000019 -0.201944 0.046125  
 9 10 15  11.998858 0.036587 0.028633 -0.000006 -0.136637 0.105406 -11.998858 -0.036587 -0.028633 0.000006 0.031907 0.028413  
 10 11 16  12.019789 0.036588 0.028631 -0.000006 -0.136621 0.105410 -12.019789 -0.036588 -0.028631 0.000006 0.031900 0.028415  
 11 12 17  12.001141 0.036583 0.028637 -0.000006 -0.136631 0.105384 -12.001141 -0.036583 -0.028637 0.000006 0.031888 0.028423  
 12 13 18  11.980212 0.036582 0.028639 -0.000006 -0.136647 0.105381 -11.980212 -0.036582 -0.028639 0.000006 0.031898 0.028421  
 13 5 6  0.000000 0.257292 0.000000 0.000015 -0.000000 0.784254 0.000000 -0.257292 -0.000000 -0.000015 -0.000000 0.784199  
 14 6 7  0.000000 0.135539 0.000000 -0.000052 -0.000000 0.413166 0.000000 -0.135539 -0.000000 0.000052 -0.000000 0.413081  
 15 7 8  0.000000 0.257292 -0.000000 0.000009 0.000000 0.784198 0.000000 -0.257292 0.000000 -0.000009 0.000000 0.784252  
 16 8 5  0.000000 0.135540 -0.000000 0.000004 0.000000 0.413082 0.000000 -0.135540 0.000000 -0.000004 0.000000 0.413168  
 17 10 11  0.000000 0.117991 -0.000000 -0.000010 0.000000 0.359645 0.000000 -0.117991 0.000000 0.000010 0.000000 0.359628  
 18 11 12  0.000000 0.039687 -0.000000 -0.000012 0.000000 0.120976 0.000000 -0.039687 0.000000 0.000012 0.000000 0.120958  
 19 12 13  0.000000 0.117990 0.000000 -0.000012 -0.000000 0.359626 0.000000 -0.117990 -0.000000 0.000012 -0.000000 0.359643  
 20 13 10  0.000000 0.039688 0.000000 -0.000000 -0.000000 0.120960 0.000000 -0.039688 -0.000000 0.000000 -0.000000 0.120978  
 21 15 16  0.000000 0.010466 -0.000000 -0.000000 0.000000 0.031904 0.000000 -0.010466 0.000000 0.000000 0.000000 0.031895  
 22 16 17  0.000000 -0.009324 -0.000000 -0.000005 0.000000 -0.028415 0.000000 0.009324 0.000000 0.000005 0.000000 -0.028423  
 23 17 18  0.000000 0.010465 0.000000 0.000000 -0.000000 0.031893 0.000000 -0.010465 -0.000000 -0.000000 -0.000000 0.031902  
 24 18 15  0.000000 -0.009323 0.000000 -0.000004 -0.000000 -0.028421 0.000000 0.009323 -0.000000 0.000004 -0.000000 -0.028413  
 118 118 128  23.901909 -0.082766 -0.212110 -0.000019 0.201944 -0.046125 -23.901909 0.082766 0.212110 0.000019 -0.124363 0.015853  
 128 128 138  23.901909 -0.082766 -0.212110 -0.000019 0.124363 -0.015853 -23.901909 0.082766 0.212110 0.000019 -0.046781 -0.014420  
 138 138 148  23.901909 -0.082766 -0.212110 -0.000019 0.046781 0.014420 -23.901909 0.082766 0.212110 0.000019 0.030800 -0.044693  
 148 148 158  23.901909 -0.082766 -0.212110 -0.000019 -0.030800 0.044693 -23.901909 0.082766 0.212110 0.000019 0.108382 -0.074965  
 158 158 168  23.901909 -0.082766 -0.212110 -0.000019 -0.108382 0.074965 -23.901909 0.082766 0.212110 0.000019 0.185963 -0.105238  
 168 168 178  23.901909 -0.082766 -0.212110 -0.000019 -0.185963 0.105238 -23.901909 0.082766 0.212110 0.000019 0.263545 -0.135510  
 178 178 188  23.901909 -0.082766 -0.212110 -0.000019 -0.263545 0.135510 -23.901909 0.082766 0.212110 0.000019 0.341127 -0.165783  
 188 188 198  23.901909 -0.082766 -0.212110 -0.000019 -0.341127 0.165783 -23.901909 0.082766 0.212110 0.000019 0.418708 -0.196056  
 198 198 13  23.901909 -0.082766 -0.212110 -0.000019 -0.418708 0.196056 -23.901909 0.082766 0.212110 0.000019 0.496290 -0.226328  
