 1 1 5  38.363352 0.056253 0.771340 0.000465 -1.867853 0.351284 -38.363352 -0.056253 -0.771340 -0.000465 -0.953399 -0.145534  
 2 2 6  36.320445 0.057214 0.772200 0.000465 -1.870552 0.353530 -36.320445 -0.057214 -0.772200 -0.000465 -0.953848 -0.144263  
 3 3 7  33.636548 0.057834 0.772896 0.000465 -1.872266 0.355544 -33.636548 -0.057834 -0.772896 -0.000465 -0.954680 -0.144010  
 4 4 8  35.679656 0.056888 0.771941 0.000465 -1.869420 0.353308 -35.679656 -0.056888 -0.771941 -0.000465 -0.954030 -0.145234  
 5 5 10  25.483453 0.463423 0.530833 0.000074 -0.796633 1.075556 -25.483453 -0.463423 -0.530833 -0.000074 -1.144941 0.619461  
 6 6 11  24.589374 0.463810 0.530840 0.000074 -0.796458 1.076142 -24.589374 -0.463810 -0.530840 -0.000074 -1.145143 0.620288  
 7 7 12  22.516476 0.463918 0.531206 0.000074 -0.797110 1.076241 -22.516476 -0.463918 -0.531206 -0.000074 -1.145831 0.620586  
 8 8 118  23.410698 0.463509 0.531164 0.000074 -0.797273 1.075578 -23.410698 -0.463509 -0.531164 -0.000074 0.602994 -0.906044  
 9 10 15  12.548650 0.694587 0.060084 0.001233 0.083389 1.168521 -12.548650 -0.694587 -0.060084 -0.001233 -0.303154 1.371999  
 10 11 16  12.350835 0.694211 0.060045 0.001233 0.083506 1.168096 -12.350835 -0.694211 -0.060045 -0.001233 -0.303126 1.371049  
 11 12 17  11.451318 0.693629 0.058704 0.001233 0.085052 1.167656 -11.451318 -0.693629 -0.058704 -0.001233 -0.299767 1.369360  
 12 13 18  11.649197 0.694220 0.058841 0.001233 0.084816 1.168326 -11.649197 -0.694220 -0.058841 -0.001233 -0.300033 1.370852  
 13 5 6  0.000000 -0.574421 0.000000 0.000906 -0.000000 -1.750646 0.000000 0.574421 -0.000000 -0.000906 -0.000000 -1.751026  
 14 6 7  0.000000 -0.305492 0.000000 -0.000720 -0.000000 -0.930973 0.000000 0.305492 -0.000000 0.000720 -0.000000 -0.931310  
 15 7 8  0.000000 -0.574436 -0.000000 0.000922 0.000000 -1.751070 0.000000 0.574436 0.000000 -0.000922 0.000000 -1.750690  
 16 8 5  0.000000 -0.305478 -0.000000 -0.000613 0.000000 -0.931265 0.000000 0.305478 0.000000 0.000613 0.000000 -0.930928  
 17 10 11  0.000000 -0.348142 -0.000000 0.000171 0.000000 -1.061094 0.000000 0.348142 0.000000 -0.000171 0.000000 -1.061178  
 18 11 12  0.000000 -0.586681 0.000000 0.000459 -0.000000 -1.788214 0.000000 0.586681 -0.000000 -0.000459 -0.000000 -1.788191  
 19 12 13  0.000000 -0.348161 0.000000 0.000051 -0.000000 -1.061238 0.000000 0.348161 -0.000000 -0.000051 -0.000000 -1.061154  
 20 13 10  0.000000 -0.586661 -0.000000 0.000458 0.000000 -1.788131 0.000000 0.586661 0.000000 -0.000458 0.000000 -1.788154  
 21 15 16  0.000000 -0.098916 -0.000000 -0.000499 0.000000 -0.301569 0.000000 0.098916 0.000000 0.000499 0.000000 -0.301422  
 22 16 17  0.000000 -0.449750 -0.000000 0.001704 0.000000 -1.371548 0.000000 0.449750 0.000000 -0.001704 0.000000 -1.370131  
 23 17 18  0.000000 -0.098932 0.000000 -0.000770 -0.000000 -0.301471 0.000000 0.098932 -0.000000 0.000770 -0.000000 -0.301618  
 24 18 15  0.000000 -0.449734 0.000000 0.001585 -0.000000 -1.370082 0.000000 0.449734 -0.000000 -0.001585 -0.000000 -1.371499  
 118 118 128  23.410698 0.463509 0.531164 0.000074 -0.602994 0.906044 -23.410698 -0.463509 -0.531164 -0.000074 0.408716 -0.736511  
 128 128 138  23.410698 0.463509 0.531164 0.000074 -0.408716 0.736511 -23.410698 -0.463509 -0.531164 -0.000074 0.214437 -0.566978  
 138 138 148  23.410698 0.463509 0.531164 0.000074 -0.214437 0.566978 -23.410698 -0.463509 -0.531164 -0.000074 0.020159 -0.397445  
 148 148 158  23.410698 0.463509 0.531164 0.000074 -0.020159 0.397445 -23.410698 -0.463509 -0.531164 -0.000074 -0.174119 -0.227911  
 158 158 168  23.410698 0.463509 0.531164 0.000074 0.174119 0.227911 -23.410698 -0.463509 -0.531164 -0.000074 -0.368398 -0.058378  
 168 168 178  23.410698 0.463509 0.531164 0.000074 0.368398 0.058378 -23.410698 -0.463509 -0.531164 -0.000074 -0.562676 0.111155  
 178 178 188  23.410698 0.463509 0.531164 0.000074 0.562676 -0.111155 -23.410698 -0.463509 -0.531164 -0.000074 -0.756955 0.280688  
 188 188 198  23.410698 0.463509 0.531164 0.000074 0.756955 -0.280688 -23.410698 -0.463509 -0.531164 -0.000074 -0.951233 0.450221  
 198 198 13  23.410698 0.463509 0.531164 0.000074 0.951233 -0.450221 -23.410698 -0.463509 -0.531164 -0.000074 -1.145512 0.619755  
