 1 1 5  35.273236 2.984378 -4.124842 -0.139659 9.304933 7.054881 -35.273236 -2.984378 4.124842 0.139659 5.782087 3.860781  
 2 2 6  52.777316 3.301396 -4.284405 -0.139659 9.937279 7.766081 -52.777316 -3.301396 4.284405 0.139659 5.733360 4.309105  
 3 3 7  36.590206 3.212199 -3.926500 -0.139659 9.120665 7.360721 -36.590206 -3.212199 3.926500 0.139659 5.240900 4.388218  
 4 4 8  19.359243 2.736641 -3.506901 -0.139659 7.988200 6.334923 -19.359243 -2.736641 3.506901 0.139659 4.838641 3.674617  
 5 5 10  23.802094 1.946363 -2.587021 -0.047027 4.833218 3.880647 -23.802094 -1.946363 2.587021 0.047027 4.629070 3.238369  
 6 6 11  34.896557 2.228937 -2.488143 -0.047027 4.612291 4.423019 -34.896557 -2.228937 2.488143 0.047027 4.488342 3.729539  
 7 7 12  24.089339 2.297070 -2.206977 -0.047027 4.089578 4.537395 -24.089339 -2.297070 2.206977 0.047027 3.982661 3.864370  
 8 8 118  13.212010 1.801473 -2.028310 -0.047027 3.772316 3.551404 -13.212010 -1.801473 2.028310 0.047027 -3.030441 -2.892497  
 9 10 15  11.992627 3.423612 -3.541315 0.010496 6.065648 5.919247 -11.992627 -3.423612 3.541315 -0.010496 6.887067 6.602956  
 10 11 16  16.454119 3.665615 -3.576541 0.010496 6.048768 6.305370 -16.454119 -3.665615 3.576541 -0.010496 7.032790 7.101984  
 11 12 17  11.946128 3.612991 -3.342300 0.010496 5.701503 6.259125 -11.946128 -3.612991 3.342300 -0.010496 6.523292 6.955751  
 12 13 18  7.607126 3.336777 -3.271121 0.010496 5.583694 5.757925 -7.607126 -3.336777 3.271121 -0.010496 6.380757 6.446672  
 13 5 6  0.000000 3.197811 0.000000 0.474019 -0.000000 9.634460 0.000000 -3.197811 -0.000000 -0.474019 -0.000000 9.859394  
 14 6 7  0.000000 -2.682948 0.000000 -0.486257 -0.000000 -8.258106 0.000000 2.682948 -0.000000 0.486257 -0.000000 -8.097146  
 15 7 8  0.000000 3.183815 -0.000000 0.828467 0.000000 9.816735 0.000000 -3.183815 0.000000 -0.828467 0.000000 9.591801  
 16 8 5  0.000000 -2.668953 -0.000000 -0.980845 0.000000 -8.054488 0.000000 2.668953 0.000000 0.980845 0.000000 -8.215447  
 17 10 11  0.000000 3.304655 0.000000 0.402588 -0.000000 9.998481 0.000000 -3.304655 -0.000000 -0.402588 -0.000000 10.146696  
 18 11 12  0.000000 -3.137783 0.000000 -0.390414 -0.000000 -9.632321 0.000000 3.137783 -0.000000 0.390414 -0.000000 -9.495602  
 19 12 13  0.000000 3.280994 -0.000000 0.627893 0.000000 10.074578 0.000000 -3.280994 0.000000 -0.627893 0.000000 9.926363  
 20 13 10  0.000000 -3.114122 -0.000000 -0.696238 0.000000 -9.423484 0.000000 3.114122 0.000000 0.696238 0.000000 -9.560204  
 21 15 16  0.000000 2.215435 -0.000000 0.202845 0.000000 6.680581 0.000000 -2.215435 0.000000 -0.202845 0.000000 6.824710  
 22 16 17  0.000000 -2.238684 -0.000000 -0.208079 0.000000 -6.899139 0.000000 2.238684 0.000000 0.208079 0.000000 -6.747881  
 23 17 18  0.000000 2.184812 0.000000 0.207871 -0.000000 6.731372 0.000000 -2.184812 -0.000000 -0.207871 -0.000000 6.587243  
 24 18 15  0.000000 -2.208062 0.000000 -0.206485 -0.000000 -6.654542 0.000000 2.208062 -0.000000 0.206485 -0.000000 -6.805801  
 118 118 128  13.212010 1.801473 -2.028310 -0.047027 3.030441 2.892497 -13.212010 -1.801473 2.028310 0.047027 -2.288566 -2.233590  
 128 128 138  13.212010 1.801473 -2.028310 -0.047027 2.288566 2.233590 -13.212010 -1.801473 2.028310 0.047027 -1.546692 -1.574683  
 138 138 148  13.212010 1.801473 -2.028310 -0.047027 1.546692 1.574683 -13.212010 -1.801473 2.028310 0.047027 -0.804817 -0.915776  
 148 148 158  13.212010 1.801473 -2.028310 -0.047027 0.804817 0.915776 -13.212010 -1.801473 2.028310 0.047027 -0.062942 -0.256869  
 158 158 168  13.212010 1.801473 -2.028310 -0.047027 0.062942 0.256869 -13.212010 -1.801473 2.028310 0.047027 0.678933 0.402038  
 168 168 178  13.212010 1.801473 -2.028310 -0.047027 -0.678933 -0.402038 -13.212010 -1.801473 2.028310 0.047027 1.420807 1.060945  
 178 178 188  13.212010 1.801473 -2.028310 -0.047027 -1.420807 -1.060945 -13.212010 -1.801473 2.028310 0.047027 2.162682 1.719852  
 188 188 198  13.212010 1.801473 -2.028310 -0.047027 -2.162682 -1.719852 -13.212010 -1.801473 2.028310 0.047027 2.904557 2.378759  
 198 198 13  13.212010 1.801473 -2.028310 -0.047027 -2.904557 -2.378759 -13.212010 -1.801473 2.028310 0.047027 3.646432 3.037666  
