 1 1 5  35.814542 -0.342722 0.073523 -0.000021 -0.210392 -0.827915 -35.814542 0.342722 -0.073523 0.000021 -0.058525 -0.425624  
 2 2 6  35.184523 -0.342689 0.073641 -0.000021 -0.210774 -0.827853 -35.184523 0.342689 -0.073641 0.000021 -0.058577 -0.425567  
 3 3 7  36.185451 -0.342629 0.073699 -0.000021 -0.210884 -0.827661 -36.185451 0.342629 -0.073699 0.000021 -0.058676 -0.425539  
 4 4 8  36.815483 -0.342654 0.073551 -0.000021 -0.210462 -0.827713 -36.815483 0.342654 -0.073551 0.000021 -0.058558 -0.425579  
 5 5 10  23.972961 -0.220401 0.108639 -0.000009 -0.227751 -0.343605 -23.972961 0.220401 -0.108639 0.000009 -0.169605 -0.462534  
 6 6 11  23.530819 -0.220397 0.108639 -0.000009 -0.227726 -0.343602 -23.530819 0.220397 -0.108639 0.000009 -0.169634 -0.462522  
 7 7 12  24.027034 -0.220394 0.108651 -0.000009 -0.227735 -0.343611 -24.027034 0.220394 -0.108651 0.000009 -0.169667 -0.462501  
 8 8 118  24.469186 -0.220397 0.108646 -0.000009 -0.227760 -0.343613 -24.469186 0.220397 -0.108646 0.000009 0.188022 0.263001  
 9 10 15  12.018187 -0.080302 0.137852 -0.000001 -0.223706 -0.068644 -12.018187 0.080302 -0.137852 0.000001 -0.280502 -0.225069  
 10 11 16  11.834130 -0.080304 0.137848 -0.000001 -0.223685 -0.068648 -11.834130 0.080304 -0.137848 0.000001 -0.280508 -0.225072  
 11 12 17  11.981811 -0.080307 0.137847 -0.000001 -0.223682 -0.068661 -11.981811 0.080307 -0.137847 0.000001 -0.280509 -0.225069  
 12 13 18  12.165872 -0.080305 0.137851 -0.000001 -0.223702 -0.068657 -12.165872 0.080305 -0.137851 0.000001 -0.280503 -0.225067  
 13 5 6  0.000000 -0.093939 -0.000000 0.000028 0.000000 -0.286296 0.000000 0.093939 0.000000 -0.000028 0.000000 -0.286356  
 14 6 7  0.000000 0.252357 0.000000 -0.000053 -0.000000 0.769197 0.000000 -0.252357 -0.000000 0.000053 -0.000000 0.769169  
 15 7 8  0.000000 -0.093940 0.000000 0.000020 -0.000000 -0.286359 0.000000 0.093940 -0.000000 -0.000020 -0.000000 -0.286299  
 16 8 5  0.000000 0.252358 -0.000000 -0.000019 0.000000 0.769172 0.000000 -0.252358 0.000000 0.000019 0.000000 0.769200  
 17 10 11  0.000000 -0.129044 0.000000 0.000002 -0.000000 -0.393317 0.000000 0.129044 -0.000000 -0.000002 -0.000000 -0.393332  
 18 11 12  0.000000 0.174268 -0.000000 -0.000013 0.000000 0.531172 0.000000 -0.174268 0.000000 0.000013 0.000000 0.531164  
 19 12 13  0.000000 -0.129045 -0.000000 0.000002 0.000000 -0.393336 0.000000 0.129045 0.000000 -0.000002 0.000000 -0.393320  
 20 13 10  0.000000 0.174269 0.000000 -0.000006 -0.000000 0.531168 0.000000 -0.174269 -0.000000 0.000006 -0.000000 0.531175  
 21 15 16  0.000000 -0.092029 0.000000 -0.000003 -0.000000 -0.280501 0.000000 0.092029 -0.000000 0.000003 -0.000000 -0.280507  
 22 16 17  0.000000 0.073841 0.000000 0.000001 -0.000000 0.225069 0.000000 -0.073841 -0.000000 -0.000001 -0.000000 0.225067  
 23 17 18  0.000000 -0.092030 -0.000000 -0.000003 0.000000 -0.280510 0.000000 0.092030 0.000000 0.000003 0.000000 -0.280504  
 24 18 15  0.000000 0.073842 -0.000000 0.000001 0.000000 0.225070 0.000000 -0.073842 0.000000 -0.000001 0.000000 0.225072  
 118 118 128  24.469186 -0.220397 0.108646 -0.000009 -0.188022 -0.263001 -24.469186 0.220397 -0.108646 0.000009 0.148284 0.182388  
 128 128 138  24.469186 -0.220397 0.108646 -0.000009 -0.148284 -0.182388 -24.469186 0.220397 -0.108646 0.000009 0.108545 0.101775  
 138 138 148  24.469186 -0.220397 0.108646 -0.000009 -0.108545 -0.101775 -24.469186 0.220397 -0.108646 0.000009 0.068807 0.021163  
 148 148 158  24.469186 -0.220397 0.108646 -0.000009 -0.068807 -0.021163 -24.469186 0.220397 -0.108646 0.000009 0.029068 -0.059450  
 158 158 168  24.469186 -0.220397 0.108646 -0.000009 -0.029068 0.059450 -24.469186 0.220397 -0.108646 0.000009 -0.010670 -0.140062  
 168 168 178  24.469186 -0.220397 0.108646 -0.000009 0.010670 0.140062 -24.469186 0.220397 -0.108646 0.000009 -0.050408 -0.220675  
 178 178 188  24.469186 -0.220397 0.108646 -0.000009 0.050408 0.220675 -24.469186 0.220397 -0.108646 0.000009 -0.090147 -0.301288  
 188 188 198  24.469186 -0.220397 0.108646 -0.000009 0.090147 0.301288 -24.469186 0.220397 -0.108646 0.000009 -0.129885 -0.381900  
 198 198 13  24.469186 -0.220397 0.108646 -0.000009 0.129885 0.381900 -24.469186 0.220397 -0.108646 0.000009 -0.169624 -0.462513  
