 1 1 5  30.998543 -0.275117 -1.812608 0.020754 4.261145 -1.098564 -30.998543 0.275117 1.812608 -0.020754 2.368650 0.092296  
 2 2 6  35.336650 -0.286447 -1.830045 0.020754 4.314558 -1.129256 -35.336650 0.286447 1.830045 -0.020754 2.379014 0.081546  
 3 3 7  41.003188 -0.289959 -1.846099 0.020754 4.355052 -1.145469 -41.003188 0.289959 1.846099 -0.020754 2.397240 0.084916  
 4 4 8  36.661619 -0.283670 -1.841410 0.020754 4.336009 -1.129652 -36.661619 0.283670 1.841410 -0.020754 2.399134 0.092099  
 5 5 10  20.998476 -1.107653 -0.964471 0.014657 1.364239 -2.401361 -20.998476 1.107653 0.964471 -0.014657 2.163411 -1.649992  
 6 6 11  22.864044 -1.119007 -0.967486 0.014657 1.366793 -2.423204 -22.864044 1.119007 0.967486 -0.014657 2.171884 -1.669677  
 7 7 12  27.002814 -1.117241 -0.985513 0.014657 1.398959 -2.426285 -27.002814 1.117241 0.985513 -0.014657 2.205653 -1.660134  
 8 8 118  25.134666 -1.108980 -0.985296 0.014657 1.401259 -2.410593 -25.134666 1.108980 0.985296 -0.014657 -1.040877 2.004973  
 9 10 15  10.942418 -1.257946 -0.177013 -0.006825 -0.006720 -2.071259 -10.942418 1.257946 0.177013 0.006825 0.654163 -2.529804  
 10 11 16  11.379855 -1.271846 -0.176046 -0.006825 -0.011533 -2.094551 -11.379855 1.271846 0.176046 0.006825 0.655439 -2.557352  
 11 12 17  13.058331 -1.282231 -0.183509 -0.006825 -0.010034 -2.108893 -13.058331 1.282231 0.183509 0.006825 0.681236 -2.580993  
 12 13 18  12.619396 -1.272368 -0.184357 -0.006825 -0.006038 -2.094540 -12.619396 1.272368 0.184357 0.006825 0.680344 -2.559272  
 13 5 6  0.000000 1.236380 -0.000000 -0.015961 0.000000 3.766305 0.000000 -1.236380 0.000000 0.015961 0.000000 3.770667  
 14 6 7  0.000000 0.763774 0.000000 0.024860 -0.000000 2.325697 0.000000 -0.763774 -0.000000 -0.024860 -0.000000 2.330267  
 15 7 8  0.000000 1.236600 0.000000 -0.011102 -0.000000 3.771338 0.000000 -1.236600 -0.000000 0.011102 -0.000000 3.766977  
 16 8 5  0.000000 0.763553 -0.000000 0.033416 0.000000 2.329596 0.000000 -0.763553 0.000000 -0.033416 0.000000 2.325026  
 17 10 11  0.000000 0.714200 -0.000000 -0.021076 0.000000 2.176194 0.000000 -0.714200 0.000000 0.021076 0.000000 2.177572  
 18 11 12  0.000000 1.230012 -0.000000 0.017221 0.000000 3.743152 0.000000 -1.230012 0.000000 -0.017221 0.000000 3.755002  
 19 12 13  0.000000 0.714471 0.000000 -0.014026 -0.000000 2.178398 0.000000 -0.714471 -0.000000 0.014026 -0.000000 2.177019  
 20 13 10  0.000000 1.229741 0.000000 0.019502 -0.000000 3.754176 0.000000 -1.229741 -0.000000 -0.019502 -0.000000 3.742327  
 21 15 16  0.000000 0.218906 0.000000 -0.013204 -0.000000 0.666683 0.000000 -0.218906 -0.000000 0.013204 -0.000000 0.667767  
 22 16 17  0.000000 0.839051 0.000000 0.012328 -0.000000 2.544149 0.000000 -0.839051 -0.000000 -0.012328 -0.000000 2.570703  
 23 17 18  0.000000 0.219280 -0.000000 -0.010290 0.000000 0.668908 0.000000 -0.219280 0.000000 0.010290 0.000000 0.667824  
 24 18 15  0.000000 0.838676 -0.000000 0.012520 0.000000 2.569562 0.000000 -0.838676 0.000000 -0.012520 0.000000 2.543007  
 118 118 128  25.134666 -1.108980 -0.985296 0.014657 1.040877 -2.004973 -25.134666 1.108980 0.985296 -0.014657 -0.680495 1.599353  
 128 128 138  25.134666 -1.108980 -0.985296 0.014657 0.680495 -1.599353 -25.134666 1.108980 0.985296 -0.014657 -0.320113 1.193732  
 138 138 148  25.134666 -1.108980 -0.985296 0.014657 0.320113 -1.193732 -25.134666 1.108980 0.985296 -0.014657 0.040269 0.788112  
 148 148 158  25.134666 -1.108980 -0.985296 0.014657 -0.040269 -0.788112 -25.134666 1.108980 0.985296 -0.014657 0.400650 0.382491  
 158 158 168  25.134666 -1.108980 -0.985296 0.014657 -0.400650 -0.382491 -25.134666 1.108980 0.985296 -0.014657 0.761032 -0.023129  
 168 168 178  25.134666 -1.108980 -0.985296 0.014657 -0.761032 0.023129 -25.134666 1.108980 0.985296 -0.014657 1.121414 -0.428749  
 178 178 188  25.134666 -1.108980 -0.985296 0.014657 -1.121414 0.428749 -25.134666 1.108980 0.985296 -0.014657 1.481796 -0.834370  
 188 188 198  25.134666 -1.108980 -0.985296 0.014657 -1.481796 0.834370 -25.134666 1.108980 0.985296 -0.014657 1.842178 -1.239990  
 198 198 13  25.134666 -1.108980 -0.985296 0.014657 -1.842178 1.239990 -25.134666 1.108980 0.985296 -0.014657 2.202560 -1.645610  
