 1 1 5  35.448216 -0.238888 -0.209848 0.000037 0.508100 -0.557204 -35.448216 0.238888 0.209848 -0.000037 0.259441 -0.316551  
 2 2 6  35.999666 -0.238838 -0.209739 0.000037 0.507745 -0.557102 -35.999666 0.238838 0.209739 -0.000037 0.259395 -0.316473  
 3 3 7  36.551776 -0.238765 -0.209708 0.000037 0.507677 -0.556882 -36.551776 0.238765 0.209708 -0.000037 0.259351 -0.316426  
 4 4 8  36.000342 -0.238814 -0.209829 0.000037 0.508050 -0.556984 -36.000342 0.238814 0.209829 -0.000037 0.259422 -0.316503  
 5 5 10  23.755656 -0.105548 -0.144664 -0.000002 0.216452 -0.144730 -23.755656 0.105548 0.144664 0.000002 0.312671 -0.241324  
 6 6 11  23.994866 -0.105542 -0.144656 -0.000002 0.216459 -0.144725 -23.994866 0.105542 0.144656 0.000002 0.312636 -0.241305  
 7 7 12  24.244338 -0.105541 -0.144647 -0.000002 0.216442 -0.144741 -24.244338 0.105541 0.144647 0.000002 0.312619 -0.241284  
 8 8 118  24.005140 -0.105548 -0.144657 -0.000002 0.216440 -0.144747 -24.005140 0.105548 0.144657 0.000002 -0.163530 0.106142  
 9 10 15  11.937929 -0.037973 -0.014188 -0.000004 -0.027046 -0.028639 -11.937929 0.037973 0.014188 0.000004 0.078940 -0.110253  
 10 11 16  11.989727 -0.037976 -0.014192 -0.000004 -0.027025 -0.028645 -11.989727 0.037976 0.014192 0.000004 0.078935 -0.110255  
 11 12 17  12.062068 -0.037978 -0.014192 -0.000004 -0.027024 -0.028657 -12.062068 0.037978 0.014192 0.000004 0.078933 -0.110252  
 12 13 18  12.010276 -0.037976 -0.014188 -0.000004 -0.027046 -0.028651 -12.010276 0.037976 0.014188 0.000004 0.078939 -0.110250  
 13 5 6  0.000000 0.156119 0.000000 0.000040 -0.000000 0.475879 0.000000 -0.156119 -0.000000 -0.000040 -0.000000 0.475826  
 14 6 7  0.000000 0.151319 0.000000 -0.000029 -0.000000 0.461237 0.000000 -0.151319 -0.000000 0.000029 -0.000000 0.461206  
 15 7 8  0.000000 0.156118 -0.000000 0.000040 0.000000 0.475822 0.000000 -0.156118 0.000000 -0.000040 0.000000 0.475875  
 16 8 5  0.000000 0.151321 -0.000000 -0.000014 0.000000 0.461210 0.000000 -0.151321 0.000000 0.000014 0.000000 0.461241  
 17 10 11  0.000000 0.093705 0.000000 0.000004 -0.000000 0.285620 0.000000 -0.093705 -0.000000 -0.000004 -0.000000 0.285605  
 18 11 12  0.000000 0.088566 0.000000 -0.000006 -0.000000 0.269954 0.000000 -0.088566 -0.000000 0.000006 -0.000000 0.269946  
 19 12 13  0.000000 0.093703 -0.000000 0.000005 0.000000 0.285601 0.000000 -0.093703 0.000000 -0.000005 0.000000 0.285616  
 20 13 10  0.000000 0.088568 -0.000000 -0.000004 0.000000 0.269950 0.000000 -0.088568 0.000000 0.000004 0.000000 0.269958  
 21 15 16  0.000000 0.025899 -0.000000 -0.000003 0.000000 0.078942 0.000000 -0.025899 0.000000 0.000003 0.000000 0.078936  
 22 16 17  0.000000 0.036171 -0.000000 0.000002 0.000000 0.110252 0.000000 -0.036171 0.000000 -0.000002 0.000000 0.110249  
 23 17 18  0.000000 0.025897 0.000000 -0.000003 -0.000000 0.078932 0.000000 -0.025897 -0.000000 0.000003 -0.000000 0.078937  
 24 18 15  0.000000 0.036173 0.000000 0.000002 -0.000000 0.110254 0.000000 -0.036173 -0.000000 -0.000002 -0.000000 0.110256  
 118 118 128  24.005140 -0.105548 -0.144657 -0.000002 0.163530 -0.106142 -24.005140 0.105548 0.144657 0.000002 -0.110621 0.067536  
 128 128 138  24.005140 -0.105548 -0.144657 -0.000002 0.110621 -0.067536 -24.005140 0.105548 0.144657 0.000002 -0.057711 0.028931  
 138 138 148  24.005140 -0.105548 -0.144657 -0.000002 0.057711 -0.028931 -24.005140 0.105548 0.144657 0.000002 -0.004801 -0.009674  
 148 148 158  24.005140 -0.105548 -0.144657 -0.000002 0.004801 0.009674 -24.005140 0.105548 0.144657 0.000002 0.048108 -0.048279  
 158 158 168  24.005140 -0.105548 -0.144657 -0.000002 -0.048108 0.048279 -24.005140 0.105548 0.144657 0.000002 0.101018 -0.086884  
 168 168 178  24.005140 -0.105548 -0.144657 -0.000002 -0.101018 0.086884 -24.005140 0.105548 0.144657 0.000002 0.153928 -0.125489  
 178 178 188  24.005140 -0.105548 -0.144657 -0.000002 -0.153928 0.125489 -24.005140 0.105548 0.144657 0.000002 0.206837 -0.164094  
 188 188 198  24.005140 -0.105548 -0.144657 -0.000002 -0.206837 0.164094 -24.005140 0.105548 0.144657 0.000002 0.259747 -0.202700  
 198 198 13  24.005140 -0.105548 -0.144657 -0.000002 -0.259747 0.202700 -24.005140 0.105548 0.144657 0.000002 0.312657 -0.241305  
