 1 1 5  29.400837 -1.422211 -1.995695 -0.084820 5.033090 -3.226267 -29.400837 1.422211 1.995695 0.084820 2.266364 -1.975610  
 2 2 6  39.741354 -1.514458 -2.056123 -0.084820 5.270611 -3.458642 -39.741354 1.514458 2.056123 0.084820 2.249866 -2.080640  
 3 3 7  42.598564 -1.528048 -2.078469 -0.084820 5.331149 -3.501525 -42.598564 1.528048 2.078469 0.084820 2.271059 -2.087464  
 4 4 8  32.259245 -1.447246 -2.035086 -0.084820 5.131387 -3.291722 -32.259245 1.447246 2.035086 0.084820 2.312144 -2.001725  
 5 5 10  20.379133 -0.718288 -2.044889 -0.145584 3.803426 -0.920855 -20.379133 0.718288 2.044889 0.145584 3.675960 -1.706355  
 6 6 11  26.733471 -0.787707 -2.057862 -0.145584 3.831180 -1.025568 -26.733471 0.787707 2.057862 0.145584 3.695656 -1.855551  
 7 7 12  27.619405 -0.791637 -2.068407 -0.145584 3.849462 -1.026342 -27.619405 0.791637 2.068407 0.145584 3.715943 -1.869149  
 8 8 118  21.267991 -0.704212 -2.000132 -0.145584 3.721507 -0.893435 -21.267991 0.704212 2.000132 0.145584 -2.989939 0.635863  
 9 10 15  10.828421 0.110521 -1.637559 0.022064 2.502527 0.464973 -10.828421 -0.110521 1.637559 -0.022064 3.487011 -0.060732  
 10 11 16  13.133527 0.123458 -1.647904 0.022064 2.493642 0.506249 -13.133527 -0.123458 1.647904 -0.022064 3.533732 -0.054689  
 11 12 17  13.170871 0.122347 -1.649292 0.022064 2.496012 0.502709 -13.170871 -0.122347 1.649292 -0.022064 3.536438 -0.055213  
 12 13 18  10.867181 0.109493 -1.639336 0.022064 2.505606 0.461810 -10.867181 -0.109493 1.639336 -0.022064 3.490430 -0.061326  
 13 5 6  0.000000 1.993305 -0.000000 -0.104213 0.000000 6.051062 0.000000 -1.993305 0.000000 0.104213 0.000000 6.100126  
 14 6 7  0.000000 0.985422 0.000000 0.019080 -0.000000 3.001994 0.000000 -0.985422 -0.000000 -0.019080 -0.000000 3.005141  
 15 7 8  0.000000 1.993737 0.000000 -0.108665 -0.000000 6.101441 0.000000 -1.993737 -0.000000 0.108665 -0.000000 6.052378  
 16 8 5  0.000000 0.984991 -0.000000 -0.018727 0.000000 3.003825 0.000000 -0.984991 0.000000 0.018727 0.000000 3.000679  
 17 10 11  0.000000 2.024427 -0.000000 -0.054535 0.000000 6.139708 0.000000 -2.024427 0.000000 0.054535 0.000000 6.201200  
 18 11 12  0.000000 0.424484 0.000000 0.011903 -0.000000 1.294767 0.000000 -0.424484 -0.000000 -0.011903 -0.000000 1.292886  
 19 12 13  0.000000 2.024050 0.000000 -0.073554 -0.000000 6.200051 0.000000 -2.024050 -0.000000 0.073554 -0.000000 6.138559  
 20 13 10  0.000000 0.424861 -0.000000 -0.038779 0.000000 1.294035 0.000000 -0.424861 0.000000 0.038779 0.000000 1.295916  
 21 15 16  0.000000 1.152376 -0.000000 0.002482 0.000000 3.489260 0.000000 -1.152376 0.000000 -0.002482 0.000000 3.535624  
 22 16 17  0.000000 0.018849 0.000000 0.001893 -0.000000 0.057171 0.000000 -0.018849 -0.000000 -0.001893 -0.000000 0.057730  
 23 17 18  0.000000 1.152022 0.000000 0.002517 -0.000000 3.534545 0.000000 -1.152022 -0.000000 -0.002517 -0.000000 3.488181  
 24 18 15  0.000000 0.019203 -0.000000 0.002249 0.000000 0.058810 0.000000 -0.019203 0.000000 -0.002249 0.000000 0.058250  
 118 118 128  21.267991 -0.704212 -2.000132 -0.145584 2.989939 -0.635863 -21.267991 0.704212 2.000132 0.145584 -2.258371 0.378290  
 128 128 138  21.267991 -0.704212 -2.000132 -0.145584 2.258371 -0.378290 -21.267991 0.704212 2.000132 0.145584 -1.526802 0.120717  
 138 138 148  21.267991 -0.704212 -2.000132 -0.145584 1.526802 -0.120717 -21.267991 0.704212 2.000132 0.145584 -0.795234 -0.136855  
 148 148 158  21.267991 -0.704212 -2.000132 -0.145584 0.795234 0.136855 -21.267991 0.704212 2.000132 0.145584 -0.063666 -0.394428  
 158 158 168  21.267991 -0.704212 -2.000132 -0.145584 0.063666 0.394428 -21.267991 0.704212 2.000132 0.145584 0.667902 -0.652001  
 168 168 178  21.267991 -0.704212 -2.000132 -0.145584 -0.667902 0.652001 -21.267991 0.704212 2.000132 0.145584 1.399470 -0.909573  
 178 178 188  21.267991 -0.704212 -2.000132 -0.145584 -1.399470 0.909573 -21.267991 0.704212 2.000132 0.145584 2.131038 -1.167146  
 188 188 198  21.267991 -0.704212 -2.000132 -0.145584 -2.131038 1.167146 -21.267991 0.704212 2.000132 0.145584 2.862606 -1.424719  
 198 198 13  21.267991 -0.704212 -2.000132 -0.145584 -2.862606 1.424719 -21.267991 0.704212 2.000132 0.145584 3.594174 -1.682291  
