 1 1 5  35.816743 0.032898 -0.277009 0.000030 0.674922 0.113558 -35.816743 -0.032898 0.277009 -0.000030 0.338265 0.006771  
 2 2 6  36.554488 0.032906 -0.276844 0.000030 0.674419 0.113568 -36.554488 -0.032906 0.276844 -0.000030 0.338165 0.006789  
 3 3 7  36.183259 0.033004 -0.276840 0.000030 0.674432 0.113862 -36.183259 -0.033004 0.276840 -0.000030 0.338139 0.006853  
 4 4 8  35.445510 0.032975 -0.277015 0.000030 0.674958 0.113821 -35.445510 -0.032975 0.277015 -0.000030 0.338253 0.006789  
 5 5 10  23.961880 0.100687 -0.203023 0.000003 0.305654 0.194736 -23.961880 -0.100687 0.203023 -0.000003 0.436924 0.173537  
 6 6 11  24.277120 0.100673 -0.203025 0.000003 0.305693 0.194705 -24.277120 -0.100673 0.203025 -0.000003 0.436892 0.173518  
 7 7 12  24.038122 0.100682 -0.203036 0.000003 0.305721 0.194698 -24.038122 -0.100682 0.203036 -0.000003 0.436903 0.173556  
 8 8 118  23.722878 0.100694 -0.203042 0.000003 0.305701 0.194734 -23.722878 -0.100694 0.203042 -0.000003 -0.231436 -0.157905  
 9 10 15  12.009458 0.052142 -0.011892 -0.000004 -0.052343 0.066044 -12.009458 -0.052142 0.011892 0.000004 0.095840 0.124673  
 10 11 16  12.072344 0.052134 -0.011896 -0.000004 -0.052323 0.066029 -12.072344 -0.052134 0.011896 0.000004 0.095832 0.124657  
 11 12 17  11.990543 0.052130 -0.011901 -0.000004 -0.052314 0.066009 -11.990543 -0.052130 0.011901 0.000004 0.095841 0.124660  
 12 13 18  11.927655 0.052138 -0.011898 -0.000004 -0.052334 0.066024 -11.927655 -0.052138 0.011898 0.000004 0.095851 0.124675  
 13 5 6  0.000000 0.211252 -0.000000 -0.000006 0.000000 0.643936 0.000000 -0.211252 0.000000 0.000006 0.000000 0.643859  
 14 6 7  0.000000 -0.066115 0.000000 0.000001 -0.000000 -0.201500 0.000000 0.066115 -0.000000 -0.000001 -0.000000 -0.201537  
 15 7 8  0.000000 0.211253 0.000000 0.000014 -0.000000 0.643859 0.000000 -0.211253 -0.000000 -0.000014 -0.000000 0.643936  
 16 8 5  0.000000 -0.066115 -0.000000 0.000017 0.000000 -0.201538 0.000000 0.066115 0.000000 -0.000017 0.000000 -0.201500  
 17 10 11  0.000000 0.126177 0.000000 -0.000016 -0.000000 0.384596 0.000000 -0.126177 -0.000000 0.000016 -0.000000 0.384579  
 18 11 12  0.000000 -0.078599 0.000000 0.000009 -0.000000 -0.239563 0.000000 0.078599 -0.000000 -0.000009 -0.000000 -0.239575  
 19 12 13  0.000000 0.126177 -0.000000 -0.000010 0.000000 0.384580 0.000000 -0.126177 0.000000 0.000010 0.000000 0.384597  
 20 13 10  0.000000 -0.078599 -0.000000 0.000015 0.000000 -0.239577 0.000000 0.078599 0.000000 -0.000015 0.000000 -0.239565  
 21 15 16  0.000000 0.031444 -0.000000 -0.000007 0.000000 0.095845 0.000000 -0.031444 0.000000 0.000007 0.000000 0.095836  
 22 16 17  0.000000 -0.040901 0.000000 0.000004 -0.000000 -0.124664 0.000000 0.040901 -0.000000 -0.000004 -0.000000 -0.124667  
 23 17 18  0.000000 0.031444 0.000000 -0.000007 -0.000000 0.095838 0.000000 -0.031444 -0.000000 0.000007 -0.000000 0.095846  
 24 18 15  0.000000 -0.040901 -0.000000 0.000005 0.000000 -0.124669 0.000000 0.040901 0.000000 -0.000005 0.000000 -0.124666  
 118 118 128  23.722878 0.100694 -0.203042 0.000003 0.231436 0.157905 -23.722878 -0.100694 0.203042 -0.000003 -0.157171 -0.121075  
 128 128 138  23.722878 0.100694 -0.203042 0.000003 0.157171 0.121075 -23.722878 -0.100694 0.203042 -0.000003 -0.082907 -0.084245  
 138 138 148  23.722878 0.100694 -0.203042 0.000003 0.082907 0.084245 -23.722878 -0.100694 0.203042 -0.000003 -0.008642 -0.047415  
 148 148 158  23.722878 0.100694 -0.203042 0.000003 0.008642 0.047415 -23.722878 -0.100694 0.203042 -0.000003 0.065623 -0.010585  
 158 158 168  23.722878 0.100694 -0.203042 0.000003 -0.065623 0.010585 -23.722878 -0.100694 0.203042 -0.000003 0.139888 0.026244  
 168 168 178  23.722878 0.100694 -0.203042 0.000003 -0.139888 -0.026244 -23.722878 -0.100694 0.203042 -0.000003 0.214152 0.063074  
 178 178 188  23.722878 0.100694 -0.203042 0.000003 -0.214152 -0.063074 -23.722878 -0.100694 0.203042 -0.000003 0.288417 0.099904  
 188 188 198  23.722878 0.100694 -0.203042 0.000003 -0.288417 -0.099904 -23.722878 -0.100694 0.203042 -0.000003 0.362682 0.136734  
 198 198 13  23.722878 0.100694 -0.203042 0.000003 -0.362682 -0.136734 -23.722878 -0.100694 0.203042 -0.000003 0.436947 0.173564  
