 1 1 5  36.162594 0.046738 -0.092643 0.000026 0.194973 0.126902 -36.162594 -0.046738 0.092643 -0.000026 0.143878 0.044047  
 2 2 6  36.073583 0.046782 -0.092539 0.000026 0.194625 0.127002 -36.073583 -0.046782 0.092539 -0.000026 0.143845 0.044109  
 3 3 7  35.837399 0.046857 -0.092506 0.000026 0.194556 0.127225 -35.837399 -0.046857 0.092506 -0.000026 0.143796 0.044159  
 4 4 8  35.926424 0.046816 -0.092625 0.000026 0.194924 0.127133 -35.926424 -0.046816 0.092625 -0.000026 0.143861 0.044102  
 5 5 10  24.144214 0.063520 -0.004710 -0.000000 -0.043158 0.112605 -24.144214 -0.063520 0.004710 0.000000 0.060386 0.119727  
 6 6 11  23.989139 0.063528 -0.004702 -0.000000 -0.043163 0.112613 -23.989139 -0.063528 0.004702 0.000000 0.060361 0.119746  
 7 7 12  23.855781 0.063528 -0.004693 -0.000000 -0.043172 0.112592 -23.855781 -0.063528 0.004693 0.000000 0.060336 0.119768  
 8 8 118  24.010866 0.063520 -0.004703 -0.000000 -0.043171 0.112584 -24.010866 -0.063520 0.004703 0.000000 0.044891 -0.089351  
 9 10 15  12.065588 0.022827 0.081122 -0.000003 -0.158820 0.021474 -12.065588 -0.022827 -0.081122 0.000003 -0.137892 0.062019  
 10 11 16  11.975107 0.022825 0.081119 -0.000003 -0.158802 0.021468 -11.975107 -0.022825 -0.081119 0.000003 -0.137898 0.062017  
 11 12 17  11.934410 0.022822 0.081119 -0.000003 -0.158800 0.021455 -11.934410 -0.022822 -0.081119 0.000003 -0.137899 0.062019  
 12 13 18  12.024895 0.022825 0.081122 -0.000003 -0.158818 0.021462 -12.024895 -0.022825 -0.081122 0.000003 -0.137894 0.062021  
 13 5 6  0.000000 0.033032 -0.000000 0.000033 0.000000 0.100707 0.000000 -0.033032 0.000000 -0.000033 0.000000 0.100655  
 14 6 7  0.000000 -0.051412 -0.000000 -0.000027 0.000000 -0.156689 0.000000 0.051412 0.000000 0.000027 0.000000 -0.156721  
 15 7 8  0.000000 0.033031 0.000000 0.000030 -0.000000 0.100651 0.000000 -0.033031 -0.000000 -0.000030 -0.000000 0.100704  
 16 8 5  0.000000 -0.051411 0.000000 -0.000013 -0.000000 -0.156717 0.000000 0.051411 -0.000000 0.000013 -0.000000 -0.156685  
 17 10 11  0.000000 -0.032298 -0.000000 0.000004 0.000000 -0.098437 0.000000 0.032298 0.000000 -0.000004 0.000000 -0.098451  
 18 11 12  0.000000 -0.046330 0.000000 -0.000010 -0.000000 -0.141210 0.000000 0.046330 -0.000000 0.000010 -0.000000 -0.141217  
 19 12 13  0.000000 -0.032299 0.000000 0.000006 -0.000000 -0.098455 0.000000 0.032299 -0.000000 -0.000006 -0.000000 -0.098441  
 20 13 10  0.000000 -0.046329 -0.000000 -0.000004 0.000000 -0.141214 0.000000 0.046329 0.000000 0.000004 0.000000 -0.141206  
 21 15 16  0.000000 -0.045241 -0.000000 -0.000003 0.000000 -0.137891 0.000000 0.045241 0.000000 0.000003 0.000000 -0.137897  
 22 16 17  0.000000 -0.020348 0.000000 0.000001 -0.000000 -0.062020 0.000000 0.020348 -0.000000 -0.000001 -0.000000 -0.062022  
 23 17 18  0.000000 -0.045242 0.000000 -0.000003 -0.000000 -0.137901 0.000000 0.045242 -0.000000 0.000003 -0.000000 -0.137895  
 24 18 15  0.000000 -0.020347 -0.000000 0.000001 0.000000 -0.062018 0.000000 0.020347 0.000000 -0.000001 0.000000 -0.062016  
 118 118 128  24.010866 0.063520 -0.004703 -0.000000 -0.044891 0.089351 -24.010866 -0.063520 0.004703 0.000000 0.046611 -0.066118  
 128 128 138  24.010866 0.063520 -0.004703 -0.000000 -0.046611 0.066118 -24.010866 -0.063520 0.004703 0.000000 0.048331 -0.042885  
 138 138 148  24.010866 0.063520 -0.004703 -0.000000 -0.048331 0.042885 -24.010866 -0.063520 0.004703 0.000000 0.050052 -0.019652  
 148 148 158  24.010866 0.063520 -0.004703 -0.000000 -0.050052 0.019652 -24.010866 -0.063520 0.004703 0.000000 0.051772 0.003581  
 158 158 168  24.010866 0.063520 -0.004703 -0.000000 -0.051772 -0.003581 -24.010866 -0.063520 0.004703 0.000000 0.053492 0.026813  
 168 168 178  24.010866 0.063520 -0.004703 -0.000000 -0.053492 -0.026813 -24.010866 -0.063520 0.004703 0.000000 0.055213 0.050046  
 178 178 188  24.010866 0.063520 -0.004703 -0.000000 -0.055213 -0.050046 -24.010866 -0.063520 0.004703 0.000000 0.056933 0.073279  
 188 188 198  24.010866 0.063520 -0.004703 -0.000000 -0.056933 -0.073279 -24.010866 -0.063520 0.004703 0.000000 0.058653 0.096512  
 198 198 13  24.010866 0.063520 -0.004703 -0.000000 -0.058653 -0.096512 -24.010866 -0.063520 0.004703 0.000000 0.060373 0.119745  
