 1 1 5  38.433867 0.070408 -0.048329 -0.000315 -0.104885 0.398878 -38.433867 -0.070408 0.048329 0.000315 0.281653 -0.141355  
 2 2 6  36.152826 0.070618 -0.047833 -0.000315 -0.106744 0.399348 -36.152826 -0.070618 0.047833 0.000315 0.281697 -0.141054  
 3 3 7  33.566154 0.070760 -0.047423 -0.000315 -0.107692 0.400173 -33.566154 -0.070760 0.047423 0.000315 0.281148 -0.141362  
 4 4 8  35.847153 0.070602 -0.047956 -0.000315 -0.105803 0.399807 -35.847153 -0.070602 0.047956 0.000315 0.281208 -0.141573  
 5 5 10  25.863329 0.529079 0.425984 -0.000080 -1.003441 1.157609 -25.863329 -0.529079 -0.425984 0.000080 -0.554637 0.777551  
 6 6 11  24.056266 0.529170 0.426681 -0.000080 -1.003924 1.157799 -24.056266 -0.529170 -0.426681 0.000080 -0.556704 0.777694  
 7 7 12  22.136704 0.529873 0.426823 -0.000080 -1.004124 1.158380 -22.136704 -0.529873 -0.426823 0.000080 -0.557023 0.779683  
 8 8 118  23.943702 0.529789 0.426121 -0.000080 -1.003654 1.158191 -23.943702 -0.529789 -0.426121 0.000080 0.847796 -0.964415  
 9 10 15  12.782028 0.590582 0.604601 0.000135 -1.018057 0.954666 -12.782028 -0.590582 -0.604601 -0.000135 -1.193331 1.205446  
 10 11 16  12.003940 0.584903 0.603699 0.000135 -1.016352 0.946068 -12.003940 -0.584903 -0.603699 -0.000135 -1.191739 1.193275  
 11 12 17  11.218020 0.582722 0.596653 0.000135 -1.005617 0.942490 -11.218020 -0.582722 -0.596653 -0.000135 -1.176699 1.188874  
 12 13 18  11.996012 0.589604 0.598910 0.000135 -1.009409 0.952868 -11.996012 -0.589604 -0.598910 -0.000135 -1.181163 1.203668  
 13 5 6  0.000000 -0.236992 -0.000000 0.000237 0.000000 -0.722108 0.000000 0.236992 0.000000 -0.000237 0.000000 -0.722593  
 14 6 7  0.000000 -0.333552 -0.000000 -0.000366 0.000000 -1.016508 0.000000 0.333552 0.000000 0.000366 0.000000 -1.016826  
 15 7 8  0.000000 -0.236997 0.000000 0.000192 -0.000000 -0.722610 0.000000 0.236997 -0.000000 -0.000192 -0.000000 -0.722125  
 16 8 5  0.000000 -0.333547 0.000000 -0.000320 -0.000000 -1.016809 0.000000 0.333547 -0.000000 0.000320 -0.000000 -1.016491  
 17 10 11  0.000000 -0.514492 0.000000 -0.004239 -0.000000 -1.568504 0.000000 0.514492 -0.000000 0.004239 -0.000000 -1.567837  
 18 11 12  0.000000 -0.566817 0.000000 0.005220 -0.000000 -1.728001 0.000000 0.566817 -0.000000 -0.005220 -0.000000 -1.727315  
 19 12 13  0.000000 -0.514499 -0.000000 -0.005142 0.000000 -1.567860 0.000000 0.514499 0.000000 0.005142 0.000000 -1.568527  
 20 13 10  0.000000 -0.566809 -0.000000 0.004190 0.000000 -1.727292 0.000000 0.566809 0.000000 -0.004190 0.000000 -1.727977  
 21 15 16  0.000000 -0.389032 0.000000 -0.006049 -0.000000 -1.187283 0.000000 0.389032 -0.000000 0.006049 -0.000000 -1.184256  
 22 16 17  0.000000 -0.392972 0.000000 0.007483 -0.000000 -1.199324 0.000000 0.392972 -0.000000 -0.007483 -0.000000 -1.196235  
 23 17 18  0.000000 -0.389008 -0.000000 -0.007361 0.000000 -1.184183 0.000000 0.389008 0.000000 0.007361 0.000000 -1.187210  
 24 18 15  0.000000 -0.392996 -0.000000 0.006047 0.000000 -1.196308 0.000000 0.392996 0.000000 -0.006047 0.000000 -1.199397  
 118 118 128  23.943702 0.529789 0.426121 -0.000080 -0.847796 0.964415 -23.943702 -0.529789 -0.426121 0.000080 0.691937 -0.770640  
 128 128 138  23.943702 0.529789 0.426121 -0.000080 -0.691937 0.770640 -23.943702 -0.529789 -0.426121 0.000080 0.536079 -0.576864  
 138 138 148  23.943702 0.529789 0.426121 -0.000080 -0.536079 0.576864 -23.943702 -0.529789 -0.426121 0.000080 0.380221 -0.383088  
 148 148 158  23.943702 0.529789 0.426121 -0.000080 -0.380221 0.383088 -23.943702 -0.529789 -0.426121 0.000080 0.224363 -0.189313  
 158 158 168  23.943702 0.529789 0.426121 -0.000080 -0.224363 0.189313 -23.943702 -0.529789 -0.426121 0.000080 0.068505 0.004463  
 168 168 178  23.943702 0.529789 0.426121 -0.000080 -0.068505 -0.004463 -23.943702 -0.529789 -0.426121 0.000080 -0.087353 0.198239  
 178 178 188  23.943702 0.529789 0.426121 -0.000080 0.087353 -0.198239 -23.943702 -0.529789 -0.426121 0.000080 -0.243211 0.392015  
 188 188 198  23.943702 0.529789 0.426121 -0.000080 0.243211 -0.392015 -23.943702 -0.529789 -0.426121 0.000080 -0.399070 0.585790  
 198 198 13  23.943702 0.529789 0.426121 -0.000080 0.399070 -0.585790 -23.943702 -0.529789 -0.426121 0.000080 -0.554928 0.779566  
