 1 1 5  35.891482 0.000411 -0.144127 -0.000038 0.344550 0.016648 -35.891482 -0.000411 0.144127 0.000038 0.182607 -0.015144  
 2 2 6  36.240062 0.000440 -0.144001 -0.000038 0.344157 0.016709 -36.240062 -0.000440 0.144001 0.000038 0.182540 -0.015098  
 3 3 7  36.108513 0.000510 -0.143940 -0.000038 0.344038 0.016916 -36.108513 -0.000510 0.143940 0.000038 0.182437 -0.015052  
 4 4 8  35.759943 0.000485 -0.144084 -0.000038 0.344460 0.016853 -35.759943 -0.000485 0.144084 0.000038 0.182540 -0.015079  
 5 5 10  23.973931 0.035944 -0.088498 -0.000004 0.127643 0.073984 -23.973931 -0.035944 0.088498 0.000004 0.196048 0.057486  
 6 6 11  24.118976 0.035952 -0.088496 -0.000004 0.127669 0.073991 -24.118976 -0.035952 0.088496 0.000004 0.196013 0.057505  
 7 7 12  24.026066 0.035951 -0.088484 -0.000004 0.127663 0.073969 -24.026066 -0.035951 0.088484 0.000004 0.195976 0.057524  
 8 8 118  23.881027 0.035942 -0.088489 -0.000004 0.127636 0.073954 -23.881027 -0.035942 0.088489 0.000004 -0.095270 -0.060808  
 9 10 15  12.001976 0.022991 -0.006841 -0.000001 -0.020718 0.032332 -12.001976 -0.022991 0.006841 0.000001 0.045741 0.051759  
 10 11 16  12.031988 0.022991 -0.006846 -0.000001 -0.020695 0.032332 -12.031988 -0.022991 0.006846 0.000001 0.045735 0.051760  
 11 12 17  11.998023 0.022988 -0.006845 -0.000001 -0.020694 0.032318 -11.998023 -0.022988 0.006845 0.000001 0.045732 0.051762  
 12 13 18  11.968014 0.022987 -0.006841 -0.000001 -0.020717 0.032318 -11.968014 -0.022987 0.006841 0.000001 0.045737 0.051760  
 13 5 6  0.000000 0.101767 0.000000 0.000025 -0.000000 0.310214 0.000000 -0.101767 -0.000000 -0.000025 -0.000000 0.310156  
 14 6 7  0.000000 -0.019318 0.000000 -0.000054 -0.000000 -0.058868 0.000000 0.019318 -0.000000 0.000054 -0.000000 -0.058897  
 15 7 8  0.000000 0.101766 -0.000000 0.000020 0.000000 0.310153 0.000000 -0.101766 0.000000 -0.000020 0.000000 0.310212  
 16 8 5  0.000000 -0.019318 -0.000000 -0.000036 0.000000 -0.058895 0.000000 0.019318 0.000000 0.000036 0.000000 -0.058865  
 17 10 11  0.000000 0.057516 -0.000000 0.000008 0.000000 0.175318 0.000000 -0.057516 0.000000 -0.000008 0.000000 0.175301  
 18 11 12  0.000000 -0.029472 -0.000000 -0.000017 0.000000 -0.089829 0.000000 0.029472 0.000000 0.000017 0.000000 -0.089835  
 19 12 13  0.000000 0.057515 0.000000 0.000008 -0.000000 0.175299 0.000000 -0.057515 -0.000000 -0.000008 -0.000000 0.175315  
 20 13 10  0.000000 -0.029472 0.000000 -0.000013 -0.000000 -0.089832 0.000000 0.029472 -0.000000 0.000013 -0.000000 -0.089826  
 21 15 16  0.000000 0.015006 -0.000000 -0.000001 0.000000 0.045740 0.000000 -0.015006 0.000000 0.000001 0.000000 0.045735  
 22 16 17  0.000000 -0.016982 -0.000000 -0.000001 0.000000 -0.051761 0.000000 0.016982 0.000000 0.000001 0.000000 -0.051762  
 23 17 18  0.000000 0.015005 0.000000 -0.000000 -0.000000 0.045732 0.000000 -0.015005 -0.000000 0.000000 -0.000000 0.045738  
 24 18 15  0.000000 -0.016981 0.000000 -0.000001 -0.000000 -0.051760 0.000000 0.016981 -0.000000 0.000001 -0.000000 -0.051759  
 118 118 128  23.881027 0.035942 -0.088489 -0.000004 0.095270 0.060808 -23.881027 -0.035942 0.088489 0.000004 -0.062905 -0.047662  
 128 128 138  23.881027 0.035942 -0.088489 -0.000004 0.062905 0.047662 -23.881027 -0.035942 0.088489 0.000004 -0.030539 -0.034516  
 138 138 148  23.881027 0.035942 -0.088489 -0.000004 0.030539 0.034516 -23.881027 -0.035942 0.088489 0.000004 0.001827 -0.021370  
 148 148 158  23.881027 0.035942 -0.088489 -0.000004 -0.001827 0.021370 -23.881027 -0.035942 0.088489 0.000004 0.034192 -0.008224  
 158 158 168  23.881027 0.035942 -0.088489 -0.000004 -0.034192 0.008224 -23.881027 -0.035942 0.088489 0.000004 0.066558 0.004922  
 168 168 178  23.881027 0.035942 -0.088489 -0.000004 -0.066558 -0.004922 -23.881027 -0.035942 0.088489 0.000004 0.098923 0.018068  
 178 178 188  23.881027 0.035942 -0.088489 -0.000004 -0.098923 -0.018068 -23.881027 -0.035942 0.088489 0.000004 0.131289 0.031214  
 188 188 198  23.881027 0.035942 -0.088489 -0.000004 -0.131289 -0.031214 -23.881027 -0.035942 0.088489 0.000004 0.163654 0.044360  
 198 198 13  23.881027 0.035942 -0.088489 -0.000004 -0.163654 -0.044360 -23.881027 -0.035942 0.088489 0.000004 0.196020 0.057506  
