 1 1 5  36.078261 -0.023885 0.148820 0.000000 -0.330246 -0.052258 -36.078261 0.023885 -0.148820 -0.000000 -0.214077 -0.035102  
 2 2 6  35.896132 -0.023887 0.148836 0.000000 -0.330287 -0.052264 -35.896132 0.023887 -0.148836 -0.000000 -0.214095 -0.035106  
 3 3 7  35.921739 -0.023887 0.148833 0.000000 -0.330280 -0.052264 -35.921739 0.023887 -0.148833 -0.000000 -0.214090 -0.035106  
 4 4 8  36.103868 -0.023884 0.148817 0.000000 -0.330239 -0.052258 -36.103868 0.023884 -0.148817 -0.000000 -0.214073 -0.035101  
 5 5 10  24.015754 -0.002553 0.028367 0.000000 -0.009475 0.002071 -24.015754 0.002553 -0.028367 -0.000000 -0.094279 -0.011410  
 6 6 11  23.980314 -0.002553 0.028363 0.000000 -0.009462 0.002072 -23.980314 0.002553 -0.028363 -0.000000 -0.094278 -0.011410  
 7 7 12  23.984246 -0.002553 0.028363 0.000000 -0.009462 0.002071 -23.984246 0.002553 -0.028363 -0.000000 -0.094277 -0.011410  
 8 8 118  24.019686 -0.002553 0.028366 0.000000 -0.009475 0.002071 -24.019686 0.002553 -0.028366 -0.000000 -0.000900 -0.003005  
 9 10 15  11.998903 0.001481 -0.011009 0.000000 0.036153 0.004647 -11.998903 -0.001481 0.011009 -0.000000 0.004115 0.000769  
 10 11 16  12.001602 0.001481 -0.011009 0.000000 0.036152 0.004647 -12.001602 -0.001481 0.011009 -0.000000 0.004114 0.000769  
 11 12 17  12.001097 0.001481 -0.011009 0.000000 0.036152 0.004647 -12.001097 -0.001481 0.011009 -0.000000 0.004114 0.000769  
 12 13 18  11.998398 0.001481 -0.011009 0.000000 0.036153 0.004647 -11.998398 -0.001481 0.011009 -0.000000 0.004115 0.000769  
 13 5 6  0.000000 -0.073344 0.000000 -0.000002 -0.000000 -0.223550 0.000000 0.073344 -0.000000 0.000002 -0.000000 -0.223555  
 14 6 7  0.000000 0.010837 0.000000 0.000002 -0.000000 0.033033 0.000000 -0.010837 -0.000000 -0.000002 -0.000000 0.033032  
 15 7 8  0.000000 -0.073344 -0.000000 -0.000002 0.000000 -0.223554 0.000000 0.073344 0.000000 0.000002 0.000000 -0.223550  
 16 8 5  0.000000 0.010837 -0.000000 0.000002 0.000000 0.033032 0.000000 -0.010837 0.000000 -0.000002 0.000000 0.033032  
 17 10 11  0.000000 -0.019070 0.000000 -0.000000 -0.000000 -0.058126 0.000000 0.019070 -0.000000 0.000000 -0.000000 -0.058126  
 18 11 12  0.000000 0.002219 -0.000000 0.000000 0.000000 0.006762 0.000000 -0.002219 0.000000 -0.000000 0.000000 0.006762  
 19 12 13  0.000000 -0.019070 -0.000000 -0.000000 0.000000 -0.058126 0.000000 0.019070 0.000000 0.000000 0.000000 -0.058126  
 20 13 10  0.000000 0.002219 0.000000 0.000000 -0.000000 0.006762 0.000000 -0.002219 -0.000000 -0.000000 -0.000000 0.006762  
 21 15 16  0.000000 0.001350 -0.000000 0.000000 0.000000 0.004115 0.000000 -0.001350 0.000000 -0.000000 0.000000 0.004114  
 22 16 17  0.000000 -0.000252 -0.000000 -0.000000 0.000000 -0.000769 0.000000 0.000252 0.000000 0.000000 0.000000 -0.000769  
 23 17 18  0.000000 0.001350 0.000000 0.000000 -0.000000 0.004114 0.000000 -0.001350 -0.000000 -0.000000 -0.000000 0.004115  
 24 18 15  0.000000 -0.000252 0.000000 -0.000000 -0.000000 -0.000769 0.000000 0.000252 -0.000000 0.000000 -0.000000 -0.000769  
 118 118 128  24.019686 -0.002553 0.028366 0.000000 0.000900 0.003005 -24.019686 0.002553 -0.028366 -0.000000 -0.011276 -0.003938  
 128 128 138  24.019686 -0.002553 0.028366 0.000000 0.011276 0.003938 -24.019686 0.002553 -0.028366 -0.000000 -0.021651 -0.004872  
 138 138 148  24.019686 -0.002553 0.028366 0.000000 0.021651 0.004872 -24.019686 0.002553 -0.028366 -0.000000 -0.032026 -0.005806  
 148 148 158  24.019686 -0.002553 0.028366 0.000000 0.032026 0.005806 -24.019686 0.002553 -0.028366 -0.000000 -0.042402 -0.006740  
 158 158 168  24.019686 -0.002553 0.028366 0.000000 0.042402 0.006740 -24.019686 0.002553 -0.028366 -0.000000 -0.052777 -0.007674  
 168 168 178  24.019686 -0.002553 0.028366 0.000000 0.052777 0.007674 -24.019686 0.002553 -0.028366 -0.000000 -0.063152 -0.008608  
 178 178 188  24.019686 -0.002553 0.028366 0.000000 0.063152 0.008608 -24.019686 0.002553 -0.028366 -0.000000 -0.073528 -0.009542  
 188 188 198  24.019686 -0.002553 0.028366 0.000000 0.073528 0.009542 -24.019686 0.002553 -0.028366 -0.000000 -0.083903 -0.010476  
 198 198 13  24.019686 -0.002553 0.028366 0.000000 0.083903 0.010476 -24.019686 0.002553 -0.028366 -0.000000 -0.094278 -0.011410  
