 1 1 5  33.209418 -0.382148 -0.602904 -0.000075 1.689548 -0.948566 -33.209418 0.382148 0.602904 0.000075 0.515632 -0.449176  
 2 2 6  37.520792 -0.381558 -0.602485 -0.000075 1.688147 -0.947232 -37.520792 0.381558 0.602485 0.000075 0.515502 -0.448354  
 3 3 7  38.790524 -0.381152 -0.601848 -0.000075 1.686697 -0.946063 -38.790524 0.381152 0.601848 0.000075 0.514623 -0.448039  
 4 4 8  34.479265 -0.381729 -0.602275 -0.000075 1.688130 -0.947343 -34.479265 0.381729 0.602275 0.000075 0.514750 -0.448870  
 5 5 10  22.249831 -0.308590 -0.864370 -0.000041 1.705274 -0.502502 -22.249831 0.308590 0.864370 0.000041 1.456245 -0.626195  
 6 6 11  25.104405 -0.308393 -0.864172 -0.000041 1.705113 -0.502156 -25.104405 0.308393 0.864172 0.000041 1.455683 -0.625821  
 7 7 12  25.750131 -0.308408 -0.863952 -0.000041 1.704739 -0.502313 -25.750131 0.308408 0.863952 0.000041 1.455253 -0.625722  
 8 8 118  22.895633 -0.308597 -0.864151 -0.000041 1.704897 -0.502647 -22.895633 0.308597 0.864151 0.000041 -1.388825 0.389774  
 9 10 15  11.354896 -0.096934 -0.790097 -0.001169 1.209197 -0.075251 -11.354896 0.096934 0.790097 0.001169 1.680661 -0.279295  
 10 11 16  12.460125 -0.098854 -0.791606 -0.001169 1.210058 -0.077237 -12.460125 0.098854 0.791606 0.001169 1.685319 -0.284331  
 11 12 17  12.645092 -0.098838 -0.792494 -0.001169 1.211062 -0.077238 -12.645092 0.098838 0.792494 0.001169 1.687565 -0.284271  
 12 13 18  11.539887 -0.097097 -0.791335 -0.001169 1.210529 -0.075407 -11.539887 0.097097 0.791335 0.001169 1.683857 -0.279735  
 13 5 6  0.000000 0.728395 0.000000 0.000570 -0.000000 2.220292 0.000000 -0.728395 -0.000000 -0.000570 -0.000000 2.220003  
 14 6 7  0.000000 0.312008 -0.000000 -0.000612 0.000000 0.951079 0.000000 -0.312008 0.000000 0.000612 0.000000 0.950919  
 15 7 8  0.000000 0.728385 -0.000000 0.000568 0.000000 2.219974 0.000000 -0.728385 0.000000 -0.000568 0.000000 2.220262  
 16 8 5  0.000000 0.312017 0.000000 -0.000615 -0.000000 0.950949 0.000000 -0.312017 -0.000000 0.000615 -0.000000 0.951109  
 17 10 11  0.000000 0.874666 -0.000000 -0.000827 0.000000 2.665917 0.000000 -0.874666 0.000000 0.000827 0.000000 2.666048  
 18 11 12  0.000000 0.230386 0.000000 0.000307 -0.000000 0.702232 0.000000 -0.230386 -0.000000 -0.000307 -0.000000 0.702202  
 19 12 13  0.000000 0.874653 0.000000 -0.000757 -0.000000 2.666007 0.000000 -0.874653 -0.000000 0.000757 -0.000000 2.665877  
 20 13 10  0.000000 0.230399 -0.000000 0.000475 0.000000 0.702242 0.000000 -0.230399 0.000000 -0.000475 0.000000 0.702273  
 21 15 16  0.000000 0.552611 -0.000000 -0.002527 0.000000 1.682268 0.000000 -0.552611 0.000000 0.002527 0.000000 1.686451  
 22 16 17  0.000000 0.092487 0.000000 0.001132 -0.000000 0.281804 0.000000 -0.092487 -0.000000 -0.001132 -0.000000 0.281995  
 23 17 18  0.000000 0.552606 0.000000 -0.002277 -0.000000 1.686433 0.000000 -0.552606 -0.000000 0.002277 -0.000000 1.682251  
 24 18 15  0.000000 0.092492 -0.000000 0.001607 0.000000 0.282012 0.000000 -0.092492 0.000000 -0.001607 0.000000 0.281822  
 118 118 128  22.895633 -0.308597 -0.864151 -0.000041 1.388825 -0.389774 -22.895633 0.308597 0.864151 0.000041 -1.072753 0.276902  
 128 128 138  22.895633 -0.308597 -0.864151 -0.000041 1.072753 -0.276902 -22.895633 0.308597 0.864151 0.000041 -0.756681 0.164029  
 138 138 148  22.895633 -0.308597 -0.864151 -0.000041 0.756681 -0.164029 -22.895633 0.308597 0.864151 0.000041 -0.440609 0.051157  
 148 148 158  22.895633 -0.308597 -0.864151 -0.000041 0.440609 -0.051157 -22.895633 0.308597 0.864151 0.000041 -0.124537 -0.061716  
 158 158 168  22.895633 -0.308597 -0.864151 -0.000041 0.124537 0.061716 -22.895633 0.308597 0.864151 0.000041 0.191534 -0.174588  
 168 168 178  22.895633 -0.308597 -0.864151 -0.000041 -0.191534 0.174588 -22.895633 0.308597 0.864151 0.000041 0.507606 -0.287461  
 178 178 188  22.895633 -0.308597 -0.864151 -0.000041 -0.507606 0.287461 -22.895633 0.308597 0.864151 0.000041 0.823678 -0.400333  
 188 188 198  22.895633 -0.308597 -0.864151 -0.000041 -0.823678 0.400333 -22.895633 0.308597 0.864151 0.000041 1.139750 -0.513206  
 198 198 13  22.895633 -0.308597 -0.864151 -0.000041 -1.139750 0.513206 -22.895633 0.308597 0.864151 0.000041 1.455822 -0.626078  
