 1 1 5  35.429638 -0.143745 -0.283415 0.000019 0.667796 -0.360011 -35.429638 0.143745 0.283415 -0.000019 0.368823 -0.165752  
 2 2 6  36.024614 -0.143709 -0.283258 0.000019 0.667303 -0.359937 -36.024614 0.143709 0.283258 -0.000019 0.368740 -0.165695  
 3 3 7  36.570360 -0.143639 -0.283224 0.000019 0.667240 -0.359718 -36.570360 0.143639 0.283224 -0.000019 0.368678 -0.165655  
 4 4 8  35.975388 -0.143676 -0.283401 0.000019 0.667771 -0.359785 -35.975388 0.143676 0.283401 -0.000019 0.368795 -0.165726  
 5 5 10  23.739218 -0.120603 -0.151642 -0.000008 0.203629 -0.205471 -23.739218 0.120603 0.151642 0.000008 0.351016 -0.235647  
 6 6 11  23.958595 -0.120608 -0.151642 -0.000008 0.203661 -0.205487 -23.958595 0.120608 0.151642 0.000008 0.350983 -0.235650  
 7 7 12  24.260781 -0.120603 -0.151638 -0.000008 0.203667 -0.205494 -24.260781 0.120603 0.151638 0.000008 0.350964 -0.235625  
 8 8 118  24.041406 -0.120596 -0.151647 -0.000008 0.203651 -0.205469 -24.041406 0.120596 0.151647 0.000008 -0.148185 0.161359  
 9 10 15  11.933252 -0.061483 0.004560 -0.000005 -0.067908 -0.072666 -11.933252 0.061483 -0.004560 0.000005 0.051229 -0.152215  
 10 11 16  11.966867 -0.061489 0.004555 -0.000005 -0.067884 -0.072676 -11.966867 0.061489 -0.004555 0.000005 0.051222 -0.152225  
 11 12 17  12.066747 -0.061492 0.004553 -0.000005 -0.067879 -0.072690 -12.066747 0.061492 -0.004553 0.000005 0.051225 -0.152222  
 12 13 18  12.033134 -0.061486 0.004557 -0.000005 -0.067902 -0.072680 -12.033134 0.061486 -0.004557 0.000005 0.051234 -0.152212  
 13 5 6  0.000000 0.187799 0.000000 0.000020 -0.000000 0.572450 0.000000 -0.187799 -0.000000 -0.000020 -0.000000 0.572375  
 14 6 7  0.000000 0.121780 0.000000 -0.000027 -0.000000 0.371201 0.000000 -0.121780 -0.000000 0.000027 -0.000000 0.371171  
 15 7 8  0.000000 0.187799 -0.000000 0.000022 0.000000 0.572373 0.000000 -0.187799 0.000000 -0.000022 0.000000 0.572448  
 16 8 5  0.000000 0.121781 -0.000000 -0.000002 0.000000 0.371172 0.000000 -0.121781 0.000000 0.000002 0.000000 0.371203  
 17 10 11  0.000000 0.092881 -0.000000 -0.000007 0.000000 0.283111 0.000000 -0.092881 0.000000 0.000007 0.000000 0.283093  
 18 11 12  0.000000 0.101153 -0.000000 -0.000006 0.000000 0.308319 0.000000 -0.101153 0.000000 0.000006 0.000000 0.308309  
 19 12 13  0.000000 0.092881 0.000000 -0.000006 -0.000000 0.283092 0.000000 -0.092881 -0.000000 0.000006 -0.000000 0.283110  
 20 13 10  0.000000 0.101153 0.000000 0.000002 -0.000000 0.308310 0.000000 -0.101153 -0.000000 -0.000002 -0.000000 0.308320  
 21 15 16  0.000000 0.016807 0.000000 -0.000005 -0.000000 0.051232 0.000000 -0.016807 -0.000000 0.000005 -0.000000 0.051224  
 22 16 17  0.000000 0.049940 0.000000 0.000002 -0.000000 0.152219 0.000000 -0.049940 -0.000000 -0.000002 -0.000000 0.152216  
 23 17 18  0.000000 0.016807 -0.000000 -0.000005 0.000000 0.051223 0.000000 -0.016807 0.000000 0.000005 0.000000 0.051231  
 24 18 15  0.000000 0.049941 -0.000000 0.000003 0.000000 0.152217 0.000000 -0.049941 0.000000 -0.000003 0.000000 0.152220  
 118 118 128  24.041406 -0.120596 -0.151647 -0.000008 0.148185 -0.161359 -24.041406 0.120596 0.151647 0.000008 -0.092718 0.117250  
 128 128 138  24.041406 -0.120596 -0.151647 -0.000008 0.092718 -0.117250 -24.041406 0.120596 0.151647 0.000008 -0.037252 0.073141  
 138 138 148  24.041406 -0.120596 -0.151647 -0.000008 0.037252 -0.073141 -24.041406 0.120596 0.151647 0.000008 0.018215 0.029031  
 148 148 158  24.041406 -0.120596 -0.151647 -0.000008 -0.018215 -0.029031 -24.041406 0.120596 0.151647 0.000008 0.073681 -0.015078  
 158 158 168  24.041406 -0.120596 -0.151647 -0.000008 -0.073681 0.015078 -24.041406 0.120596 0.151647 0.000008 0.129148 -0.059187  
 168 168 178  24.041406 -0.120596 -0.151647 -0.000008 -0.129148 0.059187 -24.041406 0.120596 0.151647 0.000008 0.184614 -0.103297  
 178 178 188  24.041406 -0.120596 -0.151647 -0.000008 -0.184614 0.103297 -24.041406 0.120596 0.151647 0.000008 0.240081 -0.147406  
 188 188 198  24.041406 -0.120596 -0.151647 -0.000008 -0.240081 0.147406 -24.041406 0.120596 0.151647 0.000008 0.295547 -0.191516  
 198 198 13  24.041406 -0.120596 -0.151647 -0.000008 -0.295547 0.191516 -24.041406 0.120596 0.151647 0.000008 0.351014 -0.235625  
