 1 1 5  40.385260 1.373432 1.086123 -0.016759 -2.827566 3.223653 -40.385260 -1.373432 -1.086123 0.016759 -1.145037 1.799810  
 2 2 6  34.557021 1.356918 1.075792 -0.016759 -2.793802 3.180869 -34.557021 -1.356918 -1.075792 0.016759 -1.141016 1.782194  
 3 3 7  31.615649 1.346568 1.063678 -0.016759 -2.761421 3.149934 -31.615649 -1.346568 -1.063678 0.016759 -1.129089 1.775273  
 4 4 8  37.442070 1.369849 1.080435 -0.016759 -2.813036 3.211522 -37.442070 -1.369849 -1.080435 0.016759 -1.138763 1.798839  
 5 5 10  26.418129 0.725854 1.096057 -0.010595 -2.088514 0.985955 -26.418129 -0.725854 -1.096057 0.010595 -1.920424 1.668929  
 6 6 11  22.707428 0.716559 1.097833 -0.010595 -2.093183 0.971274 -22.707428 -0.716559 -1.097833 0.010595 -1.922252 1.649612  
 7 7 12  21.582514 0.715808 1.093740 -0.010595 -2.086203 0.971950 -21.582514 -0.715808 -1.093740 0.010595 -1.914261 1.646188  
 8 8 118  25.291929 0.726682 1.093884 -0.010595 -2.085087 0.989455 -25.291929 -0.726682 -1.093884 0.010595 1.684988 -0.723663  
 9 10 15  12.807543 0.017021 1.025864 0.000529 -1.576734 -0.241070 -12.807543 -0.017021 -1.025864 -0.000529 -2.175465 0.303324  
 10 11 16  11.387330 0.013791 1.020447 0.000529 -1.572177 -0.240363 -11.387330 -0.013791 -1.020447 -0.000529 -2.160210 0.290806  
 11 12 17  11.192794 0.014266 1.016540 0.000529 -1.566713 -0.238763 -11.192794 -0.014266 -1.016540 -0.000529 -2.151382 0.290941  
 12 13 18  12.612334 0.017315 1.022799 0.000529 -1.572479 -0.239540 -12.612334 -0.017315 -1.022799 -0.000529 -2.168511 0.302870  
 13 5 6  0.000000 -1.058703 0.000000 -0.015946 -0.000000 -3.228903 0.000000 1.058703 -0.000000 0.015946 -0.000000 -3.224948  
 14 6 7  0.000000 -0.908296 0.000000 0.009251 -0.000000 -2.769414 0.000000 0.908296 -0.000000 -0.009251 -0.000000 -2.767556  
 15 7 8  0.000000 -1.058570 -0.000000 -0.020333 0.000000 -3.224543 0.000000 1.058570 0.000000 0.020333 0.000000 -3.228498  
 16 8 5  0.000000 -0.908428 -0.000000 0.004648 0.000000 -2.767961 0.000000 0.908428 0.000000 -0.004648 0.000000 -2.769819  
 17 10 11  0.000000 -1.145167 -0.000000 -0.009072 0.000000 -3.493004 0.000000 1.145167 0.000000 0.009072 0.000000 -3.487935  
 18 11 12  0.000000 -0.465266 -0.000000 0.006494 0.000000 -1.418321 0.000000 0.465266 0.000000 -0.006494 0.000000 -1.417939  
 19 12 13  0.000000 -1.145014 0.000000 -0.010514 -0.000000 -3.487468 0.000000 1.145014 -0.000000 0.010514 -0.000000 -3.492538  
 20 13 10  0.000000 -0.465419 0.000000 0.004155 -0.000000 -1.418405 0.000000 0.465419 -0.000000 -0.004155 -0.000000 -1.418788  
 21 15 16  0.000000 -0.710022 -0.000000 -0.006003 0.000000 -2.172245 0.000000 0.710022 0.000000 0.006003 0.000000 -2.156052  
 22 16 17  0.000000 -0.097352 0.000000 0.004157 -0.000000 -0.296809 0.000000 0.097352 -0.000000 -0.004157 -0.000000 -0.296649  
 23 17 18  0.000000 -0.709854 0.000000 -0.005708 -0.000000 -2.155539 0.000000 0.709854 -0.000000 0.005708 -0.000000 -2.171732  
 24 18 15  0.000000 -0.097520 -0.000000 0.003220 0.000000 -0.297162 0.000000 0.097520 0.000000 -0.003220 0.000000 -0.297322  
 118 118 128  25.291929 0.726682 1.093884 -0.010595 -1.684988 0.723663 -25.291929 -0.726682 -1.093884 0.010595 1.284889 -0.457872  
 128 128 138  25.291929 0.726682 1.093884 -0.010595 -1.284889 0.457872 -25.291929 -0.726682 -1.093884 0.010595 0.884789 -0.192081  
 138 138 148  25.291929 0.726682 1.093884 -0.010595 -0.884789 0.192081 -25.291929 -0.726682 -1.093884 0.010595 0.484690 0.073711  
 148 148 158  25.291929 0.726682 1.093884 -0.010595 -0.484690 -0.073711 -25.291929 -0.726682 -1.093884 0.010595 0.084591 0.339502  
 158 158 168  25.291929 0.726682 1.093884 -0.010595 -0.084591 -0.339502 -25.291929 -0.726682 -1.093884 0.010595 -0.315508 0.605294  
 168 168 178  25.291929 0.726682 1.093884 -0.010595 0.315508 -0.605294 -25.291929 -0.726682 -1.093884 0.010595 -0.715607 0.871085  
 178 178 188  25.291929 0.726682 1.093884 -0.010595 0.715607 -0.871085 -25.291929 -0.726682 -1.093884 0.010595 -1.115706 1.136876  
 188 188 198  25.291929 0.726682 1.093884 -0.010595 1.115706 -1.136876 -25.291929 -0.726682 -1.093884 0.010595 -1.515805 1.402668  
 198 198 13  25.291929 0.726682 1.093884 -0.010595 1.515805 -1.402668 -25.291929 -0.726682 -1.093884 0.010595 -1.915904 1.668459  
