 1 1 5  39.142284 5.191246 -4.663219 -0.075987 10.651705 12.617735 -39.142284 -5.191246 4.663219 0.075987 6.404487 6.369765  
 2 2 6  58.043571 5.763163 -4.809411 -0.075987 11.318051 13.945261 -58.043571 -5.763163 4.809411 0.075987 6.272851 7.134082  
 3 3 7  32.534129 5.462326 -4.120306 -0.075987 9.815155 12.632464 -32.534129 -5.462326 4.120306 0.075987 5.255275 7.346538  
 4 4 8  14.280015 4.499718 -3.718078 -0.075987 8.676874 10.536818 -14.280015 -4.499718 3.718078 0.075987 4.922369 5.921352  
 5 5 10  26.040352 5.336387 -4.504979 0.185658 7.916358 9.504783 -26.040352 -5.336387 4.504979 -0.185658 8.561053 10.013586  
 6 6 11  36.395060 5.793675 -4.427916 0.185658 7.686536 10.349972 -36.395060 -5.793675 4.427916 -0.185658 8.509007 10.840972  
 7 7 12  21.704115 5.829685 -3.954302 0.185658 6.931037 10.534300 -21.704115 -5.829685 3.954302 -0.185658 7.532216 10.788355  
 8 8 118  11.860473 4.629447 -3.564712 0.185658 6.296179 8.373912 -11.860473 -4.629447 3.564712 -0.185658 -4.992350 -6.680646  
 9 10 15  12.740449 3.142862 -2.171596 0.058996 3.083156 4.509926 -12.740449 -3.142862 2.171596 -0.058996 4.859675 6.985405  
 10 11 16  15.935946 3.333760 -2.116552 0.058996 2.870700 4.796153 -15.935946 -3.333760 2.116552 -0.058996 4.870803 7.397407  
 11 12 17  11.129663 3.395827 -1.965464 0.058996 2.693013 5.147284 -11.129663 -3.395827 1.965464 -0.058996 4.495870 7.273291  
 12 13 18  8.193942 3.195303 -2.008685 0.058996 2.885364 4.835938 -8.193942 -3.195303 2.008685 -0.058996 4.461602 6.851202  
 13 5 6  0.000000 4.256276 0.000000 0.752896 -0.000000 12.821553 0.000000 -4.256276 -0.000000 -0.752896 -0.000000 13.124707  
 14 6 7  0.000000 -5.392235 0.000000 -0.834680 -0.000000 -16.731158 0.000000 5.392235 -0.000000 0.834680 -0.000000 -16.139908  
 15 7 8  0.000000 4.222249 -0.000000 1.740930 0.000000 13.020992 0.000000 -4.222249 0.000000 -1.740930 0.000000 12.717839  
 16 8 5  0.000000 -5.358208 -0.000000 -1.499291 0.000000 -16.036194 0.000000 5.358208 0.000000 1.499291 0.000000 -16.627444  
 17 10 11  0.000000 3.548194 0.000000 0.461065 -0.000000 10.731583 0.000000 -3.548194 -0.000000 -0.461065 -0.000000 10.898209  
 18 11 12  0.000000 -4.910920 0.000000 -0.481498 -0.000000 -15.176060 0.000000 4.910920 -0.000000 0.481498 -0.000000 -14.760907  
 19 12 13  0.000000 3.485372 -0.000000 1.174733 0.000000 10.706727 0.000000 -3.485372 0.000000 -1.174733 0.000000 10.540101  
 20 13 10  0.000000 -4.848097 -0.000000 -0.912626 0.000000 -14.569425 0.000000 4.848097 0.000000 0.912626 0.000000 -14.984578  
 21 15 16  0.000000 1.565276 -0.000000 0.107026 0.000000 4.759613 0.000000 -1.565276 0.000000 -0.107026 0.000000 4.782311  
 22 16 17  0.000000 -2.370670 0.000000 -0.088492 -0.000000 -7.290381 0.000000 2.370670 -0.000000 0.088492 -0.000000 -7.161221  
 23 17 18  0.000000 1.500332 0.000000 0.112070 -0.000000 4.584362 0.000000 -1.500332 -0.000000 -0.112070 -0.000000 4.561664  
 24 18 15  0.000000 -2.305726 -0.000000 -0.100062 0.000000 -6.963271 0.000000 2.305726 0.000000 0.100062 0.000000 -7.092431  
 118 118 128  11.860473 4.629447 -3.564712 0.185658 4.992350 6.680646 -11.860473 -4.629447 3.564712 -0.185658 -3.688521 -4.987379  
 128 128 138  11.860473 4.629447 -3.564712 0.185658 3.688521 4.987379 -11.860473 -4.629447 3.564712 -0.185658 -2.384692 -3.294113  
 138 138 148  11.860473 4.629447 -3.564712 0.185658 2.384692 3.294113 -11.860473 -4.629447 3.564712 -0.185658 -1.080863 -1.600846  
 148 148 158  11.860473 4.629447 -3.564712 0.185658 1.080863 1.600846 -11.860473 -4.629447 3.564712 -0.185658 0.222966 0.092421  
 158 158 168  11.860473 4.629447 -3.564712 0.185658 -0.222966 -0.092421 -11.860473 -4.629447 3.564712 -0.185658 1.526795 1.785687  
 168 168 178  11.860473 4.629447 -3.564712 0.185658 -1.526795 -1.785687 -11.860473 -4.629447 3.564712 -0.185658 2.830624 3.478954  
 178 178 188  11.860473 4.629447 -3.564712 0.185658 -2.830624 -3.478954 -11.860473 -4.629447 3.564712 -0.185658 4.134453 5.172220  
 188 188 198  11.860473 4.629447 -3.564712 0.185658 -4.134453 -5.172220 -11.860473 -4.629447 3.564712 -0.185658 5.438282 6.865487  
 198 198 13  11.860473 4.629447 -3.564712 0.185658 -5.438282 -6.865487 -11.860473 -4.629447 3.564712 -0.185658 6.742111 8.558754  
