 1 1 5  45.514085 -5.659055 11.234989 -0.648402 -25.692860 -12.742259 -45.514085 5.659055 -11.234989 0.648402 -15.400236 -7.956299  
 2 2 6  5.584531 -4.617664 9.249244 -0.648402 -20.559584 -10.386450 -5.584531 4.617664 -9.249244 0.648402 -13.270449 -6.503118  
 3 3 7  25.922551 -5.021546 10.819885 -0.648402 -23.803594 -11.412017 -25.922551 5.021546 -10.819885 0.648402 -15.771216 -6.954789  
 4 4 8  66.978833 -5.914919 12.450035 -0.648402 -28.361682 -13.464694 -66.978833 5.914919 -12.450035 0.648402 -17.175565 -8.169712  
 5 5 10  28.746044 -4.808275 8.514027 0.217339 -14.381140 -8.375274 -28.746044 4.808275 -8.514027 -0.217339 -16.759767 -9.211473  
 6 6 11  8.275438 -4.126368 7.930920 0.217339 -13.820912 -7.185547 -8.275438 4.126368 -7.930920 -0.217339 -15.187221 -7.907057  
 7 7 12  18.814040 -4.280154 8.814805 0.217339 -15.426048 -7.393473 -18.814040 4.280154 -8.814805 -0.217339 -16.814982 -8.261618  
 8 8 118  40.164478 -4.590408 8.337084 0.217339 -14.128718 -7.951584 -40.164478 4.590408 -8.337084 -0.217339 11.079346 6.272596  
 9 10 15  13.380886 -2.311263 4.161118 -0.080093 -5.743799 -3.232353 -13.380886 2.311263 -4.161118 0.080093 -9.475906 -5.221321  
 10 11 16  7.309732 -2.133636 4.130494 -0.080093 -5.900750 -3.001928 -7.309732 2.133636 -4.130494 0.080093 -9.206944 -4.802059  
 11 12 17  10.397721 -2.159107 4.361825 -0.080093 -6.259872 -3.029067 -10.397721 2.159107 -4.361825 0.080093 -9.693938 -4.868085  
 12 13 18  16.911661 -2.338088 4.391504 -0.080093 -6.079782 -3.269260 -16.911661 2.338088 -4.391504 0.080093 -9.982582 -5.282530  
 13 5 6  0.000000 -9.760336 -0.000000 1.227387 0.000000 -30.448763 0.000000 9.760336 0.000000 -1.227387 0.000000 -29.050246  
 14 6 7  0.000000 4.930571 -0.000000 -1.958884 0.000000 14.916051 0.000000 -4.930571 0.000000 1.958884 0.000000 15.140712  
 15 7 8  0.000000 -9.822060 0.000000 0.792450 -0.000000 -29.238379 0.000000 9.822060 -0.000000 -0.792450 -0.000000 -30.636897  
 16 8 5  0.000000 4.992295 0.000000 -0.667387 -0.000000 15.328846 0.000000 -4.992295 -0.000000 0.667387 -0.000000 15.104185  
 17 10 11  0.000000 -7.254356 0.000000 0.600905 -0.000000 -22.307659 0.000000 7.254356 -0.000000 -0.600905 -0.000000 -21.914898  
 18 11 12  0.000000 3.779937 -0.000000 -0.826927 0.000000 11.509891 0.000000 -3.779937 0.000000 0.826927 0.000000 11.532604  
 19 12 13  0.000000 -7.363618 -0.000000 0.241920 0.000000 -22.247927 0.000000 7.363618 0.000000 -0.241920 0.000000 -22.640689  
 20 13 10  0.000000 3.889199 0.000000 0.195906 -0.000000 11.865634 0.000000 -3.889199 -0.000000 -0.195906 -0.000000 11.842921  
 21 15 16  0.000000 -3.090925 0.000000 0.040929 -0.000000 -9.560543 0.000000 3.090925 -0.000000 -0.040929 -0.000000 -9.281739  
 22 16 17  0.000000 1.599343 -0.000000 -0.074796 0.000000 4.842989 0.000000 -1.599343 0.000000 0.074796 0.000000 4.906606  
 23 17 18  0.000000 -3.201622 -0.000000 0.038521 0.000000 -9.619142 0.000000 3.201622 0.000000 -0.038521 0.000000 -9.897946  
 24 18 15  0.000000 1.710039 0.000000 -0.084636 -0.000000 5.244009 0.000000 -1.710039 -0.000000 0.084636 -0.000000 5.180392  
 118 118 128  40.164478 -4.590408 8.337084 0.217339 -11.079346 -6.272596 -40.164478 4.590408 -8.337084 -0.217339 8.029974 4.593608  
 128 128 138  40.164478 -4.590408 8.337084 0.217339 -8.029974 -4.593608 -40.164478 4.590408 -8.337084 -0.217339 4.980602 2.914620  
 138 138 148  40.164478 -4.590408 8.337084 0.217339 -4.980602 -2.914620 -40.164478 4.590408 -8.337084 -0.217339 1.931230 1.235633  
 148 148 158  40.164478 -4.590408 8.337084 0.217339 -1.931230 -1.235633 -40.164478 4.590408 -8.337084 -0.217339 -1.118141 -0.443355  
 158 158 168  40.164478 -4.590408 8.337084 0.217339 1.118141 0.443355 -40.164478 4.590408 -8.337084 -0.217339 -4.167513 -2.122343  
 168 168 178  40.164478 -4.590408 8.337084 0.217339 4.167513 2.122343 -40.164478 4.590408 -8.337084 -0.217339 -7.216885 -3.801331  
 178 178 188  40.164478 -4.590408 8.337084 0.217339 7.216885 3.801331 -40.164478 4.590408 -8.337084 -0.217339 -10.266257 -5.480318  
 188 188 198  40.164478 -4.590408 8.337084 0.217339 10.266257 5.480318 -40.164478 4.590408 -8.337084 -0.217339 -13.315629 -7.159306  
 198 198 13  40.164478 -4.590408 8.337084 0.217339 13.315629 7.159306 -40.164478 4.590408 -8.337084 -0.217339 -16.365001 -8.838294  
