 1 1 5  41.527835 0.621908 1.803261 0.021205 -4.367235 1.895425 -41.527835 -0.621908 -1.803261 -0.021205 -2.228371 0.379268  
 2 2 6  36.552130 0.608234 1.792332 0.021205 -4.328479 1.859399 -36.552130 -0.608234 -1.792332 -0.021205 -2.227154 0.365278  
 3 3 7  30.473738 0.595681 1.753409 0.021205 -4.224854 1.805350 -30.473738 -0.595681 -1.753409 -0.021205 -2.188416 0.373411  
 4 4 8  35.446296 0.617479 1.778883 0.021205 -4.303540 1.864551 -35.446296 -0.617479 -1.778883 -0.021205 -2.202901 0.393939  
 5 5 10  27.220030 1.239007 1.280401 0.053752 -1.966559 2.540732 -27.220030 -1.239007 -1.280401 -0.053752 -2.716635 1.991061  
 6 6 11  24.960163 1.225592 1.275818 0.053752 -1.962915 2.516103 -24.960163 -1.225592 -1.275818 -0.053752 -2.703517 1.966623  
 7 7 12  20.780966 1.217097 1.233495 0.053752 -1.891832 2.498902 -20.780966 -1.217097 -1.233495 -0.053752 -2.619801 1.952754  
 8 8 118  23.038841 1.224565 1.231299 0.053752 -1.884074 2.513383 -23.038841 -1.224565 -1.231299 -0.053752 1.433714 -2.065486  
 9 10 15  13.077961 1.211468 0.217584 -0.003582 0.024352 1.926584 -13.077961 -1.211468 -0.217584 0.003582 -0.820186 2.504483  
 10 11 16  12.550188 1.200109 0.218251 -0.003582 0.020395 1.910087 -12.550188 -1.200109 -0.218251 0.003582 -0.818671 2.479430  
 11 12 17  10.922623 1.193759 0.207867 -0.003582 0.026210 1.910834 -10.922623 -1.193759 -0.207867 0.003582 -0.786506 2.455460  
 12 13 18  11.449228 1.208321 0.206747 -0.003582 0.032184 1.933728 -11.449228 -1.208321 -0.206747 0.003582 -0.788382 2.485825  
 13 5 6  0.000000 -1.357774 0.000000 -0.018869 -0.000000 -4.141393 0.000000 1.357774 -0.000000 0.018869 -0.000000 -4.135599  
 14 6 7  0.000000 -0.949742 0.000000 0.054470 -0.000000 -2.900250 0.000000 0.949742 -0.000000 -0.054470 -0.000000 -2.889377  
 15 7 8  0.000000 -1.357485 -0.000000 -0.017064 0.000000 -4.134718 0.000000 1.357485 0.000000 0.017064 0.000000 -4.140512  
 16 8 5  0.000000 -0.950031 -0.000000 0.053537 0.000000 -2.890258 0.000000 0.950031 0.000000 -0.053537 0.000000 -2.901131  
 17 10 11  0.000000 -0.865944 0.000000 -0.020153 -0.000000 -2.640127 0.000000 0.865944 -0.000000 0.020153 -0.000000 -2.638670  
 18 11 12  0.000000 -1.275919 0.000000 0.044451 -0.000000 -3.896863 0.000000 1.275919 -0.000000 -0.044451 -0.000000 -3.881137  
 19 12 13  0.000000 -0.865738 -0.000000 -0.017549 0.000000 -2.638042 0.000000 0.865738 0.000000 0.017549 0.000000 -2.639499  
 20 13 10  0.000000 -1.276125 -0.000000 0.052155 0.000000 -3.881766 0.000000 1.276125 0.000000 -0.052155 0.000000 -3.897492  
 21 15 16  0.000000 -0.263740 -0.000000 -0.012082 0.000000 -0.804729 0.000000 0.263740 0.000000 0.012082 0.000000 -0.803033  
 22 16 17  0.000000 -0.813929 -0.000000 0.015638 0.000000 -2.491512 0.000000 0.813929 0.000000 -0.015638 0.000000 -2.470198  
 23 17 18  0.000000 -0.263449 0.000000 -0.014738 -0.000000 -0.802143 0.000000 0.263449 -0.000000 0.014738 -0.000000 -0.803839  
 24 18 15  0.000000 -0.814221 0.000000 0.015457 -0.000000 -2.471087 0.000000 0.814221 -0.000000 -0.015457 -0.000000 -2.492401  
 118 118 128  23.038841 1.224565 1.231299 0.053752 -1.433714 2.065486 -23.038841 -1.224565 -1.231299 -0.053752 0.983354 -1.617589  
 128 128 138  23.038841 1.224565 1.231299 0.053752 -0.983354 1.617589 -23.038841 -1.224565 -1.231299 -0.053752 0.532993 -1.169692  
 138 138 148  23.038841 1.224565 1.231299 0.053752 -0.532993 1.169692 -23.038841 -1.224565 -1.231299 -0.053752 0.082633 -0.721795  
 148 148 158  23.038841 1.224565 1.231299 0.053752 -0.082633 0.721795 -23.038841 -1.224565 -1.231299 -0.053752 -0.367727 -0.273898  
 158 158 168  23.038841 1.224565 1.231299 0.053752 0.367727 0.273898 -23.038841 -1.224565 -1.231299 -0.053752 -0.818087 0.173999  
 168 168 178  23.038841 1.224565 1.231299 0.053752 0.818087 -0.173999 -23.038841 -1.224565 -1.231299 -0.053752 -1.268447 0.621896  
 178 178 188  23.038841 1.224565 1.231299 0.053752 1.268447 -0.621896 -23.038841 -1.224565 -1.231299 -0.053752 -1.718807 1.069793  
 188 188 198  23.038841 1.224565 1.231299 0.053752 1.718807 -1.069793 -23.038841 -1.224565 -1.231299 -0.053752 -2.169167 1.517690  
 198 198 13  23.038841 1.224565 1.231299 0.053752 2.169167 -1.517690 -23.038841 -1.224565 -1.231299 -0.053752 -2.619527 1.965587  
