 1 1 5  34.845560 -0.099021 -0.778018 -0.000081 1.806831 -0.315241 -34.845560 0.099021 0.778018 0.000081 1.038847 -0.046938  
 2 2 6  36.148232 -0.098426 -0.777548 -0.000081 1.805401 -0.313871 -36.148232 0.098426 0.777548 0.000081 1.038560 -0.046130  
 3 3 7  37.154363 -0.098022 -0.776901 -0.000081 1.803914 -0.312714 -37.154363 0.098022 0.776901 0.000081 1.037678 -0.045809  
 4 4 8  35.851844 -0.098604 -0.777382 -0.000081 1.805396 -0.314022 -35.851844 0.098604 0.777382 0.000081 1.037955 -0.046634  
 5 5 10  23.494488 -0.230833 -0.365924 -0.000021 0.434205 -0.459368 -23.494488 0.230833 0.365924 0.000021 0.904197 -0.384927  
 6 6 11  23.831072 -0.230609 -0.365924 -0.000021 0.434258 -0.458949 -23.831072 0.230609 0.365924 0.000021 0.904147 -0.384528  
 7 7 12  24.505456 -0.230630 -0.365687 -0.000021 0.433837 -0.459117 -24.505456 0.230630 0.365687 0.000021 0.903701 -0.384435  
 8 8 118  24.168984 -0.230843 -0.365696 -0.000021 0.433809 -0.459507 -24.168984 0.230843 0.365696 0.000021 -0.300052 0.375074  
 9 10 15  11.886974 -0.175863 0.106889 -0.000015 -0.349139 -0.256814 -11.886974 0.175863 -0.106889 0.000015 -0.041818 -0.386421  
 10 11 16  11.859509 -0.175812 0.106897 -0.000015 -0.349131 -0.256740 -11.859509 0.175812 -0.106897 0.000015 -0.041856 -0.386310  
 11 12 17  12.112998 -0.175826 0.106958 -0.000015 -0.349227 -0.256802 -12.112998 0.175826 -0.106958 0.000015 -0.041981 -0.386300  
 12 13 18  12.140519 -0.175877 0.106950 -0.000015 -0.349238 -0.256878 -12.140519 0.175877 -0.106950 0.000015 -0.041942 -0.386410  
 13 5 6  0.000000 0.483039 0.000000 0.000599 -0.000000 1.472423 0.000000 -0.483039 -0.000000 -0.000599 -0.000000 1.472182  
 14 6 7  0.000000 0.165878 -0.000000 -0.000637 0.000000 0.505677 0.000000 -0.165878 0.000000 0.000637 0.000000 0.505518  
 15 7 8  0.000000 0.483029 -0.000000 0.000592 0.000000 1.472151 0.000000 -0.483029 0.000000 -0.000592 0.000000 1.472393  
 16 8 5  0.000000 0.165888 0.000000 -0.000629 -0.000000 0.505548 0.000000 -0.165888 -0.000000 0.000629 -0.000000 0.505708  
 17 10 11  0.000000 0.182017 0.000000 0.000215 -0.000000 0.554812 0.000000 -0.182017 -0.000000 -0.000215 -0.000000 0.554766  
 18 11 12  0.000000 0.210455 0.000000 -0.000250 -0.000000 0.641484 0.000000 -0.210455 -0.000000 0.000250 -0.000000 0.641448  
 19 12 13  0.000000 0.182003 -0.000000 0.000211 0.000000 0.554724 0.000000 -0.182003 0.000000 -0.000211 0.000000 0.554769  
 20 13 10  0.000000 0.210469 -0.000000 -0.000246 0.000000 0.641491 0.000000 -0.210469 0.000000 0.000246 0.000000 0.641526  
 21 15 16  0.000000 -0.013739 0.000000 0.000034 -0.000000 -0.041859 0.000000 0.013739 -0.000000 -0.000034 -0.000000 -0.041897  
 22 16 17  0.000000 0.126752 0.000000 -0.000041 -0.000000 0.386344 0.000000 -0.126752 -0.000000 0.000041 -0.000000 0.386333  
 23 17 18  0.000000 -0.013754 -0.000000 0.000033 0.000000 -0.041940 0.000000 0.013754 0.000000 -0.000033 0.000000 -0.041902  
 24 18 15  0.000000 0.126766 -0.000000 -0.000041 0.000000 0.386376 0.000000 -0.126766 0.000000 0.000041 0.000000 0.386387  
 118 118 128  24.168984 -0.230843 -0.365696 -0.000021 0.300052 -0.375074 -24.168984 0.230843 0.365696 0.000021 -0.166295 0.290641  
 128 128 138  24.168984 -0.230843 -0.365696 -0.000021 0.166295 -0.290641 -24.168984 0.230843 0.365696 0.000021 -0.032538 0.206208  
 138 138 148  24.168984 -0.230843 -0.365696 -0.000021 0.032538 -0.206208 -24.168984 0.230843 0.365696 0.000021 0.101219 0.121775  
 148 148 158  24.168984 -0.230843 -0.365696 -0.000021 -0.101219 -0.121775 -24.168984 0.230843 0.365696 0.000021 0.234976 0.037342  
 158 158 168  24.168984 -0.230843 -0.365696 -0.000021 -0.234976 -0.037342 -24.168984 0.230843 0.365696 0.000021 0.368733 -0.047092  
 168 168 178  24.168984 -0.230843 -0.365696 -0.000021 -0.368733 0.047092 -24.168984 0.230843 0.365696 0.000021 0.502490 -0.131525  
 178 178 188  24.168984 -0.230843 -0.365696 -0.000021 -0.502490 0.131525 -24.168984 0.230843 0.365696 0.000021 0.636247 -0.215958  
 188 188 198  24.168984 -0.230843 -0.365696 -0.000021 -0.636247 0.215958 -24.168984 0.230843 0.365696 0.000021 0.770005 -0.300391  
 198 198 13  24.168984 -0.230843 -0.365696 -0.000021 -0.770005 0.300391 -24.168984 0.230843 0.365696 0.000021 0.903762 -0.384824  
