 1 1 5  28.698547 -4.941646 1.330369 0.080219 -3.161729 -11.452857 -28.698547 4.941646 -1.330369 -0.080219 -1.704229 -6.621708  
 2 2 6  22.360657 -4.599051 1.281718 0.080219 -3.034447 -10.698867 -22.360657 4.599051 -1.281718 -0.080219 -1.653566 -6.122623  
 3 3 7  43.230675 -5.191357 1.503658 0.080219 -3.520312 -12.425064 -43.230675 5.191357 -1.503658 -0.080219 -1.979466 -6.562843  
 4 4 8  49.710121 -5.369881 1.524277 0.080219 -3.600653 -12.857323 -49.710121 5.369881 -1.524277 -0.080219 -1.974541 -6.783554  
 5 5 10  19.926770 -4.281160 1.232639 -0.125693 -2.188491 -7.566205 -19.926770 4.281160 -1.232639 0.125693 -2.320008 -8.092567  
 6 6 11  16.283060 -4.091282 1.212602 -0.125693 -2.160058 -7.219887 -16.283060 4.091282 -1.212602 0.125693 -2.275156 -7.744384  
 7 7 12  28.018551 -4.310829 1.367721 -0.125693 -2.450267 -7.508315 -28.018551 4.310829 -1.367721 0.125693 -2.552309 -8.258974  
 8 8 118  31.771620 -4.221036 1.342559 -0.125693 -2.411244 -7.397080 -31.771620 4.221036 -1.342559 0.125693 1.920190 5.853194  
 9 10 15  10.658363 -2.742905 0.851091 0.011622 -1.273510 -4.073158 -10.658363 2.742905 -0.851091 -0.011622 -1.839439 -5.959293  
 10 11 16  9.437643 -2.662987 0.844523 0.011622 -1.263992 -3.956515 -9.437643 2.662987 -0.844523 -0.011622 -1.824934 -5.783628  
 11 12 17  13.313344 -2.693604 0.913480 0.011622 -1.370455 -3.900825 -13.313344 2.693604 -0.913480 -0.011622 -1.970691 -5.951301  
 12 13 18  14.590651 -2.764232 0.917428 0.011622 -1.376662 -4.005924 -14.590651 2.764232 -0.917428 -0.011622 -1.978922 -6.104529  
 13 5 6  0.000000 -1.351115 -0.000000 0.410434 0.000000 -4.126986 0.000000 1.351115 0.000000 -0.410434 0.000000 -4.109411  
 14 6 7  0.000000 4.571288 -0.000000 -0.295787 0.000000 13.752944 0.000000 -4.571288 0.000000 0.295787 0.000000 14.113628  
 15 7 8  0.000000 -1.359164 0.000000 0.042470 -0.000000 -4.133946 0.000000 1.359164 -0.000000 -0.042470 -0.000000 -4.151520  
 16 8 5  0.000000 4.579337 0.000000 -0.234265 -0.000000 14.138163 0.000000 -4.579337 -0.000000 0.234265 -0.000000 13.777478  
 17 10 11  0.000000 -1.218091 0.000000 0.212307 -0.000000 -3.714634 0.000000 1.218091 -0.000000 -0.212307 -0.000000 -3.710850  
 18 11 12  0.000000 3.936491 -0.000000 -0.171702 0.000000 11.913206 0.000000 -3.936491 0.000000 0.171702 0.000000 12.083646  
 19 12 13  0.000000 -1.231284 -0.000000 -0.076153 0.000000 -3.751062 0.000000 1.231284 0.000000 0.076153 0.000000 -3.754847  
 20 13 10  0.000000 3.949684 0.000000 -0.121116 -0.000000 12.123858 0.000000 -3.949684 -0.000000 0.121116 -0.000000 11.953418  
 21 15 16  0.000000 -0.617433 0.000000 0.066273 -0.000000 -1.887621 0.000000 0.617433 -0.000000 -0.066273 -0.000000 -1.876253  
 22 16 17  0.000000 1.944924 -0.000000 -0.051319 0.000000 5.849901 0.000000 -1.944924 0.000000 0.051319 0.000000 6.006356  
 23 17 18  0.000000 -0.631580 -0.000000 0.055055 0.000000 -1.919373 0.000000 0.631580 0.000000 -0.055055 0.000000 -1.930740  
 24 18 15  0.000000 1.959071 0.000000 -0.048182 -0.000000 6.049475 0.000000 -1.959071 -0.000000 0.048182 -0.000000 5.893020  
 118 118 128  31.771620 -4.221036 1.342559 -0.125693 -1.920190 -5.853194 -31.771620 4.221036 -1.342559 0.125693 1.429135 4.309308  
 128 128 138  31.771620 -4.221036 1.342559 -0.125693 -1.429135 -4.309308 -31.771620 4.221036 -1.342559 0.125693 0.938081 2.765421  
 138 138 148  31.771620 -4.221036 1.342559 -0.125693 -0.938081 -2.765421 -31.771620 4.221036 -1.342559 0.125693 0.447027 1.221535  
 148 148 158  31.771620 -4.221036 1.342559 -0.125693 -0.447027 -1.221535 -31.771620 4.221036 -1.342559 0.125693 -0.044028 -0.322351  
 158 158 168  31.771620 -4.221036 1.342559 -0.125693 0.044028 0.322351 -31.771620 4.221036 -1.342559 0.125693 -0.535082 -1.866237  
 168 168 178  31.771620 -4.221036 1.342559 -0.125693 0.535082 1.866237 -31.771620 4.221036 -1.342559 0.125693 -1.026137 -3.410123  
 178 178 188  31.771620 -4.221036 1.342559 -0.125693 1.026137 3.410123 -31.771620 4.221036 -1.342559 0.125693 -1.517191 -4.954009  
 188 188 198  31.771620 -4.221036 1.342559 -0.125693 1.517191 4.954009 -31.771620 4.221036 -1.342559 0.125693 -2.008246 -6.497895  
 198 198 13  31.771620 -4.221036 1.342559 -0.125693 2.008246 6.497895 -31.771620 4.221036 -1.342559 0.125693 -2.499300 -8.041781  
