 1 1 5  46.465955 -1.553683 7.681570 -0.333030 -17.921722 -3.632901 -46.465955 1.553683 -7.681570 0.333030 -10.174389 -2.049849  
 2 2 6  17.208048 -1.292701 6.434598 -0.333030 -14.559742 -3.040051 -17.208048 1.292701 -6.434598 0.333030 -8.975442 -1.688131  
 3 3 7  25.332912 -1.337179 7.006160 -0.333030 -15.807870 -3.174270 -25.332912 1.337179 -7.006160 0.333030 -9.817860 -1.716597  
 4 4 8  54.993086 -1.584202 8.055059 -0.333030 -18.768281 -3.727096 -54.993086 1.584202 -8.055059 0.333030 -10.693902 -2.067282  
 5 5 10  29.417256 -1.475902 5.827428 0.037312 -9.987611 -2.838810 -29.417256 1.475902 -5.827428 -0.037312 -11.326789 -2.559449  
 6 6 11  13.210267 -1.269665 5.469746 0.037312 -9.737916 -2.396818 -13.210267 1.269665 -5.469746 -0.037312 -10.268225 -2.247107  
 7 7 12  18.413573 -1.305371 5.907989 0.037312 -10.532671 -2.468181 -18.413573 1.305371 -5.907989 -0.037312 -11.076388 -2.306345  
 8 8 118  34.958904 -1.432185 5.673269 0.037312 -9.833445 -2.778997 -34.958904 1.432185 -5.673269 -0.037312 7.758390 2.255161  
 9 10 15  13.619846 -1.640933 3.790507 -0.022926 -5.651577 -2.717188 -13.619846 1.640933 -3.790507 0.022926 -8.212581 -3.284687  
 10 11 16  8.298557 -1.511898 3.754111 -0.022926 -5.774498 -2.494692 -8.298557 1.511898 -3.754111 0.022926 -7.956537 -3.035226  
 11 12 17  10.293686 -1.528103 3.904091 -0.022926 -6.002893 -2.526768 -10.293686 1.528103 -3.904091 0.022926 -8.276710 -3.062422  
 12 13 18  15.787910 -1.656105 3.927649 -0.022926 -5.845916 -2.750293 -15.787910 1.656105 -3.927649 0.022926 -8.519854 -3.307078  
 13 5 6  0.000000 -6.533449 0.000000 0.377499 -0.000000 -20.320318 0.000000 6.533449 -0.000000 -0.377499 -0.000000 -19.507589  
 14 6 7  0.000000 1.468770 0.000000 -0.794231 -0.000000 4.462448 0.000000 -1.468770 -0.000000 0.794231 -0.000000 4.491173  
 15 7 8  0.000000 -6.549431 -0.000000 0.306395 0.000000 -19.556300 0.000000 6.549431 0.000000 -0.306395 0.000000 -20.369029  
 16 8 5  0.000000 1.484751 -0.000000 -0.158318 0.000000 4.539884 0.000000 -1.484751 0.000000 0.158318 0.000000 4.511159  
 17 10 11  0.000000 -5.463526 0.000000 0.204399 -0.000000 -16.807673 0.000000 5.463526 -0.000000 -0.204399 -0.000000 -16.497982  
 18 11 12  0.000000 1.624764 -0.000000 -0.455259 0.000000 4.946199 0.000000 -1.624764 0.000000 0.455259 0.000000 4.958365  
 19 12 13  0.000000 -5.504878 -0.000000 0.125253 0.000000 -16.624022 0.000000 5.504878 0.000000 -0.125253 0.000000 -16.933712  
 20 13 10  0.000000 1.666116 0.000000 0.170694 -0.000000 5.084405 0.000000 -1.666116 -0.000000 -0.170694 -0.000000 5.072238  
 21 15 16  0.000000 -2.682261 0.000000 0.058842 -0.000000 -8.300329 0.000000 2.682261 -0.000000 -0.058842 -0.000000 -8.050735  
 22 16 17  0.000000 1.019181 0.000000 -0.094198 -0.000000 3.094068 0.000000 -1.019181 -0.000000 0.094198 -0.000000 3.118861  
 23 17 18  0.000000 -2.725495 -0.000000 0.056439 0.000000 -8.182512 0.000000 2.725495 0.000000 -0.056439 0.000000 -8.432106  
 24 18 15  0.000000 1.062415 -0.000000 -0.087748 0.000000 3.250638 0.000000 -1.062415 0.000000 0.087748 0.000000 3.225845  
 118 118 128  34.958904 -1.432185 5.673269 0.037312 -7.758390 -2.255161 -34.958904 1.432185 -5.673269 -0.037312 5.683335 1.731325  
 128 128 138  34.958904 -1.432185 5.673269 0.037312 -5.683335 -1.731325 -34.958904 1.432185 -5.673269 -0.037312 3.608280 1.207489  
 138 138 148  34.958904 -1.432185 5.673269 0.037312 -3.608280 -1.207489 -34.958904 1.432185 -5.673269 -0.037312 1.533226 0.683653  
 148 148 158  34.958904 -1.432185 5.673269 0.037312 -1.533226 -0.683653 -34.958904 1.432185 -5.673269 -0.037312 -0.541829 0.159816  
 158 158 168  34.958904 -1.432185 5.673269 0.037312 0.541829 -0.159816 -34.958904 1.432185 -5.673269 -0.037312 -2.616884 -0.364020  
 168 168 178  34.958904 -1.432185 5.673269 0.037312 2.616884 0.364020 -34.958904 1.432185 -5.673269 -0.037312 -4.691939 -0.887856  
 178 178 188  34.958904 -1.432185 5.673269 0.037312 4.691939 0.887856 -34.958904 1.432185 -5.673269 -0.037312 -6.766993 -1.411692  
 188 188 198  34.958904 -1.432185 5.673269 0.037312 6.766993 1.411692 -34.958904 1.432185 -5.673269 -0.037312 -8.842048 -1.935528  
 198 198 13  34.958904 -1.432185 5.673269 0.037312 8.842048 1.935528 -34.958904 1.432185 -5.673269 -0.037312 -10.917103 -2.459364  
