 1 1 5  35.444242 -0.677201 -0.060964 -0.000150 0.326072 -1.388963 -35.444242 0.677201 0.060964 0.000150 -0.103091 -1.087968  
 2 2 6  37.600165 -0.676036 -0.059962 -0.000150 0.322681 -1.386187 -37.600165 0.676036 0.059962 0.000150 -0.103365 -1.086483  
 3 3 7  36.555510 -0.675709 -0.058699 -0.000150 0.319663 -1.384404 -36.555510 0.675709 0.058699 0.000150 -0.104964 -1.087071  
 4 4 8  34.400082 -0.676941 -0.059632 -0.000150 0.322908 -1.387258 -34.400082 0.676941 0.059632 0.000150 -0.104798 -1.088721  
 5 5 10  23.901685 0.043716 -0.402813 -0.000323 0.904580 0.492173 -23.901685 -0.043716 0.402813 0.000323 0.568749 -0.332278  
 6 6 11  25.532763 0.044161 -0.402039 -0.000323 0.904140 0.492882 -25.532763 -0.044161 0.402039 0.000323 0.566356 -0.331359  
 7 7 12  24.098116 0.045353 -0.401395 -0.000323 0.903138 0.494101 -24.098116 -0.045353 0.401395 0.000323 0.565005 -0.328217  
 8 8 118  22.467436 0.044911 -0.402144 -0.000323 0.903522 0.493402 -22.467436 -0.044911 0.402144 0.000323 -0.756433 -0.476975  
 9 10 15  12.048075 0.686541 -0.526992 -0.000175 0.869429 1.314488 -12.048075 -0.686541 0.526992 0.000175 1.058097 1.196605  
 10 11 16  12.739087 0.691215 -0.527685 -0.000175 0.871503 1.323056 -12.739087 -0.691215 0.527685 0.000175 1.058558 1.205134  
 11 12 17  11.951790 0.690204 -0.522767 -0.000175 0.862914 1.320069 -11.951790 -0.690204 0.522767 0.000175 1.049159 1.204419  
 12 13 18  11.261048 0.683950 -0.520753 -0.000175 0.858930 1.309233 -11.261048 -0.683950 0.520753 0.000175 1.045775 1.192381  
 13 5 6  0.000000 0.262411 0.000000 0.001060 -0.000000 0.800143 0.000000 -0.262411 -0.000000 -0.001060 -0.000000 0.799512  
 14 6 7  0.000000 0.195008 0.000000 -0.001264 -0.000000 0.594662 0.000000 -0.195008 -0.000000 0.001264 -0.000000 0.594108  
 15 7 8  0.000000 0.262386 -0.000000 0.001138 0.000000 0.799438 0.000000 -0.262386 0.000000 -0.001138 0.000000 0.800070  
 16 8 5  0.000000 0.195032 -0.000000 -0.001346 0.000000 0.594182 0.000000 -0.195032 0.000000 0.001346 0.000000 0.594735  
 17 10 11  0.000000 0.470017 0.000000 0.004694 -0.000000 1.432284 0.000000 -0.470017 -0.000000 -0.004694 -0.000000 1.432938  
 18 11 12  0.000000 -0.323659 -0.000000 -0.004921 0.000000 -0.987002 0.000000 0.323659 0.000000 0.004921 0.000000 -0.986024  
 19 12 13  0.000000 0.469985 -0.000000 0.005829 0.000000 1.432840 0.000000 -0.469985 0.000000 -0.005829 0.000000 1.432186  
 20 13 10  0.000000 -0.323627 0.000000 -0.005895 -0.000000 -0.985927 0.000000 0.323627 -0.000000 0.005895 -0.000000 -0.986905  
 21 15 16  0.000000 0.345472 -0.000000 0.004162 0.000000 1.052039 0.000000 -0.345472 0.000000 -0.004162 0.000000 1.053961  
 22 16 17  0.000000 -0.393615 -0.000000 -0.004597 0.000000 -1.200972 0.000000 0.393615 0.000000 0.004597 0.000000 -1.198503  
 23 17 18  0.000000 0.345405 0.000000 0.005916 -0.000000 1.053755 0.000000 -0.345405 -0.000000 -0.005916 -0.000000 1.051833  
 24 18 15  0.000000 -0.393547 0.000000 -0.006058 -0.000000 -1.198297 0.000000 0.393547 -0.000000 0.006058 -0.000000 -1.200767  
 118 118 128  22.467436 0.044911 -0.402144 -0.000323 0.756433 0.476975 -22.467436 -0.044911 0.402144 0.000323 -0.609345 -0.460549  
 128 128 138  22.467436 0.044911 -0.402144 -0.000323 0.609345 0.460549 -22.467436 -0.044911 0.402144 0.000323 -0.462257 -0.444122  
 138 138 148  22.467436 0.044911 -0.402144 -0.000323 0.462257 0.444122 -22.467436 -0.044911 0.402144 0.000323 -0.315168 -0.427695  
 148 148 158  22.467436 0.044911 -0.402144 -0.000323 0.315168 0.427695 -22.467436 -0.044911 0.402144 0.000323 -0.168080 -0.411269  
 158 158 168  22.467436 0.044911 -0.402144 -0.000323 0.168080 0.411269 -22.467436 -0.044911 0.402144 0.000323 -0.020992 -0.394842  
 168 168 178  22.467436 0.044911 -0.402144 -0.000323 0.020992 0.394842 -22.467436 -0.044911 0.402144 0.000323 0.126097 -0.378415  
 178 178 188  22.467436 0.044911 -0.402144 -0.000323 -0.126097 0.378415 -22.467436 -0.044911 0.402144 0.000323 0.273185 -0.361989  
 188 188 198  22.467436 0.044911 -0.402144 -0.000323 -0.273185 0.361989 -22.467436 -0.044911 0.402144 0.000323 0.420273 -0.345562  
 198 198 13  22.467436 0.044911 -0.402144 -0.000323 -0.420273 0.345562 -22.467436 -0.044911 0.402144 0.000323 0.567362 -0.329135  
