 1 1 5  37.786110 5.529260 -5.731083 -0.219553 12.552380 12.666953 -37.786110 -5.529260 5.731083 0.219553 8.409629 7.556868  
 2 2 6  53.591340 6.068325 -6.031828 -0.219553 13.390227 13.832510 -53.591340 -6.068325 6.031828 0.219553 8.671788 8.362995  
 3 3 7  34.024633 5.710136 -5.343131 -0.219553 11.956982 12.727255 -34.024633 -5.710136 5.343131 0.219553 7.586053 8.158138  
 4 4 8  18.597917 4.998323 -4.880766 -0.219553 10.772490 11.154206 -18.597917 -4.998323 4.880766 0.219553 7.079399 7.127659  
 5 5 10  25.339721 3.614257 -3.279260 0.035936 5.193816 5.974770 -25.339721 -3.614257 3.279260 -0.035936 6.800406 7.244738  
 6 6 11  32.830051 3.916181 -3.176389 0.035936 4.886491 6.535434 -32.830051 -3.916181 3.176389 -0.035936 6.731471 7.788390  
 7 7 12  22.515817 3.986564 -2.839358 0.035936 4.315031 6.756989 -22.515817 -3.986564 2.839358 -0.035936 6.070205 7.824267  
 8 8 118  15.314411 3.291748 -2.666704 0.035936 4.272352 5.657156 -15.314411 -3.291748 2.666704 -0.035936 -3.296979 -4.453167  
 9 10 15  12.537221 2.166945 -1.416961 0.027987 1.825507 3.012339 -12.537221 -2.166945 1.416961 -0.027987 3.357171 4.913478  
 10 11 16  14.738208 2.277469 -1.373419 0.027987 1.661141 3.190814 -14.738208 -2.277469 1.373419 -0.027987 3.362277 5.139256  
 11 12 17  11.389762 2.316303 -1.277612 0.027987 1.541057 3.388934 -11.389762 -2.316303 1.277612 -0.027987 3.131937 5.083174  
 12 13 18  9.334809 2.194553 -1.317218 0.027987 1.697135 3.195689 -9.334809 -2.194553 1.317218 -0.027987 3.120722 4.831109  
 13 5 6  0.000000 4.146251 0.000000 0.649262 -0.000000 12.511732 0.000000 -4.146251 -0.000000 -0.649262 -0.000000 12.763815  
 14 6 7  0.000000 -4.615038 0.000000 -0.794464 -0.000000 -14.249167 0.000000 4.615038 -0.000000 0.794464 -0.000000 -13.884104  
 15 7 8  0.000000 4.123854 -0.000000 1.031022 0.000000 12.695548 0.000000 -4.123854 0.000000 -1.031022 0.000000 12.443464  
 16 8 5  0.000000 -4.592640 -0.000000 -1.091713 0.000000 -13.815837 0.000000 4.592640 0.000000 1.091713 0.000000 -14.180900  
 17 10 11  0.000000 2.626810 -0.000000 0.306623 0.000000 7.956657 0.000000 -2.626810 0.000000 -0.306623 0.000000 8.056378  
 18 11 12  0.000000 -3.465032 -0.000000 -0.336234 0.000000 -10.672582 0.000000 3.465032 0.000000 0.336234 0.000000 -10.450256  
 19 12 13  0.000000 2.591088 0.000000 0.762945 -0.000000 7.947496 0.000000 -2.591088 -0.000000 -0.762945 -0.000000 7.847775  
 20 13 10  0.000000 -3.429310 0.000000 -0.669256 -0.000000 -10.341373 0.000000 3.429310 -0.000000 0.669256 -0.000000 -10.563700  
 21 15 16  0.000000 1.082239 0.000000 0.057249 -0.000000 3.294585 0.000000 -1.082239 -0.000000 -0.057249 -0.000000 3.302746  
 22 16 17  0.000000 -1.655969 0.000000 -0.059531 -0.000000 -5.082006 0.000000 1.655969 -0.000000 0.059531 -0.000000 -5.012781  
 23 17 18  0.000000 1.045731 -0.000000 0.070393 0.000000 3.191468 0.000000 -1.045731 0.000000 -0.070393 0.000000 3.183307  
 24 18 15  0.000000 -1.619460 -0.000000 -0.062585 0.000000 -4.901502 0.000000 1.619460 0.000000 0.062585 0.000000 -4.970727  
 118 118 128  15.314411 3.291748 -2.666704 0.035936 3.296979 4.453167 -15.314411 -3.291748 2.666704 -0.035936 -2.321605 -3.249177  
 128 128 138  15.314411 3.291748 -2.666704 0.035936 2.321605 3.249177 -15.314411 -3.291748 2.666704 -0.035936 -1.346232 -2.045188  
 138 138 148  15.314411 3.291748 -2.666704 0.035936 1.346232 2.045188 -15.314411 -3.291748 2.666704 -0.035936 -0.370858 -0.841198  
 148 148 158  15.314411 3.291748 -2.666704 0.035936 0.370858 0.841198 -15.314411 -3.291748 2.666704 -0.035936 0.604515 0.362792  
 158 158 168  15.314411 3.291748 -2.666704 0.035936 -0.604515 -0.362792 -15.314411 -3.291748 2.666704 -0.035936 1.579889 1.566781  
 168 168 178  15.314411 3.291748 -2.666704 0.035936 -1.579889 -1.566781 -15.314411 -3.291748 2.666704 -0.035936 2.555262 2.770771  
 178 178 188  15.314411 3.291748 -2.666704 0.035936 -2.555262 -2.770771 -15.314411 -3.291748 2.666704 -0.035936 3.530636 3.974761  
 188 188 198  15.314411 3.291748 -2.666704 0.035936 -3.530636 -3.974761 -15.314411 -3.291748 2.666704 -0.035936 4.506010 5.178750  
 198 198 13  15.314411 3.291748 -2.666704 0.035936 -4.506010 -5.178750 -15.314411 -3.291748 2.666704 -0.035936 5.481383 6.382740  
