 1 1 5  35.710172 -3.433419 3.393333 -0.033887 -8.058443 -8.066444 -35.710172 3.433419 -3.393333 0.033887 -4.353010 -4.491628  
 2 2 6  21.927767 -3.021584 3.111413 -0.033887 -7.282839 -7.142366 -21.927767 3.021584 -3.111413 0.033887 -4.097464 -3.909378  
 3 3 7  36.214155 -3.296166 3.549169 -0.033887 -8.255819 -7.921108 -36.214155 3.296166 -3.549169 0.033887 -4.725620 -4.134950  
 4 4 8  50.147906 -3.565457 3.681174 -0.033887 -8.747721 -8.570289 -50.147906 3.565457 -3.681174 0.033887 -4.716542 -4.470725  
 5 5 10  23.745428 -3.083384 2.772750 -0.011291 -4.783864 -5.475170 -23.745428 3.083384 -2.772750 0.011291 -5.357746 -5.802617  
 6 6 11  16.108044 -2.794173 2.674101 -0.011291 -4.653983 -4.939238 -16.108044 2.794173 -2.674101 0.011291 -5.126808 -5.280730  
 7 7 12  24.196552 -2.909555 2.964330 -0.011291 -5.184387 -5.110495 -24.196552 2.909555 -2.964330 0.011291 -5.657945 -5.531494  
 8 8 118  31.949976 -3.027354 2.904350 -0.011291 -5.052792 -5.358304 -31.949976 3.027354 -2.904350 0.011291 3.990497 4.251019  
 9 10 15  11.891642 -1.921209 1.674071 0.003913 -2.374968 -2.813550 -11.891642 1.921209 -1.674071 -0.003913 -3.748116 -4.213464  
 10 11 16  9.405831 -1.803688 1.661558 0.003913 -2.390978 -2.634008 -9.405831 1.803688 -1.661558 -0.003913 -3.686337 -3.963163  
 11 12 17  12.078137 -1.821003 1.775282 0.003913 -2.560948 -2.622584 -12.078137 1.821003 -1.775282 -0.003913 -3.932322 -4.037915  
 12 13 18  14.624390 -1.926718 1.778450 0.003913 -2.533903 -2.787099 -14.624390 1.926718 -1.778450 -0.003913 -3.970955 -4.260064  
 13 5 6  0.000000 -3.076924 -0.000000 0.545640 0.000000 -9.439653 0.000000 3.076924 0.000000 -0.545640 0.000000 -9.317275  
 14 6 7  0.000000 3.103353 -0.000000 -0.565829 0.000000 9.394256 0.000000 -3.103353 0.000000 0.565829 0.000000 9.523786  
 15 7 8  0.000000 -3.085750 0.000000 0.278340 -0.000000 -9.344178 0.000000 3.085750 -0.000000 -0.278340 -0.000000 -9.466556  
 16 8 5  0.000000 3.112180 0.000000 -0.302779 -0.000000 9.550688 0.000000 -3.112180 -0.000000 0.302779 -0.000000 9.421159  
 17 10 11  0.000000 -2.582736 0.000000 0.329532 -0.000000 -7.897204 0.000000 2.582736 -0.000000 -0.329532 -0.000000 -7.847157  
 18 11 12  0.000000 2.715051 0.000000 -0.329371 -0.000000 8.244269 0.000000 -2.715051 -0.000000 0.329371 -0.000000 8.306679  
 19 12 13  0.000000 -2.596636 -0.000000 0.152600 0.000000 -7.889523 0.000000 2.596636 0.000000 -0.152600 0.000000 -7.939570  
 20 13 10  0.000000 2.728950 -0.000000 -0.164490 0.000000 8.349045 0.000000 -2.728950 0.000000 0.164490 0.000000 8.286635  
 21 15 16  0.000000 -1.250460 -0.000000 0.102122 0.000000 -3.836506 0.000000 1.250460 0.000000 -0.102122 0.000000 -3.786301  
 22 16 17  0.000000 1.343708 -0.000000 -0.099964 0.000000 4.065284 0.000000 -1.343708 0.000000 0.099964 0.000000 4.125961  
 23 17 18  0.000000 -1.265571 0.000000 0.088046 -0.000000 -3.832358 0.000000 1.265571 -0.000000 -0.088046 -0.000000 -3.882564  
 24 18 15  0.000000 1.358819 0.000000 -0.088391 -0.000000 4.172018 0.000000 -1.358819 -0.000000 0.088391 -0.000000 4.111342  
 118 118 128  31.949976 -3.027354 2.904350 -0.011291 -3.990497 -4.251019 -31.949976 3.027354 -2.904350 0.011291 2.928202 3.143734  
 128 128 138  31.949976 -3.027354 2.904350 -0.011291 -2.928202 -3.143734 -31.949976 3.027354 -2.904350 0.011291 1.865907 2.036449  
 138 138 148  31.949976 -3.027354 2.904350 -0.011291 -1.865907 -2.036449 -31.949976 3.027354 -2.904350 0.011291 0.803612 0.929164  
 148 148 158  31.949976 -3.027354 2.904350 -0.011291 -0.803612 -0.929164 -31.949976 3.027354 -2.904350 0.011291 -0.258683 -0.178121  
 158 158 168  31.949976 -3.027354 2.904350 -0.011291 0.258683 0.178121 -31.949976 3.027354 -2.904350 0.011291 -1.320978 -1.285406  
 168 168 178  31.949976 -3.027354 2.904350 -0.011291 1.320978 1.285406 -31.949976 3.027354 -2.904350 0.011291 -2.383272 -2.392691  
 178 178 188  31.949976 -3.027354 2.904350 -0.011291 2.383272 2.392691 -31.949976 3.027354 -2.904350 0.011291 -3.445567 -3.499976  
 188 188 198  31.949976 -3.027354 2.904350 -0.011291 3.445567 3.499976 -31.949976 3.027354 -2.904350 0.011291 -4.507862 -4.607261  
 198 198 13  31.949976 -3.027354 2.904350 -0.011291 4.507862 4.607261 -31.949976 3.027354 -2.904350 0.011291 -5.570157 -5.714546  
