 1 1 5  36.461207 2.206271 -1.336060 0.001036 2.752002 4.765450 -36.461207 -2.206271 1.336060 -0.001036 2.134771 3.304207  
 2 2 6  37.610619 2.192541 -1.316581 0.001036 2.694880 4.738145 -37.610619 -2.192541 1.316581 -0.001036 2.120645 3.281295  
 3 3 7  35.538321 2.196482 -1.328811 0.001036 2.721019 4.754124 -35.538321 -2.196482 1.328811 -0.001036 2.139241 3.279729  
 4 4 8  34.389852 2.209698 -1.352135 0.001036 2.787257 4.779667 -34.389852 -2.209698 1.352135 -0.001036 2.158313 3.302524  
 5 5 10  23.885263 0.345203 0.203184 -0.004852 -0.712008 -0.084836 -23.885263 -0.345203 -0.203184 0.004852 -0.031158 1.347452  
 6 6 11  24.090005 0.327398 0.206868 -0.004852 -0.708746 -0.114503 -24.090005 -0.327398 -0.206868 0.004852 -0.047895 1.311994  
 7 7 12  24.113713 0.332108 0.189460 -0.004852 -0.678542 -0.108471 -24.113713 -0.332108 -0.189460 0.004852 -0.014426 1.323191  
 8 8 118  23.911019 0.349120 0.192142 -0.004852 -0.691594 -0.079325 -23.911019 -0.349120 -0.192142 0.004852 0.621316 0.207019  
 9 10 15  11.795356 -0.372716 -0.089609 -0.000395 0.166438 -0.908462 -11.795356 0.372716 0.089609 0.000395 0.161317 -0.454783  
 10 11 16  11.903901 -0.375955 -0.091409 -0.000395 0.173460 -0.912764 -11.903901 0.375955 0.091409 0.000395 0.160879 -0.462331  
 11 12 17  12.204144 -0.377804 -0.094409 -0.000395 0.177422 -0.919894 -12.204144 0.377804 0.094409 0.000395 0.167888 -0.461963  
 12 13 18  12.096598 -0.374418 -0.092717 -0.000395 0.170561 -0.915220 -12.096598 0.374418 0.092717 0.000395 0.168561 -0.454250  
 13 5 6  0.000000 0.472473 0.000000 -0.025869 -0.000000 1.444320 0.000000 -0.472473 -0.000000 0.025869 -0.000000 1.435878  
 14 6 7  0.000000 -1.048141 0.000000 0.023979 -0.000000 -3.192661 0.000000 1.048141 -0.000000 -0.023979 -0.000000 -3.196807  
 15 7 8  0.000000 0.472750 -0.000000 -0.025550 0.000000 1.436720 0.000000 -0.472750 0.000000 0.025550 0.000000 1.445162  
 16 8 5  0.000000 -1.048417 -0.000000 0.021557 0.000000 -3.197649 0.000000 1.048417 0.000000 -0.021557 0.000000 -3.193502  
 17 10 11  0.000000 0.047967 -0.000000 -0.020279 0.000000 0.147728 0.000000 -0.047967 0.000000 0.020279 0.000000 0.144680  
 18 11 12  0.000000 -0.138137 0.000000 0.019115 -0.000000 -0.419510 0.000000 0.138137 -0.000000 -0.019115 -0.000000 -0.422571  
 19 12 13  0.000000 0.047705 0.000000 -0.019274 -0.000000 0.143881 0.000000 -0.047705 -0.000000 0.019274 -0.000000 0.146928  
 20 13 10  0.000000 -0.137874 -0.000000 0.012449 0.000000 -0.421771 0.000000 0.137874 0.000000 -0.012449 0.000000 -0.418710  
 21 15 16  0.000000 0.054148 0.000000 -0.004155 -0.000000 0.165319 0.000000 -0.054148 -0.000000 0.004155 -0.000000 0.164764  
 22 16 17  0.000000 0.150247 0.000000 0.003885 -0.000000 0.458177 0.000000 -0.150247 -0.000000 -0.003885 -0.000000 0.457726  
 23 17 18  0.000000 0.053898 -0.000000 -0.004237 0.000000 0.164003 0.000000 -0.053898 0.000000 0.004237 0.000000 0.164558  
 24 18 15  0.000000 0.150496 -0.000000 0.004003 0.000000 0.458487 0.000000 -0.150496 0.000000 -0.004003 0.000000 0.458938  
 118 118 128  23.911019 0.349120 0.192142 -0.004852 -0.621316 -0.207019 -23.911019 -0.349120 -0.192142 0.004852 0.551038 0.334713  
 128 128 138  23.911019 0.349120 0.192142 -0.004852 -0.551038 -0.334713 -23.911019 -0.349120 -0.192142 0.004852 0.480760 0.462407  
 138 138 148  23.911019 0.349120 0.192142 -0.004852 -0.480760 -0.462407 -23.911019 -0.349120 -0.192142 0.004852 0.410482 0.590101  
 148 148 158  23.911019 0.349120 0.192142 -0.004852 -0.410482 -0.590101 -23.911019 -0.349120 -0.192142 0.004852 0.340205 0.717795  
 158 158 168  23.911019 0.349120 0.192142 -0.004852 -0.340205 -0.717795 -23.911019 -0.349120 -0.192142 0.004852 0.269927 0.845489  
 168 168 178  23.911019 0.349120 0.192142 -0.004852 -0.269927 -0.845489 -23.911019 -0.349120 -0.192142 0.004852 0.199649 0.973183  
 178 178 188  23.911019 0.349120 0.192142 -0.004852 -0.199649 -0.973183 -23.911019 -0.349120 -0.192142 0.004852 0.129371 1.100877  
 188 188 198  23.911019 0.349120 0.192142 -0.004852 -0.129371 -1.100877 -23.911019 -0.349120 -0.192142 0.004852 0.059093 1.228571  
 198 198 13  23.911019 0.349120 0.192142 -0.004852 -0.059093 -1.228571 -23.911019 -0.349120 -0.192142 0.004852 -0.011185 1.356265  
