 1 1 5  33.752991 0.515238 -1.657339 0.010237 3.445768 0.703766 -33.752991 -0.515238 1.657339 -0.010237 2.616115 1.180770  
 2 2 6  33.782525 0.500472 -1.640587 0.010237 3.396947 0.669435 -33.782525 -0.500472 1.640587 -0.010237 2.603663 1.161090  
 3 3 7  38.246579 0.515673 -1.662407 0.010237 3.448140 0.716740 -38.246579 -0.515673 1.662407 -0.010237 2.632281 1.169386  
 4 4 8  38.217906 0.531556 -1.679604 0.010237 3.497191 0.753263 -38.217906 -0.531556 1.679604 -0.010237 2.646130 1.190957  
 5 5 10  22.568388 -0.724684 0.169274 -0.002599 -0.931759 -1.959107 -22.568388 0.724684 -0.169274 0.002599 0.312623 -0.691497  
 6 6 11  21.482588 -0.726884 0.166000 -0.002599 -0.918153 -1.961130 -21.482588 0.726884 -0.166000 0.002599 0.310992 -0.697522  
 7 7 12  25.430994 -0.718604 0.166633 -0.002599 -0.923310 -1.967345 -25.430994 0.718604 -0.166633 0.002599 0.313832 -0.661020  
 8 8 118  26.518031 -0.711407 0.162652 -0.002599 -0.924747 -1.956864 -26.518031 0.711407 -0.162652 0.002599 0.865256 1.696660  
 9 10 15  11.398835 -1.460528 0.527217 -0.008190 -1.018484 -2.574112 -11.398835 1.460528 -0.527217 0.008190 -0.909865 -2.767913  
 10 11 16  10.787552 -1.436622 0.523864 -0.008190 -1.009123 -2.531350 -10.787552 1.436622 -0.523864 0.008190 -0.906961 -2.723239  
 11 12 17  12.600739 -1.463658 0.551270 -0.008190 -1.062030 -2.590346 -12.600739 1.463658 -0.551270 0.008190 -0.954294 -2.763132  
 12 13 18  13.212874 -1.484019 0.554824 -0.008190 -1.071467 -2.626441 -13.212874 1.484019 -0.554824 0.008190 -0.957858 -2.801506  
 13 5 6  0.000000 0.557714 -0.000000 -0.010709 0.000000 1.702726 0.000000 -0.557714 0.000000 0.010709 0.000000 1.697098  
 14 6 7  0.000000 0.257777 -0.000000 0.011587 0.000000 0.789331 0.000000 -0.257777 0.000000 -0.011587 0.000000 0.782076  
 15 7 8  0.000000 0.557808 0.000000 -0.015883 -0.000000 1.697384 0.000000 -0.557808 -0.000000 0.015883 -0.000000 1.703012  
 16 8 5  0.000000 0.257683 0.000000 0.018370 -0.000000 0.781790 0.000000 -0.257683 -0.000000 -0.018370 -0.000000 0.789046  
 17 10 11  0.000000 -0.237307 -0.000000 0.018222 0.000000 -0.723603 0.000000 0.237307 0.000000 -0.018222 0.000000 -0.723018  
 18 11 12  0.000000 1.067657 -0.000000 -0.024887 0.000000 3.247094 0.000000 -1.067657 0.000000 0.024887 0.000000 3.261345  
 19 12 13  0.000000 -0.237403 0.000000 0.009979 -0.000000 -0.723311 0.000000 0.237403 -0.000000 -0.009979 -0.000000 -0.723896  
 20 13 10  0.000000 1.067753 0.000000 -0.017741 -0.000000 3.261638 0.000000 -1.067753 -0.000000 0.017741 -0.000000 3.247387  
 21 15 16  0.000000 -0.305748 0.000000 0.022013 -0.000000 -0.933537 0.000000 0.305748 -0.000000 -0.022013 -0.000000 -0.930303  
 22 16 17  0.000000 0.906700 -0.000000 -0.023342 0.000000 2.745251 0.000000 -0.906700 0.000000 0.023342 0.000000 2.781994  
 23 17 18  0.000000 -0.305961 -0.000000 0.018863 0.000000 -0.930952 0.000000 0.305961 0.000000 -0.018863 0.000000 -0.934186  
 24 18 15  0.000000 0.906913 0.000000 -0.023672 -0.000000 2.782643 0.000000 -0.906913 -0.000000 0.023672 -0.000000 2.745901  
 118 118 128  26.518031 -0.711407 0.162652 -0.002599 -0.865256 -1.696660 -26.518031 0.711407 -0.162652 0.002599 0.805764 1.436456  
 128 128 138  26.518031 -0.711407 0.162652 -0.002599 -0.805764 -1.436456 -26.518031 0.711407 -0.162652 0.002599 0.746272 1.176252  
 138 138 148  26.518031 -0.711407 0.162652 -0.002599 -0.746272 -1.176252 -26.518031 0.711407 -0.162652 0.002599 0.686781 0.916048  
 148 148 158  26.518031 -0.711407 0.162652 -0.002599 -0.686781 -0.916048 -26.518031 0.711407 -0.162652 0.002599 0.627289 0.655844  
 158 158 168  26.518031 -0.711407 0.162652 -0.002599 -0.627289 -0.655844 -26.518031 0.711407 -0.162652 0.002599 0.567797 0.395640  
 168 168 178  26.518031 -0.711407 0.162652 -0.002599 -0.567797 -0.395640 -26.518031 0.711407 -0.162652 0.002599 0.508306 0.135435  
 178 178 188  26.518031 -0.711407 0.162652 -0.002599 -0.508306 -0.135435 -26.518031 0.711407 -0.162652 0.002599 0.448814 -0.124769  
 188 188 198  26.518031 -0.711407 0.162652 -0.002599 -0.448814 0.124769 -26.518031 0.711407 -0.162652 0.002599 0.389322 -0.384973  
 198 198 13  26.518031 -0.711407 0.162652 -0.002599 -0.389322 0.384973 -26.518031 0.711407 -0.162652 0.002599 0.329831 -0.645177  
