 1 1 5  30.392886 -0.643200 -1.752193 0.013425 4.272692 -1.848958 -30.392886 0.643200 1.752193 -0.013425 2.136127 -0.503611  
 2 2 6  36.079302 -0.669030 -1.777783 0.013425 4.360386 -1.918960 -36.079302 0.669030 1.777783 -0.013425 2.142033 -0.528085  
 3 3 7  41.609248 -0.677192 -1.800764 0.013425 4.420503 -1.952977 -41.609248 0.677192 1.800764 -0.013425 2.165972 -0.523922  
 4 4 8  35.918564 -0.659488 -1.790365 0.013425 4.374648 -1.906095 -35.918564 0.659488 1.790365 -0.013425 2.173790 -0.506049  
 5 5 10  20.719628 -1.086361 -1.345961 -0.005383 2.168436 -2.196501 -20.719628 1.086361 1.345961 0.005383 2.754552 -1.776972  
 6 6 11  23.551719 -1.115364 -1.355595 -0.005383 2.179848 -2.248687 -23.551719 1.115364 1.355595 0.005383 2.778375 -1.830867  
 7 7 12  27.281891 -1.119809 -1.381713 -0.005383 2.224445 -2.256303 -27.281891 1.119809 1.381713 0.005383 2.829309 -1.839510  
 8 8 118  24.446762 -1.090134 -1.371456 -0.005383 2.213060 -2.204514 -24.446762 1.090134 1.371456 0.005383 -1.711436 1.805786  
 9 10 15  10.888024 -1.048593 -0.410992 0.001013 0.329426 -1.667644 -10.888024 1.048593 0.410992 -0.001013 1.173820 -2.167690  
 10 11 16  11.672193 -1.065741 -0.407491 0.001013 0.313030 -1.692761 -11.672193 1.065741 0.407491 -0.001013 1.177408 -2.205293  
 11 12 17  13.112804 -1.068965 -0.423525 0.001013 0.331334 -1.691687 -13.112804 1.068965 0.423525 -0.001013 1.217752 -2.218160  
 12 13 18  12.326979 -1.054387 -0.428014 0.001013 0.349146 -1.670751 -12.326979 1.054387 0.428014 -0.001013 1.216358 -2.185775  
 13 5 6  0.000000 1.427316 -0.000000 -0.037862 0.000000 4.345238 0.000000 -1.427316 0.000000 0.037862 0.000000 4.355681  
 14 6 7  0.000000 0.899733 0.000000 0.033799 -0.000000 2.738910 0.000000 -0.899733 -0.000000 -0.033799 -0.000000 2.745862  
 15 7 8  0.000000 1.427623 0.000000 -0.034363 -0.000000 4.356618 0.000000 -1.427623 -0.000000 0.034363 -0.000000 4.346175  
 16 8 5  0.000000 0.899426 -0.000000 0.040675 0.000000 2.744926 0.000000 -0.899426 0.000000 -0.040675 0.000000 2.737973  
 17 10 11  0.000000 1.024134 -0.000000 -0.038980 0.000000 3.117625 0.000000 -1.024134 0.000000 0.038980 0.000000 3.125498  
 18 11 12  0.000000 1.144608 -0.000000 0.034092 0.000000 3.484649 0.000000 -1.144608 0.000000 -0.034092 0.000000 3.492881  
 19 12 13  0.000000 1.024480 0.000000 -0.038316 -0.000000 3.126551 0.000000 -1.024480 -0.000000 0.038316 -0.000000 3.118678  
 20 13 10  0.000000 1.144262 0.000000 0.033646 -0.000000 3.491828 0.000000 -1.144262 -0.000000 -0.033646 -0.000000 3.483595  
 21 15 16  0.000000 0.392291 0.000000 -0.018170 -0.000000 1.194458 0.000000 -0.392291 -0.000000 0.018170 -0.000000 1.196949  
 22 16 17  0.000000 0.720099 0.000000 0.019540 -0.000000 2.187122 0.000000 -0.720099 -0.000000 -0.019540 -0.000000 2.202599  
 23 17 18  0.000000 0.392705 -0.000000 -0.015562 0.000000 1.198211 0.000000 -0.392705 0.000000 0.015562 0.000000 1.195720  
 24 18 15  0.000000 0.719684 -0.000000 0.020638 0.000000 2.201336 0.000000 -0.719684 0.000000 -0.020638 0.000000 2.185860  
 118 118 128  24.446762 -1.090134 -1.371456 -0.005383 1.711436 -1.805786 -24.446762 1.090134 1.371456 0.005383 -1.209813 1.407059  
 128 128 138  24.446762 -1.090134 -1.371456 -0.005383 1.209813 -1.407059 -24.446762 1.090134 1.371456 0.005383 -0.708189 1.008331  
 138 138 148  24.446762 -1.090134 -1.371456 -0.005383 0.708189 -1.008331 -24.446762 1.090134 1.371456 0.005383 -0.206565 0.609604  
 148 148 158  24.446762 -1.090134 -1.371456 -0.005383 0.206565 -0.609604 -24.446762 1.090134 1.371456 0.005383 0.295059 0.210876  
 158 158 168  24.446762 -1.090134 -1.371456 -0.005383 -0.295059 -0.210876 -24.446762 1.090134 1.371456 0.005383 0.796683 -0.187851  
 168 168 178  24.446762 -1.090134 -1.371456 -0.005383 -0.796683 0.187851 -24.446762 1.090134 1.371456 0.005383 1.298306 -0.586578  
 178 178 188  24.446762 -1.090134 -1.371456 -0.005383 -1.298306 0.586578 -24.446762 1.090134 1.371456 0.005383 1.799930 -0.985306  
 188 188 198  24.446762 -1.090134 -1.371456 -0.005383 -1.799930 0.985306 -24.446762 1.090134 1.371456 0.005383 2.301554 -1.384033  
 198 198 13  24.446762 -1.090134 -1.371456 -0.005383 -2.301554 1.384033 -24.446762 1.090134 1.371456 0.005383 2.803178 -1.782761  
