 1 1 5  27.088565 -9.446226 4.812095 0.339906 -10.849489 -20.934706 -27.088565 9.446226 -4.812095 -0.339906 -6.751230 -13.615811  
 2 2 6  9.261383 -8.155615 4.451791 0.339906 -9.940367 -18.205166 -9.261383 8.155615 -4.451791 -0.339906 -6.342504 -11.624812  
 3 3 7  44.450637 -9.808657 5.431260 0.339906 -12.094210 -22.558127 -44.450637 9.808657 -5.431260 -0.339906 -7.771168 -13.318016  
 4 4 8  63.199416 -10.790458 5.658968 0.339906 -12.696715 -24.728842 -63.199416 10.790458 -5.658968 -0.339906 -8.001529 -14.738338  
 5 5 10  19.327782 -7.940725 3.596534 -0.156847 -6.123825 -13.881879 -19.327782 7.940725 -3.596534 0.156847 -7.030858 -15.162115  
 6 6 11  10.325311 -7.184163 3.492493 -0.156847 -6.000254 -12.500264 -10.325311 7.184163 -3.492493 0.156847 -6.773888 -13.776531  
 7 7 12  28.307353 -7.717624 4.029602 -0.156847 -6.887931 -12.999435 -28.307353 7.717624 -4.029602 0.156847 -7.850742 -15.228546  
 8 8 118  38.039554 -7.532573 3.836770 -0.156847 -6.501808 -12.801423 -38.039554 7.532573 -3.836770 0.156847 5.098471 10.046310  
 9 10 15  10.609001 -3.706474 1.842313 0.049641 -2.562346 -5.182178 -10.609001 3.706474 -1.842313 -0.049641 -4.176099 -8.374623  
 10 11 16  7.955431 -3.517514 1.819795 0.049641 -2.530159 -4.899607 -7.955431 3.517514 -1.819795 -0.049641 -4.125925 -7.966051  
 11 12 17  13.207696 -3.530876 1.970306 0.049641 -2.738728 -4.721774 -13.207696 3.530876 -1.970306 -0.049641 -4.467864 -8.192759  
 12 13 18  16.227872 -3.715235 1.999976 0.049641 -2.791425 -4.987057 -16.227872 3.715235 -1.999976 -0.049641 -4.523688 -8.601787  
 13 5 6  0.000000 -4.436339 -0.000000 1.613205 0.000000 -13.616094 0.000000 4.436339 0.000000 -1.613205 0.000000 -13.427827  
 14 6 7  0.000000 8.627590 0.000000 -1.085069 -0.000000 25.738282 0.000000 -8.627590 -0.000000 1.085069 -0.000000 26.855505  
 15 7 8  0.000000 -4.484306 0.000000 0.538053 -0.000000 -13.574030 0.000000 4.484306 -0.000000 -0.538053 -0.000000 -13.762297  
 16 8 5  0.000000 8.675556 -0.000000 -0.741040 0.000000 27.001708 0.000000 -8.675556 0.000000 0.741040 0.000000 25.884484  
 17 10 11  0.000000 -3.219841 0.000000 0.695727 -0.000000 -9.819745 0.000000 3.219841 -0.000000 -0.695727 -0.000000 -9.808408  
 18 11 12  0.000000 6.410279 -0.000000 -0.504362 0.000000 19.371865 0.000000 -6.410279 0.000000 0.504362 0.000000 19.705195  
 19 12 13  0.000000 -3.310622 -0.000000 -0.245124 0.000000 -10.085109 0.000000 3.310622 0.000000 0.245124 0.000000 -10.096446  
 20 13 10  0.000000 6.501060 0.000000 -0.226541 -0.000000 19.981896 0.000000 -6.501060 -0.000000 0.226541 -0.000000 19.648566  
 21 15 16  0.000000 -1.372611 0.000000 0.064609 -0.000000 -4.210216 0.000000 1.372611 -0.000000 -0.064609 -0.000000 -4.157217  
 22 16 17  0.000000 2.671958 0.000000 -0.031293 -0.000000 8.030660 0.000000 -2.671958 -0.000000 0.031293 -0.000000 8.257596  
 23 17 18  0.000000 -1.464262 -0.000000 0.064837 0.000000 -4.436571 0.000000 1.464262 0.000000 -0.064837 0.000000 -4.489570  
 24 18 15  0.000000 2.763610 -0.000000 -0.034118 0.000000 8.536950 0.000000 -2.763610 0.000000 0.034118 0.000000 8.310014  
 118 118 128  38.039554 -7.532573 3.836770 -0.156847 -5.098471 -10.046310 -38.039554 7.532573 -3.836770 0.156847 3.695134 7.291196  
 128 128 138  38.039554 -7.532573 3.836770 -0.156847 -3.695134 -7.291196 -38.039554 7.532573 -3.836770 0.156847 2.291797 4.536082  
 138 138 148  38.039554 -7.532573 3.836770 -0.156847 -2.291797 -4.536082 -38.039554 7.532573 -3.836770 0.156847 0.888460 1.780968  
 148 148 158  38.039554 -7.532573 3.836770 -0.156847 -0.888460 -1.780968 -38.039554 7.532573 -3.836770 0.156847 -0.514877 -0.974145  
 158 158 168  38.039554 -7.532573 3.836770 -0.156847 0.514877 0.974145 -38.039554 7.532573 -3.836770 0.156847 -1.918214 -3.729259  
 168 168 178  38.039554 -7.532573 3.836770 -0.156847 1.918214 3.729259 -38.039554 7.532573 -3.836770 0.156847 -3.321551 -6.484373  
 178 178 188  38.039554 -7.532573 3.836770 -0.156847 3.321551 6.484373 -38.039554 7.532573 -3.836770 0.156847 -4.724888 -9.239487  
 188 188 198  38.039554 -7.532573 3.836770 -0.156847 4.724888 9.239487 -38.039554 7.532573 -3.836770 0.156847 -6.128225 -11.994601  
 198 198 13  38.039554 -7.532573 3.836770 -0.156847 6.128225 11.994601 -38.039554 7.532573 -3.836770 0.156847 -7.531562 -14.749714  
