 1 1 5  38.628634 0.351269 0.176130 -0.000331 -0.691239 0.902144 -38.628634 -0.351269 -0.176130 0.000331 0.047028 0.382659  
 2 2 6  35.218776 0.351488 0.176530 -0.000331 -0.692994 0.902620 -35.218776 -0.351488 -0.176530 0.000331 0.047318 0.382983  
 3 3 7  33.371367 0.351713 0.176961 -0.000331 -0.693958 0.903558 -33.371367 -0.351713 -0.176961 0.000331 0.046706 0.382866  
 4 4 8  36.781223 0.351559 0.176505 -0.000331 -0.692160 0.903195 -36.781223 -0.351559 -0.176505 0.000331 0.046574 0.382668  
 5 5 10  25.848838 0.311712 0.661462 -0.000071 -1.436964 0.603275 -25.848838 -0.311712 -0.661462 0.000071 -0.982399 0.536843  
 6 6 11  23.351391 0.311802 0.662444 -0.000071 -1.437722 0.603459 -23.351391 -0.311802 -0.662444 0.000071 -0.985233 0.536988  
 7 7 12  22.151174 0.312132 0.662582 -0.000071 -1.437902 0.603760 -22.151174 -0.312132 -0.662582 0.000071 -0.985559 0.537894  
 8 8 118  24.648598 0.312046 0.661593 -0.000071 -1.437159 0.603551 -24.648598 -0.312046 -0.661593 0.000071 1.195175 -0.489417  
 9 10 15  12.754314 0.356731 0.774607 -0.003666 -1.258331 0.566578 -12.754314 -0.356731 -0.774607 0.003666 -1.574870 0.738200  
 10 11 16  11.725088 0.350348 0.772752 -0.003666 -1.255178 0.556968 -11.725088 -0.350348 -0.772752 0.003666 -1.571242 0.724466  
 11 12 17  11.245711 0.349391 0.768086 -0.003666 -1.248251 0.555462 -11.245711 -0.349391 -0.768086 0.003666 -1.561100 0.722469  
 12 13 18  12.274888 0.356226 0.770866 -0.003666 -1.252719 0.565637 -12.274888 -0.356226 -0.770866 0.003666 -1.566801 0.737297  
 13 5 6  0.000000 -0.456208 0.000000 0.000247 -0.000000 -1.390253 0.000000 0.456208 -0.000000 -0.000247 -0.000000 -1.390793  
 14 6 7  0.000000 -0.323594 0.000000 -0.000388 -0.000000 -0.986196 0.000000 0.323594 -0.000000 0.000388 -0.000000 -0.986431  
 15 7 8  0.000000 -0.456213 -0.000000 0.000195 0.000000 -1.390808 0.000000 0.456213 0.000000 -0.000195 0.000000 -1.390269  
 16 8 5  0.000000 -0.323588 -0.000000 -0.000317 0.000000 -0.986415 0.000000 0.323588 0.000000 0.000317 0.000000 -0.986180  
 17 10 11  0.000000 -0.734114 -0.000000 -0.004743 0.000000 -2.238056 0.000000 0.734114 0.000000 0.004743 0.000000 -2.237100  
 18 11 12  0.000000 -0.360417 0.000000 0.003310 -0.000000 -1.098699 0.000000 0.360417 -0.000000 -0.003310 -0.000000 -1.098401  
 19 12 13  0.000000 -0.734120 0.000000 -0.005045 -0.000000 -2.237120 0.000000 0.734120 -0.000000 0.005045 -0.000000 -2.238076  
 20 13 10  0.000000 -0.360410 -0.000000 0.002674 0.000000 -1.098381 0.000000 0.360410 0.000000 -0.002674 0.000000 -1.098679  
 21 15 16  0.000000 -0.514607 -0.000000 -0.006848 0.000000 -1.570854 0.000000 0.514607 0.000000 0.006848 0.000000 -1.566190  
 22 16 17  0.000000 -0.239695 -0.000000 0.005052 0.000000 -0.731314 0.000000 0.239695 0.000000 -0.005052 0.000000 -0.729864  
 23 17 18  0.000000 -0.514595 0.000000 -0.007395 -0.000000 -1.566152 0.000000 0.514595 -0.000000 0.007395 -0.000000 -1.570817  
 24 18 15  0.000000 -0.239707 0.000000 0.004016 -0.000000 -0.729902 0.000000 0.239707 -0.000000 -0.004016 -0.000000 -0.731352  
 118 118 128  24.648598 0.312046 0.661593 -0.000071 -1.195175 0.489417 -24.648598 -0.312046 -0.661593 0.000071 0.953191 -0.375283  
 128 128 138  24.648598 0.312046 0.661593 -0.000071 -0.953191 0.375283 -24.648598 -0.312046 -0.661593 0.000071 0.711207 -0.261149  
 138 138 148  24.648598 0.312046 0.661593 -0.000071 -0.711207 0.261149 -24.648598 -0.312046 -0.661593 0.000071 0.469222 -0.147015  
 148 148 158  24.648598 0.312046 0.661593 -0.000071 -0.469222 0.147015 -24.648598 -0.312046 -0.661593 0.000071 0.227238 -0.032881  
 158 158 168  24.648598 0.312046 0.661593 -0.000071 -0.227238 0.032881 -24.648598 -0.312046 -0.661593 0.000071 -0.014746 0.081253  
 168 168 178  24.648598 0.312046 0.661593 -0.000071 0.014746 -0.081253 -24.648598 -0.312046 -0.661593 0.000071 -0.256730 0.195387  
 178 178 188  24.648598 0.312046 0.661593 -0.000071 0.256730 -0.195387 -24.648598 -0.312046 -0.661593 0.000071 -0.498714 0.309522  
 188 188 198  24.648598 0.312046 0.661593 -0.000071 0.498714 -0.309522 -24.648598 -0.312046 -0.661593 0.000071 -0.740698 0.423656  
 198 198 13  24.648598 0.312046 0.661593 -0.000071 0.740698 -0.423656 -24.648598 -0.312046 -0.661593 0.000071 -0.982682 0.537790  
