 1 1 5  35.002372 0.102505 -1.991180 0.008674 3.994803 0.089975 -35.002372 -0.102505 1.991180 -0.008674 3.288137 0.284946  
 2 2 6  33.990220 0.055313 -1.951898 0.008674 3.883015 -0.017443 -33.990220 -0.055313 1.951898 -0.008674 3.256245 0.219756  
 3 3 7  36.996988 0.091855 -2.004191 0.008674 4.002363 0.089040 -36.996988 -0.091855 2.004191 -0.008674 3.328164 0.246929  
 4 4 8  38.010420 0.140037 -2.045653 0.008674 4.118862 0.198172 -38.010420 -0.140037 2.045653 -0.008674 3.363317 0.314026  
 5 5 10  23.552417 -0.046390 0.628660 -0.004647 -1.933813 -0.535740 -23.552417 0.046390 -0.628660 0.004647 -0.365573 0.366065  
 6 6 11  21.628081 -0.060187 0.628842 -0.004647 -1.916304 -0.556296 -21.628081 0.060187 -0.628842 0.004647 -0.383750 0.336155  
 7 7 12  24.446313 -0.054264 0.616877 -0.004647 -1.898695 -0.568695 -24.446313 0.054264 -0.616877 0.004647 -0.357593 0.370221  
 8 8 118  26.373189 -0.042669 0.621323 -0.004647 -1.922538 -0.550400 -26.373189 0.042669 -0.621323 0.004647 1.695283 0.534793  
 9 10 15  11.695130 -1.280724 0.691302 -0.004658 -1.214051 -2.403679 -11.695130 1.280724 -0.691302 0.004658 -1.314455 -2.280697  
 10 11 16  10.817975 -1.252734 0.685184 -0.004658 -1.199201 -2.351178 -10.817975 1.252734 -0.685184 0.004658 -1.306927 -2.230823  
 11 12 17  12.304107 -1.271393 0.714703 -0.004658 -1.251601 -2.395122 -12.304107 1.271393 -0.714703 0.004658 -1.362495 -2.255125  
 12 13 18  13.182788 -1.295340 0.719826 -0.004658 -1.264921 -2.440366 -13.182788 1.295340 -0.719826 0.004658 -1.367913 -2.297469  
 13 5 6  0.000000 0.456249 0.000000 -0.042392 -0.000000 1.397071 0.000000 -0.456249 -0.000000 0.042392 -0.000000 1.384225  
 14 6 7  0.000000 0.094110 -0.000000 0.044284 0.000000 0.294147 0.000000 -0.094110 0.000000 -0.044284 0.000000 0.279550  
 15 7 8  0.000000 0.456565 -0.000000 -0.042216 0.000000 1.385186 0.000000 -0.456565 0.000000 0.042216 0.000000 1.398032  
 16 8 5  0.000000 0.093795 0.000000 0.042747 -0.000000 0.278590 0.000000 -0.093795 -0.000000 -0.042747 -0.000000 0.293186  
 17 10 11  0.000000 -0.523717 0.000000 0.010909 -0.000000 -1.596893 0.000000 0.523717 -0.000000 -0.010909 -0.000000 -1.595687  
 18 11 12  0.000000 0.666177 -0.000000 -0.012735 0.000000 2.025932 0.000000 -0.666177 0.000000 0.012735 0.000000 2.035081  
 19 12 13  0.000000 -0.523971 -0.000000 0.010180 0.000000 -1.596459 0.000000 0.523971 0.000000 -0.010180 0.000000 -1.597666  
 20 13 10  0.000000 0.666430 0.000000 -0.017269 -0.000000 2.035853 0.000000 -0.666430 -0.000000 0.017269 -0.000000 2.026704  
 21 15 16  0.000000 -0.438768 -0.000000 0.024356 0.000000 -1.340603 0.000000 0.438768 0.000000 -0.024356 0.000000 -1.334130  
 22 16 17  0.000000 0.743257 -0.000000 -0.027203 0.000000 2.255179 0.000000 -0.743257 0.000000 0.027203 0.000000 2.275715  
 23 17 18  0.000000 -0.439150 0.000000 0.020591 -0.000000 -1.335292 0.000000 0.439150 -0.000000 -0.020591 -0.000000 -1.341765  
 24 18 15  0.000000 0.743638 0.000000 -0.026148 -0.000000 2.276878 0.000000 -0.743638 -0.000000 0.026148 -0.000000 2.256341  
 118 118 128  26.373189 -0.042669 0.621323 -0.004647 -1.695283 -0.534793 -26.373189 0.042669 -0.621323 0.004647 1.468028 0.519186  
 128 128 138  26.373189 -0.042669 0.621323 -0.004647 -1.468028 -0.519186 -26.373189 0.042669 -0.621323 0.004647 1.240772 0.503580  
 138 138 148  26.373189 -0.042669 0.621323 -0.004647 -1.240772 -0.503580 -26.373189 0.042669 -0.621323 0.004647 1.013517 0.487973  
 148 148 158  26.373189 -0.042669 0.621323 -0.004647 -1.013517 -0.487973 -26.373189 0.042669 -0.621323 0.004647 0.786262 0.472366  
 158 158 168  26.373189 -0.042669 0.621323 -0.004647 -0.786262 -0.472366 -26.373189 0.042669 -0.621323 0.004647 0.559007 0.456760  
 168 168 178  26.373189 -0.042669 0.621323 -0.004647 -0.559007 -0.456760 -26.373189 0.042669 -0.621323 0.004647 0.331752 0.441153  
 178 178 188  26.373189 -0.042669 0.621323 -0.004647 -0.331752 -0.441153 -26.373189 0.042669 -0.621323 0.004647 0.104497 0.425546  
 188 188 198  26.373189 -0.042669 0.621323 -0.004647 -0.104497 -0.425546 -26.373189 0.042669 -0.621323 0.004647 -0.122759 0.409940  
 198 198 13  26.373189 -0.042669 0.621323 -0.004647 0.122759 -0.409940 -26.373189 0.042669 -0.621323 0.004647 -0.350014 0.394333  
