 1 1 5  36.377158 0.179002 0.233066 -0.000010 -0.543232 0.407387 -36.377158 -0.179002 -0.233066 0.000010 -0.309230 0.247331  
 2 2 6  35.948780 0.179011 0.233214 -0.000010 -0.543696 0.407390 -35.948780 -0.179011 -0.233214 0.000010 -0.309309 0.247360  
 3 3 7  35.622843 0.179124 0.233241 -0.000010 -0.543729 0.407724 -35.622843 -0.179124 -0.233241 0.000010 -0.309374 0.247442  
 4 4 8  36.051219 0.179105 0.233080 -0.000010 -0.543235 0.407701 -36.051219 -0.179105 -0.233080 0.000010 -0.309279 0.247395  
 5 5 10  24.129491 0.054707 0.112465 0.000000 -0.139863 0.058409 -24.129491 -0.054707 -0.112465 -0.000000 -0.271489 0.141686  
 6 6 11  23.995817 0.054692 0.112467 0.000000 -0.139837 0.058375 -23.995817 -0.054692 -0.112467 -0.000000 -0.271524 0.141666  
 7 7 12  23.870510 0.054692 0.112457 0.000000 -0.139809 0.058345 -23.870510 -0.054692 -0.112457 -0.000000 -0.271516 0.141698  
 8 8 118  24.004182 0.054706 0.112446 0.000000 -0.139814 0.058383 -24.004182 -0.054706 -0.112446 -0.000000 0.098686 -0.038374  
 9 10 15  12.019973 0.013479 -0.018527 -0.000004 0.079981 0.000632 -12.019973 -0.013479 0.018527 0.000004 -0.012214 0.048669  
 10 11 16  12.011958 0.013471 -0.018532 -0.000004 0.080002 0.000618 -12.011958 -0.013471 0.018532 0.000004 -0.012222 0.048654  
 11 12 17  11.980028 0.013467 -0.018536 -0.000004 0.080011 0.000601 -11.980028 -0.013467 0.018536 0.000004 -0.012213 0.048658  
 12 13 18  11.988041 0.013475 -0.018533 -0.000004 0.079989 0.000615 -11.988041 -0.013475 0.018533 0.000004 -0.012204 0.048672  
 13 5 6  0.000000 -0.147352 0.000000 -0.000003 -0.000000 -0.449093 0.000000 0.147352 -0.000000 0.000003 -0.000000 -0.449164  
 14 6 7  0.000000 -0.100315 0.000000 -0.000018 -0.000000 -0.305738 0.000000 0.100315 -0.000000 0.000018 -0.000000 -0.305782  
 15 7 8  0.000000 -0.147352 -0.000000 0.000004 0.000000 -0.449165 0.000000 0.147352 0.000000 -0.000004 0.000000 -0.449093  
 16 8 5  0.000000 -0.100315 -0.000000 0.000000 0.000000 -0.305782 0.000000 0.100315 0.000000 -0.000000 0.000000 -0.305737  
 17 10 11  0.000000 -0.062829 0.000000 -0.000017 -0.000000 -0.191495 0.000000 0.062829 -0.000000 0.000017 -0.000000 -0.191513  
 18 11 12  0.000000 -0.046688 0.000000 0.000008 -0.000000 -0.142301 0.000000 0.046688 -0.000000 -0.000008 -0.000000 -0.142312  
 19 12 13  0.000000 -0.062829 -0.000000 -0.000012 0.000000 -0.191512 0.000000 0.062829 0.000000 0.000012 0.000000 -0.191494  
 20 13 10  0.000000 -0.046689 -0.000000 0.000014 0.000000 -0.142312 0.000000 0.046689 0.000000 -0.000014 0.000000 -0.142301  
 21 15 16  0.000000 -0.004007 -0.000000 -0.000007 0.000000 -0.012209 0.000000 0.004007 0.000000 0.000007 0.000000 -0.012218  
 22 16 17  0.000000 -0.015965 0.000000 0.000004 -0.000000 -0.048661 0.000000 0.015965 -0.000000 -0.000004 -0.000000 -0.048665  
 23 17 18  0.000000 -0.004007 0.000000 -0.000007 -0.000000 -0.012217 0.000000 0.004007 -0.000000 0.000007 -0.000000 -0.012209  
 24 18 15  0.000000 -0.015966 -0.000000 0.000005 0.000000 -0.048665 0.000000 0.015966 0.000000 -0.000005 0.000000 -0.048662  
 118 118 128  24.004182 0.054706 0.112446 0.000000 -0.098686 0.038374 -24.004182 -0.054706 -0.112446 -0.000000 0.057557 -0.018364  
 128 128 138  24.004182 0.054706 0.112446 0.000000 -0.057557 0.018364 -24.004182 -0.054706 -0.112446 -0.000000 0.016429 0.001645  
 138 138 148  24.004182 0.054706 0.112446 0.000000 -0.016429 -0.001645 -24.004182 -0.054706 -0.112446 -0.000000 -0.024699 0.021654  
 148 148 158  24.004182 0.054706 0.112446 0.000000 0.024699 -0.021654 -24.004182 -0.054706 -0.112446 -0.000000 -0.065828 0.041663  
 158 158 168  24.004182 0.054706 0.112446 0.000000 0.065828 -0.041663 -24.004182 -0.054706 -0.112446 -0.000000 -0.106956 0.061672  
 168 168 178  24.004182 0.054706 0.112446 0.000000 0.106956 -0.061672 -24.004182 -0.054706 -0.112446 -0.000000 -0.148085 0.081682  
 178 178 188  24.004182 0.054706 0.112446 0.000000 0.148085 -0.081682 -24.004182 -0.054706 -0.112446 -0.000000 -0.189213 0.101691  
 188 188 198  24.004182 0.054706 0.112446 0.000000 0.189213 -0.101691 -24.004182 -0.054706 -0.112446 -0.000000 -0.230341 0.121700  
 198 198 13  24.004182 0.054706 0.112446 0.000000 0.230341 -0.121700 -24.004182 -0.054706 -0.112446 -0.000000 -0.271470 0.141709  
