 1 1 5  34.403445 -5.100533 1.411398 0.661897 -4.026526 -11.513361 -34.403445 5.100533 -1.411398 -0.661897 -1.135804 -7.142350  
 2 2 6  19.419568 -4.341342 1.379387 0.661897 -3.736835 -9.905508 -19.419568 4.341342 -1.379387 -0.661897 -1.308411 -5.973384  
 3 3 7  37.451102 -5.007483 1.552784 0.661897 -4.268583 -11.548502 -37.451102 5.007483 -1.552784 -0.661897 -1.410882 -6.766867  
 4 4 8  52.725885 -5.420134 1.541215 0.661897 -4.406249 -12.540044 -52.725885 5.420134 -1.541215 -0.661897 -1.230900 -7.284640  
 5 5 10  24.038358 -3.519518 3.061908 0.016641 -6.139554 -6.051814 -24.038358 3.519518 -3.061908 -0.016641 -5.059679 -6.821175  
 6 6 11  13.931443 -3.106560 2.883644 0.016641 -5.665901 -5.400150 -13.931443 3.106560 -2.883644 -0.016641 -4.881316 -5.962403  
 7 7 12  23.848886 -3.204587 3.263941 0.016641 -6.495766 -5.365367 -23.848886 3.204587 -3.263941 -0.016641 -5.442423 -6.355732  
 8 8 118  34.181313 -3.394600 3.262748 0.016641 -6.542067 -5.678248 -34.181313 3.394600 -3.262748 -0.016641 5.348684 4.436639  
 9 10 15  12.177716 -2.493098 2.771779 -0.044008 -4.470356 -3.806611 -12.177716 2.493098 -2.771779 0.044008 -5.667703 -5.312144  
 10 11 16  8.440183 -2.322697 2.715609 -0.044008 -4.408177 -3.586142 -8.440183 2.322697 -2.715609 0.044008 -5.524434 -4.909355  
 11 12 17  11.762275 -2.338229 2.914758 -0.044008 -4.733702 -3.536772 -11.762275 2.338229 -2.914758 0.044008 -5.927316 -5.015535  
 12 13 18  15.619826 -2.488076 2.950637 -0.044008 -4.761885 -3.720130 -15.619826 2.488076 -2.950637 0.044008 -6.030363 -5.380257  
 13 5 6  0.000000 -2.446656 0.000000 0.885399 -0.000000 -7.499247 0.000000 2.446656 -0.000000 -0.885399 -0.000000 -7.415565  
 14 6 7  0.000000 4.065220 0.000000 -0.441252 -0.000000 12.258934 0.000000 -4.065220 -0.000000 0.441252 -0.000000 12.522646  
 15 7 8  0.000000 -2.463004 -0.000000 0.390411 0.000000 -7.465395 0.000000 2.463004 0.000000 -0.390411 0.000000 -7.549077  
 16 8 5  0.000000 4.081568 -0.000000 -0.223889 0.000000 12.572476 0.000000 -4.081568 0.000000 0.223889 0.000000 12.308764  
 17 10 11  0.000000 -3.197878 -0.000000 0.499428 0.000000 -9.801648 0.000000 3.197878 0.000000 -0.499428 0.000000 -9.692616  
 18 11 12  0.000000 3.310862 -0.000000 -0.403123 0.000000 10.047972 0.000000 -3.310862 0.000000 0.403123 0.000000 10.135044  
 19 12 13  0.000000 -3.224251 0.000000 0.242540 -0.000000 -9.773002 0.000000 3.224251 -0.000000 -0.242540 -0.000000 -9.882034  
 20 13 10  0.000000 3.337236 0.000000 -0.271612 -0.000000 10.215430 0.000000 -3.337236 -0.000000 0.271612 -0.000000 10.128359  
 21 15 16  0.000000 -1.883769 -0.000000 0.155667 0.000000 -5.803306 0.000000 1.883769 0.000000 -0.155667 0.000000 -5.680148  
 22 16 17  0.000000 1.676048 -0.000000 -0.155714 0.000000 5.065022 0.000000 -1.676048 0.000000 0.155714 0.000000 5.152169  
 23 17 18  0.000000 -1.913773 0.000000 0.136634 -0.000000 -5.771602 0.000000 1.913773 -0.000000 -0.136634 -0.000000 -5.894760  
 24 18 15  0.000000 1.706053 0.000000 -0.135603 -0.000000 5.243623 0.000000 -1.706053 -0.000000 0.135603 -0.000000 5.156477  
 118 118 128  34.181313 -3.394600 3.262748 0.016641 -5.348684 -4.436639 -34.181313 3.394600 -3.262748 -0.016641 4.155301 3.195030  
 128 128 138  34.181313 -3.394600 3.262748 0.016641 -4.155301 -3.195030 -34.181313 3.394600 -3.262748 -0.016641 2.961918 1.953421  
 138 138 148  34.181313 -3.394600 3.262748 0.016641 -2.961918 -1.953421 -34.181313 3.394600 -3.262748 -0.016641 1.768536 0.711813  
 148 148 158  34.181313 -3.394600 3.262748 0.016641 -1.768536 -0.711813 -34.181313 3.394600 -3.262748 -0.016641 0.575153 -0.529796  
 158 158 168  34.181313 -3.394600 3.262748 0.016641 -0.575153 0.529796 -34.181313 3.394600 -3.262748 -0.016641 -0.618230 -1.771405  
 168 168 178  34.181313 -3.394600 3.262748 0.016641 0.618230 1.771405 -34.181313 3.394600 -3.262748 -0.016641 -1.811612 -3.013014  
 178 178 188  34.181313 -3.394600 3.262748 0.016641 1.811612 3.013014 -34.181313 3.394600 -3.262748 -0.016641 -3.004995 -4.254623  
 188 188 198  34.181313 -3.394600 3.262748 0.016641 3.004995 4.254623 -34.181313 3.394600 -3.262748 -0.016641 -4.198378 -5.496231  
 198 198 13  34.181313 -3.394600 3.262748 0.016641 4.198378 5.496231 -34.181313 3.394600 -3.262748 -0.016641 -5.391760 -6.737840  
