 1 1 5  31.918938 -1.443774 -0.624349 -0.002481 1.674009 -3.504885 -31.918938 1.443774 0.624349 0.002481 0.609611 -1.775863  
 2 2 6  35.868692 -1.454899 -0.629555 -0.002481 1.690780 -3.533170 -35.868692 1.454899 0.629555 0.002481 0.611881 -1.788270  
 3 3 7  40.081622 -1.459078 -0.635623 -0.002481 1.706025 -3.547430 -40.081622 1.459078 0.635623 0.002481 0.618829 -1.789294  
 4 4 8  36.130748 -1.452126 -0.633103 -0.002481 1.696339 -3.529961 -36.130748 1.452126 0.633103 0.002481 0.619297 -1.781334  
 5 5 10  21.705001 -1.017355 -0.739462 -0.003669 1.451430 -1.582627 -21.705001 1.017355 0.739462 0.003669 1.253226 -2.138450  
 6 6 11  24.295513 -1.025551 -0.742250 -0.003669 1.454687 -1.595823 -24.295513 1.025551 0.742250 0.003669 1.260166 -2.155232  
 7 7 12  26.295433 -1.024934 -0.745570 -0.003669 1.459940 -1.592488 -26.295433 1.024934 0.745570 0.003669 1.267057 -2.156310  
 8 8 118  23.704053 -1.019367 -0.745089 -0.003669 1.461035 -1.584044 -23.704053 1.019367 0.745089 0.003669 -1.188511 1.211201  
 9 10 15  11.230428 -0.242945 -0.732662 -0.003018 1.144103 -0.094218 -11.230428 0.242945 0.732662 0.003018 1.535680 -0.794378  
 10 11 16  12.242750 -0.248729 -0.733204 -0.003018 1.140876 -0.099833 -12.242750 0.248729 0.733204 0.003018 1.540890 -0.809919  
 11 12 17  12.769802 -0.248266 -0.736524 -0.003018 1.144211 -0.097119 -12.769802 0.248266 0.736524 0.003018 1.549700 -0.810939  
 12 13 18  11.757020 -0.242802 -0.736629 -0.003018 1.148048 -0.091802 -11.757020 0.242802 0.736629 0.003018 1.546246 -0.796272  
 13 5 6  0.000000 0.679653 -0.000000 -0.012705 0.000000 2.070591 0.000000 -0.679653 0.000000 0.012705 0.000000 2.072573  
 14 6 7  0.000000 1.106474 -0.000000 0.006005 0.000000 3.371387 0.000000 -1.106474 0.000000 -0.006005 0.000000 3.373676  
 15 7 8  0.000000 0.679716 0.000000 -0.008106 -0.000000 2.072765 0.000000 -0.679716 -0.000000 0.008106 -0.000000 2.070782  
 16 8 5  0.000000 1.106411 0.000000 0.009550 -0.000000 3.373484 0.000000 -1.106411 -0.000000 -0.009550 -0.000000 3.371195  
 17 10 11  0.000000 0.789146 -0.000000 -0.011043 0.000000 2.404634 0.000000 -0.789146 0.000000 0.011043 0.000000 2.405999  
 18 11 12  0.000000 0.736383 0.000000 0.004957 -0.000000 2.244023 0.000000 -0.736383 -0.000000 -0.004957 -0.000000 2.244968  
 19 12 13  0.000000 0.789248 0.000000 -0.008461 -0.000000 2.406310 0.000000 -0.789248 -0.000000 0.008461 -0.000000 2.404946  
 20 13 10  0.000000 0.736281 -0.000000 0.007305 0.000000 2.244656 0.000000 -0.736281 0.000000 -0.007305 0.000000 2.243711  
 21 15 16  0.000000 0.506218 0.000000 -0.007595 -0.000000 1.540788 0.000000 -0.506218 -0.000000 0.007595 -0.000000 1.545120  
 22 16 17  0.000000 0.263469 0.000000 0.004230 -0.000000 0.802324 0.000000 -0.263469 -0.000000 -0.004230 -0.000000 0.803781  
 23 17 18  0.000000 0.506334 -0.000000 -0.007158 0.000000 1.545471 0.000000 -0.506334 0.000000 0.007158 0.000000 1.541139  
 24 18 15  0.000000 0.263354 -0.000000 0.005107 0.000000 0.803430 0.000000 -0.263354 0.000000 -0.005107 0.000000 0.801973  
 118 118 128  23.704053 -1.019367 -0.745089 -0.003669 1.188511 -1.211201 -23.704053 1.019367 0.745089 0.003669 -0.915988 0.838357  
 128 128 138  23.704053 -1.019367 -0.745089 -0.003669 0.915988 -0.838357 -23.704053 1.019367 0.745089 0.003669 -0.643464 0.465513  
 138 138 148  23.704053 -1.019367 -0.745089 -0.003669 0.643464 -0.465513 -23.704053 1.019367 0.745089 0.003669 -0.370940 0.092669  
 148 148 158  23.704053 -1.019367 -0.745089 -0.003669 0.370940 -0.092669 -23.704053 1.019367 0.745089 0.003669 -0.098416 -0.280174  
 158 158 168  23.704053 -1.019367 -0.745089 -0.003669 0.098416 0.280174 -23.704053 1.019367 0.745089 0.003669 0.174107 -0.653018  
 168 168 178  23.704053 -1.019367 -0.745089 -0.003669 -0.174107 0.653018 -23.704053 1.019367 0.745089 0.003669 0.446631 -1.025862  
 178 178 188  23.704053 -1.019367 -0.745089 -0.003669 -0.446631 1.025862 -23.704053 1.019367 0.745089 0.003669 0.719155 -1.398706  
 188 188 198  23.704053 -1.019367 -0.745089 -0.003669 -0.719155 1.398706 -23.704053 1.019367 0.745089 0.003669 0.991679 -1.771549  
 198 198 13  23.704053 -1.019367 -0.745089 -0.003669 -0.991679 1.771549 -23.704053 1.019367 0.745089 0.003669 1.264203 -2.144393  
