 1 1 5  36.474464 0.085759 -0.480455 -0.000332 0.986103 0.232728 -36.474464 -0.085759 0.480455 0.000332 0.771208 0.080943  
 2 2 6  35.912414 0.085978 -0.479779 -0.000332 0.984013 0.233205 -35.912414 -0.085978 0.479779 0.000332 0.770827 0.081267  
 3 3 7  35.525502 0.086291 -0.479348 -0.000332 0.983049 0.234251 -35.525502 -0.086291 0.479348 0.000332 0.770214 0.081367  
 4 4 8  36.087619 0.086139 -0.480079 -0.000332 0.985183 0.233889 -36.087619 -0.086139 0.480079 0.000332 0.770753 0.081173  
 5 5 10  24.517635 0.123466 0.046843 -0.000073 -0.347567 0.210304 -24.517635 -0.123466 -0.046843 0.000073 0.176233 0.241284  
 6 6 11  23.677915 0.123555 0.046822 -0.000073 -0.347437 0.210490 -23.677915 -0.123555 -0.046822 0.000073 0.176181 0.241426  
 7 7 12  23.482341 0.123559 0.046960 -0.000073 -0.347617 0.210501 -23.482341 -0.123559 -0.046960 0.000073 0.175855 0.241428  
 8 8 118  24.322109 0.123475 0.046974 -0.000073 -0.347762 0.210292 -24.322109 -0.123475 -0.046974 0.000073 0.330581 -0.165130  
 9 10 15  12.251366 0.015475 0.398017 0.000008 -0.758864 -0.012581 -12.251366 -0.015475 -0.398017 -0.000008 -0.696923 0.069184  
 10 11 16  11.794051 0.015493 0.398025 0.000008 -0.758846 -0.012554 -11.794051 -0.015493 -0.398025 -0.000008 -0.696970 0.069220  
 11 12 17  11.748622 0.015502 0.398037 0.000008 -0.758851 -0.012546 -11.748622 -0.015502 -0.398037 -0.000008 -0.697010 0.069247  
 12 13 18  12.205961 0.015484 0.398030 0.000008 -0.758872 -0.012576 -12.205961 -0.015484 -0.398030 -0.000008 -0.696963 0.069211  
 13 5 6  0.000000 0.138833 -0.000000 0.000248 0.000000 0.423323 0.000000 -0.138833 0.000000 -0.000248 0.000000 0.423001  
 14 6 7  0.000000 -0.095667 0.000000 -0.000389 -0.000000 -0.291510 0.000000 0.095667 -0.000000 0.000389 -0.000000 -0.291674  
 15 7 8  0.000000 0.138828 0.000000 0.000195 -0.000000 0.422986 0.000000 -0.138828 -0.000000 -0.000195 -0.000000 0.423309  
 16 8 5  0.000000 -0.095662 -0.000000 -0.000317 0.000000 -0.291659 0.000000 0.095662 0.000000 0.000317 0.000000 -0.291495  
 17 10 11  0.000000 -0.191206 -0.000000 0.000076 0.000000 -0.582768 0.000000 0.191206 0.000000 -0.000076 0.000000 -0.582821  
 18 11 12  0.000000 -0.075069 -0.000000 -0.000156 0.000000 -0.228796 0.000000 0.075069 0.000000 0.000156 0.000000 -0.228827  
 19 12 13  0.000000 -0.191211 0.000000 0.000055 -0.000000 -0.582839 0.000000 0.191211 -0.000000 -0.000055 -0.000000 -0.582786  
 20 13 10  0.000000 -0.075063 0.000000 -0.000136 -0.000000 -0.228809 0.000000 0.075063 -0.000000 0.000136 -0.000000 -0.228778  
 21 15 16  0.000000 -0.228661 -0.000000 0.000009 0.000000 -0.696934 0.000000 0.228661 0.000000 -0.000009 0.000000 -0.696981  
 22 16 17  0.000000 -0.022712 -0.000000 -0.000011 0.000000 -0.069211 0.000000 0.022712 0.000000 0.000011 0.000000 -0.069238  
 23 17 18  0.000000 -0.228667 0.000000 0.000009 -0.000000 -0.696999 0.000000 0.228667 -0.000000 -0.000009 -0.000000 -0.696952  
 24 18 15  0.000000 -0.022706 0.000000 -0.000011 -0.000000 -0.069220 0.000000 0.022706 -0.000000 0.000011 -0.000000 -0.069193  
 118 118 128  24.322109 0.123475 0.046974 -0.000073 -0.330581 0.165130 -24.322109 -0.123475 -0.046974 0.000073 0.313400 -0.119968  
 128 128 138  24.322109 0.123475 0.046974 -0.000073 -0.313400 0.119968 -24.322109 -0.123475 -0.046974 0.000073 0.296218 -0.074805  
 138 138 148  24.322109 0.123475 0.046974 -0.000073 -0.296218 0.074805 -24.322109 -0.123475 -0.046974 0.000073 0.279037 -0.029643  
 148 148 158  24.322109 0.123475 0.046974 -0.000073 -0.279037 0.029643 -24.322109 -0.123475 -0.046974 0.000073 0.261856 0.015519  
 158 158 168  24.322109 0.123475 0.046974 -0.000073 -0.261856 -0.015519 -24.322109 -0.123475 -0.046974 0.000073 0.244675 0.060681  
 168 168 178  24.322109 0.123475 0.046974 -0.000073 -0.244675 -0.060681 -24.322109 -0.123475 -0.046974 0.000073 0.227494 0.105843  
 178 178 188  24.322109 0.123475 0.046974 -0.000073 -0.227494 -0.105843 -24.322109 -0.123475 -0.046974 0.000073 0.210312 0.151006  
 188 188 198  24.322109 0.123475 0.046974 -0.000073 -0.210312 -0.151006 -24.322109 -0.123475 -0.046974 0.000073 0.193131 0.196168  
 198 198 13  24.322109 0.123475 0.046974 -0.000073 -0.193131 -0.196168 -24.322109 -0.123475 -0.046974 0.000073 0.175950 0.241330  
