 1 1 5  36.318915 -0.178115 0.299553 0.000012 -0.783915 -0.464039 -36.318915 0.178115 -0.299553 -0.000012 -0.311731 -0.187436  
 2 2 6  34.781678 -0.178071 0.299713 0.000012 -0.784412 -0.463943 -34.781678 0.178071 -0.299713 -0.000012 -0.311817 -0.187369  
 3 3 7  35.681080 -0.178007 0.299764 0.000012 -0.784515 -0.463746 -35.681080 0.178007 -0.299764 -0.000012 -0.311901 -0.187331  
 4 4 8  37.218327 -0.178066 0.299590 0.000012 -0.783982 -0.463851 -37.218327 0.178066 -0.299590 -0.000012 -0.311798 -0.187442  
 5 5 10  24.197300 -0.183356 0.315992 -0.000011 -0.585125 -0.338836 -24.197300 0.183356 -0.315992 0.000011 -0.570649 -0.331807  
 6 6 11  23.248590 -0.183361 0.315995 -0.000011 -0.585097 -0.338851 -23.248590 0.183361 -0.315995 0.000011 -0.570688 -0.331810  
 7 7 12  23.802697 -0.183352 0.316002 -0.000011 -0.585095 -0.338847 -23.802697 0.183352 -0.316002 0.000011 -0.570713 -0.331781  
 8 8 118  24.751413 -0.183347 0.315991 -0.000011 -0.585110 -0.338821 -24.751413 0.183347 -0.315991 0.000011 0.469533 0.271760  
 9 10 15  12.072676 -0.140161 0.239276 -0.000005 -0.341459 -0.200456 -12.072676 0.140161 -0.239276 0.000005 -0.533715 -0.312197  
 10 11 16  11.722469 -0.140165 0.239269 -0.000005 -0.341430 -0.200465 -11.722469 0.140165 -0.239269 0.000005 -0.533721 -0.312204  
 11 12 17  11.927323 -0.140169 0.239268 -0.000005 -0.341428 -0.200480 -11.927323 0.140169 -0.239268 0.000005 -0.533720 -0.312202  
 12 13 18  12.277533 -0.140164 0.239274 -0.000005 -0.341457 -0.200470 -12.277533 0.140164 -0.239274 0.000005 -0.533713 -0.312194  
 13 5 6  0.000000 -0.294264 -0.000000 0.000025 0.000000 -0.896880 0.000000 0.294264 0.000000 -0.000025 0.000000 -0.896954  
 14 6 7  0.000000 0.172648 -0.000000 -0.000040 0.000000 0.526245 0.000000 -0.172648 0.000000 0.000040 0.000000 0.526219  
 15 7 8  0.000000 -0.294265 0.000000 0.000041 -0.000000 -0.896957 0.000000 0.294265 -0.000000 -0.000041 -0.000000 -0.896883  
 16 8 5  0.000000 0.172649 0.000000 -0.000024 -0.000000 0.526222 0.000000 -0.172649 -0.000000 0.000024 -0.000000 0.526247  
 17 10 11  0.000000 -0.299252 0.000000 -0.000007 -0.000000 -0.912110 0.000000 0.299252 -0.000000 0.000007 -0.000000 -0.912128  
 18 11 12  0.000000 0.174627 -0.000000 -0.000010 0.000000 0.532268 0.000000 -0.174627 0.000000 0.000010 0.000000 0.532258  
 19 12 13  0.000000 -0.299253 -0.000000 -0.000003 0.000000 -0.912131 0.000000 0.299253 0.000000 0.000003 0.000000 -0.912113  
 20 13 10  0.000000 0.174628 0.000000 -0.000002 -0.000000 0.532261 0.000000 -0.174628 -0.000000 0.000002 -0.000000 0.532270  
 21 15 16  0.000000 -0.175104 -0.000000 -0.000005 0.000000 -0.533713 0.000000 0.175104 0.000000 0.000005 0.000000 -0.533719  
 22 16 17  0.000000 0.102427 -0.000000 0.000002 0.000000 0.312199 0.000000 -0.102427 0.000000 -0.000002 0.000000 0.312196  
 23 17 18  0.000000 -0.175105 0.000000 -0.000005 -0.000000 -0.533722 0.000000 0.175105 -0.000000 0.000005 -0.000000 -0.533716  
 24 18 15  0.000000 0.102428 0.000000 0.000002 -0.000000 0.312199 0.000000 -0.102428 -0.000000 -0.000002 -0.000000 0.312202  
 118 118 128  24.751413 -0.183347 0.315991 -0.000011 -0.469533 -0.271760 -24.751413 0.183347 -0.315991 0.000011 0.353956 0.204699  
 128 128 138  24.751413 -0.183347 0.315991 -0.000011 -0.353956 -0.204699 -24.751413 0.183347 -0.315991 0.000011 0.238379 0.137638  
 138 138 148  24.751413 -0.183347 0.315991 -0.000011 -0.238379 -0.137638 -24.751413 0.183347 -0.315991 0.000011 0.122803 0.070577  
 148 148 158  24.751413 -0.183347 0.315991 -0.000011 -0.122803 -0.070577 -24.751413 0.183347 -0.315991 0.000011 0.007226 0.003517  
 158 158 168  24.751413 -0.183347 0.315991 -0.000011 -0.007226 -0.003517 -24.751413 0.183347 -0.315991 0.000011 -0.108351 -0.063544  
 168 168 178  24.751413 -0.183347 0.315991 -0.000011 0.108351 0.063544 -24.751413 0.183347 -0.315991 0.000011 -0.223928 -0.130605  
 178 178 188  24.751413 -0.183347 0.315991 -0.000011 0.223928 0.130605 -24.751413 0.183347 -0.315991 0.000011 -0.339504 -0.197666  
 188 188 198  24.751413 -0.183347 0.315991 -0.000011 0.339504 0.197666 -24.751413 0.183347 -0.315991 0.000011 -0.455081 -0.264727  
 198 198 13  24.751413 -0.183347 0.315991 -0.000011 0.455081 0.264727 -24.751413 0.183347 -0.315991 0.000011 -0.570658 -0.331788  
