 1 1 5  37.192202 -0.179730 4.930618 -0.493837 -11.109586 -0.939912 -37.192202 0.179730 -4.930618 0.493837 -6.924641 0.282530  
 2 2 6  26.604761 -0.207168 4.597482 -0.493837 -10.313631 -0.929550 -26.604761 0.207168 -4.597482 0.493837 -6.502117 0.171813  
 3 3 7  34.762844 -0.161529 4.955928 -0.493837 -11.065947 -0.891254 -34.762844 0.161529 -4.955928 0.493837 -7.060857 0.300446  
 4 4 8  45.440193 -0.135626 5.166904 -0.493837 -11.636334 -0.872960 -45.440193 0.135626 -5.166904 0.493837 -7.262134 0.376895  
 5 5 10  22.585318 -1.399802 2.724444 -0.150573 -3.743876 -3.214215 -22.585318 1.399802 -2.724444 0.150573 -6.221052 -1.905699  
 6 6 11  19.113240 -1.326016 2.705337 -0.150573 -3.837008 -3.024337 -19.113240 1.326016 -2.705337 0.150573 -6.058033 -1.825701  
 7 7 12  25.379636 -1.365098 2.934702 -0.150573 -4.193633 -3.180841 -25.379636 1.365098 -2.934702 0.150573 -6.540333 -1.812144  
 8 8 118  28.921805 -1.404448 2.805815 -0.150573 -3.911388 -3.304415 -28.921805 1.404448 -2.805815 0.150573 2.885133 2.790724  
 9 10 15  10.771217 -2.103735 -0.248654 0.049248 1.281158 -3.613233 -10.771217 2.103735 0.248654 -0.049248 -0.371680 -4.081387  
 10 11 16  10.530444 -2.090636 -0.250245 0.049248 1.283404 -3.590822 -10.530444 2.090636 0.250245 -0.049248 -0.368108 -4.055888  
 11 12 17  13.211297 -2.139293 -0.269734 0.049248 1.402980 -3.681277 -13.211297 2.139293 0.269734 -0.049248 -0.416401 -4.143402  
 12 13 18  13.487042 -2.152106 -0.267881 0.049248 1.397959 -3.703144 -13.487042 2.152106 0.267881 -0.049248 -0.418158 -4.168397  
 13 5 6  0.000000 -3.560159 0.000000 0.032030 -0.000000 -10.913469 0.000000 3.560159 -0.000000 -0.032030 -0.000000 -10.789257  
 14 6 7  0.000000 0.948320 -0.000000 -0.450132 0.000000 2.884554 0.000000 -0.948320 0.000000 0.450132 0.000000 2.896407  
 15 7 8  0.000000 -3.565113 -0.000000 0.016013 0.000000 -10.804358 0.000000 3.565113 0.000000 -0.016013 0.000000 -10.928570  
 16 8 5  0.000000 0.953275 0.000000 -0.244953 -0.000000 2.911508 0.000000 -0.953275 -0.000000 0.244953 -0.000000 2.899655  
 17 10 11  0.000000 -1.620042 0.000000 0.037824 -0.000000 -4.933168 0.000000 1.620042 -0.000000 -0.037824 -0.000000 -4.942610  
 18 11 12  0.000000 1.797161 -0.000000 -0.167981 0.000000 5.454347 0.000000 -1.797161 0.000000 0.167981 0.000000 5.501148  
 19 12 13  0.000000 -1.628822 -0.000000 0.007728 0.000000 -4.969372 0.000000 1.628822 0.000000 -0.007728 0.000000 -4.959929  
 20 13 10  0.000000 1.805941 0.000000 0.006726 -0.000000 5.527909 0.000000 -1.805941 -0.000000 -0.006726 -0.000000 5.481108  
 21 15 16  0.000000 -0.124758 -0.000000 -0.000575 0.000000 -0.381595 0.000000 0.124758 0.000000 0.000575 0.000000 -0.378930  
 22 16 17  0.000000 1.344798 -0.000000 -0.010822 0.000000 4.055314 0.000000 -1.344798 0.000000 0.010822 0.000000 4.142575  
 23 17 18  0.000000 -0.133501 0.000000 -0.000826 -0.000000 -0.405578 0.000000 0.133501 -0.000000 0.000826 -0.000000 -0.408243  
 24 18 15  0.000000 1.353541 0.000000 -0.009915 -0.000000 4.169224 0.000000 -1.353541 -0.000000 0.009915 -0.000000 4.081962  
 118 118 128  28.921805 -1.404448 2.805815 -0.150573 -2.885133 -2.790724 -28.921805 1.404448 -2.805815 0.150573 1.858878 2.277033  
 128 128 138  28.921805 -1.404448 2.805815 -0.150573 -1.858878 -2.277033 -28.921805 1.404448 -2.805815 0.150573 0.832623 1.763343  
 138 138 148  28.921805 -1.404448 2.805815 -0.150573 -0.832623 -1.763343 -28.921805 1.404448 -2.805815 0.150573 -0.193632 1.249652  
 148 148 158  28.921805 -1.404448 2.805815 -0.150573 0.193632 -1.249652 -28.921805 1.404448 -2.805815 0.150573 -1.219887 0.735961  
 158 158 168  28.921805 -1.404448 2.805815 -0.150573 1.219887 -0.735961 -28.921805 1.404448 -2.805815 0.150573 -2.246142 0.222270  
 168 168 178  28.921805 -1.404448 2.805815 -0.150573 2.246142 -0.222270 -28.921805 1.404448 -2.805815 0.150573 -3.272397 -0.291421  
 178 178 188  28.921805 -1.404448 2.805815 -0.150573 3.272397 0.291421 -28.921805 1.404448 -2.805815 0.150573 -4.298652 -0.805111  
 188 188 198  28.921805 -1.404448 2.805815 -0.150573 4.298652 0.805111 -28.921805 1.404448 -2.805815 0.150573 -5.324907 -1.318802  
 198 198 13  28.921805 -1.404448 2.805815 -0.150573 5.324907 1.318802 -28.921805 1.404448 -2.805815 0.150573 -6.351162 -1.832493  
