 1 1 5  39.172208 9.690916 -7.511962 0.627202 16.709742 21.972615 -39.172208 -9.690916 7.511962 -0.627202 10.766009 13.472877  
 2 2 6  67.848721 11.161011 -7.925498 0.627202 18.083175 25.187282 -67.848721 -11.161011 7.925498 -0.627202 10.905126 15.635232  
 3 3 7  32.253452 10.049952 -6.820836 0.627202 15.536715 21.963923 -32.253452 -10.049952 6.820836 -0.627202 9.411174 14.794780  
 4 4 8  4.725619 8.182793 -6.102469 0.627202 13.602702 18.056658 -4.725619 -8.182793 6.102469 -0.627202 8.717688 11.872727  
 5 5 10  25.386032 6.379718 -6.137645 0.182567 10.775571 10.759309 -25.386032 -6.379718 6.137645 -0.182567 11.673478 12.575148  
 6 6 11  41.046930 7.155606 -6.028982 0.182567 10.347046 11.870672 -41.046930 -7.155606 6.028982 -0.182567 11.704559 14.301671  
 7 7 12  22.198100 7.330724 -5.264227 0.182567 9.136158 12.800356 -22.198100 -7.330724 5.264227 -0.182567 10.118277 14.012499  
 8 8 118  7.368938 5.700388 -4.735764 0.182567 8.318370 9.914294 -7.368938 -5.700388 4.735764 -0.182567 -6.586217 -7.829320  
 9 10 15  12.388456 3.959482 -3.604867 0.044012 5.457271 5.769070 -12.388456 -3.959482 3.604867 -0.044012 7.727893 8.713133  
 10 11 16  17.496303 4.245474 -3.556553 0.044012 5.196310 6.155868 -17.496303 -4.245474 3.556553 -0.044012 7.812137 9.372379  
 11 12 17  11.399273 4.326652 -3.295461 0.044012 4.860009 6.605337 -11.399273 -4.326652 3.295461 -0.044012 7.193469 9.219826  
 12 13 18  6.715968 4.020932 -3.332005 0.044012 5.077209 6.138803 -6.715968 -4.020932 3.332005 -0.044012 7.109933 8.568157  
 13 5 6  0.000000 6.468189 0.000000 1.516103 -0.000000 19.409574 0.000000 -6.468189 -0.000000 -1.516103 -0.000000 20.020507  
 14 6 7  0.000000 -8.333601 -0.000000 -1.231665 0.000000 -25.989800 0.000000 8.333601 0.000000 1.231665 0.000000 -24.811834  
 15 7 8  0.000000 6.388953 -0.000000 2.783302 0.000000 19.778997 0.000000 -6.388953 0.000000 -2.783302 0.000000 19.168063  
 16 8 5  0.000000 -8.254366 0.000000 -2.132006 -0.000000 -24.570323 0.000000 8.254366 -0.000000 2.132006 -0.000000 -25.748290  
 17 10 11  0.000000 5.225626 0.000000 0.901520 -0.000000 15.760700 0.000000 -5.225626 -0.000000 -0.901520 -0.000000 16.094719  
 18 11 12  0.000000 -6.325000 0.000000 -0.806150 -0.000000 -19.556020 0.000000 6.325000 -0.000000 0.806150 -0.000000 -19.001183  
 19 12 13  0.000000 5.123828 -0.000000 1.616653 0.000000 15.784436 0.000000 -5.123828 0.000000 -1.616653 0.000000 15.450417  
 20 13 10  0.000000 -6.223202 -0.000000 -1.370049 0.000000 -18.690900 0.000000 6.223202 0.000000 1.370049 0.000000 -19.245737  
 21 15 16  0.000000 2.500856 -0.000000 0.167872 0.000000 7.580663 0.000000 -2.500856 0.000000 -0.167872 0.000000 7.664554  
 22 16 17  0.000000 -2.995448 -0.000000 -0.147583 0.000000 -9.204506 0.000000 2.995448 0.000000 0.147583 0.000000 -9.055742  
 23 17 18  0.000000 2.394720 0.000000 0.164084 -0.000000 7.341053 0.000000 -2.394720 -0.000000 -0.164084 -0.000000 7.257162  
 24 18 15  0.000000 -2.889312 0.000000 -0.147229 -0.000000 -8.732241 0.000000 2.889312 -0.000000 0.147229 -0.000000 -8.881005  
 118 118 128  7.368938 5.700388 -4.735764 0.182567 6.586217 7.829320 -7.368938 -5.700388 4.735764 -0.182567 -4.854064 -5.744347  
 128 128 138  7.368938 5.700388 -4.735764 0.182567 4.854064 5.744347 -7.368938 -5.700388 4.735764 -0.182567 -3.121911 -3.659373  
 138 138 148  7.368938 5.700388 -4.735764 0.182567 3.121911 3.659373 -7.368938 -5.700388 4.735764 -0.182567 -1.389758 -1.574399  
 148 148 158  7.368938 5.700388 -4.735764 0.182567 1.389758 1.574399 -7.368938 -5.700388 4.735764 -0.182567 0.342395 0.510575  
 158 158 168  7.368938 5.700388 -4.735764 0.182567 -0.342395 -0.510575 -7.368938 -5.700388 4.735764 -0.182567 2.074548 2.595549  
 168 168 178  7.368938 5.700388 -4.735764 0.182567 -2.074548 -2.595549 -7.368938 -5.700388 4.735764 -0.182567 3.806701 4.680522  
 178 178 188  7.368938 5.700388 -4.735764 0.182567 -3.806701 -4.680522 -7.368938 -5.700388 4.735764 -0.182567 5.538854 6.765496  
 188 188 198  7.368938 5.700388 -4.735764 0.182567 -5.538854 -6.765496 -7.368938 -5.700388 4.735764 -0.182567 7.271007 8.850470  
 198 198 13  7.368938 5.700388 -4.735764 0.182567 -7.271007 -8.850470 -7.368938 -5.700388 4.735764 -0.182567 9.003159 10.935444  
