 1 1 5  32.548575 -1.041679 -1.281898 -0.004320 3.141122 -2.469297 -32.548575 1.041679 1.281898 0.004320 1.547549 -1.340747  
 2 2 6  36.739205 -1.053517 -1.292107 -0.004320 3.170795 -2.500123 -36.739205 1.053517 1.292107 0.004320 1.555217 -1.353221  
 3 3 7  39.451940 -1.056495 -1.297003 -0.004320 3.183075 -2.509276 -39.451940 1.056495 1.297003 0.004320 1.560842 -1.354960  
 4 4 8  35.260280 -1.048488 -1.291179 -0.004320 3.165343 -2.489085 -35.260280 1.048488 1.291179 0.004320 1.557274 -1.345864  
 5 5 10  22.306937 -0.599014 -0.969727 -0.002059 1.570628 -0.885498 -22.306937 0.599014 0.969727 0.002059 1.976243 -1.305455  
 6 6 11  24.447242 -0.602213 -0.969744 -0.002059 1.567212 -0.889135 -24.447242 0.602213 0.969744 0.002059 1.979722 -1.313520  
 7 7 12  25.693414 -0.601487 -0.970905 -0.002059 1.568451 -0.886331 -25.693414 0.601487 0.970905 0.002059 1.982733 -1.313669  
 8 8 118  23.552406 -0.598951 -0.971598 -0.002059 1.572607 -0.883418 -23.552406 0.598951 0.971598 0.002059 -1.217235 0.664345  
 9 10 15  11.510801 -0.160737 -0.350687 -0.000395 0.307477 -0.072967 -11.510801 0.160737 0.350687 0.000395 0.975196 -0.514944  
 10 11 16  12.150815 -0.161326 -0.350223 -0.000395 0.305677 -0.073648 -12.150815 0.161326 0.350223 0.000395 0.975297 -0.516417  
 11 12 17  12.489373 -0.161127 -0.350530 -0.000395 0.306034 -0.072908 -12.489373 0.161127 0.350530 0.000395 0.976065 -0.516429  
 12 13 18  11.849011 -0.160558 -0.351019 -0.000395 0.307859 -0.072253 -11.849011 0.160558 0.351019 0.000395 0.976027 -0.515003  
 13 5 6  0.000000 1.025204 -0.000000 -0.007931 0.000000 3.123905 0.000000 -1.025204 0.000000 0.007931 0.000000 3.125737  
 14 6 7  0.000000 0.733241 -0.000000 0.003307 0.000000 2.234425 0.000000 -0.733241 0.000000 -0.003307 0.000000 2.235410  
 15 7 8  0.000000 1.025285 0.000000 -0.005880 -0.000000 3.125985 0.000000 -1.025285 -0.000000 0.005880 -0.000000 3.124154  
 16 8 5  0.000000 0.733159 0.000000 0.005727 -0.000000 2.235162 0.000000 -0.733159 -0.000000 -0.005727 -0.000000 2.234176  
 17 10 11  0.000000 0.750190 -0.000000 -0.004238 0.000000 2.286210 0.000000 -0.750190 0.000000 0.004238 0.000000 2.286948  
 18 11 12  0.000000 0.453762 -0.000000 0.001549 0.000000 1.382930 0.000000 -0.453762 0.000000 -0.001549 0.000000 1.383203  
 19 12 13  0.000000 0.750278 0.000000 -0.003375 -0.000000 2.287218 0.000000 -0.750278 -0.000000 0.003375 -0.000000 2.286479  
 20 13 10  0.000000 0.453674 0.000000 0.002490 -0.000000 1.382933 0.000000 -0.453674 -0.000000 -0.002490 -0.000000 1.382660  
 21 15 16  0.000000 0.320050 -0.000000 -0.000604 0.000000 0.975479 0.000000 -0.320050 0.000000 0.000604 0.000000 0.975549  
 22 16 17  0.000000 0.169236 0.000000 0.000251 -0.000000 0.515813 0.000000 -0.169236 -0.000000 -0.000251 -0.000000 0.515849  
 23 17 18  0.000000 0.320138 0.000000 -0.000580 -0.000000 0.975814 0.000000 -0.320138 -0.000000 0.000580 -0.000000 0.975744  
 24 18 15  0.000000 0.169149 -0.000000 0.000283 0.000000 0.515583 0.000000 -0.169149 0.000000 -0.000283 0.000000 0.515548  
 118 118 128  23.552406 -0.598951 -0.971598 -0.002059 1.217235 -0.664345 -23.552406 0.598951 0.971598 0.002059 -0.861864 0.445273  
 128 128 138  23.552406 -0.598951 -0.971598 -0.002059 0.861864 -0.445273 -23.552406 0.598951 0.971598 0.002059 -0.506492 0.226201  
 138 138 148  23.552406 -0.598951 -0.971598 -0.002059 0.506492 -0.226201 -23.552406 0.598951 0.971598 0.002059 -0.151120 0.007128  
 148 148 158  23.552406 -0.598951 -0.971598 -0.002059 0.151120 -0.007128 -23.552406 0.598951 0.971598 0.002059 0.204251 -0.211944  
 158 158 168  23.552406 -0.598951 -0.971598 -0.002059 -0.204251 0.211944 -23.552406 0.598951 0.971598 0.002059 0.559623 -0.431016  
 168 168 178  23.552406 -0.598951 -0.971598 -0.002059 -0.559623 0.431016 -23.552406 0.598951 0.971598 0.002059 0.914995 -0.650089  
 178 178 188  23.552406 -0.598951 -0.971598 -0.002059 -0.914995 0.650089 -23.552406 0.598951 0.971598 0.002059 1.270366 -0.869161  
 188 188 198  23.552406 -0.598951 -0.971598 -0.002059 -1.270366 0.869161 -23.552406 0.598951 0.971598 0.002059 1.625738 -1.088233  
 198 198 13  23.552406 -0.598951 -0.971598 -0.002059 -1.625738 1.088233 -23.552406 0.598951 0.971598 0.002059 1.981110 -1.307306  
