 1 1 5  36.294390 -0.142365 0.191718 -0.000082 -0.499489 -0.341767 -36.294390 0.142365 -0.191718 0.000082 -0.201737 -0.178947  
 2 2 6  35.285780 -0.142431 0.191755 -0.000082 -0.499637 -0.341911 -35.285780 0.142431 -0.191755 0.000082 -0.201727 -0.179045  
 3 3 7  35.705617 -0.142416 0.191736 -0.000082 -0.499578 -0.341860 -35.705617 0.142416 -0.191736 0.000082 -0.201714 -0.179042  
 4 4 8  36.714212 -0.142336 0.191698 -0.000082 -0.499424 -0.341702 -36.714212 0.142336 -0.191698 0.000082 -0.201729 -0.178907  
 5 5 10  24.210845 -0.084210 0.193060 -0.000010 -0.363953 -0.132034 -24.210845 0.084210 -0.193060 0.000010 -0.342184 -0.175974  
 6 6 11  23.573417 -0.084230 0.193072 -0.000010 -0.363980 -0.132057 -23.573417 0.084230 -0.193072 0.000010 -0.342202 -0.176022  
 7 7 12  23.789160 -0.084233 0.193060 -0.000010 -0.363954 -0.132071 -23.789160 0.084233 -0.193060 0.000010 -0.342182 -0.176020  
 8 8 118  24.426577 -0.084212 0.193046 -0.000010 -0.363920 -0.132047 -24.426577 0.084212 -0.193046 0.000010 0.293312 0.101245  
 9 10 15  12.087288 -0.041771 0.172041 0.000002 -0.257085 -0.046662 -12.087288 0.041771 -0.172041 -0.000002 -0.372173 -0.106121  
 10 11 16  11.843077 -0.041773 0.172039 0.000002 -0.257074 -0.046663 -11.843077 0.041773 -0.172039 -0.000002 -0.372176 -0.106127  
 11 12 17  11.912715 -0.041774 0.172036 0.000002 -0.257070 -0.046665 -11.912715 0.041774 -0.172036 -0.000002 -0.372171 -0.106126  
 12 13 18  12.156920 -0.041772 0.172039 0.000002 -0.257081 -0.046664 -12.156920 0.041772 -0.172039 -0.000002 -0.372168 -0.106121  
 13 5 6  0.000000 -0.185591 -0.000000 -0.000059 0.000000 -0.565671 0.000000 0.185591 0.000000 0.000059 0.000000 -0.565689  
 14 6 7  0.000000 0.102047 0.000000 0.000018 -0.000000 0.311043 0.000000 -0.102047 -0.000000 -0.000018 -0.000000 0.311035  
 15 7 8  0.000000 -0.185589 0.000000 -0.000078 -0.000000 -0.565686 0.000000 0.185589 -0.000000 0.000078 -0.000000 -0.565668  
 16 8 5  0.000000 0.102046 -0.000000 0.000019 0.000000 0.311032 0.000000 -0.102046 0.000000 -0.000019 0.000000 0.311040  
 17 10 11  0.000000 -0.196608 0.000000 -0.000022 -0.000000 -0.599258 0.000000 0.196608 -0.000000 0.000022 -0.000000 -0.599266  
 18 11 12  0.000000 0.073052 -0.000000 0.000010 0.000000 0.222662 0.000000 -0.073052 0.000000 -0.000010 0.000000 0.222661  
 19 12 13  0.000000 -0.196607 -0.000000 -0.000024 0.000000 -0.599262 0.000000 0.196607 0.000000 0.000024 0.000000 -0.599254  
 20 13 10  0.000000 0.073050 0.000000 0.000010 -0.000000 0.222657 0.000000 -0.073050 -0.000000 -0.000010 -0.000000 0.222658  
 21 15 16  0.000000 -0.122104 0.000000 -0.000001 -0.000000 -0.372173 0.000000 0.122104 -0.000000 0.000001 -0.000000 -0.372175  
 22 16 17  0.000000 0.034818 0.000000 0.000001 -0.000000 0.106126 0.000000 -0.034818 -0.000000 -0.000001 -0.000000 0.106126  
 23 17 18  0.000000 -0.122103 -0.000000 -0.000001 0.000000 -0.372171 0.000000 0.122103 0.000000 0.000001 0.000000 -0.372169  
 24 18 15  0.000000 0.034817 -0.000000 0.000001 0.000000 0.106122 0.000000 -0.034817 0.000000 -0.000001 0.000000 0.106122  
 118 118 128  24.426577 -0.084212 0.193046 -0.000010 -0.293312 -0.101245 -24.426577 0.084212 -0.193046 0.000010 0.222704 0.070444  
 128 128 138  24.426577 -0.084212 0.193046 -0.000010 -0.222704 -0.070444 -24.426577 0.084212 -0.193046 0.000010 0.152095 0.039642  
 138 138 148  24.426577 -0.084212 0.193046 -0.000010 -0.152095 -0.039642 -24.426577 0.084212 -0.193046 0.000010 0.081487 0.008841  
 148 148 158  24.426577 -0.084212 0.193046 -0.000010 -0.081487 -0.008841 -24.426577 0.084212 -0.193046 0.000010 0.010879 -0.021961  
 158 158 168  24.426577 -0.084212 0.193046 -0.000010 -0.010879 0.021961 -24.426577 0.084212 -0.193046 0.000010 -0.059730 -0.052763  
 168 168 178  24.426577 -0.084212 0.193046 -0.000010 0.059730 0.052763 -24.426577 0.084212 -0.193046 0.000010 -0.130338 -0.083564  
 178 178 188  24.426577 -0.084212 0.193046 -0.000010 0.130338 0.083564 -24.426577 0.084212 -0.193046 0.000010 -0.200946 -0.114366  
 188 188 198  24.426577 -0.084212 0.193046 -0.000010 0.200946 0.114366 -24.426577 0.084212 -0.193046 0.000010 -0.271555 -0.145167  
 198 198 13  24.426577 -0.084212 0.193046 -0.000010 0.271555 0.145167 -24.426577 0.084212 -0.193046 0.000010 -0.342163 -0.175969  
