 1 1 5  38.204526 -5.319431 7.183760 -0.343391 -15.900626 -11.736338 -38.204526 5.319431 -7.183760 0.343391 -10.374694 -7.720011  
 2 2 6  16.396123 -4.583690 6.262597 -0.343391 -13.604823 -10.090824 -16.396123 4.583690 -6.262597 0.343391 -9.301251 -6.674482  
 3 3 7  33.561172 -4.985805 7.285251 -0.343391 -15.783192 -11.177228 -33.561172 4.985805 -7.285251 0.343391 -10.863341 -7.058853  
 4 4 8  55.838179 -5.597067 7.958762 -0.343391 -17.543768 -12.519404 -55.838179 5.597067 -7.958762 0.343391 -11.566199 -7.952427  
 5 5 10  25.109259 -3.198732 3.108041 0.117394 -4.808933 -5.414068 -25.109259 3.198732 -3.108041 -0.117394 -6.559036 -6.285613  
 6 6 11  13.573381 -2.741833 3.098330 0.117394 -5.119893 -4.617861 -13.573381 2.741833 -3.098330 -0.117394 -6.212560 -5.410668  
 7 7 12  22.716597 -2.827039 3.508959 0.117394 -5.768546 -4.618963 -22.716597 2.827039 -3.508959 -0.117394 -7.065821 -5.721215  
 8 8 118  34.600762 -3.098085 3.271305 0.117394 -5.185179 -5.211154 -34.600762 3.098085 -3.271305 -0.117394 3.988666 4.077999  
 9 10 15  12.455018 -2.346955 3.003821 -0.046451 -4.737155 -3.602658 -12.455018 2.346955 -3.003821 0.046451 -6.249619 -4.981565  
 10 11 16  8.374743 -2.184389 2.926848 -0.046451 -4.642860 -3.380937 -8.374743 2.184389 -2.926848 0.046451 -6.062381 -4.608685  
 11 12 17  11.454871 -2.203846 3.127403 -0.046451 -4.956602 -3.373463 -11.454871 2.203846 -3.127403 0.046451 -6.482187 -4.687325  
 12 13 18  15.715367 -2.358403 3.181355 -0.046451 -5.007640 -3.577897 -15.715367 2.358403 -3.181355 0.046451 -6.628484 -5.048198  
 13 5 6  0.000000 -5.151302 -0.000000 0.875027 0.000000 -15.921662 0.000000 5.151302 0.000000 -0.875027 0.000000 -15.480675  
 14 6 7  0.000000 4.025956 -0.000000 -1.059530 0.000000 12.167370 0.000000 -4.025956 0.000000 1.059530 0.000000 12.374858  
 15 7 8  0.000000 -5.181381 0.000000 0.697041 -0.000000 -15.572357 0.000000 5.181381 -0.000000 -0.697041 -0.000000 -16.013344  
 16 8 5  0.000000 4.056035 0.000000 -0.738034 -0.000000 12.466539 0.000000 -4.056035 -0.000000 0.738034 -0.000000 12.259052  
 17 10 11  0.000000 -3.748810 0.000000 0.484300 -0.000000 -11.477856 0.000000 3.748810 -0.000000 -0.484300 -0.000000 -11.374888  
 18 11 12  0.000000 3.052553 0.000000 -0.519468 -0.000000 9.275905 0.000000 -3.052553 -0.000000 0.519468 -0.000000 9.332455  
 19 12 13  0.000000 -3.790826 -0.000000 0.237776 0.000000 -11.502955 0.000000 3.790826 0.000000 -0.237776 0.000000 -11.605922  
 20 13 10  0.000000 3.094569 -0.000000 -0.181664 0.000000 9.460521 0.000000 -3.094569 0.000000 0.181664 0.000000 9.403971  
 21 15 16  0.000000 -2.062665 0.000000 0.117775 -0.000000 -6.370387 0.000000 2.062665 -0.000000 -0.117775 -0.000000 -6.203619  
 22 16 17  0.000000 1.562591 0.000000 -0.141239 -0.000000 4.726461 0.000000 -1.562591 -0.000000 0.141239 -0.000000 4.799097  
 23 17 18  0.000000 -2.107720 -0.000000 0.111772 0.000000 -6.340948 0.000000 2.107720 0.000000 -0.111772 0.000000 -6.507716  
 24 18 15  0.000000 1.607647 -0.000000 -0.120768 0.000000 4.936426 0.000000 -1.607647 0.000000 0.120768 0.000000 4.863789  
 118 118 128  34.600762 -3.098085 3.271305 0.117394 -3.988666 -4.077999 -34.600762 3.098085 -3.271305 -0.117394 2.792154 2.944843  
 128 128 138  34.600762 -3.098085 3.271305 0.117394 -2.792154 -2.944843 -34.600762 3.098085 -3.271305 -0.117394 1.595641 1.811688  
 138 138 148  34.600762 -3.098085 3.271305 0.117394 -1.595641 -1.811688 -34.600762 3.098085 -3.271305 -0.117394 0.399129 0.678532  
 148 148 158  34.600762 -3.098085 3.271305 0.117394 -0.399129 -0.678532 -34.600762 3.098085 -3.271305 -0.117394 -0.797384 -0.454624  
 158 158 168  34.600762 -3.098085 3.271305 0.117394 0.797384 0.454624 -34.600762 3.098085 -3.271305 -0.117394 -1.993896 -1.587779  
 168 168 178  34.600762 -3.098085 3.271305 0.117394 1.993896 1.587779 -34.600762 3.098085 -3.271305 -0.117394 -3.190409 -2.720935  
 178 178 188  34.600762 -3.098085 3.271305 0.117394 3.190409 2.720935 -34.600762 3.098085 -3.271305 -0.117394 -4.386921 -3.854090  
 188 188 198  34.600762 -3.098085 3.271305 0.117394 4.386921 3.854090 -34.600762 3.098085 -3.271305 -0.117394 -5.583434 -4.987246  
 198 198 13  34.600762 -3.098085 3.271305 0.117394 5.583434 4.987246 -34.600762 3.098085 -3.271305 -0.117394 -6.779947 -6.120401  
