 1 1 5  31.566800 -0.663713 -1.450256 0.001968 3.517192 -1.786483 -31.566800 0.663713 1.450256 -0.001968 1.787264 -0.641113  
 2 2 6  36.182066 -0.675049 -1.460435 0.001968 3.548435 -1.815942 -36.182066 0.675049 1.460435 -0.001968 1.793253 -0.653116  
 3 3 7  40.433994 -0.678168 -1.467804 0.001968 3.566950 -1.827675 -40.433994 0.678168 1.467804 -0.001968 1.801689 -0.652794  
 4 4 8  35.817140 -0.671410 -1.463566 0.001968 3.551771 -1.810570 -35.817140 0.671410 1.463566 -0.001968 1.801368 -0.645179  
 5 5 10  21.411531 -0.808429 -0.980391 0.001905 1.580514 -1.583926 -21.411531 0.808429 0.980391 -0.001905 2.005364 -1.372985  
 6 6 11  23.806495 -0.816079 -0.982890 0.001905 1.583280 -1.597414 -23.806495 0.816079 0.982890 -0.001905 2.011738 -1.387477  
 7 7 12  26.589084 -0.815335 -0.988429 0.001905 1.592543 -1.594964 -26.589084 0.815335 0.988429 -0.001905 2.022737 -1.387205  
 8 8 118  24.192890 -0.810900 -0.989437 0.001905 1.596144 -1.587497 -24.192890 0.810900 0.989437 -0.001905 -1.234248 1.290902  
 9 10 15  11.088830 -0.775693 -0.441138 0.002841 0.490154 -1.212740 -11.088830 0.775693 0.441138 -0.002841 1.123351 -1.624435  
 10 11 16  11.835599 -0.785380 -0.442222 0.002841 0.489374 -1.225605 -11.835599 0.785380 0.442222 -0.002841 1.128097 -1.646999  
 11 12 17  12.911512 -0.786416 -0.452510 0.002841 0.502302 -1.224034 -12.911512 0.786416 0.452510 -0.002841 1.152800 -1.652359  
 12 13 18  12.164060 -0.778276 -0.452404 0.002841 0.504576 -1.213731 -12.164060 0.778276 0.452404 -0.002841 1.150138 -1.632892  
 13 5 6  0.000000 1.110196 0.000000 -0.012609 -0.000000 3.382508 0.000000 -1.110196 -0.000000 0.012609 -0.000000 3.385245  
 14 6 7  0.000000 0.734625 0.000000 0.008713 -0.000000 2.237921 0.000000 -0.734625 -0.000000 -0.008713 -0.000000 2.240354  
 15 7 8  0.000000 1.110286 -0.000000 -0.007404 0.000000 3.385519 0.000000 -1.110286 0.000000 0.007404 0.000000 3.382782  
 16 8 5  0.000000 0.734535 -0.000000 0.014730 0.000000 2.240080 0.000000 -0.734535 0.000000 -0.014730 0.000000 2.237647  
 17 10 11  0.000000 0.824166 -0.000000 -0.013471 0.000000 2.511249 0.000000 -0.824166 0.000000 0.013471 0.000000 2.512867  
 18 11 12  0.000000 0.853269 0.000000 0.011755 -0.000000 2.599612 0.000000 -0.853269 -0.000000 -0.011755 -0.000000 2.601918  
 19 12 13  0.000000 0.824302 0.000000 -0.009321 -0.000000 2.513283 0.000000 -0.824302 -0.000000 0.009321 -0.000000 2.511665  
 20 13 10  0.000000 0.853133 -0.000000 0.015731 0.000000 2.601502 0.000000 -0.853133 0.000000 -0.015731 0.000000 2.599196  
 21 15 16  0.000000 0.373470 -0.000000 -0.011022 0.000000 1.136484 0.000000 -0.373470 0.000000 0.011022 0.000000 1.140188  
 22 16 17  0.000000 0.537871 -0.000000 0.012091 0.000000 1.635978 0.000000 -0.537871 0.000000 -0.012091 0.000000 1.642886  
 23 17 18  0.000000 0.373641 0.000000 -0.009473 -0.000000 1.140709 0.000000 -0.373641 -0.000000 0.009473 -0.000000 1.137005  
 24 18 15  0.000000 0.537701 0.000000 0.013133 -0.000000 1.642365 0.000000 -0.537701 -0.000000 -0.013133 -0.000000 1.635457  
 118 118 128  24.192890 -0.810900 -0.989437 0.001905 1.234248 -1.290902 -24.192890 0.810900 0.989437 -0.001905 -0.872351 0.994307  
 128 128 138  24.192890 -0.810900 -0.989437 0.001905 0.872351 -0.994307 -24.192890 0.810900 0.989437 -0.001905 -0.510455 0.697713  
 138 138 148  24.192890 -0.810900 -0.989437 0.001905 0.510455 -0.697713 -24.192890 0.810900 0.989437 -0.001905 -0.148559 0.401118  
 148 148 158  24.192890 -0.810900 -0.989437 0.001905 0.148559 -0.401118 -24.192890 0.810900 0.989437 -0.001905 0.213338 0.104523  
 158 158 168  24.192890 -0.810900 -0.989437 0.001905 -0.213338 -0.104523 -24.192890 0.810900 0.989437 -0.001905 0.575234 -0.192072  
 168 168 178  24.192890 -0.810900 -0.989437 0.001905 -0.575234 0.192072 -24.192890 0.810900 0.989437 -0.001905 0.937131 -0.488666  
 178 178 188  24.192890 -0.810900 -0.989437 0.001905 -0.937131 0.488666 -24.192890 0.810900 0.989437 -0.001905 1.299027 -0.785261  
 188 188 198  24.192890 -0.810900 -0.989437 0.001905 -1.299027 0.785261 -24.192890 0.810900 0.989437 -0.001905 1.660923 -1.081856  
 198 198 13  24.192890 -0.810900 -0.989437 0.001905 -1.660923 1.081856 -24.192890 0.810900 0.989437 -0.001905 2.022820 -1.378451  
