 1 1 5  34.102199 -0.636156 -0.005000 -0.000332 0.180512 -1.500738 -34.102199 0.636156 0.005000 0.000332 -0.162224 -0.826066  
 2 2 6  36.251487 -0.635937 -0.004336 -0.000332 0.178436 -1.500261 -36.251487 0.635937 0.004336 0.000332 -0.162577 -0.825742  
 3 3 7  37.897770 -0.635626 -0.003905 -0.000332 0.177472 -1.499219 -37.897770 0.635626 0.003905 0.000332 -0.163189 -0.825648  
 4 4 8  35.748544 -0.635779 -0.004624 -0.000332 0.179592 -1.499581 -35.748544 0.635779 0.004624 0.000332 -0.162679 -0.825843  
 5 5 10  22.732563 -0.313509 -0.318810 -0.000073 0.797405 -0.460918 -22.732563 0.313509 0.318810 0.000073 0.368676 -0.685773  
 6 6 11  24.465378 -0.313419 -0.318790 -0.000073 0.797498 -0.460731 -24.465378 0.313419 0.318790 0.000073 0.368509 -0.685630  
 7 7 12  25.267415 -0.313405 -0.318652 -0.000073 0.797318 -0.460711 -25.267415 0.313405 0.318652 0.000073 0.368183 -0.685600  
 8 8 118  23.534644 -0.313489 -0.318680 -0.000073 0.797210 -0.460920 -23.534644 0.313489 0.318680 0.000073 -0.680650 0.346259  
 9 10 15  11.481735 -0.146230 -0.620921 -0.000798 1.075886 -0.152549 -11.481735 0.146230 0.620921 0.000798 1.195196 -0.382303  
 10 11 16  12.266586 -0.147169 -0.621207 -0.000798 1.076115 -0.153627 -12.266586 0.147169 0.621207 0.000798 1.196009 -0.384658  
 11 12 17  12.518256 -0.147206 -0.621561 -0.000798 1.076534 -0.153641 -12.518256 0.147206 0.621561 0.000798 1.196886 -0.384779  
 12 13 18  11.733423 -0.146296 -0.621368 -0.000798 1.076410 -0.152599 -11.733423 0.146296 0.621368 0.000798 1.196306 -0.382495  
 13 5 6  0.000000 0.208234 -0.000000 0.000248 0.000000 0.634864 0.000000 -0.208234 0.000000 -0.000248 0.000000 0.634532  
 14 6 7  0.000000 0.422125 0.000000 -0.000389 -0.000000 1.286721 0.000000 -0.422125 -0.000000 0.000389 -0.000000 1.286554  
 15 7 8  0.000000 0.208229 0.000000 0.000194 -0.000000 0.634518 0.000000 -0.208229 -0.000000 -0.000194 -0.000000 0.634849  
 16 8 5  0.000000 0.422130 -0.000000 -0.000317 0.000000 1.286569 0.000000 -0.422130 0.000000 0.000317 0.000000 1.286735  
 17 10 11  0.000000 0.473978 -0.000000 -0.000477 0.000000 1.444692 0.000000 -0.473978 0.000000 0.000477 0.000000 1.444680  
 18 11 12  0.000000 0.275187 -0.000000 0.000056 0.000000 0.838780 0.000000 -0.275187 0.000000 -0.000056 0.000000 0.838760  
 19 12 13  0.000000 0.473972 0.000000 -0.000482 -0.000000 1.444662 0.000000 -0.473972 -0.000000 0.000482 -0.000000 1.444674  
 20 13 10  0.000000 0.275193 0.000000 0.000129 -0.000000 0.838778 0.000000 -0.275193 -0.000000 -0.000129 -0.000000 0.838798  
 21 15 16  0.000000 0.392423 0.000000 -0.001185 -0.000000 1.195758 0.000000 -0.392423 -0.000000 0.001185 -0.000000 1.196455  
 22 16 17  0.000000 0.125837 0.000000 0.000445 -0.000000 0.383474 0.000000 -0.125837 -0.000000 -0.000445 -0.000000 0.383629  
 23 17 18  0.000000 0.392419 -0.000000 -0.001149 0.000000 1.196440 0.000000 -0.392419 0.000000 0.001149 0.000000 1.195744  
 24 18 15  0.000000 0.125842 -0.000000 0.000562 0.000000 0.383644 0.000000 -0.125842 0.000000 -0.000562 0.000000 0.383488  
 118 118 128  23.534644 -0.313489 -0.318680 -0.000073 0.680650 -0.346259 -23.534644 0.313489 0.318680 0.000073 -0.564090 0.231597  
 128 128 138  23.534644 -0.313489 -0.318680 -0.000073 0.564090 -0.231597 -23.534644 0.313489 0.318680 0.000073 -0.447529 0.116935  
 138 138 148  23.534644 -0.313489 -0.318680 -0.000073 0.447529 -0.116935 -23.534644 0.313489 0.318680 0.000073 -0.330969 0.002273  
 148 148 158  23.534644 -0.313489 -0.318680 -0.000073 0.330969 -0.002273 -23.534644 0.313489 0.318680 0.000073 -0.214408 -0.112389  
 158 158 168  23.534644 -0.313489 -0.318680 -0.000073 0.214408 0.112389 -23.534644 0.313489 0.318680 0.000073 -0.097848 -0.227050  
 168 168 178  23.534644 -0.313489 -0.318680 -0.000073 0.097848 0.227050 -23.534644 0.313489 0.318680 0.000073 0.018712 -0.341712  
 178 178 188  23.534644 -0.313489 -0.318680 -0.000073 -0.018712 0.341712 -23.534644 0.313489 0.318680 0.000073 0.135273 -0.456374  
 188 188 198  23.534644 -0.313489 -0.318680 -0.000073 -0.135273 0.456374 -23.534644 0.313489 0.318680 0.000073 0.251833 -0.571036  
 198 198 13  23.534644 -0.313489 -0.318680 -0.000073 -0.251833 0.571036 -23.534644 0.313489 0.318680 0.000073 0.368394 -0.685698  
