 1 1 5  34.293717 -0.171335 -0.660596 -0.000055 1.628325 -0.467458 -34.293717 0.171335 0.660596 0.000055 0.787872 -0.159217  
 2 2 6  36.517598 -0.170721 -0.660137 -0.000055 1.626905 -0.466066 -36.517598 0.170721 0.660137 0.000055 0.787611 -0.158364  
 3 3 7  37.706201 -0.170322 -0.659488 -0.000055 1.625421 -0.464910 -37.706201 0.170322 0.659488 0.000055 0.786724 -0.158061  
 4 4 8  35.482484 -0.170891 -0.659990 -0.000055 1.626934 -0.466197 -35.482484 0.170891 0.659990 0.000055 0.787046 -0.158855  
 5 5 10  23.009379 -0.208614 -0.495457 -0.000014 0.813403 -0.422273 -23.009379 0.208614 0.495457 0.000014 0.998779 -0.340752  
 6 6 11  24.183014 -0.208384 -0.495461 -0.000014 0.813466 -0.421839 -24.183014 0.208384 0.495461 0.000014 0.998733 -0.340345  
 7 7 12  24.990560 -0.208411 -0.495224 -0.000014 0.813047 -0.422020 -24.990560 0.208411 0.495224 0.000014 0.998284 -0.340262  
 8 8 118  23.817046 -0.208626 -0.495230 -0.000014 0.813003 -0.422423 -23.817046 0.208626 0.495230 0.000014 -0.631868 0.346116  
 9 10 15  11.650238 -0.243429 -0.216020 -0.000011 0.226247 -0.388062 -11.650238 0.243429 0.216020 0.000011 0.563868 -0.502304  
 10 11 16  12.020208 -0.243375 -0.216013 -0.000011 0.226256 -0.387983 -12.020208 0.243375 0.216013 0.000011 0.563831 -0.502187  
 11 12 17  12.349731 -0.243388 -0.215953 -0.000011 0.226162 -0.388040 -12.349731 0.243388 0.215953 0.000011 0.563707 -0.502177  
 12 13 18  11.979822 -0.243442 -0.215959 -0.000011 0.226146 -0.388122 -11.979822 0.243442 0.215959 0.000011 0.563744 -0.502291  
 13 5 6  0.000000 0.525118 0.000000 0.000627 -0.000000 1.600679 0.000000 -0.525118 -0.000000 -0.000627 -0.000000 1.600440  
 14 6 7  0.000000 0.190534 -0.000000 -0.000637 0.000000 0.580830 0.000000 -0.190534 0.000000 0.000637 0.000000 0.580663  
 15 7 8  0.000000 0.525107 -0.000000 0.000582 0.000000 1.600408 0.000000 -0.525107 0.000000 -0.000582 0.000000 1.600646  
 16 8 5  0.000000 0.190544 0.000000 -0.000597 -0.000000 0.580696 0.000000 -0.190544 -0.000000 0.000597 -0.000000 0.580863  
 17 10 11  0.000000 0.401825 0.000000 0.000220 -0.000000 1.224785 0.000000 -0.401825 -0.000000 -0.000220 -0.000000 1.224740  
 18 11 12  0.000000 0.239019 -0.000000 -0.000249 0.000000 0.728548 0.000000 -0.239019 0.000000 0.000249 0.000000 0.728513  
 19 12 13  0.000000 0.401810 -0.000000 0.000211 0.000000 1.224694 0.000000 -0.401810 0.000000 -0.000211 0.000000 1.224739  
 20 13 10  0.000000 0.239034 0.000000 -0.000242 -0.000000 0.728559 0.000000 -0.239034 -0.000000 0.000242 -0.000000 0.728594  
 21 15 16  0.000000 0.184977 -0.000000 0.000036 0.000000 0.563829 0.000000 -0.184977 0.000000 -0.000036 0.000000 0.563792  
 22 16 17  0.000000 0.164769 0.000000 -0.000039 -0.000000 0.502222 0.000000 -0.164769 -0.000000 0.000039 -0.000000 0.502211  
 23 17 18  0.000000 0.184962 0.000000 0.000034 -0.000000 0.563746 0.000000 -0.184962 -0.000000 -0.000034 -0.000000 0.563783  
 24 18 15  0.000000 0.164784 -0.000000 -0.000039 0.000000 0.502257 0.000000 -0.164784 0.000000 0.000039 0.000000 0.502268  
 118 118 128  23.817046 -0.208626 -0.495230 -0.000014 0.631868 -0.346116 -23.817046 0.208626 0.495230 0.000014 -0.450732 0.269809  
 128 128 138  23.817046 -0.208626 -0.495230 -0.000014 0.450732 -0.269809 -23.817046 0.208626 0.495230 0.000014 -0.269597 0.193502  
 138 138 148  23.817046 -0.208626 -0.495230 -0.000014 0.269597 -0.193502 -23.817046 0.208626 0.495230 0.000014 -0.088461 0.117195  
 148 148 158  23.817046 -0.208626 -0.495230 -0.000014 0.088461 -0.117195 -23.817046 0.208626 0.495230 0.000014 0.092674 0.040888  
 158 158 168  23.817046 -0.208626 -0.495230 -0.000014 -0.092674 -0.040888 -23.817046 0.208626 0.495230 0.000014 0.273810 -0.035419  
 168 168 178  23.817046 -0.208626 -0.495230 -0.000014 -0.273810 0.035419 -23.817046 0.208626 0.495230 0.000014 0.454945 -0.111726  
 178 178 188  23.817046 -0.208626 -0.495230 -0.000014 -0.454945 0.111726 -23.817046 0.208626 0.495230 0.000014 0.636080 -0.188033  
 188 188 198  23.817046 -0.208626 -0.495230 -0.000014 -0.636080 0.188033 -23.817046 0.208626 0.495230 0.000014 0.817216 -0.264340  
 198 198 13  23.817046 -0.208626 -0.495230 -0.000014 -0.817216 0.264340 -23.817046 0.208626 0.495230 0.000014 0.998351 -0.340648  
