 1 1 5  29.947784 -5.237449 2.197870 -0.127506 -4.837127 -11.863593 -29.947784 5.237449 -2.197870 0.127506 -3.201802 -7.292901  
 2 2 6  24.977699 -4.977274 2.133623 -0.127506 -4.686587 -11.292899 -24.977699 4.977274 -2.133623 0.127506 -3.117354 -6.911977  
 3 3 7  42.003269 -5.492102 2.442811 -0.127506 -5.291247 -12.711494 -42.003269 5.492102 -2.442811 0.127506 -3.643579 -7.376419  
 4 4 8  47.071248 -5.659383 2.483468 -0.127506 -5.395402 -13.083472 -47.071248 5.659383 -2.483468 0.127506 -3.688129 -7.616286  
 5 5 10  20.707466 -3.629230 0.962026 -0.149900 -1.269401 -5.981770 -20.707466 3.629230 -0.962026 0.149900 -2.249307 -7.292502  
 6 6 11  18.851971 -3.538079 0.958910 -0.149900 -1.291140 -5.820089 -18.851971 3.538079 -0.958910 0.149900 -2.216171 -7.120788  
 7 7 12  27.254348 -3.664443 1.057843 -0.149900 -1.451897 -5.885237 -27.254348 3.664443 -1.057843 0.149900 -2.417271 -7.517828  
 8 8 118  29.186216 -3.533068 1.019588 -0.149900 -1.388831 -5.747904 -29.186216 3.533068 -1.019588 0.149900 1.015907 4.455649  
 9 10 15  10.947969 -1.538702 0.156506 0.005331 0.029724 -1.843338 -10.947969 1.538702 -0.156506 -0.005331 -0.602159 -3.784617  
 10 11 16  10.561332 -1.525683 0.151634 0.005331 0.043464 -1.830324 -10.561332 1.525683 -0.151634 -0.005331 -0.598082 -3.750014  
 11 12 17  13.033011 -1.516708 0.160577 0.005331 0.046944 -1.739094 -13.033011 1.516708 -0.160577 -0.005331 -0.634272 -3.808418  
 12 13 18  13.457688 -1.528900 0.165776 0.005331 0.032029 -1.751853 -13.457688 1.528900 -0.165776 -0.005331 -0.638371 -3.840252  
 13 5 6  0.000000 -1.559985 -0.000000 0.263103 0.000000 -4.765882 0.000000 1.559985 0.000000 -0.263103 0.000000 -4.743785  
 14 6 7  0.000000 4.314287 -0.000000 -0.335292 0.000000 12.995169 0.000000 -4.314287 0.000000 0.335292 0.000000 13.304723  
 15 7 8  0.000000 -1.565365 0.000000 0.043067 -0.000000 -4.760185 0.000000 1.565365 -0.000000 -0.043067 -0.000000 -4.782281  
 16 8 5  0.000000 4.319667 0.000000 -0.294679 -0.000000 13.321123 0.000000 -4.319667 -0.000000 0.294679 -0.000000 13.011568  
 17 10 11  0.000000 -0.739221 -0.000000 0.077759 0.000000 -2.249379 0.000000 0.739221 0.000000 -0.077759 0.000000 -2.256911  
 18 11 12  0.000000 2.970140 0.000000 -0.084205 -0.000000 9.028871 0.000000 -2.970140 -0.000000 0.084205 -0.000000 9.077105  
 19 12 13  0.000000 -0.748804 0.000000 -0.179817 -0.000000 -2.286122 0.000000 0.748804 -0.000000 0.179817 -0.000000 -2.278589  
 20 13 10  0.000000 2.979724 -0.000000 -0.029795 0.000000 9.106316 0.000000 -2.979724 0.000000 0.029795 0.000000 9.058082  
 21 15 16  0.000000 -0.198074 0.000000 0.002809 -0.000000 -0.605772 0.000000 0.198074 -0.000000 -0.002809 -0.000000 -0.601684  
 22 16 17  0.000000 1.240595 0.000000 -0.003602 -0.000000 3.752823 0.000000 -1.240595 -0.000000 0.003602 -0.000000 3.809842  
 23 17 18  0.000000 -0.207583 -0.000000 0.001424 0.000000 -0.630670 0.000000 0.207583 0.000000 -0.001424 0.000000 -0.634758  
 24 18 15  0.000000 1.250104 -0.000000 -0.003614 0.000000 3.838827 0.000000 -1.250104 0.000000 0.003614 0.000000 3.781808  
 118 118 128  29.186216 -3.533068 1.019588 -0.149900 -1.015907 -4.455649 -29.186216 3.533068 -1.019588 0.149900 0.642982 3.163394  
 128 128 138  29.186216 -3.533068 1.019588 -0.149900 -0.642982 -3.163394 -29.186216 3.533068 -1.019588 0.149900 0.270058 1.871139  
 138 138 148  29.186216 -3.533068 1.019588 -0.149900 -0.270058 -1.871139 -29.186216 3.533068 -1.019588 0.149900 -0.102866 0.578884  
 148 148 158  29.186216 -3.533068 1.019588 -0.149900 0.102866 -0.578884 -29.186216 3.533068 -1.019588 0.149900 -0.475791 -0.713371  
 158 158 168  29.186216 -3.533068 1.019588 -0.149900 0.475791 0.713371 -29.186216 3.533068 -1.019588 0.149900 -0.848715 -2.005626  
 168 168 178  29.186216 -3.533068 1.019588 -0.149900 0.848715 2.005626 -29.186216 3.533068 -1.019588 0.149900 -1.221640 -3.297881  
 178 178 188  29.186216 -3.533068 1.019588 -0.149900 1.221640 3.297881 -29.186216 3.533068 -1.019588 0.149900 -1.594564 -4.590136  
 188 188 198  29.186216 -3.533068 1.019588 -0.149900 1.594564 4.590136 -29.186216 3.533068 -1.019588 0.149900 -1.967489 -5.882391  
 198 198 13  29.186216 -3.533068 1.019588 -0.149900 1.967489 5.882391 -29.186216 3.533068 -1.019588 0.149900 -2.340413 -7.174646  
