 1 1 5  25.907441 -5.548313 0.147427 -0.119896 -0.230739 -12.555177 -25.907441 5.548313 -0.147427 0.119896 -0.308490 -7.738333  
 2 2 6  26.841517 -5.606103 0.151713 -0.119896 -0.240533 -12.682511 -26.841517 5.606103 -0.151713 0.119896 -0.314373 -7.822370  
 3 3 7  46.087576 -6.207299 0.185190 -0.119896 -0.280649 -14.364273 -46.087576 6.207299 -0.185190 0.119896 -0.396703 -8.339543  
 4 4 8  45.163466 -6.175306 0.181513 -0.119896 -0.271251 -14.286636 -45.163466 6.175306 -0.181513 0.119896 -0.392651 -8.300164  
 5 5 10  18.757952 -3.981111 -0.194950 -0.213179 0.473563 -6.608017 -18.757952 3.981111 0.194950 0.213179 0.239486 -7.953293  
 6 6 11  19.593656 -4.025376 -0.195052 -0.213179 0.477710 -6.686679 -19.593656 4.025376 0.195052 0.213179 0.235712 -8.036536  
 7 7 12  29.234065 -4.154069 -0.220848 -0.213179 0.540790 -6.714523 -29.234065 4.154069 0.220848 0.213179 0.266983 -8.479398  
 8 8 118  28.414327 -3.869857 -0.217867 -0.213179 0.538117 -6.328126 -28.414327 3.869857 0.217867 0.213179 -0.458430 4.912688  
 9 10 15  10.386891 -1.804546 -0.263928 0.015350 0.459613 -2.274427 -10.386891 1.804546 0.263928 -0.015350 0.505731 -4.325879  
 10 11 16  10.734279 -1.821943 -0.264404 0.015350 0.460675 -2.298104 -10.734279 1.821943 0.264404 -0.015350 0.506411 -4.365835  
 11 12 17  13.609401 -1.818071 -0.288419 0.015350 0.513517 -2.205728 -13.609401 1.818071 0.288419 -0.015350 0.541406 -4.444049  
 12 13 18  13.269429 -1.806401 -0.289125 0.015350 0.515976 -2.193507 -13.269429 1.806401 0.289125 -0.015350 0.541527 -4.413584  
 13 5 6  0.000000 0.049936 -0.000000 -0.079063 0.000000 0.152983 0.000000 -0.049936 0.000000 0.079063 0.000000 0.151426  
 14 6 7  0.000000 4.802075 0.000000 -0.011911 -0.000000 14.429986 0.000000 -4.802075 -0.000000 0.011911 -0.000000 14.843464  
 15 7 8  0.000000 0.051436 0.000000 -0.210602 -0.000000 0.155998 0.000000 -0.051436 -0.000000 0.210602 -0.000000 0.157555  
 16 8 5  0.000000 4.800575 -0.000000 -0.012090 0.000000 14.838892 0.000000 -4.800575 0.000000 0.012090 0.000000 14.425414  
 17 10 11  0.000000 0.243089 0.000000 -0.056717 -0.000000 0.740171 0.000000 -0.243089 -0.000000 0.056717 -0.000000 0.741700  
 18 11 12  0.000000 3.383713 -0.000000 0.045314 0.000000 10.277923 0.000000 -3.383713 0.000000 -0.045314 0.000000 10.349190  
 19 12 13  0.000000 0.240952 -0.000000 -0.335936 0.000000 0.735186 0.000000 -0.240952 0.000000 0.335936 0.000000 0.733657  
 20 13 10  0.000000 3.385850 0.000000 0.041072 -0.000000 10.355704 0.000000 -3.385850 -0.000000 -0.041072 -0.000000 10.284437  
 21 15 16  0.000000 0.172767 0.000000 -0.022804 -0.000000 0.526455 0.000000 -0.172767 -0.000000 0.022804 -0.000000 0.526734  
 22 16 17  0.000000 1.438488 0.000000 0.020323 -0.000000 4.343031 0.000000 -1.438488 -0.000000 -0.020323 -0.000000 4.425991  
 23 17 18  0.000000 0.170913 -0.000000 -0.018058 0.000000 0.521083 0.000000 -0.170913 0.000000 0.018058 0.000000 0.520803  
 24 18 15  0.000000 1.440342 -0.000000 0.020724 0.000000 4.431642 0.000000 -1.440342 0.000000 -0.020724 0.000000 4.348683  
 118 118 128  28.414327 -3.869857 -0.217867 -0.213179 0.458430 -4.912688 -28.414327 3.869857 0.217867 0.213179 -0.378743 3.497249  
 128 128 138  28.414327 -3.869857 -0.217867 -0.213179 0.378743 -3.497249 -28.414327 3.869857 0.217867 0.213179 -0.299056 2.081810  
 138 138 148  28.414327 -3.869857 -0.217867 -0.213179 0.299056 -2.081810 -28.414327 3.869857 0.217867 0.213179 -0.219369 0.666371  
 148 148 158  28.414327 -3.869857 -0.217867 -0.213179 0.219369 -0.666371 -28.414327 3.869857 0.217867 0.213179 -0.139682 -0.749067  
 158 158 168  28.414327 -3.869857 -0.217867 -0.213179 0.139682 0.749067 -28.414327 3.869857 0.217867 0.213179 -0.059995 -2.164506  
 168 168 178  28.414327 -3.869857 -0.217867 -0.213179 0.059995 2.164506 -28.414327 3.869857 0.217867 0.213179 0.019692 -3.579945  
 178 178 188  28.414327 -3.869857 -0.217867 -0.213179 -0.019692 3.579945 -28.414327 3.869857 0.217867 0.213179 0.099379 -4.995383  
 188 188 198  28.414327 -3.869857 -0.217867 -0.213179 -0.099379 4.995383 -28.414327 3.869857 0.217867 0.213179 0.179066 -6.410822  
 198 198 13  28.414327 -3.869857 -0.217867 -0.213179 -0.179066 6.410822 -28.414327 3.869857 0.217867 0.213179 0.258753 -7.826261  
