 1 1 5  38.569721 0.755084 0.338937 -0.000331 -1.032862 1.758732 -38.569721 -0.755084 -0.338937 0.000331 -0.206835 1.003062  
 2 2 6  34.983136 0.755303 0.339419 -0.000331 -1.034715 1.759208 -34.983136 -0.755303 -0.339419 0.000331 -0.206742 1.003387  
 3 3 7  33.430260 0.755621 0.339849 -0.000331 -1.035679 1.760261 -33.430260 -0.755621 -0.339849 0.000331 -0.207354 1.003500  
 4 4 8  37.016884 0.755468 0.339313 -0.000331 -1.033782 1.759898 -37.016884 -0.755468 -0.339313 0.000331 -0.207290 1.003302  
 5 5 10  25.582955 0.343897 0.632262 -0.000072 -1.351157 0.445725 -25.582955 -0.343897 -0.632262 0.000072 -0.961403 0.812112  
 6 6 11  23.019034 0.343987 0.632950 -0.000072 -1.351655 0.445910 -23.019034 -0.343987 -0.632950 0.000072 -0.963422 0.812257  
 7 7 12  22.417036 0.343973 0.633088 -0.000072 -1.351835 0.445905 -22.417036 -0.343973 -0.633088 0.000072 -0.963748 0.812210  
 8 8 118  24.980975 0.343887 0.632393 -0.000072 -1.351352 0.445697 -24.980975 -0.343887 -0.632393 0.000072 1.120049 -0.319917  
 9 10 15  12.595942 0.028984 0.806288 0.000639 -1.318418 -0.083357 -12.595942 -0.028984 -0.806288 -0.000639 -1.630660 0.189370  
 10 11 16  11.527623 0.028557 0.804774 0.000639 -1.316245 -0.082824 -11.527623 -0.028557 -0.804774 -0.000639 -1.627297 0.187276  
 11 12 17  11.404061 0.028628 0.803732 0.000639 -1.314557 -0.082601 -11.404061 -0.028628 -0.803732 -0.000639 -1.625173 0.187312  
 12 13 18  12.472374 0.028944 0.805749 0.000639 -1.317783 -0.083430 -12.472374 -0.028944 -0.805749 -0.000639 -1.629326 0.189294  
 13 5 6  0.000000 -0.511335 -0.000000 0.000247 0.000000 -1.558310 0.000000 0.511335 0.000000 -0.000247 0.000000 -1.558786  
 14 6 7  0.000000 -0.475436 -0.000000 -0.000389 0.000000 -1.449049 0.000000 0.475436 0.000000 0.000389 0.000000 -1.449209  
 15 7 8  0.000000 -0.511340 0.000000 0.000196 -0.000000 -1.558801 0.000000 0.511340 -0.000000 -0.000196 -0.000000 -1.558325  
 16 8 5  0.000000 -0.475431 0.000000 -0.000317 -0.000000 -1.449194 0.000000 0.475431 -0.000000 0.000317 -0.000000 -1.449034  
 17 10 11  0.000000 -0.747804 -0.000000 0.000329 0.000000 -2.279636 0.000000 0.747804 0.000000 -0.000329 0.000000 -2.278976  
 18 11 12  0.000000 -0.239215 -0.000000 0.000690 0.000000 -0.729103 0.000000 0.239215 0.000000 -0.000690 0.000000 -0.729152  
 19 12 13  0.000000 -0.747810 0.000000 0.000457 -0.000000 -2.278995 0.000000 0.747810 -0.000000 -0.000457 -0.000000 -2.279655  
 20 13 10  0.000000 -0.239209 0.000000 0.000185 -0.000000 -0.729133 0.000000 0.239209 -0.000000 -0.000185 -0.000000 -0.729085  
 21 15 16  0.000000 -0.534159 0.000000 -0.001045 -0.000000 -1.629995 0.000000 0.534159 -0.000000 0.001045 -0.000000 -1.626238  
 22 16 17  0.000000 -0.061782 0.000000 0.001060 -0.000000 -0.188321 0.000000 0.061782 -0.000000 -0.001060 -0.000000 -0.188301  
 23 17 18  0.000000 -0.534157 -0.000000 -0.000989 0.000000 -1.626233 0.000000 0.534157 0.000000 0.000989 0.000000 -1.629991  
 24 18 15  0.000000 -0.061783 -0.000000 0.000665 0.000000 -0.188305 0.000000 0.061783 0.000000 -0.000665 0.000000 -0.188325  
 118 118 128  24.980975 0.343887 0.632393 -0.000072 -1.120049 0.319917 -24.980975 -0.343887 -0.632393 0.000072 0.888745 -0.194137  
 128 128 138  24.980975 0.343887 0.632393 -0.000072 -0.888745 0.194137 -24.980975 -0.343887 -0.632393 0.000072 0.657441 -0.068356  
 138 138 148  24.980975 0.343887 0.632393 -0.000072 -0.657441 0.068356 -24.980975 -0.343887 -0.632393 0.000072 0.426137 0.057424  
 148 148 158  24.980975 0.343887 0.632393 -0.000072 -0.426137 -0.057424 -24.980975 -0.343887 -0.632393 0.000072 0.194833 0.183204  
 158 158 168  24.980975 0.343887 0.632393 -0.000072 -0.194833 -0.183204 -24.980975 -0.343887 -0.632393 0.000072 -0.036471 0.308984  
 168 168 178  24.980975 0.343887 0.632393 -0.000072 0.036471 -0.308984 -24.980975 -0.343887 -0.632393 0.000072 -0.267775 0.434765  
 178 178 188  24.980975 0.343887 0.632393 -0.000072 0.267775 -0.434765 -24.980975 -0.343887 -0.632393 0.000072 -0.499079 0.560545  
 188 188 198  24.980975 0.343887 0.632393 -0.000072 0.499079 -0.560545 -24.980975 -0.343887 -0.632393 0.000072 -0.730383 0.686325  
 198 198 13  24.980975 0.343887 0.632393 -0.000072 0.730383 -0.686325 -24.980975 -0.343887 -0.632393 0.000072 -0.961687 0.812106  
