 1 1 5  37.961095 0.050872 0.108112 -0.000263 -0.352952 0.362202 -37.961095 -0.050872 -0.108112 0.000263 -0.042478 -0.176132  
 2 2 6  36.511415 0.051201 0.108779 -0.000263 -0.355023 0.362999 -36.511415 -0.051201 -0.108779 0.000263 -0.042848 -0.175725  
 3 3 7  34.038862 0.051733 0.109293 -0.000263 -0.356250 0.364637 -34.038862 -0.051733 -0.109293 0.000263 -0.043502 -0.175417  
 4 4 8  35.488628 0.051372 0.108634 -0.000263 -0.354229 0.363812 -35.488628 -0.051372 -0.108634 0.000263 -0.043109 -0.175916  
 5 5 10  25.436782 0.555712 0.245313 -0.000045 -0.541832 1.188874 -25.436782 -0.555712 -0.245313 0.000045 -0.355426 0.843699  
 6 6 11  24.370897 0.555865 0.245371 -0.000045 -0.541786 1.189140 -24.370897 -0.555865 -0.245371 0.000045 -0.355683 0.843992  
 7 7 12  22.563191 0.555948 0.245553 -0.000045 -0.542044 1.189126 -22.563191 -0.555948 -0.245553 0.000045 -0.356092 0.844308  
 8 8 118  23.629130 0.555793 0.245498 -0.000045 -0.542114 1.188858 -23.629130 -0.555793 -0.245498 0.000045 0.452321 -0.985571  
 9 10 15  12.586398 0.523043 0.347586 0.000493 -0.577497 0.816262 -12.586398 -0.523043 -0.347586 -0.000493 -0.693832 1.096820  
 10 11 16  12.132306 0.522189 0.347522 0.000493 -0.577532 0.815279 -12.132306 -0.522189 -0.347522 -0.000493 -0.693565 1.094679  
 11 12 17  11.413594 0.521651 0.346008 0.000493 -0.575489 0.814550 -11.413594 -0.521651 -0.346008 -0.000493 -0.690068 1.093440  
 12 13 18  11.867702 0.522904 0.346346 0.000493 -0.576063 0.816289 -11.867702 -0.522904 -0.346346 -0.000493 -0.690731 1.096283  
 13 5 6  0.000000 -0.191902 0.000000 0.000325 -0.000000 -0.584755 0.000000 0.191902 -0.000000 -0.000325 -0.000000 -0.585078  
 14 6 7  0.000000 -0.332419 0.000000 -0.000444 -0.000000 -1.013091 0.000000 0.332419 -0.000000 0.000444 -0.000000 -1.013337  
 15 7 8  0.000000 -0.191910 -0.000000 0.000371 0.000000 -0.585102 0.000000 0.191910 0.000000 -0.000371 0.000000 -0.584778  
 16 8 5  0.000000 -0.332411 -0.000000 -0.000445 0.000000 -1.013313 0.000000 0.332411 0.000000 0.000445 0.000000 -1.013067  
 17 10 11  0.000000 -0.305901 -0.000000 -0.000360 0.000000 -0.932388 0.000000 0.305901 0.000000 0.000360 0.000000 -0.932383  
 18 11 12  0.000000 -0.544492 0.000000 0.000832 -0.000000 -1.659631 0.000000 0.544492 -0.000000 -0.000832 -0.000000 -1.659593  
 19 12 13  0.000000 -0.305911 0.000000 -0.000735 -0.000000 -0.932413 0.000000 0.305911 -0.000000 0.000735 -0.000000 -0.932418  
 20 13 10  0.000000 -0.544482 -0.000000 0.000535 0.000000 -1.659563 0.000000 0.544482 0.000000 -0.000535 0.000000 -1.659601  
 21 15 16  0.000000 -0.227048 0.000000 -0.001077 -0.000000 -0.692275 0.000000 0.227048 -0.000000 0.001077 -0.000000 -0.691811  
 22 16 17  0.000000 -0.359354 -0.000000 0.001755 0.000000 -1.095756 0.000000 0.359354 0.000000 -0.001755 0.000000 -1.094868  
 23 17 18  0.000000 -0.227052 -0.000000 -0.001428 0.000000 -0.691823 0.000000 0.227052 0.000000 0.001428 0.000000 -0.692287  
 24 18 15  0.000000 -0.359350 0.000000 0.001557 -0.000000 -1.094856 0.000000 0.359350 -0.000000 -0.001557 -0.000000 -1.095744  
 118 118 128  23.629130 0.555793 0.245498 -0.000045 -0.452321 0.985571 -23.629130 -0.555793 -0.245498 0.000045 0.362527 -0.782285  
 128 128 138  23.629130 0.555793 0.245498 -0.000045 -0.362527 0.782285 -23.629130 -0.555793 -0.245498 0.000045 0.272734 -0.578998  
 138 138 148  23.629130 0.555793 0.245498 -0.000045 -0.272734 0.578998 -23.629130 -0.555793 -0.245498 0.000045 0.182940 -0.375711  
 148 148 158  23.629130 0.555793 0.245498 -0.000045 -0.182940 0.375711 -23.629130 -0.555793 -0.245498 0.000045 0.093147 -0.172425  
 158 158 168  23.629130 0.555793 0.245498 -0.000045 -0.093147 0.172425 -23.629130 -0.555793 -0.245498 0.000045 0.003354 0.030862  
 168 168 178  23.629130 0.555793 0.245498 -0.000045 -0.003354 -0.030862 -23.629130 -0.555793 -0.245498 0.000045 -0.086440 0.234149  
 178 178 188  23.629130 0.555793 0.245498 -0.000045 0.086440 -0.234149 -23.629130 -0.555793 -0.245498 0.000045 -0.176233 0.437436  
 188 188 198  23.629130 0.555793 0.245498 -0.000045 0.176233 -0.437436 -23.629130 -0.555793 -0.245498 0.000045 -0.266026 0.640722  
 198 198 13  23.629130 0.555793 0.245498 -0.000045 0.266026 -0.640722 -23.629130 -0.555793 -0.245498 0.000045 -0.355820 0.844009  
