 1 1 5  35.534146 5.122382 -5.802540 -0.052284 13.123873 12.120346 -35.534146 -5.122382 5.802540 0.052284 8.099496 6.615279  
 2 2 6  59.118024 5.880350 -6.149972 -0.052284 14.340576 13.780787 -59.118024 -5.880350 6.149972 0.052284 8.153563 7.727181  
 3 3 7  36.094346 5.580879 -5.375586 -0.052284 12.654604 12.683851 -36.094346 -5.580879 5.375586 0.052284 7.007139 7.728772  
 4 4 8  13.253484 4.531257 -4.700722 -0.052284 10.767672 10.412861 -13.253484 -4.531257 4.700722 0.052284 6.425690 6.160665  
 5 5 10  23.676458 4.558673 -5.156555 0.031088 9.139356 7.947062 -23.676458 -4.558673 5.156555 -0.031088 9.721261 8.726742  
 6 6 11  36.901109 5.084035 -5.039268 0.031088 8.781028 8.880252 -36.901109 -5.084035 5.039268 -0.031088 9.650597 9.715115  
 7 7 12  24.031876 5.178700 -4.535176 0.031088 7.885482 9.177834 -24.031876 -5.178700 4.535176 -0.031088 8.702378 9.763780  
 8 8 118  11.390557 4.036215 -4.033597 0.031088 7.171376 7.177737 -11.390557 -4.036215 4.033597 -0.031088 -5.696047 -5.701451  
 9 10 15  11.832220 2.670108 -3.080241 -0.016342 4.659713 3.831874 -11.832220 -2.670108 3.080241 0.016342 6.606576 5.934315  
 10 11 16  16.188184 2.865334 -3.037368 -0.016342 4.417809 4.091042 -16.188184 -2.865334 3.037368 0.016342 6.691670 6.389203  
 11 12 17  12.019369 2.926968 -2.827276 -0.016342 4.117075 4.374487 -12.019369 -2.926968 2.827276 0.016342 6.223968 6.331192  
 12 13 18  7.960226 2.714889 -2.861582 -0.016342 4.339489 4.076302 -7.960226 -2.714889 2.861582 0.016342 6.127033 5.853674  
 13 5 6  0.000000 5.159653 0.000000 0.961706 -0.000000 15.478799 0.000000 -5.159653 -0.000000 -0.961706 -0.000000 15.974446  
 14 6 7  0.000000 -5.057262 0.000000 -0.960145 -0.000000 -15.645727 0.000000 5.057262 -0.000000 0.960145 -0.000000 -15.183344  
 15 7 8  0.000000 5.119732 -0.000000 1.723262 0.000000 15.852766 0.000000 -5.119732 0.000000 -1.723262 0.000000 15.357119  
 16 8 5  0.000000 -5.017341 -0.000000 -1.760053 0.000000 -15.061664 0.000000 5.017341 0.000000 1.760053 0.000000 -15.524047  
 17 10 11  0.000000 4.398530 0.000000 0.514610 -0.000000 13.260346 0.000000 -4.398530 -0.000000 -0.514610 -0.000000 13.553090  
 18 11 12  0.000000 -4.314395 0.000000 -0.515316 -0.000000 -13.291547 0.000000 4.314395 -0.000000 0.515316 -0.000000 -13.009006  
 19 12 13  0.000000 4.326902 -0.000000 1.129260 0.000000 13.334769 0.000000 -4.326902 0.000000 -1.129260 0.000000 13.042025  
 20 13 10  0.000000 -4.242767 -0.000000 -1.120628 0.000000 -12.790685 0.000000 4.242767 0.000000 1.120628 0.000000 -13.073226  
 21 15 16  0.000000 2.140879 -0.000000 0.114355 0.000000 6.479893 0.000000 -2.140879 0.000000 -0.114355 0.000000 6.570907  
 22 16 17  0.000000 -2.047305 -0.000000 -0.120762 0.000000 -6.274847 0.000000 2.047305 0.000000 0.120762 0.000000 -6.205522  
 23 17 18  0.000000 2.066674 0.000000 0.125670 -0.000000 6.344730 0.000000 -2.066674 -0.000000 -0.125670 -0.000000 6.253716  
 24 18 15  0.000000 -1.973099 0.000000 -0.126683 -0.000000 -5.979344 0.000000 1.973099 -0.000000 0.126683 -0.000000 -6.048670  
 118 118 128  11.390557 4.036215 -4.033597 0.031088 5.696047 5.701451 -11.390557 -4.036215 4.033597 -0.031088 -4.220719 -4.225165  
 128 128 138  11.390557 4.036215 -4.033597 0.031088 4.220719 4.225165 -11.390557 -4.036215 4.033597 -0.031088 -2.745390 -2.748879  
 138 138 148  11.390557 4.036215 -4.033597 0.031088 2.745390 2.748879 -11.390557 -4.036215 4.033597 -0.031088 -1.270062 -1.272593  
 148 148 158  11.390557 4.036215 -4.033597 0.031088 1.270062 1.272593 -11.390557 -4.036215 4.033597 -0.031088 0.205266 0.203693  
 158 158 168  11.390557 4.036215 -4.033597 0.031088 -0.205266 -0.203693 -11.390557 -4.036215 4.033597 -0.031088 1.680595 1.679979  
 168 168 178  11.390557 4.036215 -4.033597 0.031088 -1.680595 -1.679979 -11.390557 -4.036215 4.033597 -0.031088 3.155923 3.156265  
 178 178 188  11.390557 4.036215 -4.033597 0.031088 -3.155923 -3.156265 -11.390557 -4.036215 4.033597 -0.031088 4.631251 4.632551  
 188 188 198  11.390557 4.036215 -4.033597 0.031088 -4.631251 -4.632551 -11.390557 -4.036215 4.033597 -0.031088 6.106580 6.108836  
 198 198 13  11.390557 4.036215 -4.033597 0.031088 -6.106580 -6.108836 -11.390557 -4.036215 4.033597 -0.031088 7.581908 7.585122  
