 1 1 5  41.270304 0.654306 1.792033 0.016466 -4.305790 1.914200 -41.270304 -0.654306 -1.792033 -0.016466 -2.248749 0.478991  
 2 2 6  36.310602 0.641081 1.781409 0.016466 -4.268316 1.879486 -36.310602 -0.641081 -1.781409 -0.016466 -2.247365 0.465332  
 3 3 7  30.731226 0.626900 1.747020 0.016466 -4.177004 1.827760 -30.731226 -0.626900 -1.747020 -0.016466 -2.212898 0.465191  
 4 4 8  35.687868 0.647848 1.770640 0.016466 -4.250163 1.884415 -35.687868 -0.647848 -1.770640 -0.016466 -2.226128 0.485153  
 5 5 10  27.062979 1.133646 1.151715 0.027087 -1.767193 2.291214 -27.062979 -1.133646 -1.151715 -0.027087 -2.445318 1.855208  
 6 6 11  24.713809 1.122362 1.149655 0.027087 -1.767338 2.270677 -24.713809 -1.122362 -1.149655 -0.027087 -2.437638 1.834474  
 7 7 12  20.938036 1.117351 1.122626 0.027087 -1.722166 2.261613 -20.938036 -1.117351 -1.122626 -0.027087 -2.383951 1.825208  
 8 8 118  23.285176 1.126777 1.122487 0.027087 -1.718829 2.279734 -23.285176 -1.126777 -1.122487 -0.027087 1.308268 -1.867604  
 9 10 15  13.045147 1.078602 0.325270 0.001444 -0.211570 1.698656 -13.045147 -1.078602 -0.325270 -0.001444 -0.978140 2.246437  
 10 11 16  12.415213 1.066989 0.325456 0.001444 -0.214832 1.682005 -12.415213 -1.066989 -0.325456 -0.001444 -0.975555 2.220613  
 11 12 17  10.955413 1.062037 0.311824 0.001444 -0.200664 1.682093 -10.955413 -1.062037 -0.311824 -0.001444 -0.939864 2.202412  
 12 13 18  11.584227 1.075740 0.311691 0.001444 -0.196937 1.701729 -11.584227 -1.075740 -0.311691 -0.001444 -0.943105 2.232896  
 13 5 6  0.000000 -1.305138 -0.000000 -0.016705 0.000000 -3.980843 0.000000 1.305138 0.000000 0.016705 0.000000 -3.975276  
 14 6 7  0.000000 -0.901930 0.000000 0.039427 -0.000000 -2.752714 0.000000 0.901930 -0.000000 -0.039427 -0.000000 -2.745452  
 15 7 8  0.000000 -1.304880 0.000000 -0.018648 -0.000000 -3.974490 0.000000 1.304880 -0.000000 0.018648 -0.000000 -3.980057  
 16 8 5  0.000000 -0.902188 -0.000000 0.035099 0.000000 -2.746239 0.000000 0.902188 0.000000 -0.035099 0.000000 -2.753500  
 17 10 11  0.000000 -0.859504 -0.000000 -0.018346 0.000000 -2.620648 0.000000 0.859504 0.000000 0.018346 0.000000 -2.618889  
 18 11 12  0.000000 -1.158100 0.000000 0.033581 -0.000000 -3.534826 0.000000 1.158100 -0.000000 -0.033581 -0.000000 -3.524951  
 19 12 13  0.000000 -0.859277 0.000000 -0.017650 -0.000000 -2.618196 0.000000 0.859277 -0.000000 0.017650 -0.000000 -2.619956  
 20 13 10  0.000000 -1.158327 -0.000000 0.036240 0.000000 -3.525644 0.000000 1.158327 0.000000 -0.036240 0.000000 -3.535518  
 21 15 16  0.000000 -0.314827 -0.000000 -0.012485 0.000000 -0.961049 0.000000 0.314827 0.000000 0.012485 0.000000 -0.958136  
 22 16 17  0.000000 -0.730040 -0.000000 0.017419 0.000000 -2.233098 0.000000 0.730040 0.000000 -0.017419 0.000000 -2.217227  
 23 17 18  0.000000 -0.314547 0.000000 -0.014815 -0.000000 -0.957282 0.000000 0.314547 -0.000000 0.014815 -0.000000 -0.960195  
 24 18 15  0.000000 -0.730320 0.000000 0.017091 -0.000000 -2.218081 0.000000 0.730320 -0.000000 -0.017091 -0.000000 -2.233952  
 118 118 128  23.285176 1.126777 1.122487 0.027087 -1.308268 1.867604 -23.285176 -1.126777 -1.122487 -0.027087 0.897707 -1.455474  
 128 128 138  23.285176 1.126777 1.122487 0.027087 -0.897707 1.455474 -23.285176 -1.126777 -1.122487 -0.027087 0.487146 -1.043344  
 138 138 148  23.285176 1.126777 1.122487 0.027087 -0.487146 1.043344 -23.285176 -1.126777 -1.122487 -0.027087 0.076585 -0.631214  
 148 148 158  23.285176 1.126777 1.122487 0.027087 -0.076585 0.631214 -23.285176 -1.126777 -1.122487 -0.027087 -0.333975 -0.219085  
 158 158 168  23.285176 1.126777 1.122487 0.027087 0.333975 0.219085 -23.285176 -1.126777 -1.122487 -0.027087 -0.744536 0.193045  
 168 168 178  23.285176 1.126777 1.122487 0.027087 0.744536 -0.193045 -23.285176 -1.126777 -1.122487 -0.027087 -1.155097 0.605175  
 178 178 188  23.285176 1.126777 1.122487 0.027087 1.155097 -0.605175 -23.285176 -1.126777 -1.122487 -0.027087 -1.565658 1.017305  
 188 188 198  23.285176 1.126777 1.122487 0.027087 1.565658 -1.017305 -23.285176 -1.126777 -1.122487 -0.027087 -1.976218 1.429435  
 198 198 13  23.285176 1.126777 1.122487 0.027087 1.976218 -1.429435 -23.285176 -1.126777 -1.122487 -0.027087 -2.386779 1.841564  
