 1 1 5  38.601358 4.678319 -3.707830 0.000928 8.449878 10.972992 -38.601358 -4.678319 3.707830 -0.000928 5.111883 6.138430  
 2 2 6  52.252224 5.051350 -3.811002 0.000928 8.861388 11.818064 -52.252224 -5.051350 3.811002 -0.000928 5.077731 6.657755  
 3 3 7  33.253618 4.803862 -3.377820 0.000928 7.923544 10.909288 -33.253618 -4.803862 3.377820 -0.000928 4.431173 6.661318  
 4 4 8  19.892801 4.185462 -3.150799 0.000928 7.268727 9.583029 -19.892801 -4.185462 3.150799 -0.000928 4.255636 5.725717  
 5 5 10  25.689968 3.398964 -3.077251 -0.017820 5.303688 5.911546 -25.689968 -3.398964 3.077251 0.017820 5.951667 6.520504  
 6 6 11  33.032589 3.669320 -3.050173 -0.017820 5.211482 6.408824 -33.032589 -3.669320 3.050173 0.017820 5.944831 7.012081  
 7 7 12  22.195903 3.727925 -2.696444 -0.017820 4.568719 6.584497 -22.195903 -3.727925 2.696444 0.017820 5.293793 7.050763  
 8 8 118  15.081540 3.081329 -2.490644 -0.017820 4.306408 5.478643 -15.081540 -3.081329 2.490644 0.017820 -3.395430 -4.351616  
 9 10 15  12.705673 2.600259 -1.580320 0.040663 2.231293 3.918524 -12.705673 -2.600259 1.580320 -0.040663 3.548884 5.592183  
 10 11 16  15.011053 2.724967 -1.541945 0.040663 2.081286 4.119491 -15.011053 -2.724967 1.541945 -0.040663 3.558533 5.847348  
 11 12 17  11.235680 2.736768 -1.439691 0.040663 1.962698 4.254770 -11.235680 -2.736768 1.439691 -0.040663 3.303115 5.755233  
 12 13 18  9.047594 2.597928 -1.472391 0.040663 2.099868 4.039785 -9.047594 -2.597928 1.472391 -0.040663 3.285550 5.462398  
 13 5 6  0.000000 3.146399 -0.000000 0.484759 0.000000 9.512350 0.000000 -3.146399 0.000000 -0.484759 0.000000 9.668095  
 14 6 7  0.000000 -4.073236 0.000000 -0.621118 -0.000000 -12.581820 0.000000 4.073236 -0.000000 0.621118 -0.000000 -12.248630  
 15 7 8  0.000000 3.130951 0.000000 0.997185 -0.000000 9.621010 0.000000 -3.130951 -0.000000 -0.997185 -0.000000 9.465265  
 16 8 5  0.000000 -4.057789 -0.000000 -0.903221 0.000000 -12.201545 0.000000 4.057789 0.000000 0.903221 0.000000 -12.534734  
 17 10 11  0.000000 2.504750 0.000000 0.303994 -0.000000 7.585378 0.000000 -2.504750 -0.000000 -0.303994 -0.000000 7.683581  
 18 11 12  0.000000 -3.516786 0.000000 -0.342535 -0.000000 -10.827577 0.000000 3.516786 -0.000000 0.342535 -0.000000 -10.610750  
 19 12 13  0.000000 2.477009 -0.000000 0.694783 0.000000 7.599026 0.000000 -2.477009 0.000000 -0.694783 0.000000 7.500823  
 20 13 10  0.000000 -3.489045 -0.000000 -0.597582 0.000000 -10.526195 0.000000 3.489045 0.000000 0.597582 0.000000 -10.743022  
 21 15 16  0.000000 1.138028 0.000000 0.082894 -0.000000 3.461905 0.000000 -1.138028 -0.000000 -0.082894 -0.000000 3.475513  
 22 16 17  0.000000 -1.873025 0.000000 -0.083020 -0.000000 -5.764454 0.000000 1.873025 -0.000000 0.083020 -0.000000 -5.653504  
 23 17 18  0.000000 1.108705 -0.000000 0.101729 0.000000 3.386136 0.000000 -1.108705 0.000000 -0.101729 0.000000 3.372528  
 24 18 15  0.000000 -1.843701 -0.000000 -0.086978 0.000000 -5.564127 0.000000 1.843701 0.000000 0.086978 0.000000 -5.675077  
 118 118 128  15.081540 3.081329 -2.490644 -0.017820 3.395430 4.351616 -15.081540 -3.081329 2.490644 0.017820 -2.484452 -3.224589  
 128 128 138  15.081540 3.081329 -2.490644 -0.017820 2.484452 3.224589 -15.081540 -3.081329 2.490644 0.017820 -1.573474 -2.097562  
 138 138 148  15.081540 3.081329 -2.490644 -0.017820 1.573474 2.097562 -15.081540 -3.081329 2.490644 0.017820 -0.662496 -0.970534  
 148 148 158  15.081540 3.081329 -2.490644 -0.017820 0.662496 0.970534 -15.081540 -3.081329 2.490644 0.017820 0.248482 0.156493  
 158 158 168  15.081540 3.081329 -2.490644 -0.017820 -0.248482 -0.156493 -15.081540 -3.081329 2.490644 0.017820 1.159460 1.283520  
 168 168 178  15.081540 3.081329 -2.490644 -0.017820 -1.159460 -1.283520 -15.081540 -3.081329 2.490644 0.017820 2.070438 2.410547  
 178 178 188  15.081540 3.081329 -2.490644 -0.017820 -2.070438 -2.410547 -15.081540 -3.081329 2.490644 0.017820 2.981417 3.537574  
 188 188 198  15.081540 3.081329 -2.490644 -0.017820 -2.981417 -3.537574 -15.081540 -3.081329 2.490644 0.017820 3.892395 4.664601  
 198 198 13  15.081540 3.081329 -2.490644 -0.017820 -3.892395 -4.664601 -15.081540 -3.081329 2.490644 0.017820 4.803373 5.791628  
