 1 1 5  35.796907 -0.163346 -0.442272 -0.000378 1.100952 -0.203338 -35.796907 0.163346 0.442272 0.000378 0.516702 -0.394116  
 2 2 6  37.560024 -0.162921 -0.441700 -0.000378 1.099230 -0.202366 -37.560024 0.162921 0.441700 0.000378 0.516334 -0.393535  
 3 3 7  36.203030 -0.162604 -0.441026 -0.000378 1.097690 -0.201405 -36.203030 0.162604 0.441026 0.000378 0.515405 -0.393334  
 4 4 8  34.440040 -0.163047 -0.441584 -0.000378 1.099377 -0.202404 -34.440040 0.163047 0.441584 0.000378 0.515760 -0.393956  
 5 5 10  24.044554 0.316877 -0.337640 -0.000092 0.593266 0.747998 -24.044554 -0.316877 0.337640 0.000092 0.641685 0.411012  
 6 6 11  25.079836 0.317046 -0.337650 -0.000092 0.593357 0.748300 -25.079836 -0.317046 0.337650 0.000092 0.641632 0.411325  
 7 7 12  23.955400 0.317045 -0.337419 -0.000092 0.593010 0.748249 -23.955400 -0.317045 0.337419 0.000092 0.641135 0.411374  
 8 8 118  22.920210 0.316879 -0.337415 -0.000092 0.592943 0.747958 -22.920210 -0.316879 0.337415 0.000092 -0.469530 -0.632056  
 9 10 15  12.047135 0.356060 -0.256008 -0.000008 0.360070 0.582427 -12.047135 -0.356060 0.256008 0.000008 0.576305 0.719896  
 10 11 16  12.425268 0.356090 -0.255997 -0.000008 0.360074 0.582466 -12.425268 -0.356090 0.255997 0.000008 0.576260 0.719968  
 11 12 17  11.952842 0.356090 -0.255961 -0.000008 0.360030 0.582447 -11.952842 -0.356090 0.255961 0.000008 0.576175 0.719986  
 12 13 18  11.574755 0.356059 -0.255973 -0.000008 0.360026 0.582409 -11.574755 -0.356059 0.255973 0.000008 0.576219 0.719914  
 13 5 6  0.000000 0.363913 -0.000000 0.000428 0.000000 1.109349 0.000000 -0.363913 0.000000 -0.000428 0.000000 1.109066  
 14 6 7  0.000000 -0.116274 0.000000 -0.000624 -0.000000 -0.354338 0.000000 0.116274 -0.000000 0.000624 -0.000000 -0.354472  
 15 7 8  0.000000 0.363904 0.000000 0.000443 -0.000000 1.109039 0.000000 -0.363904 -0.000000 -0.000443 -0.000000 1.109322  
 16 8 5  0.000000 -0.116266 -0.000000 -0.000619 0.000000 -0.354445 0.000000 0.116266 0.000000 0.000619 0.000000 -0.354311  
 17 10 11  0.000000 0.328569 0.000000 0.000158 -0.000000 1.001501 0.000000 -0.328569 -0.000000 -0.000158 -0.000000 1.001453  
 18 11 12  0.000000 -0.326000 -0.000000 -0.000253 0.000000 -0.993633 0.000000 0.326000 0.000000 0.000253 0.000000 -0.993662  
 19 12 13  0.000000 0.328557 -0.000000 0.000160 0.000000 1.001418 0.000000 -0.328557 0.000000 -0.000160 0.000000 1.001466  
 20 13 10  0.000000 -0.325988 0.000000 -0.000254 -0.000000 -0.993627 0.000000 0.325988 -0.000000 0.000254 -0.000000 -0.993598  
 21 15 16  0.000000 0.189061 -0.000000 0.000018 0.000000 0.576280 0.000000 -0.189061 0.000000 -0.000018 0.000000 0.576235  
 22 16 17  0.000000 -0.236207 -0.000000 -0.000025 0.000000 -0.719950 0.000000 0.236207 0.000000 0.000025 0.000000 -0.719968  
 23 17 18  0.000000 0.189049 0.000000 0.000018 -0.000000 0.576200 0.000000 -0.189049 -0.000000 -0.000018 -0.000000 0.576245  
 24 18 15  0.000000 -0.236195 0.000000 -0.000025 -0.000000 -0.719933 0.000000 0.236195 -0.000000 0.000025 -0.000000 -0.719915  
 118 118 128  22.920210 0.316879 -0.337415 -0.000092 0.469530 0.632056 -22.920210 -0.316879 0.337415 0.000092 -0.346117 -0.516155  
 128 128 138  22.920210 0.316879 -0.337415 -0.000092 0.346117 0.516155 -22.920210 -0.316879 0.337415 0.000092 -0.222704 -0.400253  
 138 138 148  22.920210 0.316879 -0.337415 -0.000092 0.222704 0.400253 -22.920210 -0.316879 0.337415 0.000092 -0.099292 -0.284351  
 148 148 158  22.920210 0.316879 -0.337415 -0.000092 0.099292 0.284351 -22.920210 -0.316879 0.337415 0.000092 0.024121 -0.168450  
 158 158 168  22.920210 0.316879 -0.337415 -0.000092 -0.024121 0.168450 -22.920210 -0.316879 0.337415 0.000092 0.147534 -0.052548  
 168 168 178  22.920210 0.316879 -0.337415 -0.000092 -0.147534 0.052548 -22.920210 -0.316879 0.337415 0.000092 0.270947 0.063353  
 178 178 188  22.920210 0.316879 -0.337415 -0.000092 -0.270947 -0.063353 -22.920210 -0.316879 0.337415 0.000092 0.394360 0.179255  
 188 188 198  22.920210 0.316879 -0.337415 -0.000092 -0.394360 -0.179255 -22.920210 -0.316879 0.337415 0.000092 0.517773 0.295157  
 198 198 13  22.920210 0.316879 -0.337415 -0.000092 -0.517773 -0.295157 -22.920210 -0.316879 0.337415 0.000092 0.641185 0.411058  
