 1 1 5  36.016220 -0.039150 0.134558 0.000031 -0.314216 -0.101138 -36.016220 0.039150 -0.134558 -0.000031 -0.177942 -0.042058  
 2 2 6  35.714248 -0.039142 0.134722 0.000031 -0.314719 -0.101128 -35.714248 0.039142 -0.134722 -0.000031 -0.178040 -0.042037  
 3 3 7  35.983782 -0.039044 0.134726 0.000031 -0.314706 -0.100833 -35.983782 0.039044 -0.134726 -0.000031 -0.178066 -0.041973  
 4 4 8  36.285750 -0.039074 0.134551 0.000031 -0.314180 -0.100876 -36.285750 0.039074 -0.134551 -0.000031 -0.177954 -0.042040  
 5 5 10  23.967387 -0.030665 0.061232 0.000003 -0.082950 -0.070024 -23.967387 0.030665 -0.061232 -0.000003 -0.141011 -0.042134  
 6 6 11  23.836617 -0.030678 0.061230 0.000003 -0.082912 -0.070055 -23.836617 0.030678 -0.061230 -0.000003 -0.141042 -0.042154  
 7 7 12  24.032615 -0.030670 0.061219 0.000003 -0.082884 -0.070062 -24.032615 0.030670 -0.061219 -0.000003 -0.141031 -0.042116  
 8 8 118  24.163381 -0.030658 0.061213 0.000003 -0.082903 -0.070025 -24.163381 0.030658 -0.061213 -0.000003 0.060514 0.058812  
 9 10 15  11.973032 -0.070141 0.015936 -0.000004 -0.005275 -0.121341 -11.973032 0.070141 -0.015936 0.000004 -0.053012 -0.135206  
 10 11 16  11.938246 -0.070149 0.015933 -0.000004 -0.005255 -0.121356 -11.938246 0.070149 -0.015933 0.000004 -0.053020 -0.135221  
 11 12 17  12.026969 -0.070154 0.015928 -0.000004 -0.005246 -0.121376 -12.026969 0.070154 -0.015928 0.000004 -0.053011 -0.135218  
 12 13 18  12.061753 -0.070146 0.015931 -0.000004 -0.005267 -0.121361 -12.061753 0.070146 -0.015931 0.000004 -0.053002 -0.135203  
 13 5 6  0.000000 -0.085601 0.000000 -0.000005 -0.000000 -0.260875 0.000000 0.085601 -0.000000 0.000005 -0.000000 -0.260952  
 14 6 7  0.000000 0.036768 0.000000 0.000001 -0.000000 0.112087 0.000000 -0.036768 -0.000000 -0.000001 -0.000000 0.112050  
 15 7 8  0.000000 -0.085601 -0.000000 0.000015 0.000000 -0.260951 0.000000 0.085601 0.000000 -0.000015 0.000000 -0.260875  
 16 8 5  0.000000 0.036768 -0.000000 0.000017 0.000000 0.112050 0.000000 -0.036768 0.000000 -0.000017 0.000000 0.112087  
 17 10 11  0.000000 -0.047992 0.000000 -0.000016 -0.000000 -0.146271 0.000000 0.047992 -0.000000 0.000016 -0.000000 -0.146288  
 18 11 12  0.000000 0.053638 -0.000000 0.000009 0.000000 0.163493 0.000000 -0.053638 0.000000 -0.000009 0.000000 0.163481  
 19 12 13  0.000000 -0.047991 -0.000000 -0.000010 0.000000 -0.146287 0.000000 0.047991 0.000000 0.000010 0.000000 -0.146269  
 20 13 10  0.000000 0.053637 0.000000 0.000015 -0.000000 0.163480 0.000000 -0.053637 -0.000000 -0.000015 -0.000000 0.163492  
 21 15 16  0.000000 -0.017392 0.000000 -0.000007 -0.000000 -0.053008 0.000000 0.017392 -0.000000 0.000007 -0.000000 -0.053016  
 22 16 17  0.000000 0.044361 0.000000 0.000004 -0.000000 0.135214 0.000000 -0.044361 -0.000000 -0.000004 -0.000000 0.135211  
 23 17 18  0.000000 -0.017392 -0.000000 -0.000007 0.000000 -0.053015 0.000000 0.017392 0.000000 0.000007 0.000000 -0.053006  
 24 18 15  0.000000 0.044361 -0.000000 0.000005 0.000000 0.135210 0.000000 -0.044361 0.000000 -0.000005 0.000000 0.135213  
 118 118 128  24.163381 -0.030658 0.061213 0.000003 -0.060514 -0.058812 -24.163381 0.030658 -0.061213 -0.000003 0.038125 0.047599  
 128 128 138  24.163381 -0.030658 0.061213 0.000003 -0.038125 -0.047599 -24.163381 0.030658 -0.061213 -0.000003 0.015736 0.036385  
 138 138 148  24.163381 -0.030658 0.061213 0.000003 -0.015736 -0.036385 -24.163381 0.030658 -0.061213 -0.000003 -0.006653 0.025172  
 148 148 158  24.163381 -0.030658 0.061213 0.000003 0.006653 -0.025172 -24.163381 0.030658 -0.061213 -0.000003 -0.029042 0.013959  
 158 158 168  24.163381 -0.030658 0.061213 0.000003 0.029042 -0.013959 -24.163381 0.030658 -0.061213 -0.000003 -0.051431 0.002745  
 168 168 178  24.163381 -0.030658 0.061213 0.000003 0.051431 -0.002745 -24.163381 0.030658 -0.061213 -0.000003 -0.073820 -0.008468  
 178 178 188  24.163381 -0.030658 0.061213 0.000003 0.073820 0.008468 -24.163381 0.030658 -0.061213 -0.000003 -0.096209 -0.019681  
 188 188 198  24.163381 -0.030658 0.061213 0.000003 0.096209 0.019681 -24.163381 0.030658 -0.061213 -0.000003 -0.118599 -0.030895  
 198 198 13  24.163381 -0.030658 0.061213 0.000003 0.118599 0.030895 -24.163381 0.030658 -0.061213 -0.000003 -0.140988 -0.042108  
