 1 1 5  48.716628 -0.485676 7.696541 0.015376 -17.593103 -0.968419 -48.716628 0.485676 -7.696541 -0.015376 -10.557765 -0.807991  
 2 2 6  22.194786 -0.434309 6.664688 0.015376 -14.790802 -0.891735 -22.194786 0.434309 -6.664688 -0.015376 -9.585961 -0.696795  
 3 3 7  23.251879 -0.415427 6.717812 0.015376 -14.905374 -0.840275 -23.251879 0.415427 -6.717812 -0.015376 -9.665697 -0.679192  
 4 4 8  49.836707 -0.466837 7.726020 0.015376 -17.656416 -0.912846 -49.836707 0.466837 -7.726020 -0.015376 -10.602275 -0.794656  
 5 5 10  31.108823 -0.003722 4.601025 0.155586 -7.759131 0.034881 -31.108823 0.003722 -4.601025 -0.155586 -9.069577 -0.048495  
 6 6 11  16.275603 -0.007935 4.469028 0.155586 -7.818130 0.020097 -16.275603 0.007935 -4.469028 -0.155586 -8.527786 -0.049121  
 7 7 12  16.863293 -0.005903 4.497247 0.155586 -7.858468 0.019962 -16.863293 0.005903 -4.497247 -0.155586 -8.590663 -0.041554  
 8 8 118  31.752281 -0.008564 4.367076 0.155586 -7.428413 0.020213 -31.752281 0.008564 -4.367076 -0.155586 5.831111 -0.023346  
 9 10 15  14.456020 -0.252158 3.843571 -0.004391 -5.990172 -0.460645 -14.456020 0.252158 -3.843571 0.004391 -8.068074 -0.461647  
 10 11 16  9.250785 -0.234449 3.772682 -0.004391 -6.001037 -0.425217 -9.250785 0.234449 -3.772682 0.004391 -7.797925 -0.432304  
 11 12 17  9.529820 -0.235349 3.793407 -0.004391 -6.033582 -0.427261 -9.529820 0.235349 -3.793407 0.004391 -7.841184 -0.433554  
 12 13 18  14.763375 -0.251860 3.862830 -0.004391 -6.018439 -0.461395 -14.763375 0.251860 -3.862830 0.004391 -8.110249 -0.459809  
 13 5 6  0.000000 -5.845213 -0.000000 0.045456 0.000000 -18.171043 0.000000 5.845213 0.000000 -0.045456 0.000000 -17.461379  
 14 6 7  0.000000 0.235604 0.000000 -0.057287 -0.000000 0.722155 0.000000 -0.235604 -0.000000 0.057287 -0.000000 0.714087  
 15 7 8  0.000000 -5.847018 0.000000 0.054857 -0.000000 -17.466878 0.000000 5.847018 -0.000000 -0.054857 -0.000000 -18.176542  
 16 8 5  0.000000 0.237408 -0.000000 0.145854 0.000000 0.719586 0.000000 -0.237408 0.000000 -0.145854 0.000000 0.727654  
 17 10 11  0.000000 -4.817424 0.000000 0.006943 -0.000000 -14.800938 0.000000 4.817424 -0.000000 -0.006943 -0.000000 -14.566076  
 18 11 12  0.000000 0.157759 0.000000 -0.037254 -0.000000 0.481281 0.000000 -0.157759 -0.000000 0.037254 -0.000000 0.480416  
 19 12 13  0.000000 -4.824286 -0.000000 0.011601 0.000000 -14.586992 0.000000 4.824286 0.000000 -0.011601 0.000000 -14.821854  
 20 13 10  0.000000 0.164621 -0.000000 0.258812 0.000000 0.501332 0.000000 -0.164621 0.000000 -0.258812 0.000000 0.502197  
 21 15 16  0.000000 -2.606157 -0.000000 0.003882 0.000000 -8.078372 0.000000 2.606157 0.000000 -0.003882 0.000000 -7.808764  
 22 16 17  0.000000 0.143057 -0.000000 -0.010840 0.000000 0.436186 0.000000 -0.143057 0.000000 0.010840 0.000000 0.435892  
 23 17 18  0.000000 -2.613237 0.000000 0.002338 -0.000000 -7.830344 0.000000 2.613237 -0.000000 -0.002338 -0.000000 -8.099951  
 24 18 15  0.000000 0.150137 0.000000 -0.010298 -0.000000 0.457471 0.000000 -0.150137 -0.000000 0.010298 -0.000000 0.457765  
 118 118 128  31.752281 -0.008564 4.367076 0.155586 -5.831111 0.023346 -31.752281 0.008564 -4.367076 -0.155586 4.233810 -0.026478  
 128 128 138  31.752281 -0.008564 4.367076 0.155586 -4.233810 0.026478 -31.752281 0.008564 -4.367076 -0.155586 2.636508 -0.029611  
 138 138 148  31.752281 -0.008564 4.367076 0.155586 -2.636508 0.029611 -31.752281 0.008564 -4.367076 -0.155586 1.039207 -0.032743  
 148 148 158  31.752281 -0.008564 4.367076 0.155586 -1.039207 0.032743 -31.752281 0.008564 -4.367076 -0.155586 -0.558095 -0.035875  
 158 158 168  31.752281 -0.008564 4.367076 0.155586 0.558095 0.035875 -31.752281 0.008564 -4.367076 -0.155586 -2.155397 -0.039008  
 168 168 178  31.752281 -0.008564 4.367076 0.155586 2.155397 0.039008 -31.752281 0.008564 -4.367076 -0.155586 -3.752698 -0.042140  
 178 178 188  31.752281 -0.008564 4.367076 0.155586 3.752698 0.042140 -31.752281 0.008564 -4.367076 -0.155586 -5.350000 -0.045273  
 188 188 198  31.752281 -0.008564 4.367076 0.155586 5.350000 0.045273 -31.752281 0.008564 -4.367076 -0.155586 -6.947301 -0.048405  
 198 198 13  31.752281 -0.008564 4.367076 0.155586 6.947301 0.048405 -31.752281 0.008564 -4.367076 -0.155586 -8.544603 -0.051538  
