 1 1 5  39.312180 -5.098272 6.777362 -0.078123 -15.901917 -11.264954 -39.312180 5.098272 -6.777362 0.078123 -8.886961 -7.382488  
 2 2 6  17.291459 -4.337234 5.922308 -0.078123 -13.607558 -9.725096 -17.291459 4.337234 -5.922308 0.078123 -8.053877 -6.138770  
 3 3 7  32.448181 -4.709791 6.789420 -0.078123 -15.552628 -10.608918 -32.448181 4.709791 -6.789420 0.078123 -9.280354 -6.617612  
 4 4 8  54.948180 -5.356037 7.420051 -0.078123 -17.350966 -11.921944 -54.948180 5.356037 -7.420051 0.078123 -9.788613 -7.668298  
 5 5 10  24.799434 -3.302246 6.640123 -0.081205 -10.837161 -5.464827 -24.799434 3.302246 -6.640123 0.081205 -13.449752 -6.613468  
 6 6 11  15.775902 -3.072539 6.303499 -0.081205 -10.582414 -5.137798 -15.775902 3.072539 -6.303499 0.081205 -12.473265 -6.100320  
 7 7 12  23.011220 -3.116804 6.827118 -0.081205 -11.421505 -5.076356 -23.011220 3.116804 -6.827118 0.081205 -13.549361 -6.323668  
 8 8 118  32.413443 -3.122573 6.458539 -0.081205 -10.686571 -5.109324 -32.413443 3.122573 -6.458539 0.081205 8.324296 3.967212  
 9 10 15  11.605933 -1.371220 0.241930 0.087487 1.307042 -1.691447 -11.605933 1.371220 -0.241930 -0.087487 -2.191924 -3.323926  
 10 11 16  10.230589 -1.324240 0.282010 0.087487 1.151450 -1.628969 -10.230589 1.324240 -0.282010 -0.087487 -2.182929 -3.214572  
 11 12 17  12.299994 -1.351163 0.270771 0.087487 1.294612 -1.671456 -12.299994 1.351163 -0.270771 -0.087487 -2.284985 -3.270558  
 12 13 18  13.863484 -1.397245 0.231411 0.087487 1.451319 -1.731060 -13.863484 1.397245 -0.231411 -0.087487 -2.297728 -3.379504  
 13 5 6  0.000000 -6.511168 0.000000 0.747050 -0.000000 -20.061329 0.000000 6.511168 -0.000000 -0.747050 -0.000000 -19.630751  
 14 6 7  0.000000 3.973276 0.000000 -0.994460 -0.000000 12.023618 0.000000 -3.973276 -0.000000 0.994460 -0.000000 12.197471  
 15 7 8  0.000000 -6.536315 -0.000000 0.503504 0.000000 -19.707398 0.000000 6.536315 0.000000 -0.503504 0.000000 -20.137976  
 16 8 5  0.000000 3.998422 -0.000000 -0.337208 0.000000 12.274118 0.000000 -3.998422 0.000000 0.337208 0.000000 12.100265  
 17 10 11  0.000000 -3.847912 0.000000 0.215216 -0.000000 -11.741188 0.000000 3.847912 -0.000000 -0.215216 -0.000000 -11.715685  
 18 11 12  0.000000 2.606775 0.000000 -0.393869 -0.000000 7.944505 0.000000 -2.606775 -0.000000 0.393869 -0.000000 7.946393  
 19 12 13  0.000000 -3.895548 -0.000000 -0.048731 0.000000 -11.860880 0.000000 3.895548 0.000000 0.048731 0.000000 -11.886383  
 20 13 10  0.000000 2.654411 -0.000000 0.401522 0.000000 8.091589 0.000000 -2.654411 0.000000 -0.401522 0.000000 8.089700  
 21 15 16  0.000000 -0.711190 0.000000 -0.017006 -0.000000 -2.173142 0.000000 0.711190 -0.000000 0.017006 -0.000000 -2.162273  
 22 16 17  0.000000 1.058221 0.000000 0.020656 -0.000000 3.197566 0.000000 -1.058221 -0.000000 -0.020656 -0.000000 3.253347  
 23 17 18  0.000000 -0.758227 -0.000000 -0.017210 0.000000 -2.305640 0.000000 0.758227 0.000000 0.017210 0.000000 -2.316509  
 24 18 15  0.000000 1.105257 -0.000000 0.018782 0.000000 3.396714 0.000000 -1.105257 0.000000 -0.018782 0.000000 3.340932  
 118 118 128  32.413443 -3.122573 6.458539 -0.081205 -8.324296 -3.967212 -32.413443 3.122573 -6.458539 0.081205 5.962021 2.825100  
 128 128 138  32.413443 -3.122573 6.458539 -0.081205 -5.962021 -2.825100 -32.413443 3.122573 -6.458539 0.081205 3.599746 1.682988  
 138 138 148  32.413443 -3.122573 6.458539 -0.081205 -3.599746 -1.682988 -32.413443 3.122573 -6.458539 0.081205 1.237471 0.540876  
 148 148 158  32.413443 -3.122573 6.458539 -0.081205 -1.237471 -0.540876 -32.413443 3.122573 -6.458539 0.081205 -1.124805 -0.601236  
 158 158 168  32.413443 -3.122573 6.458539 -0.081205 1.124805 0.601236 -32.413443 3.122573 -6.458539 0.081205 -3.487080 -1.743349  
 168 168 178  32.413443 -3.122573 6.458539 -0.081205 3.487080 1.743349 -32.413443 3.122573 -6.458539 0.081205 -5.849355 -2.885461  
 178 178 188  32.413443 -3.122573 6.458539 -0.081205 5.849355 2.885461 -32.413443 3.122573 -6.458539 0.081205 -8.211630 -4.027573  
 188 188 198  32.413443 -3.122573 6.458539 -0.081205 8.211630 4.027573 -32.413443 3.122573 -6.458539 0.081205 -10.573905 -5.169685  
 198 198 13  32.413443 -3.122573 6.458539 -0.081205 10.573905 5.169685 -32.413443 3.122573 -6.458539 0.081205 -12.936180 -6.311797  
