 1 1 5  32.435411 -0.296729 -1.608008 0.000184 3.835038 -0.864644 -32.435411 0.296729 1.608008 -0.000184 2.046411 -0.220671  
 2 2 6  36.836941 -0.301939 -1.615987 0.000184 3.857160 -0.877816 -36.836941 0.301939 1.615987 -0.000184 2.053475 -0.226557  
 3 3 7  39.564798 -0.303760 -1.619145 0.000184 3.865198 -0.882875 -39.564798 0.303760 1.619145 -0.000184 2.056985 -0.228158  
 4 4 8  35.162850 -0.299533 -1.614528 0.000184 3.851516 -0.872075 -35.162850 0.299533 1.614528 -0.000184 2.053781 -0.223498  
 5 5 10  21.977857 -0.484809 -0.930559 -0.000691 1.409542 -1.016859 -21.977857 0.484809 0.930559 0.000691 1.994071 -0.756378  
 6 6 11  24.108842 -0.485697 -0.929907 -0.000691 1.406263 -1.017691 -24.108842 0.485697 0.929907 0.000691 1.994965 -0.758795  
 7 7 12  26.022304 -0.484654 -0.929290 -0.000691 1.405291 -1.015255 -26.022304 0.484654 0.929290 0.000691 1.993679 -0.757414  
 8 8 118  23.890998 -0.484775 -0.931036 -0.000691 1.409792 -1.015569 -23.890998 0.484775 0.931036 0.000691 -1.069256 0.838258  
 9 10 15  11.292259 -0.588111 -0.340529 0.000731 0.293452 -0.957087 -11.292259 0.588111 0.340529 -0.000731 0.952066 -1.193987  
 10 11 16  11.920649 -0.591434 -0.341434 0.000731 0.294063 -0.960451 -11.920649 0.591434 0.341434 -0.000731 0.954765 -1.202779  
 11 12 17  12.707842 -0.591628 -0.344449 0.000731 0.297227 -0.960116 -12.707842 0.591628 0.344449 -0.000731 0.962629 -1.203822  
 12 13 18  12.079251 -0.589215 -0.344210 0.000731 0.297163 -0.957584 -12.079251 0.589215 0.344210 -0.000731 0.961818 -1.197528  
 13 5 6  0.000000 1.135285 0.000000 -0.003322 -0.000000 3.459726 0.000000 -1.135285 -0.000000 0.003322 -0.000000 3.460970  
 14 6 7  0.000000 0.407186 0.000000 0.001232 -0.000000 1.240926 0.000000 -0.407186 -0.000000 -0.001232 -0.000000 1.241277  
 15 7 8  0.000000 1.135309 -0.000000 -0.002136 0.000000 3.461044 0.000000 -1.135309 0.000000 0.002136 0.000000 3.459800  
 16 8 5  0.000000 0.407161 -0.000000 0.003773 0.000000 1.241203 0.000000 -0.407161 0.000000 -0.003773 0.000000 1.240852  
 17 10 11  0.000000 0.751312 0.000000 -0.002844 -0.000000 2.290079 0.000000 -0.751312 -0.000000 0.002844 -0.000000 2.289921  
 18 11 12  0.000000 0.563119 0.000000 0.000893 -0.000000 1.716401 0.000000 -0.563119 -0.000000 -0.000893 -0.000000 1.716375  
 19 12 13  0.000000 0.751343 -0.000000 -0.001155 0.000000 2.290013 0.000000 -0.751343 0.000000 0.001155 0.000000 2.290171  
 20 13 10  0.000000 0.563089 -0.000000 0.002556 0.000000 1.716283 0.000000 -0.563089 0.000000 -0.002556 0.000000 1.716309  
 21 15 16  0.000000 0.314220 -0.000000 -0.004319 0.000000 0.956865 0.000000 -0.314220 0.000000 0.004319 0.000000 0.958621  
 22 16 17  0.000000 0.393571 0.000000 0.003856 -0.000000 1.198460 0.000000 -0.393571 -0.000000 -0.003856 -0.000000 1.200751  
 23 17 18  0.000000 0.314270 0.000000 -0.003070 -0.000000 0.958774 0.000000 -0.314270 -0.000000 0.003070 -0.000000 0.957018  
 24 18 15  0.000000 0.393521 -0.000000 0.004800 0.000000 1.200598 0.000000 -0.393521 0.000000 -0.004800 0.000000 1.198306  
 118 118 128  23.890998 -0.484775 -0.931036 -0.000691 1.069256 -0.838258 -23.890998 0.484775 0.931036 0.000691 -0.728721 0.660946  
 128 128 138  23.890998 -0.484775 -0.931036 -0.000691 0.728721 -0.660946 -23.890998 0.484775 0.931036 0.000691 -0.388185 0.483635  
 138 138 148  23.890998 -0.484775 -0.931036 -0.000691 0.388185 -0.483635 -23.890998 0.484775 0.931036 0.000691 -0.047649 0.306324  
 148 148 158  23.890998 -0.484775 -0.931036 -0.000691 0.047649 -0.306324 -23.890998 0.484775 0.931036 0.000691 0.292886 0.129012  
 158 158 168  23.890998 -0.484775 -0.931036 -0.000691 -0.292886 -0.129012 -23.890998 0.484775 0.931036 0.000691 0.633422 -0.048299  
 168 168 178  23.890998 -0.484775 -0.931036 -0.000691 -0.633422 0.048299 -23.890998 0.484775 0.931036 0.000691 0.973957 -0.225611  
 178 178 188  23.890998 -0.484775 -0.931036 -0.000691 -0.973957 0.225611 -23.890998 0.484775 0.931036 0.000691 1.314493 -0.402922  
 188 188 198  23.890998 -0.484775 -0.931036 -0.000691 -1.314493 0.402922 -23.890998 0.484775 0.931036 0.000691 1.655029 -0.580233  
 198 198 13  23.890998 -0.484775 -0.931036 -0.000691 -1.655029 0.580233 -23.890998 0.484775 0.931036 0.000691 1.995564 -0.757545  
