 1 1 5  49.339802 4.527235 1.439141 -0.352411 -4.136410 10.799156 -49.339802 -4.527235 -1.439141 0.352411 -1.127391 5.759659  
 2 2 6  38.377940 4.217541 1.440085 -0.352411 -4.063382 10.058460 -38.377940 -4.217541 -1.440085 0.352411 -1.203872 5.367618  
 3 3 7  22.693753 3.866302 1.270662 -0.352411 -3.564788 8.991463 -22.693753 -3.866302 -1.270662 0.352411 -1.082786 5.149922  
 4 4 8  33.588504 4.342456 1.285191 -0.352411 -3.724640 10.058272 -33.588504 -4.342456 -1.285191 0.352411 -0.976073 5.824695  
 5 5 10  31.354822 3.663340 3.326013 0.407065 -6.193223 6.164537 -31.354822 -3.663340 -3.326013 -0.407065 -5.972001 7.234494  
 6 6 11  24.871661 3.432354 3.196129 0.407065 -5.939143 5.762584 -24.871661 -3.432354 -3.196129 -0.407065 -5.751017 6.791594  
 7 7 12  16.663137 3.403000 2.892723 0.407065 -5.347457 5.796654 -16.663137 -3.403000 -2.892723 -0.407065 -5.232965 6.650158  
 8 8 118  23.110380 3.407259 2.859964 0.407065 -5.337138 5.841050 -23.110380 -3.407259 -2.859964 -0.407065 4.291077 -4.594811  
 9 10 15  14.178473 1.563109 1.221217 0.011905 -1.493925 1.889128 -14.178473 -1.563109 -1.221217 -0.011905 -2.972797 3.828100  
 10 11 16  12.278368 1.501839 1.228289 0.011905 -1.535827 1.814269 -12.278368 -1.501839 -1.228289 -0.011905 -2.956765 3.678858  
 11 12 17  9.831496 1.549615 1.143179 0.011905 -1.400973 2.023738 -9.831496 -1.549615 -1.143179 -0.011905 -2.780320 3.644135  
 12 13 18  11.711663 1.632990 1.146056 0.011905 -1.379429 2.147010 -11.711663 -1.632990 -1.146056 -0.011905 -2.812386 3.825815  
 13 5 6  0.000000 -2.235451 0.000000 -0.385113 -0.000000 -6.828797 0.000000 2.235451 -0.000000 0.385113 -0.000000 -6.798513  
 14 6 7  0.000000 -3.741731 -0.000000 0.344501 0.000000 -11.515315 0.000000 3.741731 0.000000 -0.344501 0.000000 -11.294276  
 15 7 8  0.000000 -2.227653 -0.000000 -0.347700 0.000000 -6.774745 0.000000 2.227653 0.000000 0.347700 0.000000 -6.805028  
 16 8 5  0.000000 -3.749529 0.000000 0.491817 -0.000000 -11.318045 0.000000 3.749529 -0.000000 -0.491817 -0.000000 -11.539083  
 17 10 11  0.000000 -2.289531 0.000000 -0.252791 -0.000000 -6.990499 0.000000 2.289531 -0.000000 0.252791 -0.000000 -6.966479  
 18 11 12  0.000000 -2.882823 -0.000000 0.320365 0.000000 -8.858654 0.000000 2.882823 0.000000 -0.320365 0.000000 -8.715035  
 19 12 13  0.000000 -2.285535 -0.000000 -0.041139 0.000000 -6.954302 0.000000 2.285535 0.000000 0.041139 0.000000 -6.978322  
 20 13 10  0.000000 -2.886818 0.000000 0.475428 -0.000000 -8.727212 0.000000 2.886818 -0.000000 -0.475428 -0.000000 -8.870831  
 21 15 16  0.000000 -0.947560 0.000000 -0.067025 -0.000000 -2.900188 0.000000 0.947560 -0.000000 0.067025 -0.000000 -2.876139  
 22 16 17  0.000000 -1.225929 -0.000000 0.080626 0.000000 -3.745883 0.000000 1.225929 0.000000 -0.080626 0.000000 -3.727378  
 23 17 18  0.000000 -0.942576 -0.000000 -0.083244 0.000000 -2.860946 0.000000 0.942576 0.000000 0.083244 0.000000 -2.884995  
 24 18 15  0.000000 -1.230913 0.000000 0.072609 -0.000000 -3.742571 0.000000 1.230913 -0.000000 -0.072609 -0.000000 -3.761076  
 118 118 128  23.110380 3.407259 2.859964 0.407065 -4.291077 4.594811 -23.110380 -3.407259 -2.859964 -0.407065 3.245017 -3.348572  
 128 128 138  23.110380 3.407259 2.859964 0.407065 -3.245017 3.348572 -23.110380 -3.407259 -2.859964 -0.407065 2.198957 -2.102333  
 138 138 148  23.110380 3.407259 2.859964 0.407065 -2.198957 2.102333 -23.110380 -3.407259 -2.859964 -0.407065 1.152896 -0.856094  
 148 148 158  23.110380 3.407259 2.859964 0.407065 -1.152896 0.856094 -23.110380 -3.407259 -2.859964 -0.407065 0.106836 0.390145  
 158 158 168  23.110380 3.407259 2.859964 0.407065 -0.106836 -0.390145 -23.110380 -3.407259 -2.859964 -0.407065 -0.939224 1.636385  
 168 168 178  23.110380 3.407259 2.859964 0.407065 0.939224 -1.636385 -23.110380 -3.407259 -2.859964 -0.407065 -1.985285 2.882624  
 178 178 188  23.110380 3.407259 2.859964 0.407065 1.985285 -2.882624 -23.110380 -3.407259 -2.859964 -0.407065 -3.031345 4.128863  
 188 188 198  23.110380 3.407259 2.859964 0.407065 3.031345 -4.128863 -23.110380 -3.407259 -2.859964 -0.407065 -4.077405 5.375102  
 198 198 13  23.110380 3.407259 2.859964 0.407065 4.077405 -5.375102 -23.110380 -3.407259 -2.859964 -0.407065 -5.123466 6.621341  
