 1 1 5  33.382619 -0.074666 -0.637911 -0.000265 1.714542 -0.298928 -33.382619 0.074666 0.637911 0.000265 0.618681 0.025829  
 2 2 6  37.225205 -0.074183 -0.637473 -0.000265 1.713018 -0.297834 -37.225205 0.074183 0.637473 0.000265 0.618602 0.026501  
 3 3 7  38.617351 -0.073846 -0.636819 -0.000265 1.711527 -0.296800 -38.617351 0.073846 0.636819 0.000265 0.617700 0.026700  
 4 4 8  34.774826 -0.074335 -0.637246 -0.000265 1.713019 -0.297895 -34.774826 0.074335 0.637246 0.000265 0.617771 0.026008  
 5 5 10  22.263459 -0.303032 -0.756160 -0.000082 1.456945 -0.636358 -22.263459 0.303032 0.756160 0.000082 1.308785 -0.472011  
 6 6 11  24.744598 -0.302854 -0.755818 -0.000082 1.456682 -0.636049 -24.744598 0.302854 0.755818 0.000082 1.307797 -0.471671  
 7 7 12  25.736529 -0.302765 -0.755588 -0.000082 1.456303 -0.636079 -25.736529 0.302765 0.755588 0.000082 1.307334 -0.471315  
 8 8 118  23.255413 -0.302937 -0.755934 -0.000082 1.456581 -0.636376 -23.255413 0.302937 0.755934 0.000082 -1.180091 0.525574  
 9 10 15  11.328532 -0.282247 -0.674410 -0.002342 1.019612 -0.441846 -11.328532 0.282247 0.674410 0.002342 1.447108 -0.590500  
 10 11 16  12.280826 -0.286147 -0.676006 -0.002342 1.021596 -0.447167 -12.280826 0.286147 0.676006 0.002342 1.450962 -0.599445  
 11 12 17  12.671483 -0.286037 -0.677421 -0.002342 1.023397 -0.447009 -12.671483 0.286037 0.677421 0.002342 1.454340 -0.599199  
 12 13 18  11.719159 -0.282993 -0.676864 -0.002342 1.022831 -0.442867 -11.719159 0.282993 0.676864 0.002342 1.452868 -0.592209  
 13 5 6  0.000000 0.680719 0.000000 0.000476 -0.000000 2.075004 0.000000 -0.680719 -0.000000 -0.000476 -0.000000 2.074659  
 14 6 7  0.000000 0.200112 0.000000 -0.000626 -0.000000 0.610024 0.000000 -0.200112 -0.000000 0.000626 -0.000000 0.609859  
 15 7 8  0.000000 0.680709 -0.000000 0.000480 0.000000 2.074629 0.000000 -0.680709 0.000000 -0.000480 0.000000 2.074974  
 16 8 5  0.000000 0.200122 -0.000000 -0.000623 0.000000 0.609889 0.000000 -0.200122 0.000000 0.000623 0.000000 0.610053  
 17 10 11  0.000000 0.764416 0.000000 -0.002511 -0.000000 2.329795 0.000000 -0.764416 -0.000000 0.002511 -0.000000 2.330083  
 18 11 12  0.000000 0.300644 0.000000 0.000689 -0.000000 0.916327 0.000000 -0.300644 -0.000000 -0.000689 -0.000000 0.916398  
 19 12 13  0.000000 0.764402 -0.000000 -0.001926 0.000000 2.330042 0.000000 -0.764402 0.000000 0.001926 0.000000 2.329755  
 20 13 10  0.000000 0.300657 -0.000000 0.001398 0.000000 0.916438 0.000000 -0.300657 0.000000 -0.001398 0.000000 0.916368  
 21 15 16  0.000000 0.476151 -0.000000 -0.004461 0.000000 1.449976 0.000000 -0.476151 0.000000 0.004461 0.000000 1.452639  
 22 16 17  0.000000 0.195325 0.000000 0.001677 -0.000000 0.594984 0.000000 -0.195325 -0.000000 -0.001677 -0.000000 0.595716  
 23 17 18  0.000000 0.476158 0.000000 -0.003484 -0.000000 1.452662 0.000000 -0.476158 -0.000000 0.003484 -0.000000 1.450000  
 24 18 15  0.000000 0.195317 -0.000000 0.002868 0.000000 0.595692 0.000000 -0.195317 0.000000 -0.002868 0.000000 0.594961  
 118 118 128  23.255413 -0.302937 -0.755934 -0.000082 1.180091 -0.525574 -23.255413 0.302937 0.755934 0.000082 -0.903600 0.414772  
 128 128 138  23.255413 -0.302937 -0.755934 -0.000082 0.903600 -0.414772 -23.255413 0.302937 0.755934 0.000082 -0.627110 0.303970  
 138 138 148  23.255413 -0.302937 -0.755934 -0.000082 0.627110 -0.303970 -23.255413 0.302937 0.755934 0.000082 -0.350620 0.193167  
 148 148 158  23.255413 -0.302937 -0.755934 -0.000082 0.350620 -0.193167 -23.255413 0.302937 0.755934 0.000082 -0.074129 0.082365  
 158 158 168  23.255413 -0.302937 -0.755934 -0.000082 0.074129 -0.082365 -23.255413 0.302937 0.755934 0.000082 0.202361 -0.028437  
 168 168 178  23.255413 -0.302937 -0.755934 -0.000082 -0.202361 0.028437 -23.255413 0.302937 0.755934 0.000082 0.478851 -0.139239  
 178 178 188  23.255413 -0.302937 -0.755934 -0.000082 -0.478851 0.139239 -23.255413 0.302937 0.755934 0.000082 0.755342 -0.250041  
 188 188 198  23.255413 -0.302937 -0.755934 -0.000082 -0.755342 0.250041 -23.255413 0.302937 0.755934 0.000082 1.031832 -0.360843  
 198 198 13  23.255413 -0.302937 -0.755934 -0.000082 -1.031832 0.360843 -23.255413 0.302937 0.755934 0.000082 1.308322 -0.471645  
