 1 1 5  38.973582 1.216754 0.422152 -0.000504 -1.214889 2.906199 -38.973582 -1.216754 -0.422152 0.000504 -0.329176 1.544202  
 2 2 6  35.854401 1.217473 0.423371 -0.000504 -1.218028 2.907858 -35.854401 -1.217473 -0.423371 0.000504 -0.330494 1.545171  
 3 3 7  33.026451 1.215934 0.422294 -0.000504 -1.215194 2.904101 -33.026451 -1.215934 -0.422294 0.000504 -0.329388 1.543298  
 4 4 8  36.145567 1.217360 0.423183 -0.000504 -1.217298 2.907896 -36.145567 -1.217360 -0.423183 0.000504 -0.330535 1.544721  
 5 5 10  25.564653 0.751398 0.699871 -0.000948 -1.352449 1.067245 -25.564653 -0.751398 -0.699871 0.000948 -1.207398 1.681068  
 6 6 11  23.549560 0.750960 0.699881 -0.000948 -1.352766 1.066933 -23.549560 -0.750960 -0.699881 0.000948 -1.207120 1.679777  
 7 7 12  22.435367 0.750780 0.699616 -0.000948 -1.352717 1.067369 -22.435367 -0.750780 -0.699616 0.000948 -1.206197 1.678683  
 8 8 118  24.450420 0.751674 0.700048 -0.000948 -1.352919 1.068195 -24.450420 -0.751674 -0.700048 0.000948 1.096869 -0.793263  
 9 10 15  12.468724 0.005126 0.509580 -0.000803 -0.728626 -0.275608 -12.468724 -0.005126 -0.509580 0.000803 -1.135215 0.294358  
 10 11 16  11.723956 0.004539 0.509733 -0.000803 -0.729303 -0.276289 -11.723956 -0.004539 -0.509733 0.000803 -1.135096 0.292893  
 11 12 17  11.531288 0.004599 0.509529 -0.000803 -0.729058 -0.275956 -11.531288 -0.004599 -0.509529 0.000803 -1.134597 0.292777  
 12 13 18  12.276032 0.005308 0.509542 -0.000803 -0.728574 -0.275136 -12.276032 -0.005308 -0.509542 0.000803 -1.135127 0.294551  
 13 5 6  0.000000 -0.552041 0.000000 0.000338 -0.000000 -1.682549 0.000000 0.552041 -0.000000 -0.000338 -0.000000 -1.682692  
 14 6 7  0.000000 -0.856881 -0.000000 0.000568 0.000000 -2.611766 0.000000 0.856881 0.000000 -0.000568 0.000000 -2.611782  
 15 7 8  0.000000 -0.552034 -0.000000 -0.001115 0.000000 -1.682672 0.000000 0.552034 0.000000 0.001115 0.000000 -1.682529  
 16 8 5  0.000000 -0.856888 0.000000 -0.000924 -0.000000 -2.611802 0.000000 0.856888 -0.000000 0.000924 -0.000000 -2.611785  
 17 10 11  0.000000 -0.635160 -0.000000 -0.000980 0.000000 -1.936092 0.000000 0.635160 0.000000 0.000980 0.000000 -1.935845  
 18 11 12  0.000000 -0.460765 -0.000000 0.000579 0.000000 -1.404468 0.000000 0.460765 0.000000 -0.000579 0.000000 -1.404353  
 19 12 13  0.000000 -0.635156 0.000000 -0.001627 -0.000000 -1.935833 0.000000 0.635156 -0.000000 0.001627 -0.000000 -1.936080  
 20 13 10  0.000000 -0.460769 0.000000 -0.000069 -0.000000 -1.404365 0.000000 0.460769 -0.000000 0.000069 -0.000000 -1.404480  
 21 15 16  0.000000 -0.372381 0.000000 -0.000723 -0.000000 -1.135180 0.000000 0.372381 -0.000000 0.000723 -0.000000 -1.134856  
 22 16 17  0.000000 -0.096337 0.000000 0.000241 -0.000000 -0.293616 0.000000 0.096337 -0.000000 -0.000241 -0.000000 -0.293655  
 23 17 18  0.000000 -0.372375 -0.000000 -0.000878 0.000000 -1.134837 0.000000 0.372375 0.000000 0.000878 0.000000 -1.135162  
 24 18 15  0.000000 -0.096343 -0.000000 0.000035 0.000000 -0.293673 0.000000 0.096343 0.000000 -0.000035 0.000000 -0.293634  
 118 118 128  24.450420 0.751674 0.700048 -0.000948 -1.096869 0.793263 -24.450420 -0.751674 -0.700048 0.000948 0.840820 -0.518330  
 128 128 138  24.450420 0.751674 0.700048 -0.000948 -0.840820 0.518330 -24.450420 -0.751674 -0.700048 0.000948 0.584770 -0.243398  
 138 138 148  24.450420 0.751674 0.700048 -0.000948 -0.584770 0.243398 -24.450420 -0.751674 -0.700048 0.000948 0.328721 0.031534  
 148 148 158  24.450420 0.751674 0.700048 -0.000948 -0.328721 -0.031534 -24.450420 -0.751674 -0.700048 0.000948 0.072672 0.306467  
 158 158 168  24.450420 0.751674 0.700048 -0.000948 -0.072672 -0.306467 -24.450420 -0.751674 -0.700048 0.000948 -0.183378 0.581399  
 168 168 178  24.450420 0.751674 0.700048 -0.000948 0.183378 -0.581399 -24.450420 -0.751674 -0.700048 0.000948 -0.439427 0.856331  
 178 178 188  24.450420 0.751674 0.700048 -0.000948 0.439427 -0.856331 -24.450420 -0.751674 -0.700048 0.000948 -0.695477 1.131264  
 188 188 198  24.450420 0.751674 0.700048 -0.000948 0.695477 -1.131264 -24.450420 -0.751674 -0.700048 0.000948 -0.951526 1.406196  
 198 198 13  24.450420 0.751674 0.700048 -0.000948 0.951526 -1.406196 -24.450420 -0.751674 -0.700048 0.000948 -1.207575 1.681128  
