 1 1 5  36.574984 -3.537747 0.143585 0.551896 -2.044746 -8.308260 -36.574984 3.537747 -0.143585 -0.551896 1.519568 -4.631403  
 2 2 6  21.463408 -3.078959 0.244889 0.551896 -1.969494 -7.226409 -21.463408 3.078959 -0.244889 -0.551896 1.073788 -4.035191  
 3 3 7  35.320178 -3.420213 0.231324 0.551896 -2.156594 -8.139617 -35.320178 3.420213 -0.231324 -0.551896 1.310502 -4.370154  
 4 4 8  50.641430 -3.686639 0.158099 0.551896 -2.161449 -8.814225 -50.641430 3.686639 -0.158099 -0.551896 1.583187 -4.670025  
 5 5 10  24.973125 -2.694328 4.775679 -0.116288 -9.363606 -4.768605 -24.973125 2.694328 -4.775679 0.116288 -8.103919 -5.086169  
 6 6 11  14.945616 -2.459127 4.375732 -0.116288 -8.440614 -4.398047 -14.945616 2.459127 -4.375732 0.116288 -7.564063 -4.596457  
 7 7 12  22.935733 -2.512785 4.823475 -0.116288 -9.412672 -4.431028 -22.935733 2.512785 -4.823475 0.116288 -8.229670 -4.759734  
 8 8 118  33.145526 -2.607710 4.810680 -0.116288 -9.346110 -4.542155 -33.145526 2.607710 -4.810680 0.116288 7.586556 3.588359  
 9 10 15  12.100946 -2.101015 1.949899 0.039106 -2.551054 -3.267223 -12.100946 2.101015 -1.949899 -0.039106 -4.580897 -4.417448  
 10 11 16  9.073603 -1.951253 1.966988 0.039106 -2.700881 -3.002317 -9.073603 1.951253 -1.966988 -0.039106 -4.493576 -4.134585  
 11 12 17  11.851877 -1.979481 2.095824 0.039106 -2.854659 -3.040573 -11.851877 1.979481 -2.095824 -0.039106 -4.811027 -4.199578  
 12 13 18  14.973574 -2.122558 2.062589 0.039106 -2.687349 -3.291128 -14.973574 2.122558 -2.062589 -0.039106 -4.856777 -4.472339  
 13 5 6  0.000000 -2.545457 -0.000000 0.472948 0.000000 -7.793044 0.000000 2.545457 0.000000 -0.472948 0.000000 -7.724061  
 14 6 7  0.000000 2.936750 0.000000 -0.357235 -0.000000 8.906187 0.000000 -2.936750 -0.000000 0.357235 -0.000000 8.996244  
 15 7 8  0.000000 -2.552305 0.000000 0.195063 -0.000000 -7.744934 0.000000 2.552305 -0.000000 -0.195063 -0.000000 -7.813917  
 16 8 5  0.000000 2.943599 -0.000000 0.050994 0.000000 9.017118 0.000000 -2.943599 0.000000 -0.050994 0.000000 8.927060  
 17 10 11  0.000000 -3.511075 0.000000 0.343808 -0.000000 -10.762375 0.000000 3.511075 -0.000000 -0.343808 -0.000000 -10.641135  
 18 11 12  0.000000 2.616913 0.000000 -0.376192 -0.000000 7.942582 0.000000 -2.616913 -0.000000 0.376192 -0.000000 8.010119  
 19 12 13  0.000000 -3.533057 -0.000000 0.209812 0.000000 -10.708137 0.000000 3.533057 0.000000 -0.209812 0.000000 -10.829377  
 20 13 10  0.000000 2.638895 -0.000000 -0.107403 0.000000 8.077121 0.000000 -2.638895 0.000000 0.107403 0.000000 8.009584  
 21 15 16  0.000000 -1.525466 -0.000000 0.105482 0.000000 -4.682888 0.000000 1.525466 0.000000 -0.105482 0.000000 -4.616352  
 22 16 17  0.000000 1.400931 -0.000000 -0.122776 0.000000 4.240067 0.000000 -1.400931 0.000000 0.122776 0.000000 4.300009  
 23 17 18  0.000000 -1.549055 0.000000 0.100432 -0.000000 -4.688251 0.000000 1.549055 -0.000000 -0.100432 -0.000000 -4.754786  
 24 18 15  0.000000 1.424520 0.000000 -0.101991 -0.000000 4.371908 0.000000 -1.424520 -0.000000 0.101991 -0.000000 4.311965  
 118 118 128  33.145526 -2.607710 4.810680 -0.116288 -7.586556 -3.588359 -33.145526 2.607710 -4.810680 0.116288 5.827002 2.634563  
 128 128 138  33.145526 -2.607710 4.810680 -0.116288 -5.827002 -2.634563 -33.145526 2.607710 -4.810680 0.116288 4.067448 1.680767  
 138 138 148  33.145526 -2.607710 4.810680 -0.116288 -4.067448 -1.680767 -33.145526 2.607710 -4.810680 0.116288 2.307894 0.726971  
 148 148 158  33.145526 -2.607710 4.810680 -0.116288 -2.307894 -0.726971 -33.145526 2.607710 -4.810680 0.116288 0.548340 -0.226825  
 158 158 168  33.145526 -2.607710 4.810680 -0.116288 -0.548340 0.226825 -33.145526 2.607710 -4.810680 0.116288 -1.211215 -1.180621  
 168 168 178  33.145526 -2.607710 4.810680 -0.116288 1.211215 1.180621 -33.145526 2.607710 -4.810680 0.116288 -2.970769 -2.134417  
 178 178 188  33.145526 -2.607710 4.810680 -0.116288 2.970769 2.134417 -33.145526 2.607710 -4.810680 0.116288 -4.730323 -3.088213  
 188 188 198  33.145526 -2.607710 4.810680 -0.116288 4.730323 3.088213 -33.145526 2.607710 -4.810680 0.116288 -6.489877 -4.042009  
 198 198 13  33.145526 -2.607710 4.810680 -0.116288 6.489877 4.042009 -33.145526 2.607710 -4.810680 0.116288 -8.249431 -4.995805  
