 1 1 5  36.064466 -0.079857 -0.106998 -0.000186 0.285005 -0.115593 -36.064466 0.079857 0.106998 0.000186 0.106352 -0.176492  
 2 2 6  36.635257 -0.079345 -0.106473 -0.000186 0.283411 -0.114421 -36.635257 0.079345 0.106473 0.000186 0.106026 -0.175791  
 3 3 7  35.935464 -0.078950 -0.105848 -0.000186 0.281976 -0.113290 -35.935464 0.078950 0.105848 0.000186 0.105173 -0.175478  
 4 4 8  35.364813 -0.079454 -0.106363 -0.000186 0.283564 -0.114422 -35.364813 0.079454 0.106363 0.000186 0.105470 -0.176190  
 5 5 10  24.138726 0.100273 -0.125564 -0.000057 0.231812 0.286975 -24.138726 -0.100273 0.125564 0.000057 0.227450 0.079785  
 6 6 11  24.488106 0.100465 -0.125561 -0.000057 0.231861 0.287325 -24.488106 -0.100465 0.125561 0.000057 0.227392 0.080137  
 7 7 12  23.861223 0.100443 -0.125335 -0.000057 0.231478 0.287167 -23.861223 -0.100443 0.125335 0.000057 0.226947 0.080213  
 8 8 118  23.511945 0.100260 -0.125340 -0.000057 0.231432 0.286832 -23.511945 -0.100260 0.125340 0.000057 -0.185587 -0.250161  
 9 10 15  12.085172 0.239292 -0.083468 -0.000020 0.114324 0.424749 -12.085172 -0.239292 0.083468 0.000020 0.190969 0.450484  
 10 11 16  12.210455 0.239333 -0.083459 -0.000020 0.114333 0.424806 -12.210455 -0.239333 0.083459 0.000020 0.190927 0.450577  
 11 12 17  11.914802 0.239322 -0.083406 -0.000020 0.114249 0.424756 -11.914802 -0.239322 0.083406 0.000020 0.190815 0.450588  
 12 13 18  11.789571 0.239280 -0.083413 -0.000020 0.114234 0.424695 -11.789571 -0.239280 0.083413 0.000020 0.190856 0.450496  
 13 5 6  0.000000 0.110701 0.000000 0.000512 -0.000000 0.337547 0.000000 -0.110701 -0.000000 -0.000512 -0.000000 0.337283  
 14 6 7  0.000000 -0.036451 -0.000000 -0.000604 0.000000 -0.111023 0.000000 0.036451 0.000000 0.000604 0.000000 -0.111180  
 15 7 8  0.000000 0.110691 -0.000000 0.000509 0.000000 0.337255 0.000000 -0.110691 0.000000 -0.000509 0.000000 0.337519  
 16 8 5  0.000000 -0.036441 0.000000 -0.000617 -0.000000 -0.111151 0.000000 0.036441 -0.000000 0.000617 -0.000000 -0.110995  
 17 10 11  0.000000 0.112042 -0.000000 0.000185 0.000000 0.341530 0.000000 -0.112042 0.000000 -0.000185 0.000000 0.341480  
 18 11 12  0.000000 -0.165608 0.000000 -0.000245 -0.000000 -0.504758 0.000000 0.165608 -0.000000 0.000245 -0.000000 -0.504791  
 19 12 13  0.000000 0.112030 0.000000 0.000178 -0.000000 0.341441 0.000000 -0.112030 -0.000000 -0.000178 -0.000000 0.341491  
 20 13 10  0.000000 -0.165596 -0.000000 -0.000244 0.000000 -0.504752 0.000000 0.165596 0.000000 0.000244 0.000000 -0.504719  
 21 15 16  0.000000 0.062635 0.000000 0.000027 -0.000000 0.190932 0.000000 -0.062635 -0.000000 -0.000027 -0.000000 0.190891  
 22 16 17  0.000000 -0.147820 0.000000 -0.000036 -0.000000 -0.450550 0.000000 0.147820 -0.000000 0.000036 -0.000000 -0.450562  
 23 17 18  0.000000 0.062622 -0.000000 0.000026 0.000000 0.190851 0.000000 -0.062622 0.000000 -0.000026 0.000000 0.190893  
 24 18 15  0.000000 -0.147807 -0.000000 -0.000037 0.000000 -0.450523 0.000000 0.147807 0.000000 0.000037 0.000000 -0.450511  
 118 118 128  23.511945 0.100260 -0.125340 -0.000057 0.185587 0.250161 -23.511945 -0.100260 0.125340 0.000057 -0.139743 -0.213490  
 128 128 138  23.511945 0.100260 -0.125340 -0.000057 0.139743 0.213490 -23.511945 -0.100260 0.125340 0.000057 -0.093898 -0.176819  
 138 138 148  23.511945 0.100260 -0.125340 -0.000057 0.093898 0.176819 -23.511945 -0.100260 0.125340 0.000057 -0.048054 -0.140148  
 148 148 158  23.511945 0.100260 -0.125340 -0.000057 0.048054 0.140148 -23.511945 -0.100260 0.125340 0.000057 -0.002210 -0.103477  
 158 158 168  23.511945 0.100260 -0.125340 -0.000057 0.002210 0.103477 -23.511945 -0.100260 0.125340 0.000057 0.043635 -0.066806  
 168 168 178  23.511945 0.100260 -0.125340 -0.000057 -0.043635 0.066806 -23.511945 -0.100260 0.125340 0.000057 0.089479 -0.030135  
 178 178 188  23.511945 0.100260 -0.125340 -0.000057 -0.089479 0.030135 -23.511945 -0.100260 0.125340 0.000057 0.135324 0.006536  
 188 188 198  23.511945 0.100260 -0.125340 -0.000057 -0.135324 -0.006536 -23.511945 -0.100260 0.125340 0.000057 0.181168 0.043208  
 198 198 13  23.511945 0.100260 -0.125340 -0.000057 -0.181168 -0.043208 -23.511945 -0.100260 0.125340 0.000057 0.227012 0.079879  
