 1 1 5  40.634571 1.467502 0.594024 0.039182 -1.141557 4.133001 -40.634571 -1.467502 -0.594024 -0.039182 -1.031146 1.234533  
 2 2 6  41.633228 1.469888 0.599961 0.039182 -1.154319 4.138953 -41.633228 -1.469888 -0.599961 -0.039182 -1.040098 1.237311  
 3 3 7  31.358074 1.496487 0.579767 0.039182 -1.102373 4.123327 -31.358074 -1.496487 -0.579767 -0.039182 -1.018181 1.350223  
 4 4 8  30.374127 1.489311 0.572362 0.039182 -1.085246 4.104651 -30.374127 -1.489311 -0.572362 -0.039182 -1.008226 1.342653  
 5 5 10  26.769593 2.163847 -0.289559 0.052004 0.825666 4.218195 -26.769593 -2.163847 0.289559 -0.052004 0.233425 3.696291  
 6 6 11  27.924907 2.179861 -0.288350 0.052004 0.827330 4.250904 -27.924907 -2.179861 0.288350 -0.052004 0.227337 3.722157  
 7 7 12  21.223114 2.173602 -0.260152 0.052004 0.754292 4.191455 -21.223114 -2.173602 0.260152 -0.052004 0.197241 3.758713  
 8 8 118  20.082386 2.056427 -0.252812 0.052004 0.735004 3.957559 -20.082386 -2.056427 0.252812 -0.052004 -0.642536 -3.205401  
 9 10 15  12.973473 1.781272 -0.434049 -0.008829 0.778188 2.747847 -12.973473 -1.781272 0.434049 0.008829 0.809388 3.767332  
 10 11 16  13.494048 1.801999 -0.434788 -0.008829 0.779836 2.783291 -13.494048 -1.801999 0.434788 0.008829 0.810444 3.807699  
 11 12 17  11.022783 1.783845 -0.406827 -0.008829 0.721838 2.768813 -11.022783 -1.783845 0.406827 0.008829 0.766172 3.755778  
 12 13 18  10.509696 1.760095 -0.405946 -0.008829 0.720192 2.726524 -10.509696 -1.760095 0.405946 0.008829 0.764596 3.711199  
 13 5 6  0.000000 -0.078344 0.000000 0.017696 -0.000000 -0.239303 0.000000 0.078344 -0.000000 -0.017696 -0.000000 -0.238281  
 14 6 7  0.000000 -1.786665 0.000000 -0.025513 -0.000000 -5.470519 0.000000 1.786665 -0.000000 0.025513 -0.000000 -5.420992  
 15 7 8  0.000000 -0.078375 -0.000000 0.120685 0.000000 -0.238376 0.000000 0.078375 0.000000 -0.120685 0.000000 -0.239398  
 16 8 5  0.000000 -1.786634 -0.000000 -0.033824 0.000000 -5.420898 0.000000 1.786634 0.000000 0.033824 0.000000 -5.470424  
 17 10 11  0.000000 0.316482 -0.000000 0.027951 0.000000 0.963447 0.000000 -0.316482 0.000000 -0.027951 0.000000 0.965830  
 18 11 12  0.000000 -2.114377 -0.000000 -0.041343 0.000000 -6.477497 0.000000 2.114377 0.000000 0.041343 0.000000 -6.411742  
 19 12 13  0.000000 0.314708 0.000000 0.115784 -0.000000 0.960422 0.000000 -0.314708 -0.000000 -0.115784 -0.000000 0.958039  
 20 13 10  0.000000 -2.112602 0.000000 -0.048166 -0.000000 -6.406334 0.000000 2.112602 -0.000000 0.048166 -0.000000 -6.472089  
 21 15 16  0.000000 0.259351 -0.000000 0.017330 0.000000 0.789845 0.000000 -0.259351 0.000000 -0.017330 0.000000 0.791161  
 22 16 17  0.000000 -1.234696 -0.000000 -0.019283 0.000000 -3.790368 0.000000 1.234696 0.000000 0.019283 0.000000 -3.736341  
 23 17 18  0.000000 0.257479 0.000000 0.019436 -0.000000 0.785455 0.000000 -0.257479 -0.000000 -0.019436 -0.000000 0.784139  
 24 18 15  0.000000 -1.232824 0.000000 -0.019543 -0.000000 -3.730635 0.000000 1.232824 -0.000000 0.019543 -0.000000 -3.784662  
 118 118 128  20.082386 2.056427 -0.252812 0.052004 0.642536 3.205401 -20.082386 -2.056427 0.252812 -0.052004 -0.550067 -2.453242  
 128 128 138  20.082386 2.056427 -0.252812 0.052004 0.550067 2.453242 -20.082386 -2.056427 0.252812 -0.052004 -0.457599 -1.701083  
 138 138 148  20.082386 2.056427 -0.252812 0.052004 0.457599 1.701083 -20.082386 -2.056427 0.252812 -0.052004 -0.365130 -0.948925  
 148 148 158  20.082386 2.056427 -0.252812 0.052004 0.365130 0.948925 -20.082386 -2.056427 0.252812 -0.052004 -0.272662 -0.196766  
 158 158 168  20.082386 2.056427 -0.252812 0.052004 0.272662 0.196766 -20.082386 -2.056427 0.252812 -0.052004 -0.180193 0.555392  
 168 168 178  20.082386 2.056427 -0.252812 0.052004 0.180193 -0.555392 -20.082386 -2.056427 0.252812 -0.052004 -0.087724 1.307551  
 178 178 188  20.082386 2.056427 -0.252812 0.052004 0.087724 -1.307551 -20.082386 -2.056427 0.252812 -0.052004 0.004744 2.059710  
 188 188 198  20.082386 2.056427 -0.252812 0.052004 -0.004744 -2.059710 -20.082386 -2.056427 0.252812 -0.052004 0.097213 2.811868  
 198 198 13  20.082386 2.056427 -0.252812 0.052004 -0.097213 -2.811868 -20.082386 -2.056427 0.252812 -0.052004 0.189681 3.564027  
