 1 1 5  39.359721 -3.346033 4.775662 0.132490 -10.760243 -7.185115 -39.359721 3.346033 -4.775662 -0.132490 -6.707219 -5.053334  
 2 2 6  26.620002 -3.043841 4.444833 0.132490 -9.919751 -6.591081 -26.620002 3.043841 -4.444833 -0.132490 -6.337670 -4.542072  
 3 3 7  32.605833 -3.138076 4.678832 0.132490 -10.423859 -6.805004 -32.605833 3.138076 -4.678832 -0.132490 -6.689438 -4.672823  
 4 4 8  45.414444 -3.412229 4.944128 0.132490 -11.109277 -7.336051 -45.414444 3.412229 -4.944128 -0.132490 -6.974368 -5.144520  
 5 5 10  25.971974 -1.186844 2.452812 0.085441 -3.657198 -1.425084 -25.971974 1.186844 -2.452812 -0.085441 -5.314208 -2.915916  
 6 6 11  20.058330 -1.101830 2.446266 0.085441 -3.780939 -1.291709 -20.058330 1.101830 -2.446266 -0.085441 -5.166525 -2.738345  
 7 7 12  22.001838 -1.092518 2.502615 0.085441 -3.876153 -1.238159 -22.001838 1.092518 -2.502615 -0.085441 -5.277412 -2.757836  
 8 8 118  27.967858 -1.139576 2.416400 0.085441 -3.639106 -1.324645 -27.967858 1.139576 -2.416400 -0.085441 2.755284 0.907834  
 9 10 15  12.701532 -0.049648 1.040078 -0.005894 -1.111395 0.354976 -12.701532 0.049648 -1.040078 0.005894 -2.692795 -0.536570  
 10 11 16  10.951556 -0.047418 1.038722 -0.005894 -1.135462 0.344201 -10.951556 0.047418 -1.038722 0.005894 -2.663767 -0.517635  
 11 12 17  11.285443 -0.053038 1.045545 -0.005894 -1.142021 0.327159 -11.285443 0.053038 -1.045545 0.005894 -2.682166 -0.521151  
 12 13 18  13.061469 -0.055413 1.045589 -0.005894 -1.115823 0.336740 -13.061469 0.055413 -1.045589 0.005894 -2.708525 -0.539418  
 13 5 6  0.000000 -3.415102 -0.000000 0.316026 0.000000 -10.482652 0.000000 3.415102 0.000000 -0.316026 0.000000 -10.335807  
 14 6 7  0.000000 2.023226 -0.000000 -0.217198 0.000000 6.149806 0.000000 -2.023226 0.000000 0.217198 0.000000 6.183780  
 15 7 8  0.000000 -3.419231 0.000000 0.272799 -0.000000 -10.348393 0.000000 3.419231 -0.000000 -0.272799 -0.000000 -10.495238  
 16 8 5  0.000000 2.027355 0.000000 -0.118235 -0.000000 6.196366 0.000000 -2.027355 -0.000000 0.118235 -0.000000 6.162392  
 17 10 11  0.000000 -2.085125 0.000000 0.073367 -0.000000 -6.360242 0.000000 2.085125 -0.000000 -0.073367 -0.000000 -6.350680  
 18 11 12  0.000000 0.808101 0.000000 -0.048692 -0.000000 2.467512 0.000000 -0.808101 -0.000000 0.048692 -0.000000 2.458672  
 19 12 13  0.000000 -2.091707 -0.000000 0.027995 0.000000 -6.370741 0.000000 2.091707 0.000000 -0.027995 0.000000 -6.380303  
 20 13 10  0.000000 0.814683 -0.000000 0.065360 0.000000 2.478733 0.000000 -0.814683 0.000000 -0.065360 0.000000 2.487573  
 21 15 16  0.000000 -0.878244 -0.000000 -0.000457 0.000000 -2.690735 0.000000 0.878244 0.000000 0.000457 0.000000 -2.663041  
 22 16 17  0.000000 0.170200 -0.000000 0.000725 0.000000 0.517178 0.000000 -0.170200 0.000000 -0.000725 0.000000 0.520360  
 23 17 18  0.000000 -0.884757 0.000000 -0.000792 -0.000000 -2.682891 0.000000 0.884757 -0.000000 0.000792 -0.000000 -2.710585  
 24 18 15  0.000000 0.176712 0.000000 0.002060 -0.000000 0.540209 0.000000 -0.176712 -0.000000 -0.002060 -0.000000 0.537027  
 118 118 128  27.967858 -1.139576 2.416400 0.085441 -2.755284 -0.907834 -27.967858 1.139576 -2.416400 -0.085441 1.871461 0.491022  
 128 128 138  27.967858 -1.139576 2.416400 0.085441 -1.871461 -0.491022 -27.967858 1.139576 -2.416400 -0.085441 0.987638 0.074211  
 138 138 148  27.967858 -1.139576 2.416400 0.085441 -0.987638 -0.074211 -27.967858 1.139576 -2.416400 -0.085441 0.103816 -0.342600  
 148 148 158  27.967858 -1.139576 2.416400 0.085441 -0.103816 0.342600 -27.967858 1.139576 -2.416400 -0.085441 -0.780007 -0.759411  
 158 158 168  27.967858 -1.139576 2.416400 0.085441 0.780007 0.759411 -27.967858 1.139576 -2.416400 -0.085441 -1.663830 -1.176223  
 168 168 178  27.967858 -1.139576 2.416400 0.085441 1.663830 1.176223 -27.967858 1.139576 -2.416400 -0.085441 -2.547652 -1.593034  
 178 178 188  27.967858 -1.139576 2.416400 0.085441 2.547652 1.593034 -27.967858 1.139576 -2.416400 -0.085441 -3.431475 -2.009845  
 188 188 198  27.967858 -1.139576 2.416400 0.085441 3.431475 2.009845 -27.967858 1.139576 -2.416400 -0.085441 -4.315297 -2.426656  
 198 198 13  27.967858 -1.139576 2.416400 0.085441 4.315297 2.426656 -27.967858 1.139576 -2.416400 -0.085441 -5.199120 -2.843468  
