 1 1 5  29.884158 2.730039 -6.387910 -0.118704 14.165137 6.088581 -29.884158 -2.730039 6.387910 0.118704 9.199284 3.896810  
 2 2 6  52.015666 3.131071 -6.990365 -0.118704 15.933577 6.903772 -52.015666 -3.131071 6.990365 0.118704 9.634383 4.548432  
 3 3 7  41.979035 3.058015 -6.592944 -0.118704 15.070335 6.701456 -41.979035 -3.058015 6.592944 0.118704 9.044018 4.483538  
 4 4 8  20.121140 2.624134 -5.794636 -0.118704 12.865720 5.810038 -20.121140 -2.624134 5.794636 0.118704 8.328740 3.787993  
 5 5 10  20.835779 1.326174 -4.129821 -0.297595 7.010679 2.205915 -20.835779 -1.326174 4.129821 0.297595 8.094554 2.644699  
 6 6 11  32.741584 1.529002 -4.054060 -0.297595 6.680317 2.591688 -32.741584 -1.529002 4.054060 0.297595 8.147812 3.000789  
 7 7 12  27.057564 1.561674 -3.827539 -0.297595 6.280344 2.663717 -27.057564 -1.561674 3.827539 0.297595 7.719262 3.048261  
 8 8 118  15.365073 1.273179 -3.474473 -0.297595 5.974329 2.171632 -15.365073 -1.273179 3.474473 0.297595 -4.703506 -1.705954  
 9 10 15  11.023976 1.501033 -2.900384 -0.002928 4.455099 2.416850 -11.023976 -1.501033 2.900384 0.002928 6.153345 3.073329  
 10 11 16  15.061810 1.620846 -2.859396 -0.002928 4.197448 2.623291 -15.061810 -1.620846 2.859396 0.002928 6.261080 3.305116  
 11 12 17  12.921056 1.620148 -2.743688 -0.002928 4.032615 2.636903 -12.921056 -1.620148 2.743688 0.002928 6.002696 3.288949  
 12 13 18  8.993157 1.497231 -2.769518 -0.002928 4.267358 2.428709 -8.993157 -1.497231 2.769518 0.002928 5.862432 3.047562  
 13 5 6  0.000000 5.105314 -0.000000 0.495724 0.000000 15.279490 0.000000 -5.105314 0.000000 -0.495724 0.000000 15.842505  
 14 6 7  0.000000 -2.168768 -0.000000 -0.472195 0.000000 -6.644396 0.000000 2.168768 0.000000 0.472195 0.000000 -6.576414  
 15 7 8  0.000000 5.090240 0.000000 0.570842 -0.000000 15.796558 0.000000 -5.090240 -0.000000 -0.570842 -0.000000 15.233542  
 16 8 5  0.000000 -2.153693 0.000000 -0.930473 -0.000000 -6.530466 0.000000 2.153693 -0.000000 0.930473 -0.000000 -6.598449  
 17 10 11  0.000000 3.921063 0.000000 0.241878 -0.000000 11.814845 0.000000 -3.921063 -0.000000 -0.241878 -0.000000 12.087956  
 18 11 12  0.000000 -1.758711 0.000000 -0.257304 -0.000000 -5.382202 0.000000 1.758711 -0.000000 0.257304 -0.000000 -5.338899  
 19 12 13  0.000000 3.895218 -0.000000 0.346265 0.000000 12.009181 0.000000 -3.895218 0.000000 -0.346265 0.000000 11.736070  
 20 13 10  0.000000 -1.732866 -0.000000 -0.734808 0.000000 -5.260124 0.000000 1.732866 0.000000 0.734808 0.000000 -5.303427  
 21 15 16  0.000000 2.005175 0.000000 0.074008 -0.000000 6.049774 0.000000 -2.005175 -0.000000 -0.074008 -0.000000 6.173774  
 22 16 17  0.000000 -1.056635 -0.000000 -0.087307 0.000000 -3.231107 0.000000 1.056635 0.000000 0.087307 0.000000 -3.210141  
 23 17 18  0.000000 1.977691 -0.000000 0.078808 0.000000 6.090003 0.000000 -1.977691 0.000000 -0.078808 0.000000 5.966003  
 24 18 15  0.000000 -1.029151 0.000000 -0.103571 -0.000000 -3.126370 0.000000 1.029151 -0.000000 0.103571 -0.000000 -3.147337  
 118 118 128  15.365073 1.273179 -3.474473 -0.297595 4.703506 1.705954 -15.365073 -1.273179 3.474473 0.297595 -3.432683 -1.240276  
 128 128 138  15.365073 1.273179 -3.474473 -0.297595 3.432683 1.240276 -15.365073 -1.273179 3.474473 0.297595 -2.161859 -0.774597  
 138 138 148  15.365073 1.273179 -3.474473 -0.297595 2.161859 0.774597 -15.365073 -1.273179 3.474473 0.297595 -0.891036 -0.308919  
 148 148 158  15.365073 1.273179 -3.474473 -0.297595 0.891036 0.308919 -15.365073 -1.273179 3.474473 0.297595 0.379787 0.156759  
 158 158 168  15.365073 1.273179 -3.474473 -0.297595 -0.379787 -0.156759 -15.365073 -1.273179 3.474473 0.297595 1.650611 0.622437  
 168 168 178  15.365073 1.273179 -3.474473 -0.297595 -1.650611 -0.622437 -15.365073 -1.273179 3.474473 0.297595 2.921434 1.088115  
 178 178 188  15.365073 1.273179 -3.474473 -0.297595 -2.921434 -1.088115 -15.365073 -1.273179 3.474473 0.297595 4.192257 1.553793  
 188 188 198  15.365073 1.273179 -3.474473 -0.297595 -4.192257 -1.553793 -15.365073 -1.273179 3.474473 0.297595 5.463080 2.019471  
 198 198 13  15.365073 1.273179 -3.474473 -0.297595 -5.463080 -2.019471 -15.365073 -1.273179 3.474473 0.297595 6.733904 2.485149  
