 1 1 5  30.478536 -5.117889 2.508894 -0.101598 -5.559776 -11.641182 -30.478536 5.117889 -2.508894 0.101598 -3.616753 -7.078010  
 2 2 6  23.580798 -4.763056 2.407745 -0.101598 -5.319360 -10.859397 -23.580798 4.763056 -2.407745 0.101598 -3.487206 -6.561957  
 3 3 7  41.456527 -5.293483 2.783180 -0.101598 -6.059562 -12.334143 -41.456527 5.293483 -2.783180 0.101598 -4.120195 -7.027301  
 4 4 8  48.484138 -5.517889 2.846030 -0.101598 -6.228715 -12.839065 -48.484138 5.517889 -2.846030 0.101598 -4.180925 -7.343168  
 5 5 10  20.941905 -3.693545 1.116200 -0.092794 -1.625575 -6.241866 -20.941905 3.693545 -1.116200 0.092794 -2.457039 -7.267645  
 6 6 11  17.696201 -3.532492 1.113309 -0.092794 -1.653748 -5.950844 -17.696201 3.532492 -1.113309 0.092794 -2.418291 -6.969599  
 7 7 12  27.008449 -3.673175 1.243427 -0.092794 -1.877578 -6.069792 -27.008449 3.673175 -1.243427 0.092794 -2.670380 -7.365215  
 8 8 118  30.353445 -3.605161 1.200898 -0.092794 -1.794032 -6.023251 -30.353445 3.605161 -1.200898 0.092794 1.354791 4.704628  
 9 10 15  11.031594 -1.956808 0.657039 -0.007739 -0.887390 -2.664356 -11.031594 1.956808 -0.657039 0.007739 -1.515795 -4.492864  
 10 11 16  10.030649 -1.904021 0.650271 -0.007739 -0.873089 -2.587715 -10.030649 1.904021 -0.650271 0.007739 -1.505342 -4.376433  
 11 12 17  12.943114 -1.918249 0.702456 -0.007739 -0.956671 -2.544092 -12.943114 1.918249 -0.702456 0.007739 -1.612632 -4.472097  
 12 13 18  13.994644 -1.959510 0.709058 -0.007739 -0.971274 -2.599929 -13.994644 1.959510 -0.709058 0.007739 -1.622175 -4.567175  
 13 5 6  0.000000 -1.829840 -0.000000 0.391886 0.000000 -5.596991 0.000000 1.829840 0.000000 -0.391886 0.000000 -5.557713  
 14 6 7  0.000000 4.285563 -0.000000 -0.416758 0.000000 12.904687 0.000000 -4.285563 0.000000 0.416758 0.000000 13.220105  
 15 7 8  0.000000 -1.837485 0.000000 0.123012 -0.000000 -5.581015 0.000000 1.837485 -0.000000 -0.123012 -0.000000 -5.620294  
 16 8 5  0.000000 4.293208 0.000000 -0.354663 -0.000000 13.243407 0.000000 -4.293208 -0.000000 0.354663 -0.000000 12.927990  
 17 10 11  0.000000 -1.128468 -0.000000 0.168786 0.000000 -3.438481 0.000000 1.128468 0.000000 -0.168786 0.000000 -3.440658  
 18 11 12  0.000000 3.205980 0.000000 -0.149278 -0.000000 9.726100 0.000000 -3.205980 -0.000000 0.149278 -0.000000 9.817553  
 19 12 13  0.000000 -1.140645 0.000000 -0.091753 -0.000000 -3.477773 0.000000 1.140645 -0.000000 0.091753 -0.000000 -3.475597  
 20 13 10  0.000000 3.218157 -0.000000 -0.094052 0.000000 9.854669 0.000000 -3.218157 0.000000 0.094052 0.000000 9.763216  
 21 15 16  0.000000 -0.506796 0.000000 0.038943 -0.000000 -1.549712 0.000000 0.506796 -0.000000 -0.038943 -0.000000 -1.539714  
 22 16 17  0.000000 1.462556 -0.000000 -0.034372 0.000000 4.415376 0.000000 -1.462556 0.000000 0.034372 0.000000 4.500363  
 23 17 18  0.000000 -0.519442 -0.000000 0.028266 0.000000 -1.578260 0.000000 0.519442 0.000000 -0.028266 0.000000 -1.588258  
 24 18 15  0.000000 1.475202 0.000000 -0.033917 -0.000000 4.538909 0.000000 -1.475202 -0.000000 0.033917 -0.000000 4.453921  
 118 118 128  30.353445 -3.605161 1.200898 -0.092794 -1.354791 -4.704628 -30.353445 3.605161 -1.200898 0.092794 0.915551 3.386004  
 128 128 138  30.353445 -3.605161 1.200898 -0.092794 -0.915551 -3.386004 -30.353445 3.605161 -1.200898 0.092794 0.476310 2.067380  
 138 138 148  30.353445 -3.605161 1.200898 -0.092794 -0.476310 -2.067380 -30.353445 3.605161 -1.200898 0.092794 0.037069 0.748756  
 148 148 158  30.353445 -3.605161 1.200898 -0.092794 -0.037069 -0.748756 -30.353445 3.605161 -1.200898 0.092794 -0.402171 -0.569867  
 158 158 168  30.353445 -3.605161 1.200898 -0.092794 0.402171 0.569867 -30.353445 3.605161 -1.200898 0.092794 -0.841412 -1.888491  
 168 168 178  30.353445 -3.605161 1.200898 -0.092794 0.841412 1.888491 -30.353445 3.605161 -1.200898 0.092794 -1.280652 -3.207115  
 178 178 188  30.353445 -3.605161 1.200898 -0.092794 1.280652 3.207115 -30.353445 3.605161 -1.200898 0.092794 -1.719893 -4.525739  
 188 188 198  30.353445 -3.605161 1.200898 -0.092794 1.719893 4.525739 -30.353445 3.605161 -1.200898 0.092794 -2.159134 -5.844362  
 198 198 13  30.353445 -3.605161 1.200898 -0.092794 2.159134 5.844362 -30.353445 3.605161 -1.200898 0.092794 -2.598374 -7.162986  
