 1 1 5  34.405086 3.623493 -4.607955 -0.009063 10.683006 8.521695 -34.405086 -3.623493 4.607955 0.009063 6.171049 4.731593  
 2 2 6  53.500370 4.068843 -4.767451 -0.009063 11.475106 9.513421 -53.500370 -4.068843 4.767451 0.009063 5.962325 5.368781  
 3 3 7  37.413231 3.947460 -4.359607 -0.009063 10.517815 8.989682 -37.413231 -3.947460 4.359607 0.009063 5.427882 5.448548  
 4 4 8  18.681313 3.312623 -3.923719 -0.009063 9.187086 7.670316 -18.681313 -3.312623 3.923719 0.009063 5.164308 4.445932  
 5 5 10  23.324140 2.905962 -4.562753 -0.312577 8.020942 5.111230 -23.324140 -2.905962 4.562753 0.312577 8.667783 5.517616  
 6 6 11  33.791393 3.212267 -4.554643 -0.312577 7.931493 5.681493 -33.791393 -3.212267 4.554643 0.312577 8.727569 6.067696  
 7 7 12  24.530888 3.264212 -4.161527 -0.312577 7.216070 5.804279 -24.530888 -3.264212 4.161527 0.312577 8.005130 6.134902  
 8 8 118  14.353579 2.688168 -3.663313 -0.312577 6.478619 4.799514 -14.353579 -2.688168 3.663313 0.312577 -5.138725 -3.816289  
 9 10 15  11.953254 2.162963 -2.205373 0.040316 3.102224 3.256900 -11.953254 -2.162963 2.205373 -0.040316 4.964149 4.654352  
 10 11 16  15.181228 2.321422 -2.113957 0.040316 2.752433 3.531736 -15.181228 -2.321422 2.113957 -0.040316 4.979577 4.959096  
 11 12 17  11.972547 2.326682 -1.986243 0.040316 2.600314 3.600561 -11.972547 -2.326682 1.986243 -0.040316 4.664567 4.909511  
 12 13 18  8.892970 2.160758 -2.061614 0.040316 2.923439 3.318343 -8.892970 -2.160758 2.061614 -0.040316 4.617122 4.584847  
 13 5 6  0.000000 4.304838 -0.000000 0.575751 0.000000 12.945433 0.000000 -4.304838 0.000000 -0.575751 0.000000 13.296859  
 14 6 7  0.000000 -3.404139 0.000000 -0.596958 -0.000000 -10.474522 0.000000 3.404139 -0.000000 0.596958 -0.000000 -10.277110  
 15 7 8  0.000000 4.286482 0.000000 0.975716 -0.000000 13.240911 0.000000 -4.286482 -0.000000 -0.975716 -0.000000 12.889485  
 16 8 5  0.000000 -3.385784 -0.000000 -1.246558 0.000000 -10.221162 0.000000 3.385784 0.000000 1.246558 0.000000 -10.418574  
 17 10 11  0.000000 3.601946 -0.000000 0.358529 0.000000 10.860810 0.000000 -3.601946 0.000000 -0.358529 0.000000 11.096652  
 18 11 12  0.000000 -3.008218 0.000000 -0.383350 -0.000000 -9.240903 0.000000 3.008218 -0.000000 0.383350 -0.000000 -9.097196  
 19 12 13  0.000000 3.566559 0.000000 0.638267 -0.000000 10.988794 0.000000 -3.566559 -0.000000 -0.638267 -0.000000 10.752952  
 20 13 10  0.000000 -2.972832 -0.000000 -0.909197 0.000000 -8.989337 0.000000 2.972832 0.000000 0.909197 0.000000 -9.133045  
 21 15 16  0.000000 1.595437 -0.000000 0.095833 0.000000 4.847175 0.000000 -1.595437 0.000000 -0.095833 0.000000 4.878611  
 22 16 17  0.000000 -1.585791 -0.000000 -0.100966 0.000000 -4.863264 0.000000 1.585791 0.000000 0.100966 0.000000 -4.803719  
 23 17 18  0.000000 1.558338 0.000000 0.105793 -0.000000 4.765532 0.000000 -1.558338 -0.000000 -0.105793 -0.000000 4.734096  
 24 18 15  0.000000 -1.548692 0.000000 -0.116974 -0.000000 -4.690640 0.000000 1.548692 -0.000000 0.116974 -0.000000 -4.750185  
 118 118 128  14.353579 2.688168 -3.663313 -0.312577 5.138725 3.816289 -14.353579 -2.688168 3.663313 0.312577 -3.798832 -2.833065  
 128 128 138  14.353579 2.688168 -3.663313 -0.312577 3.798832 2.833065 -14.353579 -2.688168 3.663313 0.312577 -2.458938 -1.849841  
 138 138 148  14.353579 2.688168 -3.663313 -0.312577 2.458938 1.849841 -14.353579 -2.688168 3.663313 0.312577 -1.119045 -0.866617  
 148 148 158  14.353579 2.688168 -3.663313 -0.312577 1.119045 0.866617 -14.353579 -2.688168 3.663313 0.312577 0.220849 0.116607  
 158 158 168  14.353579 2.688168 -3.663313 -0.312577 -0.220849 -0.116607 -14.353579 -2.688168 3.663313 0.312577 1.560742 1.099831  
 168 168 178  14.353579 2.688168 -3.663313 -0.312577 -1.560742 -1.099831 -14.353579 -2.688168 3.663313 0.312577 2.900636 2.083055  
 178 178 188  14.353579 2.688168 -3.663313 -0.312577 -2.900636 -2.083055 -14.353579 -2.688168 3.663313 0.312577 4.240529 3.066280  
 188 188 198  14.353579 2.688168 -3.663313 -0.312577 -4.240529 -3.066280 -14.353579 -2.688168 3.663313 0.312577 5.580423 4.049504  
 198 198 13  14.353579 2.688168 -3.663313 -0.312577 -5.580423 -4.049504 -14.353579 -2.688168 3.663313 0.312577 6.920316 5.032728  
