 1 1 5  39.350563 4.648298 -4.391087 -0.232528 9.715079 11.134429 -39.350563 -4.648298 4.391087 0.232528 6.345761 5.867187  
 2 2 6  54.178921 5.056197 -4.547943 -0.232528 10.247438 12.055128 -54.178921 -5.056197 4.547943 0.232528 6.387118 6.438419  
 3 3 7  32.459563 4.814278 -3.953242 -0.232528 9.005660 11.054081 -32.459563 -4.814278 3.953242 0.232528 5.453717 6.554623  
 4 4 8  18.010953 4.154132 -3.612581 -0.232528 8.143217 9.585366 -18.010953 -4.154132 3.612581 0.232528 5.070159 5.608787  
 5 5 10  26.276128 3.930316 -2.724490 0.217258 4.660591 7.082104 -26.276128 -3.930316 2.724490 -0.217258 5.304505 7.293418  
 6 6 11  34.502606 4.268609 -2.658201 0.217258 4.463903 7.712386 -34.502606 -4.268609 2.658201 -0.217258 5.258733 7.900478  
 7 7 12  21.574682 4.276118 -2.325113 0.217258 3.880329 7.777920 -21.574682 -4.276118 2.325113 -0.217258 4.624004 7.862408  
 8 8 118  13.646584 3.453605 -2.181882 0.217258 3.735472 6.303148 -13.646584 -3.453605 2.181882 -0.217258 -2.937427 -5.039957  
 9 10 15  12.820699 3.224959 -2.122186 0.045463 3.323415 5.008260 -12.820699 -3.224959 2.122186 -0.045463 4.438694 6.787352  
 10 11 16  15.704661 3.395734 -2.104024 0.045463 3.235241 5.259585 -15.704661 -3.395734 2.104024 -0.045463 4.460437 7.160652  
 11 12 17  11.101433 3.417607 -1.958848 0.045463 3.037221 5.480931 -11.101433 -3.417607 1.958848 -0.045463 4.127461 7.019309  
 12 13 18  8.373207 3.225616 -1.964255 0.045463 3.105102 5.178728 -8.373207 -3.225616 1.964255 -0.045463 4.079356 6.619285  
 13 5 6  0.000000 3.290769 -0.000000 0.569755 0.000000 9.936993 0.000000 -3.290769 0.000000 -0.569755 0.000000 10.123535  
 14 6 7  0.000000 -4.385546 0.000000 -0.727485 -0.000000 -13.581050 0.000000 4.385546 -0.000000 0.727485 -0.000000 -13.153241  
 15 7 8  0.000000 3.270427 0.000000 1.179302 -0.000000 10.061532 0.000000 -3.270427 -0.000000 -1.179302 -0.000000 9.874990  
 16 8 5  0.000000 -4.365204 -0.000000 -1.069359 0.000000 -13.091237 0.000000 4.365204 0.000000 1.069359 0.000000 -13.519046  
 17 10 11  0.000000 2.653427 0.000000 0.374845 -0.000000 8.043347 0.000000 -2.653427 -0.000000 -0.374845 -0.000000 8.131946  
 18 11 12  0.000000 -4.144517 -0.000000 -0.362027 0.000000 -12.785217 0.000000 4.144517 0.000000 0.362027 0.000000 -12.479760  
 19 12 13  0.000000 2.617767 -0.000000 0.863579 0.000000 8.023252 0.000000 -2.617767 0.000000 -0.863579 0.000000 7.934653  
 20 13 10  0.000000 -4.108856 0.000000 -0.584572 -0.000000 -12.371066 0.000000 4.108856 -0.000000 0.584572 -0.000000 -12.676523  
 21 15 16  0.000000 1.422514 0.000000 0.127315 -0.000000 4.318361 0.000000 -1.422514 -0.000000 -0.127315 -0.000000 4.353284  
 22 16 17  0.000000 -2.282147 0.000000 -0.107153 -0.000000 -7.033337 0.000000 2.282147 -0.000000 0.107153 -0.000000 -6.878632  
 23 17 18  0.000000 1.383580 -0.000000 0.140677 0.000000 4.234614 0.000000 -1.383580 0.000000 -0.140677 0.000000 4.199690  
 24 18 15  0.000000 -2.243213 -0.000000 -0.120334 0.000000 -6.759961 0.000000 2.243213 0.000000 0.120334 0.000000 -6.914667  
 118 118 128  13.646584 3.453605 -2.181882 0.217258 2.937427 5.039957 -13.646584 -3.453605 2.181882 -0.217258 -2.139382 -3.776766  
 128 128 138  13.646584 3.453605 -2.181882 0.217258 2.139382 3.776766 -13.646584 -3.453605 2.181882 -0.217258 -1.341336 -2.513576  
 138 138 148  13.646584 3.453605 -2.181882 0.217258 1.341336 2.513576 -13.646584 -3.453605 2.181882 -0.217258 -0.543291 -1.250385  
 148 148 158  13.646584 3.453605 -2.181882 0.217258 0.543291 1.250385 -13.646584 -3.453605 2.181882 -0.217258 0.254754 0.012805  
 158 158 168  13.646584 3.453605 -2.181882 0.217258 -0.254754 -0.012805 -13.646584 -3.453605 2.181882 -0.217258 1.052799 1.275996  
 168 168 178  13.646584 3.453605 -2.181882 0.217258 -1.052799 -1.275996 -13.646584 -3.453605 2.181882 -0.217258 1.850844 2.539187  
 178 178 188  13.646584 3.453605 -2.181882 0.217258 -1.850844 -2.539187 -13.646584 -3.453605 2.181882 -0.217258 2.648889 3.802377  
 188 188 198  13.646584 3.453605 -2.181882 0.217258 -2.648889 -3.802377 -13.646584 -3.453605 2.181882 -0.217258 3.446934 5.065568  
 198 198 13  13.646584 3.453605 -2.181882 0.217258 -3.446934 -5.065568 -13.646584 -3.453605 2.181882 -0.217258 4.244979 6.328759  
