 1 1 5  39.541783 -0.103258 5.958686 -1.059268 -13.435309 -1.285909 -39.541783 0.103258 -5.958686 1.059268 -8.359181 0.908234  
 2 2 6  18.801133 -0.151975 5.094760 -1.059268 -11.298339 -1.128384 -18.801133 0.151975 -5.094760 1.059268 -7.336256 0.572519  
 3 3 7  32.288757 -0.063215 5.884340 -1.059268 -13.004357 -1.143754 -32.288757 0.063215 -5.884340 1.059268 -8.518206 0.912540  
 4 4 8  53.368327 -0.000709 6.448001 -1.059268 -14.498315 -1.223769 -53.368327 0.000709 -6.448001 1.059268 -9.085895 1.221177  
 5 5 10  25.030640 -3.152599 2.631667 0.175040 -4.410682 -6.657835 -25.030640 3.152599 -2.631667 -0.175040 -5.214904 -4.873113  
 6 6 11  12.841257 -2.651776 2.637330 0.175040 -4.672975 -5.528898 -12.841257 2.651776 -2.637330 -0.175040 -4.973324 -4.170239  
 7 7 12  22.836163 -2.878803 3.024640 0.175040 -5.277434 -6.174730 -22.836163 2.878803 -3.024640 -0.175040 -5.785490 -4.354781  
 8 8 118  35.291940 -3.185238 2.821910 0.175040 -4.688951 -6.765677 -35.291940 3.185238 -2.821910 -0.175040 3.656809 5.600644  
 9 10 15  12.403020 -3.073881 3.583234 -0.043429 -5.997052 -5.137651 -12.403020 3.073881 -3.583234 0.043429 -7.108985 -6.105378  
 10 11 16  7.713065 -2.837872 3.483227 -0.043429 -5.836289 -4.744898 -7.713065 2.837872 -3.483227 0.043429 -6.903964 -5.634901  
 11 12 17  11.523642 -2.882673 3.750351 -0.043429 -6.297567 -4.801765 -11.523642 2.882673 -3.750351 0.043429 -7.419719 -5.741899  
 12 13 18  16.360274 -3.087172 3.813619 -0.043429 -6.344321 -5.097468 -16.360274 3.087172 -3.813619 0.043429 -7.604371 -6.194171  
 13 5 6  0.000000 -4.284699 -0.000000 0.368978 0.000000 -13.244721 0.000000 4.284699 0.000000 -0.368978 0.000000 -12.874803  
 14 6 7  0.000000 1.755425 -0.000000 -0.865572 0.000000 5.325357 0.000000 -1.755425 0.000000 0.865572 0.000000 5.375713  
 15 7 8  0.000000 -4.302831 0.000000 0.113522 -0.000000 -12.930068 0.000000 4.302831 -0.000000 -0.113522 -0.000000 -13.299987  
 16 8 5  0.000000 1.773557 0.000000 -0.474859 -0.000000 5.430978 0.000000 -1.773557 -0.000000 0.474859 -0.000000 5.380623  
 17 10 11  0.000000 -3.764679 -0.000000 0.502201 0.000000 -11.548760 0.000000 3.764679 0.000000 -0.502201 0.000000 -11.400722  
 18 11 12  0.000000 3.107129 -0.000000 -0.591109 0.000000 9.417338 0.000000 -3.107129 0.000000 0.591109 0.000000 9.523720  
 19 12 13  0.000000 -3.794608 0.000000 0.367173 -0.000000 -11.491947 0.000000 3.794608 -0.000000 -0.367173 -0.000000 -11.639984  
 20 13 10  0.000000 3.137058 0.000000 -0.336804 -0.000000 9.614945 0.000000 -3.137058 -0.000000 0.336804 -0.000000 9.508563  
 21 15 16  0.000000 -2.363312 0.000000 0.179354 -0.000000 -7.300794 0.000000 2.363312 -0.000000 -0.179354 -0.000000 -7.105957  
 22 16 17  0.000000 1.923623 0.000000 -0.201994 -0.000000 5.814256 0.000000 -1.923623 -0.000000 0.201994 -0.000000 5.912151  
 23 17 18  0.000000 -2.399981 -0.000000 0.170253 0.000000 -7.217725 0.000000 2.399981 0.000000 -0.170253 0.000000 -7.412562  
 24 18 15  0.000000 1.960292 -0.000000 -0.191809 0.000000 6.023919 0.000000 -1.960292 0.000000 0.191809 0.000000 5.926023  
 118 118 128  35.291940 -3.185238 2.821910 0.175040 -3.656809 -5.600644 -35.291940 3.185238 -2.821910 -0.175040 2.624667 4.435611  
 128 128 138  35.291940 -3.185238 2.821910 0.175040 -2.624667 -4.435611 -35.291940 3.185238 -2.821910 -0.175040 1.592526 3.270579  
 138 138 148  35.291940 -3.185238 2.821910 0.175040 -1.592526 -3.270579 -35.291940 3.185238 -2.821910 -0.175040 0.560384 2.105546  
 148 148 158  35.291940 -3.185238 2.821910 0.175040 -0.560384 -2.105546 -35.291940 3.185238 -2.821910 -0.175040 -0.471758 0.940513  
 158 158 168  35.291940 -3.185238 2.821910 0.175040 0.471758 -0.940513 -35.291940 3.185238 -2.821910 -0.175040 -1.503900 -0.224519  
 168 168 178  35.291940 -3.185238 2.821910 0.175040 1.503900 0.224519 -35.291940 3.185238 -2.821910 -0.175040 -2.536041 -1.389552  
 178 178 188  35.291940 -3.185238 2.821910 0.175040 2.536041 1.389552 -35.291940 3.185238 -2.821910 -0.175040 -3.568183 -2.554585  
 188 188 198  35.291940 -3.185238 2.821910 0.175040 3.568183 2.554585 -35.291940 3.185238 -2.821910 -0.175040 -4.600325 -3.719618  
 198 198 13  35.291940 -3.185238 2.821910 0.175040 4.600325 3.719618 -35.291940 3.185238 -2.821910 -0.175040 -5.632467 -4.884650  
