 1 1 5  37.055679 0.277408 0.723715 -0.000186 -1.669227 0.699660 -37.055679 -0.277408 -0.723715 0.000186 -0.977833 0.314986  
 2 2 6  36.055202 0.277921 0.724238 -0.000186 -1.670820 0.700833 -36.055202 -0.277921 -0.724238 0.000186 -0.978154 0.315692  
 3 3 7  34.944251 0.278315 0.724866 -0.000186 -1.672257 0.701963 -34.944251 -0.278315 -0.724866 0.000186 -0.979012 0.316001  
 4 4 8  35.944868 0.277811 0.724350 -0.000186 -1.670668 0.700831 -35.944868 -0.277811 -0.724350 0.000186 -0.978714 0.315290  
 5 5 10  24.377727 0.242065 0.327463 -0.000057 -0.353214 0.419024 -24.377727 -0.242065 -0.327463 0.000057 -0.844516 0.466352  
 6 6 11  24.251122 0.242257 0.327467 -0.000057 -0.353167 0.419374 -24.251122 -0.242257 -0.327467 0.000057 -0.844574 0.466705  
 7 7 12  23.622222 0.242234 0.327693 -0.000057 -0.353550 0.419217 -23.622222 -0.242234 -0.327693 0.000057 -0.845020 0.466779  
 8 8 118  23.748929 0.242051 0.327687 -0.000057 -0.353595 0.418881 -23.748929 -0.242051 -0.327687 0.000057 0.233741 -0.330349  
 9 10 15  12.046767 0.134443 -0.178220 -0.000018 0.469708 0.167135 -12.046767 -0.134443 0.178220 0.000018 0.182149 0.324603  
 10 11 16  12.166262 0.134485 -0.178211 -0.000018 0.469719 0.167195 -12.166262 -0.134485 0.178211 0.000018 0.182107 0.324697  
 11 12 17  11.953207 0.134475 -0.178158 -0.000018 0.469636 0.167146 -11.953207 -0.134475 0.178158 0.000018 0.181995 0.324709  
 12 13 18  11.833763 0.134432 -0.178165 -0.000018 0.469620 0.167082 -11.833763 -0.134432 0.178165 0.000018 0.182036 0.324616  
 13 5 6  0.000000 -0.436941 -0.000000 0.000514 0.000000 -1.331664 0.000000 0.436941 0.000000 -0.000514 0.000000 -1.331927  
 14 6 7  0.000000 -0.241021 0.000000 -0.000606 -0.000000 -0.734552 0.000000 0.241021 -0.000000 0.000606 -0.000000 -0.734709  
 15 7 8  0.000000 -0.436950 0.000000 0.000510 -0.000000 -1.331956 0.000000 0.436950 -0.000000 -0.000510 -0.000000 -1.331692  
 16 8 5  0.000000 -0.241011 -0.000000 -0.000617 0.000000 -0.734681 0.000000 0.241011 0.000000 0.000617 0.000000 -0.734524  
 17 10 11  0.000000 -0.123056 -0.000000 0.000187 0.000000 -0.375051 0.000000 0.123056 0.000000 -0.000187 0.000000 -0.375100  
 18 11 12  0.000000 -0.207917 0.000000 -0.000245 -0.000000 -0.633713 0.000000 0.207917 -0.000000 0.000245 -0.000000 -0.633746  
 19 12 13  0.000000 -0.123069 0.000000 0.000179 -0.000000 -0.375139 0.000000 0.123069 -0.000000 -0.000179 -0.000000 -0.375090  
 20 13 10  0.000000 -0.207904 -0.000000 -0.000243 0.000000 -0.633707 0.000000 0.207904 0.000000 0.000243 0.000000 -0.633674  
 21 15 16  0.000000 0.059741 -0.000000 0.000028 0.000000 0.182112 0.000000 -0.059741 0.000000 -0.000028 0.000000 0.182071  
 22 16 17  0.000000 -0.106521 -0.000000 -0.000036 0.000000 -0.324670 0.000000 0.106521 0.000000 0.000036 0.000000 -0.324682  
 23 17 18  0.000000 0.059728 0.000000 0.000027 -0.000000 0.182031 0.000000 -0.059728 -0.000000 -0.000027 -0.000000 0.182073  
 24 18 15  0.000000 -0.106508 0.000000 -0.000037 -0.000000 -0.324643 0.000000 0.106508 -0.000000 0.000037 -0.000000 -0.324631  
 118 118 128  23.748929 0.242051 0.327687 -0.000057 -0.233741 0.330349 -23.748929 -0.242051 -0.327687 0.000057 0.113886 -0.241816  
 128 128 138  23.748929 0.242051 0.327687 -0.000057 -0.113886 0.241816 -23.748929 -0.242051 -0.327687 0.000057 -0.005969 -0.153283  
 138 138 148  23.748929 0.242051 0.327687 -0.000057 0.005969 0.153283 -23.748929 -0.242051 -0.327687 0.000057 -0.125824 -0.064750  
 148 148 158  23.748929 0.242051 0.327687 -0.000057 0.125824 0.064750 -23.748929 -0.242051 -0.327687 0.000057 -0.245679 0.023782  
 158 158 168  23.748929 0.242051 0.327687 -0.000057 0.245679 -0.023782 -23.748929 -0.242051 -0.327687 0.000057 -0.365534 0.112315  
 168 168 178  23.748929 0.242051 0.327687 -0.000057 0.365534 -0.112315 -23.748929 -0.242051 -0.327687 0.000057 -0.485388 0.200848  
 178 178 188  23.748929 0.242051 0.327687 -0.000057 0.485388 -0.200848 -23.748929 -0.242051 -0.327687 0.000057 -0.605243 0.289380  
 188 188 198  23.748929 0.242051 0.327687 -0.000057 0.605243 -0.289380 -23.748929 -0.242051 -0.327687 0.000057 -0.725098 0.377913  
 198 198 13  23.748929 0.242051 0.327687 -0.000057 0.725098 -0.377913 -23.748929 -0.242051 -0.327687 0.000057 -0.844953 0.466446  
