 1 1 5  40.714718 -1.960010 2.909410 0.151182 -7.403597 -4.498516 -40.714718 1.960010 -2.909410 -0.151182 -3.237860 -2.670417  
 2 2 6  27.926638 -1.818773 2.803156 0.151182 -6.974614 -4.159160 -27.926638 1.818773 -2.803156 -0.151182 -3.278209 -2.493185  
 3 3 7  31.266918 -1.835416 2.852927 0.151182 -7.114525 -4.200910 -31.266918 1.835416 -2.852927 -0.151182 -3.320342 -2.512306  
 4 4 8  44.091726 -1.969780 2.936830 0.151182 -7.480061 -4.518354 -44.091726 1.969780 -2.936830 -0.151182 -3.261689 -2.686312  
 5 5 10  27.187836 -1.566958 3.608698 0.252401 -6.276892 -2.190892 -27.187836 1.566958 -3.608698 -0.252401 -6.922281 -3.540413  
 6 6 11  20.530067 -1.464794 3.438472 0.252401 -5.990220 -2.027628 -20.530067 1.464794 -3.438472 -0.252401 -6.586337 -3.330004  
 7 7 12  20.795347 -1.469680 3.442061 0.252401 -5.998122 -2.035334 -20.795347 1.469680 -3.442061 -0.252401 -6.591561 -3.340167  
 8 8 118  27.486750 -1.521706 3.428057 0.252401 -6.016470 -2.138555 -27.486750 1.521706 -3.428057 -0.252401 4.762624 1.581975  
 9 10 15  13.206992 0.843400 0.959904 -0.044863 -0.721580 2.121784 -13.206992 -0.843400 -0.959904 0.044863 -2.789364 0.963034  
 10 11 16  11.407539 0.799139 0.979025 -0.044863 -0.815377 2.008059 -11.407539 -0.799139 -0.979025 0.044863 -2.765506 0.914871  
 11 12 17  10.784862 0.784590 0.961782 -0.044863 -0.801479 1.960857 -10.784862 -0.784590 -0.961782 0.044863 -2.716336 0.908859  
 12 13 18  12.600607 0.831336 0.945010 -0.044863 -0.708551 2.081274 -12.600607 -0.831336 -0.945010 0.044863 -2.747918 0.959422  
 13 5 6  0.000000 -3.065542 0.000000 0.169069 -0.000000 -9.395277 0.000000 3.065542 -0.000000 -0.169069 -0.000000 -9.292268  
 14 6 7  0.000000 1.537887 -0.000000 -0.023839 0.000000 4.689882 0.000000 -1.537887 0.000000 0.023839 0.000000 4.685075  
 15 7 8  0.000000 -3.066316 -0.000000 0.137434 0.000000 -9.294625 0.000000 3.066316 0.000000 -0.137434 0.000000 -9.397635  
 16 8 5  0.000000 1.538660 0.000000 0.119475 -0.000000 4.687432 0.000000 -1.538660 -0.000000 -0.119475 -0.000000 4.692239  
 17 10 11  0.000000 -2.431326 0.000000 0.041735 -0.000000 -7.430594 0.000000 2.431326 -0.000000 -0.041735 -0.000000 -7.390769  
 18 11 12  0.000000 0.446147 -0.000000 0.010944 0.000000 1.363680 0.000000 -0.446147 0.000000 -0.010944 0.000000 1.356030  
 19 12 13  0.000000 -2.435661 -0.000000 -0.023280 0.000000 -7.403984 0.000000 2.435661 0.000000 0.023280 0.000000 -7.443808  
 20 13 10  0.000000 0.450482 0.000000 0.213267 -0.000000 1.369245 0.000000 -0.450482 -0.000000 -0.213267 -0.000000 1.376894  
 21 15 16  0.000000 -0.901763 -0.000000 -0.030289 0.000000 -2.762434 0.000000 0.901763 0.000000 0.030289 0.000000 -2.734714  
 22 16 17  0.000000 -0.309302 0.000000 0.030792 -0.000000 -0.945160 0.000000 0.309302 -0.000000 -0.030792 -0.000000 -0.940348  
 23 17 18  0.000000 -0.905836 0.000000 -0.031489 -0.000000 -2.747128 0.000000 0.905836 -0.000000 0.031489 -0.000000 -2.774848  
 24 18 15  0.000000 -0.305229 -0.000000 0.026931 0.000000 -0.927933 0.000000 0.305229 0.000000 -0.026931 0.000000 -0.932745  
 118 118 128  27.486750 -1.521706 3.428057 0.252401 -4.762624 -1.581975 -27.486750 1.521706 -3.428057 -0.252401 3.508778 1.025396  
 128 128 138  27.486750 -1.521706 3.428057 0.252401 -3.508778 -1.025396 -27.486750 1.521706 -3.428057 -0.252401 2.254932 0.468817  
 138 138 148  27.486750 -1.521706 3.428057 0.252401 -2.254932 -0.468817 -27.486750 1.521706 -3.428057 -0.252401 1.001086 -0.087763  
 148 148 158  27.486750 -1.521706 3.428057 0.252401 -1.001086 0.087763 -27.486750 1.521706 -3.428057 -0.252401 -0.252760 -0.644342  
 158 158 168  27.486750 -1.521706 3.428057 0.252401 0.252760 0.644342 -27.486750 1.521706 -3.428057 -0.252401 -1.506606 -1.200921  
 168 168 178  27.486750 -1.521706 3.428057 0.252401 1.506606 1.200921 -27.486750 1.521706 -3.428057 -0.252401 -2.760452 -1.757501  
 178 178 188  27.486750 -1.521706 3.428057 0.252401 2.760452 1.757501 -27.486750 1.521706 -3.428057 -0.252401 -4.014298 -2.314080  
 188 188 198  27.486750 -1.521706 3.428057 0.252401 4.014298 2.314080 -27.486750 1.521706 -3.428057 -0.252401 -5.268144 -2.870659  
 198 198 13  27.486750 -1.521706 3.428057 0.252401 5.268144 2.870659 -27.486750 1.521706 -3.428057 -0.252401 -6.521990 -3.427239  
