 1 1 5  23.215160 -3.691369 -1.996699 -0.400792 5.035157 -8.158902 -23.215160 3.691369 1.996699 0.400792 2.267971 -5.342649  
 2 2 6  36.931966 -4.254713 -2.039020 -0.400792 5.329380 -9.346000 -36.931966 4.254713 2.039020 0.400792 2.128541 -6.216039  
 3 3 7  48.836387 -4.403824 -2.220721 -0.400792 5.765276 -9.808183 -48.836387 4.403824 2.220721 0.400792 2.357233 -6.299243  
 4 4 8  35.016487 -4.020693 -2.235506 -0.400792 5.613922 -8.939175 -35.016487 4.020693 2.235506 0.400792 2.562666 -5.766911  
 5 5 10  16.401589 -1.501319 -2.538109 -0.092979 4.882970 -2.336824 -16.401589 1.501319 2.538109 0.092979 4.400419 -3.154399  
 6 6 11  25.219321 -1.718361 -2.643004 -0.092979 5.120161 -2.684366 -25.219321 1.718361 2.643004 0.092979 4.546892 -3.600710  
 7 7 12  31.634358 -1.689318 -2.843992 -0.092979 5.501701 -2.557765 -31.634358 1.689318 2.843992 0.092979 4.900485 -3.621085  
 8 8 118  22.744732 -1.449186 -2.672280 -0.092979 5.138608 -2.164394 -22.744732 1.449186 2.672280 0.092979 -4.161195 1.634340  
 9 10 15  9.190023 -1.666511 -2.355537 0.015548 3.800581 -2.658473 -9.190023 1.666511 2.355537 -0.015548 4.815030 -3.436957  
 10 11 16  12.454929 -1.785232 -2.370745 0.015548 3.740570 -2.831937 -12.454929 1.785232 2.370745 -0.015548 4.930665 -3.697726  
 11 12 17  14.830140 -1.798397 -2.486307 0.015548 3.921007 -2.849472 -14.830140 1.798397 2.486307 -0.015548 5.172910 -3.728345  
 12 13 18  11.524908 -1.687357 -2.490143 0.015548 4.000771 -2.678336 -11.524908 1.687357 2.490143 -0.015548 5.107175 -3.493341  
 13 5 6  0.000000 2.453437 -0.000000 -0.598579 0.000000 7.414221 0.000000 -2.453437 0.000000 0.598579 0.000000 7.541931  
 14 6 7  0.000000 2.740792 -0.000000 0.293229 0.000000 8.301826 0.000000 -2.740792 0.000000 -0.293229 0.000000 8.406044  
 15 7 8  0.000000 2.461237 0.000000 -0.450964 -0.000000 7.565705 0.000000 -2.461237 -0.000000 0.450964 -0.000000 7.437995  
 16 8 5  0.000000 2.732992 0.000000 0.263279 -0.000000 8.382270 0.000000 -2.732992 -0.000000 -0.263279 -0.000000 8.278052  
 17 10 11  0.000000 2.780359 -0.000000 -0.297861 0.000000 8.406620 0.000000 -2.780359 0.000000 0.297861 0.000000 8.542450  
 18 11 12  0.000000 2.015967 -0.000000 0.254988 0.000000 6.134787 0.000000 -2.015967 0.000000 -0.254988 0.000000 6.154549  
 19 12 13  0.000000 2.788251 0.000000 -0.316008 -0.000000 8.566504 0.000000 -2.788251 -0.000000 0.316008 -0.000000 8.430674  
 20 13 10  0.000000 2.008075 0.000000 0.205620 -0.000000 6.130494 0.000000 -2.008075 -0.000000 -0.205620 -0.000000 6.110733  
 21 15 16  0.000000 1.637494 0.000000 -0.115020 -0.000000 4.945738 0.000000 -1.637494 -0.000000 0.115020 -0.000000 5.036423  
 22 16 17  0.000000 1.182564 0.000000 0.105758 -0.000000 3.582705 0.000000 -1.182564 -0.000000 -0.105758 -0.000000 3.626207  
 23 17 18  0.000000 1.647575 -0.000000 -0.102138 0.000000 5.067152 0.000000 -1.647575 0.000000 0.102138 0.000000 4.976467  
 24 18 15  0.000000 1.172483 -0.000000 0.130708 0.000000 3.595479 0.000000 -1.172483 0.000000 -0.130708 0.000000 3.551977  
 118 118 128  22.744732 -1.449186 -2.672280 -0.092979 4.161195 -1.634340 -22.744732 1.449186 2.672280 0.092979 -3.183782 1.104285  
 128 128 138  22.744732 -1.449186 -2.672280 -0.092979 3.183782 -1.104285 -22.744732 1.449186 2.672280 0.092979 -2.206369 0.574231  
 138 138 148  22.744732 -1.449186 -2.672280 -0.092979 2.206369 -0.574231 -22.744732 1.449186 2.672280 0.092979 -1.228956 0.044176  
 148 148 158  22.744732 -1.449186 -2.672280 -0.092979 1.228956 -0.044176 -22.744732 1.449186 2.672280 0.092979 -0.251542 -0.485878  
 158 158 168  22.744732 -1.449186 -2.672280 -0.092979 0.251542 0.485878 -22.744732 1.449186 2.672280 0.092979 0.725871 -1.015932  
 168 168 178  22.744732 -1.449186 -2.672280 -0.092979 -0.725871 1.015932 -22.744732 1.449186 2.672280 0.092979 1.703284 -1.545987  
 178 178 188  22.744732 -1.449186 -2.672280 -0.092979 -1.703284 1.545987 -22.744732 1.449186 2.672280 0.092979 2.680697 -2.076041  
 188 188 198  22.744732 -1.449186 -2.672280 -0.092979 -2.680697 2.076041 -22.744732 1.449186 2.672280 0.092979 3.658110 -2.606096  
 198 198 13  22.744732 -1.449186 -2.672280 -0.092979 -3.658110 2.606096 -22.744732 1.449186 2.672280 0.092979 4.635523 -3.136150  
