 1 1 5  37.488703 -3.306637 2.030087 0.288458 -5.934874 -7.930441 -37.488703 3.306637 -2.030087 -0.288458 -1.490370 -4.163916  
 2 2 6  17.027908 -2.732910 1.902748 0.288458 -5.210837 -6.562557 -17.027908 2.732910 -1.902748 -0.288458 -1.748655 -3.433335  
 3 3 7  34.322348 -3.084435 2.216742 0.288458 -6.096631 -7.577679 -34.322348 3.084435 -2.216742 -0.288458 -2.011325 -3.703950  
 4 4 8  55.161040 -3.412444 2.239267 0.288458 -6.497999 -8.429960 -55.161040 3.412444 -2.239267 -0.288458 -1.692345 -4.051394  
 5 5 10  25.304187 -3.330087 4.376776 -0.090306 -8.690766 -6.298468 -25.304187 3.330087 -4.376776 0.090306 -7.317730 -5.881659  
 6 6 11  11.587745 -2.863129 3.945911 -0.090306 -7.655863 -5.404021 -11.587745 2.863129 -3.945911 0.090306 -6.776701 -5.068159  
 7 7 12  22.529703 -3.019241 4.585404 -0.090306 -9.024405 -5.725627 -22.529703 3.019241 -4.585404 0.090306 -7.747168 -5.317547  
 8 8 118  36.578365 -3.257151 4.560656 -0.090306 -8.939067 -6.083241 -36.578365 3.257151 -4.560656 0.090306 7.270962 4.891906  
 9 10 15  12.404632 -3.225497 3.663372 -0.034433 -5.907076 -5.300154 -12.404632 3.225497 -3.663372 0.034433 -7.492071 -6.497425  
 10 11 16  7.463741 -2.976135 3.602423 -0.034433 -5.877886 -4.896444 -7.463741 2.976135 -3.602423 0.034433 -7.298338 -5.989068  
 11 12 17  11.505875 -3.023542 3.879190 -0.034433 -6.340563 -4.950901 -11.505875 3.023542 -3.879190 0.034433 -7.847962 -6.108008  
 12 13 18  16.625751 -3.246747 3.904352 -0.034433 -6.253708 -5.283409 -16.625751 3.246747 -3.904352 0.034433 -8.026849 -6.591892  
 13 5 6  0.000000 -3.377886 -0.000000 0.795111 0.000000 -10.388871 0.000000 3.377886 0.000000 -0.795111 0.000000 -10.202721  
 14 6 7  0.000000 3.181951 -0.000000 -0.798203 0.000000 9.632467 0.000000 -3.181951 0.000000 0.798203 0.000000 9.764704  
 15 7 8  0.000000 -3.389305 0.000000 0.335126 -0.000000 -10.237527 0.000000 3.389305 -0.000000 -0.335126 -0.000000 -10.423677  
 16 8 5  0.000000 3.193370 0.000000 -0.207735 -0.000000 9.799510 0.000000 -3.193370 -0.000000 0.207735 -0.000000 9.667273  
 17 10 11  0.000000 -4.406930 0.000000 0.550223 -0.000000 -13.551870 0.000000 4.406930 -0.000000 -0.550223 -0.000000 -13.312777  
 18 11 12  0.000000 3.469066 -0.000000 -0.658190 0.000000 10.514826 0.000000 -3.469066 0.000000 0.658190 0.000000 10.632604  
 19 12 13  0.000000 -4.445239 -0.000000 0.364156 0.000000 -13.429541 0.000000 4.445239 0.000000 -0.364156 0.000000 -13.668634  
 20 13 10  0.000000 3.507375 0.000000 -0.327063 -0.000000 10.749368 0.000000 -3.507375 -0.000000 0.327063 -0.000000 10.631591  
 21 15 16  0.000000 -2.492819 0.000000 0.185985 -0.000000 -7.691267 0.000000 2.492819 -0.000000 -0.185985 -0.000000 -7.504956  
 22 16 17  0.000000 2.043440 0.000000 -0.206618 -0.000000 6.175053 0.000000 -2.043440 -0.000000 0.206618 -0.000000 6.281757  
 23 17 18  0.000000 -2.537565 -0.000000 0.173749 0.000000 -7.641343 0.000000 2.537565 0.000000 -0.173749 0.000000 -7.827654  
 24 18 15  0.000000 2.088186 -0.000000 -0.199195 0.000000 6.418144 0.000000 -2.088186 0.000000 0.199195 0.000000 6.311440  
 118 118 128  36.578365 -3.257151 4.560656 -0.090306 -7.270962 -4.891906 -36.578365 3.257151 -4.560656 0.090306 5.602856 3.700570  
 128 128 138  36.578365 -3.257151 4.560656 -0.090306 -5.602856 -3.700570 -36.578365 3.257151 -4.560656 0.090306 3.934750 2.509234  
 138 138 148  36.578365 -3.257151 4.560656 -0.090306 -3.934750 -2.509234 -36.578365 3.257151 -4.560656 0.090306 2.266645 1.317898  
 148 148 158  36.578365 -3.257151 4.560656 -0.090306 -2.266645 -1.317898 -36.578365 3.257151 -4.560656 0.090306 0.598539 0.126563  
 158 158 168  36.578365 -3.257151 4.560656 -0.090306 -0.598539 -0.126563 -36.578365 3.257151 -4.560656 0.090306 -1.069567 -1.064773  
 168 168 178  36.578365 -3.257151 4.560656 -0.090306 1.069567 1.064773 -36.578365 3.257151 -4.560656 0.090306 -2.737672 -2.256109  
 178 178 188  36.578365 -3.257151 4.560656 -0.090306 2.737672 2.256109 -36.578365 3.257151 -4.560656 0.090306 -4.405778 -3.447445  
 188 188 198  36.578365 -3.257151 4.560656 -0.090306 4.405778 3.447445 -36.578365 3.257151 -4.560656 0.090306 -6.073884 -4.638780  
 198 198 13  36.578365 -3.257151 4.560656 -0.090306 6.073884 4.638780 -36.578365 3.257151 -4.560656 0.090306 -7.741989 -5.830116  
