 1 1 5  35.489393 -0.555802 0.943716 -0.009867 -2.435438 -1.561219 -35.489393 0.555802 -0.943716 0.009867 -1.016296 -0.471682  
 2 2 6  30.232632 -0.590524 0.977397 -0.009867 -2.524257 -1.633946 -30.232632 0.590524 -0.977397 0.009867 -1.050671 -0.525953  
 3 3 7  36.507791 -0.574511 0.950699 -0.009867 -2.470772 -1.587363 -36.507791 0.574511 -0.950699 0.009867 -1.006503 -0.513968  
 4 4 8  41.770184 -0.531563 0.905695 -0.009867 -2.351405 -1.491774 -41.770184 0.531563 -0.905695 0.009867 -0.961265 -0.452470  
 5 5 10  23.244183 -0.618221 0.956228 -0.013204 -1.848728 -1.609908 -23.244183 0.618221 -0.956228 0.013204 -1.648771 -0.651298  
 6 6 11  19.856521 -0.619863 0.950615 -0.013204 -1.816648 -1.604756 -19.856521 0.619863 -0.950615 0.013204 -1.660321 -0.662456  
 7 7 12  24.752865 -0.606608 0.955145 -0.013204 -1.832799 -1.616826 -24.752865 0.606608 -0.955145 0.013204 -1.660738 -0.601903  
 8 8 118  28.146431 -0.598295 0.959073 -0.013204 -1.860283 -1.608866 -28.146431 0.598295 -0.959073 0.013204 1.509492 1.390034  
 9 10 15  11.505657 -1.880349 0.940953 0.013843 -1.497142 -3.362200 -11.505657 1.880349 -0.940953 -0.013843 -1.944488 -3.515366  
 10 11 16  10.204920 -1.821556 0.932610 0.013843 -1.479352 -3.252664 -10.204920 1.821556 -0.932610 -0.013843 -1.931761 -3.409860  
 11 12 17  12.492614 -1.863688 0.980524 0.013843 -1.559893 -3.349593 -12.492614 1.863688 -0.980524 -0.013843 -2.026473 -3.467032  
 12 13 18  13.796809 -1.917727 0.987704 0.013843 -1.575515 -3.450216 -13.796809 1.917727 -0.987704 -0.013843 -2.037111 -3.564061  
 13 5 6  0.000000 -0.934515 -0.000000 -0.024456 0.000000 -2.843389 0.000000 0.934515 0.000000 0.024456 0.000000 -2.853415  
 14 6 7  0.000000 0.689374 -0.000000 0.013905 0.000000 2.106253 0.000000 -0.689374 0.000000 -0.013905 0.000000 2.096169  
 15 7 8  0.000000 -0.934447 0.000000 -0.034626 -0.000000 -2.853208 0.000000 0.934447 -0.000000 0.034626 -0.000000 -2.843182  
 16 8 5  0.000000 0.689306 0.000000 0.021635 -0.000000 2.095962 0.000000 -0.689306 -0.000000 -0.021635 -0.000000 2.106046  
 17 10 11  0.000000 -1.043769 -0.000000 0.048257 0.000000 -3.183593 0.000000 1.043769 0.000000 -0.048257 0.000000 -3.179220  
 18 11 12  0.000000 1.304631 -0.000000 -0.039548 0.000000 3.963378 0.000000 -1.304631 0.000000 0.039548 0.000000 3.989654  
 19 12 13  0.000000 -1.044380 0.000000 0.038158 -0.000000 -3.181084 0.000000 1.044380 -0.000000 -0.038158 -0.000000 -3.185457  
 20 13 10  0.000000 1.305243 0.000000 -0.037681 -0.000000 3.991517 0.000000 -1.305243 -0.000000 0.037681 -0.000000 3.965241  
 21 15 16  0.000000 -0.650801 -0.000000 0.051436 0.000000 -1.989482 0.000000 0.650801 0.000000 -0.051436 0.000000 -1.977800  
 22 16 17  0.000000 1.144279 -0.000000 -0.046038 0.000000 3.461295 0.000000 -1.144279 0.000000 0.046038 0.000000 3.514229  
 23 17 18  0.000000 -0.651665 0.000000 0.047197 -0.000000 -1.980435 0.000000 0.651665 -0.000000 -0.047197 -0.000000 -1.992117  
 24 18 15  0.000000 1.145143 0.000000 -0.044994 -0.000000 3.516864 0.000000 -1.145143 -0.000000 0.044994 -0.000000 3.463930  
 118 118 128  28.146431 -0.598295 0.959073 -0.013204 -1.509492 -1.390034 -28.146431 0.598295 -0.959073 0.013204 1.158702 1.171201  
 128 128 138  28.146431 -0.598295 0.959073 -0.013204 -1.158702 -1.171201 -28.146431 0.598295 -0.959073 0.013204 0.807911 0.952369  
 138 138 148  28.146431 -0.598295 0.959073 -0.013204 -0.807911 -0.952369 -28.146431 0.598295 -0.959073 0.013204 0.457121 0.733536  
 148 148 158  28.146431 -0.598295 0.959073 -0.013204 -0.457121 -0.733536 -28.146431 0.598295 -0.959073 0.013204 0.106330 0.514704  
 158 158 168  28.146431 -0.598295 0.959073 -0.013204 -0.106330 -0.514704 -28.146431 0.598295 -0.959073 0.013204 -0.244460 0.295871  
 168 168 178  28.146431 -0.598295 0.959073 -0.013204 0.244460 -0.295871 -28.146431 0.598295 -0.959073 0.013204 -0.595251 0.077039  
 178 178 188  28.146431 -0.598295 0.959073 -0.013204 0.595251 -0.077039 -28.146431 0.598295 -0.959073 0.013204 -0.946041 -0.141794  
 188 188 198  28.146431 -0.598295 0.959073 -0.013204 0.946041 0.141794 -28.146431 0.598295 -0.959073 0.013204 -1.296832 -0.360626  
 198 198 13  28.146431 -0.598295 0.959073 -0.013204 1.296832 0.360626 -28.146431 0.598295 -0.959073 0.013204 -1.647622 -0.579459  
