 1 1 5  26.106439 -3.048587 -1.850904 0.254118 4.090970 -7.211652 -26.106439 3.048587 1.850904 -0.254118 2.678896 -3.938859  
 2 2 6  28.447996 -3.156203 -1.842473 0.254118 4.060886 -7.459830 -28.447996 3.156203 1.842473 -0.254118 2.678142 -4.084298  
 3 3 7  45.892746 -3.343436 -2.097457 0.254118 4.623282 -8.114153 -45.892746 3.343436 2.097457 -0.254118 3.048376 -4.114798  
 4 4 8  43.552819 -3.258954 -2.121515 0.254118 4.687274 -7.917376 -43.552819 3.258954 2.121515 -0.254118 3.072381 -4.002573  
 5 5 10  18.175191 -2.217013 -0.843827 0.190361 0.862548 -4.494747 -18.175191 2.217013 0.843827 -0.190361 2.223835 -3.614200  
 6 6 11  18.011350 -2.221767 -0.832352 0.190361 0.852012 -4.498351 -18.011350 2.221767 0.832352 -0.190361 2.192398 -3.627985  
 7 7 12  29.821288 -2.259636 -0.992164 0.190361 1.060530 -4.646685 -29.821288 2.259636 0.992164 -0.190361 2.568409 -3.618162  
 8 8 118  29.992171 -2.214218 -0.984013 0.190361 1.036517 -4.553009 -29.992171 2.214218 0.984013 -0.190361 -0.676604 3.743137  
 9 10 15  9.855800 -3.903512 0.697153 -0.007307 -1.505546 -6.776978 -9.855800 3.903512 -0.697153 0.007307 -1.044362 -7.500506  
 10 11 16  9.169434 -3.845576 0.692152 -0.007307 -1.492530 -6.672541 -9.169434 3.845576 -0.692152 0.007307 -1.039084 -7.393036  
 11 12 17  14.140646 -3.979144 0.748536 -0.007307 -1.673888 -6.883605 -14.140646 3.979144 -0.748536 0.007307 -1.063958 -7.670513  
 12 13 18  14.834120 -4.022201 0.751345 -0.007307 -1.689771 -6.949489 -14.834120 4.022201 -0.751345 0.007307 -1.058349 -7.762115  
 13 5 6  0.000000 1.253375 0.000000 -0.072459 -0.000000 3.823108 0.000000 -1.253375 -0.000000 0.072459 -0.000000 3.817467  
 14 6 7  0.000000 2.816730 -0.000000 0.287313 0.000000 8.510190 0.000000 -2.816730 0.000000 -0.287313 0.000000 8.660595  
 15 7 8  0.000000 1.254729 -0.000000 -0.100888 0.000000 3.821592 0.000000 -1.254729 0.000000 0.100888 0.000000 3.827233  
 16 8 5  0.000000 2.815376 0.000000 0.281664 -0.000000 8.656470 0.000000 -2.815376 -0.000000 -0.281664 -0.000000 8.506065  
 17 10 11  0.000000 0.261271 -0.000000 0.045352 0.000000 0.795538 0.000000 -0.261271 0.000000 -0.045352 0.000000 0.797169  
 18 11 12  0.000000 3.419355 0.000000 0.097301 -0.000000 10.345877 0.000000 -3.419355 -0.000000 -0.097301 -0.000000 10.498510  
 19 12 13  0.000000 0.261287 0.000000 -0.003256 -0.000000 0.797219 0.000000 -0.261287 -0.000000 0.003256 -0.000000 0.795588  
 20 13 10  0.000000 3.419338 -0.000000 0.077249 0.000000 10.498460 0.000000 -3.419338 0.000000 -0.077249 0.000000 10.345827  
 21 15 16  0.000000 -0.344072 0.000000 0.051027 -0.000000 -1.048647 0.000000 0.344072 -0.000000 -0.051027 -0.000000 -1.048813  
 22 16 17  0.000000 2.486494 -0.000000 -0.009729 0.000000 7.444063 0.000000 -2.486494 0.000000 0.009729 0.000000 7.713606  
 23 17 18  0.000000 -0.345849 -0.000000 0.043092 0.000000 -1.054229 0.000000 0.345849 0.000000 -0.043092 0.000000 -1.054064  
 24 18 15  0.000000 2.488271 0.000000 -0.004285 -0.000000 7.719022 0.000000 -2.488271 -0.000000 0.004285 -0.000000 7.449480  
 118 118 128  29.992171 -2.214218 -0.984013 0.190361 0.676604 -3.743137 -29.992171 2.214218 0.984013 -0.190361 -0.316692 2.933264  
 128 128 138  29.992171 -2.214218 -0.984013 0.190361 0.316692 -2.933264 -29.992171 2.214218 0.984013 -0.190361 0.043221 2.123392  
 138 138 148  29.992171 -2.214218 -0.984013 0.190361 -0.043221 -2.123392 -29.992171 2.214218 0.984013 -0.190361 0.403133 1.313520  
 148 148 158  29.992171 -2.214218 -0.984013 0.190361 -0.403133 -1.313520 -29.992171 2.214218 0.984013 -0.190361 0.763046 0.503647  
 158 158 168  29.992171 -2.214218 -0.984013 0.190361 -0.763046 -0.503647 -29.992171 2.214218 0.984013 -0.190361 1.122958 -0.306225  
 168 168 178  29.992171 -2.214218 -0.984013 0.190361 -1.122958 0.306225 -29.992171 2.214218 0.984013 -0.190361 1.482871 -1.116097  
 178 178 188  29.992171 -2.214218 -0.984013 0.190361 -1.482871 1.116097 -29.992171 2.214218 0.984013 -0.190361 1.842783 -1.925970  
 188 188 198  29.992171 -2.214218 -0.984013 0.190361 -1.842783 1.925970 -29.992171 2.214218 0.984013 -0.190361 2.202696 -2.735842  
 198 198 13  29.992171 -2.214218 -0.984013 0.190361 -2.202696 2.735842 -29.992171 2.214218 0.984013 -0.190361 2.562608 -3.545715  
