 1 1 5  38.530069 5.419393 -3.328890 0.172233 7.583623 12.475825 -38.530069 -5.419393 3.328890 -0.172233 4.592127 7.346146  
 2 2 6  50.159496 5.816502 -3.422123 0.172233 7.900938 13.348025 -50.159496 -5.816502 3.422123 -0.172233 4.615819 7.926412  
 3 3 7  33.355165 5.476611 -3.072402 0.172233 7.161947 12.297984 -33.355165 -5.476611 3.072402 -0.172233 4.075670 7.733270  
 4 4 8  21.955270 4.888628 -2.919549 0.172233 6.704659 11.038601 -21.955270 -4.888628 2.919549 -0.172233 3.973882 6.842045  
 5 5 10  24.973212 3.619947 -2.708938 0.153193 4.595764 5.710378 -24.973212 -3.619947 2.708938 -0.153193 5.312448 7.529940  
 6 6 11  30.930756 3.856000 -2.693183 0.153193 4.544638 6.130452 -30.930756 -3.856000 2.693183 -0.153193 5.305950 7.973254  
 7 7 12  22.936678 3.919456 -2.454988 0.153193 4.088079 6.390249 -22.936678 -3.919456 2.454988 -0.153193 4.891283 7.945554  
 8 8 118  17.159354 3.307090 -2.299757 0.153193 3.939522 5.478043 -17.159354 -3.307090 2.299757 -0.153193 -3.098363 -4.268442  
 9 10 15  12.198423 1.170069 -1.126949 -0.009158 1.442122 1.052356 -12.198423 -1.170069 1.126949 0.009158 2.679807 3.227288  
 10 11 16  13.960676 1.215911 -1.086638 -0.009158 1.295274 1.100327 -13.960676 -1.215911 1.086638 0.009158 2.679212 3.346988  
 11 12 17  11.756497 1.310148 -1.033990 -0.009158 1.224190 1.432418 -11.756497 -1.310148 1.033990 0.009158 2.557731 3.359579  
 12 13 18  10.084403 1.256812 -1.068402 -0.009158 1.356646 1.368900 -10.084403 -1.256812 1.068402 0.009158 2.551139 3.228016  
 13 5 6  0.000000 2.829778 0.000000 0.481382 -0.000000 8.569435 0.000000 -2.829778 -0.000000 -0.481382 -0.000000 8.680891  
 14 6 7  0.000000 -4.398962 0.000000 -0.479566 -0.000000 -13.575482 0.000000 4.398962 -0.000000 0.479566 -0.000000 -13.240591  
 15 7 8  0.000000 2.817450 -0.000000 0.882928 0.000000 8.643316 0.000000 -2.817450 0.000000 -0.882928 0.000000 8.531859  
 16 8 5  0.000000 -4.386634 -0.000000 -0.618456 0.000000 -13.203016 0.000000 4.386634 0.000000 0.618456 0.000000 -13.537907  
 17 10 11  0.000000 2.086388 0.000000 0.211328 -0.000000 6.325957 0.000000 -2.086388 -0.000000 -0.211328 -0.000000 6.392662  
 18 11 12  0.000000 -2.883692 -0.000000 -0.208562 0.000000 -8.862252 0.000000 2.883692 0.000000 0.208562 0.000000 -8.716734  
 19 12 13  0.000000 2.063872 -0.000000 0.661238 0.000000 6.324036 0.000000 -2.063872 0.000000 -0.661238 0.000000 6.257330  
 20 13 10  0.000000 -2.861177 0.000000 -0.428613 -0.000000 -8.648107 0.000000 2.861177 -0.000000 0.428613 -0.000000 -8.793625  
 21 15 16  0.000000 0.869857 -0.000000 0.025499 0.000000 2.649824 0.000000 -0.869857 0.000000 -0.025499 0.000000 2.652822  
 22 16 17  0.000000 -1.090820 -0.000000 -0.026390 0.000000 -3.321489 0.000000 1.090820 0.000000 0.026390 0.000000 -3.328148  
 23 17 18  0.000000 0.847317 0.000000 0.031431 -0.000000 2.584120 0.000000 -0.847317 -0.000000 -0.031431 -0.000000 2.581123  
 24 18 15  0.000000 -1.068280 0.000000 -0.029983 -0.000000 -3.259446 0.000000 1.068280 -0.000000 0.029983 -0.000000 -3.252787  
 118 118 128  17.159354 3.307090 -2.299757 0.153193 3.098363 4.268442 -17.159354 -3.307090 2.299757 -0.153193 -2.257203 -3.058841  
 128 128 138  17.159354 3.307090 -2.299757 0.153193 2.257203 3.058841 -17.159354 -3.307090 2.299757 -0.153193 -1.416044 -1.849239  
 138 138 148  17.159354 3.307090 -2.299757 0.153193 1.416044 1.849239 -17.159354 -3.307090 2.299757 -0.153193 -0.574885 -0.639638  
 148 148 158  17.159354 3.307090 -2.299757 0.153193 0.574885 0.639638 -17.159354 -3.307090 2.299757 -0.153193 0.266274 0.569963  
 158 158 168  17.159354 3.307090 -2.299757 0.153193 -0.266274 -0.569963 -17.159354 -3.307090 2.299757 -0.153193 1.107434 1.779564  
 168 168 178  17.159354 3.307090 -2.299757 0.153193 -1.107434 -1.779564 -17.159354 -3.307090 2.299757 -0.153193 1.948593 2.989166  
 178 178 188  17.159354 3.307090 -2.299757 0.153193 -1.948593 -2.989166 -17.159354 -3.307090 2.299757 -0.153193 2.789752 4.198767  
 188 188 198  17.159354 3.307090 -2.299757 0.153193 -2.789752 -4.198767 -17.159354 -3.307090 2.299757 -0.153193 3.630911 5.408368  
 198 198 13  17.159354 3.307090 -2.299757 0.153193 -3.630911 -5.408368 -17.159354 -3.307090 2.299757 -0.153193 4.472071 6.617969  
