 1 1 5  34.189240 -0.016348 -1.031813 -0.000332 2.403319 -0.175232 -34.189240 0.016348 1.031813 0.000332 1.370639 0.115437  
 2 2 6  35.982350 -0.016130 -1.031138 -0.000332 2.401230 -0.174757 -35.982350 0.016130 1.031138 0.000332 1.370260 0.115761  
 3 3 7  37.810726 -0.015828 -1.030707 -0.000332 2.400266 -0.173724 -37.810726 0.015828 1.030707 0.000332 1.369646 0.115832  
 4 4 8  36.017684 -0.015979 -1.031439 -0.000332 2.402401 -0.174084 -36.017684 0.015979 1.031439 0.000332 1.370191 0.115641  
 5 5 10  23.015417 -0.258446 -0.501492 -0.000070 0.610003 -0.653794 -23.015417 0.258446 0.501492 0.000070 1.224255 -0.291499  
 6 6 11  23.509200 -0.258354 -0.501513 -0.000070 0.610134 -0.653606 -23.509200 0.258354 0.501513 0.000070 1.224200 -0.291350  
 7 7 12  24.984559 -0.258311 -0.501375 -0.000070 0.609954 -0.653560 -24.984559 0.258311 0.501375 0.000070 1.223874 -0.291239  
 8 8 118  24.490824 -0.258397 -0.501361 -0.000070 0.609807 -0.653770 -24.490824 0.258397 0.501361 0.000070 -0.426429 0.559259  
 9 10 15  11.672334 -0.535078 0.128872 -0.000148 -0.443629 -0.930534 -11.672334 0.535078 -0.128872 0.000148 -0.027733 -1.026569  
 10 11 16  11.654081 -0.535054 0.128876 -0.000148 -0.443600 -0.930490 -11.654081 0.535054 -0.128876 0.000148 -0.027777 -1.026525  
 11 12 17  12.327653 -0.535094 0.128997 -0.000148 -0.443876 -0.930639 -12.327653 0.535094 -0.128997 0.000148 -0.027942 -1.026520  
 12 13 18  12.345931 -0.535112 0.128988 -0.000148 -0.443895 -0.930669 -12.345931 0.535112 -0.128988 0.000148 -0.027892 -1.026557  
 13 5 6  0.000000 0.649661 0.000000 0.000249 -0.000000 1.980328 0.000000 -0.649661 -0.000000 -0.000249 -0.000000 1.980005  
 14 6 7  0.000000 0.176511 0.000000 -0.000389 -0.000000 0.538093 0.000000 -0.176511 -0.000000 0.000389 -0.000000 0.537921  
 15 7 8  0.000000 0.649656 -0.000000 0.000193 0.000000 1.979990 0.000000 -0.649656 0.000000 -0.000193 0.000000 1.980313  
 16 8 5  0.000000 0.176516 -0.000000 -0.000314 0.000000 0.537936 0.000000 -0.176516 0.000000 0.000314 0.000000 0.538108  
 17 10 11  0.000000 0.256015 -0.000000 0.000087 0.000000 0.780361 0.000000 -0.256015 0.000000 -0.000087 0.000000 0.780308  
 18 11 12  0.000000 0.400896 0.000000 -0.000292 -0.000000 1.221928 0.000000 -0.400896 -0.000000 0.000292 -0.000000 1.221935  
 19 12 13  0.000000 0.256009 0.000000 0.000057 -0.000000 0.780290 0.000000 -0.256009 -0.000000 -0.000057 -0.000000 0.780343  
 20 13 10  0.000000 0.400902 -0.000000 -0.000265 0.000000 1.221953 0.000000 -0.400902 0.000000 0.000265 0.000000 1.221946  
 21 15 16  0.000000 -0.009130 -0.000000 0.000013 0.000000 -0.027804 0.000000 0.009130 0.000000 -0.000013 0.000000 -0.027850  
 22 16 17  0.000000 0.336789 -0.000000 -0.000073 0.000000 1.026537 0.000000 -0.336789 0.000000 0.000073 0.000000 1.026529  
 23 17 18  0.000000 -0.009136 0.000000 0.000009 -0.000000 -0.027869 0.000000 0.009136 -0.000000 -0.000009 -0.000000 -0.027822  
 24 18 15  0.000000 0.336795 0.000000 -0.000070 -0.000000 1.026548 0.000000 -0.336795 -0.000000 0.000070 -0.000000 1.026556  
 118 118 128  24.490824 -0.258397 -0.501361 -0.000070 0.426429 -0.559259 -24.490824 0.258397 0.501361 0.000070 -0.243052 0.464748  
 128 128 138  24.490824 -0.258397 -0.501361 -0.000070 0.243052 -0.464748 -24.490824 0.258397 0.501361 0.000070 -0.059674 0.370237  
 138 138 148  24.490824 -0.258397 -0.501361 -0.000070 0.059674 -0.370237 -24.490824 0.258397 0.501361 0.000070 0.123704 0.275726  
 148 148 158  24.490824 -0.258397 -0.501361 -0.000070 -0.123704 -0.275726 -24.490824 0.258397 0.501361 0.000070 0.307082 0.181214  
 158 158 168  24.490824 -0.258397 -0.501361 -0.000070 -0.307082 -0.181214 -24.490824 0.258397 0.501361 0.000070 0.490460 0.086703  
 168 168 178  24.490824 -0.258397 -0.501361 -0.000070 -0.490460 -0.086703 -24.490824 0.258397 0.501361 0.000070 0.673838 -0.007808  
 178 178 188  24.490824 -0.258397 -0.501361 -0.000070 -0.673838 0.007808 -24.490824 0.258397 0.501361 0.000070 0.857216 -0.102319  
 188 188 198  24.490824 -0.258397 -0.501361 -0.000070 -0.857216 0.102319 -24.490824 0.258397 0.501361 0.000070 1.040594 -0.196830  
 198 198 13  24.490824 -0.258397 -0.501361 -0.000070 -1.040594 0.196830 -24.490824 0.258397 0.501361 0.000070 1.223972 -0.291341  
