 1 1 5  27.183959 -5.390173 0.925676 -0.040841 -2.047721 -12.296861 -27.183959 5.390173 -0.925676 0.040841 -1.338030 -7.418237  
 2 2 6  24.343203 -5.226019 0.913411 -0.040841 -2.021794 -11.936601 -24.343203 5.226019 -0.913411 0.040841 -1.319096 -7.178087  
 3 3 7  44.775570 -5.861150 1.069347 -0.040841 -2.316011 -13.733307 -44.775570 5.861150 -1.069347 0.040841 -1.595233 -7.704437  
 4 4 8  47.697267 -5.950350 1.076688 -0.040841 -2.340542 -13.945995 -47.697267 5.950350 -1.076688 0.040841 -1.597551 -7.818004  
 5 5 10  19.266572 -4.155766 0.407546 -0.143115 -0.624590 -7.119761 -19.266572 4.155766 -0.407546 0.143115 -0.866049 -8.080368  
 6 6 11  17.812301 -4.079615 0.404246 -0.143115 -0.623175 -6.981986 -17.812301 4.079615 -0.404246 0.143115 -0.855396 -7.939614  
 7 7 12  28.700621 -4.246263 0.453614 -0.143115 -0.707780 -7.121405 -28.700621 4.246263 -0.453614 0.143115 -0.951358 -8.409726  
 8 8 118  30.220506 -4.066142 0.442022 -0.143115 -0.693275 -6.885310 -30.220506 4.066142 -0.442022 0.143115 0.531601 5.398078  
 9 10 15  10.513640 -2.339349 0.359912 -0.002912 -0.551665 -3.290815 -10.513640 2.339349 -0.359912 0.002912 -0.764751 -5.265587  
 10 11 16  10.010981 -2.308838 0.357365 -0.002912 -0.544946 -3.246312 -10.010981 2.308838 -0.357365 0.002912 -0.762151 -5.198494  
 11 12 17  13.469719 -2.332253 0.387674 -0.002912 -0.599973 -3.198608 -13.469719 2.332253 -0.387674 0.002912 -0.817982 -5.331841  
 12 13 18  14.005660 -2.358599 0.390281 -0.002912 -0.606722 -3.236823 -14.005660 2.358599 -0.390281 0.002912 -0.820770 -5.389990  
 13 5 6  0.000000 -0.695158 0.000000 0.183123 -0.000000 -2.120883 0.000000 0.695158 -0.000000 -0.183123 -0.000000 -2.116803  
 14 6 7  0.000000 4.773939 0.000000 -0.174532 -0.000000 14.343195 0.000000 -4.773939 -0.000000 0.174532 -0.000000 14.758738  
 15 7 8  0.000000 -0.698990 -0.000000 -0.067103 0.000000 -2.128482 0.000000 0.698990 0.000000 0.067103 0.000000 -2.132563  
 16 8 5  0.000000 4.777771 -0.000000 -0.158263 0.000000 14.770418 0.000000 -4.777771 0.000000 0.158263 0.000000 14.354874  
 17 10 11  0.000000 -0.479847 0.000000 0.080310 -0.000000 -1.461631 0.000000 0.479847 -0.000000 -0.080310 -0.000000 -1.463518  
 18 11 12  0.000000 3.718832 0.000000 -0.063176 -0.000000 11.266235 0.000000 -3.718832 -0.000000 0.063176 -0.000000 11.403766  
 19 12 13  0.000000 -0.487931 -0.000000 -0.204568 0.000000 -1.488156 0.000000 0.487931 0.000000 0.204568 0.000000 -1.486269  
 20 13 10  0.000000 3.726915 -0.000000 -0.043917 0.000000 11.428404 0.000000 -3.726915 0.000000 0.043917 0.000000 11.290873  
 21 15 16  0.000000 -0.255490 0.000000 0.020866 -0.000000 -0.780080 0.000000 0.255490 -0.000000 -0.020866 -0.000000 -0.777386  
 22 16 17  0.000000 1.733530 -0.000000 -0.015236 0.000000 5.219361 0.000000 -1.733530 0.000000 0.015236 0.000000 5.348235  
 23 17 18  0.000000 -0.263810 -0.000000 0.016394 0.000000 -0.802747 0.000000 0.263810 0.000000 -0.016394 0.000000 -0.805440  
 24 18 15  0.000000 1.741850 0.000000 -0.015329 -0.000000 5.373596 0.000000 -1.741850 -0.000000 0.015329 -0.000000 5.244721  
 118 118 128  30.220506 -4.066142 0.442022 -0.143115 -0.531601 -5.398078 -30.220506 4.066142 -0.442022 0.143115 0.369927 3.910845  
 128 128 138  30.220506 -4.066142 0.442022 -0.143115 -0.369927 -3.910845 -30.220506 4.066142 -0.442022 0.143115 0.208253 2.423613  
 138 138 148  30.220506 -4.066142 0.442022 -0.143115 -0.208253 -2.423613 -30.220506 4.066142 -0.442022 0.143115 0.046579 0.936381  
 148 148 158  30.220506 -4.066142 0.442022 -0.143115 -0.046579 -0.936381 -30.220506 4.066142 -0.442022 0.143115 -0.115095 -0.550851  
 158 158 168  30.220506 -4.066142 0.442022 -0.143115 0.115095 0.550851 -30.220506 4.066142 -0.442022 0.143115 -0.276768 -2.038084  
 168 168 178  30.220506 -4.066142 0.442022 -0.143115 0.276768 2.038084 -30.220506 4.066142 -0.442022 0.143115 -0.438442 -3.525316  
 178 178 188  30.220507 -4.066143 0.442022 -0.143115 0.438442 3.525316 -30.220507 4.066143 -0.442022 0.143115 -0.600116 -5.012548  
 188 188 198  30.220506 -4.066142 0.442022 -0.143115 0.600116 5.012548 -30.220506 4.066142 -0.442022 0.143115 -0.761790 -6.499780  
 198 198 13  30.220506 -4.066142 0.442022 -0.143115 0.761790 6.499780 -30.220506 4.066142 -0.442022 0.143115 -0.923464 -7.987013  
