 1 1 5  40.709626 -0.762751 2.677514 0.019271 -6.747784 -1.859497 -40.709626 0.762751 -2.677514 -0.019271 -3.045490 -0.930340  
 2 2 6  27.940855 -0.719830 2.577112 0.019271 -6.360877 -1.756887 -27.940855 0.719830 -2.577112 -0.019271 -3.065169 -0.875963  
 3 3 7  31.276952 -0.707890 2.620542 0.019271 -6.475329 -1.719896 -31.276952 0.707890 -2.620542 -0.019271 -3.109567 -0.869282  
 4 4 8  44.072567 -0.743296 2.687128 0.019271 -6.792616 -1.816236 -44.072567 0.743296 -2.687128 -0.019271 -3.035823 -0.902443  
 5 5 10  26.887468 -0.815749 2.649208 0.089578 -4.840787 -1.435064 -26.887468 0.815749 -2.649208 -0.089578 -4.848957 -1.548620  
 6 6 11  19.246132 -0.731782 2.540452 0.089578 -4.630388 -1.284286 -19.246132 0.731782 -2.540452 -0.089578 -4.661569 -1.392280  
 7 7 12  21.100101 -0.742891 2.604964 0.089578 -4.749120 -1.310096 -21.100101 0.742891 -2.604964 -0.089578 -4.778798 -1.407103  
 8 8 118  28.766300 -0.812989 2.621211 0.089578 -4.786537 -1.433615 -28.766300 0.812989 -2.621211 -0.089578 3.827803 1.136256  
 9 10 15  13.045966 -0.387171 1.879710 -0.002691 -2.785168 -0.507128 -13.045966 0.387171 -1.879710 0.002691 -4.090057 -0.908987  
 10 11 16  10.375112 -0.363361 1.863525 -0.002691 -2.795975 -0.474733 -10.375112 0.363361 -1.863525 0.002691 -4.020053 -0.854297  
 11 12 17  10.947537 -0.363591 1.891470 -0.002691 -2.841299 -0.472869 -10.947537 0.363591 -1.891470 0.002691 -4.076943 -0.857001  
 12 13 18  13.631386 -0.386752 1.902270 -0.002691 -2.823663 -0.505759 -13.631386 0.386752 -1.902270 0.002691 -4.134081 -0.908826  
 13 5 6  0.000000 -2.563965 -0.000000 0.101823 0.000000 -7.853563 0.000000 2.563965 0.000000 -0.101823 0.000000 -7.776367  
 14 6 7  0.000000 0.741311 -0.000000 -0.080810 0.000000 2.262072 0.000000 -0.741311 0.000000 0.080810 0.000000 2.256963  
 15 7 8  0.000000 -2.564460 0.000000 0.077585 -0.000000 -7.777877 0.000000 2.564460 -0.000000 -0.077585 -0.000000 -7.855073  
 16 8 5  0.000000 0.741807 0.000000 0.032713 -0.000000 2.258473 0.000000 -0.741807 -0.000000 -0.032713 -0.000000 2.263582  
 17 10 11  0.000000 -2.486725 -0.000000 0.089846 0.000000 -7.624774 0.000000 2.486725 0.000000 -0.089846 0.000000 -7.534299  
 18 11 12  0.000000 0.642255 0.000000 -0.076755 -0.000000 1.956859 0.000000 -0.642255 -0.000000 0.076755 -0.000000 1.958330  
 19 12 13  0.000000 -2.489692 0.000000 0.078358 -0.000000 -7.543342 0.000000 2.489692 -0.000000 -0.078358 -0.000000 -7.633818  
 20 13 10  0.000000 0.645222 -0.000000 0.009351 0.000000 1.967373 0.000000 -0.645222 0.000000 -0.009351 0.000000 1.965902  
 21 15 16  0.000000 -1.337051 0.000000 0.022394 -0.000000 -4.107118 0.000000 1.337051 -0.000000 -0.022394 -0.000000 -4.043547  
 22 16 17  0.000000 0.287837 -0.000000 -0.023494 0.000000 0.876691 0.000000 -0.287837 0.000000 0.023494 0.000000 0.877963  
 23 17 18  0.000000 -1.340300 -0.000000 0.020962 0.000000 -4.053449 0.000000 1.340300 0.000000 -0.020962 0.000000 -4.117020  
 24 18 15  0.000000 0.291086 0.000000 -0.017061 -0.000000 0.887865 0.000000 -0.291086 -0.000000 0.017061 -0.000000 0.886593  
 118 118 128  28.766300 -0.812989 2.621211 0.089578 -3.827803 -1.136256 -28.766300 0.812989 -2.621211 -0.089578 2.869069 0.838897  
 128 128 138  28.766300 -0.812989 2.621211 0.089578 -2.869069 -0.838897 -28.766300 0.812989 -2.621211 -0.089578 1.910335 0.541539  
 138 138 148  28.766300 -0.812989 2.621211 0.089578 -1.910335 -0.541539 -28.766300 0.812989 -2.621211 -0.089578 0.951601 0.244180  
 148 148 158  28.766300 -0.812989 2.621211 0.089578 -0.951601 -0.244180 -28.766300 0.812989 -2.621211 -0.089578 -0.007133 -0.053179  
 158 158 168  28.766300 -0.812989 2.621211 0.089578 0.007133 0.053179 -28.766300 0.812989 -2.621211 -0.089578 -0.965867 -0.350538  
 168 168 178  28.766300 -0.812989 2.621211 0.089578 0.965867 0.350538 -28.766300 0.812989 -2.621211 -0.089578 -1.924601 -0.647896  
 178 178 188  28.766300 -0.812989 2.621211 0.089578 1.924601 0.647896 -28.766300 0.812989 -2.621211 -0.089578 -2.883335 -0.945255  
 188 188 198  28.766300 -0.812989 2.621211 0.089578 2.883335 0.945255 -28.766300 0.812989 -2.621211 -0.089578 -3.842069 -1.242614  
 198 198 13  28.766300 -0.812989 2.621211 0.089578 3.842069 1.242614 -28.766300 0.812989 -2.621211 -0.089578 -4.800803 -1.539972  
