 1 1 5  32.818671 -0.806292 -0.966340 -0.001189 2.410662 -1.969127 -32.818671 0.806292 0.966340 0.001189 1.123825 -0.979967  
 2 2 6  36.589026 -0.809274 -0.968964 -0.001189 2.417790 -1.976728 -36.589026 0.809274 0.968964 0.001189 1.126291 -0.983274  
 3 3 7  39.181401 -0.809751 -0.969641 -0.001189 2.419636 -1.978315 -39.181401 0.809751 0.969641 0.001189 1.126922 -0.983431  
 4 4 8  35.410902 -0.808188 -0.968649 -0.001189 2.416562 -1.974281 -35.410902 0.808188 0.968649 0.001189 1.126367 -0.981748  
 5 5 10  22.248701 -0.566870 -0.771534 -0.000151 1.335606 -0.916368 -22.248701 0.566870 0.771534 0.000151 1.486356 -1.157014  
 6 6 11  24.404419 -0.566904 -0.771168 -0.000151 1.334462 -0.916262 -24.404419 0.566904 0.771168 0.000151 1.486163 -1.157247  
 7 7 12  25.751346 -0.566520 -0.770947 -0.000151 1.334092 -0.915395 -25.751346 0.566520 0.770947 0.000151 1.485724 -1.156710  
 8 8 118  23.595535 -0.566631 -0.771481 -0.000151 1.335416 -0.915656 -23.595535 0.566631 0.771481 0.000151 -1.053239 0.708405  
 9 10 15  11.412853 -0.244077 -0.491234 -0.000705 0.650323 -0.253253 -11.412853 0.244077 0.491234 0.000705 1.146415 -0.639483  
 10 11 16  12.166221 -0.245482 -0.491692 -0.000705 0.650780 -0.254856 -12.166221 0.245482 0.491692 0.000705 1.147631 -0.643019  
 11 12 17  12.587172 -0.245658 -0.492530 -0.000705 0.651727 -0.255102 -12.587172 0.245658 0.492530 0.000705 1.149751 -0.643416  
 12 13 18  11.833754 -0.244321 -0.492212 -0.000705 0.651430 -0.253579 -11.833754 0.244321 0.492212 0.000705 1.148886 -0.640049  
 13 5 6  0.000000 0.807325 -0.000000 -0.001581 0.000000 2.460588 0.000000 -0.807325 0.000000 0.001581 0.000000 2.460864  
 14 6 7  0.000000 0.622718 -0.000000 0.000111 0.000000 1.897955 0.000000 -0.622718 0.000000 -0.000111 0.000000 1.898135  
 15 7 8  0.000000 0.807338 0.000000 -0.000691 -0.000000 2.460903 0.000000 -0.807338 -0.000000 0.000691 -0.000000 2.460627  
 16 8 5  0.000000 0.622705 0.000000 0.001156 -0.000000 1.898095 0.000000 -0.622705 -0.000000 -0.001156 -0.000000 1.897915  
 17 10 11  0.000000 0.701181 -0.000000 -0.000901 0.000000 2.137216 0.000000 -0.701181 0.000000 0.000901 0.000000 2.137181  
 18 11 12  0.000000 0.462982 -0.000000 0.000237 0.000000 1.411202 0.000000 -0.462982 0.000000 -0.000237 0.000000 1.411139  
 19 12 13  0.000000 0.701191 0.000000 -0.000673 -0.000000 2.137214 0.000000 -0.701191 -0.000000 0.000673 -0.000000 2.137248  
 20 13 10  0.000000 0.462972 0.000000 0.000536 -0.000000 1.411106 0.000000 -0.462972 -0.000000 -0.000536 -0.000000 1.411169  
 21 15 16  0.000000 0.376690 0.000000 -0.001749 -0.000000 1.147632 0.000000 -0.376690 -0.000000 0.001749 -0.000000 1.148672  
 22 16 17  0.000000 0.210469 0.000000 0.001041 -0.000000 0.641270 0.000000 -0.210469 -0.000000 -0.001041 -0.000000 0.641751  
 23 17 18  0.000000 0.376703 -0.000000 -0.001665 0.000000 1.148710 0.000000 -0.376703 0.000000 0.001665 0.000000 1.147670  
 24 18 15  0.000000 0.210457 -0.000000 0.001216 0.000000 0.641713 0.000000 -0.210457 0.000000 -0.001216 0.000000 0.641232  
 118 118 128  23.595535 -0.566631 -0.771481 -0.000151 1.053239 -0.708405 -23.595535 0.566631 0.771481 0.000151 -0.771062 0.501154  
 128 128 138  23.595535 -0.566631 -0.771481 -0.000151 0.771062 -0.501154 -23.595535 0.566631 0.771481 0.000151 -0.488884 0.293903  
 138 138 148  23.595535 -0.566631 -0.771481 -0.000151 0.488884 -0.293903 -23.595535 0.566631 0.771481 0.000151 -0.206707 0.086652  
 148 148 158  23.595535 -0.566631 -0.771481 -0.000151 0.206707 -0.086652 -23.595535 0.566631 0.771481 0.000151 0.075470 -0.120599  
 158 158 168  23.595535 -0.566631 -0.771481 -0.000151 -0.075470 0.120599 -23.595535 0.566631 0.771481 0.000151 0.357647 -0.327850  
 168 168 178  23.595535 -0.566631 -0.771481 -0.000151 -0.357647 0.327850 -23.595535 0.566631 0.771481 0.000151 0.639824 -0.535101  
 178 178 188  23.595535 -0.566631 -0.771481 -0.000151 -0.639824 0.535101 -23.595535 0.566631 0.771481 0.000151 0.922001 -0.742352  
 188 188 198  23.595535 -0.566631 -0.771481 -0.000151 -0.922001 0.742352 -23.595535 0.566631 0.771481 0.000151 1.204178 -0.949603  
 198 198 13  23.595535 -0.566631 -0.771481 -0.000151 -1.204178 0.949603 -23.595535 0.566631 0.771481 0.000151 1.486355 -1.156854  
