 1 1 5  28.291600 -8.145700 3.741344 0.491279 -8.824205 -18.303810 -28.291600 8.145700 -3.741344 -0.491279 -4.860135 -11.489903  
 2 2 6  11.307281 -6.953487 3.474419 0.491279 -8.069970 -15.757654 -11.307281 6.953487 -3.474419 -0.491279 -4.638066 -9.675421  
 3 3 7  43.290009 -8.417147 4.224739 0.491279 -9.809814 -19.602398 -43.290009 8.417147 -4.224739 -0.491279 -5.642591 -11.184158  
 4 4 8  61.111110 -9.268862 4.390230 0.491279 -10.305750 -21.474955 -61.111110 9.268862 -4.390230 -0.491279 -5.751954 -12.426834  
 5 5 10  19.810848 -7.332556 4.174877 -0.268982 -7.300029 -12.935931 -19.810848 7.332556 -4.174877 0.268982 -7.970000 -13.883625  
 6 6 11  11.114003 -6.638034 3.988439 -0.268982 -7.005006 -11.669012 -11.114003 6.638034 -3.988439 0.268982 -7.583110 -12.610259  
 7 7 12  27.852124 -7.112613 4.609051 -0.268982 -8.074773 -12.131346 -27.852124 7.112613 -4.609051 0.268982 -8.783294 -13.883749  
 8 8 118  37.223025 -6.936171 4.425339 -0.268982 -7.743876 -11.914515 -37.223025 6.936171 -4.425339 0.268982 6.125264 9.377541  
 9 10 15  10.569084 -3.504044 1.470798 0.074987 -1.784327 -4.922186 -10.569084 3.504044 -1.470798 -0.074987 -3.595265 -7.894205  
 10 11 16  8.293363 -3.340908 1.462558 0.074987 -1.795128 -4.670893 -8.293363 3.340908 -1.462558 -0.074987 -3.554323 -7.548811  
 11 12 17  13.261916 -3.366162 1.576625 0.074987 -1.908257 -4.549829 -13.261916 3.366162 -1.576625 -0.074987 -3.858408 -7.762245  
 12 13 18  15.875638 -3.529386 1.584683 0.074987 -1.901110 -4.795818 -15.875638 3.529386 -1.584683 -0.074987 -3.895026 -8.113264  
 13 5 6  0.000000 -4.164078 0.000000 1.478702 -0.000000 -12.765999 0.000000 4.164078 -0.000000 -1.478702 -0.000000 -12.618220  
 14 6 7  0.000000 7.642645 0.000000 -0.975148 -0.000000 22.823135 0.000000 -7.642645 -0.000000 0.975148 -0.000000 23.766428  
 15 7 8  0.000000 -4.204759 -0.000000 0.450924 0.000000 -12.742216 0.000000 4.204759 0.000000 -0.450924 0.000000 -12.889995  
 16 8 5  0.000000 7.683326 -0.000000 -0.605835 0.000000 23.890424 0.000000 -7.683326 0.000000 0.605835 0.000000 22.947131  
 17 10 11  0.000000 -3.252569 0.000000 0.634292 -0.000000 -9.920803 0.000000 3.252569 -0.000000 -0.634292 -0.000000 -9.906857  
 18 11 12  0.000000 5.926791 0.000000 -0.528619 -0.000000 17.915445 0.000000 -5.926791 -0.000000 0.528619 -0.000000 18.214272  
 19 12 13  0.000000 -3.336583 -0.000000 -0.219306 0.000000 -10.162932 0.000000 3.336583 0.000000 0.219306 0.000000 -10.176877  
 20 13 10  0.000000 6.010805 -0.000000 -0.166476 0.000000 18.470347 0.000000 -6.010805 0.000000 0.166476 0.000000 18.171519  
 21 15 16  0.000000 -1.180110 -0.000000 0.043918 0.000000 -3.616367 0.000000 1.180110 0.000000 -0.043918 0.000000 -3.577587  
 22 16 17  0.000000 2.526526 -0.000000 -0.023264 0.000000 7.592729 0.000000 -2.526526 0.000000 0.023264 0.000000 7.808976  
 23 17 18  0.000000 -1.264611 0.000000 0.046730 -0.000000 -3.835144 0.000000 1.264611 -0.000000 -0.046730 -0.000000 -3.873924  
 24 18 15  0.000000 2.611027 0.000000 -0.021102 -0.000000 8.066533 0.000000 -2.611027 -0.000000 0.021102 -0.000000 7.850287  
 118 118 128  37.223025 -6.936171 4.425339 -0.268982 -6.125264 -9.377541 -37.223025 6.936171 -4.425339 0.268982 4.506652 6.840567  
 128 128 138  37.223025 -6.936171 4.425339 -0.268982 -4.506652 -6.840567 -37.223025 6.936171 -4.425339 0.268982 2.888040 4.303594  
 138 138 148  37.223025 -6.936171 4.425339 -0.268982 -2.888040 -4.303594 -37.223025 6.936171 -4.425339 0.268982 1.269428 1.766620  
 148 148 158  37.223025 -6.936171 4.425339 -0.268982 -1.269428 -1.766620 -37.223025 6.936171 -4.425339 0.268982 -0.349183 -0.770354  
 158 158 168  37.223025 -6.936171 4.425339 -0.268982 0.349183 0.770354 -37.223025 6.936171 -4.425339 0.268982 -1.967795 -3.307327  
 168 168 178  37.223025 -6.936171 4.425339 -0.268982 1.967795 3.307327 -37.223025 6.936171 -4.425339 0.268982 -3.586407 -5.844301  
 178 178 188  37.223025 -6.936171 4.425339 -0.268982 3.586407 5.844301 -37.223025 6.936171 -4.425339 0.268982 -5.205019 -8.381275  
 188 188 198  37.223025 -6.936171 4.425339 -0.268982 5.205019 8.381275 -37.223025 6.936171 -4.425339 0.268982 -6.823631 -10.918249  
 198 198 13  37.223025 -6.936171 4.425339 -0.268982 6.823631 10.918249 -37.223025 6.936171 -4.425339 0.268982 -8.442243 -13.455222  
