 1 1 5  34.860251 0.044498 -0.047502 -0.000086 0.258458 0.053288 -34.860251 -0.044498 0.047502 0.000086 -0.084714 0.109469  
 2 2 6  36.586248 0.044950 -0.047196 -0.000086 0.257480 0.054304 -36.586248 -0.044950 0.047196 0.000086 -0.084857 0.110107  
 3 3 7  37.139685 0.045306 -0.046680 -0.000086 0.256317 0.055357 -37.139685 -0.045306 0.046680 0.000086 -0.085579 0.110353  
 4 4 8  35.413816 0.044923 -0.047070 -0.000086 0.257450 0.054484 -35.413816 -0.044923 0.047070 0.000086 -0.085285 0.109826  
 5 5 10  23.103806 -0.073048 -0.324327 -0.000029 0.727485 -0.210090 -23.103806 0.073048 0.324327 0.000029 0.458774 -0.057088  
 6 6 11  24.408357 -0.072890 -0.324341 -0.000029 0.727544 -0.209793 -24.408357 0.072890 0.324341 0.000029 0.458765 -0.056809  
 7 7 12  24.896147 -0.072913 -0.324165 -0.000029 0.727245 -0.209946 -24.896147 0.072913 0.324165 0.000029 0.458422 -0.056741  
 8 8 118  23.591691 -0.073055 -0.324166 -0.000029 0.727193 -0.210215 -23.591691 0.073055 0.324166 0.000029 -0.608626 0.183494  
 9 10 15  11.608331 -0.187726 -0.418185 -0.000007 0.688131 -0.334162 -11.608331 0.187726 0.418185 0.000007 0.841421 -0.352463  
 10 11 16  12.160429 -0.187680 -0.418180 -0.000007 0.688136 -0.334086 -12.160429 0.187680 0.418180 0.000007 0.841398 -0.352372  
 11 12 17  12.391645 -0.187690 -0.418130 -0.000007 0.688053 -0.334135 -12.391645 0.187690 0.418130 0.000007 0.841298 -0.352360  
 12 13 18  11.839595 -0.187733 -0.418137 -0.000007 0.688052 -0.334206 -11.839595 0.187733 0.418137 0.000007 0.841325 -0.352446  
 13 5 6  0.000000 0.210719 0.000000 0.000455 -0.000000 0.642353 0.000000 -0.210719 -0.000000 -0.000455 -0.000000 0.642190  
 14 6 7  0.000000 0.032828 -0.000000 -0.000498 0.000000 0.100141 0.000000 -0.032828 0.000000 0.000498 0.000000 0.099978  
 15 7 8  0.000000 0.210710 -0.000000 0.000385 0.000000 0.642164 0.000000 -0.210710 0.000000 -0.000385 0.000000 0.642327  
 16 8 5  0.000000 0.032836 0.000000 -0.000419 -0.000000 0.100003 0.000000 -0.032836 -0.000000 0.000419 -0.000000 0.100167  
 17 10 11  0.000000 0.376221 -0.000000 0.000160 0.000000 1.146736 0.000000 -0.376221 0.000000 -0.000160 0.000000 1.146706  
 18 11 12  0.000000 0.128293 -0.000000 -0.000195 0.000000 0.391054 0.000000 -0.128293 0.000000 0.000195 0.000000 0.391018  
 19 12 13  0.000000 0.376209 0.000000 0.000142 -0.000000 1.146670 0.000000 -0.376209 -0.000000 -0.000142 -0.000000 1.146700  
 20 13 10  0.000000 0.128305 0.000000 -0.000170 -0.000000 0.391054 0.000000 -0.128305 -0.000000 0.000170 -0.000000 0.391090  
 21 15 16  0.000000 0.276043 -0.000000 0.000028 0.000000 0.841391 0.000000 -0.276043 0.000000 -0.000028 0.000000 0.841366  
 22 16 17  0.000000 0.115614 0.000000 -0.000032 -0.000000 0.352400 0.000000 -0.115614 -0.000000 0.000032 -0.000000 0.352385  
 23 17 18  0.000000 0.276031 0.000000 0.000025 -0.000000 0.841330 0.000000 -0.276031 -0.000000 -0.000025 -0.000000 0.841355  
 24 18 15  0.000000 0.115626 -0.000000 -0.000030 0.000000 0.352421 0.000000 -0.115626 0.000000 0.000030 0.000000 0.352436  
 118 118 128  23.591691 -0.073055 -0.324166 -0.000029 0.608626 -0.183494 -23.591691 0.073055 0.324166 0.000029 -0.490059 0.156774  
 128 128 138  23.591691 -0.073055 -0.324166 -0.000029 0.490059 -0.156774 -23.591691 0.073055 0.324166 0.000029 -0.371492 0.130053  
 138 138 148  23.591691 -0.073055 -0.324166 -0.000029 0.371492 -0.130053 -23.591691 0.073055 0.324166 0.000029 -0.252924 0.103333  
 148 148 158  23.591691 -0.073055 -0.324166 -0.000029 0.252924 -0.103333 -23.591691 0.073055 0.324166 0.000029 -0.134357 0.076612  
 158 158 168  23.591691 -0.073055 -0.324166 -0.000029 0.134357 -0.076612 -23.591691 0.073055 0.324166 0.000029 -0.015790 0.049892  
 168 168 178  23.591691 -0.073055 -0.324166 -0.000029 0.015790 -0.049892 -23.591691 0.073055 0.324166 0.000029 0.102777 0.023171  
 178 178 188  23.591691 -0.073055 -0.324166 -0.000029 -0.102777 -0.023171 -23.591691 0.073055 0.324166 0.000029 0.221344 -0.003549  
 188 188 198  23.591691 -0.073055 -0.324166 -0.000029 -0.221344 0.003549 -23.591691 0.073055 0.324166 0.000029 0.339911 -0.030270  
 198 198 13  23.591691 -0.073055 -0.324166 -0.000029 -0.339911 0.030270 -23.591691 0.073055 0.324166 0.000029 0.458478 -0.056990  
