 1 1 5  36.390038 0.188907 0.579768 -0.000056 -1.299210 0.446868 -36.390038 -0.188907 -0.579768 0.000056 -0.821351 0.244078  
 2 2 6  35.983294 0.189517 0.580227 -0.000056 -1.300629 0.448255 -35.983294 -0.189517 -0.580227 0.000056 -0.821608 0.244922  
 3 3 7  35.609883 0.189921 0.580874 -0.000056 -1.302107 0.449422 -35.609883 -0.189921 -0.580874 0.000056 -0.822498 0.245235  
 4 4 8  36.016785 0.189340 0.580385 -0.000056 -1.300616 0.448116 -36.016785 -0.189340 -0.580385 0.000056 -0.822202 0.244416  
 5 5 10  23.958206 0.110214 0.182302 -0.000021 -0.103165 0.146205 -23.958206 -0.110214 -0.182302 0.000021 -0.563622 0.256915  
 6 6 11  24.158567 0.110438 0.182301 -0.000021 -0.103118 0.146621 -24.158567 -0.110438 -0.182301 0.000021 -0.563667 0.257317  
 7 7 12  24.041735 0.110414 0.182539 -0.000021 -0.103537 0.146446 -24.041735 -0.110414 -0.182539 0.000021 -0.564117 0.257404  
 8 8 118  23.841491 0.110202 0.182528 -0.000021 -0.103563 0.146056 -23.841491 -0.110202 -0.182528 0.000021 0.036801 -0.105748  
 9 10 15  11.890344 -0.021672 -0.237657 -0.000018 0.530910 -0.083281 -11.890344 0.021672 0.237657 0.000018 0.338343 0.004015  
 10 11 16  12.112330 -0.021622 -0.237648 -0.000018 0.530917 -0.083211 -12.112330 0.021622 0.237648 0.000018 0.338305 0.004126  
 11 12 17  12.109627 -0.021636 -0.237587 -0.000018 0.530819 -0.083270 -12.109627 0.021636 0.237587 0.000018 0.338180 0.004135  
 12 13 18  11.887699 -0.021685 -0.237595 -0.000018 0.530809 -0.083343 -11.887699 0.021685 0.237595 0.000018 0.338219 0.004027  
 13 5 6  0.000000 -0.303558 0.000000 0.000614 -0.000000 -0.925125 0.000000 0.303558 -0.000000 -0.000614 -0.000000 -0.925365  
 14 6 7  0.000000 -0.128284 -0.000000 -0.000638 0.000000 -0.390929 0.000000 0.128284 0.000000 0.000638 0.000000 -0.391092  
 15 7 8  0.000000 -0.303568 -0.000000 0.000589 0.000000 -0.925397 0.000000 0.303568 0.000000 -0.000589 0.000000 -0.925156  
 16 8 5  0.000000 -0.128274 0.000000 -0.000608 -0.000000 -0.391060 0.000000 0.128274 -0.000000 0.000608 -0.000000 -0.390897  
 17 10 11  0.000000 -0.010820 -0.000000 0.000214 0.000000 -0.032955 0.000000 0.010820 0.000000 -0.000214 0.000000 -0.033002  
 18 11 12  0.000000 -0.057057 0.000000 -0.000252 -0.000000 -0.173892 0.000000 0.057057 -0.000000 0.000252 -0.000000 -0.173927  
 19 12 13  0.000000 -0.010834 0.000000 0.000207 -0.000000 -0.033046 0.000000 0.010834 -0.000000 -0.000207 -0.000000 -0.033000  
 20 13 10  0.000000 -0.057042 -0.000000 -0.000244 0.000000 -0.173883 0.000000 0.057042 0.000000 0.000244 0.000000 -0.173848  
 21 15 16  0.000000 0.110986 0.000000 0.000033 -0.000000 0.338303 0.000000 -0.110986 -0.000000 -0.000033 -0.000000 0.338265  
 22 16 17  0.000000 -0.001345 0.000000 -0.000040 -0.000000 -0.004093 0.000000 0.001345 -0.000000 0.000040 -0.000000 -0.004104  
 23 17 18  0.000000 0.110971 -0.000000 0.000032 0.000000 0.338221 0.000000 -0.110971 0.000000 -0.000032 0.000000 0.338259  
 24 18 15  0.000000 -0.001330 -0.000000 -0.000040 0.000000 -0.004059 0.000000 0.001330 0.000000 0.000040 0.000000 -0.004048  
 118 118 128  23.841491 0.110202 0.182528 -0.000021 -0.036801 0.105748 -23.841491 -0.110202 -0.182528 0.000021 -0.029960 -0.065441  
 128 128 138  23.841491 0.110202 0.182528 -0.000021 0.029960 0.065441 -23.841491 -0.110202 -0.182528 0.000021 -0.096722 -0.025133  
 138 138 148  23.841491 0.110202 0.182528 -0.000021 0.096722 0.025133 -23.841491 -0.110202 -0.182528 0.000021 -0.163484 0.015174  
 148 148 158  23.841491 0.110202 0.182528 -0.000021 0.163484 -0.015174 -23.841491 -0.110202 -0.182528 0.000021 -0.230245 0.055482  
 158 158 168  23.841491 0.110202 0.182528 -0.000021 0.230245 -0.055482 -23.841491 -0.110202 -0.182528 0.000021 -0.297007 0.095789  
 168 168 178  23.841491 0.110202 0.182528 -0.000021 0.297007 -0.095789 -23.841491 -0.110202 -0.182528 0.000021 -0.363768 0.136097  
 178 178 188  23.841491 0.110202 0.182528 -0.000021 0.363768 -0.136097 -23.841491 -0.110202 -0.182528 0.000021 -0.430530 0.176404  
 188 188 198  23.841491 0.110202 0.182528 -0.000021 0.430530 -0.176404 -23.841491 -0.110202 -0.182528 0.000021 -0.497291 0.216712  
 198 198 13  23.841491 0.110202 0.182528 -0.000021 0.497291 -0.216712 -23.841491 -0.110202 -0.182528 0.000021 -0.564053 0.257019  
