 1 1 5  36.424426 5.043529 -5.050272 0.069558 11.661994 12.298230 -36.424426 -5.043529 5.050272 -0.069558 6.809882 6.148982  
 2 2 6  58.691629 5.726871 -5.266294 0.069558 12.594426 13.867884 -58.691629 -5.726871 5.266294 -0.069558 6.667571 7.078719  
 3 3 7  35.236548 5.488978 -4.591008 0.069558 11.088231 12.761272 -35.236548 -5.488978 4.591008 -0.069558 5.703838 7.315213  
 4 4 8  13.647396 4.418972 -4.063491 0.069558 9.573374 10.441089 -13.647396 -4.418972 4.063491 -0.069558 5.289253 5.721742  
 5 5 10  23.871857 5.713808 -5.420840 0.294406 9.667908 9.977490 -23.871857 -5.713808 5.420840 -0.294406 10.159354 10.921333  
 6 6 11  36.228455 6.292410 -5.337438 0.294406 9.391074 10.892074 -36.228455 -6.292410 5.337438 -0.294406 10.131138 12.123044  
 7 7 12  23.865542 6.324409 -4.872524 0.294406 8.622799 11.188263 -23.865542 -6.324409 4.872524 -0.294406 9.198943 11.943897  
 8 8 118  12.034145 5.000385 -4.369484 0.294406 7.796836 8.829486 -12.034145 -5.000385 4.369484 -0.294406 -6.198654 -7.000545  
 9 10 15  11.725725 1.869400 -2.576814 -0.064728 3.650617 2.032128 -11.725725 -1.869400 2.576814 0.064728 5.774339 4.805389  
 10 11 16  15.546299 2.001720 -2.535784 -0.064728 3.441138 2.158013 -15.546299 -2.001720 2.535784 0.064728 5.833744 5.163479  
 11 12 17  12.141630 2.147681 -2.352851 -0.064728 3.130983 2.676453 -12.141630 -2.147681 2.352851 0.064728 5.474804 5.178907  
 12 13 18  8.586346 1.996101 -2.390900 -0.064728 3.346229 2.502450 -8.586346 -1.996101 2.390900 0.064728 5.398727 4.798489  
 13 5 6  0.000000 4.936196 0.000000 0.863925 -0.000000 14.840175 0.000000 -4.936196 -0.000000 -0.863925 -0.000000 15.250877  
 14 6 7  0.000000 -5.526978 0.000000 -0.807768 -0.000000 -17.106868 0.000000 5.526978 -0.000000 0.807768 -0.000000 -16.585588  
 15 7 8  0.000000 4.897984 -0.000000 1.917889 0.000000 15.134405 0.000000 -4.897984 0.000000 -1.917889 0.000000 14.723704  
 16 8 5  0.000000 -5.488765 -0.000000 -1.637615 0.000000 -16.469117 0.000000 5.488765 0.000000 1.637615 0.000000 -16.990396  
 17 10 11  0.000000 4.235523 -0.000000 0.564772 0.000000 12.769621 0.000000 -4.235523 0.000000 -0.564772 0.000000 13.050127  
 18 11 12  0.000000 -4.446632 -0.000000 -0.522150 0.000000 -13.716285 0.000000 4.446632 0.000000 0.522150 0.000000 -13.390386  
 19 12 13  0.000000 4.170545 0.000000 1.229963 -0.000000 12.852075 0.000000 -4.170545 -0.000000 -1.229963 -0.000000 12.571569  
 20 13 10  0.000000 -4.381655 0.000000 -1.040350 -0.000000 -13.192335 0.000000 4.381655 -0.000000 1.040350 -0.000000 -13.518234  
 21 15 16  0.000000 1.877126 0.000000 0.077969 -0.000000 5.687609 0.000000 -1.877126 -0.000000 -0.077969 -0.000000 5.755350  
 22 16 17  0.000000 -1.669174 0.000000 -0.078395 -0.000000 -5.085509 0.000000 1.669174 -0.000000 0.078395 -0.000000 -5.089773  
 23 17 18  0.000000 1.810803 -0.000000 0.089134 0.000000 5.553199 0.000000 -1.810803 0.000000 -0.089134 0.000000 5.485458  
 24 18 15  0.000000 -1.602851 -0.000000 -0.086731 0.000000 -4.887622 0.000000 1.602851 0.000000 0.086731 0.000000 -4.883358  
 118 118 128  12.034145 5.000385 -4.369484 0.294406 6.198654 7.000545 -12.034145 -5.000385 4.369484 -0.294406 -4.600471 -5.171604  
 128 128 138  12.034145 5.000385 -4.369484 0.294406 4.600471 5.171604 -12.034145 -5.000385 4.369484 -0.294406 -3.002289 -3.342664  
 138 138 148  12.034145 5.000385 -4.369484 0.294406 3.002289 3.342664 -12.034145 -5.000385 4.369484 -0.294406 -1.404106 -1.513723  
 148 148 158  12.034145 5.000385 -4.369484 0.294406 1.404106 1.513723 -12.034145 -5.000385 4.369484 -0.294406 0.194077 0.315218  
 158 158 168  12.034145 5.000385 -4.369484 0.294406 -0.194077 -0.315218 -12.034145 -5.000385 4.369484 -0.294406 1.792259 2.144159  
 168 168 178  12.034145 5.000385 -4.369484 0.294406 -1.792259 -2.144159 -12.034145 -5.000385 4.369484 -0.294406 3.390442 3.973100  
 178 178 188  12.034145 5.000385 -4.369484 0.294406 -3.390442 -3.973100 -12.034145 -5.000385 4.369484 -0.294406 4.988625 5.802040  
 188 188 198  12.034145 5.000385 -4.369484 0.294406 -4.988625 -5.802040 -12.034145 -5.000385 4.369484 -0.294406 6.586807 7.630981  
 198 198 13  12.034145 5.000385 -4.369484 0.294406 -6.586807 -7.630981 -12.034145 -5.000385 4.369484 -0.294406 8.184990 9.459922  
