 1 1 5  33.040814 -1.027068 0.552150 -0.032453 -1.659501 -2.983770 -33.040814 1.027068 -0.552150 0.032453 -0.360044 -0.772835  
 2 2 6  27.670564 -1.038261 0.581204 -0.032453 -1.719060 -2.991853 -27.670564 1.038261 -0.581204 0.032453 -0.406750 -0.805690  
 3 3 7  38.946794 -1.021535 0.588946 -0.032453 -1.758331 -3.003907 -38.946794 1.021535 -0.588946 0.032453 -0.395797 -0.732458  
 4 4 8  44.341828 -0.983798 0.538076 -0.032453 -1.637480 -2.921841 -44.341828 0.983798 -0.538076 0.032453 -0.330587 -0.676499  
 5 5 10  21.589206 -1.617878 1.143271 -0.084675 -2.249255 -3.623993 -21.589206 1.617878 -1.143271 0.084675 -1.932373 -2.293559  
 6 6 11  17.978426 -1.554930 1.110173 -0.084675 -2.165856 -3.481562 -17.978426 1.554930 -1.110173 0.084675 -1.894715 -2.205752  
 7 7 12  26.398985 -1.588943 1.219087 -0.084675 -2.397841 -3.640515 -26.398985 1.588943 -1.219087 0.084675 -2.061091 -2.171203  
 8 8 118  30.033383 -1.606957 1.226448 -0.084675 -2.423156 -3.678169 -30.033383 1.606957 -1.226448 0.084675 1.974570 3.090408  
 9 10 15  10.825974 -2.912356 0.938754 0.031172 -1.484050 -5.053623 -10.825974 2.912356 -0.938754 -0.031172 -1.949537 -5.598609  
 10 11 16  9.512430 -2.827110 0.936923 0.031172 -1.500221 -4.920368 -9.512430 2.827110 -0.936923 -0.031172 -1.926667 -5.420068  
 11 12 17  13.166209 -2.910627 0.994855 0.031172 -1.549705 -5.058219 -13.166209 2.910627 -0.994855 -0.031172 -2.089076 -5.587692  
 12 13 18  14.495388 -2.978781 0.993319 0.031172 -1.543426 -5.180466 -14.495388 2.978781 -0.993319 -0.031172 -2.089738 -5.714723  
 13 5 6  0.000000 -0.879881 0.000000 0.054344 -0.000000 -2.681077 0.000000 0.879881 -0.000000 -0.054344 -0.000000 -2.682678  
 14 6 7  0.000000 1.427981 -0.000000 -0.110072 0.000000 4.341595 0.000000 -1.427981 0.000000 0.110072 0.000000 4.363377  
 15 7 8  0.000000 -0.880172 -0.000000 -0.009597 0.000000 -2.683566 0.000000 0.880172 0.000000 0.009597 0.000000 -2.681965  
 16 8 5  0.000000 1.428272 0.000000 -0.071778 -0.000000 4.364265 0.000000 -1.428272 -0.000000 0.071778 -0.000000 4.342484  
 17 10 11  0.000000 -1.149616 -0.000000 0.107490 0.000000 -3.508234 0.000000 1.149616 0.000000 -0.107490 0.000000 -3.499824  
 18 11 12  0.000000 2.384388 0.000000 -0.104889 -0.000000 7.233609 0.000000 -2.384388 -0.000000 0.104889 -0.000000 7.301620  
 19 12 13  0.000000 -1.151612 0.000000 0.072199 -0.000000 -3.505907 0.000000 1.151612 -0.000000 -0.072199 -0.000000 -3.514317  
 20 13 10  0.000000 2.386384 -0.000000 -0.091811 0.000000 7.307703 0.000000 -2.386384 0.000000 0.091811 0.000000 7.239692  
 21 15 16  0.000000 -0.658726 0.000000 0.083313 -0.000000 -2.013681 0.000000 0.658726 -0.000000 -0.083313 -0.000000 -2.001915  
 22 16 17  0.000000 1.828844 -0.000000 -0.075247 0.000000 5.503382 0.000000 -1.828844 0.000000 0.075247 0.000000 5.645250  
 23 17 18  0.000000 -0.662635 -0.000000 0.057559 0.000000 -2.013828 0.000000 0.662635 0.000000 -0.057559 0.000000 -2.025594  
 24 18 15  0.000000 1.832753 0.000000 -0.064144 -0.000000 5.657164 0.000000 -1.832753 -0.000000 0.064144 -0.000000 5.515295  
 118 118 128  30.033383 -1.606957 1.226448 -0.084675 -1.974570 -3.090408 -30.033383 1.606957 -1.226448 0.084675 1.525984 2.502648  
 128 128 138  30.033383 -1.606957 1.226448 -0.084675 -1.525984 -2.502648 -30.033383 1.606957 -1.226448 0.084675 1.077398 1.914887  
 138 138 148  30.033383 -1.606957 1.226448 -0.084675 -1.077398 -1.914887 -30.033383 1.606957 -1.226448 0.084675 0.628813 1.327127  
 148 148 158  30.033383 -1.606957 1.226448 -0.084675 -0.628813 -1.327127 -30.033383 1.606957 -1.226448 0.084675 0.180227 0.739367  
 158 158 168  30.033383 -1.606957 1.226448 -0.084675 -0.180227 -0.739367 -30.033383 1.606957 -1.226448 0.084675 -0.268359 0.151606  
 168 168 178  30.033383 -1.606957 1.226448 -0.084675 0.268359 -0.151606 -30.033383 1.606957 -1.226448 0.084675 -0.716945 -0.436154  
 178 178 188  30.033383 -1.606957 1.226448 -0.084675 0.716945 0.436154 -30.033383 1.606957 -1.226448 0.084675 -1.165530 -1.023915  
 188 188 198  30.033383 -1.606957 1.226448 -0.084675 1.165530 1.023915 -30.033383 1.606957 -1.226448 0.084675 -1.614116 -1.611675  
 198 198 13  30.033383 -1.606957 1.226448 -0.084675 1.614116 1.611675 -30.033383 1.606957 -1.226448 0.084675 -2.062702 -2.199435  
