 1 1 5  34.840787 -0.031833 -0.981572 -0.000186 2.305556 -0.101668 -34.840787 0.031833 0.981572 0.000186 1.284642 -0.014765  
 2 2 6  36.782532 -0.031321 -0.981047 -0.000186 2.303962 -0.100497 -36.782532 0.031321 0.981047 0.000186 1.284316 -0.014064  
 3 3 7  37.159143 -0.030927 -0.980422 -0.000186 2.302527 -0.099366 -37.159143 0.030927 0.980422 0.000186 1.283463 -0.013751  
 4 4 8  35.217538 -0.031431 -0.980937 -0.000186 2.304115 -0.100498 -35.217538 0.031431 0.980937 0.000186 1.283760 -0.014462  
 5 5 10  23.535290 -0.068897 -0.514270 -0.000057 0.671464 -0.147313 -23.535290 0.068897 0.514270 0.000057 1.209530 -0.104686  
 6 6 11  24.193983 -0.068705 -0.514268 -0.000057 0.671513 -0.146963 -24.193983 0.068705 0.514268 0.000057 1.209473 -0.104333  
 7 7 12  24.464659 -0.068728 -0.514041 -0.000057 0.671130 -0.147122 -24.464659 0.068728 0.514041 0.000057 1.209028 -0.104257  
 8 8 118  23.806068 -0.068911 -0.514046 -0.000057 0.671083 -0.147457 -23.806068 0.068911 0.514046 0.000057 -0.483066 0.122252  
 9 10 15  11.910062 -0.084256 0.056155 -0.000020 -0.307999 -0.136558 -11.910062 0.084256 -0.056155 0.000020 0.102605 -0.171618  
 10 11 16  11.977363 -0.084215 0.056165 -0.000020 -0.307990 -0.136502 -11.977363 0.084215 -0.056165 0.000020 0.102563 -0.171524  
 11 12 17  12.089913 -0.084226 0.056218 -0.000020 -0.308075 -0.136552 -12.089913 0.084226 -0.056218 0.000020 0.102451 -0.171513  
 12 13 18  12.022663 -0.084268 0.056211 -0.000020 -0.308090 -0.136612 -12.022663 0.084268 -0.056211 0.000020 0.102492 -0.171605  
 13 5 6  0.000000 0.641521 0.000000 0.000512 -0.000000 1.955489 0.000000 -0.641521 -0.000000 -0.000512 -0.000000 1.955225  
 14 6 7  0.000000 0.052972 -0.000000 -0.000604 0.000000 0.161538 0.000000 -0.052972 0.000000 0.000604 0.000000 0.161382  
 15 7 8  0.000000 0.641512 -0.000000 0.000509 0.000000 1.955197 0.000000 -0.641512 0.000000 -0.000509 0.000000 1.955461  
 16 8 5  0.000000 0.052982 0.000000 -0.000617 -0.000000 0.161410 0.000000 -0.052982 -0.000000 0.000617 -0.000000 0.161567  
 17 10 11  0.000000 0.295690 -0.000000 0.000185 0.000000 0.901287 0.000000 -0.295690 0.000000 -0.000185 0.000000 0.901237  
 18 11 12  0.000000 0.079069 -0.000000 -0.000245 0.000000 0.241020 0.000000 -0.079069 0.000000 0.000245 0.000000 0.240987  
 19 12 13  0.000000 0.295677 0.000000 0.000178 -0.000000 0.901198 0.000000 -0.295677 -0.000000 -0.000178 -0.000000 0.901248  
 20 13 10  0.000000 0.079082 0.000000 -0.000244 -0.000000 0.241026 0.000000 -0.079082 -0.000000 0.000244 -0.000000 0.241059  
 21 15 16  0.000000 0.033644 0.000000 0.000027 -0.000000 0.102568 0.000000 -0.033644 -0.000000 -0.000027 -0.000000 0.102527  
 22 16 17  0.000000 0.056281 -0.000000 -0.000036 0.000000 0.171551 0.000000 -0.056281 0.000000 0.000036 0.000000 0.171539  
 23 17 18  0.000000 0.033631 -0.000000 0.000026 0.000000 0.102487 0.000000 -0.033631 0.000000 -0.000026 0.000000 0.102529  
 24 18 15  0.000000 0.056294 0.000000 -0.000037 -0.000000 0.171579 0.000000 -0.056294 -0.000000 0.000037 -0.000000 0.171591  
 118 118 128  23.806068 -0.068911 -0.514046 -0.000057 0.483066 -0.122252 -23.806068 0.068911 0.514046 0.000057 -0.295048 0.097047  
 128 128 138  23.806068 -0.068911 -0.514046 -0.000057 0.295048 -0.097047 -23.806068 0.068911 0.514046 0.000057 -0.107030 0.071842  
 138 138 148  23.806068 -0.068911 -0.514046 -0.000057 0.107030 -0.071842 -23.806068 0.068911 0.514046 0.000057 0.080987 0.046637  
 148 148 158  23.806068 -0.068911 -0.514046 -0.000057 -0.080987 -0.046637 -23.806068 0.068911 0.514046 0.000057 0.269005 0.021433  
 158 158 168  23.806068 -0.068911 -0.514046 -0.000057 -0.269005 -0.021433 -23.806068 0.068911 0.514046 0.000057 0.457022 -0.003772  
 168 168 178  23.806068 -0.068911 -0.514046 -0.000057 -0.457022 0.003772 -23.806068 0.068911 0.514046 0.000057 0.645040 -0.028977  
 178 178 188  23.806068 -0.068911 -0.514046 -0.000057 -0.645040 0.028977 -23.806068 0.068911 0.514046 0.000057 0.833058 -0.054182  
 188 188 198  23.806068 -0.068911 -0.514046 -0.000057 -0.833058 0.054182 -23.806068 0.068911 0.514046 0.000057 1.021075 -0.079387  
 198 198 13  23.806068 -0.068911 -0.514046 -0.000057 -1.021075 0.079387 -23.806068 0.068911 0.514046 0.000057 1.209093 -0.104591  
