 1 1 5  36.855246 0.219643 0.754988 -0.000284 -1.757951 0.523194 -36.855246 -0.219643 -0.754988 0.000284 -1.003494 0.280172  
 2 2 6  35.608198 0.220110 0.755521 -0.000284 -1.759588 0.524275 -35.608198 -0.220110 -0.755521 0.000284 -1.003807 0.280800  
 3 3 7  35.144683 0.220481 0.756178 -0.000284 -1.761080 0.525348 -35.144683 -0.220481 -0.756178 0.000284 -1.004716 0.281085  
 4 4 8  36.391873 0.220002 0.755651 -0.000284 -1.759472 0.524260 -36.391873 -0.220002 -0.755651 0.000284 -1.004395 0.280421  
 5 5 10  24.225585 0.136633 0.373644 -0.000083 -0.446941 0.187310 -24.225585 -0.136633 -0.373644 0.000083 -0.919701 0.312439  
 6 6 11  23.930753 0.136811 0.373646 -0.000083 -0.446891 0.187631 -23.930753 -0.136811 -0.373646 0.000083 -0.919758 0.312768  
 7 7 12  23.774363 0.136795 0.373878 -0.000083 -0.447273 0.187498 -23.774363 -0.136795 -0.373878 0.000083 -0.920222 0.312844  
 8 8 118  24.069299 0.136624 0.373871 -0.000083 -0.447305 0.187197 -24.069299 -0.136624 -0.373871 0.000083 0.310558 -0.137225  
 9 10 15  11.979325 -0.020349 -0.128682 -0.000025 0.391730 -0.090265 -11.979325 0.020349 0.128682 0.000025 0.078938 0.015838  
 10 11 16  12.031098 -0.020315 -0.128672 -0.000025 0.391738 -0.090220 -12.031098 0.020315 0.128672 0.000025 0.078894 0.015917  
 11 12 17  12.020650 -0.020325 -0.128622 -0.000025 0.391660 -0.090268 -12.020650 0.020325 0.128622 0.000025 0.078787 0.015928  
 12 13 18  11.968928 -0.020358 -0.128632 -0.000025 0.391654 -0.090311 -11.968928 0.020358 0.128632 0.000025 0.078832 0.015851  
 13 5 6  0.000000 -0.476113 -0.000000 0.000461 0.000000 -1.451053 0.000000 0.476113 0.000000 -0.000461 0.000000 -1.451329  
 14 6 7  0.000000 -0.153557 -0.000000 -0.000631 0.000000 -0.467971 0.000000 0.153557 0.000000 0.000631 0.000000 -0.468115  
 15 7 8  0.000000 -0.476122 0.000000 0.000468 -0.000000 -1.451358 0.000000 0.476122 -0.000000 -0.000468 -0.000000 -1.451082  
 16 8 5  0.000000 -0.153548 0.000000 -0.000619 -0.000000 -0.468086 0.000000 0.153548 -0.000000 0.000619 -0.000000 -0.467942  
 17 10 11  0.000000 -0.173309 -0.000000 0.000167 0.000000 -0.528221 0.000000 0.173309 0.000000 -0.000167 0.000000 -0.528271  
 18 11 12  0.000000 -0.072965 -0.000000 -0.000251 0.000000 -0.222380 0.000000 0.072965 0.000000 0.000251 0.000000 -0.222412  
 19 12 13  0.000000 -0.173322 0.000000 0.000164 -0.000000 -0.528311 0.000000 0.173322 -0.000000 -0.000164 -0.000000 -0.528260  
 20 13 10  0.000000 -0.072952 0.000000 -0.000250 -0.000000 -0.222373 0.000000 0.072952 -0.000000 0.000250 -0.000000 -0.222341  
 21 15 16  0.000000 0.025880 -0.000000 0.000020 0.000000 0.078905 0.000000 -0.025880 0.000000 -0.000020 0.000000 0.078860  
 22 16 17  0.000000 -0.005218 -0.000000 -0.000034 0.000000 -0.015897 0.000000 0.005218 0.000000 0.000034 0.000000 -0.015909  
 23 17 18  0.000000 0.025867 0.000000 0.000019 -0.000000 0.078820 0.000000 -0.025867 -0.000000 -0.000019 -0.000000 0.078865  
 24 18 15  0.000000 -0.005205 0.000000 -0.000033 -0.000000 -0.015870 0.000000 0.005205 -0.000000 0.000033 -0.000000 -0.015858  
 118 118 128  24.069299 0.136624 0.373871 -0.000083 -0.310558 0.137225 -24.069299 -0.136624 -0.373871 0.000083 0.173811 -0.087254  
 128 128 138  24.069299 0.136624 0.373871 -0.000083 -0.173811 0.087254 -24.069299 -0.136624 -0.373871 0.000083 0.037064 -0.037282  
 138 138 148  24.069299 0.136624 0.373871 -0.000083 -0.037064 0.037282 -24.069299 -0.136624 -0.373871 0.000083 -0.099683 0.012689  
 148 148 158  24.069299 0.136624 0.373871 -0.000083 0.099683 -0.012689 -24.069299 -0.136624 -0.373871 0.000083 -0.236430 0.062661  
 158 158 168  24.069299 0.136624 0.373871 -0.000083 0.236430 -0.062661 -24.069299 -0.136624 -0.373871 0.000083 -0.373177 0.112633  
 168 168 178  24.069299 0.136624 0.373871 -0.000083 0.373177 -0.112633 -24.069299 -0.136624 -0.373871 0.000083 -0.509924 0.162604  
 178 178 188  24.069299 0.136624 0.373871 -0.000083 0.509924 -0.162604 -24.069299 -0.136624 -0.373871 0.000083 -0.646670 0.212576  
 188 188 198  24.069299 0.136624 0.373871 -0.000083 0.646670 -0.212576 -24.069299 -0.136624 -0.373871 0.000083 -0.783417 0.262548  
 198 198 13  24.069299 0.136624 0.373871 -0.000083 0.783417 -0.262548 -24.069299 -0.136624 -0.373871 0.000083 -0.920164 0.312519  
