 1 1 5  42.285589 2.391148 -0.115304 -0.015049 0.275325 6.199330 -42.285589 -2.391148 0.115304 0.015049 0.146410 2.546533  
 2 2 6  42.789649 2.363049 -0.079904 -0.015049 0.179632 6.145909 -42.789649 -2.363049 0.079904 0.015049 0.112624 2.497180  
 3 3 7  29.706294 2.321374 -0.096094 -0.015049 0.208646 5.845281 -29.706294 -2.321374 0.096094 0.015049 0.142828 2.645375  
 4 4 8  29.218468 2.340110 -0.126191 -0.015049 0.293716 5.878180 -29.218468 -2.340110 0.126191 0.015049 0.167840 2.681006  
 5 5 10  28.032491 2.443050 -0.088957 0.056483 0.154677 4.689299 -28.032491 -2.443050 0.088957 -0.056483 0.170691 4.246400  
 6 6 11  28.343245 2.437721 -0.091432 0.056483 0.171530 4.683595 -28.343245 -2.437721 0.091432 -0.056483 0.162893 4.232613  
 7 7 12  19.959180 2.398260 -0.079768 0.056483 0.151244 4.559644 -19.959180 -2.398260 0.079768 -0.056483 0.140517 4.212234  
 8 8 118  19.665085 2.293605 -0.075411 0.056483 0.132537 4.345541 -19.665085 -2.293605 0.075411 -0.056483 -0.104954 -3.506632  
 9 10 15  13.528393 2.357565 -0.087128 -0.003809 0.140332 3.744782 -13.528393 -2.357565 0.087128 0.003809 0.178346 4.878249  
 10 11 16  13.644424 2.362136 -0.087876 -0.003809 0.143752 3.753799 -13.644424 -2.362136 0.087876 0.003809 0.177664 4.885950  
 11 12 17  10.467391 2.334848 -0.080497 -0.003809 0.131710 3.745917 -10.467391 -2.334848 0.080497 0.003809 0.162716 4.794024  
 12 13 18  10.359793 2.329660 -0.079743 -0.003809 0.128775 3.737697 -10.359793 -2.329660 0.079743 0.003809 0.162895 4.783269  
 13 5 6  0.000000 0.096706 0.000000 -0.027366 -0.000000 0.300569 0.000000 -0.096706 -0.000000 0.027366 -0.000000 0.288951  
 14 6 7  0.000000 -2.349698 -0.000000 0.004796 0.000000 -7.208141 0.000000 2.349698 0.000000 -0.004796 0.000000 -7.115620  
 15 7 8  0.000000 0.096813 -0.000000 0.089398 0.000000 0.289276 0.000000 -0.096813 0.000000 -0.089398 0.000000 0.300894  
 16 8 5  0.000000 -2.349805 0.000000 -0.000517 -0.000000 -7.115945 0.000000 2.349805 -0.000000 0.000517 -0.000000 -7.208466  
 17 10 11  0.000000 0.096333 0.000000 -0.005520 -0.000000 0.294678 0.000000 -0.096333 -0.000000 0.005520 -0.000000 0.292570  
 18 11 12  0.000000 -2.602488 0.000000 -0.014075 -0.000000 -7.991931 0.000000 2.602488 -0.000000 0.014075 -0.000000 -7.872833  
 19 12 13  0.000000 0.094277 -0.000000 0.085317 0.000000 0.286301 0.000000 -0.094277 0.000000 -0.085317 0.000000 0.288408  
 20 13 10  0.000000 -2.600431 -0.000000 -0.016346 0.000000 -7.866564 0.000000 2.600431 0.000000 0.016346 0.000000 -7.985662  
 21 15 16  0.000000 0.056961 0.000000 0.000638 -0.000000 0.173833 0.000000 -0.056961 -0.000000 -0.000638 -0.000000 0.173403  
 22 16 17  0.000000 -1.587462 -0.000000 -0.004261 0.000000 -4.885312 0.000000 1.587462 0.000000 0.004261 0.000000 -4.791859  
 23 17 18  0.000000 0.054853 -0.000000 0.002165 0.000000 0.166977 0.000000 -0.054853 0.000000 -0.002165 0.000000 0.167408  
 24 18 15  0.000000 -1.585354 0.000000 -0.004513 -0.000000 -4.785433 0.000000 1.585354 -0.000000 0.004513 -0.000000 -4.878887  
 118 118 128  19.665085 2.293605 -0.075411 0.056483 0.104954 3.506632 -19.665085 -2.293605 0.075411 -0.056483 -0.077372 -2.667723  
 128 128 138  19.665085 2.293605 -0.075411 0.056483 0.077372 2.667723 -19.665085 -2.293605 0.075411 -0.056483 -0.049789 -1.828814  
 138 138 148  19.665085 2.293605 -0.075411 0.056483 0.049789 1.828814 -19.665085 -2.293605 0.075411 -0.056483 -0.022207 -0.989905  
 148 148 158  19.665085 2.293605 -0.075411 0.056483 0.022207 0.989905 -19.665085 -2.293605 0.075411 -0.056483 0.005376 -0.150996  
 158 158 168  19.665085 2.293605 -0.075411 0.056483 -0.005376 0.150996 -19.665085 -2.293605 0.075411 -0.056483 0.032958 0.687913  
 168 168 178  19.665085 2.293605 -0.075411 0.056483 -0.032958 -0.687913 -19.665085 -2.293605 0.075411 -0.056483 0.060540 1.526822  
 178 178 188  19.665085 2.293605 -0.075411 0.056483 -0.060540 -1.526822 -19.665085 -2.293605 0.075411 -0.056483 0.088123 2.365731  
 188 188 198  19.665085 2.293605 -0.075411 0.056483 -0.088123 -2.365731 -19.665085 -2.293605 0.075411 -0.056483 0.115705 3.204641  
 198 198 13  19.665085 2.293605 -0.075411 0.056483 -0.115705 -3.204641 -19.665085 -2.293605 0.075411 -0.056483 0.143288 4.043550  
