 1 1 5  45.000912 7.166664 2.086221 1.039204 -3.728423 16.385963 -45.000912 -7.166664 -2.086221 -1.039204 -3.902139 9.826825  
 2 2 6  51.376215 7.416696 2.190810 1.039204 -3.911000 16.946780 -51.376215 -7.416696 -2.190810 -1.039204 -4.102106 10.180527  
 3 3 7  26.880028 6.638719 1.829444 1.039204 -3.370746 14.680733 -26.880028 -6.638719 -1.829444 -1.039204 -3.320628 9.601046  
 4 4 8  20.742844 6.254330 1.718231 1.039204 -3.174723 13.824800 -20.742844 -6.254330 -1.718231 -1.039204 -3.109878 9.051038  
 5 5 10  27.536109 3.963530 -1.357215 0.371984 3.671282 6.581227 -27.536109 -3.963530 1.357215 -0.371984 1.292868 7.915780  
 6 6 11  34.031518 4.215377 -1.379245 0.371984 3.806237 7.011973 -34.031518 -4.215377 1.379245 -0.371984 1.238490 8.406189  
 7 7 12  20.364706 4.304252 -1.160030 0.371984 3.186313 7.470893 -20.364706 -4.304252 1.160030 -0.371984 1.056613 8.272340  
 8 8 118  14.067668 3.562117 -1.070609 0.371984 2.917605 6.171191 -14.067668 -3.562117 1.070609 -0.371984 -2.526019 -4.868311  
 9 10 15  12.902297 3.406060 -2.432073 0.003611 4.318987 5.306762 -12.902297 -3.406060 2.432073 -0.003611 4.576564 7.151243  
 10 11 16  15.864381 3.574771 -2.453558 0.003611 4.364834 5.526344 -15.864381 -3.574771 2.453558 -0.003611 4.609300 7.548738  
 11 12 17  11.043791 3.616811 -2.276588 0.003611 4.028148 5.835765 -11.043791 -3.616811 2.276588 -0.003611 4.298700 7.393083  
 12 13 18  8.189531 3.416010 -2.244263 0.003611 3.964964 5.529796 -8.189531 -3.416010 2.244263 -0.003611 4.243654 6.964603  
 13 5 6  0.000000 -0.065021 -0.000000 0.377080 0.000000 -0.196421 0.000000 0.065021 0.000000 -0.377080 0.000000 -0.199948  
 14 6 7  0.000000 -5.409719 0.000000 0.095921 -0.000000 -16.815420 0.000000 5.409719 -0.000000 -0.095921 -0.000000 -16.162228  
 15 7 8  0.000000 -0.074958 0.000000 0.909711 -0.000000 -0.230236 0.000000 0.074958 -0.000000 -0.909711 -0.000000 -0.226709  
 16 8 5  0.000000 -5.399782 -0.000000 0.034436 0.000000 -16.131940 0.000000 5.399782 0.000000 -0.034436 0.000000 -16.785133  
 17 10 11  0.000000 1.755344 0.000000 0.320497 -0.000000 5.322035 0.000000 -1.755344 -0.000000 -0.320497 -0.000000 5.378541  
 18 11 12  0.000000 -4.411793 0.000000 -0.224783 -0.000000 -13.612037 0.000000 4.411793 -0.000000 0.224783 -0.000000 -13.282253  
 19 12 13  0.000000 1.732707 -0.000000 0.825852 0.000000 5.309544 0.000000 -1.732707 0.000000 -0.825852 0.000000 5.253038  
 20 13 10  0.000000 -4.389156 -0.000000 -0.289820 0.000000 -13.213256 0.000000 4.389156 0.000000 0.289820 0.000000 -13.543039  
 21 15 16  0.000000 1.467564 0.000000 0.157667 -0.000000 4.451190 0.000000 -1.467564 -0.000000 -0.157667 -0.000000 4.495081  
 22 16 17  0.000000 -2.396817 -0.000000 -0.114219 0.000000 -7.391071 0.000000 2.396817 0.000000 0.114219 0.000000 -7.219924  
 23 17 18  0.000000 1.440608 -0.000000 0.173159 0.000000 4.412919 0.000000 -1.440608 0.000000 -0.173159 0.000000 4.369028  
 24 18 15  0.000000 -2.369861 0.000000 -0.125374 -0.000000 -7.137762 0.000000 2.369861 -0.000000 0.125374 -0.000000 -7.308909  
 118 118 128  14.067668 3.562117 -1.070609 0.371984 2.526019 4.868311 -14.067668 -3.562117 1.070609 -0.371984 -2.134433 -3.565431  
 128 128 138  14.067668 3.562117 -1.070609 0.371984 2.134433 3.565431 -14.067668 -3.562117 1.070609 -0.371984 -1.742847 -2.262552  
 138 138 148  14.067668 3.562117 -1.070609 0.371984 1.742847 2.262552 -14.067668 -3.562117 1.070609 -0.371984 -1.351261 -0.959672  
 148 148 158  14.067668 3.562117 -1.070609 0.371984 1.351261 0.959672 -14.067668 -3.562117 1.070609 -0.371984 -0.959676 0.343208  
 158 158 168  14.067668 3.562117 -1.070609 0.371984 0.959676 -0.343208 -14.067668 -3.562117 1.070609 -0.371984 -0.568090 1.646088  
 168 168 178  14.067668 3.562117 -1.070609 0.371984 0.568090 -1.646088 -14.067668 -3.562117 1.070609 -0.371984 -0.176504 2.948968  
 178 178 188  14.067668 3.562117 -1.070609 0.371984 0.176504 -2.948968 -14.067668 -3.562117 1.070609 -0.371984 0.215082 4.251847  
 188 188 198  14.067668 3.562117 -1.070609 0.371984 -0.215082 -4.251847 -14.067668 -3.562117 1.070609 -0.371984 0.606668 5.554727  
 198 198 13  14.067668 3.562117 -1.070609 0.371984 -0.606668 -5.554727 -14.067668 -3.562117 1.070609 -0.371984 0.998253 6.857607  
