 1 1 5  41.430654 -4.911890 7.566788 -0.151160 -17.231040 -11.016812 -41.430654 4.911890 -7.566788 0.151160 -10.445243 -6.948918  
 2 2 6  15.171558 -4.133897 6.457532 -0.151160 -14.357519 -9.293352 -15.171558 4.133897 -6.457532 0.151160 -9.261550 -5.826791  
 3 3 7  30.284869 -4.456420 7.417776 -0.151160 -16.418250 -10.149263 -30.284869 4.456420 -7.417776 0.151160 -10.713008 -6.150539  
 4 4 8  57.112919 -5.133844 8.260343 -0.151160 -18.733364 -11.630709 -57.112919 5.133844 -8.260343 0.151160 -11.479668 -7.146841  
 5 5 10  27.353100 -3.842501 4.931848 0.257795 -8.176463 -6.344529 -27.353100 3.842501 -4.931848 -0.257795 -9.862265 -7.709803  
 6 6 11  13.416664 -3.335410 4.724409 0.257795 -8.192654 -5.618209 -13.416664 3.335410 -4.724409 -0.257795 -9.087344 -6.581387  
 7 7 12  20.423327 -3.449790 5.179509 0.257795 -8.944742 -5.651631 -20.423327 3.449790 -5.179509 -0.257795 -9.999832 -6.966320  
 8 8 118  34.806909 -3.695048 4.890792 0.257795 -8.276882 -6.101940 -34.806909 3.695048 -4.890792 -0.257795 6.488026 4.750439  
 9 10 15  13.364280 -1.089840 3.234377 -0.075919 -4.760965 -1.118461 -13.364280 1.089840 -3.234377 0.075919 -7.069092 -2.867739  
 10 11 16  8.824131 -1.019159 3.174560 -0.075919 -4.750145 -1.096293 -8.824131 1.019159 -3.174560 0.075919 -6.861125 -2.631382  
 11 12 17  10.523366 -1.016841 3.295734 -0.075919 -4.941437 -1.061448 -10.523366 1.016841 -3.295734 0.075919 -7.113040 -2.657748  
 12 13 18  15.288223 -1.085923 3.352604 -0.075919 -4.944084 -1.085290 -15.288223 1.085923 -3.352604 0.075919 -7.318401 -2.886581  
 13 5 6  0.000000 -6.176556 -0.000000 0.877814 0.000000 -19.142718 0.000000 6.176556 0.000000 -0.877814 0.000000 -18.509568  
 14 6 7  0.000000 4.068550 -0.000000 -1.055364 0.000000 12.322814 0.000000 -4.068550 0.000000 1.055364 0.000000 12.479066  
 15 7 8  0.000000 -6.207008 0.000000 0.676896 -0.000000 -18.602386 0.000000 6.207008 -0.000000 -0.676896 -0.000000 -19.235537  
 16 8 5  0.000000 4.099002 0.000000 -0.521013 -0.000000 12.571884 0.000000 -4.099002 -0.000000 0.521013 -0.000000 12.415633  
 17 10 11  0.000000 -4.725948 -0.000000 0.490543 0.000000 -14.504749 0.000000 4.725948 0.000000 -0.490543 0.000000 -14.304630  
 18 11 12  0.000000 2.681519 -0.000000 -0.467141 0.000000 8.168223 0.000000 -2.681519 0.000000 0.467141 0.000000 8.178314  
 19 12 13  0.000000 -4.781557 0.000000 0.150546 -0.000000 -14.474128 0.000000 4.781557 -0.000000 -0.150546 -0.000000 -14.674247  
 20 13 10  0.000000 2.737128 0.000000 0.118482 -0.000000 8.347812 0.000000 -2.737128 -0.000000 -0.118482 -0.000000 8.337721  
 21 15 16  0.000000 -2.298163 0.000000 0.032564 -0.000000 -7.108133 0.000000 2.298163 -0.000000 -0.032564 -0.000000 -6.901469  
 22 16 17  0.000000 0.877706 0.000000 -0.040344 -0.000000 2.663947 0.000000 -0.877706 -0.000000 0.040344 -0.000000 2.686550  
 23 17 18  0.000000 -2.354340 -0.000000 0.028803 0.000000 -7.072696 0.000000 2.354340 0.000000 -0.028803 0.000000 -7.279360  
 24 18 15  0.000000 0.933883 -0.000000 -0.039041 0.000000 2.857778 0.000000 -0.933883 0.000000 0.039041 0.000000 2.835174  
 118 118 128  34.806909 -3.695048 4.890792 0.257795 -6.488026 -4.750439 -34.806909 3.695048 -4.890792 -0.257795 4.699169 3.398938  
 128 128 138  34.806909 -3.695048 4.890792 0.257795 -4.699169 -3.398938 -34.806909 3.695048 -4.890792 -0.257795 2.910313 2.047437  
 138 138 148  34.806909 -3.695048 4.890792 0.257795 -2.910313 -2.047437 -34.806909 3.695048 -4.890792 -0.257795 1.121457 0.695936  
 148 148 158  34.806909 -3.695048 4.890792 0.257795 -1.121457 -0.695936 -34.806909 3.695048 -4.890792 -0.257795 -0.667399 -0.655564  
 158 158 168  34.806909 -3.695048 4.890792 0.257795 0.667399 0.655564 -34.806909 3.695048 -4.890792 -0.257795 -2.456255 -2.007065  
 168 168 178  34.806909 -3.695048 4.890792 0.257795 2.456255 2.007065 -34.806909 3.695048 -4.890792 -0.257795 -4.245112 -3.358566  
 178 178 188  34.806909 -3.695048 4.890792 0.257795 4.245112 3.358566 -34.806909 3.695048 -4.890792 -0.257795 -6.033968 -4.710067  
 188 188 198  34.806909 -3.695048 4.890792 0.257795 6.033968 4.710067 -34.806909 3.695048 -4.890792 -0.257795 -7.822824 -6.061567  
 198 198 13  34.806909 -3.695048 4.890792 0.257795 7.822824 6.061567 -34.806909 3.695048 -4.890792 -0.257795 -9.611680 -7.413068  
