 1 1 5  37.691161 0.702121 0.582248 -0.000418 -1.466858 1.624493 -37.691161 -0.702121 -0.582248 0.000418 -0.662773 0.943586  
 2 2 6  35.373397 0.702523 0.582832 -0.000418 -1.468592 1.625435 -35.373397 -0.702523 -0.582832 0.000418 -0.663172 0.944111  
 3 3 7  34.308776 0.702844 0.583507 -0.000418 -1.470134 1.626401 -34.308776 -0.702844 -0.583507 0.000418 -0.664103 0.944320  
 4 4 8  36.626666 0.702418 0.582947 -0.000418 -1.468439 1.625433 -36.626666 -0.702418 -0.582947 0.000418 -0.663749 0.943731  
 5 5 10  24.758194 0.324515 0.502658 -0.000099 -0.869356 0.366715 -24.758194 -0.324515 -0.502658 0.000099 -0.969166 0.820232  
 6 6 11  23.446272 0.324684 0.502645 -0.000099 -0.869257 0.367019 -23.446272 -0.324684 -0.502645 0.000099 -0.969216 0.820545  
 7 7 12  23.241760 0.324683 0.502879 -0.000099 -0.869615 0.366967 -23.241760 -0.324683 -0.502879 0.000099 -0.969717 0.820593  
 8 8 118  24.553774 0.324517 0.502888 -0.000099 -0.869691 0.366674 -24.553774 -0.324517 -0.502888 0.000099 0.685755 -0.247979  
 9 10 15  12.184965 -0.139124 0.281581 -0.000008 -0.351306 -0.393952 -12.184965 0.139124 -0.281581 0.000008 -0.678604 -0.114908  
 10 11 16  11.739666 -0.139094 0.281593 -0.000008 -0.351304 -0.393914 -11.739666 0.139094 -0.281593 0.000008 -0.678649 -0.114836  
 11 12 17  11.815013 -0.139094 0.281628 -0.000008 -0.351348 -0.393932 -11.815013 0.139094 -0.281628 0.000008 -0.678735 -0.114819  
 12 13 18  12.260357 -0.139124 0.281616 -0.000008 -0.351349 -0.393971 -12.260357 0.139124 -0.281616 0.000008 -0.678690 -0.114890  
 13 5 6  0.000000 -0.502925 0.000000 0.000402 -0.000000 -1.532772 0.000000 0.502925 -0.000000 -0.000402 -0.000000 -1.533060  
 14 6 7  0.000000 -0.430050 0.000000 -0.000631 -0.000000 -1.310728 0.000000 0.430050 -0.000000 0.000631 -0.000000 -1.310859  
 15 7 8  0.000000 -0.502934 -0.000000 0.000428 0.000000 -1.533087 0.000000 0.502934 0.000000 -0.000428 0.000000 -1.532798  
 16 8 5  0.000000 -0.430042 -0.000000 -0.000642 0.000000 -1.310833 0.000000 0.430042 0.000000 0.000642 0.000000 -1.310702  
 17 10 11  0.000000 -0.433318 -0.000000 0.000158 0.000000 -1.320728 0.000000 0.433318 0.000000 -0.000158 0.000000 -1.320775  
 18 11 12  0.000000 -0.139924 -0.000000 -0.000256 0.000000 -0.426473 0.000000 0.139924 0.000000 0.000256 0.000000 -0.426502  
 19 12 13  0.000000 -0.433329 0.000000 0.000159 -0.000000 -1.320810 0.000000 0.433329 -0.000000 -0.000159 -0.000000 -1.320763  
 20 13 10  0.000000 -0.139912 0.000000 -0.000256 -0.000000 -0.426467 0.000000 0.139912 -0.000000 0.000256 -0.000000 -0.426438  
 21 15 16  0.000000 -0.222655 0.000000 0.000019 -0.000000 -0.678630 0.000000 0.222655 -0.000000 -0.000019 -0.000000 -0.678675  
 22 16 17  0.000000 0.037679 0.000000 -0.000026 -0.000000 0.114855 0.000000 -0.037679 -0.000000 0.000026 -0.000000 0.114837  
 23 17 18  0.000000 -0.222666 -0.000000 0.000018 0.000000 -0.678710 0.000000 0.222666 0.000000 -0.000018 0.000000 -0.678665  
 24 18 15  0.000000 0.037691 -0.000000 -0.000026 0.000000 0.114872 0.000000 -0.037691 0.000000 0.000026 0.000000 0.114889  
 118 118 128  24.553774 0.324517 0.502888 -0.000099 -0.685755 0.247979 -24.553774 -0.324517 -0.502888 0.000099 0.501819 -0.129283  
 128 128 138  24.553774 0.324517 0.502888 -0.000099 -0.501819 0.129283 -24.553774 -0.324517 -0.502888 0.000099 0.317883 -0.010588  
 138 138 148  24.553774 0.324517 0.502888 -0.000099 -0.317883 0.010588 -24.553774 -0.324517 -0.502888 0.000099 0.133947 0.108107  
 148 148 158  24.553774 0.324517 0.502888 -0.000099 -0.133947 -0.108107 -24.553774 -0.324517 -0.502888 0.000099 -0.049990 0.226802  
 158 158 168  24.553774 0.324517 0.502888 -0.000099 0.049990 -0.226802 -24.553774 -0.324517 -0.502888 0.000099 -0.233926 0.345498  
 168 168 178  24.553774 0.324517 0.502888 -0.000099 0.233926 -0.345498 -24.553774 -0.324517 -0.502888 0.000099 -0.417862 0.464193  
 178 178 188  24.553774 0.324517 0.502888 -0.000099 0.417862 -0.464193 -24.553774 -0.324517 -0.502888 0.000099 -0.601798 0.582888  
 188 188 198  24.553774 0.324517 0.502888 -0.000099 0.601798 -0.582888 -24.553774 -0.324517 -0.502888 0.000099 -0.785734 0.701583  
 198 198 13  24.553774 0.324517 0.502888 -0.000099 0.785734 -0.701583 -24.553774 -0.324517 -0.502888 0.000099 -0.969670 0.820279  
