 1 1 5  40.457746 1.487219 1.080195 -0.011189 -2.794759 3.546043 -40.457746 -1.487219 -1.080195 0.011189 -1.156163 1.893609  
 2 2 6  35.275152 1.468904 1.070196 -0.011189 -2.759447 3.498027 -35.275152 -1.468904 -1.070196 0.011189 -1.154901 1.874636  
 3 3 7  31.543307 1.453768 1.052283 -0.011189 -2.711526 3.451321 -31.543307 -1.453768 -1.052283 0.011189 -1.137306 1.865979  
 4 4 8  36.723795 1.479487 1.068757 -0.011189 -2.764983 3.519793 -36.723795 -1.479487 -1.068757 0.011189 -1.144103 1.891579  
 5 5 10  26.367757 0.909762 1.108579 -0.005383 -2.016373 1.337839 -26.367757 -0.909762 -1.108579 0.005383 -2.038364 1.989708  
 6 6 11  23.258079 0.898540 1.106544 -0.005383 -2.017061 1.319657 -23.258079 -0.898540 -1.106544 0.005383 -2.030234 1.966844  
 7 7 12  21.632973 0.896920 1.097900 -0.005383 -2.002895 1.320144 -21.632973 -0.896920 -1.097900 0.005383 -2.012785 1.960429  
 8 8 118  24.741191 0.908996 1.100989 -0.005383 -2.005726 1.341207 -24.741191 -0.908996 -1.100989 0.005383 1.603028 -1.008733  
 9 10 15  12.741848 0.139546 0.742783 -0.003863 -1.026676 -0.073661 -12.741848 -0.139546 -0.742783 0.003863 -1.690126 0.584064  
 10 11 16  11.636466 0.134173 0.743323 -0.003863 -1.032981 -0.078727 -11.636466 -0.134173 -0.743323 0.003863 -1.685798 0.569480  
 11 12 17  11.258532 0.135182 0.739968 -0.003863 -1.029693 -0.074224 -11.258532 -0.135182 -0.739968 0.003863 -1.676812 0.568667  
 12 13 18  12.363153 0.140798 0.740219 -0.003863 -1.024074 -0.069013 -12.363153 -0.140798 -0.740219 0.003863 -1.683352 0.583994  
 13 5 6  0.000000 -1.036377 -0.000000 -0.018332 0.000000 -3.161428 0.000000 1.036377 0.000000 0.018332 0.000000 -3.156327  
 14 6 7  0.000000 -1.053450 -0.000000 0.015635 0.000000 -3.212625 0.000000 1.053450 0.000000 -0.015635 0.000000 -3.209209  
 15 7 8  0.000000 -1.036216 0.000000 -0.023085 -0.000000 -3.155835 0.000000 1.036216 -0.000000 0.023085 -0.000000 -3.160937  
 16 8 5  0.000000 -1.053612 0.000000 0.011108 -0.000000 -3.209700 0.000000 1.053612 -0.000000 -0.011108 -0.000000 -3.213116  
 17 10 11  0.000000 -1.002061 0.000000 -0.013698 -0.000000 -3.055449 0.000000 1.002061 -0.000000 0.013698 -0.000000 -3.053113  
 18 11 12  0.000000 -0.623673 0.000000 0.010102 -0.000000 -1.901815 0.000000 0.623673 -0.000000 -0.010102 -0.000000 -1.900097  
 19 12 13  0.000000 -1.001886 -0.000000 -0.013893 0.000000 -3.052579 0.000000 1.001886 0.000000 0.013893 0.000000 -3.054916  
 20 13 10  0.000000 -0.623848 -0.000000 0.009591 0.000000 -1.900631 0.000000 0.623848 0.000000 -0.009591 0.000000 -1.902349  
 21 15 16  0.000000 -0.552596 0.000000 -0.007002 -0.000000 -1.687029 0.000000 0.552596 -0.000000 0.007002 -0.000000 -1.681595  
 22 16 17  0.000000 -0.189062 0.000000 0.004203 -0.000000 -0.576482 0.000000 0.189062 -0.000000 -0.004203 -0.000000 -0.576041  
 23 17 18  0.000000 -0.552406 -0.000000 -0.007374 0.000000 -1.681015 0.000000 0.552406 0.000000 0.007374 0.000000 -1.686449  
 24 18 15  0.000000 -0.189252 -0.000000 0.003097 0.000000 -0.576620 0.000000 0.189252 0.000000 -0.003097 0.000000 -0.577062  
 118 118 128  24.741191 0.908996 1.100989 -0.005383 -1.603028 1.008733 -24.741191 -0.908996 -1.100989 0.005383 1.200331 -0.676258  
 128 128 138  24.741191 0.908996 1.100989 -0.005383 -1.200331 0.676258 -24.741191 -0.908996 -1.100989 0.005383 0.797633 -0.343784  
 138 138 148  24.741191 0.908996 1.100989 -0.005383 -0.797633 0.343784 -24.741191 -0.908996 -1.100989 0.005383 0.394935 -0.011310  
 148 148 158  24.741191 0.908996 1.100989 -0.005383 -0.394935 0.011310 -24.741191 -0.908996 -1.100989 0.005383 -0.007762 0.321165  
 158 158 168  24.741191 0.908996 1.100989 -0.005383 0.007762 -0.321165 -24.741191 -0.908996 -1.100989 0.005383 -0.410460 0.653639  
 168 168 178  24.741191 0.908996 1.100989 -0.005383 0.410460 -0.653639 -24.741191 -0.908996 -1.100989 0.005383 -0.813157 0.986113  
 178 178 188  24.741191 0.908996 1.100989 -0.005383 0.813157 -0.986113 -24.741191 -0.908996 -1.100989 0.005383 -1.215855 1.318588  
 188 188 198  24.741191 0.908996 1.100989 -0.005383 1.215855 -1.318588 -24.741191 -0.908996 -1.100989 0.005383 -1.618553 1.651062  
 198 198 13  24.741191 0.908996 1.100989 -0.005383 1.618553 -1.651062 -24.741191 -0.908996 -1.100989 0.005383 -2.021250 1.983536  
