 1 1 5  35.797480 -2.830400 3.558112 -0.156431 -8.414948 -6.915279 -35.797480 2.830400 -3.558112 0.156431 -4.599203 -3.437192  
 2 2 6  21.286236 -2.505226 3.253993 -0.156431 -7.585837 -6.148977 -21.286236 2.505226 -3.253993 0.156431 -4.315969 -3.014139  
 3 3 7  36.121106 -2.705459 3.718733 -0.156431 -8.630147 -6.783486 -36.121106 2.705459 -3.718733 0.156431 -4.971493 -3.111999  
 4 4 8  50.795177 -2.919561 3.837939 -0.156431 -9.101549 -7.320357 -50.795177 2.919561 -3.837939 0.156431 -4.936097 -3.358230  
 5 5 10  23.598765 -3.400510 2.905673 -0.007383 -5.022726 -6.242250 -23.598765 3.400510 -2.905673 0.007383 -5.605064 -6.195454  
 6 6 11  15.543112 -3.088098 2.806618 -0.007383 -4.892200 -5.654842 -15.543112 3.088098 -2.806618 0.007383 -5.373287 -5.640185  
 7 7 12  24.337907 -3.242469 3.106810 -0.007383 -5.429369 -5.930059 -24.337907 3.242469 -3.106810 0.007383 -5.934099 -5.929596  
 8 8 118  32.520216 -3.365569 3.050683 -0.007383 -5.296472 -6.181833 -32.520216 3.365569 -3.050683 0.007383 4.180654 4.950843  
 9 10 15  11.833604 -2.118612 1.772090 0.008873 -2.537939 -3.143816 -11.833604 2.118612 -1.772090 -0.008873 -3.943657 -4.605218  
 10 11 16  9.214374 -1.985295 1.761130 0.008873 -2.561109 -2.940174 -9.214374 1.985295 -1.761130 -0.008873 -3.880399 -4.321241  
 11 12 17  12.133182 -2.005065 1.883721 0.008873 -2.739477 -2.922375 -12.133182 2.005065 -1.883721 -0.008873 -4.150421 -4.411349  
 12 13 18  14.818840 -2.122058 1.888164 0.008873 -2.711332 -3.103919 -14.818840 2.122058 -1.888164 -0.008873 -4.194819 -4.657719  
 13 5 6  0.000000 -3.232317 0.000000 0.491450 -0.000000 -9.913469 0.000000 3.232317 -0.000000 -0.491450 -0.000000 -9.790735  
 14 6 7  0.000000 3.024559 0.000000 -0.582566 -0.000000 9.160431 0.000000 -3.024559 -0.000000 0.582566 -0.000000 9.277280  
 15 7 8  0.000000 -3.241359 -0.000000 0.235222 0.000000 -9.818296 0.000000 3.241359 0.000000 -0.235222 0.000000 -9.941029  
 16 8 5  0.000000 3.033601 -0.000000 -0.291540 0.000000 9.304841 0.000000 -3.033601 0.000000 0.291540 0.000000 9.187992  
 17 10 11  0.000000 -2.725740 0.000000 0.356508 -0.000000 -8.335073 0.000000 2.725740 -0.000000 -0.356508 -0.000000 -8.281039  
 18 11 12  0.000000 2.945522 0.000000 -0.346643 -0.000000 8.936867 0.000000 -2.945522 -0.000000 0.346643 -0.000000 9.019034  
 19 12 13  0.000000 -2.740797 -0.000000 0.167062 0.000000 -8.326934 0.000000 2.740797 0.000000 -0.167062 0.000000 -8.380968  
 20 13 10  0.000000 2.960579 -0.000000 -0.192070 0.000000 9.064928 0.000000 -2.960579 0.000000 0.192070 0.000000 8.982762  
 21 15 16  0.000000 -1.317918 -0.000000 0.116679 0.000000 -4.043929 0.000000 1.317918 0.000000 -0.116679 0.000000 -3.990101  
 22 16 17  0.000000 1.467708 -0.000000 -0.109702 0.000000 4.437920 0.000000 -1.467708 0.000000 0.109702 0.000000 4.509225  
 23 17 18  0.000000 -1.334525 0.000000 0.097876 -0.000000 -4.040719 0.000000 1.334525 -0.000000 -0.097876 -0.000000 -4.094547  
 24 18 15  0.000000 1.484315 0.000000 -0.100272 -0.000000 4.559843 0.000000 -1.484315 -0.000000 0.100272 -0.000000 4.488538  
 118 118 128  32.520216 -3.365569 3.050683 -0.007383 -4.180654 -4.950843 -32.520216 3.365569 -3.050683 0.007383 3.064836 3.719852  
 128 128 138  32.520216 -3.365569 3.050683 -0.007383 -3.064836 -3.719852 -32.520216 3.365569 -3.050683 0.007383 1.949019 2.488862  
 138 138 148  32.520216 -3.365569 3.050683 -0.007383 -1.949019 -2.488862 -32.520216 3.365569 -3.050683 0.007383 0.833201 1.257871  
 148 148 158  32.520216 -3.365569 3.050683 -0.007383 -0.833201 -1.257871 -32.520216 3.365569 -3.050683 0.007383 -0.282617 0.026881  
 158 158 168  32.520216 -3.365569 3.050683 -0.007383 0.282617 -0.026881 -32.520216 3.365569 -3.050683 0.007383 -1.398435 -1.204110  
 168 168 178  32.520216 -3.365569 3.050683 -0.007383 1.398435 1.204110 -32.520216 3.365569 -3.050683 0.007383 -2.514252 -2.435100  
 178 178 188  32.520216 -3.365569 3.050683 -0.007383 2.514252 2.435100 -32.520216 3.365569 -3.050683 0.007383 -3.630070 -3.666091  
 188 188 198  32.520216 -3.365569 3.050683 -0.007383 3.630070 3.666091 -32.520216 3.365569 -3.050683 0.007383 -4.745888 -4.897081  
 198 198 13  32.520216 -3.365569 3.050683 -0.007383 4.745888 4.897081 -32.520216 3.365569 -3.050683 0.007383 -5.861706 -6.128072  
