 1 1 5  38.714063 0.572805 0.430293 -0.000175 -1.278297 1.382255 -38.714063 -0.572805 -0.430293 0.000175 -0.295544 0.712836  
 2 2 6  34.830320 0.573324 0.430756 -0.000175 -1.279818 1.383432 -34.830320 -0.573324 -0.430756 0.000175 -0.295714 0.713558  
 3 3 7  33.285876 0.573718 0.431383 -0.000175 -1.281254 1.384563 -33.285876 -0.573718 -0.431383 0.000175 -0.296572 0.713869  
 4 4 8  37.169741 0.573205 0.430929 -0.000175 -1.279738 1.383424 -37.169741 -0.573205 -0.430929 0.000175 -0.296426 0.713130  
 5 5 10  25.683619 0.376483 0.766330 -0.000069 -1.562518 0.568551 -25.683619 -0.376483 -0.766330 0.000069 -1.240412 0.808473  
 6 6 11  23.019568 0.376664 0.766525 -0.000069 -1.562659 0.568864 -23.019568 -0.376664 -0.766525 0.000069 -1.240981 0.808823  
 7 7 12  22.316338 0.376646 0.766750 -0.000069 -1.563039 0.568707 -22.316338 -0.376646 -0.766750 0.000069 -1.241425 0.808914  
 8 8 118  24.980475 0.376475 0.766548 -0.000069 -1.562880 0.568414 -24.980475 -0.376475 -0.766548 0.000069 1.282508 -0.430714  
 9 10 15  12.616162 0.072616 0.771710 -0.000840 -1.207787 -0.002151 -12.616162 -0.072616 -0.771710 0.000840 -1.614821 0.267752  
 10 11 16  11.558336 0.071234 0.770673 -0.000840 -1.207173 -0.003727 -11.558336 -0.071234 -0.770673 0.000840 -1.611641 0.264274  
 11 12 17  11.383821 0.071156 0.769727 -0.000840 -1.206136 -0.003801 -11.383821 -0.071156 -0.769727 0.000840 -1.609217 0.264061  
 12 13 18  12.441682 0.072569 0.770964 -0.000840 -1.206944 -0.002222 -12.441682 -0.072569 -0.770964 0.000840 -1.612935 0.267651  
 13 5 6  0.000000 -0.609850 -0.000000 0.000504 0.000000 -1.858670 0.000000 0.609850 0.000000 -0.000504 0.000000 -1.858978  
 14 6 7  0.000000 -0.420602 -0.000000 -0.000605 0.000000 -1.281918 0.000000 0.420602 0.000000 0.000605 0.000000 -1.282074  
 15 7 8  0.000000 -0.609860 0.000000 0.000502 -0.000000 -1.859006 0.000000 0.609860 -0.000000 -0.000502 -0.000000 -1.858698  
 16 8 5  0.000000 -0.420593 0.000000 -0.000609 -0.000000 -1.282046 0.000000 0.420593 -0.000000 0.000609 -0.000000 -1.281890  
 17 10 11  0.000000 -0.803119 -0.000000 -0.000632 0.000000 -2.447976 0.000000 0.803119 0.000000 0.000632 0.000000 -2.447838  
 18 11 12  0.000000 -0.264351 -0.000000 0.000316 0.000000 -0.805728 0.000000 0.264351 0.000000 -0.000316 0.000000 -0.805755  
 19 12 13  0.000000 -0.803132 0.000000 -0.000642 -0.000000 -2.447877 0.000000 0.803132 -0.000000 0.000642 -0.000000 -2.448014  
 20 13 10  0.000000 -0.264338 0.000000 0.000223 -0.000000 -0.805717 0.000000 0.264338 -0.000000 -0.000223 -0.000000 -0.805690  
 21 15 16  0.000000 -0.528917 -0.000000 -0.001752 0.000000 -1.613865 0.000000 0.528917 0.000000 0.001752 0.000000 -1.610415  
 22 16 17  0.000000 -0.087253 0.000000 0.001225 -0.000000 -0.266026 0.000000 0.087253 -0.000000 -0.001225 -0.000000 -0.265869  
 23 17 18  0.000000 -0.528926 0.000000 -0.001808 -0.000000 -1.610442 0.000000 0.528926 -0.000000 0.001808 -0.000000 -1.613891  
 24 18 15  0.000000 -0.087245 -0.000000 0.000957 0.000000 -0.265843 0.000000 0.087245 0.000000 -0.000957 0.000000 -0.266000  
 118 118 128  24.980475 0.376475 0.766548 -0.000069 -1.282508 0.430714 -24.980475 -0.376475 -0.766548 0.000069 1.002135 -0.293015  
 128 128 138  24.980475 0.376475 0.766548 -0.000069 -1.002135 0.293015 -24.980475 -0.376475 -0.766548 0.000069 0.721762 -0.155315  
 138 138 148  24.980475 0.376475 0.766548 -0.000069 -0.721762 0.155315 -24.980475 -0.376475 -0.766548 0.000069 0.441389 -0.017616  
 148 148 158  24.980475 0.376475 0.766548 -0.000069 -0.441389 0.017616 -24.980475 -0.376475 -0.766548 0.000069 0.161017 0.120083  
 158 158 168  24.980475 0.376475 0.766548 -0.000069 -0.161017 -0.120083 -24.980475 -0.376475 -0.766548 0.000069 -0.119356 0.257783  
 168 168 178  24.980475 0.376475 0.766548 -0.000069 0.119356 -0.257783 -24.980475 -0.376475 -0.766548 0.000069 -0.399729 0.395482  
 178 178 188  24.980475 0.376475 0.766548 -0.000069 0.399729 -0.395482 -24.980475 -0.376475 -0.766548 0.000069 -0.680102 0.533182  
 188 188 198  24.980475 0.376475 0.766548 -0.000069 0.680102 -0.533182 -24.980475 -0.376475 -0.766548 0.000069 -0.960474 0.670881  
 198 198 13  24.980475 0.376475 0.766548 -0.000069 0.960474 -0.670881 -24.980475 -0.376475 -0.766548 0.000069 -1.240847 0.808581  
