 1 1 5  35.369745 -1.579124 1.908941 -0.037326 -4.584023 -4.132282 -35.369745 1.579124 -1.908941 0.037326 -2.398121 -1.643521  
 2 2 6  27.799058 -1.521201 1.876486 -0.037326 -4.473751 -3.978874 -27.799058 1.521201 -1.876486 0.037326 -2.389684 -1.585071  
 3 3 7  36.616520 -1.555883 1.961417 -0.037326 -4.691059 -4.120660 -36.616520 1.555883 -1.961417 0.037326 -2.483021 -1.570139  
 4 4 8  44.214677 -1.585343 1.960378 -0.037326 -4.734079 -4.216853 -44.214677 1.585343 -1.960378 0.037326 -2.436199 -1.581697  
 5 5 10  23.558303 -2.209629 1.451057 -0.001335 -2.530040 -4.039687 -23.558303 2.209629 -1.451057 0.001335 -2.777345 -4.042253  
 6 6 11  19.261037 -2.094525 1.411285 -0.001335 -2.455935 -3.827351 -19.261037 2.094525 -1.411285 0.001335 -2.705982 -3.833585  
 7 7 12  24.429305 -2.168926 1.512642 -0.001335 -2.637015 -3.964132 -24.429305 2.168926 -1.512642 0.001335 -2.895626 -3.968930  
 8 8 118  28.751355 -2.212193 1.509824 -0.001335 -2.632941 -4.042072 -28.751355 2.212193 -1.509824 0.001335 2.080707 3.232941  
 9 10 15  11.908013 -1.095697 1.006922 -0.005431 -1.464702 -1.451103 -11.908013 1.095697 -1.006922 0.005431 -2.218215 -2.556518  
 10 11 16  10.437749 -1.056233 1.004397 -0.005431 -1.473898 -1.392052 -10.437749 1.056233 -1.004397 0.005431 -2.199783 -2.471227  
 11 12 17  12.085523 -1.052148 1.047062 -0.005431 -1.541888 -1.356437 -12.085523 1.052148 -1.047062 0.005431 -2.287848 -2.491900  
 12 13 18  13.568715 -1.084880 1.043580 -0.005431 -1.520710 -1.403471 -13.568715 1.084880 -1.043580 0.005431 -2.296290 -2.564587  
 13 5 6  0.000000 -1.637046 -0.000000 0.134370 0.000000 -4.997627 0.000000 1.637046 0.000000 -0.134370 0.000000 -4.981804  
 14 6 7  0.000000 1.824932 -0.000000 -0.136185 0.000000 5.546791 0.000000 -1.824932 0.000000 0.136185 0.000000 5.577997  
 15 7 8  0.000000 -1.637717 0.000000 0.043726 -0.000000 -4.983851 0.000000 1.637717 -0.000000 -0.043726 -0.000000 -4.999674  
 16 8 5  0.000000 1.825604 0.000000 -0.069466 -0.000000 5.580044 0.000000 -1.825604 -0.000000 0.069466 -0.000000 5.548838  
 17 10 11  0.000000 -1.414983 0.000000 0.129343 -0.000000 -4.321557 0.000000 1.414983 -0.000000 -0.129343 -0.000000 -4.304179  
 18 11 12  0.000000 1.761730 0.000000 -0.124300 -0.000000 5.354979 0.000000 -1.761730 -0.000000 0.124300 -0.000000 5.384524  
 19 12 13  0.000000 -1.417947 -0.000000 0.059157 0.000000 -4.313213 0.000000 1.417947 0.000000 -0.059157 0.000000 -4.330591  
 20 13 10  0.000000 1.764693 -0.000000 -0.079511 0.000000 5.393558 0.000000 -1.764693 0.000000 0.079511 0.000000 5.364013  
 21 15 16  0.000000 -0.736748 0.000000 0.037720 -0.000000 -2.252327 0.000000 0.736748 -0.000000 -0.037720 -0.000000 -2.238890  
 22 16 17  0.000000 0.825503 0.000000 -0.039107 -0.000000 2.508947 0.000000 -0.825503 -0.000000 0.039107 -0.000000 2.523318  
 23 17 18  0.000000 -0.739980 -0.000000 0.031418 0.000000 -2.248741 0.000000 0.739980 0.000000 -0.031418 0.000000 -2.262178  
 24 18 15  0.000000 0.828735 -0.000000 -0.034111 0.000000 2.533169 0.000000 -0.828735 0.000000 0.034111 0.000000 2.518798  
 118 118 128  28.751355 -2.212193 1.509824 -0.001335 -2.080707 -3.232941 -28.751355 2.212193 -1.509824 0.001335 1.528474 2.423809  
 128 128 138  28.751355 -2.212193 1.509824 -0.001335 -1.528474 -2.423809 -28.751355 2.212193 -1.509824 0.001335 0.976241 1.614677  
 138 138 148  28.751355 -2.212193 1.509824 -0.001335 -0.976241 -1.614677 -28.751355 2.212193 -1.509824 0.001335 0.424008 0.805546  
 148 148 158  28.751355 -2.212193 1.509824 -0.001335 -0.424008 -0.805546 -28.751355 2.212193 -1.509824 0.001335 -0.128226 -0.003586  
 158 158 168  28.751355 -2.212193 1.509824 -0.001335 0.128226 0.003586 -28.751355 2.212193 -1.509824 0.001335 -0.680459 -0.812718  
 168 168 178  28.751355 -2.212193 1.509824 -0.001335 0.680459 0.812718 -28.751355 2.212193 -1.509824 0.001335 -1.232692 -1.621849  
 178 178 188  28.751355 -2.212193 1.509824 -0.001335 1.232692 1.621849 -28.751355 2.212193 -1.509824 0.001335 -1.784925 -2.430981  
 188 188 198  28.751355 -2.212193 1.509824 -0.001335 1.784925 2.430981 -28.751355 2.212193 -1.509824 0.001335 -2.337159 -3.240113  
 198 198 13  28.751355 -2.212193 1.509824 -0.001335 2.337159 3.240113 -28.751355 2.212193 -1.509824 0.001335 -2.889392 -4.049244  
