 1 1 5  46.158069 0.197928 5.333085 0.215356 -12.381265 0.589996 -46.158069 -0.197928 -5.333085 -0.215356 -7.125027 0.133944  
 2 2 6  29.724326 0.182805 4.956883 0.215356 -11.273394 0.538071 -29.724326 -0.182805 -4.956883 -0.215356 -6.856900 0.130557  
 3 3 7  25.861803 0.186527 4.757233 0.215356 -10.838112 0.541624 -25.861803 -0.186527 -4.757233 -0.215356 -6.561945 0.140617  
 4 4 8  42.255802 0.204825 5.216693 0.215356 -12.117102 0.607685 -42.255802 -0.204825 -5.216693 -0.215356 -6.963473 0.141484  
 5 5 10  29.769789 0.312754 3.493831 0.281148 -5.647987 0.947943 -29.769789 -0.312754 -3.493831 -0.281148 -7.131049 0.195986  
 6 6 11  21.439603 0.272419 3.400860 0.281148 -5.633192 0.838064 -21.439603 -0.272419 -3.400860 -0.281148 -6.805793 0.158337  
 7 7 12  18.242042 0.278972 3.246483 0.281148 -5.354921 0.829643 -18.242042 -0.278972 -3.246483 -0.281148 -6.519416 0.190726  
 8 8 118  26.548566 0.316651 3.201231 0.281148 -5.206818 0.940379 -26.548566 -0.316651 -3.201231 -0.281148 4.035936 -0.824561  
 9 10 15  14.044432 1.336810 1.647784 -0.045918 -2.033865 2.487508 -14.044432 -1.336810 -1.647784 0.045918 -3.993071 2.402007  
 10 11 16  11.481724 1.249781 1.659631 -0.045918 -2.124657 2.304849 -11.481724 -1.249781 -1.659631 0.045918 -3.945608 2.266350  
 11 12 17  9.962339 1.229607 1.594937 -0.045918 -2.049628 2.252330 -9.962339 -1.229607 -1.594937 0.045918 -3.784013 2.245080  
 12 13 18  12.511505 1.324222 1.591094 -0.045918 -1.961288 2.453464 -12.511505 -1.324222 -1.591094 0.045918 -3.858296 2.390009  
 13 5 6  0.000000 -4.049768 0.000000 -0.050506 -0.000000 -12.477779 0.000000 4.049768 -0.000000 0.050506 -0.000000 -12.209606  
 14 6 7  0.000000 -0.334492 -0.000000 0.280486 0.000000 -1.019126 0.000000 0.334492 0.000000 -0.280486 0.000000 -1.019934  
 15 7 8  0.000000 -4.045748 -0.000000 -0.049675 0.000000 -12.197352 0.000000 4.045748 0.000000 0.049675 0.000000 -12.465525  
 16 8 5  0.000000 -0.338512 0.000000 0.295234 -0.000000 -1.032189 0.000000 0.338512 -0.000000 -0.295234 -0.000000 -1.031381  
 17 10 11  0.000000 -2.882474 -0.000000 -0.106299 0.000000 -8.817960 0.000000 2.882474 0.000000 0.106299 0.000000 -8.753603  
 18 11 12  0.000000 -0.840353 -0.000000 0.176847 0.000000 -2.569484 0.000000 0.840353 0.000000 -0.176847 0.000000 -2.553306  
 19 12 13  0.000000 -2.879944 0.000000 -0.110251 -0.000000 -8.745892 0.000000 2.879944 -0.000000 0.110251 -0.000000 -8.810248  
 20 13 10  0.000000 -0.842883 0.000000 0.346954 -0.000000 -2.561018 0.000000 0.842883 -0.000000 -0.346954 -0.000000 -2.577196  
 21 15 16  0.000000 -1.279661 0.000000 -0.062669 -0.000000 -3.930843 0.000000 1.279661 -0.000000 0.062669 -0.000000 -3.869970  
 22 16 17  0.000000 -0.761385 0.000000 0.075638 -0.000000 -2.329019 0.000000 0.761385 -0.000000 -0.075638 -0.000000 -2.312385  
 23 17 18  0.000000 -1.276276 -0.000000 -0.067305 0.000000 -3.859651 0.000000 1.276276 0.000000 0.067305 0.000000 -3.920524  
 24 18 15  0.000000 -0.764771 -0.000000 0.062228 0.000000 -2.322704 0.000000 0.764771 0.000000 -0.062228 0.000000 -2.339338  
 118 118 128  26.548566 0.316651 3.201231 0.281148 -4.035936 0.824561 -26.548566 -0.316651 -3.201231 -0.281148 2.865053 -0.708743  
 128 128 138  26.548566 0.316651 3.201231 0.281148 -2.865053 0.708743 -26.548566 -0.316651 -3.201231 -0.281148 1.694171 -0.592924  
 138 138 148  26.548566 0.316651 3.201231 0.281148 -1.694171 0.592924 -26.548566 -0.316651 -3.201231 -0.281148 0.523289 -0.477106  
 148 148 158  26.548566 0.316651 3.201231 0.281148 -0.523289 0.477106 -26.548566 -0.316651 -3.201231 -0.281148 -0.647594 -0.361287  
 158 158 168  26.548566 0.316651 3.201231 0.281148 0.647594 0.361287 -26.548566 -0.316651 -3.201231 -0.281148 -1.818476 -0.245469  
 168 168 178  26.548566 0.316651 3.201231 0.281148 1.818476 0.245469 -26.548566 -0.316651 -3.201231 -0.281148 -2.989358 -0.129650  
 178 178 188  26.548566 0.316651 3.201231 0.281148 2.989358 0.129650 -26.548566 -0.316651 -3.201231 -0.281148 -4.160241 -0.013832  
 188 188 198  26.548566 0.316651 3.201231 0.281148 4.160241 0.013832 -26.548566 -0.316651 -3.201231 -0.281148 -5.331123 0.101986  
 198 198 13  26.548566 0.316651 3.201231 0.281148 5.331123 -0.101986 -26.548566 -0.316651 -3.201231 -0.281148 -6.502006 0.217805  
