 1 1 5  23.498182 -5.056720 2.085045 -0.985592 -3.513663 -11.474144 -23.498182 5.056720 -2.085045 0.985592 -4.112598 -7.021316  
 2 2 6  30.015179 -5.417534 2.283191 -0.985592 -3.820260 -12.312790 -30.015179 5.417534 -2.283191 0.985592 -4.530738 -7.502382  
 3 3 7  48.548918 -5.931439 2.607400 -0.985592 -4.229847 -13.729928 -48.548918 5.931439 -2.607400 0.985592 -5.306979 -7.964903  
 4 4 8  41.937721 -5.676339 2.438353 -0.985592 -3.954047 -13.168585 -41.937721 5.676339 -2.438353 0.985592 -4.964474 -7.593194  
 5 5 10  16.407693 -3.654380 -2.593806 -0.250209 5.524971 -6.154090 -16.407693 3.654380 2.593806 0.250209 3.962136 -7.212170  
 6 6 11  22.138198 -3.939495 -2.674732 -0.250209 5.831561 -6.578469 -22.138198 3.939495 2.674732 0.250209 3.951537 -7.830629  
 7 7 12  31.624042 -4.018808 -2.959605 -0.250209 6.480292 -6.514168 -31.624042 4.018808 2.959605 0.250209 4.344761 -8.185025  
 8 8 118  25.830066 -3.545682 -2.738811 -0.250209 5.966084 -5.733783 -25.830066 3.545682 2.738811 0.250209 -4.964337 4.436914  
 9 10 15  9.635325 -1.811580 -1.244114 0.009904 1.797143 -2.391699 -9.635325 1.811580 1.244114 -0.009904 2.753330 -4.234335  
 10 11 16  11.492598 -1.909213 -1.231306 0.009904 1.732102 -2.533289 -11.492598 1.909213 1.231306 -0.009904 2.771523 -4.449848  
 11 12 17  14.381707 -1.895276 -1.322948 0.009904 1.886867 -2.428597 -14.381707 1.895276 1.322948 -0.009904 2.951949 -4.503565  
 12 13 18  12.490371 -1.812168 -1.346205 0.009904 1.974920 -2.307747 -12.490371 1.812168 1.346205 -0.009904 2.948959 -4.320438  
 13 5 6  0.000000 0.397087 -0.000000 -0.441014 0.000000 1.195283 0.000000 -0.397087 0.000000 0.441014 0.000000 1.225360  
 14 6 7  0.000000 4.520106 -0.000000 -0.075463 0.000000 13.639837 0.000000 -4.520106 0.000000 0.075463 0.000000 13.914732  
 15 7 8  0.000000 0.404770 0.000000 -0.564340 -0.000000 1.248776 0.000000 -0.404770 -0.000000 0.564340 -0.000000 1.218700  
 16 8 5  0.000000 4.512424 0.000000 -0.217089 -0.000000 13.891316 0.000000 -4.512424 -0.000000 0.217089 -0.000000 13.616421  
 17 10 11  0.000000 1.940292 0.000000 -0.368820 -0.000000 5.881591 0.000000 -1.940292 -0.000000 0.368820 -0.000000 5.946429  
 18 11 12  0.000000 3.294691 -0.000000 0.262790 0.000000 9.995098 0.000000 -3.294691 0.000000 -0.262790 0.000000 10.089341  
 19 12 13  0.000000 1.947644 -0.000000 -0.524282 0.000000 5.968837 0.000000 -1.947644 0.000000 0.524282 0.000000 5.903999  
 20 13 10  0.000000 3.287340 0.000000 0.122312 -0.000000 10.066933 0.000000 -3.287340 -0.000000 -0.122312 -0.000000 9.972689  
 21 15 16  0.000000 0.932894 0.000000 -0.094778 -0.000000 2.838166 0.000000 -0.932894 -0.000000 0.094778 -0.000000 2.848758  
 22 16 17  0.000000 1.440297 0.000000 0.077235 -0.000000 4.355070 0.000000 -1.440297 -0.000000 -0.077235 -0.000000 4.424980  
 23 17 18  0.000000 0.941410 -0.000000 -0.078585 0.000000 2.874714 0.000000 -0.941410 0.000000 0.078585 0.000000 2.864122  
 24 18 15  0.000000 1.431781 -0.000000 0.084836 0.000000 4.399023 0.000000 -1.431781 0.000000 -0.084836 0.000000 4.329113  
 118 118 128  25.830066 -3.545682 -2.738811 -0.250209 4.964337 -4.436914 -25.830066 3.545682 2.738811 0.250209 -3.962589 3.140046  
 128 128 138  25.830066 -3.545682 -2.738811 -0.250209 3.962589 -3.140046 -25.830066 3.545682 2.738811 0.250209 -2.960842 1.843177  
 138 138 148  25.830066 -3.545682 -2.738811 -0.250209 2.960842 -1.843177 -25.830066 3.545682 2.738811 0.250209 -1.959094 0.546308  
 148 148 158  25.830066 -3.545682 -2.738811 -0.250209 1.959094 -0.546308 -25.830066 3.545682 2.738811 0.250209 -0.957346 -0.750560  
 158 158 168  25.830066 -3.545682 -2.738811 -0.250209 0.957346 0.750560 -25.830066 3.545682 2.738811 0.250209 0.044401 -2.047429  
 168 168 178  25.830066 -3.545682 -2.738811 -0.250209 -0.044401 2.047429 -25.830066 3.545682 2.738811 0.250209 1.046149 -3.344298  
 178 178 188  25.830066 -3.545682 -2.738811 -0.250209 -1.046149 3.344298 -25.830066 3.545682 2.738811 0.250209 2.047896 -4.641167  
 188 188 198  25.830066 -3.545682 -2.738811 -0.250209 -2.047896 4.641167 -25.830066 3.545682 2.738811 0.250209 3.049644 -5.938035  
 198 198 13  25.830066 -3.545682 -2.738811 -0.250209 -3.049644 5.938035 -25.830066 3.545682 2.738811 0.250209 4.051391 -7.234904  
