 1 1 5  35.179323 -0.206630 -0.826780 -0.000346 1.981748 -0.419046 -35.179323 0.206630 0.826780 0.000346 1.042284 -0.336724  
 2 2 6  37.238082 -0.206203 -0.826210 -0.000346 1.980061 -0.418038 -37.238082 0.206203 0.826210 0.000346 1.041884 -0.336169  
 3 3 7  36.820613 -0.205852 -0.825566 -0.000346 1.978585 -0.417004 -36.820613 0.205852 0.825566 0.000346 1.041007 -0.335919  
 4 4 8  34.761982 -0.206298 -0.826096 -0.000346 1.980203 -0.418034 -34.761982 0.206298 0.826096 0.000346 1.041325 -0.336522  
 5 5 10  23.822024 0.019014 -0.516289 -0.000087 0.754206 0.172980 -23.822024 -0.019014 0.516289 0.000087 1.134173 -0.103434  
 6 6 11  24.702493 0.019190 -0.516298 -0.000087 0.754293 0.173302 -24.702493 -0.019190 0.516298 0.000087 1.134118 -0.103111  
 7 7 12  24.177929 0.019183 -0.516064 -0.000087 0.753909 0.173207 -24.177929 -0.019183 0.516064 0.000087 1.133646 -0.103043  
 8 8 118  23.297554 0.019009 -0.516058 -0.000087 0.753845 0.172894 -23.297554 -0.019009 0.516058 0.000087 -0.565091 -0.165941  
 9 10 15  12.044926 0.246761 -0.056859 -0.000020 -0.088225 0.469510 -12.044926 -0.246761 0.056859 0.000020 0.296191 0.433042  
 10 11 16  12.239252 0.246795 -0.056846 -0.000020 -0.088226 0.469556 -12.239252 -0.246795 0.056846 0.000020 0.296146 0.433121  
 11 12 17  11.955050 0.246788 -0.056799 -0.000020 -0.088294 0.469519 -11.955050 -0.246788 0.056799 0.000020 0.296042 0.433133  
 12 13 18  11.760771 0.246754 -0.056811 -0.000020 -0.088296 0.469471 -11.760771 -0.246754 0.056811 0.000020 0.296088 0.433055  
 13 5 6  0.000000 0.589141 0.000000 0.000425 -0.000000 1.795843 0.000000 -0.589141 -0.000000 -0.000425 -0.000000 1.795560  
 14 6 7  0.000000 0.053552 -0.000000 -0.000617 0.000000 0.163293 0.000000 -0.053552 0.000000 0.000617 0.000000 0.163157  
 15 7 8  0.000000 0.589132 -0.000000 0.000444 0.000000 1.795533 0.000000 -0.589132 0.000000 -0.000444 0.000000 1.795817  
 16 8 5  0.000000 0.053560 0.000000 -0.000647 -0.000000 0.163184 0.000000 -0.053560 -0.000000 0.000647 -0.000000 0.163319  
 17 10 11  0.000000 0.343066 -0.000000 0.000166 0.000000 1.045688 0.000000 -0.343066 0.000000 -0.000166 0.000000 1.045640  
 18 11 12  0.000000 -0.120175 -0.000000 -0.000252 0.000000 -0.366278 0.000000 0.120175 0.000000 0.000252 0.000000 -0.366308  
 19 12 13  0.000000 0.343054 0.000000 0.000168 -0.000000 1.045604 0.000000 -0.343054 -0.000000 -0.000168 -0.000000 1.045652  
 20 13 10  0.000000 -0.120163 0.000000 -0.000260 -0.000000 -0.366272 0.000000 0.120163 -0.000000 0.000260 -0.000000 -0.366243  
 21 15 16  0.000000 0.097157 0.000000 0.000022 -0.000000 0.296157 0.000000 -0.097157 -0.000000 -0.000022 -0.000000 0.296112  
 22 16 17  0.000000 -0.142095 -0.000000 -0.000034 0.000000 -0.433099 0.000000 0.142095 0.000000 0.000034 0.000000 -0.433112  
 23 17 18  0.000000 0.097145 -0.000000 0.000021 0.000000 0.296076 0.000000 -0.097145 0.000000 -0.000021 0.000000 0.296121  
 24 18 15  0.000000 -0.142083 0.000000 -0.000034 -0.000000 -0.433076 0.000000 0.142083 -0.000000 0.000034 -0.000000 -0.433063  
 118 118 128  23.297554 0.019009 -0.516058 -0.000087 0.565091 0.165941 -23.297554 -0.019009 0.516058 0.000087 -0.376338 -0.158988  
 128 128 138  23.297554 0.019009 -0.516058 -0.000087 0.376338 0.158988 -23.297554 -0.019009 0.516058 0.000087 -0.187585 -0.152036  
 138 138 148  23.297554 0.019009 -0.516058 -0.000087 0.187585 0.152036 -23.297554 -0.019009 0.516058 0.000087 0.001169 -0.145083  
 148 148 158  23.297554 0.019009 -0.516058 -0.000087 -0.001169 0.145083 -23.297554 -0.019009 0.516058 0.000087 0.189922 -0.138130  
 158 158 168  23.297554 0.019009 -0.516058 -0.000087 -0.189922 0.138130 -23.297554 -0.019009 0.516058 0.000087 0.378675 -0.131178  
 168 168 178  23.297554 0.019009 -0.516058 -0.000087 -0.378675 0.131178 -23.297554 -0.019009 0.516058 0.000087 0.567429 -0.124225  
 178 178 188  23.297554 0.019009 -0.516058 -0.000087 -0.567429 0.124225 -23.297554 -0.019009 0.516058 0.000087 0.756182 -0.117272  
 188 188 198  23.297554 0.019009 -0.516058 -0.000087 -0.756182 0.117272 -23.297554 -0.019009 0.516058 0.000087 0.944936 -0.110320  
 198 198 13  23.297554 0.019009 -0.516058 -0.000087 -0.944936 0.110320 -23.297554 -0.019009 0.516058 0.000087 1.133689 -0.103367  
