 1 1 5  24.250085 -1.273295 -4.043136 0.078628 9.159546 -3.107315 -24.250085 1.273295 4.043136 -0.078628 5.628629 -1.549888  
 2 2 6  41.628078 -1.471138 -4.447536 0.078628 10.286683 -3.569022 -41.628078 1.471138 4.447536 -0.078628 5.980624 -1.811812  
 3 3 7  47.781996 -1.462926 -4.629063 0.078628 10.704287 -3.558127 -47.781996 1.462926 4.629063 -0.078628 6.226975 -1.792672  
 4 4 8  30.339840 -1.288616 -4.336942 0.078628 9.793218 -3.162012 -30.339840 1.288616 4.336942 -0.078628 6.069581 -1.551231  
 5 5 10  16.946740 -1.299865 -2.275222 -0.325752 4.164462 -2.270214 -16.946740 1.299865 2.275222 0.325752 4.157389 -2.484171  
 6 6 11  27.675523 -1.552562 -2.263173 -0.325752 4.090074 -2.725814 -27.675523 1.552562 2.263173 0.325752 4.187707 -2.952838  
 7 7 12  31.075249 -1.572663 -2.339287 -0.325752 4.224679 -2.760507 -31.075249 1.572663 2.339287 0.325752 4.331497 -2.991665  
 8 8 118  20.302487 -1.297674 -2.299293 -0.325752 4.210080 -2.265899 -20.302487 1.297674 2.299293 0.325752 -3.369091 1.791262  
 9 10 15  9.346422 -0.639918 -3.252415 0.035664 5.504622 -0.883053 -9.346422 0.639918 3.252415 -0.035664 6.391412 -1.457511  
 10 11 16  13.644533 -0.685150 -3.331809 0.035664 5.579031 -0.895617 -13.644533 0.685150 3.331809 -0.035664 6.607392 -1.610389  
 11 12 17  14.666214 -0.682652 -3.392425 0.035664 5.674951 -0.882165 -14.666214 0.682652 3.392425 -0.035664 6.733184 -1.614704  
 12 13 18  10.342831 -0.639243 -3.327240 0.035664 5.623384 -0.869562 -10.342831 0.639243 3.327240 -0.035664 6.546328 -1.468534  
 13 5 6  0.000000 3.327128 0.000000 -0.351072 -0.000000 10.028685 0.000000 -3.327128 -0.000000 0.351072 -0.000000 10.253486  
 14 6 7  0.000000 1.374573 -0.000000 0.182788 0.000000 4.186553 0.000000 -1.374573 0.000000 -0.182788 0.000000 4.192845  
 15 7 8  0.000000 3.332174 -0.000000 -0.360334 0.000000 10.268866 0.000000 -3.332174 0.000000 0.360334 0.000000 10.044066  
 16 8 5  0.000000 1.369527 0.000000 0.235595 -0.000000 4.177464 0.000000 -1.369527 -0.000000 -0.235595 -0.000000 4.171173  
 17 10 11  0.000000 3.217674 -0.000000 -0.233488 0.000000 9.735476 0.000000 -3.217674 0.000000 0.233488 0.000000 9.879465  
 18 11 12  0.000000 1.186684 0.000000 0.112727 -0.000000 3.614967 0.000000 -1.186684 -0.000000 -0.112727 -0.000000 3.619060  
 19 12 13  0.000000 3.222351 0.000000 -0.254770 -0.000000 9.893721 0.000000 -3.222351 -0.000000 0.254770 -0.000000 9.749732  
 20 13 10  0.000000 1.182007 -0.000000 0.073466 0.000000 3.604805 0.000000 -1.182007 0.000000 -0.073466 0.000000 3.600711  
 21 15 16  0.000000 2.152215 -0.000000 -0.066811 0.000000 6.459242 0.000000 -2.152215 0.000000 0.066811 0.000000 6.660660  
 22 16 17  0.000000 0.507681 -0.000000 0.053268 0.000000 1.543578 0.000000 -0.507681 0.000000 -0.053268 0.000000 1.551247  
 23 17 18  0.000000 2.158533 0.000000 -0.063457 -0.000000 6.679916 0.000000 -2.158533 -0.000000 0.063457 -0.000000 6.478498  
 24 18 15  0.000000 0.501364 0.000000 0.067830 -0.000000 1.531991 0.000000 -0.501364 -0.000000 -0.067830 -0.000000 1.524322  
 118 118 128  20.302487 -1.297674 -2.299293 -0.325752 3.369091 -1.791262 -20.302487 1.297674 2.299293 0.325752 -2.528101 1.316625  
 128 128 138  20.302487 -1.297674 -2.299293 -0.325752 2.528101 -1.316625 -20.302487 1.297674 2.299293 0.325752 -1.687112 0.841987  
 138 138 148  20.302487 -1.297674 -2.299293 -0.325752 1.687112 -0.841987 -20.302487 1.297674 2.299293 0.325752 -0.846122 0.367350  
 148 148 158  20.302487 -1.297674 -2.299293 -0.325752 0.846122 -0.367350 -20.302487 1.297674 2.299293 0.325752 -0.005133 -0.107287  
 158 158 168  20.302487 -1.297674 -2.299293 -0.325752 0.005133 0.107287 -20.302487 1.297674 2.299293 0.325752 0.835857 -0.581924  
 168 168 178  20.302487 -1.297674 -2.299293 -0.325752 -0.835857 0.581924 -20.302487 1.297674 2.299293 0.325752 1.676846 -1.056561  
 178 178 188  20.302487 -1.297674 -2.299293 -0.325752 -1.676846 1.056561 -20.302487 1.297674 2.299293 0.325752 2.517836 -1.531199  
 188 188 198  20.302487 -1.297674 -2.299293 -0.325752 -2.517836 1.531199 -20.302487 1.297674 2.299293 0.325752 3.358825 -2.005836  
 198 198 13  20.302487 -1.297674 -2.299293 -0.325752 -3.358825 2.005836 -20.302487 1.297674 2.299293 0.325752 4.199815 -2.480473  
