 1 1 5  28.754998 -6.288679 0.844427 0.136581 -2.147982 -14.093001 -28.754998 6.288679 -0.844427 -0.136581 -0.940593 -8.908473  
 2 2 6  25.291290 -6.096761 0.861135 0.136581 -2.185902 -13.676839 -25.291290 6.096761 -0.861135 -0.136581 -0.963787 -8.622672  
 3 3 7  43.192561 -6.789746 0.935892 0.136581 -2.395468 -15.484512 -43.192561 6.789746 -0.935892 -0.136581 -1.027651 -9.349664  
 4 4 8  46.761151 -6.924800 0.917405 0.136581 -2.350036 -15.773579 -46.761151 6.924800 -0.917405 -0.136581 -1.005463 -9.554569  
 5 5 10  20.762134 -4.502020 1.691038 -0.333833 -2.778232 -7.123600 -20.762134 4.502020 -1.691038 0.333833 -3.406908 -9.342989  
 6 6 11  19.817134 -4.457027 1.670083 -0.333833 -2.746199 -7.057375 -19.817134 4.457027 -1.670083 0.333833 -3.362295 -9.244648  
 7 7 12  27.193171 -4.562907 1.796053 -0.333833 -2.968146 -6.936655 -27.193171 4.562907 -1.796053 0.333833 -3.601098 -9.752633  
 8 8 118  28.227562 -4.267782 1.753042 -0.333833 -2.971188 -6.656034 -28.227562 4.267782 -1.753042 0.333833 2.329995 5.095050  
 9 10 15  11.059144 -0.543230 -0.512869 0.027883 1.455157 0.385003 -11.059144 0.543230 0.512869 -0.027883 0.420712 -2.371920  
 10 11 16  11.365549 -0.549639 -0.525995 0.027883 1.497663 0.384444 -11.365549 0.549639 0.525995 -0.027883 0.426216 -2.394803  
 11 12 17  12.918806 -0.542232 -0.549807 0.027883 1.565570 0.444204 -12.918806 0.542232 0.549807 -0.027883 0.445404 -2.427471  
 12 13 18  12.656501 -0.536463 -0.537821 0.027883 1.526039 0.446712 -12.656501 0.536463 0.537821 -0.027883 0.441097 -2.408877  
 13 5 6  0.000000 -1.261290 -0.000000 0.170111 0.000000 -3.841836 0.000000 1.261290 0.000000 -0.170111 0.000000 -3.846989  
 14 6 7  0.000000 5.264553 0.000000 -0.137003 -0.000000 15.850158 0.000000 -5.264553 -0.000000 0.137003 -0.000000 16.242559  
 15 7 8  0.000000 -1.265163 0.000000 -0.043760 -0.000000 -3.858794 0.000000 1.265163 -0.000000 0.043760 -0.000000 -3.853640  
 16 8 5  0.000000 5.268426 -0.000000 -0.123011 0.000000 16.254363 0.000000 -5.268426 0.000000 0.123011 0.000000 15.861962  
 17 10 11  0.000000 -0.631364 0.000000 0.031636 -0.000000 -1.915969 0.000000 0.631364 -0.000000 -0.031636 -0.000000 -1.932824  
 18 11 12  0.000000 2.917051 -0.000000 -0.068192 0.000000 8.891839 0.000000 -2.917051 0.000000 0.068192 0.000000 8.890506  
 19 12 13  0.000000 -0.642687 -0.000000 -0.417923 0.000000 -1.967336 0.000000 0.642687 0.000000 0.417923 0.000000 -1.950481  
 20 13 10  0.000000 2.928374 0.000000 0.035782 -0.000000 8.925018 0.000000 -2.928374 -0.000000 -0.035782 -0.000000 8.926351  
 21 15 16  0.000000 0.147690 0.000000 -0.028243 -0.000000 0.447706 0.000000 -0.147690 -0.000000 0.028243 -0.000000 0.452612  
 22 16 17  0.000000 0.782141 -0.000000 0.026396 0.000000 2.366560 0.000000 -0.782141 0.000000 -0.026396 0.000000 2.401372  
 23 17 18  0.000000 0.136665 -0.000000 -0.026099 0.000000 0.419008 0.000000 -0.136665 0.000000 0.026099 0.000000 0.414102  
 24 18 15  0.000000 0.793166 0.000000 0.026994 -0.000000 2.434976 0.000000 -0.793166 -0.000000 -0.026994 -0.000000 2.400164  
 118 118 128  28.227562 -4.267782 1.753042 -0.333833 -2.329995 -5.095050 -28.227562 4.267782 -1.753042 0.333833 1.688803 3.534066  
 128 128 138  28.227562 -4.267782 1.753042 -0.333833 -1.688803 -3.534066 -28.227562 4.267782 -1.753042 0.333833 1.047610 1.973082  
 138 138 148  28.227562 -4.267782 1.753042 -0.333833 -1.047610 -1.973082 -28.227562 4.267782 -1.753042 0.333833 0.406418 0.412098  
 148 148 158  28.227562 -4.267782 1.753042 -0.333833 -0.406418 -0.412098 -28.227562 4.267782 -1.753042 0.333833 -0.234775 -1.148886  
 158 158 168  28.227562 -4.267782 1.753042 -0.333833 0.234775 1.148886 -28.227562 4.267782 -1.753042 0.333833 -0.875968 -2.709870  
 168 168 178  28.227562 -4.267782 1.753042 -0.333833 0.875968 2.709870 -28.227562 4.267782 -1.753042 0.333833 -1.517160 -4.270855  
 178 178 188  28.227562 -4.267782 1.753042 -0.333833 1.517160 4.270855 -28.227562 4.267782 -1.753042 0.333833 -2.158353 -5.831839  
 188 188 198  28.227562 -4.267782 1.753042 -0.333833 2.158353 5.831839 -28.227562 4.267782 -1.753042 0.333833 -2.799545 -7.392823  
 198 198 13  28.227562 -4.267782 1.753042 -0.333833 2.799545 7.392823 -28.227562 4.267782 -1.753042 0.333833 -3.440738 -8.953807  
