 1 1 5  33.226585 0.001389 -1.513988 -0.008966 3.627953 -0.069766 -33.226585 -0.001389 1.513988 0.008966 1.909609 0.074847  
 2 2 6  40.856919 -0.037811 -1.500251 -0.008966 3.579807 -0.155579 -40.856919 0.037811 1.500251 0.008966 1.907509 0.017281  
 3 3 7  38.771183 -0.005199 -1.537703 -0.008966 3.663226 -0.059309 -38.771183 0.005199 1.537703 0.008966 1.961078 0.040294  
 4 4 8  31.145313 0.032370 -1.541545 -0.008966 3.685406 0.021295 -31.145313 -0.032370 1.541545 0.008966 1.952950 0.097102  
 5 5 10  22.371813 -0.394087 -0.538871 -0.002665 1.295597 -0.301743 -22.371813 0.394087 0.538871 0.002665 0.675376 -1.139669  
 6 6 11  27.883424 -0.410044 -0.508306 -0.002665 1.274541 -0.327630 -27.883424 0.410044 0.508306 0.002665 0.584641 -1.172147  
 7 7 12  25.625749 -0.404145 -0.523909 -0.002665 1.301328 -0.334994 -25.625749 0.404145 0.523909 0.002665 0.614920 -1.143206  
 8 8 118  20.119014 -0.390690 -0.549189 -0.002665 1.314377 -0.312043 -20.119014 0.390690 0.549189 0.002665 -1.113506 0.169144  
 9 10 15  11.395489 1.227613 -2.128120 -0.001362 3.798966 2.417644 -11.395489 -1.227613 2.128120 0.001362 3.984845 2.072473  
 10 11 16  13.994497 1.289024 -2.174345 -0.001362 3.904379 2.537395 -13.994497 -1.289024 2.174345 0.001362 4.048504 2.177338  
 11 12 17  12.602973 1.277155 -2.113976 -0.001362 3.795255 2.506827 -12.602973 -1.277155 2.113976 0.001362 3.936823 2.164495  
 12 13 18  10.007042 1.214928 -2.063067 -0.001362 3.681873 2.384673 -10.007042 -1.214928 2.063067 0.001362 3.864002 2.059048  
 13 5 6  0.000000 1.059413 0.000000 -0.041570 -0.000000 3.236110 0.000000 -1.059413 -0.000000 0.041570 -0.000000 3.222071  
 14 6 7  0.000000 0.085918 -0.000000 0.040021 0.000000 0.268779 0.000000 -0.085918 0.000000 -0.040021 0.000000 0.254976  
 15 7 8  0.000000 1.059516 -0.000000 -0.039723 0.000000 3.222384 0.000000 -1.059516 0.000000 0.039723 0.000000 3.236423  
 16 8 5  0.000000 0.085815 0.000000 0.030904 -0.000000 0.254663 0.000000 -0.085815 -0.000000 -0.030904 -0.000000 0.268466  
 17 10 11  0.000000 1.456077 0.000000 0.042951 -0.000000 4.425961 0.000000 -1.456077 -0.000000 -0.042951 -0.000000 4.450283  
 18 11 12  0.000000 -0.432850 0.000000 -0.038737 -0.000000 -1.322297 0.000000 0.432850 -0.000000 0.038737 -0.000000 -1.316359  
 19 12 13  0.000000 1.455627 -0.000000 0.047262 0.000000 4.448912 0.000000 -1.455627 0.000000 -0.047262 0.000000 4.424591  
 20 13 10  0.000000 -0.432401 -0.000000 -0.048381 0.000000 -1.314989 0.000000 0.432401 0.000000 0.048381 0.000000 -1.320926  
 21 15 16  0.000000 1.299119 0.000000 0.051260 -0.000000 3.925596 0.000000 -1.299119 -0.000000 -0.051260 -0.000000 3.993836  
 22 16 17  0.000000 -0.695378 0.000000 -0.054668 -0.000000 -2.126078 0.000000 0.695378 -0.000000 0.054668 -0.000000 -2.112944  
 23 17 18  0.000000 1.298350 -0.000000 0.051551 0.000000 3.991491 0.000000 -1.298350 0.000000 -0.051551 0.000000 3.923251  
 24 18 15  0.000000 -0.694608 -0.000000 -0.059249 0.000000 -2.110599 0.000000 0.694608 0.000000 0.059249 0.000000 -2.123733  
 118 118 128  20.119014 -0.390690 -0.549189 -0.002665 1.113506 -0.169144 -20.119014 0.390690 0.549189 0.002665 -0.912634 0.026245  
 128 128 138  20.119014 -0.390690 -0.549189 -0.002665 0.912634 -0.026245 -20.119014 0.390690 0.549189 0.002665 -0.711763 -0.116654  
 138 138 148  20.119014 -0.390690 -0.549189 -0.002665 0.711763 0.116654 -20.119014 0.390690 0.549189 0.002665 -0.510891 -0.259553  
 148 148 158  20.119014 -0.390690 -0.549189 -0.002665 0.510891 0.259553 -20.119014 0.390690 0.549189 0.002665 -0.310020 -0.402452  
 158 158 168  20.119014 -0.390690 -0.549189 -0.002665 0.310020 0.402452 -20.119014 0.390690 0.549189 0.002665 -0.109149 -0.545351  
 168 168 178  20.119014 -0.390690 -0.549189 -0.002665 0.109149 0.545351 -20.119014 0.390690 0.549189 0.002665 0.091723 -0.688249  
 178 178 188  20.119014 -0.390690 -0.549189 -0.002665 -0.091723 0.688249 -20.119014 0.390690 0.549189 0.002665 0.292594 -0.831148  
 188 188 198  20.119014 -0.390690 -0.549189 -0.002665 -0.292594 0.831148 -20.119014 0.390690 0.549189 0.002665 0.493466 -0.974047  
 198 198 13  20.119014 -0.390690 -0.549189 -0.002665 -0.493466 0.974047 -20.119014 0.390690 0.549189 0.002665 0.694337 -1.116946  
