 1 1 5  23.954896 -4.923131 -0.561037 -0.113849 1.563111 -11.444014 -23.954896 4.923131 0.561037 0.113849 0.488937 -6.562829  
 2 2 6  27.036254 -5.122488 -0.531486 -0.113849 1.497921 -11.886408 -27.036254 5.122488 0.531486 0.113849 0.446043 -6.849602  
 3 3 7  48.051204 -5.637286 -0.616436 -0.113849 1.754235 -13.476537 -48.051204 5.637286 0.616436 0.113849 0.500442 -7.142399  
 4 4 8  44.957646 -5.514201 -0.649127 -0.113849 1.828728 -13.183472 -44.957646 5.514201 0.649127 0.113849 0.545520 -6.985270  
 5 5 10  17.825316 -4.660103 -1.332273 -0.187684 2.264452 -8.088024 -17.825316 4.660103 1.332273 0.187684 2.608471 -8.956769  
 6 6 11  19.036887 -4.738877 -1.324124 -0.187684 2.258137 -8.211607 -19.036887 4.738877 1.324124 0.187684 2.584980 -9.121311  
 7 7 12  30.172536 -4.961452 -1.468802 -0.187684 2.515074 -8.462343 -30.172536 4.961452 1.468802 0.187684 2.857216 -9.684663  
 8 8 118  28.965261 -4.569327 -1.412197 -0.187684 2.429896 -7.871863 -28.965261 4.569327 1.412197 0.187684 -1.913370 6.200586  
 9 10 15  10.349615 -2.138037 0.208948 -0.056132 -0.721789 -2.794423 -10.349615 2.138037 -0.208948 0.056132 -0.042459 -5.025661  
 10 11 16  10.317389 -2.136120 0.218881 -0.056132 -0.751315 -2.791125 -10.317389 2.136120 -0.218881 0.056132 -0.049265 -5.021948  
 11 12 17  13.649282 -2.139643 0.258432 -0.056132 -0.885703 -2.692394 -13.649282 2.139643 -0.258432 0.056132 -0.059538 -5.133564  
 12 13 18  13.683715 -2.141637 0.246969 -0.056132 -0.851400 -2.696477 -13.683715 2.141637 -0.246969 0.056132 -0.051912 -5.136773  
 13 5 6  0.000000 0.936955 0.000000 -0.198894 -0.000000 2.858117 0.000000 -0.936955 -0.000000 0.198894 -0.000000 2.853563  
 14 6 7  0.000000 4.937588 0.000000 0.149383 -0.000000 14.862316 0.000000 -4.937588 -0.000000 -0.149383 -0.000000 15.237223  
 15 7 8  0.000000 0.941080 -0.000000 -0.367520 0.000000 2.866134 0.000000 -0.941080 0.000000 0.367520 0.000000 2.870687  
 16 8 5  0.000000 4.933464 -0.000000 0.104728 0.000000 15.224652 0.000000 -4.933464 0.000000 -0.104728 0.000000 14.849746  
 17 10 11  0.000000 0.621637 0.000000 -0.081417 -0.000000 1.886115 0.000000 -0.621637 -0.000000 0.081417 -0.000000 1.903385  
 18 11 12  0.000000 3.902139 0.000000 0.069720 -0.000000 11.831018 0.000000 -3.902139 -0.000000 -0.069720 -0.000000 11.956424  
 19 12 13  0.000000 0.621115 -0.000000 -0.420632 0.000000 1.901793 0.000000 -0.621115 0.000000 0.420632 0.000000 1.884523  
 20 13 10  0.000000 3.902662 -0.000000 -0.000568 0.000000 11.958016 0.000000 -3.902662 0.000000 0.000568 0.000000 11.832610  
 21 15 16  0.000000 -0.016389 -0.000000 0.001016 0.000000 -0.046345 0.000000 0.016389 0.000000 -0.001016 0.000000 -0.053561  
 22 16 17  0.000000 1.666222 0.000000 -0.004295 -0.000000 5.022964 0.000000 -1.666222 -0.000000 0.004295 -0.000000 5.134328  
 23 17 18  0.000000 -0.016940 0.000000 0.000764 -0.000000 -0.055242 0.000000 0.016940 -0.000000 -0.000764 -0.000000 -0.048027  
 24 18 15  0.000000 1.666774 -0.000000 -0.003886 0.000000 5.136009 0.000000 -1.666774 0.000000 0.003886 0.000000 5.024645  
 118 118 128  28.965261 -4.569327 -1.412197 -0.187684 1.913370 -6.200586 -28.965261 4.569327 1.412197 0.187684 -1.396845 4.529309  
 128 128 138  28.965261 -4.569327 -1.412197 -0.187684 1.396845 -4.529309 -28.965261 4.569327 1.412197 0.187684 -0.880320 2.858032  
 138 138 148  28.965261 -4.569327 -1.412197 -0.187684 0.880320 -2.858032 -28.965261 4.569327 1.412197 0.187684 -0.363795 1.186755  
 148 148 158  28.965261 -4.569327 -1.412197 -0.187684 0.363795 -1.186755 -28.965261 4.569327 1.412197 0.187684 0.152730 -0.484522  
 158 158 168  28.965261 -4.569327 -1.412197 -0.187684 -0.152730 0.484522 -28.965261 4.569327 1.412197 0.187684 0.669255 -2.155799  
 168 168 178  28.965261 -4.569327 -1.412197 -0.187684 -0.669255 2.155799 -28.965261 4.569327 1.412197 0.187684 1.185780 -3.827076  
 178 178 188  28.965261 -4.569327 -1.412197 -0.187684 -1.185780 3.827076 -28.965261 4.569327 1.412197 0.187684 1.702305 -5.498353  
 188 188 198  28.965261 -4.569327 -1.412197 -0.187684 -1.702305 5.498353 -28.965261 4.569327 1.412197 0.187684 2.218830 -7.169629  
 198 198 13  28.965261 -4.569327 -1.412197 -0.187684 -2.218830 7.169629 -28.965261 4.569327 1.412197 0.187684 2.735355 -8.840906  
