 1 1 5  24.869357 -5.226447 -1.000321 -0.113998 2.305767 -11.854154 -24.869357 5.226447 1.000321 0.113998 1.353008 -7.262099  
 2 2 6  29.592841 -5.493072 -1.019814 -0.113998 2.361306 -12.437145 -29.592841 5.493072 1.019814 0.113998 1.368765 -7.654316  
 3 3 7  47.154794 -5.966689 -1.154094 -0.113998 2.644162 -13.791638 -47.154794 5.966689 1.154094 0.113998 1.577054 -8.032123  
 4 4 8  42.383008 -5.807951 -1.141802 -0.113998 2.602771 -13.427757 -42.383008 5.807951 1.141802 0.113998 1.573483 -7.815405  
 5 5 10  18.341954 -3.771403 -0.679746 -0.298380 1.252073 -6.144933 -18.341954 3.771403 0.679746 0.298380 1.234166 -7.649352  
 6 6 11  21.246549 -3.920483 -0.675685 -0.298380 1.247445 -6.410691 -21.246549 3.920483 0.675685 0.298380 1.223942 -7.928867  
 7 7 12  29.670527 -4.031092 -0.748763 -0.298380 1.398792 -6.417198 -29.670527 4.031092 0.748763 0.298380 1.339883 -8.326926  
 8 8 118  26.740971 -3.663608 -0.731659 -0.298380 1.388468 -5.897188 -26.740971 3.663608 0.731659 0.298380 -1.120856 4.557186  
 9 10 15  10.268055 -1.342453 -0.841656 0.019884 1.423154 -1.404900 -10.268055 1.342453 0.841656 -0.019884 1.655289 -3.505254  
 10 11 16  11.380776 -1.383120 -0.844936 0.019884 1.425842 -1.449444 -11.380776 1.383120 0.844936 -0.019884 1.664595 -3.609457  
 11 12 17  13.738649 -1.368981 -0.890164 0.019884 1.502308 -1.355533 -13.738649 1.368981 0.890164 -0.019884 1.753555 -3.651652  
 12 13 18  12.612519 -1.337566 -0.894607 0.019884 1.521535 -1.325917 -12.612519 1.337566 0.894607 -0.019884 1.750578 -3.566363  
 13 5 6  0.000000 0.912362 -0.000000 -0.320095 0.000000 2.774623 0.000000 -0.912362 0.000000 0.320095 0.000000 2.787136  
 14 6 7  0.000000 4.566070 -0.000000 0.170926 0.000000 13.744912 0.000000 -4.566070 0.000000 -0.170926 0.000000 14.089849  
 15 7 8  0.000000 0.918197 0.000000 -0.359471 -0.000000 2.804921 0.000000 -0.918197 -0.000000 0.359471 -0.000000 2.792408  
 16 8 5  0.000000 4.560235 0.000000 0.169542 -0.000000 14.072064 0.000000 -4.560235 -0.000000 -0.169542 -0.000000 13.727127  
 17 10 11  0.000000 0.897381 0.000000 -0.157629 -0.000000 2.728849 0.000000 -0.897381 -0.000000 0.157629 -0.000000 2.741586  
 18 11 12  0.000000 3.031609 -0.000000 0.091802 0.000000 9.220683 0.000000 -3.031609 0.000000 -0.091802 0.000000 9.260003  
 19 12 13  0.000000 0.900269 -0.000000 -0.422456 0.000000 2.750389 0.000000 -0.900269 0.000000 0.422456 0.000000 2.737652  
 20 13 10  0.000000 3.028720 0.000000 0.071530 -0.000000 9.251200 0.000000 -3.028720 -0.000000 -0.071530 -0.000000 9.211880  
 21 15 16  0.000000 0.558037 -0.000000 -0.046992 0.000000 1.697825 0.000000 -0.558037 0.000000 0.046992 0.000000 1.703966  
 22 16 17  0.000000 1.177261 0.000000 0.039371 -0.000000 3.562464 0.000000 -1.177261 -0.000000 -0.039371 -0.000000 3.614116  
 23 17 18  0.000000 0.561389 0.000000 -0.037536 -0.000000 1.714184 0.000000 -0.561389 -0.000000 0.037536 -0.000000 1.708042  
 24 18 15  0.000000 1.173908 -0.000000 0.042536 0.000000 3.603898 0.000000 -1.173908 0.000000 -0.042536 0.000000 3.552247  
 118 118 128  26.740971 -3.663608 -0.731659 -0.298380 1.120856 -4.557186 -26.740971 3.663608 0.731659 0.298380 -0.853245 3.217185  
 128 128 138  26.740971 -3.663608 -0.731659 -0.298380 0.853245 -3.217185 -26.740971 3.663608 0.731659 0.298380 -0.585633 1.877183  
 138 138 148  26.740971 -3.663608 -0.731659 -0.298380 0.585633 -1.877183 -26.740971 3.663608 0.731659 0.298380 -0.318022 0.537182  
 148 148 158  26.740971 -3.663608 -0.731659 -0.298380 0.318022 -0.537182 -26.740971 3.663608 0.731659 0.298380 -0.050410 -0.802820  
 158 158 168  26.740971 -3.663608 -0.731659 -0.298380 0.050410 0.802820 -26.740971 3.663608 0.731659 0.298380 0.217201 -2.142821  
 168 168 178  26.740971 -3.663608 -0.731659 -0.298380 -0.217201 2.142821 -26.740971 3.663608 0.731659 0.298380 0.484812 -3.482822  
 178 178 188  26.740971 -3.663608 -0.731659 -0.298380 -0.484812 3.482822 -26.740971 3.663608 0.731659 0.298380 0.752424 -4.822824  
 188 188 198  26.740971 -3.663608 -0.731659 -0.298380 -0.752424 4.822824 -26.740971 3.663608 0.731659 0.298380 1.020035 -6.162825  
 198 198 13  26.740971 -3.663608 -0.731659 -0.298380 -1.020035 6.162825 -26.740971 3.663608 0.731659 0.298380 1.287647 -7.502827  
