 1 1 5  41.127881 0.753737 1.543792 0.010419 -3.759444 2.110913 -41.127881 -0.753737 -1.543792 -0.010419 -1.887129 0.645955  
 2 2 6  36.453292 0.744757 1.538715 0.010419 -3.739266 2.087962 -36.453292 -0.744757 -1.538715 -0.010419 -1.888737 0.636060  
 3 3 7  30.873492 0.731938 1.513022 0.010419 -3.671339 2.042805 -30.873492 -0.731938 -1.513022 -0.010419 -1.862691 0.634333  
 4 4 8  35.545335 0.749400 1.529368 0.010419 -3.722432 2.089552 -35.545335 -0.749400 -1.529368 -0.010419 -1.871385 0.651455  
 5 5 10  27.028133 1.078608 1.100644 0.020067 -1.747029 2.165312 -27.028133 -1.078608 -1.100644 -0.020067 -2.278686 1.779804  
 6 6 11  24.719270 1.069170 1.098999 0.020067 -1.746562 2.148137 -24.719270 -1.069170 -1.098999 -0.020067 -2.273137 1.762459  
 7 7 12  20.972816 1.065213 1.076528 0.020067 -1.707194 2.139625 -20.972816 -1.065213 -1.076528 -0.020067 -2.230315 1.756498  
 8 8 118  23.279780 1.074561 1.077994 0.020067 -1.708157 2.157781 -23.279780 -1.074561 -1.077994 -0.020067 1.313870 -1.764750  
 9 10 15  13.053058 1.086511 0.352300 0.001740 -0.287710 1.725279 -13.053058 -1.086511 -0.352300 -0.001740 -1.000863 2.248743  
 10 11 16  12.408453 1.074628 0.352569 0.001740 -0.291141 1.708249 -12.408453 -1.074628 -0.352569 -0.001740 -0.998416 2.222312  
 11 12 17  10.947478 1.068466 0.338096 0.001740 -0.274984 1.704629 -10.947478 -1.068466 -0.338096 -0.001740 -0.961637 2.203391  
 12 13 18  11.591010 1.082752 0.338321 0.001740 -0.272114 1.725347 -11.591010 -1.082752 -0.338321 -0.001740 -0.965328 2.234925  
 13 5 6  0.000000 -1.182757 0.000000 -0.013213 -0.000000 -3.607172 0.000000 1.182757 -0.000000 0.013213 -0.000000 -3.602914  
 14 6 7  0.000000 -0.916779 0.000000 0.032385 -0.000000 -2.797409 0.000000 0.916779 -0.000000 -0.032385 -0.000000 -2.791274  
 15 7 8  0.000000 -1.182545 -0.000000 -0.017317 0.000000 -3.602269 0.000000 1.182545 0.000000 0.017317 0.000000 -3.606527  
 16 8 5  0.000000 -0.916990 -0.000000 0.026985 0.000000 -2.791919 0.000000 0.916990 0.000000 -0.026985 0.000000 -2.798054  
 17 10 11  0.000000 -0.832026 -0.000000 -0.016873 0.000000 -2.536926 0.000000 0.832026 0.000000 0.016873 0.000000 -2.535103  
 18 11 12  0.000000 -1.142843 -0.000000 0.029175 0.000000 -3.487581 0.000000 1.142843 0.000000 -0.029175 0.000000 -3.479189  
 19 12 13  0.000000 -0.831819 0.000000 -0.018063 -0.000000 -2.534474 0.000000 0.831819 -0.000000 0.018063 -0.000000 -2.536297  
 20 13 10  0.000000 -1.143049 0.000000 0.029469 -0.000000 -3.479819 0.000000 1.143049 -0.000000 -0.029469 -0.000000 -3.488210  
 21 15 16  0.000000 -0.322169 -0.000000 -0.012807 0.000000 -0.983504 0.000000 0.322169 0.000000 0.012807 0.000000 -0.980435  
 22 16 17  0.000000 -0.730621 -0.000000 0.017980 0.000000 -2.235119 0.000000 0.730621 0.000000 -0.017980 0.000000 -2.218749  
 23 17 18  0.000000 -0.321900 0.000000 -0.015358 -0.000000 -0.979617 0.000000 0.321900 -0.000000 0.015358 -0.000000 -0.982686  
 24 18 15  0.000000 -0.730890 0.000000 0.017358 -0.000000 -2.219567 0.000000 0.730890 -0.000000 -0.017358 -0.000000 -2.235937  
 118 118 128  23.279780 1.074561 1.077994 0.020067 -1.313870 1.764750 -23.279780 -1.074561 -1.077994 -0.020067 0.919583 -1.371718  
 128 128 138  23.279780 1.074561 1.077994 0.020067 -0.919583 1.371718 -23.279780 -1.074561 -1.077994 -0.020067 0.525296 -0.978687  
 138 138 148  23.279780 1.074561 1.077994 0.020067 -0.525296 0.978687 -23.279780 -1.074561 -1.077994 -0.020067 0.131009 -0.585655  
 148 148 158  23.279780 1.074561 1.077994 0.020067 -0.131009 0.585655 -23.279780 -1.074561 -1.077994 -0.020067 -0.263278 -0.192623  
 158 158 168  23.279780 1.074561 1.077994 0.020067 0.263278 0.192623 -23.279780 -1.074561 -1.077994 -0.020067 -0.657565 0.200408  
 168 168 178  23.279780 1.074561 1.077994 0.020067 0.657565 -0.200408 -23.279780 -1.074561 -1.077994 -0.020067 -1.051853 0.593440  
 178 178 188  23.279780 1.074561 1.077994 0.020067 1.051853 -0.593440 -23.279780 -1.074561 -1.077994 -0.020067 -1.446140 0.986471  
 188 188 198  23.279780 1.074561 1.077994 0.020067 1.446140 -0.986471 -23.279780 -1.074561 -1.077994 -0.020067 -1.840427 1.379503  
 198 198 13  23.279780 1.074561 1.077994 0.020067 1.840427 -1.379503 -23.279780 -1.074561 -1.077994 -0.020067 -2.234714 1.772535  
