 1 1 5  57.664432 -0.101785 7.067656 1.110010 -16.585196 0.800838 -57.664432 0.101785 -7.067656 -1.110010 -9.265463 -1.173128  
 2 2 6  27.351777 -0.049715 6.257233 1.110010 -14.125105 0.631849 -27.351777 0.049715 -6.257233 -1.110010 -8.761351 -0.813685  
 3 3 7  14.585982 0.068630 5.377071 1.110010 -12.193927 0.723910 -14.585982 -0.068630 -5.377071 -1.110010 -7.473249 -0.472889  
 4 4 8  44.397809 0.023857 6.587971 1.110010 -15.449279 0.920018 -44.397809 -0.023857 -6.587971 -1.110010 -8.646882 -0.832758  
 5 5 10  38.758407 2.324232 4.991145 0.600912 -9.196933 5.401949 -38.758407 -2.324232 -4.991145 -0.600912 -9.058680 3.099164  
 6 6 11  19.692818 1.945841 4.923053 0.600912 -9.252659 4.469067 -19.692818 -1.945841 -4.923053 -0.600912 -8.753898 2.648043  
 7 7 12  9.439292 1.867247 4.194798 0.600912 -7.898695 4.053031 -9.439292 -1.867247 -4.194798 -0.600912 -7.444198 2.776612  
 8 8 118  28.109482 2.183157 4.236507 0.600912 -7.745533 5.004553 -28.109482 -2.183157 -4.236507 -0.600912 6.195989 -4.206041  
 9 10 15  17.919782 3.741411 5.838822 0.078452 -9.810731 6.533146 -17.919782 -3.741411 -5.838822 -0.078452 -11.545345 7.151440  
 10 11 16  10.562330 3.446403 5.720208 0.078452 -9.689495 6.004345 -10.562330 -3.446403 -5.720208 -0.078452 -11.232737 6.601218  
 11 12 17  6.182663 3.393904 5.366008 0.078452 -9.056745 5.897085 -6.182663 -3.393904 -5.366008 -0.078452 -10.569966 6.516457  
 12 13 18  13.335224 3.691656 5.497305 0.078452 -9.228473 6.448760 -13.335224 -3.691656 -5.497305 -0.078452 -10.878471 7.053842  
 13 5 6  0.000000 -5.610354 -0.000000 -0.246551 0.000000 -17.467574 0.000000 5.610354 0.000000 0.246551 0.000000 -16.733146  
 14 6 7  0.000000 -1.269313 -0.000000 1.280865 0.000000 -3.901933 0.000000 1.269313 0.000000 -1.280865 0.000000 -3.835800  
 15 7 8  0.000000 -5.583997 0.000000 -0.255658 -0.000000 -16.652809 0.000000 5.583997 -0.000000 0.255658 -0.000000 -17.387237  
 16 8 5  0.000000 -1.295670 0.000000 0.994822 -0.000000 -3.916137 0.000000 1.295670 -0.000000 -0.994822 -0.000000 -3.982270  
 17 10 11  0.000000 -5.830255 0.000000 -0.417378 -0.000000 -17.996482 0.000000 5.830255 -0.000000 0.417378 -0.000000 -17.544752  
 18 11 12  0.000000 -2.960743 0.000000 0.898642 -0.000000 -9.069765 0.000000 2.960743 -0.000000 -0.898642 -0.000000 -8.978925  
 19 12 13  0.000000 -5.782628 -0.000000 -0.305228 0.000000 -17.399585 0.000000 5.782628 0.000000 0.305228 0.000000 -17.851315  
 20 13 10  0.000000 -3.008370 -0.000000 0.872929 0.000000 -9.124092 0.000000 3.008370 0.000000 -0.872929 0.000000 -9.214932  
 21 15 16  0.000000 -3.653115 0.000000 -0.197048 -0.000000 -11.289971 0.000000 3.653115 -0.000000 0.197048 -0.000000 -10.979415  
 22 16 17  0.000000 -2.215445 0.000000 0.253322 -0.000000 -6.798266 0.000000 2.215445 -0.000000 -0.253322 -0.000000 -6.707086  
 23 17 18  0.000000 -3.601892 -0.000000 -0.190629 0.000000 -10.823288 0.000000 3.601892 0.000000 0.190629 0.000000 -11.133844  
 24 18 15  0.000000 -2.266668 -0.000000 0.255374 0.000000 -6.863213 0.000000 2.266668 0.000000 -0.255374 0.000000 -6.954392  
 118 118 128  28.109482 2.183157 4.236507 0.600912 -6.195989 4.206041 -28.109482 -2.183157 -4.236507 -0.600912 4.646444 -3.407530  
 128 128 138  28.109482 2.183157 4.236507 0.600912 -4.646444 3.407530 -28.109482 -2.183157 -4.236507 -0.600912 3.096900 -2.609019  
 138 138 148  28.109482 2.183157 4.236507 0.600912 -3.096900 2.609019 -28.109482 -2.183157 -4.236507 -0.600912 1.547355 -1.810507  
 148 148 158  28.109482 2.183157 4.236507 0.600912 -1.547355 1.810507 -28.109482 -2.183157 -4.236507 -0.600912 -0.002190 -1.011996  
 158 158 168  28.109482 2.183157 4.236507 0.600912 0.002190 1.011996 -28.109482 -2.183157 -4.236507 -0.600912 -1.551734 -0.213485  
 168 168 178  28.109482 2.183157 4.236507 0.600912 1.551734 0.213485 -28.109482 -2.183157 -4.236507 -0.600912 -3.101279 0.585027  
 178 178 188  28.109482 2.183157 4.236507 0.600912 3.101279 -0.585027 -28.109482 -2.183157 -4.236507 -0.600912 -4.650824 1.383538  
 188 188 198  28.109482 2.183157 4.236507 0.600912 4.650824 -1.383538 -28.109482 -2.183157 -4.236507 -0.600912 -6.200368 2.182049  
 198 198 13  28.109482 2.183157 4.236507 0.600912 6.200368 -2.182049 -28.109482 -2.183157 -4.236507 -0.600912 -7.749913 2.980561  
