 1 1 5  36.131839 -0.091330 0.275283 -0.000009 -0.641002 -0.221403 -36.131839 0.091330 -0.275283 0.000009 -0.365874 -0.112644  
 2 2 6  35.592328 -0.091285 0.275402 -0.000009 -0.641381 -0.221317 -35.592328 0.091285 -0.275402 0.000009 -0.365928 -0.112568  
 3 3 7  35.868152 -0.091225 0.275461 -0.000009 -0.641499 -0.221127 -35.868152 0.091225 -0.275461 0.000009 -0.366028 -0.112539  
 4 4 8  36.407680 -0.091262 0.275316 -0.000009 -0.641085 -0.221205 -36.407680 0.091262 -0.275316 0.000009 -0.365911 -0.112595  
 5 5 10  24.027383 -0.060820 0.127017 -0.000006 -0.161114 -0.096073 -24.027383 0.060820 -0.127017 0.000006 -0.303464 -0.126384  
 6 6 11  23.833701 -0.060812 0.127019 -0.000006 -0.161090 -0.096064 -23.833701 0.060812 -0.127019 0.000006 -0.303494 -0.126363  
 7 7 12  23.972611 -0.060809 0.127033 -0.000006 -0.161104 -0.096073 -23.972611 0.060809 -0.127033 0.000006 -0.303531 -0.126341  
 8 8 118  24.166305 -0.060818 0.127029 -0.000006 -0.161134 -0.096087 -24.166305 0.060818 -0.127029 0.000006 0.114672 0.073842  
 9 10 15  11.994528 -0.023332 -0.002271 -0.000003 0.055646 -0.021321 -11.994528 0.023332 0.002271 0.000003 -0.047339 -0.064018  
 10 11 16  11.963466 -0.023332 -0.002276 -0.000003 0.055669 -0.021322 -11.963466 0.023332 0.002276 0.000003 -0.047344 -0.064017  
 11 12 17  12.005469 -0.023335 -0.002274 -0.000003 0.055666 -0.021336 -12.005469 0.023335 0.002274 0.000003 -0.047349 -0.064015  
 12 13 18  12.036537 -0.023336 -0.002269 -0.000003 0.055644 -0.021336 -12.036537 0.023336 0.002269 0.000003 -0.047344 -0.064017  
 13 5 6  0.000000 -0.172915 0.000000 0.000041 -0.000000 -0.527015 0.000000 0.172915 -0.000000 -0.000041 -0.000000 -0.527073  
 14 6 7  0.000000 0.068458 -0.000000 -0.000055 0.000000 0.208673 0.000000 -0.068458 0.000000 0.000055 0.000000 0.208645  
 15 7 8  0.000000 -0.172916 -0.000000 0.000034 0.000000 -0.527077 0.000000 0.172916 0.000000 -0.000034 0.000000 -0.527019  
 16 8 5  0.000000 0.068459 0.000000 -0.000027 -0.000000 0.208649 0.000000 -0.068459 -0.000000 0.000027 -0.000000 0.208676  
 17 10 11  0.000000 -0.081311 0.000000 0.000007 -0.000000 -0.247827 0.000000 0.081311 -0.000000 -0.000007 -0.000000 -0.247843  
 18 11 12  0.000000 0.048454 -0.000000 -0.000017 0.000000 0.147693 0.000000 -0.048454 0.000000 0.000017 0.000000 0.147685  
 19 12 13  0.000000 -0.081312 -0.000000 0.000008 0.000000 -0.247847 0.000000 0.081312 0.000000 -0.000008 0.000000 -0.247832  
 20 13 10  0.000000 0.048456 0.000000 -0.000009 -0.000000 0.147690 0.000000 -0.048456 -0.000000 0.000009 -0.000000 0.147697  
 21 15 16  0.000000 -0.015532 0.000000 -0.000002 -0.000000 -0.047339 0.000000 0.015532 -0.000000 0.000002 -0.000000 -0.047344  
 22 16 17  0.000000 0.021002 -0.000000 -0.000000 0.000000 0.064015 0.000000 -0.021002 0.000000 0.000000 0.000000 0.064013  
 23 17 18  0.000000 -0.015534 -0.000000 -0.000002 0.000000 -0.047349 0.000000 0.015534 0.000000 0.000002 0.000000 -0.047344  
 24 18 15  0.000000 0.021004 0.000000 -0.000000 -0.000000 0.064018 0.000000 -0.021004 -0.000000 0.000000 -0.000000 0.064020  
 118 118 128  24.166305 -0.060818 0.127029 -0.000006 -0.114672 -0.073842 -24.166305 0.060818 -0.127029 0.000006 0.068210 0.051597  
 128 128 138  24.166305 -0.060818 0.127029 -0.000006 -0.068210 -0.051597 -24.166305 0.060818 -0.127029 0.000006 0.021749 0.029353  
 138 138 148  24.166305 -0.060818 0.127029 -0.000006 -0.021749 -0.029353 -24.166305 0.060818 -0.127029 0.000006 -0.024713 0.007108  
 148 148 158  24.166305 -0.060818 0.127029 -0.000006 0.024713 -0.007108 -24.166305 0.060818 -0.127029 0.000006 -0.071175 -0.015137  
 158 158 168  24.166305 -0.060818 0.127029 -0.000006 0.071175 0.015137 -24.166305 0.060818 -0.127029 0.000006 -0.117637 -0.037382  
 168 168 178  24.166305 -0.060818 0.127029 -0.000006 0.117637 0.037382 -24.166305 0.060818 -0.127029 0.000006 -0.164099 -0.059627  
 178 178 188  24.166305 -0.060818 0.127029 -0.000006 0.164099 0.059627 -24.166305 0.060818 -0.127029 0.000006 -0.210561 -0.081872  
 188 188 198  24.166305 -0.060818 0.127029 -0.000006 0.210561 0.081872 -24.166305 0.060818 -0.127029 0.000006 -0.257023 -0.104117  
 198 198 13  24.166305 -0.060818 0.127029 -0.000006 0.257023 0.104117 -24.166305 0.060818 -0.127029 0.000006 -0.303485 -0.126362  
