 1 1 5  33.750361 0.827436 -1.178926 0.019445 3.019945 1.894281 -33.750361 -0.827436 1.178926 -0.019445 1.292095 1.132149  
 2 2 6  40.763395 0.805276 -1.163456 0.019445 2.977494 1.854194 -40.763395 -0.805276 1.163456 -0.019445 1.277963 1.091182  
 3 3 7  38.247146 0.835296 -1.198677 0.019445 3.054475 1.937818 -38.247146 -0.835296 1.198677 -0.019445 1.329807 1.117359  
 4 4 8  31.239099 0.846801 -1.202887 0.019445 3.064765 1.947851 -31.239099 -0.846801 1.202887 -0.019445 1.334915 1.149410  
 5 5 10  22.325113 0.288725 -0.974536 0.006468 2.015221 0.470936 -22.325113 -0.288725 0.974536 -0.006468 1.549241 0.585105  
 6 6 11  27.151387 0.279179 -0.956443 0.006468 2.010406 0.457074 -27.151387 -0.279179 0.956443 -0.006468 1.487880 0.564049  
 7 7 12  25.672419 0.279229 -0.972134 0.006468 2.036864 0.446350 -25.672419 -0.279229 0.972134 -0.006468 1.518814 0.574959  
 8 8 118  20.851082 0.287270 -0.984921 0.006468 2.033064 0.458652 -20.851082 -0.287270 0.984921 -0.006468 -1.672820 -0.353580  
 9 10 15  11.277283 0.446872 -1.587021 -0.000026 2.693995 0.743161 -11.277283 -0.446872 1.587021 0.000026 3.110693 0.891318  
 10 11 16  13.320526 0.469848 -1.618453 -0.000026 2.764452 0.785394 -13.320526 -0.469848 1.618453 0.000026 3.155202 0.933121  
 11 12 17  12.721370 0.466902 -1.597092 -0.000026 2.725975 0.776718 -12.721370 -0.466902 1.597092 0.000026 3.115550 0.931023  
 12 13 18  10.680821 0.443959 -1.562428 -0.000026 2.648784 0.735043 -10.680821 -0.443959 1.562428 0.000026 3.065952 0.888781  
 13 5 6  0.000000 1.093374 0.000000 -0.027434 -0.000000 3.337667 0.000000 -1.093374 -0.000000 0.027434 -0.000000 3.327539  
 14 6 7  0.000000 -0.518634 0.000000 0.039170 -0.000000 -1.575690 0.000000 0.518634 -0.000000 -0.039170 -0.000000 -1.585904  
 15 7 8  0.000000 1.093361 -0.000000 -0.022196 0.000000 3.327501 0.000000 -1.093361 0.000000 0.022196 0.000000 3.337629  
 16 8 5  0.000000 -0.518622 -0.000000 0.030351 0.000000 -1.585866 0.000000 0.518622 0.000000 -0.030351 0.000000 -1.575652  
 17 10 11  0.000000 1.391235 0.000000 0.009734 -0.000000 4.231555 0.000000 -1.391235 -0.000000 -0.009734 -0.000000 4.249415  
 18 11 12  0.000000 -0.439626 -0.000000 -0.002917 0.000000 -1.339709 0.000000 0.439626 0.000000 0.002917 0.000000 -1.340248  
 19 12 13  0.000000 1.390674 -0.000000 0.011429 0.000000 4.247706 0.000000 -1.390674 0.000000 -0.011429 0.000000 4.229846  
 20 13 10  0.000000 -0.439065 0.000000 -0.011681 -0.000000 -1.338539 0.000000 0.439065 -0.000000 0.011681 -0.000000 -1.338000  
 21 15 16  0.000000 1.021285 -0.000000 0.019875 0.000000 3.089349 0.000000 -1.021285 0.000000 -0.019875 0.000000 3.136402  
 22 16 17  0.000000 -0.299241 -0.000000 -0.018799 0.000000 -0.913246 0.000000 0.299241 0.000000 0.018799 0.000000 -0.910929  
 23 17 18  0.000000 1.020611 0.000000 0.020095 -0.000000 3.134349 0.000000 -1.020611 -0.000000 -0.020095 -0.000000 3.087296  
 24 18 15  0.000000 -0.298568 0.000000 -0.021344 -0.000000 -0.908876 0.000000 0.298568 -0.000000 0.021344 -0.000000 -0.911193  
 118 118 128  20.851082 0.287270 -0.984921 0.006468 1.672820 0.353580 -20.851082 -0.287270 0.984921 -0.006468 -1.312575 -0.248508  
 128 128 138  20.851082 0.287270 -0.984921 0.006468 1.312575 0.248508 -20.851082 -0.287270 0.984921 -0.006468 -0.952331 -0.143436  
 138 138 148  20.851082 0.287270 -0.984921 0.006468 0.952331 0.143436 -20.851082 -0.287270 0.984921 -0.006468 -0.592086 -0.038364  
 148 148 158  20.851082 0.287270 -0.984921 0.006468 0.592086 0.038364 -20.851082 -0.287270 0.984921 -0.006468 -0.231842 0.066708  
 158 158 168  20.851082 0.287270 -0.984921 0.006468 0.231842 -0.066708 -20.851082 -0.287270 0.984921 -0.006468 0.128403 0.171780  
 168 168 178  20.851082 0.287270 -0.984921 0.006468 -0.128403 -0.171780 -20.851082 -0.287270 0.984921 -0.006468 0.488647 0.276852  
 178 178 188  20.851082 0.287270 -0.984921 0.006468 -0.488647 -0.276852 -20.851082 -0.287270 0.984921 -0.006468 0.848892 0.381924  
 188 188 198  20.851082 0.287270 -0.984921 0.006468 -0.848892 -0.381924 -20.851082 -0.287270 0.984921 -0.006468 1.209136 0.486996  
 198 198 13  20.851082 0.287270 -0.984921 0.006468 -1.209136 -0.486996 -20.851082 -0.287270 0.984921 -0.006468 1.569381 0.592068  
