 1 1 5  36.771483 0.486752 0.105004 -0.000020 -0.214691 1.199818 -36.771483 -0.486752 -0.105004 0.000020 -0.169373 0.580527  
 2 2 6  36.859250 0.486765 0.105096 -0.000020 -0.215015 1.199839 -36.859250 -0.486765 -0.105096 0.000020 -0.169383 0.580554  
 3 3 7  35.228516 0.486981 0.105149 -0.000020 -0.215111 1.200447 -35.228516 -0.486981 -0.105149 0.000020 -0.169481 0.580735  
 4 4 8  35.140751 0.486962 0.105009 -0.000020 -0.214697 1.200422 -35.140751 -0.486962 -0.105009 0.000020 -0.169385 0.580689  
 5 5 10  24.354528 0.366806 -0.016008 -0.000013 0.079808 0.600721 -24.354528 -0.366806 0.016008 0.000013 -0.021259 0.740908  
 6 6 11  24.501076 0.366795 -0.016004 -0.000013 0.079813 0.600704 -24.501076 -0.366795 0.016004 0.000013 -0.021279 0.740885  
 7 7 12  23.645472 0.366785 -0.016001 -0.000013 0.079823 0.600611 -23.645472 -0.366785 0.016001 0.000013 -0.021298 0.740941  
 8 8 118  23.498924 0.366798 -0.016017 -0.000013 0.079837 0.600645 -23.498924 -0.366798 0.016017 0.000013 -0.073979 -0.466485  
 9 10 15  12.094572 0.153938 -0.066876 -0.000008 0.126082 0.156264 -12.094572 -0.153938 0.066876 0.000008 0.118522 0.406779  
 10 11 16  12.172341 0.153932 -0.066878 -0.000008 0.126099 0.156253 -12.172341 -0.153932 0.066878 0.000008 0.118515 0.406768  
 11 12 17  11.905428 0.153924 -0.066879 -0.000008 0.126102 0.156219 -11.905428 -0.153924 0.066879 0.000008 0.118516 0.406773  
 12 13 18  11.827659 0.153930 -0.066877 -0.000008 0.126085 0.156231 -11.827659 -0.153930 0.066877 0.000008 0.118525 0.406784  
 13 5 6  0.000000 -0.029391 -0.000000 0.000004 0.000000 -0.089556 0.000000 0.029391 0.000000 -0.000004 0.000000 -0.089613  
 14 6 7  0.000000 -0.387565 0.000000 -0.000043 -0.000000 -1.181254 0.000000 0.387565 -0.000000 0.000043 -0.000000 -1.181340  
 15 7 8  0.000000 -0.029392 0.000000 0.000006 -0.000000 -0.089614 0.000000 0.029392 -0.000000 -0.000006 -0.000000 -0.089557  
 16 8 5  0.000000 -0.387564 -0.000000 0.000009 0.000000 -1.181339 0.000000 0.387564 0.000000 -0.000009 0.000000 -1.181253  
 17 10 11  0.000000 0.034390 -0.000000 -0.000017 0.000000 0.104828 0.000000 -0.034390 0.000000 0.000017 0.000000 0.104812  
 18 11 12  0.000000 -0.294345 -0.000000 -0.000009 0.000000 -0.897155 0.000000 0.294345 0.000000 0.000009 0.000000 -0.897173  
 19 12 13  0.000000 0.034390 0.000000 -0.000014 -0.000000 0.104812 0.000000 -0.034390 -0.000000 0.000014 -0.000000 0.104828  
 20 13 10  0.000000 -0.294345 0.000000 0.000004 -0.000000 -0.897173 0.000000 0.294345 -0.000000 -0.000004 -0.000000 -0.897155  
 21 15 16  0.000000 0.038884 0.000000 -0.000006 -0.000000 0.118524 0.000000 -0.038884 -0.000000 0.000006 -0.000000 0.118516  
 22 16 17  0.000000 -0.133457 0.000000 0.000001 -0.000000 -0.406774 0.000000 0.133457 -0.000000 -0.000001 -0.000000 -0.406779  
 23 17 18  0.000000 0.038884 -0.000000 -0.000006 0.000000 0.118516 0.000000 -0.038884 0.000000 0.000006 0.000000 0.118524  
 24 18 15  0.000000 -0.133457 -0.000000 0.000002 0.000000 -0.406779 0.000000 0.133457 0.000000 -0.000002 0.000000 -0.406774  
 118 118 128  23.498924 0.366798 -0.016017 -0.000013 0.073979 0.466485 -23.498924 -0.366798 0.016017 0.000013 -0.068120 -0.332325  
 128 128 138  23.498924 0.366798 -0.016017 -0.000013 0.068120 0.332325 -23.498924 -0.366798 0.016017 0.000013 -0.062262 -0.198165  
 138 138 148  23.498924 0.366798 -0.016017 -0.000013 0.062262 0.198165 -23.498924 -0.366798 0.016017 0.000013 -0.056403 -0.064004  
 148 148 158  23.498924 0.366798 -0.016017 -0.000013 0.056403 0.064004 -23.498924 -0.366798 0.016017 0.000013 -0.050545 0.070156  
 158 158 168  23.498924 0.366798 -0.016017 -0.000013 0.050545 -0.070156 -23.498924 -0.366798 0.016017 0.000013 -0.044686 0.204316  
 168 168 178  23.498924 0.366798 -0.016017 -0.000013 0.044686 -0.204316 -23.498924 -0.366798 0.016017 0.000013 -0.038828 0.338476  
 178 178 188  23.498924 0.366798 -0.016017 -0.000013 0.038828 -0.338476 -23.498924 -0.366798 0.016017 0.000013 -0.032970 0.472636  
 188 188 198  23.498924 0.366798 -0.016017 -0.000013 0.032970 -0.472636 -23.498924 -0.366798 0.016017 0.000013 -0.027111 0.606796  
 198 198 13  23.498924 0.366798 -0.016017 -0.000013 0.027111 -0.606796 -23.498924 -0.366798 0.016017 0.000013 -0.021253 0.740956  
