 1 1 5  40.221943 1.728001 1.055849 -0.011122 -2.649284 4.081425 -40.221943 -1.728001 -1.055849 0.011122 -1.212589 2.238910  
 2 2 6  35.636727 1.707462 1.043823 -0.011122 -2.610395 4.027299 -35.636727 -1.707462 -1.043823 0.011122 -1.207493 2.217914  
 3 3 7  31.779104 1.688008 1.023750 -0.011122 -2.556439 3.968351 -31.779104 -1.688008 -1.023750 0.011122 -1.188028 2.205705  
 4 4 8  36.362226 1.716223 1.041763 -0.011122 -2.612097 4.043720 -36.362226 -1.716223 -1.041763 0.011122 -1.198255 2.233539  
 5 5 10  26.115564 0.999627 0.892713 -0.003387 -1.605775 1.393063 -26.115564 -0.999627 -0.892713 0.003387 -1.659411 2.263171  
 6 6 11  23.371652 0.991646 0.892507 -0.003387 -1.610407 1.382008 -23.371652 -0.991646 -0.892507 0.003387 -1.654026 2.245038  
 7 7 12  21.885133 0.991717 0.886681 -0.003387 -1.601462 1.386349 -21.885133 -0.991717 -0.886681 0.003387 -1.641663 2.240954  
 8 8 118  24.627651 0.999767 0.886952 -0.003387 -1.598445 1.398891 -24.627651 -0.999767 -0.886952 0.003387 1.274033 -1.033217  
 9 10 15  12.630931 0.005034 0.692410 -0.002271 -0.992322 -0.370946 -12.630931 -0.005034 -0.692410 0.002271 -1.540239 0.389359  
 10 11 16  11.621923 0.002081 0.692713 -0.002271 -0.995864 -0.373656 -11.621923 -0.002081 -0.692713 0.002271 -1.537803 0.381269  
 11 12 17  11.369427 0.003054 0.690939 -0.002271 -0.993843 -0.370078 -11.369427 -0.003054 -0.690939 0.002271 -1.533336 0.381247  
 12 13 18  12.377719 0.005976 0.691290 -0.002271 -0.991109 -0.367664 -12.377719 -0.005976 -0.691290 0.002271 -1.537354 0.389520  
 13 5 6  0.000000 -0.920564 -0.000000 -0.015760 0.000000 -2.807799 0.000000 0.920564 0.000000 0.015760 0.000000 -2.803961  
 14 6 7  0.000000 -1.185639 -0.000000 0.013939 0.000000 -3.615681 0.000000 1.185639 0.000000 -0.013939 0.000000 -3.611976  
 15 7 8  0.000000 -0.920390 0.000000 -0.019922 -0.000000 -2.803429 0.000000 0.920390 -0.000000 0.019922 -0.000000 -2.807266  
 16 8 5  0.000000 -1.185814 0.000000 0.010566 -0.000000 -3.612508 0.000000 1.185814 -0.000000 -0.010566 -0.000000 -3.616214  
 17 10 11  0.000000 -0.867367 -0.000000 -0.010163 0.000000 -2.644515 0.000000 0.867367 0.000000 0.010163 0.000000 -2.642956  
 18 11 12  0.000000 -0.617097 -0.000000 0.006933 0.000000 -1.881545 0.000000 0.617097 0.000000 -0.006933 0.000000 -1.880276  
 19 12 13  0.000000 -0.867198 0.000000 -0.009400 -0.000000 -2.642439 0.000000 0.867198 -0.000000 0.009400 -0.000000 -2.643998  
 20 13 10  0.000000 -0.617266 0.000000 0.007217 -0.000000 -1.880793 0.000000 0.617266 -0.000000 -0.007217 -0.000000 -1.882062  
 21 15 16  0.000000 -0.504415 -0.000000 -0.003772 0.000000 -1.539069 0.000000 0.504415 0.000000 0.003772 0.000000 -1.535842  
 22 16 17  0.000000 -0.126337 -0.000000 0.001961 0.000000 -0.385041 0.000000 0.126337 0.000000 -0.001961 0.000000 -0.385111  
 23 17 18  0.000000 -0.504236 0.000000 -0.003864 -0.000000 -1.535297 0.000000 0.504236 -0.000000 0.003864 -0.000000 -1.538523  
 24 18 15  0.000000 -0.126516 0.000000 0.001170 -0.000000 -0.385656 0.000000 0.126516 -0.000000 -0.001170 -0.000000 -0.385586  
 118 118 128  24.627651 0.999767 0.886952 -0.003387 -1.274033 1.033217 -24.627651 -0.999767 -0.886952 0.003387 0.949622 -0.667542  
 128 128 138  24.627651 0.999767 0.886952 -0.003387 -0.949622 0.667542 -24.627651 -0.999767 -0.886952 0.003387 0.625210 -0.301867  
 138 138 148  24.627651 0.999767 0.886952 -0.003387 -0.625210 0.301867 -24.627651 -0.999767 -0.886952 0.003387 0.300798 0.063808  
 148 148 158  24.627651 0.999767 0.886952 -0.003387 -0.300798 -0.063808 -24.627651 -0.999767 -0.886952 0.003387 -0.023613 0.429483  
 158 158 168  24.627651 0.999767 0.886952 -0.003387 0.023613 -0.429483 -24.627651 -0.999767 -0.886952 0.003387 -0.348025 0.795157  
 168 168 178  24.627651 0.999767 0.886952 -0.003387 0.348025 -0.795157 -24.627651 -0.999767 -0.886952 0.003387 -0.672436 1.160832  
 178 178 188  24.627651 0.999767 0.886952 -0.003387 0.672436 -1.160832 -24.627651 -0.999767 -0.886952 0.003387 -0.996848 1.526507  
 188 188 198  24.627651 0.999767 0.886952 -0.003387 0.996848 -1.526507 -24.627651 -0.999767 -0.886952 0.003387 -1.321260 1.892182  
 198 198 13  24.627651 0.999767 0.886952 -0.003387 1.321260 -1.892182 -24.627651 -0.999767 -0.886952 0.003387 -1.645671 2.257857  
