 1 1 5  26.670548 -7.996197 2.449252 0.595413 -5.860419 -17.859321 -26.670548 7.996197 -2.449252 -0.595413 -3.097965 -11.387567  
 2 2 6  13.054305 -7.016692 2.337652 0.595413 -5.502418 -15.759373 -13.054305 7.016692 -2.337652 -0.595413 -3.047778 -9.904881  
 3 3 7  44.980877 -8.498491 2.804224 0.595413 -6.630845 -19.670211 -44.980877 8.498491 -2.804224 -0.595413 -3.625883 -11.413870  
 4 4 8  59.294271 -9.186152 2.868463 0.595413 -6.858749 -21.179010 -59.294271 9.186152 -2.868463 -0.595413 -3.632942 -12.420258  
 5 5 10  19.078475 -6.640125 2.986328 -0.178819 -5.398302 -11.792804 -19.078475 6.640125 -2.986328 0.178819 -5.524491 -12.494117  
 6 6 11  11.299882 -6.001276 2.853034 -0.178819 -5.163490 -10.628421 -11.299882 6.001276 -2.853034 0.178819 -5.271768 -11.321847  
 7 7 12  28.634721 -6.431318 3.341751 -0.178819 -6.066355 -10.929713 -28.634721 6.431318 -3.341751 0.178819 -6.156432 -12.593476  
 8 8 118  36.986922 -6.302811 3.242624 -0.178819 -5.930158 -10.850247 -36.986922 6.302811 -3.242624 0.178819 4.744136 8.544931  
 9 10 15  10.361388 -4.096682 1.732447 0.058389 -2.558100 -6.223491 -10.361388 4.096682 -1.732447 -0.058389 -3.778498 -8.760535  
 10 11 16  7.932694 -3.911649 1.718405 0.058389 -2.550282 -5.930026 -7.932694 3.911649 -1.718405 -0.058389 -3.734957 -8.377220  
 11 12 17  13.493399 -3.947150 1.862046 0.058389 -2.738360 -5.807396 -13.493399 3.947150 -1.862046 -0.058389 -4.072259 -8.629698  
 12 13 18  16.212519 -4.123146 1.873210 0.058389 -2.746628 -6.065000 -16.212519 4.123146 -1.873210 -0.058389 -4.104824 -9.015819  
 13 5 6  0.000000 -2.934268 -0.000000 1.276465 0.000000 -8.982613 0.000000 2.934268 0.000000 -1.276465 0.000000 -8.904683  
 14 6 7  0.000000 7.311309 0.000000 -0.693415 -0.000000 21.809767 0.000000 -7.311309 -0.000000 0.693415 -0.000000 22.759974  
 15 7 8  0.000000 -2.965154 0.000000 0.416392 -0.000000 -8.998823 0.000000 2.965154 -0.000000 -0.416392 -0.000000 -9.076753  
 16 8 5  0.000000 7.342195 -0.000000 -0.486347 0.000000 22.854114 0.000000 -7.342195 0.000000 0.486347 0.000000 21.903907  
 17 10 11  0.000000 -2.710347 0.000000 0.624975 -0.000000 -8.271748 0.000000 2.710347 -0.000000 -0.624975 -0.000000 -8.250529  
 18 11 12  0.000000 5.922465 -0.000000 -0.428479 0.000000 17.876848 0.000000 -5.922465 0.000000 0.428479 0.000000 18.226501  
 19 12 13  0.000000 -2.781143 -0.000000 -0.174371 0.000000 -8.466313 0.000000 2.781143 0.000000 0.174371 0.000000 -8.487533  
 20 13 10  0.000000 5.993261 0.000000 -0.189157 -0.000000 18.442285 0.000000 -5.993261 -0.000000 0.189157 -0.000000 18.092633  
 21 15 16  0.000000 -1.250650 -0.000000 0.081005 0.000000 -3.831009 0.000000 1.250650 0.000000 -0.081005 0.000000 -3.792956  
 22 16 17  0.000000 2.816655 0.000000 -0.057999 -0.000000 8.458225 0.000000 -2.816655 -0.000000 0.057999 -0.000000 8.712106  
 23 17 18  0.000000 -1.323257 0.000000 0.082408 -0.000000 -4.014260 0.000000 1.323257 -0.000000 -0.082408 -0.000000 -4.052313  
 24 18 15  0.000000 2.889262 -0.000000 -0.052511 0.000000 8.933411 0.000000 -2.889262 0.000000 0.052511 0.000000 8.679529  
 118 118 128  36.986922 -6.302811 3.242624 -0.178819 -4.744136 -8.544931 -36.986922 6.302811 -3.242624 0.178819 3.558114 6.239615  
 128 128 138  36.986922 -6.302811 3.242624 -0.178819 -3.558114 -6.239615 -36.986922 6.302811 -3.242624 0.178819 2.372092 3.934299  
 138 138 148  36.986922 -6.302811 3.242624 -0.178819 -2.372092 -3.934299 -36.986922 6.302811 -3.242624 0.178819 1.186070 1.628983  
 148 148 158  36.986922 -6.302811 3.242624 -0.178819 -1.186070 -1.628983 -36.986922 6.302811 -3.242624 0.178819 0.000048 -0.676333  
 158 158 168  36.986922 -6.302811 3.242624 -0.178819 -0.000048 0.676333 -36.986922 6.302811 -3.242624 0.178819 -1.185974 -2.981649  
 168 168 178  36.986922 -6.302811 3.242624 -0.178819 1.185974 2.981649 -36.986922 6.302811 -3.242624 0.178819 -2.371996 -5.286966  
 178 178 188  36.986922 -6.302811 3.242624 -0.178819 2.371996 5.286966 -36.986922 6.302811 -3.242624 0.178819 -3.558018 -7.592282  
 188 188 198  36.986922 -6.302811 3.242624 -0.178819 3.558018 7.592282 -36.986922 6.302811 -3.242624 0.178819 -4.744040 -9.897598  
 198 198 13  36.986922 -6.302811 3.242624 -0.178819 4.744040 9.897598 -36.986922 6.302811 -3.242624 0.178819 -5.930062 -12.202914  
