 1 1 5  44.383521 2.198142 2.177493 -0.042366 -5.402417 5.303501 -44.383521 -2.198142 -2.177493 0.042366 -2.561982 2.736424  
 2 2 6  34.865127 2.086954 2.123555 -0.042366 -5.199277 5.027186 -34.865127 -2.086954 -2.123555 0.042366 -2.567839 2.606057  
 3 3 7  27.623255 2.023909 2.007780 -0.042366 -4.922566 4.824161 -27.623255 -2.023909 -2.007780 0.042366 -2.421090 2.578488  
 4 4 8  37.128097 2.167458 2.094128 -0.042366 -5.193201 5.167275 -37.128097 -2.167458 -2.094128 0.042366 -2.466282 2.760418  
 5 5 10  28.643609 1.740587 1.989004 0.033482 -3.585393 2.867838 -28.643609 -1.740587 -1.989004 -0.033482 -3.689588 3.498535  
 6 6 11  23.043087 1.633059 1.956834 0.033482 -3.543538 2.682707 -23.043087 -1.633059 -1.956834 -0.033482 -3.613778 3.290370  
 7 7 12  19.360935 1.617191 1.856227 0.033482 -3.360478 2.669505 -19.360935 -1.617191 -1.856227 -0.033482 -3.428858 3.245534  
 8 8 118  24.952369 1.695229 1.860104 0.033482 -3.363142 2.812222 -24.952369 -1.695229 -1.860104 -0.033482 2.682791 -2.192175  
 9 10 15  13.508241 0.626012 1.378677 0.002571 -2.020143 0.638064 -13.508241 -0.626012 -1.378677 -0.002571 -3.022506 1.651636  
 10 11 16  11.552564 0.597224 1.379542 0.002571 -2.046021 0.602061 -11.552564 -0.597224 -1.379542 -0.002571 -2.999794 1.582346  
 11 12 17  10.494358 0.609484 1.342387 0.002571 -1.987206 0.650657 -10.494358 -0.609484 -1.342387 -0.002571 -2.922708 1.578592  
 12 13 18  12.444837 0.641966 1.351187 0.002571 -1.981148 0.693966 -12.444837 -0.641966 -1.351187 -0.002571 -2.960955 1.654090  
 13 5 6  0.000000 -1.958378 0.000000 -0.156048 -0.000000 -5.990101 0.000000 1.958378 -0.000000 0.156048 -0.000000 -5.948173  
 14 6 7  0.000000 -1.780418 0.000000 0.163204 -0.000000 -5.444812 0.000000 1.780418 -0.000000 -0.163204 -0.000000 -5.408616  
 15 7 8  0.000000 -1.957262 -0.000000 -0.160624 0.000000 -5.944772 0.000000 1.957262 0.000000 0.160624 0.000000 -5.986699  
 16 8 5  0.000000 -1.781534 -0.000000 0.157275 0.000000 -5.412017 0.000000 1.781534 0.000000 -0.157275 0.000000 -5.448213  
 17 10 11  0.000000 -1.821936 -0.000000 -0.120602 0.000000 -5.567109 0.000000 1.821936 0.000000 0.120602 0.000000 -5.539414  
 18 11 12  0.000000 -1.312460 -0.000000 0.120385 0.000000 -4.013033 0.000000 1.312460 0.000000 -0.120385 0.000000 -3.987721  
 19 12 13  0.000000 -1.820964 0.000000 -0.091530 -0.000000 -5.536450 0.000000 1.820964 -0.000000 0.091530 -0.000000 -5.564145  
 20 13 10  0.000000 -1.313432 0.000000 0.142622 -0.000000 -3.990685 0.000000 1.313432 -0.000000 -0.142622 -0.000000 -4.015997  
 21 15 16  0.000000 -0.977189 -0.000000 -0.032665 0.000000 -2.993711 0.000000 0.977189 0.000000 0.032665 0.000000 -2.963232  
 22 16 17  0.000000 -0.529752 -0.000000 0.036562 0.000000 -1.615011 0.000000 0.529752 0.000000 -0.036562 0.000000 -1.614360  
 23 17 18  0.000000 -0.975889 0.000000 -0.035769 -0.000000 -2.959271 0.000000 0.975889 -0.000000 0.035769 -0.000000 -2.989750  
 24 18 15  0.000000 -0.531052 0.000000 0.028795 -0.000000 -1.618321 0.000000 0.531052 -0.000000 -0.028795 -0.000000 -1.618971  
 118 118 128  24.952369 1.695229 1.860104 0.033482 -2.682791 2.192175 -24.952369 -1.695229 -1.860104 -0.033482 2.002439 -1.572128  
 128 128 138  24.952369 1.695229 1.860104 0.033482 -2.002439 1.572128 -24.952369 -1.695229 -1.860104 -0.033482 1.322087 -0.952081  
 138 138 148  24.952369 1.695229 1.860104 0.033482 -1.322087 0.952081 -24.952369 -1.695229 -1.860104 -0.033482 0.641735 -0.332034  
 148 148 158  24.952369 1.695229 1.860104 0.033482 -0.641735 0.332034 -24.952369 -1.695229 -1.860104 -0.033482 -0.038616 0.288013  
 158 158 168  24.952369 1.695229 1.860104 0.033482 0.038616 -0.288013 -24.952369 -1.695229 -1.860104 -0.033482 -0.718968 0.908060  
 168 168 178  24.952369 1.695229 1.860104 0.033482 0.718968 -0.908060 -24.952369 -1.695229 -1.860104 -0.033482 -1.399320 1.528107  
 178 178 188  24.952369 1.695229 1.860104 0.033482 1.399320 -1.528107 -24.952369 -1.695229 -1.860104 -0.033482 -2.079672 2.148154  
 188 188 198  24.952369 1.695229 1.860104 0.033482 2.079672 -2.148154 -24.952369 -1.695229 -1.860104 -0.033482 -2.760023 2.768202  
 198 198 13  24.952369 1.695229 1.860104 0.033482 2.760023 -2.768202 -24.952369 -1.695229 -1.860104 -0.033482 -3.440375 3.388249  
