 1 1 5  36.418633 2.852902 -5.088318 -0.529436 11.363905 7.363100 -36.418633 -2.852902 5.088318 0.529436 7.247125 3.071674  
 2 2 6  53.249756 3.135355 -5.314719 -0.529436 12.180310 8.055779 -53.249756 -3.135355 5.314719 0.529436 7.258806 3.412096  
 3 3 7  35.401442 3.113678 -4.793806 -0.529436 10.996610 7.646002 -35.401442 -3.113678 4.793806 0.529436 6.537216 3.742587  
 4 4 8  18.930168 2.715861 -4.234171 -0.529436 9.609490 6.673259 -18.930168 -2.715861 4.234171 0.529436 5.877413 3.260275  
 5 5 10  24.793148 4.065214 -3.475665 0.201917 5.857748 7.480054 -24.793148 -4.065214 3.475665 -0.201917 6.854843 7.388871  
 6 6 11  33.688475 4.442661 -3.374499 0.201917 5.552512 8.196752 -33.688475 -4.442661 3.374499 -0.201917 6.790055 8.052726  
 7 7 12  23.063212 4.398664 -3.054805 0.201917 5.007407 8.089250 -23.063212 -4.398664 3.054805 -0.201917 6.165846 7.999302  
 8 8 118  14.455165 3.555871 -2.840110 0.201917 4.817196 6.557842 -14.455165 -3.555871 2.840110 -0.201917 -3.778397 -5.257246  
 9 10 15  12.256556 2.228710 -1.996564 0.010706 2.906956 3.114651 -12.256556 -2.228710 1.996564 -0.010706 4.395678 5.037079  
 10 11 16  15.125631 2.367262 -1.966687 0.010706 2.766561 3.326081 -15.125631 -2.367262 1.966687 -0.010706 4.426792 5.332418  
 11 12 17  11.670089 2.428450 -1.828655 0.010706 2.558048 3.591443 -11.670089 -2.428450 1.828655 -0.010706 4.130440 5.290857  
 12 13 18  8.947723 2.273193 -1.854843 0.010706 2.694470 3.356969 -8.947723 -2.273193 1.854843 -0.010706 4.089802 4.957463  
 13 5 6  0.000000 3.958827 -0.000000 0.500912 0.000000 11.927389 0.000000 -3.958827 0.000000 -0.500912 0.000000 12.205619  
 14 6 7  0.000000 -3.602454 0.000000 -0.605699 -0.000000 -11.107937 0.000000 3.602454 -0.000000 0.605699 -0.000000 -10.852625  
 15 7 8  0.000000 3.940685 0.000000 0.979212 -0.000000 12.150322 0.000000 -3.940685 -0.000000 -0.979212 -0.000000 11.872092  
 16 8 5  0.000000 -3.584312 -0.000000 -1.177484 0.000000 -10.797328 0.000000 3.584312 0.000000 1.177484 0.000000 -11.052640  
 17 10 11  0.000000 2.995555 -0.000000 0.384085 0.000000 9.067088 0.000000 -2.995555 0.000000 -0.384085 0.000000 9.193813  
 18 11 12  0.000000 -3.567289 -0.000000 -0.362803 0.000000 -10.994722 0.000000 3.567289 0.000000 0.362803 0.000000 -10.751470  
 19 12 13  0.000000 2.960412 0.000000 0.839275 -0.000000 9.086698 0.000000 -2.960412 -0.000000 -0.839275 -0.000000 8.959973  
 20 13 10  0.000000 -3.532146 0.000000 -0.694711 -0.000000 -10.644355 0.000000 3.532146 -0.000000 0.694711 -0.000000 -10.887607  
 21 15 16  0.000000 1.416199 0.000000 0.091773 -0.000000 4.298636 0.000000 -1.416199 -0.000000 -0.091773 -0.000000 4.334512  
 22 16 17  0.000000 -1.709433 0.000000 -0.092280 -0.000000 -5.240645 0.000000 1.709433 -0.000000 0.092280 -0.000000 -5.180056  
 23 17 18  0.000000 1.379522 -0.000000 0.110801 0.000000 4.222720 0.000000 -1.379522 0.000000 -0.110801 0.000000 4.186844  
 24 18 15  0.000000 -1.672755 -0.000000 -0.097042 0.000000 -5.068264 0.000000 1.672755 0.000000 0.097042 0.000000 -5.128852  
 118 118 128  14.455165 3.555871 -2.840110 0.201917 3.778397 5.257246 -14.455165 -3.555871 2.840110 -0.201917 -2.739598 -3.956651  
 128 128 138  14.455165 3.555871 -2.840110 0.201917 2.739598 3.956651 -14.455165 -3.555871 2.840110 -0.201917 -1.700800 -2.656056  
 138 138 148  14.455165 3.555871 -2.840110 0.201917 1.700800 2.656056 -14.455165 -3.555871 2.840110 -0.201917 -0.662001 -1.355460  
 148 148 158  14.455165 3.555871 -2.840110 0.201917 0.662001 1.355460 -14.455165 -3.555871 2.840110 -0.201917 0.376798 -0.054865  
 158 158 168  14.455165 3.555871 -2.840110 0.201917 -0.376798 0.054865 -14.455165 -3.555871 2.840110 -0.201917 1.415596 1.245730  
 168 168 178  14.455165 3.555871 -2.840110 0.201917 -1.415596 -1.245730 -14.455165 -3.555871 2.840110 -0.201917 2.454395 2.546326  
 178 178 188  14.455165 3.555871 -2.840110 0.201917 -2.454395 -2.546326 -14.455165 -3.555871 2.840110 -0.201917 3.493194 3.846921  
 188 188 198  14.455165 3.555871 -2.840110 0.201917 -3.493194 -3.846921 -14.455165 -3.555871 2.840110 -0.201917 4.531992 5.147516  
 198 198 13  14.455165 3.555871 -2.840110 0.201917 -4.531992 -5.147516 -14.455165 -3.555871 2.840110 -0.201917 5.570791 6.448112  
