 1 1 5  35.583815 0.046889 -0.206661 0.000006 0.545412 0.133406 -35.583815 -0.046889 0.206661 -0.000006 0.210471 0.038097  
 2 2 6  36.769271 0.046891 -0.206491 0.000006 0.544887 0.133396 -36.769271 -0.046891 0.206491 -0.000006 0.210375 0.038114  
 3 3 7  36.416187 0.046984 -0.206478 0.000006 0.544882 0.133678 -36.416187 -0.046984 0.206478 -0.000006 0.210332 0.038170  
 4 4 8  35.230727 0.046962 -0.206657 0.000006 0.545424 0.133656 -35.230727 -0.046962 0.206657 -0.000006 0.210446 0.038111  
 5 5 10  23.733097 0.071259 -0.219466 -0.000011 0.423954 0.141280 -23.733097 -0.071259 0.219466 0.000011 0.378764 0.119358  
 6 6 11  24.502284 0.071239 -0.219464 -0.000011 0.423987 0.141239 -24.502284 -0.071239 0.219464 0.000011 0.378725 0.119325  
 7 7 12  24.266905 0.071249 -0.219472 -0.000011 0.424017 0.141238 -24.266905 -0.071249 0.219472 0.000011 0.378725 0.119360  
 8 8 118  23.497714 0.071266 -0.219481 -0.000011 0.423997 0.141282 -23.497714 -0.071266 0.219481 0.000011 -0.343720 -0.115216  
 9 10 15  11.894809 0.065449 -0.216939 -0.000004 0.333080 0.099606 -11.894809 -0.065449 0.216939 0.000004 0.460397 0.139781  
 10 11 16  12.196907 0.065441 -0.216944 -0.000004 0.333106 0.099593 -12.196907 -0.065441 0.216944 0.000004 0.460390 0.139764  
 11 12 17  12.105192 0.065437 -0.216949 -0.000004 0.333115 0.099575 -12.105192 -0.065437 0.216949 0.000004 0.460399 0.139768  
 12 13 18  11.803092 0.065445 -0.216945 -0.000004 0.333089 0.099588 -11.803092 -0.065445 0.216945 0.000004 0.460408 0.139784  
 13 5 6  0.000000 0.208135 -0.000000 -0.000012 0.000000 0.634434 0.000000 -0.208135 0.000000 0.000012 0.000000 0.634355  
 14 6 7  0.000000 -0.058853 0.000000 -0.000006 -0.000000 -0.179365 0.000000 0.058853 -0.000000 0.000006 -0.000000 -0.179401  
 15 7 8  0.000000 0.208135 0.000000 0.000008 -0.000000 0.634356 0.000000 -0.208135 -0.000000 -0.000008 -0.000000 0.634434  
 16 8 5  0.000000 -0.058853 -0.000000 0.000009 0.000000 -0.179401 0.000000 0.058853 0.000000 -0.000009 0.000000 -0.179366  
 17 10 11  0.000000 0.233545 0.000000 -0.000023 -0.000000 0.711854 0.000000 -0.233545 -0.000000 0.000023 -0.000000 0.711835  
 18 11 12  0.000000 -0.071833 0.000000 0.000004 -0.000000 -0.218940 0.000000 0.071833 -0.000000 -0.000004 -0.000000 -0.218951  
 19 12 13  0.000000 0.233545 -0.000000 -0.000016 0.000000 0.711836 0.000000 -0.233545 0.000000 0.000016 0.000000 0.711855  
 20 13 10  0.000000 -0.071833 -0.000000 0.000010 0.000000 -0.218953 0.000000 0.071833 0.000000 -0.000010 0.000000 -0.218941  
 21 15 16  0.000000 0.151049 -0.000000 -0.000008 0.000000 0.460402 0.000000 -0.151049 0.000000 0.000008 0.000000 0.460394  
 22 16 17  0.000000 -0.045857 0.000000 0.000004 -0.000000 -0.139772 0.000000 0.045857 -0.000000 -0.000004 -0.000000 -0.139775  
 23 17 18  0.000000 0.151050 0.000000 -0.000007 -0.000000 0.460395 0.000000 -0.151050 -0.000000 0.000007 -0.000000 0.460403  
 24 18 15  0.000000 -0.045858 -0.000000 0.000004 0.000000 -0.139777 0.000000 0.045858 0.000000 -0.000004 0.000000 -0.139773  
 118 118 128  23.497714 0.071266 -0.219481 -0.000011 0.343720 0.115216 -23.497714 -0.071266 0.219481 0.000011 -0.263442 -0.089149  
 128 128 138  23.497714 0.071266 -0.219481 -0.000011 0.263442 0.089149 -23.497714 -0.071266 0.219481 0.000011 -0.183165 -0.063083  
 138 138 148  23.497714 0.071266 -0.219481 -0.000011 0.183165 0.063083 -23.497714 -0.071266 0.219481 0.000011 -0.102888 -0.037017  
 148 148 158  23.497714 0.071266 -0.219481 -0.000011 0.102888 0.037017 -23.497714 -0.071266 0.219481 0.000011 -0.022611 -0.010951  
 158 158 168  23.497714 0.071266 -0.219481 -0.000011 0.022611 0.010951 -23.497714 -0.071266 0.219481 0.000011 0.057667 0.015116  
 168 168 178  23.497714 0.071266 -0.219481 -0.000011 -0.057667 -0.015116 -23.497714 -0.071266 0.219481 0.000011 0.137944 0.041182  
 178 178 188  23.497714 0.071266 -0.219481 -0.000011 -0.137944 -0.041182 -23.497714 -0.071266 0.219481 0.000011 0.218221 0.067248  
 188 188 198  23.497714 0.071266 -0.219481 -0.000011 -0.218221 -0.067248 -23.497714 -0.071266 0.219481 0.000011 0.298499 0.093315  
 198 198 13  23.497714 0.071266 -0.219481 -0.000011 -0.298499 -0.093315 -23.497714 -0.071266 0.219481 0.000011 0.378776 0.119381  
