 1 1 5  38.370197 0.719496 1.003296 -0.000418 -2.408973 1.734334 -38.370197 -0.719496 -1.003296 0.000418 -1.260683 0.897295  
 2 2 6  35.721108 0.719792 1.003648 -0.000418 -2.409832 1.734940 -35.721108 -0.719792 -1.003648 0.000418 -1.261110 0.897771  
 3 3 7  33.629839 0.718897 1.002826 -0.000418 -2.407643 1.732643 -33.629839 -0.718897 -1.002826 0.000418 -1.260294 0.896795  
 4 4 8  36.278856 0.720028 1.003832 -0.000418 -2.410181 1.735608 -36.278856 -0.720028 -1.003832 0.000418 -1.261433 0.897964  
 5 5 10  25.124459 0.451143 0.626126 -0.000014 -0.935886 0.702035 -25.124459 -0.451143 -0.626126 0.000014 -1.354232 0.948064  
 6 6 11  23.917106 0.451372 0.626290 -0.000014 -0.936297 0.702470 -23.917106 -0.451372 -0.626290 0.000014 -1.354422 0.948469  
 7 7 12  22.875558 0.451472 0.626527 -0.000014 -0.936716 0.702645 -22.875558 -0.451472 -0.626527 0.000014 -1.354871 0.948660  
 8 8 118  24.082877 0.451256 0.626353 -0.000014 -0.936286 0.702240 -24.082877 -0.451256 -0.626353 0.000014 0.707192 -0.537189  
 9 10 15  12.312338 0.174690 0.132701 -0.000010 -0.013320 0.159132 -12.312338 -0.174690 -0.132701 0.000010 -0.472048 0.479815  
 10 11 16  12.002540 0.174744 0.132676 -0.000010 -0.013208 0.159213 -12.002540 -0.174744 -0.132676 0.000010 -0.472069 0.479932  
 11 12 17  11.687670 0.174707 0.132736 -0.000010 -0.013303 0.159079 -11.687670 -0.174707 -0.132736 0.000010 -0.472193 0.479931  
 12 13 18  11.997452 0.174654 0.132763 -0.000010 -0.013420 0.158997 -11.997452 -0.174654 -0.132763 0.000010 -0.472172 0.479817  
 13 5 6  0.000000 -0.720863 -0.000000 0.000470 0.000000 -2.197159 0.000000 0.720863 0.000000 -0.000470 0.000000 -2.197223  
 14 6 7  0.000000 -0.524865 -0.000000 0.000184 0.000000 -1.599771 0.000000 0.524865 0.000000 -0.000184 0.000000 -1.599808  
 15 7 8  0.000000 -0.720854 0.000000 -0.000368 -0.000000 -2.197194 0.000000 0.720854 -0.000000 0.000368 -0.000000 -2.197130  
 16 8 5  0.000000 -0.524875 0.000000 -0.000589 -0.000000 -1.599836 0.000000 0.524875 -0.000000 0.000589 -0.000000 -1.599800  
 17 10 11  0.000000 -0.448775 0.000000 0.000250 -0.000000 -1.367823 0.000000 0.448775 -0.000000 -0.000250 -0.000000 -1.367909  
 18 11 12  0.000000 -0.363342 0.000000 -0.000278 -0.000000 -1.107432 0.000000 0.363342 -0.000000 0.000278 -0.000000 -1.107498  
 19 12 13  0.000000 -0.448771 -0.000000 0.000241 0.000000 -1.367895 0.000000 0.448771 0.000000 -0.000241 0.000000 -1.367810  
 20 13 10  0.000000 -0.363346 -0.000000 -0.000271 0.000000 -1.107512 0.000000 0.363346 0.000000 0.000271 0.000000 -1.107446  
 21 15 16  0.000000 -0.154897 0.000000 0.000065 -0.000000 -0.472116 0.000000 0.154897 -0.000000 -0.000065 -0.000000 -0.472137  
 22 16 17  0.000000 -0.157437 0.000000 -0.000068 -0.000000 -0.479867 0.000000 0.157437 -0.000000 0.000068 -0.000000 -0.479867  
 23 17 18  0.000000 -0.154893 -0.000000 0.000063 0.000000 -0.472125 0.000000 0.154893 0.000000 -0.000063 0.000000 -0.472104  
 24 18 15  0.000000 -0.157441 -0.000000 -0.000068 0.000000 -0.479880 0.000000 0.157441 0.000000 0.000068 0.000000 -0.479880  
 118 118 128  24.082877 0.451256 0.626353 -0.000014 -0.707192 0.537189 -24.082877 -0.451256 -0.626353 0.000014 0.478097 -0.372137  
 128 128 138  24.082877 0.451256 0.626353 -0.000014 -0.478097 0.372137 -24.082877 -0.451256 -0.626353 0.000014 0.249002 -0.207086  
 138 138 148  24.082877 0.451256 0.626353 -0.000014 -0.249002 0.207086 -24.082877 -0.451256 -0.626353 0.000014 0.019908 -0.042034  
 148 148 158  24.082877 0.451256 0.626353 -0.000014 -0.019908 0.042034 -24.082877 -0.451256 -0.626353 0.000014 -0.209187 0.123017  
 158 158 168  24.082877 0.451256 0.626353 -0.000014 0.209187 -0.123017 -24.082877 -0.451256 -0.626353 0.000014 -0.438282 0.288069  
 168 168 178  24.082877 0.451256 0.626353 -0.000014 0.438282 -0.288069 -24.082877 -0.451256 -0.626353 0.000014 -0.667377 0.453120  
 178 178 188  24.082877 0.451256 0.626353 -0.000014 0.667377 -0.453120 -24.082877 -0.451256 -0.626353 0.000014 -0.896471 0.618171  
 188 188 198  24.082877 0.451256 0.626353 -0.000014 0.896471 -0.618171 -24.082877 -0.451256 -0.626353 0.000014 -1.125566 0.783223  
 198 198 13  24.082877 0.451256 0.626353 -0.000014 1.125566 -0.783223 -24.082877 -0.451256 -0.626353 0.000014 -1.354661 0.948274  
