 1 1 5  42.401548 3.116546 -0.336224 0.075806 1.084335 7.860708 -42.401548 -3.116546 0.336224 -0.075806 0.145439 3.538372  
 2 2 6  47.538089 3.161058 -0.296119 0.075806 1.012873 8.004794 -47.538089 -3.161058 0.296119 -0.075806 0.070211 3.557091  
 3 3 7  29.558693 3.062247 -0.267902 0.075806 0.934780 7.424576 -29.558693 -3.062247 0.267902 -0.075806 0.045100 3.775897  
 4 4 8  24.501670 2.940756 -0.297930 0.075806 0.978160 7.120385 -24.501670 -2.940756 0.297930 -0.075806 0.111550 3.635725  
 5 5 10  28.150837 2.728578 -1.044285 0.021806 2.186584 5.444844 -28.150837 -2.728578 1.044285 -0.021806 1.632991 4.535203  
 6 6 11  31.901937 2.807367 -1.050290 0.021806 2.215409 5.608625 -31.901937 -2.807367 1.050290 -0.021806 1.626132 4.659601  
 7 7 12  19.812835 2.786621 -0.882378 0.021806 1.889349 5.509255 -19.812835 -2.786621 0.882378 -0.021806 1.338037 4.683089  
 8 8 118  16.134391 2.459528 -0.834940 0.021806 1.761090 4.816510 -16.134391 -2.459528 0.834940 -0.021806 -1.455703 -3.916913  
 9 10 15  13.683348 3.780934 -1.187982 0.032631 2.001049 6.391697 -13.683348 -3.780934 1.187982 -0.032631 2.344113 7.437448  
 10 11 16  15.183815 3.873317 -1.187902 0.032631 1.991412 6.528088 -15.183815 -3.873317 1.187902 -0.032631 2.353460 7.638958  
 11 12 17  10.295022 3.809011 -1.104389 0.032631 1.874314 6.521122 -10.295022 -3.809011 1.104389 -0.032631 2.165098 7.410717  
 12 13 18  8.837815 3.687754 -1.100683 0.032631 1.873539 6.305229 -8.837815 -3.687754 1.100683 -0.032631 2.152319 7.183100  
 13 5 6  0.000000 0.691863 -0.000000 0.088635 0.000000 2.104947 0.000000 -0.691863 0.000000 -0.088635 0.000000 2.112649  
 14 6 7  0.000000 -2.944290 -0.000000 -0.172970 0.000000 -9.077081 0.000000 2.944290 0.000000 0.172970 0.000000 -8.871308  
 15 7 8  0.000000 0.690147 0.000000 0.413843 -0.000000 2.107419 0.000000 -0.690147 -0.000000 -0.413843 -0.000000 2.099717  
 16 8 5  0.000000 -2.942574 0.000000 -0.227077 -0.000000 -8.866078 0.000000 2.942574 -0.000000 0.227077 -0.000000 -9.071851  
 17 10 11  0.000000 1.121642 0.000000 0.119194 -0.000000 3.411382 0.000000 -1.121642 -0.000000 -0.119194 -0.000000 3.426147  
 18 11 12  0.000000 -3.596480 -0.000000 -0.191396 0.000000 -11.068494 0.000000 3.596480 0.000000 0.191396 0.000000 -10.855649  
 19 12 13  0.000000 1.114293 -0.000000 0.348562 0.000000 3.403747 0.000000 -1.114293 0.000000 -0.348562 0.000000 3.388983  
 20 13 10  0.000000 -3.589131 0.000000 -0.222658 -0.000000 -10.833249 0.000000 3.589131 -0.000000 0.222658 -0.000000 -11.046094  
 21 15 16  0.000000 0.744826 0.000000 0.084274 -0.000000 2.264698 0.000000 -0.744826 -0.000000 -0.084274 -0.000000 2.275761  
 22 16 17  0.000000 -2.438989 -0.000000 -0.077699 0.000000 -7.554685 0.000000 2.438989 0.000000 0.077699 0.000000 -7.313390  
 23 17 18  0.000000 0.734011 -0.000000 0.097327 0.000000 2.242797 0.000000 -0.734011 0.000000 -0.097327 0.000000 2.231734  
 24 18 15  0.000000 -2.428174 0.000000 -0.079415 -0.000000 -7.280427 0.000000 2.428174 -0.000000 0.079415 -0.000000 -7.521721  
 118 118 128  16.134391 2.459528 -0.834940 0.021806 1.455703 3.916913 -16.134391 -2.459528 0.834940 -0.021806 -1.150315 -3.017317  
 128 128 138  16.134391 2.459528 -0.834940 0.021806 1.150315 3.017317 -16.134391 -2.459528 0.834940 -0.021806 -0.844927 -2.117720  
 138 138 148  16.134391 2.459528 -0.834940 0.021806 0.844927 2.117720 -16.134391 -2.459528 0.834940 -0.021806 -0.539540 -1.218123  
 148 148 158  16.134391 2.459528 -0.834940 0.021806 0.539540 1.218123 -16.134391 -2.459528 0.834940 -0.021806 -0.234152 -0.318526  
 158 158 168  16.134391 2.459528 -0.834940 0.021806 0.234152 0.318526 -16.134391 -2.459528 0.834940 -0.021806 0.071236 0.581071  
 168 168 178  16.134391 2.459528 -0.834940 0.021806 -0.071236 -0.581071 -16.134391 -2.459528 0.834940 -0.021806 0.376623 1.480667  
 178 178 188  16.134391 2.459528 -0.834940 0.021806 -0.376623 -1.480667 -16.134391 -2.459528 0.834940 -0.021806 0.682011 2.380264  
 188 188 198  16.134391 2.459528 -0.834940 0.021806 -0.682011 -2.380264 -16.134391 -2.459528 0.834940 -0.021806 0.987398 3.279861  
 198 198 13  16.134391 2.459528 -0.834940 0.021806 -0.987398 -3.279861 -16.134391 -2.459528 0.834940 -0.021806 1.292786 4.179458  
