 1 1 5  39.824800 6.884790 -4.093129 0.270038 9.197367 15.845523 -39.824800 -6.884790 4.093129 -0.270038 5.773661 9.336285  
 2 2 6  53.547070 7.473861 -4.229664 0.270038 9.624731 17.132359 -53.547070 -7.473861 4.229664 -0.270038 5.845689 10.204037  
 3 3 7  31.996491 6.893367 -3.737963 0.270038 8.576723 15.406542 -31.996491 -6.893367 3.737963 -0.270038 5.095249 9.806636  
 4 4 8  18.631639 6.078205 -3.534986 0.270038 7.994282 13.634503 -18.631639 -6.078205 3.534986 -0.270038 4.935284 8.597140  
 5 5 10  25.413518 5.054217 -3.174054 0.379955 5.344520 8.032467 -25.413518 -5.054217 3.174054 -0.379955 6.264900 10.453838  
 6 6 11  32.285408 5.389756 -3.134003 0.379955 5.203804 8.578736 -32.285408 -5.389756 3.134003 -0.379955 6.259126 11.134835  
 7 7 12  22.449391 5.462593 -2.868261 0.379955 4.763092 9.026941 -22.449391 -5.462593 2.868261 -0.379955 5.727858 10.953041  
 8 8 118  15.851684 4.535800 -2.676102 0.379955 4.544921 7.576028 -15.851684 -4.535800 2.676102 -0.379955 -3.566110 -5.917013  
 9 10 15  12.188540 1.094910 -1.253416 -0.019578 1.597730 0.499090 -12.188540 -1.094910 1.253416 0.019578 2.986766 3.505653  
 10 11 16  14.172187 1.141982 -1.211115 -0.019578 1.439670 0.526169 -14.172187 -1.141982 1.211115 0.019578 2.990105 3.650745  
 11 12 17  11.743264 1.310876 -1.147281 -0.019578 1.344916 1.100696 -11.743264 -1.310876 1.147281 0.019578 2.851377 3.693965  
 12 13 18  9.896008 1.255605 -1.189221 -0.019578 1.501351 1.051869 -9.896008 -1.255605 1.189221 0.019578 2.848342 3.540632  
 13 5 6  0.000000 3.414786 -0.000000 0.675298 0.000000 10.330906 0.000000 -3.414786 0.000000 -0.675298 0.000000 10.485630  
 14 6 7  0.000000 -5.846877 0.000000 -0.563863 -0.000000 -18.107475 0.000000 5.846877 -0.000000 0.563863 -0.000000 -17.535085  
 15 7 8  0.000000 3.393977 0.000000 1.298491 -0.000000 10.422204 0.000000 -3.393977 -0.000000 -1.298491 -0.000000 10.267480  
 16 8 5  0.000000 -5.826068 -0.000000 -0.787275 0.000000 -17.471659 0.000000 5.826068 0.000000 0.787275 0.000000 -18.044050  
 17 10 11  0.000000 2.426898 -0.000000 0.301540 0.000000 7.356083 0.000000 -2.426898 0.000000 -0.301540 0.000000 7.438284  
 18 11 12  0.000000 -3.686323 -0.000000 -0.260513 0.000000 -11.359465 0.000000 3.686323 0.000000 0.260513 0.000000 -11.112359  
 19 12 13  0.000000 2.392450 0.000000 0.941378 -0.000000 7.333287 0.000000 -2.392450 -0.000000 -0.941378 -0.000000 7.251086  
 20 13 10  0.000000 -3.651875 0.000000 -0.506546 -0.000000 -11.007362 0.000000 3.651875 -0.000000 0.506546 -0.000000 -11.254467  
 21 15 16  0.000000 0.974774 0.000000 0.020581 -0.000000 2.969519 0.000000 -0.974774 -0.000000 -0.020581 -0.000000 2.972706  
 22 16 17  0.000000 -1.197413 -0.000000 -0.017399 0.000000 -3.630164 0.000000 1.197413 0.000000 0.017399 0.000000 -3.669264  
 23 17 18  0.000000 0.940677 -0.000000 0.024702 0.000000 2.868776 0.000000 -0.940677 0.000000 -0.024702 0.000000 2.865589  
 24 18 15  0.000000 -1.163315 0.000000 -0.017247 -0.000000 -3.565334 0.000000 1.163315 -0.000000 0.017247 -0.000000 -3.526234  
 118 118 128  15.851684 4.535800 -2.676102 0.379955 3.566110 5.917013 -15.851684 -4.535800 2.676102 -0.379955 -2.587299 -4.257999  
 128 128 138  15.851684 4.535800 -2.676102 0.379955 2.587299 4.257999 -15.851684 -4.535800 2.676102 -0.379955 -1.608488 -2.598985  
 138 138 148  15.851684 4.535800 -2.676102 0.379955 1.608488 2.598985 -15.851684 -4.535800 2.676102 -0.379955 -0.629677 -0.939970  
 148 148 158  15.851684 4.535800 -2.676102 0.379955 0.629677 0.939970 -15.851684 -4.535800 2.676102 -0.379955 0.349134 0.719044  
 158 158 168  15.851684 4.535800 -2.676102 0.379955 -0.349134 -0.719044 -15.851684 -4.535800 2.676102 -0.379955 1.327945 2.378058  
 168 168 178  15.851684 4.535800 -2.676102 0.379955 -1.327945 -2.378058 -15.851684 -4.535800 2.676102 -0.379955 2.306756 4.037073  
 178 178 188  15.851684 4.535800 -2.676102 0.379955 -2.306756 -4.037073 -15.851684 -4.535800 2.676102 -0.379955 3.285567 5.696087  
 188 188 198  15.851684 4.535800 -2.676102 0.379955 -3.285567 -5.696087 -15.851684 -4.535800 2.676102 -0.379955 4.264377 7.355101  
 198 198 13  15.851684 4.535800 -2.676102 0.379955 -4.264377 -7.355101 -15.851684 -4.535800 2.676102 -0.379955 5.243188 9.014116  
