 1 1 5  37.628794 0.180431 0.876314 -0.000332 -2.014488 0.529491 -37.628794 -0.180431 -0.876314 0.000332 -1.190719 0.130455  
 2 2 6  36.289822 0.180650 0.876990 -0.000332 -2.016579 0.529967 -36.289822 -0.180650 -0.876990 0.000332 -1.191100 0.130779  
 3 3 7  34.371173 0.180963 0.877421 -0.000332 -2.017542 0.531013 -34.371173 -0.180963 -0.877421 0.000332 -1.191712 0.130879  
 4 4 8  35.710212 0.180811 0.876690 -0.000332 -2.015408 0.530651 -35.710212 -0.180811 -0.876690 0.000332 -1.191173 0.130684  
 5 5 10  24.862499 0.271790 0.362048 -0.000073 -0.393286 0.620400 -24.862499 -0.271790 -0.362048 0.000073 -0.930940 0.373698  
 6 6 11  24.563209 0.271880 0.362026 -0.000073 -0.393155 0.620586 -24.563209 -0.271880 -0.362026 0.000073 -0.930991 0.373840  
 7 7 12  23.137478 0.271883 0.362165 -0.000073 -0.393336 0.620597 -23.137478 -0.271883 -0.362165 0.000073 -0.931318 0.373842  
 8 8 118  23.436815 0.271799 0.362178 -0.000073 -0.393480 0.620388 -23.436815 -0.271799 -0.362178 0.000073 0.261010 -0.520975  
 9 10 15  12.289488 0.491838 -0.129867 0.000008 0.395804 0.837448 -12.289488 -0.491838 0.129867 -0.000008 0.079197 0.961500  
 10 11 16  12.341439 0.491856 -0.129859 0.000008 0.395822 0.837475 -12.341439 -0.491856 0.129859 -0.000008 0.079150 0.961537  
 11 12 17  11.710500 0.491866 -0.129847 0.000008 0.395818 0.837483 -11.710500 -0.491866 0.129847 -0.000008 0.079111 0.961564  
 12 13 18  11.658574 0.491847 -0.129854 0.000008 0.395796 0.837453 -11.658574 -0.491847 0.129854 -0.000008 0.079158 0.961528  
 13 5 6  0.000000 -0.519843 -0.000000 0.000248 0.000000 -1.584322 0.000000 0.519843 0.000000 -0.000248 0.000000 -1.584644  
 14 6 7  0.000000 -0.246456 0.000000 -0.000389 -0.000000 -0.751117 0.000000 0.246456 -0.000000 0.000389 -0.000000 -0.751281  
 15 7 8  0.000000 -0.519848 0.000000 0.000195 -0.000000 -1.584659 0.000000 0.519848 -0.000000 -0.000195 -0.000000 -1.584336  
 16 8 5  0.000000 -0.246452 -0.000000 -0.000317 0.000000 -0.751267 0.000000 0.246452 0.000000 0.000317 0.000000 -0.751102  
 17 10 11  0.000000 -0.175623 -0.000000 0.000076 0.000000 -0.535272 0.000000 0.175623 0.000000 -0.000076 0.000000 -0.535325  
 18 11 12  0.000000 -0.397393 -0.000000 -0.000156 0.000000 -1.211240 0.000000 0.397393 0.000000 0.000156 0.000000 -1.211270  
 19 12 13  0.000000 -0.175629 0.000000 0.000055 -0.000000 -0.535344 0.000000 0.175629 -0.000000 -0.000055 -0.000000 -0.535290  
 20 13 10  0.000000 -0.397387 0.000000 -0.000136 -0.000000 -1.211252 0.000000 0.397387 -0.000000 0.000136 -0.000000 -1.211222  
 21 15 16  0.000000 0.025972 0.000000 0.000009 -0.000000 0.079187 0.000000 -0.025972 -0.000000 -0.000009 -0.000000 0.079140  
 22 16 17  0.000000 -0.315466 -0.000000 -0.000011 0.000000 -0.961528 0.000000 0.315466 0.000000 0.000011 0.000000 -0.961555  
 23 17 18  0.000000 0.025966 -0.000000 0.000009 0.000000 0.079121 0.000000 -0.025966 0.000000 -0.000009 0.000000 0.079168  
 24 18 15  0.000000 -0.315460 0.000000 -0.000011 -0.000000 -0.961537 0.000000 0.315460 -0.000000 0.000011 -0.000000 -0.961509  
 118 118 128  23.436815 0.271799 0.362178 -0.000073 -0.261010 0.520975 -23.436815 -0.271799 -0.362178 0.000073 0.128540 -0.421562  
 128 128 138  23.436815 0.271799 0.362178 -0.000073 -0.128540 0.421562 -23.436815 -0.271799 -0.362178 0.000073 -0.003931 -0.322148  
 138 138 148  23.436815 0.271799 0.362178 -0.000073 0.003931 0.322148 -23.436815 -0.271799 -0.362178 0.000073 -0.136401 -0.222735  
 148 148 158  23.436815 0.271799 0.362178 -0.000073 0.136401 0.222735 -23.436815 -0.271799 -0.362178 0.000073 -0.268871 -0.123322  
 158 158 168  23.436815 0.271799 0.362178 -0.000073 0.268871 0.123322 -23.436815 -0.271799 -0.362178 0.000073 -0.401342 -0.023909  
 168 168 178  23.436815 0.271799 0.362178 -0.000073 0.401342 0.023909 -23.436815 -0.271799 -0.362178 0.000073 -0.533812 0.075505  
 178 178 188  23.436815 0.271799 0.362178 -0.000073 0.533812 -0.075505 -23.436815 -0.271799 -0.362178 0.000073 -0.666282 0.174918  
 188 188 198  23.436815 0.271799 0.362178 -0.000073 0.666282 -0.174918 -23.436815 -0.271799 -0.362178 0.000073 -0.798752 0.274331  
 198 198 13  23.436815 0.271799 0.362178 -0.000073 0.798752 -0.274331 -23.436815 -0.271799 -0.362178 0.000073 -0.931223 0.373744  
