 1 1 5  35.283815 -0.295590 0.060944 0.000040 -0.111869 -0.745522 -35.283815 0.295590 -0.060944 -0.000040 -0.111040 -0.335628  
 2 2 6  35.448777 -0.295539 0.061053 0.000040 -0.112223 -0.745419 -35.448777 0.295539 -0.061053 -0.000040 -0.111085 -0.335546  
 3 3 7  36.716176 -0.295467 0.061084 0.000040 -0.112290 -0.745200 -36.716176 0.295467 -0.061084 -0.000040 -0.111129 -0.335501  
 4 4 8  36.551232 -0.295513 0.060958 0.000040 -0.111916 -0.745300 -36.551232 0.295513 -0.060958 -0.000040 -0.111045 -0.335570  
 5 5 10  23.538635 -0.248842 -0.038391 -0.000002 0.107409 -0.444784 -23.538635 0.248842 0.038391 0.000002 0.033008 -0.465381  
 6 6 11  23.706000 -0.248836 -0.038385 -0.000002 0.107422 -0.444779 -23.706000 0.248836 0.038385 0.000002 0.032975 -0.465362  
 7 7 12  24.461359 -0.248836 -0.038375 -0.000002 0.107404 -0.444798 -24.461359 0.248836 0.038375 0.000002 0.032958 -0.465343  
 8 8 118  24.294006 -0.248843 -0.038384 -0.000002 0.107397 -0.444804 -24.294006 0.248843 0.038384 0.000002 -0.093358 0.353787  
 9 10 15  11.823569 -0.187502 -0.060713 -0.000004 0.105608 -0.264502 -11.823569 0.187502 0.060713 0.000004 0.116456 -0.421304  
 10 11 16  11.899985 -0.187504 -0.060717 -0.000004 0.105628 -0.264508 -11.899985 0.187504 0.060717 0.000004 0.116451 -0.421306  
 11 12 17  12.176428 -0.187506 -0.060717 -0.000004 0.105629 -0.264519 -12.176428 0.187506 0.060717 0.000004 0.116449 -0.421303  
 12 13 18  12.100018 -0.187504 -0.060713 -0.000004 0.105608 -0.264513 -12.100018 0.187504 0.060713 0.000004 0.116455 -0.421301  
 13 5 6  0.000000 -0.001202 0.000000 0.000042 -0.000000 -0.003637 0.000000 0.001202 -0.000000 -0.000042 -0.000000 -0.003692  
 14 6 7  0.000000 0.256021 -0.000000 -0.000029 0.000000 0.780367 0.000000 -0.256021 0.000000 0.000029 0.000000 0.780335  
 15 7 8  0.000000 -0.001204 -0.000000 0.000035 0.000000 -0.003696 0.000000 0.001204 0.000000 -0.000035 0.000000 -0.003641  
 16 8 5  0.000000 0.256022 0.000000 -0.000006 -0.000000 0.780339 0.000000 -0.256022 -0.000000 0.000006 -0.000000 0.780371  
 17 10 11  0.000000 0.045474 0.000000 0.000004 -0.000000 0.138612 0.000000 -0.045474 -0.000000 -0.000004 -0.000000 0.138597  
 18 11 12  0.000000 0.239459 -0.000000 -0.000006 0.000000 0.729874 0.000000 -0.239459 0.000000 0.000006 0.000000 0.729867  
 19 12 13  0.000000 0.045472 -0.000000 0.000005 0.000000 0.138592 0.000000 -0.045472 0.000000 -0.000005 0.000000 0.138607  
 20 13 10  0.000000 0.239460 0.000000 -0.000004 -0.000000 0.729872 0.000000 -0.239460 -0.000000 0.000004 -0.000000 0.729879  
 21 15 16  0.000000 0.038207 -0.000000 -0.000004 0.000000 0.116458 0.000000 -0.038207 0.000000 0.000004 0.000000 0.116452  
 22 16 17  0.000000 0.138222 0.000000 0.000002 -0.000000 0.421302 0.000000 -0.138222 -0.000000 -0.000002 -0.000000 0.421300  
 23 17 18  0.000000 0.038205 0.000000 -0.000003 -0.000000 0.116447 0.000000 -0.038205 -0.000000 0.000003 -0.000000 0.116453  
 24 18 15  0.000000 0.138224 -0.000000 0.000002 0.000000 0.421305 0.000000 -0.138224 0.000000 -0.000002 0.000000 0.421307  
 118 118 128  24.294006 -0.248843 -0.038384 -0.000002 0.093358 -0.353787 -24.294006 0.248843 0.038384 0.000002 -0.079319 0.262770  
 128 128 138  24.294006 -0.248843 -0.038384 -0.000002 0.079319 -0.262770 -24.294006 0.248843 0.038384 0.000002 -0.065280 0.171754  
 138 138 148  24.294006 -0.248843 -0.038384 -0.000002 0.065280 -0.171754 -24.294006 0.248843 0.038384 0.000002 -0.051241 0.080737  
 148 148 158  24.294006 -0.248843 -0.038384 -0.000002 0.051241 -0.080737 -24.294006 0.248843 0.038384 0.000002 -0.037201 -0.010280  
 158 158 168  24.294006 -0.248843 -0.038384 -0.000002 0.037201 0.010280 -24.294006 0.248843 0.038384 0.000002 -0.023162 -0.101296  
 168 168 178  24.294006 -0.248843 -0.038384 -0.000002 0.023162 0.101296 -24.294006 0.248843 0.038384 0.000002 -0.009123 -0.192313  
 178 178 188  24.294006 -0.248843 -0.038384 -0.000002 0.009123 0.192313 -24.294006 0.248843 0.038384 0.000002 0.004916 -0.283330  
 188 188 198  24.294006 -0.248843 -0.038384 -0.000002 -0.004916 0.283330 -24.294006 0.248843 0.038384 0.000002 0.018955 -0.374346  
 198 198 13  24.294006 -0.248843 -0.038384 -0.000002 -0.018955 0.374346 -24.294006 0.248843 0.038384 0.000002 0.032994 -0.465363  
