 1 1 5  36.236384 -0.442531 1.674227 -0.069697 -4.734981 -1.949778 -36.236384 0.442531 -1.674227 0.069697 -1.388673 0.331176  
 2 2 6  25.125026 -0.409659 1.635331 -0.069697 -4.530315 -1.826931 -25.125026 0.409659 -1.635331 0.069697 -1.451071 0.328561  
 3 3 7  35.734590 -0.400128 1.732814 -0.069697 -4.822853 -1.888704 -35.734590 0.400128 -1.732814 0.069697 -1.515087 0.425197  
 4 4 8  46.904000 -0.415151 1.716114 -0.069697 -4.865865 -1.952191 -46.904000 0.415151 -1.716114 0.069697 -1.410992 0.433734  
 5 5 10  23.540664 -2.573340 2.929684 -0.093595 -5.390644 -5.242443 -23.540664 2.573340 -2.929684 0.093595 -5.324968 -4.169807  
 6 6 11  16.928396 -2.376849 2.778782 -0.093595 -5.116816 -4.858712 -16.928396 2.376849 -2.778782 0.093595 -5.046858 -3.834852  
 7 7 12  24.432737 -2.487087 3.054887 -0.093595 -5.601189 -5.118636 -24.432737 2.487087 -3.054887 0.093595 -5.572367 -3.978133  
 8 8 118  31.098203 -2.565033 3.050850 -0.093595 -5.566776 -5.243112 -31.098203 2.565033 -3.050850 0.093595 4.450897 4.304925  
 9 10 15  11.616146 -2.077053 1.247270 0.037614 -1.572795 -3.307550 -11.616146 2.077053 -1.247270 -0.037614 -2.989219 -4.289478  
 10 11 16  9.615451 -1.969864 1.265053 0.037614 -1.666267 -3.126024 -9.615451 1.969864 -1.265053 -0.037614 -2.960789 -4.078952  
 11 12 17  12.369479 -2.001367 1.343037 0.037614 -1.751319 -3.157134 -12.369479 2.001367 -1.343037 -0.037614 -3.160972 -4.163068  
 12 13 18  14.398924 -2.095599 1.321348 0.037614 -1.660079 -3.320175 -14.398924 2.095599 -1.321348 -0.037614 -3.172885 -4.344686  
 13 5 6  0.000000 -2.250152 0.000000 0.188709 -0.000000 -6.876694 0.000000 2.250152 -0.000000 -0.188709 -0.000000 -6.840232  
 14 6 7  0.000000 1.553219 0.000000 -0.272346 -0.000000 4.718861 0.000000 -1.553219 -0.000000 0.272346 -0.000000 4.749560  
 15 7 8  0.000000 -2.251365 -0.000000 0.056121 0.000000 -6.843930 0.000000 2.251365 0.000000 -0.056121 0.000000 -6.880392  
 16 8 5  0.000000 1.554432 -0.000000 -0.097377 0.000000 4.753257 0.000000 -1.554432 0.000000 0.097377 0.000000 4.722558  
 17 10 11  0.000000 -2.308843 0.000000 0.248926 -0.000000 -7.065614 0.000000 2.308843 -0.000000 -0.248926 -0.000000 -7.009091  
 18 11 12  0.000000 2.378213 -0.000000 -0.295965 0.000000 7.209801 0.000000 -2.378213 0.000000 0.295965 0.000000 7.287782  
 19 12 13  0.000000 -2.314955 -0.000000 0.152515 0.000000 -7.027720 0.000000 2.314955 0.000000 -0.152515 0.000000 -7.084243  
 20 13 10  0.000000 2.384325 0.000000 -0.167850 -0.000000 7.306412 0.000000 -2.384325 -0.000000 0.167850 -0.000000 7.228431  
 21 15 16  0.000000 -1.003941 -0.000000 0.094309 0.000000 -3.070098 0.000000 1.003941 0.000000 -0.094309 0.000000 -3.049927  
 22 16 17  0.000000 1.380608 -0.000000 -0.089137 0.000000 4.173261 0.000000 -1.380608 0.000000 0.089137 0.000000 4.242923  
 23 17 18  0.000000 -1.011129 0.000000 0.079855 -0.000000 -3.071835 0.000000 1.011129 -0.000000 -0.079855 -0.000000 -3.092006  
 24 18 15  0.000000 1.387795 0.000000 -0.080879 -0.000000 4.264831 0.000000 -1.387795 -0.000000 0.080879 -0.000000 4.195169  
 118 118 128  31.098203 -2.565033 3.050850 -0.093595 -4.450897 -4.304925 -31.098203 2.565033 -3.050850 0.093595 3.335018 3.366739  
 128 128 138  31.098203 -2.565033 3.050850 -0.093595 -3.335018 -3.366739 -31.098203 2.565033 -3.050850 0.093595 2.219139 2.428553  
 138 138 148  31.098203 -2.565033 3.050850 -0.093595 -2.219139 -2.428553 -31.098203 2.565033 -3.050850 0.093595 1.103260 1.490366  
 148 148 158  31.098203 -2.565033 3.050850 -0.093595 -1.103260 -1.490366 -31.098203 2.565033 -3.050850 0.093595 -0.012619 0.552180  
 158 158 168  31.098203 -2.565033 3.050850 -0.093595 0.012619 -0.552180 -31.098203 2.565033 -3.050850 0.093595 -1.128498 -0.386006  
 168 168 178  31.098203 -2.565033 3.050850 -0.093595 1.128498 0.386006 -31.098203 2.565033 -3.050850 0.093595 -2.244377 -1.324193  
 178 178 188  31.098203 -2.565033 3.050850 -0.093595 2.244377 1.324193 -31.098203 2.565033 -3.050850 0.093595 -3.360256 -2.262379  
 188 188 198  31.098203 -2.565033 3.050850 -0.093595 3.360256 2.262379 -31.098203 2.565033 -3.050850 0.093595 -4.476135 -3.200565  
 198 198 13  31.098203 -2.565033 3.050850 -0.093595 4.476135 3.200565 -31.098203 2.565033 -3.050850 0.093595 -5.592014 -4.138752  
