 1 1 5  27.289117 -1.027665 -2.737334 -0.110254 7.092878 -1.858893 -27.289117 1.027665 2.737334 0.110254 2.919194 -1.899896  
 2 2 6  43.444546 -1.158619 -2.785558 -0.110254 7.604607 -2.128083 -43.444546 1.158619 2.785558 0.110254 2.583851 -2.109681  
 3 3 7  44.695858 -1.126476 -2.835138 -0.110254 7.718590 -2.043063 -44.695858 1.126476 2.835138 0.110254 2.651212 -2.077135  
 4 4 8  28.570478 -1.002723 -2.797766 -0.110254 7.236886 -1.788469 -28.570478 1.002723 2.797766 0.110254 2.996224 -1.879090  
 5 5 10  18.724790 0.916897 -4.062365 0.006140 7.412747 1.683086 -18.724790 -0.916897 4.062365 -0.006140 7.445758 1.670555  
 6 6 11  28.162111 1.007750 -4.214589 0.006140 7.690464 1.850513 -28.162111 -1.007750 4.214589 -0.006140 7.724816 1.835433  
 7 7 12  29.258526 1.026814 -4.266307 0.006140 7.784521 1.870641 -29.258526 -1.026814 4.266307 -0.006140 7.819925 1.885034  
 8 8 118  19.854573 0.893798 -3.794832 0.006140 6.925491 1.627428 -19.854573 -0.893798 3.794832 -0.006140 -5.537493 -1.300513  
 9 10 15  10.064165 -0.893690 -1.895547 -0.074133 2.576767 -1.872137 -10.064165 0.893690 1.895547 0.074133 4.356385 -1.396624  
 10 11 16  12.982125 -0.988536 -1.816460 -0.074133 2.236419 -2.108163 -12.982125 0.988536 1.816460 0.074133 4.407465 -1.507508  
 11 12 17  13.928205 -0.994074 -1.856653 -0.074133 2.287112 -2.127209 -13.928205 0.994074 1.856653 0.074133 4.503781 -1.508717  
 12 13 18  11.025505 -0.901642 -1.945343 -0.074133 2.641547 -1.896879 -11.025505 0.901642 1.945343 0.074133 4.473741 -1.400967  
 13 5 6  0.000000 3.359469 -0.000000 -0.019914 0.000000 10.125563 0.000000 -3.359469 0.000000 0.019914 0.000000 10.353759  
 14 6 7  0.000000 0.077034 0.000000 0.079444 -0.000000 0.239254 0.000000 -0.077034 -0.000000 -0.079444 -0.000000 0.230343  
 15 7 8  0.000000 3.360299 0.000000 0.023848 -0.000000 10.356289 0.000000 -3.360299 -0.000000 -0.023848 -0.000000 10.128093  
 16 8 5  0.000000 0.076204 -0.000000 -0.206378 0.000000 0.227813 0.000000 -0.076204 0.000000 0.206378 0.000000 0.236724  
 17 10 11  0.000000 3.257417 0.000000 -0.042473 -0.000000 9.816178 0.000000 -3.257417 -0.000000 0.042473 -0.000000 10.041035  
 18 11 12  0.000000 0.077431 -0.000000 0.079800 0.000000 0.230256 0.000000 -0.077431 0.000000 -0.079800 0.000000 0.241764  
 19 12 13  0.000000 3.252890 -0.000000 -0.000411 0.000000 10.027237 0.000000 -3.252890 0.000000 0.000411 0.000000 9.802380  
 20 13 10  0.000000 0.081958 0.000000 -0.206347 -0.000000 0.255562 0.000000 -0.081958 -0.000000 0.206347 -0.000000 0.244055  
 21 15 16  0.000000 1.457073 0.000000 -0.061256 -0.000000 4.420877 0.000000 -1.457073 -0.000000 0.061256 -0.000000 4.461437  
 22 16 17  0.000000 0.474948 -0.000000 0.053972 0.000000 1.446252 0.000000 -0.474948 0.000000 -0.053972 0.000000 1.449028  
 23 17 18  0.000000 1.453258 -0.000000 -0.059689 0.000000 4.449809 0.000000 -1.453258 0.000000 0.059689 0.000000 4.409249  
 24 18 15  0.000000 0.478763 0.000000 0.064492 -0.000000 1.460656 0.000000 -0.478763 -0.000000 -0.064492 -0.000000 1.457880  
 118 118 128  19.854573 0.893798 -3.794832 0.006140 5.537493 1.300513 -19.854573 -0.893798 3.794832 -0.006140 -4.149496 -0.973597  
 128 128 138  19.854573 0.893798 -3.794832 0.006140 4.149496 0.973597 -19.854573 -0.893798 3.794832 -0.006140 -2.761498 -0.646682  
 138 138 148  19.854573 0.893798 -3.794832 0.006140 2.761498 0.646682 -19.854573 -0.893798 3.794832 -0.006140 -1.373500 -0.319766  
 148 148 158  19.854573 0.893798 -3.794832 0.006140 1.373500 0.319766 -19.854573 -0.893798 3.794832 -0.006140 0.014498 0.007150  
 158 158 168  19.854573 0.893798 -3.794832 0.006140 -0.014498 -0.007150 -19.854573 -0.893798 3.794832 -0.006140 1.402495 0.334065  
 168 168 178  19.854573 0.893798 -3.794832 0.006140 -1.402495 -0.334065 -19.854573 -0.893798 3.794832 -0.006140 2.790493 0.660981  
 178 178 188  19.854573 0.893798 -3.794832 0.006140 -2.790493 -0.660981 -19.854573 -0.893798 3.794832 -0.006140 4.178491 0.987896  
 188 188 198  19.854573 0.893798 -3.794832 0.006140 -4.178491 -0.987896 -19.854573 -0.893798 3.794832 -0.006140 5.566489 1.314812  
 198 198 13  19.854573 0.893798 -3.794832 0.006140 -5.566489 -1.314812 -19.854573 -0.893798 3.794832 -0.006140 6.954486 1.641727  
