 1 1 5  43.549429 -3.053114 2.574143 0.435715 -7.246477 -6.510808 -43.549429 3.053114 -2.574143 -0.435715 -2.168707 -4.656261  
 2 2 6  26.656767 -2.744747 2.461942 0.435715 -6.689410 -5.803510 -26.656767 2.744747 -2.461942 -0.435715 -2.315390 -4.235676  
 3 3 7  28.429770 -2.757950 2.483279 0.435715 -6.758689 -5.820180 -28.429770 2.757950 -2.483279 -0.435715 -2.324154 -4.267297  
 4 4 8  45.364034 -3.049865 2.581278 0.435715 -7.271018 -6.495749 -45.364034 3.049865 -2.581278 -0.435715 -2.170264 -4.659437  
 5 5 10  29.548133 -0.944340 5.225601 0.489280 -9.489782 -0.651793 -29.548133 0.944340 -5.225601 -0.489280 -9.623375 -2.802225  
 6 6 11  20.004254 -0.876207 4.890744 0.489280 -8.899539 -0.660144 -20.004254 0.876207 -4.890744 -0.489280 -8.988847 -2.544671  
 7 7 12  18.432776 -0.859351 4.788818 0.489280 -8.713445 -0.675274 -18.432776 0.859351 -4.788818 -0.489280 -8.802134 -2.467888  
 8 8 118  28.014837 -0.890014 4.784223 0.489280 -8.727323 -0.592501 -28.014837 0.890014 -4.784223 -0.489280 6.977446 0.266969  
 9 10 15  13.988580 1.429335 1.513364 -0.082496 -1.468274 3.055832 -13.988580 -1.429335 -1.513364 0.082496 -4.067008 2.172104  
 10 11 16  11.389752 1.330048 1.556559 -0.082496 -1.673644 2.817467 -11.389752 -1.330048 -1.556559 0.082496 -4.019625 2.047316  
 11 12 17  10.002670 1.294339 1.505708 -0.082496 -1.636541 2.707056 -10.002670 -1.294339 -1.505708 0.082496 -3.870738 2.027118  
 12 13 18  12.618998 1.398201 1.469332 -0.082496 -1.435807 2.958285 -12.618998 -1.398201 -1.469332 0.082496 -3.938422 2.155774  
 13 5 6  0.000000 -3.674819 0.000000 0.204814 -0.000000 -11.276735 0.000000 3.674819 -0.000000 -0.204814 -0.000000 -11.124961  
 14 6 7  0.000000 1.672668 0.000000 0.089968 -0.000000 5.100634 0.000000 -1.672668 -0.000000 -0.089968 -0.000000 5.095952  
 15 7 8  0.000000 -3.675674 -0.000000 0.153381 0.000000 -11.127567 0.000000 3.675674 0.000000 -0.153381 0.000000 -11.279341  
 16 8 5  0.000000 1.673523 -0.000000 0.381753 0.000000 5.098557 0.000000 -1.673523 0.000000 -0.381753 0.000000 5.103240  
 17 10 11  0.000000 -3.475111 0.000000 0.001715 -0.000000 -10.641574 0.000000 3.475111 -0.000000 -0.001715 -0.000000 -10.542703  
 18 11 12  0.000000 -0.089613 -0.000000 0.119788 0.000000 -0.271081 0.000000 0.089613 0.000000 -0.119788 0.000000 -0.275199  
 19 12 13  0.000000 -3.480282 -0.000000 -0.036032 0.000000 -10.558463 0.000000 3.480282 0.000000 0.036032 0.000000 -10.657333  
 20 13 10  0.000000 -0.084442 0.000000 0.450076 -0.000000 -0.259440 0.000000 0.084442 -0.000000 -0.450076 -0.000000 -0.255322  
 21 15 16  0.000000 -1.301601 -0.000000 -0.069061 0.000000 -3.996048 0.000000 1.301601 0.000000 0.069061 0.000000 -3.938514  
 22 16 17  0.000000 -0.691354 0.000000 0.081111 -0.000000 -2.116377 0.000000 0.691354 -0.000000 -0.081111 -0.000000 -2.098114  
 23 17 18  0.000000 -1.305976 0.000000 -0.070996 -0.000000 -3.951849 0.000000 1.305976 -0.000000 0.070996 -0.000000 -4.009383  
 24 18 15  0.000000 -0.686979 -0.000000 0.070960 0.000000 -2.084779 0.000000 0.686979 0.000000 -0.070960 0.000000 -2.103042  
 118 118 128  28.014837 -0.890014 4.784223 0.489280 -6.977446 -0.266969 -28.014837 0.890014 -4.784223 -0.489280 5.227568 -0.058562  
 128 128 138  28.014837 -0.890014 4.784223 0.489280 -5.227568 0.058562 -28.014837 0.890014 -4.784223 -0.489280 3.477691 -0.384094  
 138 138 148  28.014837 -0.890014 4.784223 0.489280 -3.477691 0.384094 -28.014837 0.890014 -4.784223 -0.489280 1.727814 -0.709625  
 148 148 158  28.014837 -0.890014 4.784223 0.489280 -1.727814 0.709625 -28.014837 0.890014 -4.784223 -0.489280 -0.022064 -1.035156  
 158 158 168  28.014837 -0.890014 4.784223 0.489280 0.022064 1.035156 -28.014837 0.890014 -4.784223 -0.489280 -1.771941 -1.360688  
 168 168 178  28.014837 -0.890014 4.784223 0.489280 1.771941 1.360688 -28.014837 0.890014 -4.784223 -0.489280 -3.521819 -1.686219  
 178 178 188  28.014837 -0.890014 4.784223 0.489280 3.521819 1.686219 -28.014837 0.890014 -4.784223 -0.489280 -5.271696 -2.011751  
 188 188 198  28.014837 -0.890014 4.784223 0.489280 5.271696 2.011751 -28.014837 0.890014 -4.784223 -0.489280 -7.021573 -2.337282  
 198 198 13  28.014837 -0.890014 4.784223 0.489280 7.021573 2.337282 -28.014837 0.890014 -4.784223 -0.489280 -8.771451 -2.662814  
