 1 1 5  30.062752 3.249066 -7.887549 -0.724508 17.616830 7.777703 -30.062752 -3.249066 7.887549 0.724508 11.232669 4.106080  
 2 2 6  59.984621 3.785923 -8.781580 -0.724508 20.309852 9.024088 -59.984621 -3.785923 8.781580 0.724508 11.809656 4.823306  
 3 3 7  41.601562 3.673106 -7.906285 -0.724508 18.389665 8.560308 -41.601562 -3.673106 7.906285 0.724508 10.528361 4.874445  
 4 4 8  12.351064 3.041399 -6.643480 -0.724508 14.953634 7.081869 -12.351064 -3.041399 6.643480 0.724508 9.345556 4.042351  
 5 5 10  21.467511 3.468370 -6.744288 -0.546992 11.859756 6.315071 -21.467511 -3.468370 6.744288 0.546992 12.808152 6.370838  
 6 6 11  37.294471 3.916558 -6.620755 -0.546992 11.133026 7.172965 -37.294471 -3.916558 6.620755 0.546992 13.083046 7.152237  
 7 7 12  26.274898 3.970172 -6.070029 -0.546992 10.224324 7.264745 -26.274898 -3.970172 6.070029 0.546992 11.977412 7.256555  
 8 8 118  10.963120 3.168183 -5.326999 -0.546992 9.313150 5.812785 -10.963120 -3.168183 5.326999 0.546992 -7.364746 -4.653990  
 9 10 15  11.422432 2.561093 -3.377189 0.006282 4.936176 3.905899 -11.422432 -2.561093 3.377189 -0.006282 7.416229 5.461553  
 10 11 16  16.283106 2.774949 -3.237999 0.006282 4.349840 4.255780 -16.283106 -2.774949 3.237999 -0.006282 7.493466 5.893875  
 11 12 17  12.445990 2.775199 -3.044485 0.006282 4.123310 4.314964 -12.445990 -2.775199 3.044485 -0.006282 7.012199 5.835602  
 12 13 18  7.848472 2.565228 -3.155119 0.006282 4.633485 3.984645 -7.848472 -2.565228 3.155119 -0.006282 6.906677 5.397931  
 13 5 6  0.000000 7.027931 -0.000000 0.728052 0.000000 20.935074 0.000000 -7.027931 0.000000 -0.728052 0.000000 21.907192  
 14 6 7  0.000000 -3.662219 -0.000000 -1.035491 0.000000 -11.268219 0.000000 3.662219 0.000000 1.035491 0.000000 -11.056671  
 15 7 8  0.000000 6.988883 0.000000 1.082519 -0.000000 21.788176 0.000000 -6.988883 -0.000000 -1.082519 -0.000000 20.816057  
 16 8 5  0.000000 -3.623172 0.000000 -2.157352 -0.000000 -10.937655 0.000000 3.623172 -0.000000 2.157352 -0.000000 -11.149203  
 17 10 11  0.000000 5.451640 -0.000000 0.469618 0.000000 16.370371 0.000000 -5.451640 0.000000 -0.469618 0.000000 16.862826  
 18 11 12  0.000000 -3.559725 0.000000 -0.570060 -0.000000 -10.938398 0.000000 3.559725 -0.000000 0.570060 -0.000000 -10.761685  
 19 12 13  0.000000 5.388633 0.000000 0.809834 -0.000000 16.670782 0.000000 -5.388633 -0.000000 -0.809834 -0.000000 16.178326  
 20 13 10  0.000000 -3.496718 -0.000000 -1.373958 0.000000 -10.569641 0.000000 3.496718 0.000000 1.373958 0.000000 -10.746354  
 21 15 16  0.000000 2.397443 0.000000 0.115898 -0.000000 7.261716 0.000000 -2.397443 -0.000000 -0.115898 -0.000000 7.353095  
 22 16 17  0.000000 -1.885664 0.000000 -0.140371 -0.000000 -5.777976 0.000000 1.885664 -0.000000 0.140371 -0.000000 -5.717029  
 23 17 18  0.000000 2.331654 -0.000000 0.118573 0.000000 7.152570 0.000000 -2.331654 0.000000 -0.118573 0.000000 7.061191  
 24 18 15  0.000000 -1.819875 -0.000000 -0.154514 0.000000 -5.516504 0.000000 1.819875 0.000000 0.154514 0.000000 -5.577451  
 118 118 128  10.963120 3.168183 -5.326999 -0.546992 7.364746 4.653990 -10.963120 -3.168183 5.326999 0.546992 -5.416343 -3.495195  
 128 128 138  10.963120 3.168183 -5.326999 -0.546992 5.416343 3.495195 -10.963120 -3.168183 5.326999 0.546992 -3.467940 -2.336401  
 138 138 148  10.963120 3.168183 -5.326999 -0.546992 3.467940 2.336401 -10.963120 -3.168183 5.326999 0.546992 -1.519537 -1.177606  
 148 148 158  10.963120 3.168183 -5.326999 -0.546992 1.519537 1.177606 -10.963120 -3.168183 5.326999 0.546992 0.428867 -0.018811  
 158 158 168  10.963120 3.168183 -5.326999 -0.546992 -0.428867 0.018811 -10.963120 -3.168183 5.326999 0.546992 2.377270 1.139984  
 168 168 178  10.963120 3.168183 -5.326999 -0.546992 -2.377270 -1.139984 -10.963120 -3.168183 5.326999 0.546992 4.325673 2.298778  
 178 178 188  10.963120 3.168183 -5.326999 -0.546992 -4.325673 -2.298778 -10.963120 -3.168183 5.326999 0.546992 6.274077 3.457573  
 188 188 198  10.963120 3.168183 -5.326999 -0.546992 -6.274077 -3.457573 -10.963120 -3.168183 5.326999 0.546992 8.222480 4.616368  
 198 198 13  10.963120 3.168183 -5.326999 -0.546992 -8.222480 -4.616368 -10.963120 -3.168183 5.326999 0.546992 10.170883 5.775163  
