 1 1 5  40.736227 -2.689694 4.677260 0.161127 -10.876008 -5.850428 -40.736227 2.689694 -4.677260 -0.161127 -6.231538 -3.987396  
 2 2 6  26.148522 -2.386626 4.315781 0.161127 -9.869328 -5.246508 -26.148522 2.386626 -4.315781 -0.161127 -5.916072 -3.482815  
 3 3 7  31.227442 -2.466869 4.535329 0.161127 -10.351545 -5.434825 -31.227442 2.466869 -4.535329 -0.161127 -6.236875 -3.587995  
 4 4 8  45.887809 -2.738100 4.820556 0.161127 -11.197453 -5.978302 -45.887809 2.738100 -4.820556 -0.161127 -6.434213 -4.036571  
 5 5 10  26.761779 -1.182326 3.150261 0.143819 -5.072801 -1.561844 -26.761779 1.182326 -3.150261 -0.143819 -6.449592 -2.762631  
 6 6 11  19.548975 -1.075909 3.050817 0.143819 -5.006345 -1.385044 -19.548975 1.075909 -3.050817 -0.143819 -6.152325 -2.550199  
 7 7 12  21.209811 -1.079197 3.124033 0.143819 -5.140076 -1.364745 -21.209811 1.079197 -3.124033 -0.143819 -6.286387 -2.582525  
 8 8 118  28.479435 -1.138124 3.053650 0.143819 -4.967761 -1.478517 -28.479435 1.138124 -3.053650 -0.143819 3.850858 1.062237  
 9 10 15  12.948295 0.022004 1.294898 -0.010864 -1.442500 0.458783 -12.948295 -0.022004 -1.294898 0.010864 -3.293718 -0.378303  
 10 11 16  10.808800 0.021662 1.302751 -0.010864 -1.512391 0.437918 -10.808800 -0.021662 -1.302751 0.010864 -3.252551 -0.358688  
 11 12 17  11.037589 0.016670 1.309847 -0.010864 -1.519875 0.423014 -11.037589 -0.016670 -1.309847 0.010864 -3.271019 -0.362042  
 12 13 18  13.205315 0.016763 1.301623 -0.010864 -1.449691 0.443026 -13.205315 -0.016763 -1.301623 0.010864 -3.311125 -0.381712  
 13 5 6  0.000000 -3.689431 -0.000000 0.334655 0.000000 -11.347121 0.000000 3.689431 0.000000 -0.334655 0.000000 -11.143649  
 14 6 7  0.000000 1.711022 -0.000000 -0.221231 0.000000 5.202514 0.000000 -1.711022 0.000000 0.221231 0.000000 5.227878  
 15 7 8  0.000000 -3.693391 0.000000 0.275138 -0.000000 -11.155720 0.000000 3.693391 -0.000000 -0.275138 -0.000000 -11.359192  
 16 8 5  0.000000 1.714983 0.000000 -0.042781 -0.000000 5.239950 0.000000 -1.714983 -0.000000 0.042781 -0.000000 5.214585  
 17 10 11  0.000000 -2.540228 -0.000000 0.084892 0.000000 -7.760634 0.000000 2.540228 0.000000 -0.084892 0.000000 -7.724597  
 18 11 12  0.000000 0.719597 0.000000 -0.059881 -0.000000 2.197173 0.000000 -0.719597 -0.000000 0.059881 -0.000000 2.189493  
 19 12 13  0.000000 -2.547375 0.000000 0.029982 -0.000000 -7.746381 0.000000 2.547375 -0.000000 -0.029982 -0.000000 -7.782418  
 20 13 10  0.000000 0.726744 -0.000000 0.131458 0.000000 2.211277 0.000000 -0.726744 0.000000 -0.131458 0.000000 2.218956  
 21 15 16  0.000000 -1.073277 -0.000000 -0.000949 0.000000 -3.291665 0.000000 1.073277 0.000000 0.000949 0.000000 -3.251029  
 22 16 17  0.000000 0.117923 -0.000000 0.001522 0.000000 0.357739 0.000000 -0.117923 0.000000 -0.001522 0.000000 0.361120  
 23 17 18  0.000000 -1.080334 0.000000 -0.000921 -0.000000 -3.272541 0.000000 1.080334 -0.000000 0.000921 -0.000000 -3.313177  
 24 18 15  0.000000 0.124981 0.000000 0.002053 -0.000000 0.382633 0.000000 -0.124981 -0.000000 -0.002053 -0.000000 0.379252  
 118 118 128  28.479435 -1.138124 3.053650 0.143819 -3.850858 -1.062237 -28.479435 1.138124 -3.053650 -0.143819 2.733955 0.645957  
 128 128 138  28.479435 -1.138124 3.053650 0.143819 -2.733955 -0.645957 -28.479435 1.138124 -3.053650 -0.143819 1.617052 0.229676  
 138 138 148  28.479435 -1.138124 3.053650 0.143819 -1.617052 -0.229676 -28.479435 1.138124 -3.053650 -0.143819 0.500150 -0.186604  
 148 148 158  28.479435 -1.138124 3.053650 0.143819 -0.500150 0.186604 -28.479435 1.138124 -3.053650 -0.143819 -0.616753 -0.602884  
 158 158 168  28.479435 -1.138124 3.053650 0.143819 0.616753 0.602884 -28.479435 1.138124 -3.053650 -0.143819 -1.733656 -1.019164  
 168 168 178  28.479435 -1.138124 3.053650 0.143819 1.733656 1.019164 -28.479435 1.138124 -3.053650 -0.143819 -2.850559 -1.435444  
 178 178 188  28.479435 -1.138124 3.053650 0.143819 2.850559 1.435444 -28.479435 1.138124 -3.053650 -0.143819 -3.967462 -1.851725  
 188 188 198  28.479435 -1.138124 3.053650 0.143819 3.967462 1.851725 -28.479435 1.138124 -3.053650 -0.143819 -5.084365 -2.268005  
 198 198 13  28.479435 -1.138124 3.053650 0.143819 5.084365 2.268005 -28.479435 1.138124 -3.053650 -0.143819 -6.201268 -2.684285  
