 1 1 5  31.701603 0.905313 1.085364 0.009907 -0.917558 2.228478 -31.701603 -0.905313 -1.085364 -0.009907 -3.052270 1.082796  
 2 2 6  42.447953 0.866242 1.325656 0.009907 -1.289742 2.135417 -42.447953 -0.866242 -1.325656 -0.009907 -3.558978 1.032951  
 3 3 7  40.279348 0.916624 1.284581 0.009907 -1.195676 2.267050 -40.279348 -0.916624 -1.284581 -0.009907 -3.502807 1.085595  
 4 4 8  29.571097 0.946127 1.044867 0.009907 -0.829555 2.339515 -29.571097 -0.946127 -1.044867 -0.009907 -2.992150 1.121040  
 5 5 10  20.325930 0.711446 -3.610444 -0.122334 7.410094 1.080357 -20.325930 -0.711446 3.610444 0.122334 5.795466 1.521826  
 6 6 11  28.383692 0.784618 -3.754383 -0.122334 7.721023 1.185025 -28.383692 -0.784618 3.754383 0.122334 6.011008 1.684792  
 7 7 12  27.654587 0.780409 -3.727177 -0.122334 7.668167 1.171526 -27.654587 -0.780409 3.727177 0.122334 5.964354 1.682900  
 8 8 118  19.635791 0.692774 -3.316301 -0.122334 6.699195 1.018540 -19.635791 -0.692774 3.316301 0.122334 -5.486225 -0.765151  
 9 10 15  10.672366 -0.131762 -1.785792 -0.031229 2.542886 -0.462821 -10.672366 0.131762 1.785792 0.031229 3.988828 -0.019111  
 10 11 16  13.313053 -0.153824 -1.739611 -0.031229 2.335339 -0.535573 -13.313053 0.153824 1.739611 0.031229 4.027461 -0.027053  
 11 12 17  13.318009 -0.152371 -1.740729 -0.031229 2.337164 -0.531906 -13.318009 0.152371 1.740729 0.031229 4.029727 -0.025407  
 12 13 18  10.696573 -0.130451 -1.787677 -0.031229 2.545671 -0.459820 -10.696573 0.130451 1.787677 0.031229 3.992937 -0.017317  
 13 5 6  0.000000 1.344402 -0.000000 0.027741 0.000000 4.032105 0.000000 -1.344402 0.000000 -0.027741 0.000000 4.163372  
 14 6 7  0.000000 -0.719858 0.000000 0.001328 -0.000000 -2.190235 0.000000 0.719858 -0.000000 -0.001328 -0.000000 -2.198021  
 15 7 8  0.000000 1.344619 0.000000 0.059101 -0.000000 4.164032 0.000000 -1.344619 -0.000000 -0.059101 -0.000000 4.032765  
 16 8 5  0.000000 -0.720075 -0.000000 -0.325720 0.000000 -2.198681 0.000000 0.720075 0.000000 0.325720 0.000000 -2.190895  
 17 10 11  0.000000 2.706073 -0.000000 0.037596 0.000000 8.164777 0.000000 -2.706073 0.000000 -0.037596 0.000000 8.331443  
 18 11 12  0.000000 -0.364566 0.000000 -0.014904 -0.000000 -1.111623 0.000000 0.364566 -0.000000 0.014904 -0.000000 -1.110773  
 19 12 13  0.000000 2.701144 0.000000 0.040221 -0.000000 8.316421 0.000000 -2.701144 -0.000000 -0.040221 -0.000000 8.149755  
 20 13 10  0.000000 -0.359638 -0.000000 -0.173575 0.000000 -1.095751 0.000000 0.359638 0.000000 0.173575 0.000000 -1.096601  
 21 15 16  0.000000 1.317937 -0.000000 -0.011306 0.000000 3.998217 0.000000 -1.317937 0.000000 0.011306 0.000000 4.035929  
 22 16 17  0.000000 0.004884 -0.000000 0.008468 0.000000 0.015747 0.000000 -0.004884 0.000000 -0.008468 0.000000 0.014027  
 23 17 18  0.000000 1.313124 0.000000 -0.011380 -0.000000 4.021259 0.000000 -1.313124 -0.000000 0.011380 -0.000000 3.983547  
 24 18 15  0.000000 0.009697 0.000000 0.009389 -0.000000 0.028697 0.000000 -0.009697 -0.000000 -0.009389 -0.000000 0.030417  
 118 118 128  19.635791 0.692774 -3.316301 -0.122334 5.486225 0.765151 -19.635791 -0.692774 3.316301 0.122334 -4.273254 -0.511762  
 128 128 138  19.635791 0.692774 -3.316301 -0.122334 4.273254 0.511762 -19.635791 -0.692774 3.316301 0.122334 -3.060284 -0.258373  
 138 138 148  19.635791 0.692774 -3.316301 -0.122334 3.060284 0.258373 -19.635791 -0.692774 3.316301 0.122334 -1.847313 -0.004984  
 148 148 158  19.635791 0.692774 -3.316301 -0.122334 1.847313 0.004984 -19.635791 -0.692774 3.316301 0.122334 -0.634343 0.248405  
 158 158 168  19.635791 0.692774 -3.316301 -0.122334 0.634343 -0.248405 -19.635791 -0.692774 3.316301 0.122334 0.578627 0.501794  
 168 168 178  19.635791 0.692774 -3.316301 -0.122334 -0.578627 -0.501794 -19.635791 -0.692774 3.316301 0.122334 1.791598 0.755182  
 178 178 188  19.635791 0.692774 -3.316301 -0.122334 -1.791598 -0.755182 -19.635791 -0.692774 3.316301 0.122334 3.004568 1.008571  
 188 188 198  19.635791 0.692774 -3.316301 -0.122334 -3.004568 -1.008571 -19.635791 -0.692774 3.316301 0.122334 4.217538 1.261960  
 198 198 13  19.635791 0.692774 -3.316301 -0.122334 -4.217538 -1.261960 -19.635791 -0.692774 3.316301 0.122334 5.430509 1.515349  
