 1 1 5  39.731902 -2.120523 3.021552 -0.012398 -8.241896 -5.223382 -39.731902 2.120523 -3.021552 0.012398 -2.809734 -2.532644  
 2 2 6  18.455367 -1.799402 2.743714 -0.012398 -7.102117 -4.413762 -18.455367 1.799402 -2.743714 0.012398 -2.933293 -2.167730  
 3 3 7  32.110923 -1.927843 3.118756 -0.012398 -8.113953 -4.841043 -32.110923 1.927843 -3.118756 0.012398 -3.293209 -2.210234  
 4 4 8  53.701808 -2.166047 3.222097 -0.012398 -8.788916 -5.463321 -53.701808 2.166047 -3.222097 0.012398 -2.996226 -2.459213  
 5 5 10  25.969232 -2.467369 5.023173 -0.192800 -9.485663 -4.870520 -25.969232 2.467369 -5.023173 0.192800 -8.887095 -4.154127  
 6 6 11  12.761702 -2.176429 4.537810 -0.192800 -8.511877 -4.216480 -12.761702 2.176429 -4.537810 0.192800 -8.085616 -3.744027  
 7 7 12  21.890498 -2.263039 5.135349 -0.192800 -9.683671 -4.493461 -21.890498 2.263039 -5.135349 0.192800 -9.099380 -3.783831  
 8 8 118  35.378568 -2.410055 5.116600 -0.192800 -9.578036 -4.747898 -35.378568 2.410055 -5.116600 0.192800 7.706588 3.866396  
 9 10 15  12.354920 -2.870286 3.056689 0.022033 -4.595037 -4.787091 -12.354920 2.870286 -3.056689 -0.022033 -6.585108 -5.711267  
 10 11 16  8.007240 -2.650129 3.054418 0.022033 -4.746808 -4.407235 -8.007240 2.650129 -3.054418 -0.022033 -6.425032 -5.285876  
 11 12 17  11.570651 -2.707709 3.268514 0.022033 -5.046025 -4.509249 -11.570651 2.707709 -3.268514 -0.022033 -6.908893 -5.394467  
 12 13 18  16.067190 -2.914462 3.240582 0.022033 -4.814606 -4.875271 -16.067190 2.914462 -3.240582 -0.022033 -7.038148 -5.784666  
 13 5 6  0.000000 -4.038729 0.000000 0.496595 -0.000000 -12.421948 0.000000 4.038729 -0.000000 -0.496595 -0.000000 -12.198144  
 14 6 7  0.000000 2.267606 0.000000 -0.752973 -0.000000 6.880806 0.000000 -2.267606 -0.000000 0.752973 -0.000000 6.942521  
 15 7 8  0.000000 -4.047181 -0.000000 0.238826 0.000000 -12.223907 0.000000 4.047181 0.000000 -0.238826 0.000000 -12.447711  
 16 8 5  0.000000 2.276059 -0.000000 -0.126551 0.000000 6.968285 0.000000 -2.276059 0.000000 0.126551 0.000000 6.906569  
 17 10 11  0.000000 -4.446385 -0.000000 0.344808 0.000000 -13.666418 0.000000 4.446385 0.000000 -0.344808 0.000000 -13.438745  
 18 11 12  0.000000 2.799153 -0.000000 -0.606320 0.000000 8.496069 0.000000 -2.799153 0.000000 0.606320 0.000000 8.567565  
 19 12 13  0.000000 -4.479305 0.000000 0.274485 -0.000000 -13.539086 0.000000 4.479305 -0.000000 -0.274485 -0.000000 -13.766759  
 20 13 10  0.000000 2.832073 0.000000 -0.184286 -0.000000 8.667906 0.000000 -2.832073 -0.000000 0.184286 -0.000000 8.596411  
 21 15 16  0.000000 -2.192448 -0.000000 0.155981 0.000000 -6.754913 0.000000 2.192448 0.000000 -0.155981 0.000000 -6.610247  
 22 16 17  0.000000 1.800313 -0.000000 -0.185215 0.000000 5.441856 0.000000 -1.800313 0.000000 0.185215 0.000000 5.532851  
 23 17 18  0.000000 -2.229662 0.000000 0.138384 -0.000000 -6.723677 0.000000 2.229662 -0.000000 -0.138384 -0.000000 -6.868344  
 24 18 15  0.000000 1.837528 0.000000 -0.169805 -0.000000 5.646281 0.000000 -1.837528 -0.000000 0.169805 -0.000000 5.555287  
 118 118 128  35.378568 -2.410055 5.116600 -0.192800 -7.706588 -3.866396 -35.378568 2.410055 -5.116600 0.192800 5.835141 2.984895  
 128 128 138  35.378568 -2.410055 5.116600 -0.192800 -5.835141 -2.984895 -35.378568 2.410055 -5.116600 0.192800 3.963693 2.103393  
 138 138 148  35.378568 -2.410055 5.116600 -0.192800 -3.963693 -2.103393 -35.378568 2.410055 -5.116600 0.192800 2.092246 1.221891  
 148 148 158  35.378568 -2.410055 5.116600 -0.192800 -2.092246 -1.221891 -35.378568 2.410055 -5.116600 0.192800 0.220798 0.340389  
 158 158 168  35.378568 -2.410055 5.116600 -0.192800 -0.220798 -0.340389 -35.378568 2.410055 -5.116600 0.192800 -1.650649 -0.541112  
 168 168 178  35.378568 -2.410055 5.116600 -0.192800 1.650649 0.541112 -35.378568 2.410055 -5.116600 0.192800 -3.522097 -1.422614  
 178 178 188  35.378568 -2.410055 5.116600 -0.192800 3.522097 1.422614 -35.378568 2.410055 -5.116600 0.192800 -5.393544 -2.304116  
 188 188 198  35.378568 -2.410055 5.116600 -0.192800 5.393544 2.304116 -35.378568 2.410055 -5.116600 0.192800 -7.264992 -3.185618  
 198 198 13  35.378568 -2.410055 5.116600 -0.192800 7.264992 3.185618 -35.378568 2.410055 -5.116600 0.192800 -9.136439 -4.067119  
