 1 1 5  15.565192 0.015810 -5.736327 1.015416 12.901049 -0.626693 -15.565192 -0.015810 5.736327 -1.015416 8.080141 0.684521  
 2 2 6  45.601481 0.097633 -6.865542 1.015416 16.122687 -0.781429 -45.601481 -0.097633 6.865542 -1.015416 8.988719 1.138531  
 3 3 7  56.641945 0.163416 -7.285521 1.015416 17.115466 -0.727835 -56.641945 -0.163416 7.285521 -1.015416 9.532054 1.325546  
 4 4 8  26.191382 0.077846 -6.481513 1.015416 14.535741 -0.601044 -26.191382 -0.077846 6.481513 -1.015416 9.171041 0.885774  
 5 5 10  10.735704 -2.290621 -4.550936 -0.592017 8.481015 -4.612620 -10.735704 2.290621 4.550936 0.592017 8.164489 -3.765554  
 6 6 11  29.271215 -2.816447 -4.655659 -0.592017 8.492932 -5.860176 -29.271215 2.816447 4.655659 0.592017 8.535607 -4.441260  
 7 7 12  37.426689 -2.940326 -4.994541 -0.592017 9.092993 -6.131158 -37.426689 2.940326 4.994541 0.592017 9.175042 -4.623379  
 8 8 118  18.566393 -2.279464 -4.621815 -0.592017 8.542607 -4.744553 -18.566393 2.279464 4.621815 0.592017 -6.852132 3.910816  
 9 10 15  7.023700 -2.105243 -5.287300 0.077214 8.881964 -3.450338 -7.023700 2.105243 5.287300 -0.077214 10.456865 -4.249800  
 10 11 16  14.049994 -2.292901 -5.378072 0.077214 8.911286 -3.758481 -14.049994 2.292901 5.378072 -0.077214 10.759551 -4.628032  
 11 12 17  17.061378 -2.308203 -5.602758 0.077214 9.270843 -3.763573 -17.061378 2.308203 5.602758 -0.077214 11.221804 -4.678911  
 12 13 18  9.864927 -2.125350 -5.534457 0.077214 9.330121 -3.491664 -9.864927 2.125350 5.534457 -0.077214 10.912708 -4.282017  
 13 5 6  0.000000 5.761575 -0.000000 -0.362678 0.000000 17.103308 0.000000 -5.761575 0.000000 0.362678 0.000000 18.019254  
 14 6 7  0.000000 1.431309 0.000000 0.537603 -0.000000 4.358967 0.000000 -1.431309 -0.000000 -0.537603 -0.000000 4.366290  
 15 7 8  0.000000 5.783947 0.000000 -0.439321 -0.000000 18.087444 0.000000 -5.783947 -0.000000 0.439321 -0.000000 17.171497  
 16 8 5  0.000000 1.408937 -0.000000 0.542152 0.000000 4.298101 0.000000 -1.408937 0.000000 -0.542152 0.000000 4.290777  
 17 10 11  0.000000 5.773937 -0.000000 -0.433011 0.000000 17.310444 0.000000 -5.773937 0.000000 0.433011 0.000000 17.887475  
 18 11 12  0.000000 2.552717 -0.000000 0.440582 0.000000 7.766731 0.000000 -2.552717 0.000000 -0.440582 0.000000 7.794630  
 19 12 13  0.000000 5.812594 0.000000 -0.592322 -0.000000 18.005302 0.000000 -5.812594 -0.000000 0.592322 -0.000000 17.428272  
 20 13 10  0.000000 2.514059 0.000000 0.263991 -0.000000 7.676802 0.000000 -2.514059 -0.000000 -0.263991 -0.000000 7.648903  
 21 15 16  0.000000 3.534417 0.000000 -0.124286 -0.000000 10.619957 0.000000 -3.534417 -0.000000 0.124286 -0.000000 10.925848  
 22 16 17  0.000000 1.484422 0.000000 0.166297 -0.000000 4.503746 0.000000 -1.484422 -0.000000 -0.166297 -0.000000 4.545294  
 23 17 18  0.000000 3.576956 -0.000000 -0.133617 0.000000 11.055507 0.000000 -3.576956 0.000000 0.133617 0.000000 10.749616  
 24 18 15  0.000000 1.441883 -0.000000 0.163092 0.000000 4.415635 0.000000 -1.441883 0.000000 -0.163092 0.000000 4.374087  
 118 118 128  18.566393 -2.279464 -4.621815 -0.592017 6.852132 -3.910816 -18.566393 2.279464 4.621815 0.592017 -5.161657 3.077080  
 128 128 138  18.566393 -2.279464 -4.621815 -0.592017 5.161657 -3.077080 -18.566393 2.279464 4.621815 0.592017 -3.471182 2.243343  
 138 138 148  18.566393 -2.279464 -4.621815 -0.592017 3.471182 -2.243343 -18.566393 2.279464 4.621815 0.592017 -1.780707 1.409606  
 148 148 158  18.566393 -2.279464 -4.621815 -0.592017 1.780707 -1.409606 -18.566393 2.279464 4.621815 0.592017 -0.090232 0.575869  
 158 158 168  18.566393 -2.279464 -4.621815 -0.592017 0.090232 -0.575869 -18.566393 2.279464 4.621815 0.592017 1.600242 -0.257868  
 168 168 178  18.566393 -2.279464 -4.621815 -0.592017 -1.600242 0.257868 -18.566393 2.279464 4.621815 0.592017 3.290717 -1.091605  
 178 178 188  18.566393 -2.279464 -4.621815 -0.592017 -3.290717 1.091605 -18.566393 2.279464 4.621815 0.592017 4.981192 -1.925342  
 188 188 198  18.566393 -2.279464 -4.621815 -0.592017 -4.981192 1.925342 -18.566393 2.279464 4.621815 0.592017 6.671667 -2.759079  
 198 198 13  18.566393 -2.279464 -4.621815 -0.592017 -6.671667 2.759079 -18.566393 2.279464 4.621815 0.592017 8.362142 -3.592816  
