 1 1 5  -35.308510 0.622730 -0.199855 -0.000040 -35.313167 0.447944 -0.137676 -0.000040 -35.319176 0.191925 -0.046616 -0.000040 -35.320082 -0.064323 0.044718 -0.000040 -35.316354 -0.239198 0.106972 -0.000040  
 2 2 6  -35.497745 0.622660 -0.199649 -0.000040 -35.502478 0.447883 -0.137435 -0.000040 -35.508756 0.191889 -0.046293 -0.000040 -35.509978 -0.064269 0.044670 -0.000040 -35.505852 -0.239118 0.106905 -0.000040  
 3 3 7  -36.675370 0.622525 -0.199603 -0.000040 -36.680202 0.447732 -0.137393 -0.000040 -36.686644 0.191715 -0.046265 -0.000040 -36.687606 -0.064232 0.044642 -0.000040 -36.683577 -0.239069 0.106862 -0.000040  
 4 4 8  -36.485953 0.622593 -0.199818 -0.000040 -36.490731 0.447793 -0.137643 -0.000040 -36.496988 0.191755 -0.046591 -0.000040 -36.498124 -0.064276 0.044736 -0.000040 -36.494086 -0.239138 0.106947 -0.000040  
 5 5 10  -23.612594 0.404113 -0.048199 0.000002 -23.614759 0.236523 -0.019419 0.000002 -23.616642 -0.008971 0.022823 0.000002 -23.614215 -0.254404 0.065033 0.000002 -23.611934 -0.421974 0.093819 0.000002  
 6 6 11  -23.685031 0.404108 -0.048238 0.000002 -23.687215 0.236525 -0.019407 0.000002 -23.689343 -0.008966 0.022790 0.000002 -23.686631 -0.254388 0.064989 0.000002 -23.684351 -0.421959 0.093815 0.000002  
 7 7 12  -24.383436 0.404141 -0.048224 0.000002 -24.385664 0.236526 -0.019396 0.000002 -24.387564 -0.008937 0.022789 0.000002 -24.384962 -0.254360 0.064979 0.000002 -24.382687 -0.421958 0.093801 0.000002  
 8 8 118  -24.312348 0.442623 -0.054825 0.000002 -24.312584 0.425862 -0.051943 0.000002 -24.312926 0.401318 -0.047723 0.000002 -24.313264 0.376772 -0.043503 0.000002 -24.313492 0.360011 -0.040621 0.000002  
 9 10 15  -11.868319 0.193272 0.012930 0.000004 -11.869194 0.083048 0.014642 0.000004 -11.869555 -0.078366 0.017158 0.000004 -11.868384 -0.239775 0.019660 0.000004 -11.867421 -0.349990 0.021366 0.000004  
 10 11 16  -11.882643 0.193277 0.012908 0.000004 -11.883518 0.083052 0.014634 0.000004 -11.883855 -0.078363 0.017135 0.000004 -11.882693 -0.239776 0.019650 0.000004 -11.881727 -0.349991 0.021371 0.000004  
 11 12 17  -12.130752 0.193288 0.012908 0.000004 -12.131631 0.083057 0.014634 0.000004 -12.131960 -0.078350 0.017134 0.000004 -12.130798 -0.239771 0.019648 0.000004 -12.129826 -0.349994 0.021370 0.000004  
 12 13 18  -12.116432 0.193283 0.012930 0.000004 -12.117306 0.083052 0.014641 0.000004 -12.117678 -0.078353 0.017156 0.000004 -12.116493 -0.239770 0.019659 0.000004 -12.115523 -0.349992 0.021366 0.000004  
 13 5 6  0.000000 -0.161648 0.000000 -0.000042 0.000000 -0.096066 0.000000 -0.000042 0.000000 -0.000028 0.000000 -0.000042 0.000000 0.096011 -0.000000 -0.000042 0.000000 0.161593 -0.000000 -0.000042  
 14 6 7  0.000000 -0.662076 -0.000000 0.000029 0.000000 -0.393425 -0.000000 0.000029 0.000000 -0.000016 0.000000 0.000029 0.000000 0.393392 0.000000 0.000029 0.000000 0.662044 0.000000 0.000029  
 15 7 8  0.000000 -0.161589 -0.000000 -0.000035 0.000000 -0.096008 -0.000000 -0.000035 0.000000 0.000028 0.000000 -0.000035 0.000000 0.096063 0.000000 -0.000035 0.000000 0.161644 0.000000 -0.000035  
 16 8 5  0.000000 -0.662047 0.000000 0.000006 0.000000 -0.393395 0.000000 0.000006 0.000000 0.000016 0.000000 0.000006 0.000000 0.393427 -0.000000 0.000006 0.000000 0.662080 -0.000000 0.000006  
 17 10 11  0.000000 -0.080377 0.000000 -0.000004 0.000000 -0.047764 0.000000 -0.000004 0.000000 -0.000007 0.000000 -0.000004 0.000000 0.047750 -0.000000 -0.000004 0.000000 0.080363 -0.000000 -0.000004  
 18 11 12  0.000000 -0.621783 -0.000000 0.000006 0.000000 -0.369477 -0.000000 0.000006 0.000000 -0.000004 0.000000 0.000006 0.000000 0.369469 0.000000 0.000006 0.000000 0.621776 0.000000 0.000006  
 19 12 13  0.000000 -0.080358 -0.000000 -0.000005 0.000000 -0.047747 -0.000000 -0.000005 0.000000 0.000007 0.000000 -0.000005 0.000000 0.047762 0.000000 -0.000005 0.000000 0.080372 0.000000 -0.000005  
 20 13 10  0.000000 -0.621780 0.000000 0.000004 0.000000 -0.369472 0.000000 0.000004 0.000000 0.000004 0.000000 0.000004 0.000000 0.369480 -0.000000 0.000004 0.000000 0.621788 -0.000000 0.000004  
 21 15 16  0.000000 -0.019765 -0.000000 0.000004 0.000000 -0.011746 -0.000000 0.000004 0.000000 -0.000003 0.000000 0.000004 0.000000 0.011740 0.000000 0.000004 0.000000 0.019759 0.000000 0.000004  
 22 16 17  0.000000 -0.342643 0.000000 -0.000002 0.000000 -0.203606 0.000000 -0.000002 0.000000 -0.000001 0.000000 -0.000002 0.000000 0.203603 -0.000000 -0.000002 0.000000 0.342640 -0.000000 -0.000002  
 23 17 18  0.000000 -0.019755 0.000000 0.000003 0.000000 -0.011738 0.000000 0.000003 0.000000 0.000003 0.000000 0.000003 0.000000 0.011743 -0.000000 0.000003 0.000000 0.019761 -0.000000 0.000003  
 24 18 15  0.000000 -0.342645 -0.000000 -0.000002 0.000000 -0.203606 -0.000000 -0.000002 0.000000 0.000001 0.000000 -0.000002 0.000000 0.203608 0.000000 -0.000002 0.000000 0.342647 0.000000 -0.000002  
 118 118 128  -24.312380 0.351457 -0.039150 0.000002 -24.312604 0.334697 -0.036269 0.000002 -24.312927 0.310152 -0.032049 0.000002 -24.313245 0.285607 -0.027828 0.000002 -24.313459 0.268845 -0.024946 0.000002  
 128 128 138  -24.312412 0.260292 -0.023476 0.000002 -24.312622 0.243531 -0.020594 0.000002 -24.312927 0.218986 -0.016374 0.000002 -24.313226 0.194441 -0.012154 0.000002 -24.313427 0.177680 -0.009272 0.000002  
 138 138 148  -24.312484 0.169125 -0.007799 0.000002 -24.312676 0.152365 -0.004919 0.000002 -24.312946 0.127822 -0.000702 0.000002 -24.313175 0.103275 0.003520 0.000002 -24.313303 0.086513 0.006406 0.000002  
 148 148 158  -24.312784 0.077966 0.007876 0.000002 -24.312873 0.061197 0.010754 0.000002 -24.312940 0.036654 0.014973 0.000002 -24.312989 0.012112 0.019194 0.000002 -24.312997 -0.004652 0.022080 0.000002  
 158 158 168  -24.313164 -0.013205 0.023536 0.000002 -24.313131 -0.029965 0.026433 0.000002 -24.312958 -0.054511 0.030654 0.000002 -24.312734 -0.079056 0.034868 0.000002 -24.312570 -0.095817 0.037745 0.000002  
 168 168 178  -24.313389 -0.104370 0.039221 0.000002 -24.313208 -0.121131 0.042104 0.000002 -24.312932 -0.145676 0.046324 0.000002 -24.312641 -0.170221 0.050544 0.000002 -24.312437 -0.186983 0.053425 0.000002  
 178 178 188  -24.313451 -0.195535 0.054896 0.000002 -24.313241 -0.212297 0.057778 0.000002 -24.312927 -0.236842 0.061998 0.000002 -24.312608 -0.261387 0.066218 0.000002 -24.312386 -0.278148 0.069100 0.000002  
 188 188 198  -24.313488 -0.286701 0.070570 0.000002 -24.313262 -0.303463 0.073452 0.000002 -24.312927 -0.328008 0.077672 0.000002 -24.312586 -0.352552 0.081893 0.000002 -24.312351 -0.369314 0.084774 0.000002  
 198 198 13  -24.313516 -0.377867 0.086245 0.000002 -24.313278 -0.394628 0.089127 0.000002 -24.312926 -0.419173 0.093347 0.000002 -24.312570 -0.443718 0.097567 0.000002 -24.312325 -0.460479 0.100449 0.000002  
