 1 1 5  -33.925992 1.081887 -2.230696 0.000077 -33.952493 0.746910 -1.563933 0.000077 -33.983678 0.256520 -0.587603 0.000077 -33.986072 -0.234754 0.389659 0.000077 -33.967653 -0.569680 1.056437 0.000077  
 2 2 6  -36.885601 1.080925 -2.229698 0.000077 -36.912137 0.746087 -1.562914 0.000077 -36.943612 0.255915 -0.586551 0.000077 -36.947122 -0.234215 0.389482 0.000077 -36.927335 -0.568960 1.056148 0.000077  
 3 3 7  -37.990250 1.080115 -2.228651 0.000077 -38.016574 0.745282 -1.562020 0.000077 -38.047304 0.255117 -0.585916 0.000077 -38.049653 -0.233972 0.388937 0.000077 -38.031409 -0.568694 1.055322 0.000077  
 4 4 8  -35.029539 1.081060 -2.229659 0.000077 -35.055968 0.746075 -1.563062 0.000077 -35.087474 0.255658 -0.587014 0.000077 -35.090889 -0.234545 0.389096 0.000077 -35.071153 -0.569388 1.055623 0.000077  
 5 5 10  -23.015881 0.283046 -0.903299 0.000020 -23.025125 0.122441 -0.470100 0.000020 -23.032316 -0.113060 0.164699 0.000020 -23.022393 -0.348380 0.799287 0.000020 -23.012775 -0.509029 1.232569 0.000020  
 6 6 11  -24.505845 0.282672 -0.903391 0.000020 -24.515207 0.122138 -0.470030 0.000020 -24.523630 -0.112987 0.164515 0.000020 -24.512425 -0.348158 0.799210 0.000020 -24.502591 -0.508779 1.232651 0.000020  
 7 7 12  -24.967840 0.282856 -0.903046 0.000020 -24.977078 0.122211 -0.469724 0.000020 -24.984361 -0.112764 0.164429 0.000020 -24.974529 -0.348033 0.798948 0.000020 -24.964767 -0.508771 1.232355 0.000020  
 8 8 118  -23.483196 0.320141 -1.002502 0.000020 -23.484240 0.304067 -0.959180 0.000020 -23.485740 0.280530 -0.895739 0.000020 -23.487207 0.256992 -0.832298 0.000020 -23.488189 0.240919 -0.788975 0.000020  
 9 10 15  -11.714969 -0.023487 -0.193500 0.000015 -11.719536 -0.051755 -0.022849 0.000015 -11.721257 -0.093214 0.227156 0.000015 -11.715606 -0.134613 0.477099 0.000015 -11.709905 -0.162890 0.647760 0.000015  
 10 11 16  -12.168564 -0.023548 -0.193527 0.000015 -12.173148 -0.051797 -0.022839 0.000015 -12.174863 -0.093187 0.227115 0.000015 -12.169216 -0.134539 0.477052 0.000015 -12.163504 -0.162802 0.647756 0.000015  
 11 12 17  -12.280140 -0.023485 -0.193442 0.000015 -12.284676 -0.051765 -0.022777 0.000015 -12.286427 -0.093129 0.227081 0.000015 -12.280783 -0.134516 0.476978 0.000015 -12.275091 -0.162810 0.647663 0.000015  
 12 13 18  -11.826586 -0.023424 -0.193414 0.000015 -11.831160 -0.051721 -0.022783 0.000015 -11.832876 -0.093152 0.227124 0.000015 -11.827212 -0.134589 0.477025 0.000015 -11.821507 -0.162898 0.647665 0.000015  
 13 5 6  0.000000 -2.029774 -0.000000 -0.000594 0.000000 -1.206179 -0.000000 -0.000594 0.000000 -0.000121 0.000000 -0.000594 0.000000 1.205937 0.000000 -0.000594 0.000000 2.029531 0.000000 -0.000594  
 14 6 7  0.000000 -0.886842 0.000000 0.000629 0.000000 -0.527011 0.000000 0.000629 0.000000 -0.000080 0.000000 0.000629 0.000000 0.526851 -0.000000 0.000629 0.000000 0.886682 -0.000000 0.000629  
 15 7 8  0.000000 -2.029505 0.000000 -0.000590 0.000000 -1.205921 0.000000 -0.000590 0.000000 0.000121 0.000000 -0.000590 0.000000 1.206164 -0.000000 -0.000590 0.000000 2.029747 -0.000000 -0.000590  
 16 8 5  0.000000 -0.886709 -0.000000 0.000624 0.000000 -0.526867 -0.000000 0.000624 0.000000 0.000080 0.000000 0.000624 0.000000 0.527027 0.000000 0.000624 0.000000 0.886869 0.000000 0.000624  
 17 10 11  0.000000 -1.431801 -0.000000 -0.000212 0.000000 -0.850813 -0.000000 -0.000212 0.000000 -0.000023 0.000000 -0.000212 0.000000 0.850766 0.000000 -0.000212 0.000000 1.431754 0.000000 -0.000212  
 18 11 12  0.000000 -0.483522 -0.000000 0.000245 0.000000 -0.287325 -0.000000 0.000245 0.000000 -0.000018 0.000000 0.000245 0.000000 0.287289 0.000000 0.000245 0.000000 0.483486 0.000000 0.000245  
 19 12 13  0.000000 -1.431717 0.000000 -0.000210 0.000000 -0.850744 0.000000 -0.000210 0.000000 0.000023 0.000000 -0.000210 0.000000 0.850790 -0.000000 -0.000210 0.000000 1.431763 -0.000000 -0.000210  
 20 13 10  0.000000 -0.483524 0.000000 0.000244 0.000000 -0.287312 0.000000 0.000244 0.000000 0.000018 0.000000 0.000244 0.000000 0.287348 -0.000000 0.000244 0.000000 0.483560 -0.000000 0.000244  
 21 15 16  0.000000 -0.626439 0.000000 -0.000035 0.000000 -0.372250 0.000000 -0.000035 0.000000 -0.000019 0.000000 -0.000035 0.000000 0.372211 -0.000000 -0.000035 0.000000 0.626401 -0.000000 -0.000035  
 22 16 17  0.000000 -0.154090 0.000000 0.000041 0.000000 -0.091566 0.000000 0.000041 0.000000 -0.000005 0.000000 0.000041 0.000000 0.091555 -0.000000 0.000041 0.000000 0.154080 -0.000000 0.000041  
 23 17 18  0.000000 -0.626363 -0.000000 -0.000034 0.000000 -0.372189 -0.000000 -0.000034 0.000000 0.000019 0.000000 -0.000034 0.000000 0.372227 0.000000 -0.000034 0.000000 0.626401 0.000000 -0.000034  
 24 18 15  0.000000 -0.154118 -0.000000 0.000041 0.000000 -0.091578 -0.000000 0.000041 0.000000 0.000005 0.000000 0.000041 0.000000 0.091588 0.000000 0.000041 0.000000 0.154128 0.000000 0.000041  
 118 118 128  -23.483418 0.232715 -0.766867 0.000020 -23.484376 0.216643 -0.723545 0.000020 -23.485745 0.193106 -0.660105 0.000020 -23.487072 0.169568 -0.596664 0.000020 -23.487957 0.153493 -0.553340 0.000020  
 128 128 138  -23.483647 0.145293 -0.531234 0.000020 -23.484508 0.129219 -0.487911 0.000020 -23.485740 0.105681 -0.424470 0.000020 -23.486939 0.082144 -0.361029 0.000020 -23.487740 0.066071 -0.317707 0.000020  
 138 138 148  -23.483887 0.057869 -0.295599 0.000020 -23.484657 0.041795 -0.252277 0.000020 -23.485747 0.018257 -0.188836 0.000020 -23.486793 -0.005280 -0.125395 0.000020 -23.487476 -0.021354 -0.082072 0.000020  
 148 148 158  -23.484563 -0.029561 -0.059952 0.000020 -23.485197 -0.045630 -0.016644 0.000020 -23.486003 -0.069160 0.046786 0.000020 -23.486407 -0.092708 0.110249 0.000020 -23.485877 -0.108780 0.153561 0.000020  
 158 158 168  -23.487347 -0.116979 0.175671 0.000020 -23.486714 -0.133054 0.218991 0.000020 -23.485745 -0.156591 0.282431 0.000020 -23.484735 -0.180128 0.345873 0.000020 -23.484026 -0.196201 0.389197 0.000020  
 168 168 178  -23.487618 -0.204406 0.411303 0.000020 -23.486875 -0.220477 0.454626 0.000020 -23.485742 -0.244014 0.518067 0.000020 -23.484574 -0.267553 0.581507 0.000020 -23.483758 -0.283627 0.624830 0.000020  
 178 178 188  -23.487830 -0.291829 0.646938 0.000020 -23.486991 -0.307901 0.690260 0.000020 -23.485738 -0.331439 0.753700 0.000020 -23.484455 -0.354977 0.817142 0.000020 -23.483562 -0.371051 0.860465 0.000020  
 188 188 198  -23.488022 -0.379253 0.882571 0.000020 -23.487107 -0.395326 0.925894 0.000020 -23.485743 -0.418863 0.989336 0.000020 -23.484339 -0.442401 1.052776 0.000020 -23.483360 -0.458475 1.096098 0.000020  
 198 198 13  -23.488405 -0.466677 1.118206 0.000020 -23.487340 -0.482750 1.161529 0.000020 -23.485744 -0.506287 1.224969 0.000020 -23.484109 -0.529825 1.288410 0.000020 -23.482969 -0.545899 1.331733 0.000020  
