 1 1 5  -55.719170 -5.494005 -12.761517 0.118704 -39.675545 -3.789910 -8.771997 0.118704 -15.758708 -1.224985 -2.826255 0.118704 -20.592869 1.684918 4.057109 0.118704 -36.955716 3.436913 8.113049 0.118704  
 2 2 6  -74.267158 -5.956412 -13.762536 0.118704 -60.066969 -4.260699 -10.052319 0.118704 -42.276089 -1.645377 -4.176810 0.118704 -43.098934 2.273799 4.446811 0.118704 -54.898329 3.979787 8.528450 0.118704  
 3 3 7  -66.029811 -5.878670 -13.185281 0.118704 -51.291817 -4.126939 -9.487338 0.118704 -30.763956 -1.441243 -3.871765 0.118704 -32.128212 2.174333 4.083324 0.118704 -45.943892 3.922636 7.963431 0.118704  
 4 4 8  -46.254837 -5.378279 -12.014528 0.118704 -30.041498 -3.617600 -8.009433 0.118704 -5.743448 -0.950404 -2.048333 0.118704 -10.774085 1.528866 3.278092 0.118704 -27.351786 3.345406 7.341565 0.118704  
 5 5 10  -29.355916 -1.969979 -6.223947 0.297595 -19.736875 -1.157808 -3.747522 0.297595 -11.048990 0.306439 0.756198 0.297595 -23.347917 1.529810 4.665111 0.297595 -32.959905 2.334664 7.129281 0.297595  
 6 6 11  -36.878901 -2.241397 -5.784005 0.297595 -30.327967 -1.447003 -3.615016 0.297595 -28.640536 0.305747 0.978666 0.297595 -33.854585 1.772318 4.919547 0.297595 -41.078803 2.576773 6.992635 0.297595  
 7 7 12  -32.067654 -2.322515 -5.470045 0.297595 -24.758333 -1.474894 -3.372011 0.297595 -21.540915 0.287609 0.978397 0.297595 -28.784812 1.780162 4.621689 0.297595 -36.449081 2.638292 6.669518 0.297595  
 8 8 118  -17.622499 -2.149949 -5.914260 0.297595 -16.705896 -2.064160 -5.681100 0.297595 -15.364639 -1.938642 -5.339244 0.297595 -14.024632 -1.813499 -4.996794 0.297595 -13.107916 -1.727851 -4.762673 0.297595  
 9 10 15  -16.341356 -2.161265 -3.957493 0.002928 -8.069282 -1.144313 -1.984617 0.002928 -2.880193 0.320977 0.816718 0.002928 -15.001337 1.810464 3.712203 0.002928 -23.194819 2.815643 5.674274 0.002928  
 10 11 16  -19.095132 -2.326669 -3.716733 0.002928 -11.709276 -1.324454 -1.938389 0.002928 -8.251022 0.416524 1.250686 0.002928 -18.930515 1.942386 3.837291 0.002928 -26.339237 2.956014 5.587615 0.002928  
 11 12 17  -17.142108 -2.346167 -3.569315 0.002928 -9.601730 -1.307761 -1.796634 0.002928 -5.857524 0.364394 1.100041 0.002928 -16.872928 1.928580 3.681834 0.002928 -24.382523 2.969161 5.434738 0.002928  
 12 13 18  -14.293740 -2.180476 -3.789012 0.002928 -6.046755 -1.127009 -1.819322 0.002928 -0.914940 0.264496 0.641373 0.002928 -12.916065 1.787396 3.540687 0.002928 -21.116619 2.823305 5.503925 0.002928  
 13 5 6  0.000000 -13.819555 -0.000000 -0.495724 0.000000 -8.097612 -0.000000 -0.495724 0.000000 0.281508 0.000000 -0.495724 0.000000 8.660627 0.000000 -0.495724 0.000000 14.382570 0.000000 -0.495724  
 14 6 7  0.000000 6.024207 -0.000000 0.472195 0.000000 3.593491 -0.000000 0.472195 0.000000 0.033991 0.000000 0.472195 0.000000 -3.525509 0.000000 0.472195 0.000000 -5.956225 0.000000 0.472195  
 15 7 8  0.000000 -14.340933 0.000000 -0.570842 0.000000 -8.635886 0.000000 -0.570842 0.000000 -0.281508 0.000000 -0.570842 0.000000 8.072871 -0.000000 -0.570842 0.000000 13.777918 -0.000000 -0.570842  
 16 8 5  0.000000 5.914588 0.000000 0.930473 0.000000 3.500768 0.000000 0.930473 0.000000 -0.033991 0.000000 0.930473 0.000000 -3.568750 -0.000000 0.930473 0.000000 -5.982570 -0.000000 0.930473  
 17 10 11  0.000000 -10.693563 0.000000 -0.241878 0.000000 -6.298907 0.000000 -0.241878 0.000000 0.136556 0.000000 -0.241878 0.000000 6.572018 -0.000000 -0.241878 0.000000 10.966674 -0.000000 -0.241878  
 18 11 12  0.000000 4.879274 0.000000 0.257304 0.000000 2.908143 0.000000 0.257304 0.000000 0.021651 0.000000 0.257304 0.000000 -2.864840 -0.000000 0.257304 0.000000 -4.835971 -0.000000 0.257304  
 19 12 13  0.000000 -10.895290 -0.000000 -0.346265 0.000000 -6.529600 -0.000000 -0.346265 0.000000 -0.136556 0.000000 -0.346265 0.000000 6.256489 0.000000 -0.346265 0.000000 10.622179 0.000000 -0.346265  
 20 13 10  0.000000 4.764587 -0.000000 0.734808 0.000000 2.822423 -0.000000 0.734808 0.000000 -0.021651 0.000000 0.734808 0.000000 -2.865725 0.000000 0.734808 0.000000 -4.807890 0.000000 0.734808  
 21 15 16  0.000000 -5.476366 0.000000 -0.074008 0.000000 -3.229003 0.000000 -0.074008 0.000000 0.062000 0.000000 -0.074008 0.000000 3.353002 -0.000000 -0.074008 0.000000 5.600366 -0.000000 -0.074008  
 22 16 17  0.000000 2.928948 -0.000000 0.087307 0.000000 1.744691 -0.000000 0.087307 0.000000 0.010483 0.000000 0.087307 0.000000 -1.723724 0.000000 0.087307 0.000000 -2.907981 0.000000 0.087307  
 23 17 18  0.000000 -5.524455 -0.000000 -0.078808 0.000000 -3.307895 -0.000000 -0.078808 0.000000 -0.062000 0.000000 -0.078808 0.000000 3.183895 0.000000 -0.078808 0.000000 5.400455 0.000000 -0.078808  
 24 18 15  0.000000 2.832070 0.000000 0.103571 0.000000 1.678616 0.000000 0.103571 0.000000 -0.010483 0.000000 0.103571 0.000000 -1.699583 -0.000000 0.103571 0.000000 -2.853037 -0.000000 0.103571  
 118 118 128  -17.671037 -1.683840 -4.643502 0.297595 -16.737109 -1.598521 -4.410276 0.297595 -15.366823 -1.473291 -4.068365 0.297595 -13.993501 -1.347759 -3.725979 0.297595 -13.053969 -1.261862 -3.491904 0.297595  
 128 128 138  -17.585522 -1.218220 -3.372109 0.297595 -16.680033 -1.132694 -3.139474 0.297595 -15.358777 -1.007650 -2.797946 0.297595 -14.046748 -0.882417 -2.455276 0.297595 -13.166540 -0.795660 -2.220392 0.297595  
 138 138 148  -16.229532 -0.738339 -2.066249 0.297595 -15.756351 -0.664842 -1.868151 0.297595 -15.210031 -0.554406 -1.554450 0.297595 -14.937514 -0.423510 -1.191853 0.297595 -14.946182 -0.305042 -0.905050 0.297595  
 148 148 158  -15.352117 -0.286693 -0.830978 0.297595 -15.361737 -0.201569 -0.597906 0.297595 -15.368496 -0.076256 -0.255848 0.297595 -15.369518 0.049321 0.086617 0.297595 -15.367570 0.135131 0.320348 0.297595  
 158 158 168  -15.336158 0.168503 0.426716 0.297595 -15.328199 0.262183 0.670282 0.297595 -15.311527 0.399171 1.027063 0.297595 -15.378981 0.519585 1.364421 0.297595 -15.568952 0.582509 1.566499 0.297595  
 168 168 178  -13.535295 0.644891 1.701229 0.297595 -14.217435 0.729670 1.945999 0.297595 -15.323258 0.854987 2.290883 0.297595 -16.501397 0.980915 2.627530 0.297595 -17.318110 1.066289 2.856147 0.297595  
 178 178 188  -13.054579 1.109754 2.980635 0.297595 -13.993739 1.195614 3.214724 0.297595 -15.366484 1.321079 3.557137 0.297595 -16.736734 1.446323 3.899041 0.297595 -17.671521 1.531796 4.132208 0.297595  
 188 188 198  -13.079818 1.574716 4.251802 0.297595 -14.005088 1.661586 4.485402 0.297595 -15.365953 1.786971 4.827861 0.297595 -16.724180 1.911969 5.169883 0.297595 -17.649987 1.997149 5.403179 0.297595  
 198 198 13  -13.118871 2.040818 5.522522 0.297595 -14.029236 2.126994 5.756331 0.297595 -15.364890 2.252644 6.098633 0.297595 -16.700941 2.377685 6.440700 0.297595 -17.611653 2.462881 6.674031 0.297595  
