 1 1 5  -42.760587 -3.589719 5.084558 0.223023 -41.415602 -2.520486 4.197469 0.223023 -41.332914 -0.580229 2.276458 0.223023 -41.207723 1.606232 -0.019128 0.223023 -40.081008 3.107524 -1.541869 0.223023  
 2 2 6  -33.987695 -3.233314 4.822302 0.223023 -31.391731 -2.224605 3.968477 0.223023 -28.860207 -0.575581 2.251368 0.223023 -28.737040 1.589018 -0.184642 0.223023 -28.724677 2.869051 -1.650908 0.223023  
 3 3 7  -34.336199 -3.331497 4.784093 0.223023 -31.914630 -2.317085 3.943513 0.223023 -29.586059 -0.610112 2.244046 0.223023 -29.468610 1.586559 -0.172061 0.223023 -29.263551 2.907618 -1.619518 0.223023  
 4 4 8  -43.292720 -3.699686 5.027113 0.223023 -42.036344 -2.616814 4.149291 0.223023 -42.018505 -0.619479 2.268597 0.223023 -41.885215 1.605434 -0.004616 0.223023 -40.726635 3.134925 -1.502526 0.223023  
 5 5 10  -32.286170 0.757882 6.155955 -0.029794 -24.814350 0.795486 3.955018 -0.029794 -19.881445 0.971531 -0.426447 -0.029794 -26.392127 0.646487 -4.473975 -0.029794 -33.907698 0.596806 -6.639440 -0.029794  
 6 6 11  -27.904773 0.727659 5.938157 -0.029794 -19.774957 0.740665 3.704618 -0.029794 -12.088369 0.966659 -0.397683 -0.029794 -21.410464 0.597272 -4.187838 -0.029794 -29.477879 0.558988 -6.398784 -0.029794  
 7 7 12  -29.670405 0.743425 6.069458 -0.029794 -21.694351 0.765296 3.836362 -0.029794 -14.944755 0.986243 -0.400190 -0.029794 -23.292783 0.635845 -4.320482 -0.029794 -31.233430 0.594235 -6.528089 -0.029794  
 8 8 118  -30.330609 0.923578 6.814585 -0.029794 -29.357864 0.919398 6.552802 -0.029794 -27.928118 0.913044 6.168622 -0.029794 -26.492010 0.906404 5.783444 -0.029794 -25.507611 0.901690 5.519828 -0.029794  
 9 10 15  -12.692970 1.890170 -0.535344 -0.029861 -11.680568 1.261341 -0.830793 -0.029861 -11.162964 0.095130 -1.289569 -0.029861 -12.173539 -0.980760 -1.451148 -0.029861 -13.270794 -1.610236 -1.508354 -0.029861  
 10 11 16  -11.629632 1.835863 -0.444391 -0.029861 -10.460658 1.233221 -0.741120 -0.029861 -9.941526 0.091240 -1.229485 -0.029861 -11.122512 -0.946439 -1.425012 -0.029861 -12.317296 -1.563313 -1.505642 -0.029861  
 11 12 17  -12.670251 1.874102 -0.458598 -0.029861 -11.705510 1.255985 -0.774190 -0.029861 -11.261586 0.100726 -1.272701 -0.029861 -12.290767 -0.951999 -1.477402 -0.029861 -13.378552 -1.569810 -1.556538 -0.029861  
 12 13 18  -13.749752 1.922825 -0.552373 -0.029861 -12.943867 1.277397 -0.862378 -0.029861 -12.509874 0.103598 -1.323541 -0.029861 -13.359171 -0.982856 -1.499144 -0.029861 -14.324082 -1.616029 -1.557144 -0.029861  
 13 5 6  0.000000 7.846328 -0.000000 0.098112 0.000000 4.676288 -0.000000 0.098112 0.000000 0.034133 0.000000 0.098112 0.000000 -4.608022 0.000000 0.098112 0.000000 -7.778062 0.000000 0.098112  
 14 6 7  0.000000 2.102934 -0.000000 0.077360 0.000000 1.246805 -0.000000 0.077360 0.000000 -0.006895 0.000000 0.077360 0.000000 -1.260595 0.000000 0.077360 0.000000 -2.116723 0.000000 0.077360  
 15 7 8  0.000000 7.777746 0.000000 0.087740 0.000000 4.607834 0.000000 0.087740 0.000000 -0.034133 0.000000 0.087740 0.000000 -4.676100 -0.000000 0.087740 0.000000 -7.846012 -0.000000 0.087740  
 16 8 5  0.000000 2.117039 0.000000 -0.118348 0.000000 1.260782 0.000000 -0.118348 0.000000 0.006895 0.000000 -0.118348 0.000000 -1.246993 -0.000000 -0.118348 0.000000 -2.103249 -0.000000 -0.118348  
 17 10 11  0.000000 6.277496 -0.000000 -0.004946 0.000000 3.737221 -0.000000 -0.004946 0.000000 0.017285 0.000000 -0.004946 0.000000 -3.702651 0.000000 -0.004946 0.000000 -6.242926 0.000000 -0.004946  
 18 11 12  0.000000 -1.296699 0.000000 0.076467 0.000000 -0.769022 0.000000 0.076467 0.000000 0.003699 0.000000 0.076467 0.000000 0.776420 -0.000000 0.076467 0.000000 1.304097 -0.000000 0.076467  
 19 12 13  0.000000 6.254455 0.000000 -0.014814 0.000000 3.709502 0.000000 -0.014814 0.000000 -0.017285 0.000000 -0.014814 0.000000 -3.744072 -0.000000 -0.014814 0.000000 -6.289025 -0.000000 -0.014814  
 20 13 10  0.000000 -1.315627 -0.000000 -0.154587 0.000000 -0.783271 -0.000000 -0.154587 0.000000 -0.003699 0.000000 -0.154587 0.000000 0.775873 0.000000 -0.154587 0.000000 1.308229 0.000000 -0.154587  
 21 15 16  0.000000 1.566029 -0.000000 -0.021575 0.000000 0.930481 -0.000000 -0.021575 0.000000 -0.000205 0.000000 -0.021575 0.000000 -0.930892 0.000000 -0.021575 0.000000 -1.566440 0.000000 -0.021575  
 22 16 17  0.000000 -1.659562 -0.000000 0.023325 0.000000 -0.983582 -0.000000 0.023325 0.000000 0.006312 0.000000 0.023325 0.000000 0.996206 0.000000 0.023325 0.000000 1.672187 0.000000 0.023325  
 23 17 18  0.000000 1.578304 0.000000 -0.019419 0.000000 0.937942 0.000000 -0.019419 0.000000 0.000205 0.000000 -0.019419 0.000000 -0.937531 -0.000000 -0.019419 0.000000 -1.577893 -0.000000 -0.019419  
 24 18 15  0.000000 -1.684050 0.000000 0.019993 0.000000 -1.003256 0.000000 0.019993 0.000000 -0.006312 0.000000 0.019993 0.000000 0.990632 -0.000000 0.019993 0.000000 1.671426 -0.000000 0.019993  
 118 118 128  -30.106300 0.902172 5.383770 -0.029794 -29.207065 0.894515 5.124413 -0.029794 -27.916360 0.887679 4.740864 -0.029794 -26.636151 0.882051 4.354899 -0.029794 -25.773605 0.879648 4.089201 -0.029794  
 128 128 138  -29.168434 0.882198 3.933869 -0.029794 -28.585434 0.869745 3.695192 -0.029794 -27.824974 0.860786 3.328855 -0.029794 -27.241697 0.858233 2.930064 -0.029794 -26.963394 0.858531 2.634035 -0.029794  
 138 138 148  -27.956675 0.841838 2.517384 -0.029794 -27.897385 0.849639 2.269900 -0.029794 -27.903472 0.845177 1.886993 -0.029794 -27.941763 0.832780 1.495704 -0.029794 -27.962391 0.824589 1.228435 -0.029794  
 148 148 158  -27.908610 0.827401 1.100465 -0.029794 -27.918859 0.822813 0.837568 -0.029794 -27.929568 0.816133 0.452611 -0.029794 -27.930293 0.809833 0.068152 -0.029794 -27.927589 0.805496 -0.194223 -0.029794  
 158 158 168  -27.954424 0.802829 -0.328931 -0.029794 -27.947194 0.798602 -0.591230 -0.029794 -27.929966 0.792433 -0.975689 -0.029794 -27.902654 0.785686 -1.360659 -0.029794 -27.879411 0.780847 -1.623602 -0.029794  
 168 168 178  -27.880946 0.766114 -1.736565 -0.029794 -27.844977 0.775480 -2.019956 -0.029794 -27.850580 0.777241 -2.421075 -0.029794 -27.987831 0.761965 -2.792799 -0.029794 -28.177929 0.744851 -3.027138 -0.029794  
 178 178 188  -26.364214 0.762397 -3.172467 -0.029794 -26.931893 0.748494 -3.452091 -0.029794 -27.882630 0.740212 -3.840552 -0.029794 -28.896785 0.736880 -4.218470 -0.029794 -29.626048 0.738853 -4.470800 -0.029794  
 188 188 198  -25.632193 0.731659 -4.613273 -0.029794 -26.555712 0.726418 -4.877840 -0.029794 -27.919270 0.718637 -5.263510 -0.029794 -29.292739 0.713166 -5.647064 -0.029794 -30.230149 0.710080 -5.908191 -0.029794  
 198 198 13  -25.503825 0.706963 -6.042868 -0.029794 -26.487992 0.702005 -6.306550 -0.029794 -27.926798 0.695288 -6.691755 -0.029794 -29.361697 0.689085 -7.075896 -0.029794 -30.337940 0.684985 -7.337639 -0.029794  
