 1 1 5  -69.837254 7.911949 14.373378 0.556655 -53.477352 5.740450 10.398425 0.556655 -29.244754 2.471218 4.370424 0.556655 -25.998853 -1.732648 -3.609689 0.556655 -42.033202 -3.993500 -7.734929 0.556655  
 2 2 6  -43.130911 7.065143 12.758533 0.556655 -25.391347 4.852282 8.411895 0.556655 0.207921 1.416312 2.000871 0.556655 0.019530 -0.999896 -2.242208 0.556655 -17.278815 -3.206610 -6.666435 0.556655  
 3 3 7  -61.602866 7.471348 14.210041 0.556655 -43.931125 5.387684 9.874818 0.556655 -17.103538 2.224286 3.341724 0.556655 -17.256164 -1.217152 -3.763375 0.556655 -35.474763 -3.397171 -8.190727 0.556655  
 4 4 8  -85.475840 8.187342 15.441855 0.556655 -69.911634 6.133805 11.453458 0.556655 -49.436224 3.047720 5.132784 0.556655 -47.329697 -1.807185 -4.248001 0.556655 -58.978457 -4.076029 -8.802454 0.556655  
 5 5 10  -46.589282 8.141141 9.999780 -0.159954 -26.537872 4.763621 5.657868 -0.159954 -2.227535 -0.204391 -0.665689 -0.159954 -31.684787 -5.178331 -7.079364 -0.159954 -51.614579 -8.541407 -11.401455 -0.159954  
 6 6 11  -31.221459 7.307919 9.909912 -0.159954 -10.601093 3.915209 5.141945 -0.159954 6.682189 -0.080883 -0.188596 -0.159954 -14.304441 -4.381525 -6.094315 -0.159954 -34.967341 -7.741928 -10.866002 -0.159954  
 7 7 12  -43.137012 7.545951 10.833146 -0.159954 -21.932584 4.268063 6.035268 -0.159954 2.467165 -0.101353 -0.188596 -0.159954 -26.029520 -4.804028 -7.021230 -0.159954 -47.140179 -8.066212 -11.802170 -0.159954  
 8 8 118  -41.191891 8.613392 10.872402 -0.159954 -39.261587 8.287403 10.445151 -0.159954 -36.430812 7.809507 9.818874 -0.159954 -33.595146 7.330979 9.191854 -0.159954 -31.656028 7.003839 8.763225 -0.159954  
 9 10 15  -13.377874 1.858554 2.950110 0.052886 -5.591112 0.689656 1.183319 0.052886 -7.410101 -1.091445 -1.525505 0.052886 -18.823896 -2.801522 -4.119590 0.052886 -26.522500 -3.957197 -5.871920 0.052886  
 10 11 16  -10.099581 1.701131 3.056125 0.052886 -1.915593 0.548278 1.096635 0.052886 -2.533754 -0.875207 -1.140130 0.052886 -14.642020 -2.614195 -3.991036 0.052886 -22.932128 -3.780077 -5.928194 0.052886  
 11 12 17  -12.679053 1.673141 3.277500 0.052886 -4.368183 0.559857 1.315755 0.052886 -5.073680 -0.995260 -1.334945 0.052886 -17.293496 -2.653247 -4.198851 0.052886 -25.565168 -3.762954 -6.141117 0.052886  
 12 13 18  -16.099384 1.836530 3.159641 0.052886 -8.609888 0.702647 1.394678 0.052886 -10.452111 -1.204771 -1.720352 0.052886 -21.607389 -2.836892 -4.320569 0.052886 -29.182601 -3.939760 -6.075930 0.052886  
 13 5 6  0.000000 18.508952 -0.000000 -0.920502 0.000000 11.135410 -0.000000 -0.920502 0.000000 0.337715 0.000000 -0.920502 0.000000 -10.459980 0.000000 -0.920502 0.000000 -17.833522 0.000000 -0.920502  
 14 6 7  0.000000 -11.389716 -0.000000 1.467805 0.000000 -6.735644 -0.000000 1.467805 0.000000 0.079702 0.000000 1.467805 0.000000 6.895049 0.000000 1.467805 0.000000 11.549121 0.000000 1.467805  
 15 7 8  0.000000 17.933612 0.000000 -0.480126 0.000000 10.519455 0.000000 -0.480126 0.000000 -0.337715 0.000000 -0.480126 0.000000 -11.194885 -0.000000 -0.480126 0.000000 -18.609042 -0.000000 -0.480126  
 16 8 5  0.000000 -11.649210 0.000000 0.388437 0.000000 -6.954524 0.000000 0.388437 0.000000 -0.079702 0.000000 0.388437 0.000000 6.795119 -0.000000 0.388437 0.000000 11.489805 -0.000000 0.388437  
 17 10 11  0.000000 14.333640 -0.000000 -0.545678 0.000000 8.561137 -0.000000 -0.545678 0.000000 0.107979 0.000000 -0.545678 0.000000 -8.345179 0.000000 -0.545678 0.000000 -14.117681 0.000000 -0.545678  
 18 11 12  0.000000 -9.770225 -0.000000 0.658020 0.000000 -5.796697 -0.000000 0.658020 0.000000 0.022073 0.000000 0.658020 0.000000 5.840843 0.000000 0.658020 0.000000 9.814371 0.000000 0.658020  
 19 12 13  0.000000 14.343536 0.000000 -0.113242 0.000000 8.479386 0.000000 -0.113242 0.000000 -0.107979 0.000000 -0.113242 0.000000 -8.695344 -0.000000 -0.113242 0.000000 -14.559494 -0.000000 -0.113242  
 20 13 10  0.000000 -10.040226 0.000000 -0.113839 0.000000 -5.975050 0.000000 -0.113839 0.000000 -0.022073 0.000000 -0.113839 0.000000 5.930904 -0.000000 -0.113839 0.000000 9.996079 -0.000000 -0.113839  
 21 15 16  0.000000 5.825316 -0.000000 -0.029119 0.000000 3.492069 -0.000000 -0.029119 0.000000 0.075300 0.000000 -0.029119 0.000000 -3.341470 0.000000 -0.029119 0.000000 -5.674717 0.000000 -0.029119  
 22 16 17  0.000000 -3.628507 -0.000000 0.052604 0.000000 -2.146879 -0.000000 0.052604 0.000000 0.022794 0.000000 0.052604 0.000000 2.192467 0.000000 0.052604 0.000000 3.674096 0.000000 0.052604  
 23 17 18  0.000000 5.902541 0.000000 -0.027652 0.000000 3.476847 0.000000 -0.027652 0.000000 -0.075300 0.000000 -0.027652 0.000000 -3.627446 -0.000000 -0.027652 0.000000 -6.053141 -0.000000 -0.027652  
 24 18 15  0.000000 -3.901921 0.000000 0.046729 0.000000 -2.327845 0.000000 0.046729 0.000000 -0.022794 0.000000 0.046729 0.000000 2.282256 -0.000000 0.046729 0.000000 3.856332 -0.000000 0.046729  
 118 118 128  -41.261861 6.837207 8.544880 -0.159954 -39.303220 6.511211 8.117617 -0.159954 -36.430853 6.033305 7.491327 -0.159954 -33.553554 5.554783 6.864309 -0.159954 -31.585877 5.227658 6.435716 -0.159954  
 128 128 138  -40.872508 5.058214 6.215612 -0.159954 -39.033960 4.735722 5.789762 -0.159954 -36.396326 4.258875 5.165001 -0.159954 -33.806893 3.777484 4.538707 -0.159954 -32.090294 3.450839 4.103743 -0.159954  
 138 138 148  -38.336062 3.239437 3.836976 -0.159954 -37.346927 2.955848 3.460940 -0.159954 -36.151722 2.517503 2.877120 -0.159954 -35.430840 2.017648 2.224739 -0.159954 -35.341506 1.608008 1.707276 -0.159954  
 148 148 158  -36.414886 1.509528 1.563348 -0.159954 -36.424669 1.182471 1.134815 -0.159954 -36.431478 0.704193 0.508069 -0.159954 -36.432500 0.226182 -0.118259 -0.159954 -36.430552 -0.100186 -0.546099 -0.159954  
 158 158 168  -36.418536 -0.258214 -0.755017 -0.159954 -36.410577 -0.591072 -1.189903 -0.159954 -36.393905 -1.078699 -1.826636 -0.159954 -36.396740 -1.561422 -2.458244 -0.159954 -36.617829 -1.851051 -2.846136 -0.159954  
 168 168 178  -33.457398 -2.023591 -3.062819 -0.159954 -34.462782 -2.374311 -3.526572 -0.159954 -36.279164 -2.858465 -4.162978 -0.159954 -38.348994 -3.325865 -4.772255 -0.159954 -39.845464 -3.638989 -5.181137 -0.159954  
 178 178 188  -31.683293 -3.819908 -5.417958 -0.159954 -33.603738 -4.146281 -5.847599 -0.159954 -36.423626 -4.623403 -6.475856 -0.159954 -39.252357 -5.102522 -7.100950 -0.159954 -41.183168 -5.429681 -7.527071 -0.159954  
 188 188 198  -31.605606 -5.595137 -7.746603 -0.159954 -33.565075 -5.922223 -8.175256 -0.159954 -36.430853 -6.400755 -8.802285 -0.159954 -39.291615 -6.878666 -9.428552 -0.159954 -41.242301 -7.204667 -9.855782 -0.159954  
 198 198 13  -31.676333 -7.370317 -10.075169 -0.159954 -33.601821 -7.698236 -10.502894 -0.159954 -36.424853 -8.178082 -11.128781 -0.159954 -39.255169 -8.654724 -11.756222 -0.159954 -41.185374 -8.979792 -12.184309 -0.159954  
