 1 1 5  -39.109669 -3.890170 -4.688320 -0.069062 -35.144205 -2.882176 -3.547105 -0.069062 -32.529241 -1.032761 -1.443557 -0.069062 -32.535898 1.241738 1.127052 -0.069062 -33.586556 2.600973 2.684056 -0.069062  
 2 2 6  -45.435322 -4.094871 -4.887608 -0.069062 -42.058997 -3.042462 -3.707839 -0.069062 -40.581543 -1.033652 -1.460837 -0.069062 -40.590342 1.242136 1.069894 -0.069062 -40.919830 2.722371 2.724509 -0.069062  
 3 3 7  -42.360495 -4.013810 -4.777368 -0.069062 -38.687236 -2.978293 -3.627896 -0.069062 -36.719347 -1.026820 -1.460104 -0.069062 -36.727182 1.264749 1.069604 -0.069062 -37.338376 2.705295 2.675049 -0.069062  
 4 4 8  -36.133417 -3.797043 -4.562662 -0.069062 -31.881772 -2.800801 -3.443912 -0.069062 -28.578498 -1.025826 -1.442744 -0.069062 -28.585795 1.264009 1.126412 -0.069062 -30.155056 2.553224 2.603271 -0.069062  
 5 5 10  -22.619015 -0.901205 -2.377268 -0.033879 -22.085860 -0.330026 -1.328519 -0.033879 -22.108534 0.626825 0.371881 -0.033879 -22.674617 1.480754 1.959846 -0.033879 -24.493172 1.883033 2.807401 -0.033879  
 6 6 11  -26.302322 -0.954794 -2.352788 -0.033879 -26.165638 -0.330426 -1.264687 -0.033879 -26.189380 0.626807 0.379488 -0.033879 -26.406514 1.537397 1.973776 -0.033879 -27.792509 1.977305 2.846460 -0.033879  
 7 7 12  -25.316393 -0.979615 -2.335379 -0.033879 -25.091283 -0.355493 -1.264271 -0.033879 -25.113957 0.622637 0.379411 -0.033879 -25.406013 1.540746 1.959993 -0.033879 -26.903950 1.981994 2.816540 -0.033879  
 8 8 118  -22.045382 -1.012281 -2.548000 -0.033879 -21.828520 -0.956482 -2.448727 -0.033879 -21.535651 -0.874553 -2.299173 -0.033879 -21.298653 -0.787323 -2.141248 -0.033879 -21.161199 -0.726628 -2.028917 -0.033879  
 9 10 15  -11.278565 0.657925 -0.723449 -0.000825 -11.251246 0.549777 -0.212996 -0.000825 -11.257457 0.378548 0.548102 -0.000825 -11.427507 0.188325 1.269609 -0.000825 -12.163100 0.074530 1.639654 -0.000825  
 10 11 16  -12.521555 0.666478 -0.679139 -0.000825 -12.538607 0.549784 -0.177408 -0.000825 -12.544118 0.378612 0.557704 -0.000825 -12.592382 0.197434 1.278560 -0.000825 -13.157422 0.076616 1.661885 -0.000825  
 11 12 17  -12.486422 0.654129 -0.679324 -0.000825 -12.504658 0.539981 -0.177357 -0.000825 -12.510458 0.373095 0.557608 -0.000825 -12.560491 0.195978 1.278137 -0.000825 -13.129800 0.077785 1.660667 -0.000825  
 12 13 18  -11.245507 0.645972 -0.723985 -0.000825 -11.221491 0.539975 -0.212945 -0.000825 -11.227637 0.373033 0.548007 -0.000825 -11.400708 0.186975 1.268963 -0.000825 -12.138889 0.075735 1.638558 -0.000825  
 13 5 6  0.000000 -5.003830 -0.000000 -0.084461 0.000000 -2.967898 -0.000000 -0.084461 0.000000 0.013489 0.000000 -0.084461 0.000000 2.994875 0.000000 -0.084461 0.000000 5.030808 0.000000 -0.084461  
 14 6 7  0.000000 3.587196 -0.000000 0.035389 0.000000 2.133753 -0.000000 0.035389 0.000000 0.005354 0.000000 0.035389 0.000000 -2.123045 0.000000 0.035389 0.000000 -3.576489 0.000000 0.035389  
 15 7 8  0.000000 -5.029695 0.000000 -0.107047 0.000000 -2.994214 0.000000 -0.107047 0.000000 -0.013489 0.000000 -0.107047 0.000000 2.967237 -0.000000 -0.107047 0.000000 5.002718 -0.000000 -0.107047  
 16 8 5  0.000000 3.575376 0.000000 0.063889 0.000000 2.122384 0.000000 0.063889 0.000000 -0.005354 0.000000 0.063889 0.000000 -2.133092 -0.000000 0.063889 0.000000 -3.586084 -0.000000 0.063889  
 17 10 11  0.000000 -3.635553 -0.000000 -0.041422 0.000000 -2.156951 -0.000000 -0.041422 0.000000 0.008291 0.000000 -0.041422 0.000000 2.173532 0.000000 -0.041422 0.000000 3.652135 0.000000 -0.041422  
 18 11 12  0.000000 1.370824 -0.000000 0.011296 0.000000 0.815631 -0.000000 0.011296 0.000000 0.002615 0.000000 0.011296 0.000000 -0.810401 0.000000 0.011296 0.000000 -1.365595 0.000000 0.011296  
 19 12 13  0.000000 -3.649348 0.000000 -0.071541 0.000000 -2.171876 0.000000 -0.071541 0.000000 -0.008291 0.000000 -0.071541 0.000000 2.155294 -0.000000 -0.071541 0.000000 3.632766 -0.000000 -0.071541  
 20 13 10  0.000000 1.362807 0.000000 0.052854 0.000000 0.808745 0.000000 0.052854 0.000000 -0.002615 0.000000 0.052854 0.000000 -0.813974 -0.000000 0.052854 0.000000 -1.368037 -0.000000 0.052854  
 21 15 16  0.000000 -1.678608 0.000000 -0.000938 0.000000 -0.996675 0.000000 -0.000938 0.000000 0.001936 0.000000 -0.000938 0.000000 1.000547 -0.000000 -0.000938 0.000000 1.682479 -0.000000 -0.000938  
 22 16 17  0.000000 0.042884 0.000000 -0.001111 0.000000 0.025078 0.000000 -0.001111 0.000000 -0.000997 0.000000 -0.001111 0.000000 -0.027071 -0.000000 -0.001111 0.000000 -0.044877 -0.000000 -0.001111  
 23 17 18  0.000000 -1.679742 -0.000000 -0.000937 0.000000 -0.998920 -0.000000 -0.000937 0.000000 -0.001936 0.000000 -0.000937 0.000000 0.995048 0.000000 -0.000937 0.000000 1.675870 0.000000 -0.000937  
 24 18 15  0.000000 0.042140 -0.000000 -0.001104 0.000000 0.025445 -0.000000 -0.001104 0.000000 0.000997 0.000000 -0.001104 0.000000 -0.023451 0.000000 -0.001104 0.000000 -0.040146 0.000000 -0.001104  
 118 118 128  -21.650004 -0.694197 -1.974422 -0.033879 -21.590857 -0.642333 -1.877308 -0.033879 -21.538796 -0.561883 -1.727943 -0.033879 -21.539472 -0.471964 -1.567789 -0.033879 -21.542647 -0.409996 -1.457788 -0.033879  
 128 128 138  -21.559222 -0.385139 -1.409678 -0.033879 -21.561681 -0.327269 -1.304504 -0.033879 -21.565149 -0.242523 -1.150484 -0.033879 -21.568440 -0.157772 -0.996459 -0.033879 -21.570574 -0.099892 -0.891275 -0.033879  
 138 138 148  -21.560382 -0.070361 -0.837601 -0.033879 -21.562380 -0.012492 -0.732429 -0.033879 -21.565141 0.072256 -0.578409 -0.033879 -21.567745 0.157006 -0.424384 -0.033879 -21.569426 0.214885 -0.319198 -0.033879  
 148 148 158  -21.562532 0.244423 -0.265495 -0.033879 -21.564079 0.302271 -0.160353 -0.033879 -21.565762 0.387043 -0.006363 -0.033879 -21.566115 0.471805 0.147695 -0.033879 -21.565645 0.529625 0.252904 -0.033879  
 158 158 168  -21.568017 0.559157 0.306499 -0.033879 -21.567118 0.617072 0.411725 -0.033879 -21.565317 0.701834 0.565778 -0.033879 -21.563035 0.786561 0.719766 -0.033879 -21.561311 0.844414 0.824907 -0.033879  
 168 168 178  -21.559932 0.871865 0.876458 -0.033879 -21.558018 0.931404 0.983351 -0.033879 -21.554979 1.018594 1.139864 -0.033879 -21.569176 1.102336 1.292879 -0.033879 -21.600194 1.155390 1.393080 -0.033879  
 178 178 188  -21.296584 1.183952 1.444655 -0.033879 -21.380194 1.247234 1.556471 -0.033879 -21.539489 1.334528 1.714059 -0.033879 -21.744865 1.416161 1.864103 -0.033879 -21.905049 1.469885 1.963553 -0.033879  
 188 188 198  -20.936962 1.501966 2.019829 -0.033879 -21.174728 1.562001 2.128084 -0.033879 -21.549329 1.646658 2.284254 -0.033879 -21.952704 1.730844 2.435937 -0.033879 -22.236250 1.787999 2.538463 -0.033879  
 198 198 13  -20.690076 1.818977 2.592978 -0.033879 -21.036945 1.876155 2.700149 -0.033879 -21.555702 1.960371 2.855474 -0.033879 -22.093046 2.045749 3.007937 -0.033879 -22.462666 2.104108 3.111690 -0.033879  
