 1 1 5  -45.403868 8.355891 -8.281605 0.628393 -32.987048 5.642590 -5.877315 0.628393 -14.450472 1.507363 -2.383916 0.628393 -17.316326 -3.164803 1.757339 0.628393 -29.970392 -5.857429 4.273592 0.628393  
 2 2 6  -58.744373 9.175077 -8.730452 0.628393 -47.258127 6.407481 -6.485090 0.628393 -32.076794 1.948613 -3.210491 0.628393 -33.252165 -4.073680 1.725530 0.628393 -43.873062 -6.841746 4.237238 0.628393  
 3 3 7  -64.001567 9.329987 -9.047771 0.628393 -52.891045 6.583835 -6.804138 0.628393 -39.541654 2.080966 -3.358677 0.628393 -40.143840 -4.179681 1.876585 0.628393 -49.352821 -7.011491 4.468959 0.628393  
 4 4 8  -51.213251 8.571254 -8.655386 0.628393 -38.953870 5.888357 -6.249650 0.628393 -21.545066 1.736704 -2.747489 0.628393 -23.746708 -3.478359 1.966033 0.628393 -35.738679 -6.128444 4.537272 0.628393  
 5 5 10  -29.459431 0.863949 -7.052290 0.414803 -18.004605 0.091064 -4.079000 0.414803 -8.048639 -1.234712 0.750851 0.414803 -23.884639 -2.155601 5.309649 0.414803 -35.291154 -2.896104 8.279337 0.414803  
 6 6 11  -34.557801 0.927401 -7.027008 0.414803 -24.392865 0.107414 -4.282238 0.414803 -17.875976 -1.556794 1.005564 0.414803 -30.284897 -2.343794 5.527109 0.414803 -40.534471 -3.055400 8.278166 0.414803  
 7 7 12  -35.357685 0.841877 -7.092739 0.414803 -25.283519 0.027205 -4.346149 0.414803 -19.085263 -1.628364 1.016140 0.414803 -31.152383 -2.362145 5.591348 0.414803 -41.336077 -3.052683 8.344586 0.414803  
 8 8 118  -23.702800 0.701863 -7.381929 0.414803 -22.578272 0.633140 -7.090326 0.414803 -20.930607 0.532616 -6.662892 0.414803 -19.281635 0.432213 -6.234972 0.414803 -18.153636 0.363754 -5.942440 0.414803  
 9 10 15  -10.753449 -1.383861 0.349457 0.010388 -10.817940 -1.057656 0.781001 0.010388 -11.122588 -0.496932 1.382617 0.010388 -12.000476 -0.018611 1.819063 0.010388 -12.693636 0.259902 2.062337 0.010388  
 10 11 16  -12.409042 -1.385468 0.807440 0.010388 -12.565626 -1.038924 1.140145 0.010388 -12.720266 -0.499269 1.574417 0.010388 -13.176652 -0.020512 1.888941 0.010388 -13.577731 0.268606 2.052211 0.010388  
 11 12 17  -12.090883 -1.336689 0.807585 0.010388 -12.270511 -0.999529 1.138629 0.010388 -12.465173 -0.475544 1.567113 0.010388 -12.963753 -0.013504 1.878309 0.010388 -13.365036 0.262277 2.040751 0.010388  
 12 13 18  -10.421594 -1.336369 0.348772 0.010388 -10.515361 -1.018373 0.779770 0.010388 -10.859780 -0.472500 1.375404 0.010388 -11.788561 -0.011907 1.807531 0.010388 -12.487067 0.254427 2.049964 0.010388  
 13 5 6  0.000000 -11.467713 -0.000000 0.571327 0.000000 -6.762801 -0.000000 0.571327 0.000000 0.126994 0.000000 0.571327 0.000000 7.016790 0.000000 0.571327 0.000000 11.721702 0.000000 0.571327  
 14 6 7  0.000000 -7.473126 -0.000000 -0.167272 0.000000 -4.429397 -0.000000 -0.167272 0.000000 0.027790 0.000000 -0.167272 0.000000 4.484977 0.000000 -0.167272 0.000000 7.528706 0.000000 -0.167272  
 15 7 8  0.000000 -11.740231 0.000000 0.570645 0.000000 -7.027801 0.000000 0.570645 0.000000 -0.126994 0.000000 0.570645 0.000000 6.773812 -0.000000 0.570645 0.000000 11.486242 -0.000000 0.570645  
 16 8 5  0.000000 -7.510177 0.000000 0.101459 0.000000 -4.473967 0.000000 0.101459 0.000000 -0.027790 0.000000 0.101459 0.000000 4.418386 -0.000000 0.101459 0.000000 7.454597 -0.000000 0.101459  
 17 10 11  0.000000 -7.669175 0.000000 0.150077 0.000000 -4.515817 0.000000 0.150077 0.000000 0.101910 0.000000 0.150077 0.000000 4.719636 -0.000000 0.150077 0.000000 7.872994 -0.000000 0.150077  
 18 11 12  0.000000 -1.682991 0.000000 -0.045362 0.000000 -1.004762 0.000000 -0.045362 0.000000 -0.011574 0.000000 -0.045362 0.000000 0.981614 -0.000000 -0.045362 0.000000 1.659844 -0.000000 -0.045362  
 19 12 13  0.000000 -7.876264 -0.000000 0.227796 0.000000 -4.721579 -0.000000 0.227796 0.000000 -0.101910 0.000000 0.227796 0.000000 4.517760 0.000000 0.227796 0.000000 7.672445 0.000000 0.227796  
 20 13 10  0.000000 -1.656574 -0.000000 0.398490 0.000000 -0.979671 -0.000000 0.398490 0.000000 0.011574 0.000000 0.398490 0.000000 1.002818 0.000000 0.398490 0.000000 1.679721 0.000000 0.398490  
 21 15 16  0.000000 -2.036976 0.000000 -0.001543 0.000000 -1.220938 0.000000 -0.001543 0.000000 -0.025946 0.000000 -0.001543 0.000000 1.169046 -0.000000 -0.001543 0.000000 1.985083 -0.000000 -0.001543  
 22 16 17  0.000000 0.360081 0.000000 0.008562 0.000000 0.215398 0.000000 0.008562 0.000000 0.003526 0.000000 0.008562 0.000000 -0.208345 -0.000000 0.008562 0.000000 -0.353028 -0.000000 0.008562  
 23 17 18  0.000000 -1.988289 -0.000000 -0.001210 0.000000 -1.170951 -0.000000 -0.001210 0.000000 0.025946 0.000000 -0.001210 0.000000 1.222843 0.000000 -0.001210 0.000000 2.040181 0.000000 -0.001210  
 24 18 15  0.000000 0.356233 -0.000000 0.008968 0.000000 0.210250 -0.000000 0.008968 0.000000 -0.003526 0.000000 0.008968 0.000000 -0.217302 0.000000 0.008968 0.000000 -0.363286 0.000000 0.008968  
 118 118 128  -23.692044 0.328779 -5.793386 0.414803 -22.573129 0.260008 -5.501820 0.414803 -20.931714 0.159456 -5.074404 0.414803 -19.286838 0.059089 -4.646455 0.414803 -18.161612 -0.009340 -4.353911 0.414803  
 128 128 138  -23.363752 -0.048136 -4.200187 0.414803 -22.332544 -0.112020 -3.913881 0.414803 -20.897382 -0.212454 -3.488689 0.414803 -19.509488 -0.312683 -3.058947 0.414803 -18.608571 -0.386562 -2.760194 0.414803  
 138 138 148  -21.459658 -0.415037 -2.576639 0.414803 -21.096461 -0.481838 -2.331173 0.414803 -20.811017 -0.593516 -1.921812 0.414803 -20.730702 -0.690762 -1.469757 0.414803 -20.750074 -0.743547 -1.144427 0.414803  
 148 148 158  -20.914593 -0.790530 -1.028143 0.414803 -20.924235 -0.859358 -0.736201 0.414803 -20.934557 -0.960031 -0.308751 0.414803 -20.935447 -1.060232 0.119088 0.414803 -20.932810 -1.128702 0.411423 0.414803  
 158 158 168  -20.709541 -1.138171 0.531061 0.414803 -20.702114 -1.234792 0.853933 0.414803 -20.814233 -1.351274 1.301511 0.414803 -21.141009 -1.433418 1.709009 0.414803 -21.460228 -1.479042 1.970884 0.414803  
 168 168 178  -18.936376 -1.543498 2.133525 0.414803 -19.675541 -1.605456 2.442952 0.414803 -20.870490 -1.700769 2.878444 0.414803 -22.173111 -1.806881 3.295392 0.414803 -23.087143 -1.881010 3.576512 0.414803  
 178 178 188  -18.211938 -1.910596 3.736561 0.414803 -19.316070 -1.978880 4.029248 0.414803 -20.929584 -2.078848 4.457452 0.414803 -22.541334 -2.179054 4.885001 0.414803 -23.652011 -2.249608 5.175570 0.414803  
 188 188 198  -18.167305 -2.281892 5.326023 0.414803 -19.286454 -2.351787 5.617873 0.414803 -20.925094 -2.453661 6.045088 0.414803 -22.574866 -2.552576 6.473302 0.414803 -23.699511 -2.620167 6.765422 0.414803  
 198 198 13  -18.207950 -2.656435 6.913824 0.414803 -19.314197 -2.724995 7.206343 0.414803 -20.931540 -2.825431 7.634280 0.414803 -22.545729 -2.925912 8.061709 0.414803 -23.646205 -2.994555 8.353298 0.414803  
