 1 1 5  -55.983615 6.445096 -15.715229 0.515708 -34.589981 4.138703 -10.359701 0.515708 -3.134042 0.809730 -2.415852 0.515708 -9.307043 -2.037417 3.846697 0.515708 -30.902073 -4.360248 9.252876 0.515708  
 2 2 6  -79.814766 7.070291 -17.153113 0.515708 -60.059942 4.739448 -12.222744 0.515708 -31.513000 1.239843 -4.891197 0.515708 -33.182947 -2.904054 4.793611 0.515708 -52.454545 -5.117122 9.897292 0.515708  
 3 3 7  -82.861933 7.091624 -17.418094 0.515708 -63.241394 4.757769 -12.478643 0.515708 -35.111009 1.260373 -5.095009 0.515708 -36.795618 -3.016095 4.975794 0.515708 -55.638047 -5.202695 10.129309 0.515708  
 4 4 8  -59.678753 6.473372 -16.055025 0.515708 -38.146886 4.175683 -10.684388 0.515708 -6.174538 0.857939 -2.701647 0.515708 -12.516305 -2.151949 4.126612 0.515708 -34.426995 -4.463688 9.558024 0.515708  
 5 5 10  -33.824220 0.660938 -9.973945 0.757130 -15.644289 0.015192 -5.231663 0.757130 0.331800 -0.616368 0.744642 0.757130 -25.178673 -1.782590 7.580474 0.757130 -43.289167 -2.452649 12.308128 0.757130  
 6 6 11  -41.207372 0.699846 -9.467988 0.757130 -25.470424 0.019583 -5.328731 0.757130 -14.083933 -1.195535 1.834648 0.757130 -36.476536 -1.978736 8.046335 0.757130 -52.246278 -2.627202 12.172511 0.757130  
 7 7 12  -40.564548 0.713167 -9.415982 0.757130 -24.785566 0.031074 -5.279611 0.757130 -13.268276 -1.159094 1.800700 0.757130 -35.832183 -1.955641 8.001046 0.757130 -51.617753 -2.612264 12.124980 0.757130  
 8 8 118  -21.741359 0.599545 -9.859737 0.757130 -20.255454 0.544614 -9.461312 0.757130 -18.087913 0.461994 -8.878089 0.757130 -15.917227 0.379526 -8.294315 0.757130 -14.433043 0.323305 -7.895340 0.757130  
 9 10 15  -10.681837 -2.028321 -0.463733 -0.057639 -8.714461 -1.459981 0.377632 -0.057639 -9.596756 -0.345002 1.710910 -0.057639 -13.561252 0.603997 2.766839 -0.057639 -16.444533 1.209776 3.450166 -0.057639  
 10 11 16  -12.776417 -2.185559 0.232842 -0.057639 -11.610227 -1.538990 0.983120 -0.057639 -12.584340 -0.359185 2.071284 -0.057639 -15.529145 0.628661 2.887646 -0.057639 -17.772232 1.254605 3.403137 -0.057639  
 11 12 17  -11.869474 -2.138470 0.226381 -0.057639 -10.585682 -1.502769 0.949172 -0.057639 -11.585629 -0.348239 2.007723 -0.057639 -14.611542 0.634454 2.820627 -0.057639 -16.878082 1.260098 3.336046 -0.057639  
 12 13 18  -9.762312 -1.974073 -0.451666 -0.057639 -7.715589 -1.401933 0.362360 -0.057639 -8.583179 -0.332708 1.638991 -0.057639 -12.615017 0.609222 2.693518 -0.057639 -15.517120 1.216995 3.376449 -0.057639  
 13 5 6  0.000000 -19.178158 0.000000 0.434691 0.000000 -11.235954 0.000000 0.434691 0.000000 0.394479 0.000000 0.434691 0.000000 12.024912 -0.000000 0.434691 0.000000 19.967116 -0.000000 0.434691  
 14 6 7  0.000000 -5.644992 -0.000000 -0.085055 0.000000 -3.357584 -0.000000 -0.085055 0.000000 -0.007940 0.000000 -0.085055 0.000000 3.341704 0.000000 -0.085055 0.000000 5.629112 0.000000 -0.085055  
 15 7 8  0.000000 -19.984734 -0.000000 0.576580 0.000000 -12.035381 -0.000000 0.576580 0.000000 -0.394479 0.000000 0.576580 0.000000 11.246423 0.000000 0.576580 0.000000 19.195776 0.000000 0.576580  
 16 8 5  0.000000 -5.611494 0.000000 0.395509 0.000000 -3.331235 0.000000 0.395509 0.000000 0.007940 0.000000 0.395509 0.000000 3.347115 -0.000000 0.395509 0.000000 5.627374 -0.000000 0.395509  
 17 10 11  0.000000 -11.792203 0.000000 0.114088 0.000000 -6.930610 0.000000 0.114088 0.000000 0.188627 0.000000 0.114088 0.000000 7.307863 -0.000000 0.114088 0.000000 12.169456 -0.000000 0.114088  
 18 11 12  0.000000 -0.353997 0.000000 0.033701 0.000000 -0.209157 0.000000 0.033701 0.000000 0.002945 0.000000 0.033701 0.000000 0.215047 -0.000000 0.033701 0.000000 0.359887 -0.000000 0.033701  
 19 12 13  0.000000 -12.177868 -0.000000 0.125757 0.000000 -7.312862 -0.000000 0.125757 0.000000 -0.188627 0.000000 0.125757 0.000000 6.935609 0.000000 0.125757 0.000000 11.800615 0.000000 0.125757  
 20 13 10  0.000000 -0.351475 -0.000000 0.737888 0.000000 -0.210048 -0.000000 0.737888 0.000000 -0.002945 0.000000 0.737888 0.000000 0.204158 0.000000 0.737888 0.000000 0.345585 0.000000 0.737888  
 21 15 16  0.000000 -3.377333 -0.000000 -0.041349 0.000000 -2.020206 -0.000000 -0.041349 0.000000 -0.032850 0.000000 -0.041349 0.000000 1.954505 0.000000 -0.041349 0.000000 3.311633 0.000000 -0.041349  
 22 16 17  0.000000 1.336282 -0.000000 0.045583 0.000000 0.795607 -0.000000 0.045583 0.000000 0.003852 0.000000 0.045583 0.000000 -0.787903 0.000000 0.045583 0.000000 -1.328578 0.000000 0.045583  
 23 17 18  0.000000 -3.318792 0.000000 -0.043291 0.000000 -1.958759 0.000000 -0.043291 0.000000 0.032850 0.000000 -0.043291 0.000000 2.024460 -0.000000 -0.043291 0.000000 3.384492 -0.000000 -0.043291  
 24 18 15  0.000000 1.335737 0.000000 0.053465 0.000000 0.792158 0.000000 0.053465 0.000000 -0.003852 0.000000 0.053465 0.000000 -0.799861 -0.000000 0.053465 0.000000 -1.343441 -0.000000 0.053465  
 118 118 128  -21.757109 0.294926 -7.691907 0.757130 -20.269695 0.238584 -7.293890 0.757130 -18.088856 0.156225 -6.710584 0.757130 -15.904778 0.074044 -6.126730 0.757130 -14.411409 0.018028 -5.727705 0.757130  
 128 128 138  -21.873127 -0.010693 -5.524341 0.757130 -20.338767 -0.066999 -5.126331 0.757130 -18.088921 -0.149309 -4.543032 0.757130 -15.835459 -0.231442 -3.959180 0.757130 -14.295734 -0.287707 -3.560128 0.757130  
 138 138 148  -20.512070 -0.336496 -3.311683 0.757130 -19.380662 -0.373000 -2.953722 0.757130 -17.859996 -0.437992 -2.412822 0.757130 -16.710948 -0.535395 -1.812101 0.757130 -16.373364 -0.615970 -1.316824 0.757130  
 148 148 158  -18.071857 -0.621697 -1.189533 0.757130 -18.081499 -0.678104 -0.791130 0.757130 -18.091821 -0.760588 -0.207780 0.757130 -18.092711 -0.842600 0.375959 0.757130 -18.090073 -0.898649 0.774755 0.757130  
 158 158 168  -16.766548 -0.908591 0.911889 0.757130 -17.008823 -0.994023 1.388331 0.757130 -17.858276 -1.069340 1.999027 0.757130 -19.097626 -1.143738 2.543148 0.757130 -20.093039 -1.203286 2.890908 0.757130  
 168 168 178  -14.350215 -1.232967 3.144848 0.757130 -15.856331 -1.289615 3.543906 0.757130 -18.083604 -1.371092 4.128042 0.757130 -20.315184 -1.453789 4.711120 0.757130 -21.836890 -1.510305 5.108984 0.757130  
 178 178 188  -14.361789 -1.538490 5.312636 0.757130 -15.874804 -1.594727 5.711572 0.757130 -18.087729 -1.677178 6.295316 0.757130 -20.297445 -1.759745 6.878526 0.757130 -21.813928 -1.814815 7.277084 0.757130  
 188 188 198  -14.442735 -1.842239 7.481377 0.757130 -15.907526 -1.901383 7.878482 0.757130 -18.085294 -1.983019 8.462658 0.757130 -20.261102 -2.064677 9.046376 0.757130 -21.746144 -2.120633 9.444698 0.757130  
 198 198 13  -14.540254 -2.147647 9.649129 0.757130 -15.970351 -2.205658 10.046628 0.757130 -18.076901 -2.290348 10.629319 0.757130 -20.202502 -2.370555 11.213781 0.757130 -21.660243 -2.424117 11.613340 0.757130  
