 1 1 5  -39.269522 5.378110 4.067637 0.085576 -35.603970 4.292506 3.222967 0.085576 -31.201196 2.366223 1.693816 0.085576 -30.840607 -0.496841 -0.658267 0.085576 -30.670236 -2.290226 -2.107163 0.085576  
 2 2 6  -30.753150 4.970752 3.860014 0.085576 -26.240178 3.893114 2.976023 0.085576 -19.432237 2.128774 1.479711 0.085576 -17.631161 -0.520035 -0.755289 0.085576 -19.740935 -2.033098 -1.962530 0.085576  
 3 3 7  -43.998180 5.469664 4.336683 0.085576 -40.777158 4.430703 3.439144 0.085576 -37.444996 2.493554 1.718016 0.085576 -37.320792 -0.243527 -0.737268 0.085576 -36.538814 -2.048351 -2.319961 0.085576  
 4 4 8  -52.913593 5.777283 4.500247 0.085576 -50.635457 4.683912 3.598435 0.085576 -49.562090 2.491664 1.730651 0.085576 -49.459557 -0.220646 -0.638203 0.085576 -48.357402 -2.045534 -2.214673 0.085576  
 5 5 10  -32.794572 6.377976 3.725243 0.055790 -23.473658 4.147790 2.360138 0.055790 -12.858611 0.398268 0.087354 0.055790 -21.560996 -3.623603 -2.253633 0.055790 -30.740253 -5.841173 -3.596870 0.055790  
 6 6 11  -27.262440 5.975777 3.642629 0.055790 -17.629471 3.742809 2.239934 0.055790 -3.542365 0.385515 0.073688 0.055790 -15.745784 -3.235540 -2.134595 0.055790 -25.242110 -5.457133 -3.516685 0.055790  
 7 7 12  -35.617576 6.262831 3.968184 0.055790 -26.946255 4.170425 2.568728 0.055790 -18.754675 0.427291 0.080746 0.055790 -25.136466 -3.583271 -2.505396 0.055790 -33.529456 -5.683592 -3.867155 0.055790  
 8 8 118  -35.539332 7.187873 4.447084 0.055790 -34.442706 6.932658 4.283887 0.055790 -32.835881 6.558413 4.044115 0.055790 -31.224848 6.183481 3.803609 0.055790 -30.121626 5.927023 3.638976 0.055790  
 9 10 15  -16.559944 3.898403 2.195322 -0.028942 -8.493009 2.013981 1.105466 -0.028942 -3.247621 -0.748921 -0.497521 -0.028942 -15.089996 -3.513856 -2.095367 -0.028942 -23.057558 -5.383823 -3.172426 -0.028942  
 10 11 16  -14.238487 3.709527 2.213750 -0.028942 -6.163920 1.823459 1.086349 -0.028942 -0.996360 -0.571861 -0.399227 -0.028942 -12.715106 -3.326283 -2.067643 -0.028942 -20.736013 -5.196889 -3.184302 -0.028942  
 11 12 17  -17.368433 3.651792 2.366538 -0.028942 -9.805966 1.918819 1.241787 -0.028942 -5.396365 -0.905802 -0.566169 -0.028942 -16.455736 -3.447921 -2.220547 -0.028942 -23.936157 -5.164210 -3.335078 -0.028942  
 12 13 18  -19.511700 3.813094 2.344053 -0.028942 -12.131820 2.082214 1.252634 -0.028942 -8.125673 -1.044654 -0.652935 -0.028942 -18.676010 -3.606247 -2.246117 -0.028942 -26.052698 -5.326141 -3.315829 -0.028942  
 13 5 6  0.000000 5.970555 -0.000000 -0.364711 0.000000 3.554860 -0.000000 -0.364711 0.000000 0.017356 0.000000 -0.364711 0.000000 -3.520148 0.000000 -0.364711 0.000000 -5.935842 0.000000 -0.364711  
 14 6 7  0.000000 -8.365295 -0.000000 0.353827 0.000000 -4.945620 -0.000000 0.353827 0.000000 0.062096 0.000000 0.353827 0.000000 5.069812 0.000000 0.353827 0.000000 8.489487 0.000000 0.353827  
 15 7 8  0.000000 5.947764 0.000000 -0.074971 0.000000 3.527231 0.000000 -0.074971 0.000000 -0.017356 0.000000 -0.074971 0.000000 -3.561944 -0.000000 -0.074971 0.000000 -5.982476 -0.000000 -0.074971  
 16 8 5  0.000000 -8.501408 0.000000 0.218445 0.000000 -5.076896 0.000000 0.218445 0.000000 -0.062096 0.000000 0.218445 0.000000 4.952704 -0.000000 0.218445 0.000000 8.377216 -0.000000 0.218445  
 17 10 11  0.000000 6.155078 -0.000000 -0.367221 0.000000 3.665986 -0.000000 -0.367221 0.000000 0.021000 0.000000 -0.367221 0.000000 -3.623986 0.000000 -0.367221 0.000000 -6.113078 0.000000 -0.367221  
 18 11 12  0.000000 -9.611568 -0.000000 0.318100 0.000000 -5.678606 -0.000000 0.318100 0.000000 0.080759 0.000000 0.318100 0.000000 5.840124 0.000000 0.318100 0.000000 9.773085 0.000000 0.318100  
 19 12 13  0.000000 6.143244 0.000000 -0.151273 0.000000 3.641911 0.000000 -0.151273 0.000000 -0.021000 0.000000 -0.151273 0.000000 -3.683911 -0.000000 -0.151273 0.000000 -6.185244 -0.000000 -0.151273  
 20 13 10  0.000000 -9.803251 0.000000 0.242083 0.000000 -5.858049 0.000000 0.242083 0.000000 -0.080759 0.000000 0.242083 0.000000 5.696531 -0.000000 0.242083 0.000000 9.641734 -0.000000 0.242083  
 21 15 16  0.000000 3.233920 0.000000 -0.138193 0.000000 1.928593 0.000000 -0.138193 0.000000 0.017092 0.000000 -0.138193 0.000000 -1.894408 -0.000000 -0.138193 0.000000 -3.199735 -0.000000 -0.138193  
 22 16 17  0.000000 -5.155155 -0.000000 0.111683 0.000000 -3.036080 -0.000000 0.111683 0.000000 0.067059 0.000000 0.111683 0.000000 3.170198 0.000000 0.111683 0.000000 5.289273 0.000000 0.111683  
 23 17 18  0.000000 3.236199 -0.000000 -0.113294 0.000000 1.916075 -0.000000 -0.113294 0.000000 -0.017092 0.000000 -0.113294 0.000000 -1.950260 0.000000 -0.113294 0.000000 -3.270384 0.000000 -0.113294  
 24 18 15  0.000000 -5.325737 0.000000 0.106723 0.000000 -3.191865 0.000000 0.106723 0.000000 -0.067059 0.000000 0.106723 0.000000 3.057748 -0.000000 0.106723 0.000000 5.191619 -0.000000 0.106723  
 118 118 128  -35.359407 5.796393 3.553907 0.055790 -34.331061 5.541312 3.391752 0.055790 -32.821627 5.167119 3.153773 0.055790 -31.337766 4.792203 2.911807 0.055790 -30.333204 4.535461 2.745398 0.055790  
 128 128 138  -34.633198 4.395878 2.658967 0.055790 -33.859051 4.149506 2.500096 0.055790 -32.770973 3.783268 2.264097 0.055790 -31.796909 3.402975 2.020467 0.055790 -31.207035 3.131852 1.850080 0.055790  
 138 138 148  -33.224897 2.987105 1.749579 0.055790 -32.969726 2.760547 1.609289 0.055790 -32.731262 2.404093 1.385666 0.055790 -32.688575 2.009006 1.128105 0.055790 -32.705957 1.729093 0.942559 0.055790  
 148 148 158  -32.820339 1.623366 0.880833 0.055790 -32.830171 1.367094 0.716304 0.055790 -32.837362 0.992414 0.476096 0.055790 -32.838244 0.618034 0.236354 0.055790 -32.835324 0.362376 0.072331 0.055790  
 158 158 168  -32.862779 0.231372 -0.011618 0.055790 -32.854567 -0.024171 -0.175474 0.055790 -32.837991 -0.398522 -0.415270 0.055790 -32.813254 -0.773358 -0.655628 0.055790 -32.792572 -1.029466 -0.819875 0.055790  
 168 168 178  -32.881973 -1.151394 -0.895164 0.055790 -32.851654 -1.413712 -1.065546 0.055790 -32.800233 -1.797733 -1.314805 0.055790 -32.799728 -2.169800 -1.552113 0.055790 -32.897252 -2.403949 -1.695722 0.055790  
 178 178 188  -31.699375 -2.531632 -1.782310 0.055790 -32.063166 -2.810063 -1.961345 0.055790 -32.753169 -3.193115 -2.206767 0.055790 -33.577403 -3.556871 -2.439492 0.055790 -34.214696 -3.795326 -2.592976 0.055790  
 188 188 198  -30.546082 -3.939345 -2.685202 0.055790 -31.452319 -4.199190 -2.850452 0.055790 -32.816107 -4.573948 -3.093099 0.055790 -34.205230 -4.947902 -3.331238 0.055790 -35.182568 -5.200754 -3.492701 0.055790  
 198 198 13  -30.148110 -5.332762 -3.578567 0.055790 -31.236923 -5.589705 -3.742785 0.055790 -32.834045 -5.964877 -3.983004 0.055790 -34.430459 -6.338792 -4.223087 0.055790 -35.517605 -6.593721 -4.386647 0.055790  
