 1 1 5  -33.624724 1.751722 -2.666315 0.000048 -33.337089 1.271262 -1.890136 0.000048 -33.367494 0.484906 -0.664102 0.000048 -33.369895 -0.302288 0.562765 0.000048 -33.351916 -0.839331 1.400028 0.000048  
 2 2 6  -36.204686 1.775911 -2.692162 0.000048 -36.062647 1.270500 -1.888869 0.000048 -36.093190 0.484343 -0.663684 0.000048 -36.096728 -0.301782 0.561193 0.000048 -36.077559 -0.838634 1.397771 0.000048  
 3 3 7  -38.645875 1.789408 -2.707357 0.000048 -38.585620 1.269441 -1.887976 0.000048 -38.615462 0.484005 -0.663054 0.000048 -38.617830 -0.300446 0.560586 0.000048 -38.600171 -0.836725 1.396937 0.000048  
 4 4 8  -36.015255 1.773723 -2.691514 0.000048 -35.865369 1.270145 -1.889284 0.000048 -35.896011 0.484489 -0.663524 0.000048 -35.899645 -0.300858 0.562252 0.000048 -35.880351 -0.837322 1.399274 0.000048  
 5 5 10  -22.822033 0.786821 -0.820584 0.000157 -22.830141 0.418773 -0.360679 0.000157 -22.836463 -0.120429 0.313079 0.000157 -22.826515 -0.659342 0.986543 0.000157 -22.823660 -1.026033 1.445020 0.000157  
 6 6 11  -23.863851 0.786500 -0.818872 0.000157 -23.871923 0.418495 -0.359318 0.000157 -23.879182 -0.120368 0.313521 0.000157 -23.868065 -0.659150 0.986339 0.000157 -23.858515 -1.027105 1.445838 0.000157  
 7 7 12  -25.164537 0.785146 -0.818576 0.000157 -25.172424 0.417422 -0.359054 0.000157 -25.178482 -0.120716 0.313393 0.000157 -25.168584 -0.658977 0.986069 0.000157 -25.159120 -1.026645 1.445539 0.000157  
 8 8 118  -24.127249 0.869732 -0.925730 0.000157 -24.128144 0.832967 -0.879753 0.000157 -24.129433 0.779131 -0.812425 0.000157 -24.130697 0.725296 -0.745098 0.000157 -24.131545 0.688533 -0.699122 0.000157  
 9 10 15  -11.703523 0.200392 0.254490 0.000004 -11.707634 0.042180 0.258830 0.000004 -11.709119 -0.189555 0.265213 0.000004 -11.704228 -0.421275 0.271630 0.000004 -11.699193 -0.579519 0.276015 0.000004  
 10 11 16  -11.885304 0.200326 0.254229 0.000004 -11.889391 0.042126 0.258648 0.000004 -11.890859 -0.189535 0.265076 0.000004 -11.886013 -0.421205 0.271563 0.000004 -11.880992 -0.579436 0.276034 0.000004  
 11 12 17  -12.292087 0.200642 0.254306 0.000004 -12.296113 0.042351 0.258702 0.000004 -12.297603 -0.189363 0.265043 0.000004 -12.292783 -0.421150 0.271494 0.000004 -12.287780 -0.579469 0.275950 0.000004  
 12 13 18  -12.110234 0.200706 0.254565 0.000004 -12.114362 0.042407 0.258887 0.000004 -12.115791 -0.189378 0.265181 0.000004 -12.110911 -0.421218 0.271561 0.000004 -12.105884 -0.579552 0.275928 0.000004  
 13 5 6  0.000000 -2.302619 -0.000000 0.002093 0.000000 -1.368164 -0.000000 0.002093 0.000000 0.000237 0.000000 0.002093 0.000000 1.368638 0.000000 0.002093 0.000000 2.303094 0.000000 0.002093  
 14 6 7  0.000000 -1.674107 -0.000000 -0.000990 0.000000 -0.994701 -0.000000 -0.000990 0.000000 0.000210 0.000000 -0.000990 0.000000 0.995121 0.000000 -0.000990 0.000000 1.674526 0.000000 -0.000990  
 15 7 8  0.000000 -2.303144 0.000000 0.001198 0.000000 -1.368668 0.000000 0.001198 0.000000 -0.000237 0.000000 0.001198 0.000000 1.368193 -0.000000 0.001198 0.000000 2.302669 -0.000000 0.001198  
 16 8 5  0.000000 -1.674476 0.000000 -0.002135 0.000000 -0.995091 0.000000 -0.002135 0.000000 -0.000210 0.000000 -0.002135 0.000000 0.994671 -0.000000 -0.002135 0.000000 1.674057 -0.000000 -0.002135  
 17 10 11  0.000000 -1.186951 -0.000000 0.000048 0.000000 -0.705337 -0.000000 0.000048 0.000000 -0.000069 0.000000 0.000048 0.000000 0.705199 0.000000 0.000048 0.000000 1.186814 0.000000 0.000048  
 18 11 12  0.000000 -1.233913 -0.000000 0.000284 0.000000 -0.733244 -0.000000 0.000284 0.000000 -0.000073 0.000000 0.000284 0.000000 0.733098 0.000000 0.000284 0.000000 1.233766 0.000000 0.000284  
 19 12 13  0.000000 -1.186857 0.000000 -0.000124 0.000000 -0.705225 0.000000 -0.000124 0.000000 0.000069 0.000000 -0.000124 0.000000 0.705363 -0.000000 -0.000124 0.000000 1.186995 -0.000000 -0.000124  
 20 13 10  0.000000 -1.233723 0.000000 0.000077 0.000000 -0.733072 0.000000 0.000077 0.000000 0.000073 0.000000 0.000077 0.000000 0.733218 -0.000000 0.000077 0.000000 1.233869 -0.000000 0.000077  
 21 15 16  0.000000 -0.251040 -0.000000 -0.000077 0.000000 -0.149171 -0.000000 -0.000077 0.000000 0.000004 0.000000 -0.000077 0.000000 0.149179 0.000000 -0.000077 0.000000 0.251047 0.000000 -0.000077  
 22 16 17  0.000000 -0.561701 -0.000000 0.000080 0.000000 -0.333768 -0.000000 0.000080 0.000000 0.000014 0.000000 0.000080 0.000000 0.333796 0.000000 0.000080 0.000000 0.561729 0.000000 0.000080  
 23 17 18  0.000000 -0.251089 0.000000 -0.000076 0.000000 -0.149203 0.000000 -0.000076 0.000000 -0.000004 0.000000 -0.000076 0.000000 0.149196 -0.000000 -0.000076 0.000000 0.251081 -0.000000 -0.000076  
 24 18 15  0.000000 -0.561687 0.000000 0.000080 0.000000 -0.333771 0.000000 0.000080 0.000000 -0.000014 0.000000 0.000080 0.000000 0.333743 -0.000000 0.000080 0.000000 0.561660 -0.000000 0.000080  
 118 118 128  -24.127422 0.669773 -0.675660 0.000157 -24.128249 0.633009 -0.629683 0.000157 -24.129434 0.579172 -0.562355 0.000157 -24.130593 0.525337 -0.495027 0.000157 -24.131369 0.488575 -0.449051 0.000157  
 128 128 138  -24.127593 0.469815 -0.425590 0.000157 -24.128349 0.433050 -0.379612 0.000157 -24.129435 0.379214 -0.312285 0.000157 -24.130492 0.325379 -0.244957 0.000157 -24.131198 0.288616 -0.198981 0.000157  
 138 138 148  -24.127767 0.269856 -0.175519 0.000157 -24.128453 0.233092 -0.129542 0.000157 -24.129435 0.179255 -0.062214 0.000157 -24.130390 0.125420 0.005113 0.000157 -24.131020 0.088658 0.051090 0.000157  
 148 148 158  -24.128322 0.069894 0.074555 0.000157 -24.128916 0.033131 0.120527 0.000157 -24.129701 -0.020697 0.187852 0.000157 -24.130074 -0.074542 0.255190 0.000157 -24.129530 -0.111303 0.301154 0.000157  
 158 158 168  -24.131101 -0.130063 0.324622 0.000157 -24.130443 -0.166826 0.370598 0.000157 -24.129442 -0.220660 0.437926 0.000157 -24.128400 -0.274497 0.505253 0.000157 -24.127668 -0.311261 0.551230 0.000157  
 168 168 178  -24.131334 -0.330021 0.574693 0.000157 -24.130575 -0.366784 0.620668 0.000157 -24.129436 -0.420620 0.687996 0.000157 -24.128267 -0.474456 0.755324 0.000157 -24.127452 -0.511220 0.801301 0.000157  
 178 178 188  -24.131521 -0.529980 0.824763 0.000157 -24.130685 -0.566743 0.870739 0.000157 -24.129436 -0.620578 0.938066 0.000157 -24.128157 -0.674414 1.005394 0.000157 -24.127266 -0.711178 1.051371 0.000157  
 188 188 198  -24.131715 -0.729938 1.074833 0.000157 -24.130801 -0.766701 1.120809 0.000157 -24.129436 -0.820537 1.188136 0.000157 -24.128042 -0.874373 1.255464 0.000157 -24.127071 -0.911137 1.301441 0.000157  
 198 198 13  -24.129501 -0.929288 1.324272 0.000157 -24.128453 -0.966498 1.370714 0.000157 -24.126891 -1.020990 1.438724 0.000157 -24.127829 -1.075005 1.506205 0.000157 -24.140567 -1.109483 1.549878 0.000157  
