 1 1 5  -34.633831 0.555432 -0.327728 0.000043 -34.641455 0.412836 -0.251350 0.000043 -34.651459 0.203997 -0.139508 0.000043 -34.652833 -0.005135 -0.027501 0.000043 -34.646873 -0.147824 0.048927 0.000043  
 2 2 6  -35.825869 0.555419 -0.327535 0.000043 -35.833521 0.412830 -0.251123 0.000043 -35.843601 0.204014 -0.139228 0.000043 -35.845327 -0.005163 -0.027468 0.000043 -35.838936 -0.147797 0.048898 0.000043  
 3 3 7  -37.340192 0.555057 -0.327478 0.000043 -37.347839 0.412422 -0.251071 0.000043 -37.357867 0.203552 -0.139175 0.000043 -37.359510 -0.005034 -0.027575 0.000043 -37.353370 -0.147639 0.048818 0.000043  
 4 4 8  -36.148070 0.555068 -0.327707 0.000043 -36.155680 0.412428 -0.251337 0.000043 -36.165541 0.203535 -0.139543 0.000043 -36.167417 -0.005023 -0.027490 0.000043 -36.161281 -0.147668 0.048908 0.000043  
 5 5 10  -23.068856 0.536519 -0.419941 0.000019 -23.072392 0.337127 -0.274866 0.000019 -23.075699 0.045075 -0.062360 0.000019 -23.071731 -0.246991 0.150138 0.000019 -23.068157 -0.446395 0.295211 0.000019  
 6 6 11  -23.916351 0.536512 -0.419957 0.000019 -23.919900 0.337117 -0.274834 0.000019 -23.923285 0.045055 -0.062366 0.000019 -23.919096 -0.247012 0.150106 0.000019 -23.915519 -0.446419 0.295220 0.000019  
 7 7 12  -24.924329 0.536602 -0.419933 0.000019 -24.927859 0.337127 -0.274807 0.000019 -24.931139 0.045122 -0.062374 0.000019 -24.927285 -0.246941 0.150095 0.000019 -24.923694 -0.446428 0.295216 0.000019  
 8 8 118  -24.079351 0.582396 -0.453272 0.000019 -24.079729 0.562453 -0.438762 0.000019 -24.080276 0.533248 -0.417513 0.000019 -24.080816 0.504043 -0.396264 0.000019 -24.081180 0.484100 -0.381754 0.000019  
 9 10 15  -11.625660 0.387159 -0.379008 0.000006 -11.627306 0.196163 -0.202646 0.000006 -11.627931 -0.083580 0.055642 0.000006 -11.625809 -0.363287 0.313930 0.000006 -11.623974 -0.554272 0.490293 0.000006  
 10 11 16  -11.976893 0.387157 -0.379027 0.000006 -11.978535 0.196162 -0.202649 0.000006 -11.979175 -0.083586 0.055621 0.000006 -11.977068 -0.363285 0.313917 0.000006 -11.975220 -0.554269 0.490296 0.000006  
 11 12 17  -12.372551 0.387181 -0.379018 0.000006 -12.374189 0.196171 -0.202643 0.000006 -12.374911 -0.083555 0.055620 0.000006 -12.372744 -0.363272 0.313910 0.000006 -12.370881 -0.554273 0.490287 0.000006  
 12 13 18  -12.021319 0.387184 -0.379000 0.000006 -12.022968 0.196172 -0.202641 0.000006 -12.023665 -0.083551 0.055644 0.000006 -12.021490 -0.363275 0.313924 0.000006 -12.019637 -0.554277 0.490284 0.000006  
 13 5 6  0.000000 -0.476077 0.000000 -0.000004 0.000000 -0.282905 0.000000 -0.000004 0.000000 -0.000028 0.000000 -0.000004 0.000000 0.282850 -0.000000 -0.000004 0.000000 0.476021 -0.000000 -0.000004  
 14 6 7  0.000000 -0.699219 0.000000 0.000066 0.000000 -0.415508 0.000000 0.000066 0.000000 -0.000046 0.000000 0.000066 0.000000 0.415416 -0.000000 0.000066 0.000000 0.699127 -0.000000 0.000066  
 15 7 8  0.000000 -0.476020 -0.000000 -0.000010 0.000000 -0.282849 -0.000000 -0.000010 0.000000 0.000028 0.000000 -0.000010 0.000000 0.282904 0.000000 -0.000010 0.000000 0.476075 0.000000 -0.000010  
 16 8 5  0.000000 -0.699129 -0.000000 0.000010 0.000000 -0.415417 -0.000000 0.000010 0.000000 0.000046 0.000000 0.000010 0.000000 0.415508 0.000000 0.000010 0.000000 0.699220 0.000000 0.000010  
 17 10 11  0.000000 -0.685315 -0.000000 0.000013 0.000000 -0.407231 -0.000000 0.000013 0.000000 -0.000008 0.000000 0.000013 0.000000 0.407214 0.000000 0.000013 0.000000 0.685299 0.000000 0.000013  
 18 11 12  0.000000 -0.845646 -0.000000 0.000014 0.000000 -0.502503 -0.000000 0.000014 0.000000 -0.000009 0.000000 0.000014 0.000000 0.502485 0.000000 0.000014 0.000000 0.845629 0.000000 0.000014  
 19 12 13  0.000000 -0.685297 0.000000 0.000014 0.000000 -0.407213 0.000000 0.000014 0.000000 0.000008 0.000000 0.000014 0.000000 0.407229 -0.000000 0.000014 0.000000 0.685313 -0.000000 0.000014  
 20 13 10  0.000000 -0.845631 0.000000 0.000003 0.000000 -0.502486 0.000000 0.000003 0.000000 0.000009 0.000000 0.000003 0.000000 0.502504 -0.000000 0.000003 0.000000 0.845648 -0.000000 0.000003  
 21 15 16  0.000000 -0.485077 0.000000 0.000000 0.000000 -0.288244 0.000000 0.000000 0.000000 -0.000005 0.000000 0.000000 0.000000 0.288234 -0.000000 0.000000 0.000000 0.485067 -0.000000 0.000000  
 22 16 17  0.000000 -0.546452 0.000000 0.000005 0.000000 -0.324714 0.000000 0.000005 0.000000 -0.000004 0.000000 0.000005 0.000000 0.324705 -0.000000 0.000005 0.000000 0.546444 -0.000000 0.000005  
 23 17 18  0.000000 -0.485065 -0.000000 -0.000000 0.000000 -0.288233 -0.000000 -0.000000 0.000000 0.000005 0.000000 -0.000000 0.000000 0.288242 0.000000 -0.000000 0.000000 0.485074 0.000000 -0.000000  
 24 18 15  0.000000 -0.546446 -0.000000 0.000004 0.000000 -0.324707 -0.000000 0.000004 0.000000 0.000004 0.000000 0.000004 0.000000 0.324715 0.000000 0.000004 0.000000 0.546454 0.000000 0.000004  
 118 118 128  -24.079397 0.473923 -0.374350 0.000019 -24.079757 0.453979 -0.359839 0.000019 -24.080277 0.424775 -0.338590 0.000019 -24.080789 0.395570 -0.317341 0.000019 -24.081134 0.375627 -0.302831 0.000019  
 128 128 138  -24.079456 0.365450 -0.295426 0.000019 -24.079795 0.345506 -0.280916 0.000019 -24.080277 0.316301 -0.259667 0.000019 -24.080752 0.287097 -0.238418 0.000019 -24.081072 0.267154 -0.223908 0.000019  
 138 138 148  -24.079519 0.256978 -0.216504 0.000019 -24.079834 0.237033 -0.201993 0.000019 -24.080287 0.207827 -0.180745 0.000019 -24.080716 0.178622 -0.159496 0.000019 -24.080977 0.158684 -0.144985 0.000019  
 148 148 158  -24.079870 0.148512 -0.137574 0.000019 -24.080080 0.128559 -0.123072 0.000019 -24.080324 0.099349 -0.101825 0.000019 -24.080475 0.070151 -0.080573 0.000019 -24.080528 0.050214 -0.066057 0.000019  
 158 158 168  -24.080684 0.040020 -0.058664 0.000019 -24.080587 0.020091 -0.044147 0.000019 -24.080319 -0.009115 -0.022894 0.000019 -24.079976 -0.038324 -0.001649 0.000019 -24.079708 -0.058270 0.012855 0.000019  
 168 168 178  -24.081025 -0.068443 0.020265 0.000019 -24.080733 -0.088386 0.034776 0.000019 -24.080283 -0.117591 0.056025 0.000019 -24.079814 -0.146796 0.077273 0.000019 -24.079488 -0.166739 0.091783 0.000019  
 178 178 188  -24.081100 -0.176916 0.099188 0.000019 -24.080768 -0.196860 0.113699 0.000019 -24.080276 -0.226064 0.134948 0.000019 -24.079777 -0.255269 0.156196 0.000019 -24.079432 -0.275212 0.170707 0.000019  
 188 188 198  -24.081150 -0.285389 0.178111 0.000019 -24.080799 -0.305333 0.192622 0.000019 -24.080277 -0.334537 0.213871 0.000019 -24.079747 -0.363742 0.235119 0.000019 -24.079381 -0.383685 0.249630 0.000019  
 198 198 13  -24.081194 -0.393862 0.257034 0.000019 -24.080824 -0.413806 0.271545 0.000019 -24.080276 -0.443011 0.292794 0.000019 -24.079722 -0.472215 0.314042 0.000019 -24.079340 -0.492159 0.328553 0.000019  
