 1 1 5  -59.646048 10.767608 9.509629 -0.019648 -44.833746 7.584678 6.794347 -0.019648 -23.020600 2.754665 2.666235 -0.019648 -24.454632 -3.384555 -2.629743 -0.019648 -39.320861 -6.639048 -5.486183 -0.019648  
 2 2 6  -42.035350 9.682668 8.861852 -0.019648 -26.639850 6.488601 5.967636 -0.019648 -3.537955 1.689937 1.574201 -0.019648 -6.022973 -2.226982 -2.049862 -0.019648 -21.706089 -5.497057 -5.027254 -0.019648  
 3 3 7  -61.516408 10.603717 9.867257 -0.019648 -46.854561 7.597285 7.007402 -0.019648 -25.470455 3.053516 2.592433 -0.019648 -26.440454 -2.939205 -3.165478 -0.019648 -40.800534 -6.083849 -6.116100 -0.019648  
 4 4 8  -77.103515 11.440595 10.335045 -0.019648 -63.700787 8.418056 7.623236 -0.019648 -47.099021 3.593769 3.247966 -0.019648 -47.066067 -3.556843 -3.320499 -0.019648 -57.627891 -6.927638 -6.348143 -0.019648  
 5 5 10  -34.456521 6.320919 5.147340 0.026150 -23.018774 3.860426 3.069942 0.026150 -11.071265 -0.386712 -0.534627 0.026150 -25.645015 -4.296445 -3.735378 0.026150 -37.050051 -6.756713 -5.775704 0.026150  
 6 6 11  -25.415707 5.678415 5.163627 0.026150 -13.404603 3.212611 2.917664 0.026150 1.071901 -0.096450 -0.103094 0.026150 -15.846982 -3.680437 -3.412855 0.026150 -27.758457 -6.133353 -5.643002 0.026150  
 7 7 12  -35.129087 5.643477 5.779331 0.026150 -23.973246 3.411061 3.544675 0.026150 -13.164406 -0.541625 -0.416303 0.026150 -26.792524 -4.085061 -4.027223 0.026150 -37.935650 -6.298358 -6.246039 0.026150  
 8 8 118  -38.326061 6.688373 6.183774 0.026150 -37.056438 6.428574 5.942759 0.026150 -35.193159 6.047612 5.589228 0.026150 -33.324990 5.666028 5.234979 0.026150 -32.046364 5.405078 4.992646 0.026150  
 9 10 15  -17.876760 4.164362 3.318809 -0.026777 -8.044655 2.064144 1.617565 -0.026777 -2.147178 -0.724516 -0.675017 -0.026777 -16.458760 -3.783956 -3.190460 -0.026777 -26.232602 -5.867636 -4.883792 -0.026777  
 10 11 16  -14.327996 3.896262 3.330140 -0.026777 -4.537187 1.801351 1.537282 -0.026777 0.938123 -0.508329 -0.476780 -0.026777 -12.768512 -3.525541 -3.106513 -0.026777 -22.644354 -5.605789 -4.895250 -0.026777  
 11 12 17  -18.172114 3.889563 3.573345 -0.026777 -8.539715 1.932082 1.775066 -0.026777 -2.841719 -0.767344 -0.719076 -0.026777 -16.961228 -3.635819 -3.359622 -0.026777 -26.508608 -5.582213 -5.142097 -0.026777  
 12 13 18  -21.542676 4.137212 3.534800 -0.026777 -12.133498 2.177325 1.833114 -0.026777 -6.815925 -0.998301 -0.919732 -0.026777 -20.519952 -3.878527 -3.410496 -0.026777 -29.849354 -5.825970 -5.098804 -0.026777  
 13 5 6  0.000000 11.494266 -0.000000 -1.023394 0.000000 6.879008 -0.000000 -1.023394 0.000000 0.120500 0.000000 -1.023394 0.000000 -6.638009 0.000000 -1.023394 0.000000 -11.253267 0.000000 -1.023394  
 14 6 7  0.000000 -12.272796 -0.000000 0.975061 0.000000 -7.226290 -0.000000 0.975061 0.000000 0.163730 0.000000 0.975061 0.000000 7.553751 0.000000 0.975061 0.000000 12.600257 0.000000 0.975061  
 15 7 8  0.000000 11.329218 0.000000 -0.608275 0.000000 6.683141 0.000000 -0.608275 0.000000 -0.120500 0.000000 -0.608275 0.000000 -6.924140 -0.000000 -0.608275 0.000000 -11.570217 -0.000000 -0.608275  
 16 8 5  0.000000 -12.676208 0.000000 0.668034 0.000000 -7.598882 0.000000 0.668034 0.000000 -0.163730 0.000000 0.668034 0.000000 7.271422 -0.000000 0.668034 0.000000 12.348747 -0.000000 0.668034  
 17 10 11  0.000000 9.530952 -0.000000 -0.572750 0.000000 5.680848 -0.000000 -0.572750 0.000000 0.042819 0.000000 -0.572750 0.000000 -5.595210 0.000000 -0.572750 0.000000 -9.445314 0.000000 -0.572750  
 18 11 12  0.000000 -10.500748 -0.000000 0.547823 0.000000 -6.214080 -0.000000 0.547823 0.000000 0.063247 0.000000 0.547823 0.000000 6.340574 0.000000 0.547823 0.000000 10.627243 0.000000 0.547823  
 19 12 13  0.000000 9.568456 0.000000 -0.207920 0.000000 5.668383 0.000000 -0.207920 0.000000 -0.042819 0.000000 -0.207920 0.000000 -5.754021 -0.000000 -0.207920 0.000000 -9.654094 -0.000000 -0.207920  
 20 13 10  0.000000 -10.750385 0.000000 0.232376 0.000000 -6.413748 0.000000 0.232376 0.000000 -0.063247 0.000000 0.232376 0.000000 6.287253 -0.000000 0.232376 0.000000 10.623890 -0.000000 0.232376  
 21 15 16  0.000000 4.870556 -0.000000 -0.142936 0.000000 2.912838 -0.000000 -0.142936 0.000000 0.045987 0.000000 -0.142936 0.000000 -2.820864 0.000000 -0.142936 0.000000 -4.778582 0.000000 -0.142936  
 22 16 17  0.000000 -5.450541 -0.000000 0.137309 0.000000 -3.210404 -0.000000 0.137309 0.000000 0.070015 0.000000 0.137309 0.000000 3.350434 0.000000 0.137309 0.000000 5.590570 0.000000 0.137309  
 23 17 18  0.000000 4.910879 0.000000 -0.132763 0.000000 2.899477 0.000000 -0.132763 0.000000 -0.045987 0.000000 -0.132763 0.000000 -2.991451 -0.000000 -0.132763 0.000000 -5.002853 -0.000000 -0.132763  
 24 18 15  0.000000 -5.722868 0.000000 0.115883 0.000000 -3.429048 0.000000 0.115883 0.000000 -0.070015 0.000000 0.115883 0.000000 3.289018 -0.000000 0.115883 0.000000 5.582838 -0.000000 0.115883  
 118 118 128  -38.073109 5.272680 4.865730 0.026150 -36.891068 5.012306 4.628008 0.026150 -35.162734 4.630968 4.278202 0.026150 -33.486427 4.250675 3.920535 0.026150 -32.380313 3.988286 3.674234 0.026150  
 128 128 138  -37.060005 3.843960 3.541884 0.026150 -36.228122 3.595163 3.314873 0.026150 -35.101457 3.225518 2.968694 0.026150 -34.122298 2.837750 2.609453 0.026150 -33.595246 2.554504 2.347923 0.026150  
 138 138 148  -35.380125 2.417532 2.218561 0.026150 -35.201805 2.185906 2.005088 0.026150 -35.131281 1.810978 1.657458 0.026150 -35.161300 1.414881 1.288996 0.026150 -35.177890 1.144415 1.037411 0.026150  
 148 148 158  -35.177911 1.024685 0.927037 0.026150 -35.187173 0.763806 0.684812 0.026150 -35.193492 0.382479 0.330849 0.026150 -35.194513 0.001424 -0.022796 0.026150 -35.193192 -0.258807 -0.264298 0.026150  
 158 158 168  -35.217882 -0.392127 -0.388094 0.026150 -35.210981 -0.652253 -0.629509 0.026150 -35.194849 -1.033225 -0.983159 0.026150 -35.170501 -1.414773 -1.337306 0.026150 -35.150376 -1.675453 -1.579201 0.026150  
 168 168 178  -34.678020 -1.770432 -1.665870 0.026150 -34.720149 -2.075404 -1.950963 0.026150 -35.054166 -2.471593 -2.319014 0.026150 -35.624058 -2.830671 -2.650928 0.026150 -36.103335 -3.062464 -2.866381 0.026150  
 178 178 188  -32.844606 -3.217331 -3.010678 0.026150 -33.748322 -3.486230 -3.257121 0.026150 -35.124619 -3.869422 -3.619222 0.026150 -36.640874 -4.246377 -3.965519 0.026150 -37.676698 -4.503506 -4.201065 0.026150  
 188 188 198  -32.198156 -4.639348 -4.330484 0.026150 -33.411415 -4.900655 -4.572842 0.026150 -35.183826 -5.282783 -4.927143 0.026150 -36.968822 -5.663155 -5.280949 0.026150 -38.199082 -5.922698 -5.521220 0.026150  
 198 198 13  -32.044674 -6.056167 -5.644696 0.026150 -33.323045 -6.316835 -5.887353 0.026150 -35.192265 -6.698286 -6.241791 0.026150 -37.058388 -7.079452 -6.595074 0.026150 -38.329887 -7.339377 -6.835895 0.026150  
