 1 1 5  -38.962603 -2.549881 1.608408 0.004534 -39.007237 -1.740105 1.206309 0.004534 -39.064592 -0.552007 0.615616 0.004534 -39.068739 0.635032 0.026874 0.004534 -39.037652 1.446070 -0.376306 0.004534  
 2 2 6  -34.453019 -2.529808 1.590659 0.004534 -34.386802 -1.741911 1.208955 0.004534 -34.444826 -0.553195 0.617466 0.004534 -34.451802 0.635883 0.025552 0.004534 -34.418100 1.447535 -0.378393 0.004534  
 3 3 7  -33.037698 -2.520591 1.582420 0.004534 -32.913876 -1.743617 1.210694 0.004534 -32.970533 -0.554614 0.618729 0.004534 -32.976097 0.636207 0.024789 0.004534 -32.945378 1.448503 -0.379711 0.004534  
 4 4 8  -37.518412 -2.546377 1.605115 0.004534 -37.535653 -1.741841 1.208072 0.004534 -37.593562 -0.553465 0.616879 0.004534 -37.601681 0.635344 0.026020 0.004534 -37.568019 1.446973 -0.377658 0.004534  
 5 5 10  -25.553346 -0.395282 1.696074 0.002371 -25.574054 -0.063453 1.067850 0.002371 -25.588790 0.422076 0.148396 0.002371 -25.568923 0.907759 -0.771190 0.002371 -25.546064 1.239652 -1.399393 0.002371  
 6 6 11  -22.473406 -0.395853 1.699743 0.002371 -22.494323 -0.063916 1.069661 0.002371 -22.511180 0.422243 0.146798 0.002371 -22.489285 0.908380 -0.775998 0.002371 -22.513027 1.231141 -1.396763 0.002371  
 7 7 12  -22.404678 -0.396767 1.700502 0.002371 -22.425427 -0.064644 1.070215 0.002371 -22.440758 0.422369 0.146589 0.002371 -22.420303 0.909145 -0.776731 0.002371 -22.446769 1.231626 -1.397204 0.002371  
 8 8 118  -25.494876 -0.472286 1.840867 0.002371 -25.498078 -0.439088 1.778042 0.002371 -25.502583 -0.390473 1.686041 0.002371 -25.506892 -0.341858 1.594041 0.002371 -25.509727 -0.308660 1.531217 0.002371  
 9 10 15  -12.675824 0.759035 1.145827 -0.005652 -12.361389 0.574944 0.609869 -0.005652 -12.365373 0.225261 -0.263776 -0.005652 -12.352328 -0.124341 -1.137634 -0.005652 -12.974799 -0.311051 -1.607848 -0.005652  
 10 11 16  -11.573096 0.737728 1.134650 -0.005652 -11.109392 0.574826 0.617182 -0.005652 -11.112806 0.225350 -0.267626 -0.005652 -11.144819 -0.118315 -1.143217 -0.005652 -11.988376 -0.300448 -1.580955 -0.005652  
 11 12 17  -11.805653 0.741218 1.140350 -0.005652 -11.375117 0.574221 0.617318 -0.005652 -11.379053 0.225644 -0.267739 -0.005652 -11.393835 -0.119068 -1.146877 -0.005652 -12.201727 -0.300918 -1.590698 -0.005652  
 12 13 18  -12.909090 0.761648 1.150632 -0.005652 -12.621238 0.574262 0.609911 -0.005652 -12.625138 0.225554 -0.263887 -0.005652 -12.612073 -0.123136 -1.137762 -0.005652 -13.194696 -0.311246 -1.615692 -0.005652  
 13 5 6  0.000000 2.116528 -0.000000 0.002074 0.000000 1.257685 -0.000000 0.002074 0.000000 0.000009 0.000000 0.002074 0.000000 -1.257667 0.000000 0.002074 0.000000 -2.116511 0.000000 0.002074  
 14 6 7  0.000000 1.930745 -0.000000 0.000038 0.000000 1.147259 -0.000000 0.000038 0.000000 -0.000066 0.000000 0.000038 0.000000 -1.147391 0.000000 0.000038 0.000000 -1.930877 0.000000 0.000038  
 15 7 8  0.000000 2.116529 0.000000 0.002571 0.000000 1.257678 0.000000 0.002571 0.000000 -0.000009 0.000000 0.002571 0.000000 -1.257696 -0.000000 0.002571 0.000000 -2.116546 -0.000000 0.002571  
 16 8 5  0.000000 1.930859 0.000000 0.000522 0.000000 1.147380 0.000000 0.000522 0.000000 0.000066 0.000000 0.000522 0.000000 -1.147248 -0.000000 0.000522 0.000000 -1.930727 -0.000000 0.000522  
 17 10 11  0.000000 2.599023 0.000000 -0.004652 0.000000 1.544791 0.000000 -0.004652 0.000000 0.000990 0.000000 -0.004652 0.000000 -1.542811 -0.000000 -0.004652 0.000000 -2.597044 -0.000000 -0.004652  
 18 11 12  0.000000 0.443030 0.000000 0.002994 0.000000 0.263289 0.000000 0.002994 0.000000 0.000077 0.000000 0.002994 0.000000 -0.263134 -0.000000 0.002994 0.000000 -0.442876 -0.000000 0.002994  
 19 12 13  0.000000 2.597087 -0.000000 -0.004379 0.000000 1.542837 -0.000000 -0.004379 0.000000 -0.000990 0.000000 -0.004379 0.000000 -1.544816 0.000000 -0.004379 0.000000 -2.599066 0.000000 -0.004379  
 20 13 10  0.000000 0.442833 -0.000000 0.002198 0.000000 0.263108 -0.000000 0.002198 0.000000 -0.000077 0.000000 0.002198 0.000000 -0.263263 0.000000 0.002198 0.000000 -0.442988 0.000000 0.002198  
 21 15 16  0.000000 1.650161 0.000000 -0.006344 0.000000 0.981944 0.000000 -0.006344 0.000000 0.003417 0.000000 -0.006344 0.000000 -0.975110 -0.000000 -0.006344 0.000000 -1.643327 -0.000000 -0.006344  
 22 16 17  0.000000 -0.347496 0.000000 0.003830 0.000000 -0.206398 0.000000 0.003830 0.000000 0.000224 0.000000 0.003830 0.000000 0.206846 -0.000000 0.003830 0.000000 0.347944 -0.000000 0.003830  
 23 17 18  0.000000 1.643449 -0.000000 -0.005576 0.000000 0.975182 -0.000000 -0.005576 0.000000 -0.003417 0.000000 -0.005576 0.000000 -0.982016 0.000000 -0.005576 0.000000 -1.650283 0.000000 -0.005576  
 24 18 15  0.000000 -0.348066 -0.000000 0.002209 0.000000 -0.206918 -0.000000 0.002209 0.000000 -0.000224 0.000000 0.002209 0.000000 0.206470 0.000000 0.002209 0.000000 0.347618 0.000000 0.002209  
 118 118 128  -25.496916 -0.291719 1.499156 0.002371 -25.499251 -0.258521 1.436332 0.002371 -25.502551 -0.209905 1.344331 0.002371 -25.505708 -0.161291 1.252330 0.002371 -25.507786 -0.128093 1.189506 0.002371  
 128 128 138  -25.498265 -0.111152 1.157446 0.002371 -25.500034 -0.077953 1.094621 0.002371 -25.502530 -0.029339 1.002621 0.002371 -25.504921 0.019276 0.910620 0.002371 -25.506495 0.052475 0.847795 0.002371  
 138 138 148  -25.498984 0.069417 0.815734 0.002371 -25.500462 0.102614 0.752910 0.002371 -25.502540 0.151227 0.660912 0.002371 -25.504514 0.199841 0.568915 0.002371 -25.505708 0.233047 0.506075 0.002371  
 148 148 158  -25.500631 0.249963 0.474074 0.002371 -25.501611 0.283176 0.411205 0.002371 -25.502844 0.331815 0.319156 0.002371 -25.503406 0.380416 0.227193 0.002371 -25.503249 0.413577 0.164436 0.002371  
 158 158 168  -25.504930 0.430530 0.132298 0.002371 -25.504137 0.463751 0.069493 0.002371 -25.502641 0.512375 -0.022500 0.002371 -25.500846 0.560977 -0.114513 0.002371 -25.499508 0.594161 -0.177347 0.002371  
 168 168 178  -25.506275 0.611119 -0.209398 0.002371 -25.504817 0.644314 -0.272220 0.002371 -25.502542 0.692928 -0.364220 0.002371 -25.500145 0.741544 -0.456221 0.002371 -25.498442 0.774745 -0.519048 0.002371  
 178 178 188  -25.507026 0.791684 -0.551106 0.002371 -25.505238 0.824882 -0.613931 0.002371 -25.502534 0.873497 -0.705931 0.002371 -25.499714 0.922111 -0.797931 0.002371 -25.497729 0.955310 -0.860757 0.002371  
 188 188 198  -25.508615 0.972250 -0.892814 0.002371 -25.506218 1.005449 -0.955642 0.002371 -25.502562 1.054064 -1.047643 0.002371 -25.498745 1.102679 -1.139642 0.002371 -25.496053 1.135876 -1.202466 0.002371  
 198 198 13  -25.504816 1.151620 -1.233317 0.002371 -25.501629 1.185768 -1.297103 0.002371 -25.496800 1.235774 -1.390510 0.002371 -25.501860 1.283793 -1.481890 0.002371 -25.516664 1.314293 -1.542023 0.002371  
