 1 1 5  -37.337788 0.812053 1.204424 0.000346 -37.372863 0.484240 0.842534 0.000346 -37.413610 0.004406 0.312597 0.000346 -37.415402 -0.475852 -0.216302 0.000346 -37.391811 -0.803678 -0.577998 0.000346  
 2 2 6  -35.902804 0.811733 1.205899 0.000346 -35.938074 0.483968 0.844000 0.000346 -35.979469 0.004156 0.314032 0.000346 -35.981728 -0.475614 -0.216406 0.000346 -35.957168 -0.803440 -0.578490 0.000346  
 3 3 7  -34.551797 0.810975 1.206602 0.000346 -34.586968 0.483214 0.844588 0.000346 -34.628082 0.003417 0.314452 0.000346 -34.630814 -0.475679 -0.216864 0.000346 -34.605986 -0.803235 -0.578984 0.000346  
 4 4 8  -35.986284 0.811252 1.205122 0.000346 -36.021307 0.483439 0.843121 0.000346 -36.062431 0.003575 0.313004 0.000346 -36.065432 -0.475793 -0.216524 0.000346 -36.040219 -0.803421 -0.578490 0.000346  
 5 5 10  -25.001446 -0.802391 0.467804 0.000071 -25.011869 -0.599983 0.231315 0.000071 -25.020450 -0.303814 -0.114692 0.000071 -25.007931 -0.007455 -0.460684 0.000071 -24.995596 0.194971 -0.697102 0.000071  
 6 6 11  -24.353569 -0.802589 0.467603 0.000071 -24.364149 -0.600124 0.231305 0.000071 -24.373082 -0.303763 -0.114835 0.000071 -24.360055 -0.007403 -0.460836 0.000071 -24.347664 0.195052 -0.697008 0.000071  
 7 7 12  -22.981222 -0.802537 0.467755 0.000071 -22.991746 -0.600189 0.231413 0.000071 -23.000300 -0.303786 -0.114965 0.000071 -22.986999 -0.007342 -0.461045 0.000071 -22.974643 0.194997 -0.697261 0.000071  
 8 8 118  -23.634666 -0.848842 0.522161 0.000071 -23.635846 -0.828608 0.498519 0.000071 -23.637543 -0.798977 0.463900 0.000071 -23.639201 -0.769346 0.429281 0.000071 -23.640311 -0.749111 0.405641 0.000071  
 9 10 15  -12.391117 -0.795677 -0.024352 -0.000008 -12.397774 -0.456423 -0.066528 -0.000008 -12.401385 0.040409 -0.128277 -0.000008 -12.394081 0.537259 -0.190135 -0.000008 -12.386168 0.876529 -0.232385 -0.000008  
 10 11 16  -12.231628 -0.795701 -0.024390 -0.000008 -12.238283 -0.456442 -0.066525 -0.000008 -12.241842 0.040421 -0.128323 -0.000008 -12.234515 0.537282 -0.190194 -0.000008 -12.226583 0.876555 -0.232395 -0.000008  
 11 12 17  -11.599730 -0.795697 -0.024375 -0.000008 -11.606385 -0.456458 -0.066526 -0.000008 -11.609713 0.040443 -0.128359 -0.000008 -11.602544 0.537311 -0.190217 -0.000008 -11.594647 0.876557 -0.232422 -0.000008  
 12 13 18  -11.759225 -0.795671 -0.024337 -0.000008 -11.765895 -0.456437 -0.066525 -0.000008 -11.769325 0.040434 -0.128311 -0.000008 -11.762112 0.537289 -0.190158 -0.000008 -11.754229 0.876530 -0.232412 -0.000008  
 13 5 6  0.000000 1.086213 0.000000 -0.000228 0.000000 0.645383 0.000000 -0.000228 0.000000 -0.000162 0.000000 -0.000228 0.000000 -0.645706 -0.000000 -0.000228 0.000000 -1.086537 -0.000000 -0.000228  
 14 6 7  0.000000 -0.029912 0.000000 0.000390 0.000000 -0.017807 0.000000 0.000390 0.000000 -0.000080 0.000000 0.000390 0.000000 0.017647 -0.000000 0.000390 0.000000 0.029752 -0.000000 0.000390  
 15 7 8  0.000000 1.086551 -0.000000 -0.000196 0.000000 0.645715 -0.000000 -0.000196 0.000000 0.000162 0.000000 -0.000196 0.000000 -0.645391 0.000000 -0.000196 0.000000 -1.086227 0.000000 -0.000196  
 16 8 5  0.000000 -0.029766 -0.000000 0.000324 0.000000 -0.017655 -0.000000 0.000324 0.000000 0.000080 0.000000 0.000324 0.000000 0.017815 0.000000 0.000324 0.000000 0.029926 0.000000 0.000324  
 17 10 11  0.000000 0.674148 0.000000 -0.000076 0.000000 0.400581 0.000000 -0.000076 0.000000 -0.000027 0.000000 -0.000076 0.000000 -0.400634 -0.000000 -0.000076 0.000000 -0.674201 -0.000000 -0.000076  
 18 11 12  0.000000 1.022962 0.000000 0.000156 0.000000 0.607857 0.000000 0.000156 0.000000 -0.000015 0.000000 0.000156 0.000000 -0.607888 -0.000000 0.000156 0.000000 -1.022993 -0.000000 0.000156  
 19 12 13  0.000000 0.674218 -0.000000 -0.000058 0.000000 0.400644 -0.000000 -0.000058 0.000000 0.000027 0.000000 -0.000058 0.000000 -0.400591 0.000000 -0.000058 0.000000 -0.674165 0.000000 -0.000058  
 20 13 10  0.000000 1.022976 -0.000000 0.000136 0.000000 0.607878 -0.000000 0.000136 0.000000 0.000015 0.000000 0.000136 0.000000 -0.607847 0.000000 0.000136 0.000000 -1.022945 0.000000 0.000136  
 21 15 16  0.000000 0.220305 -0.000000 -0.000009 0.000000 0.130900 -0.000000 -0.000009 0.000000 -0.000024 0.000000 -0.000009 0.000000 -0.130947 0.000000 -0.000009 0.000000 -0.220353 0.000000 -0.000009  
 22 16 17  0.000000 0.872761 -0.000000 0.000010 0.000000 0.518606 -0.000000 0.000010 0.000000 -0.000014 0.000000 0.000010 0.000000 -0.518633 0.000000 0.000010 0.000000 -0.872789 0.000000 0.000010  
 23 17 18  0.000000 0.220370 0.000000 -0.000009 0.000000 0.130957 0.000000 -0.000009 0.000000 0.000024 0.000000 -0.000009 0.000000 -0.130910 -0.000000 -0.000009 0.000000 -0.220323 -0.000000 -0.000009  
 24 18 15  0.000000 0.872771 0.000000 0.000010 0.000000 0.518623 0.000000 0.000010 0.000000 0.000014 0.000000 0.000010 0.000000 -0.518596 -0.000000 0.000010 0.000000 -0.872744 -0.000000 0.000010  
 118 118 128  -23.634933 -0.738786 0.393579 0.000071 -23.636012 -0.718551 0.369936 0.000071 -23.637548 -0.688920 0.335316 0.000071 -23.639037 -0.659289 0.300698 0.000071 -23.640026 -0.639054 0.277059 0.000071  
 128 128 138  -23.635211 -0.628728 0.264995 0.000071 -23.636170 -0.608494 0.241353 0.000071 -23.637543 -0.578863 0.206734 0.000071 -23.638877 -0.549232 0.172115 0.000071 -23.639765 -0.528996 0.148476 0.000071  
 138 138 148  -23.635547 -0.518667 0.136409 0.000071 -23.636400 -0.498437 0.112770 0.000071 -23.637577 -0.468809 0.078153 0.000071 -23.638652 -0.439174 0.043532 0.000071 -23.639337 -0.418936 0.019891 0.000071  
 148 148 158  -23.636535 -0.408626 0.007870 0.000071 -23.637147 -0.388377 -0.015814 0.000071 -23.637795 -0.358739 -0.050466 0.000071 -23.637921 -0.329126 -0.085047 0.000071 -23.637794 -0.308882 -0.108655 0.000071  
 158 158 168  -23.639247 -0.298572 -0.120763 0.000071 -23.638671 -0.278319 -0.144392 0.000071 -23.637617 -0.248684 -0.179012 0.000071 -23.636397 -0.219062 -0.213634 0.000071 -23.635508 -0.198834 -0.237278 0.000071  
 168 168 178  -23.639903 -0.188501 -0.249337 0.000071 -23.638967 -0.168265 -0.272978 0.000071 -23.637548 -0.138634 -0.307598 0.000071 -23.636082 -0.109003 -0.342216 0.000071 -23.635058 -0.088769 -0.365856 0.000071  
 178 178 188  -23.640197 -0.078444 -0.377920 0.000071 -23.639137 -0.058208 -0.401561 0.000071 -23.637547 -0.028576 -0.436180 0.000071 -23.635913 0.001055 -0.470799 0.000071 -23.634766 0.021287 -0.494440 0.000071  
 188 188 198  -23.640486 0.031614 -0.506504 0.000071 -23.639308 0.051849 -0.530144 0.000071 -23.637547 0.081480 -0.564763 0.000071 -23.635740 0.111111 -0.599382 0.000071 -23.634480 0.131346 -0.623023 0.000071  
 198 198 13  -23.640887 0.141671 -0.635086 0.000071 -23.639548 0.161906 -0.658727 0.000071 -23.637548 0.191538 -0.693347 0.000071 -23.635501 0.221168 -0.727965 0.000071 -23.634074 0.241402 -0.751605 0.000071  
