 1 1 5  -37.592843 -0.477974 -0.088294 0.000025 -37.612566 -0.363207 -0.006315 0.000025 -37.636536 -0.194982 0.113596 0.000025 -37.637876 -0.027505 0.233919 0.000025 -37.623466 0.087332 0.315850 0.000025  
 2 2 6  -35.932029 -0.478580 -0.087806 0.000025 -35.951737 -0.363738 -0.005802 0.000025 -35.975845 -0.195398 0.114148 0.000025 -35.978208 -0.027106 0.233915 0.000025 -35.962807 0.087864 0.315777 0.000025  
 3 3 7  -34.344632 -0.479261 -0.087151 0.000025 -34.364018 -0.364449 -0.005234 0.000025 -34.387213 -0.196177 0.114573 0.000025 -34.388865 -0.026933 0.233517 0.000025 -34.374876 0.088070 0.315235 0.000025  
 4 4 8  -36.004525 -0.478703 -0.087674 0.000025 -36.024053 -0.363977 -0.005800 0.000025 -36.047852 -0.195818 0.113933 0.000025 -36.050476 -0.027243 0.233646 0.000025 -36.035144 0.087635 0.315402 0.000025  
 5 5 10  -25.238285 -0.570445 0.705232 0.000005 -25.244952 -0.367817 0.499747 0.000005 -25.249796 -0.071338 0.199022 0.000005 -25.242163 0.225249 -0.101730 0.000005 -25.234899 0.427805 -0.307139 0.000005  
 6 6 11  -23.853826 -0.570712 0.705218 0.000005 -23.860540 -0.368051 0.499802 0.000005 -23.866486 -0.071291 0.198961 0.000005 -23.857825 0.225388 -0.101803 0.000005 -23.850493 0.427960 -0.307140 0.000005  
 7 7 12  -22.750577 -0.570572 0.705471 0.000005 -22.757195 -0.368022 0.500033 0.000005 -22.762551 -0.071082 0.198900 0.000005 -22.754977 0.225522 -0.101962 0.000005 -22.747715 0.427985 -0.307320 0.000005  
 8 8 118  -24.138665 -0.616801 0.752621 0.000005 -24.139397 -0.596549 0.732073 0.000005 -24.140453 -0.566891 0.701982 0.000005 -24.141488 -0.537233 0.671891 0.000005 -24.142183 -0.516981 0.651342 0.000005  
 9 10 15  -12.524053 -0.466022 0.735030 0.000295 -12.527730 -0.244161 0.412454 0.000295 -12.529343 0.080635 -0.059862 0.000295 -12.525124 0.405543 -0.532230 0.000295 -12.549147 0.621902 -0.849131 0.000295  
 10 11 16  -11.908931 -0.466088 0.735717 0.000295 -11.912637 -0.244215 0.412741 0.000295 -11.914230 0.080651 -0.060211 0.000295 -11.909983 0.405604 -0.533211 0.000295 -11.954246 0.618260 -0.846501 0.000295  
 11 12 17  -11.460072 -0.466506 0.735788 0.000295 -11.463770 -0.244380 0.412798 0.000295 -11.465384 0.080933 -0.060231 0.000295 -11.461102 0.406272 -0.533270 0.000295 -11.524251 0.615676 -0.843017 0.000295  
 12 13 18  -12.075848 -0.466445 0.735096 0.000295 -12.079563 -0.244332 0.412504 0.000295 -12.081168 0.080917 -0.059875 0.000295 -12.076882 0.406212 -0.532289 0.000295 -12.114452 0.620366 -0.846465 0.000295  
 13 5 6  0.000000 0.381661 0.000000 -0.000424 0.000000 0.226763 0.000000 -0.000424 0.000000 -0.000068 0.000000 -0.000424 0.000000 -0.226899 -0.000000 -0.000424 0.000000 -0.381797 -0.000000 -0.000424  
 14 6 7  0.000000 0.669754 -0.000000 0.000430 0.000000 0.397947 -0.000000 0.000430 0.000000 -0.000083 0.000000 0.000430 0.000000 -0.398113 0.000000 0.000430 0.000000 -0.669920 0.000000 0.000430  
 15 7 8  0.000000 0.381818 -0.000000 -0.000365 0.000000 0.226911 -0.000000 -0.000365 0.000000 0.000068 0.000000 -0.000365 0.000000 -0.226775 0.000000 -0.000365 0.000000 -0.381682 0.000000 -0.000365  
 16 8 5  0.000000 0.669900 0.000000 0.000369 0.000000 0.398101 0.000000 0.000369 0.000000 0.000083 0.000000 0.000369 0.000000 -0.397934 -0.000000 0.000369 0.000000 -0.669733 -0.000000 0.000369  
 17 10 11  0.000000 1.065284 0.000000 0.000225 0.000000 0.633013 0.000000 0.000225 0.000000 0.000002 0.000000 0.000225 0.000000 -0.633010 -0.000000 0.000225 0.000000 -1.065281 -0.000000 0.000225  
 18 11 12  0.000000 0.906874 -0.000000 -0.000195 0.000000 0.538878 -0.000000 -0.000195 0.000000 -0.000009 0.000000 -0.000195 0.000000 -0.538896 0.000000 -0.000195 0.000000 -0.906892 0.000000 -0.000195  
 19 12 13  0.000000 1.065311 -0.000000 0.000341 0.000000 0.633027 -0.000000 0.000341 0.000000 -0.000002 0.000000 0.000341 0.000000 -0.633030 0.000000 0.000341 0.000000 -1.065314 0.000000 0.000341  
 20 13 10  0.000000 0.906862 0.000000 -0.000131 0.000000 0.538878 0.000000 -0.000131 0.000000 0.000009 0.000000 -0.000131 0.000000 -0.538860 -0.000000 -0.000131 0.000000 -0.906844 -0.000000 -0.000131  
 21 15 16  0.000000 0.846411 -0.000000 0.000783 0.000000 0.503043 -0.000000 0.000783 0.000000 0.000221 0.000000 0.000783 0.000000 -0.502602 0.000000 0.000783 0.000000 -0.845970 0.000000 0.000783  
 22 16 17  0.000000 0.616939 -0.000000 -0.000747 0.000000 0.366658 -0.000000 -0.000747 0.000000 0.000149 0.000000 -0.000747 0.000000 -0.366359 0.000000 -0.000747 0.000000 -0.616641 0.000000 -0.000747  
 23 17 18  0.000000 0.845992 0.000000 0.001014 0.000000 0.502615 0.000000 0.001014 0.000000 -0.000221 0.000000 0.001014 0.000000 -0.503056 -0.000000 0.001014 0.000000 -0.846434 -0.000000 0.001014  
 24 18 15  0.000000 0.616619 0.000000 -0.000569 0.000000 0.366346 0.000000 -0.000569 0.000000 -0.000149 0.000000 -0.000569 0.000000 -0.366645 -0.000000 -0.000569 0.000000 -0.616917 -0.000000 -0.000569  
 118 118 128  -24.138787 -0.506646 0.640856 0.000005 -24.139469 -0.486393 0.620308 0.000005 -24.140452 -0.456736 0.590217 0.000005 -24.141416 -0.427078 0.560126 0.000005 -24.142064 -0.406825 0.539577 0.000005  
 128 128 138  -24.138912 -0.396490 0.529091 0.000005 -24.139545 -0.376238 0.508543 0.000005 -24.140455 -0.346581 0.478453 0.000005 -24.141343 -0.316923 0.448362 0.000005 -24.141928 -0.296669 0.427811 0.000005  
 138 138 148  -24.139115 -0.286333 0.417327 0.000005 -24.139672 -0.266083 0.396779 0.000005 -24.140460 -0.236426 0.366687 0.000005 -24.141215 -0.206767 0.336596 0.000005 -24.141712 -0.186513 0.316049 0.000005  
 148 148 158  -24.139556 -0.176177 0.305575 0.000005 -24.140022 -0.155930 0.285017 0.000005 -24.140617 -0.126269 0.254910 0.000005 -24.140975 -0.096607 0.224827 0.000005 -24.140675 -0.076366 0.204306 0.000005  
 158 158 168  -24.141753 -0.066027 0.193797 0.000005 -24.141245 -0.045771 0.173249 0.000005 -24.140458 -0.016113 0.143158 0.000005 -24.139645 0.013544 0.113067 0.000005 -24.139077 0.033795 0.092518 0.000005  
 168 168 178  -24.141917 0.044131 0.082034 0.000005 -24.141332 0.064384 0.061484 0.000005 -24.140455 0.094042 0.031393 0.000005 -24.139553 0.123699 0.001302 0.000005 -24.138926 0.143951 -0.019246 0.000005  
 178 178 188  -24.142058 0.154286 -0.029732 0.000005 -24.141415 0.174539 -0.050280 0.000005 -24.140455 0.204197 -0.080372 0.000005 -24.139470 0.233855 -0.110462 0.000005 -24.138785 0.254106 -0.131010 0.000005  
 188 188 198  -24.142204 0.264441 -0.141496 0.000005 -24.141502 0.284695 -0.162045 0.000005 -24.140455 0.314353 -0.192136 0.000005 -24.139384 0.344010 -0.222227 0.000005 -24.138640 0.364262 -0.242775 0.000005  
 198 198 13  -24.142341 0.374597 -0.253261 0.000005 -24.141582 0.394850 -0.273810 0.000005 -24.140454 0.424508 -0.303901 0.000005 -24.139303 0.454165 -0.333992 0.000005 -24.138505 0.474418 -0.354540 0.000005  
