 1 1 5  -66.687617 -10.350673 -13.800447 0.471177 -47.309775 -7.287372 -9.426596 0.471177 -18.606494 -2.762299 -2.886183 0.471177 -22.428108 2.325923 4.397655 0.471177 -42.076236 5.471700 8.818449 0.471177  
 2 2 6  -86.193881 -11.179277 -14.667802 0.471177 -68.350015 -8.152748 -10.542710 0.471177 -44.891271 -3.597976 -4.148409 0.471177 -45.310474 3.067134 4.880928 0.471177 -61.063723 6.277238 9.204113 0.471177  
 3 3 7  -68.397785 -10.771022 -13.527354 0.471177 -49.506750 -7.516595 -9.428436 0.471177 -21.608302 -2.660611 -3.321813 0.471177 -23.721972 2.965652 3.843684 0.471177 -42.702093 6.279252 8.007763 0.471177  
 4 4 8  -46.173037 -9.738159 -12.344646 0.471177 -26.606016 -6.443281 -7.978131 0.471177 1.049052 -1.492337 -1.630051 0.471177 -3.018030 1.999393 2.832722 0.471177 -22.168643 5.283604 7.260159 0.471177  
 5 5 10  -38.025095 -6.922269 -7.167784 -0.158270 -22.675414 -3.995004 -4.084786 -0.158270 -5.819014 0.601889 0.791745 -0.158270 -28.329019 4.950621 5.331535 -0.158270 -43.614515 7.873997 8.400241 -0.158270  
 6 6 11  -46.490522 -7.599785 -6.544185 -0.158270 -32.716329 -4.673548 -3.834178 -0.158270 -22.195038 0.792322 1.241783 -0.158270 -38.634609 5.556220 5.449212 -0.158270 -52.556232 8.499222 8.110131 -0.158270  
 7 7 12  -38.473168 -7.833471 -6.047073 -0.158270 -23.225948 -4.599566 -3.351227 -0.158270 -6.907004 0.533759 0.997532 -0.158270 -28.947734 5.429313 4.891379 -0.158270 -44.123682 8.672437 7.557060 -0.158270  
 8 8 118  -16.233675 -6.910423 -6.405744 -0.158270 -14.959318 -6.643581 -6.147735 -0.158270 -13.098086 -6.251952 -5.770764 -0.158270 -11.256784 -5.858503 -5.396970 -0.158270 -10.024151 -5.587870 -5.145843 -0.158270  
 9 10 15  -13.985624 -2.015448 -3.135422 0.040392 -6.438378 -0.754083 -1.481841 0.040392 -5.742134 1.135632 0.997535 0.040392 -16.784402 2.977472 3.431825 0.040392 -24.317769 4.226084 5.075392 0.040392  
 10 11 16  -16.582882 -2.183806 -2.934094 0.040392 -9.760183 -0.901355 -1.444891 0.040392 -10.320925 1.358858 1.287433 0.040392 -20.434348 3.181322 3.514697 0.040392 -27.419135 4.420074 5.007915 0.040392  
 11 12 17  -14.130926 -2.498488 -2.705434 0.040392 -6.736969 -1.105421 -1.209351 0.040392 -6.400074 1.061613 1.122525 0.040392 -17.269010 3.107344 3.319067 0.040392 -24.604668 4.488625 4.804912 0.040392  
 12 13 18  -11.486289 -2.309646 -2.903772 0.040392 -3.725812 -0.925365 -1.243484 0.040392 -2.329206 0.830149 0.814396 0.040392 -13.716561 2.899721 3.219847 0.040392 -21.488522 4.289187 4.858363 0.040392  
 13 5 6  0.000000 -14.822195 -0.000000 -0.828596 0.000000 -8.700500 -0.000000 -0.828596 0.000000 0.264009 0.000000 -0.828596 0.000000 9.228519 0.000000 -0.828596 0.000000 15.350213 0.000000 -0.828596  
 14 6 7  0.000000 13.524447 -0.000000 0.939220 0.000000 8.110695 -0.000000 0.939220 0.000000 0.182884 0.000000 0.939220 0.000000 -7.744927 0.000000 0.939220 0.000000 -13.158679 0.000000 0.939220  
 15 7 8  0.000000 -15.254625 0.000000 -1.368313 0.000000 -9.171718 0.000000 -1.368313 0.000000 -0.264009 0.000000 -1.368313 0.000000 8.643700 -0.000000 -1.368313 0.000000 14.726606 -0.000000 -1.368313  
 16 8 5  0.000000 13.063091 0.000000 1.614243 0.000000 7.688126 0.000000 1.614243 0.000000 -0.182884 0.000000 1.614243 0.000000 -8.053894 -0.000000 1.614243 0.000000 -13.428859 -0.000000 1.614243  
 17 10 11  0.000000 -10.773477 -0.000000 -0.471996 0.000000 -6.354186 -0.000000 -0.471996 0.000000 0.117353 0.000000 -0.471996 0.000000 6.588891 0.000000 -0.471996 0.000000 11.008183 0.000000 -0.471996  
 18 11 12  0.000000 10.630584 -0.000000 0.465555 0.000000 6.366471 -0.000000 0.465555 0.000000 0.122173 0.000000 0.465555 0.000000 -6.122126 0.000000 0.465555 0.000000 -10.386239 0.000000 0.465555  
 19 12 13  0.000000 -10.849721 0.000000 -1.030302 0.000000 -6.494730 0.000000 -1.030302 0.000000 -0.117353 0.000000 -1.030302 0.000000 6.260025 -0.000000 -1.030302 0.000000 10.615015 -0.000000 -1.030302  
 20 13 10  0.000000 10.227777 0.000000 0.986061 0.000000 6.027965 0.000000 0.986061 0.000000 -0.122173 0.000000 0.986061 0.000000 -6.272310 -0.000000 0.986061 0.000000 -10.472123 -0.000000 0.986061  
 21 15 16  0.000000 -4.919291 0.000000 -0.076799 0.000000 -2.909038 0.000000 -0.076799 0.000000 0.034743 0.000000 -0.076799 0.000000 2.978525 -0.000000 -0.076799 0.000000 4.988777 -0.000000 -0.076799  
 22 16 17  0.000000 4.373321 0.000000 0.080556 0.000000 2.601670 0.000000 0.080556 0.000000 0.007294 0.000000 0.080556 0.000000 -2.587082 -0.000000 0.080556 0.000000 -4.358733 -0.000000 0.080556  
 23 17 18  0.000000 -4.826655 -0.000000 -0.084851 0.000000 -2.882188 -0.000000 -0.084851 0.000000 -0.034743 0.000000 -0.084851 0.000000 2.812702 0.000000 -0.084851 0.000000 4.757169 0.000000 -0.084851  
 24 18 15  0.000000 4.196610 -0.000000 0.091866 0.000000 2.490746 -0.000000 0.091866 0.000000 -0.007294 0.000000 0.091866 0.000000 -2.505334 0.000000 0.091866 0.000000 -4.211198 0.000000 0.091866  
 118 118 128  -16.279092 -5.452779 -5.011014 -0.158270 -14.993924 -5.184738 -4.755580 -0.158270 -13.111559 -4.792197 -4.380989 -0.158270 -11.226476 -4.399259 -4.005996 -0.158270 -9.937700 -4.130708 -3.749695 -0.158270  
 128 128 138  -16.408130 -3.993353 -3.619771 -0.158270 -15.069639 -3.725890 -3.363646 -0.158270 -13.107925 -3.333788 -2.988387 -0.158270 -11.150613 -2.940442 -2.613929 -0.158270 -9.817687 -2.671245 -2.358612 -0.158270  
 138 138 148  -16.208865 -2.533755 -2.224170 -0.158270 -14.931123 -2.267325 -1.970680 -0.158270 -13.071974 -1.874768 -1.600508 -0.158270 -11.278320 -1.482724 -1.222719 -0.158270 -10.125110 -1.210629 -0.960902 -0.158270  
 148 148 158  -13.282605 -1.052959 -0.813233 -0.158270 -13.084934 -0.819511 -0.590321 -0.158270 -13.087540 -0.420538 -0.209720 -0.158270 -13.088561 -0.020453 0.172090 -0.158270 -13.086614 0.252814 0.432688 -0.158270  
 158 158 168  -11.990478 0.315854 0.487650 -0.158270 -12.047715 0.669670 0.832631 -0.158270 -12.850985 1.074604 1.219163 -0.158270 -14.079418 1.432677 1.556479 -0.158270 -15.040396 1.664903 1.779863 -0.158270  
 168 168 178  -9.801993 1.840966 1.948078 -0.158270 -11.146149 2.109550 2.204393 -0.158270 -13.111777 2.502512 2.579358 -0.158270 -15.074683 2.895100 2.953923 -0.158270 -16.413404 3.162953 3.209463 -0.158270  
 178 178 188  -9.923316 3.301256 3.339058 -0.158270 -11.210565 3.567686 3.596859 -0.158270 -13.110450 3.961099 3.971531 -0.158270 -15.007351 4.354085 4.345798 -0.158270 -16.301158 4.622223 4.601151 -0.158270  
 188 188 198  -9.968225 4.758658 4.732035 -0.158270 -11.244815 5.027262 4.988338 -0.158270 -13.111790 5.420250 5.363299 -0.158270 -14.975915 5.812810 5.737864 -0.158270 -16.247349 6.080647 5.993424 -0.158270  
 198 198 13  -10.048469 6.219424 6.126097 -0.158270 -11.255956 6.484924 6.380436 -0.158270 -13.089951 6.879063 6.753263 -0.158270 -14.958345 7.271833 7.130135 -0.158270 -16.232525 7.539780 7.387277 -0.158270  
