 1 1 5  -64.842653 -3.903987 11.530631 0.225298 -55.221614 -2.659902 8.759131 0.225298 -44.131421 -0.810106 4.067447 0.225298 -43.997900 1.824416 -2.920164 0.225298 -49.140742 2.972668 -6.549854 0.225298  
 2 2 6  -46.578443 -3.474952 10.507815 0.225298 -35.041181 -2.280292 7.505744 0.225298 -17.496145 -0.594162 2.931732 0.225298 -18.163282 1.319317 -2.939708 0.225298 -29.940118 2.421589 -6.072389 0.225298  
 3 3 7  -42.124151 -3.471854 10.100976 0.225298 -30.625463 -2.266128 7.126854 0.225298 -12.845464 -0.553728 2.602098 0.225298 -13.516259 1.236545 -2.622443 0.225298 -25.536075 2.377304 -5.705826 0.225298  
 4 4 8  -61.022099 -3.916858 11.213529 0.225298 -51.253163 -2.662509 8.472326 0.225298 -39.028613 -0.789708 3.997027 0.225298 -38.750767 1.836945 -2.871653 0.225298 -44.935375 2.942258 -6.308879 0.225298  
 5 5 10  -38.998159 -0.040047 7.131043 -0.378781 -30.669637 0.074359 4.650561 -0.378781 -26.244321 0.247988 -0.396087 -0.378781 -32.164932 0.313983 -5.129653 -0.378781 -40.561927 0.406862 -7.576676 -0.378781  
 6 6 11  -30.009718 -0.029298 7.119698 -0.378781 -19.407207 0.067337 4.342618 -0.378781 -6.567375 0.247296 -0.222871 -0.378781 -20.408760 0.256049 -4.601785 -0.378781 -30.885023 0.355076 -7.361890 -0.378781  
 7 7 12  -27.842896 -0.054540 6.924188 -0.378781 -17.281081 0.046782 4.156412 -0.378781 -3.142387 0.236173 -0.213125 -0.378781 -18.240536 0.267872 -4.413629 -0.378781 -28.694357 0.381729 -7.162767 -0.378781  
 8 8 118  -32.071768 -0.040214 7.517739 -0.378781 -30.978233 -0.030821 7.230791 -0.378781 -29.372888 -0.017478 6.809931 -0.378781 -27.762748 -0.004634 6.388276 -0.378781 -26.660358 0.003836 6.099866 -0.378781  
 9 10 15  -19.936685 -1.571924 4.474865 -0.003344 -11.658057 -0.944544 2.358150 -0.003344 -6.910902 0.052680 -1.224506 -0.003344 -18.936950 1.013736 -4.322751 -0.003344 -27.183011 1.660033 -6.419140 -0.003344  
 10 11 16  -16.355369 -1.461086 4.560405 -0.003344 -7.202465 -0.821161 2.228077 -0.003344 -1.251852 0.038950 -0.749333 -0.003344 -14.538069 0.940463 -4.173388 -0.003344 -23.621654 1.583247 -6.491563 -0.003344  
 11 12 17  -15.128015 -1.453058 4.452463 -0.003344 -6.032975 -0.800950 2.124701 -0.003344 -0.242468 0.036883 -0.650489 -0.003344 -13.314171 0.934650 -4.064033 -0.003344 -22.373220 1.581797 -6.381119 -0.003344  
 12 13 18  -18.812985 -1.563059 4.382860 -0.003344 -10.483493 -0.924980 2.269927 -0.003344 -5.661638 0.053181 -1.132935 -0.003344 -17.802347 1.011975 -4.227374 -0.003344 -26.049421 1.663842 -6.322913 -0.003344  
 13 5 6  0.000000 13.619681 -0.000000 0.319461 0.000000 8.182325 -0.000000 0.319461 0.000000 0.219949 0.000000 0.319461 0.000000 -7.742426 0.000000 0.319461 0.000000 -13.179782 0.000000 0.319461  
 14 6 7  0.000000 2.806416 -0.000000 -0.326021 0.000000 1.668896 -0.000000 -0.326021 0.000000 0.003130 0.000000 -0.326021 0.000000 -1.662636 0.000000 -0.326021 0.000000 -2.800156 0.000000 -0.326021  
 15 7 8  0.000000 13.160731 0.000000 0.341416 0.000000 7.731106 0.000000 0.341416 0.000000 -0.219949 0.000000 0.341416 0.000000 -8.171005 -0.000000 0.341416 0.000000 -13.600630 -0.000000 0.341416  
 16 8 5  0.000000 2.819207 0.000000 -0.423933 0.000000 1.673957 0.000000 -0.423933 0.000000 -0.003130 0.000000 -0.423933 0.000000 -1.680216 -0.000000 -0.423933 0.000000 -2.825467 -0.000000 -0.423933  
 17 10 11  0.000000 12.173971 0.000000 0.098100 0.000000 7.277382 0.000000 0.098100 0.000000 0.106897 0.000000 0.098100 0.000000 -7.063588 -0.000000 0.098100 0.000000 -11.960177 -0.000000 0.098100  
 18 11 12  0.000000 1.892750 -0.000000 -0.192709 0.000000 1.125495 -0.000000 -0.192709 0.000000 0.001940 0.000000 -0.192709 0.000000 -1.121616 0.000000 -0.192709 0.000000 -1.888871 0.000000 -0.192709  
 19 12 13  0.000000 11.948584 -0.000000 0.086828 0.000000 7.056699 -0.000000 0.086828 0.000000 -0.106897 0.000000 0.086828 0.000000 -7.270494 0.000000 0.086828 0.000000 -12.162379 0.000000 0.086828  
 20 13 10  0.000000 1.900464 0.000000 -0.416682 0.000000 1.128505 0.000000 -0.416682 0.000000 -0.001940 0.000000 -0.416682 0.000000 -1.132384 -0.000000 -0.416682 0.000000 -1.904343 -0.000000 -0.416682  
 21 15 16  0.000000 6.415147 0.000000 0.053709 0.000000 3.854562 0.000000 0.053709 0.000000 0.104882 0.000000 0.053709 0.000000 -3.644798 -0.000000 0.053709 0.000000 -6.205383 -0.000000 0.053709  
 22 16 17  0.000000 1.603581 0.000000 -0.082752 0.000000 0.954242 0.000000 -0.082752 0.000000 0.003361 0.000000 -0.082752 0.000000 -0.947520 -0.000000 -0.082752 0.000000 -1.596858 -0.000000 -0.082752  
 23 17 18  0.000000 6.190059 -0.000000 0.056463 0.000000 3.635692 -0.000000 0.056463 0.000000 -0.104882 0.000000 0.056463 0.000000 -3.845456 0.000000 0.056463 0.000000 -6.399823 0.000000 0.056463  
 24 18 15  0.000000 1.612182 -0.000000 -0.071473 0.000000 0.956626 -0.000000 -0.071473 0.000000 -0.003361 0.000000 -0.071473 0.000000 -0.963348 0.000000 -0.071473 0.000000 -1.618905 0.000000 -0.071473  
 118 118 128  -31.939316 0.010131 5.951421 -0.378781 -30.890110 0.017909 5.665774 -0.378781 -29.351574 0.029411 5.246676 -0.378781 -27.837250 0.044409 4.824931 -0.378781 -26.871505 0.053804 4.531540 -0.378781  
 128 128 138  -30.911133 0.059239 4.373586 -0.378781 -30.244923 0.066446 4.099363 -0.378781 -29.289441 0.077935 3.693923 -0.378781 -28.476472 0.092438 3.264406 -0.378781 -28.060926 0.103522 2.946639 -0.378781  
 138 138 148  -29.308017 0.106070 2.824392 -0.378781 -29.336718 0.115011 2.536747 -0.378781 -29.373650 0.128079 2.115518 -0.378781 -29.404506 0.141169 1.694224 -0.378781 -29.421789 0.150153 1.406528 -0.378781  
 148 148 158  -29.356991 0.155064 1.260223 -0.378781 -29.366775 0.163509 0.971949 -0.378781 -29.373584 0.176534 0.550596 -0.378781 -29.374605 0.189825 0.129660 -0.378781 -29.372658 0.198959 -0.157921 -0.378781  
 158 158 168  -29.399345 0.202965 -0.305092 -0.378781 -29.391386 0.212236 -0.592632 -0.378781 -29.374714 0.225618 -1.013594 -0.378781 -29.349472 0.238413 -1.435104 -0.378781 -29.328645 0.247026 -1.723016 -0.378781  
 168 168 178  -29.380752 0.246327 -1.852160 -0.378781 -29.350851 0.259935 -2.153308 -0.378781 -29.300292 0.280026 -2.594090 -0.378781 -29.350670 0.286518 -3.011969 -0.378781 -29.605401 0.289901 -3.250651 -0.378781  
 178 178 188  -27.532252 0.300201 -3.421707 -0.378781 -28.214409 0.309196 -3.723225 -0.378781 -29.302720 0.323661 -4.151939 -0.378781 -30.521420 0.334393 -4.564019 -0.378781 -31.378766 0.345439 -4.841647 -0.378781  
 188 188 198  -26.769447 0.350303 -4.997998 -0.378781 -27.823949 0.357701 -5.286728 -0.378781 -29.372403 0.370755 -5.708318 -0.378781 -30.915683 0.384308 -6.129119 -0.378781 -31.966571 0.393848 -6.416020 -0.378781  
 198 198 13  -26.666084 0.398174 -6.562863 -0.378781 -27.766232 0.406683 -6.851281 -0.378781 -29.373017 0.419535 -7.272947 -0.378781 -30.974753 0.432858 -7.693801 -0.378781 -32.065725 0.442238 -7.980731 -0.378781  
