 1 1 5  -37.644923 -1.504101 1.367308 0.000418 -37.674371 -1.031930 0.975442 0.000418 -37.708870 -0.340259 0.401615 0.000418 -37.710532 0.350818 -0.171048 0.000418 -37.689665 0.823140 -0.562821 0.000418  
 2 2 6  -35.326608 -1.504780 1.368496 0.000418 -35.356152 -1.032506 0.976655 0.000418 -35.391268 -0.340733 0.402808 0.000418 -35.393478 0.351202 -0.171287 0.000418 -35.371547 0.823587 -0.563205 0.000418  
 3 3 7  -34.262843 -1.505440 1.369621 0.000418 -34.292139 -1.033168 0.977609 0.000418 -34.326308 -0.341439 0.403462 0.000418 -34.328021 0.351355 -0.171870 0.000418 -34.307346 0.823772 -0.564072 0.000418  
 4 4 8  -36.580239 -1.504753 1.368455 0.000418 -36.609575 -1.032586 0.976418 0.000418 -36.644292 -0.340968 0.402282 0.000418 -36.646699 0.350911 -0.171671 0.000418 -36.624825 0.823275 -0.563726 0.000418  
 5 5 10  -24.749773 -0.311080 0.783187 0.000099 -24.759384 -0.092757 0.444970 0.000099 -24.766885 0.226730 -0.049818 0.000099 -24.756565 0.546318 -0.544873 0.000099 -24.746637 0.764578 -0.883019 0.000099  
 6 6 11  -23.437462 -0.311369 0.783063 0.000099 -23.447164 -0.092971 0.445027 0.000099 -23.455605 0.226817 -0.050053 0.000099 -23.444487 0.546479 -0.544968 0.000099 -23.434477 0.764798 -0.882883 0.000099  
 7 7 12  -23.233208 -0.311276 0.783357 0.000099 -23.242816 -0.092970 0.445270 0.000099 -23.250599 0.226894 -0.050210 0.000099 -23.240155 0.546554 -0.545290 0.000099 -23.230198 0.764796 -0.883245 0.000099  
 8 8 118  -24.551138 -0.361106 0.861063 0.000099 -24.552228 -0.339283 0.827245 0.000099 -24.553795 -0.307326 0.777723 0.000099 -24.555325 -0.275369 0.728201 0.000099 -24.556346 -0.253547 0.694384 0.000099  
 9 10 15  -12.181416 0.370078 0.303000 0.000008 -12.186935 0.276536 0.113615 0.000008 -12.189647 0.139507 -0.163626 0.000008 -12.183292 0.002524 -0.440932 0.000008 -12.176667 -0.091032 -0.630318 0.000008  
 10 11 16  -11.736130 0.370045 0.302978 0.000008 -11.741668 0.276517 0.113628 0.000008 -11.744366 0.139533 -0.163661 0.000008 -11.737959 0.002573 -0.440986 0.000008 -11.731321 -0.090976 -0.630326 0.000008  
 11 12 17  -11.811517 0.370071 0.303020 0.000008 -11.817032 0.276517 0.113656 0.000008 -11.819660 0.139568 -0.163705 0.000008 -11.813313 0.002594 -0.441039 0.000008 -11.806703 -0.090978 -0.630389 0.000008  
 12 13 18  -12.256829 0.370103 0.303042 0.000008 -12.262345 0.276537 0.113642 0.000008 -12.265029 0.139544 -0.163670 0.000008 -12.258670 0.002546 -0.440984 0.000008 -12.252057 -0.091035 -0.630381 0.000008  
 13 5 6  0.000000 1.388953 0.000000 -0.000402 0.000000 0.825284 0.000000 -0.000402 0.000000 -0.000144 0.000000 -0.000402 0.000000 -0.825573 -0.000000 -0.000402 0.000000 -1.389242 -0.000000 -0.000402  
 14 6 7  0.000000 1.187749 0.000000 0.000631 0.000000 0.705757 0.000000 0.000631 0.000000 -0.000065 0.000000 0.000631 0.000000 -0.705887 -0.000000 0.000631 0.000000 -1.187880 -0.000000 0.000631  
 15 7 8  0.000000 1.389266 -0.000000 -0.000428 0.000000 0.825587 -0.000000 -0.000428 0.000000 0.000144 0.000000 -0.000428 0.000000 -0.825298 0.000000 -0.000428 0.000000 -1.388977 0.000000 -0.000428  
 16 8 5  0.000000 1.187856 -0.000000 0.000642 0.000000 0.705873 -0.000000 0.000642 0.000000 0.000065 0.000000 0.000642 0.000000 -0.705743 0.000000 0.000642 0.000000 -1.187726 0.000000 0.000642  
 17 10 11  0.000000 1.196815 -0.000000 -0.000158 0.000000 0.711161 -0.000000 -0.000158 0.000000 -0.000023 0.000000 -0.000158 0.000000 -0.711208 0.000000 -0.000158 0.000000 -1.196862 0.000000 -0.000158  
 18 11 12  0.000000 0.386460 -0.000000 0.000256 0.000000 0.229636 -0.000000 0.000256 0.000000 -0.000014 0.000000 0.000256 0.000000 -0.229665 0.000000 0.000256 0.000000 -0.386488 0.000000 0.000256  
 19 12 13  0.000000 1.196893 0.000000 -0.000159 0.000000 0.711226 0.000000 -0.000159 0.000000 0.000023 0.000000 -0.000159 0.000000 -0.711180 -0.000000 -0.000159 0.000000 -1.196847 -0.000000 -0.000159  
 20 13 10  0.000000 0.386457 0.000000 0.000256 0.000000 0.229646 0.000000 0.000256 0.000000 0.000014 0.000000 0.000256 0.000000 -0.229617 -0.000000 0.000256 0.000000 -0.386428 -0.000000 0.000256  
 21 15 16  0.000000 0.614959 0.000000 -0.000019 0.000000 0.365411 0.000000 -0.000019 0.000000 -0.000022 0.000000 -0.000019 0.000000 -0.365456 -0.000000 -0.000019 0.000000 -0.615004 -0.000000 -0.000019  
 22 16 17  0.000000 -0.104080 0.000000 0.000026 0.000000 -0.061850 0.000000 0.000026 0.000000 -0.000009 0.000000 0.000026 0.000000 0.061832 -0.000000 0.000026 0.000000 0.104062 -0.000000 0.000026  
 23 17 18  0.000000 0.615035 -0.000000 -0.000018 0.000000 0.365475 -0.000000 -0.000018 0.000000 0.000022 0.000000 -0.000018 0.000000 -0.365430 0.000000 -0.000018 0.000000 -0.614990 0.000000 -0.000018  
 24 18 15  0.000000 -0.104094 -0.000000 0.000026 0.000000 -0.061851 -0.000000 0.000026 0.000000 0.000009 0.000000 0.000026 0.000000 0.061869 0.000000 0.000026 0.000000 0.104111 0.000000 0.000026  
 118 118 128  -24.551404 -0.242412 0.677128 0.000099 -24.552391 -0.220588 0.643309 0.000099 -24.553799 -0.188630 0.593786 0.000099 -24.555162 -0.156674 0.544265 0.000099 -24.556070 -0.134852 0.510448 0.000099  
 128 128 138  -24.551673 -0.123715 0.493191 0.000099 -24.552548 -0.101893 0.459373 0.000099 -24.553797 -0.069936 0.409851 0.000099 -24.555006 -0.037979 0.360329 0.000099 -24.555804 -0.016156 0.326511 0.000099  
 138 138 148  -24.551970 -0.005021 0.309254 0.000099 -24.552734 0.016803 0.275437 0.000099 -24.553805 0.048760 0.225915 0.000099 -24.554822 0.080716 0.176392 0.000099 -24.555482 0.102539 0.142576 0.000099  
 148 148 158  -24.552681 0.113676 0.125345 0.000099 -24.553278 0.135499 0.091502 0.000099 -24.554035 0.167455 0.041952 0.000099 -24.554358 0.199405 -0.007537 0.000099 -24.554060 0.221244 -0.041340 0.000099  
 158 158 168  -24.555288 0.232363 -0.058625 0.000099 -24.554757 0.254195 -0.092433 0.000099 -24.553824 0.286153 -0.141955 0.000099 -24.552814 0.318107 -0.191480 0.000099 -24.552090 0.339925 -0.225300 0.000099  
 168 168 178  -24.555704 0.351063 -0.242554 0.000099 -24.554949 0.372889 -0.276372 0.000099 -24.553798 0.404847 -0.325894 0.000099 -24.552607 0.436802 -0.375416 0.000099 -24.551767 0.458623 -0.409233 0.000099  
 178 178 188  -24.555953 0.469760 -0.426490 0.000099 -24.555087 0.491584 -0.460308 0.000099 -24.553794 0.523542 -0.509830 0.000099 -24.552464 0.555497 -0.559352 0.000099 -24.551538 0.577319 -0.593170 0.000099  
 188 188 198  -24.556160 0.588456 -0.610426 0.000099 -24.555211 0.610279 -0.644244 0.000099 -24.553795 0.642235 -0.693766 0.000099 -24.552340 0.674193 -0.743288 0.000099 -24.551326 0.696016 -0.777106 0.000099  
 198 198 13  -24.556525 0.707151 -0.794362 0.000099 -24.555434 0.728974 -0.828180 0.000099 -24.553797 0.760932 -0.877702 0.000099 -24.552120 0.792888 -0.927224 0.000099 -24.550954 0.814710 -0.961042 0.000099  
