 1 1 5  -89.370572 -20.521563 -15.531466 -0.627202 -58.711065 -13.836797 -10.390871 -0.627202 -13.377254 -3.941019 -2.803862 -0.627202 -19.732835 5.077105 4.288114 -0.627202 -50.709543 11.805389 9.505590 -0.627202  
 2 2 6  -116.519131 -22.408349 -16.181495 -0.627202 -86.770353 -15.746198 -11.351861 -0.627202 -44.341608 -5.773969 -4.257675 -0.627202 -48.141763 6.948874 4.687916 -0.627202 -77.208092 13.727814 9.570381 -0.627202  
 3 3 7  -82.600850 -20.796354 -14.704644 -0.627202 -50.670778 -13.514066 -9.858523 -0.627202 -4.578198 -2.889218 -2.569773 -0.627202 -14.725567 5.762595 3.345288 -0.627202 -46.560736 13.133983 8.178559 -0.627202  
 4 4 8  -49.135440 -18.228679 -13.643078 -0.627202 -18.367103 -11.020589 -8.456384 -0.627202 16.607488 -1.510480 -1.208937 -0.627202 11.027498 3.670457 2.624249 -0.627202 -15.804883 10.603327 7.709451 -0.627202  
 5 5 10  -46.418428 -9.633867 -9.754180 -0.182567 -24.267418 -5.222376 -5.496186 -0.182567 -0.038261 0.665029 0.345240 -0.182567 -32.004859 7.228863 6.485493 -0.182567 -54.105292 11.647774 10.716474 -0.182567  
 6 6 11  -59.497819 -10.608418 -9.246521 -0.182567 -38.666838 -6.170544 -5.506484 -0.182567 -19.072458 1.637525 0.945549 -0.182567 -47.116032 8.275627 6.648174 -0.182567 -67.906929 12.684485 10.399429 -0.182567  
 7 7 12  -44.865520 -11.627982 -8.247269 -0.182567 -21.138261 -6.306554 -4.493008 -0.182567 3.468208 0.281773 0.232012 -0.182567 -27.961074 7.779860 5.683449 -0.182567 -51.657402 13.091215 9.430550 -0.182567  
 8 8 118  -11.373421 -9.816660 -8.240990 -0.182567 -9.733004 -9.433183 -7.919312 -0.182567 -7.334516 -8.871682 -7.448185 -0.182567 -5.007846 -8.310296 -6.985910 -0.182567 -3.441100 -7.927530 -6.672177 -0.182567  
 9 10 15  -19.451545 -5.069862 -4.870399 -0.044012 -5.436306 -2.152249 -2.177231 -0.044012 0.168569 1.075844 0.841305 -0.044012 -19.942634 5.403457 4.691063 -0.044012 -34.260052 8.344737 7.355640 -0.044012  
 10 11 16  -23.968105 -5.425140 -4.591707 -0.044012 -9.995576 -2.480835 -2.125269 -0.044012 -5.136703 1.479194 1.216760 -0.044012 -25.577027 5.801350 4.819322 -0.044012 -39.529654 8.741437 7.268380 -0.044012  
 11 12 17  -19.355482 -5.905675 -4.268111 -0.044012 -4.797810 -2.594770 -1.829513 -0.044012 1.693621 0.860702 0.798693 -0.044012 -18.680327 5.570958 4.447246 -0.044012 -33.507736 8.861680 6.911000 -0.044012  
 12 13 18  -14.514757 -5.506942 -4.535991 -0.044012 -0.392619 -2.258495 -1.878597 -0.044012 5.393543 0.619272 0.523981 -0.044012 -13.015942 5.148773 4.296717 -0.044012 -28.040735 8.434795 6.972417 -0.044012  
 13 5 6  0.000000 -17.559906 0.000000 -1.516103 0.000000 -10.310478 0.000000 -1.516103 0.000000 0.305467 0.000000 -1.516103 0.000000 10.921411 -0.000000 -1.516103 0.000000 18.170839 -0.000000 -1.516103  
 14 6 7  0.000000 23.606692 -0.000000 1.231665 0.000000 14.266544 -0.000000 1.231665 0.000000 0.588983 0.000000 1.231665 0.000000 -13.088577 0.000000 1.231665 0.000000 -22.428726 0.000000 1.231665  
 15 7 8  0.000000 -17.951987 -0.000000 -2.783302 0.000000 -10.791365 -0.000000 -2.783302 0.000000 -0.305467 0.000000 -2.783302 0.000000 10.180432 0.000000 -2.783302 0.000000 17.341054 0.000000 -2.783302  
 16 8 5  0.000000 22.209873 0.000000 2.132006 0.000000 12.958531 0.000000 2.132006 0.000000 -0.588983 0.000000 2.132006 0.000000 -14.136498 -0.000000 2.132006 0.000000 -23.387840 -0.000000 2.132006  
 17 10 11  0.000000 -14.266360 0.000000 -0.901520 0.000000 -8.409573 0.000000 -0.901520 0.000000 0.167009 0.000000 -0.901520 0.000000 8.743592 -0.000000 -0.901520 0.000000 14.600379 -0.000000 -0.901520  
 18 11 12  0.000000 17.747299 0.000000 0.806150 0.000000 10.658354 0.000000 0.806150 0.000000 0.277419 0.000000 0.806150 0.000000 -10.103517 -0.000000 0.806150 0.000000 -17.192461 -0.000000 0.806150  
 19 12 13  0.000000 -14.319207 -0.000000 -1.616653 0.000000 -8.576514 -0.000000 -1.616653 0.000000 -0.167009 0.000000 -1.616653 0.000000 8.242496 0.000000 -1.616653 0.000000 13.985188 0.000000 -1.616653  
 20 13 10  0.000000 16.911290 -0.000000 1.370049 0.000000 9.936439 -0.000000 1.370049 0.000000 -0.277419 0.000000 1.370049 0.000000 -10.491276 0.000000 1.370049 0.000000 -17.466127 0.000000 1.370049  
 21 15 16  0.000000 -6.865509 -0.000000 -0.167872 0.000000 -4.062595 -0.000000 -0.167872 0.000000 0.041945 0.000000 -0.167872 0.000000 4.146486 0.000000 -0.167872 0.000000 6.949400 0.000000 -0.167872  
 22 16 17  0.000000 8.347917 -0.000000 0.147583 0.000000 4.990674 -0.000000 0.147583 0.000000 0.074382 0.000000 0.147583 0.000000 -4.841910 0.000000 0.147583 0.000000 -8.199153 0.000000 0.147583  
 23 17 18  0.000000 -6.656249 0.000000 -0.164084 0.000000 -3.972291 0.000000 -0.164084 0.000000 -0.041945 0.000000 -0.164084 0.000000 3.888400 -0.000000 -0.164084 0.000000 6.572359 -0.000000 -0.164084  
 24 18 15  0.000000 7.906002 0.000000 0.147229 0.000000 4.667714 0.000000 0.147229 0.000000 -0.074382 0.000000 0.147229 0.000000 -4.816478 -0.000000 0.147229 0.000000 -8.054767 -0.000000 0.147229  
 118 118 128  -11.415555 -7.732774 -6.505506 -0.182567 -9.764511 -7.348223 -6.186877 -0.182567 -7.353370 -6.785790 -5.719768 -0.182567 -4.961372 -6.225304 -5.252052 -0.182567 -3.383931 -5.843682 -4.938401 -0.182567  
 128 128 138  -11.508900 -5.650814 -4.770945 -0.182567 -9.808076 -5.263672 -4.453891 -0.182567 -7.339500 -4.697688 -3.990176 -0.182567 -4.928960 -4.140476 -3.521542 -0.182567 -3.301359 -3.762055 -3.200869 -0.182567  
 138 138 148  -11.706784 -3.564819 -3.038520 -0.182567 -9.924526 -3.177330 -2.723241 -0.182567 -7.348052 -2.615123 -2.256793 -0.182567 -4.801311 -2.056316 -1.787752 -0.182567 -3.105564 -1.673439 -1.472212 -0.182567  
 148 148 158  -9.811454 -1.392981 -1.236236 -0.182567 -8.472263 -1.084700 -0.980394 -0.182567 -6.753005 -0.612985 -0.596197 -0.182567 -6.288214 0.029284 -0.059121 -0.182567 -6.359694 0.506836 0.347137 -0.182567  
 158 158 168  -2.877687 0.608275 0.422476 -0.182567 -4.698865 0.991481 0.742447 -0.182567 -7.371224 1.553440 1.209023 -0.182567 -10.037929 2.114475 1.674774 -0.182567 -11.856887 2.497277 1.992579 -0.182567  
 168 168 178  -3.213662 2.694617 2.156049 -0.182567 -4.883978 3.076609 2.474181 -0.182567 -7.352126 3.637054 2.940610 -0.182567 -9.850365 4.199489 3.406768 -0.182567 -11.571720 4.583755 3.725841 -0.182567  
 178 178 188  -3.348497 4.781589 3.890134 -0.182567 -4.937523 5.162295 4.204310 -0.182567 -7.336295 5.719350 4.673771 -0.182567 -9.792990 6.284633 5.139205 -0.182567 -11.482635 6.671378 5.457154 -0.182567  
 188 188 198  -3.422215 6.863721 5.624666 -0.182567 -4.995645 7.246121 5.938815 -0.182567 -7.337858 7.808395 6.400676 -0.182567 -9.739725 8.369126 6.871683 -0.182567 -11.395352 8.752710 7.194119 -0.182567  
 198 198 13  -3.461297 8.949459 7.354004 -0.182567 -5.031536 9.331063 7.671549 -0.182567 -7.346570 9.892467 8.134984 -0.182567 -9.703183 10.455002 8.602110 -0.182567 -11.336667 10.837326 8.926227 -0.182567  
