 1 1 5  -61.928874 16.693372 5.431184 -0.595413 -40.369271 11.157127 3.830605 -0.595413 -8.099410 2.921414 1.328985 -0.595413 -13.291911 -4.404507 -1.002917 -0.595413 -35.357049 -10.033949 -2.675071 -0.595413  
 2 2 6  -47.129376 15.440649 5.296119 -0.595413 -25.760215 9.894693 3.599653 -0.595413 4.066762 1.829628 0.906325 -0.595413 -0.001616 -3.153932 -0.885996 -0.595413 -20.789445 -8.741047 -2.593988 -0.595413  
 3 3 7  -78.836494 17.527040 5.922624 -0.595413 -59.245956 12.482382 4.273851 -0.595413 -30.176172 4.913516 1.734942 -0.595413 -29.520184 -4.812063 -1.424776 -0.595413 -49.088394 -9.972551 -3.160911 -0.595413  
 4 4 8  -91.140302 18.449354 5.990713 -0.595413 -72.133726 13.404356 4.429298 -0.595413 -45.835867 5.685521 2.031832 -0.595413 -45.151970 -5.595297 -1.489130 -0.595413 -62.395375 -10.908276 -3.193765 -0.595413  
 5 5 10  -39.003865 10.741046 4.924534 0.178819 -19.664580 5.981457 2.824270 0.178819 2.462517 -0.164755 -0.030762 0.178819 -22.842741 -6.835313 -2.982914 0.178819 -42.087082 -11.580570 -5.062796 0.178819  
 6 6 11  -29.207775 9.912970 4.789138 0.178819 -10.342294 5.168139 2.639577 0.178819 5.816597 -0.164755 -0.020690 0.178819 -13.347383 -6.004587 -2.787615 0.178819 -32.288843 -10.754372 -4.897410 0.178819  
 7 7 12  -45.259746 9.809644 5.443524 0.178819 -28.227947 5.720003 3.311684 0.178819 -9.084652 -1.109653 -0.078032 0.178819 -33.356725 -7.169964 -3.377528 0.178819 -50.234250 -11.238360 -5.503337 0.178819  
 8 8 118  -41.325524 10.741498 5.873987 0.178819 -39.567818 10.318312 5.656511 0.178819 -36.989764 9.698006 5.337514 0.178819 -34.406774 9.076977 5.017881 0.178819 -32.639989 8.652459 4.799230 0.178819  
 9 10 15  -17.237913 5.537598 2.250796 -0.058389 -4.948460 2.446585 0.995769 -0.058389 0.873096 -0.847997 -0.461558 -0.058389 -16.540039 -5.322288 -2.333958 -0.058389 -28.913286 -8.400226 -3.590140 -0.058389  
 10 11 16  -14.494550 5.294028 2.241974 -0.058389 -2.466566 2.217082 0.958887 -0.058389 2.707227 -0.699904 -0.382324 -0.058389 -13.795573 -5.079320 -2.312965 -0.058389 -26.117027 -8.160212 -3.588696 -0.058389  
 11 12 17  -19.149733 5.130948 2.420961 -0.058389 -7.722153 2.351069 1.126818 -0.058389 -3.191004 -1.238941 -0.612277 -0.058389 -19.907272 -5.314389 -2.509130 -0.058389 -31.276099 -8.081870 -3.788332 -0.058389  
 12 13 18  -21.890535 5.358738 2.426673 -0.058389 -10.437059 2.577934 1.166330 -0.058389 -5.865005 -1.465148 -0.679938 -0.058389 -22.660644 -5.541378 -2.527881 -0.058389 -34.021195 -8.308693 -3.776075 -0.058389  
 13 5 6  0.000000 8.143519 -0.000000 -1.276465 0.000000 4.854845 -0.000000 -1.276465 0.000000 0.038965 0.000000 -1.276465 0.000000 -4.776915 0.000000 -1.276465 0.000000 -8.065589 0.000000 -1.276465  
 14 6 7  0.000000 -19.718997 0.000000 0.693415 0.000000 -11.524615 0.000000 0.693415 0.000000 0.475103 0.000000 0.693415 0.000000 12.474822 -0.000000 0.693415 0.000000 20.669204 -0.000000 0.693415  
 15 7 8  0.000000 8.150896 0.000000 -0.416392 0.000000 4.827606 0.000000 -0.416392 0.000000 -0.038965 0.000000 -0.416392 0.000000 -4.905537 -0.000000 -0.416392 0.000000 -8.228827 -0.000000 -0.416392  
 16 8 5  0.000000 -20.754511 -0.000000 0.486347 0.000000 -12.525514 -0.000000 0.486347 0.000000 -0.475103 0.000000 0.486347 0.000000 11.575307 0.000000 0.486347 0.000000 19.804305 0.000000 0.486347  
 17 10 11  0.000000 7.496687 0.000000 -0.624975 0.000000 4.458979 0.000000 -0.624975 0.000000 0.010610 0.000000 -0.624975 0.000000 -4.437760 -0.000000 -0.624975 0.000000 -7.475467 -0.000000 -0.624975  
 18 11 12  0.000000 -16.183237 -0.000000 0.428479 0.000000 -9.545447 -0.000000 0.428479 0.000000 0.174826 0.000000 0.428479 0.000000 9.895099 0.000000 0.428479 0.000000 16.532890 0.000000 0.428479  
 19 12 13  0.000000 7.671007 -0.000000 0.174371 0.000000 4.553953 -0.000000 0.174371 0.000000 -0.010610 0.000000 0.174371 0.000000 -4.575173 0.000000 0.174371 0.000000 -7.692227 0.000000 0.174371  
 20 13 10  0.000000 -16.728430 0.000000 0.189157 0.000000 -10.011292 0.000000 0.189157 0.000000 -0.174826 0.000000 0.189157 0.000000 9.661640 -0.000000 0.189157 0.000000 16.378777 -0.000000 0.189157  
 21 15 16  0.000000 3.473368 -0.000000 -0.081005 0.000000 2.071662 -0.000000 -0.081005 0.000000 0.019027 0.000000 -0.081005 0.000000 -2.033609 0.000000 -0.081005 0.000000 -3.435315 0.000000 -0.081005  
 22 16 17  0.000000 -7.652763 0.000000 0.057999 0.000000 -4.495907 0.000000 0.057999 0.000000 0.126941 0.000000 0.057999 0.000000 4.749789 -0.000000 0.057999 0.000000 7.906645 -0.000000 0.057999  
 23 17 18  0.000000 3.635857 0.000000 -0.082408 0.000000 2.152775 0.000000 -0.082408 0.000000 -0.019027 0.000000 -0.082408 0.000000 -2.190828 -0.000000 -0.082408 0.000000 -3.673910 -0.000000 -0.082408  
 24 18 15  0.000000 -8.107187 -0.000000 0.052511 0.000000 -4.868955 -0.000000 0.052511 0.000000 -0.126941 0.000000 0.052511 0.000000 4.615073 0.000000 0.052511 0.000000 7.853305 0.000000 0.052511  
 118 118 128  -41.303186 8.435286 4.689134 0.178819 -39.548695 8.012966 4.470539 0.178819 -36.981835 7.393389 4.150588 0.178819 -34.424661 6.771916 3.831460 0.178819 -32.683862 6.345905 3.614916 0.178819  
 128 128 138  -40.601714 6.120183 3.503613 0.178819 -39.082051 5.707920 3.283598 0.178819 -36.917915 5.094941 2.965303 0.178819 -34.870791 4.469297 2.645665 0.178819 -33.580253 4.027888 2.428020 0.178819  
 138 138 148  -37.967533 3.773219 2.275958 0.178819 -37.379935 3.404093 2.097854 0.178819 -36.764177 2.822479 1.812385 0.178819 -36.570854 2.163511 1.463161 0.178819 -36.587724 1.683276 1.196475 0.178819  
 148 148 158  -36.974076 1.521218 1.130866 0.178819 -36.983577 1.096885 0.912251 0.178819 -36.990328 0.476150 0.592838 0.178819 -36.991349 -0.144323 0.273831 0.178819 -36.989408 -0.567975 0.055856 0.178819  
 158 158 168  -37.014342 -0.784255 -0.055276 0.178819 -37.006370 -1.208148 -0.273545 0.178819 -36.989691 -1.829084 -0.593066 0.178819 -36.964450 -2.450606 -0.913133 0.178819 -36.958964 -2.871947 -1.128883 0.178819  
 168 168 178  -35.182462 -3.038511 -1.218620 0.178819 -35.664231 -3.524163 -1.465842 0.178819 -36.795695 -4.163213 -1.790657 0.178819 -38.255316 -4.754071 -2.095946 0.178819 -39.360232 -5.141268 -2.303611 0.178819  
 178 178 188  -32.891329 -5.393157 -2.426266 0.178819 -34.534683 -5.819433 -2.645321 0.178819 -36.968599 -6.440639 -2.966673 0.178819 -39.440039 -7.060197 -3.284224 0.178819 -41.124740 -7.482881 -3.500695 0.178819  
 188 188 198  -32.632145 -7.699811 -3.613125 0.178819 -34.402123 -8.124323 -3.831758 0.178819 -36.989815 -8.745360 -4.151390 0.178819 -39.572474 -9.365666 -4.470394 0.178819 -41.333234 -9.788840 -4.687875 0.178819  
 198 198 13  -32.660822 -10.005133 -4.799128 0.178819 -34.419133 -10.429639 -5.017783 0.178819 -36.989780 -11.050672 -5.337424 0.178819 -39.555454 -11.670982 -5.656417 0.178819 -41.304662 -12.094162 -5.873881 0.178819  
