 1 1 5  -45.689754 0.170236 -10.303907 0.308594 -34.431825 0.021323 -7.227348 0.308594 -18.021727 -0.160995 -2.581936 0.308594 -21.449208 -0.269160 3.638281 0.308594 -32.869439 -0.358190 6.789991 0.308594  
 2 2 6  -61.988703 0.218652 -11.298932 0.308594 -52.289358 0.050785 -8.367577 0.308594 -42.778521 -0.193832 -3.228789 0.308594 -42.714284 -0.373773 3.928622 0.308594 -49.278725 -0.418842 7.402551 0.308594  
 3 3 7  -59.094360 0.156477 -11.109251 0.308594 -48.996786 -0.006292 -8.191818 0.308594 -38.116873 -0.222518 -3.239876 0.308594 -38.169126 -0.347042 3.918499 0.308594 -45.899666 -0.399732 7.215619 0.308594  
 4 4 8  -42.511819 0.105643 -10.053964 0.308594 -30.866584 -0.022250 -6.967306 0.308594 -13.712142 -0.165025 -2.329278 0.308594 -17.477631 -0.248345 3.362930 0.308594 -29.235055 -0.319418 6.521376 0.308594  
 5 5 10  -22.416146 -0.947432 -3.606324 0.047129 -19.123140 -0.822517 -2.432011 0.047129 -17.815899 -0.519285 0.021506 0.047129 -18.789547 -0.042408 2.488081 0.047129 -22.017903 0.173934 3.631582 0.047129  
 6 6 11  -32.071348 -1.195581 -3.228793 0.047129 -31.967342 -0.992082 -1.943473 0.047129 -32.260535 -0.519621 0.166256 0.047129 -31.775193 -0.047075 2.275068 0.047129 -31.733717 0.221322 3.552433 0.047129  
 7 7 12  -28.934417 -1.148319 -3.160904 0.047129 -28.420268 -0.996017 -1.953922 0.047129 -28.726239 -0.506249 0.166698 0.047129 -28.204324 -0.008868 2.291820 0.047129 -28.713710 0.235881 3.458634 0.047129  
 8 8 118  -17.346828 -1.043889 -3.742404 0.047129 -16.824537 -1.020852 -3.602825 0.047129 -16.056811 -0.986868 -3.397995 0.047129 -15.285592 -0.952600 -3.192633 0.047129 -14.757005 -0.929032 -3.052101 0.047129  
 9 10 15  -21.378332 -2.155021 -6.509121 0.028777 -9.298486 -1.214183 -3.434533 0.028777 2.245164 0.009937 0.188534 0.028777 -12.960610 1.280324 4.421600 0.028777 -25.020680 2.202663 7.489523 0.028777  
 10 11 16  -26.757667 -2.292108 -6.612474 0.028777 -15.403293 -1.358283 -3.767013 0.028777 -2.027223 0.026064 0.468597 0.028777 -18.644999 1.400058 4.641544 0.028777 -29.926718 2.324003 7.476226 0.028777  
 11 12 17  -25.079292 -2.283968 -6.472775 0.028777 -13.712032 -1.338046 -3.626948 0.028777 -0.432568 0.022986 0.324383 0.028777 -16.987506 1.391441 4.501471 0.028777 -28.266919 2.324084 7.336840 0.028777  
 12 13 18  -19.347955 -2.142143 -6.330748 0.028777 -7.392336 -1.183909 -3.262214 0.028777 2.926934 0.010778 0.188534 0.028777 -11.003159 1.267786 4.244626 0.028777 -22.994227 2.197914 7.311472 0.028777  
 13 5 6  0.000000 -10.444660 -0.000000 -0.046809 0.000000 -6.135598 -0.000000 -0.046809 0.000000 0.174522 0.000000 -0.046809 0.000000 6.484643 0.000000 -0.046809 0.000000 10.793705 0.000000 -0.046809  
 14 6 7  0.000000 0.689415 -0.000000 0.090654 0.000000 0.408238 -0.000000 0.090654 0.000000 -0.003512 0.000000 0.090654 0.000000 -0.415262 0.000000 0.090654 0.000000 -0.696439 0.000000 0.090654  
 15 7 8  0.000000 -10.779976 0.000000 -0.064269 0.000000 -6.476485 0.000000 -0.064269 0.000000 -0.174522 0.000000 -0.064269 0.000000 6.127440 -0.000000 -0.064269 0.000000 10.430931 -0.000000 -0.064269  
 16 8 5  0.000000 0.682710 0.000000 0.362370 0.000000 0.407104 0.000000 0.362370 0.000000 0.003512 0.000000 0.362370 0.000000 -0.400080 -0.000000 0.362370 0.000000 -0.675686 -0.000000 0.362370  
 17 10 11  0.000000 -10.029744 0.000000 -0.126701 0.000000 -5.927342 0.000000 -0.126701 0.000000 0.080148 0.000000 -0.126701 0.000000 6.087638 -0.000000 -0.126701 0.000000 10.190040 -0.000000 -0.126701  
 18 11 12  0.000000 2.460525 0.000000 0.085953 0.000000 1.463935 0.000000 0.085953 0.000000 0.004545 0.000000 0.085953 0.000000 -1.454845 -0.000000 0.085953 0.000000 -2.451435 -0.000000 0.085953  
 19 12 13  0.000000 -10.164415 -0.000000 -0.144251 0.000000 -6.072412 -0.000000 -0.144251 0.000000 -0.080148 0.000000 -0.144251 0.000000 5.912115 0.000000 -0.144251 0.000000 10.004119 0.000000 -0.144251  
 20 13 10  0.000000 2.425810 -0.000000 0.318424 0.000000 1.439618 -0.000000 0.318424 0.000000 -0.004545 0.000000 0.318424 0.000000 -1.448708 0.000000 0.318424 0.000000 -2.434900 0.000000 0.318424  
 21 15 16  0.000000 -7.095889 0.000000 -0.071503 0.000000 -4.158214 0.000000 -0.071503 0.000000 0.143671 0.000000 -0.071503 0.000000 4.445556 -0.000000 -0.071503 0.000000 7.383232 -0.000000 -0.071503  
 22 16 17  0.000000 2.268492 0.000000 0.100028 0.000000 1.350786 0.000000 0.100028 0.000000 0.006913 0.000000 0.100028 0.000000 -1.336960 -0.000000 0.100028 0.000000 -2.254666 -0.000000 0.100028  
 23 17 18  0.000000 -7.347794 -0.000000 -0.074457 0.000000 -4.424498 -0.000000 -0.074457 0.000000 -0.143671 0.000000 -0.074457 0.000000 4.137156 0.000000 -0.074457 0.000000 7.060452 0.000000 -0.074457  
 24 18 15  0.000000 2.219229 -0.000000 0.105894 0.000000 1.315903 -0.000000 0.105894 0.000000 -0.006913 0.000000 0.105894 0.000000 -1.329729 0.000000 0.105894 0.000000 -2.233055 0.000000 0.105894  
 118 118 128  -17.223397 -0.918683 -2.979279 0.047129 -16.746442 -0.894317 -2.840829 0.047129 -16.045428 -0.858499 -2.637627 0.047129 -15.364330 -0.825980 -2.430916 0.047129 -14.906467 -0.803927 -2.288640 0.047129  
 128 128 138  -16.756715 -0.791571 -2.209104 0.047129 -16.433606 -0.766595 -2.079949 0.047129 -16.013370 -0.733374 -1.881238 0.047129 -15.666430 -0.699168 -1.670361 0.047129 -15.471813 -0.675724 -1.518076 0.047129  
 138 138 148  -16.134458 -0.655146 -1.446820 0.047129 -16.065010 -0.641511 -1.318895 0.047129 -16.022104 -0.612686 -1.119661 0.047129 -16.041915 -0.571720 -0.906433 0.047129 -16.059183 -0.542137 -0.759242 0.047129  
 148 148 158  -16.041378 -0.536857 -0.695409 0.047129 -16.050620 -0.513851 -0.555737 0.047129 -16.059006 -0.479913 -0.350874 0.047129 -16.059744 -0.445541 -0.145366 0.047129 -16.056709 -0.422070 -0.005321 0.047129  
 158 158 168  -16.084446 -0.410633 0.065848 0.047129 -16.076045 -0.387091 0.206013 0.047129 -16.059125 -0.352733 0.411404 0.047129 -16.034275 -0.318811 0.616280 0.047129 -16.013447 -0.295808 0.756061 0.047129  
 168 168 178  -16.142177 -0.283284 0.827820 0.047129 -16.111199 -0.260274 0.967761 0.047129 -16.058737 -0.226451 1.172930 0.047129 -15.998227 -0.192413 1.378393 0.047129 -15.958454 -0.167957 1.517594 0.047129  
 178 178 188  -15.501995 -0.159910 1.577111 0.047129 -15.682385 -0.133406 1.730226 0.047129 -15.996143 -0.097103 1.944781 0.047129 -16.434291 -0.065500 2.138383 0.047129 -16.734285 -0.044637 2.269857 0.047129  
 188 188 198  -14.942960 -0.032905 2.349626 0.047129 -15.387792 -0.007102 2.491232 0.047129 -16.038101 0.030082 2.698059 0.047129 -16.722311 0.061108 2.901846 0.047129 -17.205849 0.082003 3.039422 0.047129  
 198 198 13  -14.767680 0.096086 3.112609 0.047129 -15.289475 0.120018 3.253224 0.047129 -16.054748 0.154364 3.458607 0.047129 -16.820276 0.188169 3.663397 0.047129 -17.341872 0.211065 3.802935 0.047129  
