 1 1 5  -41.679976 5.093467 5.070799 0.072082 -37.152912 3.935947 3.890051 0.072082 -32.504819 1.832812 1.712333 0.072082 -32.391154 -1.246533 -1.447831 0.072082 -34.031607 -2.883512 -3.124784 0.072082  
 2 2 6  -33.798823 4.777335 4.837322 0.072082 -28.379881 3.618686 3.622436 0.072082 -20.868215 1.718092 1.570365 0.072082 -20.348886 -1.219294 -1.522210 0.072082 -24.610608 -2.596936 -2.950837 0.072082  
 3 3 7  -43.629105 5.101588 5.243850 0.072082 -39.217758 3.977819 4.015958 0.072082 -34.936504 1.889076 1.689809 0.072082 -34.853145 -1.094170 -1.556469 0.072082 -36.086363 -2.743839 -3.333158 0.072082  
 4 4 8  -51.776860 5.374464 5.432505 0.072082 -48.382116 4.212255 4.196253 0.072082 -46.513127 1.876312 1.701061 0.072082 -46.418690 -1.071309 -1.424209 0.072082 -46.150657 -2.910963 -3.368905 0.072082  
 5 5 10  -26.349757 3.571346 2.439287 0.044506 -22.730889 2.460584 1.615471 0.044506 -21.238543 0.149340 -0.129403 0.044506 -22.484970 -2.172548 -1.848961 0.044506 -25.932745 -3.298020 -2.627981 0.044506  
 6 6 11  -21.271294 3.297477 2.403131 0.044506 -16.929005 2.230895 1.553700 0.044506 -13.734539 0.148596 -0.117685 0.044506 -16.676787 -1.971813 -1.758192 0.044506 -20.885999 -3.048809 -2.566996 0.044506  
 7 7 12  -27.763806 3.398483 2.667847 0.044506 -24.533489 2.349570 1.781634 0.044506 -23.476942 0.147002 -0.118132 0.044506 -24.351183 -2.064470 -2.005093 0.044506 -27.430578 -3.124921 -2.854035 0.044506  
 8 8 118  -32.337559 4.066446 3.052766 0.044506 -31.823030 3.923080 2.936030 0.044506 -31.073837 3.712287 2.763628 0.044506 -30.346573 3.496921 2.591164 0.044506 -29.869177 3.347816 2.471190 0.044506  
 9 10 15  -16.878796 3.444143 2.335751 -0.019699 -10.172731 1.941288 1.278269 -0.019699 -4.562424 -0.565823 -0.471805 -0.019699 -14.189564 -2.792620 -2.009192 -0.019699 -20.813703 -4.283088 -3.052528 -0.019699  
 10 11 16  -14.750286 3.285410 2.338665 -0.019699 -7.943148 1.780317 1.245405 -0.019699 -2.022243 -0.430451 -0.368630 -0.019699 -12.031017 -2.639071 -1.975330 -0.019699 -18.746756 -4.131018 -3.054489 -0.019699  
 11 12 17  -17.368364 3.300919 2.473409 -0.019699 -10.909742 1.882687 1.378236 -0.019699 -5.789376 -0.599720 -0.516993 -0.019699 -14.862073 -2.718218 -2.114134 -0.019699 -21.259732 -4.123633 -3.194251 -0.019699  
 12 13 18  -19.322824 3.442841 2.457749 -0.019699 -13.086484 2.018339 1.401305 -0.019699 -8.717418 -0.666714 -0.573994 -0.019699 -16.918019 -2.851053 -2.137497 -0.019699 -23.161614 -4.263578 -3.173948 -0.019699  
 13 5 6  0.000000 5.868701 0.000000 -0.278830 0.000000 3.497353 0.000000 -0.278830 0.000000 0.024789 0.000000 -0.278830 0.000000 -3.447775 -0.000000 -0.278830 0.000000 -5.819124 -0.000000 -0.278830  
 14 6 7  0.000000 -6.344303 0.000000 0.320776 0.000000 -3.754582 0.000000 0.320776 0.000000 0.037763 0.000000 0.320776 0.000000 3.830108 -0.000000 0.320776 0.000000 6.419829 -0.000000 0.320776  
 15 7 8  0.000000 5.827279 -0.000000 -0.150227 0.000000 3.452621 -0.000000 -0.150227 0.000000 -0.024789 0.000000 -0.150227 0.000000 -3.502198 0.000000 -0.150227 0.000000 -5.876856 0.000000 -0.150227  
 16 8 5  0.000000 -6.427983 -0.000000 0.216678 0.000000 -3.834953 -0.000000 0.216678 0.000000 -0.037763 0.000000 0.216678 0.000000 3.759428 0.000000 0.216678 0.000000 6.352458 0.000000 0.216678  
 17 10 11  0.000000 5.332102 -0.000000 -0.245542 0.000000 3.175109 -0.000000 -0.245542 0.000000 0.016445 0.000000 -0.245542 0.000000 -3.142220 0.000000 -0.245542 0.000000 -5.299212 0.000000 -0.245542  
 18 11 12  0.000000 -6.746888 -0.000000 0.249153 0.000000 -3.994480 -0.000000 0.249153 0.000000 0.036101 0.000000 0.249153 0.000000 4.066681 0.000000 0.249153 0.000000 6.819089 0.000000 0.249153  
 19 12 13  0.000000 5.316840 0.000000 -0.154814 0.000000 3.152695 0.000000 -0.154814 0.000000 -0.016445 0.000000 -0.154814 0.000000 -3.185584 -0.000000 -0.154814 0.000000 -5.349730 -0.000000 -0.154814  
 20 13 10  0.000000 -6.836717 0.000000 0.184047 0.000000 -4.077156 0.000000 0.184047 0.000000 -0.036101 0.000000 0.184047 0.000000 4.004955 -0.000000 0.184047 0.000000 6.764515 -0.000000 0.184047  
 21 15 16  0.000000 3.164868 -0.000000 -0.116256 0.000000 1.888337 -0.000000 -0.116256 0.000000 0.019007 0.000000 -0.116256 0.000000 -1.850324 0.000000 -0.116256 0.000000 -3.126855 0.000000 -0.116256  
 22 16 17  0.000000 -4.201636 0.000000 0.106265 0.000000 -2.478389 0.000000 0.106265 0.000000 0.045107 0.000000 0.106265 0.000000 2.568602 -0.000000 0.106265 0.000000 4.291849 -0.000000 0.106265  
 23 17 18  0.000000 3.149609 0.000000 -0.093803 0.000000 1.863845 0.000000 -0.093803 0.000000 -0.019007 0.000000 -0.093803 0.000000 -1.901859 -0.000000 -0.093803 0.000000 -3.187623 -0.000000 -0.093803  
 24 18 15  0.000000 -4.314604 -0.000000 0.090354 0.000000 -2.582123 -0.000000 0.090354 0.000000 -0.045107 0.000000 0.090354 0.000000 2.491910 0.000000 0.090354 0.000000 4.224390 0.000000 0.090354  
 118 118 128  -31.876361 3.269727 2.406536 0.044506 -31.522214 3.131140 2.295416 0.044506 -31.054481 2.922606 2.125429 0.044506 -30.635759 2.705662 1.950789 0.044506 -30.400346 2.550280 1.824672 0.044506  
 128 128 138  -31.260516 2.472237 1.760345 0.044506 -31.154248 2.338690 1.653368 0.044506 -31.041921 2.134280 1.489100 0.044506 -31.006599 1.914317 1.310474 0.044506 -31.040542 1.751465 1.176401 0.044506  
 138 138 148  -31.025385 1.691907 1.130011 0.044506 -31.053481 1.546210 1.012172 0.044506 -31.089642 1.332873 0.839546 0.044506 -31.119662 1.119544 0.666861 0.044506 -31.136251 0.973886 0.548969 0.044506  
 148 148 158  -31.073650 0.899917 0.489249 0.044506 -31.082912 0.753725 0.370797 0.044506 -31.089230 0.540343 0.198085 0.044506 -31.090252 0.327233 0.025690 0.044506 -31.088931 0.181688 -0.092039 0.044506  
 158 158 168  -31.113620 0.106892 -0.152674 0.044506 -31.106720 -0.038547 -0.270316 0.044506 -31.090587 -0.251575 -0.442715 0.044506 -31.066240 -0.465178 -0.615612 0.044506 -31.046115 -0.611171 -0.733735 0.044506  
 168 168 178  -31.167348 -0.685060 -0.793389 0.044506 -31.138644 -0.830885 -0.911566 0.044506 -31.090276 -1.044311 -1.084361 0.044506 -31.034689 -1.257554 -1.256849 0.044506 -30.992380 -1.403078 -1.374466 0.044506  
 178 178 188  -31.072092 -1.462831 -1.420304 0.044506 -31.026181 -1.625365 -1.554886 0.044506 -31.040317 -1.845690 -1.734496 0.044506 -31.131327 -2.050796 -1.898756 0.044506 -31.239564 -2.182335 -2.003076 0.044506  
 188 188 198  -30.433215 -2.262909 -2.069346 0.044506 -30.667238 -2.416139 -2.194158 0.044506 -31.046001 -2.634155 -2.372259 0.044506 -31.506764 -2.842005 -2.538824 0.044506 -31.831473 -2.981889 -2.651162 0.044506  
 198 198 13  -29.922028 -3.058491 -2.716205 0.044506 -30.380289 -3.208737 -2.834792 0.044506 -31.070527 -3.423578 -3.009026 0.044506 -31.786310 -3.634205 -3.181781 0.044506 -32.298724 -3.777950 -3.295233 0.044506  
