 1 1 5  -33.538654 1.611988 -2.478374 0.000961 -33.426351 1.145870 -1.748323 0.000961 -33.452306 0.426507 -0.639777 0.000961 -33.454141 -0.293740 0.469441 0.000961 -33.438820 -0.785056 1.226563 0.000961  
 2 2 6  -36.424157 1.626945 -2.494349 0.000961 -36.397579 1.145259 -1.747411 0.000961 -36.424085 0.426030 -0.639413 0.000961 -36.427203 -0.293295 0.468486 0.000961 -36.410463 -0.784463 1.225114 0.000961  
 3 3 7  -38.516379 1.634038 -2.501756 0.000961 -38.530934 1.144390 -1.746703 0.000961 -38.556821 0.425508 -0.638885 0.000961 -38.559161 -0.292518 0.467990 0.000961 -38.543691 -0.783390 1.224448 0.000961  
 4 4 8  -35.609253 1.622558 -2.490651 0.000961 -35.561477 1.144930 -1.747686 0.000961 -35.587556 0.425879 -0.639363 0.000961 -35.590887 -0.292860 0.469122 0.000961 -35.574307 -0.783873 1.226016 0.000961  
 5 5 10  -22.785629 0.640445 -0.911018 0.000022 -22.792359 0.330220 -0.447668 0.000022 -22.797203 -0.124310 0.231056 0.000022 -22.788700 -0.578639 0.909599 0.000022 -22.780477 -0.888831 1.372872 0.000022  
 6 6 11  -24.143171 0.640178 -0.910008 0.000022 -24.149919 0.329986 -0.446827 0.000022 -24.155774 -0.124258 0.231408 0.000022 -24.145972 -0.578476 0.909540 0.000022 -24.137662 -0.888654 1.372632 0.000022  
 7 7 12  -25.204365 0.639578 -0.909757 0.000022 -25.211008 0.329455 -0.446596 0.000022 -25.216043 -0.124343 0.231309 0.000022 -25.207278 -0.578375 0.909331 0.000022 -25.199029 -0.888484 1.372399 0.000022  
 8 8 118  -23.849802 0.711018 -1.017129 0.000022 -23.850553 0.680007 -0.970801 0.000022 -23.851628 0.634596 -0.902958 0.000022 -23.852679 0.589185 -0.835114 0.000022 -23.853380 0.558175 -0.788784 0.000022  
 9 10 15  -11.659899 0.130366 -0.009472 0.000002 -11.663577 0.011047 0.096828 0.000002 -11.665077 -0.163761 0.252533 0.000002 -11.660970 -0.338483 0.408223 0.000002 -11.656642 -0.457798 0.514519 0.000002  
 10 11 16  -12.015303 0.130300 -0.009737 0.000002 -12.019010 0.010994 0.096641 0.000002 -12.020451 -0.163744 0.252400 0.000002 -12.016356 -0.338423 0.408166 0.000002 -12.012020 -0.457725 0.514542 0.000002  
 11 12 17  -12.335673 0.130517 -0.009666 0.000002 -12.339370 0.011144 0.096698 0.000002 -12.340811 -0.163618 0.252376 0.000002 -12.336703 -0.338378 0.408107 0.000002 -12.332385 -0.457748 0.514468 0.000002  
 12 13 18  -11.980268 0.130578 -0.009406 0.000002 -11.983982 0.011192 0.096878 0.000002 -11.985436 -0.163631 0.252513 0.000002 -11.981302 -0.338438 0.408164 0.000002 -11.976973 -0.457820 0.514445 0.000002  
 13 5 6  0.000000 -2.214995 -0.000000 0.001116 0.000000 -1.316134 -0.000000 0.001116 0.000000 0.000143 0.000000 0.001116 0.000000 1.316419 0.000000 0.001116 0.000000 2.215280 0.000000 0.001116  
 14 6 7  0.000000 -1.473481 0.000000 -0.000317 0.000000 -0.875544 0.000000 -0.000317 0.000000 0.000066 0.000000 -0.000317 0.000000 0.875676 -0.000000 -0.000317 0.000000 1.473613 -0.000000 -0.000317  
 15 7 8  0.000000 -2.215289 0.000000 0.000819 0.000000 -1.316425 0.000000 0.000819 0.000000 -0.000143 0.000000 0.000819 0.000000 1.316140 -0.000000 0.000819 0.000000 2.215004 -0.000000 0.000819  
 16 8 5  0.000000 -1.473604 -0.000000 -0.000889 0.000000 -0.875670 -0.000000 -0.000889 0.000000 -0.000066 0.000000 -0.000889 0.000000 0.875538 0.000000 -0.000889 0.000000 1.473472 0.000000 -0.000889  
 17 10 11  0.000000 -1.384311 -0.000000 -0.000182 0.000000 -0.822611 -0.000000 -0.000182 0.000000 -0.000066 0.000000 -0.000182 0.000000 0.822479 0.000000 -0.000182 0.000000 1.384179 0.000000 -0.000182  
 18 11 12  0.000000 -1.022828 -0.000000 0.000214 0.000000 -0.607805 -0.000000 0.000214 0.000000 -0.000053 0.000000 0.000214 0.000000 0.607699 0.000000 0.000214 0.000000 1.022721 0.000000 0.000214  
 19 12 13  0.000000 -1.384178 0.000000 -0.000166 0.000000 -0.822478 0.000000 -0.000166 0.000000 0.000066 0.000000 -0.000166 0.000000 0.822610 -0.000000 -0.000166 0.000000 1.384310 -0.000000 -0.000166  
 20 13 10  0.000000 -1.022722 0.000000 0.000188 0.000000 -0.607699 0.000000 0.000188 0.000000 0.000053 0.000000 0.000188 0.000000 0.607806 -0.000000 0.000188 0.000000 1.022829 -0.000000 0.000188  
 21 15 16  0.000000 -0.490798 -0.000000 -0.000047 0.000000 -0.291638 -0.000000 -0.000047 0.000000 0.000008 0.000000 -0.000047 0.000000 0.291654 0.000000 -0.000047 0.000000 0.490814 0.000000 -0.000047  
 22 16 17  0.000000 -0.442417 -0.000000 0.000049 0.000000 -0.262890 -0.000000 0.000049 0.000000 0.000005 0.000000 0.000049 0.000000 0.262901 0.000000 0.000049 0.000000 0.442428 0.000000 0.000049  
 23 17 18  0.000000 -0.490812 0.000000 -0.000045 0.000000 -0.291653 0.000000 -0.000045 0.000000 -0.000008 0.000000 -0.000045 0.000000 0.291637 -0.000000 -0.000045 0.000000 0.490796 -0.000000 -0.000045  
 24 18 15  0.000000 -0.442429 0.000000 0.000047 0.000000 -0.262902 0.000000 0.000047 0.000000 -0.000005 0.000000 0.000047 0.000000 0.262891 -0.000000 0.000047 0.000000 0.442419 -0.000000 0.000047  
 118 118 128  -23.849953 0.542350 -0.765143 0.000022 -23.850640 0.511339 -0.718815 0.000022 -23.851626 0.465928 -0.650971 0.000022 -23.852590 0.420517 -0.583128 0.000022 -23.853238 0.389507 -0.536798 0.000022  
 128 128 138  -23.850084 0.373683 -0.513158 0.000022 -23.850717 0.342671 -0.466828 0.000022 -23.851627 0.297260 -0.398984 0.000022 -23.852515 0.251849 -0.331141 0.000022 -23.853100 0.220840 -0.284814 0.000022  
 138 138 148  -23.850287 0.205016 -0.261171 0.000022 -23.850844 0.174003 -0.214842 0.000022 -23.851633 0.128591 -0.146999 0.000022 -23.852387 0.083181 -0.079155 0.000022 -23.852884 0.052172 -0.032826 0.000022  
 148 148 158  -23.850729 0.036348 -0.009172 0.000022 -23.851195 0.005333 0.037147 0.000022 -23.851789 -0.040075 0.104975 0.000022 -23.852147 -0.085482 0.172826 0.000022 -23.851843 -0.116504 0.219182 0.000022  
 158 158 168  -23.853077 -0.132323 0.242799 0.000022 -23.852515 -0.163332 0.289131 0.000022 -23.851635 -0.208744 0.356974 0.000022 -23.850721 -0.254155 0.424817 0.000022 -23.850080 -0.285166 0.471145 0.000022  
 168 168 178  -23.853284 -0.300990 0.494788 0.000022 -23.852623 -0.332000 0.541116 0.000022 -23.851629 -0.377411 0.608960 0.000022 -23.850609 -0.422823 0.676803 0.000022 -23.849898 -0.453833 0.723132 0.000022  
 178 178 188  -23.853446 -0.469658 0.746774 0.000022 -23.852717 -0.500668 0.793103 0.000022 -23.851628 -0.546079 0.860946 0.000022 -23.850514 -0.591491 0.928789 0.000022 -23.849738 -0.622502 0.975118 0.000022  
 188 188 198  -23.853612 -0.638326 0.998760 0.000022 -23.852816 -0.669336 1.045089 0.000022 -23.851628 -0.714747 1.112932 0.000022 -23.850415 -0.760159 1.180776 0.000022 -23.849572 -0.791169 1.227105 0.000022  
 198 198 13  -23.853770 -0.806994 1.250746 0.000022 -23.852909 -0.838004 1.297075 0.000022 -23.851628 -0.883415 1.364918 0.000022 -23.850322 -0.928827 1.432762 0.000022 -23.849416 -0.959837 1.479091 0.000022  
