 1 1 5  -36.493909 7.115487 -4.532303 0.400792 -28.500462 5.072394 -3.300351 0.400792 -17.075510 1.826591 -1.623511 0.400792 -17.558381 -2.566889 0.699935 0.400792 -25.428858 -4.676258 2.004286 0.400792  
 2 2 6  -48.012847 7.958371 -4.688942 0.400792 -40.694812 5.848655 -3.550695 0.400792 -32.600440 2.138168 -1.983080 0.400792 -32.428248 -3.068003 0.592880 0.400792 -37.748256 -5.499041 1.915967 0.400792  
 3 3 7  -57.057448 8.355823 -5.039615 0.400792 -50.966599 6.235279 -3.897140 0.400792 -46.236792 2.231734 -2.030549 0.400792 -46.159203 -2.846479 0.623028 0.400792 -47.962219 -5.750147 2.145043 0.400792  
 4 4 8  -46.032987 7.619570 -4.924877 0.400792 -38.885010 5.611335 -3.688585 0.400792 -30.730362 2.166300 -1.903672 0.400792 -30.496809 -2.794767 0.886698 0.400792 -35.606905 -5.121797 2.277583 0.400792  
 5 5 10  -22.414650 2.075776 -4.268530 0.092979 -16.687892 1.153695 -2.848136 0.092979 -11.342045 -0.509423 -0.292780 0.092979 -16.384630 -1.914245 2.394526 0.092979 -21.992960 -2.766912 3.851179 0.092979  
 6 6 11  -29.179407 2.306555 -4.417337 0.092979 -24.723530 1.354395 -3.077099 0.092979 -22.861559 -0.510131 -0.300355 0.092979 -24.730886 -2.268741 2.485579 0.092979 -28.908786 -3.102177 3.913884 0.092979  
 7 7 12  -34.506240 2.170651 -4.747127 0.092979 -30.961572 1.258151 -3.313300 0.092979 -30.393383 -0.574380 -0.300476 0.092979 -31.044348 -2.328794 2.682312 0.092979 -34.293240 -3.116603 4.205736 0.092979  
 8 8 118  -24.543601 2.138819 -5.092534 0.092979 -23.811071 2.041951 -4.913149 0.092979 -22.741595 1.900167 -4.649943 0.092979 -21.679270 1.756537 -4.386805 0.092979 -20.951621 1.658490 -4.206865 0.092979  
 9 10 15  -14.627345 2.371692 -3.396640 -0.015548 -7.435225 1.234938 -1.786329 -0.015548 -1.647559 -0.365099 0.470291 -0.015548 -12.201977 -2.032524 2.833148 -0.015548 -19.323384 -3.169557 4.434380 -0.015548  
 10 11 16  -17.252732 2.524684 -3.330935 -0.015548 -10.508531 1.385770 -1.839081 -0.015548 -5.660782 -0.514856 0.727010 -0.015548 -15.348446 -2.186809 2.927150 -0.015548 -22.057337 -3.324474 4.410280 -0.015548  
 11 12 17  -19.355981 2.533555 -3.482154 -0.015548 -12.811583 1.433854 -1.980428 -0.015548 -8.552728 -0.572606 0.825793 -0.015548 -17.489997 -2.204382 3.079761 -0.015548 -24.081564 -3.311550 4.562431 -0.015548  
 12 13 18  -16.883997 2.389455 -3.571799 -0.015548 -9.784985 1.287007 -1.960443 -0.015548 -4.106124 -0.453662 0.634065 -0.015548 -14.484611 -2.064648 3.005829 -0.015548 -21.515034 -3.169106 4.607305 -0.015548  
 13 5 6  0.000000 -6.712626 -0.000000 0.598579 0.000000 -3.962859 -0.000000 0.598579 0.000000 0.063855 0.000000 0.598579 0.000000 4.090570 0.000000 0.598579 0.000000 6.840337 0.000000 0.598579  
 14 6 7  0.000000 -7.518058 -0.000000 -0.293229 0.000000 -4.446229 -0.000000 -0.293229 0.000000 0.052109 0.000000 -0.293229 0.000000 4.550446 0.000000 -0.293229 0.000000 7.622276 0.000000 -0.293229  
 15 7 8  0.000000 -6.861881 0.000000 0.450964 0.000000 -4.103371 0.000000 0.450964 0.000000 -0.063855 0.000000 0.450964 0.000000 3.975661 -0.000000 0.450964 0.000000 6.734170 -0.000000 0.450964  
 16 8 5  0.000000 -7.600733 0.000000 -0.263279 0.000000 -4.537645 0.000000 -0.263279 0.000000 -0.052109 0.000000 -0.263279 0.000000 4.433427 -0.000000 -0.263279 0.000000 7.496515 -0.000000 -0.263279  
 17 10 11  0.000000 -7.611538 -0.000000 0.297861 0.000000 -4.495362 -0.000000 0.297861 0.000000 0.067915 0.000000 0.297861 0.000000 4.631192 0.000000 0.297861 0.000000 7.747368 0.000000 0.297861  
 18 11 12  0.000000 -5.558293 -0.000000 -0.254988 0.000000 -3.298834 -0.000000 -0.254988 0.000000 0.009881 0.000000 -0.254988 0.000000 3.318596 0.000000 -0.254988 0.000000 5.578055 0.000000 -0.254988  
 19 12 13  0.000000 -7.769165 0.000000 0.316008 0.000000 -4.644145 0.000000 0.316008 0.000000 -0.067915 0.000000 0.316008 0.000000 4.508314 -0.000000 0.316008 0.000000 7.633335 -0.000000 0.316008  
 20 13 10  0.000000 -5.556257 0.000000 -0.205620 0.000000 -3.305643 0.000000 -0.205620 0.000000 -0.009881 0.000000 -0.205620 0.000000 3.285882 -0.000000 -0.205620 0.000000 5.536496 -0.000000 -0.205620  
 21 15 16  0.000000 -4.477474 0.000000 0.115020 0.000000 -2.642201 0.000000 0.115020 0.000000 0.045343 0.000000 0.115020 0.000000 2.732886 -0.000000 0.115020 0.000000 4.568159 -0.000000 0.115020  
 22 16 17  0.000000 -3.244535 0.000000 -0.105758 0.000000 -1.919138 0.000000 -0.105758 0.000000 0.021751 0.000000 -0.105758 0.000000 1.962640 -0.000000 -0.105758 0.000000 3.288037 -0.000000 -0.105758  
 23 17 18  0.000000 -4.596005 -0.000000 0.102138 0.000000 -2.749433 -0.000000 0.102138 0.000000 -0.045343 0.000000 0.102138 0.000000 2.658748 0.000000 0.102138 0.000000 4.505320 0.000000 0.102138  
 24 18 15  0.000000 -3.260191 -0.000000 -0.130708 0.000000 -1.946094 -0.000000 -0.130708 0.000000 -0.021751 0.000000 -0.130708 0.000000 1.902592 0.000000 -0.130708 0.000000 3.216689 0.000000 -0.130708  
 118 118 128  -24.383594 1.609850 -4.113543 0.092979 -23.707000 1.512143 -3.935808 0.092979 -22.735846 1.368670 -3.673785 0.092979 -21.779282 1.227095 -3.409281 0.092979 -21.133635 1.129080 -3.228095 0.092979  
 128 128 138  -23.759481 1.075791 -3.125883 0.092979 -23.299200 0.982914 -2.957860 0.092979 -22.686084 0.840861 -2.704628 0.092979 -22.173472 0.696988 -2.434786 0.092979 -21.904726 0.596077 -2.236289 0.092979  
 138 138 148  -22.765259 0.540912 -2.149891 0.092979 -22.705872 0.455711 -1.985642 0.092979 -22.734866 0.311442 -1.720395 0.092979 -22.766052 0.165642 -1.453471 0.092979 -22.783327 0.066169 -1.271217 0.092979  
 148 148 158  -22.731605 0.019692 -1.182646 0.092979 -22.741350 -0.078251 -1.003537 0.092979 -22.748204 -0.221029 -0.740483 0.092979 -22.749225 -0.363536 -0.477002 0.092979 -22.747278 -0.460794 -0.297208 0.092979  
 158 158 168  -22.773970 -0.511082 -0.205881 0.092979 -22.766011 -0.608200 -0.026048 0.092979 -22.749338 -0.750614 0.237404 0.092979 -22.724042 -0.893626 0.500309 0.092979 -22.703243 -0.991397 0.679771 0.092979  
 168 168 178  -22.758588 -1.029460 0.760580 0.092979 -22.728311 -1.137145 0.950229 0.092979 -22.694054 -1.291313 1.224819 0.092979 -22.757157 -1.425348 1.479609 0.092979 -22.860631 -1.506441 1.642604 0.092979  
 178 178 188  -21.923555 -1.564990 1.738159 0.092979 -22.199913 -1.669828 1.930722 0.092979 -22.701838 -1.813896 2.198508 0.092979 -23.274195 -1.953599 2.455426 0.092979 -23.699924 -2.047292 2.625795 0.092979  
 188 188 198  -21.209883 -2.102587 2.723200 0.092979 -21.821832 -2.198648 2.906204 0.092979 -22.730994 -2.339266 3.172252 0.092979 -23.667250 -2.483821 3.432565 0.092979 -24.313339 -2.583207 3.608847 0.092979  
 198 198 13  -20.973710 -2.631236 3.703307 0.092979 -21.692188 -2.728353 3.883759 0.092979 -22.745083 -2.870958 4.147241 0.092979 -23.797632 -3.013886 4.409948 0.092979 -24.514190 -3.111422 4.589160 0.092979  
