 1 1 5  -38.663559 -2.016624 1.393530 -0.000099 -38.679735 -1.429998 0.989830 -0.000099 -38.699770 -0.570984 0.398721 -0.000099 -38.702731 0.287068 -0.191791 -0.000099 -38.690897 0.873662 -0.595393 -0.000099  
 2 2 6  -36.381078 -2.017259 1.394030 -0.000099 -36.397319 -1.430560 0.990358 -0.000099 -36.417587 -0.571425 0.399288 -0.000099 -36.420747 0.287451 -0.191739 -0.000099 -36.408483 0.874223 -0.595490 -0.000099  
 3 3 7  -33.283706 -2.017946 1.394593 -0.000099 -33.299740 -1.431280 0.990851 -0.000099 -33.319333 -0.572206 0.399686 -0.000099 -33.320619 0.287506 -0.191935 -0.000099 -33.309743 0.874340 -0.595832 -0.000099  
 4 4 8  -35.565044 -2.017367 1.394056 -0.000099 -35.581198 -1.430783 0.990281 -0.000099 -35.601328 -0.571826 0.399043 -0.000099 -35.604758 0.287332 -0.191926 -0.000099 -35.592370 0.874006 -0.595742 -0.000099  
 5 5 10  -25.470488 -1.037025 0.739425 -0.000018 -25.477152 -0.571326 0.416890 -0.000018 -25.482750 0.110446 -0.055370 -0.000018 -25.475265 0.792314 -0.527556 -0.000018 -25.468147 1.257963 -0.850041 -0.000018  
 6 6 11  -24.185458 -1.037293 0.739431 -0.000018 -24.192171 -0.571560 0.416970 -0.000018 -24.198577 0.110486 -0.055345 -0.000018 -24.190688 0.792492 -0.527638 -0.000018 -24.183504 1.258159 -0.850048 -0.000018  
 7 7 12  -22.517370 -1.037172 0.739686 -0.000018 -22.523990 -0.571547 0.417202 -0.000018 -22.529336 0.110634 -0.055333 -0.000018 -22.522957 0.792635 -0.527785 -0.000018 -22.515886 1.258195 -0.850222 -0.000018  
 8 8 118  -23.806451 -1.143846 0.813741 -0.000018 -23.807184 -1.097283 0.781483 -0.000018 -23.808240 -1.029096 0.734245 -0.000018 -23.809275 -0.960909 0.687007 -0.000018 -23.809971 -0.914346 0.654749 -0.000018  
 9 10 15  -12.483819 -0.296145 0.307958 -0.000072 -12.487520 -0.081517 0.119076 -0.000072 -12.489126 0.232701 -0.157454 -0.000072 -12.484873 0.547018 -0.434030 -0.000072 -12.489668 0.759826 -0.621113 -0.000072  
 10 11 16  -12.043276 -0.296208 0.308246 -0.000072 -12.046988 -0.081565 0.119204 -0.000072 -12.048690 0.232726 -0.157634 -0.000072 -12.044330 0.547079 -0.434482 -0.000072 -12.057961 0.758143 -0.619967 -0.000072  
 11 12 17  -11.506786 -0.296533 0.308317 -0.000072 -11.510486 -0.081690 0.119262 -0.000072 -11.512224 0.232973 -0.157654 -0.000072 -11.507820 0.547631 -0.434541 -0.000072 -11.535101 0.756153 -0.617482 -0.000072  
 12 13 18  -11.947697 -0.296472 0.308028 -0.000072 -11.951416 -0.081643 0.119132 -0.000072 -11.953065 0.232947 -0.157470 -0.000072 -11.948728 0.547571 -0.434089 -0.000072 -11.964274 0.758441 -0.619050 -0.000072  
 13 5 6  0.000000 1.377703 0.000000 -0.000433 0.000000 0.818633 0.000000 -0.000433 0.000000 -0.000059 0.000000 -0.000433 0.000000 -0.818752 -0.000000 -0.000433 0.000000 -1.377821 -0.000000 -0.000433  
 14 6 7  0.000000 1.975038 -0.000000 0.000320 0.000000 1.173573 -0.000000 0.000320 0.000000 -0.000079 0.000000 0.000320 0.000000 -1.173730 0.000000 0.000320 0.000000 -1.975195 0.000000 0.000320  
 15 7 8  0.000000 1.377845 -0.000000 -0.000310 0.000000 0.818766 -0.000000 -0.000310 0.000000 0.000059 0.000000 -0.000310 0.000000 -0.818647 0.000000 -0.000310 0.000000 -1.377726 0.000000 -0.000310  
 16 8 5  0.000000 1.975171 0.000000 0.000303 0.000000 1.173716 0.000000 0.000303 0.000000 0.000079 0.000000 0.000303 0.000000 -1.173559 -0.000000 0.000303 0.000000 -1.975014 -0.000000 0.000303  
 17 10 11  0.000000 1.167185 0.000000 0.000011 0.000000 0.693560 0.000000 0.000011 0.000000 -0.000009 0.000000 0.000011 0.000000 -0.693578 -0.000000 0.000011 0.000000 -1.167204 -0.000000 0.000011  
 18 11 12  0.000000 1.565246 -0.000000 -0.000110 0.000000 0.930094 -0.000000 -0.000110 0.000000 -0.000012 0.000000 -0.000110 0.000000 -0.930119 0.000000 -0.000110 0.000000 -1.565271 0.000000 -0.000110  
 19 12 13  0.000000 1.167236 -0.000000 0.000087 0.000000 0.693598 -0.000000 0.000087 0.000000 0.000009 0.000000 0.000087 0.000000 -0.693579 0.000000 0.000087 0.000000 -1.167217 0.000000 0.000087  
 20 13 10  0.000000 1.565238 0.000000 -0.000079 0.000000 0.930099 0.000000 -0.000079 0.000000 0.000012 0.000000 -0.000079 0.000000 -0.930075 -0.000000 -0.000079 0.000000 -1.565214 -0.000000 -0.000079  
 21 15 16  0.000000 0.607013 -0.000000 0.000354 0.000000 0.360736 -0.000000 0.000354 0.000000 0.000093 0.000000 0.000354 0.000000 -0.360551 0.000000 0.000354 0.000000 -0.606828 0.000000 0.000354  
 22 16 17  0.000000 0.738781 -0.000000 -0.000530 0.000000 0.439047 -0.000000 -0.000530 0.000000 0.000121 0.000000 -0.000530 0.000000 -0.438804 0.000000 -0.000530 0.000000 -0.738538 0.000000 -0.000530  
 23 17 18  0.000000 0.606856 0.000000 0.000488 0.000000 0.360568 0.000000 0.000488 0.000000 -0.000093 0.000000 0.000488 0.000000 -0.360753 -0.000000 0.000488 0.000000 -0.607041 -0.000000 0.000488  
 24 18 15  0.000000 0.738510 0.000000 -0.000438 0.000000 0.438787 0.000000 -0.000438 0.000000 -0.000121 0.000000 -0.000438 0.000000 -0.439030 -0.000000 -0.000438 0.000000 -0.738752 -0.000000 -0.000438  
 118 118 128  -23.806573 -0.890584 0.638288 -0.000018 -23.807256 -0.844021 0.606030 -0.000018 -23.808239 -0.775835 0.558792 -0.000018 -23.809203 -0.707648 0.511554 -0.000018 -23.809850 -0.661084 0.479295 -0.000018  
 128 128 138  -23.806699 -0.637322 0.462834 -0.000018 -23.807333 -0.590760 0.430577 -0.000018 -23.808242 -0.522574 0.383339 -0.000018 -23.809128 -0.454387 0.336101 -0.000018 -23.809713 -0.407822 0.303841 -0.000018  
 138 138 148  -23.806892 -0.384060 0.287382 -0.000018 -23.807451 -0.337498 0.255123 -0.000018 -23.808245 -0.269313 0.207884 -0.000018 -23.809011 -0.201125 0.160647 -0.000018 -23.809514 -0.154559 0.128390 -0.000018  
 148 148 158  -23.807256 -0.130788 0.111927 -0.000018 -23.807735 -0.084236 0.079668 -0.000018 -23.808380 -0.016060 0.032432 -0.000018 -23.808812 0.052134 -0.014799 -0.000018 -23.808652 0.098716 -0.047077 -0.000018  
 158 158 168  -23.809313 0.122457 -0.063525 -0.000018 -23.808897 0.169024 -0.095783 -0.000018 -23.808262 0.237216 -0.143023 -0.000018 -23.807567 0.305400 -0.190261 -0.000018 -23.807046 0.351955 -0.222515 -0.000018  
 168 168 178  -23.809665 0.375723 -0.238977 -0.000018 -23.809101 0.422286 -0.271238 -0.000018 -23.808243 0.490473 -0.318476 -0.000018 -23.807360 0.558660 -0.365713 -0.000018 -23.806745 0.605223 -0.397970 -0.000018  
 178 178 188  -23.809812 0.628984 -0.414432 -0.000018 -23.809183 0.675548 -0.446691 -0.000018 -23.808242 0.743735 -0.493929 -0.000018 -23.807276 0.811921 -0.541167 -0.000018 -23.806605 0.858484 -0.573424 -0.000018  
 188 188 198  -23.809953 0.882245 -0.589886 -0.000018 -23.809266 0.928809 -0.622144 -0.000018 -23.808241 0.996996 -0.669382 -0.000018 -23.807193 1.065183 -0.716620 -0.000018 -23.806465 1.111746 -0.748878 -0.000018  
 198 198 13  -23.810085 1.135507 -0.765339 -0.000018 -23.809343 1.182071 -0.797597 -0.000018 -23.808240 1.250258 -0.844836 -0.000018 -23.807116 1.318445 -0.892074 -0.000018 -23.806336 1.365008 -0.924331 -0.000018  
