 1 1 5  -34.879981 0.609871 -0.960019 0.000056 -34.884198 0.430818 -0.673039 0.000056 -34.889750 0.168564 -0.252757 0.000056 -34.891089 -0.093887 0.167906 0.000056 -34.887553 -0.273010 0.454932 0.000056  
 2 2 6  -36.152010 0.609829 -0.959780 0.000056 -36.156324 0.430777 -0.672764 0.000056 -36.162149 0.168518 -0.252429 0.000056 -36.163168 -0.093854 0.167820 0.000056 -36.159532 -0.272980 0.454839 0.000056  
 3 3 7  -37.105077 0.609720 -0.959687 0.000056 -37.109465 0.430659 -0.672677 0.000056 -37.115322 0.168387 -0.252352 0.000056 -37.116425 -0.093814 0.167730 0.000056 -37.112783 -0.272935 0.454748 0.000056  
 4 4 8  -35.832941 0.609766 -0.959935 0.000056 -35.837249 0.430702 -0.672964 0.000056 -35.842959 0.168436 -0.252698 0.000056 -35.844524 -0.093834 0.167842 0.000056 -35.840748 -0.272961 0.454856 0.000056  
 5 5 10  -23.413079 0.291381 -0.388861 0.000008 -23.415026 0.162167 -0.202163 0.000008 -23.416701 -0.027134 0.071357 0.000008 -23.414259 -0.216395 0.344772 0.000008 -23.412196 -0.345606 0.531464 0.000008  
 6 6 11  -24.052340 0.291352 -0.388924 0.000008 -24.054363 0.162136 -0.202173 0.000008 -24.055941 -0.027132 0.071281 0.000008 -24.053396 -0.216380 0.344724 0.000008 -24.051328 -0.345587 0.531467 0.000008  
 7 7 12  -24.583579 0.291382 -0.388889 0.000008 -24.585625 0.162143 -0.202139 0.000008 -24.587203 -0.027092 0.071252 0.000008 -24.584676 -0.216359 0.344692 0.000008 -24.582571 -0.345587 0.531433 0.000008  
 8 8 118  -23.945502 0.321098 -0.431714 0.000008 -23.945715 0.308173 -0.413042 0.000008 -23.946025 0.289247 -0.385700 0.000008 -23.946331 0.270320 -0.358357 0.000008 -23.946538 0.257394 -0.339685 0.000008  
 9 10 15  -11.811213 0.131450 -0.081068 -0.000000 -11.811809 0.052200 -0.008431 -0.000000 -11.811880 -0.063875 0.097943 -0.000000 -11.811021 -0.179926 0.204305 -0.000000 -11.810342 -0.259166 0.276938 -0.000000  
 10 11 16  -12.005114 0.131443 -0.081093 -0.000000 -12.005717 0.052193 -0.008444 -0.000000 -12.005723 -0.063872 0.097919 -0.000000 -12.004899 -0.179920 0.204296 -0.000000 -12.004223 -0.259159 0.276943 -0.000000  
 11 12 17  -12.188442 0.131453 -0.081086 -0.000000 -12.189056 0.052197 -0.008438 -0.000000 -12.189051 -0.063862 0.097913 -0.000000 -12.188219 -0.179917 0.204289 -0.000000 -12.187537 -0.259161 0.276935 -0.000000  
 12 13 18  -11.994545 0.131460 -0.081062 -0.000000 -11.995159 0.052205 -0.008427 -0.000000 -11.995211 -0.063865 0.097938 -0.000000 -11.994342 -0.179923 0.204298 -0.000000 -11.993657 -0.259168 0.276930 -0.000000  
 13 5 6  0.000000 -0.874122 0.000000 -0.000035 0.000000 -0.519431 0.000000 -0.000035 0.000000 -0.000028 0.000000 -0.000035 0.000000 0.519375 -0.000000 -0.000035 0.000000 0.874066 -0.000000 -0.000035  
 14 6 7  0.000000 -0.582694 -0.000000 0.000072 0.000000 -0.346253 -0.000000 0.000072 0.000000 -0.000013 0.000000 0.000072 0.000000 0.346228 0.000000 0.000072 0.000000 0.582669 0.000000 0.000072  
 15 7 8  0.000000 -0.874063 -0.000000 -0.000031 0.000000 -0.519373 -0.000000 -0.000031 0.000000 0.000028 0.000000 -0.000031 0.000000 0.519430 0.000000 -0.000031 0.000000 0.874120 0.000000 -0.000031  
 16 8 5  0.000000 -0.582671 0.000000 0.000057 0.000000 -0.346229 0.000000 0.000057 0.000000 0.000013 0.000000 0.000057 0.000000 0.346255 -0.000000 0.000057 0.000000 0.582697 -0.000000 0.000057  
 17 10 11  0.000000 -0.615042 0.000000 -0.000017 0.000000 -0.365473 0.000000 -0.000017 0.000000 -0.000007 0.000000 -0.000017 0.000000 0.365458 -0.000000 -0.000017 0.000000 0.615028 -0.000000 -0.000017  
 18 11 12  0.000000 -0.480508 -0.000000 0.000030 0.000000 -0.285528 -0.000000 0.000030 0.000000 -0.000003 0.000000 0.000030 0.000000 0.285522 0.000000 0.000030 0.000000 0.480502 0.000000 0.000030  
 19 12 13  0.000000 -0.615025 -0.000000 -0.000019 0.000000 -0.365457 -0.000000 -0.000019 0.000000 0.000007 0.000000 -0.000019 0.000000 0.365471 0.000000 -0.000019 0.000000 0.615039 0.000000 -0.000019  
 20 13 10  0.000000 -0.480505 0.000000 0.000026 0.000000 -0.285524 0.000000 0.000026 0.000000 0.000003 0.000000 0.000026 0.000000 0.285530 -0.000000 0.000026 0.000000 0.480511 -0.000000 0.000026  
 21 15 16  0.000000 -0.267750 -0.000000 -0.000003 0.000000 -0.159103 -0.000000 -0.000003 0.000000 -0.000002 0.000000 -0.000003 0.000000 0.159099 0.000000 -0.000003 0.000000 0.267746 0.000000 -0.000003  
 22 16 17  0.000000 -0.253180 -0.000000 0.000004 0.000000 -0.150445 -0.000000 0.000004 0.000000 -0.000001 0.000000 0.000004 0.000000 0.150443 0.000000 0.000004 0.000000 0.253179 0.000000 0.000004  
 23 17 18  0.000000 -0.267743 0.000000 -0.000003 0.000000 -0.159097 0.000000 -0.000003 0.000000 0.000002 0.000000 -0.000003 0.000000 0.159101 -0.000000 -0.000003 0.000000 0.267747 -0.000000 -0.000003  
 24 18 15  0.000000 -0.253182 0.000000 0.000004 0.000000 -0.150445 0.000000 0.000004 0.000000 0.000001 0.000000 0.000004 0.000000 0.150447 -0.000000 0.000004 0.000000 0.253183 -0.000000 0.000004  
 118 118 128  -23.945527 0.250799 -0.330157 0.000008 -23.945731 0.237874 -0.311485 0.000008 -23.946025 0.218948 -0.284142 0.000008 -23.946316 0.200021 -0.256799 0.000008 -23.946512 0.187096 -0.238127 0.000008  
 128 128 138  -23.945560 0.180500 -0.228599 0.000008 -23.945751 0.167576 -0.209927 0.000008 -23.946027 0.148649 -0.182585 0.000008 -23.946296 0.129722 -0.155242 0.000008 -23.946475 0.116797 -0.136569 0.000008  
 138 138 148  -23.945619 0.110201 -0.127041 0.000008 -23.945790 0.097276 -0.108370 0.000008 -23.946028 0.078350 -0.081027 0.000008 -23.946259 0.059423 -0.053684 0.000008 -23.946411 0.046498 -0.035012 0.000008  
 148 148 158  -23.945772 0.039900 -0.025473 0.000008 -23.945915 0.026977 -0.006811 0.000008 -23.946090 0.008054 0.020521 0.000008 -23.946130 -0.010876 0.047874 0.000008 -23.946117 -0.023804 0.066556 0.000008  
 158 158 168  -23.946417 -0.030397 0.076073 0.000008 -23.946271 -0.043321 0.094746 0.000008 -23.946035 -0.062248 0.122089 0.000008 -23.945778 -0.081175 0.149431 0.000008 -23.945595 -0.094100 0.168103 0.000008  
 168 168 178  -23.946492 -0.100695 0.177631 0.000008 -23.946305 -0.113620 0.196303 0.000008 -23.946026 -0.132547 0.223646 0.000008 -23.945742 -0.151474 0.250989 0.000008 -23.945546 -0.164398 0.269661 0.000008  
 178 178 188  -23.946517 -0.170994 0.279189 0.000008 -23.946319 -0.183919 0.297861 0.000008 -23.946025 -0.202846 0.325204 0.000008 -23.945728 -0.221773 0.352546 0.000008 -23.945523 -0.234697 0.371218 0.000008  
 188 188 198  -23.946540 -0.241293 0.380746 0.000008 -23.946332 -0.254218 0.399418 0.000008 -23.946025 -0.273145 0.426761 0.000008 -23.945715 -0.292072 0.454104 0.000008 -23.945501 -0.304996 0.472776 0.000008  
 198 198 13  -23.946559 -0.311592 0.482304 0.000008 -23.946343 -0.324517 0.500976 0.000008 -23.946025 -0.343444 0.528319 0.000008 -23.945703 -0.362371 0.555662 0.000008 -23.945482 -0.375295 0.574333 0.000008  
