 1 1 5  -38.128999 -1.257533 0.415285 -0.000109 -38.136952 -0.909120 0.324172 -0.000109 -38.147157 -0.398930 0.190727 -0.000109 -38.149261 0.110546 0.057559 -0.000109 -38.143065 0.458883 -0.033427 -0.000109  
 2 2 6  -36.394135 -1.257777 0.415548 -0.000109 -36.402185 -0.909360 0.324486 -0.000109 -36.412556 -0.399154 0.191111 -0.000109 -36.414328 0.110645 0.057717 -0.000109 -36.407453 0.459009 -0.033363 -0.000109  
 3 3 7  -33.843971 -1.258137 0.415601 -0.000109 -33.852069 -0.909811 0.324574 -0.000109 -33.862475 -0.399702 0.191252 -0.000109 -33.863514 0.110635 0.057650 -0.000109 -33.856965 0.459036 -0.033413 -0.000109  
 4 4 8  -35.578669 -1.258007 0.415368 -0.000109 -35.586647 -0.909659 0.324260 -0.000109 -35.596921 -0.399581 0.190818 -0.000109 -35.599221 0.110667 0.057698 -0.000109 -35.592422 0.459023 -0.033363 -0.000109  
 5 5 10  -25.403846 -0.878902 0.610091 -0.000018 -25.408500 -0.523169 0.405469 -0.000018 -25.412857 -0.002356 0.105851 -0.000018 -25.408807 0.518560 -0.193757 -0.000018 -25.404300 0.874291 -0.398367 -0.000018  
 6 6 11  -24.140730 -0.879017 0.610137 -0.000018 -24.145320 -0.523270 0.405547 -0.000018 -24.149974 -0.002392 0.105924 -0.000018 -24.145745 0.518667 -0.193862 -0.000018 -24.141217 0.874406 -0.398468 -0.000018  
 7 7 12  -22.586462 -0.878996 0.610255 -0.000018 -22.590968 -0.523315 0.405660 -0.000018 -22.595127 -0.002298 0.105922 -0.000018 -22.591277 0.518790 -0.193904 -0.000018 -22.586957 0.874489 -0.398538 -0.000018  
 8 8 118  -23.853091 -0.960633 0.657217 -0.000018 -23.853590 -0.925059 0.636753 -0.000018 -23.854310 -0.872965 0.606786 -0.000018 -23.855021 -0.820870 0.576818 -0.000018 -23.855500 -0.785295 0.556353 -0.000018  
 9 10 15  -12.542598 -0.476444 0.595663 -0.000054 -12.545056 -0.216974 0.323251 -0.000054 -12.546251 0.162968 -0.075663 -0.000054 -12.543116 0.542948 -0.474569 -0.000054 -12.586142 0.793403 -0.738068 -0.000054  
 10 11 16  -12.007633 -0.476472 0.596327 -0.000054 -12.010068 -0.216996 0.323516 -0.000054 -12.011298 0.162989 -0.076042 -0.000054 -12.008157 0.542974 -0.475545 -0.000054 -12.072830 0.789362 -0.735368 -0.000054  
 11 12 17  -11.437692 -0.477175 0.596362 -0.000054 -11.440102 -0.217271 0.323546 -0.000054 -11.441299 0.163409 -0.076052 -0.000054 -11.438199 0.544034 -0.475574 -0.000054 -11.531130 0.785593 -0.730292 -0.000054  
 12 13 18  -11.973250 -0.477150 0.595698 -0.000054 -11.975693 -0.217250 0.323281 -0.000054 -11.976885 0.163395 -0.075671 -0.000054 -11.973749 0.544010 -0.474597 -0.000054 -12.040041 0.790519 -0.733731 -0.000054  
 13 5 6  0.000000 0.651571 -0.000000 -0.000144 0.000000 0.387163 -0.000000 -0.000144 0.000000 -0.000031 0.000000 -0.000144 0.000000 -0.387225 0.000000 -0.000144 0.000000 -0.651633 0.000000 -0.000144  
 14 6 7  0.000000 1.375193 0.000000 0.000088 0.000000 0.817145 0.000000 0.000088 0.000000 -0.000051 0.000000 0.000088 0.000000 -0.817246 -0.000000 0.000088 0.000000 -1.375294 -0.000000 0.000088  
 15 7 8  0.000000 0.651645 0.000000 -0.000060 0.000000 0.387233 0.000000 -0.000060 0.000000 0.000031 0.000000 -0.000060 0.000000 -0.387171 -0.000000 -0.000060 0.000000 -0.651584 -0.000000 -0.000060  
 16 8 5  0.000000 1.375282 -0.000000 0.000016 0.000000 0.817239 -0.000000 0.000016 0.000000 0.000051 0.000000 0.000016 0.000000 -0.817138 0.000000 0.000016 0.000000 -1.375180 0.000000 0.000016  
 17 10 11  0.000000 1.009047 -0.000000 0.000336 0.000000 0.599595 -0.000000 0.000336 0.000000 0.000000 0.000000 0.000336 0.000000 -0.599594 0.000000 0.000336 0.000000 -1.009046 0.000000 0.000336  
 18 11 12  0.000000 1.364265 -0.000000 -0.000460 0.000000 0.810671 -0.000000 -0.000460 0.000000 -0.000003 0.000000 -0.000460 0.000000 -0.810677 0.000000 -0.000460 0.000000 -1.364271 0.000000 -0.000460  
 19 12 13  0.000000 1.009064 0.000000 0.000447 0.000000 0.599605 0.000000 0.000447 0.000000 -0.000000 0.000000 0.000447 0.000000 -0.599606 -0.000000 0.000447 0.000000 -1.009064 -0.000000 0.000447  
 20 13 10  0.000000 1.364254 0.000000 -0.000403 0.000000 0.810667 0.000000 -0.000403 0.000000 0.000003 0.000000 -0.000403 0.000000 -0.810661 -0.000000 -0.000403 0.000000 -1.364248 -0.000000 -0.000403  
 21 15 16  0.000000 0.735489 -0.000000 0.000880 0.000000 0.437134 -0.000000 0.000880 0.000000 0.000229 0.000000 0.000880 0.000000 -0.436676 0.000000 0.000880 0.000000 -0.735031 0.000000 0.000880  
 22 16 17  0.000000 0.782759 -0.000000 -0.001108 0.000000 0.465231 -0.000000 -0.001108 0.000000 0.000249 0.000000 -0.001108 0.000000 -0.464734 0.000000 -0.001108 0.000000 -0.782262 0.000000 -0.001108  
 23 17 18  0.000000 0.735041 0.000000 0.001077 0.000000 0.436682 0.000000 0.001077 0.000000 -0.000229 0.000000 0.001077 0.000000 -0.437141 -0.000000 0.001077 0.000000 -0.735499 -0.000000 0.001077  
 24 18 15  0.000000 0.782251 0.000000 -0.000945 0.000000 0.464728 0.000000 -0.000945 0.000000 -0.000249 0.000000 -0.000945 0.000000 -0.465225 -0.000000 -0.000945 0.000000 -0.782748 -0.000000 -0.000945  
 118 118 128  -23.853160 -0.767142 0.545910 -0.000018 -23.853630 -0.731568 0.525446 -0.000018 -23.854311 -0.679474 0.495479 -0.000018 -23.854980 -0.627379 0.465511 -0.000018 -23.855431 -0.591804 0.445046 -0.000018  
 128 128 138  -23.853238 -0.573651 0.434604 -0.000018 -23.853679 -0.538077 0.414139 -0.000018 -23.854311 -0.485983 0.384172 -0.000018 -23.854932 -0.433888 0.354204 -0.000018 -23.855349 -0.398313 0.333739 -0.000018  
 138 138 148  -23.853318 -0.380159 0.323297 -0.000018 -23.853726 -0.344586 0.302832 -0.000018 -23.854314 -0.292492 0.272864 -0.000018 -23.854885 -0.240397 0.242897 -0.000018 -23.855262 -0.204822 0.222433 -0.000018  
 148 148 158  -23.853620 -0.186664 0.212002 -0.000018 -23.853970 -0.151097 0.191525 -0.000018 -23.854410 -0.099002 0.161548 -0.000018 -23.854663 -0.046909 0.131592 -0.000018 -23.854688 -0.011325 0.111134 -0.000018  
 158 158 168  -23.854815 0.006816 0.100680 -0.000018 -23.854650 0.042397 0.080219 -0.000018 -23.854332 0.094493 0.050252 -0.000018 -23.853970 0.146585 0.020283 -0.000018 -23.853704 0.182155 -0.000184 -0.000018  
 168 168 178  -23.855058 0.200308 -0.010622 -0.000018 -23.854776 0.235886 -0.031088 -0.000018 -23.854334 0.287985 -0.061058 -0.000018 -23.853839 0.340077 -0.091025 -0.000018 -23.853469 0.375645 -0.111485 -0.000018  
 178 178 188  -23.855305 0.393803 -0.121931 -0.000018 -23.854913 0.429378 -0.142396 -0.000018 -23.854316 0.481472 -0.172363 -0.000018 -23.853699 0.533567 -0.202331 -0.000018 -23.853270 0.569141 -0.222796 -0.000018  
 188 188 198  -23.855411 0.587294 -0.233238 -0.000018 -23.854971 0.622869 -0.253703 -0.000018 -23.854312 0.674963 -0.283671 -0.000018 -23.853640 0.727058 -0.313638 -0.000018 -23.853176 0.762631 -0.334102 -0.000018  
 198 198 13  -23.855481 0.780785 -0.344545 -0.000018 -23.855009 0.816360 -0.365010 -0.000018 -23.854310 0.868454 -0.394978 -0.000018 -23.853601 0.920549 -0.424945 -0.000018 -23.853111 0.956122 -0.445409 -0.000018  
