 1 1 5  -48.805973 2.788956 8.004628 0.010161 -43.514942 2.143580 6.305943 0.010161 -37.729628 1.016789 3.247468 0.010161 -37.533755 -0.809971 -1.188011 0.010161 -37.862655 -1.804015 -3.906666 0.010161  
 2 2 6  -38.558876 2.649014 7.440635 0.010161 -32.182566 1.979250 5.695646 0.010161 -22.754507 0.861187 2.885877 0.010161 -20.972533 -0.823374 -1.426100 0.010161 -25.095949 -1.551707 -3.657192 0.010161  
 3 3 7  -42.194208 2.639649 7.669616 0.010161 -36.160324 1.989718 5.941786 0.010161 -27.901200 0.913297 3.051258 0.010161 -27.045535 -0.803076 -1.417356 0.010161 -29.546410 -1.603607 -3.856824 0.010161  
 4 4 8  -52.523187 2.788491 8.200988 0.010161 -47.603065 2.147410 6.496595 0.010161 -43.262504 1.001113 3.254321 0.010161 -43.133030 -0.783684 -1.172949 0.010161 -42.777271 -1.838940 -3.985313 0.010161  
 5 5 10  -35.014731 1.858152 7.445527 -0.145514 -23.604173 1.087918 4.433877 -0.145514 -14.117663 -0.308678 -1.221060 -0.145514 -29.230023 -1.462648 -5.916064 -0.145514 -40.630072 -2.216326 -8.904757 -0.145514  
 6 6 11  -30.628758 1.787063 7.237652 -0.145514 -18.755553 1.019356 4.170429 -0.145514 -6.636828 -0.243695 -0.964132 -0.145514 -24.188101 -1.395003 -5.556639 -0.145514 -35.964636 -2.153367 -8.605477 -0.145514  
 7 7 12  -32.662485 1.811451 7.395611 -0.145514 -20.884459 1.040883 4.334257 -0.145514 -9.434863 -0.283185 -1.079643 -0.145514 -26.281004 -1.423899 -5.719172 -0.145514 -37.975140 -2.179241 -8.762193 -0.145514  
 8 8 118  -31.071219 2.035280 8.023969 -0.145514 -29.823012 1.953313 7.701856 -0.145514 -27.989998 1.833028 7.229333 -0.145514 -26.150758 1.712429 6.755816 -0.145514 -24.891145 1.629881 6.431876 -0.145514  
 9 10 15  -13.041034 0.089870 -2.012833 -0.016990 -12.617995 -0.085700 -1.849612 -0.016990 -11.965713 -0.364563 -1.560633 -0.016990 -11.380453 -0.680616 -1.183887 -0.016990 -10.884773 -0.893824 -0.881921 -0.016990  
 10 11 16  -12.500648 0.090475 -1.978095 -0.016990 -12.070665 -0.083847 -1.816391 -0.016990 -11.395230 -0.358727 -1.535942 -0.016990 -10.789928 -0.667944 -1.174734 -0.016990 -10.293557 -0.878267 -0.877221 -0.016990  
 11 12 17  -13.047696 0.105109 -2.011355 -0.016990 -12.624029 -0.073112 -1.848978 -0.016990 -11.981116 -0.353009 -1.563739 -0.016990 -11.409874 -0.668693 -1.194159 -0.016990 -10.920750 -0.884481 -0.892678 -0.016990  
 12 13 18  -13.615851 0.104331 -2.047674 -0.016990 -13.207220 -0.076073 -1.882830 -0.016990 -12.596067 -0.360418 -1.587324 -0.016990 -12.044745 -0.681691 -1.201457 -0.016990 -11.551519 -0.899742 -0.896987 -0.016990  
 13 5 6  0.000000 11.233964 0.000000 -0.092079 0.000000 6.697066 0.000000 -0.092079 0.000000 0.053306 0.000000 -0.092079 0.000000 -6.590453 -0.000000 -0.092079 0.000000 -11.127351 -0.000000 -0.092079  
 14 6 7  0.000000 -3.512883 -0.000000 0.153924 0.000000 -2.087465 -0.000000 0.153924 0.000000 -0.000106 0.000000 0.153924 0.000000 2.087253 0.000000 0.153924 0.000000 3.512671 0.000000 0.153924  
 15 7 8  0.000000 11.132385 -0.000000 -0.074389 0.000000 6.593444 -0.000000 -0.074389 0.000000 -0.053306 0.000000 -0.074389 0.000000 -6.700057 0.000000 -0.074389 0.000000 -11.238997 0.000000 -0.074389  
 16 8 5  0.000000 -3.517704 0.000000 -0.099435 0.000000 -2.090244 0.000000 -0.099435 0.000000 0.000106 0.000000 -0.099435 0.000000 2.090456 -0.000000 -0.099435 0.000000 3.517916 -0.000000 -0.099435  
 17 10 11  0.000000 6.916854 0.000000 -0.042119 0.000000 4.110091 0.000000 -0.042119 0.000000 -0.000085 0.000000 -0.042119 0.000000 -4.110262 -0.000000 -0.042119 0.000000 -6.917024 -0.000000 -0.042119  
 18 11 12  0.000000 -2.365272 0.000000 0.096063 0.000000 -1.407627 0.000000 0.096063 0.000000 -0.005266 0.000000 0.096063 0.000000 1.397094 -0.000000 0.096063 0.000000 2.354740 -0.000000 0.096063  
 19 12 13  0.000000 6.944967 -0.000000 0.033432 0.000000 4.126866 -0.000000 0.033432 0.000000 0.000085 0.000000 0.033432 0.000000 -4.126696 0.000000 0.033432 0.000000 -6.944796 0.000000 0.033432  
 20 13 10  0.000000 -2.382683 -0.000000 -0.374298 0.000000 -1.413699 -0.000000 -0.374298 0.000000 0.005266 0.000000 -0.374298 0.000000 1.424231 0.000000 -0.374298 0.000000 2.393215 0.000000 -0.374298  
 21 15 16  0.000000 0.799948 0.000000 0.007147 0.000000 0.475715 0.000000 0.007147 0.000000 0.000913 0.000000 0.007147 0.000000 -0.473888 -0.000000 0.007147 0.000000 -0.798121 -0.000000 0.007147  
 22 16 17  0.000000 -0.820628 0.000000 -0.007519 0.000000 -0.486355 0.000000 -0.007519 0.000000 0.003151 0.000000 -0.007519 0.000000 0.492656 -0.000000 -0.007519 0.000000 0.826930 -0.000000 -0.007519  
 23 17 18  0.000000 0.825616 -0.000000 0.006985 0.000000 0.490226 -0.000000 0.006985 0.000000 -0.000913 0.000000 0.006985 0.000000 -0.492053 0.000000 0.006985 0.000000 -0.827443 0.000000 0.006985  
 24 18 15  0.000000 -0.854425 -0.000000 -0.008551 0.000000 -0.508994 -0.000000 -0.008551 0.000000 -0.003151 0.000000 -0.008551 0.000000 0.502693 0.000000 -0.008551 0.000000 0.848123 0.000000 -0.008551  
 118 118 128  -30.993115 1.587689 6.266757 -0.145514 -29.770042 1.506108 5.944927 -0.145514 -27.983079 1.385642 5.472684 -0.145514 -26.203472 1.265083 4.998859 -0.145514 -24.986382 1.182460 4.674698 -0.145514  
 128 128 138  -30.150561 1.140357 4.493717 -0.145514 -29.204818 1.059617 4.186834 -0.145514 -27.891485 0.937046 3.728918 -0.145514 -26.740346 0.817842 3.247353 -0.145514 -26.106133 0.736029 2.893751 -0.145514  
 138 138 148  -28.070108 0.678568 2.734067 -0.145514 -27.942222 0.617325 2.439391 -0.145514 -27.961875 0.495487 1.964115 -0.145514 -28.000978 0.368762 1.482963 -0.145514 -28.021539 0.282389 1.154444 -0.145514  
 148 148 158  -27.971375 0.246278 0.997376 -0.145514 -27.981262 0.163856 0.674149 -0.145514 -27.991602 0.043218 0.200825 -0.145514 -27.991734 -0.077000 -0.271948 -0.145514 -27.988704 -0.159154 -0.594649 -0.145514  
 158 158 168  -28.015649 -0.201258 -0.759887 -0.145514 -28.008223 -0.283500 -1.082677 -0.145514 -27.990972 -0.403859 -1.555764 -0.145514 -27.963660 -0.524791 -2.029363 -0.145514 -27.948188 -0.606168 -2.351204 -0.145514  
 168 168 178  -26.757226 -0.644493 -2.471493 -0.145514 -27.059807 -0.733232 -2.848978 -0.145514 -27.837062 -0.852168 -3.338516 -0.145514 -28.872866 -0.970137 -3.784308 -0.145514 -29.655379 -1.054667 -4.076443 -0.145514  
 178 178 188  -25.077698 -1.095752 -4.271985 -0.145514 -26.252865 -1.178272 -4.596768 -0.145514 -27.980067 -1.299114 -5.070727 -0.145514 -29.717135 -1.418328 -5.543155 -0.145514 -30.916128 -1.502144 -5.863662 -0.145514  
 188 188 198  -24.887617 -1.543103 -6.029682 -0.145514 -26.148735 -1.625620 -6.353654 -0.145514 -27.989996 -1.746222 -6.827174 -0.145514 -29.825001 -1.866511 -7.299689 -0.145514 -31.074823 -1.948492 -7.621781 -0.145514  
 198 198 13  -24.917139 -1.990427 -7.786627 -0.145514 -26.166088 -2.072988 -8.110564 -0.145514 -27.989895 -2.193604 -8.584084 -0.145514 -29.807665 -2.313879 -9.056609 -0.145514 -31.045506 -2.395817 -9.378714 -0.145514  
