 1 1 5  -33.487570 1.203428 -1.124374 -0.000094 -33.498948 0.870516 -0.818230 -0.000094 -33.513206 0.383091 -0.369980 -0.000094 -33.514041 -0.104804 0.078327 -0.000094 -33.505560 -0.437814 0.384516 -0.000094  
 2 2 6  -36.114619 1.203003 -1.124012 -0.000094 -36.126082 0.870130 -0.817824 -0.000094 -36.140727 0.382754 -0.369511 -0.000094 -36.143162 -0.104689 0.078450 -0.000094 -36.134396 -0.437671 0.384654 -0.000094  
 3 3 7  -38.474706 1.202417 -1.123638 -0.000094 -38.486063 0.869499 -0.817477 -0.000094 -38.500285 0.382077 -0.369192 -0.000094 -38.503136 -0.104632 0.078419 -0.000094 -38.494951 -0.437489 0.384436 -0.000094  
 4 4 8  -35.846895 1.202836 -1.124060 -0.000094 -35.858296 0.869875 -0.817952 -0.000094 -35.872769 0.382363 -0.369785 -0.000094 -35.875232 -0.104728 0.078321 -0.000094 -35.866485 -0.437759 0.384494 -0.000094  
 5 5 10  -22.436805 0.843749 -0.855138 -0.000030 -22.442671 0.496597 -0.529415 -0.000030 -22.447797 -0.012009 -0.052279 -0.000030 -22.443083 -0.520590 0.424980 -0.000030 -22.437466 -0.867711 0.750698 -0.000030  
 6 6 11  -24.145348 0.843531 -0.855045 -0.000030 -24.151282 0.496410 -0.529293 -0.000030 -24.157340 -0.012000 -0.052293 -0.000030 -24.151510 -0.520434 0.424846 -0.000030 -24.145743 -0.867532 0.750575 -0.000030  
 7 7 12  -25.550884 0.843574 -0.854823 -0.000030 -25.556783 0.496374 -0.529088 -0.000030 -25.562390 -0.011904 -0.052196 -0.000030 -25.556942 -0.520270 0.424730 -0.000030 -25.551151 -0.867445 0.750444 -0.000030  
 8 8 118  -23.846764 0.923526 -0.929783 -0.000030 -23.847410 0.888803 -0.897207 -0.000030 -23.848343 0.837955 -0.849503 -0.000030 -23.849260 0.787107 -0.801799 -0.000030 -23.849876 0.752384 -0.769223 -0.000030  
 9 10 15  -11.396968 0.381797 -0.668501 0.000369 -11.400245 0.161005 -0.339929 0.000369 -11.401846 -0.162418 0.141329 0.000369 -11.397716 -0.485749 0.622528 0.000369 -11.549256 -0.678567 0.921354 0.000369  
 10 11 16  -12.073471 0.381745 -0.667359 0.000369 -12.076774 0.160964 -0.339473 0.000369 -12.078379 -0.162389 0.140705 0.000369 -12.074233 -0.485699 0.620875 0.000369 -12.184125 -0.685664 0.926713 0.000369  
 11 12 17  -12.570546 0.380992 -0.667298 0.000369 -12.573848 0.160670 -0.339422 0.000369 -12.575413 -0.161942 0.140686 0.000369 -12.571308 -0.484567 0.620823 0.000369 -12.652610 -0.688963 0.932058 0.000369  
 12 13 18  -11.894364 0.381041 -0.668443 0.000369 -11.897663 0.160708 -0.339880 0.000369 -11.899259 -0.161966 0.141315 0.000369 -11.895104 -0.484616 0.622478 0.000369 -12.015453 -0.682358 0.927007 0.000369  
 13 5 6  0.000000 -1.269364 0.000000 -0.000216 0.000000 -0.754298 0.000000 -0.000216 0.000000 -0.000043 0.000000 -0.000216 0.000000 0.754212 -0.000000 -0.000216 0.000000 1.269279 -0.000000 -0.000216  
 14 6 7  0.000000 -1.318380 0.000000 0.000215 0.000000 -0.783432 0.000000 0.000215 0.000000 -0.000064 0.000000 0.000215 0.000000 0.783304 -0.000000 0.000215 0.000000 1.318251 -0.000000 0.000215  
 15 7 8  0.000000 -1.269261 -0.000000 -0.000241 0.000000 -0.754201 -0.000000 -0.000241 0.000000 0.000043 0.000000 -0.000241 0.000000 0.754287 0.000000 -0.000241 0.000000 1.269346 0.000000 -0.000241  
 16 8 5  0.000000 -1.318269 -0.000000 0.000150 0.000000 -0.783315 -0.000000 0.000150 0.000000 0.000064 0.000000 0.000150 0.000000 0.783443 0.000000 0.000150 0.000000 1.318398 0.000000 0.000150  
 17 10 11  0.000000 -1.432369 -0.000000 0.000587 0.000000 -0.851139 -0.000000 0.000587 0.000000 0.000005 0.000000 0.000587 0.000000 0.851148 0.000000 0.000587 0.000000 1.432378 0.000000 0.000587  
 18 11 12  0.000000 -1.259053 -0.000000 -0.000439 0.000000 -0.748154 -0.000000 -0.000439 0.000000 -0.000003 0.000000 -0.000439 0.000000 0.748148 0.000000 -0.000439 0.000000 1.259047 0.000000 -0.000439  
 19 12 13  0.000000 -1.432353 0.000000 0.000544 0.000000 -0.851133 0.000000 0.000544 0.000000 -0.000005 0.000000 0.000544 0.000000 0.851124 -0.000000 0.000544 0.000000 1.432343 -0.000000 0.000544  
 20 13 10  0.000000 -1.259072 0.000000 -0.000487 0.000000 -0.748163 0.000000 -0.000487 0.000000 0.000003 0.000000 -0.000487 0.000000 0.748170 -0.000000 -0.000487 0.000000 1.259078 -0.000000 -0.000487  
 21 15 16  0.000000 -0.927076 -0.000000 0.001547 0.000000 -0.550728 -0.000000 0.001547 0.000000 0.000390 0.000000 0.001547 0.000000 0.551507 0.000000 0.001547 0.000000 0.927855 0.000000 0.001547  
 22 16 17  0.000000 -0.681523 -0.000000 -0.001161 0.000000 -0.404867 -0.000000 -0.001161 0.000000 0.000264 0.000000 -0.001161 0.000000 0.405394 0.000000 -0.001161 0.000000 0.682050 0.000000 -0.001161  
 23 17 18  0.000000 -0.927833 0.000000 0.001440 0.000000 -0.551494 0.000000 0.001440 0.000000 -0.000390 0.000000 0.001440 0.000000 0.550715 -0.000000 0.001440 0.000000 0.927054 -0.000000 0.001440  
 24 18 15  0.000000 -0.682072 0.000000 -0.001230 0.000000 -0.405407 0.000000 -0.001230 0.000000 -0.000264 0.000000 -0.001230 0.000000 0.404880 -0.000000 -0.001230 0.000000 0.681545 -0.000000 -0.001230  
 118 118 128  -23.846867 0.734665 -0.752600 -0.000030 -23.847471 0.699942 -0.720024 -0.000030 -23.848343 0.649094 -0.672320 -0.000030 -23.849199 0.598246 -0.624616 -0.000030 -23.849775 0.563523 -0.592040 -0.000030  
 128 128 138  -23.846968 0.545804 -0.575417 -0.000030 -23.847532 0.511081 -0.542841 -0.000030 -23.848343 0.460233 -0.495138 -0.000030 -23.849139 0.409385 -0.447434 -0.000030 -23.849670 0.374662 -0.414857 -0.000030  
 138 138 148  -23.847080 0.356943 -0.398234 -0.000030 -23.847599 0.322220 -0.365658 -0.000030 -23.848346 0.271372 -0.317955 -0.000030 -23.849072 0.220524 -0.270251 -0.000030 -23.849551 0.185802 -0.237674 -0.000030  
 148 148 158  -23.847509 0.168096 -0.221055 -0.000030 -23.847961 0.133355 -0.188473 -0.000030 -23.848464 0.082500 -0.140770 -0.000030 -23.848766 0.031674 -0.093077 -0.000030 -23.848726 -0.003063 -0.060481 -0.000030  
 158 158 168  -23.848931 -0.020780 -0.043869 -0.000030 -23.848706 -0.055502 -0.011292 -0.000030 -23.848348 -0.106349 0.036411 -0.000030 -23.847969 -0.157199 0.084115 -0.000030 -23.847687 -0.191921 0.116690 -0.000030  
 168 168 178  -23.849377 -0.209637 0.133308 -0.000030 -23.848994 -0.244364 0.165891 -0.000030 -23.848362 -0.295212 0.213597 -0.000030 -23.847685 -0.346059 0.261298 -0.000030 -23.847198 -0.380780 0.293869 -0.000030  
 178 178 188  -23.849617 -0.398501 0.310496 -0.000030 -23.849108 -0.433224 0.343073 -0.000030 -23.848344 -0.484072 0.390777 -0.000030 -23.847563 -0.534920 0.438481 -0.000030 -23.847019 -0.569643 0.471056 -0.000030  
 188 188 198  -23.849731 -0.587362 0.487680 -0.000030 -23.849174 -0.622085 0.520256 -0.000030 -23.848344 -0.672933 0.567960 -0.000030 -23.847496 -0.723781 0.615663 -0.000030 -23.846908 -0.758504 0.648239 -0.000030  
 198 198 13  -23.849831 -0.776223 0.664862 -0.000030 -23.849233 -0.810946 0.697439 -0.000030 -23.848343 -0.861794 0.745143 -0.000030 -23.847437 -0.912642 0.792846 -0.000030 -23.846809 -0.947365 0.825422 -0.000030  
