 1 1 5  -41.032875 -2.645266 2.863046 -0.022993 -40.652308 -2.004936 2.022036 -0.022993 -40.714974 -0.947602 0.669419 -0.022993 -40.718462 0.109193 -0.680804 -0.022993 -40.683648 0.830861 -1.604260 -0.022993  
 2 2 6  -38.549430 -2.615439 2.836694 -0.022993 -37.988515 -2.006613 2.025753 -0.022993 -38.051389 -0.948701 0.670422 -0.022993 -38.057985 0.109791 -0.685230 -0.022993 -38.021568 0.832026 -1.610874 -0.022993  
 3 3 7  -32.277751 -2.516946 2.725000 -0.022993 -31.228421 -1.974345 1.990361 -0.022993 -31.097195 -0.944810 0.671633 -0.022993 -31.101947 0.123784 -0.686146 -0.022993 -31.067803 0.852546 -1.612372 -0.022993  
 4 4 8  -34.686113 -2.560609 2.767521 -0.022993 -33.817398 -1.993428 2.007493 -0.022993 -33.797303 -0.943726 0.670754 -0.022993 -33.804913 0.123103 -0.681825 -0.022993 -33.767924 0.851195 -1.605921 -0.022993  
 5 5 10  -26.724124 -2.365245 0.665882 -0.022179 -26.695997 -1.483598 0.261405 -0.022179 -26.713843 -0.177047 -0.344169 -0.022179 -26.692569 1.129860 -0.949885 -0.022179 -26.801188 1.996068 -1.338514 -0.022179  
 6 6 11  -25.796512 -2.357608 0.664768 -0.022179 -25.728532 -1.484042 0.265421 -0.022179 -25.748891 -0.176979 -0.343117 -0.022179 -25.725934 1.130442 -0.951332 -0.022179 -25.886967 1.986743 -1.332297 -0.022179  
 7 7 12  -21.583007 -2.324071 0.622675 -0.022179 -21.170066 -1.503770 0.265962 -0.022179 -21.188031 -0.173924 -0.343370 -0.022179 -21.166641 1.156109 -0.952185 -0.022179 -21.687161 1.961765 -1.276229 -0.022179  
 8 8 118  -22.559869 -2.563816 0.731370 -0.022179 -22.416155 -2.479428 0.691792 -0.022179 -22.221374 -2.352756 0.634582 -0.022179 -22.055067 -2.220696 0.576762 -0.022179 -21.973290 -2.124987 0.533596 -0.022179  
 9 10 15  -13.284268 -1.748794 -0.185125 0.006028 -12.391576 -0.986277 -0.234414 0.006028 -12.396728 0.393794 -0.252562 0.006028 -13.045900 1.640834 -0.229664 0.006028 -14.765054 2.262695 -0.217136 0.006028  
 10 11 16  -13.145647 -1.742812 -0.184434 0.006028 -12.220872 -0.986313 -0.234284 0.006028 -12.226127 0.393873 -0.252805 0.006028 -12.904090 1.635331 -0.229362 0.006028 -14.637917 2.255365 -0.217144 0.006028  
 11 12 17  -11.697217 -1.711487 -0.173431 0.006028 -10.272949 -1.009908 -0.224923 0.006028 -10.218717 0.407802 -0.252922 0.006028 -11.404591 1.605256 -0.216849 0.006028 -13.368410 2.228344 -0.209888 0.006028  
 12 13 18  -11.831959 -1.718761 -0.174316 0.006028 -10.440525 -1.011787 -0.226302 0.006028 -10.395239 0.407712 -0.252691 0.006028 -11.542658 1.612068 -0.217678 0.006028 -13.493759 2.236420 -0.210280 0.006028  
 13 5 6  0.000000 2.328736 -0.000000 0.004863 0.000000 1.384082 -0.000000 0.004863 0.000000 0.000747 0.000000 0.004863 0.000000 -1.382588 0.000000 0.004863 0.000000 -2.327242 0.000000 0.004863  
 14 6 7  0.000000 3.250739 -0.000000 -0.028093 0.000000 1.933017 -0.000000 -0.028093 0.000000 0.003366 0.000000 -0.028093 0.000000 -1.926285 0.000000 -0.028093 0.000000 -3.244007 0.000000 -0.028093  
 15 7 8  0.000000 2.326842 0.000000 0.008631 0.000000 1.382350 0.000000 0.008631 0.000000 -0.000747 0.000000 0.008631 0.000000 -1.383844 -0.000000 0.008631 0.000000 -2.328336 -0.000000 0.008631  
 16 8 5  0.000000 3.244407 0.000000 -0.024749 0.000000 1.926523 0.000000 -0.024749 0.000000 -0.003366 0.000000 -0.024749 0.000000 -1.933255 -0.000000 -0.024749 0.000000 -3.251139 -0.000000 -0.024749  
 17 10 11  0.000000 1.105602 0.000000 0.004876 0.000000 0.656957 0.000000 0.004876 0.000000 -0.000032 0.000000 0.004876 0.000000 -0.657021 -0.000000 0.004876 0.000000 -1.105666 -0.000000 0.004876  
 18 11 12  0.000000 3.814470 0.000000 -0.012415 0.000000 2.268838 0.000000 -0.012415 0.000000 0.005440 0.000000 -0.012415 0.000000 -2.257959 -0.000000 -0.012415 0.000000 -3.803591 -0.000000 -0.012415  
 19 12 13  0.000000 1.105304 -0.000000 0.004911 0.000000 0.656806 -0.000000 0.004911 0.000000 0.000032 0.000000 0.004911 0.000000 -0.656742 0.000000 0.004911 0.000000 -1.105240 0.000000 0.004911  
 20 13 10  0.000000 3.803953 -0.000000 -0.013973 0.000000 2.258174 -0.000000 -0.013973 0.000000 -0.005440 0.000000 -0.013973 0.000000 -2.269053 0.000000 -0.013973 0.000000 -3.814832 0.000000 -0.013973  
 21 15 16  0.000000 0.213611 -0.000000 0.003691 0.000000 0.126952 -0.000000 0.003691 0.000000 0.000050 0.000000 0.003691 0.000000 -0.126852 0.000000 0.003691 0.000000 -0.213511 0.000000 0.003691  
 22 16 17  0.000000 2.387205 0.000000 -0.003447 0.000000 1.424370 0.000000 -0.003447 0.000000 0.014411 0.000000 -0.003447 0.000000 -1.395548 -0.000000 -0.003447 0.000000 -2.358382 -0.000000 -0.003447  
 23 17 18  0.000000 0.213075 0.000000 0.004536 0.000000 0.126593 0.000000 0.004536 0.000000 -0.000050 0.000000 0.004536 0.000000 -0.126693 -0.000000 0.004536 0.000000 -0.213175 -0.000000 0.004536  
 24 18 15  0.000000 2.358819 -0.000000 -0.003304 0.000000 1.395807 -0.000000 -0.003304 0.000000 -0.014411 0.000000 -0.003304 0.000000 -1.424630 0.000000 -0.003304 0.000000 -2.387641 0.000000 -0.003304  
 118 118 128  -22.292442 -2.079900 0.511087 -0.022179 -22.248672 -1.997916 0.476719 -0.022179 -22.222848 -1.870121 0.420430 -0.022179 -22.226581 -1.736168 0.358823 -0.022179 -22.229037 -1.644692 0.316753 -0.022179  
 128 128 138  -22.234087 -1.602802 0.299306 -0.022179 -22.236118 -1.514058 0.259533 -0.022179 -22.238976 -1.384101 0.201290 -0.022179 -22.241699 -1.254142 0.143048 -0.022179 -22.243486 -1.165394 0.103278 -0.022179  
 138 138 148  -22.234983 -1.120109 0.082982 -0.022179 -22.236657 -1.031363 0.043208 -0.022179 -22.238990 -0.901407 -0.015034 -0.022179 -22.241172 -0.771450 -0.073273 -0.022179 -22.242531 -0.682699 -0.113050 -0.022179  
 148 148 158  -22.236784 -0.637430 -0.133308 -0.022179 -22.237966 -0.548679 -0.173110 -0.022179 -22.239385 -0.418692 -0.231395 -0.022179 -22.239909 -0.288743 -0.289598 -0.022179 -22.239688 -0.200047 -0.329332 -0.022179  
 158 158 168  -22.241640 -0.154724 -0.349661 -0.022179 -22.240695 -0.065977 -0.389440 -0.022179 -22.239017 0.063984 -0.447686 -0.022179 -22.237159 0.193940 -0.505925 -0.022179 -22.235760 0.282681 -0.545688 -0.022179  
 168 168 178  -22.242898 0.327973 -0.565995 -0.022179 -22.241363 0.416717 -0.605763 -0.022179 -22.238976 0.546675 -0.664004 -0.022179 -22.236458 0.676633 -0.722248 -0.022179 -22.234666 0.765380 -0.762022 -0.022179  
 178 178 188  -22.243705 0.810665 -0.782316 -0.022179 -22.241820 0.899411 -0.822088 -0.022179 -22.238966 1.029369 -0.880330 -0.022179 -22.235993 1.159327 -0.938572 -0.022179 -22.233901 1.248072 -0.978344 -0.022179  
 188 188 198  -22.175648 1.288643 -0.994291 -0.022179 -22.183758 1.382740 -1.039069 -0.022179 -22.223825 1.514890 -1.099226 -0.022179 -22.287017 1.642749 -1.155391 -0.022179 -22.352529 1.725938 -1.190514 -0.022179  
 198 198 13  -21.949963 1.772972 -1.213070 -0.022179 -22.054237 1.865026 -1.255053 -0.022179 -22.225737 1.997007 -1.314030 -0.022179 -22.420581 2.124744 -1.371514 -0.022179 -22.565457 2.210618 -1.409126 -0.022179  
