 1 1 5  -38.242170 -1.823866 4.565273 0.209237 -37.979578 -1.080569 3.662183 0.209237 -39.248941 0.190862 1.649248 0.209237 -39.159002 1.472813 -0.459736 0.209237 -38.090154 2.373073 -1.867247 0.209237  
 2 2 6  -29.354636 -1.598161 4.263099 0.209237 -27.690080 -0.912622 3.460905 0.209237 -27.039695 0.202611 1.636040 0.209237 -26.983541 1.449624 -0.578705 0.209237 -26.749284 2.183815 -1.940117 0.209237  
 3 3 7  -33.940521 -1.751564 4.439722 0.209237 -32.974481 -1.034678 3.601797 0.209237 -33.515866 0.177382 1.624931 0.209237 -33.439829 1.470362 -0.560689 0.209237 -32.607613 2.316862 -1.963290 0.209237  
 4 4 8  -43.221600 -1.973923 4.672086 0.209237 -43.859662 -1.206344 3.637016 0.209237 -45.391104 0.165840 1.636460 0.209237 -45.288533 1.493239 -0.439670 0.209237 -44.186423 2.427002 -1.816245 0.209237  
 5 5 10  -28.336832 2.802022 3.461855 0.022172 -25.453640 2.253845 2.357019 0.022172 -23.833723 1.050547 0.215050 0.022172 -23.426870 -0.441942 -2.211473 0.022172 -25.380190 -1.144985 -3.336639 0.022172  
 6 6 11  -22.446005 2.564184 3.330972 0.022172 -18.781998 2.026423 2.229693 0.022172 -15.230470 1.050350 0.206736 0.022172 -16.157532 -0.380947 -2.129493 0.022172 -19.504748 -1.041166 -3.162054 0.022172  
 7 7 12  -27.025884 2.690823 3.548030 0.022172 -23.882197 2.176236 2.404608 0.022172 -21.774220 1.080453 0.206574 0.022172 -21.608470 -0.348560 -2.313227 0.022172 -24.121648 -1.028205 -3.420942 0.022172  
 8 8 118  -31.567280 3.255381 4.138562 0.022172 -31.071779 3.171785 3.990449 0.022172 -30.347721 3.049284 3.771926 0.022172 -29.640238 2.923665 3.552293 0.022172 -29.170465 2.836965 3.400335 0.022172  
 9 10 15  -17.275107 3.098443 2.654667 -0.020864 -11.221553 1.882084 1.456188 -0.020864 -5.777825 -0.217667 -0.669578 -0.020864 -14.050940 -2.123462 -2.377859 -0.020864 -20.073400 -3.345170 -3.539367 -0.020864  
 10 11 16  -14.948723 2.935754 2.676811 -0.020864 -8.666526 1.711333 1.429527 -0.020864 -2.540994 -0.166644 -0.501841 -0.020864 -11.638143 -1.990548 -2.315993 -0.020864 -17.827095 -3.209110 -3.540432 -0.020864  
 11 12 17  -17.087685 2.970194 2.800410 -0.020864 -10.950367 1.795270 1.546200 -0.020864 -5.420210 -0.205405 -0.660941 -0.020864 -13.881082 -2.033226 -2.462407 -0.020864 -19.953231 -3.209823 -3.685559 -0.020864  
 12 13 18  -19.223977 3.118928 2.764916 -0.020864 -13.446105 1.946637 1.558328 -0.020864 -9.034769 -0.240155 -0.716845 -0.020864 -16.199263 -2.148204 -2.510691 -0.020864 -21.992156 -3.337827 -3.666732 -0.020864  
 13 5 6  0.000000 5.642249 0.000000 -0.054509 0.000000 3.361981 0.000000 -0.054509 0.000000 0.022794 0.000000 -0.054509 0.000000 -3.316394 -0.000000 -0.054509 0.000000 -5.596662 -0.000000 -0.054509  
 14 6 7  0.000000 -0.573297 0.000000 0.170286 0.000000 -0.341167 0.000000 0.170286 0.000000 -0.001240 0.000000 0.170286 0.000000 0.338687 -0.000000 0.170286 0.000000 0.570817 -0.000000 0.170286  
 15 7 8  0.000000 5.599420 -0.000000 -0.014940 0.000000 3.318032 -0.000000 -0.014940 0.000000 -0.022794 0.000000 -0.014940 0.000000 -3.363620 0.000000 -0.014940 0.000000 -5.645007 0.000000 -0.014940  
 16 8 5  0.000000 -0.573575 -0.000000 0.047702 0.000000 -0.340326 -0.000000 0.047702 0.000000 0.001240 0.000000 0.047702 0.000000 0.342806 0.000000 0.047702 0.000000 0.576055 0.000000 0.047702  
 17 10 11  0.000000 6.283922 0.000000 -0.182195 0.000000 3.745245 0.000000 -0.182195 0.000000 0.027647 0.000000 -0.182195 0.000000 -3.689950 -0.000000 -0.182195 0.000000 -6.228627 -0.000000 -0.182195  
 18 11 12  0.000000 -4.225121 -0.000000 0.209843 0.000000 -2.503345 -0.000000 0.209843 0.000000 0.017995 0.000000 0.209843 0.000000 2.539335 0.000000 0.209843 0.000000 4.261110 0.000000 0.209843  
 19 12 13  0.000000 6.240117 -0.000000 -0.141769 0.000000 3.696778 -0.000000 -0.141769 0.000000 -0.027647 0.000000 -0.141769 0.000000 -3.752072 0.000000 -0.141769 0.000000 -6.295412 0.000000 -0.141769  
 20 13 10  0.000000 -4.272601 0.000000 0.125771 0.000000 -2.546163 0.000000 0.125771 0.000000 -0.017995 0.000000 0.125771 0.000000 2.510173 -0.000000 0.125771 0.000000 4.236611 -0.000000 0.125771  
 21 15 16  0.000000 3.699013 -0.000000 -0.098991 0.000000 2.209971 -0.000000 -0.098991 0.000000 0.029443 0.000000 -0.098991 0.000000 -2.151085 0.000000 -0.098991 0.000000 -3.640126 0.000000 -0.098991  
 22 16 17  0.000000 -3.310567 -0.000000 0.112623 0.000000 -1.958097 -0.000000 0.112623 0.000000 0.022438 0.000000 0.112623 0.000000 2.002972 0.000000 0.112623 0.000000 3.355442 0.000000 0.112623  
 23 17 18  0.000000 3.656370 0.000000 -0.086442 0.000000 2.160737 0.000000 -0.086442 0.000000 -0.029443 0.000000 -0.086442 0.000000 -2.219624 -0.000000 -0.086442 0.000000 -3.715257 -0.000000 -0.086442  
 24 18 15  0.000000 -3.371686 0.000000 0.086126 0.000000 -2.012625 0.000000 0.086126 0.000000 -0.022438 0.000000 0.086126 0.000000 1.967749 -0.000000 0.086126 0.000000 3.326811 -0.000000 0.086126  
 118 118 128  -31.243226 2.791762 3.321271 0.022172 -30.859878 2.711407 3.176026 0.022172 -30.333857 2.588695 2.960209 0.022172 -29.847617 2.461896 2.738597 0.022172 -29.536944 2.375016 2.582172 0.022172  
 128 128 138  -30.773979 2.327147 2.503843 0.022172 -30.582597 2.248924 2.361257 0.022172 -30.318649 2.131001 2.149077 0.022172 -30.126396 2.002350 1.924879 0.022172 -30.039681 1.906875 1.763481 0.022172  
 138 138 148  -30.355235 1.866911 1.691374 0.022172 -30.334163 1.789512 1.548977 0.022172 -30.344683 1.666884 1.331423 0.022172 -30.376056 1.538868 1.108389 0.022172 -30.393438 1.451526 0.956066 0.022172  
 148 148 158  -30.343445 1.411828 0.883384 0.022172 -30.353278 1.326545 0.733119 0.022172 -30.360469 1.202258 0.513798 0.022172 -30.361350 1.078270 0.294943 0.022172 -30.358415 0.993598 0.145181 0.022172  
 158 158 168  -30.385839 0.949844 0.068509 0.022172 -30.377678 0.865298 -0.081080 0.022172 -30.361102 0.741339 -0.299990 0.022172 -30.336365 0.616893 -0.519462 0.022172 -30.315683 0.531772 -0.669447 0.022172  
 168 168 178  -30.443021 0.488926 -0.745307 0.022172 -30.412702 0.403960 -0.895292 0.022172 -30.361281 0.279651 -1.114682 0.022172 -30.301903 0.155526 -1.333752 0.022172 -30.256936 0.070888 -1.483169 0.022172  
 178 178 188  -30.491307 0.027639 -1.559538 0.022172 -30.441391 -0.057394 -1.709557 0.022172 -30.361405 -0.181719 -1.928964 0.022172 -30.273255 -0.305807 -2.148022 0.022172 -30.208269 -0.390425 -2.297394 0.022172  
 188 188 198  -30.341564 -0.421871 -2.357081 0.022172 -30.288108 -0.521588 -2.526771 0.022172 -30.312237 -0.648880 -2.752855 0.022172 -30.405701 -0.767757 -2.963275 0.022172 -30.518166 -0.842628 -3.097292 0.022172  
 198 198 13  -29.662920 -0.892567 -3.179489 0.022172 -29.906588 -0.980829 -3.339496 0.022172 -30.328230 -1.105237 -3.562558 0.022172 -30.792998 -1.229115 -3.777057 0.022172 -31.146736 -1.310783 -3.918430 0.022172  
