 1 1 5  -63.805915 -11.177374 -9.409727 0.075987 -49.750610 -8.209770 -6.715087 0.075987 -29.537632 -3.753332 -2.627544 0.075987 -27.215618 2.387131 2.864005 0.075987 -40.203788 5.581304 5.572259 0.075987  
 2 2 6  -79.225292 -12.078765 -9.770424 0.075987 -66.351543 -9.076186 -7.248519 0.075987 -50.308626 -4.318151 -3.297358 0.075987 -48.990906 2.782944 2.680323 0.075987 -56.938746 6.412440 5.621889 0.075987  
 3 3 7  -58.401365 -11.311891 -8.842925 0.075987 -43.529448 -8.026210 -6.324227 0.075987 -21.614886 -3.065261 -2.589847 0.075987 -20.388060 3.054259 1.986241 0.075987 -35.209951 6.405676 4.578910 0.075987  
 4 4 8  -40.360382 -10.092142 -8.262756 0.075987 -25.126705 -6.784058 -5.578150 0.075987 -2.738897 -1.867079 -1.557990 0.075987 -2.569732 1.809028 1.550287 0.075987 -17.655800 5.144990 4.293889 0.075987  
 5 5 10  -43.416983 -8.545991 -7.127655 -0.185658 -27.092748 -5.112292 -4.219695 -0.185658 -6.750481 0.357527 0.447448 -0.185658 -29.543787 5.540734 4.769265 -0.185658 -45.777460 8.969523 7.664139 -0.185658  
 6 6 11  -51.300125 -9.152592 -6.816704 -0.185658 -35.905283 -5.713440 -4.148396 -0.185658 -21.589342 0.360666 0.555725 -0.185658 -38.468199 6.113814 4.862519 -0.185658 -53.841602 9.550145 7.511117 -0.185658  
 7 7 12  -40.987108 -9.541046 -6.230431 -0.185658 -23.508677 -5.592675 -3.559264 -0.185658 -0.112963 0.104367 0.227703 -0.185658 -25.513710 5.868387 4.219906 -0.185658 -42.922520 9.805762 6.886498 -0.185658  
 8 8 118  -15.135797 -8.294949 -6.235637 -0.185658 -13.798638 -7.982903 -5.995857 -0.185658 -11.848083 -7.527210 -5.643248 -0.185658 -9.918080 -7.071482 -5.292502 -0.185658 -8.623435 -6.760124 -5.055673 -0.185658  
 9 10 15  -16.779499 -3.971699 -2.710717 -0.058996 -7.172503 -1.812008 -1.226898 -0.058996 -4.454303 1.175007 0.854971 -0.058996 -18.554439 4.341361 3.032990 -0.058996 -28.100353 6.488972 4.507421 -0.058996  
 10 11 16  -19.638133 -4.220736 -2.515405 -0.058996 -10.209401 -2.063413 -1.126643 -0.058996 -7.978904 1.407045 1.064285 -0.058996 -21.767680 4.582176 3.081993 -0.058996 -31.127039 6.733111 4.451682 -0.058996  
 11 12 17  -16.507350 -4.583541 -2.330206 -0.058996 -6.192487 -2.134143 -0.961743 -0.058996 -1.782708 0.879302 0.775260 -0.058996 -16.670447 4.414114 2.859941 -0.058996 -26.975712 6.839601 4.243406 -0.058996  
 12 13 18  -13.561296 -4.317227 -2.514359 -0.058996 -3.349245 -1.875347 -1.049131 -0.058996 0.900697 0.677124 0.567232 -0.058996 -13.450208 4.158729 2.795671 -0.058996 -23.832438 6.584438 4.276936 -0.058996  
 13 5 6  0.000000 -11.604412 0.000000 -0.752896 0.000000 -6.834056 0.000000 -0.752896 0.000000 0.151577 0.000000 -0.752896 0.000000 7.137209 -0.000000 -0.752896 0.000000 11.907566 -0.000000 -0.752896  
 14 6 7  0.000000 15.189174 0.000000 0.834680 0.000000 9.145655 0.000000 0.834680 0.000000 0.295625 0.000000 0.834680 0.000000 -8.554405 -0.000000 0.834680 0.000000 -14.597924 -0.000000 0.834680  
 15 7 8  0.000000 -11.813582 -0.000000 -1.740930 0.000000 -7.081362 -0.000000 -1.740930 0.000000 -0.151577 0.000000 -1.740930 0.000000 6.778208 0.000000 -1.740930 0.000000 11.510428 0.000000 -1.740930  
 16 8 5  0.000000 14.503940 -0.000000 1.499291 0.000000 8.498558 -0.000000 1.499291 0.000000 -0.295625 0.000000 1.499291 0.000000 -9.089808 0.000000 1.499291 0.000000 -15.095190 0.000000 1.499291  
 17 10 11  0.000000 -9.716928 0.000000 -0.461065 0.000000 -5.740177 0.000000 -0.461065 0.000000 0.083313 0.000000 -0.461065 0.000000 5.906803 -0.000000 -0.461065 0.000000 9.883554 -0.000000 -0.461065  
 18 11 12  0.000000 13.771715 0.000000 0.481498 0.000000 8.267646 0.000000 0.481498 0.000000 0.207577 0.000000 0.481498 0.000000 -7.852492 -0.000000 0.481498 0.000000 -13.356561 -0.000000 0.481498  
 19 12 13  0.000000 -9.710037 -0.000000 -1.174733 0.000000 -5.803696 -0.000000 -1.174733 0.000000 -0.083313 0.000000 -1.174733 0.000000 5.637069 0.000000 -1.174733 0.000000 9.543411 0.000000 -1.174733  
 20 13 10  0.000000 13.183044 -0.000000 0.912626 0.000000 7.749385 -0.000000 0.912626 0.000000 -0.207577 0.000000 0.912626 0.000000 -8.164538 0.000000 0.912626 0.000000 -13.598197 0.000000 0.912626  
 21 15 16  0.000000 -4.312001 -0.000000 -0.107026 0.000000 -2.557668 -0.000000 -0.107026 0.000000 0.011349 0.000000 -0.107026 0.000000 2.580366 0.000000 -0.107026 0.000000 4.334699 0.000000 -0.107026  
 22 16 17  0.000000 6.612455 0.000000 0.088492 0.000000 3.955452 0.000000 0.088492 0.000000 0.064580 0.000000 0.088492 0.000000 -3.826292 -0.000000 0.088492 0.000000 -6.483295 -0.000000 0.088492  
 23 17 18  0.000000 -4.155321 0.000000 -0.112070 0.000000 -2.473776 0.000000 -0.112070 0.000000 -0.011349 0.000000 -0.112070 0.000000 2.451078 -0.000000 -0.112070 0.000000 4.132623 -0.000000 -0.112070  
 24 18 15  0.000000 6.303917 -0.000000 0.100062 0.000000 3.719702 -0.000000 0.100062 0.000000 -0.064580 0.000000 0.100062 0.000000 -3.848862 0.000000 0.100062 0.000000 -6.433077 0.000000 0.100062  
 118 118 128  -15.208341 -6.602223 -4.930349 -0.185658 -13.842278 -6.289794 -4.691605 -0.185658 -11.853588 -5.833579 -4.340716 -0.185658 -9.873601 -5.377344 -3.990093 -0.185658 -8.539369 -5.068633 -3.748174 -0.185658  
 128 128 138  -15.290492 -4.907302 -3.628562 -0.185658 -13.886243 -4.596988 -3.386943 -0.185658 -11.854510 -4.140855 -3.036479 -0.185658 -9.829936 -3.684716 -2.685755 -0.185658 -8.454398 -3.373499 -2.445997 -0.185658  
 138 138 148  -15.392021 -3.214366 -2.323138 -0.185658 -13.960387 -2.903412 -2.083810 -0.185658 -11.861409 -2.447679 -1.733073 -0.185658 -9.760774 -1.991594 -1.381845 -0.185658 -8.326241 -1.680016 -1.141506 -0.185658  
 148 148 158  -12.800990 -1.456551 -0.966836 -0.185658 -12.142173 -1.215764 -0.783468 -0.185658 -11.586250 -0.803406 -0.470579 -0.185658 -11.579085 -0.290228 -0.071264 -0.185658 -11.577764 0.061330 0.202505 -0.185658  
 158 158 168  -11.009645 0.095677 0.214392 -0.185658 -11.002745 0.495241 0.536459 -0.185658 -11.517388 0.987836 0.918040 -0.185658 -12.678562 1.390468 1.220079 -0.185658 -13.615162 1.649942 1.418046 -0.185658  
 168 168 178  -8.314177 1.864805 1.587590 -0.185658 -9.754612 2.176449 1.827727 -0.185658 -11.862044 2.632549 2.178935 -0.185658 -13.966723 3.088244 2.529770 -0.185658 -15.402210 3.399182 2.769129 -0.185658  
 178 178 188  -8.473338 3.559590 2.891713 -0.185658 -9.826027 3.868873 3.132149 -0.185658 -11.845606 4.325702 3.481671 -0.185658 -13.890102 4.781450 3.833752 -0.185658 -15.293032 5.093027 4.073779 -0.185658  
 188 188 198  -8.576573 5.252433 4.195120 -0.185658 -9.903461 5.563153 4.435221 -0.185658 -11.849999 6.017944 4.786890 -0.185658 -13.819290 6.474768 5.137514 -0.185658 -15.165876 6.787026 5.376358 -0.185658  
 198 198 13  -8.607259 6.945172 5.499326 -0.185658 -9.921941 7.256129 5.739146 -0.185658 -11.857107 7.712011 6.090297 -0.185658 -13.798555 8.168119 6.441279 -0.185658 -15.122674 8.479315 6.680757 -0.185658  
