 1 1 5  -45.480720 10.282372 0.807122 -0.329389 -35.360269 7.493739 0.756330 -0.329389 -20.067365 3.237098 0.584196 -0.329389 -17.864633 -2.604802 0.223248 -0.329389 -27.889334 -5.524960 0.027669 -0.329389  
 2 2 6  -40.509304 9.912764 0.871344 -0.329389 -30.097893 7.096235 0.788745 -0.329389 -13.926985 2.817066 0.539170 -0.329389 -11.501237 -2.207533 0.186061 -0.329389 -22.336286 -5.118267 -0.001028 -0.329389  
 3 3 7  -59.472934 11.131131 0.922982 -0.329389 -50.736777 8.509991 0.881544 -0.329389 -39.523010 4.229776 0.741160 -0.329389 -38.952335 -2.259235 0.276429 -0.329389 -42.213979 -5.892449 0.012334 -0.329389  
 4 4 8  -63.930184 11.406262 0.855278 -0.329389 -55.577098 8.787876 0.842009 -0.329389 -46.279537 4.308835 0.765721 -0.329389 -46.134199 -2.236143 0.297229 -0.329389 -47.868613 -6.117395 0.049483 -0.329389  
 5 5 10  -35.216070 8.807231 2.673312 0.150338 -21.044855 5.183579 1.687127 0.150338 -1.620042 -0.270126 0.196547 0.150338 -22.438747 -5.636197 -1.315678 0.150338 -36.523300 -9.242338 -2.289342 0.150338  
 6 6 11  -31.001776 8.457346 2.598473 0.150338 -16.784004 4.828987 1.608509 0.150338 1.205050 -0.088241 0.064245 0.150338 -18.210259 -5.281104 -1.274888 0.150338 -32.315086 -8.894656 -2.248838 0.150338  
 7 7 12  -41.183992 8.672299 2.831704 0.150338 -28.434455 5.353498 1.867740 0.150338 -15.820145 -0.513933 0.278461 0.150338 -30.332706 -5.988705 -1.454583 0.150338 -43.021662 -9.280542 -2.429539 0.150338  
 8 8 118  -36.044426 9.385333 3.155184 0.150338 -34.634483 9.026133 3.047787 0.150338 -32.565652 8.499521 2.890001 0.150338 -30.491840 7.972179 2.731595 0.150338 -29.072741 7.611634 2.623053 0.150338  
 9 10 15  -13.326663 3.349288 1.156761 0.000950 -6.021426 1.513921 0.565864 0.000950 -4.520931 -1.168473 -0.309372 0.000950 -15.237593 -3.861926 -1.176380 0.000950 -22.447096 -5.683458 -1.754723 0.000950  
 10 11 16  -12.054909 3.244166 1.142622 0.000950 -4.756289 1.407909 0.544068 0.000950 -3.269623 -1.059799 -0.294403 0.000950 -13.991753 -3.756163 -1.171125 0.000950 -21.208949 -5.578776 -1.755415 0.000950  
 11 12 17  -14.984950 3.115742 1.249661 0.000950 -8.562304 1.464649 0.663236 0.000950 -8.332819 -1.481509 -0.365332 0.000950 -17.834539 -3.891683 -1.257277 0.000950 -24.291268 -5.518998 -1.845082 0.000950  
 12 13 18  -16.283473 3.210760 1.263049 0.000950 -9.989929 1.552572 0.688675 0.000950 -9.770360 -1.575014 -0.376540 0.000950 -19.090844 -3.988876 -1.260274 0.000950 -25.523432 -5.615631 -1.842097 0.000950  
 13 5 6  0.000000 2.690886 0.000000 -0.433147 0.000000 1.597991 0.000000 -0.433147 0.000000 -0.002427 0.000000 -0.433147 0.000000 -1.602844 -0.000000 -0.433147 0.000000 -2.695740 -0.000000 -0.433147  
 14 6 7  0.000000 -14.157097 -0.000000 0.135110 0.000000 -8.333686 -0.000000 0.135110 0.000000 0.194021 0.000000 0.135110 0.000000 8.721729 0.000000 0.135110 0.000000 14.545139 0.000000 0.135110  
 15 7 8  0.000000 2.716797 -0.000000 0.091292 0.000000 1.615357 -0.000000 0.091292 0.000000 0.002427 0.000000 0.091292 0.000000 -1.610504 0.000000 0.091292 0.000000 -2.711944 0.000000 0.091292  
 16 8 5  0.000000 -14.566197 0.000000 0.062768 0.000000 -8.734242 0.000000 0.062768 0.000000 -0.194021 0.000000 0.062768 0.000000 8.346199 -0.000000 0.062768 0.000000 14.178154 -0.000000 0.062768  
 17 10 11  0.000000 3.594573 -0.000000 -0.298832 0.000000 2.136284 -0.000000 -0.298832 0.000000 0.000788 0.000000 -0.298832 0.000000 -2.134708 0.000000 -0.298832 0.000000 -3.592997 0.000000 -0.298832  
 18 11 12  0.000000 -12.384800 -0.000000 0.138867 0.000000 -7.314917 -0.000000 0.138867 0.000000 0.109337 0.000000 0.138867 0.000000 7.533590 0.000000 0.138867 0.000000 12.603473 0.000000 0.138867  
 19 12 13  0.000000 3.657857 0.000000 0.204245 0.000000 2.173248 0.000000 0.204245 0.000000 -0.000788 0.000000 0.204245 0.000000 -2.174824 -0.000000 0.204245 0.000000 -3.659433 -0.000000 0.204245  
 20 13 10  0.000000 -12.668332 0.000000 0.091641 0.000000 -7.572131 0.000000 0.091641 0.000000 -0.109337 0.000000 0.091641 0.000000 7.353458 -0.000000 0.091641 0.000000 12.449659 -0.000000 0.091641  
 21 15 16  0.000000 1.771352 0.000000 -0.053228 0.000000 1.054960 0.000000 -0.053228 0.000000 0.005888 0.000000 -0.053228 0.000000 -1.043184 -0.000000 -0.053228 0.000000 -1.759575 -0.000000 -0.053228  
 22 16 17  0.000000 -5.458060 -0.000000 0.039579 0.000000 -3.212509 -0.000000 0.039579 0.000000 0.075841 0.000000 0.039579 0.000000 3.364190 0.000000 0.039579 0.000000 5.609742 0.000000 0.039579  
 23 17 18  0.000000 1.826434 -0.000000 -0.044255 0.000000 1.082913 -0.000000 -0.044255 0.000000 -0.005888 0.000000 -0.044255 0.000000 -1.094689 0.000000 -0.044255 0.000000 -1.838211 0.000000 -0.044255  
 24 18 15  0.000000 -5.676601 0.000000 0.038024 0.000000 -3.403919 0.000000 0.038024 0.000000 -0.075841 0.000000 0.038024 0.000000 3.252238 -0.000000 0.038024 0.000000 5.524919 -0.000000 0.038024  
 118 118 128  -35.979286 7.427288 2.569199 0.150338 -34.586863 7.069136 2.459917 0.150338 -32.561536 6.542375 2.302592 0.150338 -30.537177 6.014768 2.144510 0.150338 -29.152376 5.654085 2.036126 0.150338  
 128 128 138  -35.324108 5.458973 1.983949 0.150338 -34.149382 5.111226 1.873344 0.150338 -32.490138 4.594046 1.713288 0.150338 -30.961955 4.060174 1.556087 0.150338 -30.004655 3.681789 1.453097 0.150338  
 138 138 148  -33.146540 3.473810 1.368163 0.150338 -32.770928 3.157005 1.286022 0.150338 -32.412262 2.656981 1.149524 0.150338 -32.344359 2.099204 0.970295 0.150338 -32.361229 1.704728 0.835474 0.150338  
 148 148 158  -32.549939 1.557012 0.807272 0.150338 -32.559441 1.196659 0.698751 0.150338 -32.566191 0.669614 0.540558 0.150338 -32.567213 0.142832 0.382770 0.150338 -32.565266 -0.216841 0.274888 0.150338  
 158 158 168  -32.592007 -0.401030 0.219435 0.150338 -32.584048 -0.760563 0.111603 0.150338 -32.567376 -1.287251 -0.046197 0.150338 -32.542134 -1.814527 -0.204545 0.150338 -32.521307 -2.174718 -0.312749 0.150338  
 168 168 178  -32.158681 -2.298640 -0.340725 0.150338 -32.128832 -2.722431 -0.481758 0.150338 -32.345690 -3.287913 -0.649095 0.150338 -32.970839 -3.772785 -0.787701 0.150338 -33.540483 -4.076662 -0.885159 0.150338  
 178 178 188  -29.595172 -4.309053 -0.955965 0.150338 -30.755897 -4.676753 -1.061550 0.150338 -32.533729 -5.205321 -1.221285 0.150338 -34.353964 -5.729342 -1.379728 0.150338 -35.631903 -6.084391 -1.485711 0.150338  
 188 188 198  -29.097540 -6.272115 -1.541121 0.150338 -30.505599 -6.632606 -1.649967 0.150338 -32.563260 -7.159889 -1.808842 0.150338 -34.620989 -7.686556 -1.966255 0.150338 -36.024837 -8.045820 -2.073136 0.150338  
 198 198 13  -29.083319 -8.229386 -2.128726 0.150338 -30.498034 -8.589925 -2.237250 0.150338 -32.565599 -9.117275 -2.395653 0.150338 -34.628266 -9.643887 -2.553446 0.150338 -36.034021 -10.003076 -2.660852 0.150338  
