 1 1 5  -71.850637 9.296647 14.516798 -0.134401 -53.145020 6.414980 10.187491 -0.134401 -25.655990 2.007028 3.690414 -0.134401 -30.525978 -3.349369 -4.593936 -0.134401 -49.387325 -6.285059 -9.064069 -0.134401  
 2 2 6  -51.706507 8.582208 13.373820 -0.134401 -31.900462 5.655990 8.779081 -0.134401 -2.549534 1.263920 1.894542 -0.134401 -10.000437 -2.481243 -3.649209 -0.134401 -30.188177 -5.470986 -8.345340 -0.134401  
 3 3 7  -61.495900 8.820403 14.092620 -0.134401 -41.865727 5.970681 9.520310 -0.134401 -12.050783 1.668687 2.651602 -0.134401 -19.722775 -2.755862 -4.413974 -0.134401 -39.989168 -5.683716 -9.085639 -0.134401  
 4 4 8  -80.357703 9.501539 15.069515 -0.134401 -62.191383 6.646781 10.768763 -0.134401 -37.107420 2.317993 4.137490 -0.134401 -40.941625 -3.560894 -5.095683 -0.134401 -58.392960 -6.433847 -9.633678 -0.134401  
 5 5 10  -32.473980 3.178154 5.592725 -0.284738 -23.355124 1.685246 3.286385 -0.284738 -19.682255 -1.349640 -1.495754 -0.284738 -31.818163 -3.510220 -5.158055 -0.284738 -41.249167 -4.945865 -7.443020 -0.284738  
 6 6 11  -25.082581 2.854502 5.769378 -0.284738 -14.236883 1.377979 3.199739 -0.284738 -5.975650 -0.970365 -0.860694 -0.284738 -22.028251 -3.125281 -4.733238 -0.284738 -32.829073 -4.578406 -7.290633 -0.284738  
 7 7 12  -27.865596 2.792009 5.985520 -0.284738 -17.187395 1.340524 3.426673 -0.284738 -9.637091 -1.197049 -0.994284 -0.284738 -25.032756 -3.233147 -4.933587 -0.284738 -35.637683 -4.635923 -7.492330 -0.284738  
 8 8 118  -33.571156 3.375092 6.260834 -0.284738 -32.469926 3.213944 5.995895 -0.284738 -30.858027 2.976867 5.607397 -0.284738 -29.245401 2.738659 5.218226 -0.284738 -28.141016 2.575641 4.952007 -0.284738  
 9 10 15  -13.695184 -0.856532 2.386214 0.078628 -10.268047 -0.944464 1.089403 0.078628 -10.585380 -0.821945 -1.317669 0.078628 -16.219195 -0.603742 -3.131709 0.078628 -20.445186 -0.514852 -4.294085 0.078628  
 10 11 16  -11.156597 -0.785336 2.378794 0.078628 -6.738023 -0.788964 1.076019 0.078628 -6.819456 -0.706527 -1.143931 0.078628 -13.518131 -0.569800 -3.041021 0.078628 -18.218805 -0.493838 -4.297839 0.078628  
 11 12 17  -11.424030 -0.753804 2.401229 0.078628 -7.024401 -0.769752 1.097208 0.078628 -7.129585 -0.699055 -1.165601 0.078628 -13.805319 -0.567294 -3.063229 0.078628 -18.502845 -0.498622 -4.319099 0.078628  
 12 13 18  -14.045978 -0.822423 2.412076 0.078628 -10.677845 -0.923714 1.108368 0.078628 -11.011368 -0.812544 -1.338436 0.078628 -16.575122 -0.601682 -3.156828 0.078628 -20.786872 -0.520365 -4.318920 0.078628  
 13 5 6  0.000000 15.352831 0.000000 -0.629558 0.000000 9.217630 0.000000 -0.629558 0.000000 0.233340 0.000000 -0.629558 0.000000 -8.750949 -0.000000 -0.629558 0.000000 -14.886151 -0.000000 -0.629558  
 14 6 7  0.000000 -9.102832 -0.000000 0.533770 0.000000 -5.392293 -0.000000 0.533770 0.000000 0.041359 0.000000 0.533770 0.000000 5.475011 0.000000 0.533770 0.000000 9.185550 0.000000 0.533770  
 15 7 8  0.000000 14.928944 -0.000000 -0.554831 0.000000 8.776377 -0.000000 -0.554831 0.000000 -0.233340 0.000000 -0.554831 0.000000 -9.243058 0.000000 -0.554831 0.000000 -15.395624 0.000000 -0.554831  
 16 8 5  0.000000 -9.228342 0.000000 0.273877 0.000000 -5.500439 0.000000 0.273877 0.000000 -0.041359 0.000000 0.273877 0.000000 5.417721 -0.000000 0.273877 0.000000 9.145624 -0.000000 0.273877  
 17 10 11  0.000000 9.975587 -0.000000 -0.197843 0.000000 5.944007 -0.000000 -0.197843 0.000000 0.040226 0.000000 -0.197843 0.000000 -5.863555 0.000000 -0.197843 0.000000 -9.895135 0.000000 -0.197843  
 18 11 12  0.000000 -3.965344 -0.000000 0.140176 0.000000 -2.361259 -0.000000 0.140176 0.000000 -0.012263 0.000000 0.140176 0.000000 2.336733 0.000000 0.140176 0.000000 3.940818 0.000000 0.140176  
 19 12 13  0.000000 9.962103 0.000000 -0.005582 0.000000 5.903348 0.000000 -0.005582 0.000000 -0.040226 0.000000 -0.005582 0.000000 -5.983800 -0.000000 -0.005582 0.000000 -10.042555 -0.000000 -0.005582  
 20 13 10  0.000000 -4.007785 0.000000 -0.244650 0.000000 -2.376526 0.000000 -0.244650 0.000000 0.012263 0.000000 -0.244650 0.000000 2.401052 -0.000000 -0.244650 0.000000 4.032311 -0.000000 -0.244650  
 21 15 16  0.000000 4.406154 0.000000 0.023473 0.000000 2.640490 0.000000 0.023473 0.000000 0.054882 0.000000 0.023473 0.000000 -2.530727 -0.000000 0.023473 0.000000 -4.296390 -0.000000 0.023473  
 22 16 17  0.000000 -0.430599 0.000000 -0.017883 0.000000 -0.254234 0.000000 -0.017883 0.000000 0.004032 0.000000 -0.017883 0.000000 0.262298 -0.000000 -0.017883 0.000000 0.438663 -0.000000 -0.017883  
 23 17 18  0.000000 4.362434 -0.000000 0.023071 0.000000 2.569971 -0.000000 0.023071 0.000000 -0.054882 0.000000 0.023071 0.000000 -2.679735 0.000000 0.023071 0.000000 -4.472198 0.000000 0.023071  
 24 18 15  0.000000 -0.504708 -0.000000 -0.016127 0.000000 -0.301543 -0.000000 -0.016127 0.000000 -0.004032 0.000000 -0.016127 0.000000 0.293479 0.000000 -0.016127 0.000000 0.496644 0.000000 -0.016127  
 118 118 128  -33.076477 2.492446 4.809911 -0.284738 -32.140715 2.331242 4.551719 -0.284738 -30.815763 2.094690 4.167919 -0.284738 -29.557613 1.857354 3.775601 -0.284738 -28.771518 1.691319 3.499223 -0.284738  
 128 128 138  -31.577482 1.589010 3.340320 -0.284738 -31.169912 1.448963 3.108180 -0.284738 -30.730853 1.227925 2.742075 -0.284738 -30.506049 0.979968 2.336086 -0.284738 -30.519576 0.782008 2.024801 -0.284738  
 138 138 148  -30.793557 0.728862 1.928544 -0.284738 -30.823268 0.566621 1.662985 -0.284738 -30.861287 0.328995 1.274146 -0.284738 -30.892543 0.091433 0.885293 -0.284738 -30.909811 -0.070705 0.619744 -0.284738  
 148 148 158  -30.843955 -0.153291 0.484589 -0.284738 -30.853198 -0.315823 0.218665 -0.284738 -30.861584 -0.553584 -0.170420 -0.284738 -30.862322 -0.790911 -0.558860 -0.284738 -30.859287 -0.952978 -0.824411 -0.284738  
 158 158 168  -30.833369 -1.025590 -0.949162 -0.284738 -30.824968 -1.196007 -1.223344 -0.284738 -30.808048 -1.445678 -1.624717 -0.284738 -30.873686 -1.678303 -2.008491 -0.284738 -31.032492 -1.816625 -2.249011 -0.284738  
 168 168 178  -29.492192 -1.906921 -2.385955 -0.284738 -29.948671 -2.082843 -2.673051 -0.284738 -30.776632 -2.324954 -3.069695 -0.284738 -31.745530 -2.555069 -3.447749 -0.284738 -32.458099 -2.710043 -3.698348 -0.284738  
 178 178 188  -28.367754 -2.801581 -3.845188 -0.284738 -29.366829 -2.963489 -4.113984 -0.284738 -30.842756 -3.199390 -4.505935 -0.284738 -32.346296 -3.437813 -4.892325 -0.284738 -33.385538 -3.602185 -5.153208 -0.284738  
 188 188 198  -28.076132 -3.682646 -5.292239 -0.284738 -29.206775 -3.845495 -5.558483 -0.284738 -30.859995 -4.083326 -5.947758 -0.284738 -32.507934 -4.320554 -6.336255 -0.284738 -33.632565 -4.482369 -6.600943 -0.284738  
 198 198 13  -28.062510 -4.564922 -6.736643 -0.284738 -29.198630 -4.727841 -7.002806 -0.284738 -30.859098 -4.965883 -7.391928 -0.284738 -32.516763 -5.203048 -7.780467 -0.284738 -33.646958 -5.364466 -8.045478 -0.284738  
