 1 1 5  -55.260285 -9.724144 -3.923118 -0.218294 -47.022096 -7.440808 -2.975606 -0.218294 -36.702859 -3.744494 -1.483467 -0.218294 -35.801664 1.779814 0.900409 -0.218294 -38.952698 4.922577 2.105708 -0.218294  
 2 2 6  -64.283876 -10.277651 -3.997681 -0.218294 -56.742896 -7.963626 -3.090350 -0.218294 -49.338079 -3.880716 -1.633140 -0.218294 -49.225869 1.756624 0.717975 -0.218294 -50.042091 5.286835 2.087628 -0.218294  
 3 3 7  -47.155135 -9.459231 -3.634601 -0.218294 -37.660264 -6.962375 -2.722163 -0.218294 -24.113689 -3.104368 -1.353874 -0.218294 -22.287321 2.557000 0.644195 -0.218294 -30.643215 5.239611 1.655172 -0.218294  
 4 4 8  -37.335388 -8.725276 -3.526143 -0.218294 -27.401864 -6.215637 -2.556201 -0.218294 -12.242779 -2.427619 -1.067517 -0.218294 -9.899230 1.909798 0.606918 -0.218294 -20.154710 4.484864 1.631845 -0.218294  
 5 5 10  -38.577816 -7.570904 -3.886249 -0.462172 -27.315832 -4.763520 -2.525204 -0.462172 -16.038064 0.153000 -0.264515 -0.462172 -27.442457 4.969097 2.133088 -0.462172 -38.679397 7.748235 3.519462 -0.462172  
 6 6 11  -44.743623 -8.015783 -3.838546 -0.462172 -34.005111 -5.190384 -2.555088 -0.462172 -25.910619 0.152811 -0.266897 -0.462172 -34.129596 5.405719 2.130335 -0.462172 -44.817417 8.205695 3.437165 -0.462172  
 7 7 12  -35.856742 -8.208653 -3.489007 -0.462172 -22.901470 -4.994286 -2.190405 -0.462172 -5.742052 0.076848 -0.267061 -0.462172 -22.808654 5.080623 1.843772 -0.462172 -35.719757 8.284100 3.138008 -0.462172  
 8 8 118  -16.499893 -7.375803 -3.555040 -0.462172 -15.420898 -7.100353 -3.429639 -0.462172 -13.840829 -6.696629 -3.245907 -0.462172 -12.268491 -6.293180 -3.061572 -0.462172 -11.196533 -6.017746 -2.935209 -0.462172  
 9 10 15  -17.869515 -3.803100 -3.120593 -0.006529 -8.906268 -1.816053 -1.683549 -0.006529 -4.329991 1.090533 0.421050 -0.006529 -17.418565 4.007156 2.526357 -0.006529 -26.301089 5.982057 3.953269 -0.006529  
 10 11 16  -20.408129 -3.995877 -3.081427 -0.006529 -11.641819 -1.995846 -1.718314 -0.006529 -7.405765 1.318646 0.506600 -0.006529 -20.198531 4.220934 2.554946 -0.006529 -28.964584 6.194430 3.923632 -0.006529  
 11 12 17  -17.428481 -4.350362 -2.865688 -0.006529 -7.773869 -2.118241 -1.479867 -0.006529 -1.658792 0.783168 0.377615 -0.006529 -15.738842 4.075795 2.376298 -0.006529 -25.366015 6.301498 3.743787 -0.006529  
 12 13 18  -14.715497 -4.129233 -2.899188 -0.006529 -5.121154 -1.906896 -1.447425 -0.006529 0.747586 0.565354 0.281715 -0.006529 -12.846807 3.838654 2.336788 -0.006529 -22.468240 6.066573 3.758622 -0.006529  
 13 5 6  0.000000 -5.534222 -0.000000 -0.438259 0.000000 -3.272913 -0.000000 -0.438259 0.000000 0.038511 0.000000 -0.438259 0.000000 3.349934 0.000000 -0.438259 0.000000 5.611243 0.000000 -0.438259  
 14 6 7  0.000000 13.029236 -0.000000 0.364839 0.000000 7.835349 -0.000000 0.364839 0.000000 0.229506 0.000000 0.364839 0.000000 -7.376338 0.000000 0.364839 0.000000 -12.570224 0.000000 0.364839  
 15 7 8  0.000000 -5.574087 0.000000 -1.236090 0.000000 -3.327855 0.000000 -1.236090 0.000000 -0.038511 0.000000 -1.236090 0.000000 3.250834 -0.000000 -1.236090 0.000000 5.497065 -0.000000 -1.236090  
 16 8 5  0.000000 12.533068 0.000000 0.593298 0.000000 7.354259 0.000000 0.593298 0.000000 -0.229506 0.000000 0.593298 0.000000 -7.813270 -0.000000 0.593298 0.000000 -12.992080 -0.000000 0.593298  
 17 10 11  0.000000 -6.347180 -0.000000 -0.370201 0.000000 -3.755577 -0.000000 -0.370201 0.000000 0.039525 0.000000 -0.370201 0.000000 3.834628 0.000000 -0.370201 0.000000 6.426231 0.000000 -0.370201  
 18 11 12  0.000000 12.327180 0.000000 0.305752 0.000000 7.398103 0.000000 0.305752 0.000000 0.180043 0.000000 0.305752 0.000000 -7.038018 -0.000000 0.305752 0.000000 -11.967095 -0.000000 0.305752  
 19 12 13  0.000000 -6.340081 0.000000 -0.935621 0.000000 -3.783435 0.000000 -0.935621 0.000000 -0.039525 0.000000 -0.935621 0.000000 3.704384 -0.000000 -0.935621 0.000000 6.261030 -0.000000 -0.935621  
 20 13 10  0.000000 11.880944 -0.000000 0.450418 0.000000 6.986825 -0.000000 0.450418 0.000000 -0.180043 0.000000 0.450418 0.000000 -7.346911 0.000000 0.450418 0.000000 -12.241030 0.000000 0.450418  
 21 15 16  0.000000 -3.818118 -0.000000 -0.127549 0.000000 -2.261723 -0.000000 -0.127549 0.000000 0.017437 0.000000 -0.127549 0.000000 2.296597 0.000000 -0.127549 0.000000 3.852993 0.000000 -0.127549  
 22 16 17  0.000000 6.100305 -0.000000 0.101949 0.000000 3.649634 -0.000000 0.101949 0.000000 0.060911 0.000000 0.101949 0.000000 -3.527812 0.000000 0.101949 0.000000 -5.978483 0.000000 0.101949  
 23 17 18  0.000000 -3.759774 0.000000 -0.143573 0.000000 -2.241205 0.000000 -0.143573 0.000000 -0.017437 0.000000 -0.143573 0.000000 2.206330 -0.000000 -0.143573 0.000000 3.724900 -0.000000 -0.143573  
 24 18 15  0.000000 5.885264 0.000000 0.110505 0.000000 3.472420 0.000000 0.110505 0.000000 -0.060911 0.000000 0.110505 0.000000 -3.594242 -0.000000 0.110505 0.000000 -6.007087 -0.000000 0.110505  
 118 118 128  -16.556692 -5.877063 -2.870699 -0.462172 -15.456134 -5.601533 -2.745825 -0.462172 -13.843935 -5.197877 -2.562398 -0.462172 -12.231091 -4.794086 -2.378167 -0.462172 -11.136651 -4.519335 -2.250378 -0.462172  
 128 128 138  -16.620217 -4.377834 -2.187490 -0.462172 -15.495208 -4.102666 -2.062102 -0.462172 -13.846090 -3.699382 -1.878129 -0.462172 -12.193985 -3.295620 -1.693869 -0.462172 -11.063973 -3.019626 -1.567858 -0.462172  
 138 138 148  -16.412073 -2.873847 -1.506493 -0.462172 -15.344979 -2.603198 -1.378924 -0.462172 -13.806533 -2.205277 -1.191300 -0.462172 -12.335777 -1.798266 -1.009531 -0.462172 -11.384146 -1.513100 -0.888254 -0.462172  
 148 148 158  -14.162125 -1.349239 -0.794010 -0.462172 -13.888277 -1.114049 -0.701387 -0.462172 -13.769562 -0.716715 -0.523835 -0.462172 -13.770443 -0.294442 -0.323131 -0.462172 -13.767380 -0.006107 -0.186410 -0.462172  
 158 158 168  -13.831658 0.107681 -0.144228 -0.462172 -13.823522 0.391054 -0.012663 -0.462172 -13.807166 0.805907 0.180169 -0.462172 -13.822496 1.212081 0.365272 -0.462172 -14.033213 1.449107 0.463758 -0.462172  
 168 168 178  -11.364670 1.613060 0.544385 -0.462172 -12.328718 1.893325 0.674016 -0.462172 -13.809928 2.298459 0.858869 -0.462172 -15.353076 2.699580 1.041083 -0.462172 -16.421299 2.972218 1.165417 -0.462172  
 178 178 188  -11.056860 3.115437 1.231029 -0.462172 -12.188919 3.391427 1.357034 -0.462172 -13.845689 3.795203 1.541276 -0.462172 -15.500282 4.198504 1.725227 -0.462172 -16.628278 4.473608 1.850709 -0.462172  
 188 188 198  -11.131492 4.614290 1.915200 -0.462172 -12.232045 4.890257 2.040907 -0.462172 -13.841023 5.293954 2.224721 -0.462172 -15.457196 5.697279 2.409000 -0.462172 -16.564770 5.972528 2.535001 -0.462172  
 198 198 13  -11.193418 6.113599 2.599866 -0.462172 -12.253360 6.388749 2.724251 -0.462172 -13.841365 6.792743 2.908391 -0.462172 -15.430212 7.196164 3.092993 -0.462172 -16.513473 7.471366 3.218887 -0.462172  
