 1 1 5  -41.173589 4.161348 -8.784830 0.149984 -31.086516 2.854043 -6.233309 0.149984 -16.131508 0.923132 -2.366367 0.149984 -17.844519 -1.398976 2.756902 0.149984 -28.025924 -2.683476 5.401843 0.149984  
 2 2 6  -55.355046 4.589064 -9.569920 0.149984 -46.646840 3.259344 -7.150197 0.149984 -36.921158 1.192147 -3.065129 0.149984 -36.994852 -1.857349 2.883368 0.149984 -42.837055 -3.171301 5.818779 0.149984  
 3 3 7  -59.716063 4.593343 -9.895014 0.149984 -51.280065 3.283768 -7.444752 0.149984 -43.082198 1.193923 -3.090061 0.149984 -43.011216 -1.849648 2.942516 0.149984 -47.601466 -3.207076 6.076409 0.149984  
 4 4 8  -45.929472 4.192496 -9.182716 0.149984 -35.992044 2.907562 -6.612104 0.149984 -22.007905 1.015981 -2.634276 0.149984 -23.409908 -1.492345 3.052348 0.149984 -32.950618 -2.747119 5.763243 0.149984  
 5 5 10  -22.148840 0.975558 -4.198198 0.224025 -16.845618 0.469135 -2.706787 0.224025 -13.478216 -0.499124 0.287262 0.224025 -18.370529 -1.183121 3.024670 0.224025 -23.685085 -1.644218 4.510396 0.224025  
 6 6 11  -29.523824 1.128454 -4.113669 0.224025 -26.795061 0.598695 -2.662152 0.224025 -26.934288 -0.500115 0.375773 0.224025 -27.904312 -1.424566 3.167877 0.224025 -31.220529 -1.865845 4.531208 0.224025  
 7 7 12  -31.564241 1.117099 -4.220927 0.224025 -29.291214 0.578203 -2.700872 0.224025 -29.597827 -0.513871 0.376372 0.224025 -30.191738 -1.445809 3.246566 0.224025 -33.203347 -1.884214 4.645925 0.224025  
 8 8 118  -21.749745 1.027166 -4.739131 0.224025 -21.052807 0.974555 -4.558024 0.224025 -20.031156 0.897442 -4.292327 0.224025 -19.017391 0.819634 -4.025982 0.224025 -18.325143 0.766502 -3.843718 0.224025  
 9 10 15  -15.358819 0.448144 -4.056939 -0.019180 -8.052932 0.172279 -2.161769 -0.019180 -1.997912 -0.228310 0.567221 -0.019180 -12.790049 -0.648401 3.361122 -0.019180 -20.006294 -0.929934 5.240855 -0.019180  
 10 11 16  -18.165034 0.477771 -3.994734 -0.019180 -11.606827 0.192115 -2.267567 -0.019180 -7.101790 -0.324587 0.900358 -0.019180 -16.342681 -0.699434 3.487232 -0.019180 -22.863005 -0.979038 5.198957 -0.019180  
 11 12 17  -18.787710 0.486283 -4.043781 -0.019180 -12.275803 0.197988 -2.315926 -0.019180 -7.928828 -0.330625 0.930934 -0.019180 -16.984765 -0.697833 3.537383 -0.019180 -23.470303 -0.978977 5.248404 -0.019180  
 12 13 18  -16.029621 0.454785 -4.114331 -0.019180 -8.732784 0.176239 -2.220264 -0.019180 -2.666646 -0.238581 0.622625 -0.019180 -13.470239 -0.648573 3.419678 -0.019180 -20.684441 -0.930349 5.298312 -0.019180  
 13 5 6  0.000000 -10.079498 -0.000000 0.391943 0.000000 -5.930400 -0.000000 0.391943 0.000000 0.145470 0.000000 0.391943 0.000000 6.221340 0.000000 0.391943 0.000000 10.370438 0.000000 0.391943  
 14 6 7  0.000000 -4.133395 0.000000 -0.171123 0.000000 -2.453616 0.000000 -0.171123 0.000000 0.006225 0.000000 -0.171123 0.000000 2.466066 -0.000000 -0.171123 0.000000 4.145845 -0.000000 -0.171123  
 15 7 8  0.000000 -10.385837 0.000000 0.379522 0.000000 -6.230491 0.000000 0.379522 0.000000 -0.145470 0.000000 0.379522 0.000000 5.939551 -0.000000 0.379522 0.000000 10.094896 -0.000000 0.379522  
 16 8 5  0.000000 -4.130446 -0.000000 -0.174090 0.000000 -2.456916 -0.000000 -0.174090 0.000000 -0.006225 0.000000 -0.174090 0.000000 2.444466 0.000000 -0.174090 0.000000 4.117996 0.000000 -0.174090  
 17 10 11  0.000000 -8.802373 -0.000000 0.151152 0.000000 -5.194992 -0.000000 0.151152 0.000000 0.087598 0.000000 0.151152 0.000000 5.370187 0.000000 0.151152 0.000000 8.977568 0.000000 0.151152  
 18 11 12  0.000000 -2.323051 0.000000 -0.087796 0.000000 -1.381486 0.000000 -0.087796 0.000000 -0.002673 0.000000 -0.087796 0.000000 1.376140 -0.000000 -0.087796 0.000000 2.317705 -0.000000 -0.087796  
 19 12 13  0.000000 -8.988925 0.000000 0.181928 0.000000 -5.376935 0.000000 0.181928 0.000000 -0.087598 0.000000 0.181928 0.000000 5.201740 -0.000000 0.181928 0.000000 8.813729 -0.000000 0.181928  
 20 13 10  0.000000 -2.306349 -0.000000 0.033102 0.000000 -1.369392 -0.000000 0.033102 0.000000 0.002673 0.000000 0.033102 0.000000 1.374738 0.000000 0.033102 0.000000 2.311695 0.000000 0.033102  
 21 15 16  0.000000 -5.212382 -0.000000 0.037636 0.000000 -3.067141 -0.000000 0.037636 0.000000 0.074316 0.000000 0.037636 0.000000 3.215772 0.000000 0.037636 0.000000 5.361014 0.000000 0.037636  
 22 16 17  0.000000 -0.950664 -0.000000 -0.032168 0.000000 -0.564047 -0.000000 -0.032168 0.000000 0.002108 0.000000 -0.032168 0.000000 0.568264 0.000000 -0.032168 0.000000 0.954880 0.000000 -0.032168  
 23 17 18  0.000000 -5.374280 0.000000 0.036705 0.000000 -3.223655 0.000000 0.036705 0.000000 -0.074316 0.000000 0.036705 0.000000 3.075024 -0.000000 0.036705 0.000000 5.225648 -0.000000 0.036705  
 24 18 15  0.000000 -0.941614 0.000000 -0.041690 0.000000 -0.560381 0.000000 -0.041690 0.000000 -0.002108 0.000000 -0.041690 0.000000 0.556164 -0.000000 -0.041690 0.000000 0.937398 -0.000000 -0.041690  
 118 118 128  -21.576021 0.740523 -3.749927 0.224025 -20.942613 0.686671 -3.570065 0.224025 -20.027897 0.609156 -3.304903 0.224025 -19.123066 0.532061 -3.038092 0.224025 -18.515823 0.479485 -2.854431 0.224025  
 128 128 138  -20.851860 0.449592 -2.745506 0.224025 -20.459099 0.400142 -2.581192 0.224025 -19.960725 0.322986 -2.329205 0.224025 -19.577694 0.243422 -2.056567 0.224025 -19.459623 0.191086 -1.841191 0.224025  
 138 138 148  -19.953378 0.164580 -1.775405 0.224025 -19.991229 0.111548 -1.593661 0.224025 -20.039788 0.034016 -1.327676 0.224025 -20.079492 -0.043341 -1.061705 0.224025 -20.099727 -0.096122 -0.879889 0.224025  
 148 148 158  -20.019399 -0.122994 -0.787113 0.224025 -20.029040 -0.176111 -0.605560 0.224025 -20.039363 -0.253777 -0.339763 0.224025 -20.040252 -0.330972 -0.073576 0.224025 -20.037615 -0.383731 0.108370 0.224025  
 158 158 168  -20.064684 -0.411139 0.200446 0.224025 -20.057257 -0.463851 0.382534 0.224025 -20.040007 -0.540968 0.648782 0.224025 -20.012695 -0.618657 0.914517 0.224025 -19.989451 -0.671942 1.095929 0.224025  
 168 168 178  -19.953046 -0.683420 1.169543 0.224025 -19.920419 -0.753932 1.372743 0.224025 -19.969502 -0.838299 1.649564 0.224025 -20.134022 -0.906152 1.903500 0.224025 -20.301713 -0.947326 2.066497 0.224025  
 178 178 188  -18.919228 -0.988604 2.167237 0.224025 -19.325868 -1.038424 2.360625 0.224025 -19.998798 -1.115744 2.630094 0.224025 -20.730204 -1.193569 2.891173 0.224025 -21.261891 -1.249000 3.064444 0.224025  
 188 188 198  -18.396000 -1.274466 3.164069 0.224025 -19.058808 -1.326762 3.346857 0.224025 -20.031177 -1.403844 3.613572 0.224025 -21.011277 -1.481809 3.878798 0.224025 -21.679067 -1.534979 4.059602 0.224025  
 198 198 13  -18.307825 -1.561886 4.152638 0.224025 -19.009627 -1.614470 4.334916 0.224025 -20.035418 -1.691707 4.601299 0.224025 -21.060136 -1.769424 4.866956 0.224025 -21.757708 -1.822511 5.048054 0.224025  
