 1 1 5  -34.803664 0.298045 -1.673097 0.000081 -34.830089 0.231608 -1.150111 0.000081 -34.861124 0.134469 -0.384319 0.000081 -34.863487 0.036427 0.382382 0.000081 -34.845126 -0.029964 0.905379 0.000081  
 2 2 6  -36.105888 0.297060 -1.672117 0.000081 -36.132344 0.230763 -1.149111 0.000081 -36.163724 0.133841 -0.383299 0.000081 -36.167103 0.036972 0.382215 0.000081 -36.147354 -0.029236 0.905095 0.000081  
 3 3 7  -37.112904 0.296263 -1.671046 0.000081 -37.139154 0.229971 -1.148195 0.000081 -37.169757 0.133060 -0.382635 0.000081 -37.172060 0.037211 0.381659 0.000081 -37.153837 -0.028977 0.904254 0.000081  
 4 4 8  -35.809551 0.297222 -1.672045 0.000081 -35.835912 0.230777 -1.149226 0.000081 -35.867338 0.133604 -0.383730 0.000081 -35.870719 0.036639 0.381819 0.000081 -35.850989 -0.029673 0.904556 0.000081  
 5 5 10  -23.486386 0.419720 -0.371339 0.000021 -23.495630 0.264611 -0.125450 0.000021 -23.502821 0.037158 0.235057 0.000021 -23.492947 -0.190108 0.595361 0.000021 -23.483385 -0.345253 0.841345 0.000021  
 6 6 11  -23.822539 0.419346 -0.371427 0.000021 -23.831901 0.264308 -0.125377 0.000021 -23.840338 0.037231 0.234875 0.000021 -23.829204 -0.189880 0.595290 0.000021 -23.819455 -0.344993 0.841437 0.000021  
 7 7 12  -24.497289 0.419526 -0.371082 0.000021 -24.506528 0.264379 -0.125071 0.000021 -24.513810 0.037453 0.234787 0.000021 -24.504006 -0.189761 0.595016 0.000021 -24.494328 -0.344988 0.841130 0.000021  
 8 8 118  -24.166460 0.455546 -0.427534 0.000021 -24.167503 0.440023 -0.402943 0.000021 -24.169004 0.417290 -0.366931 0.000021 -24.170471 0.394558 -0.330918 0.000021 -24.171453 0.379035 -0.306326 0.000021  
 9 10 15  -11.884538 0.226637 0.330813 0.000015 -11.889105 0.108394 0.258893 0.000015 -11.890832 -0.064823 0.153682 0.000015 -11.885175 -0.237982 0.048407 0.000015 -11.879474 -0.356234 -0.023503 0.000015  
 10 11 16  -11.857059 0.226576 0.330787 0.000015 -11.861643 0.108351 0.258904 0.000015 -11.863376 -0.064794 0.153644 0.000015 -11.857711 -0.237908 0.048360 0.000015 -11.851999 -0.356147 -0.023507 0.000015  
 11 12 17  -12.110568 0.226639 0.330872 0.000015 -12.115104 0.108383 0.258966 0.000015 -12.116856 -0.064739 0.153607 0.000015 -12.111211 -0.237885 0.048286 0.000015 -12.105519 -0.356154 -0.023600 0.000015  
 12 13 18  -12.138086 0.226699 0.330899 0.000015 -12.142660 0.108427 0.258959 0.000015 -12.144381 -0.064762 0.153650 0.000015 -12.138712 -0.237958 0.048333 0.000015 -12.133007 -0.356242 -0.023597 0.000015  
 13 5 6  0.000000 -1.334291 0.000000 -0.000599 0.000000 -0.792910 0.000000 -0.000599 0.000000 -0.000121 0.000000 -0.000599 0.000000 0.792669 -0.000000 -0.000599 0.000000 1.334050 -0.000000 -0.000599  
 14 6 7  0.000000 -0.458242 -0.000000 0.000637 0.000000 -0.272328 -0.000000 0.000637 0.000000 -0.000080 0.000000 0.000637 0.000000 0.272169 0.000000 0.000637 0.000000 0.458083 0.000000 0.000637  
 15 7 8  0.000000 -1.334022 -0.000000 -0.000592 0.000000 -0.792653 -0.000000 -0.000592 0.000000 0.000121 0.000000 -0.000592 0.000000 0.792894 0.000000 -0.000592 0.000000 1.334264 0.000000 -0.000592  
 16 8 5  0.000000 -0.458110 0.000000 0.000629 0.000000 -0.272186 0.000000 0.000629 0.000000 0.000080 0.000000 0.000629 0.000000 0.272345 -0.000000 0.000629 0.000000 0.458270 -0.000000 0.000629  
 17 10 11  0.000000 -0.502762 0.000000 -0.000215 0.000000 -0.298760 0.000000 -0.000215 0.000000 -0.000023 0.000000 -0.000215 0.000000 0.298714 -0.000000 -0.000215 0.000000 0.502716 -0.000000 -0.000215  
 18 11 12  0.000000 -0.581301 0.000000 0.000250 0.000000 -0.345427 0.000000 0.000250 0.000000 -0.000018 0.000000 0.000250 0.000000 0.345392 -0.000000 0.000250 0.000000 0.581265 -0.000000 0.000250  
 19 12 13  0.000000 -0.502677 -0.000000 -0.000211 0.000000 -0.298691 -0.000000 -0.000211 0.000000 0.000023 0.000000 -0.000211 0.000000 0.298737 0.000000 -0.000211 0.000000 0.502723 0.000000 -0.000211  
 20 13 10  0.000000 -0.581304 -0.000000 0.000246 0.000000 -0.345415 -0.000000 0.000246 0.000000 0.000018 0.000000 0.000246 0.000000 0.345451 0.000000 0.000246 0.000000 0.581340 0.000000 0.000246  
 21 15 16  0.000000 0.037930 0.000000 -0.000034 0.000000 0.022531 0.000000 -0.000034 0.000000 -0.000019 0.000000 -0.000034 0.000000 -0.022569 -0.000000 -0.000034 0.000000 -0.037968 -0.000000 -0.000034  
 22 16 17  0.000000 -0.350098 0.000000 0.000041 0.000000 -0.208037 0.000000 0.000041 0.000000 -0.000005 0.000000 0.000041 0.000000 0.208026 -0.000000 0.000041 0.000000 0.350087 -0.000000 0.000041  
 23 17 18  0.000000 0.038007 -0.000000 -0.000033 0.000000 0.022592 -0.000000 -0.000033 0.000000 0.000019 0.000000 -0.000033 0.000000 -0.022554 0.000000 -0.000033 0.000000 -0.037969 0.000000 -0.000033  
 24 18 15  0.000000 -0.350126 -0.000000 0.000041 0.000000 -0.208049 -0.000000 0.000041 0.000000 0.000005 0.000000 0.000041 0.000000 0.208060 0.000000 0.000041 0.000000 0.350137 0.000000 0.000041  
 118 118 128  -24.166682 0.371112 -0.293776 0.000021 -24.167639 0.355590 -0.269186 0.000021 -24.169008 0.332858 -0.233174 0.000021 -24.170335 0.310125 -0.197161 0.000021 -24.171220 0.294600 -0.172568 0.000021  
 128 128 138  -24.166911 0.286680 -0.160020 0.000021 -24.167771 0.271156 -0.135428 0.000021 -24.169004 0.248424 -0.099416 0.000021 -24.170202 0.225692 -0.063404 0.000021 -24.171003 0.210169 -0.038812 0.000021  
 138 138 148  -24.167150 0.202247 -0.026262 0.000021 -24.167920 0.186723 -0.001671 0.000021 -24.169010 0.163991 0.034340 0.000021 -24.170057 0.141259 0.070353 0.000021 -24.170739 0.125735 0.094945 0.000021  
 148 148 158  -24.167827 0.117808 0.107507 0.000021 -24.168460 0.102290 0.132084 0.000021 -24.169266 0.079565 0.168085 0.000021 -24.169670 0.056822 0.204120 0.000021 -24.169141 0.041300 0.228701 0.000021  
 158 158 168  -24.170610 0.033382 0.241253 0.000021 -24.169977 0.017857 0.265843 0.000021 -24.169008 -0.004875 0.301854 0.000021 -24.167999 -0.027607 0.337867 0.000021 -24.167289 -0.043130 0.362460 0.000021  
 168 168 178  -24.170876 -0.051054 0.375008 0.000021 -24.170134 -0.066575 0.399600 0.000021 -24.169004 -0.089307 0.435612 0.000021 -24.167842 -0.112040 0.471624 0.000021 -24.167031 -0.127565 0.496216 0.000021  
 178 178 188  -24.171076 -0.135486 0.508765 0.000021 -24.170245 -0.151009 0.533357 0.000021 -24.169002 -0.173741 0.569369 0.000021 -24.167729 -0.196473 0.605381 0.000021 -24.166840 -0.211998 0.629973 0.000021  
 188 188 198  -24.171285 -0.219919 0.642522 0.000021 -24.170372 -0.235442 0.667114 0.000021 -24.169005 -0.258174 0.703126 0.000021 -24.167602 -0.280906 0.739138 0.000021 -24.166625 -0.296430 0.763730 0.000021  
 198 198 13  -24.171651 -0.304352 0.776279 0.000021 -24.170593 -0.319875 0.800871 0.000021 -24.169007 -0.342607 0.836883 0.000021 -24.167383 -0.365339 0.872895 0.000021 -24.166249 -0.380864 0.897487 0.000021  
