 1 1 5  -42.681573 -5.447736 -0.190218 0.015049 -41.661109 -4.327314 -0.199902 0.015049 -42.697131 -1.922869 -0.088858 0.015049 -42.607193 0.552585 0.047223 0.015049 -41.513304 2.272895 0.167900 0.015049  
 2 2 6  -43.030027 -5.420359 -0.115176 0.015049 -42.145006 -4.292294 -0.125147 0.015049 -43.194721 -1.911121 -0.057905 0.015049 -43.138567 0.529395 0.043753 0.015049 -42.174058 2.210582 0.135821 0.015049  
 3 3 7  -32.584303 -4.999852 -0.131949 0.015049 -30.311540 -3.981712 -0.138021 0.015049 -29.173223 -1.863012 -0.069014 0.015049 -29.097185 0.741942 0.061769 0.015049 -28.116051 2.512111 0.173907 0.015049  
 4 4 8  -32.377580 -5.023810 -0.204066 0.015049 -29.940776 -3.993509 -0.202092 0.015049 -28.589388 -1.874553 -0.101645 0.015049 -28.486833 0.764819 0.067288 0.015049 -27.588687 2.552928 0.189163 0.015049  
 5 5 10  -29.628732 -4.028080 -0.117622 -0.056483 -27.694476 -2.800076 -0.096449 -0.056483 -27.956889 -0.242810 0.003271 -0.056483 -27.405014 2.335370 0.122536 -0.056483 -28.568218 3.680521 0.124661 -0.056483  
 6 6 11  -29.872409 -4.031871 -0.138714 -0.056483 -28.003417 -2.793322 -0.109326 -0.056483 -28.261637 -0.242999 -0.004888 -0.056483 -27.779874 2.313935 0.104407 -0.056483 -28.834629 3.680308 0.123932 -0.056483  
 7 7 12  -23.329715 -3.891740 -0.125092 -0.056483 -19.891747 -2.712459 -0.095141 -0.056483 -18.447109 -0.222076 -0.005050 -0.056483 -19.038851 2.399704 0.085959 -0.056483 -22.214730 3.590465 0.110490 -0.056483  
 8 8 118  -21.044617 -4.305693 -0.130565 -0.056483 -20.484303 -4.152017 -0.126448 -0.056483 -19.666847 -3.926398 -0.118953 -0.056483 -18.845410 -3.700257 -0.111278 -0.056483 -18.282248 -3.545531 -0.105952 -0.056483  
 9 10 15  -16.755957 -3.301398 -0.124980 0.003809 -11.880682 -1.950591 -0.076284 0.003809 -9.286375 0.787713 0.031402 0.003809 -15.314307 2.915105 0.104808 0.003809 -20.207214 4.245576 0.152403 0.003809  
 10 11 16  -16.855533 -3.308175 -0.128476 0.003809 -11.994175 -1.957088 -0.078394 0.003809 -9.442554 0.787055 0.028798 0.003809 -15.407772 2.920655 0.102949 0.003809 -20.294012 4.250294 0.152856 0.003809  
 11 12 17  -14.641936 -3.342011 -0.116655 0.003809 -9.150251 -1.890203 -0.071455 0.003809 -4.812553 0.675758 0.023618 0.003809 -12.650894 2.822734 0.098174 0.003809 -18.120577 4.259335 0.136835 0.003809  
 12 13 18  -14.545886 -3.334872 -0.113109 0.003809 -9.040438 -1.882394 -0.069614 0.003809 -4.679898 0.669342 0.025102 0.003809 -12.556846 2.816320 0.099196 0.003809 -18.038698 4.254086 0.137086 0.003809  
 13 5 6  0.000000 -0.272915 0.000000 0.027366 0.000000 -0.164528 0.000000 0.027366 0.000000 -0.005809 0.000000 0.027366 0.000000 0.152910 -0.000000 0.027366 0.000000 0.261296 -0.000000 0.027366  
 14 6 7  0.000000 6.536213 -0.000000 -0.004796 0.000000 3.902713 -0.000000 -0.004796 0.000000 0.046260 0.000000 -0.004796 0.000000 -3.810193 0.000000 -0.004796 0.000000 -6.443692 0.000000 -0.004796  
 15 7 8  0.000000 -0.261591 -0.000000 -0.089398 0.000000 -0.153085 -0.000000 -0.089398 0.000000 0.005809 0.000000 -0.089398 0.000000 0.164703 0.000000 -0.089398 0.000000 0.273209 0.000000 -0.089398  
 16 8 5  0.000000 6.443986 0.000000 0.000517 0.000000 3.810367 0.000000 0.000517 0.000000 -0.046260 0.000000 0.000517 0.000000 -3.902888 -0.000000 0.000517 0.000000 -6.536507 -0.000000 0.000517  
 17 10 11  0.000000 -0.267130 0.000000 0.005520 0.000000 -0.159161 0.000000 0.005520 0.000000 -0.001054 0.000000 0.005520 0.000000 0.157054 -0.000000 0.005520 0.000000 0.265023 -0.000000 0.005520  
 18 11 12  0.000000 7.247714 0.000000 0.014075 0.000000 4.330894 0.000000 0.014075 0.000000 0.059549 0.000000 0.014075 0.000000 -4.211795 -0.000000 0.014075 0.000000 -7.128616 -0.000000 0.014075  
 19 12 13  0.000000 -0.259342 -0.000000 -0.085317 0.000000 -0.153678 -0.000000 -0.085317 0.000000 0.001054 0.000000 -0.085317 0.000000 0.155785 0.000000 -0.085317 0.000000 0.261449 0.000000 -0.085317  
 20 13 10  0.000000 7.122935 -0.000000 0.016346 0.000000 4.208420 -0.000000 0.016346 0.000000 -0.059549 0.000000 0.016346 0.000000 -4.327518 0.000000 0.016346 0.000000 -7.242033 0.000000 0.016346  
 21 15 16  0.000000 -0.157544 0.000000 -0.000638 0.000000 -0.093703 0.000000 -0.000638 0.000000 -0.000215 0.000000 -0.000638 0.000000 0.093273 -0.000000 -0.000638 0.000000 0.157114 -0.000000 -0.000638  
 22 16 17  0.000000 4.431355 -0.000000 0.004261 0.000000 2.652156 -0.000000 0.004261 0.000000 0.046727 0.000000 0.004261 0.000000 -2.558703 0.000000 0.004261 0.000000 -4.337902 0.000000 0.004261  
 23 17 18  0.000000 -0.151291 -0.000000 -0.002165 0.000000 -0.089813 -0.000000 -0.002165 0.000000 0.000215 0.000000 -0.002165 0.000000 0.090243 0.000000 -0.002165 0.000000 0.151722 0.000000 -0.002165  
 24 18 15  0.000000 4.332079 0.000000 0.004513 0.000000 2.555243 0.000000 0.004513 0.000000 -0.046727 0.000000 0.004513 0.000000 -2.648696 -0.000000 0.004513 0.000000 -4.425533 -0.000000 0.004513  
 118 118 128  -20.857507 -3.466399 -0.103737 -0.056483 -20.372288 -3.313074 -0.098999 -0.056483 -19.664242 -3.087774 -0.090732 -0.056483 -18.955893 -2.861583 -0.083200 -0.056483 -18.478707 -2.705914 -0.079879 -0.056483  
 128 128 138  -20.293360 -2.613202 -0.075813 -0.056483 -19.989295 -2.474034 -0.071053 -0.056483 -19.605567 -2.259319 -0.064205 -0.056483 -19.317970 -2.027429 -0.054787 -0.056483 -19.225992 -1.846852 -0.052516 -0.056483  
 138 138 148  -19.601666 -1.789432 -0.048543 -0.056483 -19.630973 -1.635208 -0.043423 -0.056483 -19.668811 -1.409396 -0.035960 -0.056483 -19.700184 -1.183516 -0.028573 -0.056483 -19.717566 -1.029188 -0.023546 -0.056483  
 148 148 158  -19.651847 -0.950194 -0.020491 -0.056483 -19.661679 -0.796417 -0.015976 -0.056483 -19.668870 -0.570627 -0.008639 -0.056483 -19.669752 -0.344538 -0.000836 -0.056483 -19.666688 -0.190174 0.004158 -0.056483  
 158 158 168  -19.694035 -0.111922 0.006478 -0.056483 -19.685899 0.042579 0.011664 -0.056483 -19.669543 0.268711 0.019428 -0.056483 -19.644878 0.494329 0.026597 -0.056483 -19.624204 0.648252 0.031375 -0.056483  
 168 168 178  -19.751367 0.727404 0.034512 -0.056483 -19.721083 0.881502 0.039303 -0.056483 -19.669676 1.107264 0.046568 -0.056483 -19.610299 1.333210 0.054151 -0.056483 -19.565332 1.487628 0.059512 -0.056483  
 178 178 188  -19.617960 1.541470 0.057818 -0.056483 -19.568043 1.720822 0.069427 -0.056483 -19.569887 1.966755 0.074639 -0.056483 -19.766667 2.170832 0.080749 -0.056483 -19.931622 2.303733 0.087052 -0.056483  
 188 188 198  -18.681529 2.399005 0.087463 -0.056483 -19.049093 2.559986 0.095733 -0.056483 -19.633770 2.789450 0.102069 -0.056483 -20.278858 3.010788 0.108762 -0.056483 -20.728317 3.160317 0.114645 -0.056483  
 198 198 13  -18.304119 3.243233 0.117867 -0.056483 -18.855927 3.398262 0.122140 -0.056483 -19.662744 3.624690 0.128628 -0.056483 -20.475719 3.849952 0.137075 -0.056483 -21.028690 4.003480 0.142763 -0.056483  
