 1 1 5  -64.777908 7.053158 13.405615 0.920454 -48.956684 5.134799 9.490572 0.920454 -25.852295 2.295408 3.494526 0.920454 -27.067638 -1.465652 -4.305987 0.920454 -42.894244 -3.519732 -8.327696 0.920454  
 2 2 6  -41.304862 6.348811 11.944718 0.920454 -24.291912 4.386664 7.735901 0.920454 0.129003 1.247660 1.572245 0.920454 -3.781850 -0.986460 -2.909037 0.920454 -20.847434 -2.942687 -7.228077 0.920454  
 3 3 7  -60.663487 6.721681 13.465881 0.920454 -43.943661 4.916961 9.269387 0.920454 -18.891517 2.223736 2.885988 0.920454 -23.077521 -1.051314 -4.572787 0.920454 -40.240992 -2.993202 -8.851528 0.920454  
 4 4 8  -81.539005 7.300163 14.566291 0.920454 -66.746950 5.528666 10.624877 0.920454 -48.622145 2.929068 4.142690 0.920454 -48.535708 -1.409077 -5.228696 0.920454 -60.848378 -3.449371 -9.527707 0.920454  
 5 5 10  -37.838129 7.348724 4.909231 -0.303722 -25.927697 4.693013 2.895139 -0.303722 -12.506176 0.287569 -0.579562 -0.303722 -26.071751 -4.243477 -3.687796 -0.303722 -37.802871 -6.917413 -5.640567 -0.303722  
 6 6 11  -24.733308 6.317270 5.313047 -0.303722 -12.071945 3.634540 2.973247 -0.303722 2.439877 0.066131 -0.071908 -0.303722 -11.844646 -3.339019 -3.264340 -0.303722 -24.485250 -5.976472 -5.625849 -0.303722  
 7 7 12  -36.383030 6.674003 5.945668 -0.303722 -24.151083 4.193020 3.592869 -0.303722 -9.132507 0.245009 -0.312785 -0.303722 -24.186907 -3.828248 -4.012388 -0.303722 -36.286715 -6.310272 -6.331221 -0.303722  
 8 8 118  -40.709751 8.127770 5.803488 -0.303722 -39.371017 7.835760 5.571534 -0.303722 -37.406255 7.407553 5.231318 -0.303722 -35.436238 6.978630 4.890438 -0.303722 -34.087878 6.685302 4.657265 -0.303722  
 9 10 15  -23.268759 4.540310 6.164328 0.086749 -9.530872 2.240416 3.141855 0.086749 1.331509 -0.485218 -0.438996 0.086749 -17.604066 -3.929199 -4.718808 0.086749 -31.256392 -6.240374 -7.710355 0.086749  
 10 11 16  -17.290673 4.245060 6.058959 0.086749 -3.543805 1.957119 2.845052 0.086749 4.856760 -0.328771 -0.302300 0.086749 -11.328515 -3.586710 -4.503693 0.086749 -25.363837 -5.912368 -7.691031 0.086749  
 11 12 17  -22.070544 4.150136 6.468746 0.086749 -8.039733 1.988976 3.227720 0.086749 2.502350 -0.428916 -0.388949 0.086749 -16.183739 -3.709517 -4.877355 0.086749 -30.294707 -5.897380 -8.084732 0.086749  
 12 13 18  -27.644482 4.426620 6.525329 0.086749 -14.037813 2.242408 3.508358 0.086749 -2.478810 -0.777298 -0.677019 0.086749 -22.253644 -4.019691 -5.059419 0.086749 -35.803624 -6.195191 -8.060884 0.086749  
 13 5 6  0.000000 14.332647 -0.000000 -0.955394 0.000000 8.622351 -0.000000 -0.955394 0.000000 0.260287 0.000000 -0.955394 0.000000 -8.101776 0.000000 -0.955394 0.000000 -13.812072 0.000000 -0.955394  
 14 6 7  0.000000 -10.173782 -0.000000 1.333295 0.000000 -6.003671 -0.000000 1.333295 0.000000 0.102972 0.000000 1.333295 0.000000 6.209614 0.000000 1.333295 0.000000 10.379725 0.000000 1.333295  
 15 7 8  0.000000 13.905868 0.000000 -0.524533 0.000000 8.157512 0.000000 -0.524533 0.000000 -0.260287 0.000000 -0.524533 0.000000 -8.678086 -0.000000 -0.524533 0.000000 -14.426442 -0.000000 -0.524533  
 16 8 5  0.000000 -10.473521 0.000000 0.791876 0.000000 -6.265350 0.000000 0.791876 0.000000 -0.102972 0.000000 0.791876 0.000000 6.059406 -0.000000 0.791876 0.000000 10.267577 -0.000000 0.791876  
 17 10 11  0.000000 12.269865 0.000000 -0.735554 0.000000 7.326322 0.000000 -0.735554 0.000000 0.087078 0.000000 -0.735554 0.000000 -7.152166 -0.000000 -0.735554 0.000000 -12.095709 -0.000000 -0.735554  
 18 11 12  0.000000 -10.861743 0.000000 0.702792 0.000000 -6.423775 0.000000 0.702792 0.000000 0.075115 0.000000 0.702792 0.000000 6.574004 -0.000000 0.702792 0.000000 11.011973 -0.000000 0.702792  
 19 12 13  0.000000 12.270127 -0.000000 -0.363861 0.000000 7.255808 -0.000000 -0.363861 0.000000 -0.087078 0.000000 -0.363861 0.000000 -7.429964 0.000000 -0.363861 0.000000 -12.444283 0.000000 -0.363861  
 20 13 10  0.000000 -11.186390 -0.000000 0.325817 0.000000 -6.677646 -0.000000 0.325817 0.000000 -0.075115 0.000000 0.325817 0.000000 6.527417 0.000000 0.325817 0.000000 11.036161 0.000000 0.325817  
 21 15 16  0.000000 7.595638 0.000000 -0.148115 0.000000 4.562718 0.000000 -0.148115 0.000000 0.121360 0.000000 -0.148115 0.000000 -4.319999 -0.000000 -0.148115 0.000000 -7.352919 -0.000000 -0.148115  
 22 16 17  0.000000 -5.653483 -0.000000 0.181389 0.000000 -3.341038 -0.000000 0.181389 0.000000 0.045270 0.000000 0.181389 0.000000 3.431578 0.000000 0.181389 0.000000 5.744023 0.000000 0.181389  
 23 17 18  0.000000 7.542273 -0.000000 -0.154539 0.000000 4.432516 -0.000000 -0.154539 0.000000 -0.121360 0.000000 -0.154539 0.000000 -4.675236 0.000000 -0.154539 0.000000 -7.784992 0.000000 -0.154539  
 24 18 15  0.000000 -5.933377 0.000000 0.176910 0.000000 -3.544095 0.000000 0.176910 0.000000 -0.045270 0.000000 0.176910 0.000000 3.453555 -0.000000 0.176910 0.000000 5.842837 -0.000000 0.176910  
 118 118 128  -40.523500 6.535540 4.538154 -0.303722 -39.252176 6.243792 4.306965 -0.303722 -37.399065 5.816293 3.966323 -0.303722 -35.550873 5.386928 3.625715 -0.303722 -34.299893 5.092754 3.392116 -0.303722  
 128 128 138  -39.629100 4.932685 3.266958 -0.303722 -38.662583 4.652353 3.041527 -0.303722 -37.327780 4.232401 2.707004 -0.303722 -36.123565 3.797490 2.362079 -0.303722 -35.399597 3.487496 2.118756 -0.303722  
 138 138 148  -37.809646 3.319301 1.980833 -0.303722 -37.522810 3.063639 1.778920 -0.303722 -37.280163 2.656325 1.458088 -0.303722 -37.280814 2.200142 1.093274 -0.303722 -37.298082 1.884475 0.840072 -0.303722  
 148 148 158  -37.389798 1.761436 0.744835 -0.303722 -37.399006 1.468472 0.511903 -0.303722 -37.407438 1.039721 0.171112 -0.303722 -37.408176 0.611397 -0.169025 -0.303722 -37.405140 0.318903 -0.401590 -0.303722  
 158 158 168  -37.432865 0.169106 -0.520564 -0.303722 -37.424464 -0.123317 -0.753011 -0.303722 -37.407544 -0.551653 -1.093267 -0.303722 -37.382694 -0.980426 -1.434038 -0.303722 -37.361866 -1.273387 -1.666869 -0.303722  
 168 168 178  -37.181911 -1.387825 -1.750414 -0.303722 -37.150934 -1.717626 -2.020455 -0.303722 -37.263860 -2.168551 -2.383332 -0.303722 -37.630536 -2.573957 -2.700611 -0.303722 -38.009716 -2.831251 -2.897765 -0.303722  
 178 178 188  -35.271390 -3.000507 -3.040460 -0.303722 -36.025431 -3.310911 -3.286685 -0.303722 -37.362725 -3.741138 -3.625610 -0.303722 -38.722477 -4.165278 -3.965057 -0.303722 -39.750652 -4.446292 -4.189952 -0.303722  
 188 188 198  -34.299671 -4.603027 -4.316175 -0.303722 -35.550030 -4.899845 -4.546901 -0.303722 -37.403145 -5.328347 -4.888087 -0.303722 -39.253244 -5.755659 -5.228930 -0.303722 -40.513472 -6.047075 -5.461278 -0.303722  
 198 198 13  -34.105808 -6.196805 -5.579808 -0.303722 -35.445200 -6.490565 -5.812549 -0.303722 -37.403729 -6.919897 -6.153032 -0.303722 -39.362482 -7.347639 -6.493713 -0.303722 -40.697027 -7.639340 -6.725949 -0.303722  
