 1 1 5  -49.919647 -2.487555 7.373806 0.065540 -44.820056 -1.851918 5.626372 0.065540 -41.869720 -0.727626 2.288308 0.065540 -41.876649 0.734819 -1.659537 0.065540 -42.443008 1.630806 -4.212086 0.065540  
 2 2 6  -40.025318 -2.306653 6.854916 0.065540 -33.923621 -1.681542 5.134982 0.065540 -27.746267 -0.725989 2.219602 0.065540 -27.747233 0.734113 -1.855886 0.065540 -30.689132 1.420899 -4.061025 0.065540  
 3 3 7  -37.918395 -2.287693 6.710416 0.065540 -31.694631 -1.653795 5.002618 0.065540 -24.800723 -0.712665 2.202119 0.065540 -24.724404 0.749552 -1.853908 0.065540 -28.312438 1.399745 -3.947231 0.065540  
 4 4 8  -47.769574 -2.467177 7.249919 0.065540 -42.479665 -1.829376 5.525497 0.065540 -38.995064 -0.729129 2.286896 0.065540 -39.006520 0.750873 -1.658637 0.065540 -39.835294 1.620588 -4.157260 0.065540  
 5 5 10  -28.838363 -1.003857 3.634564 0.026576 -27.055656 -0.543204 2.216956 0.026576 -27.117190 0.397103 -0.398015 0.026576 -27.775284 1.227968 -2.868755 0.026576 -30.569303 1.599776 -4.128819 0.026576  
 6 6 11  -23.206257 -0.906221 3.561945 0.026576 -19.684566 -0.476169 2.305290 0.026576 -19.084244 0.397167 -0.366349 0.026576 -21.180491 1.093663 -2.770593 0.026576 -25.091990 1.472224 -3.995511 0.026576  
 7 7 12  -22.507442 -0.918816 3.519148 0.026576 -18.876875 -0.485566 2.276391 0.026576 -18.141134 0.396804 -0.366466 0.026576 -20.434720 1.093966 -2.734611 0.026576 -24.418777 1.479251 -3.951765 0.026576  
 8 8 118  -28.161129 -1.142491 3.978107 0.026576 -27.694370 -1.088397 3.824152 0.026576 -27.041181 -1.007811 3.595185 0.026576 -26.445362 -0.927212 3.358669 0.026576 -26.053737 -0.872220 3.194828 0.026576  
 9 10 15  -13.675166 0.481636 2.038290 -0.022729 -11.697360 0.478450 1.073835 -0.022729 -11.572788 0.318753 -0.859015 -0.022729 -14.339708 0.105514 -2.290938 -0.022729 -17.204601 0.014443 -3.122635 -0.022729  
 10 11 16  -11.857056 0.449858 2.040297 -0.022729 -9.062054 0.424234 1.112937 -0.022729 -8.545553 0.301583 -0.835132 -0.022729 -12.381764 0.097783 -2.226719 -0.022729 -15.620282 0.013982 -3.101218 -0.022729  
 11 12 17  -11.855628 0.440583 2.040762 -0.022729 -9.060591 0.415802 1.114044 -0.022729 -8.548931 0.296672 -0.835756 -0.022729 -12.384231 0.097340 -2.226721 -0.022729 -15.622621 0.015300 -3.101176 -0.022729  
 12 13 18  -13.672438 0.471602 2.038912 -0.022729 -11.697130 0.469148 1.074692 -0.022729 -11.577402 0.313341 -0.859035 -0.022729 -14.341376 0.104991 -2.290836 -0.022729 -17.206087 0.015705 -3.122552 -0.022729  
 13 5 6  0.000000 7.818436 -0.000000 0.141481 0.000000 4.665128 -0.000000 0.141481 0.000000 0.047475 0.000000 0.141481 0.000000 -4.570178 0.000000 0.141481 0.000000 -7.723487 0.000000 0.141481  
 14 6 7  0.000000 2.521895 -0.000000 -0.072174 0.000000 1.499764 -0.000000 -0.072174 0.000000 0.002972 0.000000 -0.072174 0.000000 -1.493820 0.000000 -0.072174 0.000000 -2.515951 0.000000 -0.072174  
 15 7 8  0.000000 7.721552 0.000000 0.126339 0.000000 4.569029 0.000000 0.126339 0.000000 -0.047475 0.000000 0.126339 0.000000 -4.663978 -0.000000 0.126339 0.000000 -7.816501 -0.000000 0.126339  
 16 8 5  0.000000 2.517886 0.000000 -0.088627 0.000000 1.494970 0.000000 -0.088627 0.000000 -0.002972 0.000000 -0.088627 0.000000 -1.500914 -0.000000 -0.088627 0.000000 -2.523830 -0.000000 -0.088627  
 17 10 11  0.000000 6.351552 0.000000 0.059263 0.000000 3.785023 0.000000 0.059263 0.000000 0.026640 0.000000 0.059263 0.000000 -3.731743 -0.000000 0.059263 0.000000 -6.298272 -0.000000 0.059263  
 18 11 12  0.000000 1.112749 -0.000000 -0.027072 0.000000 0.662290 -0.000000 -0.027072 0.000000 0.002646 0.000000 -0.027072 0.000000 -0.656999 0.000000 -0.027072 0.000000 -1.107458 0.000000 -0.027072  
 19 12 13  0.000000 6.298389 -0.000000 0.035879 0.000000 3.731813 -0.000000 0.035879 0.000000 -0.026640 0.000000 0.035879 0.000000 -3.785093 0.000000 0.035879 0.000000 -6.351669 0.000000 0.035879  
 20 13 10  0.000000 1.107341 0.000000 -0.086405 0.000000 0.656930 0.000000 -0.086405 0.000000 -0.002646 0.000000 -0.086405 0.000000 -0.662221 -0.000000 -0.086405 0.000000 -1.112632 -0.000000 -0.086405  
 21 15 16  0.000000 3.288995 0.000000 -0.002188 0.000000 1.964553 0.000000 -0.002188 0.000000 0.025063 0.000000 -0.002188 0.000000 -1.914428 -0.000000 -0.002188 0.000000 -3.238869 -0.000000 -0.002188  
 22 16 17  0.000000 -0.002911 -0.000000 0.000133 0.000000 -0.002150 -0.000000 0.000133 0.000000 -0.001034 0.000000 0.000133 0.000000 0.000081 0.000000 0.000133 0.000000 0.000842 0.000000 0.000133  
 23 17 18  0.000000 3.239008 -0.000000 -0.002155 0.000000 1.914510 -0.000000 -0.002155 0.000000 -0.025063 0.000000 -0.002155 0.000000 -1.964636 0.000000 -0.002155 0.000000 -3.289133 0.000000 -0.002155  
 24 18 15  0.000000 -0.000981 0.000000 0.000003 0.000000 -0.000163 0.000000 0.000003 0.000000 0.001034 0.000000 0.000003 0.000000 0.002232 -0.000000 0.000003 0.000000 0.003050 -0.000000 0.000003  
 118 118 128  -27.515238 -0.839975 3.105036 0.026576 -27.292032 -0.788570 2.959748 0.026576 -27.013992 -0.713515 2.737510 0.026576 -26.842490 -0.629299 2.495660 0.026576 -26.775436 -0.567406 2.320084 0.026576  
 128 128 138  -27.050565 -0.545690 2.254086 0.026576 -27.059218 -0.490706 2.095233 0.026576 -27.071144 -0.410251 1.862541 0.026576 -27.082138 -0.329864 1.629773 0.026576 -27.089074 -0.275007 1.470780 0.026576  
 138 138 148  -27.059123 -0.246957 1.389716 0.026576 -27.064155 -0.192004 1.230819 0.026576 -27.070983 -0.111563 0.998110 0.026576 -27.077194 -0.031166 0.765365 0.026576 -27.080918 0.023730 0.606403 0.026576  
 148 148 158  -27.065343 0.051847 0.525371 0.026576 -27.068220 0.106700 0.366414 0.026576 -27.071521 0.187059 0.133639 0.026576 -27.073241 0.267548 -0.099021 0.026576 -27.073180 0.322522 -0.257965 0.026576  
 158 158 168  -27.077836 0.350475 -0.339096 0.026576 -27.075514 0.405412 -0.497990 0.026576 -27.071142 0.485825 -0.730711 0.026576 -27.065875 0.566234 -0.963469 0.026576 -27.061743 0.621180 -1.122378 0.026576  
 168 168 178  -27.083080 0.649038 -1.203221 0.026576 -27.078101 0.704042 -1.362339 0.026576 -27.070274 0.784632 -1.595310 0.026576 -27.061771 0.865280 -1.828236 0.026576 -27.061648 0.919245 -1.986003 0.026576  
 178 178 188  -26.798080 0.941060 -2.056377 0.026576 -26.865053 1.004032 -2.228227 0.026576 -27.030783 1.087280 -2.467016 0.026576 -27.264755 1.163694 -2.692905 0.026576 -27.461801 1.213158 -2.840622 0.026576  
 188 188 198  -26.173117 1.245852 -2.925515 0.026576 -26.502783 1.302153 -3.092118 0.026576 -27.041820 1.381945 -3.328290 0.026576 -27.630708 1.461676 -3.556981 0.026576 -28.052823 1.518118 -3.709538 0.026576  
 198 198 13  -25.721606 1.545764 -3.795577 0.026576 -26.262195 1.600102 -3.955870 0.026576 -27.066187 1.680398 -4.188968 0.026576 -27.876782 1.761143 -4.421094 0.026576 -28.434743 1.816207 -4.579166 0.026576  
