 1 1 5  -38.997131 -1.577899 1.624904 0.000052 -39.023430 -1.113868 1.190814 0.000052 -39.054424 -0.434221 0.555053 0.000052 -39.056810 0.244510 -0.079812 0.000052 -39.038569 0.708566 -0.513912 0.000052  
 2 2 6  -35.177414 -1.578891 1.625860 0.000052 -35.203749 -1.114717 1.191803 0.000052 -35.235066 -0.434849 0.556086 0.000052 -35.238667 0.245076 -0.079925 0.000052 -35.219052 0.709329 -0.514119 0.000052  
 3 3 7  -32.919708 -1.579690 1.626919 0.000052 -32.945819 -1.115516 1.192711 0.000052 -32.976307 -0.435638 0.556750 0.000052 -32.978657 0.245291 -0.080490 0.000052 -32.960772 0.709596 -0.514943 0.000052  
 4 4 8  -36.738157 -1.578727 1.625945 0.000052 -36.764416 -1.114714 1.191682 0.000052 -36.795714 -0.435096 0.555639 0.000052 -36.799243 0.244734 -0.080346 0.000052 -36.779701 0.708891 -0.514684 0.000052  
 5 5 10  -25.794417 -0.744559 1.349908 0.000020 -25.803649 -0.400049 0.826723 0.000020 -25.810800 0.104121 0.060999 0.000020 -25.800899 0.608492 -0.704909 0.000020 -25.791335 0.952963 -1.227997 0.000020  
 6 6 11  -23.358347 -0.744935 1.349880 0.000020 -23.367704 -0.400355 0.826797 0.000020 -23.376199 0.104208 0.060745 0.000020 -23.364974 0.608719 -0.705154 0.000020 -23.355225 0.953224 -1.228139 0.000020  
 7 7 12  -22.189338 -0.744756 1.350224 0.000020 -22.198582 -0.400276 0.827104 0.000020 -22.205840 0.104446 0.060651 0.000020 -22.196022 0.608874 -0.705427 0.000020 -22.186344 0.953274 -1.228446 0.000020  
 8 8 118  -24.630629 -0.823465 1.470319 0.000020 -24.631674 -0.789025 1.418003 0.000020 -24.633177 -0.738593 1.341393 0.000020 -24.634646 -0.688161 1.264783 0.000020 -24.635630 -0.653721 1.212467 0.000020  
 9 10 15  -12.610233 -0.169715 0.847767 0.001431 -12.614765 -0.028822 0.410146 0.001431 -12.616439 0.177442 -0.230582 0.001431 -12.610835 0.383762 -0.871378 0.001431 -12.815500 0.491795 -1.267397 0.001431  
 10 11 16  -11.680167 -0.169774 0.850804 0.001431 -11.684715 -0.028860 0.411345 0.001431 -11.686395 0.177471 -0.232184 0.001431 -11.684021 0.383225 -0.875057 0.001431 -11.975518 0.480923 -1.256188 0.001431  
 11 12 17  -11.317450 -0.170528 0.850891 0.001431 -11.321955 -0.029139 0.411411 0.001431 -11.323647 0.177952 -0.232221 0.001431 -11.327168 0.383262 -0.873948 0.001431 -11.653686 0.477610 -1.248725 0.001431  
 12 13 18  -12.250019 -0.170471 0.847853 0.001431 -12.254564 -0.029100 0.410215 0.001431 -12.256219 0.177930 -0.230613 0.001431 -12.250602 0.384952 -0.871452 0.001431 -12.486896 0.489304 -1.261401 0.001431  
 13 5 6  0.000000 1.910681 0.000000 -0.000613 0.000000 1.135310 0.000000 -0.000613 0.000000 -0.000130 0.000000 -0.000613 0.000000 -1.135569 -0.000000 -0.000613 0.000000 -1.910940 -0.000000 -0.000613  
 14 6 7  0.000000 1.504226 0.000000 0.000632 0.000000 0.893805 0.000000 0.000632 0.000000 -0.000084 0.000000 0.000632 0.000000 -0.893974 -0.000000 0.000632 0.000000 -1.504394 -0.000000 0.000632  
 15 7 8  0.000000 1.910969 -0.000000 -0.000589 0.000000 1.135587 -0.000000 -0.000589 0.000000 0.000130 0.000000 -0.000589 0.000000 -1.135328 0.000000 -0.000589 0.000000 -1.910710 0.000000 -0.000589  
 16 8 5  0.000000 1.504365 -0.000000 0.000607 0.000000 0.893957 -0.000000 0.000607 0.000000 0.000084 0.000000 0.000607 0.000000 -0.893788 0.000000 0.000607 0.000000 -1.504196 0.000000 0.000607  
 17 10 11  0.000000 2.095028 -0.000000 0.000946 0.000000 1.244914 -0.000000 0.000946 0.000000 0.000022 0.000000 0.000946 0.000000 -1.244870 0.000000 0.000946 0.000000 -2.094984 0.000000 0.000946  
 18 11 12  0.000000 1.122604 -0.000000 -0.000606 0.000000 0.667069 -0.000000 -0.000606 0.000000 -0.000008 0.000000 -0.000606 0.000000 -0.667085 0.000000 -0.000606 0.000000 -1.122620 0.000000 -0.000606  
 19 12 13  0.000000 2.095025 0.000000 0.001123 0.000000 1.244895 0.000000 0.001123 0.000000 -0.000022 0.000000 0.001123 0.000000 -1.244939 -0.000000 0.001123 0.000000 -2.095069 -0.000000 0.001123  
 20 13 10  0.000000 1.122578 0.000000 -0.000377 0.000000 0.667061 0.000000 -0.000377 0.000000 0.000008 0.000000 -0.000377 0.000000 -0.667045 -0.000000 -0.000377 0.000000 -1.122562 -0.000000 -0.000377  
 21 15 16  0.000000 1.269656 -0.000000 0.002556 0.000000 0.754875 -0.000000 0.002556 0.000000 0.001039 0.000000 0.002556 0.000000 -0.752798 0.000000 0.002556 0.000000 -1.267579 0.000000 0.002556  
 22 16 17  0.000000 0.492594 -0.000000 -0.001978 0.000000 0.292822 -0.000000 -0.001978 0.000000 0.000281 0.000000 -0.001978 0.000000 -0.292261 0.000000 -0.001978 0.000000 -0.492032 0.000000 -0.001978  
 23 17 18  0.000000 1.267590 0.000000 0.003099 0.000000 0.752805 0.000000 0.003099 0.000000 -0.001039 0.000000 0.003099 0.000000 -0.754882 -0.000000 0.003099 0.000000 -1.269668 -0.000000 0.003099  
 24 18 15  0.000000 0.492020 0.000000 -0.001286 0.000000 0.292254 0.000000 -0.001286 0.000000 -0.000281 0.000000 -0.001286 0.000000 -0.292816 -0.000000 -0.001286 0.000000 -0.492582 -0.000000 -0.001286  
 118 118 128  -24.630854 -0.636149 1.185772 0.000020 -24.631812 -0.601708 1.133455 0.000020 -24.633182 -0.551275 1.056845 0.000020 -24.634508 -0.500844 0.980235 0.000020 -24.635393 -0.466406 0.927921 0.000020  
 128 128 138  -24.631085 -0.448830 0.901224 0.000020 -24.631945 -0.414391 0.848908 0.000020 -24.633177 -0.363959 0.772298 0.000020 -24.634375 -0.313527 0.695688 0.000020 -24.635175 -0.279087 0.643372 0.000020  
 138 138 148  -24.631325 -0.261513 0.616677 0.000020 -24.632094 -0.227074 0.564360 0.000020 -24.633184 -0.176642 0.487750 0.000020 -24.634228 -0.126209 0.411141 0.000020 -24.634912 -0.091771 0.358825 0.000020  
 148 148 158  -24.631984 -0.074200 0.332141 0.000020 -24.632628 -0.039757 0.279812 0.000020 -24.633462 0.010680 0.203191 0.000020 -24.633837 0.061102 0.126601 0.000020 -24.633298 0.095549 0.074280 0.000020  
 158 158 168  -24.634791 0.113120 0.047581 0.000020 -24.634153 0.147560 -0.004734 0.000020 -24.633183 0.197994 -0.081344 0.000020 -24.632167 0.248425 -0.157954 0.000020 -24.631455 0.282863 -0.210270 0.000020  
 168 168 178  -24.635061 0.300437 -0.236966 0.000020 -24.634311 0.334878 -0.289282 0.000020 -24.633176 0.385310 -0.365892 0.000020 -24.632011 0.435742 -0.442502 0.000020 -24.631197 0.470180 -0.494817 0.000020  
 178 178 188  -24.635261 0.487754 -0.521513 0.000020 -24.634426 0.522194 -0.573829 0.000020 -24.633177 0.572627 -0.650439 0.000020 -24.631894 0.623059 -0.727049 0.000020 -24.631001 0.657497 -0.779364 0.000020  
 188 188 198  -24.635462 0.675072 -0.806061 0.000020 -24.634546 0.709512 -0.858377 0.000020 -24.633177 0.759944 -0.934986 0.000020 -24.631774 0.810376 -1.011597 0.000020 -24.630797 0.844815 -1.063912 0.000020  
 198 198 13  -24.635825 0.862389 -1.090608 0.000020 -24.634766 0.896829 -1.142924 0.000020 -24.633181 0.947261 -1.219534 0.000020 -24.631556 0.997693 -1.296144 0.000020 -24.630422 1.032132 -1.348460 0.000020  
