 1 1 5  -36.812443 0.886555 0.764020 -0.000465 -36.858400 0.543228 0.509883 -0.000465 -36.910283 0.040495 0.137899 -0.000465 -36.913976 -0.463550 -0.232612 -0.000465 -36.885053 -0.807147 -0.486277 -0.000465  
 2 2 6  -36.467191 0.884849 0.765998 -0.000465 -36.513700 0.541827 0.511798 -0.000465 -36.567068 0.039538 0.139697 -0.000465 -36.572656 -0.462762 -0.232680 -0.000465 -36.541453 -0.806019 -0.486816 -0.000465  
 3 3 7  -35.042400 0.883391 0.767277 -0.000465 -35.089036 0.540392 0.512869 -0.000465 -35.141417 0.038096 0.140581 -0.000465 -35.147431 -0.462719 -0.233230 -0.000465 -35.117194 -0.805610 -0.487547 -0.000465  
 4 4 8  -35.386214 0.885094 0.765244 -0.000465 -35.432396 0.541790 0.510900 -0.000465 -35.484903 0.039053 0.138672 -0.000465 -35.491678 -0.463403 -0.232878 -0.000465 -35.460190 -0.806781 -0.486925 -0.000465  
 5 5 10  -24.751196 -0.686723 -0.026197 -0.000075 -24.767749 -0.551132 -0.064624 -0.000075 -24.779968 -0.353327 -0.120202 -0.000075 -24.762544 -0.155422 -0.175633 -0.000075 -24.743889 -0.019977 -0.213856 -0.000075  
 6 6 11  -24.758048 -0.687201 -0.026499 -0.000075 -24.775041 -0.551489 -0.064702 -0.000075 -24.789170 -0.353118 -0.120386 -0.000075 -24.769947 -0.154897 -0.175916 -0.000075 -24.751024 -0.019320 -0.213910 -0.000075  
 7 7 12  -23.219723 -0.687150 -0.025909 -0.000075 -23.236908 -0.551636 -0.064260 -0.000075 -23.250757 -0.352986 -0.120542 -0.000075 -23.231938 -0.154777 -0.176287 -0.000075 -23.212492 -0.019419 -0.214423 -0.000075  
 8 8 118  -23.221364 -0.717518 -0.017104 -0.000075 -23.223762 -0.703990 -0.020934 -0.000075 -23.227168 -0.684187 -0.026536 -0.000075 -23.230448 -0.664390 -0.032129 -0.000075 -23.232619 -0.650875 -0.035944 -0.000075  
 9 10 15  -12.351143 -1.054544 -0.145044 -0.000000 -12.360404 -0.626190 -0.101759 -0.000000 -12.364058 0.000676 -0.038051 -0.000000 -12.353007 0.627845 0.025311 -0.000000 -12.340846 1.056326 0.068414 -0.000000  
 10 11 16  -12.403380 -1.054631 -0.145176 -0.000000 -12.412764 -0.626246 -0.101821 -0.000000 -12.416383 0.000758 -0.038180 -0.000000 -12.405142 0.627936 0.025237 -0.000000 -12.392904 1.056437 0.068414 -0.000000  
 11 12 17  -11.638626 -1.054602 -0.145095 -0.000000 -11.647982 -0.626270 -0.101786 -0.000000 -11.651640 0.000797 -0.038231 -0.000000 -11.640268 0.628011 0.025129 -0.000000 -11.628006 1.056455 0.068284 -0.000000  
 12 13 18  -11.586901 -1.054401 -0.144863 -0.000000 -11.595706 -0.626206 -0.101719 -0.000000 -11.599335 0.000710 -0.038092 -0.000000 -11.588117 0.627919 0.025205 -0.000000 -11.575913 1.056344 0.068283 -0.000000  
 13 5 6  0.000000 0.484836 -0.000000 -0.000907 0.000000 0.288022 -0.000000 -0.000907 0.000000 -0.000189 0.000000 -0.000907 0.000000 -0.288401 0.000000 -0.000907 0.000000 -0.485215 0.000000 -0.000907  
 14 6 7  0.000000 -0.156521 -0.000000 0.000720 0.000000 -0.093072 -0.000000 0.000720 0.000000 -0.000160 0.000000 0.000720 0.000000 0.092752 0.000000 0.000720 0.000000 0.156200 0.000000 0.000720  
 15 7 8  0.000000 0.485255 0.000000 -0.000922 0.000000 0.288424 0.000000 -0.000922 0.000000 0.000189 0.000000 -0.000922 0.000000 -0.288046 -0.000000 -0.000922 0.000000 -0.484876 -0.000000 -0.000922  
 16 8 5  0.000000 -0.156240 0.000000 0.000613 0.000000 -0.092776 0.000000 0.000613 0.000000 0.000160 0.000000 0.000613 0.000000 0.093096 -0.000000 0.000613 0.000000 0.156560 -0.000000 0.000613  
 17 10 11  0.000000 0.061375 -0.000000 -0.000427 0.000000 0.036452 -0.000000 -0.000427 0.000000 -0.000046 0.000000 -0.000427 0.000000 -0.036543 0.000000 -0.000427 0.000000 -0.061466 0.000000 -0.000427  
 18 11 12  0.000000 1.068092 0.000000 0.000357 0.000000 0.634669 0.000000 0.000357 0.000000 -0.000028 0.000000 0.000357 0.000000 -0.634726 -0.000000 0.000357 0.000000 -1.068149 -0.000000 0.000357  
 19 12 13  0.000000 0.061520 0.000000 -0.000456 0.000000 0.036575 0.000000 -0.000456 0.000000 0.000046 0.000000 -0.000456 0.000000 -0.036484 -0.000000 -0.000456 0.000000 -0.061429 -0.000000 -0.000456  
 20 13 10  0.000000 1.068095 -0.000000 0.000323 0.000000 0.634694 -0.000000 0.000323 0.000000 0.000028 0.000000 0.000323 0.000000 -0.634637 0.000000 0.000323 0.000000 -1.068038 0.000000 0.000323  
 21 15 16  0.000000 -0.072145 -0.000000 -0.000047 0.000000 -0.042878 -0.000000 -0.000047 0.000000 -0.000019 0.000000 -0.000047 0.000000 0.042839 0.000000 -0.000047 0.000000 0.072107 0.000000 -0.000047  
 22 16 17  0.000000 1.056155 -0.000000 0.000050 0.000000 0.627577 -0.000000 0.000050 0.000000 -0.000025 0.000000 0.000050 0.000000 -0.627628 0.000000 0.000050 0.000000 -1.056206 0.000000 0.000050  
 23 17 18  0.000000 -0.072052 0.000000 -0.000061 0.000000 -0.042807 0.000000 -0.000061 0.000000 0.000019 0.000000 -0.000061 0.000000 0.042845 -0.000000 -0.000061 0.000000 0.072090 -0.000000 -0.000061  
 24 18 15  0.000000 1.056151 0.000000 0.000059 0.000000 0.627595 0.000000 0.000059 0.000000 0.000025 0.000000 0.000059 0.000000 -0.627545 -0.000000 0.000059 0.000000 -1.056101 -0.000000 0.000059  
 118 118 128  -23.222647 -0.643974 -0.037896 -0.000075 -23.224507 -0.630447 -0.041725 -0.000075 -23.227150 -0.610644 -0.047326 -0.000075 -23.229700 -0.590847 -0.052920 -0.000075 -23.231387 -0.577330 -0.056737 -0.000075  
 128 128 138  -23.223506 -0.570428 -0.058690 -0.000075 -23.225012 -0.556904 -0.062516 -0.000075 -23.227143 -0.537104 -0.068114 -0.000075 -23.229195 -0.517304 -0.073711 -0.000075 -23.230545 -0.503784 -0.077531 -0.000075  
 138 138 148  -23.224123 -0.496876 -0.079487 -0.000075 -23.225409 -0.483361 -0.083306 -0.000075 -23.227185 -0.463567 -0.088901 -0.000075 -23.228803 -0.443762 -0.094502 -0.000075 -23.229817 -0.430231 -0.098327 -0.000075  
 148 148 158  -23.225313 -0.423356 -0.100224 -0.000075 -23.226241 -0.409823 -0.104093 -0.000075 -23.227433 -0.390004 -0.109742 -0.000075 -23.228069 -0.370201 -0.115298 -0.000075 -23.227834 -0.356739 -0.119052 -0.000075  
 158 158 168  -23.229581 -0.349805 -0.121074 -0.000075 -23.228694 -0.336272 -0.124886 -0.000075 -23.227184 -0.316472 -0.130483 -0.000075 -23.225529 -0.296675 -0.136084 -0.000075 -23.224338 -0.283158 -0.139911 -0.000075  
 168 168 178  -23.230368 -0.276248 -0.141865 -0.000075 -23.229111 -0.262732 -0.145679 -0.000075 -23.227170 -0.242936 -0.151271 -0.000075 -23.225099 -0.223132 -0.156874 -0.000075 -23.223612 -0.209604 -0.160706 -0.000075  
 178 178 188  -23.231046 -0.202708 -0.162650 -0.000075 -23.229492 -0.189189 -0.166470 -0.000075 -23.227147 -0.169390 -0.172066 -0.000075 -23.224713 -0.149589 -0.177665 -0.000075 -23.222998 -0.136065 -0.181491 -0.000075  
 188 188 198  -23.232100 -0.129164 -0.183443 -0.000075 -23.230131 -0.115646 -0.187261 -0.000075 -23.227155 -0.095848 -0.192856 -0.000075 -23.224078 -0.076045 -0.198456 -0.000075 -23.221918 -0.062521 -0.202283 -0.000075  
 198 198 13  -23.233526 -0.055618 -0.204236 -0.000075 -23.230997 -0.042103 -0.208052 -0.000075 -23.227182 -0.022307 -0.213646 -0.000075 -23.223215 -0.002503 -0.219247 -0.000075 -23.220422 0.011025 -0.223076 -0.000075  
