 1 1 5  -36.146236 0.084333 0.387950 0.000006 -36.147171 0.057080 0.267664 0.000006 -36.148488 0.017168 0.091512 0.000006 -36.148523 -0.022740 -0.084602 0.000006 -36.147635 -0.049995 -0.204895 0.000006  
 2 2 6  -35.791340 0.084344 0.387995 0.000006 -35.792267 0.057089 0.267715 0.000006 -35.793572 0.017176 0.091572 0.000006 -35.793495 -0.022754 -0.084619 0.000006 -35.792689 -0.050011 -0.204919 0.000006  
 3 3 7  -35.850641 0.084342 0.387986 0.000006 -35.851570 0.057088 0.267706 0.000006 -35.852881 0.017174 0.091563 0.000006 -35.852835 -0.022754 -0.084615 0.000006 -35.852004 -0.050009 -0.204912 0.000006  
 4 4 8  -36.205552 0.084332 0.387940 0.000006 -36.206486 0.057079 0.267655 0.000006 -36.207798 0.017167 0.091503 0.000006 -36.207839 -0.022738 -0.084595 0.000006 -36.206951 -0.049993 -0.204886 0.000006  
 5 5 10  -24.054078 0.007157 0.100434 -0.000001 -24.054373 -0.000260 0.040368 -0.000001 -24.054451 -0.011122 -0.047601 -0.000001 -24.054023 -0.021982 -0.135559 -0.000001 -24.053722 -0.029397 -0.195622 -0.000001  
 6 6 11  -23.929682 0.007157 0.100421 -0.000001 -23.929974 -0.000260 0.040363 -0.000001 -23.930037 -0.011125 -0.047617 -0.000001 -23.929625 -0.021983 -0.135566 -0.000001 -23.929326 -0.029399 -0.195621 -0.000001  
 7 7 12  -23.945684 0.007158 0.100419 -0.000001 -23.945978 -0.000259 0.040361 -0.000001 -23.946044 -0.011125 -0.047616 -0.000001 -23.945627 -0.021983 -0.135564 -0.000001 -23.945328 -0.029399 -0.195619 -0.000001  
 8 8 118  -24.070129 0.008861 0.114226 -0.000001 -24.070159 0.008119 0.108219 -0.000001 -24.070203 0.007033 0.099423 -0.000001 -24.070246 0.005947 0.090627 -0.000001 -24.070276 0.005205 0.084621 -0.000001  
 9 10 15  -12.007604 -0.008439 -0.045470 -0.000000 -12.007614 -0.007170 -0.041542 -0.000000 -12.007628 -0.005312 -0.035790 -0.000000 -12.007642 -0.003453 -0.030038 -0.000000 -12.007645 -0.002185 -0.026112 -0.000000  
 10 11 16  -11.991129 -0.008440 -0.045474 -0.000000 -11.991139 -0.007170 -0.041545 -0.000000 -11.991153 -0.005312 -0.035792 -0.000000 -11.991166 -0.003454 -0.030039 -0.000000 -11.991169 -0.002185 -0.026112 -0.000000  
 11 12 17  -11.992350 -0.008440 -0.045474 -0.000000 -11.992360 -0.007170 -0.041545 -0.000000 -11.992374 -0.005312 -0.035792 -0.000000 -11.992387 -0.003454 -0.030039 -0.000000 -11.992390 -0.002185 -0.026111 -0.000000  
 12 13 18  -12.008825 -0.008439 -0.045470 -0.000000 -12.008835 -0.007170 -0.041542 -0.000000 -12.008849 -0.005312 -0.035790 -0.000000 -12.008863 -0.003453 -0.030038 -0.000000 -12.008866 -0.002185 -0.026111 -0.000000  
 13 5 6  0.000000 0.318374 0.000000 0.000009 0.000000 0.189182 0.000000 0.000009 0.000000 -0.000004 0.000000 0.000009 0.000000 -0.189191 -0.000000 0.000009 0.000000 -0.318382 -0.000000 0.000009  
 14 6 7  0.000000 -0.059813 0.000000 -0.000004 0.000000 -0.035542 0.000000 -0.000004 0.000000 -0.000000 0.000000 -0.000004 0.000000 0.035542 -0.000000 -0.000004 0.000000 0.059813 -0.000000 -0.000004  
 15 7 8  0.000000 0.318382 -0.000000 0.000009 0.000000 0.189190 -0.000000 0.000009 0.000000 0.000004 0.000000 0.000009 0.000000 -0.189182 0.000000 0.000009 0.000000 -0.318374 0.000000 0.000009  
 16 8 5  0.000000 -0.059812 -0.000000 -0.000005 0.000000 -0.035542 -0.000000 -0.000005 0.000000 0.000000 0.000000 -0.000005 0.000000 0.035542 0.000000 -0.000005 0.000000 0.059813 0.000000 -0.000005  
 17 10 11  0.000000 0.149048 0.000000 0.000001 0.000000 0.088567 0.000000 0.000001 0.000000 -0.000001 0.000000 0.000001 0.000000 -0.088568 -0.000000 0.000001 0.000000 -0.149049 -0.000000 0.000001  
 18 11 12  0.000000 -0.020415 -0.000000 -0.000001 0.000000 -0.012131 -0.000000 -0.000001 0.000000 0.000000 0.000000 -0.000001 0.000000 0.012131 0.000000 -0.000001 0.000000 0.020415 0.000000 -0.000001  
 19 12 13  0.000000 0.149049 -0.000000 0.000001 0.000000 0.088568 -0.000000 0.000001 0.000000 0.000001 0.000000 0.000001 0.000000 -0.088567 0.000000 0.000001 0.000000 -0.149048 0.000000 0.000001  
 20 13 10  0.000000 -0.020415 0.000000 -0.000001 0.000000 -0.012131 0.000000 -0.000001 0.000000 -0.000000 0.000000 -0.000001 0.000000 0.012131 -0.000000 -0.000001 0.000000 0.020415 -0.000000 -0.000001  
 21 15 16  0.000000 0.022753 -0.000000 -0.000000 0.000000 0.013520 -0.000000 -0.000000 0.000000 0.000000 0.000000 -0.000000 0.000000 -0.013520 0.000000 -0.000000 0.000000 -0.022753 0.000000 -0.000000  
 22 16 17  0.000000 -0.001686 -0.000000 0.000000 0.000000 -0.001002 -0.000000 0.000000 0.000000 -0.000000 0.000000 0.000000 0.000000 0.001002 0.000000 0.000000 0.000000 0.001686 0.000000 0.000000  
 23 17 18  0.000000 0.022753 0.000000 -0.000000 0.000000 0.013520 0.000000 -0.000000 0.000000 -0.000000 0.000000 -0.000000 0.000000 -0.013520 -0.000000 -0.000000 0.000000 -0.022753 -0.000000 -0.000000  
 24 18 15  0.000000 -0.001686 0.000000 0.000000 0.000000 -0.001002 0.000000 0.000000 0.000000 0.000000 0.000000 0.000000 0.000000 0.001002 -0.000000 0.000000 0.000000 0.001686 -0.000000 0.000000  
 118 118 128  -24.070130 0.004827 0.081555 -0.000001 -24.070159 0.004085 0.075549 -0.000001 -24.070203 0.002999 0.066753 -0.000001 -24.070246 0.001913 0.057956 -0.000001 -24.070275 0.001171 0.051950 -0.000001  
 128 128 138  -24.070132 0.000793 0.048885 -0.000001 -24.070161 0.000051 0.042878 -0.000001 -24.070203 -0.001035 0.034082 -0.000001 -24.070245 -0.002121 0.025286 -0.000001 -24.070272 -0.002863 0.019279 -0.000001  
 138 138 148  -24.070159 -0.003242 0.016213 -0.000001 -24.070180 -0.003983 0.010207 -0.000001 -24.070208 -0.005069 0.001412 -0.000001 -24.070228 -0.006155 -0.007385 -0.000001 -24.070227 -0.006898 -0.013394 -0.000001  
 148 148 158  -24.070238 -0.007275 -0.016456 -0.000001 -24.070230 -0.008017 -0.022464 -0.000001 -24.070211 -0.009104 -0.031261 -0.000001 -24.070175 -0.010189 -0.040056 -0.000001 -24.070146 -0.010931 -0.046061 -0.000001  
 158 158 168  -24.070273 -0.011310 -0.049128 -0.000001 -24.070245 -0.012051 -0.055135 -0.000001 -24.070203 -0.013137 -0.063931 -0.000001 -24.070161 -0.014224 -0.072727 -0.000001 -24.070131 -0.014965 -0.078734 -0.000001  
 168 168 178  -24.070275 -0.015344 -0.081799 -0.000001 -24.070246 -0.016085 -0.087806 -0.000001 -24.070203 -0.017171 -0.096602 -0.000001 -24.070160 -0.018258 -0.105398 -0.000001 -24.070130 -0.018999 -0.111404 -0.000001  
 178 178 188  -24.070276 -0.019378 -0.114470 -0.000001 -24.070246 -0.020119 -0.120476 -0.000001 -24.070203 -0.021206 -0.129272 -0.000001 -24.070159 -0.022292 -0.138069 -0.000001 -24.070129 -0.023033 -0.144075 -0.000001  
 188 188 198  -24.070276 -0.023412 -0.147140 -0.000001 -24.070247 -0.024153 -0.153147 -0.000001 -24.070203 -0.025240 -0.161943 -0.000001 -24.070159 -0.026326 -0.170739 -0.000001 -24.070129 -0.027067 -0.176746 -0.000001  
 198 198 13  -24.070277 -0.027446 -0.179811 -0.000001 -24.070247 -0.028188 -0.185818 -0.000001 -24.070203 -0.029274 -0.194614 -0.000001 -24.070158 -0.030360 -0.203410 -0.000001 -24.070128 -0.031101 -0.209417 -0.000001  
