 1 1 5  -33.159082 0.538470 -1.631757 0.000078 -33.185583 0.399781 -1.208816 0.000078 -33.216768 0.196830 -0.589535 0.000078 -33.219162 -0.007004 0.030677 0.000078 -33.200742 -0.145643 0.453632 0.000078  
 2 2 6  -37.425628 0.537508 -1.630919 0.000078 -37.452157 0.398957 -1.207854 0.000078 -37.483309 0.196263 -0.588332 0.000078 -37.486996 -0.006441 0.030758 0.000078 -37.467355 -0.144922 0.453691 0.000078  
 3 3 7  -38.757334 0.536720 -1.629872 0.000078 -38.783610 0.398167 -1.206956 0.000078 -38.813982 0.195487 -0.587692 0.000078 -38.816720 -0.006259 0.030199 0.000078 -38.798494 -0.144704 0.452865 0.000078  
 4 4 8  -34.489602 0.537665 -1.630720 0.000078 -34.516031 0.398953 -1.207945 0.000078 -34.547537 0.195955 -0.588946 0.000078 -34.550952 -0.006828 0.030114 0.000078 -34.531216 -0.145398 0.452819 0.000078  
 5 5 10  -22.167831 0.512355 -1.522340 0.000054 -22.177438 0.313557 -0.949859 0.000054 -22.185054 0.022137 -0.111076 0.000054 -22.175131 -0.269060 0.727579 0.000054 -22.165504 -0.467868 1.300212 0.000054  
 6 6 11  -24.971304 0.512036 -1.522013 0.000054 -24.981056 0.313306 -0.949721 0.000054 -24.990036 0.022248 -0.111733 0.000054 -24.978998 -0.268846 0.726487 0.000054 -24.968942 -0.467653 1.298894 0.000054  
 7 7 12  -25.814680 0.512162 -1.521703 0.000054 -25.824298 0.313375 -0.949450 0.000054 -25.832199 0.022513 -0.111844 0.000054 -25.822244 -0.268574 0.726212 0.000054 -25.812261 -0.467441 1.298584 0.000054  
 8 8 118  -23.016866 0.558131 -1.653593 0.000054 -23.017948 0.538246 -1.596338 0.000054 -23.019504 0.509126 -1.512495 0.000054 -23.021024 0.480007 -1.428651 0.000054 -23.022042 0.460122 -1.371395 0.000054  
 9 10 15  -11.261368 0.269137 -1.060169 0.003648 -11.219568 0.128038 -0.534754 0.003648 -11.221428 -0.090020 0.248794 0.003648 -11.256028 -0.301005 1.023936 0.003648 -11.830857 -0.391082 1.446334 0.003648  
 10 11 16  -12.338012 0.275820 -1.060689 0.003648 -12.337197 0.128009 -0.531396 0.003648 -12.339088 -0.089996 0.245455 0.003648 -12.337444 -0.307155 1.021340 0.003648 -12.761531 -0.404610 1.466808 0.003648  
 11 12 17  -12.646200 0.275441 -1.061305 0.003648 -12.648641 0.127578 -0.531341 0.003648 -12.650525 -0.089531 0.245419 0.003648 -12.645736 -0.306451 1.021945 0.003648 -13.033866 -0.406000 1.474313 0.003648  
 12 13 18  -11.563994 0.270302 -1.062954 0.003648 -11.536197 0.127610 -0.534692 0.003648 -11.538039 -0.089547 0.248762 0.003648 -11.559707 -0.301802 1.026511 0.003648 -12.094883 -0.392841 1.455965 0.003648  
 13 5 6  0.000000 -2.020377 -0.000000 -0.000569 0.000000 -1.200620 -0.000000 -0.000569 0.000000 -0.000182 0.000000 -0.000569 0.000000 1.200257 0.000000 -0.000569 0.000000 2.020014 0.000000 -0.000569  
 14 6 7  0.000000 -0.673830 0.000000 0.000613 0.000000 -0.400439 0.000000 0.000613 0.000000 -0.000088 0.000000 0.000613 0.000000 0.400262 -0.000000 0.000613 0.000000 0.673654 -0.000000 0.000613  
 15 7 8  0.000000 -2.019986 0.000000 -0.000566 0.000000 -1.200240 0.000000 -0.000566 0.000000 0.000182 0.000000 -0.000566 0.000000 1.200604 -0.000000 -0.000566 0.000000 2.020350 -0.000000 -0.000566  
 16 8 5  0.000000 -0.673681 -0.000000 0.000615 0.000000 -0.400278 -0.000000 0.000615 0.000000 0.000088 0.000000 0.000615 0.000000 0.400455 0.000000 0.000615 0.000000 0.673858 0.000000 0.000615  
 17 10 11  0.000000 -2.377934 0.000000 0.003136 0.000000 -1.412916 0.000000 0.003136 0.000000 0.000240 0.000000 0.003136 0.000000 1.413396 -0.000000 0.003136 0.000000 2.378414 -0.000000 0.003136  
 18 11 12  0.000000 -0.742006 -0.000000 -0.000732 0.000000 -0.440905 -0.000000 -0.000732 0.000000 0.000024 0.000000 -0.000732 0.000000 0.440952 0.000000 -0.000732 0.000000 0.742054 0.000000 -0.000732  
 19 12 13  0.000000 -2.378375 -0.000000 0.002660 0.000000 -1.413373 -0.000000 0.002660 0.000000 -0.000240 0.000000 0.002660 0.000000 1.412893 0.000000 0.002660 0.000000 2.377895 0.000000 0.002660  
 20 13 10  0.000000 -0.742093 0.000000 -0.001577 0.000000 -0.440975 0.000000 -0.001577 0.000000 -0.000024 0.000000 -0.001577 0.000000 0.440928 -0.000000 -0.001577 0.000000 0.742045 -0.000000 -0.001577  
 21 15 16  0.000000 -1.491855 0.000000 0.005566 0.000000 -0.885525 0.000000 0.005566 0.000000 0.002375 0.000000 0.005566 0.000000 0.890275 -0.000000 0.005566 0.000000 1.496606 -0.000000 0.005566  
 22 16 17  0.000000 -0.421819 0.000000 -0.001883 0.000000 -0.250530 0.000000 -0.001883 0.000000 0.000303 0.000000 -0.001883 0.000000 0.251136 -0.000000 -0.001883 0.000000 0.422425 -0.000000 -0.001883  
 23 17 18  0.000000 -1.496629 -0.000000 0.004859 0.000000 -0.890289 -0.000000 0.004859 0.000000 -0.002375 0.000000 0.004859 0.000000 0.885539 0.000000 0.004859 0.000000 1.491879 0.000000 0.004859  
 24 18 15  0.000000 -0.422401 -0.000000 -0.003188 0.000000 -0.251122 -0.000000 -0.003188 0.000000 -0.000303 0.000000 -0.003188 0.000000 0.250516 0.000000 -0.003188 0.000000 0.421796 0.000000 -0.003188  
 118 118 128  -23.017098 0.449973 -1.342177 0.000054 -23.018090 0.430089 -1.284923 0.000054 -23.019509 0.400970 -1.201081 0.000054 -23.020883 0.371849 -1.117236 0.000054 -23.021798 0.351963 -1.059979 0.000054  
 128 128 138  -23.017343 0.341817 -1.030764 0.000054 -23.018231 0.321932 -0.973508 0.000054 -23.019503 0.292812 -0.889665 0.000054 -23.020741 0.263692 -0.805821 0.000054 -23.021568 0.243807 -0.748566 0.000054  
 138 138 148  -23.017578 0.233659 -0.719348 0.000054 -23.018374 0.213774 -0.662094 0.000054 -23.019508 0.184655 -0.578250 0.000054 -23.020600 0.155536 -0.494406 0.000054 -23.021316 0.135649 -0.437151 0.000054  
 148 148 158  -23.018262 0.125500 -0.407917 0.000054 -23.018928 0.105617 -0.350679 0.000054 -23.019787 0.076501 -0.266851 0.000054 -23.020194 0.047375 -0.182981 0.000054 -23.019665 0.027494 -0.125733 0.000054  
 158 158 168  -23.021109 0.017346 -0.096517 0.000054 -23.020476 -0.002540 -0.039264 0.000054 -23.019507 -0.031660 0.044579 0.000054 -23.018498 -0.060779 0.128424 0.000054 -23.017788 -0.080664 0.185681 0.000054  
 168 168 178  -23.021381 -0.090814 0.214896 0.000054 -23.020638 -0.110696 0.272152 0.000054 -23.019505 -0.139816 0.355995 0.000054 -23.018337 -0.168936 0.439839 0.000054 -23.017521 -0.188823 0.497094 0.000054  
 178 178 188  -23.021592 -0.198969 0.526312 0.000054 -23.020754 -0.218854 0.583566 0.000054 -23.019501 -0.247973 0.667410 0.000054 -23.018218 -0.277093 0.751254 0.000054 -23.017325 -0.296979 0.808509 0.000054  
 188 188 198  -23.021785 -0.307127 0.837725 0.000054 -23.020871 -0.327011 0.894981 0.000054 -23.019507 -0.356130 0.978826 0.000054 -23.018102 -0.385250 1.062669 0.000054 -23.017114 -0.405137 1.119922 0.000054  
 198 198 13  -23.022201 -0.415284 1.149140 0.000054 -23.021125 -0.435168 1.206396 0.000054 -23.019510 -0.464287 1.290240 0.000054 -23.017848 -0.493408 1.374083 0.000054 -23.016690 -0.513294 1.431338 0.000054  
