 1 1 5  -56.988648 9.949550 8.273123 -0.216700 -44.156256 7.038143 5.986538 -0.216700 -25.925153 2.478489 2.533012 -0.216700 -27.945790 -3.648942 -2.317998 -0.216700 -40.582278 -6.650835 -4.769756 -0.216700  
 2 2 6  -45.045858 9.236853 7.899098 -0.216700 -31.467963 6.308602 5.495698 -0.216700 -10.635302 1.862848 1.832479 -0.216700 -13.954335 -2.829508 -2.062241 -0.216700 -28.134277 -5.839870 -4.560796 -0.216700  
 3 3 7  -56.641024 9.775543 8.436636 -0.216700 -43.837030 6.955751 6.062188 -0.216700 -25.489461 2.578021 2.418281 -0.216700 -27.331678 -3.331599 -2.594486 -0.216700 -39.884764 -6.273530 -5.088763 -0.216700  
 4 4 8  -67.881275 10.398712 8.723195 -0.216700 -56.014045 7.548159 6.472221 -0.216700 -41.549132 2.903412 2.836921 -0.216700 -42.197218 -3.814586 -2.700402 -0.216700 -52.062691 -6.926171 -5.228109 -0.216700  
 5 5 10  -29.552324 3.714375 4.690032 0.028471 -21.468264 2.121997 2.826278 0.028471 -17.103155 -1.105970 -0.959585 0.028471 -27.377465 -3.550677 -3.961892 0.028471 -35.605520 -5.102628 -5.808909 0.028471  
 6 6 11  -24.468680 3.464851 4.633885 0.028471 -15.583032 1.873717 2.705614 0.028471 -8.731555 -0.964225 -0.730633 0.028471 -21.510069 -3.284727 -3.719580 0.028471 -30.332477 -4.834056 -5.652497 0.028471  
 7 7 12  -29.128039 3.320234 4.977109 0.028471 -20.922928 1.797571 3.049029 0.028471 -16.217684 -1.235235 -0.844966 0.028471 -26.815802 -3.464203 -4.014854 0.028471 -35.167080 -4.918507 -5.948411 0.028471  
 8 8 118  -32.615743 3.883232 5.474931 0.028471 -31.638331 3.709358 5.251433 0.028471 -30.218708 3.451782 4.924504 0.028471 -28.799359 3.193732 4.596412 0.028471 -27.832839 3.016450 4.372053 0.028471  
 9 10 15  -10.287962 0.875888 0.665030 -0.002389 -10.170309 0.128891 -0.063143 -0.002389 -11.027116 -0.927441 -1.076446 -0.002389 -13.926966 -1.683849 -1.783276 -0.002389 -16.071295 -2.161670 -2.238257 -0.002389  
 10 11 16  -8.561938 0.826538 0.686923 -0.002389 -8.114968 0.129912 -0.023166 -0.002389 -9.350921 -0.878645 -1.028851 -0.002389 -12.571458 -1.617566 -1.756366 -0.002389 -14.796771 -2.095702 -2.227625 -0.002389  
 11 12 17  -10.223011 0.852608 0.724042 -0.002389 -10.056210 0.129261 -0.024169 -0.002389 -10.915047 -0.902787 -1.082604 -0.002389 -13.859369 -1.638393 -1.822431 -0.002389 -16.027227 -2.105357 -2.295546 -0.002389  
 12 13 18  -12.068950 0.888791 0.690711 -0.002389 -12.129855 0.128156 -0.064222 -0.002389 -12.690081 -0.944399 -1.121883 -0.002389 -15.309700 -1.698988 -1.848139 -0.002389 -17.327266 -2.173591 -2.304587 -0.002389  
 13 5 6  0.000000 10.037897 -0.000000 -0.615895 0.000000 5.995230 -0.000000 -0.615895 0.000000 0.075214 0.000000 -0.615895 0.000000 -5.844802 0.000000 -0.615895 0.000000 -9.887468 0.000000 -0.615895  
 14 6 7  0.000000 -10.079214 -0.000000 0.497346 0.000000 -5.953672 -0.000000 0.497346 0.000000 0.087703 0.000000 0.497346 0.000000 6.129079 0.000000 0.497346 0.000000 10.254621 0.000000 0.497346  
 15 7 8  0.000000 9.918824 0.000000 -0.429285 0.000000 5.863434 0.000000 -0.429285 0.000000 -0.075214 0.000000 -0.429285 0.000000 -6.013862 -0.000000 -0.429285 0.000000 -10.069252 -0.000000 -0.429285  
 16 8 5  0.000000 -10.285976 0.000000 0.343811 0.000000 -6.147711 0.000000 0.343811 0.000000 -0.087703 0.000000 0.343811 0.000000 5.972305 -0.000000 0.343811 0.000000 10.110570 -0.000000 0.343811  
 17 10 11  0.000000 6.622452 -0.000000 -0.193714 0.000000 3.937956 -0.000000 -0.193714 0.000000 0.006824 0.000000 -0.193714 0.000000 -3.924308 0.000000 -0.193714 0.000000 -6.608804 0.000000 -0.193714  
 18 11 12  0.000000 -5.886013 -0.000000 0.218347 0.000000 -3.498924 -0.000000 0.218347 0.000000 -0.003311 0.000000 0.218347 0.000000 3.492302 0.000000 0.218347 0.000000 5.879391 0.000000 0.218347  
 19 12 13  0.000000 6.659039 0.000000 0.008119 0.000000 3.954159 0.000000 0.008119 0.000000 -0.006824 0.000000 0.008119 0.000000 -3.967807 -0.000000 0.008119 0.000000 -6.672688 -0.000000 0.008119  
 20 13 10  0.000000 -5.929626 0.000000 -0.040819 0.000000 -3.522153 0.000000 -0.040819 0.000000 0.003311 0.000000 -0.040819 0.000000 3.528775 -0.000000 -0.040819 0.000000 5.936248 -0.000000 -0.040819  
 21 15 16  0.000000 2.312437 0.000000 -0.019572 0.000000 1.378485 0.000000 -0.019572 0.000000 0.010820 0.000000 -0.019572 0.000000 -1.356844 -0.000000 -0.019572 0.000000 -2.290796 -0.000000 -0.019572  
 22 16 17  0.000000 -2.166848 0.000000 0.019394 0.000000 -1.282365 0.000000 0.019394 0.000000 0.012859 0.000000 0.019394 0.000000 1.308083 -0.000000 0.019394 0.000000 2.192567 -0.000000 0.019394  
 23 17 18  0.000000 2.340800 -0.000000 -0.015922 0.000000 1.386557 -0.000000 -0.015922 0.000000 -0.010820 0.000000 -0.015922 0.000000 -1.408198 0.000000 -0.015922 0.000000 -2.362440 0.000000 -0.015922  
 24 18 15  0.000000 -2.242570 -0.000000 0.016315 0.000000 -1.337796 -0.000000 0.016315 0.000000 -0.012859 0.000000 0.016315 0.000000 1.312077 0.000000 0.016315 0.000000 2.216852 0.000000 0.016315  
 118 118 128  -32.150184 2.924150 4.253668 0.028471 -31.340026 2.751244 4.035140 0.028471 -30.183505 2.498170 3.710183 0.028471 -29.090916 2.236651 3.381168 0.028471 -28.396557 2.056128 3.149530 0.028471  
 128 128 138  -30.930079 1.951089 3.017280 0.028471 -30.553888 1.794708 2.817917 0.028471 -30.112334 1.552565 2.509124 0.028471 -29.860813 1.284026 2.167625 0.028471 -29.820362 1.078372 1.908725 0.028471  
 138 138 148  -30.156677 1.013941 1.824837 0.028471 -30.185984 0.837984 1.601170 0.028471 -30.223822 0.580285 1.273600 0.028471 -30.255195 0.322655 0.945954 0.028471 -30.272577 0.146802 0.722193 0.028471  
 148 148 158  -30.206841 0.057313 0.608503 0.028471 -30.216674 -0.119094 0.384228 0.028471 -30.223864 -0.376819 0.056527 0.028471 -30.224746 -0.634246 -0.270708 0.028471 -30.221826 -0.810038 -0.494478 0.028471  
 158 158 168  -30.243140 -0.898499 -0.607130 0.028471 -30.234928 -1.075398 -0.831952 0.028471 -30.218352 -1.334583 -1.161028 0.028471 -30.193615 -1.594253 -1.490664 0.028471 -30.224777 -1.761405 -1.705578 0.028471  
 168 168 178  -29.390688 -1.837974 -1.804872 0.028471 -29.622106 -2.036471 -2.052911 0.028471 -30.132104 -2.301756 -2.389442 0.028471 -30.799451 -2.547820 -2.703687 0.028471 -31.298433 -2.709890 -2.912846 0.028471  
 178 178 188  -28.182948 -2.810634 -3.039101 0.028471 -28.976876 -2.992149 -3.265594 0.028471 -30.203136 -3.247346 -3.596962 0.028471 -31.454766 -3.504833 -3.921401 0.028471 -32.315243 -3.680948 -4.141036 0.028471  
 188 188 198  -27.793375 -3.771315 -4.257256 0.028471 -28.775691 -3.947014 -4.482819 0.028471 -30.215647 -4.203913 -4.812075 0.028471 -31.664177 -4.462120 -5.138249 0.028471 -32.658159 -4.638721 -5.359645 0.028471  
 198 198 13  -27.688103 -4.727335 -5.475312 0.028471 -28.718547 -4.903849 -5.699739 0.028471 -30.223103 -5.161810 -6.027730 0.028471 -31.722424 -5.419144 -6.354951 0.028471 -32.743298 -5.594514 -6.577962 0.028471  
