 1 1 5  -62.973744 2.284047 12.509375 0.369816 -51.360263 1.821461 9.271640 0.369816 -35.649913 1.090278 4.156572 0.369816 -34.522702 -0.216114 -3.676382 0.369816 -44.010814 -0.841091 -7.288245 0.369816  
 2 2 6  -43.722466 2.126458 11.297937 0.369816 -30.445732 1.623966 7.795780 0.369816 -9.970384 0.764621 2.495456 0.369816 -11.203036 -0.152000 -2.885555 0.369816 -25.050318 -0.723842 -6.488511 0.369816  
 3 3 7  -50.715513 2.133347 11.842562 0.369816 -37.672143 1.659038 8.371416 0.369816 -17.937102 0.889938 3.086858 0.369816 -19.028695 -0.137241 -3.494266 0.369816 -32.393634 -0.717215 -7.072262 0.369816  
 4 4 8  -69.004417 2.280334 12.916260 0.369816 -57.852805 1.843217 9.677895 0.369816 -44.330414 1.179043 4.333061 0.369816 -43.893527 -0.187670 -3.713243 0.369816 -50.921562 -0.825704 -7.681306 0.369816  
 5 5 10  -36.891603 3.540202 6.994922 -0.174170 -26.217844 2.301758 4.248424 -0.174170 -17.750558 0.075837 -0.947010 -0.174170 -29.893143 -2.095949 -5.445478 -0.174170 -40.612935 -3.371829 -8.139005 -0.174170  
 6 6 11  -28.460757 3.221644 7.076646 -0.174170 -16.124688 1.946465 4.030898 -0.174170 -0.793548 0.040764 -0.351659 -0.174170 -19.093045 -1.847848 -4.880113 -0.174170 -31.330901 -3.108699 -7.909293 -0.174170  
 7 7 12  -32.685938 3.287882 7.406958 -0.174170 -20.476507 2.035403 4.365008 -0.174170 -5.869837 0.062793 -0.676703 -0.174170 -23.386433 -1.918805 -5.222204 -0.174170 -35.541121 -3.166308 -8.240982 -0.174170  
 8 8 118  -35.457115 3.982871 7.752780 -0.174170 -34.200588 3.840624 7.443549 -0.174170 -32.357622 3.631730 6.990111 -0.174170 -30.510694 3.422152 6.535939 -0.174170 -29.246491 3.278669 6.225342 -0.174170  
 9 10 15  -14.804866 1.130361 3.003037 0.014865 -8.846655 0.534872 1.474499 0.014865 -8.470613 -0.519817 -1.360574 0.014865 -17.234130 -1.392836 -3.603814 0.014865 -23.258790 -1.975260 -5.112471 0.014865  
 10 11 16  -11.896279 1.038941 3.054603 0.014865 -5.160715 0.444403 1.374228 0.014865 -3.846524 -0.422591 -1.023163 0.014865 -13.749842 -1.300259 -3.488756 0.014865 -20.391737 -1.883846 -5.153262 0.014865  
 11 12 17  -13.231834 1.044262 3.164052 0.014865 -6.521039 0.457308 1.486155 0.014865 -5.215530 -0.449623 -1.133506 0.014865 -15.083961 -1.308677 -3.597612 0.014865 -21.708506 -1.881956 -5.260692 0.014865  
 12 13 18  -16.161984 1.133666 3.102315 0.014865 -10.376825 0.547851 1.566192 0.014865 -10.030934 -0.543699 -1.450147 0.014865 -18.577348 -1.399237 -3.702677 0.014865 -24.524196 -1.970992 -5.211714 0.014865  
 13 5 6  0.000000 14.746694 -0.000000 -0.243480 0.000000 8.858598 -0.000000 -0.243480 0.000000 0.236167 0.000000 -0.243480 0.000000 -8.386265 0.000000 -0.243480 0.000000 -14.274360 0.000000 -0.243480  
 14 6 7  0.000000 -4.227732 -0.000000 0.504754 0.000000 -2.509389 -0.000000 0.504754 0.000000 0.006923 0.000000 0.504754 0.000000 2.523236 0.000000 0.504754 0.000000 4.241578 0.000000 0.504754  
 15 7 8  0.000000 14.307117 0.000000 -0.185271 0.000000 8.405729 0.000000 -0.185271 0.000000 -0.236167 0.000000 -0.185271 0.000000 -8.878063 -0.000000 -0.185271 0.000000 -14.779451 -0.000000 -0.185271  
 16 8 5  0.000000 -4.274335 0.000000 0.077483 0.000000 -2.542700 0.000000 0.077483 0.000000 -0.006923 0.000000 0.077483 0.000000 2.528854 -0.000000 0.077483 0.000000 4.260489 -0.000000 0.077483  
 17 10 11  0.000000 11.442325 0.000000 -0.205355 0.000000 6.830885 0.000000 -0.205355 0.000000 0.077967 0.000000 -0.205355 0.000000 -6.674950 -0.000000 -0.205355 0.000000 -11.286390 -0.000000 -0.205355  
 18 11 12  0.000000 -4.397330 -0.000000 0.312372 0.000000 -2.611701 -0.000000 0.312372 0.000000 0.003145 0.000000 0.312372 0.000000 2.617991 0.000000 0.312372 0.000000 4.403620 0.000000 0.312372  
 19 12 13  0.000000 11.349078 -0.000000 -0.117949 0.000000 6.712201 -0.000000 -0.117949 0.000000 -0.077967 0.000000 -0.117949 0.000000 -6.868136 0.000000 -0.117949 0.000000 -11.505013 0.000000 -0.117949  
 20 13 10  0.000000 -4.466309 0.000000 -0.124202 0.000000 -2.655242 0.000000 -0.124202 0.000000 -0.003145 0.000000 -0.124202 0.000000 2.648952 -0.000000 -0.124202 0.000000 4.460019 -0.000000 -0.124202  
 21 15 16  0.000000 5.235381 0.000000 -0.043198 0.000000 3.140155 0.000000 -0.043198 0.000000 0.071940 0.000000 -0.043198 0.000000 -2.996274 -0.000000 -0.043198 0.000000 -5.091500 -0.000000 -0.043198  
 22 16 17  0.000000 -1.887905 -0.000000 0.057101 0.000000 -1.119129 -0.000000 0.057101 0.000000 0.006653 0.000000 0.057101 0.000000 1.132436 0.000000 0.057101 0.000000 1.901212 0.000000 0.057101  
 23 17 18  0.000000 5.156209 -0.000000 -0.041395 0.000000 3.034726 -0.000000 -0.041395 0.000000 -0.071940 0.000000 -0.041395 0.000000 -3.178606 0.000000 -0.041395 0.000000 -5.300090 0.000000 -0.041395  
 24 18 15  0.000000 -1.965921 0.000000 0.046691 0.000000 -1.170887 0.000000 0.046691 0.000000 -0.006653 0.000000 0.046691 0.000000 1.157581 -0.000000 0.046691 0.000000 1.952614 -0.000000 0.046691  
 118 118 128  -35.264771 3.206892 6.065274 -0.174170 -34.075818 3.063730 5.757770 -0.174170 -32.343442 2.853730 5.306006 -0.174170 -30.626919 2.643869 4.851699 -0.174170 -29.490146 2.504358 4.535989 -0.174170  
 128 128 138  -34.229169 2.423092 4.366208 -0.174170 -33.401018 2.286409 4.071954 -0.174170 -32.268132 2.081239 3.631203 -0.174170 -31.284596 1.870203 3.168571 -0.174170 -30.741165 1.716171 2.833695 -0.174170  
 138 138 148  -32.561990 1.630097 2.672475 -0.174170 -32.376205 1.514006 2.392315 -0.174170 -32.289336 1.312688 1.946784 -0.174170 -32.319761 1.088113 1.476322 -0.174170 -32.336520 0.934804 1.155100 -0.174170  
 148 148 158  -32.342353 0.875319 1.011593 -0.174170 -32.351957 0.731949 0.701117 -0.174170 -32.358716 0.522656 0.247214 -0.174170 -32.359738 0.313626 -0.206282 -0.174170 -32.357790 0.170940 -0.516098 -0.174170  
 158 158 168  -32.384517 0.097476 -0.674603 -0.174170 -32.376558 -0.045070 -0.984371 -0.174170 -32.359885 -0.254008 -1.437884 -0.174170 -32.334644 -0.463532 -1.891945 -0.174170 -32.313816 -0.606737 -2.202085 -0.174170  
 168 168 178  -31.889044 -0.649062 -2.311264 -0.174170 -31.892178 -0.829460 -2.677986 -0.174170 -32.199193 -1.047047 -3.153181 -0.174170 -32.772464 -1.240149 -3.578082 -0.174170 -33.289188 -1.362606 -3.847723 -0.174170  
 178 178 188  -29.810982 -1.455025 -4.037924 -0.174170 -30.788152 -1.599529 -4.357128 -0.174170 -32.318109 -1.809418 -4.813442 -0.174170 -33.910858 -2.017869 -5.262710 -0.174170 -35.012288 -2.159385 -5.567796 -0.174170  
 188 188 198  -29.289076 -2.233006 -5.730370 -0.174170 -30.533333 -2.376516 -6.041080 -0.174170 -32.356843 -2.586040 -6.495293 -0.174170 -34.177356 -2.794944 -6.948672 -0.174170 -35.417597 -2.937260 -7.257830 -0.174170  
 198 198 13  -29.232495 -3.010196 -7.416001 -0.174170 -30.502542 -3.153618 -7.726621 -0.174170 -32.358167 -3.363145 -8.180823 -0.174170 -34.208790 -3.572077 -8.634242 -0.174170 -35.469699 -3.714412 -8.943426 -0.174170  
