 1 1 5  -32.460870 1.397783 -3.680575 0.005450 -31.262780 1.115813 -2.752606 0.005450 -31.140901 0.499993 -1.083201 0.005450 -31.144590 -0.148109 0.624975 0.005450 -31.112916 -0.590398 1.790292 0.005450  
 2 2 6  -37.913248 1.477113 -3.802177 0.005450 -37.254661 1.144737 -2.782729 0.005450 -37.309188 0.498863 -1.085838 0.005450 -37.316543 -0.147464 0.611480 0.005450 -37.282139 -0.589106 1.770862 0.005450  
 3 3 7  -40.987762 1.509044 -3.852241 0.005450 -40.595904 1.142729 -2.781712 0.005450 -40.653161 0.499395 -1.084511 0.005450 -40.658332 -0.142225 0.610620 0.005450 -40.627276 -0.581199 1.769273 0.005450  
 4 4 8  -35.412341 1.440744 -3.757899 0.005450 -34.528165 1.133675 -2.775567 0.005450 -34.529231 0.500532 -1.081804 0.005450 -34.537360 -0.143022 0.623926 0.005450 -34.503378 -0.582647 1.788569 0.005450  
 5 5 10  -21.475329 1.087985 -1.854063 0.006330 -21.205873 0.688672 -1.062383 0.006330 -21.222087 0.029724 0.180659 0.006330 -21.201875 -0.628927 1.423375 0.006330 -21.701648 -0.996991 2.170217 0.006330  
 6 6 11  -24.667399 1.120149 -1.869086 0.006330 -24.595714 0.688143 -1.047792 0.006330 -24.614383 0.029778 0.182418 0.006330 -24.591660 -0.628330 1.412583 0.006330 -24.810676 -1.036203 2.204624 0.006330  
 7 7 12  -26.694181 1.121549 -1.880802 0.006330 -26.684469 0.681643 -1.047164 0.006330 -26.700753 0.029010 0.182160 0.006330 -26.680216 -0.623567 1.411742 0.006330 -26.781608 -1.046996 2.226358 0.006330  
 8 8 118  -23.541420 1.203761 -2.072695 0.006330 -23.457903 1.162525 -1.992889 0.006330 -23.350007 1.101008 -1.873143 0.006330 -23.269231 1.035642 -1.748483 0.006330 -23.230938 0.988337 -1.660348 0.006330  
 9 10 15  -10.934207 0.745286 -0.838533 0.003593 -10.740206 0.380604 -0.347343 0.003593 -10.744786 -0.207800 0.427735 0.003593 -11.221937 -0.718563 1.112953 0.003593 -12.245005 -0.984397 1.472915 0.003593  
 10 11 16  -12.036260 0.761544 -0.835264 0.003593 -11.937489 0.380521 -0.336579 0.003593 -11.941801 -0.207713 0.424601 0.003593 -12.267133 -0.739618 1.122356 0.003593 -13.178494 -1.013163 1.487707 0.003593  
 11 12 17  -12.801821 0.759412 -0.843363 0.003593 -12.746801 0.375299 -0.336529 0.003593 -12.751192 -0.205756 0.424478 0.003593 -12.994043 -0.743059 1.136823 0.003593 -13.833413 -1.018721 1.511204 0.003593  
 12 13 18  -11.687621 0.746412 -0.849834 0.003593 -11.558555 0.375382 -0.347303 0.003593 -11.562979 -0.205845 0.427610 0.003593 -11.936002 -0.724227 1.130496 0.003593 -12.890189 -0.990522 1.498833 0.003593  
 13 5 6  0.000000 -3.737626 0.000000 0.020486 0.000000 -2.219755 0.000000 0.020486 0.000000 0.002991 0.000000 0.020486 0.000000 2.225737 -0.000000 0.020486 0.000000 3.743608 -0.000000 0.020486  
 14 6 7  0.000000 -1.716958 -0.000000 -0.008895 0.000000 -1.019770 -0.000000 -0.008895 0.000000 0.001179 0.000000 -0.008895 0.000000 1.022129 0.000000 -0.008895 0.000000 1.719316 0.000000 -0.008895  
 15 7 8  0.000000 -3.744092 -0.000000 0.015244 0.000000 -2.226024 -0.000000 0.015244 0.000000 -0.002991 0.000000 0.015244 0.000000 2.220042 0.000000 0.015244 0.000000 3.738110 0.000000 0.015244  
 16 8 5  0.000000 -1.718833 0.000000 -0.016751 0.000000 -1.021842 0.000000 -0.016751 0.000000 -0.001179 0.000000 -0.016751 0.000000 1.019483 -0.000000 -0.016751 0.000000 1.716474 -0.000000 -0.016751  
 17 10 11  0.000000 -3.058251 0.000000 0.019402 0.000000 -1.816558 0.000000 0.019402 0.000000 0.001758 0.000000 0.019402 0.000000 1.820073 -0.000000 0.019402 0.000000 3.061767 -0.000000 0.019402  
 18 11 12  0.000000 -1.795069 0.000000 -0.010556 0.000000 -1.066350 0.000000 -0.010556 0.000000 0.000775 0.000000 -0.010556 0.000000 1.067900 -0.000000 -0.010556 0.000000 1.796620 -0.000000 -0.010556  
 19 12 13  0.000000 -3.062348 -0.000000 0.017158 0.000000 -1.820419 -0.000000 0.017158 0.000000 -0.001758 0.000000 0.017158 0.000000 1.816904 0.000000 0.017158 0.000000 3.058833 0.000000 0.017158  
 20 13 10  0.000000 -1.796038 -0.000000 -0.013962 0.000000 -1.067555 -0.000000 -0.013962 0.000000 -0.000775 0.000000 -0.013962 0.000000 1.066004 0.000000 -0.013962 0.000000 1.794487 0.000000 -0.013962  
 21 15 16  0.000000 -1.540990 0.000000 0.014181 0.000000 -0.914177 0.000000 0.014181 0.000000 0.003719 0.000000 0.014181 0.000000 0.921614 -0.000000 0.014181 0.000000 1.548427 -0.000000 0.014181  
 22 16 17  0.000000 -1.055713 -0.000000 -0.010125 0.000000 -0.626514 -0.000000 -0.010125 0.000000 0.001998 0.000000 -0.010125 0.000000 0.630509 0.000000 -0.010125 0.000000 1.059708 0.000000 -0.010125  
 23 17 18  0.000000 -1.549117 -0.000000 0.013028 0.000000 -0.922024 -0.000000 0.013028 0.000000 -0.003719 0.000000 0.013028 0.000000 0.914587 0.000000 0.013028 0.000000 1.541680 0.000000 0.013028  
 24 18 15  0.000000 -1.059018 0.000000 -0.011947 0.000000 -0.630099 0.000000 -0.011947 0.000000 -0.001998 0.000000 -0.011947 0.000000 0.626104 -0.000000 -0.011947 0.000000 1.055022 -0.000000 -0.011947  
 118 118 128  -23.375659 0.967238 -1.619591 0.006330 -23.359714 0.926853 -1.539280 0.006330 -23.362754 0.862523 -1.416324 0.006330 -23.366226 0.798083 -1.293246 0.006330 -23.368505 0.754079 -1.209199 0.006330  
 128 128 138  -23.360629 0.732517 -1.167236 0.006330 -23.362500 0.688968 -1.083660 0.006330 -23.365135 0.625197 -0.961276 0.006330 -23.367653 0.561427 -0.838894 0.006330 -23.369308 0.517882 -0.755321 0.006330  
 138 138 148  -23.361448 0.495660 -0.712675 0.006330 -23.362987 0.452111 -0.629101 0.006330 -23.365137 0.388340 -0.506715 0.006330 -23.367177 0.324570 -0.384330 0.006330 -23.368461 0.281026 -0.300766 0.006330  
 148 148 158  -23.363027 0.258789 -0.258077 0.006330 -23.364134 0.215246 -0.174532 0.006330 -23.365478 0.151503 -0.052194 0.006330 -23.366060 0.087721 0.070227 0.006330 -23.366005 0.044136 0.153846 0.006330  
 158 158 168  -23.367593 0.021940 0.196453 0.006330 -23.366754 -0.021603 0.280020 0.006330 -23.365199 -0.085369 0.402403 0.006330 -23.363438 -0.149143 0.524786 0.006330 -23.362109 -0.192695 0.608368 0.006330  
 168 168 178  -23.368896 -0.214912 0.651004 0.006330 -23.367434 -0.258460 0.734584 0.006330 -23.365144 -0.322231 0.856968 0.006330 -23.362728 -0.386000 0.979349 0.006330 -23.361000 -0.429547 1.062919 0.006330  
 178 178 188  -23.369709 -0.451770 1.105570 0.006330 -23.367889 -0.495317 1.189143 0.006330 -23.365134 -0.559087 1.311526 0.006330 -23.362261 -0.622857 1.433910 0.006330 -23.360237 -0.666405 1.517484 0.006330  
 188 188 198  -23.337736 -0.684631 1.555601 0.006330 -23.335271 -0.732311 1.643783 0.006330 -23.347063 -0.799144 1.769729 0.006330 -23.394301 -0.859549 1.888542 0.006330 -23.436765 -0.899629 1.967524 0.006330  
 198 198 13  -23.120798 -0.923715 2.011487 0.006330 -23.208673 -0.968933 2.098358 0.006330 -23.351368 -1.034244 2.222877 0.006330 -23.515578 -1.097043 2.343950 0.006330 -23.654118 -1.137667 2.422410 0.006330  
