 1 1 5  -38.537014 2.109319 4.727354 0.029029 -37.471263 1.888872 3.765632 0.029029 -37.368993 1.205991 1.782296 0.029029 -37.278748 0.235887 -0.549941 0.029029 -36.185478 -0.396657 -2.114738 0.029029  
 2 2 6  -31.470965 2.018436 4.502655 0.029029 -29.389156 1.771105 3.591803 0.029029 -27.337745 1.212239 1.777303 0.029029 -27.248378 0.213376 -0.631838 0.029029 -26.403896 -0.438179 -2.235870 0.029029  
 3 3 7  -36.366508 2.045138 4.696955 0.029029 -35.008878 1.829193 3.747894 0.029029 -34.388522 1.201724 1.771836 0.029029 -34.312312 0.257453 -0.614450 0.029029 -33.226855 -0.374821 -2.201930 0.029029  
 4 4 8  -43.826702 2.141269 4.875061 0.029029 -43.444113 1.918069 3.848893 0.029029 -44.234523 1.190194 1.769479 0.029029 -44.126029 0.279319 -0.530798 0.029029 -43.028480 -0.313890 -2.058824 0.029029  
 5 5 10  -29.501980 3.742166 3.896451 -0.056096 -23.787498 2.477738 2.489861 -0.056096 -20.680780 -0.110360 -0.352808 -0.056096 -24.875800 -2.540331 -2.975785 -0.056096 -30.636263 -3.802193 -4.334205 -0.056096  
 6 6 11  -25.547047 3.558702 3.783317 -0.056096 -19.323565 2.305182 2.373955 -0.056096 -14.633566 -0.110741 -0.347042 -0.056096 -20.585502 -2.382906 -2.838122 -0.056096 -26.791405 -3.634437 -4.213238 -0.056096  
 7 7 12  -28.402617 3.650139 3.917548 -0.056096 -22.540103 2.401864 2.497305 -0.056096 -18.994270 -0.110749 -0.346878 -0.056096 -23.684627 -2.470231 -2.974732 -0.056096 -29.579895 -3.718200 -4.349555 -0.056096  
 8 8 118  -30.055136 4.249447 4.456485 -0.056096 -29.261771 4.091544 4.281778 -0.056096 -28.102174 3.858372 4.026321 -0.056096 -26.937124 3.624559 3.770132 -0.056096 -26.143178 3.465224 3.593729 -0.056096  
 9 10 15  -11.599163 -0.187168 0.299731 -0.003859 -11.821647 -0.417710 -0.179599 -0.003859 -11.991308 -0.737325 -0.860929 -0.003859 -12.743884 -0.931079 -1.389239 -0.003859 -13.391930 -1.035076 -1.693793 -0.003859  
 10 11 16  -10.210201 -0.184490 0.363975 -0.003859 -10.430449 -0.416487 -0.136726 -0.003859 -10.697493 -0.721667 -0.834981 -0.003859 -11.648762 -0.902015 -1.369750 -0.003859 -12.417013 -1.003880 -1.678200 -0.003859  
 11 12 17  -11.028164 -0.213837 0.361108 -0.003859 -11.253744 -0.436720 -0.138074 -0.003859 -11.460296 -0.736177 -0.845343 -0.003859 -12.297127 -0.910585 -1.392051 -0.003859 -13.005055 -1.007168 -1.705044 -0.003859  
 12 13 18  -12.420818 -0.216682 0.296751 -0.003859 -12.646787 -0.437970 -0.181012 -0.003859 -12.772768 -0.749059 -0.868483 -0.003859 -13.408423 -0.939048 -1.409424 -0.003859 -14.009681 -1.037406 -1.718312 -0.003859  
 13 5 6  0.000000 6.152541 -0.000000 -0.125053 0.000000 3.661549 -0.000000 -0.125053 0.000000 0.013781 0.000000 -0.125053 0.000000 -3.633987 0.000000 -0.125053 0.000000 -6.124979 0.000000 -0.125053  
 14 6 7  0.000000 -4.151041 -0.000000 0.110558 0.000000 -2.464720 -0.000000 0.110558 0.000000 0.004702 0.000000 0.110558 0.000000 2.474123 0.000000 0.110558 0.000000 4.160444 0.000000 0.110558  
 15 7 8  0.000000 6.126251 0.000000 -0.042268 0.000000 3.634743 0.000000 -0.042268 0.000000 -0.013781 0.000000 -0.042268 0.000000 -3.662305 -0.000000 -0.042268 0.000000 -6.153814 -0.000000 -0.042268  
 16 8 5  0.000000 -4.161717 0.000000 0.007169 0.000000 -2.474879 0.000000 0.007169 0.000000 -0.004702 0.000000 0.007169 0.000000 2.465476 -0.000000 0.007169 0.000000 4.152314 -0.000000 0.007169  
 17 10 11  0.000000 4.842203 0.000000 -0.114472 0.000000 2.881149 0.000000 -0.114472 0.000000 0.009413 0.000000 -0.114472 0.000000 -2.862323 -0.000000 -0.114472 0.000000 -4.823377 -0.000000 -0.114472  
 18 11 12  0.000000 -3.708090 0.000000 0.092161 0.000000 -2.201702 0.000000 0.092161 0.000000 0.004226 0.000000 0.092161 0.000000 2.210155 -0.000000 0.092161 0.000000 3.716543 -0.000000 0.092161  
 19 12 13  0.000000 4.832779 -0.000000 -0.026299 0.000000 2.867909 -0.000000 -0.026299 0.000000 -0.009413 0.000000 -0.026299 0.000000 -2.886735 0.000000 -0.026299 0.000000 -4.851605 0.000000 -0.026299  
 20 13 10  0.000000 -3.725944 -0.000000 -0.013736 0.000000 -2.215742 -0.000000 -0.013736 0.000000 -0.004226 0.000000 -0.013736 0.000000 2.207289 0.000000 -0.013736 0.000000 3.717492 0.000000 -0.013736  
 21 15 16  0.000000 1.724113 0.000000 -0.012659 0.000000 1.025609 0.000000 -0.012659 0.000000 0.002732 0.000000 -0.012659 0.000000 -1.020145 -0.000000 -0.012659 0.000000 -1.718648 -0.000000 -0.012659  
 22 16 17  0.000000 -1.020150 0.000000 0.008802 0.000000 -0.605954 0.000000 0.008802 0.000000 0.000586 0.000000 0.008802 0.000000 0.607127 -0.000000 0.008802 0.000000 1.021322 -0.000000 0.008802  
 23 17 18  0.000000 1.728022 -0.000000 -0.011845 0.000000 1.025715 -0.000000 -0.011845 0.000000 -0.002732 0.000000 -0.011845 0.000000 -1.031180 0.000000 -0.011845 0.000000 -1.733487 0.000000 -0.011845  
 24 18 15  0.000000 -1.030697 -0.000000 0.007212 0.000000 -0.612698 -0.000000 0.007212 0.000000 -0.000586 0.000000 0.007212 0.000000 0.611525 0.000000 0.007212 0.000000 1.029524 0.000000 0.007212  
 118 118 128  -29.754990 3.381164 3.503110 -0.056096 -29.074637 3.224570 3.330292 -0.056096 -28.073598 2.994725 3.076639 -0.056096 -27.118587 2.759240 2.819973 -0.056096 -26.523395 2.594954 2.638759 -0.056096  
 128 128 138  -28.939465 2.505252 2.541037 -0.056096 -28.537525 2.359321 2.379865 -0.056096 -28.034239 2.134729 2.132784 -0.056096 -27.641713 1.895054 1.869802 -0.056096 -27.461679 1.717767 1.676382 -0.056096  
 138 138 148  -28.088560 1.645040 1.596082 -0.056096 -28.059128 1.496071 1.431512 -0.056096 -28.096954 1.260785 1.173397 -0.056096 -28.128260 1.025571 0.915217 -0.056096 -28.145536 0.865037 0.738907 -0.056096  
 148 148 158  -28.086950 0.786011 0.652065 -0.056096 -28.096208 0.626429 0.476746 -0.056096 -28.104156 0.393056 0.220433 -0.056096 -28.105038 0.160109 -0.035271 -0.056096 -28.101856 0.000991 -0.210246 -0.056096  
 158 158 168  -28.129321 -0.080718 -0.299714 -0.056096 -28.120913 -0.239734 -0.474560 -0.056096 -28.104381 -0.472669 -0.730385 -0.056096 -28.080036 -0.706104 -0.986706 -0.056096 -28.059547 -0.865679 -1.161870 -0.056096  
 168 168 178  -28.096964 -0.932794 -1.236416 -0.056096 -28.066875 -1.104543 -1.424330 -0.056096 -28.036676 -1.351762 -1.695069 -0.056096 -28.128751 -1.574233 -1.940348 -0.056096 -28.265223 -1.713769 -2.093923 -0.056096  
 178 178 188  -27.097042 -1.803682 -2.190704 -0.056096 -27.440753 -1.973752 -2.379014 -0.056096 -28.048623 -2.210431 -2.640240 -0.056096 -28.744833 -2.438999 -2.888923 -0.056096 -29.256741 -2.589990 -3.055546 -0.056096  
 188 188 198  -26.329537 -2.678902 -3.151388 -0.056096 -27.045413 -2.838251 -3.328401 -0.056096 -28.094450 -3.071458 -3.586093 -0.056096 -29.154524 -3.304794 -3.840716 -0.056096 -29.885220 -3.463655 -4.013341 -0.056096  
 198 198 13  -26.088811 -3.545217 -4.103292 -0.056096 -26.902455 -3.704070 -4.280123 -0.056096 -28.099814 -3.937945 -4.536393 -0.056096 -29.296564 -4.171141 -4.791728 -0.056096 -30.114920 -4.329335 -4.966096 -0.056096  
