 1 1 5  -40.631294 -1.775233 3.406069 -0.005271 -40.382350 -1.346757 2.415675 -0.005271 -40.439353 -0.640830 0.877865 -0.005271 -40.443448 0.064050 -0.658051 -0.005271 -40.412537 0.545797 -1.708053 -0.005271  
 2 2 6  -36.536031 -1.731502 3.356681 -0.005271 -35.992537 -1.348562 2.419643 -0.005271 -36.050010 -0.642017 0.877474 -0.005271 -36.057285 0.064817 -0.665245 -0.005271 -36.023761 0.547187 -1.718484 -0.005271  
 3 3 7  -32.381503 -1.674163 3.274850 -0.005271 -31.476643 -1.333247 2.401289 -0.005271 -31.433674 -0.641066 0.878634 -0.005271 -31.440117 0.071462 -0.665861 -0.005271 -31.409291 0.557077 -1.719580 -0.005271  
 4 4 8  -36.361940 -1.733427 3.349035 -0.005271 -35.805467 -1.349805 2.417074 -0.005271 -35.861662 -0.639889 0.879036 -0.005271 -35.869690 0.070641 -0.658842 -0.005271 -35.836266 0.555585 -1.709286 -0.005271  
 5 5 10  -26.529447 -1.624104 1.247512 -0.004096 -26.541564 -1.007343 0.634307 -0.004096 -26.556114 -0.102048 -0.265626 -0.004096 -26.536664 0.803407 -1.165574 -0.004096 -26.591867 1.407032 -1.764785 -0.004096  
 6 6 11  -24.407439 -1.614946 1.248991 -0.004096 -24.370953 -1.007824 0.641594 -0.004096 -24.387823 -0.101904 -0.264436 -0.004096 -24.366239 0.804039 -1.170280 -0.004096 -24.514623 1.390587 -1.755549 -0.004096  
 7 7 12  -21.557707 -1.602419 1.225836 -0.004096 -21.387843 -1.015910 0.642151 -0.004096 -21.403569 -0.102326 -0.264592 -0.004096 -21.383691 0.810986 -1.170885 -0.004096 -21.728406 1.368868 -1.720570 -0.004096  
 8 8 118  -23.724159 -1.762649 1.372154 -0.004096 -23.660926 -1.705118 1.314780 -0.004096 -23.589047 -1.616860 1.228080 -0.004096 -23.543396 -1.524214 1.136526 -0.004096 -23.520350 -1.459241 1.072783 -0.004096  
 9 10 15  -12.752039 -1.113330 0.336071 -0.003731 -12.737849 -0.553793 0.066980 -0.003731 -12.741638 0.272553 -0.333231 -0.003731 -12.895826 1.066607 -0.704107 -0.003731 -13.617160 1.500805 -0.875534 -0.003731  
 10 11 16  -12.101866 -1.107583 0.338927 -0.003731 -12.059096 -0.553846 0.071006 -0.003731 -12.062736 0.272642 -0.334568 -0.003731 -12.274713 1.056255 -0.701451 -0.003731 -13.055445 1.481717 -0.871565 -0.003731  
 11 12 17  -10.996980 -1.108129 0.327973 -0.003731 -10.873608 -0.562399 0.071060 -0.003731 -10.877352 0.276198 -0.334662 -0.003731 -11.214021 1.049563 -0.683082 -0.003731 -12.115543 1.465636 -0.845679 -0.003731  
 12 13 18  -11.633417 -1.118066 0.327264 -0.003731 -11.560752 -0.562334 0.067036 -0.003731 -11.564536 0.276095 -0.333312 -0.003731 -11.827420 1.062570 -0.687240 -0.003731 -12.662009 1.487482 -0.851025 -0.003731  
 13 5 6  0.000000 3.040453 0.000000 0.007225 0.000000 1.807285 0.000000 0.007225 0.000000 0.001453 0.000000 0.007225 0.000000 -1.804378 -0.000000 0.007225 0.000000 -3.037546 -0.000000 0.007225  
 14 6 7  0.000000 2.202193 0.000000 -0.017645 0.000000 1.309185 0.000000 -0.017645 0.000000 0.001479 0.000000 -0.017645 0.000000 -1.306227 -0.000000 -0.017645 0.000000 -2.199235 -0.000000 -0.017645  
 15 7 8  0.000000 3.037128 -0.000000 0.013145 0.000000 1.804129 -0.000000 0.013145 0.000000 -0.001453 0.000000 0.013145 0.000000 -1.807036 0.000000 0.013145 0.000000 -3.040034 0.000000 0.013145  
 16 8 5  0.000000 2.199654 -0.000000 -0.010636 0.000000 1.306476 -0.000000 -0.010636 0.000000 -0.001479 0.000000 -0.010636 0.000000 -1.309434 0.000000 -0.010636 0.000000 -2.202612 0.000000 -0.010636  
 17 10 11  0.000000 2.079257 0.000000 0.007975 0.000000 1.235788 0.000000 0.007975 0.000000 0.000625 0.000000 0.007975 0.000000 -1.234538 -0.000000 0.007975 0.000000 -2.078007 -0.000000 0.007975  
 18 11 12  0.000000 2.524948 0.000000 -0.015913 0.000000 1.500880 0.000000 -0.015913 0.000000 0.001252 0.000000 -0.015913 0.000000 -1.498377 -0.000000 -0.015913 0.000000 -2.522445 -0.000000 -0.015913  
 19 12 13  0.000000 2.077476 -0.000000 0.011847 0.000000 1.234222 -0.000000 0.011847 0.000000 -0.000625 0.000000 0.011847 0.000000 -1.235472 0.000000 0.011847 0.000000 -2.078725 0.000000 0.011847  
 20 13 10  0.000000 2.522976 -0.000000 -0.012551 0.000000 1.498692 -0.000000 -0.012551 0.000000 -0.001252 0.000000 -0.012551 0.000000 -1.501196 0.000000 -0.012551 0.000000 -2.525479 0.000000 -0.012551  
 21 15 16  0.000000 0.895663 -0.000000 0.007663 0.000000 0.532797 -0.000000 0.007663 0.000000 0.001423 0.000000 0.007663 0.000000 -0.529951 0.000000 0.007663 0.000000 -0.892816 0.000000 0.007663  
 22 16 17  0.000000 1.546360 -0.000000 -0.012199 0.000000 0.920302 -0.000000 -0.012199 0.000000 0.003514 0.000000 -0.012199 0.000000 -0.913275 0.000000 -0.012199 0.000000 -1.539332 0.000000 -0.012199  
 23 17 18  0.000000 0.892184 0.000000 0.009525 0.000000 0.529575 0.000000 0.009525 0.000000 -0.001423 0.000000 0.009525 0.000000 -0.532421 -0.000000 0.009525 0.000000 -0.895030 -0.000000 0.009525  
 24 18 15  0.000000 1.539965 0.000000 -0.011209 0.000000 0.913651 0.000000 -0.011209 0.000000 -0.003514 0.000000 -0.011209 0.000000 -0.920679 -0.000000 -0.011209 0.000000 -1.546993 -0.000000 -0.011209  
 118 118 128  -23.597673 -1.431032 1.044755 -0.004096 -23.599992 -1.369386 0.983965 -0.004096 -23.603270 -1.279114 0.894943 -0.004096 -23.606411 -1.188841 0.805922 -0.004096 -23.608483 -1.127194 0.745131 -0.004096  
 128 128 138  -23.598982 -1.095736 0.714110 -0.004096 -23.600749 -1.034091 0.653319 -0.004096 -23.603248 -0.943819 0.564297 -0.004096 -23.605650 -0.853546 0.475276 -0.004096 -23.607234 -0.791898 0.414485 -0.004096  
 138 138 148  -23.599627 -0.760439 0.383463 -0.004096 -23.601139 -0.698796 0.322672 -0.004096 -23.603266 -0.608526 0.233652 -0.004096 -23.605282 -0.518254 0.144635 -0.004096 -23.606501 -0.456597 0.083832 -0.004096  
 148 148 158  -23.601342 -0.425169 0.052862 -0.004096 -23.602334 -0.363508 -0.007968 -0.004096 -23.603591 -0.273208 -0.097035 -0.004096 -23.604146 -0.182941 -0.186022 -0.004096 -23.603886 -0.121357 -0.246750 -0.004096  
 158 158 168  -23.605710 -0.089866 -0.277833 -0.004096 -23.604826 -0.028204 -0.338617 -0.004096 -23.603306 0.062073 -0.427639 -0.004096 -23.601589 0.152338 -0.516663 -0.004096 -23.600334 0.213975 -0.577452 -0.004096  
 168 168 178  -23.606742 0.245446 -0.608479 -0.004096 -23.605389 0.307088 -0.669265 -0.004096 -23.603279 0.397358 -0.758282 -0.004096 -23.601016 0.487633 -0.847306 -0.004096 -23.599387 0.549284 -0.908104 -0.004096  
 178 178 188  -23.607568 0.580736 -0.939119 -0.004096 -23.605851 0.642383 -0.999911 -0.004096 -23.603256 0.732656 -1.088932 -0.004096 -23.600546 0.822929 -1.177953 -0.004096 -23.598633 0.884574 -1.238744 -0.004096  
 188 188 198  -23.595113 0.913439 -1.267104 -0.004096 -23.592829 0.977246 -1.330108 -0.004096 -23.589347 1.070682 -1.422367 -0.004096 -23.615422 1.158245 -1.508681 -0.004096 -23.640739 1.216732 -1.566093 -0.004096  
 198 198 13  -23.442724 1.248410 -1.597127 -0.004096 -23.493078 1.313327 -1.661869 -0.004096 -23.591967 1.405118 -1.751836 -0.004096 -23.706809 1.493756 -1.839915 -0.004096 -23.803733 1.552387 -1.896748 -0.004096  
