 1 1 5  -37.794117 6.975779 0.909418 -0.005154 -32.917490 5.424783 0.838886 -0.005154 -26.446537 2.814486 0.656617 -0.005154 -25.928924 -1.185493 0.143520 -0.005154 -26.949102 -3.528923 -0.132982 -0.005154  
 2 2 6  -36.091403 6.892721 0.982902 -0.005154 -30.860084 5.320160 0.893696 -0.005154 -23.450302 2.739607 0.651152 -0.005154 -22.518514 -1.209435 0.148140 -0.005154 -24.484236 -3.440653 -0.140041 -0.005154  
 3 3 7  -48.210111 7.561154 1.026785 -0.005154 -44.355663 6.017825 0.972442 -0.005154 -41.306218 3.011263 0.735635 -0.005154 -41.230253 -0.871651 0.167475 -0.005154 -40.159418 -3.507899 -0.177191 -0.005154  
 4 4 8  -50.010678 7.628153 0.959539 -0.005154 -46.485255 6.086193 0.914920 -0.005154 -44.407158 2.999481 0.699507 -0.005154 -44.312716 -0.848874 0.166269 -0.005154 -43.215710 -3.449054 -0.159176 -0.005154  
 5 5 10  -30.402710 6.676079 2.333516 0.301335 -20.182291 4.084238 1.380370 0.301335 -9.011861 -0.360225 -0.268670 0.301335 -21.972668 -4.502888 -1.705591 0.301335 -32.088157 -7.081889 -2.632480 0.301335  
 6 6 11  -29.717866 6.632986 2.294205 0.301335 -19.456416 4.034782 1.353507 0.301335 -7.793955 -0.360917 -0.276337 0.301335 -21.291254 -4.460455 -1.694486 0.301335 -31.480856 -7.045917 -2.612351 0.301335  
 7 7 12  -36.284348 6.869210 2.436585 0.301335 -26.950313 4.377282 1.503512 0.301335 -20.146881 -0.419722 -0.276562 0.301335 -28.894434 -4.874498 -1.857264 0.301335 -38.230625 -7.347459 -2.762625 0.301335  
 8 8 118  -31.588667 7.400560 2.714256 0.301335 -30.461533 7.117775 2.607508 0.301335 -28.807009 6.703053 2.450701 0.301335 -27.148935 6.287501 2.293505 0.301335 -26.013704 6.003296 2.185786 0.301335  
 9 10 15  -10.149445 1.400370 -1.090789 -0.049973 -8.169488 0.412819 -0.975637 -0.049973 -8.879241 -1.255577 -0.423618 -0.049973 -12.893644 -2.477733 0.014219 -0.049973 -15.790587 -3.271757 0.282802 -0.049973  
 10 11 16  -10.432043 1.412803 -1.112638 -0.049973 -8.475064 0.417935 -0.994840 -0.049973 -9.150952 -1.268212 -0.434661 -0.049973 -13.137345 -2.497265 0.010680 -0.049973 -16.033733 -3.292347 0.284243 -0.049973  
 11 12 17  -12.634129 1.299608 -1.237943 -0.049973 -11.436783 0.292538 -1.078891 -0.049973 -11.960018 -1.392713 -0.476472 -0.049973 -15.114793 -2.573500 0.012845 -0.049973 -17.698414 -3.304453 0.292510 -0.049973  
 12 13 18  -12.375852 1.291454 -1.217395 -0.049973 -11.157150 0.289891 -1.064719 -0.049973 -11.709111 -1.385657 -0.465334 -0.049973 -14.887536 -2.558065 0.016767 -0.049973 -17.485524 -3.287077 0.291413 -0.049973  
 13 5 6  0.000000 2.504545 0.000000 -0.047731 0.000000 1.485055 0.000000 -0.047731 0.000000 -0.007871 0.000000 -0.047731 0.000000 -1.500797 -0.000000 -0.047731 0.000000 -2.520288 -0.000000 -0.047731  
 14 6 7  0.000000 -10.109214 0.000000 0.104356 0.000000 -5.975698 0.000000 0.104356 0.000000 0.077355 0.000000 0.104356 0.000000 6.130407 -0.000000 0.104356 0.000000 10.263923 -0.000000 0.104356  
 15 7 8  0.000000 2.523153 -0.000000 0.201394 0.000000 1.502499 -0.000000 0.201394 0.000000 0.007871 0.000000 0.201394 0.000000 -1.486757 0.000000 0.201394 0.000000 -2.507411 0.000000 0.201394  
 16 8 5  0.000000 -10.266789 -0.000000 0.071374 0.000000 -6.132110 -0.000000 0.071374 0.000000 -0.077355 0.000000 0.071374 0.000000 5.977401 0.000000 0.071374 0.000000 10.112079 0.000000 0.071374  
 17 10 11  0.000000 1.533567 -0.000000 -0.014082 0.000000 0.909746 -0.000000 -0.014082 0.000000 -0.003767 0.000000 -0.014082 0.000000 -0.917281 0.000000 -0.014082 0.000000 -1.541102 0.000000 -0.014082  
 18 11 12  0.000000 -8.621596 -0.000000 0.039787 0.000000 -5.107420 -0.000000 0.039787 0.000000 0.038683 0.000000 0.039787 0.000000 5.184785 0.000000 0.039787 0.000000 8.698961 0.000000 0.039787  
 19 12 13  0.000000 1.557365 0.000000 0.265725 0.000000 0.926945 0.000000 0.265725 0.000000 0.003767 0.000000 0.265725 0.000000 -0.919410 -0.000000 0.265725 0.000000 -1.549831 -0.000000 0.265725  
 20 13 10  0.000000 -8.715225 0.000000 -0.017900 0.000000 -5.194449 0.000000 -0.017900 0.000000 -0.038683 0.000000 -0.017900 0.000000 5.117084 -0.000000 -0.017900 0.000000 8.637860 -0.000000 -0.017900  
 21 15 16  0.000000 -0.365582 0.000000 0.022670 0.000000 -0.216862 0.000000 0.022670 0.000000 0.000921 0.000000 0.022670 0.000000 0.218705 -0.000000 0.022670 0.000000 0.367425 -0.000000 0.022670  
 22 16 17  0.000000 -3.351054 0.000000 -0.024079 0.000000 -1.981044 0.000000 -0.024079 0.000000 0.025175 0.000000 -0.024079 0.000000 2.031395 -0.000000 -0.024079 0.000000 3.401404 -0.000000 -0.024079  
 23 17 18  0.000000 -0.351870 -0.000000 0.019269 0.000000 -0.209462 -0.000000 0.019269 0.000000 -0.000921 0.000000 0.019269 0.000000 0.207619 0.000000 0.019269 0.000000 0.350027 0.000000 0.019269  
 24 18 15  0.000000 -3.416959 -0.000000 -0.024791 0.000000 -2.040638 -0.000000 -0.024791 0.000000 -0.025175 0.000000 -0.024791 0.000000 1.990287 0.000000 -0.024791 0.000000 3.366608 0.000000 -0.024791  
 118 118 128  -31.473793 5.858045 2.130971 0.301335 -30.386782 5.575801 2.024409 0.301335 -28.798700 5.161704 1.867275 0.301335 -27.219283 4.745549 1.711131 0.301335 -26.157424 4.460754 1.601632 0.301335  
 128 128 138  -30.629229 4.301825 1.546911 0.301335 -29.831956 4.032961 1.441080 0.301335 -28.717329 3.631753 1.285304 0.301335 -27.763839 3.207048 1.127288 0.301335 -27.218117 2.899327 1.018189 0.301335  
 138 138 148  -28.966200 2.753751 0.948445 0.301335 -28.811751 2.497581 0.861717 0.301335 -28.752038 2.088210 0.710518 0.301335 -28.782885 1.659177 0.541970 0.301335 -28.800146 1.366246 0.426871 0.301335  
 148 148 158  -28.791648 1.233910 0.382475 0.301335 -28.801431 0.949925 0.274653 0.301335 -28.808240 0.534721 0.117553 0.301335 -28.809262 0.119783 -0.039130 0.301335 -28.807314 -0.163513 -0.146258 0.301335  
 158 158 168  -28.834001 -0.308731 -0.201345 0.301335 -28.826042 -0.591890 -0.308432 0.301335 -28.809370 -1.006736 -0.465141 0.301335 -28.784129 -1.422170 -0.622399 0.301335 -28.763301 -1.705987 -0.729858 0.301335  
 168 168 178  -28.518975 -1.812158 -0.757086 0.301335 -28.497890 -2.138798 -0.896679 0.301335 -28.676921 -2.573577 -1.064344 0.301335 -29.078029 -2.965435 -1.205536 0.301335 -29.465549 -3.213788 -1.291733 0.301335  
 178 178 188  -26.690668 -3.382977 -1.367202 0.301335 -27.495125 -3.677103 -1.475093 0.301335 -28.759989 -4.096595 -1.631596 0.301335 -30.101215 -4.506441 -1.788230 0.301335 -31.053146 -4.781364 -1.896710 0.301335  
 188 188 198  -26.079451 -4.933435 -1.950202 0.301335 -27.186548 -5.217752 -2.057862 0.301335 -28.807020 -5.633239 -2.215235 0.301335 -30.422285 -6.048002 -2.371971 0.301335 -31.526197 -6.330728 -2.478545 0.301335  
 198 198 13  -26.016346 -6.475472 -2.533279 0.301335 -27.150742 -6.759629 -2.641085 0.301335 -28.807681 -7.175134 -2.798411 0.301335 -30.459569 -7.589908 -2.955099 0.301335 -31.584730 -7.872729 -3.061735 0.301335  
