 1 1 5  -54.948380 -6.481352 -9.883165 0.529436 -43.842172 -4.907476 -7.099295 0.529436 -28.786577 -2.621794 -2.697328 0.529436 -28.051650 0.914004 3.459746 0.529436 -38.120240 2.731136 6.336467 0.529436  
 2 2 6  -68.233231 -6.939120 -10.449273 0.529436 -58.501044 -5.396072 -7.751940 0.529436 -47.858031 -2.923187 -3.208915 0.529436 -47.480715 1.062881 3.191757 0.529436 -52.258376 3.112095 6.594270 0.529436  
 3 3 7  -53.984683 -6.704256 -9.594485 0.529436 -43.068525 -4.997312 -6.956904 0.529436 -28.020386 -2.419099 -2.861445 0.529436 -26.804645 1.408376 2.952855 0.529436 -36.419139 3.287801 5.732124 0.529436  
 4 4 8  -39.444760 -6.153042 -8.820491 0.529436 -27.565937 -4.397203 -6.053840 0.529436 -9.576812 -1.737070 -1.903432 0.529436 -9.735945 0.989086 2.332066 0.529436 -22.002232 2.803648 5.157387 0.529436  
 5 5 10  -36.396592 -6.635266 -5.218501 -0.201917 -24.898604 -4.186898 -3.078937 -0.201917 -12.934868 -0.021075 0.654435 -0.201917 -26.490421 4.068949 3.968171 -0.201917 -38.021018 6.539287 6.059187 -0.201917  
 6 6 11  -43.264704 -7.162364 -4.869882 -0.201917 -32.750292 -4.704074 -2.912299 -0.201917 -25.190911 -0.021485 0.770365 -0.201917 -34.422224 4.501214 4.062202 -0.201917 -44.928867 7.015865 5.920478 -0.201917  
 7 7 12  -35.533972 -7.201965 -4.492290 -0.201917 -23.561145 -4.496593 -2.564999 -0.201917 -9.967443 -0.030066 0.770517 -0.201917 -25.072510 4.391049 3.583404 -0.201917 -36.971920 7.107724 5.474293 -0.201917  
 8 8 118  -17.067315 -6.496312 -4.768769 -0.201917 -16.005284 -6.257762 -4.577423 -0.201917 -14.453229 -5.907899 -4.297581 -0.201917 -12.905451 -5.557397 -4.018218 -0.201917 -11.846848 -5.317780 -3.827243 -0.201917  
 9 10 15  -15.021626 -2.737119 -2.560350 -0.010706 -8.079512 -1.298542 -1.277847 -0.010706 -6.356158 1.053377 0.815797 -0.010706 -16.543534 3.153336 2.711735 -0.010706 -23.436945 4.574883 3.988319 -0.010706  
 10 11 16  -17.386893 -2.921440 -2.430438 -0.010706 -10.881379 -1.479038 -1.225081 -0.010706 -9.768046 1.209222 0.991962 -0.010706 -19.276999 3.327906 2.761502 -0.010706 -25.916195 4.751128 3.952167 -0.010706  
 11 12 17  -14.999265 -3.170971 -2.249798 -0.010706 -7.746287 -1.584278 -1.041515 -0.010706 -5.243414 0.902418 0.827083 -0.010706 -15.916205 3.244672 2.586475 -0.010706 -23.120983 4.822645 3.779431 -0.010706  
 12 13 18  -12.564716 -2.970376 -2.371851 -0.010706 -5.149006 -1.377026 -1.087585 -0.010706 -2.274336 0.717853 0.635063 -0.010706 -13.151461 3.047832 2.534640 -0.010706 -20.536102 4.626666 3.813010 -0.010706  
 13 5 6  0.000000 -10.795308 -0.000000 -0.500912 0.000000 -6.358327 -0.000000 -0.500912 0.000000 0.139115 0.000000 -0.500912 0.000000 6.636557 0.000000 -0.500912 0.000000 11.073538 0.000000 -0.500912  
 14 6 7  0.000000 10.077765 0.000000 0.605699 0.000000 6.040200 0.000000 0.605699 0.000000 0.127656 0.000000 0.605699 0.000000 -5.784889 -0.000000 0.605699 0.000000 -9.822454 -0.000000 0.605699  
 15 7 8  0.000000 -11.023429 0.000000 -0.979212 0.000000 -6.606781 0.000000 -0.979212 0.000000 -0.139115 0.000000 -0.979212 0.000000 6.328552 -0.000000 -0.979212 0.000000 10.745199 -0.000000 -0.979212  
 16 8 5  0.000000 9.772345 -0.000000 1.177484 0.000000 5.755113 -0.000000 1.177484 0.000000 -0.127656 0.000000 1.177484 0.000000 -6.010424 0.000000 1.177484 0.000000 -10.027656 0.000000 1.177484  
 17 10 11  0.000000 -8.210467 -0.000000 -0.384085 0.000000 -4.853105 -0.000000 -0.384085 0.000000 0.063363 0.000000 -0.384085 0.000000 4.979830 0.000000 -0.384085 0.000000 8.337193 0.000000 -0.384085  
 18 11 12  0.000000 9.974607 -0.000000 0.362803 0.000000 5.976455 -0.000000 0.362803 0.000000 0.121626 0.000000 0.362803 0.000000 -5.733203 0.000000 0.362803 0.000000 -9.731355 0.000000 0.362803  
 19 12 13  0.000000 -8.240127 0.000000 -0.839275 0.000000 -4.922152 0.000000 -0.839275 0.000000 -0.063363 0.000000 -0.839275 0.000000 4.795426 -0.000000 -0.839275 0.000000 8.113402 -0.000000 -0.839275  
 20 13 10  0.000000 9.634289 0.000000 0.694711 0.000000 5.675525 0.000000 0.694711 0.000000 -0.121626 0.000000 0.694711 0.000000 -5.918776 -0.000000 0.694711 0.000000 -9.877541 -0.000000 0.694711  
 21 15 16  0.000000 -3.893654 0.000000 -0.091773 0.000000 -2.306405 0.000000 -0.091773 0.000000 0.017938 0.000000 -0.091773 0.000000 2.342281 -0.000000 -0.091773 0.000000 3.929530 -0.000000 -0.091773  
 22 16 17  0.000000 4.751809 0.000000 0.092280 0.000000 2.835908 0.000000 0.092280 0.000000 0.030294 0.000000 0.092280 0.000000 -2.775319 -0.000000 0.092280 0.000000 -4.691220 -0.000000 0.092280  
 23 17 18  0.000000 -3.828226 -0.000000 -0.110801 0.000000 -2.282084 -0.000000 -0.110801 0.000000 -0.017938 0.000000 -0.110801 0.000000 2.246208 0.000000 -0.110801 0.000000 3.792351 0.000000 -0.110801  
 24 18 15  0.000000 4.589916 -0.000000 0.097042 0.000000 2.715123 -0.000000 0.097042 0.000000 -0.030294 0.000000 0.097042 0.000000 -2.775711 0.000000 0.097042 0.000000 -4.650505 0.000000 0.097042  
 118 118 128  -17.139576 -5.194974 -3.731421 -0.201917 -16.043255 -4.957268 -3.538474 -0.201917 -14.447067 -4.607792 -3.257774 -0.201917 -12.867201 -4.256784 -2.979426 -0.201917 -11.789947 -4.016585 -2.789706 -0.201917  
 128 128 138  -17.180288 -3.895488 -2.690265 -0.201917 -16.074442 -3.656432 -2.500074 -0.201917 -14.456591 -3.306576 -2.220442 -0.201917 -12.835707 -2.956246 -1.940513 -0.201917 -11.726985 -2.716742 -1.749167 -0.201917  
 138 138 148  -16.792426 -2.589517 -1.646644 -0.201917 -15.800509 -2.355248 -1.461204 -0.201917 -14.395834 -2.010367 -1.185204 -0.201917 -13.087280 -1.658232 -0.903335 -0.201917 -12.305902 -1.406964 -0.703514 -0.201917  
 148 148 158  -14.557143 -1.278744 -0.599556 -0.201917 -14.436276 -1.063027 -0.428996 -0.201917 -14.443467 -0.708422 -0.145496 -0.201917 -14.444349 -0.353518 0.138471 -0.201917 -14.441285 -0.111189 0.332052 -0.201917  
 158 158 168  -14.321895 -0.020367 0.397572 -0.201917 -14.313759 0.240923 0.611866 -0.201917 -14.304878 0.621983 0.924327 -0.201917 -14.591333 0.949583 1.179957 -0.201917 -14.959874 1.148207 1.328431 -0.201917  
 168 168 178  -11.994720 1.300824 1.464905 -0.201917 -12.947868 1.547733 1.655329 -0.201917 -14.440500 1.898387 1.934590 -0.201917 -15.944893 2.246372 2.214397 -0.201917 -16.986316 2.481428 2.406596 -0.201917  
 178 178 188  -11.731365 2.607204 2.502586 -0.201917 -12.837766 2.846538 2.694094 -0.201917 -14.455488 3.196649 2.974227 -0.201917 -16.072703 3.546724 3.253599 -0.201917 -17.177909 3.785951 3.443753 -0.201917  
 188 188 198  -11.805490 3.907997 3.541406 -0.201917 -12.878622 4.147009 3.732992 -0.201917 -14.453131 4.497195 4.012916 -0.201917 -16.032153 4.847468 4.292278 -0.201917 -17.108827 5.086416 4.482835 -0.201917  
 198 198 13  -11.851417 5.208259 4.580768 -0.201917 -12.904661 5.447906 4.771371 -0.201917 -14.453883 5.797808 5.051695 -0.201917 -16.003119 6.147638 5.331408 -0.201917 -17.067146 6.387551 5.521296 -0.201917  
