 1 1 5  -32.224222 1.599191 -3.178049 -0.001968 -31.479409 1.259647 -2.334497 -0.001968 -31.481889 0.591535 -0.887778 -0.001968 -31.485571 -0.088112 0.572271 -0.001968 -31.453897 -0.551942 1.568145 -0.001968  
 2 2 6  -36.498639 1.654852 -3.245680 -0.001968 -36.098449 1.268624 -2.341661 -0.001968 -36.157124 0.590406 -0.887930 -0.001968 -36.164362 -0.087467 0.565328 -0.001968 -36.130064 -0.550653 1.558052 -0.001968  
 3 3 7  -40.528383 1.690851 -3.292151 -0.001968 -40.381689 1.265746 -2.339791 -0.001968 -40.438623 0.590976 -0.886608 -0.001968 -40.444220 -0.081977 0.564550 -0.001968 -40.413501 -0.542416 1.556604 -0.001968  
 4 4 8  -36.156117 1.647780 -3.245332 -0.001968 -35.730188 1.267505 -2.343791 -0.001968 -35.788643 0.592125 -0.886392 -0.001968 -35.796909 -0.082851 0.571263 -0.001968 -35.763114 -0.543945 1.566498 -0.001968  
 5 5 10  -21.520675 1.433693 -1.401826 -0.001905 -21.353262 0.915307 -0.767016 -0.001905 -21.369476 0.102954 0.215623 -0.001905 -21.349301 -0.709102 1.197942 -0.001905 -21.646789 -1.207142 1.806724 -0.001905  
 6 6 11  -23.834638 1.453835 -1.411444 -0.001905 -23.778941 0.914778 -0.759877 -0.001905 -23.797610 0.103008 0.216341 -0.001905 -23.774960 -0.708503 1.192528 -0.001905 -23.919058 -1.231797 1.826363 -0.001905  
 7 7 12  -26.571093 1.456051 -1.423927 -0.001905 -26.583545 0.907770 -0.759249 -0.001905 -26.600116 0.102813 0.216130 -0.001905 -26.579410 -0.702171 1.191695 -0.001905 -26.611318 -1.241367 1.847091 -0.001905  
 8 8 118  -24.292600 1.570647 -1.576201 -0.001905 -24.243009 1.518908 -1.512482 -0.001905 -24.177901 1.441872 -1.417902 -0.001905 -24.144211 1.359253 -1.317656 -0.001905 -24.126262 1.301816 -1.248204 -0.001905  
 9 10 15  -11.011077 1.103289 -0.436607 -0.002841 -10.815497 0.580370 -0.135827 -0.002841 -10.820069 -0.245255 0.351631 -0.002841 -11.197897 -0.999777 0.773194 -0.002841 -12.143750 -1.404782 0.977265 -0.002841  
 10 11 16  -11.737169 1.116488 -0.436425 -0.002841 -11.610896 0.580297 -0.130660 -0.002841 -11.615152 -0.245168 0.349915 -0.002841 -11.903477 -1.014789 0.778415 -0.002841 -12.780155 -1.428655 0.983538 -0.002841  
 11 12 17  -12.799293 1.115210 -0.447752 -0.002841 -12.748215 0.572177 -0.130602 -0.002841 -12.752494 -0.241544 0.349794 -0.002841 -12.931558 -1.018891 0.795536 -0.002841 -13.694942 -1.440641 1.010152 -0.002841  
 12 13 18  -12.057935 1.106222 -0.450305 -0.002841 -11.960706 0.572245 -0.135784 -0.002841 -11.965099 -0.241634 0.351507 -0.002841 -12.216771 -1.006168 0.792425 -0.002841 -13.052234 -1.418599 1.004512 -0.002841  
 13 5 6  0.000000 -3.065032 0.000000 0.012609 0.000000 -1.820745 0.000000 0.012609 0.000000 0.001369 0.000000 0.012609 0.000000 1.823482 -0.000000 0.012609 0.000000 3.067770 -0.000000 0.012609  
 14 6 7  0.000000 -2.027845 0.000000 -0.008713 0.000000 -1.204490 0.000000 -0.008713 0.000000 0.001216 0.000000 -0.008713 0.000000 1.206923 -0.000000 -0.008713 0.000000 2.030277 -0.000000 -0.008713  
 15 7 8  0.000000 -3.068018 -0.000000 0.007404 0.000000 -1.823630 -0.000000 0.007404 0.000000 -0.001369 0.000000 0.007404 0.000000 1.820893 0.000000 0.007404 0.000000 3.065281 0.000000 0.007404  
 16 8 5  0.000000 -2.030029 -0.000000 -0.014730 0.000000 -1.206776 -0.000000 -0.014730 0.000000 -0.001216 0.000000 -0.014730 0.000000 1.204343 0.000000 -0.014730 0.000000 2.027597 0.000000 -0.014730  
 17 10 11  0.000000 -2.275567 -0.000000 0.013471 0.000000 -1.351857 -0.000000 0.013471 0.000000 0.000809 0.000000 0.013471 0.000000 1.353475 0.000000 0.013471 0.000000 2.277185 0.000000 0.013471  
 18 11 12  0.000000 -2.355607 0.000000 -0.011755 0.000000 -1.399279 0.000000 -0.011755 0.000000 0.001153 0.000000 -0.011755 0.000000 1.401585 -0.000000 -0.011755 0.000000 2.357914 -0.000000 -0.011755  
 19 12 13  0.000000 -2.277562 0.000000 0.009321 0.000000 -1.353699 0.000000 0.009321 0.000000 -0.000809 0.000000 0.009321 0.000000 1.352081 -0.000000 0.009321 0.000000 2.275944 -0.000000 0.009321  
 20 13 10  0.000000 -2.357537 -0.000000 -0.015731 0.000000 -1.401361 -0.000000 -0.015731 0.000000 -0.001153 0.000000 -0.015731 0.000000 1.399055 0.000000 -0.015731 0.000000 2.355230 0.000000 -0.015731  
 21 15 16  0.000000 -1.029686 -0.000000 0.011022 0.000000 -0.611107 -0.000000 0.011022 0.000000 0.001852 0.000000 0.011022 0.000000 0.614811 0.000000 0.011022 0.000000 1.033389 0.000000 0.011022  
 22 16 17  0.000000 -1.482166 -0.000000 -0.012091 0.000000 -0.879329 -0.000000 -0.012091 0.000000 0.003454 0.000000 -0.012091 0.000000 0.886238 0.000000 -0.012091 0.000000 1.489074 0.000000 -0.012091  
 23 17 18  0.000000 -1.033861 0.000000 0.009473 0.000000 -0.615091 0.000000 0.009473 0.000000 -0.001852 0.000000 0.009473 0.000000 0.611388 -0.000000 0.009473 0.000000 1.030157 -0.000000 0.009473  
 24 18 15  0.000000 -1.488603 0.000000 -0.013133 0.000000 -0.885958 0.000000 -0.013133 0.000000 -0.003454 0.000000 -0.013133 0.000000 0.879049 -0.000000 -0.013133 0.000000 1.481694 -0.000000 -0.013133  
 118 118 128  -24.186756 1.276991 -1.217276 -0.001905 -24.189344 1.222458 -1.150734 -0.001905 -24.192989 1.142603 -1.053297 -0.001905 -24.196460 1.062751 -0.955865 -0.001905 -24.198739 1.008223 -0.889331 -0.001905  
 128 128 138  -24.188452 0.980395 -0.855376 -0.001905 -24.190323 0.925864 -0.788838 -0.001905 -24.192957 0.846009 -0.691402 -0.001905 -24.195476 0.766156 -0.593968 -0.001905 -24.197131 0.711628 -0.527433 -0.001905  
 138 138 148  -24.189269 0.683801 -0.493480 -0.001905 -24.190808 0.629268 -0.426943 -0.001905 -24.192958 0.549414 -0.329505 -0.001905 -24.195003 0.469561 -0.232069 -0.001905 -24.196286 0.415033 -0.165541 -0.001905  
 148 148 158  -24.190848 0.387191 -0.131546 -0.001905 -24.191960 0.332667 -0.065038 -0.001905 -24.193298 0.252839 0.032351 -0.001905 -24.193876 0.172973 0.129822 -0.001905 -24.193840 0.118407 0.196409 -0.001905  
 158 158 168  -24.195297 0.090595 0.230303 -0.001905 -24.194567 0.036080 0.296852 -0.001905 -24.193076 -0.043763 0.394294 -0.001905 -24.191278 -0.123628 0.491718 -0.001905 -24.189908 -0.178172 0.558252 -0.001905  
 168 168 178  -24.196759 -0.205983 0.592208 -0.001905 -24.195273 -0.260516 0.658748 -0.001905 -24.192963 -0.340370 0.756184 -0.001905 -24.190531 -0.420223 0.853617 -0.001905 -24.188802 -0.474751 0.920152 -0.001905  
 178 178 188  -24.197528 -0.502580 0.954108 -0.001905 -24.195709 -0.557110 1.020644 -0.001905 -24.192956 -0.636963 1.118078 -0.001905 -24.190086 -0.716817 1.215514 -0.001905 -24.188065 -0.771348 1.282051 -0.001905  
 188 188 198  -24.195257 -0.798231 1.315031 -0.001905 -24.192790 -0.853455 1.382286 -0.001905 -24.189035 -0.934326 1.480776 -0.001905 -24.189102 -1.014447 1.578433 -0.001905 -24.207635 -1.065457 1.641442 -0.001905  
 198 198 13  -24.071203 -1.092795 1.674581 -0.001905 -24.106720 -1.150828 1.744860 -0.001905 -24.180795 -1.231957 1.844053 -0.001905 -24.276272 -1.309902 1.939346 -0.001905 -24.349255 -1.362323 2.002986 -0.001905  
