 1 1 5  -38.392022 -1.971915 1.862390 -0.000368 -38.411745 -1.387640 1.292436 -0.000368 -38.435716 -0.531875 0.457668 -0.000368 -38.437132 0.323131 -0.376683 -0.000368 -38.422646 0.907487 -0.946689 -0.000368  
 2 2 6  -36.369749 -1.972521 1.863044 -0.000368 -36.389457 -1.388171 1.293009 -0.000368 -36.413565 -0.532290 0.458123 -0.000368 -36.415928 0.323541 -0.376945 -0.000368 -36.400527 0.908020 -0.947122 -0.000368  
 3 3 7  -33.587606 -1.963929 1.854227 -0.000368 -33.559281 -1.388961 1.293577 -0.000368 -33.582476 -0.532940 0.458549 -0.000368 -33.584129 0.324052 -0.377343 -0.000368 -33.570140 0.908706 -0.947665 -0.000368  
 4 4 8  -35.573207 -1.971386 1.861552 -0.000368 -35.585344 -1.388489 1.292952 -0.000368 -35.609142 -0.532582 0.458005 -0.000368 -35.611769 0.323743 -0.376960 -0.000368 -35.596434 0.908271 -0.947138 -0.000368  
 5 5 10  -25.176544 -0.871586 0.581231 0.000006 -25.183208 -0.468664 0.268671 0.000006 -25.188051 0.121122 -0.188854 0.000006 -25.180416 0.711018 -0.646404 0.000006 -25.173153 1.113868 -0.958887 0.000006  
 6 6 11  -24.304651 -0.871854 0.581504 0.000006 -24.311364 -0.468898 0.268952 0.000006 -24.317309 0.121170 -0.188776 0.000006 -24.308648 0.711157 -0.646426 0.000006 -24.301316 1.114024 -0.958899 0.000006  
 7 7 12  -22.812399 -0.872120 0.581758 0.000006 -22.819020 -0.469180 0.269185 0.000006 -22.824366 0.121206 -0.188837 0.000006 -22.816792 0.711258 -0.646585 0.000006 -22.809530 1.114109 -0.959079 0.000006  
 8 8 118  -23.687768 -0.964365 0.653209 0.000006 -23.688501 -0.924074 0.621954 0.000006 -23.689557 -0.865071 0.576183 0.000006 -23.690593 -0.806069 0.530412 0.000006 -23.691288 -0.765777 0.499155 0.000006  
 9 10 15  -12.343894 -0.273546 -0.044892 0.000002 -12.347573 -0.079103 -0.098096 0.000002 -12.349183 0.205541 -0.175949 0.000002 -12.344965 0.490297 -0.253853 0.000002 -12.340637 0.684742 -0.307062 0.000002  
 10 11 16  -12.133464 -0.273611 -0.044965 0.000002 -12.137171 -0.079157 -0.098135 0.000002 -12.138761 0.205557 -0.175988 0.000002 -12.134514 0.490358 -0.253889 0.000002 -12.130178 0.684816 -0.307060 0.000002  
 11 12 17  -11.651615 -0.273471 -0.044894 0.000002 -11.655315 -0.079066 -0.098078 0.000002 -11.656926 0.205650 -0.176008 0.000002 -11.652644 0.490393 -0.253948 0.000002 -11.648326 0.684801 -0.307135 0.000002  
 12 13 18  -11.862007 -0.273409 -0.044825 0.000002 -11.865720 -0.079018 -0.098046 0.000002 -11.867322 0.205634 -0.175962 0.000002 -11.863035 0.490333 -0.253912 0.000002 -11.858707 0.684728 -0.307136 0.000002  
 13 5 6  0.000000 1.588770 0.000000 -0.000459 0.000000 0.944075 0.000000 -0.000459 0.000000 -0.000005 0.000000 -0.000459 0.000000 -0.944086 -0.000000 -0.000459 0.000000 -1.588780 -0.000000 -0.000459  
 14 6 7  0.000000 1.840692 0.000000 -0.000503 0.000000 1.093774 0.000000 -0.000503 0.000000 0.000000 0.000000 -0.000503 0.000000 -1.093774 -0.000000 -0.000503 0.000000 -1.840691 -0.000000 -0.000503  
 15 7 8  0.000000 1.588745 -0.000000 0.000420 0.000000 0.944065 -0.000000 0.000420 0.000000 0.000005 0.000000 0.000420 0.000000 -0.944054 0.000000 0.000420 0.000000 -1.588734 0.000000 0.000420  
 16 8 5  0.000000 1.840727 -0.000000 0.000254 0.000000 1.093795 -0.000000 0.000254 0.000000 -0.000000 0.000000 0.000254 0.000000 -1.093795 0.000000 0.000254 0.000000 -1.840727 0.000000 0.000254  
 17 10 11  0.000000 0.912937 -0.000000 -0.000184 0.000000 0.542474 -0.000000 -0.000184 0.000000 -0.000026 0.000000 -0.000184 0.000000 -0.542525 0.000000 -0.000184 0.000000 -0.912988 0.000000 -0.000184  
 18 11 12  0.000000 1.395451 -0.000000 0.000197 0.000000 0.829188 -0.000000 0.000197 0.000000 -0.000037 0.000000 0.000197 0.000000 -0.829262 0.000000 0.000197 0.000000 -1.395525 0.000000 0.000197  
 19 12 13  0.000000 0.912963 0.000000 -0.000174 0.000000 0.542510 0.000000 -0.000174 0.000000 0.000026 0.000000 -0.000174 0.000000 -0.542459 -0.000000 -0.000174 0.000000 -0.912912 -0.000000 -0.000174  
 20 13 10  0.000000 1.395550 0.000000 0.000178 0.000000 0.829277 0.000000 0.000178 0.000000 0.000037 0.000000 0.000178 0.000000 -0.829203 -0.000000 0.000178 0.000000 -1.395476 -0.000000 0.000178  
 21 15 16  0.000000 0.290587 -0.000000 -0.000061 0.000000 0.172670 -0.000000 -0.000061 0.000000 -0.000007 0.000000 -0.000061 0.000000 -0.172684 0.000000 -0.000061 0.000000 -0.290601 0.000000 -0.000061  
 22 16 17  0.000000 0.665458 -0.000000 0.000062 0.000000 0.395427 -0.000000 0.000062 0.000000 -0.000001 0.000000 0.000062 0.000000 -0.395429 0.000000 0.000062 0.000000 -0.665459 0.000000 0.000062  
 23 17 18  0.000000 0.290578 0.000000 -0.000060 0.000000 0.172670 0.000000 -0.000060 0.000000 0.000007 0.000000 -0.000060 0.000000 -0.172656 -0.000000 -0.000060 0.000000 -0.290564 -0.000000 -0.000060  
 24 18 15  0.000000 0.665483 0.000000 0.000060 0.000000 0.395443 0.000000 0.000060 0.000000 0.000001 0.000000 0.000060 0.000000 -0.395441 -0.000000 0.000060 0.000000 -0.665481 -0.000000 0.000060  
 118 118 128  -23.687891 -0.745216 0.483206 0.000006 -23.688573 -0.704925 0.451950 0.000006 -23.689557 -0.645923 0.406179 0.000006 -23.690521 -0.586920 0.360408 0.000006 -23.691168 -0.546628 0.329152 0.000006  
 128 128 138  -23.688017 -0.526068 0.313202 0.000006 -23.688651 -0.485777 0.281946 0.000006 -23.689560 -0.426775 0.236176 0.000006 -23.690445 -0.367772 0.190405 0.000006 -23.691030 -0.327479 0.159147 0.000006  
 138 138 148  -23.688209 -0.306918 0.143200 0.000006 -23.688768 -0.266629 0.111943 0.000006 -23.689563 -0.207627 0.066171 0.000006 -23.690327 -0.148624 0.020401 0.000006 -23.690831 -0.108330 -0.010854 0.000006  
 148 148 158  -23.688626 -0.087767 -0.026795 0.000006 -23.689104 -0.047481 -0.058060 0.000006 -23.689749 0.011519 -0.103840 0.000006 -23.690111 0.070529 -0.149602 0.000006 -23.689724 0.110814 -0.180848 0.000006  
 158 158 168  -23.690863 0.131375 -0.196808 0.000006 -23.690348 0.171669 -0.228064 0.000006 -23.689561 0.230672 -0.273835 0.000006 -23.688748 0.289673 -0.319606 0.000006 -23.688180 0.329964 -0.350862 0.000006  
 168 168 178  -23.691022 0.350525 -0.366811 0.000006 -23.690437 0.390817 -0.398068 0.000006 -23.689559 0.449820 -0.443839 0.000006 -23.688658 0.508822 -0.489609 0.000006 -23.688030 0.549113 -0.520865 0.000006  
 178 178 188  -23.691162 0.569673 -0.536815 0.000006 -23.690519 0.609965 -0.568071 0.000006 -23.689559 0.668968 -0.613842 0.000006 -23.688574 0.727970 -0.659613 0.000006 -23.687890 0.768261 -0.690869 0.000006  
 188 188 198  -23.691308 0.788822 -0.706818 0.000006 -23.690606 0.829114 -0.738075 0.000006 -23.689559 0.888116 -0.783846 0.000006 -23.688488 0.947118 -0.829617 0.000006 -23.687744 0.987409 -0.860872 0.000006  
 198 198 13  -23.691445 1.007970 -0.876822 0.000006 -23.690686 1.048262 -0.908078 0.000006 -23.689558 1.107265 -0.953849 0.000006 -23.688408 1.166267 -0.999620 0.000006 -23.687609 1.206558 -1.030876 0.000006  
