 1 1 5  -44.033312 -2.459411 -7.620248 0.428896 -38.253419 -2.178490 -5.805816 0.428896 -31.632473 -1.841141 -2.679652 0.428896 -30.950599 -0.917791 1.721661 0.428896 -32.576510 -0.210667 4.292105 0.428896  
 2 2 6  -57.278374 -2.663274 -8.224099 0.428896 -53.132800 -2.429279 -6.405072 0.428896 -50.585258 -1.931826 -2.944782 0.428896 -50.528487 -0.940823 1.237946 0.428896 -49.564621 -0.249619 4.116951 0.428896  
 3 3 7  -45.762088 -2.664871 -7.566092 0.428896 -40.492492 -2.300849 -5.859626 0.428896 -34.711697 -1.772998 -2.879068 0.428896 -34.241049 -0.622541 1.255995 0.428896 -34.290636 0.150917 3.941132 0.428896  
 4 4 8  -32.562928 -2.434512 -6.816713 0.428896 -26.027514 -2.028651 -5.029251 0.428896 -16.363179 -1.422694 -2.242735 0.428896 -13.547472 -0.524534 1.601990 0.428896 -19.310210 0.121879 3.535287 0.428896  
 5 5 10  -37.641558 -6.385078 -6.335623 -0.016128 -25.913491 -4.179665 -3.894016 -0.016128 -11.451398 -0.768066 0.109179 -0.016128 -23.999395 3.118147 4.111694 -0.016128 -35.590705 5.358274 6.507065 -0.016128  
 6 6 11  -45.385052 -6.911620 -6.166771 -0.016128 -34.798959 -4.704587 -3.910838 -0.016128 -25.428927 -0.768475 0.136229 -0.016128 -32.896642 3.528270 4.269487 -0.016128 -43.283293 5.800043 6.453100 -0.016128  
 7 7 12  -37.666301 -6.854677 -5.741473 -0.016128 -26.107900 -4.478353 -3.512007 -0.016128 -11.826504 -0.734404 0.136381 -0.016128 -23.971166 3.468606 3.771294 -0.016128 -35.483655 5.873624 5.950881 -0.016128  
 8 8 118  -16.742464 -6.136262 -5.700409 -0.016128 -15.700575 -5.924053 -5.485577 -0.016128 -14.172382 -5.612924 -5.170645 -0.016128 -12.641201 -5.301357 -4.855298 -0.016128 -11.593962 -5.088344 -4.639731 -0.016128  
 9 10 15  -16.418219 -3.074410 -3.161085 -0.016927 -8.448617 -1.538321 -1.581862 -0.016927 -4.561373 0.791141 0.812742 -0.016927 -16.273593 3.044488 3.130120 -0.016927 -24.169051 4.569743 4.697400 -0.016927  
 10 11 16  -19.030891 -3.285968 -2.953964 -0.016927 -11.522081 -1.755794 -1.489682 -0.016927 -8.644547 0.956679 1.077606 -0.016927 -19.509938 3.239270 3.195022 -0.016927 -27.045840 4.764923 4.635401 -0.016927  
 11 12 17  -16.440148 -3.450614 -2.767370 -0.016927 -8.406825 -1.784497 -1.314234 -0.016927 -4.403314 0.717648 0.870060 -0.016927 -16.123588 3.171471 2.995666 -0.016927 -24.062795 4.827092 4.436671 -0.016927  
 12 13 18  -13.634521 -3.218690 -2.952833 -0.016927 -5.367981 -1.547550 -1.379341 -0.016927 -0.878946 0.530187 0.578851 -0.016927 -12.827526 2.954285 2.910250 -0.016927 -21.049553 4.610168 4.478441 -0.016927  
 13 5 6  0.000000 -9.762357 -0.000000 -0.354290 0.000000 -5.755077 -0.000000 -0.354290 0.000000 0.113119 0.000000 -0.354290 0.000000 5.981315 0.000000 -0.354290 0.000000 9.988596 0.000000 -0.354290  
 14 6 7  0.000000 6.536409 -0.000000 0.425473 0.000000 3.913464 -0.000000 0.425473 0.000000 0.072468 0.000000 0.425473 0.000000 -3.768529 0.000000 0.425473 0.000000 -6.391474 0.000000 0.425473  
 15 7 8  0.000000 -9.967352 0.000000 -0.731284 0.000000 -5.968692 0.000000 -0.731284 0.000000 -0.113119 0.000000 -0.731284 0.000000 5.742453 -0.000000 -0.731284 0.000000 9.741114 -0.000000 -0.731284  
 16 8 5  0.000000 6.370230 0.000000 0.955147 0.000000 3.755906 0.000000 0.955147 0.000000 -0.072468 0.000000 0.955147 0.000000 -3.900841 -0.000000 0.955147 0.000000 -6.515165 -0.000000 0.955147  
 17 10 11  0.000000 -9.175392 0.000000 -0.404062 0.000000 -5.413670 0.000000 -0.404062 0.000000 0.094934 0.000000 -0.404062 0.000000 5.603539 -0.000000 -0.404062 0.000000 9.365260 -0.000000 -0.404062  
 18 11 12  0.000000 9.036309 -0.000000 0.401456 0.000000 5.407716 -0.000000 0.401456 0.000000 0.094063 0.000000 0.401456 0.000000 -5.219589 0.000000 0.401456 0.000000 -8.848182 0.000000 0.401456  
 19 12 13  0.000000 -9.294385 -0.000000 -0.713194 0.000000 -5.561423 -0.000000 -0.713194 0.000000 -0.094934 0.000000 -0.713194 0.000000 5.371555 0.000000 -0.713194 0.000000 9.104517 0.000000 -0.713194  
 20 13 10  0.000000 8.777307 0.000000 0.767876 0.000000 5.177474 0.000000 0.767876 0.000000 -0.094063 0.000000 0.767876 0.000000 -5.365601 -0.000000 0.767876 0.000000 -8.965434 -0.000000 0.767876  
 21 15 16  0.000000 -4.522221 0.000000 -0.121635 0.000000 -2.676695 0.000000 -0.121635 0.000000 0.025864 0.000000 -0.121635 0.000000 2.728423 -0.000000 -0.121635 0.000000 4.573950 -0.000000 -0.121635  
 22 16 17  0.000000 4.719219 0.000000 0.124187 0.000000 2.817178 0.000000 0.124187 0.000000 0.031860 0.000000 0.124187 0.000000 -2.753458 -0.000000 0.124187 0.000000 -4.655499 -0.000000 0.124187  
 23 17 18  0.000000 -4.495286 -0.000000 -0.140061 0.000000 -2.681680 -0.000000 -0.140061 0.000000 -0.025864 0.000000 -0.140061 0.000000 2.629951 0.000000 -0.140061 0.000000 4.443558 0.000000 -0.140061  
 24 18 15  0.000000 4.576836 -0.000000 0.143008 0.000000 2.706715 -0.000000 0.143008 0.000000 -0.031860 0.000000 0.143008 0.000000 -2.770435 0.000000 0.143008 0.000000 -4.640556 0.000000 0.143008  
 118 118 128  -16.771946 -4.980068 -4.529864 -0.016128 -15.716212 -4.767626 -4.315083 -0.016128 -14.169931 -4.456332 -4.000189 -0.016128 -12.625840 -4.144969 -3.684793 -0.016128 -11.569807 -3.932104 -3.469200 -0.016128  
 128 128 138  -16.854495 -3.823405 -3.359508 -0.016128 -15.767064 -3.611210 -3.144597 -0.016128 -14.172173 -3.300116 -2.829585 -0.016128 -12.574368 -2.988585 -2.514230 -0.016128 -11.483128 -2.775403 -2.298937 -0.016128  
 138 138 148  -16.711065 -2.667239 -2.186068 -0.016128 -15.663978 -2.455067 -1.973649 -0.016128 -14.146785 -2.143036 -1.662116 -0.016128 -12.675532 -1.832440 -1.343825 -0.016128 -11.691399 -1.619240 -1.124846 -0.016128  
 148 148 158  -14.722599 -1.470126 -0.983620 -0.016128 -14.331966 -1.302683 -0.806981 -0.016128 -14.013091 -1.016917 -0.514595 -0.016128 -14.006352 -0.670743 -0.168949 -0.016128 -14.003288 -0.433306 0.067750 -0.016128  
 158 158 168  -14.180253 -0.359658 0.146161 -0.016128 -14.172117 -0.143439 0.365208 -0.016128 -14.155759 0.173074 0.686147 -0.016128 -14.135147 0.488309 1.005643 -0.016128 -14.265806 0.677393 1.194646 -0.016128  
 168 168 178  -12.079910 0.791817 1.314853 -0.016128 -12.838101 1.016885 1.539380 -0.016128 -14.107404 1.331077 1.856304 -0.016128 -15.485837 1.636762 2.167091 -0.016128 -16.448572 1.843118 2.378612 -0.016128  
 178 178 188  -11.488384 1.957951 2.492375 -0.016128 -12.578559 2.170913 2.707958 -0.016128 -14.172436 2.482452 3.023300 -0.016128 -15.763252 2.793607 3.338233 -0.016128 -16.847844 3.005871 3.553057 -0.016128  
 188 188 198  -11.551712 3.114426 3.662925 -0.016128 -12.614300 3.327329 3.878456 -0.016128 -14.169778 3.638811 4.193746 -0.016128 -15.727857 3.950031 4.508737 -0.016128 -16.790199 4.162336 4.723599 -0.016128  
 198 198 13  -11.593709 4.270749 4.833363 -0.016128 -12.641073 4.483746 5.048950 -0.016128 -14.172360 4.795303 5.364298 -0.016128 -15.700701 5.106438 5.679222 -0.016128 -16.742774 5.318672 5.894048 -0.016128  
