 1 1 5  -47.555645 8.497698 4.779056 -0.099687 -38.518088 6.267228 3.545272 -0.099687 -26.922162 2.811036 1.751652 -0.099687 -25.609349 -2.226550 -0.982500 -0.099687 -32.118376 -4.732851 -2.312281 -0.099687  
 2 2 6  -37.512938 7.801880 4.536329 -0.099687 -28.107429 5.584609 3.259397 -0.099687 -14.497296 2.305185 1.389785 -0.099687 -12.252228 -1.812746 -0.874244 -0.099687 -21.348842 -4.053908 -2.169839 -0.099687  
 3 3 7  -52.850393 8.668218 5.030763 -0.099687 -44.550000 6.532272 3.756404 -0.099687 -34.744328 3.124912 1.821918 -0.099687 -34.124483 -1.805392 -1.151551 -0.099687 -37.961449 -4.555760 -2.701138 -0.099687  
 4 4 8  -62.406145 9.213941 5.233291 -0.099687 -54.787676 7.021202 3.999741 -0.099687 -47.715646 3.239437 1.970924 -0.099687 -47.706920 -1.804290 -1.009081 -0.099687 -49.292916 -4.922688 -2.771637 -0.099687  
 5 5 10  -32.667494 6.343911 3.985391 0.077407 -22.316769 3.936889 2.453430 0.077407 -11.499177 -0.152547 -0.069430 0.077407 -23.052719 -4.125717 -2.535184 0.077407 -33.407035 -6.531691 -4.067314 0.077407  
 6 6 11  -27.066469 5.933374 3.927422 0.077407 -16.449586 3.527968 2.343626 0.077407 -1.982061 -0.152485 -0.042810 0.077407 -17.154355 -3.714409 -2.394805 0.077407 -27.766227 -6.119107 -3.978879 0.077407  
 7 7 12  -35.245820 6.064608 4.314755 0.077407 -25.703505 3.827931 2.736929 0.077407 -17.619263 -0.216471 -0.042926 0.077407 -26.563091 -4.113648 -2.764679 0.077407 -36.132578 -6.340768 -4.351764 0.077407  
 8 8 118  -35.824442 6.946241 4.765395 0.077407 -34.665149 6.683193 4.587543 0.077407 -32.966595 6.297858 4.326996 0.077407 -31.269310 5.912418 4.066160 0.077407 -30.111283 5.649156 3.887854 0.077407  
 9 10 15  -15.491416 3.551432 2.005671 -0.025205 -7.884999 1.783896 0.973812 -0.025205 -4.169280 -0.875046 -0.570111 -0.025205 -15.309924 -3.465370 -2.081283 -0.025205 -22.895809 -5.230039 -3.110804 -0.025205  
 10 11 16  -13.260637 3.370806 2.014628 -0.025205 -5.626349 1.602014 0.948554 -0.025205 -1.910564 -0.701345 -0.483197 -0.025205 -13.031105 -3.285518 -2.054974 -0.025205 -20.668115 -5.050258 -3.121260 -0.025205  
 11 12 17  -16.319845 3.332790 2.163801 -0.025205 -9.182545 1.703918 1.098642 -0.025205 -6.204922 -1.010718 -0.640571 -0.025205 -16.599127 -3.397271 -2.204384 -0.025205 -23.732244 -5.023088 -3.267277 -0.025205  
 12 13 18  -18.442287 3.490044 2.152071 -0.025205 -11.513425 1.860844 1.116132 -0.025205 -8.849558 -1.145127 -0.719886 -0.025205 -18.773292 -3.552449 -2.230041 -0.025205 -25.817004 -5.179429 -3.255329 -0.025205  
 13 5 6  0.000000 6.722717 -0.000000 -0.603732 0.000000 4.008702 -0.000000 -0.603732 0.000000 0.034344 0.000000 -0.603732 0.000000 -3.940014 0.000000 -0.603732 0.000000 -6.654028 0.000000 -0.603732  
 14 6 7  0.000000 -10.728285 -0.000000 0.487714 0.000000 -6.329738 -0.000000 0.487714 0.000000 0.111423 0.000000 0.487714 0.000000 6.552585 0.000000 0.487714 0.000000 10.951132 0.000000 0.487714  
 15 7 8  0.000000 6.681456 0.000000 -0.196055 0.000000 3.956312 0.000000 -0.196055 0.000000 -0.034344 0.000000 -0.196055 0.000000 -4.025001 -0.000000 -0.196055 0.000000 -6.750145 -0.000000 -0.196055  
 16 8 5  0.000000 -10.978560 0.000000 0.311941 0.000000 -6.568883 0.000000 0.311941 0.000000 -0.111423 0.000000 0.311941 0.000000 6.346036 -0.000000 0.311941 0.000000 10.755713 -0.000000 0.311941  
 17 10 11  0.000000 6.389058 0.000000 -0.370331 0.000000 3.803307 0.000000 -0.370331 0.000000 0.016776 0.000000 -0.370331 0.000000 -3.769756 -0.000000 -0.370331 0.000000 -6.355507 -0.000000 -0.370331  
 18 11 12  0.000000 -9.926761 -0.000000 0.324882 0.000000 -5.870311 -0.000000 0.324882 0.000000 0.069889 0.000000 0.324882 0.000000 6.010089 0.000000 0.324882 0.000000 10.066540 0.000000 0.324882  
 19 12 13  0.000000 6.400303 -0.000000 -0.103522 0.000000 3.796375 -0.000000 -0.103522 0.000000 -0.016776 0.000000 -0.103522 0.000000 -3.829926 0.000000 -0.103522 0.000000 -6.433854 0.000000 -0.103522  
 20 13 10  0.000000 -10.111335 0.000000 0.207180 0.000000 -6.036708 0.000000 0.207180 0.000000 -0.069889 0.000000 0.207180 0.000000 5.896929 -0.000000 0.207180 0.000000 9.971557 -0.000000 0.207180  
 21 15 16  0.000000 3.159254 0.000000 -0.124841 0.000000 1.884596 0.000000 -0.124841 0.000000 0.018006 0.000000 -0.124841 0.000000 -1.848583 -0.000000 -0.124841 0.000000 -3.123242 -0.000000 -0.124841  
 22 16 17  0.000000 -5.002903 0.000000 0.100012 0.000000 -2.946331 0.000000 0.100012 0.000000 0.065278 0.000000 0.100012 0.000000 3.076888 -0.000000 0.100012 0.000000 5.133459 -0.000000 0.100012  
 23 17 18  0.000000 3.173129 -0.000000 -0.102151 0.000000 1.878227 -0.000000 -0.102151 0.000000 -0.018006 0.000000 -0.102151 0.000000 -1.914239 0.000000 -0.102151 0.000000 -3.209141 0.000000 -0.102151  
 24 18 15  0.000000 -5.183346 -0.000000 0.097545 0.000000 -3.106532 -0.000000 0.097545 0.000000 -0.065278 0.000000 0.097545 0.000000 2.975975 0.000000 0.097545 0.000000 5.052789 0.000000 0.097545  
 118 118 128  -35.596483 5.511991 3.798530 0.077407 -34.516241 5.251801 3.619147 0.077407 -32.949392 4.868912 3.357172 0.077407 -31.413456 4.480806 3.098757 0.077407 -30.390168 4.215169 2.919798 0.077407  
 128 128 138  -34.706907 4.071508 2.821461 0.077407 -33.943439 3.820196 2.650210 0.077407 -32.887883 3.444379 2.396657 0.077407 -31.975037 3.052309 2.131110 0.077407 -31.450101 2.770955 1.941181 0.077407  
 138 138 148  -33.234843 2.628529 1.838857 0.077407 -33.029718 2.393061 1.686009 0.077407 -32.890172 2.018824 1.436119 0.077407 -32.896717 1.615331 1.158427 0.077407 -32.900591 1.339793 0.968758 0.077407  
 148 148 158  -32.961712 1.220839 0.892257 0.077407 -32.964689 0.957595 0.714187 0.077407 -32.968077 0.572151 0.453418 0.077407 -32.969827 0.186844 0.192762 0.077407 -32.970339 -0.076275 0.014767 0.077407  
 158 158 168  -32.974026 -0.210641 -0.076174 0.077407 -32.971936 -0.473786 -0.254157 0.077407 -32.967800 -0.859183 -0.514845 0.077407 -32.962638 -1.244574 -0.775593 0.077407 -32.958573 -1.507712 -0.953650 0.077407  
 168 168 178  -32.804696 -1.617365 -1.022337 0.077407 -32.799611 -1.904388 -1.222071 0.077407 -32.857302 -2.311457 -1.501789 0.077407 -33.125949 -2.678121 -1.745250 0.077407 -33.411432 -2.910899 -1.897721 0.077407  
 178 178 188  -31.207569 -3.061497 -2.006749 0.077407 -31.848235 -3.338439 -2.192151 0.077407 -32.905339 -3.729344 -2.454980 0.077407 -34.069704 -4.107570 -2.711944 0.077407 -34.908614 -4.360556 -2.886198 0.077407  
 188 188 198  -30.292353 -4.503923 -2.981038 0.077407 -31.368815 -4.768142 -3.159307 0.077407 -32.962399 -5.153923 -3.419843 0.077407 -34.563918 -5.538665 -3.680632 0.077407 -35.656933 -5.801311 -3.858648 0.077407  
 198 198 13  -30.099636 -5.936076 -3.949397 0.077407 -31.263862 -6.199391 -4.127544 0.077407 -32.967824 -6.584851 -4.388317 0.077407 -34.670699 -6.970153 -4.648967 0.077407 -35.832930 -7.233177 -4.826890 0.077407  
