 1 1 5  -49.282357 -3.904068 -12.792726 -0.717919 -33.743675 -2.589531 -8.833019 -0.717919 -10.346297 -0.599925 -2.928245 -0.717919 -10.435513 1.376249 2.774872 -0.717919 -26.383788 2.749139 6.798350 -0.717919  
 2 2 6  -72.458826 -4.323656 -14.108485 -0.717919 -59.229862 -2.993059 -10.585513 -0.717919 -41.235856 -0.850931 -5.197404 -0.717919 -39.316224 2.241244 2.983880 -0.717919 -48.576659 3.434422 7.180453 -0.717919  
 3 3 7  -72.563572 -4.397090 -14.131413 -0.717919 -59.243147 -3.046520 -10.598736 -0.717919 -41.019690 -0.854484 -5.194127 -0.717919 -39.108404 2.294000 2.981819 -0.717919 -48.524204 3.501334 7.177455 -0.717919  
 4 4 8  -49.328605 -3.976375 -12.815245 -0.717919 -33.668978 -2.633988 -8.839034 -0.717919 -10.067478 -0.598053 -2.904502 -0.717919 -10.213484 1.399992 2.755134 -0.717919 -26.264441 2.802955 6.794026 -0.717919  
 5 5 10  -34.830094 -0.246524 -11.388989 0.153601 -15.027956 0.139521 -6.099862 0.153601 4.323815 0.304477 0.206070 0.153601 -19.367410 1.325340 7.192358 0.153601 -39.430598 1.779637 12.474879 0.153601  
 6 6 11  -46.515277 -0.270014 -11.146273 0.153601 -28.826566 0.161751 -6.542663 0.153601 -10.169416 1.115285 0.954073 0.153601 -34.578747 1.517322 7.929848 0.153601 -52.131390 1.928083 12.523605 0.153601  
 7 7 12  -48.681254 -0.311695 -11.333776 0.153601 -31.116864 0.140935 -6.728808 0.153601 -13.198475 1.194966 1.036093 0.153601 -36.861857 1.560586 8.117060 0.153601 -54.380806 1.981034 12.710647 0.153601  
 8 8 118  -22.220725 -0.271383 -11.358089 0.153601 -20.590075 -0.233464 -10.921414 0.153601 -18.214659 -0.174561 -10.282450 0.153601 -15.839696 -0.114707 -9.643183 0.153601 -14.230343 -0.076676 -9.207226 0.153601  
 9 10 15  -11.446823 2.646581 -2.278410 0.122528 -5.496041 1.602392 -0.767108 0.122528 -4.031252 0.219333 1.322152 0.122528 -13.231636 -1.248989 3.595252 0.122528 -19.765308 -2.278834 5.124349 0.122528  
 10 11 16  -13.816582 2.924792 -1.551639 0.122528 -9.022857 1.929356 -0.199946 0.122528 -8.950505 0.251087 1.901441 0.122528 -16.657046 -1.331636 3.776483 0.122528 -22.250124 -2.377740 5.037885 0.122528  
 11 12 17  -15.445934 3.024372 -1.599586 0.122528 -10.768647 2.052897 -0.210188 0.122528 -10.752763 0.277394 2.037219 0.122528 -18.358068 -1.325952 3.912767 0.122528 -23.901187 -2.368927 5.170026 0.122528  
 12 13 18  -13.090499 2.733323 -2.366184 0.122528 -7.157690 1.729979 -0.815376 0.122528 -5.745187 0.245415 1.472436 0.122528 -14.950934 -1.248995 3.742842 0.122528 -21.474272 -2.272434 5.268767 0.122528  
 13 5 6  0.000000 -17.836590 0.000000 -0.369272 0.000000 -10.429864 0.000000 -0.369272 0.000000 0.416425 0.000000 -0.369272 0.000000 11.262713 -0.000000 -0.369272 0.000000 18.669439 -0.000000 -0.369272  
 14 6 7  0.000000 3.572964 0.000000 -0.124426 0.000000 2.127058 0.000000 -0.124426 0.000000 0.009696 0.000000 -0.124426 0.000000 -2.107666 -0.000000 -0.124426 0.000000 -3.553573 -0.000000 -0.124426  
 15 7 8  0.000000 -18.667185 -0.000000 -0.498850 0.000000 -11.261374 -0.000000 -0.498850 0.000000 -0.416425 0.000000 -0.498850 0.000000 10.428525 0.000000 -0.498850 0.000000 17.834336 0.000000 -0.498850  
 16 8 5  0.000000 3.551318 -0.000000 0.452764 0.000000 2.106326 -0.000000 0.452764 0.000000 -0.009696 0.000000 0.452764 0.000000 -2.125718 0.000000 0.452764 0.000000 -3.570710 0.000000 0.452764  
 17 10 11  0.000000 -14.002432 -0.000000 -0.035268 0.000000 -8.217648 -0.000000 -0.035268 0.000000 0.253496 0.000000 -0.035268 0.000000 8.724640 0.000000 -0.035268 0.000000 14.509424 0.000000 -0.035268  
 18 11 12  0.000000 -1.028781 0.000000 -0.151493 0.000000 -0.610727 0.000000 -0.151493 0.000000 0.001464 0.000000 -0.151493 0.000000 0.613655 -0.000000 -0.151493 0.000000 1.031709 -0.000000 -0.151493  
 19 12 13  0.000000 -14.528805 0.000000 0.003226 0.000000 -8.736156 0.000000 0.003226 0.000000 -0.253496 0.000000 0.003226 0.000000 8.229164 -0.000000 0.003226 0.000000 14.021813 -0.000000 0.003226  
 20 13 10  0.000000 -1.012328 -0.000000 0.474698 0.000000 -0.602139 -0.000000 0.474698 0.000000 -0.001464 0.000000 0.474698 0.000000 0.599211 0.000000 0.474698 0.000000 1.009401 0.000000 0.474698  
 21 15 16  0.000000 -5.038723 -0.000000 0.083212 0.000000 -2.995430 -0.000000 0.083212 0.000000 -0.003264 0.000000 0.083212 0.000000 2.988902 0.000000 0.083212 0.000000 5.032196 0.000000 0.083212  
 22 16 17  0.000000 -2.360205 0.000000 -0.084383 0.000000 -1.397431 0.000000 -0.084383 0.000000 0.012440 0.000000 -0.084383 0.000000 1.422311 -0.000000 -0.084383 0.000000 2.385085 -0.000000 -0.084383  
 23 17 18  0.000000 -5.054519 0.000000 0.081877 0.000000 -3.002167 0.000000 0.081877 0.000000 0.003264 0.000000 0.081877 0.000000 3.008695 -0.000000 0.081877 0.000000 5.061047 -0.000000 0.081877  
 24 18 15  0.000000 -2.362762 -0.000000 -0.099543 0.000000 -1.409046 -0.000000 -0.099543 0.000000 -0.012440 0.000000 -0.099543 0.000000 1.384166 0.000000 -0.099543 0.000000 2.337882 0.000000 -0.099543  
 118 118 128  -22.239504 -0.055240 -8.983803 0.153601 -20.609190 -0.015477 -8.547876 0.153601 -18.219146 0.042912 -7.909067 0.153601 -15.825964 0.101494 -7.269731 0.153601 -14.189914 0.141611 -6.832838 0.153601  
 128 128 138  -22.323271 0.160289 -6.610440 0.153601 -20.651740 0.201831 -6.174216 0.153601 -18.208738 0.261486 -5.535152 0.153601 -15.783348 0.318640 -4.896062 0.153601 -14.131271 0.357335 -4.459485 0.153601  
 138 138 148  -21.965406 0.389127 -4.228774 0.153601 -20.400889 0.419241 -3.799844 0.153601 -18.155105 0.469901 -3.167849 0.153601 -16.008902 0.532670 -2.526082 0.153601 -14.669020 0.590230 -2.072549 0.153601  
 148 148 158  -18.397244 0.579454 -1.839590 0.153601 -18.209900 0.643083 -1.436703 0.153601 -18.187668 0.700120 -0.795065 0.153601 -18.187414 0.751523 -0.146374 0.153601 -18.184199 0.786546 0.296749 0.153601  
 158 158 168  -17.595200 0.772101 0.436942 0.153601 -17.587141 0.862970 0.952685 0.153601 -17.931044 0.935782 1.638149 0.153601 -18.799541 0.964309 2.228054 0.153601 -19.623906 0.987718 2.591239 0.153601  
 168 168 178  -14.167938 1.032494 2.882703 0.153601 -15.804003 1.070385 3.320695 0.153601 -18.211412 1.128053 3.960415 0.153601 -20.630014 1.187905 4.598569 0.153601 -22.282347 1.228686 5.033993 0.153601  
 178 178 188  -14.147607 1.246569 5.257804 0.153601 -15.793072 1.288498 5.693941 0.153601 -18.217283 1.346847 6.333391 0.153601 -20.639290 1.404790 6.972370 0.153601 -22.291924 1.444236 7.408429 0.153601  
 188 188 198  -14.246253 1.465938 7.631575 0.153601 -15.848786 1.504581 8.067819 0.153601 -18.210578 1.563788 8.706732 0.153601 -20.581988 1.622165 9.345868 0.153601 -22.212588 1.662053 9.782656 0.153601  
 198 198 13  -14.307510 1.681961 10.005217 0.153601 -15.888026 1.722433 10.441317 0.153601 -18.216446 1.781124 11.080657 0.153601 -20.541775 1.839590 11.719462 0.153601 -22.139204 1.878589 12.156181 0.153601  
