 1 1 5  -36.618893 0.087257 -0.333867 -0.000060 -36.629389 0.031755 -0.208467 -0.000060 -36.642604 -0.049408 -0.024935 -0.000060 -36.643305 -0.131006 0.158618 -0.000060 -36.635524 -0.186514 0.284059 -0.000060  
 2 2 6  -36.149150 0.087056 -0.333627 -0.000060 -36.159636 0.031569 -0.208193 -0.000060 -36.173035 -0.049590 -0.024601 -0.000060 -36.174517 -0.130882 0.158738 -0.000060 -36.165821 -0.186310 0.284060 -0.000060  
 3 3 7  -35.347048 0.086647 -0.333464 -0.000060 -35.357327 0.031102 -0.208041 -0.000060 -35.370346 -0.050117 -0.024464 -0.000060 -35.371788 -0.130804 0.158586 -0.000060 -35.363549 -0.186191 0.283920 -0.000060  
 4 4 8  -35.816291 0.086814 -0.333731 -0.000060 -35.826661 0.031258 -0.208350 -0.000060 -35.839761 -0.050024 -0.024865 -0.000060 -35.841732 -0.130870 0.158694 -0.000060 -35.833104 -0.186327 0.284010 -0.000060  
 5 5 10  -24.604660 -0.357427 0.206263 -0.000007 -24.609314 -0.254599 0.175093 -0.000007 -24.613211 -0.104196 0.129542 -0.000007 -24.608978 0.046334 0.083967 -0.000007 -24.604575 0.149169 0.052786 -0.000007  
 6 6 11  -24.068492 -0.357542 0.206278 -0.000007 -24.073081 -0.254700 0.175158 -0.000007 -24.077368 -0.104198 0.129593 -0.000007 -24.072501 0.046392 0.083951 -0.000007 -24.068071 0.149238 0.052798 -0.000007  
 7 7 12  -23.386379 -0.357480 0.206396 -0.000007 -23.390885 -0.254727 0.175271 -0.000007 -23.395020 -0.104096 0.129565 -0.000007 -23.390167 0.046450 0.083911 -0.000007 -23.385774 0.149216 0.052755 -0.000007  
 8 8 118  -23.925782 -0.381000 0.213528 -0.000007 -23.926281 -0.370722 0.210412 -0.000007 -23.927002 -0.355672 0.205849 -0.000007 -23.927712 -0.340620 0.201286 -0.000007 -23.928191 -0.330342 0.198169 -0.000007  
 9 10 15  -12.288550 -0.362534 0.398858 0.000006 -12.290970 -0.203623 0.240376 0.000006 -12.292199 0.029061 0.008284 0.000006 -12.289067 0.261784 -0.223795 0.000006 -12.286261 0.420682 -0.382261 0.000006  
 10 11 16  -12.011182 -0.362561 0.398844 0.000006 -12.013606 -0.203645 0.240375 0.000006 -12.014777 0.029073 0.008264 0.000006 -12.011706 0.261810 -0.223812 0.000006 -12.008916 0.420714 -0.382259 0.000006  
 11 12 17  -11.708545 -0.362526 0.398879 0.000006 -11.710956 -0.203634 0.240403 0.000006 -11.712039 0.029108 0.008259 0.000006 -11.709052 0.261830 -0.223841 0.000006 -11.706288 0.420709 -0.382295 0.000006  
 12 13 18  -11.985917 -0.362500 0.398892 0.000006 -11.988353 -0.203612 0.240400 0.000006 -11.989503 0.029103 0.008280 0.000006 -11.986417 0.261806 -0.223823 0.000006 -11.983630 0.420679 -0.382295 0.000006  
 13 5 6  0.000000 -0.092199 -0.000000 -0.000155 0.000000 -0.054799 -0.000000 -0.000155 0.000000 -0.000032 0.000000 -0.000155 0.000000 0.054735 0.000000 -0.000155 0.000000 0.092135 0.000000 -0.000155  
 14 6 7  0.000000 0.165960 -0.000000 0.000146 0.000000 0.098595 -0.000000 0.000146 0.000000 -0.000053 0.000000 0.000146 0.000000 -0.098701 0.000000 0.000146 0.000000 -0.166066 0.000000 0.000146  
 15 7 8  0.000000 -0.092125 0.000000 -0.000117 0.000000 -0.054729 0.000000 -0.000117 0.000000 0.000032 0.000000 -0.000117 0.000000 0.054793 -0.000000 -0.000117 0.000000 0.092188 -0.000000 -0.000117  
 16 8 5  0.000000 0.166055 0.000000 0.000062 0.000000 0.098695 0.000000 0.000062 0.000000 0.000053 0.000000 0.000062 0.000000 -0.098589 -0.000000 0.000062 0.000000 -0.165950 -0.000000 0.000062  
 17 10 11  0.000000 0.357442 -0.000000 -0.000061 0.000000 0.212396 -0.000000 -0.000061 0.000000 -0.000009 0.000000 -0.000061 0.000000 -0.212413 0.000000 -0.000061 0.000000 -0.357460 0.000000 -0.000061  
 18 11 12  0.000000 0.524217 -0.000000 0.000060 0.000000 0.311494 -0.000000 0.000060 0.000000 -0.000014 0.000000 0.000060 0.000000 -0.311522 0.000000 0.000060 0.000000 -0.524245 0.000000 0.000060  
 19 12 13  0.000000 0.357474 0.000000 -0.000050 0.000000 0.212421 0.000000 -0.000050 0.000000 0.000009 0.000000 -0.000050 0.000000 -0.212404 -0.000000 -0.000050 0.000000 -0.357456 -0.000000 -0.000050  
 20 13 10  0.000000 0.524231 0.000000 0.000036 0.000000 0.311513 0.000000 0.000036 0.000000 0.000014 0.000000 0.000036 0.000000 -0.311486 -0.000000 0.000036 0.000000 -0.524203 -0.000000 0.000036  
 21 15 16  0.000000 0.383065 -0.000000 -0.000014 0.000000 0.227622 -0.000000 -0.000014 0.000000 -0.000007 0.000000 -0.000014 0.000000 -0.227635 0.000000 -0.000014 0.000000 -0.383078 0.000000 -0.000014  
 22 16 17  0.000000 0.417981 -0.000000 0.000015 0.000000 0.248370 -0.000000 0.000015 0.000000 -0.000007 0.000000 0.000015 0.000000 -0.248383 0.000000 0.000015 0.000000 -0.417995 0.000000 0.000015  
 23 17 18  0.000000 0.383092 0.000000 -0.000011 0.000000 0.227643 0.000000 -0.000011 0.000000 0.000007 0.000000 -0.000011 0.000000 -0.227630 -0.000000 -0.000011 0.000000 -0.383079 -0.000000 -0.000011  
 24 18 15  0.000000 0.417980 0.000000 0.000014 0.000000 0.248375 0.000000 0.000014 0.000000 0.000007 0.000000 0.000014 0.000000 -0.248361 -0.000000 0.000014 0.000000 -0.417967 -0.000000 0.000014  
 118 118 128  -23.925851 -0.325097 0.196579 -0.000007 -23.926322 -0.314820 0.193463 -0.000007 -23.927002 -0.299769 0.188900 -0.000007 -23.927671 -0.284718 0.184336 -0.000007 -23.928122 -0.274439 0.181220 -0.000007  
 128 128 138  -23.925930 -0.269194 0.179630 -0.000007 -23.926370 -0.258917 0.176514 -0.000007 -23.927003 -0.243866 0.171951 -0.000007 -23.927624 -0.228815 0.167387 -0.000007 -23.928041 -0.218536 0.164271 -0.000007  
 138 138 148  -23.926010 -0.213291 0.162681 -0.000007 -23.926418 -0.203014 0.159565 -0.000007 -23.927006 -0.187964 0.155001 -0.000007 -23.927577 -0.172913 0.150438 -0.000007 -23.927951 -0.162632 0.147322 -0.000007  
 148 148 158  -23.926381 -0.157385 0.145746 -0.000007 -23.926734 -0.147114 0.142615 -0.000007 -23.927165 -0.132061 0.138040 -0.000007 -23.927264 -0.117007 0.133489 -0.000007 -23.927191 -0.106733 0.130386 -0.000007  
 158 158 168  -23.927659 -0.101482 0.128773 -0.000007 -23.927453 -0.091211 0.125670 -0.000007 -23.927024 -0.076158 0.121106 -0.000007 -23.926558 -0.061106 0.116538 -0.000007 -23.926225 -0.050828 0.113419 -0.000007  
 168 168 178  -23.927882 -0.045584 0.111833 -0.000007 -23.927535 -0.035306 0.108716 -0.000007 -23.927007 -0.020255 0.104153 -0.000007 -23.926459 -0.005204 0.099590 -0.000007 -23.926076 0.005074 0.096473 -0.000007  
 178 178 188  -23.927994 0.010319 0.094883 -0.000007 -23.927599 0.020597 0.091767 -0.000007 -23.927005 0.035648 0.087204 -0.000007 -23.926395 0.050699 0.082640 -0.000007 -23.925970 0.060977 0.079524 -0.000007  
 188 188 198  -23.928086 0.066221 0.077934 -0.000007 -23.927652 0.076500 0.074818 -0.000007 -23.927003 0.091551 0.070254 -0.000007 -23.926342 0.106602 0.065691 -0.000007 -23.925884 0.116879 0.062575 -0.000007  
 198 198 13  -23.928154 0.122124 0.060985 -0.000007 -23.927690 0.132403 0.057868 -0.000007 -23.927001 0.147454 0.053305 -0.000007 -23.926303 0.162504 0.048742 -0.000007 -23.925821 0.172782 0.045626 -0.000007  
