 1 1 5  -59.314767 -8.332571 -11.531441 0.222381 -44.728293 -6.022657 -8.197641 0.222381 -23.448567 -2.613226 -3.148606 0.222381 -22.184925 1.729396 3.274124 0.222381 -36.547816 4.150140 6.664295 0.222381  
 2 2 6  -77.244231 -9.082794 -12.246127 0.222381 -64.499018 -6.778896 -9.145571 0.222381 -48.479212 -3.217589 -4.218993 0.222381 -47.116190 2.268300 3.073022 0.222381 -55.230878 4.936532 6.776636 0.222381  
 3 3 7  -62.126743 -8.742693 -11.337137 0.222381 -48.277816 -6.288636 -8.263799 0.222381 -28.205196 -2.567608 -3.644727 0.222381 -25.792788 2.415129 2.645527 0.222381 -38.682806 4.910080 5.898395 0.222381  
 4 4 8  -42.002067 -7.847471 -10.330497 0.222381 -26.972427 -5.381642 -6.976899 0.222381 -4.687992 -1.647867 -2.006138 0.222381 -4.257036 1.444407 1.986891 0.222381 -19.351172 3.961944 5.388759 0.222381  
 5 5 10  -41.133401 -6.632307 -9.059346 0.263461 -23.708869 -3.834534 -5.200486 0.263461 -2.190294 0.305912 0.502277 0.263461 -27.953685 4.437268 6.193535 0.263461 -45.313841 7.226263 10.042745 0.263461  
 6 6 11  -49.170889 -7.160114 -8.643856 0.263461 -33.440106 -4.367980 -5.189385 0.263461 -18.800314 0.497555 0.981131 0.263461 -38.092580 4.924025 6.423058 0.263461 -53.850072 7.716672 9.856349 0.263461  
 7 7 12  -41.197301 -7.380447 -8.061194 0.263461 -24.594868 -4.346575 -4.614267 0.263461 -4.845901 0.326470 0.766666 0.263461 -29.210137 4.864390 5.823707 0.263461 -45.791402 7.895817 9.256358 0.263461  
 8 8 118  -16.895451 -6.645084 -8.008917 0.263461 -15.532502 -6.390818 -7.697787 0.263461 -13.536172 -6.018268 -7.241857 0.263461 -11.554122 -5.646540 -6.785882 0.263461 -10.199063 -5.392470 -6.474262 0.263461  
 9 10 15  -12.066219 -1.948997 -2.111300 -0.036477 -5.979526 -0.804441 -0.841991 -0.036477 -7.877162 1.116504 1.287345 -0.036477 -16.918482 2.800443 3.143064 -0.036477 -23.017643 3.936197 4.395837 -0.036477  
 10 11 16  -14.176616 -2.174216 -1.697736 -0.036477 -9.252993 -1.027790 -0.502485 -0.036477 -11.825984 1.238417 1.625740 -0.036477 -19.893739 2.964044 3.231395 -0.036477 -25.544648 4.105290 4.324813 -0.036477  
 11 12 17  -12.046728 -2.367969 -1.545708 -0.036477 -6.198671 -1.122222 -0.398693 -0.036477 -8.183686 1.015824 1.447275 -0.036477 -16.962845 2.904021 3.050990 -0.036477 -22.947263 4.162068 4.144257 -0.036477  
 12 13 18  -9.905460 -2.150089 -1.936004 -0.036477 -3.469629 -0.881185 -0.677521 -0.036477 -4.523663 0.884344 1.090279 -0.036477 -14.016602 2.737869 2.952384 -0.036477 -20.409314 3.990641 4.206119 -0.036477  
 13 5 6  0.000000 -14.500529 0.000000 -0.686541 0.000000 -8.513655 0.000000 -0.686541 0.000000 0.253426 0.000000 -0.686541 0.000000 9.020507 -0.000000 -0.686541 0.000000 15.007381 -0.000000 -0.686541  
 14 6 7  0.000000 11.686893 0.000000 0.742914 0.000000 6.999936 0.000000 0.742914 0.000000 0.136432 0.000000 0.742914 0.000000 -6.727072 -0.000000 0.742914 0.000000 -11.414029 -0.000000 0.742914  
 15 7 8  0.000000 -14.929228 -0.000000 -1.243108 0.000000 -8.974066 -0.000000 -1.243108 0.000000 -0.253426 0.000000 -1.243108 0.000000 8.467215 0.000000 -1.243108 0.000000 14.422376 0.000000 -1.243108  
 16 8 5  0.000000 11.335876 -0.000000 1.675836 0.000000 6.680632 -0.000000 1.675836 0.000000 -0.136432 0.000000 1.675836 0.000000 -6.953496 0.000000 1.675836 0.000000 -11.608740 0.000000 1.675836  
 17 10 11  0.000000 -11.208344 0.000000 -0.431520 0.000000 -6.600591 0.000000 -0.431520 0.000000 0.146928 0.000000 -0.431520 0.000000 6.894446 -0.000000 -0.431520 0.000000 11.502199 -0.000000 -0.431520  
 18 11 12  0.000000 9.808219 0.000000 0.443616 0.000000 5.868805 0.000000 0.443616 0.000000 0.099992 0.000000 0.443616 0.000000 -5.668821 -0.000000 0.443616 0.000000 -9.608234 -0.000000 0.443616  
 19 12 13  0.000000 -11.356277 -0.000000 -0.876625 0.000000 -6.807736 -0.000000 -0.876625 0.000000 -0.146928 0.000000 -0.876625 0.000000 6.513881 0.000000 -0.876625 0.000000 11.062421 0.000000 -0.876625  
 20 13 10  0.000000 9.462312 -0.000000 1.118320 0.000000 5.582111 -0.000000 1.118320 0.000000 -0.099992 0.000000 1.118320 0.000000 -5.782095 0.000000 1.118320 0.000000 -9.662296 0.000000 1.118320  
 21 15 16  0.000000 -4.300636 -0.000000 -0.063458 0.000000 -2.555363 -0.000000 -0.063458 0.000000 0.000387 0.000000 -0.063458 0.000000 2.556137 0.000000 -0.063458 0.000000 4.301410 0.000000 -0.063458  
 22 16 17  0.000000 4.121102 -0.000000 0.063031 0.000000 2.454061 -0.000000 0.063031 0.000000 0.012874 0.000000 0.063031 0.000000 -2.428313 0.000000 0.063031 0.000000 -4.095353 0.000000 0.063031  
 23 17 18  0.000000 -4.153348 0.000000 -0.066687 0.000000 -2.468155 0.000000 -0.066687 0.000000 -0.000387 0.000000 -0.066687 0.000000 2.467381 -0.000000 -0.066687 0.000000 4.152573 -0.000000 -0.066687  
 24 18 15  0.000000 3.947290 0.000000 0.077746 0.000000 2.340331 0.000000 0.077746 0.000000 -0.012874 0.000000 0.077746 0.000000 -2.366079 -0.000000 0.077746 0.000000 -3.973039 -0.000000 0.077746  
 118 118 128  -16.979602 -5.264707 -6.314689 0.263461 -15.571510 -5.008032 -6.004504 0.263461 -13.529031 -4.635097 -5.548680 0.263461 -11.509593 -4.264375 -5.092042 0.263461 -10.143213 -4.011348 -4.780703 0.263461  
 128 128 138  -17.088636 -3.880277 -4.621650 0.263461 -15.647894 -3.626167 -4.310741 0.263461 -13.541949 -3.254168 -3.854969 0.263461 -11.434840 -2.881914 -3.398749 0.263461 -9.999865 -2.627634 -3.087098 0.263461  
 138 138 148  -17.052850 -2.498967 -2.925923 0.263461 -15.615764 -2.244535 -2.616630 0.263461 -13.524050 -1.870363 -2.163857 0.263461 -11.466849 -1.499351 -1.705766 0.263461 -10.078873 -1.247440 -1.390018 0.263461  
 148 148 158  -13.988797 -1.074422 -1.191872 0.263461 -13.578483 -0.875324 -0.937982 0.263461 -13.446116 -0.507235 -0.485899 0.263461 -13.447137 -0.112910 -0.007006 0.263461 -13.445190 0.156423 0.319889 0.263461  
 158 158 168  -12.592482 0.196691 0.376776 0.263461 -12.584902 0.536959 0.787305 0.263461 -13.217586 0.930644 1.272452 0.263461 -14.434176 1.259704 1.676582 0.263461 -15.403449 1.475154 1.938595 0.263461  
 168 168 178  -9.919446 1.648389 2.151717 0.263461 -11.391279 1.902879 2.463485 0.263461 -13.543870 2.275215 2.919644 0.263461 -15.693685 2.647187 3.375393 0.263461 -17.159938 2.900967 3.686369 0.263461  
 178 178 188  -10.045086 3.033405 3.844229 0.263461 -11.446352 3.283732 4.157656 0.263461 -13.537188 3.656996 4.613195 0.263461 -15.632748 4.029698 5.068838 0.263461 -17.062188 4.283994 5.379752 0.263461  
 188 188 198  -10.173259 4.412637 5.539899 0.263461 -11.531689 4.667488 5.850246 0.263461 -13.538271 5.040002 6.306111 0.263461 -15.548559 5.411330 6.762649 0.263461 -16.929097 5.665775 7.073957 0.263461  
 198 198 13  -10.209875 5.795299 7.232554 0.263461 -11.559946 6.049645 7.543966 0.263461 -13.542693 6.421970 8.000190 0.263461 -15.522637 6.793908 8.455972 0.263461 -16.877146 7.047933 8.767088 0.263461  
