 1 1 5  -55.157100 -7.076848 -10.615975 0.108457 -42.206867 -5.091264 -7.596694 0.108457 -23.613024 -2.114083 -3.016707 0.108457 -23.369812 1.830970 3.118236 0.108457 -35.881646 3.896391 6.232765 0.108457  
 2 2 6  -72.051384 -7.713946 -11.311643 0.108457 -60.887985 -5.732001 -8.498555 0.108457 -47.844547 -2.559309 -3.918726 0.108457 -47.257397 2.306252 2.828168 0.108457 -53.768293 4.641582 6.297728 0.108457  
 3 3 7  -59.305799 -7.447414 -10.555498 0.108457 -47.200819 -5.364745 -7.770594 0.108457 -30.335732 -2.142182 -3.539683 0.108457 -29.075785 2.417046 2.567726 0.108457 -39.565984 4.552888 5.610292 0.108457  
 4 4 8  -40.824629 -6.714955 -9.615696 0.108457 -27.451849 -4.613186 -6.583940 0.108457 -7.252436 -1.442794 -2.048392 0.108457 -7.596198 1.531194 2.107549 0.108457 -21.340488 3.687427 5.198366 0.108457  
 5 5 10  -36.334457 -4.333264 -7.792004 0.432957 -23.173210 -2.603270 -4.665459 0.432957 -7.773936 0.183834 0.522821 0.432957 -25.644507 2.814982 5.297718 0.432957 -38.725577 4.539519 8.412944 0.432957  
 6 6 11  -44.025264 -4.722049 -7.481868 0.432957 -32.946370 -3.021630 -4.688040 0.432957 -25.253656 0.183175 0.661506 0.432957 -35.601087 3.174522 5.544209 0.432957 -46.862777 4.897349 8.292252 0.432957  
 7 7 12  -36.597680 -4.901569 -6.931014 0.432957 -24.621934 -3.031136 -4.175798 0.432957 -12.618481 0.150975 0.661126 0.432957 -27.425343 3.171946 5.004278 0.432957 -39.397512 5.049061 7.737853 0.432957  
 8 8 118  -16.544637 -4.492928 -6.926331 0.432957 -15.432528 -4.324909 -6.659296 0.432957 -13.806003 -4.077600 -6.268722 0.432957 -12.188103 -3.828736 -5.879147 0.432957 -11.100295 -3.661150 -5.612507 0.432957  
 9 10 15  -16.058786 -3.157424 -3.107992 -0.042206 -7.903677 -1.621549 -1.450525 -0.042206 -4.338820 0.639130 0.989758 -0.042206 -16.333619 2.892127 3.421677 -0.042206 -24.446097 4.417465 5.067765 -0.042206  
 10 11 16  -18.744250 -3.405189 -2.752000 -0.042206 -11.213223 -1.892426 -1.231569 -0.042206 -8.864234 0.763228 1.377815 -0.042206 -19.810196 3.079697 3.517510 -0.042206 -27.436209 4.611294 4.985891 -0.042206  
 11 12 17  -16.048021 -3.464970 -2.589174 -0.042206 -8.111730 -1.829784 -1.098925 -0.042206 -4.963184 0.615446 1.123020 -0.042206 -16.468317 3.025985 3.300493 -0.042206 -24.367338 4.652747 4.776351 -0.042206  
 12 13 18  -13.277809 -3.214172 -2.916170 -0.042206 -4.954950 -1.559395 -1.279577 -0.042206 -0.963436 0.475071 0.720898 -0.042206 -12.987875 2.824378 3.187635 -0.042206 -21.339371 4.448269 4.838600 -0.042206  
 13 5 6  0.000000 -13.040598 -0.000000 -0.608321 0.000000 -7.655298 -0.000000 -0.608321 0.000000 0.230847 0.000000 -0.608321 0.000000 8.116992 0.000000 -0.608321 0.000000 13.502291 0.000000 -0.608321  
 14 6 7  0.000000 9.025098 -0.000000 0.654542 0.000000 5.398947 -0.000000 0.654542 0.000000 0.088870 0.000000 0.654542 0.000000 -5.221207 0.000000 0.654542 0.000000 -8.847359 0.000000 0.654542  
 15 7 8  0.000000 -13.442814 0.000000 -0.951333 0.000000 -8.081649 0.000000 -0.951333 0.000000 -0.230847 0.000000 -0.951333 0.000000 7.619955 -0.000000 -0.951333 0.000000 12.981120 -0.000000 -0.951333  
 16 8 5  0.000000 8.787881 0.000000 1.401499 0.000000 5.185865 0.000000 1.401499 0.000000 -0.088870 0.000000 1.401499 0.000000 -5.363604 -0.000000 1.401499 0.000000 -8.965620 -0.000000 1.401499  
 17 10 11  0.000000 -10.831216 -0.000000 -0.354974 0.000000 -6.379214 -0.000000 -0.354974 0.000000 0.140225 0.000000 -0.354974 0.000000 6.659664 0.000000 -0.354974 0.000000 11.111666 0.000000 -0.354974  
 18 11 12  0.000000 8.259376 -0.000000 0.401493 0.000000 4.935244 -0.000000 0.401493 0.000000 0.067439 0.000000 0.401493 0.000000 -4.800365 0.000000 0.401493 0.000000 -8.124497 0.000000 0.401493  
 19 12 13  0.000000 -10.999510 0.000000 -0.613550 0.000000 -6.593019 0.000000 -0.613550 0.000000 -0.140225 0.000000 -0.613550 0.000000 6.312569 -0.000000 -0.613550 0.000000 10.719061 -0.000000 -0.613550  
 20 13 10  0.000000 8.012342 0.000000 1.007993 0.000000 4.733720 0.000000 1.007993 0.000000 -0.067439 0.000000 1.007993 0.000000 -4.868599 -0.000000 1.007993 0.000000 -8.147220 -0.000000 1.007993  
 21 15 16  0.000000 -4.866597 -0.000000 -0.099198 0.000000 -2.882289 -0.000000 -0.099198 0.000000 0.023499 0.000000 -0.099198 0.000000 2.929287 0.000000 -0.099198 0.000000 4.913595 0.000000 -0.099198  
 22 16 17  0.000000 4.578087 -0.000000 0.111637 0.000000 2.733326 -0.000000 0.111637 0.000000 0.031887 0.000000 0.111637 0.000000 -2.669551 0.000000 0.111637 0.000000 -4.514312 0.000000 0.111637  
 23 17 18  0.000000 -4.795771 0.000000 -0.108524 0.000000 -2.859274 0.000000 -0.108524 0.000000 -0.023499 0.000000 -0.108524 0.000000 2.812276 -0.000000 -0.108524 0.000000 4.748773 -0.000000 -0.108524  
 24 18 15  0.000000 4.396488 0.000000 0.129060 0.000000 2.599537 0.000000 0.129060 0.000000 -0.031887 0.000000 0.129060 0.000000 -2.663312 -0.000000 0.129060 0.000000 -4.460263 -0.000000 0.129060  
 118 118 128  -16.605738 -3.573650 -5.476435 0.432957 -15.470453 -3.405419 -5.209835 0.432957 -13.811813 -3.158048 -4.819795 0.432957 -12.152524 -2.910080 -4.429561 0.432957 -11.020503 -2.740869 -4.162760 0.432957  
 128 128 138  -16.667775 -2.654424 -4.026771 0.432957 -15.509537 -2.485971 -3.760491 0.432957 -13.813279 -2.238602 -3.370481 0.432957 -12.114488 -1.990821 -2.980087 0.432957 -10.952832 -1.821417 -2.713251 0.432957  
 138 138 148  -16.323275 -1.735021 -2.569956 0.432957 -15.261801 -1.565805 -2.311132 0.432957 -13.754282 -1.320143 -1.926248 0.432957 -12.342974 -1.071926 -1.533232 0.432957 -11.477877 -0.900488 -1.253433 0.432957  
 148 148 158  -13.953082 -0.798276 -1.108937 0.432957 -13.796799 -0.655262 -0.870450 0.432957 -13.791380 -0.404137 -0.476297 0.432957 -13.792402 -0.150350 -0.079296 0.432957 -13.790455 0.023013 0.191677 0.432957  
 158 158 168  -13.613940 0.073079 0.284072 0.432957 -13.605981 0.268697 0.582821 0.432957 -13.619904 0.549155 1.014237 0.432957 -14.016314 0.768844 1.372239 0.432957 -14.474478 0.900088 1.586770 0.432957  
 168 168 178  -11.050359 1.022597 1.769223 0.432957 -12.158804 1.191544 2.037534 0.432957 -13.804222 1.439263 2.428194 0.432957 -15.462525 1.686778 2.817602 0.432957 -16.597441 1.855505 3.083146 0.432957  
 178 178 188  -10.978302 1.942025 3.219600 0.432957 -12.127748 2.110904 3.486696 0.432957 -13.813164 2.358663 3.877138 0.432957 -15.495474 2.606027 4.267144 0.432957 -16.644202 2.775064 4.533066 0.432957  
 188 188 198  -11.036352 2.860929 4.669275 0.432957 -12.164140 3.030380 4.936107 0.432957 -13.813052 3.278210 5.326447 0.432957 -15.458920 3.525662 5.716341 0.432957 -16.586750 3.693778 5.982997 0.432957  
 198 198 13  -11.121524 3.779212 6.120164 0.432957 -12.207573 3.949863 6.385479 0.432957 -13.801497 4.198469 6.774596 0.432957 -15.418636 4.444703 7.166130 0.432957 -16.522960 4.612592 7.433387 0.432957  
