 1 1 5  -35.457366 0.669779 0.228401 -0.000019 -35.463029 0.475051 0.152577 -0.000019 -35.470436 0.189820 0.041541 -0.000019 -35.471576 -0.095620 -0.069195 -0.000019 -35.467171 -0.290467 -0.144981 -0.000019  
 2 2 6  -35.389221 0.669728 0.228701 -0.000019 -35.394903 0.475007 0.152920 -0.000019 -35.402374 0.189800 0.041947 -0.000019 -35.403754 -0.095598 -0.069262 -0.000019 -35.399068 -0.290394 -0.145082 -0.000019  
 3 3 7  -36.523024 0.669594 0.228735 -0.000019 -36.528833 0.474856 0.152953 -0.000019 -36.536534 0.189621 0.041977 -0.000019 -36.537855 -0.095563 -0.069322 -0.000019 -36.533069 -0.290349 -0.145131 -0.000019  
 4 4 8  -36.591126 0.669640 0.228423 -0.000019 -36.596906 0.474895 0.152595 -0.000019 -36.604478 0.189630 0.041535 -0.000019 -36.605887 -0.095615 -0.069215 -0.000019 -36.601225 -0.290407 -0.144996 -0.000019  
 5 5 10  -23.648832 0.345270 -0.006663 0.000008 -23.651497 0.197667 -0.021108 0.000008 -23.653851 -0.018555 -0.042141 0.000008 -23.650820 -0.234776 -0.063261 0.000008 -23.648049 -0.382378 -0.077708 0.000008  
 6 6 11  -23.686716 0.345290 -0.006726 0.000008 -23.689381 0.197688 -0.021105 0.000008 -23.691751 -0.018568 -0.042190 0.000008 -23.688602 -0.234768 -0.063316 0.000008 -23.685832 -0.382373 -0.077701 0.000008  
 7 7 12  -24.346260 0.345310 -0.006726 0.000008 -24.348988 0.197677 -0.021105 0.000008 -24.351394 -0.018533 -0.042221 0.000008 -24.348153 -0.234741 -0.063326 0.000008 -24.345348 -0.382371 -0.077710 0.000008  
 8 8 118  -24.310155 0.379192 -0.003387 0.000008 -24.310448 0.364429 -0.004827 0.000008 -24.310872 0.342809 -0.006936 0.000008 -24.311291 0.321189 -0.009045 0.000008 -24.311574 0.306425 -0.010485 0.000008  
 9 10 15  -11.861937 0.194337 -0.076890 0.000005 -11.863040 0.086757 -0.051326 0.000005 -11.863505 -0.070797 -0.013896 0.000005 -11.862035 -0.228327 0.023540 0.000005 -11.860819 -0.335892 0.049110 0.000005  
 10 11 16  -11.898458 0.194345 -0.076916 0.000005 -11.899549 0.086764 -0.051334 0.000005 -11.899977 -0.070797 -0.013923 0.000005 -11.898543 -0.228333 0.023528 0.000005 -11.897335 -0.335899 0.049115 0.000005  
 11 12 17  -12.136884 0.194360 -0.076920 0.000005 -12.137989 0.086770 -0.051337 0.000005 -12.138401 -0.070782 -0.013925 0.000005 -12.136956 -0.228327 0.023530 0.000005 -12.135738 -0.335902 0.049118 0.000005  
 12 13 18  -12.100364 0.194352 -0.076894 0.000005 -12.101477 0.086763 -0.051329 0.000005 -12.101931 -0.070782 -0.013896 0.000005 -12.100452 -0.228321 0.023543 0.000005 -12.099226 -0.335895 0.049114 0.000005  
 13 5 6  0.000000 0.146194 -0.000000 -0.000020 0.000000 0.086856 -0.000000 -0.000020 0.000000 -0.000038 0.000000 -0.000020 0.000000 -0.086931 0.000000 -0.000020 0.000000 -0.146269 0.000000 -0.000020  
 14 6 7  0.000000 -0.655232 0.000000 0.000027 0.000000 -0.389357 0.000000 0.000027 0.000000 -0.000015 0.000000 0.000027 0.000000 0.389327 -0.000000 0.000027 0.000000 0.655201 -0.000000 0.000027  
 15 7 8  0.000000 0.146271 0.000000 -0.000022 0.000000 0.086932 0.000000 -0.000022 0.000000 0.000038 0.000000 -0.000022 0.000000 -0.086857 -0.000000 -0.000022 0.000000 -0.146196 -0.000000 -0.000022  
 16 8 5  0.000000 -0.655203 -0.000000 0.000002 0.000000 -0.389328 -0.000000 0.000002 0.000000 0.000015 0.000000 0.000002 0.000000 0.389358 0.000000 0.000002 0.000000 0.655234 0.000000 0.000002  
 17 10 11  0.000000 -0.001874 -0.000000 0.000007 0.000000 -0.001117 -0.000000 0.000007 0.000000 -0.000009 0.000000 0.000007 0.000000 0.001100 0.000000 0.000007 0.000000 0.001857 0.000000 0.000007  
 18 11 12  0.000000 -0.581639 -0.000000 0.000006 0.000000 -0.345623 -0.000000 0.000006 0.000000 -0.000005 0.000000 0.000006 0.000000 0.345613 0.000000 0.000006 0.000000 0.581629 0.000000 0.000006  
 19 12 13  0.000000 -0.001856 0.000000 0.000006 0.000000 -0.001099 0.000000 0.000006 0.000000 0.000009 0.000000 0.000006 0.000000 0.001117 -0.000000 0.000006 0.000000 0.001873 -0.000000 0.000006  
 20 13 10  0.000000 -0.581630 0.000000 -0.000002 0.000000 -0.345614 0.000000 -0.000002 0.000000 0.000005 0.000000 -0.000002 0.000000 0.345623 -0.000000 -0.000002 0.000000 0.581640 -0.000000 -0.000002  
 21 15 16  0.000000 -0.050411 0.000000 0.000005 0.000000 -0.029957 0.000000 0.000005 0.000000 -0.000004 0.000000 0.000005 0.000000 0.029950 -0.000000 0.000005 0.000000 0.050404 -0.000000 0.000005  
 22 16 17  0.000000 -0.329268 -0.000000 -0.000002 0.000000 -0.195658 -0.000000 -0.000002 0.000000 -0.000001 0.000000 -0.000002 0.000000 0.195655 0.000000 -0.000002 0.000000 0.329265 0.000000 -0.000002  
 23 17 18  0.000000 -0.050403 -0.000000 0.000005 0.000000 -0.029949 -0.000000 0.000005 0.000000 0.000004 0.000000 0.000005 0.000000 0.029956 0.000000 0.000005 0.000000 0.050410 0.000000 0.000005  
 24 18 15  0.000000 -0.329266 0.000000 -0.000003 0.000000 -0.195656 0.000000 -0.000003 0.000000 0.000001 0.000000 -0.000003 0.000000 0.195659 -0.000000 -0.000003 0.000000 0.329269 -0.000000 -0.000003  
 118 118 128  -24.310198 0.298892 -0.011220 0.000008 -24.310475 0.284128 -0.012660 0.000008 -24.310874 0.262508 -0.014769 0.000008 -24.311264 0.240888 -0.016878 0.000008 -24.311525 0.226125 -0.018318 0.000008  
 128 128 138  -24.310251 0.218591 -0.019053 0.000008 -24.310505 0.203827 -0.020493 0.000008 -24.310872 0.182208 -0.022602 0.000008 -24.311234 0.160588 -0.024711 0.000008 -24.311477 0.145824 -0.026151 0.000008  
 138 138 148  -24.310340 0.138289 -0.026882 0.000008 -24.310572 0.123526 -0.028326 0.000008 -24.310895 0.101908 -0.030439 0.000008 -24.311168 0.080287 -0.032545 0.000008 -24.311333 0.065522 -0.033980 0.000008  
 148 148 158  -24.310608 0.057994 -0.034711 0.000008 -24.310757 0.043225 -0.036160 0.000008 -24.310917 0.021603 -0.038274 0.000008 -24.310994 -0.000012 -0.040379 0.000008 -24.310989 -0.014776 -0.041808 0.000008  
 158 158 168  -24.311175 -0.022316 -0.042562 0.000008 -24.311099 -0.037074 -0.043991 0.000008 -24.310917 -0.058693 -0.046095 0.000008 -24.310645 -0.080315 -0.048211 0.000008 -24.310436 -0.095080 -0.049658 0.000008  
 168 168 178  -24.311463 -0.102611 -0.050385 0.000008 -24.311232 -0.117376 -0.051826 0.000008 -24.310875 -0.138996 -0.053935 0.000008 -24.310509 -0.160615 -0.056044 0.000008 -24.310255 -0.175379 -0.057484 0.000008  
 178 178 188  -24.311517 -0.182913 -0.058219 0.000008 -24.311258 -0.197677 -0.059659 0.000008 -24.310872 -0.219297 -0.061768 0.000008 -24.310482 -0.240916 -0.063877 0.000008 -24.310211 -0.255679 -0.065317 0.000008  
 188 188 198  -24.311556 -0.263213 -0.066052 0.000008 -24.311281 -0.277977 -0.067492 0.000008 -24.310873 -0.299597 -0.069601 0.000008 -24.310458 -0.321217 -0.071710 0.000008 -24.310171 -0.335980 -0.073150 0.000008  
 198 198 13  -24.311591 -0.343514 -0.073885 0.000008 -24.311301 -0.358278 -0.075325 0.000008 -24.310872 -0.379898 -0.077434 0.000008 -24.310438 -0.401518 -0.079543 0.000008 -24.310139 -0.416281 -0.080983 0.000008  
