 1 1 5  -35.913215 -0.127399 -0.194319 -0.000018 -35.917932 -0.090927 -0.139638 -0.000018 -35.924019 -0.037580 -0.059557 -0.000018 -35.924892 0.015556 0.020792 -0.000018 -35.921166 0.051937 0.075558 -0.000018  
 2 2 6  -36.192481 -0.127460 -0.194112 -0.000018 -36.197274 -0.090979 -0.139397 -0.000018 -36.203650 -0.037610 -0.059239 -0.000018 -36.204691 0.015577 0.020766 -0.000018 -36.200641 0.051998 0.075485 -0.000018  
 3 3 7  -36.070490 -0.127598 -0.194066 -0.000018 -36.075385 -0.091132 -0.139356 -0.000018 -36.081926 -0.037787 -0.059210 -0.000018 -36.082809 0.015622 0.020728 -0.000018 -36.078743 0.052050 0.075442 -0.000018  
 4 4 8  -35.791095 -0.127537 -0.194281 -0.000018 -35.795926 -0.091077 -0.139604 -0.000018 -35.802260 -0.037747 -0.059531 -0.000018 -35.803251 0.015586 0.020787 -0.000018 -35.799338 0.052000 0.075532 -0.000018  
 5 5 10  -23.946695 -0.072644 -0.123356 0.000002 -23.948862 -0.034640 -0.066131 0.000002 -23.950738 0.020934 0.017766 0.000002 -23.948249 0.076557 0.101625 0.000002 -23.945950 0.114578 0.158855 0.000002  
 6 6 11  -24.076998 -0.072649 -0.123387 0.000002 -24.079182 -0.034638 -0.066114 0.000002 -24.081082 0.020929 0.017766 0.000002 -24.078522 0.076572 0.101581 0.000002 -24.076227 0.114592 0.158850 0.000002  
 7 7 12  -24.049396 -0.072618 -0.123373 0.000002 -24.051625 -0.034639 -0.066103 0.000002 -24.053515 0.020966 0.017735 0.000002 -24.050850 0.076601 0.101572 0.000002 -24.048549 0.114592 0.158836 0.000002  
 8 8 118  -23.920471 -0.081342 -0.136512 0.000002 -23.920708 -0.077543 -0.130786 0.000002 -23.921051 -0.071982 -0.122401 0.000002 -23.921390 -0.066421 -0.114015 0.000002 -23.921618 -0.062623 -0.108289 0.000002  
 9 10 15  -11.979168 0.058399 0.018030 0.000003 -11.980063 0.043290 0.022645 0.000003 -11.980484 0.021156 0.029408 0.000003 -11.979317 -0.000964 0.036168 0.000003 -11.978354 -0.016062 0.040781 0.000003  
 10 11 16  -12.006708 0.058404 0.018010 0.000003 -12.007603 0.043294 0.022640 0.000003 -12.008009 0.021159 0.029386 0.000003 -12.006852 -0.000965 0.036157 0.000003 -12.005886 -0.016063 0.040785 0.000003  
 11 12 17  -12.019786 0.058416 0.018008 0.000003 -12.020689 0.043299 0.022638 0.000003 -12.021076 0.021172 0.029384 0.000003 -12.019920 -0.000960 0.036156 0.000003 -12.018948 -0.016066 0.040784 0.000003  
 12 13 18  -11.992247 0.058411 0.018029 0.000003 -11.993146 0.043295 0.022643 0.000003 -11.993565 0.021168 0.029405 0.000003 -11.992389 -0.000959 0.036167 0.000003 -11.991419 -0.016064 0.040780 0.000003  
 13 5 6  0.000000 -0.206116 -0.000000 -0.000028 0.000000 -0.122489 -0.000000 -0.000028 0.000000 -0.000026 0.000000 -0.000028 0.000000 0.122436 0.000000 -0.000028 0.000000 0.206064 0.000000 -0.000028  
 14 6 7  0.000000 0.130138 -0.000000 0.000028 0.000000 0.077324 -0.000000 0.000028 0.000000 -0.000016 0.000000 0.000028 0.000000 -0.077356 0.000000 0.000028 0.000000 -0.130170 0.000000 0.000028  
 15 7 8  0.000000 -0.206061 0.000000 -0.000029 0.000000 -0.122435 0.000000 -0.000029 0.000000 0.000026 0.000000 -0.000029 0.000000 0.122487 -0.000000 -0.000029 0.000000 0.206113 -0.000000 -0.000029  
 16 8 5  0.000000 0.130167 0.000000 0.000014 0.000000 0.077354 0.000000 0.000014 0.000000 0.000016 0.000000 0.000014 0.000000 -0.077323 -0.000000 0.000014 0.000000 -0.130135 -0.000000 0.000014  
 17 10 11  0.000000 -0.141940 0.000000 -0.000003 0.000000 -0.084346 0.000000 -0.000003 0.000000 -0.000007 0.000000 -0.000003 0.000000 0.084333 -0.000000 -0.000003 0.000000 0.141926 -0.000000 -0.000003  
 18 11 12  0.000000 0.056175 -0.000000 0.000010 0.000000 0.033378 -0.000000 0.000010 0.000000 -0.000004 0.000000 0.000010 0.000000 -0.033386 0.000000 0.000010 0.000000 -0.056182 0.000000 0.000010  
 19 12 13  0.000000 -0.141924 -0.000000 -0.000005 0.000000 -0.084331 -0.000000 -0.000005 0.000000 0.000007 0.000000 -0.000005 0.000000 0.084345 0.000000 -0.000005 0.000000 0.141937 0.000000 -0.000005  
 20 13 10  0.000000 0.056179 0.000000 0.000004 0.000000 0.033384 0.000000 0.000004 0.000000 0.000004 0.000000 0.000004 0.000000 -0.033377 -0.000000 0.000004 0.000000 -0.056172 -0.000000 0.000004  
 21 15 16  0.000000 -0.038026 0.000000 0.000003 0.000000 -0.022597 0.000000 0.000003 0.000000 -0.000003 0.000000 0.000003 0.000000 0.022591 -0.000000 0.000003 0.000000 0.038020 -0.000000 0.000003  
 22 16 17  0.000000 -0.018056 -0.000000 -0.000001 0.000000 -0.010730 -0.000000 -0.000001 0.000000 -0.000001 0.000000 -0.000001 0.000000 0.010727 0.000000 -0.000001 0.000000 0.018054 0.000000 -0.000001  
 23 17 18  0.000000 -0.038017 -0.000000 0.000002 0.000000 -0.022589 -0.000000 0.000002 0.000000 0.000003 0.000000 0.000002 0.000000 0.022595 0.000000 0.000002 0.000000 0.038023 0.000000 0.000002  
 24 18 15  0.000000 -0.018057 0.000000 -0.000001 0.000000 -0.010729 0.000000 -0.000001 0.000000 0.000001 0.000000 -0.000001 0.000000 0.010731 -0.000000 -0.000001 0.000000 0.018059 -0.000000 -0.000001  
 118 118 128  -23.920503 -0.060685 -0.105367 0.000002 -23.920727 -0.056887 -0.099641 0.000002 -23.921051 -0.051326 -0.091255 0.000002 -23.921370 -0.045764 -0.082870 0.000002 -23.921585 -0.041967 -0.077144 0.000002  
 128 128 138  -23.920536 -0.040029 -0.074222 0.000002 -23.920747 -0.036231 -0.068496 0.000002 -23.921051 -0.030670 -0.060110 0.000002 -23.921351 -0.025108 -0.051725 0.000002 -23.921552 -0.021311 -0.045999 0.000002  
 138 138 148  -23.920618 -0.019373 -0.043073 0.000002 -23.920811 -0.015575 -0.037350 0.000002 -23.921075 -0.010013 -0.028968 0.000002 -23.921288 -0.004452 -0.020580 0.000002 -23.921410 -0.000655 -0.014850 0.000002  
 148 148 158  -23.920889 0.001289 -0.011927 0.000002 -23.920988 0.005079 -0.006206 0.000002 -23.921073 0.010641 0.002177 0.000002 -23.921122 0.016206 0.010565 0.000002 -23.921121 0.020002 0.016295 0.000002  
 158 158 168  -23.921302 0.021937 0.019206 0.000002 -23.921235 0.025739 0.024940 0.000002 -23.921089 0.031300 0.033331 0.000002 -23.920864 0.036860 0.041710 0.000002 -23.920691 0.040657 0.047429 0.000002  
 168 168 178  -23.921528 0.042596 0.050358 0.000002 -23.921341 0.046394 0.056085 0.000002 -23.921055 0.051955 0.064470 0.000002 -23.920757 0.057517 0.072855 0.000002 -23.920550 0.061315 0.078582 0.000002  
 178 178 188  -23.921582 0.063253 0.081504 0.000002 -23.921369 0.067050 0.087230 0.000002 -23.921052 0.072611 0.095615 0.000002 -23.920728 0.078173 0.104000 0.000002 -23.920503 0.081971 0.109727 0.000002  
 188 188 198  -23.921617 0.083909 0.112649 0.000002 -23.921389 0.087706 0.118375 0.000002 -23.921051 0.093268 0.126760 0.000002 -23.920708 0.098829 0.135146 0.000002 -23.920471 0.102627 0.140872 0.000002  
 198 198 13  -23.921643 0.104565 0.143793 0.000002 -23.921404 0.108363 0.149520 0.000002 -23.921050 0.113924 0.157905 0.000002 -23.920693 0.119485 0.166291 0.000002 -23.920446 0.123283 0.172017 0.000002  
