 1 1 5  -39.613809 -4.803949 1.877393 0.102022 -38.976952 -3.499161 1.581337 0.102022 -40.186236 -0.908371 0.900645 0.102022 -40.096376 1.716077 0.122225 0.102022 -39.002403 3.538157 -0.381602 0.102022  
 2 2 6  -34.751012 -4.520285 1.917848 0.102022 -33.473167 -3.324711 1.618060 0.102022 -33.978574 -0.896622 0.924246 0.102022 -33.922665 1.692866 0.099493 0.102022 -33.203793 3.424781 -0.425927 0.102022  
 3 3 7  -33.552107 -4.522583 1.814145 0.102022 -32.021177 -3.368267 1.521264 0.102022 -32.369316 -0.925358 0.913137 0.102022 -32.293311 1.704482 0.117526 0.102022 -31.737063 3.403409 -0.378650 0.102022  
 4 4 8  -38.505865 -4.819929 1.767130 0.102022 -37.504913 -3.556387 1.486781 0.102022 -38.588098 -0.936901 0.887858 0.102022 -38.485724 1.727393 0.142304 0.102022 -37.415490 3.567334 -0.329643 0.102022  
 5 5 10  -25.114191 0.250727 2.718923 0.030332 -25.405368 0.571062 1.716394 0.030332 -25.734697 0.940221 0.077251 0.030332 -25.213314 1.310422 -1.545345 0.030332 -25.044699 1.454011 -2.488493 0.030332  
 6 6 11  -21.939681 0.248038 2.634423 0.030332 -21.689518 0.578502 1.725544 0.030332 -21.958421 0.939665 0.067671 0.030332 -21.643429 1.263262 -1.563718 0.030332 -21.935079 1.363555 -2.445466 0.030332  
 7 7 12  -22.599955 0.256212 2.643282 0.030332 -22.539800 0.580959 1.716432 0.030332 -22.852472 0.945038 0.067589 0.030332 -22.467759 1.287819 -1.553553 0.030332 -22.579840 1.389116 -2.446373 0.030332  
 8 8 118  -26.349191 0.262527 2.987397 0.030332 -26.255826 0.285719 2.890365 0.030332 -26.149035 0.319981 2.741132 0.030332 -26.117891 0.358214 2.574902 0.030332 -26.117119 0.384344 2.455890 0.030332  
 9 10 15  -12.706420 1.501315 0.692187 -0.011332 -11.985701 1.096992 0.283990 -0.011332 -11.985843 0.259703 -0.490548 -0.011332 -12.082220 -0.530469 -1.203728 -0.011332 -12.939781 -0.932049 -1.524531 -0.011332  
 10 11 16  -11.690699 1.460308 0.701206 -0.011332 -10.783883 1.081720 0.296192 -0.011332 -10.701901 0.259046 -0.489895 -0.011332 -10.981291 -0.513449 -1.194563 -0.011332 -11.977605 -0.905589 -1.510685 -0.011332  
 11 12 17  -12.347759 1.481129 0.713822 -0.011332 -11.549661 1.090688 0.302065 -0.011332 -11.522447 0.264961 -0.489327 -0.011332 -11.683140 -0.513541 -1.211214 -0.011332 -12.595598 -0.909961 -1.534423 -0.011332  
 12 13 18  -13.369432 1.519461 0.704075 -0.011332 -12.759960 1.101473 0.287931 -0.011332 -12.789811 0.265505 -0.490141 -0.011332 -12.795192 -0.528925 -1.215805 -0.011332 -13.559509 -0.935361 -1.546922 -0.011332  
 13 5 6  0.000000 3.120902 -0.000000 0.085799 0.000000 1.854075 -0.000000 0.085799 0.000000 -0.001045 0.000000 0.085799 0.000000 -1.856165 0.000000 0.085799 0.000000 -3.122992 0.000000 0.085799  
 14 6 7  0.000000 3.202027 0.000000 -0.032905 0.000000 1.901281 0.000000 -0.032905 0.000000 -0.003510 0.000000 -0.032905 0.000000 -1.908300 -0.000000 -0.032905 0.000000 -3.209046 -0.000000 -0.032905  
 15 7 8  0.000000 3.121499 0.000000 0.094100 0.000000 1.855278 0.000000 0.094100 0.000000 0.001045 0.000000 0.094100 0.000000 -1.853188 -0.000000 0.094100 0.000000 -3.119409 -0.000000 0.094100  
 16 8 5  0.000000 3.210539 -0.000000 -0.034585 0.000000 1.909188 -0.000000 -0.034585 0.000000 0.003510 0.000000 -0.034585 0.000000 -1.902168 0.000000 -0.034585 0.000000 -3.203520 0.000000 -0.034585  
 17 10 11  0.000000 3.335142 -0.000000 0.017434 0.000000 1.983633 -0.000000 0.017434 0.000000 0.004505 0.000000 0.017434 0.000000 -1.974622 0.000000 0.017434 0.000000 -3.326131 0.000000 0.017434  
 18 11 12  0.000000 -0.103036 -0.000000 0.005352 0.000000 -0.061479 -0.000000 0.005352 0.000000 -0.000624 0.000000 0.005352 0.000000 0.060232 0.000000 0.005352 0.000000 0.101789 0.000000 0.005352  
 19 12 13  0.000000 3.326583 0.000000 0.009919 0.000000 1.974891 0.000000 0.009919 0.000000 -0.004505 0.000000 0.009919 0.000000 -1.983901 -0.000000 0.009919 0.000000 -3.335593 -0.000000 0.009919  
 20 13 10  0.000000 -0.102241 0.000000 0.001405 0.000000 -0.060500 0.000000 0.001405 0.000000 0.000624 0.000000 0.001405 0.000000 0.061748 -0.000000 0.001405 0.000000 0.103488 -0.000000 0.001405  
 21 15 16  0.000000 1.592538 -0.000000 -0.016022 0.000000 0.947628 -0.000000 -0.016022 0.000000 0.003233 0.000000 -0.016022 0.000000 -0.941162 0.000000 -0.016022 0.000000 -1.586071 0.000000 -0.016022  
 22 16 17  0.000000 -1.014017 -0.000000 0.011737 0.000000 -0.601629 -0.000000 0.011737 0.000000 0.002264 0.000000 0.011737 0.000000 0.606158 0.000000 0.011737 0.000000 1.018546 0.000000 0.011737  
 23 17 18  0.000000 1.586683 0.000000 -0.014690 0.000000 0.941525 0.000000 -0.014690 0.000000 -0.003233 0.000000 -0.014690 0.000000 -0.947992 -0.000000 -0.014690 0.000000 -1.593150 -0.000000 -0.014690  
 24 18 15  0.000000 -1.019158 0.000000 0.009816 0.000000 -0.606522 0.000000 0.009816 0.000000 -0.002264 0.000000 0.009816 0.000000 0.601993 -0.000000 0.009816 0.000000 1.014629 -0.000000 0.009816  
 118 118 128  -26.088823 0.391378 2.406846 0.030332 -26.116480 0.420431 2.304698 0.030332 -26.176381 0.459058 2.149499 0.030332 -26.256601 0.492395 1.988214 0.030332 -26.313112 0.513833 1.876565 0.030332  
 128 128 138  -26.068745 0.529659 1.825308 0.030332 -26.121250 0.554575 1.717804 0.030332 -26.191603 0.590895 1.560128 0.030332 -26.254101 0.627012 1.402127 0.030332 -26.292053 0.651544 1.294058 0.030332  
 138 138 148  -26.123649 0.664372 1.239270 0.030332 -26.152957 0.689089 1.131534 0.030332 -26.190794 0.725254 0.973732 0.030332 -26.222168 0.761486 0.815853 0.030332 -26.239549 0.786307 0.708024 0.030332  
 148 148 158  -26.173793 0.799225 0.653499 0.030332 -26.183626 0.823488 0.545151 0.030332 -26.190816 0.859620 0.387212 0.030332 -26.191698 0.896051 0.229740 0.030332 -26.188950 0.920961 0.121929 0.030332  
 158 158 168  -26.216283 0.933099 0.066635 0.030332 -26.208040 0.958090 -0.041042 0.030332 -26.191461 0.994558 -0.198562 0.030332 -26.166724 1.030539 -0.356643 0.030332 -26.146042 1.054971 -0.464706 0.030332  
 168 168 178  -26.273391 1.068026 -0.519176 0.030332 -26.243072 1.092611 -0.627240 0.030332 -26.191651 1.128726 -0.785241 0.030332 -26.132273 1.165026 -0.942923 0.030332 -26.087306 1.189939 -1.050419 0.030332  
 178 178 188  -26.315541 1.201217 -1.104004 0.030332 -26.265622 1.226785 -1.213165 0.030332 -26.185634 1.264422 -1.372742 0.030332 -26.105941 1.300638 -1.530265 0.030332 -26.067243 1.321403 -1.633546 0.030332  
 188 188 198  -26.215139 1.333312 -1.687103 0.030332 -26.190195 1.362351 -1.800255 0.030332 -26.175770 1.399900 -1.960740 0.030332 -26.180009 1.434088 -2.115795 0.030332 -26.194076 1.456040 -2.218518 0.030332  
 198 198 13  -26.020418 1.469894 -2.273308 0.030332 -26.074471 1.496447 -2.386340 0.030332 -26.172508 1.533186 -2.547314 0.030332 -26.296706 1.568793 -2.701864 0.030332 -26.394660 1.591890 -2.804742 0.030332  
