 1 1 5  -40.991848 -3.682870 2.377490 0.011122 -40.113004 -2.671597 1.801210 0.011122 -40.123661 -0.944241 0.738894 0.011122 -40.127154 0.789972 -0.329840 0.011122 -40.099585 1.974552 -1.060181 0.011122  
 2 2 6  -36.814956 -3.596212 2.312962 0.011122 -35.572388 -2.645403 1.779206 0.011122 -35.446161 -0.944936 0.737218 0.011122 -35.450699 0.790527 -0.338342 0.011122 -35.421850 1.975355 -1.072626 0.011122  
 3 3 7  -33.387549 -3.511155 2.242244 0.011122 -31.820349 -2.606085 1.742169 0.011122 -31.469678 -0.943158 0.737848 0.011122 -31.474496 0.798746 -0.338788 0.011122 -31.445663 1.987267 -1.073280 0.011122  
 4 4 8  -37.470477 -3.616235 2.319443 0.011122 -36.285572 -2.653209 1.782049 0.011122 -36.188702 -0.942527 0.739563 0.011122 -36.194498 0.798204 -0.330142 0.011122 -36.164318 1.986498 -1.060875 0.011122  
 5 5 10  -26.073285 -1.231082 1.461550 0.003387 -26.086341 -0.552201 0.855021 0.003387 -26.094759 0.441437 -0.032890 0.003387 -26.078157 1.435277 -0.920711 0.003387 -26.342406 2.059666 -1.476254 0.003387  
 6 6 11  -23.338518 -1.223447 1.467466 0.003387 -23.311686 -0.552375 0.864159 0.003387 -23.321458 0.441617 -0.031083 0.003387 -23.303997 1.435645 -0.926188 0.003387 -23.783120 2.021334 -1.451623 0.003387  
 7 7 12  -21.878739 -1.226677 1.457600 0.003387 -21.800395 -0.560985 0.864318 0.003387 -21.809559 0.439754 -0.031193 0.003387 -21.798737 1.438943 -0.925182 0.003387 -22.418708 2.004207 -1.429423 0.003387  
 8 8 118  -24.677322 -1.378451 1.579739 0.003387 -24.646600 -1.314444 1.523628 0.003387 -24.612960 -1.218952 1.439163 0.003387 -24.609717 -1.117375 1.348661 0.003387 -24.611202 -1.047282 1.286101 0.003387  
 9 10 15  -12.593823 0.365627 0.882754 0.002271 -12.601176 0.373318 0.410734 0.002271 -12.604383 0.384473 -0.280370 0.002271 -12.601181 0.394912 -0.970715 0.002271 -12.851990 0.368292 -1.390903 0.002271  
 10 11 16  -11.566255 0.364770 0.890772 0.002271 -11.569301 0.373294 0.415549 0.002271 -11.572496 0.384531 -0.281719 0.002271 -11.597697 0.389686 -0.972371 0.002271 -11.951513 0.356911 -1.376833 0.002271  
 11 12 17  -11.310322 0.360337 0.890063 0.002271 -11.309700 0.370642 0.415564 0.002271 -11.312746 0.383529 -0.281760 0.002271 -11.348551 0.388583 -0.970272 0.002271 -11.727462 0.356141 -1.369972 0.002271  
 12 13 18  -12.336291 0.361924 0.882786 0.002271 -12.343717 0.370674 0.410752 0.002271 -12.346702 0.383468 -0.280408 0.002271 -12.347797 0.394686 -0.969910 0.002271 -12.622763 0.367033 -1.385452 0.002271  
 13 5 6  0.000000 2.544550 -0.000000 0.015760 0.000000 1.512799 -0.000000 0.015760 0.000000 0.001919 0.000000 0.015760 0.000000 -1.508962 0.000000 0.015760 0.000000 -2.540713 0.000000 0.015760  
 14 6 7  0.000000 3.276631 -0.000000 -0.013939 0.000000 1.947788 -0.000000 -0.013939 0.000000 0.001853 0.000000 -0.013939 0.000000 -1.944083 0.000000 -0.013939 0.000000 -3.272926 0.000000 -0.013939  
 15 7 8  0.000000 2.540230 0.000000 0.019922 0.000000 1.508675 0.000000 0.019922 0.000000 -0.001919 0.000000 0.019922 0.000000 -1.512512 -0.000000 0.019922 0.000000 -2.544068 -0.000000 0.019922  
 16 8 5  0.000000 3.273408 0.000000 -0.010566 0.000000 1.944370 0.000000 -0.010566 0.000000 -0.001853 0.000000 -0.010566 0.000000 -1.948075 -0.000000 -0.010566 0.000000 -3.277114 -0.000000 -0.010566  
 17 10 11  0.000000 2.396479 -0.000000 0.010163 0.000000 1.424350 -0.000000 0.010163 0.000000 0.000779 0.000000 0.010163 0.000000 -1.422791 0.000000 0.010163 0.000000 -2.394921 0.000000 0.010163  
 18 11 12  0.000000 1.705077 -0.000000 -0.006933 0.000000 1.013447 -0.000000 -0.006933 0.000000 0.000635 0.000000 -0.006933 0.000000 -1.012178 0.000000 -0.006933 0.000000 -1.703808 0.000000 -0.006933  
 19 12 13  0.000000 2.394452 0.000000 0.009400 0.000000 1.422513 0.000000 0.009400 0.000000 -0.000779 0.000000 0.009400 0.000000 -1.424071 -0.000000 0.009400 0.000000 -2.396010 -0.000000 0.009400  
 20 13 10  0.000000 1.704277 0.000000 -0.007217 0.000000 1.012457 0.000000 -0.007217 0.000000 -0.000635 0.000000 -0.007217 0.000000 -1.013726 -0.000000 -0.007217 0.000000 -1.705546 -0.000000 -0.007217  
 21 15 16  0.000000 1.394825 -0.000000 0.003772 0.000000 0.829486 -0.000000 0.003772 0.000000 0.001613 0.000000 0.003772 0.000000 -0.826259 0.000000 0.003772 0.000000 -1.391598 0.000000 0.003772  
 22 16 17  0.000000 0.348913 -0.000000 -0.001961 0.000000 0.207317 -0.000000 -0.001961 0.000000 -0.000035 0.000000 -0.001961 0.000000 -0.207386 0.000000 -0.001961 0.000000 -0.348983 0.000000 -0.001961  
 23 17 18  0.000000 1.391103 0.000000 0.003864 0.000000 0.825965 0.000000 0.003864 0.000000 -0.001613 0.000000 0.003864 0.000000 -0.829192 -0.000000 0.003864 0.000000 -1.394330 -0.000000 0.003864  
 24 18 15  0.000000 0.349477 0.000000 -0.001170 0.000000 0.207680 0.000000 -0.001170 0.000000 0.000035 0.000000 -0.001170 0.000000 -0.207610 -0.000000 -0.001170 0.000000 -0.349407 -0.000000 -0.001170  
 118 118 128  -24.624354 -1.016062 1.258815 0.003387 -24.625737 -0.948831 1.199170 0.003387 -24.627701 -0.850380 1.111828 0.003387 -24.629579 -0.751928 1.024485 0.003387 -24.630796 -0.684694 0.964839 0.003387  
 128 128 138  -24.625054 -0.650393 0.934407 0.003387 -24.626150 -0.583156 0.874759 0.003387 -24.627695 -0.484701 0.787413 0.003387 -24.629160 -0.386252 0.700073 0.003387 -24.630123 -0.319025 0.640432 0.003387  
 138 138 148  -24.625518 -0.284708 0.609990 0.003387 -24.626439 -0.217482 0.550347 0.003387 -24.627708 -0.119034 0.463006 0.003387 -24.628872 -0.020577 0.375661 0.003387 -24.629625 0.046659 0.316015 0.003387  
 148 148 158  -24.626411 0.080940 0.285626 0.003387 -24.627124 0.148188 0.225940 0.003387 -24.628031 0.246670 0.138547 0.003387 -24.628202 0.345096 0.051252 0.003387 -24.627925 0.412304 -0.008346 0.003387  
 158 158 168  -24.630136 0.446628 -0.038839 0.003387 -24.629248 0.513871 -0.098473 0.003387 -24.627739 0.612323 -0.185816 0.003387 -24.626084 0.710772 -0.273162 0.003387 -24.624892 0.777999 -0.332811 0.003387  
 168 168 178  -24.630839 0.812311 -0.363242 0.003387 -24.629587 0.879543 -0.422888 0.003387 -24.627691 0.977995 -0.510231 0.003387 -24.625725 1.076447 -0.597573 0.003387 -24.624343 1.143679 -0.657218 0.003387  
 178 178 188  -24.631267 1.177987 -0.687655 0.003387 -24.629840 1.245217 -0.747299 0.003387 -24.627692 1.343669 -0.834642 0.003387 -24.625471 1.442122 -0.921985 0.003387 -24.623917 1.509354 -0.981630 0.003387  
 188 188 198  -24.565678 1.539646 -1.008339 0.003387 -24.575382 1.611524 -1.072361 0.003387 -24.615494 1.711650 -1.161113 0.003387 -24.673465 1.808357 -1.246903 0.003387 -24.731851 1.871099 -1.302487 0.003387  
 198 198 13  -24.384509 1.906056 -1.333654 0.003387 -24.464848 1.977445 -1.396920 0.003387 -24.617699 2.076475 -1.484786 0.003387 -24.783687 2.173760 -1.570698 0.003387 -24.908357 2.238131 -1.628718 0.003387  
