 1 1 5  -49.590727 -6.097340 -8.018521 0.139659 -40.652882 -4.529092 -5.849159 0.139659 -29.291886 -2.088196 -2.355540 0.139659 -29.263720 1.666715 2.730218 0.139659 -36.590090 3.412410 5.106269 0.139659  
 2 2 6  -63.343679 -6.623324 -8.520565 0.139659 -55.866116 -5.040719 -6.408943 0.139659 -49.179934 -2.216053 -2.652091 0.139659 -49.122666 1.784961 2.410899 0.139659 -51.991786 3.930557 5.221675 0.139659  
 3 3 7  -50.525469 -6.323881 -7.870170 0.139659 -41.851416 -4.661568 -5.820512 0.139659 -30.934094 -1.996989 -2.537814 0.139659 -30.735852 2.035497 2.325903 0.139659 -37.434169 3.877871 4.648037 0.139659  
 4 4 8  -36.081130 -5.715717 -7.190913 0.139659 -26.270257 -4.032854 -5.036974 0.139659 -11.455546 -1.480283 -1.777650 0.139659 -12.146242 1.469969 2.030144 0.139659 -22.225105 3.219087 4.240134 0.139659  
 5 5 10  -29.290976 -3.352743 -4.165645 0.047027 -24.114676 -2.344767 -2.796035 0.047027 -20.572911 -0.392025 -0.159599 0.047027 -22.710282 1.750124 2.643344 0.047027 -27.641015 2.784435 3.995674 0.047027  
 6 6 11  -38.069861 -3.803232 -3.951832 0.047027 -34.683491 -2.699169 -2.675410 0.047027 -33.853229 -0.392431 -0.101399 0.047027 -33.875263 2.021653 2.575189 0.047027 -36.721999 3.187210 3.874608 0.047027  
 7 7 12  -29.299717 -3.913343 -3.520104 0.047027 -24.366646 -2.732310 -2.353485 0.047027 -21.106868 -0.410397 -0.101197 0.047027 -23.018454 2.106454 2.291953 0.047027 -27.643371 3.322432 3.436130 0.047027  
 8 8 118  -14.811842 -3.520130 -3.737164 0.047027 -14.164403 -3.399384 -3.601147 0.047027 -13.213766 -3.222198 -3.401621 0.047027 -12.260048 -3.044582 -3.201668 0.047027 -11.607093 -2.923044 -3.064895 0.047027  
 9 10 15  -23.771226 -5.363727 -5.475419 -0.010496 -10.927433 -2.883773 -2.917457 -0.010496 1.780840 0.175386 0.211823 -0.010496 -15.513237 3.705945 3.897729 -0.010496 -28.325397 6.167430 6.453480 -0.010496  
 10 11 16  -28.293808 -5.678669 -5.434418 -0.010496 -15.766950 -3.205334 -3.022188 -0.010496 -2.009547 0.390567 0.479132 -0.010496 -20.357327 4.012263 4.019369 -0.010496 -32.800629 6.473029 6.422780 -0.010496  
 11 12 17  -23.730042 -5.678793 -5.138148 -0.010496 -10.867839 -3.054430 -2.727670 -0.010496 1.806554 0.177840 0.212341 -0.010496 -15.455412 3.892526 3.708277 -0.010496 -28.273011 6.498951 6.115852 -0.010496  
 12 13 18  -18.506240 -5.314105 -5.128401 -0.010496 -5.798603 -2.698538 -2.580853 -0.010496 4.007345 0.155574 0.188334 -0.010496 -10.194957 3.542640 3.543781 -0.010496 -23.021386 6.142338 6.095102 -0.010496  
 13 5 6  0.000000 -8.720002 0.000000 -0.474019 0.000000 -5.135954 0.000000 -0.474019 0.000000 0.112467 0.000000 -0.474019 0.000000 5.360888 -0.000000 -0.474019 0.000000 8.944936 -0.000000 -0.474019  
 14 6 7  0.000000 7.490879 0.000000 0.486257 0.000000 4.483880 0.000000 0.486257 0.000000 0.080480 0.000000 0.486257 0.000000 -4.322921 -0.000000 0.486257 0.000000 -7.329920 -0.000000 0.486257  
 15 7 8  0.000000 -8.906279 -0.000000 -0.828467 0.000000 -5.337918 -0.000000 -0.828467 0.000000 -0.112467 0.000000 -0.828467 0.000000 5.112984 0.000000 -0.828467 0.000000 8.681345 0.000000 -0.828467  
 16 8 5  0.000000 7.291264 -0.000000 0.980845 0.000000 4.299950 -0.000000 0.980845 0.000000 -0.080480 0.000000 0.980845 0.000000 -4.460910 0.000000 0.980845 0.000000 -7.452223 0.000000 0.980845  
 17 10 11  0.000000 -9.053469 0.000000 -0.402588 0.000000 -5.349672 0.000000 -0.402588 0.000000 0.074107 0.000000 -0.402588 0.000000 5.497887 -0.000000 -0.402588 0.000000 9.201684 -0.000000 -0.402588  
 18 11 12  0.000000 8.735029 0.000000 0.390414 0.000000 5.218259 0.000000 0.390414 0.000000 0.068360 0.000000 0.390414 0.000000 -5.081540 -0.000000 0.390414 0.000000 -8.598309 -0.000000 0.390414  
 19 12 13  0.000000 -9.136332 -0.000000 -0.627893 0.000000 -5.459054 -0.000000 -0.627893 0.000000 -0.074107 0.000000 -0.627893 0.000000 5.310839 0.000000 -0.627893 0.000000 8.988118 0.000000 -0.627893  
 20 13 10  0.000000 8.532958 -0.000000 0.696238 0.000000 5.042707 -0.000000 0.696238 0.000000 -0.068360 0.000000 0.696238 0.000000 -5.179426 0.000000 0.696238 0.000000 -8.669677 0.000000 0.696238  
 21 15 16  0.000000 -6.047047 -0.000000 -0.202845 0.000000 -3.564028 -0.000000 -0.202845 0.000000 0.072064 0.000000 -0.202845 0.000000 3.708157 0.000000 -0.202845 0.000000 6.191176 0.000000 -0.202845  
 22 16 17  0.000000 6.258957 -0.000000 0.208079 0.000000 3.749880 -0.000000 0.208079 0.000000 0.075629 0.000000 0.208079 0.000000 -3.598621 0.000000 0.208079 0.000000 -6.107698 0.000000 0.208079  
 23 17 18  0.000000 -6.106594 0.000000 -0.207871 0.000000 -3.657897 0.000000 -0.207871 0.000000 -0.072064 0.000000 -0.207871 0.000000 3.513768 -0.000000 -0.207871 0.000000 5.962466 -0.000000 -0.207871  
 24 18 15  0.000000 6.023116 0.000000 0.206485 0.000000 3.548361 0.000000 0.206485 0.000000 -0.075629 0.000000 0.206485 0.000000 -3.699620 -0.000000 0.206485 0.000000 -6.174375 -0.000000 0.206485  
 118 118 128  -14.827989 -2.861232 -2.995315 0.047027 -14.173988 -2.740471 -2.859275 0.047027 -13.213660 -2.563291 -2.659723 0.047027 -12.250430 -2.385680 -2.459787 0.047027 -11.591266 -2.264131 -2.323056 0.047027  
 128 128 138  -14.754433 -2.202678 -2.252850 0.047027 -14.126939 -2.081470 -2.117511 0.047027 -13.211750 -1.904246 -1.918094 0.047027 -12.293906 -1.726685 -1.718200 0.047027 -11.676624 -1.605570 -1.580378 0.047027  
 138 138 148  -14.252132 -1.536750 -1.504369 0.047027 -13.792046 -1.422376 -1.374573 0.047027 -13.154307 -1.250637 -1.182486 0.047027 -12.618560 -1.070124 -0.978259 0.047027 -12.337539 -0.936602 -0.828301 0.047027  
 148 148 158  -13.257080 -0.876986 -0.762201 0.047027 -13.201491 -0.767499 -0.637367 0.047027 -13.207712 -0.588082 -0.435651 0.047027 -13.208594 -0.408163 -0.233287 0.047027 -13.205412 -0.285342 -0.095455 0.047027  
 158 158 168  -13.241174 -0.226220 -0.028275 0.047027 -13.232767 -0.104841 0.108176 0.047027 -13.216235 0.072829 0.308210 0.047027 -13.191895 0.250000 0.507749 0.047027 -13.171406 0.370820 0.643882 0.047027  
 168 168 178  -12.966982 0.409916 0.687446 0.047027 -12.955546 0.558647 0.855011 0.047027 -13.118509 0.744770 1.065332 0.047027 -13.444321 0.908289 1.249286 0.047027 -13.730336 1.013198 1.365963 0.047027  
 178 178 188  -11.823056 1.089811 1.453574 0.047027 -12.361370 1.214033 1.592211 0.047027 -13.200303 1.390705 1.793213 0.047027 -14.055449 1.567819 1.991345 0.047027 -14.643625 1.688118 2.126257 0.047027  
 188 188 198  -11.596421 1.750225 2.197259 0.047027 -12.253087 1.871938 2.333915 0.047027 -13.212764 2.049708 2.533744 0.047027 -14.171560 2.226705 2.733408 0.047027 -14.824525 2.347353 2.869511 0.047027  
 198 198 13  -11.607404 2.409697 2.938747 0.047027 -12.258828 2.530825 3.075803 0.047027 -13.211581 2.708142 3.275942 0.047027 -14.165997 2.885693 3.475228 0.047027 -14.816021 3.006705 3.611081 0.047027  
