 1 1 5  -34.867495 0.825942 -0.504588 0.000030 -34.870780 0.586187 -0.362254 0.000030 -34.875135 0.235046 -0.153820 0.000030 -34.876390 -0.116316 0.054864 0.000030 -34.873795 -0.356156 0.197246 0.000030  
 2 2 6  -35.806279 0.825876 -0.504425 0.000030 -35.809626 0.586123 -0.362064 0.000030 -35.814178 0.234983 -0.153586 0.000030 -35.815361 -0.116290 0.054861 0.000030 -35.812557 -0.356106 0.197204 0.000030  
 3 3 7  -37.120626 0.825727 -0.504333 0.000030 -37.124032 0.585959 -0.361975 0.000030 -37.128575 0.234802 -0.153497 0.000030 -37.129803 -0.116216 0.054755 0.000030 -37.127074 -0.356029 0.197111 0.000030  
 4 4 8  -36.181682 0.825802 -0.504508 0.000030 -36.185051 0.586032 -0.362182 0.000030 -36.189560 0.234883 -0.153764 0.000030 -36.191117 -0.116250 0.054818 0.000030 -36.188246 -0.356086 0.197180 0.000030  
 5 5 10  -23.357488 0.430594 -0.317246 -0.000006 -23.359274 0.240345 -0.185203 -0.000006 -23.360909 -0.038344 0.008241 -0.000006 -23.358900 -0.316991 0.201657 -0.000006 -23.357050 -0.507232 0.333702 -0.000006  
 6 6 11  -23.912870 0.430555 -0.317273 -0.000006 -23.914705 0.240309 -0.185190 -0.000006 -23.916484 -0.038350 0.008230 -0.000006 -23.914201 -0.316964 0.201620 -0.000006 -23.912344 -0.507201 0.333701 -0.000006  
 7 7 12  -24.639085 0.430603 -0.317239 -0.000006 -24.640946 0.240327 -0.185157 -0.000006 -24.642683 -0.038287 0.008195 -0.000006 -24.640454 -0.316933 0.201587 -0.000006 -24.638562 -0.507201 0.333666 -0.000006  
 8 8 118  -24.084938 0.474348 -0.347559 -0.000006 -24.085133 0.455319 -0.334353 -0.000006 -24.085415 0.427453 -0.315014 -0.000006 -24.085694 0.399587 -0.295674 -0.000006 -24.085883 0.380558 -0.282467 -0.000006  
 9 10 15  -11.779704 0.155822 -0.155098 -0.000001 -11.780300 0.054522 -0.067022 -0.000001 -11.780422 -0.093843 0.061973 -0.000001 -11.779550 -0.242183 0.190942 -0.000001 -11.778870 -0.343473 0.279014 -0.000001  
 10 11 16  -11.977549 0.155815 -0.155118 -0.000001 -11.978156 0.054515 -0.067031 -0.000001 -11.978223 -0.093838 0.061953 -0.000001 -11.977378 -0.242176 0.190934 -0.000001 -11.976699 -0.343466 0.279019 -0.000001  
 11 12 17  -12.219886 0.155828 -0.155111 -0.000001 -12.220504 0.054522 -0.067025 -0.000001 -12.220562 -0.093824 0.061947 -0.000001 -12.219710 -0.242172 0.190927 -0.000001 -12.219024 -0.343469 0.279011 -0.000001  
 12 13 18  -12.022047 0.155835 -0.155092 -0.000001 -12.022661 0.054529 -0.067018 -0.000001 -12.022767 -0.093830 0.061969 -0.000001 -12.021883 -0.242179 0.190935 -0.000001 -12.021195 -0.343476 0.279007 -0.000001  
 13 5 6  0.000000 -0.529633 -0.000000 -0.000046 0.000000 -0.314726 -0.000000 -0.000046 0.000000 -0.000020 0.000000 -0.000046 0.000000 0.314687 0.000000 -0.000046 0.000000 0.529594 0.000000 -0.000046  
 14 6 7  0.000000 -0.812323 -0.000000 0.000074 0.000000 -0.482705 -0.000000 0.000074 0.000000 -0.000017 0.000000 0.000074 0.000000 0.482670 0.000000 0.000074 0.000000 0.812288 0.000000 0.000074  
 15 7 8  0.000000 -0.529590 0.000000 -0.000049 0.000000 -0.314685 0.000000 -0.000049 0.000000 0.000020 0.000000 -0.000049 0.000000 0.314724 -0.000000 -0.000049 0.000000 0.529630 -0.000000 -0.000049  
 16 8 5  0.000000 -0.812291 0.000000 0.000049 0.000000 -0.482672 0.000000 0.000049 0.000000 0.000017 0.000000 0.000049 0.000000 0.482706 -0.000000 0.000049 0.000000 0.812326 -0.000000 0.000049  
 17 10 11  0.000000 -0.493842 0.000000 -0.000023 0.000000 -0.293453 0.000000 -0.000023 0.000000 -0.000006 0.000000 -0.000023 0.000000 0.293440 -0.000000 -0.000023 0.000000 0.493829 -0.000000 -0.000023  
 18 11 12  0.000000 -0.668265 0.000000 0.000030 0.000000 -0.397097 0.000000 0.000030 0.000000 -0.000003 0.000000 0.000030 0.000000 0.397090 -0.000000 0.000030 0.000000 0.668258 -0.000000 0.000030  
 19 12 13  0.000000 -0.493825 -0.000000 -0.000027 0.000000 -0.293438 -0.000000 -0.000027 0.000000 0.000006 0.000000 -0.000027 0.000000 0.293450 0.000000 -0.000027 0.000000 0.493837 0.000000 -0.000027  
 20 13 10  0.000000 -0.668262 -0.000000 0.000021 0.000000 -0.397093 -0.000000 0.000021 0.000000 0.000003 0.000000 0.000021 0.000000 0.397100 0.000000 0.000021 0.000000 0.668269 0.000000 0.000021  
 21 15 16  0.000000 -0.273206 0.000000 -0.000003 0.000000 -0.162345 0.000000 -0.000003 0.000000 -0.000002 0.000000 -0.000003 0.000000 0.162341 -0.000000 -0.000003 0.000000 0.273202 -0.000000 -0.000003  
 22 16 17  0.000000 -0.334675 0.000000 0.000003 0.000000 -0.198870 0.000000 0.000003 0.000000 -0.000001 0.000000 0.000003 0.000000 0.198869 -0.000000 0.000003 0.000000 0.334673 -0.000000 0.000003  
 23 17 18  0.000000 -0.273198 -0.000000 -0.000003 0.000000 -0.162338 -0.000000 -0.000003 0.000000 0.000002 0.000000 -0.000003 0.000000 0.162342 0.000000 -0.000003 0.000000 0.273201 0.000000 -0.000003  
 24 18 15  0.000000 -0.334678 -0.000000 0.000003 0.000000 -0.198872 -0.000000 0.000003 0.000000 0.000001 0.000000 0.000003 0.000000 0.198873 0.000000 0.000003 0.000000 0.334679 0.000000 0.000003  
 118 118 128  -24.084958 0.370848 -0.275728 -0.000006 -24.085145 0.351819 -0.262522 -0.000006 -24.085415 0.323953 -0.243182 -0.000006 -24.085682 0.296087 -0.223843 -0.000006 -24.085862 0.277058 -0.210636 -0.000006  
 128 128 138  -24.084980 0.267348 -0.203897 -0.000006 -24.085158 0.248319 -0.190690 -0.000006 -24.085415 0.220453 -0.171351 -0.000006 -24.085669 0.192587 -0.152012 -0.000006 -24.085838 0.173558 -0.138805 -0.000006  
 138 138 148  -24.085015 0.163848 -0.132066 -0.000006 -24.085180 0.144819 -0.118859 -0.000006 -24.085416 0.116953 -0.099520 -0.000006 -24.085647 0.089088 -0.080180 -0.000006 -24.085800 0.070058 -0.066974 -0.000006  
 148 148 158  -24.085161 0.060345 -0.060224 -0.000006 -24.085304 0.041318 -0.047027 -0.000006 -24.085478 0.013456 -0.027699 -0.000006 -24.085519 -0.014413 -0.008349 -0.000006 -24.085514 -0.033445 0.004869 -0.000006  
 158 158 168  -24.085672 -0.043154 0.011591 -0.000006 -24.085597 -0.062180 0.024804 -0.000006 -24.085448 -0.090046 0.044148 -0.000006 -24.085230 -0.117913 0.063482 -0.000006 -24.085068 -0.136942 0.076683 -0.000006  
 168 168 178  -24.085835 -0.146652 0.083428 -0.000006 -24.085667 -0.165681 0.096635 -0.000006 -24.085416 -0.193547 0.115974 -0.000006 -24.085160 -0.221413 0.135314 -0.000006 -24.084983 -0.240441 0.148520 -0.000006  
 178 178 188  -24.085858 -0.250152 0.155259 -0.000006 -24.085679 -0.269181 0.168466 -0.000006 -24.085415 -0.297047 0.187805 -0.000006 -24.085147 -0.324912 0.207145 -0.000006 -24.084962 -0.343941 0.220351 -0.000006  
 188 188 198  -24.085878 -0.353652 0.227091 -0.000006 -24.085691 -0.372681 0.240297 -0.000006 -24.085415 -0.400547 0.259637 -0.000006 -24.085135 -0.428412 0.278976 -0.000006 -24.084943 -0.447441 0.292183 -0.000006  
 198 198 13  -24.085895 -0.457152 0.298922 -0.000006 -24.085701 -0.476181 0.312128 -0.000006 -24.085415 -0.504047 0.331468 -0.000006 -24.085125 -0.531912 0.350807 -0.000006 -24.084926 -0.550941 0.364014 -0.000006  
