 1 1 5  -34.103098 1.805481 -0.994702 0.000332 -34.138173 1.253068 -0.710266 0.000332 -34.178920 0.444334 -0.293732 0.000332 -34.180925 -0.364864 0.123821 0.000332 -34.157337 -0.917289 0.408466 0.000332  
 2 2 6  -36.097127 1.805161 -0.993226 0.000332 -36.132398 1.252796 -0.708799 0.000332 -36.173792 0.444084 -0.292297 0.000332 -36.176052 -0.364586 0.123735 0.000332 -36.151571 -0.917027 0.407970 0.000332  
 3 3 7  -37.786410 1.804407 -0.992523 0.000332 -37.821580 1.252044 -0.708211 0.000332 -37.862695 0.443342 -0.291877 0.000332 -37.865434 -0.364659 0.123275 0.000332 -37.840601 -0.916817 0.407482 0.000332  
 4 4 8  -35.791944 1.804685 -0.994004 0.000332 -35.826967 1.252269 -0.709679 0.000332 -35.868091 0.443500 -0.293324 0.000332 -35.871113 -0.364768 0.123618 0.000332 -35.845883 -0.917002 0.407979 0.000332  
 5 5 10  -23.071926 0.561464 -0.572714 0.000073 -23.082349 0.240485 -0.347553 0.000073 -23.090985 -0.229780 -0.017527 0.000073 -23.078411 -0.699866 0.312514 0.000073 -23.066076 -1.020827 0.537746 0.000073  
 6 6 11  -24.337475 0.561267 -0.572914 0.000073 -24.348055 0.240344 -0.347561 0.000073 -24.356988 -0.229734 -0.017669 0.000073 -24.343961 -0.699814 0.312363 0.000073 -24.331570 -1.020745 0.537841 0.000073  
 7 7 12  -24.910727 0.561329 -0.572762 0.000073 -24.921251 0.240287 -0.347454 0.000073 -24.929805 -0.229754 -0.017798 0.000073 -24.916504 -0.699754 0.312154 0.000073 -24.904149 -1.020805 0.537587 0.000073  
 8 8 118  -23.650759 0.635211 -0.624367 0.000073 -23.651939 0.603106 -0.601844 0.000073 -23.653636 0.556093 -0.568860 0.000073 -23.655294 0.509080 -0.535875 0.000073 -23.656404 0.476976 -0.513350 0.000073  
 9 10 15  -11.720016 -0.291266 -0.504443 -0.000008 -11.726673 -0.249076 -0.259180 -0.000008 -11.730284 -0.187261 0.099993 -0.000008 -11.722980 -0.125428 0.459056 -0.000008 -11.715067 -0.083222 0.704246 -0.000008  
 10 11 16  -12.223236 -0.291289 -0.504482 -0.000008 -12.229891 -0.249095 -0.259177 -0.000008 -12.233451 -0.187250 0.099946 -0.000008 -12.226124 -0.125405 0.458997 -0.000008 -12.218191 -0.083196 0.704236 -0.000008  
 11 12 17  -12.270831 -0.291286 -0.504467 -0.000008 -12.277487 -0.249112 -0.259179 -0.000008 -12.280814 -0.187227 0.099910 -0.000008 -12.273646 -0.125376 0.458974 -0.000008 -12.265749 -0.083195 0.704209 -0.000008  
 12 13 18  -11.767616 -0.291261 -0.504428 -0.000008 -11.774285 -0.249091 -0.259177 -0.000008 -11.777718 -0.187237 0.099959 -0.000008 -11.770503 -0.125398 0.459033 -0.000008 -11.762619 -0.083221 0.704219 -0.000008  
 13 5 6  0.000000 -1.006769 0.000000 -0.000248 0.000000 -0.598307 0.000000 -0.000248 0.000000 -0.000161 0.000000 -0.000248 0.000000 0.597984 -0.000000 -0.000248 0.000000 1.006447 -0.000000 -0.000248  
 14 6 7  0.000000 -1.541691 0.000000 0.000389 0.000000 -0.916135 0.000000 0.000389 0.000000 -0.000082 0.000000 0.000389 0.000000 0.915971 -0.000000 0.000389 0.000000 1.541527 -0.000000 0.000389  
 15 7 8  0.000000 -1.006433 -0.000000 -0.000194 0.000000 -0.597976 -0.000000 -0.000194 0.000000 0.000161 0.000000 -0.000194 0.000000 0.598299 0.000000 -0.000194 0.000000 1.006756 0.000000 -0.000194  
 16 8 5  0.000000 -1.541540 -0.000000 0.000317 0.000000 -0.915979 -0.000000 0.000317 0.000000 0.000082 0.000000 0.000317 0.000000 0.916143 0.000000 0.000317 0.000000 1.541704 0.000000 0.000317  
 17 10 11  0.000000 -1.053093 0.000000 -0.000076 0.000000 -0.625779 0.000000 -0.000076 0.000000 -0.000027 0.000000 -0.000076 0.000000 0.625725 -0.000000 -0.000076 0.000000 1.053039 -0.000000 -0.000076  
 18 11 12  0.000000 -0.725552 0.000000 0.000156 0.000000 -0.431143 0.000000 0.000156 0.000000 -0.000015 0.000000 0.000156 0.000000 0.431113 -0.000000 0.000156 0.000000 0.725522 -0.000000 0.000156  
 19 12 13  0.000000 -1.053023 -0.000000 -0.000055 0.000000 -0.625715 -0.000000 -0.000055 0.000000 0.000027 0.000000 -0.000055 0.000000 0.625769 0.000000 -0.000055 0.000000 1.053076 0.000000 -0.000055  
 20 13 10  0.000000 -0.725538 -0.000000 0.000136 0.000000 -0.431122 -0.000000 0.000136 0.000000 0.000015 0.000000 0.000136 0.000000 0.431153 0.000000 0.000136 0.000000 0.725568 0.000000 0.000136  
 21 15 16  0.000000 -0.694909 -0.000000 -0.000009 0.000000 -0.412938 -0.000000 -0.000009 0.000000 -0.000024 0.000000 -0.000009 0.000000 0.412891 0.000000 -0.000009 0.000000 0.694862 0.000000 -0.000009  
 22 16 17  0.000000 -0.065631 -0.000000 0.000011 0.000000 -0.039004 -0.000000 0.000011 0.000000 -0.000014 0.000000 0.000011 0.000000 0.038977 0.000000 0.000011 0.000000 0.065603 0.000000 0.000011  
 23 17 18  0.000000 -0.694845 0.000000 -0.000009 0.000000 -0.412881 0.000000 -0.000009 0.000000 0.000024 0.000000 -0.000009 0.000000 0.412928 -0.000000 -0.000009 0.000000 0.694892 -0.000000 -0.000009  
 24 18 15  0.000000 -0.065620 0.000000 0.000011 0.000000 -0.038987 0.000000 0.000011 0.000000 0.000014 0.000000 0.000011 0.000000 0.039014 -0.000000 0.000011 0.000000 0.065647 -0.000000 0.000011  
 118 118 128  -23.651026 0.460593 -0.501855 0.000073 -23.652105 0.428489 -0.479332 0.000073 -23.653641 0.381476 -0.446349 0.000073 -23.655130 0.334463 -0.413364 0.000073 -23.656119 0.302359 -0.390837 0.000073  
 128 128 138  -23.651304 0.285977 -0.379344 0.000073 -23.652263 0.253872 -0.356821 0.000073 -23.653636 0.206858 -0.323837 0.000073 -23.654970 0.159845 -0.290852 0.000073 -23.655858 0.127742 -0.268327 0.000073  
 138 138 148  -23.651639 0.111364 -0.256835 0.000073 -23.652493 0.079254 -0.234309 0.000073 -23.653670 0.032238 -0.201323 0.000073 -23.654745 -0.014771 -0.168341 0.000073 -23.655430 -0.046872 -0.145817 0.000073  
 148 148 158  -23.652608 -0.063269 -0.134279 0.000073 -23.653224 -0.095359 -0.111799 0.000073 -23.653899 -0.142369 -0.078849 0.000073 -23.654034 -0.189400 -0.045825 0.000073 -23.653873 -0.221485 -0.023267 0.000073  
 158 158 168  -23.655286 -0.237892 -0.011818 0.000073 -23.654737 -0.269976 0.010717 0.000073 -23.653714 -0.316984 0.043701 0.000073 -23.652520 -0.364007 0.076682 0.000073 -23.651641 -0.396121 0.099204 0.000073  
 168 168 178  -23.656010 -0.412496 0.110702 0.000073 -23.655074 -0.444597 0.133226 0.000073 -23.653646 -0.491609 0.166210 0.000073 -23.652161 -0.538624 0.199194 0.000073 -23.651123 -0.570729 0.221719 0.000073  
 178 178 188  -23.656317 -0.587111 0.233213 0.000073 -23.655247 -0.619214 0.255737 0.000073 -23.653639 -0.666227 0.288721 0.000073 -23.651987 -0.713241 0.321706 0.000073 -23.650836 -0.745346 0.344230 0.000073  
 188 188 198  -23.656582 -0.761727 0.355724 0.000073 -23.655402 -0.793832 0.378249 0.000073 -23.653639 -0.840845 0.411233 0.000073 -23.651831 -0.887858 0.444217 0.000073 -23.650571 -0.919962 0.466741 0.000073  
 198 198 13  -23.656981 -0.936345 0.478237 0.000073 -23.655642 -0.968449 0.500760 0.000073 -23.653641 -1.015461 0.533744 0.000073 -23.651593 -1.062475 0.566729 0.000073 -23.650166 -1.094580 0.589254 0.000073  
