 1 1 5  -64.180236 7.851368 12.875226 0.763343 -49.105073 5.708223 9.261017 0.763343 -26.809223 2.455127 3.772623 0.763343 -24.954473 -1.757553 -3.503243 0.763343 -39.851816 -4.021465 -7.238306 0.763343  
 2 2 6  -40.237839 7.017074 11.460653 0.763343 -24.020803 4.815273 7.556191 0.763343 -0.430264 1.398074 1.783506 0.763343 -1.247348 -1.061229 -2.220379 0.763343 -17.291830 -3.257233 -6.223661 0.763343  
 3 3 7  -61.294165 7.524720 13.050514 0.763343 -45.232326 5.485588 9.159680 0.763343 -21.284920 2.450463 3.221563 0.763343 -21.869237 -1.257190 -3.943795 0.763343 -38.175691 -3.427145 -7.919078 0.763343  
 4 4 8  -82.303891 8.194823 14.069532 0.763343 -68.284940 6.201363 10.430105 0.763343 -50.803598 3.165886 4.513187 0.763343 -49.571954 -1.744446 -4.205696 0.763343 -59.429706 -4.041666 -8.442192 0.763343  
 5 5 10  -41.635873 7.920997 7.619939 0.083149 -25.664768 4.866522 4.396412 0.083149 -4.851310 0.214573 -0.693257 0.083149 -27.406808 -4.474215 -5.419718 0.083149 -43.286858 -7.526955 -8.612363 0.083149  
 6 6 11  -27.413243 6.981205 7.631795 0.083149 -10.925451 3.893809 4.085306 0.083149 4.829223 0.062706 -0.122588 0.083149 -11.842106 -3.685604 -4.601551 0.083149 -28.429873 -6.720247 -8.176302 0.083149  
 7 7 12  -42.205120 7.301270 8.656650 0.083149 -25.536014 4.439241 5.079576 0.083149 -2.845557 0.163442 -0.431128 0.083149 -26.891450 -4.161606 -5.721581 0.083149 -43.458094 -7.012875 -9.279176 0.083149  
 8 8 118  -41.746384 8.491788 8.709978 0.083149 -40.092851 8.186047 8.366552 0.083149 -37.667467 7.737819 7.863038 0.083149 -35.237303 7.288985 7.358792 0.083149 -33.574959 6.982118 7.014020 0.083149  
 9 10 15  -18.960840 4.844650 3.931739 -0.038527 -7.125692 2.337006 1.779815 -0.038527 -0.630103 -0.683968 -0.819221 -0.038527 -17.608321 -4.262745 -4.052060 -0.038527 -29.499602 -6.737849 -6.219325 -0.038527  
 10 11 16  -14.538231 4.501312 4.018809 -0.038527 -2.824511 2.006360 1.723960 -0.038527 2.956484 -0.465198 -0.552739 -0.038527 -12.842990 -3.948115 -3.923009 -0.038527 -24.914397 -6.417261 -6.246329 -0.038527  
 11 12 17  -19.044482 4.501216 4.304580 -0.038527 -7.199368 2.159174 1.987260 -0.038527 -0.798687 -0.695694 -0.821596 -0.038527 -17.813206 -4.077138 -4.249513 -0.038527 -29.638374 -6.392877 -6.569361 -0.038527  
 12 13 18  -23.381160 4.828696 4.194784 -0.038527 -11.829883 2.495041 2.024527 -0.038527 -5.619554 -0.950086 -1.181482 -0.038527 -22.469023 -4.372974 -4.360211 -0.038527 -33.950629 -6.695622 -6.515748 -0.038527  
 13 5 6  0.000000 15.841450 -0.000000 -1.002297 0.000000 9.522624 -0.000000 -1.002297 0.000000 0.269438 0.000000 -1.002297 0.000000 -8.983748 0.000000 -1.002297 0.000000 -15.302574 0.000000 -1.002297  
 14 6 7  0.000000 -11.119396 -0.000000 1.618427 0.000000 -6.560200 -0.000000 1.618427 0.000000 0.116212 0.000000 1.618427 0.000000 6.792624 0.000000 1.618427 0.000000 11.351820 0.000000 1.618427  
 15 7 8  0.000000 15.406753 0.000000 -0.493784 0.000000 9.045653 0.000000 -0.493784 0.000000 -0.269438 0.000000 -0.493784 0.000000 -9.584529 -0.000000 -0.493784 0.000000 -15.945629 -0.000000 -0.493784  
 16 8 5  0.000000 -11.455999 0.000000 0.697672 0.000000 -6.854529 0.000000 0.697672 0.000000 -0.116212 0.000000 0.697672 0.000000 6.622105 -0.000000 0.697672 0.000000 11.223575 -0.000000 0.697672  
 17 10 11  0.000000 12.901336 0.000000 -0.641028 0.000000 7.700444 0.000000 -0.641028 0.000000 0.084343 0.000000 -0.641028 0.000000 -7.531758 -0.000000 -0.641028 0.000000 -12.732649 -0.000000 -0.641028  
 18 11 12  0.000000 -11.663594 0.000000 0.845949 0.000000 -6.898639 0.000000 0.845949 0.000000 0.079084 0.000000 0.845949 0.000000 7.056806 -0.000000 0.845949 0.000000 11.821762 -0.000000 0.845949  
 19 12 13  0.000000 12.973568 -0.000000 -0.211443 0.000000 7.674916 -0.000000 -0.211443 0.000000 -0.084343 0.000000 -0.211443 0.000000 -7.843603 0.000000 -0.211443 0.000000 -13.142255 0.000000 -0.211443  
 20 13 10  0.000000 -12.062680 -0.000000 0.170410 0.000000 -7.199965 -0.000000 0.170410 0.000000 -0.079084 0.000000 0.170410 0.000000 7.041798 0.000000 0.170410 0.000000 11.904513 0.000000 0.170410  
 21 15 16  0.000000 6.070317 -0.000000 -0.121878 0.000000 3.634118 -0.000000 -0.121878 0.000000 0.066588 0.000000 -0.121878 0.000000 -3.500943 0.000000 -0.121878 0.000000 -5.937142 0.000000 -0.121878  
 22 16 17  0.000000 -6.122359 0.000000 0.122437 0.000000 -3.607165 0.000000 0.122437 0.000000 0.076045 0.000000 0.122437 0.000000 3.759254 -0.000000 0.122437 0.000000 6.274449 -0.000000 0.122437  
 23 17 18  0.000000 6.186537 0.000000 -0.115903 0.000000 3.649138 0.000000 -0.115903 0.000000 -0.066588 0.000000 -0.115903 0.000000 -3.782313 -0.000000 -0.115903 0.000000 -6.319712 -0.000000 -0.115903  
 24 18 15  0.000000 -6.523844 -0.000000 0.120435 0.000000 -3.907450 -0.000000 0.120435 0.000000 -0.076045 0.000000 0.120435 0.000000 3.755360 0.000000 0.120435 0.000000 6.371755 0.000000 0.120435  
 118 118 128  -41.722144 6.825829 6.838457 0.083149 -40.078507 6.520086 6.495015 0.083149 -37.667515 6.071855 5.991484 0.083149 -35.251635 5.623016 5.487247 0.083149 -33.599108 5.316169 5.142510 0.083149  
 128 128 138  -41.065791 5.157224 4.963507 0.083149 -39.662460 4.854256 4.622773 0.083149 -37.634265 4.407742 4.122426 0.083149 -35.640459 3.957573 3.619534 0.083149 -34.390295 3.647098 3.262122 0.083149  
 138 138 148  -38.855870 3.449385 3.054002 0.083149 -38.195391 3.188233 2.751032 0.083149 -37.452882 2.773818 2.281122 0.083149 -37.085026 2.300178 1.752863 0.083149 -37.081195 1.928903 1.346530 0.083149  
 148 148 158  -37.653938 1.828648 1.224676 0.083149 -37.661391 1.522123 0.880305 0.083149 -37.667613 1.073493 0.376309 0.083149 -37.668635 0.625116 -0.127390 0.083149 -37.667314 0.318912 -0.471360 0.083149  
 158 158 168  -37.691228 0.162373 -0.647258 0.083149 -37.684328 -0.143827 -0.991196 0.083149 -37.668482 -0.592210 -1.494931 0.083149 -37.645887 -1.040887 -1.998983 0.083149 -37.627555 -1.347299 -2.343183 0.083149  
 168 168 178  -36.503321 -1.461437 -2.467857 0.083149 -36.731304 -1.818336 -2.872895 0.083149 -37.469551 -2.282050 -3.395691 0.083149 -38.543883 -2.706171 -3.869289 0.083149 -39.404285 -2.982183 -4.177459 0.083149  
 178 178 188  -34.079165 -3.164974 -4.386609 0.083149 -35.479188 -3.476938 -4.735512 0.083149 -37.642700 -3.926396 -5.239503 0.083149 -39.832637 -4.372686 -5.741905 0.083149 -41.338674 -4.676221 -6.084207 0.083149  
 188 188 198  -33.595127 -4.833541 -6.261991 0.083149 -35.244157 -5.141700 -6.605902 0.083149 -37.661218 -5.591734 -7.109323 0.083149 -40.085700 -6.038832 -7.613607 0.083149 -41.741822 -6.343126 -7.958016 0.083149  
 198 198 13  -33.571967 -6.501132 -8.132403 0.083149 -35.234910 -6.807759 -8.477364 0.083149 -37.665848 -7.256255 -8.981868 0.083149 -40.094946 -7.704656 -9.485250 0.083149 -41.753869 -8.010999 -9.828209 0.083149  
