 1 1 5  -46.090025 -6.782016 -0.897805 -0.075806 -42.956666 -5.363665 -0.810929 -0.075806 -41.765220 -2.453622 -0.565672 -0.075806 -41.675281 0.961712 -0.130054 -0.075806 -40.586715 3.322735 0.194169 -0.075806  
 2 2 6  -50.162950 -6.966394 -0.848202 -0.075806 -47.548607 -5.494807 -0.777097 -0.075806 -47.259184 -2.441874 -0.549635 -0.075806 -47.203035 0.938522 -0.172533 -0.075806 -46.238525 3.261536 0.107630 -0.075806  
 3 3 7  -36.327398 -6.323588 -0.783661 -0.075806 -31.941829 -4.887111 -0.695331 -0.075806 -27.330533 -2.304789 -0.559349 -0.075806 -27.247094 1.379726 -0.154517 -0.075806 -27.995539 3.543086 0.088466 -0.075806  
 4 4 8  -32.525790 -6.086406 -0.827741 -0.075806 -27.752307 -4.649195 -0.720937 -0.075806 -21.651261 -2.253630 -0.533954 -0.075806 -21.231706 1.402603 -0.109988 -0.075806 -23.360760 3.348502 0.130714 -0.075806  
 5 5 10  -32.011761 -4.660811 -1.852598 -0.021806 -28.412338 -3.310189 -1.378264 -0.021806 -27.007968 -0.566473 -0.348541 -0.021806 -26.754779 2.450125 0.871224 -0.021806 -29.326057 3.919110 1.377228 -0.021806  
 6 6 11  -35.130427 -4.816790 -1.877981 -0.021806 -31.979862 -3.410293 -1.409547 -0.021806 -31.169306 -0.566663 -0.354809 -0.021806 -30.748449 2.475942 0.849079 -0.021806 -32.605378 4.059388 1.374979 -0.021806  
 7 7 12  -26.145162 -4.750807 -1.640824 -0.021806 -20.879243 -3.282760 -1.165921 -0.021806 -16.228010 -0.560797 -0.354972 -0.021806 -18.218663 2.573024 0.672460 -0.021806 -23.154253 4.044114 1.163088 -0.021806  
 8 8 118  -17.742210 -4.773919 -1.746406 -0.021806 -17.091101 -4.608937 -1.690678 -0.021806 -16.136108 -4.366992 -1.608610 -0.021806 -15.177979 -4.124551 -1.526185 -0.021806 -14.521847 -3.958700 -1.469731 -0.021806  
 9 10 15  -22.934306 -5.743568 -1.798246 -0.032631 -12.853139 -3.209012 -1.002463 -0.032631 -2.195525 0.533381 0.176898 -0.032631 -16.997212 4.250647 1.344401 -0.032631 -26.998621 6.772411 2.130696 -0.032631  
 10 11 16  -24.388733 -5.863595 -1.789623 -0.032631 -14.330960 -3.329811 -1.005997 -0.032631 -3.793426 0.650888 0.205617 -0.032631 -18.459555 4.369201 1.351429 -0.032631 -28.433937 6.889676 2.126189 -0.032631  
 11 12 17  -20.142612 -5.894421 -1.682113 -0.032631 -9.258531 -3.124653 -0.899752 -0.032631 1.432520 0.224455 0.082910 -0.032631 -13.462594 4.193626 1.242741 -0.032631 -24.301514 6.950714 2.017462 -0.032631  
 12 13 18  -18.352195 -5.736764 -1.685044 -0.032631 -7.537398 -2.968104 -0.891137 -0.032631 2.139590 0.202521 0.065672 -0.032631 -11.708976 4.037808 1.230406 -0.032631 -22.508312 6.794761 2.018636 -0.032631  
 13 5 6  0.000000 -1.907099 -0.000000 -0.088635 0.000000 -1.131672 -0.000000 -0.088635 0.000000 0.003851 0.000000 -0.088635 0.000000 1.139374 0.000000 -0.088635 0.000000 1.914802 0.000000 -0.088635  
 14 6 7  0.000000 8.235120 -0.000000 0.172970 0.000000 4.935215 -0.000000 0.172970 0.000000 0.102886 0.000000 0.172970 0.000000 -4.729442 0.000000 0.172970 0.000000 -8.029348 0.000000 0.172970  
 15 7 8  0.000000 -1.910062 0.000000 -0.413843 0.000000 -1.136558 0.000000 -0.413843 0.000000 -0.003851 0.000000 -0.413843 0.000000 1.128856 -0.000000 -0.413843 0.000000 1.902360 -0.000000 -0.413843  
 16 8 5  0.000000 8.024609 0.000000 0.227077 0.000000 4.726626 0.000000 0.227077 0.000000 -0.102886 0.000000 0.227077 0.000000 -4.932398 -0.000000 0.227077 0.000000 -8.230381 -0.000000 0.227077  
 17 10 11  0.000000 -3.090633 0.000000 -0.119194 0.000000 -1.833518 0.000000 -0.119194 0.000000 0.007382 0.000000 -0.119194 0.000000 1.848282 -0.000000 -0.119194 0.000000 3.105398 -0.000000 -0.119194  
 18 11 12  0.000000 10.040031 -0.000000 0.191396 0.000000 6.009162 -0.000000 0.191396 0.000000 0.106423 0.000000 0.191396 0.000000 -5.796316 0.000000 0.191396 0.000000 -9.827186 0.000000 0.191396  
 19 12 13  0.000000 -3.085100 -0.000000 -0.348562 0.000000 -1.836221 -0.000000 -0.348562 0.000000 -0.007382 0.000000 -0.348562 0.000000 1.821456 0.000000 -0.348562 0.000000 3.070335 0.000000 -0.348562  
 20 13 10  0.000000 9.806887 0.000000 0.222658 0.000000 5.784255 0.000000 0.222658 0.000000 -0.106423 0.000000 0.222658 0.000000 -5.997100 -0.000000 0.222658 0.000000 -10.019733 -0.000000 0.222658  
 21 15 16  0.000000 -2.051704 0.000000 -0.084274 0.000000 -1.216917 0.000000 -0.084274 0.000000 0.005532 0.000000 -0.084274 0.000000 1.227980 -0.000000 -0.084274 0.000000 2.062768 -0.000000 -0.084274  
 22 16 17  0.000000 6.857222 -0.000000 0.077699 0.000000 4.123648 -0.000000 0.077699 0.000000 0.120647 0.000000 0.077699 0.000000 -3.882354 0.000000 0.077699 0.000000 -6.615928 0.000000 0.077699  
 23 17 18  0.000000 -2.032897 -0.000000 -0.097327 0.000000 -1.210231 -0.000000 -0.097327 0.000000 -0.005532 0.000000 -0.097327 0.000000 1.199167 0.000000 -0.097327 0.000000 2.021834 0.000000 -0.097327  
 24 18 15  0.000000 6.586057 0.000000 0.079415 0.000000 3.864604 0.000000 0.079415 0.000000 -0.120647 0.000000 0.079415 0.000000 -4.105899 -0.000000 0.079415 0.000000 -6.827351 -0.000000 0.079415  
 118 118 128  -17.740470 -3.874377 -1.440866 -0.021806 -17.089993 -3.709367 -1.385202 -0.021806 -16.134776 -3.467317 -1.303457 -0.021806 -15.179250 -3.224947 -1.220830 -0.021806 -14.526457 -3.059197 -1.164046 -0.021806  
 128 128 138  -17.570457 -2.973758 -1.135278 -0.021806 -16.977759 -2.809834 -1.080085 -0.021806 -16.128264 -2.568369 -0.997945 -0.021806 -15.286085 -2.325694 -0.915234 -0.021806 -14.723010 -2.158242 -0.859032 -0.021806  
 138 138 148  -16.808085 -2.059363 -0.824861 -0.021806 -16.476826 -1.910194 -0.773961 -0.021806 -16.064816 -1.680151 -0.696893 -0.021806 -15.773270 -1.429040 -0.612309 -0.021806 -15.665501 -1.240264 -0.544776 -0.021806  
 148 148 158  -16.123190 -1.175280 -0.524536 -0.021806 -16.130711 -1.010771 -0.469328 -0.021806 -16.137902 -0.768558 -0.387121 -0.021806 -16.138784 -0.526046 -0.304447 -0.021806 -16.135720 -0.360467 -0.248326 -0.021806  
 158 158 168  -16.163341 -0.276605 -0.220018 -0.021806 -16.155205 -0.110947 -0.163756 -0.021806 -16.138849 0.131525 -0.081197 -0.021806 -16.114184 0.373482 0.000767 -0.021806 -16.093510 0.538563 0.056621 -0.021806  
 168 168 178  -16.212140 0.621011 0.083751 -0.021806 -16.181856 0.787947 0.141071 -0.021806 -16.130449 1.032509 0.225257 -0.021806 -16.074155 1.276610 0.309182 -0.021806 -16.091903 1.431097 0.356083 -0.021806  
 178 178 188  -15.415673 1.504474 0.388804 -0.021806 -15.622637 1.692005 0.447906 -0.021806 -16.070994 1.940936 0.529967 -0.021806 -16.626631 2.172177 0.611687 -0.021806 -17.044753 2.324752 0.666334 -0.021806  
 188 188 198  -14.641165 2.421379 0.696147 -0.021806 -15.242498 2.588040 0.752194 -0.021806 -16.128591 2.830752 0.835130 -0.021806 -17.025971 3.072189 0.917281 -0.021806 -17.642175 3.236883 0.972109 -0.021806  
 198 198 13  -14.529353 3.321634 1.001413 -0.021806 -15.181871 3.487488 1.057933 -0.021806 -16.136243 3.729960 1.140266 -0.021806 -17.087126 3.971901 1.222322 -0.021806 -17.734546 4.136821 1.278212 -0.021806  
