 1 1 5  -35.938600 0.638795 0.203470 0.000006 -35.943096 0.448193 0.156355 0.000006 -35.948936 0.169028 0.087381 0.000006 -35.949835 -0.110345 0.018698 0.000006 -35.946265 -0.301035 -0.028336 0.000006  
 2 2 6  -35.139600 0.638741 0.203694 0.000006 -35.144156 0.448147 0.156615 0.000006 -35.150209 0.168997 0.087714 0.000006 -35.151423 -0.110295 0.018651 0.000006 -35.147480 -0.300963 -0.028409 0.000006  
 3 3 7  -36.045779 0.638623 0.203766 0.000006 -36.050421 0.448015 0.156680 0.000006 -36.056589 0.168839 0.087759 0.000006 -36.057738 -0.110271 0.018569 0.000006 -36.053825 -0.300928 -0.028491 0.000006  
 4 4 8  -36.844634 0.638675 0.203528 0.000006 -36.849223 0.448059 0.156405 0.000006 -36.855255 0.168871 0.087412 0.000006 -36.856497 -0.110315 0.018696 0.000006 -36.852601 -0.300985 -0.028388 0.000006  
 5 5 10  -24.048002 0.264389 0.265992 0.000005 -24.050157 0.141724 0.177564 0.000005 -24.052035 -0.037983 0.048168 0.000005 -24.049688 -0.217642 -0.081265 0.000005 -24.047447 -0.340293 -0.169691 0.000005  
 6 6 11  -23.465043 0.264386 0.265942 0.000005 -23.467208 0.141726 0.177567 0.000005 -23.469325 -0.037977 0.048132 0.000005 -23.466704 -0.217626 -0.081311 0.000005 -23.464453 -0.340276 -0.169690 0.000005  
 7 7 12  -23.947927 0.264406 0.265956 0.000005 -23.950139 0.141719 0.177579 0.000005 -23.952223 -0.037951 0.048095 0.000005 -23.949554 -0.217602 -0.081328 0.000005 -23.947292 -0.340273 -0.169709 0.000005  
 8 8 118  -24.532328 0.292576 0.286280 0.000005 -24.532562 0.280308 0.277441 0.000005 -24.532901 0.262341 0.264497 0.000005 -24.533235 0.244375 0.251553 0.000005 -24.533462 0.232105 0.242714 0.000005  
 9 10 15  -12.043952 0.102331 0.283307 0.000001 -12.044801 0.035349 0.155323 0.000001 -12.045120 -0.062746 -0.032081 0.000001 -12.043947 -0.160824 -0.219504 0.000001 -12.042995 -0.227794 -0.347495 0.000001  
 10 11 16  -11.794522 0.102334 0.283284 0.000001 -11.795368 0.035352 0.155317 0.000001 -11.795676 -0.062743 -0.032105 0.000001 -11.794513 -0.160825 -0.219515 0.000001 -11.793558 -0.227795 -0.347490 0.000001  
 11 12 17  -11.955216 0.102346 0.283283 0.000001 -11.956077 0.035359 0.155313 0.000001 -11.956357 -0.062731 -0.032108 0.000001 -11.955192 -0.160820 -0.219516 0.000001 -11.954233 -0.227797 -0.347491 0.000001  
 12 13 18  -12.204649 0.102343 0.283305 0.000001 -12.205511 0.035357 0.155319 0.000001 -12.205813 -0.062733 -0.032083 0.000001 -12.204630 -0.160819 -0.219505 0.000001 -12.203672 -0.227796 -0.347496 0.000001  
 13 5 6  0.000000 0.298059 -0.000000 -0.000036 0.000000 0.177100 -0.000000 -0.000036 0.000000 -0.000030 0.000000 -0.000036 0.000000 -0.177159 0.000000 -0.000036 0.000000 -0.298118 0.000000 -0.000036  
 14 6 7  0.000000 -0.584770 -0.000000 0.000053 0.000000 -0.347487 -0.000000 0.000053 0.000000 -0.000014 0.000000 0.000053 0.000000 0.347460 0.000000 0.000053 0.000000 0.584743 0.000000 0.000053  
 15 7 8  0.000000 0.298121 0.000000 -0.000031 0.000000 0.177161 0.000000 -0.000031 0.000000 0.000030 0.000000 -0.000031 0.000000 -0.177102 -0.000000 -0.000031 0.000000 -0.298062 -0.000000 -0.000031  
 16 8 5  0.000000 -0.584746 0.000000 0.000020 0.000000 -0.347462 0.000000 0.000020 0.000000 0.000014 0.000000 0.000020 0.000000 0.347489 -0.000000 0.000020 0.000000 0.584773 -0.000000 0.000020  
 17 10 11  0.000000 0.460508 -0.000000 -0.000006 0.000000 0.273639 -0.000000 -0.000006 0.000000 -0.000008 0.000000 -0.000006 0.000000 -0.273655 0.000000 -0.000006 0.000000 -0.460523 0.000000 -0.000006  
 18 11 12  0.000000 -0.444966 -0.000000 0.000013 0.000000 -0.264409 -0.000000 0.000013 0.000000 -0.000004 0.000000 0.000013 0.000000 0.264401 0.000000 0.000013 0.000000 0.444959 0.000000 0.000013  
 19 12 13  0.000000 0.460526 0.000000 -0.000006 0.000000 0.273657 0.000000 -0.000006 0.000000 0.000008 0.000000 -0.000006 0.000000 -0.273642 -0.000000 -0.000006 0.000000 -0.460511 -0.000000 -0.000006  
 20 13 10  0.000000 -0.444962 0.000000 0.000006 0.000000 -0.264403 0.000000 0.000006 0.000000 0.000004 0.000000 0.000006 0.000000 0.264411 -0.000000 0.000006 0.000000 0.444969 -0.000000 0.000006  
 21 15 16  0.000000 0.344475 0.000000 0.000003 0.000000 0.204692 0.000000 0.000003 0.000000 -0.000003 0.000000 0.000003 0.000000 -0.204698 -0.000000 0.000003 0.000000 -0.344481 -0.000000 0.000003  
 22 16 17  0.000000 -0.221916 -0.000000 -0.000001 0.000000 -0.131867 -0.000000 -0.000001 0.000000 -0.000001 0.000000 -0.000001 0.000000 0.131865 0.000000 -0.000001 0.000000 0.221914 0.000000 -0.000001  
 23 17 18  0.000000 0.344484 -0.000000 0.000003 0.000000 0.204700 -0.000000 0.000003 0.000000 0.000003 0.000000 0.000003 0.000000 -0.204694 0.000000 0.000003 0.000000 -0.344478 0.000000 0.000003  
 24 18 15  0.000000 -0.221917 0.000000 -0.000002 0.000000 -0.131867 0.000000 -0.000002 0.000000 0.000001 0.000000 -0.000002 0.000000 0.131869 -0.000000 -0.000002 0.000000 0.221920 -0.000000 -0.000002  
 118 118 128  -24.532356 0.225845 0.238203 0.000005 -24.532578 0.213576 0.229364 0.000005 -24.532901 0.195610 0.216420 0.000005 -24.533219 0.177643 0.203476 0.000005 -24.533434 0.165374 0.194637 0.000005  
 128 128 138  -24.532383 0.159113 0.190126 0.000005 -24.532595 0.146845 0.181287 0.000005 -24.532901 0.128879 0.168343 0.000005 -24.533202 0.110912 0.155398 0.000005 -24.533404 0.098643 0.146559 0.000005  
 138 138 148  -24.532435 0.092383 0.142048 0.000005 -24.532630 0.080113 0.133209 0.000005 -24.532907 0.062147 0.120266 0.000005 -24.533169 0.044180 0.107322 0.000005 -24.533337 0.031912 0.098482 0.000005  
 148 148 158  -24.532751 0.025650 0.093985 0.000005 -24.532890 0.013382 0.085128 0.000005 -24.532934 -0.004583 0.072183 0.000005 -24.532927 -0.022551 0.059245 0.000005 -24.532917 -0.034821 0.050412 0.000005  
 158 158 168  -24.533129 -0.041080 0.045882 0.000005 -24.533102 -0.053349 0.037059 0.000005 -24.532937 -0.071317 0.024116 0.000005 -24.532711 -0.089282 0.011166 0.000005 -24.532541 -0.101549 0.002322 0.000005  
 168 168 178  -24.533363 -0.107812 -0.002183 0.000005 -24.533181 -0.120081 -0.011022 0.000005 -24.532905 -0.138047 -0.023966 0.000005 -24.532617 -0.156014 -0.036910 0.000005 -24.532415 -0.168283 -0.045750 0.000005  
 178 178 188  -24.533417 -0.174543 -0.050260 0.000005 -24.533210 -0.186812 -0.059099 0.000005 -24.532902 -0.204779 -0.072043 0.000005 -24.532588 -0.222745 -0.084987 0.000005 -24.532369 -0.235014 -0.093826 0.000005  
 188 188 198  -24.533453 -0.241274 -0.098337 0.000005 -24.533231 -0.253544 -0.107176 0.000005 -24.532901 -0.271510 -0.120120 0.000005 -24.532566 -0.289476 -0.133064 0.000005 -24.532335 -0.301745 -0.141904 0.000005  
 198 198 13  -24.533480 -0.308006 -0.146414 0.000005 -24.533246 -0.320275 -0.155253 0.000005 -24.532900 -0.338241 -0.168197 0.000005 -24.532551 -0.356208 -0.181142 0.000005 -24.532310 -0.368476 -0.189981 0.000005  
