 1 1 5  -32.015026 2.955166 -2.746280 0.006553 -30.461316 2.247460 -2.130078 0.006553 -29.971080 0.929294 -0.955504 0.006553 -29.974773 -0.490162 0.319554 0.006553 -29.945851 -1.458877 1.189617 0.006553  
 2 2 6  -37.440115 3.083097 -2.856234 0.006553 -36.355293 2.312512 -2.189035 0.006553 -36.236280 0.928337 -0.961626 0.006553 -36.241872 -0.489375 0.298771 0.006553 -36.210665 -1.457749 1.159626 0.006553  
 3 3 7  -42.279860 3.160143 -2.940424 0.006553 -41.572358 2.336627 -2.216560 0.006553 -41.601229 0.932219 -0.960751 0.006553 -41.607986 -0.475273 0.298264 0.006553 -41.576979 -1.437530 1.158897 0.006553  
 4 4 8  -36.701125 3.059001 -2.855971 0.006553 -35.556871 2.302837 -2.188435 0.006553 -35.403266 0.933179 -0.954746 0.006553 -35.409959 -0.476082 0.319288 0.006553 -35.378469 -1.438701 1.188969 0.006553  
 5 5 10  -21.448440 1.629365 -1.998081 0.023290 -20.399143 1.016917 -1.299310 0.023290 -20.383241 -0.129479 -0.007198 0.023290 -20.461220 -1.262498 1.271925 0.023290 -21.676676 -1.846367 1.951580 0.023290  
 6 6 11  -24.810537 1.699911 -2.034761 0.023290 -24.208335 1.021957 -1.279587 0.023290 -24.221531 -0.129269 -0.006769 0.023290 -24.202302 -1.280458 1.266152 0.023290 -24.989795 -1.924799 1.992577 0.023290  
 7 7 12  -27.557873 1.717818 -2.080252 0.023290 -27.217314 1.006169 -1.279191 0.023290 -27.230179 -0.131339 -0.006890 0.023290 -27.210717 -1.269221 1.265799 0.023290 -27.693909 -1.954397 2.042399 0.023290  
 8 8 118  -24.089038 1.858501 -2.284840 0.023290 -23.888646 1.787320 -2.202797 0.023290 -23.607351 1.681059 -2.081783 0.023290 -23.356234 1.572032 -1.956349 0.023290 -23.206293 1.494717 -1.868053 0.023290  
 9 10 15  -10.913963 0.738332 -1.193694 0.003582 -10.165213 0.348308 -0.623878 0.003582 -10.168371 -0.386444 0.408631 0.003582 -11.318208 -0.947993 1.245423 0.003582 -12.893462 -1.255994 1.708825 0.003582  
 10 11 16  -12.124759 0.769816 -1.194687 0.003582 -11.628490 0.348279 -0.599591 0.003582 -11.631460 -0.386361 0.407301 0.003582 -12.501779 -0.982824 1.261941 0.003582 -13.948406 -1.296764 1.723649 0.003582  
 11 12 17  -13.053594 0.769083 -1.217749 0.003582 -12.691580 0.337267 -0.599572 0.003582 -12.694356 -0.384142 0.407250 0.003582 -13.392906 -0.991102 1.288698 0.003582 -14.748643 -1.302865 1.759919 0.003582  
 12 13 18  -11.815522 0.740744 -1.222372 0.003582 -11.241231 0.337304 -0.623858 0.003582 -11.244154 -0.384230 0.408592 0.003582 -12.192199 -0.958356 1.275845 0.003582 -13.686448 -1.263075 1.746956 0.003582  
 13 5 6  0.000000 -3.293059 -0.000000 0.043472 0.000000 -1.954794 -0.000000 0.043472 0.000000 0.004941 0.000000 0.043472 0.000000 1.964675 0.000000 0.043472 0.000000 3.302940 0.000000 0.043472  
 14 6 7  0.000000 -3.208761 -0.000000 -0.024927 0.000000 -1.905372 -0.000000 -0.024927 0.000000 0.003290 0.000000 -0.024927 0.000000 1.911952 0.000000 -0.024927 0.000000 3.215342 0.000000 -0.024927  
 15 7 8  0.000000 -3.303725 0.000000 0.039080 0.000000 -1.965141 0.000000 0.039080 0.000000 -0.004941 0.000000 0.039080 0.000000 1.955260 -0.000000 0.039080 0.000000 3.293844 -0.000000 0.039080  
 16 8 5  0.000000 -3.214557 0.000000 -0.029341 0.000000 -1.911486 0.000000 -0.029341 0.000000 -0.003290 0.000000 -0.029341 0.000000 1.904906 -0.000000 -0.029341 0.000000 3.207977 -0.000000 -0.029341  
 17 10 11  0.000000 -3.270721 0.000000 0.043612 0.000000 -1.941623 0.000000 0.043612 0.000000 0.004688 0.000000 0.043612 0.000000 1.950999 -0.000000 0.043612 0.000000 3.280098 -0.000000 0.043612  
 18 11 12  0.000000 -2.713859 0.000000 -0.025732 0.000000 -1.611850 0.000000 -0.025732 0.000000 0.001913 0.000000 -0.025732 0.000000 1.615676 -0.000000 -0.025732 0.000000 2.717684 -0.000000 -0.025732  
 19 12 13  0.000000 -3.280928 -0.000000 0.043577 0.000000 -1.951492 -0.000000 0.043577 0.000000 -0.004688 0.000000 0.043577 0.000000 1.942116 0.000000 0.043577 0.000000 3.271552 0.000000 0.043577  
 20 13 10  0.000000 -2.716854 -0.000000 -0.026552 0.000000 -1.615182 -0.000000 -0.026552 0.000000 -0.001913 0.000000 -0.026552 0.000000 1.611357 0.000000 -0.026552 0.000000 2.713028 0.000000 -0.026552  
 21 15 16  0.000000 -1.815188 0.000000 0.022526 0.000000 -1.076391 0.000000 0.022526 0.000000 0.005493 0.000000 0.022526 0.000000 1.087376 -0.000000 0.022526 0.000000 1.826174 -0.000000 0.022526  
 22 16 17  0.000000 -1.342448 0.000000 -0.018156 0.000000 -0.796358 0.000000 -0.018156 0.000000 0.003328 0.000000 -0.018156 0.000000 0.803014 -0.000000 -0.018156 0.000000 1.349104 -0.000000 -0.018156  
 23 17 18  0.000000 -1.827163 -0.000000 0.021336 0.000000 -1.087964 -0.000000 0.021336 0.000000 -0.005493 0.000000 0.021336 0.000000 1.076978 0.000000 0.021336 0.000000 1.816177 0.000000 0.021336  
 24 18 15  0.000000 -1.348115 -0.000000 -0.020286 0.000000 -0.802426 -0.000000 -0.020286 0.000000 -0.003328 0.000000 -0.020286 0.000000 0.795770 0.000000 -0.020286 0.000000 1.341459 0.000000 -0.020286  
 118 118 128  -23.803022 1.455454 -1.823449 0.023290 -23.712294 1.386612 -1.744124 0.023290 -23.602123 1.282187 -1.624346 0.023290 -23.532994 1.171042 -1.497326 0.023290 -23.504036 1.092009 -1.407083 0.023290  
 128 128 138  -23.620651 1.059390 -1.369428 0.023290 -23.622109 0.985709 -1.285041 0.023290 -23.624177 0.877810 -1.161464 0.023290 -23.626154 0.769908 -1.037885 0.023290 -23.627446 0.696222 -0.953493 0.023290  
 138 138 148  -23.621290 0.658630 -0.910435 0.023290 -23.622524 0.584942 -0.826042 0.023290 -23.624221 0.477037 -0.702461 0.023290 -23.625745 0.369140 -0.578886 0.023290 -23.626688 0.295463 -0.494498 0.023290  
 148 148 158  -23.622860 0.257834 -0.451383 0.023290 -23.623602 0.184170 -0.367040 0.023290 -23.624509 0.076299 -0.243511 0.023290 -23.624680 -0.031629 -0.119883 0.023290 -23.624402 -0.105335 -0.035447 0.023290  
 158 158 168  -23.626610 -0.142918 0.007558 0.023290 -23.625722 -0.216590 0.091958 0.023290 -23.624213 -0.324491 0.215537 0.023290 -23.622558 -0.432394 0.339112 0.023290 -23.621366 -0.506082 0.423497 0.023290  
 168 168 178  -23.627374 -0.543672 0.466560 0.023290 -23.626117 -0.617361 0.550954 0.023290 -23.624189 -0.725265 0.674538 0.023290 -23.622151 -0.833162 0.798113 0.023290 -23.620683 -0.906839 0.882493 0.023290  
 178 178 188  -23.625267 -0.943630 0.924748 0.023290 -23.623722 -1.017871 1.009696 0.023290 -23.621381 -1.126585 1.134089 0.023290 -23.618953 -1.235297 1.258480 0.023290 -23.640832 -1.304846 1.338731 0.023290  
 188 188 198  -23.437172 -1.340288 1.379525 0.023290 -23.492270 -1.419352 1.469431 0.023290 -23.602153 -1.530270 1.596001 0.023290 -23.752006 -1.634735 1.716360 0.023290 -23.871860 -1.703958 1.795734 0.023290  
 198 198 13  -23.138915 -1.742759 1.840186 0.023290 -23.308649 -1.820625 1.929427 0.023290 -23.613831 -1.929081 2.052422 0.023290 -23.931418 -2.035092 2.174936 0.023290 -24.150581 -2.107527 2.258099 0.023290  
