 1 1 5  -49.427912 5.006912 5.759096 -0.505837 -45.508979 3.652231 4.516316 -0.505837 -43.391060 0.953970 1.924658 -0.505837 -43.267453 -2.380221 -1.360342 -0.505837 -44.504774 -4.191935 -3.176504 -0.505837  
 2 2 6  -35.386654 4.481348 5.301502 -0.505837 -29.837902 3.184511 4.033354 -0.505837 -22.965605 0.938382 1.842487 -0.505837 -23.610888 -2.234546 -1.469638 -0.505837 -28.500794 -3.621746 -3.006646 -0.505837  
 3 3 7  -35.399300 4.422821 5.268741 -0.505837 -30.059500 3.144584 4.025827 -0.505837 -23.574207 0.917708 1.842688 -0.505837 -24.164555 -2.241163 -1.472248 -0.505837 -28.798279 -3.615342 -2.991858 -0.505837  
 4 4 8  -49.497648 4.954162 5.731916 -0.505837 -45.753438 3.605794 4.500535 -0.505837 -43.930260 0.920402 1.916844 -0.505837 -43.800786 -2.366262 -1.345299 -0.505837 -44.862474 -4.180753 -3.157100 -0.505837  
 5 5 10  -31.327867 -0.770951 3.316537 -0.043906 -31.758977 -0.973788 2.458903 -0.043906 -32.142534 -1.181317 1.018450 -0.043906 -31.492913 -1.382585 -0.415468 -0.043906 -30.372595 -1.508724 -1.364603 -0.043906  
 6 6 11  -20.746691 -0.648273 3.203523 -0.043906 -19.149505 -0.804420 2.468289 -0.043906 -17.899944 -1.171397 0.973321 -0.043906 -17.464474 -1.364086 -0.780509 -0.043906 -17.719550 -1.295334 -1.736211 -0.043906  
 7 7 12  -19.029200 -0.633950 3.091307 -0.043906 -17.338582 -0.781702 2.380226 -0.043906 -15.746524 -1.148774 0.955436 -0.043906 -15.317733 -1.321460 -0.748394 -0.043906 -15.747306 -1.235651 -1.663087 -0.043906  
 8 8 118  -29.803096 -0.769812 3.554634 -0.043906 -29.706575 -0.781714 3.464644 -0.043906 -29.573148 -0.800873 3.329592 -0.043906 -29.460668 -0.823571 3.188014 -0.043906 -29.412651 -0.842799 3.084075 -0.043906  
 9 10 15  -31.536368 -2.373437 8.524773 -0.031500 -17.379280 -1.467240 4.910316 -0.031500 1.019683 -0.076146 -0.055693 -0.031500 -18.114827 1.078554 -5.184240 -0.031500 -32.192685 1.978407 -8.786065 -0.031500  
 10 11 16  -24.308640 -2.224884 8.271980 -0.031500 -9.490913 -1.315189 4.399761 -0.031500 4.098082 -0.076146 -0.091778 -0.031500 -10.921226 0.975653 -4.853707 -0.031500 -25.732236 1.865699 -8.719196 -0.031500  
 11 12 17  -22.529610 -2.205623 8.109426 -0.031500 -7.832351 -1.284414 4.244731 -0.031500 4.709261 -0.073761 -0.091778 -0.031500 -9.227752 0.968696 -4.694204 -0.031500 -23.946231 1.865828 -8.555057 -0.031500  
 12 13 18  -29.793980 -2.351314 8.373573 -0.031500 -15.650762 -1.439903 4.759662 -0.031500 1.582573 -0.073761 -0.055693 -0.031500 -16.383105 1.074057 -5.031375 -0.031500 -30.427762 1.978272 -8.632574 -0.031500  
 13 5 6  0.000000 6.471006 -0.000000 -0.198274 0.000000 3.867826 -0.000000 -0.198274 0.000000 0.055771 0.000000 -0.198274 0.000000 -3.756284 0.000000 -0.198274 0.000000 -6.359465 0.000000 -0.198274  
 14 6 7  0.000000 -3.307011 0.000000 -0.071259 0.000000 -1.966379 0.000000 -0.071259 0.000000 -0.003179 0.000000 -0.071259 0.000000 1.960021 -0.000000 -0.071259 0.000000 3.300653 -0.000000 -0.071259  
 15 7 8  0.000000 6.359961 0.000000 -0.193975 0.000000 3.756579 0.000000 -0.193975 0.000000 -0.055771 0.000000 -0.193975 0.000000 -3.868120 -0.000000 -0.193975 0.000000 -6.471502 -0.000000 -0.193975  
 16 8 5  0.000000 -3.301149 -0.000000 -0.034379 0.000000 -1.960315 -0.000000 -0.034379 0.000000 0.003179 0.000000 -0.034379 0.000000 1.966674 0.000000 -0.034379 0.000000 3.307507 0.000000 -0.034379  
 17 10 11  0.000000 9.843997 -0.000000 0.069871 0.000000 5.881029 -0.000000 0.069871 0.000000 0.077723 0.000000 0.069871 0.000000 -5.725583 0.000000 0.069871 0.000000 -9.688551 0.000000 0.069871  
 18 11 12  0.000000 0.825590 0.000000 -0.154052 0.000000 0.490169 0.000000 -0.154052 0.000000 -0.001016 0.000000 -0.154052 0.000000 -0.492201 -0.000000 -0.154052 0.000000 -0.827622 -0.000000 -0.154052  
 19 12 13  0.000000 9.688111 0.000000 0.048182 0.000000 5.725321 0.000000 0.048182 0.000000 -0.077723 0.000000 0.048182 0.000000 -5.880768 -0.000000 0.048182 0.000000 -9.843558 -0.000000 0.048182  
 20 13 10  0.000000 0.828061 -0.000000 -0.118690 0.000000 0.492462 -0.000000 -0.118690 0.000000 0.001016 0.000000 -0.118690 0.000000 -0.490430 0.000000 -0.118690 0.000000 -0.826030 0.000000 -0.118690  
 21 15 16  0.000000 8.610684 -0.000000 0.081319 0.000000 5.189395 -0.000000 0.081319 0.000000 0.179316 0.000000 0.081319 0.000000 -4.830763 0.000000 0.081319 0.000000 -8.252052 0.000000 0.081319  
 22 16 17  0.000000 1.938702 0.000000 -0.112005 0.000000 1.154326 0.000000 -0.112005 0.000000 0.005700 0.000000 -0.112005 0.000000 -1.142927 -0.000000 -0.112005 0.000000 -1.927302 -0.000000 -0.112005  
 23 17 18  0.000000 8.248378 0.000000 0.081992 0.000000 4.828580 0.000000 0.081992 0.000000 -0.179316 0.000000 0.081992 0.000000 -5.187212 -0.000000 0.081992 0.000000 -8.607010 -0.000000 0.081992  
 24 18 15  0.000000 1.930977 -0.000000 -0.106104 0.000000 1.145110 -0.000000 -0.106104 0.000000 -0.005700 0.000000 -0.106104 0.000000 -1.156510 0.000000 -0.106104 0.000000 -1.942376 0.000000 -0.106104  
 118 118 128  -29.579920 -0.844804 3.037946 -0.043906 -29.571413 -0.861002 2.948327 -0.043906 -29.575359 -0.883743 2.812005 -0.043906 -29.600022 -0.903733 2.669608 -0.043906 -29.622052 -0.916742 2.569896 -0.043906  
 128 128 138  -29.506080 -0.923698 2.522816 -0.043906 -29.536165 -0.940253 2.430866 -0.043906 -29.580689 -0.963605 2.294151 -0.043906 -29.637345 -0.983332 2.152674 -0.043906 -29.678898 -0.995218 2.054134 -0.043906  
 138 138 148  -29.506308 -1.005005 2.008867 -0.043906 -29.543631 -1.019768 1.913919 -0.043906 -29.591470 -1.041244 1.774713 -0.043906 -29.630581 -1.062517 1.635484 -0.043906 -29.651368 -1.076922 1.540474 -0.043906  
 148 148 158  -29.571342 -1.084284 1.492155 -0.043906 -29.581708 -1.099171 1.396994 -0.043906 -29.591570 -1.120686 1.257467 -0.043906 -29.591395 -1.141811 1.118522 -0.043906 -29.588334 -1.156331 1.023808 -0.043906  
 158 158 168  -29.616531 -1.164156 0.974619 -0.043906 -29.609104 -1.178570 0.879991 -0.043906 -29.591854 -1.199603 0.741021 -0.043906 -29.564541 -1.221208 0.601538 -0.043906 -29.541369 -1.236207 0.506249 -0.043906  
 168 168 178  -29.687870 -1.243245 0.458397 -0.043906 -29.652083 -1.257886 0.362944 -0.043906 -29.591817 -1.279276 0.223532 -0.043906 -29.522057 -1.300626 0.084577 -0.043906 -29.469118 -1.315172 -0.010076 -0.043906  
 178 178 188  -29.742590 -1.322600 -0.058561 -0.043906 -29.684735 -1.337261 -0.154025 -0.043906 -29.591960 -1.358666 -0.293441 -0.043906 -29.489484 -1.379997 -0.432408 -0.043906 -29.413895 -1.394532 -0.527015 -0.043906  
 188 188 198  -29.795650 -1.401985 -0.575497 -0.043906 -29.716394 -1.416628 -0.671008 -0.043906 -29.591958 -1.438038 -0.810423 -0.043906 -29.457862 -1.459376 -0.949365 -0.043906 -29.360765 -1.473903 -1.043981 -0.043906  
 198 198 13  -29.815424 -1.477617 -1.088756 -0.043906 -29.714616 -1.496460 -1.188412 -0.043906 -29.579057 -1.519953 -1.329943 -0.043906 -29.457824 -1.538636 -1.466208 -0.043906 -29.375635 -1.550222 -1.557913 -0.043906  
