 1 1 5  -48.689398 -4.530638 5.234521 0.106808 -45.021722 -3.401844 4.037754 0.106808 -43.115793 -1.284062 1.790226 0.106808 -43.126977 1.170160 -0.809631 0.106808 -43.264805 2.806507 -2.549105 0.106808  
 2 2 6  -39.505235 -4.213268 4.945538 0.106808 -34.991745 -3.144703 3.781848 0.106808 -31.168743 -1.285325 1.749135 0.106808 -31.179442 1.171044 -0.931105 0.106808 -32.307905 2.637756 -2.553014 0.106808  
 3 3 7  -35.047039 -4.073377 4.745176 0.106808 -30.187962 -3.005906 3.605793 0.106808 -25.158024 -1.254287 1.735694 0.106808 -25.095349 1.222430 -0.931651 0.106808 -27.136104 2.570384 -2.420487 0.106808  
 4 4 8  -44.075304 -4.414938 5.064244 0.106808 -40.003342 -3.296050 3.909713 0.106808 -37.259332 -1.266571 1.791267 0.106808 -37.269119 1.221387 -0.810491 0.106808 -37.769152 2.813709 -2.485935 0.106808  
 5 5 10  -29.900631 -1.742090 3.582266 0.022769 -27.664570 -0.982560 2.350706 0.022769 -27.585190 0.544402 -0.032499 0.022769 -28.268082 1.965706 -2.306890 0.022769 -31.003905 2.633379 -3.495684 0.022769  
 6 6 11  -24.322964 -1.590797 3.495172 0.022769 -20.857150 -0.886957 2.352776 0.022769 -20.026756 0.544500 -0.027833 0.022769 -21.833078 1.807117 -2.261100 0.022769 -25.457952 2.426532 -3.429695 0.022769  
 7 7 12  -22.405615 -1.616064 3.384261 0.022769 -18.630529 -0.900409 2.274335 0.022769 -17.353707 0.536238 -0.028031 0.022769 -19.695789 1.778677 -2.184709 0.022769 -23.583217 2.416668 -3.328419 0.022769  
 8 8 118  -27.405646 -2.000578 3.874500 0.022769 -26.895349 -1.908804 3.734205 0.022769 -26.175065 -1.775158 3.525372 0.022769 -25.474885 -1.640473 3.314784 0.022769 -25.002926 -1.548134 3.170311 0.022769  
 9 10 15  -14.274783 0.134433 2.247898 -0.022979 -11.891071 0.294769 1.289329 -0.022979 -11.688106 0.532322 -0.727422 -0.022979 -14.516433 0.560033 -2.266921 -0.022979 -17.553587 0.627099 -3.148735 -0.022979  
 10 11 16  -12.451352 0.124947 2.239925 -0.022979 -9.369008 0.260428 1.287422 -0.022979 -8.591544 0.508624 -0.704481 -0.022979 -12.511901 0.528977 -2.207486 -0.022979 -15.912215 0.600552 -3.135029 -0.022979  
 11 12 17  -12.054504 0.097871 2.211861 -0.022979 -8.903766 0.234426 1.265956 -0.022979 -8.049180 0.488923 -0.697221 -0.022979 -12.111854 0.523842 -2.180413 -0.022979 -15.532325 0.603197 -3.106616 -0.022979  
 12 13 18  -13.873847 0.106768 2.223876 -0.022979 -11.394960 0.264646 1.279783 -0.022979 -11.151585 0.517376 -0.725888 -0.022979 -14.120940 0.556123 -2.243076 -0.022979 -17.187813 0.630041 -3.122800 -0.022979  
 13 5 6  0.000000 6.114098 0.000000 0.182789 0.000000 3.645019 0.000000 0.182789 0.000000 0.029342 0.000000 0.182789 0.000000 -3.586336 -0.000000 0.182789 0.000000 -6.055414 -0.000000 0.182789  
 14 6 7  0.000000 4.436180 0.000000 -0.123893 0.000000 2.641117 0.000000 -0.123893 0.000000 0.012457 0.000000 -0.123893 0.000000 -2.616203 -0.000000 -0.123893 0.000000 -4.411265 -0.000000 -0.123893  
 15 7 8  0.000000 6.052672 -0.000000 0.179779 0.000000 3.584707 -0.000000 0.179779 0.000000 -0.029342 0.000000 0.179779 0.000000 -3.643390 0.000000 0.179779 0.000000 -6.111355 0.000000 0.179779  
 16 8 5  0.000000 4.414007 -0.000000 -0.128211 0.000000 2.617832 -0.000000 -0.128211 0.000000 -0.012457 0.000000 -0.128211 0.000000 -2.642747 0.000000 -0.128211 0.000000 -4.438922 0.000000 -0.128211  
 17 10 11  0.000000 5.911405 0.000000 0.105351 0.000000 3.523255 0.000000 0.105351 0.000000 0.026086 0.000000 0.105351 0.000000 -3.471083 -0.000000 0.105351 0.000000 -5.859233 -0.000000 0.105351  
 18 11 12  0.000000 2.494623 0.000000 -0.078956 0.000000 1.485231 0.000000 -0.078956 0.000000 0.007095 0.000000 -0.078956 0.000000 -1.471042 -0.000000 -0.078956 0.000000 -2.480433 -0.000000 -0.078956  
 19 12 13  0.000000 5.857334 -0.000000 0.074944 0.000000 3.469954 -0.000000 0.074944 0.000000 -0.026086 0.000000 0.074944 0.000000 -3.522126 0.000000 0.074944 0.000000 -5.909506 0.000000 0.074944  
 20 13 10  0.000000 2.482332 -0.000000 -0.112991 0.000000 1.472170 -0.000000 -0.112991 0.000000 -0.007095 0.000000 -0.112991 0.000000 -1.486360 0.000000 -0.112991 0.000000 -2.496522 0.000000 -0.112991  
 21 15 16  0.000000 3.305744 0.000000 0.014129 0.000000 1.975562 0.000000 0.014129 0.000000 0.027664 0.000000 0.014129 0.000000 -1.920234 -0.000000 0.014129 0.000000 -3.250417 -0.000000 0.014129  
 22 16 17  0.000000 0.625705 -0.000000 -0.018887 0.000000 0.371161 -0.000000 -0.018887 0.000000 -0.001589 0.000000 -0.018887 0.000000 -0.374338 0.000000 -0.018887 0.000000 -0.628882 0.000000 -0.018887  
 23 17 18  0.000000 3.248036 -0.000000 0.015617 0.000000 1.918819 -0.000000 0.015617 0.000000 -0.027664 0.000000 0.015617 0.000000 -1.974147 0.000000 0.015617 0.000000 -3.303364 0.000000 0.015617  
 24 18 15  0.000000 0.631263 0.000000 -0.015228 0.000000 0.375753 0.000000 -0.015228 0.000000 0.001589 0.000000 -0.015228 0.000000 -0.372576 -0.000000 -0.015228 0.000000 -0.628085 -0.000000 -0.015228  
 118 118 128  -26.915669 -1.497343 3.091833 0.022769 -26.586981 -1.410930 2.955854 0.022769 -26.153377 -1.278063 2.751614 0.022769 -25.772219 -1.142989 2.538637 0.022769 -25.567268 -1.044430 2.384997 0.022769  
 128 128 138  -26.304653 -0.994650 2.310725 0.022769 -26.221306 -0.911817 2.179133 0.022769 -26.150480 -0.783500 1.975933 0.022769 -26.152601 -0.641631 1.757914 0.022769 -26.155531 -0.544434 1.608694 0.022769  
 138 138 148  -26.180824 -0.504094 1.543127 0.022769 -26.183387 -0.412382 1.400115 0.022769 -26.186937 -0.278074 1.190689 0.022769 -26.190256 -0.143751 0.981266 0.022769 -26.192355 -0.052010 0.838251 0.022769  
 148 148 158  -26.183829 -0.005186 0.765307 0.022769 -26.185681 0.086482 0.622255 0.022769 -26.187640 0.220810 0.412818 0.022769 -26.188028 0.355161 0.203413 0.022769 -26.187528 0.446840 0.060422 0.022769  
 158 158 168  -26.190366 0.493622 -0.012616 0.022769 -26.189264 0.585396 -0.155589 0.022769 -26.187110 0.719730 -0.364989 0.022769 -26.184400 0.854019 -0.574443 0.022769 -26.182355 0.945714 -0.717486 0.022769  
 168 168 178  -26.189737 0.991638 -0.789532 0.022769 -26.187441 1.083984 -0.933155 0.022769 -26.183824 1.219214 -1.143486 0.022769 -26.179961 1.354434 -1.353824 0.022769 -26.203523 1.441538 -1.492223 0.022769  
 178 178 188  -25.838670 1.482669 -1.558454 0.022769 -25.936025 1.584433 -1.712663 0.022769 -26.146171 1.722946 -1.927146 0.022769 -26.428861 1.852135 -2.129952 0.022769 -26.650084 1.935867 -2.265202 0.022769  
 188 188 198  -25.254554 1.988244 -2.341719 0.022769 -25.607841 2.082035 -2.489963 0.022769 -26.163617 2.217960 -2.701122 0.022769 -26.758507 2.351075 -2.908131 0.022769 -27.189356 2.439837 -3.047413 0.022769  
 198 198 13  -24.879601 2.489564 -3.122272 0.022769 -25.400734 2.581225 -3.266914 0.022769 -26.177468 2.714574 -3.477918 0.022769 -26.970413 2.849471 -3.686035 0.022769 -27.521357 2.942109 -3.826823 0.022769  
