 1 1 5  -38.475060 -1.226490 0.891050 0.000086 -38.496696 -0.886975 0.661468 0.000086 -38.522647 -0.389695 0.325280 0.000086 -38.524486 0.106703 -0.010236 0.000086 -38.509165 0.446210 -0.239696 0.000086  
 2 2 6  -35.961834 -1.227197 0.891711 0.000086 -35.983628 -0.887587 0.662162 0.000086 -36.010134 -0.390172 0.325999 0.000086 -36.013249 0.107148 -0.010262 0.000086 -35.996511 0.446802 -0.239824 0.000086  
 3 3 7  -33.455638 -1.227896 0.892529 0.000086 -33.477256 -0.888311 0.662870 0.000086 -33.503125 -0.390926 0.326529 0.000086 -33.505422 0.107301 -0.010755 0.000086 -33.490007 0.447000 -0.240491 0.000086  
 4 4 8  -35.967885 -1.227253 0.891808 0.000086 -35.989429 -0.887772 0.662105 0.000086 -36.015508 -0.390558 0.325694 0.000086 -36.018839 0.106967 -0.010555 0.000086 -36.002259 0.446518 -0.240243 0.000086  
 5 5 10  -25.613534 -0.861176 0.853978 0.000029 -25.620451 -0.513820 0.543290 0.000029 -25.625474 -0.005410 0.088532 0.000029 -25.616969 0.503206 -0.366375 0.000029 -25.608746 0.850591 -0.677113 0.000029  
 6 6 11  -23.909159 -0.861432 0.853921 0.000029 -23.916157 -0.514042 0.543307 0.000029 -23.922331 -0.005357 0.088407 0.000029 -23.912537 0.503369 -0.366535 0.000029 -23.904228 0.850768 -0.677198 0.000029  
 7 7 12  -22.375751 -0.861286 0.854166 0.000029 -22.382631 -0.513995 0.543532 0.000029 -22.387949 -0.005122 0.088310 0.000029 -22.379199 0.503556 -0.366744 0.000029 -22.370950 0.850862 -0.677430 0.000029  
 8 8 118  -24.083386 -0.940828 0.925589 0.000029 -24.084147 -0.906098 0.894516 0.000029 -24.085244 -0.855239 0.849012 0.000029 -24.086318 -0.804380 0.803509 0.000029 -24.087040 -0.769649 0.772436 0.000029  
 9 10 15  -12.604402 -0.482871 0.714932 0.000307 -12.608152 -0.222266 0.372886 0.000307 -12.609683 0.159289 -0.127944 0.000307 -12.605477 0.540923 -0.628802 0.000307 -12.739474 0.776173 -0.944289 0.000307  
 10 11 16  -11.913407 -0.482932 0.716402 0.000307 -11.917186 -0.222316 0.373481 0.000307 -11.918691 0.159306 -0.128695 0.000307 -11.914472 0.540980 -0.630876 0.000307 -12.096259 0.767859 -0.938778 0.000307  
 11 12 17  -11.346716 -0.484038 0.716471 0.000307 -11.350485 -0.222750 0.373538 0.000307 -11.351986 0.159923 -0.128719 0.000307 -11.347755 0.542593 -0.630936 0.000307 -11.579378 0.762224 -0.930019 0.000307  
 12 13 18  -12.039067 -0.483981 0.714998 0.000307 -12.042847 -0.222706 0.372937 0.000307 -12.044340 0.159910 -0.127964 0.000307 -12.040108 0.542538 -0.628860 0.000307 -12.212632 0.771643 -0.937564 0.000307  
 13 5 6  0.000000 1.116348 -0.000000 -0.000454 0.000000 0.663320 -0.000000 -0.000454 0.000000 -0.000088 0.000000 -0.000454 0.000000 -0.663495 0.000000 -0.000454 0.000000 -1.116523 0.000000 -0.000454  
 14 6 7  0.000000 1.343929 -0.000000 0.000498 0.000000 0.798553 -0.000000 0.000498 0.000000 -0.000086 0.000000 0.000498 0.000000 -0.798726 0.000000 0.000498 0.000000 -1.344102 0.000000 0.000498  
 15 7 8  0.000000 1.116547 0.000000 -0.000385 0.000000 0.663509 0.000000 -0.000385 0.000000 0.000088 0.000000 -0.000385 0.000000 -0.663334 -0.000000 -0.000385 0.000000 -1.116372 -0.000000 -0.000385  
 16 8 5  0.000000 1.344078 0.000000 0.000419 0.000000 0.798712 0.000000 0.000419 0.000000 0.000086 0.000000 0.000419 0.000000 -0.798539 -0.000000 0.000419 0.000000 -1.343905 -0.000000 0.000419  
 17 10 11  0.000000 1.406881 -0.000000 0.000694 0.000000 0.836001 -0.000000 0.000694 0.000000 0.000013 0.000000 0.000694 0.000000 -0.835974 0.000000 0.000694 0.000000 -1.406854 0.000000 0.000694  
 18 11 12  0.000000 1.343551 -0.000000 -0.000704 0.000000 0.798365 -0.000000 -0.000704 0.000000 0.000004 0.000000 -0.000704 0.000000 -0.798357 0.000000 -0.000704 0.000000 -1.343543 0.000000 -0.000704  
 19 12 13  0.000000 1.406887 0.000000 0.000824 0.000000 0.835994 0.000000 0.000824 0.000000 -0.000013 0.000000 0.000824 0.000000 -0.836020 -0.000000 0.000824 0.000000 -1.406914 -0.000000 0.000824  
 20 13 10  0.000000 1.343510 0.000000 -0.000523 0.000000 0.798338 0.000000 -0.000523 0.000000 -0.000004 0.000000 -0.000523 0.000000 -0.798345 -0.000000 -0.000523 0.000000 -1.343518 -0.000000 -0.000523  
 21 15 16  0.000000 0.946949 0.000000 0.001810 0.000000 0.562893 0.000000 0.001810 0.000000 0.000487 0.000000 0.001810 0.000000 -0.561918 -0.000000 0.001810 0.000000 -0.945974 -0.000000 0.001810  
 22 16 17  0.000000 0.774851 0.000000 -0.001905 0.000000 0.460586 0.000000 -0.001905 0.000000 0.000381 0.000000 -0.001905 0.000000 -0.459824 -0.000000 -0.001905 0.000000 -0.774089 -0.000000 -0.001905  
 23 17 18  0.000000 0.945991 -0.000000 0.002056 0.000000 0.561928 -0.000000 0.002056 0.000000 -0.000487 0.000000 0.002056 0.000000 -0.562903 0.000000 0.002056 0.000000 -0.946966 0.000000 0.002056  
 24 18 15  0.000000 0.774072 -0.000000 -0.001459 0.000000 0.459814 -0.000000 -0.001459 0.000000 -0.000381 0.000000 -0.001459 0.000000 -0.460576 0.000000 -0.001459 0.000000 -0.774834 0.000000 -0.001459  
 118 118 128  -24.083523 -0.751926 0.756580 0.000029 -24.084229 -0.717196 0.725506 0.000029 -24.085243 -0.666337 0.680003 0.000029 -24.086237 -0.615478 0.634500 0.000029 -24.086904 -0.580747 0.603427 0.000029  
 128 128 138  -24.083662 -0.563024 0.587570 0.000029 -24.084313 -0.528294 0.556497 0.000029 -24.085248 -0.477436 0.510995 0.000029 -24.086154 -0.426576 0.465491 0.000029 -24.086750 -0.391844 0.434416 0.000029  
 138 138 148  -24.083878 -0.374121 0.418561 0.000029 -24.084445 -0.339392 0.387488 0.000029 -24.085249 -0.288534 0.341985 0.000029 -24.086022 -0.237674 0.296481 0.000029 -24.086531 -0.202942 0.265409 0.000029  
 148 148 158  -24.084317 -0.185218 0.249565 0.000029 -24.084796 -0.150493 0.218482 0.000029 -24.085412 -0.099632 0.172962 0.000029 -24.085783 -0.048768 0.127467 0.000029 -24.085475 -0.014047 0.096423 0.000029  
 158 158 168  -24.086692 0.003680 0.080541 0.000029 -24.086131 0.038412 0.049470 0.000029 -24.085253 0.089271 0.003967 0.000029 -24.084340 0.140130 -0.041537 0.000029 -24.083700 0.174860 -0.072611 0.000029  
 168 168 178  -24.086902 0.192583 -0.088466 0.000029 -24.086241 0.227314 -0.119540 0.000029 -24.085246 0.278173 -0.165043 0.000029 -24.084226 0.329032 -0.210546 0.000029 -24.083516 0.363762 -0.241619 0.000029  
 178 178 188  -24.087064 0.381485 -0.257476 0.000029 -24.086335 0.416216 -0.288549 0.000029 -24.085246 0.467075 -0.334052 0.000029 -24.084131 0.517934 -0.379555 0.000029 -24.083356 0.552664 -0.410629 0.000029  
 188 188 198  -24.087230 0.570387 -0.426485 0.000029 -24.086433 0.605118 -0.457558 0.000029 -24.085246 0.655977 -0.503061 0.000029 -24.084033 0.706835 -0.548565 0.000029 -24.083190 0.741566 -0.579638 0.000029  
 198 198 13  -24.087387 0.759289 -0.595494 0.000029 -24.086526 0.794019 -0.626567 0.000029 -24.085245 0.844879 -0.672071 0.000029 -24.083940 0.895737 -0.717574 0.000029 -24.083034 0.930468 -0.748647 0.000029  
