 1 1 5  -32.071019 0.838984 -3.783443 -0.012507 -31.019925 0.764294 -2.807519 -0.012507 -30.988430 0.513127 -1.076199 -0.012507 -30.992112 0.245471 0.675577 -0.012507 -30.960438 0.062981 1.870666 -0.012507  
 2 2 6  -36.592546 0.885721 -3.895595 -0.012507 -36.082029 0.778226 -2.820343 -0.012507 -36.140704 0.511998 -1.078733 -0.012507 -36.147942 0.246116 0.662404 -0.012507 -36.113644 0.064270 1.851716 -0.012507  
 3 3 7  -40.992047 0.918181 -3.962693 -0.012507 -40.824885 0.774729 -2.818464 -0.012507 -40.881858 0.513583 -1.077409 -0.012507 -40.886990 0.254165 0.661562 -0.012507 -40.856346 0.076223 1.850199 -0.012507  
 4 4 8  -36.271333 0.876706 -3.895872 -0.012507 -35.718028 0.776487 -2.823928 -0.012507 -35.776507 0.514733 -1.074807 -0.012507 -35.784602 0.253355 0.674528 -0.012507 -35.750795 0.074725 1.868979 -0.012507  
 5 5 10  -21.641311 1.744630 -1.694507 -0.006942 -20.904349 1.242492 -0.943102 -0.006942 -20.920563 0.310997 0.352201 -0.006942 -20.908611 -0.618650 1.645462 -0.006942 -21.810797 -1.119776 2.355112 -0.006942  
 6 6 11  -23.808978 1.785984 -1.714602 -0.006942 -23.329414 1.241963 -0.928874 -0.006942 -23.348083 0.311052 0.353904 -0.006942 -23.325432 -0.619600 1.636650 -0.006942 -23.933525 -1.156506 2.391261 -0.006942  
 7 7 12  -27.048923 1.811181 -1.759021 -0.006942 -26.832135 1.230148 -0.928246 -0.006942 -26.848419 0.313304 0.353646 -0.006942 -26.827967 -0.603478 1.635812 -0.006942 -27.125669 -1.175402 2.448304 -0.006942  
 8 8 118  -24.861038 1.942826 -1.966524 -0.006942 -24.719449 1.884782 -1.883274 -0.006942 -24.515117 1.799549 -1.760727 -0.006942 -24.357825 1.707820 -1.631658 -0.006942 -24.258586 1.644068 -1.542225 -0.006942  
 9 10 15  -11.359886 1.535942 -0.036658 -0.000133 -10.475131 0.918989 0.162888 -0.000133 -10.479715 -0.244474 0.467068 -0.000133 -11.205121 -1.272950 0.666964 -0.000133 -12.612282 -1.820419 0.757360 -0.000133  
 10 11 16  -11.875044 1.558798 -0.026649 -0.000133 -11.112274 0.918906 0.170704 -0.000133 -11.116594 -0.244386 0.468374 -0.000133 -11.742312 -1.289689 0.673608 -0.000133 -13.088423 -1.845462 0.759988 -0.000133  
 11 12 17  -13.084096 1.584216 -0.027915 -0.000133 -12.662334 0.897700 0.170753 -0.000133 -12.666740 -0.237926 0.468252 -0.000133 -13.059970 -1.296828 0.701723 -0.000133 -14.204202 -1.865469 0.787538 -0.000133  
 12 13 18  -12.563564 1.563493 -0.038416 -0.000133 -12.034016 0.897784 0.162929 -0.000133 -12.038445 -0.238015 0.466943 -0.000133 -12.507781 -1.283276 0.697034 -0.000133 -13.717139 -1.842309 0.785989 -0.000133  
 13 5 6  0.000000 -3.725341 0.000000 0.017933 0.000000 -2.212487 0.000000 0.017933 0.000000 0.002911 0.000000 0.017933 0.000000 2.218310 -0.000000 0.017933 0.000000 3.731164 -0.000000 0.017933  
 14 6 7  0.000000 -1.747192 -0.000000 -0.021366 0.000000 -1.037455 -0.000000 -0.021366 0.000000 0.001872 0.000000 -0.021366 0.000000 1.041200 0.000000 -0.021366 0.000000 1.750937 0.000000 -0.021366  
 15 7 8  0.000000 -3.731679 -0.000000 0.015346 0.000000 -2.218616 -0.000000 0.015346 0.000000 -0.002911 0.000000 0.015346 0.000000 2.212794 0.000000 0.015346 0.000000 3.725857 0.000000 0.015346  
 16 8 5  0.000000 -1.750421 0.000000 -0.028476 0.000000 -1.040893 0.000000 -0.028476 0.000000 -0.001872 0.000000 -0.028476 0.000000 1.037149 -0.000000 -0.028476 0.000000 1.746677 -0.000000 -0.028476  
 17 10 11  0.000000 -2.453820 -0.000000 0.021043 0.000000 -1.457411 -0.000000 0.021043 0.000000 0.001714 0.000000 0.021043 0.000000 1.460839 0.000000 0.021043 0.000000 2.457248 0.000000 0.021043  
 18 11 12  0.000000 -2.801769 -0.000000 -0.021586 0.000000 -1.663475 -0.000000 -0.021586 0.000000 0.003424 0.000000 -0.021586 0.000000 1.670323 0.000000 -0.021586 0.000000 2.808617 0.000000 -0.021586  
 19 12 13  0.000000 -2.457809 0.000000 0.020063 0.000000 -1.461172 0.000000 0.020063 0.000000 -0.001714 0.000000 0.020063 0.000000 1.457744 -0.000000 0.020063 0.000000 2.454381 -0.000000 0.020063  
 20 13 10  0.000000 -2.808056 0.000000 -0.022888 0.000000 -1.669990 0.000000 -0.022888 0.000000 -0.003424 0.000000 -0.022888 0.000000 1.663142 -0.000000 -0.022888 0.000000 2.801208 -0.000000 -0.022888  
 21 15 16  0.000000 -0.800006 0.000000 0.012695 0.000000 -0.475054 0.000000 0.012695 0.000000 0.000800 0.000000 0.012695 0.000000 0.476653 -0.000000 0.012695 0.000000 0.801605 -0.000000 0.012695  
 22 16 17  0.000000 -1.929152 0.000000 -0.014606 0.000000 -1.143270 0.000000 -0.014606 0.000000 0.007563 0.000000 -0.014606 0.000000 1.158396 -0.000000 -0.014606 0.000000 1.944278 -0.000000 -0.014606  
 23 17 18  0.000000 -0.802272 -0.000000 0.011065 0.000000 -0.477050 -0.000000 0.011065 0.000000 -0.000800 0.000000 0.011065 0.000000 0.475450 0.000000 0.011065 0.000000 0.800673 0.000000 0.011065  
 24 18 15  0.000000 -1.943611 -0.000000 -0.015506 0.000000 -1.158000 -0.000000 -0.015506 0.000000 -0.007563 0.000000 -0.015506 0.000000 1.142874 0.000000 -0.015506 0.000000 1.928485 0.000000 -0.015506  
 118 118 128  -24.626702 1.611976 -1.497258 -0.006942 -24.573722 1.556248 -1.416170 -0.006942 -24.520781 1.470400 -1.292858 -0.006942 -24.494775 1.379343 -1.164557 -0.006942 -24.497054 1.313150 -1.072955 -0.006942  
 128 128 138  -24.532526 1.287227 -1.033966 -0.006942 -24.534396 1.226691 -0.947950 -0.006942 -24.537031 1.138043 -0.821993 -0.006942 -24.539549 1.049398 -0.696037 -0.006942 -24.541204 0.988866 -0.610024 -0.006942  
 138 138 148  -24.533344 0.957975 -0.566132 -0.006942 -24.534883 0.897438 -0.480118 -0.006942 -24.537034 0.808792 -0.354158 -0.006942 -24.539073 0.720146 -0.228200 -0.006942 -24.540357 0.659614 -0.142195 -0.006942  
 148 148 158  -24.534923 0.628709 -0.098261 -0.006942 -24.536030 0.568178 -0.012276 -0.006942 -24.537374 0.479559 0.113636 -0.006942 -24.537956 0.390901 0.239630 -0.006942 -24.537902 0.330329 0.325690 -0.006942  
 158 158 168  -24.539489 0.299465 0.369542 -0.006942 -24.538651 0.238934 0.455550 -0.006942 -24.537095 0.150292 0.581506 -0.006942 -24.535335 0.061643 0.707463 -0.006942 -24.534006 0.001103 0.793485 -0.006942  
 168 168 178  -24.540790 -0.029782 0.837367 -0.006942 -24.539328 -0.090318 0.923386 -0.006942 -24.537038 -0.178964 1.049343 -0.006942 -24.534626 -0.267610 1.175299 -0.006942 -24.532905 -0.328143 1.261310 -0.006942  
 178 178 188  -24.541586 -0.359035 1.305205 -0.006942 -24.539773 -0.419570 1.391219 -0.006942 -24.537030 -0.508215 1.517175 -0.006942 -24.534169 -0.596862 1.643133 -0.006942 -24.532153 -0.657397 1.729147 -0.006942  
 188 188 198  -24.470286 -0.682993 1.766661 -0.006942 -24.473054 -0.749937 1.860154 -0.006942 -24.518767 -0.840210 1.988661 -0.006942 -24.591955 -0.926616 2.111503 -0.006942 -24.665351 -0.982091 2.191282 -0.006942  
 198 198 13  -24.194616 -1.014719 2.237003 -0.006942 -24.316037 -1.078511 2.327168 -0.006942 -24.517543 -1.168596 2.455858 -0.006942 -24.758894 -1.255029 2.578304 -0.006942 -24.923916 -1.314011 2.661878 -0.006942  
