 1 1 5  -39.532681 -0.724303 3.590203 -0.017277 -39.748962 -0.658425 2.415415 -0.017277 -39.977961 -0.564682 0.674617 -0.017277 -39.984904 -0.482302 -1.071997 -0.017277 -39.842449 -0.418357 -2.261490 -0.017277  
 2 2 6  -37.746248 -0.709356 3.586756 -0.017277 -37.878297 -0.656342 2.425519 -0.017277 -38.087115 -0.564143 0.681096 -0.017277 -38.094512 -0.482988 -1.075146 -0.017277 -37.962423 -0.420021 -2.266263 -0.017277  
 3 3 7  -32.242180 -0.678267 3.497627 -0.017277 -31.974280 -0.666222 2.421746 -0.017277 -32.212521 -0.569915 0.679564 -0.017277 -32.219164 -0.481350 -1.073316 -0.017277 -32.074031 -0.416522 -2.263474 -0.017277  
 4 4 8  -33.937618 -0.696018 3.523482 -0.017277 -33.859612 -0.668339 2.412618 -0.017277 -34.110653 -0.571522 0.673183 -0.017277 -34.122099 -0.480306 -1.071074 -0.017277 -33.968859 -0.414735 -2.259285 -0.017277  
 5 5 10  -26.214415 -2.334596 0.002281 -0.001347 -26.319515 -1.583385 -0.215355 -0.001347 -26.380865 -0.492485 -0.540358 -0.001347 -26.298240 0.599884 -0.864884 -0.001347 -26.183581 1.351662 -1.082137 -0.001347  
 6 6 11  -26.063431 -2.332879 0.002679 -0.001347 -26.163312 -1.582338 -0.214848 -0.001347 -26.217599 -0.492464 -0.541544 -0.001347 -26.142656 0.599323 -0.867366 -0.001347 -26.033473 1.350259 -1.084462 -0.001347  
 7 7 12  -21.762481 -2.315008 0.003394 -0.001347 -21.689959 -1.589901 -0.216180 -0.001347 -21.750260 -0.480747 -0.541537 -0.001347 -21.663930 0.629332 -0.866341 -0.001347 -21.582706 1.385563 -1.076549 -0.001347  
 8 8 118  -22.072658 -2.503948 0.051695 -0.001347 -21.974697 -2.432084 0.031249 -0.001347 -21.837953 -2.325449 -0.000280 -0.001347 -21.719537 -2.215160 -0.031889 -0.001347 -21.695898 -2.127774 -0.058302 -0.001347  
 9 10 15  -14.097393 -2.086206 -0.552214 0.013392 -12.228626 -1.310289 -0.459992 0.013392 -11.916225 0.269563 -0.200589 0.013392 -12.843581 1.721040 0.085458 0.013392 -15.034842 2.440661 0.233346 0.013392  
 10 11 16  -14.250881 -2.094589 -0.554050 0.013392 -12.411523 -1.314346 -0.462059 0.013392 -12.120320 0.269587 -0.201155 0.013392 -13.009116 1.728357 0.084655 0.013392 -15.183240 2.449772 0.233551 0.013392  
 11 12 17  -12.719993 -2.055764 -0.528524 0.013392 -10.472527 -1.291816 -0.428000 0.013392 -9.806282 0.289308 -0.201165 0.013392 -11.359431 1.694326 0.079364 0.013392 -13.830076 2.424758 0.221966 0.013392  
 12 13 18  -12.566047 -2.046272 -0.527149 0.013392 -10.294616 -1.285434 -0.425593 0.013392 -9.592728 0.289303 -0.200599 0.013392 -11.200076 1.685094 0.079660 0.013392 -13.682239 2.414677 0.221750 0.013392  
 13 5 6  0.000000 2.368687 -0.000000 0.002972 0.000000 1.407355 -0.000000 0.002972 0.000000 -0.000404 0.000000 0.002972 0.000000 -1.408163 0.000000 0.002972 0.000000 -2.369495 0.000000 0.002972  
 14 6 7  0.000000 1.918824 0.000000 -0.011358 0.000000 1.139997 0.000000 -0.011358 0.000000 -0.000506 0.000000 -0.011358 0.000000 -1.141008 -0.000000 -0.011358 0.000000 -1.919836 -0.000000 -0.011358  
 15 7 8  0.000000 2.369312 0.000000 0.002797 0.000000 1.408054 0.000000 0.002797 0.000000 0.000404 0.000000 0.002797 0.000000 -1.407246 -0.000000 0.002797 0.000000 -2.368504 -0.000000 0.002797  
 16 8 5  0.000000 1.920019 -0.000000 -0.008156 0.000000 1.141117 -0.000000 -0.008156 0.000000 0.000506 0.000000 -0.008156 0.000000 -1.140106 0.000000 -0.008156 0.000000 -1.919008 0.000000 -0.008156  
 17 10 11  0.000000 0.461063 -0.000000 -0.003910 0.000000 0.273959 -0.000000 -0.003910 0.000000 -0.000034 0.000000 -0.003910 0.000000 -0.274026 0.000000 -0.003910 0.000000 -0.461130 0.000000 -0.003910  
 18 11 12  0.000000 3.585362 -0.000000 0.015823 0.000000 2.133289 -0.000000 0.015823 0.000000 0.006897 0.000000 0.015823 0.000000 -2.119495 0.000000 0.015823 0.000000 -3.571569 0.000000 0.015823  
 19 12 13  0.000000 0.461013 0.000000 -0.005928 0.000000 0.273956 0.000000 -0.005928 0.000000 0.000034 0.000000 -0.005928 0.000000 -0.273889 -0.000000 -0.005928 0.000000 -0.460946 -0.000000 -0.005928  
 20 13 10  0.000000 3.571686 0.000000 0.016640 0.000000 2.119565 0.000000 0.016640 0.000000 -0.006897 0.000000 0.016640 0.000000 -2.133359 -0.000000 0.016640 0.000000 -3.585479 -0.000000 0.016640  
 21 15 16  0.000000 -0.244597 -0.000000 -0.005455 0.000000 -0.145295 -0.000000 -0.005455 0.000000 0.000122 0.000000 -0.005455 0.000000 0.145539 0.000000 -0.005455 0.000000 0.244842 0.000000 -0.005455  
 22 16 17  0.000000 2.586403 -0.000000 0.009318 0.000000 1.544808 -0.000000 0.009318 0.000000 0.019513 0.000000 0.009318 0.000000 -1.505782 0.000000 0.009318 0.000000 -2.547377 0.000000 0.009318  
 23 17 18  0.000000 -0.244846 0.000000 -0.006549 0.000000 -0.145542 0.000000 -0.006549 0.000000 -0.000122 0.000000 -0.006549 0.000000 0.145298 -0.000000 -0.006549 0.000000 0.244602 -0.000000 -0.006549  
 24 18 15  0.000000 2.547382 0.000000 0.009457 0.000000 1.505785 0.000000 0.009457 0.000000 -0.019513 0.000000 0.009457 0.000000 -1.544811 -0.000000 0.009457 0.000000 -2.586408 -0.000000 0.009457  
 118 118 128  -21.822980 -2.098147 -0.066543 -0.001347 -21.835991 -2.022673 -0.088455 -0.001347 -21.854025 -1.912231 -0.120628 -0.001347 -21.870818 -1.801892 -0.152893 -0.001347 -21.881584 -1.726603 -0.174981 -0.001347  
 128 128 138  -21.833360 -1.688117 -0.186196 -0.001347 -21.841953 -1.612660 -0.208123 -0.001347 -21.853816 -1.502230 -0.240302 -0.001347 -21.864809 -1.391879 -0.272561 -0.001347 -21.871799 -1.316572 -0.294634 -0.001347  
 138 138 148  -21.841614 -1.278050 -0.305814 -0.001347 -21.846760 -1.202645 -0.327792 -0.001347 -21.853781 -1.092257 -0.360004 -0.001347 -21.860026 -0.981885 -0.392229 -0.001347 -21.863581 -0.906480 -0.414253 -0.001347  
 148 148 158  -21.848448 -0.867973 -0.425429 -0.001347 -21.851126 -0.792641 -0.447464 -0.001347 -21.854125 -0.682291 -0.479713 -0.001347 -21.855767 -0.571853 -0.511870 -0.001347 -21.855706 -0.496438 -0.533905 -0.001347  
 158 158 168  -21.860541 -0.458019 -0.545151 -0.001347 -21.858220 -0.382617 -0.567120 -0.001347 -21.853848 -0.272236 -0.599332 -0.001347 -21.848583 -0.161859 -0.631579 -0.001347 -21.844458 -0.086448 -0.653563 -0.001347  
 168 168 178  -21.866481 -0.047948 -0.664755 -0.001347 -21.861510 0.027383 -0.686798 -0.001347 -21.853701 0.137744 -0.719038 -0.001347 -21.845214 0.248161 -0.751233 -0.001347 -21.839029 0.323600 -0.773196 -0.001347  
 178 178 188  -21.875856 0.362100 -0.784387 -0.001347 -21.867321 0.437394 -0.806467 -0.001347 -21.853934 0.547733 -0.838728 -0.001347 -21.839460 0.658173 -0.870904 -0.001347 -21.828983 0.733647 -0.892825 -0.001347  
 188 188 198  -21.885400 0.772119 -0.904039 -0.001347 -21.873131 0.847405 -0.926135 -0.001347 -21.854061 0.957744 -0.958403 -0.001347 -21.833704 1.068188 -0.990570 -0.001347 -21.819023 1.143660 -1.012480 -0.001347  
 198 198 13  -21.862275 1.178986 -1.020745 -0.001347 -21.846618 1.258107 -1.046505 -0.001347 -21.845860 1.369401 -1.079538 -0.001347 -21.855783 1.478358 -1.110390 -0.001347 -21.870798 1.551166 -1.129846 -0.001347  
