 1 1 5  -39.277420 -1.148406 1.805136 -0.000132 -39.320304 -0.893121 1.267403 -0.000132 -39.369261 -0.518989 0.479883 -0.000132 -39.372508 -0.145755 -0.306573 -0.000132 -39.345140 0.109496 -0.844089 -0.000132  
 2 2 6  -36.809119 -1.149565 1.806751 -0.000132 -36.851862 -0.894087 1.268987 -0.000132 -36.901201 -0.519687 0.481408 -0.000132 -36.905739 -0.145158 -0.306653 -0.000132 -36.876890 0.110314 -0.844609 -0.000132  
 3 3 7  -32.588011 -1.150813 1.807815 -0.000132 -32.630729 -0.895396 1.269877 -0.000132 -32.679669 -0.521075 0.482038 -0.000132 -32.684487 -0.145219 -0.307099 -0.000132 -32.655654 0.110453 -0.845263 -0.000132  
 4 4 8  -35.055121 -1.149693 1.806234 -0.000132 -35.098034 -0.894474 1.268325 -0.000132 -35.147662 -0.520444 0.480549 -0.000132 -35.153443 -0.145765 -0.306835 -0.000132 -35.123276 0.109683 -0.844773 -0.000132  
 5 5 10  -26.087717 -1.639720 0.762128 -0.000314 -26.101346 -1.056232 0.402419 -0.000314 -26.110993 -0.202359 -0.123981 -0.000314 -26.094439 0.651918 -0.650440 -0.000314 -26.077491 1.235440 -1.010123 -0.000314  
 6 6 11  -24.823719 -1.640011 0.762124 -0.000314 -24.837469 -1.056443 0.402488 -0.000314 -24.848274 -0.202175 -0.124234 -0.000314 -24.830813 0.652287 -0.650969 -0.000314 -24.813934 1.235903 -1.010573 -0.000314  
 7 7 12  -21.902713 -1.638372 0.760155 -0.000314 -21.904297 -1.056700 0.402723 -0.000314 -21.913971 -0.201100 -0.124345 -0.000314 -21.896392 0.654437 -0.651254 -0.000314 -21.879374 1.238615 -1.010924 -0.000314  
 8 8 118  -23.185546 -1.771852 0.842263 -0.000314 -23.167344 -1.716407 0.809188 -0.000314 -23.159481 -1.631526 0.757070 -0.000314 -23.161780 -1.544516 0.703008 -0.000314 -23.163308 -1.485098 0.666090 -0.000314  
 9 10 15  -12.700527 -1.200375 0.211673 -0.004377 -12.688205 -0.619568 0.050533 -0.004377 -12.691442 0.236951 -0.190208 -0.004377 -12.725556 1.084788 -0.423293 -0.004377 -13.293692 1.558839 -0.518563 -0.004377  
 10 11 16  -12.318505 -1.196663 0.210841 -0.004377 -12.287860 -0.619595 0.051392 -0.004377 -12.291070 0.237010 -0.191104 -0.004377 -12.341750 1.081437 -0.423154 -0.004377 -12.955565 1.547602 -0.516430 -0.004377  
 11 12 17  -11.191410 -1.191393 0.201549 -0.004377 -11.074652 -0.625090 0.051409 -0.004377 -11.077701 0.241817 -0.191144 -0.004377 -11.209434 1.080638 -0.411132 -0.004377 -11.979377 1.526397 -0.500228 -0.004377  
 12 13 18  -11.566652 -1.197841 0.202436 -0.004377 -11.481416 -0.625055 0.050553 -0.004377 -11.484418 0.241757 -0.190246 -0.004377 -11.585697 1.086499 -0.412977 -0.004377 -12.310729 1.539958 -0.501505 -0.004377  
 13 5 6  0.000000 1.663198 -0.000000 -0.000619 0.000000 0.988240 -0.000000 -0.000619 0.000000 -0.000157 0.000000 -0.000619 0.000000 -0.988554 0.000000 -0.000619 0.000000 -1.663511 0.000000 -0.000619  
 14 6 7  0.000000 1.779600 0.000000 0.000032 0.000000 1.057392 0.000000 0.000032 0.000000 -0.000198 0.000000 0.000032 0.000000 -1.057788 -0.000000 0.000032 0.000000 -1.779996 -0.000000 0.000032  
 15 7 8  0.000000 1.663541 0.000000 -0.000300 0.000000 0.988571 0.000000 -0.000300 0.000000 0.000157 0.000000 -0.000300 0.000000 -0.988258 -0.000000 -0.000300 0.000000 -1.663228 -0.000000 -0.000300  
 16 8 5  0.000000 1.779966 -0.000000 0.000265 0.000000 1.057770 -0.000000 0.000265 0.000000 0.000198 0.000000 0.000265 0.000000 -1.057374 0.000000 0.000265 0.000000 -1.779570 0.000000 0.000265  
 17 10 11  0.000000 1.210671 -0.000000 0.001936 0.000000 0.719421 -0.000000 0.001936 0.000000 0.000042 0.000000 0.001936 0.000000 -0.719337 0.000000 0.001936 0.000000 -1.210587 0.000000 0.001936  
 18 11 12  0.000000 2.454403 -0.000000 -0.004599 0.000000 1.458651 -0.000000 -0.004599 0.000000 0.000487 0.000000 -0.004599 0.000000 -1.457677 0.000000 -0.004599 0.000000 -2.453429 0.000000 -0.004599  
 19 12 13  0.000000 1.210617 0.000000 0.003095 0.000000 0.719355 0.000000 0.003095 0.000000 -0.000042 0.000000 0.003095 0.000000 -0.719439 -0.000000 0.003095 0.000000 -1.210701 -0.000000 0.003095  
 20 13 10  0.000000 2.453400 0.000000 -0.004443 0.000000 1.457659 0.000000 -0.004443 0.000000 -0.000487 0.000000 -0.004443 0.000000 -1.458633 -0.000000 -0.004443 0.000000 -2.454374 -0.000000 -0.004443  
 21 15 16  0.000000 0.534810 -0.000000 0.003865 0.000000 0.318031 -0.000000 0.003865 0.000000 0.000583 0.000000 0.003865 0.000000 -0.316866 0.000000 0.003865 0.000000 -0.533645 0.000000 0.003865  
 22 16 17  0.000000 1.599531 0.000000 -0.008243 0.000000 0.951925 0.000000 -0.008243 0.000000 0.003581 0.000000 -0.008243 0.000000 -0.944763 -0.000000 -0.008243 0.000000 -1.592369 -0.000000 -0.008243  
 23 17 18  0.000000 0.533597 0.000000 0.005440 0.000000 0.316837 0.000000 0.005440 0.000000 -0.000583 0.000000 0.005440 0.000000 -0.318002 -0.000000 0.005440 0.000000 -0.534762 -0.000000 0.005440  
 24 18 15  0.000000 1.592417 -0.000000 -0.007892 0.000000 0.944792 -0.000000 -0.007892 0.000000 -0.003581 0.000000 -0.007892 0.000000 -0.951953 0.000000 -0.007892 0.000000 -1.599579 0.000000 -0.007892  
 118 118 128  -23.162118 -1.456596 0.648962 -0.000314 -23.163511 -1.398202 0.613005 -0.000314 -23.165493 -1.312693 0.560350 -0.000314 -23.167409 -1.227184 0.507697 -0.000314 -23.168671 -1.168794 0.471743 -0.000314  
 128 128 138  -23.162597 -1.138998 0.453394 -0.000314 -23.163806 -1.080602 0.417436 -0.000314 -23.165507 -0.995091 0.364781 -0.000314 -23.167113 -0.909585 0.312129 -0.000314 -23.168159 -0.851194 0.276174 -0.000314  
 138 138 148  -23.163172 -0.821385 0.257818 -0.000314 -23.164167 -0.763002 0.221868 -0.000314 -23.165531 -0.677501 0.169219 -0.000314 -23.166755 -0.591985 0.116561 -0.000314 -23.167520 -0.533580 0.080598 -0.000314  
 148 148 158  -23.164212 -0.503816 0.062302 -0.000314 -23.164928 -0.445407 0.026304 -0.000314 -23.165835 -0.359868 -0.026400 -0.000314 -23.166006 -0.274386 -0.079005 -0.000314 -23.165729 -0.216016 -0.114916 -0.000314  
 158 158 168  -23.167939 -0.186202 -0.133321 -0.000314 -23.167051 -0.127799 -0.169266 -0.000314 -23.165542 -0.042290 -0.221919 -0.000314 -23.163887 0.043216 -0.274577 -0.000314 -23.162695 0.101604 -0.310537 -0.000314  
 168 168 178  -23.168642 0.131406 -0.328880 -0.000314 -23.167391 0.189799 -0.364838 -0.000314 -23.165494 0.275308 -0.417491 -0.000314 -23.163529 0.360816 -0.470145 -0.000314 -23.162146 0.419209 -0.506101 -0.000314  
 178 178 188  -23.169070 0.449007 -0.524449 -0.000314 -23.167643 0.507399 -0.560406 -0.000314 -23.165495 0.592907 -0.613059 -0.000314 -23.163274 0.678417 -0.665713 -0.000314 -23.161720 0.736810 -0.701669 -0.000314  
 188 188 198  -23.169771 0.766607 -0.720018 -0.000314 -23.168065 0.824999 -0.755974 -0.000314 -23.165501 0.910508 -0.808627 -0.000314 -23.162853 0.996017 -0.861282 -0.000314 -23.161002 1.054410 -0.897238 -0.000314  
 198 198 13  -23.170766 1.084173 -0.915556 -0.000314 -23.168624 1.142589 -0.951533 -0.000314 -23.165402 1.228131 -1.004216 -0.000314 -23.162075 1.313675 -1.056902 -0.000314 -23.160687 1.371894 -1.092702 -0.000314  
