 1 1 5  -35.224120 0.778226 -0.830987 0.000018 -35.231875 0.531359 -0.580790 0.000018 -35.242032 0.169820 -0.214405 0.000018 -35.243342 -0.192023 0.152152 0.000018 -35.236919 -0.438928 0.402352 0.000018  
 2 2 6  -36.161914 0.778228 -0.830808 0.000018 -36.169690 0.531367 -0.580575 0.000018 -36.179854 0.169839 -0.214128 0.000018 -36.181196 -0.191996 0.152158 0.000018 -36.174667 -0.438899 0.402340 0.000018  
 3 3 7  -36.749800 0.777889 -0.830770 0.000018 -36.757489 0.530973 -0.580533 0.000018 -36.767518 0.169382 -0.214075 0.000018 -36.769004 -0.191895 0.152070 0.000018 -36.762750 -0.438768 0.402283 0.000018  
 4 4 8  -35.811987 0.777890 -0.830991 0.000018 -35.819685 0.530977 -0.580797 0.000018 -35.829557 0.169364 -0.214441 0.000018 -35.831357 -0.191900 0.152162 0.000018 -35.824966 -0.438789 0.402360 0.000018  
 5 5 10  -23.716493 0.125579 -0.312386 0.000019 -23.720029 0.032009 -0.150583 0.000019 -23.723328 -0.105078 0.086420 0.000019 -23.719293 -0.242171 0.323404 0.000019 -23.715792 -0.335766 0.485216 0.000019  
 6 6 11  -24.116399 0.125573 -0.312399 0.000019 -24.119947 0.031999 -0.150548 0.000019 -24.123146 -0.105068 0.086392 0.000019 -24.119116 -0.242199 0.323381 0.000019 -24.115566 -0.335790 0.485226 0.000019  
 7 7 12  -24.276753 0.125647 -0.312375 0.000019 -24.280282 0.031998 -0.150522 0.000019 -24.283426 -0.105012 0.086392 0.000019 -24.279708 -0.242131 0.323373 0.000019 -24.276117 -0.335793 0.485222 0.000019  
 8 8 118  -23.879363 0.147140 -0.349559 0.000019 -23.879741 0.137780 -0.333376 0.000019 -23.880288 0.124072 -0.309678 0.000019 -23.880827 0.110364 -0.285979 0.000019 -23.881192 0.101004 -0.269796 0.000019  
 9 10 15  -11.955103 -0.113282 0.051721 0.000006 -11.956749 -0.092089 0.066943 0.000006 -11.957370 -0.061105 0.089259 0.000006 -11.955252 -0.030086 0.111576 0.000006 -11.953417 -0.008882 0.126798 0.000006  
 10 11 16  -12.040844 -0.113283 0.051702 0.000006 -12.042486 -0.092090 0.066939 0.000006 -12.043124 -0.061110 0.089238 0.000006 -12.041019 -0.030084 0.111563 0.000006 -12.039171 -0.008879 0.126802 0.000006  
 11 12 17  -12.043110 -0.113258 0.051711 0.000006 -12.044745 -0.092079 0.066946 0.000006 -12.045470 -0.061080 0.089237 0.000006 -12.043303 -0.030070 0.111555 0.000006 -12.041440 -0.008883 0.126793 0.000006  
 12 13 18  -11.957369 -0.113255 0.051729 0.000006 -11.959017 -0.092078 0.066948 0.000006 -11.959715 -0.061076 0.089261 0.000006 -11.957539 -0.030073 0.111570 0.000006 -11.955687 -0.008887 0.126790 0.000006  
 13 5 6  0.000000 -0.742970 -0.000000 -0.000015 0.000000 -0.441498 -0.000000 -0.000015 0.000000 -0.000027 0.000000 -0.000015 0.000000 0.441443 0.000000 -0.000015 0.000000 0.742916 0.000000 -0.000015  
 14 6 7  0.000000 -0.590288 -0.000000 0.000053 0.000000 -0.350778 -0.000000 0.000053 0.000000 -0.000043 0.000000 0.000053 0.000000 0.350692 0.000000 0.000053 0.000000 0.590202 0.000000 0.000053  
 15 7 8  0.000000 -0.742914 0.000000 -0.000009 0.000000 -0.441443 0.000000 -0.000009 0.000000 0.000027 0.000000 -0.000009 0.000000 0.441497 -0.000000 -0.000009 0.000000 0.742969 -0.000000 -0.000009  
 16 8 5  0.000000 -0.590204 0.000000 -0.000000 0.000000 -0.350693 0.000000 -0.000000 0.000000 0.000043 0.000000 -0.000000 0.000000 0.350778 -0.000000 -0.000000 0.000000 0.590289 -0.000000 -0.000000  
 17 10 11  0.000000 -0.433782 -0.000000 0.000010 0.000000 -0.257765 -0.000000 0.000010 0.000000 -0.000008 0.000000 0.000010 0.000000 0.257748 0.000000 0.000010 0.000000 0.433765 0.000000 0.000010  
 18 11 12  0.000000 -0.218372 -0.000000 0.000012 0.000000 -0.129764 -0.000000 0.000012 0.000000 -0.000009 0.000000 0.000012 0.000000 0.129746 0.000000 0.000012 0.000000 0.218353 0.000000 0.000012  
 19 12 13  0.000000 -0.433763 0.000000 0.000012 0.000000 -0.257747 0.000000 0.000012 0.000000 0.000008 0.000000 0.000012 0.000000 0.257764 -0.000000 0.000012 0.000000 0.433780 -0.000000 0.000012  
 20 13 10  0.000000 -0.218355 0.000000 0.000001 0.000000 -0.129747 0.000000 0.000001 0.000000 0.000009 0.000000 0.000001 0.000000 0.129765 -0.000000 0.000001 0.000000 0.218373 -0.000000 0.000001  
 21 15 16  0.000000 -0.118428 -0.000000 0.000000 0.000000 -0.070374 -0.000000 0.000000 0.000000 -0.000004 0.000000 0.000000 0.000000 0.070365 0.000000 0.000000 0.000000 0.118419 0.000000 0.000000  
 22 16 17  0.000000 -0.003170 -0.000000 0.000005 0.000000 -0.001885 -0.000000 0.000005 0.000000 -0.000004 0.000000 0.000005 0.000000 0.001877 0.000000 0.000005 0.000000 0.003162 0.000000 0.000005  
 23 17 18  0.000000 -0.118417 0.000000 -0.000001 0.000000 -0.070364 0.000000 -0.000001 0.000000 0.000004 0.000000 -0.000001 0.000000 0.070373 -0.000000 -0.000001 0.000000 0.118426 -0.000000 -0.000001  
 24 18 15  0.000000 -0.003164 0.000000 0.000004 0.000000 -0.001878 0.000000 0.000004 0.000000 0.000004 0.000000 0.000004 0.000000 0.001886 -0.000000 0.000004 0.000000 0.003172 -0.000000 0.000004  
 118 118 128  -23.879409 0.096227 -0.261538 0.000019 -23.879768 0.086866 -0.245355 0.000019 -23.880288 0.073158 -0.221656 0.000019 -23.880800 0.059451 -0.197958 0.000019 -23.881145 0.050090 -0.181775 0.000019  
 128 128 138  -23.879467 0.045314 -0.173516 0.000019 -23.879806 0.035952 -0.157333 0.000019 -23.880288 0.022245 -0.133635 0.000019 -23.880763 0.008537 -0.109936 0.000019 -23.881083 -0.000824 -0.093753 0.000019  
 138 138 148  -23.879530 -0.005598 -0.085495 0.000019 -23.879846 -0.014961 -0.069312 0.000019 -23.880298 -0.028671 -0.045614 0.000019 -23.880727 -0.042378 -0.021915 0.000019 -23.880989 -0.051733 -0.005732 0.000019  
 148 148 158  -23.879882 -0.056505 0.002533 0.000019 -23.880091 -0.065876 0.018708 0.000019 -23.880335 -0.079589 0.042404 0.000019 -23.880486 -0.093290 0.066106 0.000019 -23.880539 -0.102644 0.082295 0.000019  
 158 158 168  -23.880740 -0.107439 0.090542 0.000019 -23.880624 -0.116785 0.106732 0.000019 -23.880324 -0.130492 0.130433 0.000019 -23.879961 -0.144205 0.154128 0.000019 -23.879692 -0.153570 0.170307 0.000019  
 168 168 178  -23.881011 -0.158342 0.178569 0.000019 -23.880727 -0.167702 0.194752 0.000019 -23.880293 -0.181410 0.218451 0.000019 -23.879842 -0.195118 0.242149 0.000019 -23.879528 -0.204478 0.258332 0.000019  
 178 178 188  -23.881099 -0.209254 0.266590 0.000019 -23.880775 -0.218616 0.282774 0.000019 -23.880291 -0.232324 0.306473 0.000019 -23.879793 -0.246031 0.330171 0.000019 -23.879448 -0.255391 0.346353 0.000019  
 188 188 198  -23.881161 -0.260169 0.354612 0.000019 -23.880810 -0.269530 0.370795 0.000019 -23.880288 -0.283237 0.394494 0.000019 -23.879758 -0.296945 0.418192 0.000019 -23.879392 -0.306306 0.434375 0.000019  
 198 198 13  -23.881205 -0.311082 0.442634 0.000019 -23.880835 -0.320443 0.458817 0.000019 -23.880287 -0.334151 0.482515 0.000019 -23.879733 -0.347859 0.506214 0.000019 -23.879351 -0.357219 0.522397 0.000019  
