 1 1 5  -35.806842 0.769023 0.197877 0.000021 -35.811383 0.538643 0.148341 0.000021 -35.817308 0.201232 0.075822 0.000021 -35.818213 -0.136393 0.003587 0.000021 -35.814570 -0.366856 -0.045870 0.000021  
 2 2 6  -35.176599 0.768985 0.198106 0.000021 -35.181189 0.538611 0.148604 0.000021 -35.187276 0.201205 0.076155 0.000021 -35.188496 -0.136348 0.003541 0.000021 -35.184548 -0.366802 -0.045943 0.000021  
 3 3 7  -36.177398 0.768867 0.198175 0.000021 -36.182065 0.538476 0.148666 0.000021 -36.188271 0.201045 0.076198 0.000021 -36.189437 -0.136324 0.003459 0.000021 -36.185522 -0.366769 -0.046026 0.000021  
 4 4 8  -36.807502 0.768900 0.197932 0.000021 -36.812133 0.538506 0.148386 0.000021 -36.818246 0.201070 0.075849 0.000021 -36.819470 -0.136355 0.003586 0.000021 -36.815545 -0.366806 -0.045918 0.000021  
 5 5 10  -23.970970 0.305783 0.209129 0.000009 -23.973133 0.157597 0.136032 0.000009 -23.975006 -0.059485 0.029086 0.000009 -23.972626 -0.276514 -0.077896 0.000009 -23.970374 -0.424686 -0.150991 0.000009  
 6 6 11  -23.528750 0.305780 0.209077 0.000009 -23.530924 0.157598 0.136033 0.000009 -23.533041 -0.059480 0.029049 0.000009 -23.530416 -0.276505 -0.077943 0.000009 -23.528154 -0.424676 -0.150990 0.000009  
 7 7 12  -24.024964 0.305801 0.209091 0.000009 -24.027186 0.157592 0.136046 0.000009 -24.029269 -0.059454 0.029013 0.000009 -24.026595 -0.276481 -0.077959 0.000009 -24.024319 -0.424673 -0.151008 0.000009  
 8 8 118  -24.468612 0.339831 0.225896 0.000009 -24.468847 0.325011 0.218590 0.000009 -24.469188 0.303307 0.207891 0.000009 -24.469525 0.281603 0.197192 0.000009 -24.469752 0.266782 0.189886 0.000009  
 9 10 15  -12.017768 0.054870 0.200051 0.000001 -12.018617 0.000867 0.107348 0.000001 -12.018929 -0.078219 -0.028390 0.000001 -12.017762 -0.157292 -0.164148 0.000001 -12.016811 -0.211282 -0.256858 0.000001  
 10 11 16  -11.833716 0.054873 0.200028 0.000001 -11.834562 0.000870 0.107341 0.000001 -11.834869 -0.078218 -0.028415 0.000001 -11.833706 -0.157293 -0.164159 0.000001 -11.832752 -0.211284 -0.256853 0.000001  
 11 12 17  -11.981403 0.054885 0.200026 0.000001 -11.982264 0.000878 0.107338 0.000001 -11.982544 -0.078205 -0.028417 0.000001 -11.981379 -0.157288 -0.164160 0.000001 -11.980419 -0.211286 -0.256854 0.000001  
 12 13 18  -12.165457 0.054882 0.200049 0.000001 -12.166319 0.000875 0.107344 0.000001 -12.166615 -0.078207 -0.028392 0.000001 -12.165437 -0.157287 -0.164149 0.000001 -12.164480 -0.211284 -0.256859 0.000001  
 13 5 6  0.000000 0.259433 -0.000000 -0.000028 0.000000 0.154148 -0.000000 -0.000028 0.000000 -0.000030 0.000000 -0.000028 0.000000 -0.154208 0.000000 -0.000028 0.000000 -0.259492 0.000000 -0.000028  
 14 6 7  0.000000 -0.697032 0.000000 0.000053 0.000000 -0.414196 0.000000 0.000053 0.000000 -0.000014 0.000000 0.000053 0.000000 0.414168 -0.000000 0.000053 0.000000 0.697004 -0.000000 0.000053  
 15 7 8  0.000000 0.259495 0.000000 -0.000020 0.000000 0.154209 0.000000 -0.000020 0.000000 0.000030 0.000000 -0.000020 0.000000 -0.154149 -0.000000 -0.000020 0.000000 -0.259436 -0.000000 -0.000020  
 16 8 5  0.000000 -0.697007 -0.000000 0.000019 0.000000 -0.414169 -0.000000 0.000019 0.000000 0.000014 0.000000 0.000019 0.000000 0.414197 0.000000 0.000019 0.000000 0.697035 0.000000 0.000019  
 17 10 11  0.000000 0.356415 0.000000 -0.000002 0.000000 0.211786 0.000000 -0.000002 0.000000 -0.000008 0.000000 -0.000002 0.000000 -0.211801 -0.000000 -0.000002 0.000000 -0.356430 -0.000000 -0.000002  
 18 11 12  0.000000 -0.481337 -0.000000 0.000013 0.000000 -0.286021 -0.000000 0.000013 0.000000 -0.000004 0.000000 0.000013 0.000000 0.286014 0.000000 0.000013 0.000000 0.481330 0.000000 0.000013  
 19 12 13  0.000000 0.356434 -0.000000 -0.000002 0.000000 0.211803 -0.000000 -0.000002 0.000000 0.000008 0.000000 -0.000002 0.000000 -0.211787 0.000000 -0.000002 0.000000 -0.356418 0.000000 -0.000002  
 20 13 10  0.000000 -0.481333 0.000000 0.000006 0.000000 -0.286016 0.000000 0.000006 0.000000 0.000004 0.000000 0.000006 0.000000 0.286023 -0.000000 0.000006 0.000000 0.481340 -0.000000 0.000006  
 21 15 16  0.000000 0.254184 0.000000 0.000003 0.000000 0.151040 0.000000 0.000003 0.000000 -0.000003 0.000000 0.000003 0.000000 -0.151046 -0.000000 0.000003 0.000000 -0.254190 -0.000000 0.000003  
 22 16 17  0.000000 -0.203953 0.000000 -0.000001 0.000000 -0.121193 0.000000 -0.000001 0.000000 -0.000001 0.000000 -0.000001 0.000000 0.121191 -0.000000 -0.000001 0.000000 0.203951 -0.000000 -0.000001  
 23 17 18  0.000000 0.254193 -0.000000 0.000003 0.000000 0.151047 -0.000000 0.000003 0.000000 0.000003 0.000000 0.000003 0.000000 -0.151042 0.000000 0.000003 0.000000 -0.254187 0.000000 0.000003  
 24 18 15  0.000000 -0.203954 -0.000000 -0.000001 0.000000 -0.121193 -0.000000 -0.000001 0.000000 0.000001 0.000000 -0.000001 0.000000 0.121195 0.000000 -0.000001 0.000000 0.203956 0.000000 -0.000001  
 118 118 128  -24.468641 0.259219 0.186158 0.000009 -24.468865 0.244398 0.178852 0.000009 -24.469188 0.222695 0.168153 0.000009 -24.469507 0.200991 0.157454 0.000009 -24.469723 0.186169 0.150148 0.000009  
 128 128 138  -24.468671 0.178606 0.146419 0.000009 -24.468883 0.163785 0.139113 0.000009 -24.469189 0.142082 0.128414 0.000009 -24.469489 0.120378 0.117715 0.000009 -24.469691 0.105557 0.110409 0.000009  
 138 138 148  -24.468723 0.097994 0.106681 0.000009 -24.468917 0.083173 0.099375 0.000009 -24.469194 0.061469 0.088676 0.000009 -24.469456 0.039765 0.077977 0.000009 -24.469624 0.024945 0.070670 0.000009  
 148 148 158  -24.469047 0.017380 0.066956 0.000009 -24.469185 0.002560 0.059632 0.000009 -24.469222 -0.019142 0.048932 0.000009 -24.469208 -0.040848 0.038240 0.000009 -24.469193 -0.055669 0.030939 0.000009  
 158 158 168  -24.469428 -0.063231 0.027193 0.000009 -24.469394 -0.078052 0.019902 0.000009 -24.469220 -0.099757 0.009204 0.000009 -24.468993 -0.121460 -0.001501 0.000009 -24.468827 -0.136280 -0.008811 0.000009  
 168 168 178  -24.469649 -0.143844 -0.012535 0.000009 -24.469468 -0.158665 -0.019840 0.000009 -24.469193 -0.180369 -0.030539 0.000009 -24.468905 -0.202072 -0.041238 0.000009 -24.468702 -0.216893 -0.048545 0.000009  
 178 178 188  -24.469707 -0.224456 -0.052272 0.000009 -24.469499 -0.239278 -0.059579 0.000009 -24.469189 -0.260981 -0.070278 0.000009 -24.468874 -0.282685 -0.080977 0.000009 -24.468654 -0.297506 -0.088283 0.000009  
 188 188 198  -24.469742 -0.305069 -0.092011 0.000009 -24.469519 -0.319890 -0.099317 0.000009 -24.469189 -0.341594 -0.110016 0.000009 -24.468852 -0.363298 -0.120715 0.000009 -24.468620 -0.378118 -0.128021 0.000009  
 198 198 13  -24.469771 -0.385681 -0.131750 0.000009 -24.469536 -0.400503 -0.139055 0.000009 -24.469188 -0.422207 -0.149754 0.000009 -24.468836 -0.443910 -0.160453 0.000009 -24.468594 -0.458731 -0.167760 0.000009  
