 1 1 5  -42.274207 -2.922082 3.778108 0.039130 -40.998164 -2.155447 2.863099 0.039130 -40.895418 -0.741751 1.206667 0.039130 -40.898948 0.703692 -0.481169 0.039130 -40.862269 1.690839 -1.635136 0.039130  
 2 2 6  -35.702569 -2.778652 3.629612 0.039130 -33.839981 -2.079047 2.787002 0.039130 -33.273386 -0.743033 1.199196 0.039130 -33.280381 0.704649 -0.508065 0.039130 -33.242583 1.692405 -1.673782 0.039130  
 3 3 7  -33.291971 -2.722084 3.557484 0.039130 -31.207588 -2.040986 2.742187 0.039130 -30.375486 -0.741866 1.200476 0.039130 -30.380580 0.711679 -0.509061 0.039130 -30.370276 1.697983 -1.670215 0.039130  
 4 4 8  -39.773324 -2.877594 3.722328 0.039130 -38.284182 -2.134225 2.838965 0.039130 -38.043517 -0.740555 1.207898 0.039130 -38.051507 0.710667 -0.482117 0.039130 -38.012312 1.701310 -1.636685 0.039130  
 5 5 10  -26.700088 -0.872314 2.466182 0.022027 -26.543544 -0.374287 1.465696 0.022027 -26.563853 0.399567 -0.053542 0.022027 -26.541859 1.173713 -1.573148 0.022027 -27.207054 1.587190 -2.480911 0.022027  
 6 6 11  -22.587584 -0.820416 2.436485 0.022027 -22.016651 -0.374647 1.497079 0.022027 -22.038938 0.399762 -0.051569 0.022027 -22.116395 1.155148 -1.579945 0.022027 -23.260947 1.509202 -2.426699 0.022027  
 7 7 12  -21.756337 -0.821025 2.415064 0.022027 -21.067014 -0.383358 1.497649 0.022027 -21.086571 0.398767 -0.051845 0.022027 -21.214056 1.153165 -1.571710 0.022027 -22.460761 1.501226 -2.403346 0.022027  
 8 8 118  -26.009906 -0.986944 2.678343 0.022027 -25.880152 -0.938665 2.583388 0.022027 -25.711807 -0.867276 2.440106 0.022027 -25.592152 -0.790178 2.288112 0.022027 -25.532264 -0.735023 2.180157 0.022027  
 9 10 15  -12.753778 0.425022 1.367222 -0.005167 -12.480363 0.399797 0.648802 -0.005167 -12.486855 0.303897 -0.487198 -0.005167 -12.886100 0.180852 -1.538314 -0.005167 -14.175642 0.111236 -2.065142 -0.005167  
 10 11 16  -11.298667 0.399647 1.367719 -0.005167 -10.728942 0.399789 0.679006 -0.005167 -10.735150 0.303985 -0.495861 -0.005167 -11.505719 0.173392 -1.514174 -0.005167 -13.015930 0.106765 -2.036573 -0.005167  
 11 12 17  -11.233755 0.394037 1.366054 -0.005167 -10.654869 0.395523 0.679064 -0.005167 -10.661047 0.301691 -0.495978 -0.005167 -11.445850 0.172795 -1.511629 -0.005167 -12.961737 0.107305 -2.033367 -0.005167  
 12 13 18  -12.685857 0.419266 1.366264 -0.005167 -12.407300 0.395531 0.648852 -0.005167 -12.413397 0.301593 -0.487309 -0.005167 -12.823655 0.179975 -1.536330 -0.005167 -14.120969 0.111564 -2.062093 -0.005167  
 13 5 6  0.000000 4.150919 -0.000000 0.040124 0.000000 2.469113 -0.000000 0.040124 0.000000 0.006304 0.000000 0.040124 0.000000 -2.456505 0.000000 0.040124 0.000000 -4.138311 0.000000 0.040124  
 14 6 7  0.000000 2.579852 0.000000 -0.018570 0.000000 1.533668 0.000000 -0.018570 0.000000 0.001654 0.000000 -0.018570 0.000000 -1.530359 -0.000000 -0.018570 0.000000 -2.576543 -0.000000 -0.018570  
 15 7 8  0.000000 4.137784 0.000000 0.042660 0.000000 2.456192 0.000000 0.042660 0.000000 -0.006304 0.000000 0.042660 0.000000 -2.468800 -0.000000 0.042660 0.000000 -4.150392 -0.000000 0.042660  
 16 8 5  0.000000 2.577070 -0.000000 -0.014331 0.000000 1.530673 -0.000000 -0.014331 0.000000 -0.001654 0.000000 -0.014331 0.000000 -1.533981 0.000000 -0.014331 0.000000 -2.580379 0.000000 -0.014331  
 17 10 11  0.000000 3.908409 0.000000 0.023416 0.000000 2.324460 0.000000 0.023416 0.000000 0.004950 0.000000 0.023416 0.000000 -2.314560 -0.000000 0.023416 0.000000 -3.898509 -0.000000 0.023416  
 18 11 12  0.000000 1.161541 -0.000000 -0.010474 0.000000 0.690661 -0.000000 -0.010474 0.000000 0.001112 0.000000 -0.010474 0.000000 -0.688437 0.000000 -0.010474 0.000000 -1.159317 0.000000 -0.010474  
 19 12 13  0.000000 3.898101 -0.000000 0.019006 0.000000 2.314317 -0.000000 0.019006 0.000000 -0.004950 0.000000 0.019006 0.000000 -2.324218 0.000000 0.019006 0.000000 -3.908002 0.000000 0.019006  
 20 13 10  0.000000 1.159724 0.000000 -0.014898 0.000000 0.688679 0.000000 -0.014898 0.000000 -0.001112 0.000000 -0.014898 0.000000 -0.690903 -0.000000 -0.014898 0.000000 -1.161949 -0.000000 -0.014898  
 21 15 16  0.000000 2.161220 0.000000 0.000493 0.000000 1.288491 0.000000 0.000493 0.000000 0.010481 0.000000 0.000493 0.000000 -1.267529 -0.000000 0.000493 0.000000 -2.140258 -0.000000 0.000493  
 22 16 17  0.000000 0.092640 -0.000000 -0.001421 0.000000 0.054874 -0.000000 -0.001421 0.000000 -0.000431 0.000000 -0.001421 0.000000 -0.055735 0.000000 -0.001421 0.000000 -0.093502 0.000000 -0.001421  
 23 17 18  0.000000 2.139841 -0.000000 0.000372 0.000000 1.267281 -0.000000 0.000372 0.000000 -0.010481 0.000000 0.000372 0.000000 -1.288243 0.000000 0.000372 0.000000 -2.160802 0.000000 0.000372  
 24 18 15  0.000000 0.093919 0.000000 -0.001140 0.000000 0.055983 0.000000 -0.001140 0.000000 0.000431 0.000000 -0.001140 0.000000 -0.055122 -0.000000 -0.001140 0.000000 -0.093058 -0.000000 -0.001140  
 118 118 128  -25.749330 -0.710691 2.132663 0.022027 -25.732387 -0.662921 2.035208 0.022027 -25.734446 -0.587943 1.886927 0.022027 -25.738551 -0.512539 1.738173 0.022027 -25.741240 -0.461043 1.636589 0.022027  
 128 128 138  -25.732244 -0.435814 1.585916 0.022027 -25.734459 -0.384877 1.484946 0.022027 -25.737588 -0.310283 1.337088 0.022027 -25.740571 -0.235685 1.189230 0.022027 -25.742513 -0.184737 1.088259 0.022027  
 138 138 148  -25.733208 -0.158748 1.036736 0.022027 -25.735046 -0.107807 0.935766 0.022027 -25.737592 -0.033211 0.787907 0.022027 -25.739987 0.041386 0.640049 0.022027 -25.741537 0.092327 0.539080 0.022027  
 148 148 158  -25.734991 0.118311 0.487590 0.022027 -25.736416 0.169252 0.386595 0.022027 -25.738054 0.243878 0.238687 0.022027 -25.738670 0.318462 0.090863 0.022027 -25.738537 0.369366 -0.010049 0.022027  
 158 158 168  -25.740439 0.395387 -0.061627 0.022027 -25.739443 0.446332 -0.162594 0.022027 -25.737630 0.520931 -0.310454 0.022027 -25.735621 0.595525 -0.458312 0.022027 -25.734152 0.646462 -0.559282 0.022027  
 168 168 178  -25.741655 0.672462 -0.610810 0.022027 -25.740057 0.723400 -0.711775 0.022027 -25.737578 0.797996 -0.859632 0.022027 -25.734975 0.872594 -1.007493 0.022027 -25.733125 0.923536 -1.108465 0.022027  
 178 178 188  -25.740095 0.948825 -1.159269 0.022027 -25.738143 1.000249 -1.260730 0.022027 -25.735176 1.075549 -1.409307 0.022027 -25.732028 1.150837 -1.557875 0.022027 -25.750273 1.198225 -1.655211 0.022027  
 188 188 198  -25.574711 1.222227 -1.704064 0.022027 -25.619309 1.278394 -1.810857 0.022027 -25.720823 1.354445 -1.961029 0.022027 -25.846628 1.427278 -2.106588 0.022027 -25.958671 1.473673 -2.201703 0.022027  
 198 198 13  -25.296522 1.501378 -2.254913 0.022027 -25.459256 1.554968 -2.359452 0.022027 -25.719290 1.630621 -2.509861 0.022027 -26.013819 1.703832 -2.655023 0.022027 -26.226123 1.752848 -2.752744 0.022027  
