 1 1 5  -41.719669 -1.744091 3.929138 -0.016466 -41.170882 -1.390782 2.827800 -0.016466 -41.227884 -0.728883 1.041836 -0.016466 -41.231979 -0.068032 -0.742234 -0.016466 -41.201068 0.383648 -1.961697 -0.016466  
 2 2 6  -37.161380 -1.683327 3.849607 -0.016466 -36.216638 -1.376913 2.816181 -0.016466 -36.190813 -0.730070 1.039391 -0.016466 -36.198088 -0.067266 -0.754799 -0.016466 -36.164565 0.385038 -1.979763 -0.016466  
 3 3 7  -32.180506 -1.610570 3.715828 -0.016466 -30.760296 -1.336576 2.763418 -0.016466 -30.455158 -0.725797 1.040551 -0.016466 -30.461601 -0.051932 -0.755415 -0.016466 -30.430776 0.407281 -1.980859 -0.016466  
 4 4 8  -36.597043 -1.683514 3.828342 -0.016466 -35.599662 -1.376969 2.808747 -0.016466 -35.554724 -0.724621 1.043007 -0.016466 -35.562753 -0.052753 -0.743026 -0.016466 -35.529329 0.405790 -1.962930 -0.016466  
 5 5 10  -27.238506 -2.078188 1.553825 -0.027087 -26.983997 -1.353845 0.813965 -0.027087 -26.998546 -0.215625 -0.342474 -0.027087 -26.979096 0.922754 -1.498928 -0.027087 -27.371169 1.626544 -2.209947 -0.027087  
 6 6 11  -25.021593 -2.046224 1.543169 -0.027087 -24.587207 -1.354326 0.826863 -0.027087 -24.604078 -0.215481 -0.339625 -0.027087 -24.582494 0.923385 -1.505926 -0.027087 -25.190535 1.593099 -2.185022 -0.027087  
 7 7 12  -21.548742 -2.008479 1.480241 -0.027087 -20.694119 -1.374216 0.827072 -0.027087 -20.707997 -0.213535 -0.339781 -0.027087 -20.739684 0.937414 -1.496155 -0.027087 -21.773132 1.561668 -2.105941 -0.027087  
 8 8 118  -23.697647 -2.257555 1.696773 -0.027087 -23.517860 -2.184471 1.623974 -0.027087 -23.265478 -2.076182 1.516017 -0.027087 -23.052695 -1.962909 1.403040 -0.027087 -22.919596 -1.883663 1.324563 -0.027087  
 9 10 15  -13.029088 -1.536069 0.185833 -0.001444 -12.660271 -0.825620 -0.046580 -0.001444 -12.664061 0.327617 -0.424257 -0.001444 -13.187622 1.380274 -0.721366 -0.001444 -14.465928 1.940963 -0.851246 -0.001444  
 10 11 16  -12.449588 -1.515699 0.189615 -0.001444 -11.975440 -0.825674 -0.041493 -0.001444 -11.979079 0.327707 -0.425252 -0.001444 -12.598935 1.363739 -0.716273 -0.001444 -13.945311 1.915172 -0.848523 -0.001444  
 11 12 17  -11.180415 -1.495065 0.182920 -0.001444 -10.339129 -0.853310 -0.041440 -0.001444 -10.342873 0.332399 -0.425346 -0.001444 -11.269615 1.348366 -0.683485 -0.001444 -12.811440 1.892962 -0.817105 -0.001444  
 12 13 18  -11.745505 -1.519723 0.177414 -0.001444 -11.035953 -0.853245 -0.046524 -0.001444 -11.039737 0.332296 -0.424338 -0.001444 -11.838530 1.369498 -0.689829 -0.001444 -13.324197 1.920830 -0.820343 -0.001444  
 13 5 6  0.000000 3.607620 -0.000000 0.016705 0.000000 2.144846 -0.000000 0.016705 0.000000 0.002783 0.000000 0.016705 0.000000 -2.139280 0.000000 0.016705 0.000000 -3.602054 0.000000 0.016705  
 14 6 7  0.000000 2.494794 0.000000 -0.039427 0.000000 1.483927 0.000000 -0.039427 0.000000 0.003631 0.000000 -0.039427 0.000000 -1.476666 -0.000000 -0.039427 0.000000 -2.487533 -0.000000 -0.039427  
 15 7 8  0.000000 3.601342 0.000000 0.018648 0.000000 2.138857 0.000000 0.018648 0.000000 -0.002783 0.000000 0.018648 0.000000 -2.144423 -0.000000 0.018648 0.000000 -3.606908 -0.000000 0.018648  
 16 8 5  0.000000 2.488245 -0.000000 -0.035099 0.000000 1.477090 -0.000000 -0.035099 0.000000 -0.003631 0.000000 -0.035099 0.000000 -1.484351 0.000000 -0.035099 0.000000 -2.495507 0.000000 -0.035099  
 17 10 11  0.000000 2.374861 -0.000000 0.018346 0.000000 1.411545 -0.000000 0.018346 0.000000 0.000880 0.000000 0.018346 0.000000 -1.409785 0.000000 0.018346 0.000000 -2.373102 0.000000 0.018346  
 18 11 12  0.000000 3.203651 0.000000 -0.033581 0.000000 1.905674 0.000000 -0.033581 0.000000 0.004937 0.000000 -0.033581 0.000000 -1.895799 -0.000000 -0.033581 0.000000 -3.193777 -0.000000 -0.033581  
 19 12 13  0.000000 2.372474 0.000000 0.017650 0.000000 1.409412 0.000000 0.017650 0.000000 -0.000880 0.000000 0.017650 0.000000 -1.411172 -0.000000 0.017650 0.000000 -2.374234 -0.000000 0.017650  
 20 13 10  0.000000 3.194404 -0.000000 -0.036240 0.000000 1.896172 -0.000000 -0.036240 0.000000 -0.004937 0.000000 -0.036240 0.000000 -1.906047 0.000000 -0.036240 0.000000 -3.204279 0.000000 -0.036240  
 21 15 16  0.000000 0.871020 -0.000000 0.012485 0.000000 0.518168 -0.000000 0.012485 0.000000 0.001457 0.000000 0.012485 0.000000 -0.515255 0.000000 0.012485 0.000000 -0.868107 0.000000 0.012485  
 22 16 17  0.000000 2.024333 -0.000000 -0.017419 0.000000 1.206117 -0.000000 -0.017419 0.000000 0.007936 0.000000 -0.017419 0.000000 -1.190246 0.000000 -0.017419 0.000000 -2.008462 0.000000 -0.017419  
 23 17 18  0.000000 0.867333 0.000000 0.014815 0.000000 0.514795 0.000000 0.014815 0.000000 -0.001457 0.000000 0.014815 0.000000 -0.517708 -0.000000 0.014815 0.000000 -0.870246 -0.000000 0.014815  
 24 18 15  0.000000 2.009235 0.000000 -0.017091 0.000000 1.190706 0.000000 -0.017091 0.000000 -0.007936 0.000000 -0.017091 0.000000 -1.206577 -0.000000 -0.017091 0.000000 -2.025107 -0.000000 -0.017091  
 118 118 128  -23.431196 -1.842934 1.284234 -0.027087 -23.352703 -1.772817 1.213723 -0.027087 -23.264909 -1.665242 1.106398 -0.027087 -23.211452 -1.551501 0.993330 -0.027087 -23.200341 -1.468747 0.911374 -0.027087  
 128 128 138  -23.280966 -1.436140 0.878448 -0.027087 -23.282734 -1.360369 0.802964 -0.027087 -23.285233 -1.249410 0.692427 -0.027087 -23.287635 -1.138450 0.581889 -0.027087 -23.289218 -1.062676 0.506406 -0.027087  
 138 138 148  -23.281612 -1.024008 0.467886 -0.027087 -23.283124 -0.948239 0.392402 -0.027087 -23.285250 -0.837282 0.281866 -0.027087 -23.287267 -0.726323 0.171333 -0.027087 -23.288486 -0.650540 0.095838 -0.027087  
 148 148 158  -23.283327 -0.611903 0.057370 -0.027087 -23.284319 -0.536115 -0.018153 -0.027087 -23.285576 -0.425128 -0.128736 -0.027087 -23.286130 -0.314175 -0.239238 -0.027087 -23.285871 -0.238465 -0.314659 -0.027087  
 158 158 168  -23.287695 -0.199765 -0.353240 -0.027087 -23.286811 -0.123977 -0.428716 -0.027087 -23.285291 -0.013012 -0.539254 -0.027087 -23.283573 0.097939 -0.649795 -0.027087 -23.282319 0.173703 -0.725277 -0.027087  
 168 168 178  -23.288727 0.212382 -0.763801 -0.027087 -23.287374 0.288151 -0.839279 -0.027087 -23.285264 0.399107 -0.949812 -0.027087 -23.283001 0.510069 -1.060353 -0.027087 -23.281372 0.585846 -1.135844 -0.027087  
 178 178 188  -23.288285 0.624148 -1.173978 -0.027087 -23.286569 0.700166 -1.249720 -0.027087 -23.283973 0.811486 -1.360636 -0.027087 -23.281263 0.922804 -1.471551 -0.027087 -23.290048 0.996750 -1.545112 -0.027087  
 188 188 198  -23.127310 1.031990 -1.579785 -0.027087 -23.169865 1.113152 -1.661092 -0.027087 -23.267423 1.226021 -1.774026 -0.027087 -23.391370 1.334987 -1.882236 -0.027087 -23.504088 1.405555 -1.951743 -0.027087  
 198 198 13  -22.843319 1.446184 -1.992902 -0.027087 -23.006505 1.525083 -2.071299 -0.027087 -23.272124 1.636853 -2.183110 -0.027087 -23.558330 1.746661 -2.292276 -0.027087 -23.769521 1.820057 -2.365061 -0.027087  
