 1 1 5  -37.486063 -0.365148 2.211355 0.000284 -37.513715 -0.274153 1.522208 0.000284 -37.546305 -0.140733 0.512983 0.000284 -37.548317 -0.008065 -0.495224 0.000284 -37.528992 0.083064 -1.184283 0.000284  
 2 2 6  -35.572752 -0.365921 2.212481 0.000284 -35.600535 -0.274813 1.523363 0.000284 -35.633620 -0.141256 0.514141 0.000284 -35.636804 -0.007619 -0.495394 0.000284 -35.615998 0.083617 -1.184594 0.000284  
 3 3 7  -34.426611 -0.366661 2.213560 0.000284 -34.454105 -0.275546 1.524281 0.000284 -34.486324 -0.141991 0.514791 0.000284 -34.488870 -0.007414 -0.495986 0.000284 -34.469280 0.083859 -1.185430 0.000284  
 4 4 8  -36.338903 -0.365861 2.212478 0.000284 -36.366474 -0.274878 1.523157 0.000284 -36.399249 -0.141515 0.513617 0.000284 -36.402228 -0.007879 -0.495775 0.000284 -36.381814 0.083299 -1.185120 0.000284  
 5 5 10  -24.699007 -0.392218 0.526521 0.000083 -24.708737 -0.253121 0.197659 0.000083 -24.716384 -0.049656 -0.283419 0.000083 -24.706382 0.153931 -0.764739 0.000083 -24.696643 0.292982 -1.093513 0.000083  
 6 6 11  -24.079287 -0.392510 0.526433 0.000083 -24.089139 -0.253345 0.197751 0.000083 -24.098155 -0.049583 -0.283623 0.000083 -24.086820 0.154116 -0.764825 0.000083 -24.076915 0.293209 -1.093399 0.000083  
 7 7 12  -23.283292 -0.392361 0.526740 0.000083 -23.293030 -0.253290 0.198021 0.000083 -23.301074 -0.049410 -0.283738 0.000083 -23.290762 0.154217 -0.765117 0.000083 -23.280904 0.293214 -1.093730 0.000083  
 8 8 118  -23.908869 -0.423988 0.602262 0.000083 -23.909966 -0.410088 0.569381 0.000083 -23.911540 -0.389733 0.521231 0.000083 -23.913076 -0.369378 0.473082 0.000083 -23.914105 -0.355478 0.440201 0.000083  
 9 10 15  -12.187567 -0.345913 -0.305867 0.000025 -12.192646 -0.183196 -0.262902 0.000025 -12.194811 0.055025 -0.199876 0.000025 -12.188597 0.293281 -0.136944 0.000025 -12.182316 0.455977 -0.093982 0.000025  
 10 11 16  -12.133098 -0.345950 -0.305894 0.000025 -12.138218 -0.183219 -0.262890 0.000025 -12.140328 0.055049 -0.199921 0.000025 -12.134106 0.293335 -0.136997 0.000025 -12.127814 0.456040 -0.093987 0.000025  
 11 12 17  -11.806622 -0.345901 -0.305825 0.000025 -11.811727 -0.183196 -0.262837 0.000025 -11.813810 0.055095 -0.199961 0.000025 -11.807633 0.293357 -0.137060 0.000025 -11.801363 0.456034 -0.094066 0.000025  
 12 13 18  -11.861125 -0.345867 -0.305799 0.000025 -11.866214 -0.183175 -0.262852 0.000025 -11.868374 0.055076 -0.199915 0.000025 -11.862157 0.293302 -0.137007 0.000025 -11.855880 0.455972 -0.094061 0.000025  
 13 5 6  0.000000 1.786089 0.000000 -0.000461 0.000000 1.061272 0.000000 -0.000461 0.000000 -0.000138 0.000000 -0.000461 0.000000 -1.061548 -0.000000 -0.000461 0.000000 -1.786365 -0.000000 -0.000461  
 14 6 7  0.000000 0.484222 0.000000 0.000631 0.000000 0.287705 0.000000 0.000631 0.000000 -0.000072 0.000000 0.000631 0.000000 -0.287849 -0.000000 0.000631 0.000000 -0.484366 -0.000000 0.000631  
 15 7 8  0.000000 1.786391 -0.000000 -0.000468 0.000000 1.061564 -0.000000 -0.000468 0.000000 0.000138 0.000000 -0.000468 0.000000 -1.061288 0.000000 -0.000468 0.000000 -1.786115 0.000000 -0.000468  
 16 8 5  0.000000 0.484340 -0.000000 0.000618 0.000000 0.287833 -0.000000 0.000618 0.000000 0.000072 0.000000 0.000618 0.000000 -0.287689 0.000000 0.000618 0.000000 -0.484196 0.000000 0.000618  
 17 10 11  0.000000 0.779933 0.000000 -0.000167 0.000000 0.463441 0.000000 -0.000167 0.000000 -0.000025 0.000000 -0.000167 0.000000 -0.463492 -0.000000 -0.000167 0.000000 -0.779984 -0.000000 -0.000167  
 18 11 12  0.000000 0.648851 -0.000000 0.000251 0.000000 0.385553 -0.000000 0.000251 0.000000 -0.000016 0.000000 0.000251 0.000000 -0.385585 0.000000 0.000251 0.000000 -0.648883 0.000000 0.000251  
 19 12 13  0.000000 0.780019 -0.000000 -0.000164 0.000000 0.463513 -0.000000 -0.000164 0.000000 0.000025 0.000000 -0.000164 0.000000 -0.463462 0.000000 -0.000164 0.000000 -0.779969 0.000000 -0.000164  
 20 13 10  0.000000 0.648847 0.000000 0.000250 0.000000 0.385564 0.000000 0.000250 0.000000 0.000016 0.000000 0.000250 0.000000 -0.385532 -0.000000 0.000250 0.000000 -0.648816 -0.000000 0.000250  
 21 15 16  0.000000 0.075222 0.000000 -0.000020 0.000000 0.044689 0.000000 -0.000020 0.000000 -0.000022 0.000000 -0.000020 0.000000 -0.044734 -0.000000 -0.000020 0.000000 -0.075267 -0.000000 -0.000020  
 22 16 17  0.000000 0.450862 -0.000000 0.000034 0.000000 0.267909 -0.000000 0.000034 0.000000 -0.000006 0.000000 0.000034 0.000000 -0.267920 0.000000 0.000034 0.000000 -0.450874 0.000000 0.000034  
 23 17 18  0.000000 0.075303 -0.000000 -0.000019 0.000000 0.044755 -0.000000 -0.000019 0.000000 0.000022 0.000000 -0.000019 0.000000 -0.044710 0.000000 -0.000019 0.000000 -0.075258 0.000000 -0.000019  
 24 18 15  0.000000 0.450839 0.000000 0.000033 0.000000 0.267899 0.000000 0.000033 0.000000 0.000006 0.000000 0.000033 0.000000 -0.267887 -0.000000 0.000033 0.000000 -0.450827 -0.000000 0.000033  
 118 118 128  -23.909108 -0.348386 0.423424 0.000083 -23.910110 -0.334485 0.390542 0.000083 -23.911544 -0.314130 0.342391 0.000083 -23.912932 -0.293775 0.294243 0.000083 -23.913856 -0.279876 0.261363 0.000083  
 128 128 138  -23.909365 -0.272783 0.244583 0.000083 -23.910261 -0.258882 0.211703 0.000083 -23.911540 -0.238527 0.163553 0.000083 -23.912781 -0.218173 0.115403 0.000083 -23.913609 -0.204273 0.082523 0.000083  
 138 138 148  -23.909630 -0.197179 0.065745 0.000083 -23.910431 -0.183280 0.032864 0.000083 -23.911552 -0.162926 -0.015287 0.000083 -23.912616 -0.142570 -0.063436 0.000083 -23.913306 -0.128670 -0.096315 0.000083  
 148 148 158  -23.910399 -0.121580 -0.113070 0.000083 -23.911024 -0.107680 -0.145978 0.000083 -23.911764 -0.087315 -0.194146 0.000083 -23.912136 -0.066972 -0.242267 0.000083 -23.911799 -0.053068 -0.275142 0.000083  
 158 158 168  -23.913007 -0.045981 -0.291941 0.000083 -23.912474 -0.032073 -0.324812 0.000083 -23.911570 -0.011717 -0.372961 0.000083 -23.910578 0.008635 -0.421115 0.000083 -23.909875 0.022531 -0.453998 0.000083  
 168 168 178  -23.913418 0.029625 -0.470774 0.000083 -23.912674 0.043528 -0.503654 0.000083 -23.911545 0.063885 -0.551803 0.000083 -23.910369 0.084237 -0.599953 0.000083 -23.909541 0.098136 -0.632834 0.000083  
 178 178 188  -23.913673 0.105230 -0.649612 0.000083 -23.912818 0.119131 -0.682493 0.000083 -23.911536 0.139486 -0.730643 0.000083 -23.910224 0.159840 -0.778792 0.000083 -23.909310 0.173740 -0.811672 0.000083  
 188 188 198  -23.913873 0.180833 -0.828451 0.000083 -23.912937 0.194733 -0.861332 0.000083 -23.911540 0.215088 -0.909482 0.000083 -23.910104 0.235443 -0.957631 0.000083 -23.909103 0.249343 -0.990512 0.000083  
 198 198 13  -23.914243 0.256435 -1.007291 0.000083 -23.913161 0.270336 -1.040171 0.000083 -23.911541 0.290691 -1.088321 0.000083 -23.909881 0.311046 -1.136471 0.000083 -23.908726 0.324945 -1.169351 0.000083  
