 1 1 5  -73.196815 -15.539307 -10.000741 -0.293480 -52.216560 -10.699654 -6.859048 -0.293480 -21.100769 -3.519297 -2.163265 -0.293480 -26.868700 4.815350 3.152162 -0.293480 -48.199080 9.722738 6.345381 -0.293480  
 2 2 6  -85.737532 -16.393316 -10.290814 -0.293480 -65.279130 -11.568407 -7.232667 -0.293480 -36.972095 -4.233174 -2.706761 -0.293480 -41.236229 5.655177 3.344239 -0.293480 -61.022449 10.612779 6.453481 -0.293480  
 3 3 7  -67.084136 -15.424335 -9.604683 -0.293480 -45.227073 -10.322684 -6.540616 -0.293480 -12.569709 -2.744438 -1.978221 -0.293480 -21.051822 4.934030 2.653663 -0.293480 -43.326403 10.100325 5.768221 -0.293480  
 4 4 8  -52.761578 -14.345249 -9.237940 -0.293480 -30.861106 -9.232499 -6.059931 -0.293480 0.366326 -1.746101 -1.297696 -0.293480 -7.432881 3.803817 2.370042 -0.293480 -29.300471 8.982626 5.567263 -0.293480  
 5 5 10  -32.308605 -5.383530 -4.866734 -0.061373 -21.066679 -2.896562 -2.801920 -0.061373 -14.784807 1.732200 1.002132 -0.061373 -30.885331 5.380931 4.171929 -0.061373 -42.279019 7.820787 6.259173 -0.061373  
 6 6 11  -37.378935 -5.742117 -4.699549 -0.061373 -27.037849 -3.216624 -2.768752 -0.061373 -22.682797 1.907578 1.197356 -0.061373 -36.470324 5.732329 4.220563 -0.061373 -47.400303 8.184899 6.163763 -0.061373  
 7 7 12  -31.025075 -6.273486 -4.254616 -0.061373 -18.580758 -3.455683 -2.303311 -0.061373 -9.789185 1.344780 0.953048 -0.061373 -28.004200 5.543193 3.833118 -0.061373 -40.409142 8.351418 5.776418 -0.061373  
 8 8 118  -19.219611 -5.974202 -4.575252 -0.061373 -18.091606 -5.721445 -4.383478 -0.061373 -16.438416 -5.351062 -4.102204 -0.061373 -14.782122 -4.980220 -3.820535 -0.061373 -13.650305 -4.726617 -3.628173 -0.061373  
 9 10 15  -9.917327 -1.153620 -0.572190 -0.002633 -9.337350 -0.069822 0.080163 -0.002633 -11.182404 1.427630 0.952989 -0.002633 -15.433215 2.550558 1.612470 -0.002633 -18.427114 3.281537 2.059072 -0.002633  
 10 11 16  -11.382403 -1.226159 -0.396405 -0.002633 -11.238603 -0.068786 0.253556 -0.002633 -12.766094 1.475485 1.059729 -0.002633 -16.724370 2.624301 1.646181 -0.002633 -19.600102 3.362861 2.046318 -0.002633  
 11 12 17  -9.566654 -1.480361 -0.328857 -0.002633 -7.886734 -0.444870 0.252609 -0.002633 -9.940702 1.265570 0.997612 -0.002633 -14.622660 2.546287 1.569851 -0.002633 -17.903371 3.375471 1.970855 -0.002633  
 12 13 18  -8.375081 -1.392796 -0.483594 -0.002633 -6.063202 -0.446004 0.079111 -0.002633 -8.501126 1.212451 0.889924 -0.002633 -13.446506 2.469130 1.542882 -0.002633 -16.817285 3.297051 1.984645 -0.002633  
 13 5 6  0.000000 -10.744451 0.000000 -0.692005 0.000000 -6.349690 0.000000 -0.692005 0.000000 0.085928 0.000000 -0.692005 0.000000 6.521545 -0.000000 -0.692005 0.000000 10.916307 -0.000000 -0.692005  
 14 6 7  0.000000 16.218111 0.000000 0.627736 0.000000 9.742186 0.000000 0.627736 0.000000 0.258948 0.000000 0.627736 0.000000 -9.224289 -0.000000 0.627736 0.000000 -15.700214 -0.000000 0.627736  
 15 7 8  0.000000 -10.855819 -0.000000 -1.125351 0.000000 -6.485602 -0.000000 -1.125351 0.000000 -0.085928 0.000000 -1.125351 0.000000 6.313746 0.000000 -1.125351 0.000000 10.683963 0.000000 -1.125351  
 16 8 5  0.000000 15.639726 -0.000000 0.834465 0.000000 9.188346 -0.000000 0.834465 0.000000 -0.258948 0.000000 0.834465 0.000000 -9.706243 0.000000 0.834465 0.000000 -16.157622 0.000000 0.834465  
 17 10 11  0.000000 -6.390807 0.000000 -0.247748 0.000000 -3.779580 0.000000 -0.247748 0.000000 0.044258 0.000000 -0.247748 0.000000 3.868095 -0.000000 -0.247748 0.000000 6.479322 -0.000000 -0.247748  
 18 11 12  0.000000 9.401837 0.000000 0.289938 0.000000 5.624414 0.000000 0.289938 0.000000 0.092818 0.000000 0.289938 0.000000 -5.438779 -0.000000 0.289938 0.000000 -9.216202 -0.000000 0.289938  
 19 12 13  0.000000 -6.388725 -0.000000 -0.769815 0.000000 -3.814261 -0.000000 -0.769815 0.000000 -0.044258 0.000000 -0.769815 0.000000 3.725745 0.000000 -0.769815 0.000000 6.300209 0.000000 -0.769815  
 20 13 10  0.000000 9.125605 -0.000000 0.587389 0.000000 5.384944 -0.000000 0.587389 0.000000 -0.092818 0.000000 0.587389 0.000000 -5.570579 0.000000 0.587389 0.000000 -9.311240 0.000000 0.587389  
 21 15 16  0.000000 -2.071738 0.000000 -0.005647 0.000000 -1.234221 0.000000 -0.005647 0.000000 -0.007774 0.000000 -0.005647 0.000000 1.218672 -0.000000 -0.005647 0.000000 2.056189 -0.000000 -0.005647  
 22 16 17  0.000000 3.441370 0.000000 0.006693 0.000000 2.044632 0.000000 0.006693 0.000000 -0.000728 0.000000 0.006693 0.000000 -2.046088 -0.000000 0.006693 0.000000 -3.442826 -0.000000 0.006693  
 23 17 18  0.000000 -1.966555 -0.000000 -0.008346 0.000000 -1.165410 -0.000000 -0.008346 0.000000 0.007774 0.000000 -0.008346 0.000000 1.180958 0.000000 -0.008346 0.000000 1.982104 0.000000 -0.008346  
 24 18 15  0.000000 3.353192 -0.000000 0.006624 0.000000 1.992826 -0.000000 0.006624 0.000000 0.000728 0.000000 0.006624 0.000000 -1.991370 0.000000 0.006624 0.000000 -3.351736 0.000000 0.006624  
 118 118 128  -19.282523 -4.597514 -3.530025 -0.061373 -18.129508 -4.344817 -3.338170 -0.061373 -16.438470 -3.974390 -3.056933 -0.061373 -14.744361 -3.603497 -2.775354 -0.061373 -13.586978 -3.350042 -2.582792 -0.061373  
 128 128 138  -19.179250 -3.219762 -2.484701 -0.061373 -18.059707 -2.968008 -2.292855 -0.061373 -16.421675 -2.598681 -2.011734 -0.061373 -14.809371 -2.227254 -1.730221 -0.061373 -13.740257 -1.971612 -1.537251 -0.061373  
 138 138 148  -17.390374 -1.802357 -1.403693 -0.061373 -16.837658 -1.590852 -1.246469 -0.061373 -16.227197 -1.255303 -0.996234 -0.061373 -16.013969 -0.854420 -0.689370 -0.061373 -16.031351 -0.549018 -0.449596 -0.061373  
 148 148 158  -16.423615 -0.467535 -0.394106 -0.061373 -16.433448 -0.214889 -0.202484 -0.061373 -16.440639 0.155683 0.078848 -0.061373 -16.441521 0.526555 0.360648 -0.061373 -16.438457 0.779788 0.552747 -0.061373  
 158 158 168  -15.499936 0.858848 0.609755 -0.061373 -15.620743 1.174286 0.854065 -0.061373 -16.255125 1.558393 1.144250 -0.061373 -17.194430 1.900453 1.403625 -0.061373 -17.928373 2.124509 1.572901 -0.061373  
 168 168 178  -13.635694 2.284325 1.696275 -0.061373 -14.768078 2.538772 1.888092 -0.061373 -16.436292 2.909728 2.169560 -0.061373 -18.102203 3.280063 2.450853 -0.061373 -19.246287 3.531831 2.643573 -0.061373  
 178 178 188  -13.593852 3.661704 2.741000 -0.061373 -14.749207 3.915240 2.933476 -0.061373 -16.438594 4.286125 3.215054 -0.061373 -18.124965 4.656539 3.496311 -0.061373 -19.274739 4.909201 3.688211 -0.061373  
 188 188 198  -13.681103 5.037904 3.787442 -0.061373 -14.796536 5.291754 3.978978 -0.061373 -16.431549 5.663317 4.259138 -0.061373 -18.076689 6.033380 4.541246 -0.061373 -19.206317 6.285008 4.735333 -0.061373  
 198 198 13  -13.728153 6.415560 4.831354 -0.061373 -14.823548 6.668312 5.024215 -0.061373 -16.435985 7.039323 5.305563 -0.061373 -18.047075 7.409973 5.586535 -0.061373 -19.153875 7.662622 5.779182 -0.061373  
