 1 1 5  -31.664146 2.332174 1.165916 0.018718 -33.108780 1.776968 0.855772 0.018718 -34.646898 0.713993 0.156282 0.018718 -34.557027 -0.381155 -0.584247 0.018718 -33.463085 -1.099124 -1.062192 0.018718  
 2 2 6  -30.896714 2.406825 1.259062 0.018718 -31.943582 1.855390 0.953340 0.018718 -33.241399 0.725741 0.189060 0.018718 -33.185319 -0.404349 -0.582952 0.018718 -32.220736 -1.161436 -1.087484 0.018718  
 3 3 7  -35.990553 2.400039 1.231995 0.018718 -37.691152 1.772965 0.884905 0.018718 -39.094554 0.692327 0.177953 0.018718 -39.018515 -0.405000 -0.564931 0.018718 -37.932865 -1.141834 -1.030129 0.018718  
 4 4 8  -36.937032 2.319244 1.137667 0.018718 -38.875574 1.693035 0.782114 0.018718 -40.438463 0.680784 0.143493 0.018718 -40.335913 -0.382119 -0.564183 0.018718 -39.233749 -1.080659 -1.006266 0.018718  
 5 5 10  -21.818111 1.249589 -0.446028 0.002665 -22.626955 0.827459 -0.270390 0.002665 -22.955261 0.191056 -0.029188 0.002665 -22.403340 -0.438227 0.222487 0.002665 -21.408224 -0.854336 0.407896 0.002665  
 6 6 11  -21.008500 1.269629 -0.470596 0.002665 -21.787317 0.840446 -0.283752 0.002665 -22.081595 0.190859 -0.040478 0.002665 -21.599832 -0.459662 0.202074 0.002665 -20.647782 -0.883589 0.395743 0.002665  
 7 7 12  -24.936282 1.276474 -0.492981 0.002665 -25.768600 0.845445 -0.297287 0.002665 -26.088540 0.209450 -0.040657 0.002665 -25.574388 -0.421586 0.220011 0.002665 -24.563943 -0.845381 0.424174 0.002665  
 8 8 118  -26.193342 1.351329 -0.504291 0.002665 -26.283073 1.309298 -0.486203 0.002665 -26.407479 1.247572 -0.459968 0.002665 -26.523467 1.185615 -0.434025 0.002665 -26.597835 1.143158 -0.416509 0.002665  
 9 10 15  -13.155902 2.075948 0.794222 0.009794 -10.935590 1.342168 0.567740 0.009794 -10.115304 -0.183015 0.076917 0.009794 -11.328581 -1.592386 -0.402202 0.009794 -13.605360 -2.286242 -0.640481 0.009794  
 10 11 16  -12.718786 2.050648 0.788249 0.009794 -10.433965 1.322742 0.559373 0.009794 -9.491330 -0.183673 0.074027 0.009794 -10.871520 -1.569712 -0.402493 0.009794 -13.192861 -2.261078 -0.639919 0.009794  
 11 12 17  -14.154269 2.092863 0.820603 0.009794 -12.218553 1.355731 0.597519 0.009794 -11.693249 -0.163928 0.074595 0.009794 -12.451372 -1.599276 -0.425408 0.009794 -14.492366 -2.285184 -0.663631 0.009794  
 12 13 18  -14.592150 2.115814 0.826480 0.009794 -12.736916 1.369636 0.604466 0.009794 -12.293077 -0.163384 0.077324 0.009794 -12.925471 -1.616715 -0.424628 0.009794 -14.908461 -2.307806 -0.665011 0.009794  
 13 5 6  0.000000 0.568951 0.000000 0.045363 0.000000 0.335244 0.000000 0.045363 0.000000 -0.006991 0.000000 0.045363 0.000000 -0.349227 -0.000000 0.045363 0.000000 -0.582933 -0.000000 0.045363  
 14 6 7  0.000000 -2.414091 0.000000 -0.037564 0.000000 -1.437153 0.000000 -0.037564 0.000000 -0.006541 0.000000 -0.037564 0.000000 1.424071 -0.000000 -0.037564 0.000000 2.401010 -0.000000 -0.037564  
 15 7 8  0.000000 0.582336 -0.000000 0.044247 0.000000 0.348872 -0.000000 0.044247 0.000000 0.006991 0.000000 0.044247 0.000000 -0.334889 0.000000 0.044247 0.000000 -0.568353 0.000000 0.044247  
 16 8 5  0.000000 -2.400412 -0.000000 -0.034125 0.000000 -1.423716 -0.000000 -0.034125 0.000000 0.006541 0.000000 -0.034125 0.000000 1.436798 0.000000 -0.034125 0.000000 2.413494 0.000000 -0.034125  
 17 10 11  0.000000 0.442422 0.000000 0.000718 0.000000 0.262810 0.000000 0.000718 0.000000 -0.000210 0.000000 0.000718 0.000000 -0.263230 -0.000000 0.000718 0.000000 -0.442841 -0.000000 0.000718  
 18 11 12  0.000000 -3.057577 -0.000000 0.007601 0.000000 -1.814752 -0.000000 0.007601 0.000000 0.005221 0.000000 0.007601 0.000000 1.825194 0.000000 0.007601 0.000000 3.068019 0.000000 0.007601  
 19 12 13  0.000000 0.443783 -0.000000 0.000578 0.000000 0.263789 -0.000000 0.000578 0.000000 0.000210 0.000000 0.000578 0.000000 -0.263370 0.000000 0.000578 0.000000 -0.443364 0.000000 0.000578  
 20 13 10  0.000000 -3.068960 0.000000 0.012791 0.000000 -1.825753 0.000000 0.012791 0.000000 -0.005221 0.000000 0.012791 0.000000 1.815312 -0.000000 0.012791 0.000000 3.058519 -0.000000 0.012791  
 21 15 16  0.000000 0.702363 -0.000000 -0.015891 0.000000 0.417688 -0.000000 -0.015891 0.000000 0.000814 0.000000 -0.015891 0.000000 -0.416060 0.000000 -0.015891 0.000000 -0.700736 0.000000 -0.015891  
 22 16 17  0.000000 -2.407879 0.000000 0.017756 0.000000 -1.423882 0.000000 0.017756 0.000000 0.017066 0.000000 0.017756 0.000000 1.458015 -0.000000 0.017756 0.000000 2.442012 -0.000000 0.017756  
 23 17 18  0.000000 0.701931 0.000000 -0.013063 0.000000 0.416771 0.000000 -0.013063 0.000000 -0.000814 0.000000 -0.013063 0.000000 -0.418398 -0.000000 -0.013063 0.000000 -0.703559 -0.000000 -0.013063  
 24 18 15  0.000000 -2.443207 -0.000000 0.017691 0.000000 -1.458725 -0.000000 0.017691 0.000000 -0.017066 0.000000 0.017691 0.000000 1.424593 0.000000 0.017691 0.000000 2.409075 0.000000 0.017691  
 118 118 128  -26.238192 1.121611 -0.407413 0.002665 -26.309617 1.079594 -0.389318 0.002665 -26.407342 1.017859 -0.363081 0.002665 -26.496884 0.955897 -0.337150 0.002665 -26.553394 0.913455 -0.319619 0.002665  
 128 128 138  -26.284323 0.891924 -0.310532 0.002665 -26.336829 0.849876 -0.292438 0.002665 -26.407182 0.788134 -0.266191 0.002665 -26.469680 0.726190 -0.240269 0.002665 -26.507632 0.683757 -0.222740 0.002665  
 138 138 148  -26.339228 0.662413 -0.213436 0.002665 -26.368535 0.620166 -0.195574 0.002665 -26.406373 0.558268 -0.169452 0.002665 -26.437746 0.496439 -0.143408 0.002665 -26.455128 0.454294 -0.125639 0.002665  
 148 148 158  -26.389372 0.433041 -0.116073 0.002665 -26.399204 0.390340 -0.098823 0.002665 -26.406395 0.328409 -0.072839 0.002665 -26.407277 0.266778 -0.046387 0.002665 -26.404528 0.224723 -0.028600 0.002665  
 158 158 168  -26.431862 0.202689 -0.019802 0.002665 -26.423619 0.160716 -0.001882 0.002665 -26.407040 0.099122 0.024521 0.002665 -26.382302 0.037041 0.050364 0.002665 -26.361620 -0.005492 0.067899 0.002665  
 168 168 178  -26.488969 -0.026608 0.077521 0.002665 -26.458651 -0.068988 0.095054 0.002665 -26.407229 -0.130935 0.120977 0.002665 -26.347851 -0.192697 0.147218 0.002665 -26.302884 -0.234749 0.165320 0.002665  
 178 178 188  -26.537256 -0.256267 0.174435 0.002665 -26.487340 -0.298713 0.191935 0.002665 -26.407353 -0.360675 0.217840 0.002665 -26.319204 -0.422401 0.244094 0.002665 -26.254217 -0.464433 0.262240 0.002665  
 188 188 198  -26.581950 -0.485979 0.271298 0.002665 -26.514015 -0.528422 0.288819 0.002665 -26.407446 -0.590387 0.314738 0.002665 -26.292528 -0.652118 0.340982 0.002665 -26.209302 -0.694135 0.359098 0.002665  
 198 198 13  -26.626305 -0.715694 0.368187 0.002665 -26.540415 -0.758135 0.385698 0.002665 -26.407521 -0.820094 0.411621 0.002665 -26.266117 -0.881829 0.437865 0.002665 -26.164787 -0.923852 0.455982 0.002665  
