 1 1 5  -35.750728 0.175220 -1.024729 0.000378 -35.780206 0.065402 -0.727624 0.000378 -35.814750 -0.095178 -0.292538 0.000378 -35.816141 -0.256386 0.143673 0.000378 -35.795124 -0.366086 0.440869 0.000378  
 2 2 6  -37.513250 0.174527 -1.023540 0.000378 -37.542798 0.064819 -0.726414 0.000378 -37.577907 -0.095652 -0.291349 0.000378 -37.580093 -0.255966 0.143466 0.000378 -37.558112 -0.365575 0.440512 0.000378  
 3 3 7  -36.157105 0.173871 -1.022415 0.000378 -36.186401 0.064158 -0.725461 0.000378 -36.220570 -0.096361 -0.290696 0.000378 -36.222283 -0.255816 0.142885 0.000378 -36.201535 -0.365399 0.439646 0.000378  
 4 4 8  -34.393567 0.174584 -1.023577 0.000378 -34.422947 0.064758 -0.726646 0.000378 -34.457754 -0.095890 -0.291870 0.000378 -34.460060 -0.256280 0.143083 0.000378 -34.438066 -0.365925 0.439995 0.000378  
 5 5 10  -24.035865 -0.693650 -0.535237 0.000092 -24.045687 -0.480492 -0.308405 0.000092 -24.053308 -0.168537 0.024284 0.000092 -24.043002 0.143548 0.356730 0.000092 -24.033074 0.356684 0.583667 0.000092  
 6 6 11  -25.070756 -0.693937 -0.535356 0.000092 -25.080662 -0.480704 -0.308344 0.000092 -25.089245 -0.168447 0.024057 0.000092 -25.078126 0.143710 0.356634 0.000092 -25.068110 0.356904 0.583797 0.000092  
 7 7 12  -23.946648 -0.693852 -0.535079 0.000092 -23.956408 -0.480703 -0.308106 0.000092 -23.964293 -0.168368 0.023899 0.000092 -23.953849 0.143783 0.356312 0.000092 -23.943892 0.356898 0.583436 0.000092  
 8 8 118  -22.917536 -0.742521 -0.587153 0.000092 -22.918642 -0.721212 -0.564463 0.000092 -22.920231 -0.690007 -0.531237 0.000092 -22.921784 -0.658802 -0.498009 0.000092 -22.922821 -0.637493 -0.475319 0.000092  
 9 10 15  -12.043586 -0.521338 -0.316137 0.000008 -12.049105 -0.281884 -0.144010 0.000008 -12.051818 0.068720 0.108141 0.000008 -12.045462 0.419370 0.360227 0.000008 -12.038837 0.658810 0.532353 0.000008  
 10 11 16  -12.421735 -0.521371 -0.316161 0.000008 -12.427272 -0.281904 -0.143999 0.000008 -12.429961 0.068744 0.108104 0.000008 -12.423563 0.419419 0.360173 0.000008 -12.416926 0.658866 0.532345 0.000008  
 11 12 17  -11.949346 -0.521346 -0.316119 0.000008 -11.954861 -0.281905 -0.143971 0.000008 -11.957490 0.068781 0.108061 0.000008 -11.951143 0.419440 0.360120 0.000008 -11.944532 0.658864 0.532282 0.000008  
 12 13 18  -11.571228 -0.521314 -0.316095 0.000008 -11.576744 -0.281884 -0.143983 0.000008 -11.579428 0.068757 0.108097 0.000008 -11.573067 0.419392 0.360175 0.000008 -11.566456 0.658807 0.532290 0.000008  
 13 5 6  0.000000 -1.005283 -0.000000 -0.000428 0.000000 -0.597416 -0.000000 -0.000428 0.000000 -0.000141 0.000000 -0.000428 0.000000 0.597133 0.000000 -0.000428 0.000000 1.005000 0.000000 -0.000428  
 14 6 7  0.000000 0.321087 0.000000 0.000624 0.000000 0.190769 0.000000 0.000624 0.000000 -0.000067 0.000000 0.000624 0.000000 -0.190903 -0.000000 0.000624 0.000000 -0.321221 -0.000000 0.000624  
 15 7 8  0.000000 -1.004976 0.000000 -0.000443 0.000000 -0.597118 0.000000 -0.000443 0.000000 0.000141 0.000000 -0.000443 0.000000 0.597401 -0.000000 -0.000443 0.000000 1.005259 -0.000000 -0.000443  
 16 8 5  0.000000 0.321197 -0.000000 0.000619 0.000000 0.190889 -0.000000 0.000619 0.000000 0.000067 0.000000 0.000619 0.000000 -0.190755 0.000000 0.000619 0.000000 -0.321063 0.000000 0.000619  
 17 10 11  0.000000 -0.907542 0.000000 -0.000158 0.000000 -0.539288 0.000000 -0.000158 0.000000 -0.000024 0.000000 -0.000158 0.000000 0.539241 -0.000000 -0.000158 0.000000 0.907495 -0.000000 -0.000158  
 18 11 12  0.000000 0.900409 -0.000000 0.000253 0.000000 0.535034 -0.000000 0.000253 0.000000 -0.000014 0.000000 0.000253 0.000000 -0.535063 0.000000 0.000253 0.000000 -0.900437 0.000000 0.000253  
 19 12 13  0.000000 -0.907463 -0.000000 -0.000160 0.000000 -0.539222 -0.000000 -0.000160 0.000000 0.000024 0.000000 -0.000160 0.000000 0.539269 0.000000 -0.000160 0.000000 0.907510 0.000000 -0.000160  
 20 13 10  0.000000 0.900406 0.000000 0.000254 0.000000 0.535044 0.000000 0.000254 0.000000 0.000014 0.000000 0.000254 0.000000 -0.535015 -0.000000 0.000254 0.000000 -0.900377 -0.000000 0.000254  
 21 15 16  0.000000 -0.522215 -0.000000 -0.000018 0.000000 -0.310319 -0.000000 -0.000018 0.000000 -0.000022 0.000000 -0.000018 0.000000 0.310275 0.000000 -0.000018 0.000000 0.522170 0.000000 -0.000018  
 22 16 17  0.000000 0.652403 -0.000000 0.000025 0.000000 0.387667 -0.000000 0.000025 0.000000 -0.000009 0.000000 0.000025 0.000000 -0.387685 0.000000 0.000025 0.000000 -0.652421 0.000000 0.000025  
 23 17 18  0.000000 -0.522139 0.000000 -0.000018 0.000000 -0.310256 0.000000 -0.000018 0.000000 0.000022 0.000000 -0.000018 0.000000 0.310300 -0.000000 -0.000018 0.000000 0.522183 -0.000000 -0.000018  
 24 18 15  0.000000 0.652389 0.000000 0.000025 0.000000 0.387666 0.000000 0.000025 0.000000 0.000009 0.000000 0.000025 0.000000 -0.387648 -0.000000 0.000025 0.000000 -0.652372 -0.000000 0.000025  
 118 118 128  -22.917793 -0.626620 -0.463740 0.000092 -22.918801 -0.605310 -0.441051 0.000092 -22.920237 -0.574105 -0.407824 0.000092 -22.921625 -0.542901 -0.374597 0.000092 -22.922551 -0.521592 -0.351905 0.000092  
 128 128 138  -22.918067 -0.510717 -0.340327 0.000092 -22.918958 -0.489408 -0.317638 0.000092 -22.920234 -0.458204 -0.284411 0.000092 -22.921469 -0.426999 -0.251184 0.000092 -22.922279 -0.405689 -0.228493 0.000092  
 138 138 148  -22.918388 -0.394816 -0.216915 0.000092 -22.919160 -0.373507 -0.194225 0.000092 -22.920246 -0.342303 -0.160998 0.000092 -22.921268 -0.311098 -0.127771 0.000092 -22.921928 -0.289787 -0.105080 0.000092  
 148 148 158  -22.919117 -0.278914 -0.093475 0.000092 -22.919714 -0.257604 -0.070810 0.000092 -22.920472 -0.226400 -0.037612 0.000092 -22.920794 -0.195202 -0.004352 0.000092 -22.920496 -0.173877 0.018353 0.000092  
 158 158 168  -22.921732 -0.163020 0.029904 0.000092 -22.921199 -0.141701 0.052604 0.000092 -22.920257 -0.110496 0.085830 0.000092 -22.919248 -0.079294 0.119054 0.000092 -22.918521 -0.057989 0.141742 0.000092  
 168 168 178  -22.922137 -0.047113 0.153324 0.000092 -22.921378 -0.025802 0.176014 0.000092 -22.920231 0.005403 0.209240 0.000092 -22.919050 0.036607 0.242467 0.000092 -22.918215 0.057915 0.265158 0.000092  
 178 178 188  -22.922387 0.068789 0.276736 0.000092 -22.921523 0.090099 0.299426 0.000092 -22.920231 0.121305 0.332653 0.000092 -22.918900 0.152509 0.365880 0.000092 -22.917974 0.173817 0.388571 0.000092  
 188 188 198  -22.922596 0.184692 0.400149 0.000092 -22.921648 0.206001 0.422839 0.000092 -22.920232 0.237205 0.456066 0.000092 -22.918777 0.268410 0.489293 0.000092 -22.917762 0.289720 0.511983 0.000092  
 198 198 13  -22.922961 0.300593 0.523562 0.000092 -22.921870 0.321903 0.546252 0.000092 -22.920233 0.353108 0.579479 0.000092 -22.918556 0.384312 0.612706 0.000092 -22.917390 0.405620 0.635396 0.000092  
