 1 1 5  -37.901528 -0.353794 0.334842 0.000263 -37.939516 -0.319296 0.261723 0.000263 -37.983226 -0.268818 0.154760 0.000263 -37.985763 -0.219185 0.049010 0.000263 -37.961281 -0.185081 -0.023745 0.000263  
 2 2 6  -36.450554 -0.354384 0.336298 0.000263 -36.488952 -0.319794 0.263178 0.000263 -36.533793 -0.269201 0.156200 0.000263 -36.537492 -0.218948 0.048906 0.000263 -36.511244 -0.184686 -0.024209 0.000263  
 3 3 7  -33.977505 -0.355533 0.337226 0.000263 -34.016220 -0.320937 0.263956 0.000263 -34.061229 -0.270348 0.156739 0.000263 -34.065394 -0.218833 0.048514 0.000263 -34.038656 -0.184325 -0.024795 0.000263  
 4 4 8  -35.427618 -0.354935 0.335806 0.000263 -35.465978 -0.320436 0.262534 0.000263 -35.510744 -0.269969 0.155344 0.000263 -35.515413 -0.219185 0.048699 0.000263 -35.488183 -0.184757 -0.024398 0.000263  
 5 5 10  -25.427211 -1.093534 0.499836 0.000045 -25.439237 -0.719672 0.334655 0.000045 -25.448358 -0.172765 0.093255 0.000045 -25.433982 0.374584 -0.148280 0.000045 -25.419250 0.748610 -0.313494 0.000045  
 6 6 11  -24.361265 -1.093770 0.499688 0.000045 -24.373487 -0.719842 0.334667 0.000045 -24.383114 -0.172713 0.093067 0.000045 -24.367583 0.374755 -0.148576 0.000045 -24.352661 0.748833 -0.313599 0.000045  
 7 7 12  -22.554071 -1.093663 0.499890 0.000045 -22.566243 -0.719865 0.334816 0.000045 -22.575340 -0.172486 0.092959 0.000045 -22.559497 0.375051 -0.148846 0.000045 -22.544438 0.749025 -0.313931 0.000045  
 8 8 118  -23.625695 -1.179325 0.537904 0.000045 -23.627124 -1.141946 0.521393 0.000045 -23.629166 -1.087213 0.497215 0.000045 -23.631144 -1.032483 0.473042 0.000045 -23.632463 -0.995111 0.456535 0.000045  
 9 10 15  -12.570932 -0.729591 0.520676 -0.000493 -12.578208 -0.375744 0.284994 -0.000493 -12.581690 0.142355 -0.060055 -0.000493 -12.573813 0.660513 -0.405234 -0.000493 -12.655142 0.996658 -0.624588 -0.000493  
 10 11 16  -12.113773 -0.729622 0.521483 -0.000493 -12.121080 -0.375766 0.285361 -0.000493 -12.124426 0.142384 -0.060458 -0.000493 -12.116566 0.660547 -0.406354 -0.000493 -12.224235 0.991708 -0.621635 -0.000493  
 11 12 17  -11.395011 -0.729797 0.520291 -0.000493 -11.396094 -0.376384 0.285376 -0.000493 -11.399304 0.143073 -0.060498 -0.000493 -11.391513 0.662483 -0.406389 -0.000493 -11.546446 0.985413 -0.614165 -0.000493  
 12 13 18  -11.847243 -0.731025 0.520708 -0.000493 -11.854582 -0.376355 0.285012 -0.000493 -11.857924 0.143047 -0.060098 -0.000493 -11.850069 0.662449 -0.405271 -0.000493 -11.973763 0.991375 -0.617447 -0.000493  
 13 5 6  0.000000 0.529878 0.000000 -0.000325 0.000000 0.314798 0.000000 -0.000325 0.000000 -0.000162 0.000000 -0.000325 0.000000 -0.315121 -0.000000 -0.000325 0.000000 -0.530201 -0.000000 -0.000325  
 14 6 7  0.000000 0.918031 0.000000 0.000444 0.000000 0.545461 0.000000 0.000444 0.000000 -0.000123 0.000000 0.000444 0.000000 -0.545708 -0.000000 0.000444 0.000000 -0.918277 -0.000000 0.000444  
 15 7 8  0.000000 0.530223 -0.000000 -0.000371 0.000000 0.315134 -0.000000 -0.000371 0.000000 0.000162 0.000000 -0.000371 0.000000 -0.314811 0.000000 -0.000371 0.000000 -0.529899 0.000000 -0.000371  
 16 8 5  0.000000 0.918256 -0.000000 0.000445 0.000000 0.545695 -0.000000 0.000445 0.000000 0.000123 0.000000 0.000445 0.000000 -0.545449 0.000000 0.000445 0.000000 -0.918009 0.000000 0.000445  
 17 10 11  0.000000 0.844912 -0.000000 0.000360 0.000000 0.502064 -0.000000 0.000360 0.000000 0.000002 0.000000 0.000360 0.000000 -0.502059 0.000000 0.000360 0.000000 -0.844907 0.000000 0.000360  
 18 11 12  0.000000 1.503926 0.000000 -0.000832 0.000000 0.893669 0.000000 -0.000832 0.000000 0.000019 0.000000 -0.000832 0.000000 -0.893631 -0.000000 -0.000832 0.000000 -1.503888 -0.000000 -0.000832  
 19 12 13  0.000000 0.844934 0.000000 0.000735 0.000000 0.502075 0.000000 0.000735 0.000000 -0.000002 0.000000 0.000735 0.000000 -0.502080 -0.000000 0.000735 0.000000 -0.844939 -0.000000 0.000735  
 20 13 10  0.000000 1.503861 -0.000000 -0.000535 0.000000 0.893615 -0.000000 -0.000535 0.000000 -0.000019 0.000000 -0.000535 0.000000 -0.893653 0.000000 -0.000535 0.000000 -1.503899 0.000000 -0.000535  
 21 15 16  0.000000 0.627348 0.000000 0.001077 0.000000 0.372876 0.000000 0.001077 0.000000 0.000232 0.000000 0.001077 0.000000 -0.372412 -0.000000 0.001077 0.000000 -0.626883 -0.000000 0.001077  
 22 16 17  0.000000 0.992993 -0.000000 -0.001755 0.000000 0.590236 -0.000000 -0.001755 0.000000 0.000444 0.000000 -0.001755 0.000000 -0.589348 0.000000 -0.001755 0.000000 -0.992105 0.000000 -0.001755  
 23 17 18  0.000000 0.626894 -0.000000 0.001428 0.000000 0.372418 -0.000000 0.001428 0.000000 -0.000232 0.000000 0.001428 0.000000 -0.372883 0.000000 0.001428 0.000000 -0.627359 0.000000 0.001428  
 24 18 15  0.000000 0.992094 0.000000 -0.001557 0.000000 0.589341 0.000000 -0.001557 0.000000 -0.000444 0.000000 -0.001557 0.000000 -0.590229 -0.000000 -0.001557 0.000000 -0.992983 -0.000000 -0.001557  
 118 118 128  -23.626144 -0.976038 0.448111 0.000045 -23.627390 -0.938660 0.431599 0.000045 -23.629166 -0.883926 0.407422 0.000045 -23.630881 -0.829196 0.383248 0.000045 -23.632011 -0.791824 0.366742 0.000045  
 128 128 138  -23.626557 -0.772753 0.358319 0.000045 -23.627642 -0.735373 0.341806 0.000045 -23.629174 -0.680638 0.317628 0.000045 -23.630627 -0.625910 0.293455 0.000045 -23.631581 -0.588538 0.276950 0.000045  
 138 138 148  -23.627022 -0.569457 0.268520 0.000045 -23.627931 -0.532087 0.252012 0.000045 -23.629185 -0.477358 0.227839 0.000045 -23.630339 -0.422623 0.203661 0.000045 -23.631086 -0.385243 0.187151 0.000045  
 148 148 158  -23.627856 -0.366189 0.178774 0.000045 -23.628568 -0.328803 0.162224 0.000045 -23.629475 -0.274050 0.137999 0.000045 -23.629703 -0.219342 0.113872 0.000045 -23.629553 -0.181971 0.097406 0.000045  
 158 158 168  -23.631203 -0.162902 0.088925 0.000045 -23.630498 -0.125509 0.072430 0.000045 -23.629234 -0.070775 0.048254 0.000045 -23.627791 -0.016051 0.024074 0.000045 -23.626749 0.021318 0.007561 0.000045  
 168 168 178  -23.631918 0.040399 -0.000859 0.000045 -23.630824 0.077774 -0.017367 0.000045 -23.629166 0.132505 -0.041543 0.000045 -23.627445 0.187237 -0.065718 0.000045 -23.626237 0.224614 -0.082228 0.000045  
 178 178 188  -23.632299 0.243687 -0.090653 0.000045 -23.631047 0.281060 -0.107161 0.000045 -23.629166 0.335791 -0.131335 0.000045 -23.627223 0.390524 -0.155512 0.000045 -23.625856 0.427900 -0.172022 0.000045  
 188 188 198  -23.632783 0.446974 -0.180448 0.000045 -23.631336 0.484347 -0.196954 0.000045 -23.629168 0.539077 -0.221128 0.000045 -23.626932 0.593811 -0.245305 0.000045 -23.625371 0.631189 -0.261817 0.000045  
 198 198 13  -23.633577 0.650262 -0.270242 0.000045 -23.631817 0.687633 -0.286747 0.000045 -23.629177 0.742363 -0.310921 0.000045 -23.626454 0.797097 -0.335099 0.000045 -23.624548 0.834477 -0.351610 0.000045  
