 1 1 5  -53.465528 9.160284 7.509663 -0.028223 -42.826464 6.747858 5.565048 -0.028223 -27.472851 2.990327 2.574740 -0.028223 -25.159608 -2.375218 -1.776251 -0.028223 -34.578126 -4.993115 -3.890761 -0.028223  
 2 2 6  -38.751675 8.264092 7.029964 -0.028223 -27.364025 5.828654 4.972322 -0.028223 -9.684241 2.127227 1.797827 -0.028223 -7.047533 -1.544543 -1.374153 -0.028223 -19.020401 -4.057517 -3.527119 -0.028223  
 3 3 7  -55.709645 9.086081 7.809523 -0.028223 -45.369566 6.798579 5.769006 -0.028223 -30.547025 3.250059 2.549157 -0.028223 -28.259088 -1.973084 -2.179318 -0.028223 -36.711374 -4.563806 -4.407903 -0.028223  
 4 4 8  -69.227692 9.776700 8.176704 -0.028223 -60.026941 7.464202 6.225932 -0.028223 -49.201728 3.619146 2.983371 -0.028223 -48.592265 -2.064794 -1.949364 -0.028223 -52.368386 -5.179095 -4.576415 -0.028223  
 5 5 10  -39.005792 8.006824 6.073410 -0.041465 -24.148223 4.756473 3.594316 -0.041465 -5.534821 -0.442931 -0.367300 -0.041465 -26.722097 -5.309237 -4.052250 -0.041465 -41.479785 -8.548025 -6.510223 -0.041465  
 6 6 11  -29.412396 7.317637 5.939460 -0.041465 -14.450512 4.062673 3.341277 -0.041465 2.259135 -0.106907 -0.074639 -0.041465 -16.881631 -4.616324 -3.734792 -0.041465 -31.774863 -7.861846 -6.313957 -0.041465  
 7 7 12  -39.495952 7.565068 6.473691 -0.041465 -25.025015 4.486907 3.895131 -0.041465 -7.723054 -0.570894 -0.322089 -0.041465 -27.830294 -5.192919 -4.268107 -0.041465 -42.233170 -8.251893 -6.835629 -0.041465  
 8 8 118  -37.844177 8.486643 6.917514 -0.041465 -36.321618 8.159957 6.653698 -0.041465 -34.088011 7.681036 6.266789 -0.041465 -31.849600 7.201480 5.879177 -0.041465 -30.318187 6.873618 5.614071 -0.041465  
 9 10 15  -12.898193 2.216110 2.172832 0.025198 -6.699324 0.931725 1.004115 0.025198 -7.354935 -1.210176 -0.969185 0.025198 -16.506260 -3.075315 -2.703345 0.025198 -22.686269 -4.336034 -3.867223 0.025198  
 10 11 16  -10.392673 2.053102 2.186729 0.025198 -3.961671 0.783015 0.934903 0.025198 -4.309791 -1.018054 -0.829348 0.025198 -13.780396 -2.893330 -2.657644 0.025198 -20.140586 -4.156649 -3.889189 0.025198  
 11 12 17  -13.004120 1.961516 2.384547 0.025198 -6.922197 0.755322 1.152615 0.025198 -7.621827 -1.245124 -0.970238 0.025198 -16.643734 -2.965934 -2.821827 0.025198 -22.751987 -4.133997 -4.057274 0.025198  
 12 13 18  -15.573563 2.110302 2.365325 0.025198 -10.077634 0.883742 1.194449 0.025198 -10.980162 -1.410393 -1.101946 0.025198 -19.363613 -3.135326 -2.864681 0.025198 -25.263837 -4.303336 -4.031017 0.025198  
 13 5 6  0.000000 10.464998 0.000000 -0.914985 0.000000 6.250232 0.000000 -0.914985 0.000000 0.078196 0.000000 -0.914985 0.000000 -6.093840 -0.000000 -0.914985 0.000000 -10.308607 -0.000000 -0.914985  
 14 6 7  0.000000 -12.331589 0.000000 0.796103 0.000000 -7.277043 0.000000 0.796103 0.000000 0.124751 0.000000 0.796103 0.000000 7.526544 -0.000000 0.796103 0.000000 12.581090 -0.000000 0.796103  
 15 7 8  0.000000 10.361553 -0.000000 -0.275553 0.000000 6.125302 -0.000000 -0.275553 0.000000 -0.078196 0.000000 -0.275553 0.000000 -6.281694 0.000000 -0.275553 0.000000 -10.517945 0.000000 -0.275553  
 16 8 5  0.000000 -12.634037 -0.000000 0.355817 0.000000 -7.558006 -0.000000 0.355817 0.000000 -0.124751 0.000000 0.355817 0.000000 7.308505 0.000000 0.355817 0.000000 12.384535 0.000000 0.355817  
 17 10 11  0.000000 8.949209 0.000000 -0.552374 0.000000 5.332632 0.000000 -0.552374 0.000000 0.036576 0.000000 -0.552374 0.000000 -5.259481 -0.000000 -0.552374 0.000000 -8.876057 -0.000000 -0.552374  
 18 11 12  0.000000 -10.326106 0.000000 0.461605 0.000000 -6.114228 0.000000 0.461605 0.000000 0.053576 0.000000 0.461605 0.000000 6.221381 -0.000000 0.461605 0.000000 10.433258 -0.000000 0.461605  
 19 12 13  0.000000 9.005500 -0.000000 0.001832 0.000000 5.336398 -0.000000 0.001832 0.000000 -0.036576 0.000000 0.001832 0.000000 -5.409549 0.000000 0.001832 0.000000 -9.078651 0.000000 0.001832  
 20 13 10  0.000000 -10.562701 -0.000000 0.102137 0.000000 -6.298298 -0.000000 0.102137 0.000000 -0.053576 0.000000 0.102137 0.000000 6.191146 0.000000 0.102137 0.000000 10.455548 0.000000 0.102137  
 21 15 16  0.000000 3.924529 0.000000 -0.078484 0.000000 2.344308 0.000000 -0.078484 0.000000 0.030259 0.000000 -0.078484 0.000000 -2.283791 -0.000000 -0.078484 0.000000 -3.864011 -0.000000 -0.078484  
 22 16 17  0.000000 -4.114079 0.000000 0.071762 0.000000 -2.431595 0.000000 0.071762 0.000000 0.032208 0.000000 0.071762 0.000000 2.496010 -0.000000 0.071762 0.000000 4.178495 -0.000000 0.071762  
 23 17 18  0.000000 3.996036 -0.000000 -0.065569 0.000000 2.362242 -0.000000 -0.065569 0.000000 -0.030259 0.000000 -0.065569 0.000000 -2.422760 0.000000 -0.065569 0.000000 -4.056554 0.000000 -0.065569  
 24 18 15  0.000000 -4.310519 -0.000000 0.066211 0.000000 -2.574462 -0.000000 0.066211 0.000000 -0.032208 0.000000 0.066211 0.000000 2.510047 0.000000 0.066211 0.000000 4.246104 0.000000 0.066211  
 118 118 128  -37.769121 6.706702 5.478941 -0.041465 -36.275880 6.379951 5.215282 -0.041465 -34.085102 5.900941 4.828602 -0.041465 -31.895802 5.421455 4.440785 -0.041465 -30.399290 5.093700 4.175470 -0.041465  
 128 128 138  -37.175487 4.921284 4.036393 -0.041465 -35.880860 4.599864 3.776487 -0.041465 -34.024160 4.124973 3.394320 -0.041465 -32.283604 3.643027 3.002147 -0.041465 -31.153836 3.306290 2.732733 -0.041465  
 138 138 148  -35.004289 3.103625 2.563116 -0.041465 -34.464950 2.820362 2.338895 -0.041465 -33.889812 2.374699 1.982300 -0.041465 -33.676838 1.865697 1.568544 -0.041465 -33.693427 1.486023 1.254667 -0.041465  
 148 148 158  -34.072812 1.367495 1.164989 -0.041465 -34.082074 1.039718 0.899976 -0.041465 -34.088392 0.560425 0.512643 -0.041465 -34.089414 0.081404 0.125628 -0.041465 -34.088093 -0.245726 -0.138662 -0.041465  
 158 158 168  -34.112710 -0.413162 -0.274066 -0.041465 -34.105810 -0.740202 -0.538282 -0.041465 -34.089677 -1.219162 -0.925322 -0.041465 -34.065330 -1.698698 -1.312859 -0.041465 -34.045810 -2.026165 -1.577441 -0.041465  
 168 168 178  -32.803206 -2.152175 -1.677407 -0.041465 -33.110280 -2.528533 -1.984275 -0.041465 -33.919750 -3.022494 -2.383071 -0.041465 -35.012539 -3.477808 -2.750140 -0.041465 -35.860946 -3.776245 -2.991240 -0.041465  
 178 178 188  -30.738103 -3.968432 -3.151077 -0.041465 -32.070373 -4.301655 -3.414278 -0.041465 -34.068859 -4.781376 -3.802793 -0.041465 -36.092467 -5.258405 -4.190039 -0.041465 -37.487172 -5.583531 -4.453031 -0.041465  
 188 188 198  -30.328757 -5.752492 -4.588298 -0.041465 -31.855684 -6.080295 -4.853463 -0.041465 -34.087608 -6.559789 -5.241173 -0.041465 -36.314928 -7.038672 -5.628141 -0.041465 -37.835800 -7.365638 -5.891552 -0.041465  
 198 198 13  -30.339402 -7.531959 -6.027425 -0.041465 -31.858914 -7.860509 -6.291569 -0.041465 -34.087368 -8.339986 -6.679336 -0.041465 -36.311132 -8.818735 -7.066466 -0.041465 -37.826875 -9.145285 -7.330417 -0.041465  
