 1 1 5  -47.994580 9.954577 3.317642 0.110678 -36.786987 7.097820 2.318921 0.110678 -21.303639 2.835277 0.830735 0.110678 -22.285050 -3.107603 -1.105651 0.110678 -32.801836 -6.027794 -2.103784 0.110678  
 2 2 6  -44.899409 9.716044 3.279307 0.110678 -33.560624 6.863652 2.268776 0.110678 -17.474321 2.640183 0.776396 0.110678 -18.574660 -2.904103 -1.060258 0.110678 -29.540448 -5.794934 -2.063305 0.110678  
 3 3 7  -57.960788 10.501569 3.538818 0.110678 -47.727111 7.768622 2.516106 0.110678 -35.947280 3.370328 0.980433 0.110678 -35.952638 -3.065776 -1.382985 0.110678 -42.884100 -6.251162 -2.370320 0.110678  
 4 4 8  -60.794170 10.695635 3.567887 0.110678 -50.767104 7.946949 2.560976 0.110678 -40.006498 3.401399 1.007979 0.110678 -40.027666 -3.095048 -1.385872 0.110678 -46.084194 -6.413917 -2.403380 0.110678  
 5 5 10  -25.940433 5.062538 1.134948 0.196070 -18.415620 3.044635 0.549999 0.196070 -14.023415 -0.945355 -0.610174 0.196070 -23.036848 -4.201356 -1.375293 0.196070 -30.742070 -6.217435 -1.926182 0.196070  
 6 6 11  -25.129814 5.002555 1.138791 0.196070 -17.525194 2.987725 0.554665 0.196070 -12.787689 -0.939458 -0.591932 0.196070 -22.187447 -4.143577 -1.353751 0.196070 -29.939789 -6.157783 -1.909323 0.196070  
 7 7 12  -30.529373 4.988002 1.246899 0.196070 -24.530287 3.045702 0.651533 0.196070 -23.310262 -1.125039 -0.599533 0.196070 -29.154634 -4.488301 -1.483853 0.196070 -35.904527 -6.368696 -2.036323 0.196070  
 8 8 118  -30.455476 5.488780 1.356691 0.196070 -29.602886 5.258686 1.290382 0.196070 -28.354528 4.921538 1.193220 0.196070 -27.124515 4.583319 1.094600 0.196070 -26.289581 4.352146 1.026099 0.196070  
 9 10 15  -9.929946 1.238061 -0.599952 -0.014745 -9.002481 0.312382 -0.587147 -0.014745 -9.578708 -1.189832 -0.331005 -0.014745 -12.705326 -2.232409 -0.136234 -0.014745 -15.174053 -2.907063 -0.035324 -0.014745  
 10 11 16  -9.966537 1.236986 -0.616222 -0.014745 -9.026607 0.312547 -0.601664 -0.014745 -9.602234 -1.189954 -0.338529 -0.014745 -12.724230 -2.233883 -0.138117 -0.014745 -15.193047 -2.908830 -0.033971 -0.014745  
 11 12 17  -12.112592 1.180238 -0.681574 -0.014745 -11.770973 0.219067 -0.601773 -0.014745 -11.982328 -1.252972 -0.369342 -0.014745 -14.469705 -2.292799 -0.145209 -0.014745 -16.626324 -2.937156 -0.035351 -0.014745  
 12 13 18  -12.106298 1.182296 -0.665025 -0.014745 -11.780010 0.218874 -0.587267 -0.014745 -11.986454 -1.253989 -0.361575 -0.014745 -14.474744 -2.292842 -0.143368 -0.014745 -16.630052 -2.937064 -0.036813 -0.014745  
 13 5 6  0.000000 3.521839 -0.000000 -0.164095 0.000000 2.094651 -0.000000 -0.164095 0.000000 0.004699 0.000000 -0.164095 0.000000 -2.085252 0.000000 -0.164095 0.000000 -3.512440 0.000000 -0.164095  
 14 6 7  0.000000 -11.262908 0.000000 0.254616 0.000000 -6.638626 0.000000 0.254616 0.000000 0.133097 0.000000 0.254616 0.000000 6.904821 -0.000000 0.254616 0.000000 11.529103 -0.000000 0.254616  
 15 7 8  0.000000 3.521806 0.000000 0.028189 0.000000 2.090817 0.000000 0.028189 0.000000 -0.004699 0.000000 0.028189 0.000000 -2.100216 -0.000000 0.028189 0.000000 -3.531205 -0.000000 0.028189  
 16 8 5  0.000000 -11.538469 -0.000000 0.221236 0.000000 -6.910386 -0.000000 0.221236 0.000000 -0.133097 0.000000 0.221236 0.000000 6.644191 0.000000 0.221236 0.000000 11.272274 0.000000 0.221236  
 17 10 11  0.000000 1.362663 0.000000 -0.031447 0.000000 0.808097 0.000000 -0.031447 0.000000 -0.004001 0.000000 -0.031447 0.000000 -0.816099 -0.000000 -0.031447 0.000000 -1.370665 -0.000000 -0.031447  
 18 11 12  0.000000 -7.597928 -0.000000 0.058936 0.000000 -4.507539 -0.000000 0.058936 0.000000 0.017975 0.000000 0.058936 0.000000 4.543489 0.000000 0.058936 0.000000 7.633878 0.000000 0.058936  
 19 12 13  0.000000 1.390280 -0.000000 0.212651 0.000000 0.827754 -0.000000 0.212651 0.000000 0.004001 0.000000 0.212651 0.000000 -0.819752 0.000000 0.212651 0.000000 -1.382278 0.000000 0.212651  
 20 13 10  0.000000 -7.653492 0.000000 0.007913 0.000000 -4.555145 0.000000 0.007913 0.000000 -0.017975 0.000000 0.007913 0.000000 4.519195 -0.000000 0.007913 0.000000 7.617542 -0.000000 0.007913  
 21 15 16  0.000000 -0.021575 -0.000000 0.011367 0.000000 -0.012261 -0.000000 0.011367 0.000000 0.001379 0.000000 0.011367 0.000000 0.015019 0.000000 0.011367 0.000000 0.024333 0.000000 0.011367  
 22 16 17  0.000000 -2.992487 0.000000 -0.010351 0.000000 -1.769456 0.000000 -0.010351 0.000000 0.021531 0.000000 -0.010351 0.000000 1.812518 -0.000000 -0.010351 0.000000 3.035549 -0.000000 -0.010351  
 23 17 18  0.000000 -0.005128 0.000000 0.010263 0.000000 -0.003607 0.000000 0.010263 0.000000 -0.001379 0.000000 0.010263 0.000000 0.000849 -0.000000 0.010263 0.000000 0.002371 -0.000000 0.010263  
 24 18 15  0.000000 -3.054754 -0.000000 -0.010321 0.000000 -1.823930 -0.000000 -0.010321 0.000000 -0.021531 0.000000 -0.010321 0.000000 1.780867 0.000000 -0.010321 0.000000 3.011692 0.000000 -0.010321  
 118 118 128  -29.847578 4.224635 0.994551 0.196070 -29.203877 4.004160 0.926089 0.196070 -28.309092 3.674988 0.826447 0.196070 -27.505894 3.331430 0.732173 0.196070 -27.042191 3.084835 0.661720 0.196070  
 128 128 138  -28.569632 2.960169 0.616581 0.196070 -28.408713 2.753905 0.562976 0.196070 -28.300722 2.425454 0.473186 0.196070 -28.311715 2.072278 0.364149 0.196070 -28.318707 1.831051 0.289646 0.196070  
 138 138 148  -28.351410 1.726461 0.264550 0.196070 -28.356559 1.495887 0.197603 0.196070 -28.363587 1.158203 0.099538 0.196070 -28.369951 0.820483 0.001440 0.196070 -28.373697 0.589873 -0.065585 0.196070  
 148 148 158  -28.358572 0.472265 -0.099687 0.196070 -28.361306 0.241572 -0.166734 0.196070 -28.363829 -0.096106 -0.264796 0.196070 -28.365472 -0.433785 -0.362848 0.196070 -28.365411 -0.664381 -0.429881 0.196070  
 158 158 168  -28.370409 -0.782083 -0.464058 0.196070 -28.368087 -1.012670 -0.531006 0.196070 -28.363715 -1.350375 -0.629083 0.196070 -28.358454 -1.688083 -0.727196 0.196070 -28.354326 -1.918661 -0.794159 0.196070  
 168 168 178  -28.050407 -2.011510 -0.812629 0.196070 -28.085053 -2.270306 -0.898486 0.196070 -28.277721 -2.620680 -1.002569 0.196070 -28.621996 -2.942880 -1.090547 0.196070 -28.920186 -3.151495 -1.147688 0.196070  
 178 178 188  -26.798825 -3.281946 -1.194639 0.196070 -27.385588 -3.522963 -1.259734 0.196070 -28.329965 -3.863666 -1.356204 0.196070 -29.325532 -4.197204 -1.454941 0.196070 -30.038101 -4.419930 -1.525921 0.196070  
 188 188 198  -26.235482 -4.544347 -1.556723 0.196070 -27.092778 -4.775802 -1.623443 0.196070 -28.358286 -5.113318 -1.722871 0.196070 -29.632721 -5.450893 -1.820117 0.196070 -30.504393 -5.681311 -1.886244 0.196070  
 198 198 13  -26.125204 -5.798945 -1.921372 0.196070 -27.031262 -6.029818 -1.988262 0.196070 -28.361508 -6.367683 -2.086199 0.196070 -29.695097 -6.705188 -2.184446 0.196070 -30.605199 -6.935573 -2.251481 0.196070  
