 1 1 5  -85.388778 -16.882098 4.303159 1.590916 -69.067466 -12.348849 3.491882 1.590916 -47.903415 -5.170272 2.615183 1.590916 -46.643808 5.275232 0.861325 1.590916 -60.086378 10.192967 -0.315715 1.590916  
 2 2 6  -67.886917 -15.488013 4.226829 1.590916 -50.956896 -10.990642 3.312983 1.590916 -26.095649 -4.236099 2.078478 1.590916 -24.699827 4.237403 0.505572 1.590916 -41.444206 8.822617 -0.547814 1.590916  
 3 3 7  -43.556325 -13.884743 3.782418 1.590916 -25.069361 -8.991329 2.823101 1.590916 0.860183 -1.901289 1.209227 1.590916 -1.918201 2.948503 0.333724 1.590916 -20.001920 7.883950 -0.441546 1.590916  
 4 4 8  -63.964495 -15.674923 3.926239 1.590916 -45.244693 -10.752705 3.079965 1.590916 -17.564853 -3.388108 1.941125 1.590916 -21.164007 4.687912 0.623059 1.590916 -40.178183 9.688384 -0.251909 1.590916  
 5 5 10  -55.680348 -8.852088 10.302863 -0.725974 -36.793928 -4.956065 6.597034 -0.725974 -15.560614 1.679561 0.643589 -0.725974 -40.059265 7.347837 -5.494404 -0.725974 -58.911571 11.141137 -9.286428 -0.725974  
 6 6 11  -43.878476 -8.249078 9.805620 -0.725974 -24.468695 -4.410304 5.918952 -0.725974 -1.047022 0.792193 0.343790 -0.725974 -27.567150 6.471994 -5.162681 -0.725974 -46.981882 10.302638 -9.046920 -0.725974  
 7 7 12  -31.304264 -8.820274 8.854470 -0.725974 -11.206137 -4.524181 4.903455 -0.725974 6.649811 0.325276 0.160458 -0.725974 -13.751397 5.874039 -4.451168 -0.725974 -34.119740 10.289288 -8.276349 -0.725974  
 8 8 118  -28.562845 -9.599639 9.524646 -0.725974 -26.819345 -9.214248 9.189311 -0.725974 -24.263067 -8.649556 8.697815 -0.725974 -21.703063 -8.084469 8.205799 -0.725974 -19.952739 -7.698355 7.869511 -0.725974  
 9 10 15  -16.558329 -1.532102 3.448098 -0.094374 -9.256374 -0.306198 1.722452 -0.094374 -10.370057 1.671708 -1.283608 -0.094374 -21.134421 3.314965 -3.914578 -0.094374 -28.644600 4.475639 -5.654105 -0.094374  
 10 11 16  -13.218824 -1.418551 3.438770 -0.094374 -5.315930 -0.258052 1.553732 -0.094374 -5.601876 1.366610 -1.078260 -0.094374 -17.157440 3.099053 -3.822970 -0.094374 -25.144728 4.266062 -5.698072 -0.094374  
 11 12 17  -10.681793 -1.836143 3.185853 -0.094374 -2.569904 -0.548513 1.291727 -0.094374 -2.236815 1.015343 -0.905791 -0.094374 -14.097720 3.010634 -3.604394 -0.094374 -22.333315 4.344322 -5.466272 -0.094374  
 12 13 18  -14.012902 -1.984321 3.193902 -0.094374 -6.157709 -0.655602 1.456031 -0.094374 -6.503510 1.306078 -1.142410 -0.094374 -18.041597 3.237245 -3.704426 -0.094374 -25.905611 4.556014 -5.438184 -0.094374  
 13 5 6  0.000000 9.944091 0.000000 1.010224 0.000000 5.933316 0.000000 1.010224 0.000000 0.060002 0.000000 1.010224 0.000000 -5.813312 -0.000000 1.010224 0.000000 -9.824088 -0.000000 1.010224  
 14 6 7  0.000000 18.463789 0.000000 -0.558801 0.000000 11.128923 0.000000 -0.558801 0.000000 0.387866 0.000000 -0.558801 0.000000 -10.353192 -0.000000 -0.558801 0.000000 -17.688058 -0.000000 -0.558801  
 15 7 8  0.000000 9.728550 -0.000000 1.046518 0.000000 5.756542 -0.000000 1.046518 0.000000 -0.060002 0.000000 1.046518 0.000000 -5.876546 0.000000 1.046518 0.000000 -9.848554 0.000000 1.046518  
 16 8 5  0.000000 17.783595 -0.000000 -0.829459 0.000000 10.409962 -0.000000 -0.829459 0.000000 -0.387866 0.000000 -0.829459 0.000000 -11.185693 0.000000 -0.829459 0.000000 -18.559326 0.000000 -0.829459  
 17 10 11  0.000000 12.169538 -0.000000 0.635881 0.000000 7.259382 -0.000000 0.635881 0.000000 0.069028 0.000000 0.635881 0.000000 -7.121325 0.000000 0.635881 0.000000 -12.031481 0.000000 0.635881  
 18 11 12  0.000000 12.249743 -0.000000 -0.606188 0.000000 7.341745 -0.000000 -0.606188 0.000000 0.154554 0.000000 -0.606188 0.000000 -7.032637 0.000000 -0.606188 0.000000 -11.940635 0.000000 -0.606188  
 19 12 13  0.000000 11.878169 0.000000 0.238090 0.000000 7.030224 0.000000 0.238090 0.000000 -0.069028 0.000000 0.238090 0.000000 -7.168281 -0.000000 0.238090 0.000000 -12.016226 -0.000000 0.238090  
 20 13 10  0.000000 12.093947 0.000000 -0.952926 0.000000 7.123738 0.000000 -0.952926 0.000000 -0.154554 0.000000 -0.952926 0.000000 -7.432846 -0.000000 -0.952926 0.000000 -12.403055 -0.000000 -0.952926  
 21 15 16  0.000000 5.596787 -0.000000 0.085597 0.000000 3.352753 -0.000000 0.085597 0.000000 0.066627 0.000000 0.085597 0.000000 -3.219500 0.000000 0.085597 0.000000 -5.463534 0.000000 0.085597  
 22 16 17  0.000000 4.185842 0.000000 -0.102397 0.000000 2.483930 0.000000 -0.102397 0.000000 -0.008323 0.000000 -0.102397 0.000000 -2.500576 -0.000000 -0.102397 0.000000 -4.202488 -0.000000 -0.102397  
 23 17 18  0.000000 5.306530 0.000000 0.095233 0.000000 3.126206 0.000000 0.095233 0.000000 -0.066627 0.000000 0.095233 0.000000 -3.259459 -0.000000 0.095233 0.000000 -5.439784 -0.000000 0.095233  
 24 18 15  0.000000 4.359492 -0.000000 -0.092272 0.000000 2.593870 -0.000000 -0.092272 0.000000 0.008323 0.000000 -0.092272 0.000000 -2.577224 0.000000 -0.092272 0.000000 -4.342846 0.000000 -0.092272  
 118 118 128  -28.708745 -7.504912 7.696115 -0.725974 -26.887819 -7.115823 7.363024 -0.725974 -24.245292 -6.549260 6.872547 -0.725974 -21.628135 -5.985531 6.379839 -0.725974 -19.862558 -5.604244 6.040587 -0.725974  
 128 128 138  -28.725325 -5.401825 5.873007 -0.725974 -26.913248 -5.017707 5.536570 -0.725974 -24.255446 -4.454985 5.043330 -0.725974 -21.610937 -3.888134 4.552875 -0.725974 -19.804968 -3.500294 4.218091 -0.725974  
 138 138 148  -28.113332 -3.294351 4.041257 -0.725974 -26.496911 -2.918421 3.709324 -0.725974 -24.163423 -2.364801 3.221733 -0.725974 -22.007581 -1.794058 2.727787 -0.725974 -20.677701 -1.386566 2.383751 -0.725974  
 148 148 158  -24.532843 -1.177036 2.184489 -0.725974 -24.241511 -0.835094 1.898871 -0.725974 -24.218795 -0.265177 1.400600 -0.725974 -24.218290 0.311057 0.896402 -0.725974 -24.215519 0.704595 0.552111 -0.725974  
 158 158 168  -24.074473 0.847898 0.424589 -0.725974 -24.066811 1.268285 0.062827 -0.725974 -24.049473 1.883579 -0.466977 -0.725974 -24.423591 2.418871 -0.934739 -0.725974 -25.018632 2.724204 -1.213676 -0.725974  
 168 168 178  -20.140251 2.986950 -1.426573 -0.725974 -21.758536 3.375631 -1.769896 -0.725974 -24.214997 3.939565 -2.267539 -0.725974 -26.756411 4.504404 -2.752566 -0.725974 -28.505827 4.889441 -3.082719 -0.725974  
 178 178 188  -19.752125 5.086457 -3.260080 -0.725974 -21.584506 5.472746 -3.596241 -0.725974 -24.263656 6.037919 -4.088168 -0.725974 -26.938076 6.602519 -4.579743 -0.725974 -28.761691 6.987747 -4.915228 -0.725974  
 188 188 198  -19.881441 7.184110 -5.087771 -0.725974 -21.657848 7.570788 -5.422924 -0.725974 -24.255832 8.136562 -5.913433 -0.725974 -26.865549 8.700667 -6.406200 -0.725974 -28.649516 9.085274 -6.743189 -0.725974  
 198 198 13  -19.953521 9.282919 -6.913645 -0.725974 -21.698031 9.668812 -7.249466 -0.725974 -24.256217 10.234255 -7.740438 -0.725974 -26.823061 10.798846 -8.232550 -0.725974 -28.581167 11.183898 -8.569294 -0.725974  
