 1 1 5  -33.613425 2.761727 -4.394838 0.084820 -30.413045 2.057579 -3.397582 0.084820 -28.180923 0.783677 -1.584621 0.084820 -28.185620 -0.825635 0.641962 0.084820 -28.527512 -1.853481 2.088920 0.084820  
 2 2 6  -42.343531 2.999815 -4.671976 0.084820 -39.983459 2.240128 -3.613175 0.084820 -39.173975 0.782086 -1.619635 0.084820 -39.183594 -0.824340 0.541177 0.084820 -39.139189 -1.921655 2.017120 0.084820  
 3 3 7  -44.841818 3.050977 -4.748311 0.084820 -42.704487 2.276946 -3.657392 0.084820 -42.149498 0.783297 -1.618413 0.084820 -42.155685 -0.817551 0.540183 0.084820 -42.114271 -1.911619 2.015791 0.084820  
 4 4 8  -36.008894 2.824645 -4.493488 0.084820 -33.009991 2.111547 -3.475229 0.084820 -31.256215 0.784892 -1.583491 0.084820 -31.262142 -0.818743 0.641107 0.084820 -31.415668 -1.876220 2.121779 0.084820  
 5 5 10  -22.446021 0.778658 -3.277534 0.145584 -19.709325 0.372188 -2.232722 0.145584 -19.298916 -0.434887 -0.044107 0.145584 -20.114137 -1.156717 2.075501 0.145584 -22.794420 -1.464941 3.163055 0.145584  
 6 6 11  -27.681442 0.853631 -3.378273 0.145584 -26.320954 0.415165 -2.191078 0.145584 -26.346687 -0.434658 -0.053840 0.145584 -26.461959 -1.257300 2.054825 0.145584 -28.096056 -1.611844 3.210794 0.145584  
 7 7 12  -28.453205 0.856463 -3.407267 0.145584 -27.251976 0.408763 -2.190615 0.145584 -27.275068 -0.438658 -0.054091 0.145584 -27.354708 -1.266149 2.061751 0.145584 -28.889388 -1.628390 3.233923 0.145584  
 8 8 118  -22.420650 0.881460 -3.686532 0.145584 -21.950290 0.834029 -3.552570 0.145584 -21.261331 0.764564 -3.356371 0.145584 -20.585654 0.695159 -3.158924 0.145584 -20.131401 0.648263 -3.023262 0.145584  
 9 10 15  -12.375393 -0.394069 -2.194104 -0.022064 -9.394979 -0.371159 -1.271753 -0.022064 -8.472531 -0.315678 0.663834 -0.022064 -12.056342 -0.128095 2.130072 -0.022064 -15.353398 -0.058236 3.021449 -0.022064  
 10 11 16  -14.078579 -0.419963 -2.183530 -0.022064 -11.803194 -0.419597 -1.250926 -0.022064 -11.542749 -0.318934 0.678964 -0.022064 -14.015620 -0.136105 2.192781 -0.022064 -16.913635 -0.059193 3.040490 -0.022064  
 11 12 17  -14.109732 -0.416949 -2.185590 -0.022064 -11.841759 -0.417075 -1.252071 -0.022064 -11.587952 -0.316984 0.678867 -0.022064 -14.049027 -0.135853 2.194700 -0.022064 -16.943778 -0.059766 3.042634 -0.022064  
 12 13 18  -12.409065 -0.391096 -2.196492 -0.022064 -9.432634 -0.369034 -1.273778 -0.022064 -8.520521 -0.314100 0.664126 -0.022064 -12.090561 -0.127969 2.132439 -0.022064 -15.386489 -0.058698 3.023879 -0.022064  
 13 5 6  0.000000 -5.481049 -0.000000 0.104213 0.000000 -3.246989 -0.000000 0.104213 0.000000 0.024532 0.000000 0.104213 0.000000 3.296053 0.000000 0.104213 0.000000 5.530113 0.000000 0.104213  
 14 6 7  0.000000 -2.720199 0.000000 -0.019080 0.000000 -1.615756 0.000000 -0.019080 0.000000 0.001573 0.000000 -0.019080 0.000000 1.618902 -0.000000 -0.019080 0.000000 2.723346 -0.000000 -0.019080  
 15 7 8  0.000000 -5.531305 0.000000 0.108665 0.000000 -3.296761 0.000000 0.108665 0.000000 -0.024532 0.000000 0.108665 0.000000 3.247698 -0.000000 0.108665 0.000000 5.482241 -0.000000 0.108665  
 16 8 5  0.000000 -2.722154 -0.000000 0.018727 0.000000 -1.618194 -0.000000 0.018727 0.000000 -0.001573 0.000000 0.018727 0.000000 1.615047 0.000000 0.018727 0.000000 2.719007 0.000000 0.018727  
 17 10 11  0.000000 -5.560795 -0.000000 0.054535 0.000000 -3.291854 -0.000000 0.054535 0.000000 0.030746 0.000000 0.054535 0.000000 3.353346 0.000000 0.054535 0.000000 5.622288 0.000000 0.054535  
 18 11 12  0.000000 -1.173380 0.000000 -0.011903 0.000000 -0.697626 0.000000 -0.011903 0.000000 -0.000940 0.000000 -0.011903 0.000000 0.695746 -0.000000 -0.011903 0.000000 1.171499 -0.000000 -0.011903  
 19 12 13  0.000000 -5.621246 0.000000 0.073554 0.000000 -3.352728 0.000000 0.073554 0.000000 -0.030746 0.000000 0.073554 0.000000 3.291236 -0.000000 0.073554 0.000000 5.559754 -0.000000 0.073554  
 20 13 10  0.000000 -1.172541 -0.000000 0.038779 0.000000 -0.696364 -0.000000 0.038779 0.000000 0.000940 0.000000 0.038779 0.000000 0.698245 0.000000 0.038779 0.000000 1.174421 0.000000 0.038779  
 21 15 16  0.000000 -3.159722 -0.000000 -0.002482 0.000000 -1.868160 -0.000000 -0.002482 0.000000 0.023182 0.000000 -0.002482 0.000000 1.914525 0.000000 -0.002482 0.000000 3.206087 0.000000 -0.002482  
 22 16 17  0.000000 -0.051781 0.000000 -0.001893 0.000000 -0.030656 0.000000 -0.001893 0.000000 0.000280 0.000000 -0.001893 0.000000 0.031215 -0.000000 -0.001893 0.000000 0.052340 -0.000000 -0.001893  
 23 17 18  0.000000 -3.205109 0.000000 -0.002517 0.000000 -1.913943 0.000000 -0.002517 0.000000 -0.023182 0.000000 -0.002517 0.000000 1.867579 -0.000000 -0.002517 0.000000 3.158744 -0.000000 -0.002517  
 24 18 15  0.000000 -0.053318 -0.000000 -0.002249 0.000000 -0.031796 -0.000000 -0.002249 0.000000 -0.000280 0.000000 -0.002249 0.000000 0.031237 0.000000 -0.002249 0.000000 0.052759 0.000000 -0.002249  
 118 118 128  -22.055533 0.622370 -2.949072 0.145584 -21.706438 0.575934 -2.821499 0.145584 -21.234012 0.509104 -2.628890 0.145584 -20.824933 0.437156 -2.427800 0.145584 -20.571356 0.389062 -2.285866 0.145584  
 128 128 138  -21.392079 0.358920 -2.211799 0.145584 -21.293490 0.319882 -2.092186 0.145584 -21.233393 0.254504 -1.899755 0.145584 -21.236653 0.179240 -1.694168 0.145584 -21.238773 0.127849 -1.553777 0.145584  
 138 138 148  -21.263329 0.108638 -1.492479 0.145584 -21.265324 0.061278 -1.357983 0.145584 -21.268084 -0.008071 -1.161022 0.145584 -21.270688 -0.077417 -0.964056 0.145584 -21.272370 -0.124768 -0.829546 0.145584  
 148 148 158  -21.265476 -0.148929 -0.760880 0.145584 -21.267023 -0.196310 -0.626413 0.145584 -21.268706 -0.265635 -0.429482 0.145584 -21.269059 -0.334969 -0.232484 0.145584 -21.268589 -0.382379 -0.097951 0.145584  
 158 158 168  -21.270727 -0.406524 -0.029367 0.145584 -21.269827 -0.453863 0.105154 0.145584 -21.268167 -0.523208 0.302134 0.145584 -21.266200 -0.592564 0.499080 0.145584 -21.264744 -0.639924 0.633567 0.145584  
 168 168 178  -21.271997 -0.664036 0.702167 0.145584 -21.270413 -0.711428 0.836709 0.145584 -21.267921 -0.780818 1.033721 0.145584 -21.265294 -0.850204 1.230727 0.145584 -21.264709 -0.897346 1.364991 0.145584  
 178 178 188  -21.043915 -0.914526 1.424067 0.145584 -21.096269 -0.970279 1.569501 0.145584 -21.233058 -1.042483 1.771546 0.145584 -21.429121 -1.108048 1.962749 0.145584 -21.597344 -1.149046 2.087815 0.145584  
 188 188 198  -20.515465 -1.179051 2.160630 0.145584 -20.799529 -1.226804 2.300276 0.145584 -21.247210 -1.295671 2.500161 0.145584 -21.730709 -1.365616 2.693896 0.145584 -22.082020 -1.412318 2.823931 0.145584  
 198 198 13  -20.144752 -1.437246 2.895248 0.145584 -20.593144 -1.484341 3.031119 0.145584 -21.250972 -1.553007 3.230089 0.145584 -21.943742 -1.622504 3.425676 0.145584 -22.430270 -1.671292 3.557424 0.145584  
