 1 1 5  -39.927032 2.629910 4.712927 0.018595 -39.041321 2.278396 4.005777 0.018595 -38.332632 1.485892 2.571705 0.018595 -38.237398 0.314971 0.688173 0.018595 -37.144128 -0.455352 -0.570925 0.018595  
 2 2 6  -27.401347 2.341757 4.272421 0.018595 -25.274446 1.984627 3.576092 0.018595 -21.814314 1.320971 2.311374 0.018595 -20.573938 0.292460 0.484953 0.018595 -19.614265 -0.517636 -0.887956 0.018595  
 3 3 7  -35.802206 2.486190 4.662139 0.018595 -34.467574 2.159897 3.936772 0.018595 -32.875033 1.469241 2.490865 0.018595 -32.675136 0.362390 0.502341 0.018595 -31.589678 -0.396759 -0.830613 0.018595  
 4 4 8  -49.059356 2.747431 4.967730 0.018595 -49.027973 2.379461 4.178527 0.018595 -49.744317 1.480926 2.559935 0.018595 -49.635790 0.384255 0.707316 0.018595 -48.538285 -0.335828 -0.515012 0.018595  
 5 5 10  -39.785132 4.814409 8.076586 0.044289 -27.334266 3.097491 5.097771 0.044289 -12.000666 0.410192 0.253435 0.044289 -25.377720 -2.542189 -4.782446 0.044289 -37.721023 -4.267267 -7.727908 0.044289  
 6 6 11  -31.783133 4.527352 7.664511 0.044289 -18.770739 2.793347 4.593844 0.044289 0.272761 0.138686 0.089988 0.044289 -16.916516 -2.282543 -4.281762 0.044289 -29.815134 -4.000293 -7.336760 0.044289  
 7 7 12  -38.100081 4.657934 8.139605 0.044289 -25.227972 2.962733 5.076015 0.044289 -8.091634 0.426758 0.239936 0.044289 -23.391813 -2.403616 -4.774446 0.044289 -36.088676 -4.096065 -7.814112 0.044289  
 8 8 118  -35.695347 5.273121 8.896808 0.044289 -34.321668 5.089067 8.571886 0.044289 -32.306495 4.819044 8.095440 0.044289 -30.287985 4.548397 7.618250 0.044289 -28.906541 4.363228 7.291920 0.044289  
 9 10 15  -12.901726 2.254393 1.499088 -0.047651 -8.296644 1.258953 0.488135 -0.047651 -8.674226 -0.674778 -1.301261 -0.047651 -15.608240 -2.243152 -2.653762 -0.047651 -20.469206 -3.261576 -3.577627 -0.047651  
 10 11 16  -10.602730 2.069122 1.629397 -0.047651 -5.528259 1.062952 0.582189 -0.047651 -5.648482 -0.596421 -1.089695 -0.047651 -13.184621 -2.116970 -2.584003 -0.047651 -18.276701 -3.125910 -3.593220 -0.047651  
 11 12 17  -12.668372 2.096032 1.737740 -0.047651 -7.909190 1.148763 0.662684 -0.047651 -8.225650 -0.667418 -1.250654 -0.047651 -15.392906 -2.146731 -2.732522 -0.047651 -20.329981 -3.118540 -3.734503 -0.047651  
 12 13 18  -14.968320 2.272446 1.591533 -0.047651 -10.871286 1.309701 0.548735 -0.047651 -11.379644 -0.739307 -1.428573 -0.047651 -17.795498 -2.261510 -2.792751 -0.047651 -22.426657 -3.246633 -3.709158 -0.047651  
 13 5 6  0.000000 8.790521 -0.000000 -0.246058 0.000000 5.241279 -0.000000 -0.246058 0.000000 0.043826 0.000000 -0.246058 0.000000 -5.153626 0.000000 -0.246058 0.000000 -8.702869 0.000000 -0.246058  
 14 6 7  0.000000 -5.089011 -0.000000 0.380360 0.000000 -3.019481 -0.000000 0.380360 0.000000 0.011104 0.000000 0.380360 0.000000 3.041689 0.000000 0.380360 0.000000 5.111219 0.000000 0.380360  
 15 7 8  0.000000 8.710129 0.000000 -0.069429 0.000000 5.157940 0.000000 -0.069429 0.000000 -0.043826 0.000000 -0.069429 0.000000 -5.245593 -0.000000 -0.069429 0.000000 -8.797782 -0.000000 -0.069429  
 16 8 5  0.000000 -5.118479 0.000000 -0.040843 0.000000 -3.046004 0.000000 -0.040843 0.000000 -0.011104 0.000000 -0.040843 0.000000 3.023796 -0.000000 -0.040843 0.000000 5.096271 -0.000000 -0.040843  
 17 10 11  0.000000 9.484645 0.000000 -0.243447 0.000000 5.657074 0.000000 -0.243447 0.000000 0.052042 0.000000 -0.243447 0.000000 -5.552991 -0.000000 -0.243447 0.000000 -9.380561 -0.000000 -0.243447  
 18 11 12  0.000000 -6.416633 0.000000 0.349629 0.000000 -3.804116 0.000000 0.349629 0.000000 0.021610 0.000000 0.349629 0.000000 3.847336 -0.000000 0.349629 0.000000 6.459853 -0.000000 0.349629  
 19 12 13  0.000000 9.423548 -0.000000 -0.150855 0.000000 5.578534 -0.000000 -0.150855 0.000000 -0.052042 0.000000 -0.150855 0.000000 -5.682618 0.000000 -0.150855 0.000000 -9.527632 0.000000 -0.150855  
 20 13 10  0.000000 -6.502840 -0.000000 0.025761 0.000000 -3.872880 -0.000000 0.025761 0.000000 -0.021610 0.000000 0.025761 0.000000 3.829660 0.000000 0.025761 0.000000 6.459620 0.000000 0.025761  
 21 15 16  0.000000 3.684115 0.000000 -0.088445 0.000000 2.198016 0.000000 -0.088445 0.000000 0.021796 0.000000 -0.088445 0.000000 -2.154423 -0.000000 -0.088445 0.000000 -3.640522 -0.000000 -0.088445  
 22 16 17  0.000000 -3.203907 0.000000 0.092084 0.000000 -1.894885 0.000000 0.092084 0.000000 0.022026 0.000000 0.092084 0.000000 1.938937 -0.000000 0.092084 0.000000 3.247959 -0.000000 0.092084  
 23 17 18  0.000000 3.686487 -0.000000 -0.078805 0.000000 2.181736 -0.000000 -0.078805 0.000000 -0.021796 0.000000 -0.078805 0.000000 -2.225329 0.000000 -0.078805 0.000000 -3.730079 0.000000 -0.078805  
 24 18 15  0.000000 -3.293924 -0.000000 0.079085 0.000000 -1.966250 -0.000000 0.079085 0.000000 -0.022026 0.000000 0.079085 0.000000 1.922198 0.000000 0.079085 0.000000 3.249872 0.000000 0.079085  
 118 118 128  -35.653590 4.268626 7.125917 0.044289 -34.294641 4.085103 6.800778 0.044289 -32.303680 3.815147 6.324368 0.044289 -30.314656 3.544198 5.847273 0.044289 -28.955775 3.359014 5.520872 0.044289  
 128 128 138  -35.220079 3.266877 5.348665 0.044289 -34.004574 3.080996 5.029998 0.044289 -32.271424 2.808969 4.557945 0.044289 -30.593319 2.540546 4.076912 0.044289 -29.489774 2.356720 3.743116 0.044289  
 138 138 148  -33.515913 2.236965 3.549955 0.044289 -32.893166 2.075927 3.258623 0.044289 -32.146988 1.825199 2.807908 0.044289 -31.669692 1.543749 2.313242 0.044289 -31.563501 1.316878 1.935157 0.044289  
 148 148 158  -32.291177 1.257552 1.813663 0.044289 -32.300434 1.072613 1.487630 0.044289 -32.308383 0.802108 1.010614 0.044289 -32.309265 0.532029 0.534207 0.044289 -32.306083 0.347554 0.208519 0.044289  
 158 158 168  -32.333547 0.252906 0.042142 0.044289 -32.325139 0.068534 -0.283418 0.044289 -32.308607 -0.201533 -0.759946 0.044289 -32.284263 -0.472099 -1.236969 0.044289 -32.263774 -0.657031 -1.562847 0.044289  
 168 168 178  -32.115883 -0.720242 -1.690900 0.044289 -32.085794 -0.935695 -2.053673 0.044289 -32.143262 -1.230806 -2.562703 0.044289 -32.509970 -1.477403 -3.010829 0.044289 -32.906002 -1.628890 -3.291563 0.044289  
 178 178 188  -29.834323 -1.751364 -3.487106 0.044289 -30.749713 -1.941274 -3.827936 0.044289 -32.248433 -2.211001 -4.309187 0.044289 -33.831473 -2.479722 -4.779669 0.044289 -34.964485 -2.663923 -5.094279 0.044289  
 188 188 198  -28.999635 -2.758147 -5.270119 0.044289 -30.337628 -2.944032 -5.596412 0.044289 -32.302968 -3.214511 -6.073816 0.044289 -34.270023 -3.484207 -6.550283 0.044289 -35.614764 -3.668634 -6.874725 0.044289  
 198 198 13  -28.906974 -3.762715 -7.041183 0.044289 -30.288583 -3.947858 -7.367533 0.044289 -32.307385 -4.218488 -7.844754 0.044289 -34.320957 -4.488532 -8.321178 0.044289 -35.693005 -4.672603 -8.646061 0.044289  
