 1 1 5  -38.147977 -0.847154 0.381886 0.000025 -38.167700 -0.630464 0.316757 0.000025 -38.191671 -0.312987 0.221245 0.000025 -38.193040 0.003741 0.126151 0.000025 -38.178601 0.220503 0.060969 0.000025  
 2 2 6  -36.037326 -0.847760 0.382357 0.000025 -36.057034 -0.630996 0.317264 0.000025 -36.081142 -0.313402 0.221807 0.000025 -36.083505 0.004143 0.126167 0.000025 -36.068104 0.221035 0.060932 0.000025  
 3 3 7  -33.789495 -0.848424 0.383012 0.000025 -33.808882 -0.631701 0.317832 0.000025 -33.832077 -0.314191 0.222232 0.000025 -33.833729 0.004291 0.125770 0.000025 -33.819740 0.221205 0.060390 0.000025  
 4 4 8  -35.899222 -0.847866 0.382506 0.000025 -35.918750 -0.631228 0.317272 0.000025 -35.942548 -0.313832 0.221582 0.000025 -35.945176 0.003981 0.125874 0.000025 -35.929840 0.220770 0.060521 0.000025  
 5 5 10  -25.510660 -0.832225 0.809030 0.000005 -25.517329 -0.517258 0.540730 0.000005 -25.522172 -0.056274 0.148019 0.000005 -25.514538 0.404820 -0.244718 0.000005 -25.507275 0.719715 -0.512942 0.000005  
 6 6 11  -23.946859 -0.832492 0.809057 0.000005 -23.953575 -0.517493 0.540787 0.000005 -23.959520 -0.056227 0.147904 0.000005 -23.950858 0.404959 -0.244903 0.000005 -23.943527 0.719870 -0.513094 0.000005  
 7 7 12  -22.478207 -0.832393 0.809310 0.000005 -22.484825 -0.517466 0.541018 0.000005 -22.490181 -0.055963 0.147842 0.000005 -22.482606 0.405204 -0.245062 0.000005 -22.475345 0.720044 -0.513274 0.000005  
 8 8 118  -24.045626 -0.904428 0.870845 0.000005 -24.046358 -0.872938 0.844015 0.000005 -24.047414 -0.826824 0.804726 0.000005 -24.048449 -0.780710 0.765436 0.000005 -24.049144 -0.749219 0.738606 0.000005  
 9 10 15  -12.590604 -0.523345 0.725345 0.000250 -12.594283 -0.255977 0.391184 0.000250 -12.595893 0.135459 -0.098098 0.000250 -12.591675 0.527007 -0.587432 0.000250 -12.698360 0.773673 -0.900242 0.000250  
 10 11 16  -11.932297 -0.523411 0.726723 0.000250 -11.936004 -0.256030 0.391777 0.000250 -11.937594 0.135475 -0.098706 0.000250 -11.933347 0.527068 -0.589236 0.000250 -12.082401 0.766351 -0.895158 0.000250  
 11 12 17  -11.374379 -0.523285 0.725510 0.000250 -11.371722 -0.256503 0.391833 0.000250 -11.373334 0.136022 -0.098726 0.000250 -11.369052 0.528573 -0.589295 0.000250 -11.558473 0.761520 -0.888104 0.000250  
 12 13 18  -12.027633 -0.524466 0.725412 0.000250 -12.031346 -0.256455 0.391234 0.000250 -12.032948 0.136006 -0.098111 0.000250 -12.028661 0.528513 -0.587491 0.000250 -12.171193 0.769564 -0.893814 0.000250  
 13 5 6  0.000000 0.755224 -0.000000 -0.000425 0.000000 0.448738 -0.000000 -0.000425 0.000000 -0.000074 0.000000 -0.000425 0.000000 -0.448887 0.000000 -0.000425 0.000000 -0.755372 0.000000 -0.000425  
 14 6 7  0.000000 1.077189 0.000000 0.000430 0.000000 0.640050 0.000000 0.000430 0.000000 -0.000090 0.000000 0.000430 0.000000 -0.640229 -0.000000 0.000430 0.000000 -1.077368 -0.000000 0.000430  
 15 7 8  0.000000 0.755393 0.000000 -0.000364 0.000000 0.448899 0.000000 -0.000364 0.000000 0.000074 0.000000 -0.000364 0.000000 -0.448751 -0.000000 -0.000364 0.000000 -0.755245 -0.000000 -0.000364  
 16 8 5  0.000000 1.077347 -0.000000 0.000371 0.000000 0.640216 -0.000000 0.000371 0.000000 0.000090 0.000000 0.000371 0.000000 -0.640037 0.000000 0.000371 0.000000 -1.077168 0.000000 0.000371  
 17 10 11  0.000000 1.256968 -0.000000 0.000600 0.000000 0.746927 -0.000000 0.000600 0.000000 0.000031 0.000000 0.000600 0.000000 -0.746865 0.000000 0.000600 0.000000 -1.256907 0.000000 0.000600  
 18 11 12  0.000000 1.256696 -0.000000 -0.000841 0.000000 0.746761 -0.000000 -0.000841 0.000000 0.000020 0.000000 -0.000841 0.000000 -0.746721 0.000000 -0.000841 0.000000 -1.256656 0.000000 -0.000841  
 19 12 13  0.000000 1.256936 0.000000 0.000957 0.000000 0.746883 0.000000 0.000957 0.000000 -0.000031 0.000000 0.000957 0.000000 -0.746944 -0.000000 0.000957 0.000000 -1.256998 -0.000000 0.000957  
 20 13 10  0.000000 1.256627 0.000000 -0.000514 0.000000 0.746703 0.000000 -0.000514 0.000000 -0.000020 0.000000 -0.000514 0.000000 -0.746743 -0.000000 -0.000514 0.000000 -1.256666 -0.000000 -0.000514  
 21 15 16  0.000000 0.902625 0.000000 0.001589 0.000000 0.536526 0.000000 0.001589 0.000000 0.000418 0.000000 0.001589 0.000000 -0.535691 -0.000000 0.001589 0.000000 -0.901789 -0.000000 0.001589  
 22 16 17  0.000000 0.771980 0.000000 -0.001659 0.000000 0.458867 0.000000 -0.001659 0.000000 0.000350 0.000000 -0.001659 0.000000 -0.458167 -0.000000 -0.001659 0.000000 -0.771280 -0.000000 -0.001659  
 23 17 18  0.000000 0.901804 -0.000000 0.001876 0.000000 0.535699 -0.000000 0.001876 0.000000 -0.000418 0.000000 0.001876 0.000000 -0.536535 0.000000 0.001876 0.000000 -0.902639 0.000000 0.001876  
 24 18 15  0.000000 0.771265 -0.000000 -0.001393 0.000000 0.458159 -0.000000 -0.001393 0.000000 -0.000350 0.000000 -0.001393 0.000000 -0.458858 0.000000 -0.001393 0.000000 -0.771965 0.000000 -0.001393  
 118 118 128  -24.045748 -0.733150 0.724915 0.000005 -24.046430 -0.701660 0.698085 0.000005 -24.047413 -0.655546 0.658795 0.000005 -24.048377 -0.609432 0.619506 0.000005 -24.049025 -0.577941 0.592675 0.000005  
 128 128 138  -24.045872 -0.561871 0.578984 0.000005 -24.046505 -0.530382 0.552154 0.000005 -24.047416 -0.484268 0.512866 0.000005 -24.048304 -0.438154 0.473576 0.000005 -24.048890 -0.406662 0.446744 0.000005  
 138 138 148  -24.046068 -0.390592 0.433055 0.000005 -24.046627 -0.359104 0.406224 0.000005 -24.047420 -0.312991 0.366934 0.000005 -24.048182 -0.266876 0.327645 0.000005 -24.048685 -0.235384 0.300816 0.000005  
 148 148 158  -24.046481 -0.219312 0.287134 0.000005 -24.046957 -0.187827 0.260294 0.000005 -24.047602 -0.141715 0.220995 0.000005 -24.047974 -0.095594 0.181715 0.000005 -24.047588 -0.064109 0.154895 0.000005  
 158 158 168  -24.048720 -0.048040 0.141193 0.000005 -24.048205 -0.016547 0.114364 0.000005 -24.047418 0.029567 0.075074 0.000005 -24.046605 0.075680 0.035784 0.000005 -24.046036 0.107170 0.008954 0.000005  
 168 168 178  -24.048878 0.123240 -0.004736 0.000005 -24.048293 0.154730 -0.031567 0.000005 -24.047416 0.200844 -0.070857 0.000005 -24.046514 0.246958 -0.110146 0.000005 -24.045887 0.278448 -0.136975 0.000005  
 178 178 188  -24.049019 0.294517 -0.150667 0.000005 -24.048376 0.326008 -0.177497 0.000005 -24.047416 0.372123 -0.216787 0.000005 -24.046431 0.418236 -0.256076 0.000005 -24.045746 0.449726 -0.282906 0.000005  
 188 188 198  -24.049165 0.465795 -0.296597 0.000005 -24.048463 0.497286 -0.323427 0.000005 -24.047416 0.543400 -0.362717 0.000005 -24.046345 0.589514 -0.402007 0.000005 -24.045601 0.621004 -0.428836 0.000005  
 198 198 13  -24.049302 0.637073 -0.442527 0.000005 -24.048543 0.668564 -0.469358 0.000005 -24.047415 0.714678 -0.508648 0.000005 -24.046264 0.760792 -0.547937 0.000005 -24.045466 0.792282 -0.574766 0.000005  
