 1 1 5  -55.670612 8.833305 9.005424 0.175409 -43.460726 6.364054 6.505152 0.175409 -26.025134 2.570468 2.635999 0.175409 -26.358983 -2.672813 -2.733710 0.175409 -38.081542 -5.262082 -5.379929 0.175409  
 2 2 6  -40.303578 8.035371 8.365590 0.175409 -27.344954 5.536978 5.724970 0.175409 -7.389100 1.742629 1.697600 0.175409 -8.881542 -1.867435 -2.142199 0.175409 -22.441660 -4.438878 -4.882445 0.175409  
 3 3 7  -56.953820 8.686157 9.309381 0.175409 -44.811371 6.346408 6.675694 0.175409 -27.499646 2.777663 2.534524 0.175409 -27.831510 -2.278864 -3.187758 0.175409 -39.380345 -4.793214 -5.932487 0.175409  
 4 4 8  -70.935393 9.326027 9.771799 0.175409 -60.023111 6.985450 7.243419 0.175409 -47.306873 3.142661 3.034013 0.175409 -47.093475 -2.666780 -3.207484 0.175409 -54.576047 -5.433845 -6.169637 0.175409  
 5 5 10  -32.597739 5.798935 4.318229 -0.007042 -22.975454 3.653097 2.602273 -0.007042 -14.050599 -0.188774 -0.507421 -0.007042 -24.785351 -3.821894 -3.265082 -0.007042 -34.315691 -5.964782 -4.947815 -0.007042  
 6 6 11  -24.981536 5.245067 4.410193 -0.007042 -14.712739 3.095403 2.552800 -0.007042 -1.073970 -0.117530 -0.246631 -0.007042 -16.354764 -3.316991 -3.024957 -0.007042 -26.516175 -5.454350 -4.865944 -0.007042  
 7 7 12  -33.219202 5.284415 4.887839 -0.007042 -23.937576 3.315350 3.027677 -0.007042 -15.846342 -0.285771 -0.395164 -0.007042 -25.869793 -3.635977 -3.524185 -0.007042 -35.128875 -5.598020 -5.356258 -0.007042  
 8 8 118  -37.025621 6.320113 5.232230 -0.007042 -35.914632 6.080647 5.025599 -0.007042 -34.283593 5.729451 4.722431 -0.007042 -32.649311 5.377583 4.418518 -0.007042 -31.534624 5.136818 4.210467 -0.007042  
 9 10 15  -17.813461 3.912983 3.266054 -0.015963 -8.644458 1.986943 1.648844 -0.015963 -2.662220 -0.701499 -0.624404 -0.015963 -16.072806 -3.521088 -3.001450 -0.015963 -25.149382 -5.434653 -4.604936 -0.015963  
 10 11 16  -14.447123 3.670598 3.250568 -0.015963 -5.275015 1.744162 1.556354 -0.015963 0.380290 -0.484775 -0.445170 -0.015963 -12.609449 -3.281401 -2.925240 -0.015963 -21.810115 -5.190879 -4.614825 -0.015963  
 11 12 17  -18.015059 3.664486 3.481777 -0.015963 -9.031473 1.860996 1.784282 -0.015963 -3.283186 -0.735154 -0.668992 -0.015963 -16.463439 -3.382008 -3.158056 -0.015963 -25.355507 -5.173704 -4.840434 -0.015963  
 12 13 18  -21.170823 3.882687 3.468477 -0.015963 -12.423345 2.076150 1.856793 -0.015963 -7.102469 -0.947439 -0.834955 -0.015963 -19.759120 -3.599198 -3.203527 -0.015963 -28.431301 -5.392416 -4.802672 -0.015963  
 13 5 6  0.000000 10.494488 -0.000000 -0.802359 0.000000 6.279534 -0.000000 -0.802359 0.000000 0.107225 0.000000 -0.802359 0.000000 -6.065085 0.000000 -0.802359 0.000000 -10.280039 0.000000 -0.802359  
 14 6 7  0.000000 -10.587289 -0.000000 0.893982 0.000000 -6.243219 -0.000000 0.893982 0.000000 0.118164 0.000000 0.893982 0.000000 6.479548 0.000000 0.893982 0.000000 10.823617 0.000000 0.893982  
 15 7 8  0.000000 10.336080 0.000000 -0.484421 0.000000 6.098386 0.000000 -0.484421 0.000000 -0.107225 0.000000 -0.484421 0.000000 -6.312835 -0.000000 -0.484421 0.000000 -10.550529 -0.000000 -0.484421  
 16 8 5  0.000000 -10.879658 0.000000 0.572509 0.000000 -6.512849 0.000000 0.572509 0.000000 -0.118164 0.000000 0.572509 0.000000 6.276520 -0.000000 0.572509 0.000000 10.643330 -0.000000 0.572509  
 17 10 11  0.000000 8.659691 -0.000000 -0.474858 0.000000 5.159336 -0.000000 -0.474858 0.000000 0.033473 0.000000 -0.474858 0.000000 -5.092389 0.000000 -0.474858 0.000000 -8.592744 0.000000 -0.474858  
 18 11 12  0.000000 -9.619882 -0.000000 0.455311 0.000000 -5.693921 -0.000000 0.455311 0.000000 0.055193 0.000000 0.455311 0.000000 5.804307 0.000000 0.455311 0.000000 9.730268 0.000000 0.455311  
 19 12 13  0.000000 8.672786 0.000000 -0.223505 0.000000 5.139951 0.000000 -0.223505 0.000000 -0.033473 0.000000 -0.223505 0.000000 -5.206898 -0.000000 -0.223505 0.000000 -8.739732 -0.000000 -0.223505  
 20 13 10  0.000000 -9.810310 0.000000 0.250213 0.000000 -5.851869 0.000000 0.250213 0.000000 -0.055193 0.000000 0.250213 0.000000 5.741483 -0.000000 0.250213 0.000000 9.699924 -0.000000 0.250213  
 21 15 16  0.000000 4.639849 -0.000000 -0.152535 0.000000 2.775154 -0.000000 -0.152535 0.000000 0.044526 0.000000 -0.152535 0.000000 -2.686102 0.000000 -0.152535 0.000000 -4.550797 0.000000 -0.152535  
 22 16 17  0.000000 -5.100517 -0.000000 0.145161 0.000000 -3.005484 -0.000000 0.145161 0.000000 0.062449 0.000000 0.145161 0.000000 3.130382 0.000000 0.145161 0.000000 5.225415 0.000000 0.145161  
 23 17 18  0.000000 4.640585 0.000000 -0.134847 0.000000 2.739456 0.000000 -0.134847 0.000000 -0.044526 0.000000 -0.134847 0.000000 -2.828508 -0.000000 -0.134847 0.000000 -4.729637 -0.000000 -0.134847  
 24 18 15  0.000000 -5.315204 0.000000 0.123114 0.000000 -3.183736 0.000000 0.123114 0.000000 -0.062449 0.000000 0.123114 0.000000 3.058838 -0.000000 0.123114 0.000000 5.190306 -0.000000 0.123114  
 118 118 128  -36.709467 5.012424 4.104081 -0.007042 -35.711700 4.775241 3.897697 -0.007042 -34.267891 4.425004 3.595406 -0.007042 -32.842571 4.071394 3.292841 -0.007042 -31.908022 3.830070 3.079648 -0.007042  
 128 128 138  -35.698729 3.693683 2.965089 -0.007042 -35.052927 3.469239 2.770249 -0.007042 -34.193861 3.129168 2.477128 -0.007042 -33.489139 2.769292 2.166208 -0.007042 -33.121168 2.506647 1.939678 -0.007042  
 138 138 148  -34.357996 2.388785 1.836287 -0.007042 -34.259523 2.168571 1.648017 -0.007042 -34.256566 1.817545 1.345120 -0.007042 -34.286585 1.458697 1.034443 -0.007042 -34.303174 1.213666 0.822320 -0.007042  
 148 148 158  -34.269563 1.098067 0.723300 -0.007042 -34.278825 0.857486 0.515447 -0.007042 -34.285144 0.505883 0.211816 -0.007042 -34.286165 0.154551 -0.091496 -0.007042 -34.284844 -0.085383 -0.298627 -0.007042  
 158 158 168  -34.309534 -0.208345 -0.404883 -0.007042 -34.302633 -0.448173 -0.611927 -0.007042 -34.286501 -0.799421 -0.915245 -0.007042 -34.262153 -1.151246 -1.219060 -0.007042 -34.242028 -1.391628 -1.426584 -0.007042  
 168 168 178  -34.086802 -1.483944 -1.502663 -0.007042 -34.058098 -1.757028 -1.742650 -0.007042 -34.169914 -2.125670 -2.062838 -0.007042 -34.481706 -2.458315 -2.347503 -0.007042 -34.795164 -2.669373 -2.527100 -0.007042  
 178 178 188  -32.529520 -2.808867 -2.652030 -0.007042 -33.164351 -3.062631 -2.868576 -0.007042 -34.238960 -3.415740 -3.174946 -0.007042 -35.375457 -3.763796 -3.472873 -0.007042 -36.186652 -3.994441 -3.677134 -0.007042  
 188 188 198  -31.676871 -4.123733 -3.786116 -0.007042 -32.723099 -4.365013 -3.995220 -0.007042 -34.273863 -4.718751 -4.297722 -0.007042 -35.839696 -5.068556 -4.601456 -0.007042 -36.909060 -5.306454 -4.808893 -0.007042  
 198 198 13  -31.482802 -5.430526 -4.913987 -0.007042 -32.621551 -5.671182 -5.121956 -0.007042 -34.284940 -6.023073 -5.425879 -0.007042 -35.943165 -6.374294 -5.729076 -0.007042 -37.072649 -6.613764 -5.935702 -0.007042  
