 1 1 5  -34.043200 -0.110187 -3.515094 -0.001748 -33.990189 -0.068935 -2.456650 -0.001748 -34.027844 0.002135 -0.880366 -0.001748 -34.030031 0.072890 0.697435 -0.001748 -34.007266 0.121456 1.773983 -0.001748  
 2 2 6  -37.773447 -0.117668 -3.530855 -0.001748 -37.806063 -0.069303 -2.454969 -0.001748 -37.844573 0.001830 -0.879296 -0.001748 -37.847336 0.073157 0.696093 -0.001748 -37.823487 0.121751 1.772094 -0.001748  
 3 3 7  -37.930483 -0.118287 -3.529855 -0.001748 -37.962784 -0.069936 -2.454126 -0.001748 -38.000327 0.001142 -0.878746 -0.001748 -38.002756 0.073281 0.695616 -0.001748 -37.980093 0.121899 1.771339 -0.001748  
 4 4 8  -34.186056 -0.111143 -3.517225 -0.001748 -34.147945 -0.069558 -2.455761 -0.001748 -34.185587 0.001451 -0.879732 -0.001748 -34.188551 0.072972 0.696842 -0.001748 -34.165091 0.121579 1.773169 -0.001748  
 5 5 10  -23.115634 0.126798 -1.163219 0.000124 -23.125759 0.089825 -0.540462 0.000124 -23.134020 0.035482 0.371976 0.000124 -23.122296 -0.018819 1.284028 0.000124 -23.111169 -0.055909 1.906723 0.000124  
 6 6 11  -24.712469 0.126569 -1.162179 0.000124 -24.722708 0.089666 -0.539520 0.000124 -24.731595 0.035516 0.372112 0.000124 -24.719109 -0.018730 1.283877 0.000124 -24.707847 -0.055776 1.906519 0.000124  
 7 7 12  -24.867151 0.126640 -1.161964 0.000124 -24.877289 0.089647 -0.539352 0.000124 -24.885340 0.035591 0.371978 0.000124 -24.873353 -0.018674 1.283581 0.000124 -24.862107 -0.055810 1.906179 0.000124  
 8 8 118  -23.275845 0.135422 -1.306013 0.000124 -23.276988 0.131713 -1.243738 0.000124 -23.278632 0.126282 -1.152542 0.000124 -23.280236 0.120852 -1.061344 0.000124 -23.281306 0.117144 -0.999067 0.000124  
 9 10 15  -11.789574 0.065968 0.183206 0.000009 -11.795472 0.034738 0.250899 0.000009 -11.798180 -0.010985 0.350168 0.000009 -11.791391 -0.056717 0.449345 0.000009 -11.784241 -0.087987 0.517010 0.000009  
 10 11 16  -12.140150 0.065947 0.182897 0.000009 -12.146057 0.034720 0.250692 0.000009 -12.148842 -0.010970 0.349993 0.000009 -12.141980 -0.056683 0.449253 0.000009 -12.134803 -0.087948 0.517032 0.000009  
 11 12 17  -12.203133 0.065961 0.182930 0.000009 -12.208984 0.034711 0.250715 0.000009 -12.211647 -0.010948 0.349946 0.000009 -12.204946 -0.056658 0.449214 0.000009 -12.197809 -0.087945 0.516985 0.000009  
 12 13 18  -11.852546 0.065982 0.183241 0.000009 -11.858403 0.034729 0.250923 0.000009 -11.861045 -0.010962 0.350120 0.000009 -11.854341 -0.056694 0.449304 0.000009 -11.847225 -0.087985 0.516962 0.000009  
 13 5 6  0.000000 -3.051015 -0.000000 -0.001009 0.000000 -1.812939 -0.000000 -0.001009 0.000000 0.000080 0.000000 -0.001009 0.000000 1.813098 0.000000 -0.001009 0.000000 3.051175 0.000000 -0.001009  
 14 6 7  0.000000 -0.002724 0.000000 0.000539 0.000000 -0.001647 0.000000 0.000539 0.000000 -0.000070 0.000000 0.000539 0.000000 0.001506 -0.000000 0.000539 0.000000 0.002583 -0.000000 0.000539  
 15 7 8  0.000000 -3.051175 0.000000 -0.000996 0.000000 -1.813098 0.000000 -0.000996 0.000000 -0.000080 0.000000 -0.000996 0.000000 1.812939 -0.000000 -0.000996 0.000000 3.051015 -0.000000 -0.000996  
 16 8 5  0.000000 -0.002583 -0.000000 0.000255 0.000000 -0.001506 -0.000000 0.000255 0.000000 0.000070 0.000000 0.000255 0.000000 0.001647 0.000000 0.000255 0.000000 0.002724 0.000000 0.000255  
 17 10 11  0.000000 -1.721445 -0.000000 -0.000108 0.000000 -1.022950 -0.000000 -0.000108 0.000000 -0.000086 0.000000 -0.000108 0.000000 1.022779 0.000000 -0.000108 0.000000 1.721273 0.000000 -0.000108  
 18 11 12  0.000000 -0.126129 0.000000 0.000232 0.000000 -0.074953 0.000000 0.000232 0.000000 -0.000012 0.000000 0.000232 0.000000 0.074929 -0.000000 0.000232 0.000000 0.126105 -0.000000 0.000232  
 19 12 13  0.000000 -1.721267 0.000000 -0.000111 0.000000 -1.022775 0.000000 -0.000111 0.000000 0.000086 0.000000 -0.000111 0.000000 1.022946 -0.000000 -0.000111 0.000000 1.721439 -0.000000 -0.000111  
 20 13 10  0.000000 -0.126112 -0.000000 0.000251 0.000000 -0.074933 -0.000000 0.000251 0.000000 0.000012 0.000000 0.000251 0.000000 0.074957 0.000000 0.000251 0.000000 0.126135 0.000000 0.000251  
 21 15 16  0.000000 -0.484189 -0.000000 -0.000021 0.000000 -0.287715 -0.000000 -0.000021 0.000000 -0.000001 0.000000 -0.000021 0.000000 0.287712 0.000000 -0.000021 0.000000 0.484186 0.000000 -0.000021  
 22 16 17  0.000000 -0.086904 0.000000 0.000030 0.000000 -0.051644 0.000000 0.000030 0.000000 -0.000010 0.000000 0.000030 0.000000 0.051624 -0.000000 0.000030 0.000000 0.086884 -0.000000 0.000030  
 23 17 18  0.000000 -0.484178 0.000000 -0.000021 0.000000 -0.287707 0.000000 -0.000021 0.000000 0.000001 0.000000 -0.000021 0.000000 0.287710 -0.000000 -0.000021 0.000000 0.484181 -0.000000 -0.000021  
 24 18 15  0.000000 -0.086891 -0.000000 0.000032 0.000000 -0.051628 -0.000000 0.000032 0.000000 0.000010 0.000000 0.000032 0.000000 0.051648 0.000000 0.000032 0.000000 0.086911 0.000000 0.000032  
 118 118 128  -23.276116 0.115250 -0.967287 0.000124 -23.277156 0.111543 -0.905012 0.000124 -23.278637 0.106113 -0.813816 0.000124 -23.280069 0.100682 -0.722619 0.000124 -23.281022 0.096973 -0.660341 0.000124  
 128 128 138  -23.276397 0.095081 -0.628563 0.000124 -23.277316 0.091372 -0.566287 0.000124 -23.278631 0.085942 -0.475090 0.000124 -23.279908 0.080512 -0.383893 0.000124 -23.280754 0.076803 -0.321617 0.000124  
 138 138 148  -23.276678 0.074911 -0.289837 0.000124 -23.277494 0.071203 -0.227561 0.000124 -23.278644 0.065772 -0.136365 0.000124 -23.279732 0.060341 -0.045168 0.000124 -23.280438 0.056633 0.017110 0.000124  
 148 148 158  -23.277488 0.054744 0.048919 0.000124 -23.278116 0.051031 0.111165 0.000124 -23.278875 0.045601 0.202334 0.000124 -23.279197 0.040165 0.293565 0.000124 -23.278899 0.036473 0.355857 0.000124  
 158 158 168  -23.280330 0.034563 0.387606 0.000124 -23.279722 0.030864 0.449893 0.000124 -23.278663 0.025435 0.541090 0.000124 -23.277523 0.020001 0.632283 0.000124 -23.276702 0.016288 0.694557 0.000124  
 168 168 178  -23.280788 0.014397 0.726339 0.000124 -23.279933 0.010692 0.788616 0.000124 -23.278634 0.005263 0.879813 0.000124 -23.277293 -0.000170 0.971009 0.000124 -23.276353 -0.003879 1.033286 0.000124  
 178 178 188  -23.281053 -0.005772 1.065064 0.000124 -23.280084 -0.009478 1.127342 0.000124 -23.278632 -0.014908 1.218539 0.000124 -23.277139 -0.020339 1.309735 0.000124 -23.276099 -0.024049 1.372011 0.000124  
 188 188 198  -23.281291 -0.025941 1.403790 0.000124 -23.280226 -0.029648 1.466067 0.000124 -23.278634 -0.035079 1.557264 0.000124 -23.276998 -0.040510 1.648461 0.000124 -23.275856 -0.044218 1.710736 0.000124  
 198 198 13  -23.281682 -0.046112 1.742516 0.000124 -23.280461 -0.049819 1.804793 0.000124 -23.278633 -0.055248 1.895989 0.000124 -23.276764 -0.060680 1.987186 0.000124 -23.275464 -0.064390 2.049463 0.000124  
