 1 1 5  -34.957073 0.861274 -0.396485 0.000023 -34.960229 0.609055 -0.284576 0.000023 -34.964405 0.239665 -0.120697 0.000023 -34.965593 -0.129943 0.043411 0.000023 -34.963056 -0.382241 0.155355 0.000023  
 2 2 6  -35.706597 0.861218 -0.396345 0.000023 -35.709798 0.609002 -0.284410 0.000023 -35.714161 0.239613 -0.120492 0.000023 -35.715186 -0.129922 0.043407 0.000023 -35.712504 -0.382199 0.155319 0.000023  
 3 3 7  -37.031568 0.861065 -0.396266 0.000023 -37.034832 0.608831 -0.284334 0.000023 -37.039195 0.239419 -0.120416 0.000023 -37.040311 -0.129831 0.043318 0.000023 -37.037654 -0.382117 0.155240 0.000023  
 4 4 8  -36.281930 0.861130 -0.396418 0.000023 -36.285155 0.608896 -0.284513 0.000023 -36.289470 0.239498 -0.120648 0.000023 -36.290928 -0.129880 0.043364 0.000023 -36.288154 -0.382171 0.155296 0.000023  
 5 5 10  -23.411375 0.419712 -0.248260 -0.000005 -23.413039 0.231881 -0.145834 -0.000005 -23.414556 -0.043263 0.004229 -0.000005 -23.412671 -0.318363 0.154267 -0.000005 -23.410944 -0.506186 0.256696 -0.000005  
 6 6 11  -23.860277 0.419679 -0.248282 -0.000005 -23.861979 0.231851 -0.145819 -0.000005 -23.863583 -0.043270 0.004224 -0.000005 -23.861477 -0.318341 0.154235 -0.000005 -23.859755 -0.506161 0.256695 -0.000005  
 7 7 12  -24.585466 0.419729 -0.248253 -0.000005 -24.587191 0.231869 -0.145791 -0.000005 -24.588788 -0.043199 0.004194 -0.000005 -24.586702 -0.318309 0.154207 -0.000005 -24.584946 -0.506162 0.256666 -0.000005  
 8 8 118  -24.137714 0.462912 -0.271774 -0.000005 -24.137894 0.444125 -0.261530 -0.000005 -24.138156 0.416614 -0.246528 -0.000005 -24.138416 0.389102 -0.231526 -0.000005 -24.138591 0.370315 -0.221281 -0.000005  
 9 10 15  -11.797213 0.156150 -0.134152 -0.000001 -11.797783 0.054830 -0.060371 -0.000001 -11.797918 -0.093562 0.047688 -0.000001 -11.797092 -0.241931 0.155726 -0.000001 -11.796448 -0.343241 0.229505 -0.000001  
 10 11 16  -11.960178 0.156144 -0.134169 -0.000001 -11.960755 0.054825 -0.060378 -0.000001 -11.960837 -0.093558 0.047671 -0.000001 -11.960041 -0.241925 0.155718 -0.000001 -11.959400 -0.343235 0.229509 -0.000001  
 11 12 17  -12.202367 0.156157 -0.134163 -0.000001 -12.202954 0.054831 -0.060373 -0.000001 -12.203027 -0.093544 0.047666 -0.000001 -12.202224 -0.241921 0.155712 -0.000001 -12.201577 -0.343238 0.229502 -0.000001  
 12 13 18  -12.039406 0.156163 -0.134147 -0.000001 -12.039992 0.054838 -0.060367 -0.000001 -12.040113 -0.093549 0.047685 -0.000001 -12.039276 -0.241927 0.155720 -0.000001 -12.038625 -0.343244 0.229499 -0.000001  
 13 5 6  0.000000 -0.415281 0.000000 -0.000039 0.000000 -0.246775 0.000000 -0.000039 0.000000 -0.000017 0.000000 -0.000039 0.000000 0.246741 -0.000000 -0.000039 0.000000 0.415248 -0.000000 -0.000039  
 14 6 7  0.000000 -0.828429 0.000000 0.000063 0.000000 -0.492276 0.000000 0.000063 0.000000 -0.000018 0.000000 0.000063 0.000000 0.492240 -0.000000 0.000063 0.000000 0.828393 -0.000000 0.000063  
 15 7 8  0.000000 -0.415245 -0.000000 -0.000048 0.000000 -0.246740 -0.000000 -0.000048 0.000000 0.000017 0.000000 -0.000048 0.000000 0.246774 0.000000 -0.000048 0.000000 0.415279 0.000000 -0.000048  
 16 8 5  0.000000 -0.828396 -0.000000 0.000044 0.000000 -0.492241 -0.000000 0.000044 0.000000 0.000018 0.000000 0.000044 0.000000 0.492277 0.000000 0.000044 0.000000 0.828432 0.000000 0.000044  
 17 10 11  0.000000 -0.394926 0.000000 -0.000019 0.000000 -0.234675 0.000000 -0.000019 0.000000 -0.000005 0.000000 -0.000019 0.000000 0.234664 -0.000000 -0.000019 0.000000 0.394915 -0.000000 -0.000019  
 18 11 12  0.000000 -0.667063 0.000000 0.000026 0.000000 -0.396383 0.000000 0.000026 0.000000 -0.000004 0.000000 0.000026 0.000000 0.396376 -0.000000 0.000026 0.000000 0.667056 -0.000000 0.000026  
 19 12 13  0.000000 -0.394912 -0.000000 -0.000025 0.000000 -0.234662 -0.000000 -0.000025 0.000000 0.000005 0.000000 -0.000025 0.000000 0.234673 0.000000 -0.000025 0.000000 0.394923 0.000000 -0.000025  
 20 13 10  0.000000 -0.667059 -0.000000 0.000018 0.000000 -0.396378 -0.000000 0.000018 0.000000 0.000004 0.000000 0.000018 0.000000 0.396385 0.000000 0.000018 0.000000 0.667066 0.000000 0.000018  
 21 15 16  0.000000 -0.225035 0.000000 -0.000003 0.000000 -0.133721 0.000000 -0.000003 0.000000 -0.000002 0.000000 -0.000003 0.000000 0.133717 -0.000000 -0.000003 0.000000 0.225031 -0.000000 -0.000003  
 22 16 17  0.000000 -0.334470 0.000000 0.000003 0.000000 -0.198748 0.000000 0.000003 0.000000 -0.000001 0.000000 0.000003 0.000000 0.198747 -0.000000 0.000003 0.000000 0.334468 -0.000000 0.000003  
 23 17 18  0.000000 -0.225028 -0.000000 -0.000003 0.000000 -0.133715 -0.000000 -0.000003 0.000000 0.000002 0.000000 -0.000003 0.000000 0.133719 0.000000 -0.000003 0.000000 0.225031 0.000000 -0.000003  
 24 18 15  0.000000 -0.334472 -0.000000 0.000003 0.000000 -0.198749 -0.000000 0.000003 0.000000 0.000001 0.000000 0.000003 0.000000 0.198750 0.000000 0.000003 0.000000 0.334473 0.000000 0.000003  
 118 118 128  -24.137732 0.360728 -0.216053 -0.000005 -24.137905 0.341941 -0.205809 -0.000005 -24.138157 0.314430 -0.190807 -0.000005 -24.138405 0.286918 -0.175805 -0.000005 -24.138573 0.268131 -0.165560 -0.000005  
 128 128 138  -24.137752 0.258544 -0.160332 -0.000005 -24.137917 0.239757 -0.150088 -0.000005 -24.138157 0.212246 -0.135086 -0.000005 -24.138393 0.184734 -0.120084 -0.000005 -24.138551 0.165947 -0.109839 -0.000005  
 138 138 148  -24.137784 0.156360 -0.104611 -0.000005 -24.137938 0.137573 -0.094367 -0.000005 -24.138158 0.110062 -0.079364 -0.000005 -24.138373 0.082550 -0.064362 -0.000005 -24.138515 0.063763 -0.054118 -0.000005  
 148 148 158  -24.137921 0.054174 -0.048880 -0.000005 -24.138053 0.035389 -0.038645 -0.000005 -24.138217 0.007881 -0.023653 -0.000005 -24.138253 -0.019634 -0.008641 -0.000005 -24.138247 -0.038423 0.001614 -0.000005  
 158 158 168  -24.138404 -0.048010 0.006826 -0.000005 -24.138328 -0.066794 0.017076 -0.000005 -24.138180 -0.094305 0.032080 -0.000005 -24.137986 -0.121818 0.047080 -0.000005 -24.137836 -0.140606 0.057320 -0.000005  
 168 168 178  -24.138550 -0.150191 0.062552 -0.000005 -24.138393 -0.168978 0.072797 -0.000005 -24.138157 -0.196490 0.087799 -0.000005 -24.137918 -0.224001 0.102801 -0.000005 -24.137752 -0.242788 0.113045 -0.000005  
 178 178 188  -24.138571 -0.252375 0.118273 -0.000005 -24.138404 -0.271162 0.128518 -0.000005 -24.138157 -0.298674 0.143520 -0.000005 -24.137906 -0.326185 0.158522 -0.000005 -24.137734 -0.344972 0.168766 -0.000005  
 188 188 198  -24.138588 -0.354559 0.173994 -0.000005 -24.138414 -0.373346 0.184239 -0.000005 -24.138156 -0.400858 0.199241 -0.000005 -24.137896 -0.428369 0.214243 -0.000005 -24.137717 -0.447156 0.224487 -0.000005  
 198 198 13  -24.138604 -0.456743 0.229715 -0.000005 -24.138423 -0.475530 0.239960 -0.000005 -24.138156 -0.503042 0.254962 -0.000005 -24.137887 -0.530553 0.269964 -0.000005 -24.137702 -0.549340 0.280208 -0.000005  
