 1 1 5  -32.991222 3.219537 -1.972812 -0.001346 -31.978147 2.395236 -1.508691 -0.001346 -31.893820 0.930332 -0.612168 -0.001346 -31.896357 -0.561223 0.309592 -0.001346 -31.871880 -1.579568 0.938504 -0.001346  
 2 2 6  -36.174767 3.284445 -2.020394 -0.001346 -35.433513 2.414193 -1.523841 -0.001346 -35.446649 0.929954 -0.612702 -0.001346 -35.450316 -0.560986 0.304323 -0.001346 -35.424305 -1.579218 0.930680 -0.001346  
 3 3 7  -40.298782 3.344030 -2.074525 -0.001346 -39.882035 2.417778 -1.529257 -0.001346 -39.926978 0.931479 -0.612158 -0.001346 -39.931792 -0.553995 0.303831 -0.001346 -39.904785 -1.568959 0.930068 -0.001346  
 4 4 8  -37.045062 3.295066 -2.037356 -0.001346 -36.372427 2.415662 -1.529487 -0.001346 -36.404578 0.931851 -0.611584 -0.001346 -36.409247 -0.554238 0.309282 -0.001346 -36.382054 -1.569320 0.937849 -0.001346  
 5 5 10  -21.984708 1.566616 -1.140083 0.003654 -21.901310 0.821964 -0.653199 0.003654 -21.910293 -0.296880 0.086825 0.003654 -21.895918 -1.415261 0.826688 0.003654 -22.420239 -2.076485 1.242574 0.003654  
 6 6 11  -23.907581 1.578688 -1.142343 0.003654 -23.886395 0.821817 -0.647296 0.003654 -23.895758 -0.296829 0.087402 0.003654 -23.880234 -1.415091 0.822011 0.003654 -24.225748 -2.108453 1.261732 0.003654  
 7 7 12  -25.991347 1.574115 -1.148755 0.003654 -26.003667 0.814316 -0.647188 0.003654 -26.012615 -0.298487 0.087248 0.003654 -25.996444 -1.410964 0.821741 0.003654 -26.202833 -2.127118 1.283472 0.003654  
 8 8 118  -24.138813 1.726729 -1.254119 0.003654 -24.098669 1.655396 -1.207978 0.003654 -24.056746 1.547903 -1.137422 0.003654 -24.035788 1.436181 -1.063055 0.003654 -24.037109 1.356744 -1.009185 0.003654  
 9 10 15  -11.362531 0.003849 -0.475927 0.000479 -11.369397 -0.158631 -0.184727 0.000479 -11.372814 -0.396545 0.241692 0.000479 -11.381225 -0.631311 0.664892 0.000479 -11.576848 -0.757842 0.918219 0.000479  
 10 11 16  -12.038920 0.003825 -0.470459 0.000479 -12.045797 -0.158648 -0.181138 0.000479 -12.049056 -0.396515 0.242404 0.000479 -12.043785 -0.634028 0.665523 0.000479 -12.198379 -0.766811 0.923988 0.000479  
 11 12 17  -12.583660 -0.000172 -0.470447 0.000479 -12.590592 -0.161242 -0.181143 0.000479 -12.593594 -0.396979 0.242363 0.000479 -12.586372 -0.632819 0.665918 0.000479 -12.706310 -0.770280 0.930500 0.000479  
 12 13 18  -11.909926 -0.000143 -0.475913 0.000479 -11.916849 -0.161222 -0.184724 0.000479 -11.920038 -0.397004 0.241649 0.000479 -11.917405 -0.631904 0.667078 0.000479 -12.078441 -0.762253 0.926318 0.000479  
 13 5 6  0.000000 -2.111484 -0.000000 0.013573 0.000000 -1.254231 -0.000000 0.013573 0.000000 0.001117 0.000000 0.013573 0.000000 1.256466 0.000000 0.013573 0.000000 2.113719 0.000000 0.013573  
 14 6 7  0.000000 -3.222171 0.000000 -0.009097 0.000000 -1.914023 0.000000 -0.009097 0.000000 0.001607 0.000000 -0.009097 0.000000 1.917236 -0.000000 -0.009097 0.000000 3.225384 -0.000000 -0.009097  
 15 7 8  0.000000 -2.114072 0.000000 0.009701 0.000000 -1.256675 0.000000 0.009701 0.000000 -0.001117 0.000000 0.009701 0.000000 1.254440 -0.000000 0.009701 0.000000 2.111837 -0.000000 0.009701  
 16 8 5  0.000000 -3.225031 -0.000000 -0.012232 0.000000 -1.917027 -0.000000 -0.012232 0.000000 -0.001607 0.000000 -0.012232 0.000000 1.913814 0.000000 -0.012232 0.000000 3.221818 0.000000 -0.012232  
 17 10 11  0.000000 -1.780665 -0.000000 0.009106 0.000000 -1.057786 -0.000000 0.009106 0.000000 0.000786 0.000000 0.009106 0.000000 1.059359 0.000000 0.009106 0.000000 1.782238 0.000000 0.009106  
 18 11 12  0.000000 -2.148818 -0.000000 -0.005824 0.000000 -1.276641 -0.000000 -0.005824 0.000000 0.000561 0.000000 -0.005824 0.000000 1.277762 0.000000 -0.005824 0.000000 2.149939 0.000000 -0.005824  
 19 12 13  0.000000 -1.782599 0.000000 0.009071 0.000000 -1.059573 0.000000 0.009071 0.000000 -0.000786 0.000000 0.009071 0.000000 1.058000 -0.000000 0.009071 0.000000 1.781026 -0.000000 0.009071  
 20 13 10  0.000000 -2.149578 0.000000 -0.005928 0.000000 -1.277548 0.000000 -0.005928 0.000000 -0.000561 0.000000 -0.005928 0.000000 1.276426 -0.000000 -0.005928 0.000000 2.148457 -0.000000 -0.005928  
 21 15 16  0.000000 -0.920409 0.000000 0.002600 0.000000 -0.546805 0.000000 0.002600 0.000000 0.000294 0.000000 0.002600 0.000000 0.547393 -0.000000 0.002600 0.000000 0.920997 -0.000000 0.002600  
 22 16 17  0.000000 -0.745065 0.000000 -0.001334 0.000000 -0.442635 0.000000 -0.001334 0.000000 0.000240 0.000000 -0.001334 0.000000 0.443114 -0.000000 -0.001334 0.000000 0.745544 -0.000000 -0.001334  
 23 17 18  0.000000 -0.921390 -0.000000 0.001829 0.000000 -0.547627 -0.000000 0.001829 0.000000 -0.000294 0.000000 0.001829 0.000000 0.547039 0.000000 0.001829 0.000000 0.920802 0.000000 0.001829  
 24 18 15  0.000000 -0.745151 -0.000000 -0.002243 0.000000 -0.442880 -0.000000 -0.002243 0.000000 -0.000240 0.000000 -0.002243 0.000000 0.442401 0.000000 -0.002243 0.000000 0.744672 0.000000 -0.002243  
 118 118 128  -24.066144 1.322399 -0.987578 0.003654 -24.067399 1.247425 -0.937973 0.003654 -24.069193 1.137633 -0.865332 0.003654 -24.070928 1.027838 -0.792688 0.003654 -24.072075 0.952860 -0.743079 0.003654  
 128 128 138  -24.066539 0.914598 -0.717763 0.003654 -24.067641 0.839627 -0.668161 0.003654 -24.069206 0.729837 -0.595522 0.003654 -24.070687 0.620041 -0.522876 0.003654 -24.071647 0.545058 -0.473263 0.003654  
 138 138 148  -24.067092 0.506810 -0.447957 0.003654 -24.067981 0.431828 -0.398348 0.003654 -24.069212 0.322031 -0.325703 0.003654 -24.070347 0.212242 -0.253063 0.003654 -24.071078 0.137271 -0.203458 0.003654  
 148 148 158  -24.068045 0.098993 -0.178100 0.003654 -24.068704 0.024030 -0.128536 0.003654 -24.069461 -0.085750 -0.055930 0.003654 -24.069642 -0.195564 0.016754 0.003654 -24.069492 -0.270536 0.066393 0.003654  
 158 158 168  -24.071232 -0.308806 0.091660 0.003654 -24.070527 -0.383765 0.141280 0.003654 -24.069263 -0.493555 0.213923 0.003654 -24.067820 -0.603356 0.286561 0.003654 -24.066778 -0.678339 0.336164 0.003654  
 168 168 178  -24.071947 -0.716590 0.361482 0.003654 -24.070853 -0.791566 0.411089 0.003654 -24.069195 -0.901361 0.483732 0.003654 -24.067474 -1.011154 0.556375 0.003654 -24.066266 -1.086128 0.605980 0.003654  
 178 178 188  -24.072328 -1.124387 0.631293 0.003654 -24.071076 -1.199365 0.680901 0.003654 -24.069195 -1.309159 0.753545 0.003654 -24.067251 -1.418951 0.826187 0.003654 -24.065885 -1.493927 0.875791 0.003654  
 188 188 198  -24.024000 -1.527672 0.897035 0.003654 -24.024894 -1.607969 0.951576 0.003654 -24.056232 -1.719556 1.025513 0.003654 -24.107747 -1.826987 1.096229 0.003654 -24.156826 -1.897894 1.142292 0.003654  
 198 198 13  -23.835237 -1.936581 1.168296 0.003654 -23.914961 -2.015387 1.220839 0.003654 -24.054656 -2.126989 1.294954 0.003654 -24.220528 -2.234638 1.365753 0.003654 -24.343618 -2.306524 1.413240 0.003654  
