 1 1 5  -36.971533 8.457143 -1.477300 0.521284 -28.322969 6.074629 -1.146620 0.521284 -15.279188 2.403495 -0.822240 0.521284 -15.156246 -2.464792 -0.429011 0.521284 -23.914473 -4.960793 -0.091432 0.521284  
 2 2 6  -45.481084 9.174974 -1.410698 0.521284 -36.960217 6.750785 -1.135545 0.521284 -25.399775 2.852903 -0.983769 0.521284 -25.262895 -2.948613 -0.594893 0.521284 -32.712458 -5.619803 -0.224836 0.521284  
 3 3 7  -59.640787 9.976961 -1.589889 0.521284 -52.779832 7.637700 -1.305279 0.521284 -47.132401 3.204767 -1.116320 0.521284 -47.033907 -2.594224 -0.671865 0.521284 -48.449351 -6.034874 -0.235947 0.521284  
 4 4 8  -51.797807 9.400067 -1.663767 0.521284 -44.529045 7.125330 -1.334936 0.521284 -36.525152 3.171648 -1.092539 0.521284 -36.294701 -2.571482 -0.572352 0.521284 -39.600645 -5.616775 -0.089436 0.521284  
 5 5 10  -24.280919 4.786283 -3.587846 0.161221 -16.360373 2.913550 -2.358568 0.161221 -6.337897 -0.192295 -0.598472 0.161221 -15.814421 -3.179814 1.560110 0.161221 -23.632180 -5.015744 2.831347 0.161221  
 6 6 11  -29.829859 5.177424 -3.672265 0.161221 -22.321546 3.270527 -2.517425 0.161221 -15.298662 -0.200667 -0.631140 0.161221 -21.756580 -3.607915 1.582301 0.161221 -29.213259 -5.450093 2.822797 0.161221  
 7 7 12  -38.197309 5.096755 -4.116185 0.161221 -32.539234 3.278518 -2.967426 0.161221 -29.767112 -0.287606 -0.631430 0.161221 -31.909290 -3.874978 1.852185 0.161221 -37.559731 -5.580934 3.135066 0.161221  
 8 8 118  -28.200150 5.167674 -4.422262 0.161221 -27.333225 4.966996 -4.276093 0.161221 -26.062004 4.672321 -4.062352 0.161221 -24.791360 4.376269 -3.849423 0.161221 -23.920949 4.173803 -3.704011 0.161221  
 9 10 15  -15.219267 4.013667 -2.680406 0.027537 -6.453261 1.993265 -1.373473 0.027537 0.143752 -0.448454 0.270760 0.027537 -12.375794 -3.410085 2.162086 0.027537 -21.107066 -5.421349 3.470277 0.027537  
 10 11 16  -17.743022 4.221294 -2.646913 0.027537 -8.988566 2.197334 -1.394828 0.027537 -2.173857 -0.646449 0.373909 0.027537 -15.048576 -3.622640 2.203874 0.027537 -23.730718 -5.635770 3.458759 0.027537  
 11 12 17  -21.026792 4.177103 -2.813053 0.027537 -12.864730 2.301732 -1.565651 0.027537 -7.061277 -0.958548 0.516458 0.027537 -18.771299 -3.717865 2.363918 0.027537 -26.893700 -5.581560 3.615078 0.027537  
 12 13 18  -18.720420 3.995914 -2.865871 0.027537 -10.416850 2.122361 -1.565759 0.027537 -4.107775 -0.789713 0.420036 0.027537 -16.309485 -3.534244 2.337536 0.027537 -24.557374 -5.394115 3.645096 0.027537  
 13 5 6  0.000000 -3.721638 -0.000000 0.613766 0.000000 -2.204072 -0.000000 0.613766 0.000000 0.018227 0.000000 0.613766 0.000000 2.240527 0.000000 0.613766 0.000000 3.758093 0.000000 0.613766  
 14 6 7  0.000000 -10.562934 -0.000000 -0.261501 0.000000 -6.225689 -0.000000 -0.261501 0.000000 0.125701 0.000000 -0.261501 0.000000 6.477091 0.000000 -0.261501 0.000000 10.814336 0.000000 -0.261501  
 15 7 8  0.000000 -3.783750 0.000000 0.527906 0.000000 -2.255773 0.000000 0.527906 0.000000 -0.018227 0.000000 0.527906 0.000000 2.219318 -0.000000 0.527906 0.000000 3.747296 -0.000000 0.527906  
 16 8 5  0.000000 -10.788678 0.000000 -0.148754 0.000000 -6.461845 0.000000 -0.148754 0.000000 -0.125701 0.000000 -0.148754 0.000000 6.210443 -0.000000 -0.148754 0.000000 10.537276 -0.000000 -0.148754  
 17 10 11  0.000000 -5.781288 0.000000 0.401550 0.000000 -3.422053 0.000000 0.401550 0.000000 0.032772 0.000000 0.401550 0.000000 3.487597 -0.000000 0.401550 0.000000 5.846831 -0.000000 0.401550  
 18 11 12  0.000000 -9.582886 -0.000000 -0.314700 0.000000 -5.666551 -0.000000 -0.314700 0.000000 0.068466 0.000000 -0.314700 0.000000 5.803484 0.000000 -0.314700 0.000000 9.719819 0.000000 -0.314700  
 19 12 13  0.000000 -5.872748 -0.000000 0.458982 0.000000 -3.502997 -0.000000 0.458982 0.000000 -0.032772 0.000000 0.458982 0.000000 3.437453 0.000000 0.458982 0.000000 5.807204 0.000000 0.458982  
 20 13 10  0.000000 -9.693902 0.000000 -0.263650 0.000000 -5.788083 0.000000 -0.263650 0.000000 -0.068466 0.000000 -0.263650 0.000000 5.651151 -0.000000 -0.263650 0.000000 9.556970 -0.000000 -0.263650  
 21 15 16  0.000000 -3.474264 0.000000 0.159142 0.000000 -2.057708 0.000000 0.159142 0.000000 0.016674 0.000000 0.159142 0.000000 2.091055 -0.000000 0.159142 0.000000 3.507611 -0.000000 0.159142  
 22 16 17  0.000000 -5.391577 0.000000 -0.115354 0.000000 -3.172425 0.000000 -0.115354 0.000000 0.077264 0.000000 -0.115354 0.000000 3.326954 -0.000000 -0.115354 0.000000 5.546106 -0.000000 -0.115354  
 23 17 18  0.000000 -3.541913 -0.000000 0.135487 0.000000 -2.111438 -0.000000 0.135487 0.000000 -0.016674 0.000000 0.135487 0.000000 2.078091 0.000000 0.135487 0.000000 3.508566 0.000000 0.135487  
 24 18 15  0.000000 -5.511803 -0.000000 -0.128754 0.000000 -3.306571 -0.000000 -0.128754 0.000000 -0.077264 0.000000 -0.128754 0.000000 3.152042 0.000000 -0.128754 0.000000 5.357275 0.000000 -0.128754  
 118 118 128  -28.060512 4.069918 -3.629803 0.161221 -27.247980 3.869845 -3.483642 0.161221 -26.053574 3.576454 -3.269608 0.161221 -24.873715 3.279558 -3.057196 0.161221 -24.086669 3.075519 -2.911282 0.161221  
 128 128 138  -27.459355 2.967486 -2.833749 0.161221 -26.862347 2.773573 -2.690321 0.161221 -26.021544 2.483117 -2.480828 0.161221 -25.251921 2.183400 -2.265544 0.161221 -24.779735 1.972950 -2.113225 0.161221  
 138 138 148  -26.385581 1.857810 -2.023677 0.161221 -26.179726 1.676946 -1.899257 0.161221 -25.975620 1.396680 -1.701225 0.161221 -25.937318 1.086092 -1.472349 0.161221 -25.958170 0.864092 -1.305712 0.161221  
 148 148 158  -26.045726 0.781447 -1.251639 0.161221 -26.057067 0.579313 -1.105959 0.161221 -26.067259 0.283832 -0.892879 0.161221 -26.067005 -0.011176 -0.679324 0.161221 -26.063791 -0.212710 -0.533346 0.161221  
 158 158 168  -26.091536 -0.316209 -0.459464 0.161221 -26.083601 -0.517535 -0.313527 0.161221 -26.066888 -0.812449 -0.099969 0.161221 -26.040690 -1.108108 0.113186 0.161221 -26.018430 -1.310266 0.258735 0.161221  
 168 168 178  -26.101893 -1.400784 0.323563 0.161221 -26.067327 -1.612045 0.477011 0.161221 -26.008977 -1.921392 0.702106 0.161221 -26.048081 -2.209048 0.908609 0.161221 -26.165070 -2.387122 1.035899 0.161221  
 178 178 188  -24.945054 -2.495702 1.119501 0.161221 -25.327527 -2.713595 1.272369 0.161221 -26.001428 -3.014998 1.488788 0.161221 -26.777898 -3.302019 1.698686 0.161221 -27.360202 -3.492338 1.838176 0.161221  
 188 188 198  -24.101871 -3.603923 1.918995 0.161221 -24.882894 -3.808912 2.063191 0.161221 -26.049621 -4.104735 2.277570 0.161221 -27.236268 -4.398358 2.491758 0.161221 -28.059916 -4.599332 2.634968 0.161221  
 198 198 13  -23.897153 -4.702996 2.710541 0.161221 -24.775210 -4.904994 2.856733 0.161221 -26.063845 -5.200706 3.069874 0.161221 -27.347989 -5.495746 3.283215 0.161221 -28.222326 -5.696838 3.429017 0.161221  
