 1 1 5  -36.295686 0.180393 0.426966 0.000048 -36.296751 0.124627 0.306608 0.000048 -36.298205 0.042967 0.130342 0.000048 -36.298574 -0.038669 -0.045838 0.000048 -36.297634 -0.094452 -0.166200 0.000048  
 2 2 6  -35.505982 0.180451 0.427047 0.000048 -35.507039 0.124679 0.306702 0.000048 -35.508509 0.043002 0.130460 0.000048 -35.508526 -0.038711 -0.045833 0.000048 -35.507706 -0.094506 -0.166214 0.000048  
 3 3 7  -35.700587 0.180438 0.427026 0.000048 -35.701655 0.124666 0.306681 0.000048 -35.703138 0.042990 0.130437 0.000048 -35.703270 -0.038715 -0.045829 0.000048 -35.702395 -0.094504 -0.166206 0.000048  
 4 4 8  -36.490358 0.180380 0.426942 0.000048 -36.491411 0.124614 0.306583 0.000048 -36.492826 0.042958 0.130314 0.000048 -36.493215 -0.038654 -0.045840 0.000048 -36.492332 -0.094440 -0.166186 0.000048  
 5 5 10  -24.188014 0.049002 0.270812 0.000004 -24.188603 0.022086 0.157586 0.000004 -24.189252 -0.017322 -0.008202 0.000004 -24.188589 -0.056747 -0.174017 0.000004 -24.188004 -0.083662 -0.287243 0.000004  
 6 6 11  -23.724133 0.049009 0.270813 0.000004 -23.724711 0.022091 0.157602 0.000004 -23.725204 -0.017340 -0.008207 0.000004 -23.724634 -0.056765 -0.174035 0.000004 -23.724082 -0.083679 -0.287249 0.000004  
 7 7 12  -23.810780 0.049015 0.270804 0.000004 -23.811361 0.022095 0.157594 0.000004 -23.811906 -0.017337 -0.008206 0.000004 -23.811302 -0.056763 -0.174029 0.000004 -23.810740 -0.083679 -0.287242 0.000004  
 8 8 118  -24.275159 0.055191 0.296799 0.000004 -24.275220 0.052499 0.285477 0.000004 -24.275308 0.048557 0.268897 0.000004 -24.275396 0.044615 0.252318 0.000004 -24.275455 0.041924 0.240996 0.000004  
 9 10 15  -12.069670 0.003500 0.123824 -0.000001 -12.069860 -0.004137 0.051949 -0.000001 -12.069954 -0.015323 -0.053313 -0.000001 -12.069688 -0.026505 -0.158562 -0.000001 -12.069489 -0.034142 -0.230433 -0.000001  
 10 11 16  -11.906437 0.003500 0.123812 -0.000001 -11.906623 -0.004138 0.051944 -0.000001 -11.906702 -0.015326 -0.053323 -0.000001 -11.906450 -0.026507 -0.158565 -0.000001 -11.906254 -0.034143 -0.230431 -0.000001  
 11 12 17  -11.930120 0.003500 0.123811 -0.000001 -11.930307 -0.004138 0.051943 -0.000001 -11.930389 -0.015325 -0.053323 -0.000001 -11.930133 -0.026507 -0.158564 -0.000001 -11.929936 -0.034143 -0.230430 -0.000001  
 12 13 18  -12.093351 0.003500 0.123822 -0.000001 -12.093541 -0.004138 0.051948 -0.000001 -12.093635 -0.015323 -0.053312 -0.000001 -12.093369 -0.026505 -0.158560 -0.000001 -12.093170 -0.034142 -0.230432 -0.000001  
 13 5 6  0.000000 0.450009 0.000000 0.000033 0.000000 0.267401 0.000000 0.000033 0.000000 -0.000007 0.000000 0.000033 0.000000 -0.267415 -0.000000 0.000033 0.000000 -0.450023 -0.000000 0.000033  
 14 6 7  0.000000 -0.149134 -0.000000 -0.000008 0.000000 -0.088619 -0.000000 -0.000008 0.000000 -0.000001 0.000000 -0.000008 0.000000 0.088616 0.000000 -0.000008 0.000000 0.149131 0.000000 -0.000008  
 15 7 8  0.000000 0.450022 -0.000000 0.000042 0.000000 0.267414 -0.000000 0.000042 0.000000 0.000007 0.000000 0.000042 0.000000 -0.267400 0.000000 0.000042 0.000000 -0.450008 0.000000 0.000042  
 16 8 5  0.000000 -0.149130 0.000000 -0.000010 0.000000 -0.088615 0.000000 -0.000010 0.000000 0.000001 0.000000 -0.000010 0.000000 0.088618 -0.000000 -0.000010 0.000000 0.149133 -0.000000 -0.000010  
 17 10 11  0.000000 0.415287 -0.000000 0.000011 0.000000 0.246770 -0.000000 0.000011 0.000000 -0.000003 0.000000 0.000011 0.000000 -0.246776 0.000000 0.000011 0.000000 -0.415293 0.000000 0.000011  
 18 11 12  0.000000 -0.086984 0.000000 -0.000005 0.000000 -0.051687 0.000000 -0.000005 0.000000 0.000000 0.000000 -0.000005 0.000000 0.051687 -0.000000 -0.000005 0.000000 0.086984 -0.000000 -0.000005  
 19 12 13  0.000000 0.415291 0.000000 0.000011 0.000000 0.246775 0.000000 0.000011 0.000000 0.000003 0.000000 0.000011 0.000000 -0.246769 -0.000000 0.000011 0.000000 -0.415285 -0.000000 0.000011  
 20 13 10  0.000000 -0.086982 -0.000000 -0.000005 0.000000 -0.051686 -0.000000 -0.000005 0.000000 -0.000000 0.000000 -0.000005 0.000000 0.051686 0.000000 -0.000005 0.000000 0.086982 0.000000 -0.000005  
 21 15 16  0.000000 0.225436 0.000000 0.000000 0.000000 0.133958 0.000000 0.000000 0.000000 -0.000001 0.000000 0.000000 0.000000 -0.133960 -0.000000 0.000000 0.000000 -0.225438 -0.000000 0.000000  
 22 16 17  0.000000 -0.032707 -0.000000 0.000000 0.000000 -0.019435 -0.000000 0.000000 0.000000 -0.000000 0.000000 0.000000 0.000000 0.019435 0.000000 0.000000 0.000000 0.032707 0.000000 0.000000  
 23 17 18  0.000000 0.225436 -0.000000 -0.000000 0.000000 0.133958 -0.000000 -0.000000 0.000000 0.000001 0.000000 -0.000000 0.000000 -0.133957 0.000000 -0.000000 0.000000 -0.225435 0.000000 -0.000000  
 24 18 15  0.000000 -0.032705 0.000000 -0.000000 0.000000 -0.019434 0.000000 -0.000000 0.000000 0.000000 0.000000 -0.000000 0.000000 0.019434 -0.000000 -0.000000 0.000000 0.032705 -0.000000 -0.000000  
 118 118 128  -24.275162 0.040550 0.235218 0.000004 -24.275222 0.037858 0.223896 0.000004 -24.275308 0.033916 0.207317 0.000004 -24.275394 0.029975 0.190737 0.000004 -24.275452 0.027283 0.179415 0.000004  
 128 128 138  -24.275167 0.025909 0.173638 0.000004 -24.275225 0.023218 0.162316 0.000004 -24.275309 0.019276 0.145736 0.000004 -24.275391 0.015334 0.129157 0.000004 -24.275446 0.012643 0.117835 0.000004  
 138 138 148  -24.275193 0.011269 0.112058 0.000004 -24.275242 0.008577 0.100736 0.000004 -24.275308 0.004635 0.084156 0.000004 -24.275375 0.000694 0.067576 0.000004 -24.275419 -0.001998 0.056255 0.000004  
 148 148 158  -24.275218 -0.003371 0.050479 0.000004 -24.275261 -0.006064 0.039155 0.000004 -24.275317 -0.010006 0.022574 0.000004 -24.275354 -0.013947 0.005996 0.000004 -24.275375 -0.016639 -0.005324 0.000004  
 158 158 168  -24.275353 -0.018013 -0.011105 0.000004 -24.275354 -0.020704 -0.022425 0.000004 -24.275322 -0.024646 -0.039004 0.000004 -24.275265 -0.028588 -0.055584 0.000004 -24.275220 -0.031279 -0.066908 0.000004  
 168 168 178  -24.275435 -0.032653 -0.072684 0.000004 -24.275385 -0.035345 -0.084006 0.000004 -24.275309 -0.039287 -0.100585 0.000004 -24.275231 -0.043228 -0.117165 0.000004 -24.275176 -0.045920 -0.128487 0.000004  
 178 178 188  -24.275446 -0.047293 -0.134264 0.000004 -24.275390 -0.049985 -0.145586 0.000004 -24.275308 -0.053927 -0.162166 0.000004 -24.275225 -0.057869 -0.178745 0.000004 -24.275167 -0.060560 -0.190067 0.000004  
 188 188 198  -24.275452 -0.061934 -0.195844 0.000004 -24.275394 -0.064626 -0.207166 0.000004 -24.275308 -0.068568 -0.223746 0.000004 -24.275222 -0.072509 -0.240326 0.000004 -24.275162 -0.075201 -0.251647 0.000004  
 198 198 13  -24.275455 -0.076575 -0.257425 0.000004 -24.275396 -0.079266 -0.268747 0.000004 -24.275308 -0.083208 -0.285326 0.000004 -24.275220 -0.087150 -0.301906 0.000004 -24.275159 -0.089842 -0.313228 0.000004  
