 1 1 5  -34.346220 2.124078 4.361703 0.188072 -32.858393 1.880666 3.201225 0.188072 -32.968136 1.087678 0.765440 0.188072 -32.844003 0.010092 -2.005131 0.188072 -32.659860 -0.590927 -3.661781 0.188072  
 2 2 6  -30.986671 2.106674 4.282910 0.188072 -28.775180 1.833171 3.162336 0.188072 -27.780444 1.092903 0.795452 0.188072 -27.657718 -0.007700 -2.024690 0.188072 -28.474828 -0.600176 -3.548738 0.188072  
 3 3 7  -39.512102 2.191084 4.626450 0.188072 -38.579370 1.938377 3.374576 0.188072 -39.203287 1.087378 0.786812 0.188072 -39.087567 0.063879 -2.011131 0.188072 -38.238006 -0.571936 -3.807408 0.188072  
 4 4 8  -43.167625 2.212178 4.659391 0.188072 -42.900893 1.948515 3.346849 0.188072 -44.165059 1.076840 0.757628 0.188072 -44.035585 0.083399 -1.990070 0.188072 -42.881939 -0.560838 -3.810736 0.188072  
 5 5 10  -22.643722 2.972150 -0.928843 -0.095242 -21.643110 2.240677 -0.714490 -0.095242 -21.609987 0.715152 -0.282469 -0.095242 -20.960999 -0.892336 0.222734 -0.095242 -20.071074 -1.932076 0.546421 -0.095242  
 6 6 11  -20.467136 2.874259 -0.893480 -0.095242 -19.113821 2.185185 -0.672582 -0.095242 -18.704833 0.714161 -0.286815 -0.095242 -18.146745 -0.908577 0.193146 -0.095242 -17.660711 -1.884471 0.505824 -0.095242  
 7 7 12  -26.889863 3.057492 -0.998805 -0.095242 -26.706954 2.236970 -0.763894 -0.095242 -27.017709 0.729595 -0.285930 -0.095242 -26.443764 -0.783814 0.205183 -0.095242 -25.288681 -1.822268 0.575569 -0.095242  
 8 8 118  -29.536871 3.418146 -1.160057 -0.095242 -29.402085 3.324871 -1.126174 -0.095242 -29.235123 3.181396 -1.078056 -0.095242 -29.107713 3.029642 -1.028896 -0.095242 -29.038130 2.921804 -0.995138 -0.095242  
 9 10 15  -18.464720 4.209644 2.134556 -0.012182 -11.272367 2.448314 1.324294 -0.012182 -2.489899 -0.352548 0.096307 -0.012182 -12.825676 -2.947081 -1.153671 -0.012182 -19.952575 -4.692594 -1.964703 -0.012182  
 10 11 16  -17.079142 4.101759 2.105628 -0.012182 -9.860969 2.340941 1.285031 -0.012182 -0.875755 -0.241800 0.066810 -0.012182 -11.422110 -2.833312 -1.142301 -0.012182 -18.567020 -4.580135 -1.958185 -0.012182  
 11 12 17  -19.910368 4.184832 2.210916 -0.012182 -13.056505 2.508311 1.392886 -0.012182 -5.491278 -0.353176 0.111598 -0.012182 -14.302138 -2.940048 -1.223410 -0.012182 -21.090543 -4.602064 -2.037090 -0.012182  
 12 13 18  -21.142618 4.276788 2.228941 -0.012182 -14.355454 2.595602 1.425400 -0.012182 -7.503731 -0.352979 0.121711 -0.012182 -15.566558 -3.033327 -1.229997 -0.012182 -22.304912 -4.694026 -2.042013 -0.012182  
 13 5 6  0.000000 2.677032 0.000000 -0.040090 0.000000 1.589962 0.000000 -0.040090 0.000000 -0.001927 0.000000 -0.040090 0.000000 -1.593815 -0.000000 -0.040090 0.000000 -2.680885 -0.000000 -0.040090  
 14 6 7  0.000000 -3.670531 0.000000 0.043887 0.000000 -2.176417 0.000000 0.043887 0.000000 0.011538 0.000000 0.043887 0.000000 2.199494 -0.000000 0.043887 0.000000 3.693608 -0.000000 0.043887  
 15 7 8  0.000000 2.682763 -0.000000 0.000323 0.000000 1.594930 -0.000000 0.000323 0.000000 0.001927 0.000000 0.000323 0.000000 -1.591077 0.000000 0.000323 0.000000 -2.678909 0.000000 0.000323  
 16 8 5  0.000000 -3.695485 -0.000000 0.025368 0.000000 -2.200610 -0.000000 0.025368 0.000000 -0.011538 0.000000 0.025368 0.000000 2.177533 0.000000 0.025368 0.000000 3.672409 0.000000 0.025368  
 17 10 11  0.000000 1.642936 0.000000 -0.077776 0.000000 0.976404 0.000000 -0.077776 0.000000 0.000344 0.000000 -0.077776 0.000000 -0.975715 -0.000000 -0.077776 0.000000 -1.642248 -0.000000 -0.077776  
 18 11 12  0.000000 -6.099669 -0.000000 0.037642 0.000000 -3.615699 -0.000000 0.037642 0.000000 0.021787 0.000000 0.037642 0.000000 3.659273 0.000000 0.037642 0.000000 6.143243 0.000000 0.037642  
 19 12 13  0.000000 1.647641 -0.000000 -0.056444 0.000000 0.978920 -0.000000 -0.056444 0.000000 -0.000344 0.000000 -0.056444 0.000000 -0.979609 0.000000 -0.056444 0.000000 -1.648330 0.000000 -0.056444  
 20 13 10  0.000000 -6.148637 0.000000 0.040631 0.000000 -3.662478 0.000000 0.040631 0.000000 -0.021787 0.000000 0.040631 0.000000 3.618904 -0.000000 0.040631 0.000000 6.105063 -0.000000 0.040631  
 21 15 16  0.000000 2.029110 0.000000 -0.089434 0.000000 1.208286 0.000000 -0.089434 0.000000 0.006286 0.000000 -0.089434 0.000000 -1.195715 -0.000000 -0.089434 0.000000 -2.016539 -0.000000 -0.089434  
 22 16 17  0.000000 -4.642183 0.000000 0.049473 0.000000 -2.734147 0.000000 0.049473 0.000000 0.059951 0.000000 0.049473 0.000000 2.854049 -0.000000 0.049473 0.000000 4.762086 -0.000000 0.049473  
 23 17 18  0.000000 2.026651 -0.000000 -0.059628 0.000000 1.201724 -0.000000 -0.059628 0.000000 -0.006286 0.000000 -0.059628 0.000000 -1.214295 0.000000 -0.059628 0.000000 -2.039222 0.000000 -0.059628  
 24 18 15  0.000000 -4.772198 -0.000000 0.048775 0.000000 -2.860058 -0.000000 0.048775 0.000000 -0.059951 0.000000 0.048775 0.000000 2.740155 0.000000 0.048775 0.000000 4.652295 0.000000 0.048775  
 118 118 128  -29.287314 2.871098 -0.975227 -0.095242 -29.257437 2.777035 -0.945464 -0.095242 -29.242007 2.632576 -0.898480 -0.095242 -29.252803 2.481521 -0.847440 -0.095242 -29.270263 2.375098 -0.811205 -0.095242  
 128 128 138  -29.131783 2.327012 -0.795516 -0.095242 -29.177874 2.229187 -0.764446 -0.095242 -29.259447 2.081417 -0.715131 -0.095242 -29.334304 1.933071 -0.665755 -0.095242 -29.380003 1.831734 -0.632295 -0.095242  
 138 138 148  -29.177126 1.781247 -0.615628 -0.095242 -29.214449 1.680353 -0.582197 -0.095242 -29.262289 1.532749 -0.533406 -0.095242 -29.301097 1.385293 -0.484585 -0.095242 -29.321034 1.284702 -0.451110 -0.095242  
 148 148 158  -29.241863 1.233384 -0.434000 -0.095242 -29.251505 1.132413 -0.400756 -0.095242 -29.261827 0.984670 -0.352140 -0.095242 -29.262717 0.837398 -0.303134 -0.095242 -29.260080 0.736784 -0.269497 -0.095242  
 158 158 168  -29.287140 0.684955 -0.253098 -0.095242 -29.279714 0.584389 -0.219321 -0.095242 -29.262463 0.437198 -0.170256 -0.095242 -29.235151 0.289434 -0.121704 -0.095242 -29.211978 0.188284 -0.088588 -0.095242  
 168 168 178  -29.358480 0.137282 -0.070916 -0.095242 -29.322692 0.036490 -0.037963 -0.095242 -29.262426 -0.111059 0.010660 -0.095242 -29.192666 -0.258568 0.059740 -0.095242 -29.139728 -0.359265 0.093493 -0.095242  
 178 178 188  -29.413199 -0.410656 0.110531 -0.095242 -29.355345 -0.511468 0.143473 -0.095242 -29.262570 -0.659031 0.192092 -0.095242 -29.160093 -0.806522 0.241160 -0.095242 -29.084504 -0.907208 0.274958 -0.095242  
 188 188 198  -29.466259 -0.958624 0.292001 -0.095242 -29.387003 -1.059418 0.324895 -0.095242 -29.262568 -1.206986 0.373515 -0.095242 -29.128472 -1.354484 0.422607 -0.095242 -29.031374 -1.455162 0.456397 -0.095242  
 198 198 13  -29.519174 -1.506572 0.473413 -0.095242 -29.418367 -1.607380 0.506340 -0.095242 -29.262566 -1.754945 0.554960 -0.095242 -29.097089 -1.902438 0.604041 -0.095242 -28.978500 -2.003119 0.637822 -0.095242  
