 1 1 5  -56.292084 6.337498 10.110498 0.536936 -45.646954 4.760555 7.445140 0.536936 -30.899061 2.378258 3.191960 0.536936 -29.377050 -1.306511 -3.022786 0.536936 -38.444937 -3.060344 -5.960626 0.536936  
 2 2 6  -35.310237 5.619666 8.919824 0.536936 -23.364038 3.991700 6.048941 0.536936 -5.060660 1.444629 1.705095 0.536936 -5.204156 -0.779718 -2.036001 0.536936 -17.637115 -2.440317 -5.026118 0.536936  
 3 3 7  -53.099545 6.024776 10.205371 0.536936 -41.750284 4.551878 7.336140 0.536936 -25.449045 2.382574 2.782469 0.536936 -24.914081 -0.835843 -3.449114 0.536936 -35.897228 -2.520573 -6.426921 0.536936  
 4 4 8  -71.956614 6.616952 11.055877 0.536936 -62.635743 5.184582 8.316689 0.536936 -52.777435 2.820466 3.538593 0.536936 -52.492394 -1.025847 -3.166918 0.536936 -56.231931 -3.021312 -6.843310 0.536936  
 5 5 10  -38.201078 7.060567 5.136259 -0.319807 -27.238284 4.593042 3.286683 -0.319807 -14.420478 0.528198 0.259749 -0.319807 -24.543952 -3.903212 -2.969299 -0.319807 -35.294968 -6.367584 -4.788057 -0.319807  
 6 6 11  -24.482285 6.035469 5.297554 -0.319807 -12.734025 3.567922 3.131859 -0.319807 2.163096 0.121489 0.088674 -0.319807 -9.782948 -2.915785 -2.636317 -0.319807 -21.386631 -5.366385 -4.786983 -0.319807  
 7 7 12  -36.292100 6.368395 5.964901 -0.319807 -25.084043 4.092479 3.807274 -0.319807 -10.645116 0.517060 0.385222 -0.319807 -22.136754 -3.427510 -3.331659 -0.319807 -33.192853 -5.694159 -5.466413 -0.319807  
 8 8 118  -41.177706 7.816878 6.146401 -0.319807 -39.900542 7.539860 5.925198 -0.319807 -38.031745 7.134457 5.599510 -0.319807 -36.162867 6.728865 5.272356 -0.319807 -34.889966 6.450734 5.049297 -0.319807  
 9 10 15  -26.132204 5.238356 7.327957 0.102829 -10.303375 2.643619 3.780747 0.102829 3.167323 -0.324962 -0.273272 0.102829 -17.335729 -4.163025 -5.150499 0.102829 -33.134274 -6.786157 -8.662450 0.102829  
 10 11 16  -19.128533 4.905002 7.202563 0.102829 -3.312605 2.316203 3.438384 0.102829 6.416604 -0.300394 -0.259337 0.102829 -10.025905 -3.773733 -4.875412 0.102829 -26.106074 -6.398184 -8.621424 0.102829  
 11 12 17  -24.584209 4.800839 7.673080 0.102829 -8.339932 2.352457 3.868767 0.102829 4.285640 -0.315699 -0.259362 0.102829 -15.413771 -3.915324 -5.305308 0.102829 -31.761536 -6.403435 -9.073420 0.102829  
 12 13 18  -31.227807 5.118515 7.749628 0.102829 -15.416519 2.643652 4.208380 0.102829 -0.160605 -0.564127 -0.465977 0.102829 -22.632251 -4.278336 -5.553773 0.102829 -38.398911 -6.747352 -9.083084 0.102829  
 13 5 6  0.000000 11.866678 0.000000 -1.032488 0.000000 7.129336 0.000000 -1.032488 0.000000 0.192050 0.000000 -1.032488 0.000000 -6.745237 -0.000000 -1.032488 0.000000 -11.482579 -0.000000 -1.032488  
 14 6 7  0.000000 -9.383550 0.000000 1.299182 0.000000 -5.537315 0.000000 1.299182 0.000000 0.095050 0.000000 1.299182 0.000000 5.727415 -0.000000 1.299182 0.000000 9.573650 -0.000000 1.299182  
 15 7 8  0.000000 11.563967 -0.000000 -0.524331 0.000000 6.793599 -0.000000 -0.524331 0.000000 -0.192050 0.000000 -0.524331 0.000000 -7.177698 0.000000 -0.524331 0.000000 -11.948066 0.000000 -0.524331  
 16 8 5  0.000000 -9.655039 -0.000000 0.505115 0.000000 -5.775777 -0.000000 0.505115 0.000000 -0.095050 0.000000 0.505115 0.000000 5.585677 0.000000 0.505115 0.000000 9.464939 0.000000 0.505115  
 17 10 11  0.000000 12.597252 0.000000 -0.805010 0.000000 7.530310 0.000000 -0.805010 0.000000 0.110362 0.000000 -0.805010 0.000000 -7.309586 -0.000000 -0.805010 0.000000 -12.376529 -0.000000 -0.805010  
 18 11 12  0.000000 -10.953785 0.000000 0.671662 0.000000 -6.473424 0.000000 0.671662 0.000000 0.087545 0.000000 0.671662 0.000000 6.648513 -0.000000 0.671662 0.000000 11.128875 -0.000000 0.671662  
 19 12 13  0.000000 12.534335 -0.000000 -0.488530 0.000000 7.403358 -0.000000 -0.488530 0.000000 -0.110362 0.000000 -0.488530 0.000000 -7.624081 0.000000 -0.488530 0.000000 -12.755059 0.000000 -0.488530  
 20 13 10  0.000000 -11.286681 -0.000000 0.427767 0.000000 -6.742285 -0.000000 0.427767 0.000000 -0.087545 0.000000 0.427767 0.000000 6.567195 0.000000 0.427767 0.000000 11.111592 0.000000 0.427767  
 21 15 16  0.000000 8.523275 -0.000000 -0.173497 0.000000 5.120924 -0.000000 -0.173497 0.000000 0.138577 0.000000 -0.173497 0.000000 -4.843770 0.000000 -0.173497 0.000000 -8.246121 0.000000 -0.173497  
 22 16 17  0.000000 -6.138915 0.000000 0.218359 0.000000 -3.629789 0.000000 0.218359 0.000000 0.044535 0.000000 0.218359 0.000000 3.718858 -0.000000 0.218359 0.000000 6.227985 -0.000000 0.218359  
 23 17 18  0.000000 8.418881 0.000000 -0.183143 0.000000 4.946427 0.000000 -0.183143 0.000000 -0.138577 0.000000 -0.183143 0.000000 -5.223582 -0.000000 -0.183143 0.000000 -8.696036 -0.000000 -0.183143  
 24 18 15  0.000000 -6.400745 -0.000000 0.225349 0.000000 -3.821516 -0.000000 0.225349 0.000000 -0.044535 0.000000 0.225349 0.000000 3.732447 0.000000 0.225349 0.000000 6.311676 0.000000 0.225349  
 118 118 128  -40.952890 6.309550 4.933973 -0.319807 -39.757544 6.032557 4.714308 -0.319807 -38.021217 5.628301 4.388193 -0.319807 -36.306334 5.221671 4.061173 -0.319807 -35.139116 4.943275 3.837220 -0.319807  
 128 128 138  -40.214469 4.794608 3.717565 -0.319807 -39.280432 4.526012 3.501925 -0.319807 -37.967666 4.126834 3.181878 -0.319807 -36.771663 3.716342 2.850920 -0.319807 -36.029922 3.426873 2.618256 -0.319807  
 138 138 148  -38.620125 3.263589 2.484370 -0.319807 -38.259169 3.021092 2.291835 -0.319807 -37.904282 2.636933 1.986391 -0.319807 -37.781756 2.209971 1.640897 -0.319807 -37.799024 1.897598 1.384981 -0.319807  
 148 148 158  -38.019011 1.789409 1.302327 -0.319807 -38.028220 1.512068 1.079259 -0.319807 -38.036651 1.106196 0.752912 -0.319807 -38.036857 0.700668 0.427119 -0.319807 -38.033512 0.423751 0.204381 -0.319807  
 158 158 168  -38.061576 0.281918 0.090426 -0.319807 -38.053430 0.005124 -0.132159 -0.319807 -38.036569 -0.400377 -0.458019 -0.319807 -38.011751 -0.806318 -0.784398 -0.319807 -37.990935 -1.083689 -1.007402 -0.319807  
 168 168 178  -38.076931 -1.215347 -1.111408 -0.319807 -38.045958 -1.499793 -1.341511 -0.319807 -37.993500 -1.916205 -1.678228 -0.319807 -37.999714 -2.319105 -2.001421 -0.319807 -38.118403 -2.571507 -2.200028 -0.319807  
 178 178 188  -36.691714 -2.711001 -2.314151 -0.319807 -37.120196 -3.012395 -2.558281 -0.319807 -37.936682 -3.426862 -2.891860 -0.319807 -38.918871 -3.820778 -3.206350 -0.319807 -39.653391 -4.080280 -3.416984 -0.319807  
 188 188 198  -35.344509 -4.235370 -3.543287 -0.319807 -36.421961 -4.515756 -3.766706 -0.319807 -38.017894 -4.924093 -4.092329 -0.319807 -39.637469 -5.328026 -4.418227 -0.319807 -40.764463 -5.599983 -4.641977 -0.319807  
 198 198 13  -34.948178 -5.745099 -4.754350 -0.319807 -36.201472 -6.022829 -4.977774 -0.319807 -38.034783 -6.428887 -5.304298 -0.319807 -39.862715 -6.834251 -5.630129 -0.319807 -41.110630 -7.110730 -5.852038 -0.319807  
