 1 1 5  -39.198177 -4.315681 -1.113010 0.004161 -38.390246 -3.234350 -0.918916 0.004161 -38.466811 -1.390398 -0.467522 0.004161 -38.474540 0.457110 -0.007938 0.004161 -38.420580 1.718630 0.302856 0.004161  
 2 2 6  -42.528195 -4.389619 -1.137999 0.004161 -42.077698 -3.239177 -0.913571 0.004161 -42.175897 -1.391195 -0.469031 0.004161 -42.185927 0.457467 -0.023463 0.004161 -42.127808 1.719573 0.280499 0.004161  
 3 3 7  -34.736231 -4.210633 -1.047193 0.004161 -33.379334 -3.209914 -0.878304 0.004161 -33.262326 -1.372609 -0.468289 0.004161 -33.270352 0.511513 -0.023790 0.004161 -33.214389 1.796305 0.279963 0.004161  
 4 4 8  -31.614654 -4.086980 -1.022285 0.004161 -29.876529 -3.151769 -0.851145 0.004161 -29.468206 -1.371652 -0.466822 0.004161 -29.475513 0.510773 -0.008579 0.004161 -29.422144 1.795266 0.302286 0.004161  
 5 5 10  -26.196805 -2.840910 -1.293959 -0.003969 -25.171516 -1.807974 -0.921168 -0.003969 -25.189149 -0.002579 -0.151015 -0.003969 -25.156280 1.804605 0.619334 -0.003969 -25.983233 2.869846 1.026467 -0.003969  
 6 6 11  -28.445364 -2.899374 -1.303290 -0.003969 -27.735503 -1.809859 -0.904184 -0.003969 -27.762299 -0.002617 -0.153152 -0.003969 -27.725548 1.805050 0.597344 -0.003969 -28.256078 2.926248 1.025546 -0.003969  
 7 7 12  -23.801545 -2.856769 -1.209313 -0.003969 -22.322631 -1.856321 -0.885095 -0.003969 -22.241977 -0.000783 -0.153257 -0.003969 -22.228714 1.871275 0.592939 -0.003969 -23.593328 2.884521 0.945090 -0.003969  
 8 8 118  -21.033239 -3.093294 -1.349766 -0.003969 -20.653256 -2.979448 -1.305438 -0.003969 -20.109844 -2.812048 -1.239008 -0.003969 -19.584548 -2.642275 -1.173312 -0.003969 -19.236007 -2.525038 -1.128541 -0.003969  
 9 10 15  -13.142561 -1.682719 -1.060636 0.011813 -11.357467 -0.926183 -0.668172 0.011813 -11.191310 0.588420 0.215516 0.011813 -13.156129 1.789629 0.893665 0.011813 -15.608024 2.455766 1.281864 0.011813  
 10 11 16  -13.997399 -1.721752 -1.058358 0.011813 -12.397186 -0.940869 -0.661286 0.011813 -12.309619 0.588475 0.217735 0.011813 -14.018163 1.829633 0.901701 0.011813 -16.386995 2.502422 1.283445 0.011813  
 11 12 17  -12.415410 -1.731145 -0.997325 0.011813 -10.341533 -0.970509 -0.626103 0.011813 -10.027645 0.588085 0.217642 0.011813 -12.388903 1.795269 0.855173 0.011813 -15.009773 2.483906 1.236620 0.011813  
 12 13 18  -11.590913 -1.685346 -0.997610 0.011813 -9.342897 -0.944177 -0.624399 0.011813 -8.873223 0.588025 0.215423 0.011813 -11.540564 1.749156 0.847219 0.011813 -14.234543 2.432852 1.235943 0.011813  
 13 5 6  0.000000 -1.602864 -0.000000 -0.026747 0.000000 -0.951159 -0.000000 -0.026747 0.000000 0.003187 0.000000 -0.026747 0.000000 0.957533 0.000000 -0.026747 0.000000 1.609238 0.000000 -0.026747  
 14 6 7  0.000000 4.771720 0.000000 0.046540 0.000000 2.840774 0.000000 0.046540 0.000000 0.013128 0.000000 0.046540 0.000000 -2.814518 -0.000000 0.046540 0.000000 -4.745464 -0.000000 0.046540  
 15 7 8  0.000000 -1.608174 0.000000 -0.096219 0.000000 -0.956901 0.000000 -0.096219 0.000000 -0.003187 0.000000 -0.096219 0.000000 0.950526 -0.000000 -0.096219 0.000000 1.601799 -0.000000 -0.096219  
 16 8 5  0.000000 4.744400 -0.000000 0.077947 0.000000 2.813886 -0.000000 0.077947 0.000000 -0.013128 0.000000 0.077947 0.000000 -2.840141 0.000000 0.077947 0.000000 -4.770655 0.000000 0.077947  
 17 10 11  0.000000 -2.105438 0.000000 -0.037152 0.000000 -1.249339 0.000000 -0.037152 0.000000 0.004319 0.000000 -0.037152 0.000000 1.257976 -0.000000 -0.037152 0.000000 2.114075 -0.000000 -0.037152  
 18 11 12  0.000000 4.710414 0.000000 0.060343 0.000000 2.804806 0.000000 0.060343 0.000000 0.014264 0.000000 0.060343 0.000000 -2.776277 -0.000000 0.060343 0.000000 -4.681885 -0.000000 0.060343  
 19 12 13  0.000000 -2.109770 -0.000000 -0.101410 0.000000 -1.255418 -0.000000 -0.101410 0.000000 -0.004319 0.000000 -0.101410 0.000000 1.246781 0.000000 -0.101410 0.000000 2.101133 0.000000 -0.101410  
 20 13 10  0.000000 4.677580 -0.000000 0.088799 0.000000 2.773719 -0.000000 0.088799 0.000000 -0.014264 0.000000 0.088799 0.000000 -2.802247 0.000000 0.088799 0.000000 -4.706109 0.000000 0.088799  
 21 15 16  0.000000 -1.329995 -0.000000 -0.025239 0.000000 -0.789194 -0.000000 -0.025239 0.000000 0.002745 0.000000 -0.025239 0.000000 0.794685 0.000000 -0.025239 0.000000 1.335485 0.000000 -0.025239  
 22 16 17  0.000000 2.609983 0.000000 0.031072 0.000000 1.556567 0.000000 0.031072 0.000000 0.013963 0.000000 0.031072 0.000000 -1.528641 -0.000000 0.031072 0.000000 -2.582057 -0.000000 0.031072  
 23 17 18  0.000000 -1.330738 0.000000 -0.029666 0.000000 -0.791864 0.000000 -0.029666 0.000000 -0.002745 0.000000 -0.029666 0.000000 0.786373 -0.000000 -0.029666 0.000000 1.325248 -0.000000 -0.029666  
 24 18 15  0.000000 2.577310 -0.000000 0.031683 0.000000 1.525821 -0.000000 0.031683 0.000000 -0.013963 0.000000 0.031683 0.000000 -1.553746 0.000000 0.031683 0.000000 -2.605236 0.000000 0.031683  
 118 118 128  -20.681819 -2.462534 -1.104030 -0.003969 -20.429975 -2.353168 -1.060475 -0.003969 -20.096018 -2.187930 -0.995523 -0.003969 -19.802419 -2.016201 -0.929162 -0.003969 -19.631554 -1.894029 -0.881829 -0.003969  
 128 128 138  -20.267556 -1.832803 -0.853944 -0.003969 -20.174777 -1.727157 -0.816585 -0.003969 -20.092535 -1.562853 -0.754273 -0.003969 -20.055717 -1.389362 -0.684856 -0.003969 -20.058017 -1.265293 -0.632243 -0.003969  
 138 138 148  -20.115123 -1.214617 -0.616111 -0.003969 -20.117253 -1.099408 -0.571144 -0.003969 -20.120184 -0.930687 -0.505287 -0.003969 -20.122889 -0.761949 -0.439413 -0.003969 -20.124572 -0.646704 -0.394412 -0.003969  
 148 148 158  -20.117535 -0.587915 -0.371440 -0.003969 -20.119082 -0.472717 -0.326497 -0.003969 -20.120765 -0.303963 -0.260661 -0.003969 -20.121118 -0.135219 -0.194759 -0.003969 -20.120648 -0.020049 -0.149749 -0.003969  
 158 158 168  -20.123020 0.038748 -0.126874 -0.003969 -20.122121 0.154013 -0.081847 -0.003969 -20.120320 0.322757 -0.015949 -0.003969 -20.118038 0.491466 0.049884 -0.003969 -20.116314 0.606669 0.094826 -0.003969  
 168 168 178  -20.125121 0.665489 0.117802 -0.003969 -20.123207 0.780712 0.162800 -0.003969 -20.120168 0.949445 0.228674 -0.003969 -20.116934 1.118175 0.294534 -0.003969 -20.114613 1.233397 0.339498 -0.003969  
 178 178 188  -20.107248 1.287999 0.358888 -0.003969 -20.104493 1.406588 0.406762 -0.003969 -20.100216 1.580247 0.476849 -0.003969 -20.132271 1.746391 0.540230 -0.003969 -20.187215 1.853098 0.578502 -0.003969  
 188 188 198  -19.697155 1.911282 0.605068 -0.003969 -19.839140 2.034883 0.651961 -0.003969 -20.087123 2.208135 0.719914 -0.003969 -20.396938 2.371750 0.783600 -0.003969 -20.630134 2.479906 0.826878 -0.003969  
 198 198 13  -19.256453 2.543104 0.852989 -0.003969 -19.595340 2.661035 0.896655 -0.003969 -20.107171 2.831379 0.961718 -0.003969 -20.643606 2.998302 1.028405 -0.003969 -21.016905 3.111247 1.074666 -0.003969  
