 1 1 5  -52.854482 6.728954 8.194488 -0.014459 -43.139067 4.878302 6.009515 -0.014459 -31.280197 2.019870 2.613501 -0.014459 -31.164029 -2.178425 -2.340585 -0.014459 -38.586572 -4.148091 -4.748318 -0.014459  
 2 2 6  -40.572873 6.182216 7.608630 -0.014459 -30.079294 4.338468 5.355594 -0.014459 -15.028622 1.621931 2.030623 -0.014459 -15.466344 -1.711875 -2.127340 -0.014459 -25.699709 -3.566069 -4.402108 -0.014459  
 3 3 7  -50.437221 6.516965 8.205125 -0.014459 -40.394130 4.729438 5.934068 -0.014459 -27.681258 2.033626 2.433521 -0.014459 -27.731626 -1.906921 -2.579391 -0.014459 -36.028572 -3.782253 -4.990821 -0.014459  
 4 4 8  -62.198175 7.013556 8.681404 -0.014459 -53.203886 5.200281 6.457437 -0.014459 -44.207769 2.204584 2.735274 -0.014459 -44.172215 -2.088523 -2.447398 -0.014459 -48.928568 -4.275931 -5.175775 -0.014459  
 5 5 10  -29.425142 3.541133 4.034852 -0.054439 -23.228399 2.213284 2.506369 -0.054439 -20.376133 -0.460432 -0.562724 -0.054439 -25.916406 -2.782956 -3.236705 -0.054439 -32.480436 -4.096668 -4.737836 -0.054439  
 6 6 11  -23.322576 3.206911 4.032702 -0.054439 -16.021929 1.901751 2.434290 -0.054439 -10.043203 -0.460520 -0.480741 -0.054439 -18.868661 -2.475827 -3.018757 -0.054439 -26.209085 -3.780114 -4.613306 -0.054439  
 7 7 12  -28.182819 3.200398 4.351349 -0.054439 -21.519796 1.945009 2.726566 -0.054439 -17.868349 -0.517269 -0.480940 -0.054439 -24.233034 -2.624743 -3.304513 -0.054439 -31.129406 -3.860808 -4.922092 -0.054439  
 8 8 118  -32.979163 3.884586 4.748080 -0.054439 -32.161529 3.727254 4.558574 -0.054439 -30.967968 3.496387 4.280982 -0.054439 -29.790246 3.265732 4.001652 -0.054439 -29.001731 3.109191 3.808568 -0.054439  
 9 10 15  -13.709187 1.600849 2.181529 0.003980 -9.491270 0.814059 1.153008 0.003980 -8.884160 -0.740492 -0.906684 0.003980 -14.998743 -1.880938 -2.431884 0.003980 -19.541094 -2.653940 -3.444219 0.003980  
 10 11 16  -11.558916 1.491361 2.179351 0.003980 -6.803511 0.707919 1.110523 0.003980 -5.785034 -0.640931 -0.792710 0.003980 -12.688494 -1.769810 -2.374617 0.003980 -17.506267 -2.547907 -3.441731 0.003980  
 11 12 17  -13.270114 1.486366 2.301715 0.003980 -8.764603 0.725933 1.223842 0.003980 -7.939650 -0.709535 -0.880741 0.003980 -14.418690 -1.794923 -2.491094 0.003980 -19.146898 -2.542062 -3.562505 0.003980  
 12 13 18  -15.429268 1.590509 2.290788 0.003980 -11.578845 0.822021 1.234754 0.003980 -11.151836 -0.787023 -0.964440 0.003980 -16.709631 -1.901197 -2.536572 0.003980 -21.131948 -2.648492 -3.551657 0.003980  
 13 5 6  0.000000 9.304358 0.000000 -0.526254 0.000000 5.561848 0.000000 -0.526254 0.000000 0.081377 0.000000 -0.526254 0.000000 -5.399094 -0.000000 -0.526254 0.000000 -9.141604 -0.000000 -0.526254  
 14 6 7  0.000000 -7.436165 0.000000 0.518532 0.000000 -4.399255 0.000000 0.518532 0.000000 0.047948 0.000000 0.518532 0.000000 4.495150 -0.000000 0.518532 0.000000 7.532061 -0.000000 0.518532  
 15 7 8  0.000000 9.164654 -0.000000 -0.349788 0.000000 5.412791 -0.000000 -0.349788 0.000000 -0.081377 0.000000 -0.349788 0.000000 -5.575545 0.000000 -0.349788 0.000000 -9.327409 0.000000 -0.349788  
 16 8 5  0.000000 -7.555112 -0.000000 0.265331 0.000000 -4.508848 -0.000000 0.265331 0.000000 -0.047948 0.000000 0.265331 0.000000 4.412952 0.000000 0.265331 0.000000 7.459216 0.000000 0.265331  
 17 10 11  0.000000 7.285406 0.000000 -0.266006 0.000000 4.340408 0.000000 -0.266006 0.000000 0.027801 0.000000 -0.266006 0.000000 -4.284806 -0.000000 -0.266006 0.000000 -7.229803 -0.000000 -0.266006  
 18 11 12  0.000000 -5.655212 0.000000 0.263260 0.000000 -3.355898 0.000000 0.263260 0.000000 0.011181 0.000000 0.263260 0.000000 3.378259 -0.000000 0.263260 0.000000 5.677574 -0.000000 0.263260  
 19 12 13  0.000000 7.264115 -0.000000 -0.146357 0.000000 4.305194 -0.000000 -0.146357 0.000000 -0.027801 0.000000 -0.146357 0.000000 -4.360796 0.000000 -0.146357 0.000000 -7.319717 0.000000 -0.146357  
 20 13 10  0.000000 -5.711885 -0.000000 0.089146 0.000000 -3.398648 -0.000000 0.089146 0.000000 -0.011181 0.000000 0.089146 0.000000 3.376286 0.000000 0.089146 0.000000 5.689524 0.000000 0.089146  
 21 15 16  0.000000 3.602939 -0.000000 -0.071074 0.000000 2.153406 -0.000000 -0.071074 0.000000 0.030734 0.000000 -0.071074 0.000000 -2.091938 0.000000 -0.071074 0.000000 -3.541471 0.000000 -0.071074  
 22 16 17  0.000000 -2.618770 -0.000000 0.076194 0.000000 -1.550353 -0.000000 0.076194 0.000000 0.014219 0.000000 0.076194 0.000000 1.578792 0.000000 0.076194 0.000000 2.647209 0.000000 0.076194  
 23 17 18  0.000000 3.578043 0.000000 -0.065219 0.000000 2.113670 0.000000 -0.065219 0.000000 -0.030734 0.000000 -0.065219 0.000000 -2.175138 -0.000000 -0.065219 0.000000 -3.639510 -0.000000 -0.065219  
 24 18 15  0.000000 -2.683781 0.000000 0.061602 0.000000 -1.600524 0.000000 0.061602 0.000000 -0.014219 0.000000 0.061602 0.000000 1.572085 -0.000000 0.061602 0.000000 2.655342 -0.000000 0.061602  
 118 118 128  -32.486052 3.023930 3.707961 -0.054439 -31.840147 2.870685 3.523113 -0.054439 -30.933079 2.643973 3.248387 -0.054439 -30.107812 2.410067 2.966324 -0.054439 -29.586320 2.247451 2.768289 -0.054439  
 128 128 138  -31.511927 2.155778 2.659741 -0.054439 -31.225735 2.014804 2.487732 -0.054439 -30.898849 1.796102 2.221792 -0.054439 -30.707926 1.556679 1.932873 -0.054439 -30.671520 1.376306 1.717752 -0.054439  
 138 138 148  -30.967927 1.315717 1.641981 -0.054439 -30.971919 1.158294 1.451584 -0.054439 -30.977371 0.927754 1.172747 -0.054439 -30.982359 0.697207 0.893880 -0.054439 -30.985330 0.539800 0.703407 -0.054439  
 148 148 158  -30.974808 0.459417 0.606350 -0.054439 -30.977067 0.301984 0.415792 -0.054439 -30.978241 0.071562 0.136998 -0.054439 -30.977410 -0.159034 -0.141859 -0.054439 -30.975959 -0.316583 -0.332287 -0.054439  
 158 158 168  -30.983281 -0.396811 -0.429491 -0.054439 -30.981306 -0.554244 -0.619881 -0.054439 -30.977567 -0.784786 -0.898731 -0.054439 -30.972978 -1.015323 -1.177610 -0.054439 -30.969493 -1.172738 -1.368034 -0.054439  
 168 168 178  -30.852033 -1.236239 -1.447721 -0.054439 -30.847928 -1.410786 -1.655814 -0.054439 -30.901711 -1.654420 -1.948525 -0.054439 -31.099824 -1.872448 -2.214107 -0.054439 -31.296075 -2.011466 -2.385588 -0.054439  
 178 178 188  -29.804188 -2.101887 -2.491809 -0.054439 -30.222832 -2.268490 -2.692515 -0.054439 -30.928391 -2.501045 -2.976409 -0.054439 -31.717991 -2.728432 -3.248681 -0.054439 -32.293857 -2.879179 -3.432229 -0.054439  
 188 188 198  -29.076078 -2.966059 -3.534933 -0.054439 -29.840115 -3.122938 -3.727268 -0.054439 -30.968369 -3.353326 -4.007171 -0.054439 -32.112380 -3.584243 -4.284825 -0.054439 -32.902397 -3.741714 -4.473683 -0.054439  
 198 198 13  -28.820399 -3.821910 -4.572166 -0.054439 -29.694844 -3.979261 -4.762895 -0.054439 -30.976150 -4.209897 -5.041808 -0.054439 -32.258834 -4.440420 -5.320560 -0.054439 -33.137002 -4.597741 -5.510787 -0.054439  
