 1 1 5  -46.202581 3.753422 6.344578 -0.151182 -42.370708 2.895154 5.028388 -0.151182 -39.146386 1.227198 2.489099 -0.151182 -39.056526 -1.136225 -0.922365 -0.151182 -38.997055 -2.537495 -3.033619 -0.151182  
 2 2 6  -36.528252 3.508012 5.972172 -0.151182 -31.498425 2.642027 4.630213 -0.151182 -24.835384 1.160039 2.337274 -0.151182 -24.295266 -1.159436 -1.157296 -0.151182 -26.867855 -2.256861 -2.998605 -0.151182  
 3 3 7  -38.831196 3.526404 6.066369 -0.151182 -34.199738 2.669722 4.746923 -0.151182 -28.620999 1.181220 2.385704 -0.151182 -28.372721 -1.143354 -1.139263 -0.151182 -29.977771 -2.319038 -3.068590 -0.151182  
 4 4 8  -48.688580 3.776275 6.422735 -0.151182 -45.232984 2.919337 5.101605 -0.151182 -42.960408 1.200376 2.476312 -0.151182 -42.858022 -1.120442 -0.902286 -0.151182 -42.398049 -2.560037 -3.047386 -0.151182  
 5 5 10  -31.987151 1.915300 5.440903 -0.252401 -25.375555 1.015485 3.534115 -0.252401 -22.571929 -0.853651 -0.490034 -0.252401 -28.241408 -2.255639 -4.048172 -0.252401 -35.004559 -3.056225 -5.949801 -0.252401  
 6 6 11  -26.840690 1.806345 5.257920 -0.252401 -19.313906 0.922259 3.311134 -0.252401 -13.624505 -0.854303 -0.442261 -0.252401 -22.261883 -2.086622 -3.791145 -0.252401 -29.758792 -2.899828 -5.742339 -0.252401  
 7 7 12  -27.021041 1.814583 5.259985 -0.252401 -19.554322 0.925159 3.321442 -0.252401 -14.040473 -0.855577 -0.442346 -0.252401 -22.472719 -2.093182 -3.797788 -0.252401 -29.907399 -2.907979 -5.740304 -0.252401  
 8 8 118  -29.719591 2.111392 5.957066 -0.252401 -28.814422 2.010158 5.727182 -0.252401 -27.486687 1.861097 5.389933 -0.252401 -26.160355 1.710379 5.052044 -0.252401 -25.251483 1.607126 4.820832 -0.252401  
 9 10 15  -13.613488 -1.891068 0.612667 0.044863 -12.451165 -1.482479 -0.026252 0.044863 -12.338753 -0.566739 -1.155526 0.044863 -13.741557 0.289398 -2.004031 0.044863 -15.332228 0.771329 -2.464151 0.044863  
 10 11 16  -11.926577 -1.787051 0.702867 0.044863 -10.519506 -1.402322 0.054401 0.044863 -10.233533 -0.535688 -1.103560 0.044863 -12.159671 0.273928 -1.954934 0.044863 -13.981971 0.738796 -2.444657 0.044863  
 11 12 17  -11.320056 -1.744577 0.691695 0.044863 -9.867733 -1.366222 0.053706 0.044863 -9.554567 -0.514012 -1.085100 0.044863 -11.589456 0.277847 -1.916855 0.044863 -13.431084 0.737284 -2.404454 0.044863  
 12 13 18  -13.024215 -1.853511 0.604071 0.044863 -11.827162 -1.451513 -0.026497 0.044863 -11.669722 -0.548154 -1.144541 0.044863 -13.180196 0.295223 -1.971131 0.044863 -14.803776 0.770564 -2.427959 0.044863  
 13 5 6  0.000000 8.518643 0.000000 -0.169069 0.000000 5.082839 0.000000 -0.169069 0.000000 0.051505 0.000000 -0.169069 0.000000 -4.979830 -0.000000 -0.169069 0.000000 -8.415633 -0.000000 -0.169069  
 14 6 7  0.000000 -4.250102 -0.000000 0.023839 0.000000 -2.526467 -0.000000 0.023839 0.000000 -0.002403 0.000000 0.023839 0.000000 2.521660 0.000000 0.023839 0.000000 4.245295 0.000000 0.023839  
 15 7 8  0.000000 8.417770 -0.000000 -0.137434 0.000000 4.981099 -0.000000 -0.137434 0.000000 -0.051505 0.000000 -0.137434 0.000000 -5.084109 0.000000 -0.137434 0.000000 -8.520779 0.000000 -0.137434  
 16 8 5  0.000000 -4.247431 0.000000 -0.119475 0.000000 -2.522929 0.000000 -0.119475 0.000000 0.002403 0.000000 -0.119475 0.000000 2.527736 -0.000000 -0.119475 0.000000 4.252238 -0.000000 -0.119475  
 17 10 11  0.000000 6.735323 0.000000 -0.041735 0.000000 4.010337 0.000000 -0.041735 0.000000 0.019912 0.000000 -0.041735 0.000000 -3.970512 -0.000000 -0.041735 0.000000 -6.695498 -0.000000 -0.041735  
 18 11 12  0.000000 -1.236098 -0.000000 -0.010944 0.000000 -0.736065 -0.000000 -0.010944 0.000000 -0.003825 0.000000 -0.010944 0.000000 0.728415 0.000000 -0.010944 0.000000 1.228448 0.000000 -0.010944  
 19 12 13  0.000000 6.707473 -0.000000 0.023280 0.000000 3.977628 -0.000000 0.023280 0.000000 -0.019912 0.000000 0.023280 0.000000 -4.017452 0.000000 0.023280 0.000000 -6.747297 0.000000 0.023280  
 20 13 10  0.000000 -1.240423 0.000000 -0.213267 0.000000 -0.735531 0.000000 -0.213267 0.000000 0.003825 0.000000 -0.213267 0.000000 0.743181 -0.000000 -0.213267 0.000000 1.248073 -0.000000 -0.213267  
 21 15 16  0.000000 2.504562 -0.000000 0.030289 0.000000 1.493883 -0.000000 0.030289 0.000000 0.013860 0.000000 0.030289 0.000000 -1.466163 0.000000 0.030289 0.000000 -2.476842 0.000000 0.030289  
 22 16 17  0.000000 0.856710 0.000000 -0.030792 0.000000 0.510050 0.000000 -0.030792 0.000000 0.002406 0.000000 -0.030792 0.000000 -0.505238 -0.000000 -0.030792 0.000000 -0.851899 -0.000000 -0.030792  
 23 17 18  0.000000 2.488092 0.000000 0.031489 0.000000 1.472847 0.000000 0.031489 0.000000 -0.013860 0.000000 0.031489 0.000000 -1.500567 -0.000000 0.031489 0.000000 -2.515812 -0.000000 0.031489  
 24 18 15  0.000000 0.840649 -0.000000 -0.026931 0.000000 0.498553 -0.000000 -0.026931 0.000000 -0.002406 0.000000 -0.026931 0.000000 -0.503365 0.000000 -0.026931 0.000000 -0.845461 0.000000 -0.026931  
 118 118 128  -29.418733 1.552406 4.701218 -0.252401 -28.621972 1.453391 4.473105 -0.252401 -27.460936 1.306890 4.137893 -0.252401 -26.352259 1.153460 3.798702 -0.252401 -25.615275 1.048321 3.564103 -0.252401  
 128 128 138  -28.309762 0.989692 3.423253 -0.252401 -27.881868 0.897056 3.219984 -0.252401 -27.383025 0.753788 2.901507 -0.252401 -27.059268 0.600706 2.549710 -0.252401 -26.978178 0.481308 2.281182 -0.252401  
 138 138 148  -27.423331 0.442736 2.196066 -0.252401 -27.452638 0.340392 1.965589 -0.252401 -27.490476 0.190490 1.628048 -0.252401 -27.521849 0.040657 1.290429 -0.252401 -27.539231 -0.061584 1.059859 -0.252401  
 148 148 158  -27.473463 -0.113501 0.942703 -0.252401 -27.483296 -0.216301 0.711612 -0.252401 -27.490487 -0.366238 0.373930 -0.252401 -27.491368 -0.515877 0.036715 -0.252401 -27.488714 -0.618011 -0.193820 -0.252401  
 158 158 168  -27.515812 -0.670795 -0.311770 -0.252401 -27.507892 -0.772782 -0.542170 -0.252401 -27.491400 -0.922339 -0.879433 -0.252401 -27.466193 -1.072496 -1.217264 -0.252401 -27.445342 -1.175140 -1.448056 -0.252401  
 168 168 178  -27.188326 -1.206543 -1.540427 -0.252401 -27.212488 -1.333167 -1.799819 -0.252401 -27.402465 -1.491320 -2.148935 -0.252401 -27.738660 -1.628624 -2.471768 -0.252401 -28.032709 -1.715998 -2.680488 -0.252401  
 178 178 188  -25.968831 -1.782936 -2.809865 -0.252401 -26.538674 -1.886210 -3.051385 -0.252401 -27.451268 -2.036038 -3.392903 -0.252401 -28.421099 -2.185499 -3.725462 -0.252401 -29.117598 -2.287791 -3.947373 -0.252401  
 188 188 198  -25.321338 -2.339907 -4.071698 -0.252401 -26.194694 -2.442576 -4.303835 -0.252401 -27.483828 -2.592546 -4.642112 -0.252401 -28.777673 -2.742168 -4.978892 -0.252401 -29.661466 -2.844398 -5.208028 -0.252401  
 198 198 13  -25.205197 -2.896251 -5.326294 -0.252401 -26.133833 -2.999134 -5.557552 -0.252401 -27.489239 -3.149317 -5.895517 -0.252401 -28.840548 -3.298842 -6.232705 -0.252401 -29.760549 -3.400604 -6.462509 -0.252401  
