 1 1 5  -34.204734 -0.514649 -1.335642 0.000332 -34.239810 -0.310663 -0.950738 0.000332 -34.280557 -0.011739 -0.387083 0.000332 -34.282562 0.286721 0.177592 0.000332 -34.258974 0.490695 0.562704 0.000332  
 2 2 6  -36.439683 -0.514968 -1.334179 0.000332 -36.474947 -0.310934 -0.949276 0.000332 -36.516338 -0.011988 -0.385640 0.000332 -36.518594 0.286999 0.177526 0.000332 -36.494113 0.490957 0.562237 0.000332  
 3 3 7  -37.684782 -0.515701 -1.333476 0.000332 -37.719953 -0.311680 -0.948689 0.000332 -37.761067 -0.012744 -0.385220 0.000332 -37.763807 0.286893 0.177067 0.000332 -37.739000 0.491115 0.561748 0.000332  
 4 4 8  -35.449372 -0.515424 -1.334943 0.000332 -35.484396 -0.311454 -0.950151 0.000332 -35.525520 -0.012586 -0.386675 0.000332 -35.528594 0.286786 0.177399 0.000332 -35.503312 0.490936 0.562217 0.000332  
 5 5 10  -22.711968 0.458417 -0.729378 0.000070 -22.722391 0.381719 -0.414263 0.000070 -22.731027 0.269174 0.047490 0.000070 -22.718522 0.156796 0.509262 0.000070 -22.706175 0.080118 0.824447 0.000070  
 6 6 11  -23.982557 0.458220 -0.729547 0.000070 -23.993137 0.381578 -0.414271 0.000070 -24.002070 0.269220 0.047305 0.000070 -23.989074 0.156855 0.509021 0.000070 -23.976678 0.080205 0.824423 0.000070  
 7 7 12  -25.270674 0.458230 -0.729395 0.000070 -25.281198 0.381519 -0.414163 0.000070 -25.289753 0.269270 0.047176 0.000070 -25.276451 0.157063 0.508812 0.000070 -25.264097 0.080341 0.824170 0.000070  
 8 8 118  -24.005655 0.476007 -0.801687 0.000070 -24.006835 0.468335 -0.770168 0.000070 -24.008531 0.457101 -0.724012 0.000070 -24.010189 0.445868 -0.677854 0.000070 -24.011300 0.438197 -0.646333 0.000070  
 9 10 15  -11.442275 0.931300 -0.317413 -0.000458 -11.443479 0.558552 -0.127001 -0.000458 -11.447091 0.011064 0.153354 -0.000458 -11.439778 -0.536400 0.433598 -0.000458 -11.526141 -0.891866 0.607741 -0.000458  
 10 11 16  -11.879523 0.932205 -0.317620 -0.000458 -11.885163 0.558539 -0.126711 -0.000458 -11.888691 0.011077 0.153031 -0.000458 -11.881363 -0.536378 0.432706 -0.000458 -11.942418 -0.896631 0.610841 -0.000458  
 11 12 17  -12.537235 0.931355 -0.317798 -0.000458 -12.543911 0.558067 -0.126712 -0.000458 -12.547191 0.011541 0.152996 -0.000458 -12.540028 -0.535009 0.432682 -0.000458 -12.574356 -0.899805 0.615708 -0.000458  
 12 13 18  -12.097109 0.931377 -0.318425 -0.000458 -12.103783 0.558082 -0.126997 -0.000458 -12.107201 0.011532 0.153320 -0.000458 -12.099986 -0.535031 0.433575 -0.000458 -12.150813 -0.896665 0.613854 -0.000458  
 13 5 6  0.000000 -1.332533 -0.000000 -0.000249 0.000000 -0.791884 -0.000000 -0.000249 0.000000 -0.000166 0.000000 -0.000249 0.000000 0.791551 0.000000 -0.000249 0.000000 1.332200 0.000000 -0.000249  
 14 6 7  0.000000 0.058937 -0.000000 0.000389 0.000000 0.034985 -0.000000 0.000389 0.000000 -0.000090 0.000000 0.000389 0.000000 -0.035165 0.000000 0.000389 0.000000 -0.059117 0.000000 0.000389  
 15 7 8  0.000000 -1.332186 0.000000 -0.000193 0.000000 -0.791543 0.000000 -0.000193 0.000000 0.000166 0.000000 -0.000193 0.000000 0.791876 -0.000000 -0.000193 0.000000 1.332519 -0.000000 -0.000193  
 16 8 5  0.000000 0.059104 0.000000 0.000314 0.000000 0.035157 0.000000 0.000314 0.000000 0.000090 0.000000 0.000314 0.000000 -0.034977 -0.000000 0.000314 0.000000 -0.058923 -0.000000 0.000314  
 17 10 11  0.000000 -1.149880 0.000000 0.000615 0.000000 -0.683282 0.000000 0.000615 0.000000 -0.000004 0.000000 0.000615 0.000000 0.683274 -0.000000 0.000615 0.000000 1.149872 -0.000000 0.000615  
 18 11 12  0.000000 -0.873290 0.000000 -0.000385 0.000000 -0.518917 0.000000 -0.000385 0.000000 0.000022 0.000000 -0.000385 0.000000 0.518960 -0.000000 -0.000385 0.000000 0.873334 -0.000000 -0.000385  
 19 12 13  0.000000 -1.149854 -0.000000 0.000268 0.000000 -0.683264 -0.000000 0.000268 0.000000 0.000004 0.000000 0.000268 0.000000 0.683272 0.000000 0.000268 0.000000 1.149862 0.000000 0.000268  
 20 13 10  0.000000 -0.873351 -0.000000 -0.000715 0.000000 -0.518970 -0.000000 -0.000715 0.000000 -0.000022 0.000000 -0.000715 0.000000 0.518927 0.000000 -0.000715 0.000000 0.873307 0.000000 -0.000715  
 21 15 16  0.000000 -0.604849 -0.000000 0.001131 0.000000 -0.359340 -0.000000 0.001131 0.000000 0.000178 0.000000 0.001131 0.000000 0.359696 0.000000 0.001131 0.000000 0.605204 0.000000 0.001131  
 22 16 17  0.000000 -0.904752 -0.000000 -0.001077 0.000000 -0.537495 -0.000000 -0.001077 0.000000 0.000309 0.000000 -0.001077 0.000000 0.538114 0.000000 -0.001077 0.000000 0.905371 0.000000 -0.001077  
 23 17 18  0.000000 -0.605205 0.000000 0.000679 0.000000 -0.359697 0.000000 0.000679 0.000000 -0.000178 0.000000 0.000679 0.000000 0.359341 -0.000000 0.000679 0.000000 0.604850 -0.000000 0.000679  
 24 18 15  0.000000 -0.905369 0.000000 -0.001436 0.000000 -0.538113 0.000000 -0.001436 0.000000 -0.000309 0.000000 -0.001436 0.000000 0.537494 -0.000000 -0.001436 0.000000 0.904751 -0.000000 -0.001436  
 118 118 128  -24.005922 0.434281 -0.630248 0.000070 -24.007001 0.426610 -0.598730 0.000070 -24.008537 0.415376 -0.552574 0.000070 -24.010025 0.404142 -0.506416 0.000070 -24.011015 0.396471 -0.474894 0.000070  
 128 128 138  -24.006200 0.392557 -0.458811 0.000070 -24.007158 0.384885 -0.427291 0.000070 -24.008531 0.373650 -0.381135 0.000070 -24.009866 0.362417 -0.334977 0.000070 -24.010754 0.354746 -0.303456 0.000070  
 138 138 148  -24.006535 0.350836 -0.287375 0.000070 -24.007388 0.343159 -0.255853 0.000070 -24.008566 0.331922 -0.209694 0.000070 -24.009641 0.320692 -0.163539 0.000070 -24.010326 0.313024 -0.132020 0.000070  
 148 148 158  -24.007499 0.309094 -0.115890 0.000070 -24.008115 0.301438 -0.084415 0.000070 -24.008790 0.290208 -0.038294 0.000070 -24.008925 0.278956 0.007901 0.000070 -24.008801 0.271301 0.039461 0.000070  
 158 158 168  -24.010206 0.267364 0.055491 0.000070 -24.009687 0.259713 0.087031 0.000070 -24.008604 0.248483 0.133183 0.000070 -24.007378 0.237240 0.179337 0.000070 -24.006492 0.229559 0.210856 0.000070  
 168 168 178  -24.010912 0.225652 0.226943 0.000070 -24.009973 0.217984 0.258462 0.000070 -24.008541 0.206751 0.304619 0.000070 -24.007054 0.195515 0.350777 0.000070 -24.006015 0.187842 0.382297 0.000070  
 178 178 188  -24.011212 0.183928 0.398381 0.000070 -24.010142 0.176258 0.429901 0.000070 -24.008535 0.165025 0.476058 0.000070 -24.006883 0.153790 0.522215 0.000070 -24.005732 0.146118 0.553735 0.000070  
 188 188 198  -24.011478 0.142204 0.569819 0.000070 -24.010298 0.134533 0.601339 0.000070 -24.008535 0.123298 0.647497 0.000070 -24.006726 0.112065 0.693653 0.000070 -24.005466 0.104393 0.725173 0.000070  
 198 198 13  -24.011877 0.100478 0.741258 0.000070 -24.010538 0.092807 0.772778 0.000070 -24.008536 0.081574 0.818934 0.000070 -24.006489 0.070339 0.865092 0.000070 -24.005061 0.062667 0.896613 0.000070  
