 1 1 5  -36.443919 0.204707 0.884682 0.000032 -36.449204 0.135048 0.614336 0.000032 -36.456217 0.032982 0.218468 0.000032 -36.457018 -0.069297 -0.177109 0.000032 -36.452830 -0.139056 -0.447385 0.000032  
 2 2 6  -35.461241 0.204627 0.884953 0.000032 -35.466571 0.134973 0.614643 0.000032 -35.473666 0.032920 0.218828 0.000032 -35.474908 -0.069291 -0.177186 0.000032 -35.470397 -0.138996 -0.447505 0.000032  
 3 3 7  -35.537886 0.204499 0.885051 0.000032 -35.543291 0.134828 0.614731 0.000032 -35.550458 0.032745 0.218887 0.000032 -35.551520 -0.069256 -0.177251 0.000032 -35.547156 -0.138955 -0.447604 0.000032  
 4 4 8  -36.520365 0.204581 0.884780 0.000032 -36.525753 0.134909 0.614427 0.000032 -36.532941 0.032808 0.218535 0.000032 -36.534063 -0.069288 -0.177174 0.000032 -36.529616 -0.139013 -0.447473 0.000032  
 5 5 10  -24.218511 -0.029320 0.281686 0.000007 -24.220763 -0.030122 0.132180 0.000007 -24.222556 -0.031368 -0.086629 0.000007 -24.219881 -0.032610 -0.305482 0.000007 -24.217437 -0.033406 -0.454973 0.000007  
 6 6 11  -23.784668 -0.029330 0.281619 0.000007 -23.786961 -0.030129 0.132173 0.000007 -23.788982 -0.031387 -0.086670 0.000007 -23.786075 -0.032583 -0.305531 0.000007 -23.783609 -0.033381 -0.454970 0.000007  
 7 7 12  -23.777616 -0.029312 0.281641 0.000007 -23.779952 -0.030142 0.132192 0.000007 -23.781908 -0.031353 -0.086701 0.000007 -23.778982 -0.032555 -0.305556 0.000007 -23.776502 -0.033379 -0.454997 0.000007  
 8 8 118  -24.212745 -0.029114 0.315999 0.000007 -24.212995 -0.029197 0.301053 0.000007 -24.213357 -0.029319 0.279167 0.000007 -24.213712 -0.029441 0.257280 0.000007 -24.213951 -0.029524 0.242333 0.000007  
 9 10 15  -12.059807 -0.025822 -0.007432 0.000003 -12.060745 -0.017662 -0.038308 0.000003 -12.061166 -0.005725 -0.083514 0.000003 -12.059962 0.006231 -0.128733 0.000003 -12.058951 0.014400 -0.159611 0.000003  
 10 11 16  -11.949922 -0.025819 -0.007450 0.000003 -11.950860 -0.017660 -0.038312 0.000003 -11.951255 -0.005722 -0.083535 0.000003 -11.950062 0.006230 -0.128743 0.000003 -11.949051 0.014400 -0.159607 0.000003  
 11 12 17  -11.939113 -0.025804 -0.007450 0.000003 -11.940057 -0.017653 -0.038313 0.000003 -11.940436 -0.005707 -0.083539 0.000003 -11.939246 0.006236 -0.128746 0.000003 -11.938229 0.014397 -0.159610 0.000003  
 12 13 18  -12.049001 -0.025807 -0.007432 0.000003 -12.049943 -0.017656 -0.038309 0.000003 -12.050363 -0.005711 -0.083519 0.000003 -12.049154 0.006237 -0.128736 0.000003 -12.048136 0.014398 -0.159614 0.000003  
 13 5 6  0.000000 0.757763 -0.000000 -0.000029 0.000000 0.450264 -0.000000 -0.000029 0.000000 -0.000032 0.000000 -0.000029 0.000000 -0.450328 0.000000 -0.000029 0.000000 -0.757827 0.000000 -0.000029  
 14 6 7  0.000000 -0.115711 -0.000000 0.000058 0.000000 -0.068764 -0.000000 0.000058 0.000000 -0.000015 0.000000 0.000058 0.000000 0.068735 0.000000 0.000058 0.000000 0.115682 0.000000 0.000058  
 15 7 8  0.000000 0.757832 0.000000 -0.000033 0.000000 0.450331 0.000000 -0.000033 0.000000 0.000032 0.000000 -0.000033 0.000000 -0.450267 -0.000000 -0.000033 0.000000 -0.757768 -0.000000 -0.000033  
 16 8 5  0.000000 -0.115687 0.000000 0.000055 0.000000 -0.068738 0.000000 0.000055 0.000000 0.000015 0.000000 0.000055 0.000000 0.068767 -0.000000 0.000055 0.000000 0.115716 -0.000000 0.000055  
 17 10 11  0.000000 0.447237 -0.000000 -0.000008 0.000000 0.265754 -0.000000 -0.000008 0.000000 -0.000006 0.000000 -0.000008 0.000000 -0.265767 0.000000 -0.000008 0.000000 -0.447250 0.000000 -0.000008  
 18 11 12  0.000000 -0.005186 -0.000000 0.000019 0.000000 -0.003083 -0.000000 0.000019 0.000000 -0.000005 0.000000 0.000019 0.000000 0.003074 0.000000 0.000019 0.000000 0.005177 0.000000 0.000019  
 19 12 13  0.000000 0.447255 0.000000 -0.000010 0.000000 0.265770 0.000000 -0.000010 0.000000 0.000006 0.000000 -0.000010 0.000000 -0.265757 -0.000000 -0.000010 0.000000 -0.447242 -0.000000 -0.000010  
 20 13 10  0.000000 -0.005182 0.000000 0.000016 0.000000 -0.003077 0.000000 0.000016 0.000000 0.000005 0.000000 0.000016 0.000000 0.003087 -0.000000 0.000016 0.000000 0.005191 -0.000000 0.000016  
 21 15 16  0.000000 0.151771 -0.000000 0.000003 0.000000 0.090184 -0.000000 0.000003 0.000000 -0.000003 0.000000 0.000003 0.000000 -0.090190 0.000000 0.000003 0.000000 -0.151777 0.000000 0.000003  
 22 16 17  0.000000 0.014930 -0.000000 -0.000001 0.000000 0.008871 -0.000000 -0.000001 0.000000 -0.000001 0.000000 -0.000001 0.000000 -0.008874 0.000000 -0.000001 0.000000 -0.014933 0.000000 -0.000001  
 23 17 18  0.000000 0.151782 0.000000 0.000003 0.000000 0.090193 0.000000 0.000003 0.000000 0.000003 0.000000 0.000003 0.000000 -0.090187 -0.000000 0.000003 0.000000 -0.151776 -0.000000 0.000003  
 24 18 15  0.000000 0.014927 0.000000 -0.000001 0.000000 0.008871 0.000000 -0.000001 0.000000 0.000001 0.000000 -0.000001 0.000000 -0.008868 -0.000000 -0.000001 0.000000 -0.014924 -0.000000 -0.000001  
 118 118 128  -24.212785 -0.029567 0.234706 0.000007 -24.213020 -0.029650 0.219760 0.000007 -24.213358 -0.029772 0.197874 0.000007 -24.213687 -0.029894 0.175986 0.000007 -24.213908 -0.029977 0.161040 0.000007  
 128 128 138  -24.212828 -0.030020 0.153414 0.000007 -24.213044 -0.030103 0.138467 0.000007 -24.213356 -0.030225 0.116580 0.000007 -24.213663 -0.030347 0.094693 0.000007 -24.213869 -0.030431 0.079748 0.000007  
 138 138 148  -24.212914 -0.030474 0.072124 0.000007 -24.213109 -0.030556 0.057174 0.000007 -24.213379 -0.030677 0.035284 0.000007 -24.213599 -0.030800 0.013400 0.000007 -24.213723 -0.030884 -0.001542 0.000007  
 148 148 158  -24.213174 -0.030922 -0.009170 0.000007 -24.213276 -0.031011 -0.024120 0.000007 -24.213377 -0.031133 -0.046007 0.000007 -24.213445 -0.031252 -0.067893 0.000007 -24.213442 -0.031336 -0.082836 0.000007  
 158 158 168  -24.213659 -0.031383 -0.090472 0.000007 -24.213576 -0.031461 -0.105412 0.000007 -24.213394 -0.031583 -0.127294 0.000007 -24.213135 -0.031707 -0.149186 0.000007 -24.212938 -0.031791 -0.164138 0.000007  
 168 168 178  -24.213888 -0.031832 -0.171759 0.000007 -24.213677 -0.031915 -0.186705 0.000007 -24.213358 -0.032038 -0.208592 0.000007 -24.213030 -0.032159 -0.230479 0.000007 -24.212803 -0.032242 -0.245425 0.000007  
 178 178 188  -24.213932 -0.032285 -0.253052 0.000007 -24.213701 -0.032369 -0.267998 0.000007 -24.213356 -0.032491 -0.289885 0.000007 -24.213006 -0.032613 -0.311772 0.000007 -24.212765 -0.032695 -0.326718 0.000007  
 188 188 198  -24.213961 -0.032738 -0.334345 0.000007 -24.213716 -0.032822 -0.349291 0.000007 -24.213355 -0.032944 -0.371178 0.000007 -24.212990 -0.033066 -0.393065 0.000007 -24.212739 -0.033149 -0.408011 0.000007  
 198 198 13  -24.213987 -0.033191 -0.415638 0.000007 -24.213732 -0.033275 -0.430584 0.000007 -24.213355 -0.033397 -0.452471 0.000007 -24.212975 -0.033519 -0.474358 0.000007 -24.212713 -0.033602 -0.489304 0.000007  
