 1 1 5  -32.516616 -1.628967 -2.682907 -0.019445 -33.115514 -1.252068 -2.089242 -0.019445 -34.465885 -0.409389 -0.891068 -0.019445 -34.374023 0.436507 0.300620 -0.019445 -33.288644 1.042776 1.142997 -0.019445  
 2 2 6  -38.960199 -1.655388 -2.721683 -0.019445 -40.207621 -1.201859 -2.020890 -0.019445 -41.509476 -0.395634 -0.861795 -0.019445 -41.456397 0.412402 0.293924 -0.019445 -40.497941 0.979721 1.106459 -0.019445  
 3 3 7  -36.685824 -1.695335 -2.755728 -0.019445 -37.637146 -1.283627 -2.090495 -0.019445 -39.004493 -0.426311 -0.874141 -0.019445 -38.928017 0.417226 0.313195 -0.019445 -37.846817 1.006302 1.165736 -0.019445  
 4 4 8  -30.450466 -1.657117 -2.693981 -0.019445 -30.697533 -1.295811 -2.121849 -0.019445 -31.841146 -0.438195 -0.906048 -0.019445 -31.747101 0.440317 0.323341 -0.019445 -30.649953 1.067513 1.201572 -0.019445  
 5 5 10  -21.857597 -0.412731 -1.833728 -0.006468 -22.495417 -0.230444 -1.198178 -0.006468 -22.803580 0.053306 -0.238854 -0.006468 -22.272074 0.343930 0.730666 -0.006468 -21.406877 0.537356 1.384923 -0.006468  
 6 6 11  -26.584281 -0.414320 -1.854175 -0.006468 -27.338392 -0.215912 -1.195428 -0.006468 -27.615729 0.052645 -0.261745 -0.006468 -27.151466 0.321739 0.670986 -0.006468 -26.225612 0.525638 1.336675 -0.006468  
 7 7 12  -25.080151 -0.393892 -1.872578 -0.006468 -25.864354 -0.210699 -1.210554 -0.006468 -26.169510 0.060998 -0.262059 -0.006468 -25.670385 0.337992 0.690583 -0.006468 -24.687484 0.533100 1.365695 -0.006468  
 8 8 118  -20.853599 -0.451790 -2.012414 -0.006468 -20.844427 -0.434235 -1.949973 -0.006468 -20.838515 -0.407959 -1.855943 -0.006468 -20.857985 -0.377812 -1.756155 -0.006468 -20.878240 -0.356390 -1.685773 -0.006468  
 9 10 15  -13.453541 -0.652296 -2.341053 0.000026 -10.538473 -0.402593 -1.485365 0.000026 -9.257287 0.106393 0.292228 0.000026 -11.671879 0.528706 1.842969 0.000026 -14.646633 0.767394 2.675729 0.000026  
 10 11 16  -15.091732 -0.681679 -2.388603 0.000026 -12.582102 -0.432529 -1.537420 0.000026 -11.921947 0.105408 0.268266 0.000026 -13.456576 0.559514 1.882336 0.000026 -16.124358 0.795566 2.696927 0.000026  
 11 12 17  -14.567548 -0.674585 -2.357371 0.000026 -11.984201 -0.425804 -1.514553 0.000026 -11.195277 0.109152 0.269129 0.000026 -12.916988 0.559097 1.855693 0.000026 -15.633532 0.794506 2.666291 0.000026  
 12 13 18  -12.940338 -0.646203 -2.306635 0.000026 -9.967371 -0.396106 -1.455476 0.000026 -8.502293 0.109817 0.292921 0.000026 -11.145402 0.527244 1.812322 0.000026 -14.154957 0.766488 2.643159 0.000026  
 13 5 6  0.000000 -3.025002 0.000000 0.027434 0.000000 -1.799568 0.000000 0.027434 0.000000 -0.005064 0.000000 0.027434 0.000000 1.789441 -0.000000 0.027434 0.000000 3.014874 -0.000000 0.027434  
 14 6 7  0.000000 1.427379 0.000000 -0.039170 0.000000 0.846103 0.000000 -0.039170 0.000000 -0.005107 0.000000 -0.039170 0.000000 -0.856318 -0.000000 -0.039170 0.000000 -1.437594 -0.000000 -0.039170  
 15 7 8  0.000000 -3.014839 -0.000000 0.022196 0.000000 -1.789420 -0.000000 0.022196 0.000000 0.005064 0.000000 0.022196 0.000000 1.799548 0.000000 0.022196 0.000000 3.024967 0.000000 0.022196  
 16 8 5  0.000000 1.437559 -0.000000 -0.030351 0.000000 0.856297 -0.000000 -0.030351 0.000000 0.005107 0.000000 -0.030351 0.000000 -0.846083 0.000000 -0.030351 0.000000 -1.427344 0.000000 -0.030351  
 17 10 11  0.000000 -3.833712 0.000000 -0.009734 0.000000 -2.274441 0.000000 -0.009734 0.000000 0.008930 0.000000 -0.009734 0.000000 2.292301 -0.000000 -0.009734 0.000000 3.851572 -0.000000 -0.009734  
 18 11 12  0.000000 1.213992 -0.000000 0.002917 0.000000 0.721268 -0.000000 0.002917 0.000000 -0.000269 0.000000 0.002917 0.000000 -0.721807 0.000000 0.002917 0.000000 -1.214531 0.000000 0.002917  
 19 12 13  0.000000 -3.850023 -0.000000 -0.011429 0.000000 -2.291381 -0.000000 -0.011429 0.000000 -0.008930 0.000000 -0.011429 0.000000 2.273521 0.000000 -0.011429 0.000000 3.832163 0.000000 -0.011429  
 20 13 10  0.000000 1.212982 0.000000 0.011681 0.000000 0.720886 0.000000 0.011681 0.000000 0.000269 0.000000 0.011681 0.000000 -0.720348 -0.000000 0.011681 0.000000 -1.212444 -0.000000 0.011681  
 21 15 16  0.000000 -2.797299 -0.000000 -0.019875 0.000000 -1.652661 -0.000000 -0.019875 0.000000 0.023527 0.000000 -0.019875 0.000000 1.699715 0.000000 -0.019875 0.000000 2.844352 0.000000 -0.019875  
 22 16 17  0.000000 0.827674 -0.000000 0.018799 0.000000 0.492289 -0.000000 0.018799 0.000000 0.001158 0.000000 0.018799 0.000000 -0.489973 0.000000 0.018799 0.000000 -0.825357 0.000000 0.018799  
 23 17 18  0.000000 -2.842491 0.000000 -0.020095 0.000000 -1.698609 0.000000 -0.020095 0.000000 -0.023527 0.000000 -0.020095 0.000000 1.651556 -0.000000 -0.020095 0.000000 2.795438 -0.000000 -0.020095  
 24 18 15  0.000000 0.823496 0.000000 0.021344 0.000000 0.488867 0.000000 0.021344 0.000000 -0.001158 0.000000 0.021344 0.000000 -0.491184 -0.000000 0.021344 0.000000 -0.825813 -0.000000 0.021344  
 118 118 128  -20.722596 -0.346042 -1.653018 -0.006468 -20.764669 -0.330287 -1.590745 -0.006468 -20.849382 -0.302049 -1.493819 -0.006468 -20.934911 -0.272431 -1.395350 -0.006468 -20.988870 -0.252361 -1.328270 -0.006468  
 128 128 138  -20.737456 -0.243770 -1.295919 -0.006468 -20.787927 -0.224249 -1.229423 -0.006468 -20.855472 -0.195837 -1.132287 -0.006468 -20.915376 -0.167659 -1.035439 -0.006468 -20.951867 -0.148570 -0.969475 -0.006468  
 138 138 148  -20.789375 -0.138489 -0.935452 -0.006468 -20.818006 -0.119187 -0.869190 -0.006468 -20.854748 -0.090914 -0.772198 -0.006468 -20.885174 -0.062624 -0.675236 -0.006468 -20.901933 -0.043257 -0.608974 -0.006468  
 148 148 158  -20.838140 -0.033055 -0.574743 -0.006468 -20.847744 -0.014229 -0.509087 -0.006468 -20.854503 0.013997 -0.412188 -0.006468 -20.855525 0.042485 -0.314882 -0.006468 -20.853577 0.061996 -0.248566 -0.006468  
 158 158 168  -20.880304 0.071300 -0.215132 -0.006468 -20.872345 0.090951 -0.148769 -0.006468 -20.855672 0.119532 -0.051479 -0.006468 -20.830431 0.147526 0.045262 -0.006468 -20.809603 0.166518 0.111254 -0.006468  
 168 168 178  -20.935753 0.176897 0.145533 -0.006468 -20.905904 0.196014 0.211519 -0.006468 -20.855455 0.224180 0.308361 -0.006468 -20.797502 0.252593 0.405495 -0.006468 -20.753403 0.272110 0.471985 -0.006468  
 178 178 188  -20.980995 0.281988 0.505810 -0.006468 -20.932883 0.301078 0.571756 -0.006468 -20.855743 0.329250 0.668590 -0.006468 -20.770435 0.357654 0.765735 -0.006468 -20.707645 0.377204 0.832258 -0.006468  
 188 188 198  -21.022798 0.386951 0.865920 -0.006468 -20.957680 0.406116 0.931969 -0.006468 -20.855399 0.434395 1.028919 -0.006468 -20.744893 0.462913 1.126184 -0.006468 -20.668173 0.481902 1.192085 -0.006468  
 198 198 13  -20.965685 0.489214 1.222365 -0.006468 -20.909053 0.511762 1.292924 -0.006468 -20.844667 0.540885 1.391308 -0.006468 -20.788241 0.568430 1.486625 -0.006468 -20.761720 0.584319 1.549147 -0.006468  
