 1 1 5  -32.136399 3.033282 -0.808015 -0.010620 -32.848578 2.229676 -0.503337 -0.010620 -33.481324 1.053920 0.042527 -0.010620 -33.448459 -0.097288 0.636918 -0.010620 -33.001281 -0.903511 1.003299 -0.010620  
 2 2 6  -30.547390 3.035806 -0.761183 -0.010620 -31.174265 2.253620 -0.464601 -0.010620 -31.934171 1.060813 0.062362 -0.010620 -31.897483 -0.105501 0.631336 -0.010620 -31.398217 -0.919772 0.992619 -0.010620  
 3 3 7  -37.753131 3.047717 -0.818882 -0.010620 -38.614799 2.220466 -0.488285 -0.010620 -39.304014 1.050267 0.054762 -0.010620 -39.281782 -0.087194 0.640462 -0.010620 -38.820585 -0.890385 1.010705 -0.010620  
 4 4 8  -39.507310 3.010858 -0.867188 -0.010620 -40.280250 2.195734 -0.525790 -0.010620 -40.814210 1.046791 0.039853 -0.010620 -40.811839 -0.081105 0.643108 -0.010620 -40.430939 -0.872342 1.022992 -0.010620  
 5 5 10  -23.029327 2.531420 1.086114 0.018012 -22.283972 1.678508 0.849676 0.018012 -22.373390 0.158239 0.321237 0.018012 -22.151638 -1.378480 -0.226390 0.018012 -22.261443 -2.340430 -0.551072 0.018012  
 6 6 11  -21.727421 2.495461 1.054515 0.018012 -20.790640 1.671568 0.837392 0.018012 -20.838916 0.157907 0.315502 0.018012 -20.582848 -1.384125 -0.236089 0.018012 -20.888450 -2.310749 -0.538823 0.018012  
 7 7 12  -25.987704 2.579737 1.125301 0.018012 -25.599309 1.674060 0.852335 0.018012 -25.745339 0.166671 0.315528 0.018012 -25.505609 -1.347816 -0.230369 0.018012 -25.352547 -2.350004 -0.585014 0.018012  
 8 8 118  -27.425130 2.877785 1.263355 0.018012 -27.285762 2.781371 1.230438 0.018012 -27.106576 2.635727 1.180217 0.018012 -26.957337 2.485034 1.126547 0.018012 -26.876533 2.378038 1.088087 0.018012  
 9 10 15  -12.078535 1.716333 0.612061 0.008026 -10.499505 0.993689 0.394510 0.008026 -10.388667 -0.476909 -0.122181 0.008026 -11.888953 -1.678673 -0.520089 0.008026 -14.038742 -2.315190 -0.745412 0.008026  
 10 11 16  -11.571246 1.689233 0.609242 0.008026 -9.874811 0.982928 0.390994 0.008026 -9.702295 -0.477381 -0.123843 0.008026 -11.373740 -1.651121 -0.518052 0.008026 -13.568403 -2.284604 -0.744747 0.008026  
 11 12 17  -13.074087 1.714592 0.642911 0.008026 -11.840195 0.970204 0.412800 0.008026 -11.818065 -0.464436 -0.123565 0.008026 -12.899613 -1.685142 -0.547017 0.008026 -14.868643 -2.310397 -0.775017 0.008026  
 12 13 18  -13.591409 1.737616 0.646099 0.008026 -12.479756 0.974007 0.412182 0.008026 -12.481284 -0.464139 -0.122054 0.008026 -13.427347 -1.708034 -0.549674 0.008026 -15.342960 -2.338331 -0.776258 0.008026  
 13 5 6  0.000000 0.141313 -0.000000 -0.005582 0.000000 0.083088 -0.000000 -0.005582 0.000000 -0.002177 0.000000 -0.005582 0.000000 -0.087441 0.000000 -0.005582 0.000000 -0.145667 0.000000 -0.005582  
 14 6 7  0.000000 -3.615237 -0.000000 0.011205 0.000000 -2.147580 -0.000000 0.011205 0.000000 0.001632 0.000000 0.011205 0.000000 2.150845 0.000000 0.011205 0.000000 3.618501 0.000000 0.011205  
 15 7 8  0.000000 0.145614 0.000000 0.011113 0.000000 0.087410 0.000000 0.011113 0.000000 0.002177 0.000000 0.011113 0.000000 -0.083056 -0.000000 0.011113 0.000000 -0.141260 -0.000000 0.011113  
 16 8 5  0.000000 -3.618449 0.000000 0.000342 0.000000 -2.150813 0.000000 0.000342 0.000000 -0.001632 0.000000 0.000342 0.000000 2.147549 -0.000000 0.000342 0.000000 3.615184 -0.000000 0.000342  
 17 10 11  0.000000 1.247251 0.000000 -0.022969 0.000000 0.741428 0.000000 -0.022969 0.000000 0.000708 0.000000 -0.022969 0.000000 -0.740011 -0.000000 -0.022969 0.000000 -1.245834 -0.000000 -0.022969  
 18 11 12  0.000000 -4.120987 -0.000000 0.035708 0.000000 -2.446026 -0.000000 0.035708 0.000000 0.006760 0.000000 0.035708 0.000000 2.459546 0.000000 0.035708 0.000000 4.134507 0.000000 0.035708  
 19 12 13  0.000000 1.246689 -0.000000 -0.009741 0.000000 0.740519 -0.000000 -0.009741 0.000000 -0.000708 0.000000 -0.009741 0.000000 -0.741936 0.000000 -0.009741 0.000000 -1.248106 0.000000 -0.009741  
 20 13 10  0.000000 -4.135362 0.000000 0.026838 0.000000 -2.460054 0.000000 0.026838 0.000000 -0.006760 0.000000 0.026838 0.000000 2.446534 -0.000000 0.026838 0.000000 4.121842 -0.000000 0.026838  
 21 15 16  0.000000 0.807993 0.000000 -0.018223 0.000000 0.480584 0.000000 -0.018223 0.000000 0.001131 0.000000 -0.018223 0.000000 -0.478321 -0.000000 -0.018223 0.000000 -0.805730 -0.000000 -0.018223  
 22 16 17  0.000000 -2.429462 0.000000 0.020105 0.000000 -1.437684 0.000000 0.020105 0.000000 0.014659 0.000000 0.020105 0.000000 1.467002 -0.000000 0.020105 0.000000 2.458780 -0.000000 0.020105  
 23 17 18  0.000000 0.806855 -0.000000 -0.015278 0.000000 0.478989 -0.000000 -0.015278 0.000000 -0.001131 0.000000 -0.015278 0.000000 -0.481252 0.000000 -0.015278 0.000000 -0.809117 0.000000 -0.015278  
 24 18 15  0.000000 -2.459904 -0.000000 0.020180 0.000000 -1.467670 -0.000000 0.020180 0.000000 -0.014659 0.000000 0.020180 0.000000 1.438353 0.000000 0.020180 0.000000 2.430587 0.000000 0.020180  
 118 118 128  -27.192705 2.326733 1.068910 0.018012 -27.148686 2.230519 1.037713 0.018012 -27.112028 2.084435 0.987087 0.018012 -27.091536 1.934363 0.934150 0.018012 -27.101680 1.826768 0.893249 0.018012  
 128 128 138  -27.078907 1.780365 0.879622 0.018012 -27.098905 1.678995 0.843901 0.018012 -27.125847 1.530617 0.791768 0.018012 -27.149975 1.382300 0.739858 0.018012 -27.164808 1.281047 0.704537 0.018012  
 138 138 148  -27.098791 1.229452 0.686434 0.018012 -27.110565 1.127981 0.650685 0.018012 -27.125750 0.979546 0.598532 0.018012 -27.138326 0.831277 0.546636 0.018012 -27.145132 0.730144 0.511355 0.018012  
 148 148 158  -27.118385 0.678330 0.493054 0.018012 -27.121890 0.576964 0.457461 0.018012 -27.125482 0.428628 0.405445 0.018012 -27.126899 0.280328 0.353479 0.018012 -27.126389 0.178942 0.317895 0.018012  
 158 158 168  -27.135031 0.127044 0.299456 0.018012 -27.132221 0.025942 0.264257 0.018012 -27.126437 -0.122116 0.212543 0.018012 -27.116393 -0.270712 0.160230 0.018012 -27.107802 -0.372323 0.124351 0.018012  
 168 168 178  -27.153994 -0.423830 0.106368 0.018012 -27.143359 -0.525014 0.071072 0.018012 -27.125637 -0.673303 0.019173 0.018012 -27.105526 -0.821714 -0.032964 0.018012 -27.090213 -0.923142 -0.068726 0.018012  
 178 178 188  -27.174024 -0.974773 -0.086815 0.018012 -27.155503 -1.076030 -0.122149 0.018012 -27.125944 -1.224351 -0.174060 0.018012 -27.093397 -1.372724 -0.226189 0.018012 -27.069419 -1.474092 -0.261905 0.018012  
 188 188 198  -27.192893 -1.525765 -0.280019 0.018012 -27.166848 -1.627037 -0.315364 0.018012 -27.126046 -1.775369 -0.367286 0.018012 -27.082074 -1.923736 -0.419407 0.018012 -27.050260 -2.025078 -0.455104 0.018012  
 198 198 13  -27.128216 -2.070238 -0.468178 0.018012 -27.103755 -2.179147 -0.509767 0.018012 -27.106905 -2.330291 -0.563209 0.018012 -27.139036 -2.474887 -0.612365 0.018012 -27.173282 -2.570702 -0.644998 0.018012  
