 1 1 5  -50.060782 6.187096 -13.153009 0.677686 -32.125749 3.998666 -8.747864 0.677686 -5.404421 0.822316 -2.196766 0.677686 -11.558044 -2.070529 3.537452 0.677686 -29.832594 -4.259944 7.998673 0.677686  
 2 2 6  -73.543833 6.900311 -14.498243 0.677686 -57.454162 4.672904 -10.491467 0.677686 -35.335980 1.292229 -4.432488 0.677686 -37.126873 -3.064346 4.263180 0.677686 -51.848500 -5.121240 8.564160 0.677686  
 3 3 7  -76.162220 6.903255 -14.725280 0.677686 -60.182575 4.680932 -10.706625 0.677686 -38.667560 1.312638 -4.563614 0.677686 -40.380187 -3.138682 4.386522 0.677686 -54.560383 -5.180917 8.753773 0.677686  
 4 4 8  -53.242155 6.217894 -13.443247 0.677686 -35.235784 4.037102 -9.025243 0.677686 -8.242810 0.873892 -2.450056 0.677686 -14.491440 -2.163334 3.780108 0.677686 -32.929744 -4.336783 8.260909 0.677686  
 5 5 10  -28.596872 0.390019 -7.331824 0.618416 -16.893251 -0.132728 -4.275007 0.618416 -4.072621 -0.915706 0.320869 0.618416 -19.804075 -1.617558 4.874752 0.618416 -31.416401 -2.135273 7.917726 0.618416  
 6 6 11  -37.937980 0.439563 -6.924123 0.618416 -29.528190 -0.163558 -4.414656 0.618416 -25.578157 -1.418129 0.751801 0.618416 -33.279454 -1.946086 5.287445 0.618416 -41.920422 -2.402728 7.782882 0.618416  
 7 7 12  -37.243046 0.447342 -6.876982 0.618416 -28.764307 -0.159946 -4.373514 0.618416 -24.531633 -1.416053 0.750793 0.618416 -32.537844 -1.925536 5.250162 0.618416 -41.229232 -2.390569 7.740732 0.618416  
 8 8 118  -18.790799 0.318801 -7.282320 0.618416 -17.757104 0.272078 -7.004384 0.618416 -16.240722 0.203852 -6.596936 0.618416 -14.721132 0.135845 -6.188944 0.618416 -13.681650 0.089531 -5.910034 0.618416  
 9 10 15  -18.171709 -1.948562 -5.499855 -0.022570 -7.276529 -1.209758 -2.688511 -0.022570 1.022857 -0.201694 0.533694 -0.022570 -14.095456 0.679760 4.619612 -0.022570 -25.014702 1.363647 7.435477 -0.022570  
 10 11 16  -21.766685 -2.088078 -5.182477 -0.022570 -11.980602 -1.388363 -2.678545 -0.022570 -5.350806 -0.328545 1.165776 -0.022570 -19.492487 0.735492 4.836996 -0.022570 -29.269488 1.438916 7.324751 -0.022570  
 11 12 17  -20.731857 -2.062494 -5.098835 -0.022570 -10.936964 -1.353009 -2.599135 -0.022570 -4.281028 -0.306200 1.080002 -0.022570 -18.467354 0.734044 4.751230 -0.022570 -28.239100 1.434402 7.239311 -0.022570  
 12 13 18  -16.990891 -1.923026 -5.397309 -0.022570 -6.169189 -1.177350 -2.590585 -0.022570 1.774344 -0.174817 0.467956 -0.022570 -12.938373 0.678558 4.515413 -0.022570 -23.836511 1.362107 7.330925 -0.022570  
 13 5 6  0.000000 -15.339970 -0.000000 0.528131 0.000000 -8.966252 -0.000000 0.528131 0.000000 0.367316 0.000000 0.528131 0.000000 9.700885 0.000000 0.528131 0.000000 16.074602 0.000000 0.528131  
 14 6 7  0.000000 -5.287751 0.000000 -0.061284 0.000000 -3.143295 0.000000 -0.061284 0.000000 -0.002989 0.000000 -0.061284 0.000000 3.137318 -0.000000 -0.061284 0.000000 5.281774 -0.000000 -0.061284  
 15 7 8  0.000000 -16.091336 0.000000 0.603677 0.000000 -9.710828 0.000000 0.603677 0.000000 -0.367316 0.000000 0.603677 0.000000 8.976196 -0.000000 0.603677 0.000000 15.356704 -0.000000 0.603677  
 16 8 5  0.000000 -5.265040 -0.000000 0.256726 0.000000 -3.127374 -0.000000 0.256726 0.000000 0.002989 0.000000 0.256726 0.000000 3.133352 0.000000 0.256726 0.000000 5.271018 0.000000 0.256726  
 17 10 11  0.000000 -12.991258 0.000000 0.120334 0.000000 -7.636225 0.000000 0.120334 0.000000 0.205598 0.000000 0.120334 0.000000 8.047421 -0.000000 0.120334 0.000000 13.402455 -0.000000 0.120334  
 18 11 12  0.000000 -0.309620 0.000000 0.074196 0.000000 -0.184991 0.000000 0.074196 0.000000 -0.002486 0.000000 0.074196 0.000000 0.180020 -0.000000 0.074196 0.000000 0.304649 -0.000000 0.074196  
 19 12 13  0.000000 -13.400978 -0.000000 0.149499 0.000000 -8.046544 -0.000000 0.149499 0.000000 -0.205598 0.000000 0.149499 0.000000 7.635347 0.000000 0.149499 0.000000 12.989781 0.000000 0.149499  
 20 13 10  0.000000 -0.306126 -0.000000 0.542710 0.000000 -0.180897 -0.000000 0.542710 0.000000 0.002486 0.000000 0.542710 0.000000 0.185868 0.000000 0.542710 0.000000 0.311097 0.000000 0.542710  
 21 15 16  0.000000 -7.017550 0.000000 -0.039938 0.000000 -4.127068 0.000000 -0.039938 0.000000 0.105707 0.000000 -0.039938 0.000000 4.338481 -0.000000 -0.039938 0.000000 7.228963 -0.000000 -0.039938  
 22 16 17  0.000000 1.441428 -0.000000 0.068825 0.000000 0.857611 -0.000000 0.068825 0.000000 0.002678 0.000000 0.068825 0.000000 -0.852255 0.000000 0.068825 0.000000 -1.436073 0.000000 0.068825  
 23 17 18  0.000000 -7.222810 -0.000000 -0.038339 0.000000 -4.334825 -0.000000 -0.038339 0.000000 -0.105707 0.000000 -0.038339 0.000000 4.123412 0.000000 -0.038339 0.000000 7.011397 0.000000 -0.038339  
 24 18 15  0.000000 1.429920 0.000000 0.079242 0.000000 0.848599 0.000000 0.079242 0.000000 -0.002678 0.000000 0.079242 0.000000 -0.853955 -0.000000 0.079242 0.000000 -1.435276 -0.000000 0.079242  
 118 118 128  -18.851899 0.067555 -5.768285 0.618416 -17.782352 0.018856 -5.489985 0.618416 -16.231933 -0.050297 -5.082356 0.618416 -14.692120 -0.117243 -4.674540 0.618416 -13.649258 -0.161877 -4.396004 0.618416  
 128 128 138  -18.796966 -0.187314 -4.253523 0.618416 -17.757788 -0.233880 -3.975670 0.618416 -16.238952 -0.302130 -3.568240 0.618416 -14.719314 -0.370192 -3.160221 0.618416 -13.682026 -0.416489 -2.881247 0.618416  
 138 138 148  -17.787643 -0.454772 -2.709195 0.618416 -17.057279 -0.487367 -2.459358 0.618416 -16.098138 -0.542359 -2.078596 0.618416 -15.382879 -0.623455 -1.654199 0.618416 -15.104091 -0.684217 -1.324567 0.618416  
 148 148 158  -16.262943 -0.687954 -1.219780 0.618416 -16.228766 -0.742509 -0.949479 0.618416 -16.238958 -0.809298 -0.540460 0.618416 -16.238705 -0.875614 -0.130965 0.618416 -16.235490 -0.920979 0.148816 0.618416  
 158 158 168  -16.034817 -0.922058 0.260700 0.618416 -16.026758 -0.994542 0.568282 0.618416 -16.120714 -1.079242 0.997097 0.618416 -16.436885 -1.128931 1.384796 0.618416 -16.755266 -1.153542 1.631696 0.618416  
 168 168 178  -14.152267 -1.210383 1.788955 0.618416 -14.932897 -1.244243 2.084701 0.618416 -16.187164 -1.306810 2.498247 0.618416 -17.537688 -1.383248 2.895910 0.618416 -18.464239 -1.436327 3.166319 0.618416  
 178 178 188  -13.629932 -1.452380 3.317405 0.618416 -14.688522 -1.498968 3.596229 0.618416 -16.240531 -1.567049 4.004201 0.618416 -17.789020 -1.635163 4.411689 0.618416 -18.844378 -1.681696 4.689667 0.618416  
 188 188 198  -13.657024 -1.703259 4.832945 0.618416 -14.693836 -1.752815 5.110170 0.618416 -16.234256 -1.820776 5.518118 0.618416 -17.781154 -1.887927 5.926165 0.618416 -18.837511 -1.933875 6.204565 0.618416  
 198 198 13  -13.703130 -1.957904 6.346564 0.618416 -14.728186 -2.005028 6.624848 0.618416 -16.238757 -2.073259 7.032786 0.618416 -17.746440 -2.141570 7.440232 0.618416 -18.781330 -2.186803 7.718916 0.618416  
