 1 1 5  -36.124224 0.205643 0.593872 0.000009 -36.128717 0.144319 0.408657 0.000009 -36.134559 0.054468 0.137449 0.000009 -36.135474 -0.035602 -0.133464 0.000009 -36.131884 -0.097009 -0.318600 0.000009  
 2 2 6  -35.584465 0.205588 0.594097 0.000009 -35.589018 0.144272 0.408917 0.000009 -35.595065 0.054434 0.137782 0.000009 -35.596276 -0.035546 -0.133515 0.000009 -35.592333 -0.096936 -0.318675 0.000009  
 3 3 7  -35.860168 0.205470 0.594172 0.000009 -35.864808 0.144140 0.408985 0.000009 -35.870959 0.054275 0.137828 0.000009 -35.872098 -0.035520 -0.133597 0.000009 -35.868183 -0.096900 -0.318757 0.000009  
 4 4 8  -36.399765 0.205522 0.593937 0.000009 -36.404347 0.144183 0.408712 0.000009 -36.410366 0.054312 0.137482 0.000009 -36.411728 -0.035562 -0.133468 0.000009 -36.407703 -0.096956 -0.318652 0.000009  
 5 5 10  -24.025409 0.085630 0.139337 0.000006 -24.027574 0.044761 0.053884 0.000006 -24.029398 -0.015177 -0.071165 0.000006 -24.027049 -0.075058 -0.196243 0.000006 -24.024808 -0.115915 -0.281695 0.000006  
 6 6 11  -23.831641 0.085621 0.139285 0.000006 -23.833826 0.044759 0.053887 0.000006 -23.835906 -0.015172 -0.071200 0.000006 -23.833295 -0.075043 -0.196291 0.000006 -23.831035 -0.115898 -0.281695 0.000006  
 7 7 12  -23.970551 0.085643 0.139302 0.000006 -23.972791 0.044754 0.053904 0.000006 -23.974824 -0.015145 -0.071238 0.000006 -23.972167 -0.075017 -0.196310 0.000006 -23.969887 -0.115895 -0.281714 0.000006  
 8 8 118  -24.165729 0.095043 0.158955 0.000006 -24.165965 0.090954 0.150413 0.000006 -24.166307 0.084965 0.137903 0.000006 -24.166646 0.078976 0.125394 0.000006 -24.166876 0.074886 0.116852 0.000006  
 9 10 15  -11.994195 0.017323 -0.055258 0.000003 -11.994972 0.001630 -0.053734 0.000003 -11.995195 -0.021355 -0.051485 0.000003 -11.994103 -0.044325 -0.049255 0.000003 -11.993224 -0.060007 -0.047737 0.000003  
 10 11 16  -11.963134 0.017324 -0.055282 0.000003 -11.963904 0.001630 -0.053742 0.000003 -11.964135 -0.021353 -0.051511 0.000003 -11.963043 -0.044325 -0.049265 0.000003 -11.962159 -0.060006 -0.047732 0.000003  
 11 12 17  -12.005151 0.017336 -0.055279 0.000003 -12.005939 0.001638 -0.053741 0.000003 -12.006119 -0.021339 -0.051513 0.000003 -12.005035 -0.044320 -0.049268 0.000003 -12.004148 -0.060009 -0.047736 0.000003  
 12 13 18  -12.036217 0.017336 -0.055256 0.000003 -12.037012 0.001638 -0.053733 0.000003 -12.037189 -0.021342 -0.051488 0.000003 -12.036100 -0.044321 -0.049258 0.000003 -12.035216 -0.060009 -0.047741 0.000003  
 13 5 6  0.000000 0.477568 0.000000 -0.000041 0.000000 0.283768 0.000000 -0.000041 0.000000 -0.000029 0.000000 -0.000041 0.000000 -0.283826 -0.000000 -0.000041 0.000000 -0.477626 -0.000000 -0.000041  
 14 6 7  0.000000 -0.189096 -0.000000 0.000055 0.000000 -0.112370 -0.000000 0.000055 0.000000 -0.000014 0.000000 0.000055 0.000000 0.112343 0.000000 0.000055 0.000000 0.189069 0.000000 0.000055  
 15 7 8  0.000000 0.477629 -0.000000 -0.000034 0.000000 0.283828 -0.000000 -0.000034 0.000000 0.000029 0.000000 -0.000034 0.000000 -0.283770 0.000000 -0.000034 0.000000 -0.477571 0.000000 -0.000034  
 16 8 5  0.000000 -0.189072 0.000000 0.000027 0.000000 -0.112345 0.000000 0.000027 0.000000 0.000014 0.000000 0.000027 0.000000 0.112372 -0.000000 0.000027 0.000000 0.189100 -0.000000 0.000027  
 17 10 11  0.000000 0.224575 0.000000 -0.000007 0.000000 0.133444 0.000000 -0.000007 0.000000 -0.000008 0.000000 -0.000007 0.000000 -0.133459 -0.000000 -0.000007 0.000000 -0.224591 -0.000000 -0.000007  
 18 11 12  0.000000 -0.133836 -0.000000 0.000017 0.000000 -0.079530 -0.000000 0.000017 0.000000 -0.000004 0.000000 0.000017 0.000000 0.079522 0.000000 0.000017 0.000000 0.133829 0.000000 0.000017  
 19 12 13  0.000000 0.224595 -0.000000 -0.000008 0.000000 0.133462 -0.000000 -0.000008 0.000000 0.000008 0.000000 -0.000008 0.000000 -0.133446 0.000000 -0.000008 0.000000 -0.224580 0.000000 -0.000008  
 20 13 10  0.000000 -0.133833 0.000000 0.000009 0.000000 -0.079525 0.000000 0.000009 0.000000 0.000004 0.000000 0.000009 0.000000 0.079532 -0.000000 0.000009 0.000000 0.133841 -0.000000 0.000009  
 21 15 16  0.000000 0.042897 0.000000 0.000002 0.000000 0.025489 0.000000 0.000002 0.000000 -0.000003 0.000000 0.000002 0.000000 -0.025495 -0.000000 0.000002 0.000000 -0.042903 -0.000000 0.000002  
 22 16 17  0.000000 -0.058009 -0.000000 0.000000 0.000000 -0.034471 -0.000000 0.000000 0.000000 -0.000001 0.000000 0.000000 0.000000 0.034469 0.000000 0.000000 0.000000 0.058008 0.000000 0.000000  
 23 17 18  0.000000 0.042907 -0.000000 0.000002 0.000000 0.025497 -0.000000 0.000002 0.000000 0.000003 0.000000 0.000002 0.000000 -0.025492 0.000000 0.000002 0.000000 -0.042902 0.000000 0.000002  
 24 18 15  0.000000 -0.058012 0.000000 0.000000 0.000000 -0.034471 0.000000 0.000000 0.000000 0.000001 0.000000 0.000000 0.000000 0.034473 -0.000000 0.000000 0.000000 0.058014 -0.000000 0.000000  
 118 118 128  -24.165756 0.072799 0.112493 0.000006 -24.165982 0.068709 0.103951 0.000006 -24.166308 0.062720 0.091441 0.000006 -24.166630 0.056731 0.078932 0.000006 -24.166847 0.052641 0.070390 0.000006  
 128 128 138  -24.165782 0.050554 0.066031 0.000006 -24.165997 0.046464 0.057489 0.000006 -24.166308 0.040475 0.044979 0.000006 -24.166614 0.034486 0.032470 0.000006 -24.166820 0.030396 0.023928 0.000006  
 138 138 148  -24.165822 0.028309 0.019569 0.000006 -24.166023 0.024219 0.011027 0.000006 -24.166311 0.018230 -0.001483 0.000006 -24.166588 0.012241 -0.013992 0.000006 -24.166772 0.008151 -0.022534 0.000006  
 148 148 158  -24.166077 0.006061 -0.026881 0.000006 -24.166242 0.001973 -0.035439 0.000006 -24.166363 -0.004010 -0.047951 0.000006 -24.166383 -0.010004 -0.060451 0.000006 -24.166365 -0.014098 -0.068991 0.000006  
 158 158 168  -24.166684 -0.016181 -0.073355 0.000006 -24.166548 -0.020271 -0.081897 0.000006 -24.166317 -0.026260 -0.094406 0.000006 -24.166067 -0.032249 -0.106916 0.000006 -24.165888 -0.036338 -0.115458 0.000006  
 168 168 178  -24.166781 -0.038426 -0.119817 0.000006 -24.166594 -0.042516 -0.128359 0.000006 -24.166312 -0.048505 -0.140868 0.000006 -24.166018 -0.054494 -0.153378 0.000006 -24.165813 -0.058584 -0.161920 0.000006  
 178 178 188  -24.166834 -0.060670 -0.166279 0.000006 -24.166622 -0.064761 -0.174821 0.000006 -24.166308 -0.070750 -0.187330 0.000006 -24.165989 -0.076739 -0.199839 0.000006 -24.165768 -0.080828 -0.208382 0.000006  
 188 188 198  -24.166862 -0.082915 -0.212741 0.000006 -24.166638 -0.087006 -0.221283 0.000006 -24.166308 -0.092995 -0.233792 0.000006 -24.165973 -0.098984 -0.246301 0.000006 -24.165741 -0.103073 -0.254844 0.000006  
 198 198 13  -24.166887 -0.105160 -0.259203 0.000006 -24.166653 -0.109250 -0.267745 0.000006 -24.166308 -0.115240 -0.280254 0.000006 -24.165958 -0.121229 -0.292763 0.000006 -24.165717 -0.125318 -0.301306 0.000006  
