 1 1 5  -35.634398 0.050954 -0.359196 0.000058 -35.638652 0.031197 -0.258763 0.000058 -35.644243 0.002212 -0.111653 0.000058 -35.645728 -0.026979 0.035813 0.000058 -35.642179 -0.046801 0.136294 0.000058  
 2 2 6  -36.373552 0.050929 -0.358954 0.000058 -36.377890 0.031176 -0.258481 0.000058 -36.383666 0.002196 -0.111306 0.000058 -36.384944 -0.026951 0.035733 0.000058 -36.381321 -0.046781 0.136207 0.000058  
 3 3 7  -36.350452 0.050805 -0.358878 0.000058 -36.354876 0.031039 -0.258412 0.000058 -36.360777 0.002037 -0.111259 0.000058 -36.362000 -0.026912 0.035644 0.000058 -36.358352 -0.046732 0.136121 0.000058  
 4 4 8  -35.611226 0.050837 -0.359126 0.000058 -35.615573 0.031068 -0.258702 0.000058 -35.621339 0.002070 -0.111614 0.000058 -35.622948 -0.026929 0.035748 0.000058 -35.619172 -0.046755 0.136220 0.000058  
 5 5 10  -23.782003 -0.039095 -0.237594 0.000010 -23.784152 -0.027333 -0.143089 0.000010 -23.786187 -0.010186 -0.004595 0.000010 -23.783592 0.007019 0.133834 0.000010 -23.781354 0.018791 0.228336 0.000010  
 6 6 11  -24.243341 -0.039101 -0.237648 0.000010 -24.245534 -0.027336 -0.143082 0.000010 -24.247493 -0.010176 -0.004654 0.000010 -24.244890 0.007021 0.133783 0.000010 -24.242636 0.018795 0.228339 0.000010  
 7 7 12  -24.213971 -0.039073 -0.237635 0.000010 -24.216204 -0.027332 -0.143073 0.000010 -24.218181 -0.010147 -0.004696 0.000010 -24.215520 0.007048 0.133764 0.000010 -24.213240 0.018800 0.228320 0.000010  
 8 8 118  -23.754099 -0.041760 -0.259306 0.000010 -23.754332 -0.040586 -0.249853 0.000010 -23.754670 -0.038867 -0.236009 0.000010 -23.755005 -0.037148 -0.222166 0.000010 -23.755232 -0.035975 -0.212712 0.000010  
 9 10 15  -11.916824 -0.006698 -0.161679 0.000001 -11.917575 -0.002480 -0.078838 0.000001 -11.917767 0.003695 0.042488 0.000001 -11.916702 0.009878 0.163797 0.000001 -11.915849 0.014107 0.246632 0.000001  
 10 11 16  -12.092539 -0.006698 -0.161704 0.000001 -12.093287 -0.002481 -0.078846 0.000001 -12.093460 0.003694 0.042461 0.000001 -12.092409 0.009879 0.163787 0.000001 -12.091553 0.014107 0.246637 0.000001  
 11 12 17  -12.082587 -0.006686 -0.161704 0.000001 -12.083350 -0.002473 -0.078848 0.000001 -12.083491 0.003707 0.042459 0.000001 -12.082439 0.009883 0.163784 0.000001 -12.081579 0.014105 0.246635 0.000001  
 12 13 18  -11.906875 -0.006686 -0.161679 0.000001 -11.907642 -0.002472 -0.078839 0.000001 -11.907798 0.003706 0.042485 0.000001 -11.906734 0.009882 0.163795 0.000001 -11.905876 0.014105 0.246629 0.000001  
 13 5 6  0.000000 -0.383871 -0.000000 -0.000015 0.000000 -0.228116 -0.000000 -0.000015 0.000000 -0.000030 0.000000 -0.000015 0.000000 0.228056 0.000000 -0.000015 0.000000 0.383811 0.000000 -0.000015  
 14 6 7  0.000000 -0.008826 -0.000000 0.000055 0.000000 -0.005250 -0.000000 0.000055 0.000000 -0.000014 0.000000 0.000055 0.000000 0.005223 0.000000 0.000055 0.000000 0.008798 0.000000 0.000055  
 15 7 8  0.000000 -0.383810 0.000000 -0.000016 0.000000 -0.228055 0.000000 -0.000016 0.000000 0.000030 0.000000 -0.000016 0.000000 0.228115 -0.000000 -0.000016 0.000000 0.383870 -0.000000 -0.000016  
 16 8 5  0.000000 -0.008800 0.000000 0.000046 0.000000 -0.005224 0.000000 0.000046 0.000000 0.000014 0.000000 0.000046 0.000000 0.005251 -0.000000 0.000046 0.000000 0.008827 -0.000000 0.000046  
 17 10 11  0.000000 -0.394451 -0.000000 -0.000003 0.000000 -0.234394 -0.000000 -0.000003 0.000000 -0.000008 0.000000 -0.000003 0.000000 0.234377 0.000000 -0.000003 0.000000 0.394435 0.000000 -0.000003  
 18 11 12  0.000000 0.026770 0.000000 0.000017 0.000000 0.015906 0.000000 0.000017 0.000000 -0.000003 0.000000 0.000017 0.000000 -0.015912 -0.000000 0.000017 0.000000 -0.026776 -0.000000 0.000017  
 19 12 13  0.000000 -0.394433 0.000000 -0.000004 0.000000 -0.234376 0.000000 -0.000004 0.000000 0.000008 0.000000 -0.000004 0.000000 0.234393 -0.000000 -0.000004 0.000000 0.394450 -0.000000 -0.000004  
 20 13 10  0.000000 0.026774 -0.000000 0.000014 0.000000 0.015911 -0.000000 0.000014 0.000000 0.000003 0.000000 0.000014 0.000000 -0.015905 0.000000 0.000014 0.000000 -0.026768 0.000000 0.000014  
 21 15 16  0.000000 -0.242654 -0.000000 0.000001 0.000000 -0.144190 -0.000000 0.000001 0.000000 -0.000003 0.000000 0.000001 0.000000 0.144185 0.000000 0.000001 0.000000 0.242648 0.000000 0.000001  
 22 16 17  0.000000 0.013754 -0.000000 0.000001 0.000000 0.008172 -0.000000 0.000001 0.000000 -0.000001 0.000000 0.000001 0.000000 -0.008174 0.000000 0.000001 0.000000 -0.013755 0.000000 0.000001  
 23 17 18  0.000000 -0.242647 0.000000 0.000000 0.000000 -0.144184 0.000000 0.000000 0.000000 0.000003 0.000000 0.000000 0.000000 0.144190 -0.000000 0.000000 0.000000 0.242652 -0.000000 0.000000  
 24 18 15  0.000000 0.013754 0.000000 0.000001 0.000000 0.008173 0.000000 0.000001 0.000000 0.000001 0.000000 0.000001 0.000000 -0.008172 -0.000000 0.000001 0.000000 -0.013752 -0.000000 0.000001  
 118 118 128  -23.754127 -0.035376 -0.207888 0.000010 -23.754349 -0.034202 -0.198435 0.000010 -23.754671 -0.032483 -0.184592 0.000010 -23.754988 -0.030765 -0.170748 0.000010 -23.755203 -0.029591 -0.161295 0.000010  
 128 128 138  -23.754154 -0.028992 -0.156471 0.000010 -23.754365 -0.027819 -0.147017 0.000010 -23.754671 -0.026100 -0.133174 0.000010 -23.754972 -0.024381 -0.119331 0.000010 -23.755174 -0.023208 -0.109877 0.000010  
 138 138 148  -23.754197 -0.022609 -0.105053 0.000010 -23.754393 -0.021435 -0.095600 0.000010 -23.754674 -0.019716 -0.081757 0.000010 -23.754945 -0.017998 -0.067913 0.000010 -23.755123 -0.016824 -0.058459 0.000010  
 148 148 158  -23.754387 -0.016226 -0.053622 0.000010 -23.754552 -0.015052 -0.044182 0.000010 -23.754743 -0.013331 -0.030350 0.000010 -23.754784 -0.011614 -0.016494 0.000010 -23.754770 -0.010442 -0.007030 0.000010  
 158 158 168  -23.755062 -0.009842 -0.002218 0.000010 -23.754917 -0.008668 0.007236 0.000010 -23.754680 -0.006949 0.021079 0.000010 -23.754423 -0.005231 0.034922 0.000010 -23.754241 -0.004057 0.044375 0.000010  
 168 168 178  -23.755155 -0.003458 0.049199 0.000010 -23.754963 -0.002284 0.058653 0.000010 -23.754673 -0.000566 0.072497 0.000010 -23.754375 0.001153 0.086340 0.000010 -23.754167 0.002327 0.095793 0.000010  
 178 178 188  -23.755195 0.002926 0.100617 0.000010 -23.754984 0.004099 0.110071 0.000010 -23.754671 0.005818 0.123914 0.000010 -23.754353 0.007536 0.137758 0.000010 -23.754134 0.008711 0.147211 0.000010  
 188 188 198  -23.755223 0.009309 0.152035 0.000010 -23.755000 0.010483 0.161489 0.000010 -23.754671 0.012201 0.175332 0.000010 -23.754337 0.013920 0.189175 0.000010 -23.754107 0.015094 0.198629 0.000010  
 198 198 13  -23.755247 0.015693 0.203453 0.000010 -23.755014 0.016866 0.212906 0.000010 -23.754670 0.018585 0.226750 0.000010 -23.754323 0.020304 0.240593 0.000010 -23.754083 0.021477 0.250046 0.000010  
