 1 1 5  -37.901062 -0.813737 0.133825 0.000086 -37.922698 -0.594511 0.142939 0.000086 -37.948653 -0.273379 0.156292 0.000086 -37.950489 0.046870 0.170317 0.000086 -37.935167 0.266089 0.179552 0.000086  
 2 2 6  -36.014275 -0.814444 0.134453 0.000086 -36.036068 -0.595122 0.143620 0.000086 -36.062575 -0.273856 0.157030 0.000086 -36.065690 0.047315 0.170342 0.000086 -36.048951 0.266681 0.179497 0.000086  
 3 3 7  -34.029633 -0.815120 0.135271 0.000086 -34.051252 -0.595838 0.144329 0.000086 -34.077121 -0.274623 0.157560 0.000086 -34.079418 0.047433 0.169849 0.000086 -34.064003 0.266829 0.178830 0.000086  
 4 4 8  -35.915446 -0.814477 0.134583 0.000086 -35.936989 -0.595299 0.143576 0.000086 -35.963068 -0.274256 0.156706 0.000086 -35.966399 0.047100 0.169998 0.000086 -35.949819 0.266347 0.179005 0.000086  
 5 5 10  -25.398181 -0.652929 0.710717 0.000029 -25.405073 -0.406914 0.497067 0.000029 -25.410089 -0.046904 0.184414 0.000029 -25.401585 0.313312 -0.128385 0.000029 -25.393363 0.559357 -0.342080 0.000029  
 6 6 11  -23.894934 -0.653186 0.710743 0.000029 -23.901911 -0.407136 0.497088 0.000029 -23.908085 -0.046851 0.184179 0.000029 -23.898290 0.313475 -0.128772 0.000029 -23.889981 0.559534 -0.342471 0.000029  
 7 7 12  -22.591144 -0.653097 0.710987 0.000029 -22.598006 -0.407092 0.497313 0.000029 -22.603325 -0.046540 0.184082 0.000029 -22.594574 0.313817 -0.128980 0.000029 -22.586326 0.559837 -0.342703 0.000029  
 8 8 118  -24.097637 -0.709381 0.760041 0.000029 -24.098396 -0.684779 0.738672 0.000029 -24.099489 -0.648752 0.707380 0.000029 -24.100560 -0.612726 0.676087 0.000029 -24.101280 -0.588123 0.654718 0.000029  
 9 10 15  -12.576726 -0.519487 0.797712 0.000468 -12.580476 -0.265998 0.447014 0.000468 -12.582007 0.105135 -0.066485 0.000468 -12.577811 0.476348 -0.580013 0.000468 -12.660787 0.713432 -0.913728 0.000468  
 10 11 16  -11.915939 -0.517962 0.797693 0.000468 -11.911593 -0.266048 0.447782 0.000468 -11.913098 0.105152 -0.067037 0.000468 -11.908888 0.476406 -0.581863 0.000468 -12.030688 0.706871 -0.909077 0.000468  
 11 12 17  -11.406320 -0.516933 0.795557 0.000468 -11.390901 -0.266576 0.447838 0.000468 -11.392402 0.105594 -0.067062 0.000468 -11.388178 0.477760 -0.581922 0.000468 -11.544029 0.702865 -0.903046 0.000468  
 12 13 18  -12.062331 -0.519651 0.796740 0.000468 -12.061030 -0.266532 0.447065 0.000468 -12.062523 0.105581 -0.066505 0.000468 -12.058301 0.477704 -0.580072 0.000468 -12.171284 0.710267 -0.908124 0.000468  
 13 5 6  0.000000 0.528984 0.000000 -0.000454 0.000000 0.314292 0.000000 -0.000454 0.000000 -0.000100 0.000000 -0.000454 0.000000 -0.314492 -0.000000 -0.000454 0.000000 -0.529185 -0.000000 -0.000454  
 14 6 7  0.000000 0.940755 -0.000000 0.000498 0.000000 0.558976 -0.000000 0.000498 0.000000 -0.000095 0.000000 0.000498 0.000000 -0.559166 0.000000 0.000498 0.000000 -0.940945 0.000000 0.000498  
 15 7 8  0.000000 0.529208 -0.000000 -0.000385 0.000000 0.314506 -0.000000 -0.000385 0.000000 0.000100 0.000000 -0.000385 0.000000 -0.314306 0.000000 -0.000385 0.000000 -0.529008 0.000000 -0.000385  
 16 8 5  0.000000 0.940922 0.000000 0.000419 0.000000 0.559152 0.000000 0.000419 0.000000 0.000095 0.000000 0.000419 0.000000 -0.558962 -0.000000 0.000419 0.000000 -0.940731 -0.000000 0.000419  
 17 10 11  0.000000 1.159528 0.000000 0.000865 0.000000 0.689043 0.000000 0.000865 0.000000 0.000072 0.000000 0.000865 0.000000 -0.688898 -0.000000 0.000865 0.000000 -1.159383 -0.000000 0.000865  
 18 11 12  0.000000 1.089245 -0.000000 -0.000912 0.000000 0.647268 -0.000000 -0.000912 0.000000 0.000044 0.000000 -0.000912 0.000000 -0.647179 0.000000 -0.000912 0.000000 -1.089156 0.000000 -0.000912  
 19 12 13  0.000000 1.159416 -0.000000 0.001230 0.000000 0.688918 -0.000000 0.001230 0.000000 -0.000072 0.000000 0.001230 0.000000 -0.689063 0.000000 0.001230 0.000000 -1.159561 0.000000 0.001230  
 20 13 10  0.000000 1.089123 0.000000 -0.000637 0.000000 0.647160 0.000000 -0.000637 0.000000 -0.000044 0.000000 -0.000637 0.000000 -0.647248 -0.000000 -0.000637 0.000000 -1.089212 -0.000000 -0.000637  
 21 15 16  0.000000 0.916521 -0.000000 0.001586 0.000000 0.544784 -0.000000 0.001586 0.000000 0.000418 0.000000 0.001586 0.000000 -0.543948 0.000000 0.001586 0.000000 -0.915685 0.000000 0.001586  
 22 16 17  0.000000 0.712011 -0.000000 -0.001530 0.000000 0.423216 -0.000000 -0.001530 0.000000 0.000308 0.000000 -0.001530 0.000000 -0.422600 0.000000 -0.001530 0.000000 -0.711396 0.000000 -0.001530  
 23 17 18  0.000000 0.915704 0.000000 0.001895 0.000000 0.543959 0.000000 0.001895 0.000000 -0.000418 0.000000 0.001895 0.000000 -0.544795 -0.000000 0.001895 0.000000 -0.916540 -0.000000 0.001895  
 24 18 15  0.000000 0.711378 0.000000 -0.001319 0.000000 0.422589 0.000000 -0.001319 0.000000 -0.000308 0.000000 -0.001319 0.000000 -0.423204 -0.000000 -0.001319 0.000000 -0.711993 -0.000000 -0.001319  
 118 118 128  -24.097774 -0.575569 0.643814 0.000029 -24.098477 -0.550967 0.622444 0.000029 -24.099488 -0.514941 0.591152 0.000029 -24.100480 -0.478914 0.559859 0.000029 -24.101144 -0.454311 0.538490 0.000029  
 128 128 138  -24.097915 -0.441757 0.527585 0.000029 -24.098562 -0.417155 0.506216 0.000029 -24.099492 -0.381129 0.474925 0.000029 -24.100396 -0.345102 0.443632 0.000029 -24.100992 -0.320499 0.422261 0.000029  
 138 138 148  -24.098124 -0.307944 0.411358 0.000029 -24.098690 -0.283343 0.389989 0.000029 -24.099495 -0.247318 0.358696 0.000029 -24.100268 -0.211290 0.327404 0.000029 -24.100777 -0.186686 0.306035 0.000029  
 148 148 158  -24.098562 -0.174131 0.295144 0.000029 -24.099042 -0.149534 0.273764 0.000029 -24.099658 -0.113505 0.242455 0.000029 -24.100028 -0.077473 0.211171 0.000029 -24.099721 -0.052881 0.189831 0.000029  
 158 158 168  -24.100937 -0.040322 0.178900 0.000029 -24.100376 -0.015719 0.157534 0.000029 -24.099499 0.020308 0.126242 0.000029 -24.098586 0.056334 0.094948 0.000029 -24.097945 0.080936 0.073578 0.000029  
 168 168 178  -24.101147 0.093491 0.062675 0.000029 -24.100486 0.118092 0.041305 0.000029 -24.099492 0.154120 0.010013 0.000029 -24.098472 0.190146 -0.021279 0.000029 -24.097761 0.214748 -0.042649 0.000029  
 178 178 188  -24.101309 0.227302 -0.053553 0.000029 -24.100580 0.251905 -0.074922 0.000029 -24.099492 0.287932 -0.106215 0.000029 -24.098377 0.323958 -0.137507 0.000029 -24.097601 0.348560 -0.158876 0.000029  
 188 188 198  -24.101475 0.361114 -0.169781 0.000029 -24.100679 0.385717 -0.191150 0.000029 -24.099491 0.421743 -0.222443 0.000029 -24.098278 0.457770 -0.253735 0.000029 -24.097435 0.482372 -0.275104 0.000029  
 198 198 13  -24.101633 0.494926 -0.286009 0.000029 -24.100772 0.519529 -0.307378 0.000029 -24.099491 0.555555 -0.338670 0.000029 -24.098185 0.591582 -0.369963 0.000029 -24.097279 0.616184 -0.391332 0.000029  
