 1 1 5  -43.428246 -4.565287 -6.306918 0.033526 -38.230399 -3.605360 -4.857568 0.033526 -32.122556 -2.012314 -2.413229 0.033526 -31.593533 0.497121 1.123444 0.033526 -32.519221 1.981348 3.261552 0.033526  
 2 2 6  -55.177405 -4.964751 -6.657790 0.033526 -51.240591 -3.968886 -5.235227 0.033526 -48.297540 -2.078577 -2.606391 0.033526 -48.245593 0.473154 0.751873 0.033526 -47.481539 2.193977 3.032839 0.033526  
 3 3 7  -45.103878 -4.776582 -6.220399 0.033526 -40.183544 -3.737164 -4.865379 0.033526 -34.586114 -1.960848 -2.559120 0.033526 -34.206869 0.713861 0.770683 0.033526 -34.566151 2.349133 2.869981 0.033526  
 4 4 8  -33.638745 -4.344178 -5.770264 0.033526 -27.608879 -3.305620 -4.347726 0.033526 -18.888264 -1.677373 -2.119561 0.033526 -16.483391 0.723922 1.133397 0.033526 -20.767934 1.943795 2.806674 0.033526  
 5 5 10  -34.167830 -4.797735 -6.098584 0.116276 -23.924047 -3.026478 -3.810740 0.116276 -13.342911 -0.027958 0.156198 0.116276 -24.326474 2.960785 4.007694 0.116276 -34.522311 4.726470 6.282689 0.116276  
 6 6 11  -40.674221 -5.158000 -6.057832 0.116276 -31.567677 -3.384354 -3.908351 0.116276 -25.028708 -0.028702 0.158167 0.116276 -31.857324 3.294129 4.132047 0.116276 -40.943564 5.073386 6.255231 0.116276  
 7 7 12  -34.607214 -5.182137 -5.678116 0.116276 -24.761028 -3.299113 -3.559771 0.116276 -15.036858 -0.023501 0.157720 0.116276 -25.113537 3.230040 3.771322 0.116276 -34.944128 5.120229 5.864721 0.116276  
 8 8 118  -18.534909 -4.884413 -5.676854 0.116276 -17.544568 -4.705555 -5.461947 0.116276 -16.098301 -4.442088 -5.148219 0.116276 -14.658869 -4.177172 -4.835425 0.116276 -13.676725 -3.995984 -4.621751 0.116276  
 9 10 15  -13.135910 -1.837265 -2.103742 -0.015002 -8.348079 -0.903811 -1.040316 -0.015002 -8.101452 0.854041 0.974896 -0.015002 -15.201430 2.225495 2.533490 -0.015002 -20.175906 3.142689 3.576101 -0.015002  
 10 11 16  -15.032383 -1.997815 -1.881916 -0.015002 -11.040937 -1.048708 -0.868389 -0.015002 -11.345065 0.933078 1.170917 -0.015002 -17.601921 2.344185 2.592690 -0.015002 -22.171093 3.271386 3.535330 -0.015002  
 11 12 17  -13.168725 -2.121542 -1.748014 -0.015002 -8.507858 -1.132550 -0.759599 -0.015002 -8.448518 0.795774 1.078756 -0.015002 -15.375980 2.308766 2.465261 -0.015002 -20.255728 3.300320 3.407111 -0.015002  
 12 13 18  -11.255178 -1.953396 -1.955811 -0.015002 -6.038289 -0.958137 -0.898824 -0.015002 -5.308299 0.698045 0.854577 -0.015002 -12.986152 2.175714 2.397293 -0.015002 -18.150418 3.165741 3.437384 -0.015002  
 13 5 6  0.000000 -8.714986 -0.000000 -0.341556 0.000000 -5.144019 -0.000000 -0.341556 0.000000 0.085246 0.000000 -0.341556 0.000000 5.314512 0.000000 -0.341556 0.000000 8.885478 0.000000 -0.341556  
 14 6 7  0.000000 7.111029 -0.000000 0.346894 0.000000 4.247301 -0.000000 0.346894 0.000000 0.053704 0.000000 0.346894 0.000000 -4.139892 0.000000 0.346894 0.000000 -7.003620 0.000000 0.346894  
 15 7 8  0.000000 -8.872614 0.000000 -0.584923 0.000000 -5.306868 0.000000 -0.584923 0.000000 -0.085246 0.000000 -0.584923 0.000000 5.136375 -0.000000 -0.584923 0.000000 8.702122 -0.000000 -0.584923  
 16 8 5  0.000000 6.990756 0.000000 0.723289 0.000000 4.132248 0.000000 0.723289 0.000000 -0.053704 0.000000 0.723289 0.000000 -4.239657 -0.000000 0.723289 0.000000 -7.098165 -0.000000 0.723289  
 17 10 11  0.000000 -8.020310 -0.000000 -0.309762 0.000000 -4.732053 -0.000000 -0.309762 0.000000 0.083217 0.000000 -0.309762 0.000000 4.898487 0.000000 -0.309762 0.000000 8.186744 0.000000 -0.309762  
 18 11 12  0.000000 7.082173 -0.000000 0.310957 0.000000 4.231266 -0.000000 0.310957 0.000000 0.056444 0.000000 0.310957 0.000000 -4.118378 0.000000 0.310957 0.000000 -6.969286 0.000000 0.310957  
 19 12 13  0.000000 -8.141081 0.000000 -0.543721 0.000000 -4.871353 0.000000 -0.543721 0.000000 -0.083217 0.000000 -0.543721 0.000000 4.704919 -0.000000 -0.543721 0.000000 7.974646 -0.000000 -0.543721  
 20 13 10  0.000000 6.923622 0.000000 0.665680 0.000000 4.091244 0.000000 0.665680 0.000000 -0.056444 0.000000 0.665680 0.000000 -4.204131 -0.000000 0.665680 0.000000 -7.036509 -0.000000 0.665680  
 21 15 16  0.000000 -3.561266 0.000000 -0.076948 0.000000 -2.112669 0.000000 -0.076948 0.000000 0.008633 0.000000 -0.076948 0.000000 2.129935 -0.000000 -0.076948 0.000000 3.578532 -0.000000 -0.076948  
 22 16 17  0.000000 3.315809 0.000000 0.076073 0.000000 1.974849 0.000000 0.076073 0.000000 0.011169 0.000000 0.076073 0.000000 -1.952512 -0.000000 0.076073 0.000000 -3.293472 -0.000000 0.076073  
 23 17 18  0.000000 -3.529969 -0.000000 -0.088344 0.000000 -2.101078 -0.000000 -0.088344 0.000000 -0.008633 0.000000 -0.088344 0.000000 2.083811 0.000000 -0.088344 0.000000 3.512702 0.000000 -0.088344  
 24 18 15  0.000000 3.244909 -0.000000 0.088970 0.000000 1.923655 -0.000000 0.088970 0.000000 -0.011169 0.000000 0.088970 0.000000 -1.945992 0.000000 0.088970 0.000000 -3.267246 0.000000 0.088970  
 118 118 128  -18.590496 -3.904498 -4.511887 0.116276 -17.580122 -3.724734 -4.298001 0.116276 -16.101419 -3.460653 -3.984970 0.116276 -14.623588 -3.196478 -3.671361 0.116276 -13.613098 -3.015917 -3.456926 0.116276  
 128 128 138  -18.587586 -2.923635 -3.347883 0.116276 -17.580099 -2.743812 -3.134137 0.116276 -16.102264 -2.480158 -2.820798 0.116276 -14.623852 -2.215741 -2.507327 0.116276 -13.613493 -2.034831 -2.293127 0.116276  
 138 138 148  -17.904416 -1.933755 -2.172929 0.116276 -17.100643 -1.763622 -1.969088 0.116276 -16.016756 -1.505079 -1.666055 0.116276 -15.070695 -1.238266 -1.347048 0.116276 -14.567862 -1.041692 -1.112445 0.116276  
 148 148 158  -16.147877 -0.954618 -1.012009 0.116276 -16.090674 -0.786156 -0.810003 0.116276 -16.096993 -0.519917 -0.494431 0.116276 -16.098014 -0.253407 -0.178543 0.116276 -16.096693 -0.071429 0.037167 0.116276  
 158 158 168  -16.111815 0.013461 0.138971 0.116276 -16.104914 0.197155 0.356534 0.116276 -16.088730 0.466097 0.674993 0.116276 -16.071752 0.732967 0.991384 0.116276 -16.176881 0.892972 1.184077 0.116276  
 168 168 178  -14.423974 0.989156 1.294600 0.116276 -15.001895 1.181689 1.525064 0.116276 -16.030286 1.448016 1.842499 0.116276 -17.174588 1.707954 2.147752 0.116276 -18.005422 1.880127 2.354305 0.116276  
 178 178 188  -13.615710 1.978790 2.471911 0.116276 -14.621088 2.160437 2.685689 0.116276 -16.101476 2.424321 2.999596 0.116276 -17.581305 2.688107 3.312767 0.116276 -18.590410 2.868075 3.526346 0.116276  
 188 188 198  -13.628462 2.960278 3.635462 0.116276 -14.633372 3.140854 3.849944 0.116276 -16.102363 3.404956 4.163636 0.116276 -17.570302 3.668891 4.476758 0.116276 -18.572941 3.849123 4.690214 0.116276  
 198 198 13  -13.663815 3.940844 4.799766 0.116276 -14.651789 4.121618 5.013886 0.116276 -16.101940 4.385882 5.327466 0.116276 -17.551446 4.649712 5.640752 0.116276 -18.539489 4.829621 5.854455 0.116276  
