 1 1 5  -54.854524 -8.746330 -8.627797 -0.174906 -42.970381 -6.297802 -6.244562 -0.174906 -26.317223 -2.553442 -2.622935 -0.174906 -26.139034 2.640975 2.442855 -0.174906 -37.182838 5.199171 4.944738 -0.174906  
 2 2 6  -66.979382 -9.366678 -8.983923 -0.174906 -56.099559 -6.891860 -6.732091 -0.174906 -43.216197 -2.883646 -3.124581 -0.174906 -42.796206 3.022208 2.343921 -0.174906 -50.250918 5.855344 4.986909 -0.174906  
 3 3 7  -56.520079 -9.025378 -8.496977 -0.174906 -44.836391 -6.469413 -6.243206 -0.174906 -28.609405 -2.497959 -2.842180 -0.174906 -28.337536 3.058330 2.071962 -0.174906 -38.969424 5.701439 4.510077 -0.174906  
 4 4 8  -43.732632 -8.314155 -8.042111 -0.174906 -31.213176 -5.758899 -5.646508 -0.174906 -12.254624 -1.912132 -2.052764 -0.174906 -12.851330 2.290403 1.891822 -0.174906 -25.762146 4.897000 4.352728 -0.174906  
 5 5 10  -32.566653 -4.335183 -6.283451 0.098983 -20.969359 -2.377037 -3.709481 0.098983 -11.232346 1.102521 0.836256 0.098983 -27.299950 3.921724 4.810659 0.098983 -38.856396 5.845851 7.393120 0.098983  
 6 6 11  -37.664075 -4.622738 -6.152843 0.098983 -27.236629 -2.656292 -3.750186 0.098983 -21.001134 1.215825 1.006593 0.098983 -33.544787 4.234315 4.921681 0.098983 -44.198839 6.153989 7.325576 0.098983  
 7 7 12  -33.345295 -4.832253 -5.825961 0.098983 -22.210515 -2.745879 -3.441094 0.098983 -13.549954 1.082909 0.948881 0.098983 -28.651678 4.185285 4.636313 0.098983 -39.905640 6.239393 7.026406 0.098983  
 8 8 118  -20.607463 -4.658358 -6.060321 0.098983 -19.498113 -4.462348 -5.819145 0.098983 -17.871063 -4.174979 -5.465598 0.098983 -16.243937 -3.887287 -5.111661 0.098983 -15.137344 -3.690184 -4.870286 0.098983  
 9 10 15  -9.817706 0.232342 -0.357444 -0.000331 -10.031472 0.646210 0.344960 -0.000331 -11.306153 1.057312 1.171866 -0.000331 -13.399363 1.386158 1.846995 -0.000331 -14.889014 1.603578 2.270394 -0.000331  
 10 11 16  -11.746553 0.234871 0.008473 -0.000331 -11.958835 0.646902 0.616998 -0.000331 -13.047834 1.083649 1.325768 -0.000331 -14.806703 1.433812 1.907378 -0.000331 -16.075984 1.656848 2.272833 -0.000331  
 11 12 17  -10.339584 0.030007 0.006719 -0.000331 -10.560959 0.493379 0.616161 -0.000331 -11.818318 0.991200 1.300015 -0.000331 -13.780451 1.400050 1.863099 -0.000331 -15.145048 1.659711 2.220742 -0.000331  
 12 13 18  -8.496411 0.027070 -0.359364 -0.000331 -8.717737 0.492391 0.343867 -0.000331 -10.163834 0.964917 1.146096 -0.000331 -12.464019 1.354136 1.802932 -0.000331 -14.051395 1.610697 2.217910 -0.000331  
 13 5 6  0.000000 -10.793292 0.000000 -0.495800 0.000000 -6.366940 0.000000 -0.495800 0.000000 0.114936 0.000000 -0.495800 0.000000 6.596813 -0.000000 -0.495800 0.000000 11.023164 -0.000000 -0.495800  
 14 6 7  0.000000 10.253881 0.000000 0.430565 0.000000 6.128664 0.000000 0.430565 0.000000 0.087763 0.000000 0.430565 0.000000 -5.953138 -0.000000 0.430565 0.000000 -10.078355 -0.000000 0.430565  
 15 7 8  0.000000 -10.992423 -0.000000 -0.800485 0.000000 -6.578546 -0.000000 -0.800485 0.000000 -0.114936 0.000000 -0.800485 0.000000 6.348674 0.000000 -0.800485 0.000000 10.762551 0.000000 -0.800485  
 16 8 5  0.000000 10.047614 -0.000000 0.780080 0.000000 5.934871 -0.000000 0.780080 0.000000 -0.087763 0.000000 0.780080 0.000000 -6.110397 0.000000 0.780080 0.000000 -10.223140 0.000000 0.780080  
 17 10 11  0.000000 -7.283023 0.000000 -0.201999 0.000000 -4.299034 0.000000 -0.201999 0.000000 0.070670 0.000000 -0.201999 0.000000 4.440374 -0.000000 -0.201999 0.000000 7.424362 -0.000000 -0.201999  
 18 11 12  0.000000 5.956633 0.000000 0.189637 0.000000 3.555750 0.000000 0.189637 0.000000 0.039935 0.000000 0.189637 0.000000 -3.475880 -0.000000 0.189637 0.000000 -5.876764 -0.000000 0.189637  
 19 12 13  0.000000 -7.362636 -0.000000 -0.515085 0.000000 -4.403695 -0.000000 -0.515085 0.000000 -0.070670 0.000000 -0.515085 0.000000 4.262356 0.000000 -0.515085 0.000000 7.221297 0.000000 -0.515085  
 20 13 10  0.000000 5.815038 -0.000000 0.629232 0.000000 3.439202 -0.000000 0.629232 0.000000 -0.039935 0.000000 0.629232 0.000000 -3.519071 0.000000 0.629232 0.000000 -5.894908 0.000000 0.629232  
 21 15 16  0.000000 -2.281648 0.000000 0.003406 0.000000 -1.362277 0.000000 0.003406 0.000000 -0.015964 0.000000 0.003406 0.000000 1.330348 -0.000000 0.003406 0.000000 2.249720 -0.000000 0.003406  
 22 16 17  0.000000 1.626433 0.000000 -0.004736 0.000000 0.962460 0.000000 -0.004736 0.000000 -0.009852 0.000000 -0.004736 0.000000 -0.982163 -0.000000 -0.004736 0.000000 -1.646136 -0.000000 -0.004736  
 23 17 18  0.000000 -2.189025 -0.000000 0.004958 0.000000 -1.294282 -0.000000 0.004958 0.000000 0.015964 0.000000 0.004958 0.000000 1.326211 0.000000 0.004958 0.000000 2.220954 0.000000 0.004958  
 24 18 15  0.000000 1.585441 -0.000000 -0.004751 0.000000 0.946097 -0.000000 -0.004751 0.000000 0.009852 0.000000 -0.004751 0.000000 -0.926394 0.000000 -0.004751 0.000000 -1.565738 0.000000 -0.004751  
 118 118 128  -20.650588 -3.590692 -4.746355 0.098983 -19.523219 -3.394141 -4.505601 0.098983 -17.871081 -3.106295 -4.152478 0.098983 -16.220273 -2.819002 -3.798270 0.098983 -15.091263 -2.622611 -3.556136 0.098983  
 128 128 138  -20.528718 -2.519633 -3.433701 0.098983 -19.435129 -2.326675 -3.191704 0.098983 -17.860693 -2.039576 -2.838590 0.098983 -16.301518 -1.750328 -2.485316 0.098983 -15.251901 -1.553003 -2.242352 0.098983  
 138 138 148  -18.927519 -1.423349 -2.081667 0.098983 -18.352045 -1.256058 -1.877013 0.098983 -17.679678 -0.994878 -1.555853 0.098983 -17.349391 -0.691075 -1.180320 0.098983 -17.358873 -0.443078 -0.878678 0.098983  
 148 148 158  -17.858070 -0.385474 -0.806102 0.098983 -17.867903 -0.189546 -0.565173 0.098983 -17.875094 0.097968 -0.211635 0.098983 -17.875975 0.385780 0.142369 0.098983 -17.873364 0.582381 0.383863 0.098983  
 158 158 168  -17.552118 0.643462 0.467697 0.098983 -17.544198 0.880393 0.749788 0.098983 -17.688290 1.196482 1.132768 0.098983 -18.182071 1.454379 1.456558 0.098983 -18.663429 1.612926 1.658589 0.098983  
 168 168 178  -15.366106 1.748385 1.817243 0.098983 -16.338491 1.948001 2.062571 0.098983 -17.849244 2.235220 2.417507 0.098983 -19.393589 2.521831 2.769260 0.098983 -20.451230 2.718036 3.008232 0.098983  
 178 178 188  -15.079866 2.818239 3.133871 0.098983 -16.213649 3.015208 3.375550 0.098983 -17.871847 3.303296 3.729129 0.098983 -19.529490 3.590487 4.082764 0.098983 -20.660857 3.786152 4.324229 0.098983  
 188 188 198  -15.132754 3.886808 4.447095 0.098983 -16.245212 4.083491 4.689019 0.098983 -17.871740 4.371175 5.042911 0.098983 -19.497621 4.658630 5.396318 0.098983 -20.608845 4.854888 5.637352 0.098983  
 198 198 13  -15.193264 4.954591 5.761185 0.098983 -16.278882 5.151700 6.002520 0.098983 -17.869157 5.439781 6.355924 0.098983 -19.464799 5.726852 6.709883 0.098983 -20.552826 5.922655 6.951365 0.098983  
