 1 1 5  -33.360548 2.760752 -1.052628 0.000948 -33.337783 1.907672 -0.794834 0.000948 -33.396086 0.636478 -0.397170 0.000948 -33.399768 -0.635542 0.002565 0.000948 -33.368094 -1.503892 0.274371 0.000948  
 2 2 6  -36.469473 2.772658 -1.062602 0.000948 -36.515740 1.905940 -0.792218 0.000948 -36.574415 0.635349 -0.394916 0.000948 -36.581652 -0.634897 0.001913 0.000948 -36.547355 -1.502603 0.273222 0.000948  
 3 3 7  -38.544380 2.771956 -1.061378 0.000948 -38.595618 1.904287 -0.790348 0.000948 -38.652551 0.633928 -0.393594 0.000948 -38.658148 -0.634615 0.001135 0.000948 -38.627430 -1.501771 0.271774 0.000948  
 4 4 8  -35.386032 2.770666 -1.060997 0.000948 -35.421245 1.906047 -0.792868 0.000948 -35.479700 0.635076 -0.395784 0.000948 -35.487966 -0.635490 0.001557 0.000948 -35.454171 -1.503301 0.272724 0.000948  
 5 5 10  -22.645804 0.612287 -1.056548 0.000293 -22.668055 0.200388 -0.680316 0.000293 -22.684270 -0.403109 -0.128901 0.000293 -22.664094 -1.006307 0.422195 0.000293 -22.640247 -1.418022 0.798396 0.000293  
 6 6 11  -24.836284 0.611647 -1.055935 0.000293 -24.858738 0.199859 -0.679989 0.000293 -24.877407 -0.403054 -0.129741 0.000293 -24.854756 -1.005708 0.420474 0.000293 -24.830841 -1.417305 0.796420 0.000293  
 7 7 12  -25.314257 0.611018 -1.055065 0.000293 -25.336359 0.199200 -0.679360 0.000293 -25.352929 -0.403109 -0.129952 0.000293 -25.332223 -1.005446 0.419642 0.000293 -25.308565 -1.417024 0.795302 0.000293  
 8 8 118  -23.134607 0.706017 -1.141955 0.000293 -23.138107 0.664842 -1.104359 0.000293 -23.143034 0.604548 -1.049306 0.000293 -23.147746 0.544258 -0.994256 0.000293 -23.150839 0.503090 -0.956665 0.000293  
 9 10 15  -11.680355 -0.605488 -0.948035 -0.003101 -11.574583 -0.477522 -0.516083 -0.003101 -11.579154 -0.259445 0.150061 -0.003101 -11.565066 -0.041361 0.816073 -0.003101 -11.651626 0.099136 1.249655 -0.003101  
 10 11 16  -12.544623 -0.614574 -0.953633 -0.003101 -12.491425 -0.477595 -0.513928 -0.003101 -12.495681 -0.259358 0.148795 -0.003101 -12.481570 -0.041243 0.811519 -0.003101 -12.489988 0.104393 1.259104 -0.003101  
 11 12 17  -12.456348 -0.613800 -0.952665 -0.003101 -12.398620 -0.477599 -0.513870 -0.003101 -12.402899 -0.259200 0.148673 -0.003101 -12.388851 -0.040988 0.811368 -0.003101 -12.401798 0.104134 1.257977 -0.003101  
 12 13 18  -11.592083 -0.604606 -0.946963 -0.003101 -11.481240 -0.477531 -0.516040 -0.003101 -11.485632 -0.259289 0.149937 -0.003101 -11.471660 -0.041105 0.815925 -0.003101 -11.568073 0.099136 1.247429 -0.003101  
 13 5 6  0.000000 -1.353089 0.000000 0.000341 0.000000 -0.804108 0.000000 0.000341 0.000000 -0.000189 0.000000 0.000341 0.000000 0.803729 -0.000000 0.000341 0.000000 1.352710 -0.000000 0.000341  
 14 6 7  0.000000 -2.211036 -0.000000 0.001172 0.000000 -1.313869 -0.000000 0.001172 0.000000 -0.000074 0.000000 0.001172 0.000000 1.313722 0.000000 0.001172 0.000000 2.210888 0.000000 0.001172  
 15 7 8  0.000000 -1.352715 -0.000000 -0.000838 0.000000 -0.803732 -0.000000 -0.000838 0.000000 0.000189 0.000000 -0.000838 0.000000 0.804111 0.000000 -0.000838 0.000000 1.353093 0.000000 -0.000838  
 16 8 5  0.000000 -2.210884 0.000000 0.000314 0.000000 -1.313719 0.000000 0.000314 0.000000 0.000074 0.000000 0.000314 0.000000 1.313867 -0.000000 0.000314 0.000000 2.211031 -0.000000 0.000314  
 17 10 11  0.000000 -1.781510 -0.000000 -0.003000 0.000000 -1.058501 -0.000000 -0.003000 0.000000 0.000261 0.000000 -0.003000 0.000000 1.059023 0.000000 -0.003000 0.000000 1.782032 0.000000 -0.003000  
 18 11 12  0.000000 -0.785491 -0.000000 0.000999 0.000000 -0.466773 -0.000000 0.000999 0.000000 -0.000046 0.000000 0.000999 0.000000 0.466680 0.000000 0.000999 0.000000 0.785399 0.000000 0.000999  
 19 12 13  0.000000 -1.782009 0.000000 -0.003007 0.000000 -1.059010 0.000000 -0.003007 0.000000 -0.000261 0.000000 -0.003007 0.000000 1.058488 -0.000000 -0.003007 0.000000 1.781488 -0.000000 -0.003007  
 20 13 10  0.000000 -0.785422 0.000000 0.001150 0.000000 -0.466694 0.000000 0.001150 0.000000 0.000046 0.000000 0.001150 0.000000 0.466786 -0.000000 0.001150 0.000000 0.785514 -0.000000 0.001150  
 21 15 16  0.000000 -1.243471 0.000000 -0.002120 0.000000 -0.738483 0.000000 -0.002120 0.000000 0.001013 0.000000 -0.002120 0.000000 0.740509 -0.000000 -0.002120 0.000000 1.245496 -0.000000 -0.002120  
 22 16 17  0.000000 0.126626 0.000000 0.000398 0.000000 0.075248 0.000000 0.000398 0.000000 0.000010 0.000000 0.000398 0.000000 -0.075228 -0.000000 0.000398 0.000000 -0.126606 -0.000000 0.000398  
 23 17 18  0.000000 -1.245465 -0.000000 -0.002074 0.000000 -0.740490 -0.000000 -0.002074 0.000000 -0.001013 0.000000 -0.002074 0.000000 0.738464 0.000000 -0.002074 0.000000 1.243439 0.000000 -0.002074  
 24 18 15  0.000000 0.126574 -0.000000 0.000649 0.000000 0.075209 -0.000000 0.000649 0.000000 -0.000010 0.000000 0.000649 0.000000 -0.075229 0.000000 0.000649 0.000000 -0.126594 0.000000 0.000649  
 118 118 128  -23.136774 0.482079 -0.937483 0.000293 -23.139363 0.440904 -0.899884 0.000293 -23.143007 0.380611 -0.844831 0.000293 -23.146479 0.320321 -0.789782 0.000293 -23.148758 0.279152 -0.752192 0.000293  
 128 128 138  -23.138471 0.258140 -0.733007 0.000293 -23.140341 0.216967 -0.695411 0.000293 -23.142976 0.156674 -0.640359 0.000293 -23.145494 0.096383 -0.585308 0.000293 -23.147149 0.055213 -0.547716 0.000293  
 138 138 148  -23.139288 0.034203 -0.528532 0.000293 -23.140826 -0.006971 -0.490938 0.000293 -23.142977 -0.067264 -0.435884 0.000293 -23.145022 -0.127555 -0.380831 0.000293 -23.146305 -0.168724 -0.343247 0.000293  
 148 148 158  -23.140867 -0.189750 -0.324021 0.000293 -23.141979 -0.230916 -0.286456 0.000293 -23.143317 -0.291181 -0.231451 0.000293 -23.143895 -0.351486 -0.176362 0.000293 -23.143858 -0.392694 -0.138719 0.000293  
 158 158 168  -23.145316 -0.413689 -0.119594 0.000293 -23.144586 -0.454845 -0.081988 0.000293 -23.143094 -0.515127 -0.026929 0.000293 -23.141296 -0.575430 0.028111 0.000293 -23.139927 -0.616615 0.065702 0.000293  
 168 168 178  -23.146777 -0.637609 0.084888 0.000293 -23.145291 -0.678784 0.122486 0.000293 -23.142981 -0.739077 0.177537 0.000293 -23.140549 -0.799367 0.232587 0.000293 -23.138820 -0.840538 0.270180 0.000293  
 178 178 188  -23.147547 -0.861550 0.289366 0.000293 -23.145728 -0.902722 0.326959 0.000293 -23.142975 -0.963013 0.382010 0.000293 -23.140105 -1.023305 0.437062 0.000293 -23.138083 -1.064477 0.474656 0.000293  
 188 188 198  -23.149235 -1.085490 0.493843 0.000293 -23.146768 -1.126659 0.531433 0.000293 -23.143012 -1.186949 0.586481 0.000293 -23.139073 -1.247242 0.641536 0.000293 -23.136288 -1.288418 0.679133 0.000293  
 198 198 13  -23.151373 -1.309427 0.698317 0.000293 -23.148071 -1.350596 0.735906 0.000293 -23.143041 -1.410887 0.790956 0.000293 -23.137782 -1.471180 0.846009 0.000293 -23.134056 -1.512354 0.883607 0.000293  
