 1 1 5  -36.400824 0.220184 0.948691 -0.000011 -36.406235 0.156557 0.664188 -0.000011 -36.413372 0.063326 0.247580 -0.000011 -36.414266 -0.030107 -0.168718 -0.000011 -36.410015 -0.093838 -0.453163 -0.000011  
 2 2 6  -35.209900 0.220106 0.948994 -0.000011 -35.215327 0.156487 0.664527 -0.000011 -35.222503 0.063278 0.247968 -0.000011 -35.223784 -0.030086 -0.168799 -0.000011 -35.219236 -0.093760 -0.453287 -0.000011  
 3 3 7  -35.580512 0.219990 0.949059 -0.000011 -35.586050 0.156354 0.664586 -0.000011 -35.593413 0.063112 0.248018 -0.000011 -35.594554 -0.030046 -0.168862 -0.000011 -35.590048 -0.093727 -0.453367 -0.000011  
 4 4 8  -36.771277 0.220074 0.948750 -0.000011 -36.776806 0.156434 0.664242 -0.000011 -36.784222 0.063174 0.247626 -0.000011 -36.785409 -0.030111 -0.168760 -0.000011 -36.780840 -0.093808 -0.453221 -0.000011  
 5 5 10  -24.176830 0.118629 0.373859 0.000004 -24.179133 0.067549 0.189492 0.000004 -24.180898 -0.007325 -0.080379 0.000004 -24.178102 -0.082174 -0.350271 0.000004 -24.175564 -0.133242 -0.534616 0.000004  
 6 6 11  -23.607113 0.118618 0.373781 0.000004 -23.609447 0.067543 0.189476 0.000004 -23.611467 -0.007339 -0.080425 0.000004 -23.608479 -0.082152 -0.350328 0.000004 -23.605916 -0.133221 -0.534614 0.000004  
 7 7 12  -23.819342 0.118630 0.373803 0.000004 -23.821719 0.067525 0.189495 0.000004 -23.823675 -0.007307 -0.080456 0.000004 -23.820634 -0.082126 -0.350347 0.000004 -23.818062 -0.133219 -0.534637 0.000004  
 8 8 118  -24.390283 0.130369 0.416173 0.000004 -24.390541 0.125259 0.397741 0.000004 -24.390914 0.117775 0.370749 0.000004 -24.391282 0.110291 0.343758 0.000004 -24.391530 0.105180 0.325326 0.000004  
 9 10 15  -12.041599 0.055591 0.031327 0.000003 -12.042537 0.023027 -0.021335 0.000003 -12.042938 -0.024669 -0.098440 0.000003 -12.041754 -0.072348 -0.175566 0.000003 -12.040743 -0.104902 -0.228229 0.000003  
 10 11 16  -11.883039 0.055594 0.031306 0.000003 -11.883977 0.023030 -0.021342 0.000003 -11.884361 -0.024665 -0.098464 0.000003 -11.883179 -0.072349 -0.175575 0.000003 -11.882168 -0.104902 -0.228225 0.000003  
 11 12 17  -11.957332 0.055608 0.031305 0.000003 -11.958276 0.023035 -0.021343 0.000003 -11.958638 -0.024652 -0.098467 0.000003 -11.957465 -0.072343 -0.175579 0.000003 -11.956448 -0.104905 -0.228228 0.000003  
 12 13 18  -12.115894 0.055604 0.031327 0.000003 -12.116836 0.023032 -0.021336 0.000003 -12.117230 -0.024656 -0.098443 0.000003 -12.116047 -0.072342 -0.175569 0.000003 -12.115029 -0.104904 -0.228232 0.000003  
 13 5 6  0.000000 0.857834 0.000000 -0.000038 0.000000 0.509727 0.000000 -0.000038 0.000000 -0.000034 0.000000 -0.000038 0.000000 -0.509796 -0.000000 -0.000038 0.000000 -0.857902 -0.000000 -0.000038  
 14 6 7  0.000000 -0.219016 -0.000000 0.000049 0.000000 -0.130149 -0.000000 0.000049 0.000000 -0.000013 0.000000 0.000049 0.000000 0.130122 0.000000 0.000049 0.000000 0.218990 0.000000 0.000049  
 15 7 8  0.000000 0.857906 -0.000000 -0.000048 0.000000 0.509798 -0.000000 -0.000048 0.000000 0.000034 0.000000 -0.000048 0.000000 -0.509730 0.000000 -0.000048 0.000000 -0.857838 0.000000 -0.000048  
 16 8 5  0.000000 -0.218994 0.000000 0.000037 0.000000 -0.130125 0.000000 0.000037 0.000000 0.000013 0.000000 0.000037 0.000000 0.130151 -0.000000 0.000037 0.000000 0.219020 -0.000000 0.000037  
 17 10 11  0.000000 0.567631 0.000000 -0.000007 0.000000 0.337294 0.000000 -0.000007 0.000000 -0.000007 0.000000 -0.000007 0.000000 -0.337309 -0.000000 -0.000007 0.000000 -0.567645 -0.000000 -0.000007  
 18 11 12  0.000000 -0.190475 0.000000 0.000016 0.000000 -0.113186 0.000000 0.000016 0.000000 -0.000004 0.000000 0.000016 0.000000 0.113177 -0.000000 0.000016 0.000000 0.190466 -0.000000 0.000016  
 19 12 13  0.000000 0.567650 -0.000000 -0.000011 0.000000 0.337311 -0.000000 -0.000011 0.000000 0.000007 0.000000 -0.000011 0.000000 -0.337297 0.000000 -0.000011 0.000000 -0.567636 0.000000 -0.000011  
 20 13 10  0.000000 -0.190470 -0.000000 0.000012 0.000000 -0.113179 -0.000000 0.000012 0.000000 0.000004 0.000000 0.000012 0.000000 0.113188 0.000000 0.000012 0.000000 0.190479 0.000000 0.000012  
 21 15 16  0.000000 0.218988 -0.000000 0.000003 0.000000 0.130126 -0.000000 0.000003 0.000000 -0.000003 0.000000 0.000003 0.000000 -0.130131 0.000000 0.000003 0.000000 -0.218993 0.000000 0.000003  
 22 16 17  0.000000 -0.102595 0.000000 -0.000000 0.000000 -0.060965 0.000000 -0.000000 0.000000 -0.000001 0.000000 -0.000000 0.000000 0.060962 -0.000000 -0.000000 0.000000 0.102592 -0.000000 -0.000000  
 23 17 18  0.000000 0.218998 0.000000 0.000003 0.000000 0.130134 0.000000 0.000003 0.000000 0.000003 0.000000 0.000003 0.000000 -0.130128 -0.000000 0.000003 0.000000 -0.218992 -0.000000 0.000003  
 24 18 15  0.000000 -0.102597 -0.000000 -0.000000 0.000000 -0.060964 -0.000000 -0.000000 0.000000 0.000001 0.000000 -0.000000 0.000000 0.060967 0.000000 -0.000000 0.000000 0.102600 0.000000 -0.000000  
 118 118 128  -24.390328 0.102572 0.315919 0.000004 -24.390571 0.097462 0.297488 0.000004 -24.390918 0.089978 0.270497 0.000004 -24.391253 0.082494 0.243505 0.000004 -24.391475 0.077384 0.225072 0.000004  
 128 128 138  -24.390386 0.074776 0.215667 0.000004 -24.390602 0.069665 0.197235 0.000004 -24.390914 0.062182 0.170244 0.000004 -24.391221 0.054698 0.143252 0.000004 -24.391427 0.049587 0.124820 0.000004  
 138 138 148  -24.390472 0.046978 0.115418 0.000004 -24.390667 0.041868 0.096983 0.000004 -24.390938 0.034385 0.069988 0.000004 -24.391157 0.026901 0.042999 0.000004 -24.391282 0.021789 0.024571 0.000004  
 148 148 158  -24.390742 0.019185 0.015167 0.000004 -24.390845 0.014070 -0.003271 0.000004 -24.390946 0.006587 -0.030265 0.000004 -24.391002 -0.000893 -0.057256 0.000004 -24.390948 -0.006009 -0.075677 0.000004  
 158 158 168  -24.391255 -0.008616 -0.085098 0.000004 -24.391151 -0.013724 -0.103523 0.000004 -24.390946 -0.021208 -0.130509 0.000004 -24.390677 -0.028693 -0.157506 0.000004 -24.390473 -0.033803 -0.175945 0.000004  
 168 168 178  -24.391462 -0.036411 -0.185344 0.000004 -24.391245 -0.041522 -0.203776 0.000004 -24.390916 -0.049006 -0.230767 0.000004 -24.390579 -0.056489 -0.257759 0.000004 -24.390346 -0.061599 -0.276191 0.000004  
 178 178 188  -24.391507 -0.064207 -0.285597 0.000004 -24.391269 -0.069318 -0.304029 0.000004 -24.390914 -0.076802 -0.331020 0.000004 -24.390555 -0.084286 -0.358012 0.000004 -24.390306 -0.089396 -0.376444 0.000004  
 188 188 198  -24.391538 -0.092004 -0.385849 0.000004 -24.391286 -0.097115 -0.404281 0.000004 -24.390914 -0.104599 -0.431273 0.000004 -24.390537 -0.112083 -0.458264 0.000004 -24.390277 -0.117193 -0.476697 0.000004  
 198 198 13  -24.391565 -0.119801 -0.486102 0.000004 -24.391302 -0.124912 -0.504534 0.000004 -24.390913 -0.132396 -0.531526 0.000004 -24.390520 -0.139879 -0.558517 0.000004 -24.390250 -0.144990 -0.576949 0.000004  
