 1 1 5  -35.952604 0.022850 0.217583 -0.000031 -35.958496 0.018337 0.147606 -0.000031 -35.966225 0.011656 0.045135 -0.000031 -35.967667 0.004781 -0.057042 -0.000031 -35.963064 0.000160 -0.126981 -0.000031  
 2 2 6  -35.856442 0.022834 0.217885 -0.000031 -35.862335 0.018331 0.147954 -0.000031 -35.870104 0.011679 0.045545 -0.000031 -35.871783 0.004771 -0.057127 -0.000031 -35.866923 0.000197 -0.127093 -0.000031  
 3 3 7  -36.026859 0.022656 0.217870 -0.000031 -36.032880 0.018131 0.147939 -0.000031 -36.040899 0.011439 0.045532 -0.000031 -36.042386 0.004825 -0.057166 -0.000031 -36.037498 0.000271 -0.127101 -0.000031  
 4 4 8  -36.123042 0.022682 0.217561 -0.000031 -36.129032 0.018151 0.147582 -0.000031 -36.136886 0.011437 0.045093 -0.000031 -36.138405 0.004772 -0.057061 -0.000031 -36.133651 0.000216 -0.126974 -0.000031  
 5 5 10  -23.917046 0.040283 0.023392 -0.000003 -23.919916 0.031185 -0.002140 -0.000003 -23.922522 0.017801 -0.039408 -0.000003 -23.919175 0.004408 -0.076776 -0.000003 -23.916220 -0.004686 -0.102309 -0.000003  
 6 6 11  -23.935688 0.040313 0.023325 -0.000003 -23.938527 0.031218 -0.002134 -0.000003 -23.941096 0.017784 -0.039469 -0.000003 -23.937736 0.004408 -0.076826 -0.000003 -23.934756 -0.004693 -0.102300 -0.000003  
 7 7 12  -24.077653 0.040336 0.023307 -0.000003 -24.080552 0.031206 -0.002152 -0.000003 -24.083169 0.017827 -0.039489 -0.000003 -24.079724 0.004448 -0.076817 -0.000003 -24.076712 -0.004685 -0.102289 -0.000003  
 8 8 118  -24.060949 0.042400 0.029195 -0.000003 -24.061262 0.041488 0.026646 -0.000003 -24.061716 0.040151 0.022915 -0.000003 -24.062164 0.038814 0.019183 -0.000003 -24.062467 0.037901 0.016635 -0.000003  
 9 10 15  -11.948282 0.093857 -0.080663 0.000004 -11.949481 0.055361 -0.055460 0.000004 -11.949947 -0.001024 -0.018551 0.000004 -11.948368 -0.057385 0.018363 0.000004 -11.947035 -0.095869 0.043569 0.000004  
 10 11 16  -11.981103 0.093868 -0.080686 0.000004 -11.982295 0.055370 -0.055465 0.000004 -11.982739 -0.001025 -0.018576 0.000004 -11.981177 -0.057395 0.018350 0.000004 -11.979846 -0.095881 0.043573 0.000004  
 11 12 17  -12.050469 0.093888 -0.080693 0.000004 -12.051672 0.055380 -0.055472 0.000004 -12.052105 -0.001005 -0.018575 0.000004 -12.050531 -0.057387 0.018356 0.000004 -12.049193 -0.095885 0.043580 0.000004  
 12 13 18  -12.017646 0.093877 -0.080670 0.000004 -12.018851 0.055370 -0.055466 0.000004 -12.019310 -0.001004 -0.018547 0.000004 -12.017723 -0.057378 0.018369 0.000004 -12.016382 -0.095874 0.043576 0.000004  
 13 5 6  0.000000 0.158316 -0.000000 0.000005 0.000000 0.094059 -0.000000 0.000005 0.000000 -0.000038 0.000000 0.000005 0.000000 -0.094135 0.000000 0.000005 0.000000 -0.158392 0.000000 0.000005  
 14 6 7  0.000000 -0.039521 -0.000000 -0.000001 0.000000 -0.023492 -0.000000 -0.000001 0.000000 -0.000019 0.000000 -0.000001 0.000000 0.023455 0.000000 -0.000001 0.000000 0.039484 0.000000 -0.000001  
 15 7 8  0.000000 0.158392 0.000000 -0.000015 0.000000 0.094135 0.000000 -0.000015 0.000000 0.000038 0.000000 -0.000015 0.000000 -0.094059 -0.000000 -0.000015 0.000000 -0.158316 -0.000000 -0.000015  
 16 8 5  0.000000 -0.039484 0.000000 -0.000017 0.000000 -0.023455 0.000000 -0.000017 0.000000 0.000019 0.000000 -0.000017 0.000000 0.023492 -0.000000 -0.000017 0.000000 0.039521 -0.000000 -0.000017  
 17 10 11  0.000000 0.019634 0.000000 0.000016 0.000000 0.011663 0.000000 0.000016 0.000000 -0.000009 0.000000 0.000016 0.000000 -0.011681 -0.000000 0.000016 0.000000 -0.019651 -0.000000 0.000016  
 18 11 12  0.000000 -0.100338 0.000000 -0.000009 0.000000 -0.059625 0.000000 -0.000009 0.000000 -0.000006 0.000000 -0.000009 0.000000 0.059613 -0.000000 -0.000009 0.000000 0.100326 -0.000000 -0.000009  
 19 12 13  0.000000 0.019650 -0.000000 0.000010 0.000000 0.011680 -0.000000 0.000010 0.000000 0.000009 0.000000 0.000010 0.000000 -0.011663 0.000000 0.000010 0.000000 -0.019633 0.000000 0.000010  
 20 13 10  0.000000 -0.100325 -0.000000 -0.000015 0.000000 -0.059613 -0.000000 -0.000015 0.000000 0.000006 0.000000 -0.000015 0.000000 0.059625 0.000000 -0.000015 0.000000 0.100337 0.000000 -0.000015  
 21 15 16  0.000000 -0.045313 0.000000 0.000007 0.000000 -0.026927 0.000000 0.000007 0.000000 -0.000004 0.000000 0.000007 0.000000 0.026919 -0.000000 0.000007 0.000000 0.045304 -0.000000 0.000007  
 22 16 17  0.000000 -0.095792 0.000000 -0.000004 0.000000 -0.056922 0.000000 -0.000004 0.000000 -0.000002 0.000000 -0.000004 0.000000 0.056919 -0.000000 -0.000004 0.000000 0.095789 -0.000000 -0.000004  
 23 17 18  0.000000 -0.045306 -0.000000 0.000007 0.000000 -0.026920 -0.000000 0.000007 0.000000 0.000004 0.000000 0.000007 0.000000 0.026928 0.000000 0.000007 0.000000 0.045314 0.000000 0.000007  
 24 18 15  0.000000 -0.095788 -0.000000 -0.000005 0.000000 -0.056918 -0.000000 -0.000005 0.000000 0.000002 0.000000 -0.000005 0.000000 0.056921 0.000000 -0.000005 0.000000 0.095791 0.000000 -0.000005  
 118 118 128  -24.060995 0.037436 0.015334 -0.000003 -24.061291 0.036523 0.012786 -0.000003 -24.061718 0.035187 0.009055 -0.000003 -24.062135 0.033850 0.005323 -0.000003 -24.062414 0.032938 0.002775 -0.000003  
 128 128 138  -24.061052 0.032472 0.001475 -0.000003 -24.061325 0.031559 -0.001074 -0.000003 -24.061717 0.030222 -0.004806 -0.000003 -24.062101 0.028886 -0.008537 -0.000003 -24.062359 0.027973 -0.011085 -0.000003  
 138 138 148  -24.061143 0.027506 -0.012382 -0.000003 -24.061390 0.026595 -0.014934 -0.000003 -24.061737 0.025260 -0.018669 -0.000003 -24.062037 0.023922 -0.022398 -0.000003 -24.062219 0.023008 -0.024941 -0.000003  
 148 148 158  -24.061444 0.022549 -0.026237 -0.000003 -24.061601 0.021629 -0.028795 -0.000003 -24.061761 0.020291 -0.032532 -0.000003 -24.061839 0.018959 -0.036259 -0.000003 -24.061834 0.018047 -0.038796 -0.000003  
 158 158 168  -24.062035 0.017574 -0.040117 -0.000003 -24.061954 0.016668 -0.042653 -0.000003 -24.061768 0.015333 -0.046378 -0.000003 -24.061475 0.013993 -0.050118 -0.000003 -24.061247 0.013078 -0.052675 -0.000003  
 168 168 178  -24.062345 0.012616 -0.053966 -0.000003 -24.062097 0.011702 -0.056514 -0.000003 -24.061718 0.010366 -0.060246 -0.000003 -24.061330 0.009029 -0.063978 -0.000003 -24.061060 0.008117 -0.066526 -0.000003  
 178 178 188  -24.062401 0.007651 -0.067826 -0.000003 -24.062126 0.006738 -0.070374 -0.000003 -24.061716 0.005402 -0.074106 -0.000003 -24.061300 0.004065 -0.077838 -0.000003 -24.061011 0.003153 -0.080386 -0.000003  
 188 188 198  -24.062444 0.002687 -0.081686 -0.000003 -24.062151 0.001774 -0.084235 -0.000003 -24.061716 0.000437 -0.087966 -0.000003 -24.061274 -0.000899 -0.091698 -0.000003 -24.060969 -0.001811 -0.094246 -0.000003  
 198 198 13  -24.062480 -0.002277 -0.095546 -0.000003 -24.062171 -0.003190 -0.098095 -0.000003 -24.061715 -0.004527 -0.101826 -0.000003 -24.061254 -0.005863 -0.105558 -0.000003 -24.060937 -0.006776 -0.108106 -0.000003  
