 1 1 5  -35.420003 0.335247 -0.619076 -0.000019 -35.425666 0.238689 -0.428571 -0.000019 -35.433072 0.097219 -0.149598 -0.000019 -35.434213 -0.044461 0.129674 -0.000019 -35.429807 -0.141138 0.320218 -0.000019  
 2 2 6  -36.014869 0.335195 -0.618776 -0.000019 -36.020551 0.238645 -0.428228 -0.000019 -36.028022 0.097199 -0.149192 -0.000019 -36.029402 -0.044440 0.129607 -0.000019 -36.024716 -0.141065 0.320117 -0.000019  
 3 3 7  -36.560387 0.335061 -0.618742 -0.000019 -36.566197 0.238494 -0.428195 -0.000019 -36.573897 0.097019 -0.149162 -0.000019 -36.575219 -0.044404 0.129547 -0.000019 -36.570433 -0.141020 0.320068 -0.000019  
 4 4 8  -35.965479 0.335107 -0.619054 -0.000019 -35.971259 0.238533 -0.428553 -0.000019 -35.978831 0.097028 -0.149605 -0.000019 -35.980237 -0.044458 0.129654 -0.000019 -35.975575 -0.141078 0.320203 -0.000019  
 5 5 10  -23.736769 0.184757 -0.177601 0.000008 -23.739434 0.103694 -0.075667 0.000008 -23.741788 -0.015089 0.073725 0.000008 -23.738758 -0.133870 0.223030 0.000008 -23.735987 -0.214932 0.324962 0.000008  
 6 6 11  -23.956179 0.184777 -0.177664 0.000008 -23.958844 0.103714 -0.075663 0.000008 -23.961213 -0.015102 0.073676 0.000008 -23.958065 -0.133862 0.222975 0.000008 -23.955295 -0.214927 0.324970 0.000008  
 7 7 12  -24.258323 0.184797 -0.177665 0.000008 -24.261050 0.103704 -0.075664 0.000008 -24.263456 -0.015066 0.073646 0.000008 -24.260216 -0.133835 0.222965 0.000008 -24.257410 -0.214925 0.324961 0.000008  
 8 8 118  -24.040692 0.203399 -0.201050 0.000008 -24.040985 0.195290 -0.190852 0.000008 -24.041409 0.183414 -0.175918 0.000008 -24.041829 0.171538 -0.160985 0.000008 -24.042111 0.163428 -0.150787 0.000008  
 9 10 15  -11.932651 0.062122 0.067127 0.000005 -11.933754 0.020776 0.064060 0.000005 -11.934220 -0.039786 0.059565 0.000005 -11.932749 -0.100322 0.055076 0.000005 -11.931534 -0.141653 0.052016 0.000005  
 10 11 16  -11.966286 0.062130 0.067100 0.000005 -11.967377 0.020783 0.064052 0.000005 -11.967805 -0.039785 0.059538 0.000005 -11.966372 -0.100328 0.055064 0.000005 -11.965164 -0.141660 0.052022 0.000005  
 11 12 17  -12.066170 0.062145 0.067097 0.000005 -12.067274 0.020789 0.064049 0.000005 -12.067687 -0.039770 0.059536 0.000005 -12.066242 -0.100322 0.055066 0.000005 -12.065024 -0.141662 0.052024 0.000005  
 12 13 18  -12.032536 0.062136 0.067122 0.000005 -12.033648 0.020782 0.064057 0.000005 -12.034102 -0.039771 0.059565 0.000005 -12.032624 -0.100316 0.055079 0.000005 -12.031397 -0.141656 0.052020 0.000005  
 13 5 6  0.000000 -0.518746 0.000000 -0.000020 0.000000 -0.308264 0.000000 -0.000020 0.000000 -0.000038 0.000000 -0.000020 0.000000 0.308189 -0.000000 -0.000020 0.000000 0.518671 -0.000000 -0.000020  
 14 6 7  0.000000 -0.336376 0.000000 0.000027 0.000000 -0.199887 0.000000 0.000027 0.000000 -0.000015 0.000000 0.000027 0.000000 0.199857 -0.000000 0.000027 0.000000 0.336346 -0.000000 0.000027  
 15 7 8  0.000000 -0.518669 -0.000000 -0.000022 0.000000 -0.308188 -0.000000 -0.000022 0.000000 0.000038 0.000000 -0.000022 0.000000 0.308263 0.000000 -0.000022 0.000000 0.518745 0.000000 -0.000022  
 16 8 5  0.000000 -0.336348 -0.000000 0.000002 0.000000 -0.199858 -0.000000 0.000002 0.000000 0.000015 0.000000 0.000002 0.000000 0.199888 0.000000 0.000002 0.000000 0.336378 0.000000 0.000002  
 17 10 11  0.000000 -0.256550 -0.000000 0.000007 0.000000 -0.152450 -0.000000 0.000007 0.000000 -0.000009 0.000000 0.000007 0.000000 0.152433 0.000000 0.000007 0.000000 0.256533 0.000000 0.000007  
 18 11 12  0.000000 -0.279393 -0.000000 0.000006 0.000000 -0.166022 -0.000000 0.000006 0.000000 -0.000005 0.000000 0.000006 0.000000 0.166013 0.000000 0.000006 0.000000 0.279383 0.000000 0.000006  
 19 12 13  0.000000 -0.256532 0.000000 0.000006 0.000000 -0.152432 0.000000 0.000006 0.000000 0.000009 0.000000 0.000006 0.000000 0.152450 -0.000000 0.000006 0.000000 0.256549 -0.000000 0.000006  
 20 13 10  0.000000 -0.279384 0.000000 -0.000002 0.000000 -0.166013 0.000000 -0.000002 0.000000 0.000005 0.000000 -0.000002 0.000000 0.166023 -0.000000 -0.000002 0.000000 0.279394 -0.000000 -0.000002  
 21 15 16  0.000000 -0.046426 0.000000 0.000005 0.000000 -0.027588 0.000000 0.000005 0.000000 -0.000004 0.000000 0.000005 0.000000 0.027581 -0.000000 0.000005 0.000000 0.046418 -0.000000 0.000005  
 22 16 17  0.000000 -0.137938 0.000000 -0.000002 0.000000 -0.081966 0.000000 -0.000002 0.000000 -0.000001 0.000000 -0.000002 0.000000 0.081963 -0.000000 -0.000002 0.000000 0.137935 -0.000000 -0.000002  
 23 17 18  0.000000 -0.046417 -0.000000 0.000005 0.000000 -0.027580 -0.000000 0.000005 0.000000 0.000004 0.000000 0.000005 0.000000 0.027588 0.000000 0.000005 0.000000 0.046425 0.000000 0.000005  
 24 18 15  0.000000 -0.137936 -0.000000 -0.000003 0.000000 -0.081964 -0.000000 -0.000003 0.000000 0.000001 0.000000 -0.000003 0.000000 0.081967 0.000000 -0.000003 0.000000 0.137939 0.000000 -0.000003  
 118 118 128  -24.040735 0.159290 -0.145583 0.000008 -24.041013 0.151180 -0.135385 0.000008 -24.041411 0.139305 -0.120451 0.000008 -24.041801 0.127429 -0.105518 0.000008 -24.042062 0.119319 -0.095321 0.000008  
 128 128 138  -24.040788 0.115181 -0.090116 0.000008 -24.041042 0.107071 -0.079919 0.000008 -24.041409 0.095196 -0.064985 0.000008 -24.041772 0.083320 -0.050052 0.000008 -24.042014 0.075209 -0.039854 0.000008  
 138 138 148  -24.040877 0.071070 -0.034646 0.000008 -24.041109 0.062962 -0.024452 0.000008 -24.041432 0.051087 -0.009522 0.000008 -24.041705 0.039210 0.005414 0.000008 -24.041870 0.031099 0.015617 0.000008  
 148 148 158  -24.041145 0.026966 0.020825 0.000008 -24.041294 0.018851 0.031014 0.000008 -24.041454 0.006974 0.045942 0.000008 -24.041531 -0.004898 0.060880 0.000008 -24.041527 -0.013008 0.071089 0.000008  
 158 158 168  -24.041715 -0.017151 0.076274 0.000008 -24.041633 -0.025256 0.086482 0.000008 -24.041453 -0.037131 0.101421 0.000008 -24.041184 -0.049009 0.116348 0.000008 -24.040975 -0.057120 0.126538 0.000008  
 168 168 178  -24.042001 -0.061256 0.131750 0.000008 -24.041769 -0.069367 0.141947 0.000008 -24.041412 -0.081242 0.156881 0.000008 -24.041046 -0.093118 0.171814 0.000008 -24.040792 -0.101227 0.182012 0.000008  
 178 178 188  -24.042054 -0.105366 0.187216 0.000008 -24.041795 -0.113476 0.197414 0.000008 -24.041409 -0.125352 0.212347 0.000008 -24.041019 -0.137227 0.227281 0.000008 -24.040748 -0.145337 0.237479 0.000008  
 188 188 198  -24.042093 -0.149475 0.242683 0.000008 -24.041818 -0.157585 0.252880 0.000008 -24.041410 -0.169461 0.267814 0.000008 -24.040995 -0.181337 0.282747 0.000008 -24.040709 -0.189446 0.292945 0.000008  
 198 198 13  -24.042128 -0.193584 0.298149 0.000008 -24.041838 -0.201694 0.308347 0.000008 -24.041409 -0.213570 0.323280 0.000008 -24.040975 -0.225446 0.338214 0.000008 -24.040676 -0.233555 0.348412 0.000008  
