 1 1 5  -54.541560 5.194463 9.028013 -0.173324 -45.290899 3.709104 6.696507 -0.173324 -34.885275 1.377746 2.923966 -0.173324 -35.014857 -2.075430 -2.518842 -0.173324 -41.364050 -3.619100 -5.236705 -0.173324  
 2 2 6  -42.990869 4.820807 8.403962 -0.173324 -32.822682 3.348191 5.998961 -0.173324 -18.608830 1.144272 2.427875 -0.173324 -19.523476 -1.706711 -2.446773 -0.173324 -29.072206 -3.147680 -4.935879 -0.173324  
 3 3 7  -47.391750 4.924875 8.701253 -0.173324 -37.356324 3.466680 6.293703 -0.173324 -24.337026 1.270212 2.621448 -0.173324 -25.036320 -1.811825 -2.649151 -0.173324 -33.720786 -3.248489 -5.212904 -0.173324  
 4 4 8  -58.683110 5.281479 9.276879 -0.173324 -49.724227 3.810765 6.926895 -0.173324 -40.779522 1.420542 2.956006 -0.173324 -40.834990 -2.065182 -2.564624 -0.173324 -46.039169 -3.693376 -5.433199 -0.173324  
 5 5 10  -29.190439 1.436070 4.493601 -0.150422 -24.192966 0.709403 2.773671 -0.150422 -23.484912 -0.817284 -0.916490 -0.150422 -28.115325 -1.899315 -3.940144 -0.150422 -33.952633 -2.545476 -5.595601 -0.150422  
 6 6 11  -24.028794 1.315607 4.453240 -0.150422 -17.577504 0.607230 2.720802 -0.150422 -14.379514 -0.814381 -0.793956 -0.150422 -21.819338 -1.735083 -3.670534 -0.150422 -28.488624 -2.388875 -5.407629 -0.150422  
 7 7 12  -25.343884 1.290973 4.546220 -0.150422 -19.039200 0.586362 2.805195 -0.150422 -16.357947 -0.843696 -0.796908 -0.150422 -23.208490 -1.770316 -3.754840 -0.150422 -29.785479 -2.410082 -5.497920 -0.150422  
 8 8 118  -30.112845 1.534276 5.003150 -0.150422 -29.352204 1.453658 4.797946 -0.150422 -28.271296 1.335543 4.494664 -0.150422 -27.216405 1.217240 4.189028 -0.150422 -26.514500 1.134070 3.979238 -0.150422  
 9 10 15  -12.073678 -0.605960 1.119632 0.012126 -11.883485 -0.585263 0.229339 0.012126 -12.026013 -0.479559 -1.114033 0.012126 -13.982970 -0.322376 -2.105748 0.012126 -15.883818 -0.258728 -2.693833 0.012126  
 10 11 16  -10.065454 -0.553305 1.176585 0.012126 -9.434719 -0.585137 0.309244 0.012126 -9.815273 -0.449036 -1.072116 0.012126 -12.371481 -0.306251 -2.051851 0.012126 -14.504425 -0.247371 -2.665896 0.012126  
 11 12 17  -10.196213 -0.537870 1.183560 0.012126 -9.610131 -0.568585 0.309125 0.012126 -9.962068 -0.442599 -1.077201 0.012126 -12.494049 -0.304711 -2.059528 0.012126 -14.621817 -0.248987 -2.673936 0.012126  
 12 13 18  -12.240873 -0.588994 1.124857 0.012126 -12.080847 -0.568742 0.229199 0.012126 -12.205300 -0.472297 -1.117436 0.012126 -14.130219 -0.320347 -2.113711 0.012126 -16.021843 -0.260727 -2.702605 0.012126  
 13 5 6  0.000000 10.051124 0.000000 -0.331248 0.000000 6.010517 0.000000 -0.331248 0.000000 0.093518 0.000000 -0.331248 0.000000 -5.823481 -0.000000 -0.331248 0.000000 -9.864088 -0.000000 -0.331248  
 14 6 7  0.000000 -4.896695 -0.000000 0.205144 0.000000 -2.904592 -0.000000 0.205144 0.000000 0.012612 0.000000 0.205144 0.000000 2.929816 0.000000 0.205144 0.000000 4.921920 0.000000 0.205144  
 15 7 8  0.000000 9.874079 -0.000000 -0.266204 0.000000 5.829418 -0.000000 -0.266204 0.000000 -0.093518 0.000000 -0.266204 0.000000 -6.016454 0.000000 -0.266204 0.000000 -10.061115 0.000000 -0.266204  
 16 8 5  0.000000 -4.931911 0.000000 0.031895 0.000000 -2.935753 0.000000 0.031895 0.000000 -0.012612 0.000000 0.031895 0.000000 2.910529 -0.000000 0.031895 0.000000 4.906686 -0.000000 0.031895  
 17 10 11  0.000000 6.842997 0.000000 -0.081955 0.000000 4.072595 0.000000 -0.081955 0.000000 0.015663 0.000000 -0.081955 0.000000 -4.041268 -0.000000 -0.081955 0.000000 -6.811670 -0.000000 -0.081955  
 18 11 12  0.000000 -1.964082 -0.000000 0.054031 0.000000 -1.168972 -0.000000 0.054031 0.000000 -0.004626 0.000000 0.054031 0.000000 1.159720 0.000000 0.054031 0.000000 1.954830 0.000000 0.054031  
 19 12 13  0.000000 6.830698 -0.000000 -0.021966 0.000000 4.052575 -0.000000 -0.021966 0.000000 -0.015663 0.000000 -0.021966 0.000000 -4.083901 0.000000 -0.021966 0.000000 -6.862024 0.000000 -0.021966  
 20 13 10  0.000000 -1.973857 0.000000 -0.143655 0.000000 -1.171026 0.000000 -0.143655 0.000000 0.004626 0.000000 -0.143655 0.000000 1.180279 -0.000000 -0.143655 0.000000 1.983110 -0.000000 -0.143655  
 21 15 16  0.000000 2.791142 0.000000 0.003829 0.000000 1.665536 0.000000 0.003829 0.000000 0.017216 0.000000 0.003829 0.000000 -1.631103 -0.000000 0.003829 0.000000 -2.756709 -0.000000 0.003829  
 22 16 17  0.000000 -0.204389 -0.000000 -0.004751 0.000000 -0.120749 -0.000000 -0.004751 0.000000 0.001732 0.000000 -0.004751 0.000000 0.124213 0.000000 -0.004751 0.000000 0.207854 0.000000 -0.004751  
 23 17 18  0.000000 2.775465 -0.000000 0.003861 0.000000 1.642248 -0.000000 0.003861 0.000000 -0.017216 0.000000 0.003861 0.000000 -1.676681 0.000000 0.003861 0.000000 -2.809898 0.000000 0.003861  
 24 18 15  0.000000 -0.226609 0.000000 -0.004919 0.000000 -0.135358 0.000000 -0.004919 0.000000 -0.001732 0.000000 -0.004919 0.000000 0.131894 -0.000000 -0.004919 0.000000 0.223145 -0.000000 -0.004919  
 118 118 128  -29.425991 1.092791 3.862417 -0.150422 -28.919666 1.012975 3.666682 -0.150422 -28.221067 0.896227 3.373510 -0.150422 -27.645946 0.775736 3.061178 -0.150422 -27.328018 0.693570 2.834407 -0.150422  
 128 128 138  -28.384604 0.643223 2.731291 -0.150422 -28.281575 0.576465 2.542080 -0.150422 -28.264491 0.458007 2.237589 -0.150422 -28.275483 0.334346 1.926969 -0.150422 -28.282417 0.249862 1.714813 -0.150422  
 138 138 148  -28.276089 0.213068 1.614476 -0.150422 -28.281121 0.132101 1.406694 -0.150422 -28.287949 0.013502 1.102400 -0.150422 -28.294145 -0.105137 0.798068 -0.150422 -28.297825 -0.186152 0.590214 -0.150422  
 148 148 158  -28.282272 -0.227401 0.484240 -0.150422 -28.285149 -0.308464 0.276396 -0.150422 -28.288478 -0.427143 -0.027963 -0.150422 -28.290219 -0.545691 -0.332212 -0.150422 -28.290166 -0.626635 -0.540045 -0.150422  
 158 158 168  -28.294791 -0.668040 -0.646119 -0.150422 -28.292470 -0.749022 -0.853898 -0.150422 -28.288097 -0.867645 -1.158207 -0.150422 -28.282830 -0.986273 -1.462553 -0.150422 -28.278698 -1.067246 -1.670347 -0.150422  
 168 168 178  -28.029752 -1.093573 -1.757194 -0.150422 -28.060655 -1.192227 -1.986973 -0.150422 -28.222689 -1.317000 -2.300440 -0.150422 -28.493187 -1.427378 -2.593910 -0.150422 -28.744139 -1.495299 -2.783483 -0.150422  
 178 178 188  -27.046152 -1.548160 -2.898472 -0.150422 -27.507668 -1.630441 -3.115680 -0.150422 -28.252177 -1.749241 -3.423745 -0.150422 -29.051515 -1.867344 -3.724168 -0.150422 -29.646144 -1.947781 -3.922900 -0.150422  
 188 188 198  -26.409346 -1.991463 -4.035018 -0.150422 -27.159783 -2.069823 -4.245737 -0.150422 -28.285902 -2.189032 -4.549577 -0.150422 -29.410959 -2.308131 -4.853276 -0.150422 -30.178621 -2.389399 -5.060585 -0.150422  
 198 198 13  -26.240470 -2.430195 -5.167168 -0.150422 -27.071755 -2.511293 -5.375118 -0.150422 -28.288174 -2.629963 -5.679509 -0.150422 -29.503532 -2.748525 -5.983749 -0.150422 -30.332861 -2.829424 -6.191424 -0.150422  
