 1 1 5  -54.377197 3.074836 9.351027 -0.119132 -45.898236 2.204591 6.994367 -0.119132 -37.302176 0.832532 3.025879 -0.119132 -37.312455 -1.232660 -2.527220 -0.119132 -41.670343 -2.146773 -5.501786 -0.119132  
 2 2 6  -42.988020 2.859019 8.680686 -0.119132 -33.527589 1.998285 6.256565 -0.119132 -20.747277 0.700273 2.621670 -0.119132 -21.031197 -1.035509 -2.612481 -0.119132 -29.499461 -1.873582 -5.135054 -0.119132  
 3 3 7  -45.158399 2.892210 8.837703 -0.119132 -35.780559 2.030892 6.411330 -0.119132 -23.540211 0.736875 2.721129 -0.119132 -23.817058 -1.073533 -2.707537 -0.119132 -31.806871 -1.902380 -5.284808 -0.119132  
 4 4 8  -56.418760 3.099891 9.483242 -0.119132 -48.090057 2.231300 7.114868 -0.119132 -40.229826 0.834363 3.025663 -0.119132 -40.237903 -1.221256 -2.526912 -0.119132 -43.995266 -2.175510 -5.602867 -0.119132  
 5 5 10  -29.699189 0.836054 4.613243 -0.174173 -24.882367 0.377693 2.838932 -0.174173 -24.383390 -0.574575 -0.960751 -0.174173 -28.447894 -1.227060 -4.109043 -0.174173 -34.146540 -1.623162 -5.793238 -0.174173  
 6 6 11  -24.523483 0.767579 4.567822 -0.174173 -18.179614 0.322921 2.789033 -0.174173 -15.221794 -0.574610 -0.842628 -0.174173 -22.126310 -1.122270 -3.822452 -0.174173 -28.716308 -1.525218 -5.590819 -0.174173  
 7 7 12  -24.895890 0.765586 4.594600 -0.174173 -18.596069 0.317798 2.812907 -0.174173 -15.774147 -0.582873 -0.842826 -0.174173 -22.514473 -1.133941 -3.847538 -0.174173 -29.083539 -1.536056 -5.617323 -0.174173  
 8 8 118  -29.559253 0.900215 5.066681 -0.174173 -28.813653 0.850270 4.855647 -0.174173 -27.729564 0.776933 4.545958 -0.174173 -26.654735 0.703061 4.235488 -0.174173 -25.934573 0.652973 4.022123 -0.174173  
 9 10 15  -12.337407 -0.810380 1.006436 0.013359 -12.095569 -0.635724 0.151590 0.013359 -12.163730 -0.300687 -1.159632 0.013359 -14.080141 0.009828 -2.113085 0.013359 -15.948606 0.174294 -2.681889 0.013359  
 10 11 16  -10.352871 -0.751145 1.081215 0.013359 -9.685480 -0.635678 0.241026 0.013359 -9.952468 -0.278876 -1.116659 0.013359 -12.474000 0.009823 -2.058059 0.013359 -14.589511 0.163196 -2.654863 0.013359  
 11 12 17  -10.169131 -0.735954 1.078194 0.013359 -9.483941 -0.625391 0.241064 0.013359 -9.772038 -0.271323 -1.112556 0.013359 -12.325952 0.011294 -2.049192 0.013359 -14.453763 0.161965 -2.645117 0.013359  
 12 13 18  -12.169678 -0.796073 1.005240 0.013359 -11.921263 -0.625426 0.151626 0.013359 -11.995663 -0.293632 -1.158328 0.013359 -13.952050 0.011285 -2.105413 0.013359 -15.825109 0.172703 -2.673891 0.013359  
 13 5 6  0.000000 10.286210 0.000000 -0.187428 0.000000 6.150945 0.000000 -0.187428 0.000000 0.095330 0.000000 -0.187428 0.000000 -5.960285 -0.000000 -0.187428 0.000000 -10.095550 -0.000000 -0.187428  
 14 6 7  0.000000 -2.891065 -0.000000 0.091146 0.000000 -1.716912 -0.000000 0.091146 0.000000 0.002499 0.000000 0.091146 0.000000 1.721909 0.000000 0.091146 0.000000 2.896062 0.000000 0.091146  
 15 7 8  0.000000 10.100457 -0.000000 -0.157301 0.000000 5.963201 -0.000000 -0.157301 0.000000 -0.095330 0.000000 -0.157301 0.000000 -6.153860 0.000000 -0.157301 0.000000 -10.291116 0.000000 -0.157301  
 16 8 5  0.000000 -2.900969 0.000000 -0.057593 0.000000 -1.724825 0.000000 -0.057593 0.000000 -0.002499 0.000000 -0.057593 0.000000 1.719827 -0.000000 -0.057593 0.000000 2.895971 -0.000000 -0.057593  
 17 10 11  0.000000 6.920325 -0.000000 -0.040970 0.000000 4.119642 -0.000000 -0.040970 0.000000 0.018368 0.000000 -0.040970 0.000000 -4.082906 0.000000 -0.040970 0.000000 -6.883589 0.000000 -0.040970  
 18 11 12  0.000000 -0.851889 0.000000 0.009383 0.000000 -0.507371 0.000000 0.009383 0.000000 -0.002864 0.000000 0.009383 0.000000 0.501643 -0.000000 0.009383 0.000000 0.846161 -0.000000 0.009383  
 19 12 13  0.000000 6.896461 0.000000 -0.006659 0.000000 4.090555 0.000000 -0.006659 0.000000 -0.018368 0.000000 -0.006659 0.000000 -4.127291 -0.000000 -0.006659 0.000000 -6.933197 -0.000000 -0.006659  
 20 13 10  0.000000 -0.859033 -0.000000 -0.185087 0.000000 -0.509292 -0.000000 -0.185087 0.000000 0.002864 0.000000 -0.185087 0.000000 0.515020 0.000000 -0.185087 0.000000 0.864762 0.000000 -0.185087  
 21 15 16  0.000000 2.765034 0.000000 0.012295 0.000000 1.649430 0.000000 0.012295 0.000000 0.015758 0.000000 0.012295 0.000000 -1.617913 -0.000000 0.012295 0.000000 -2.733517 -0.000000 0.012295  
 22 16 17  0.000000 0.233487 -0.000000 -0.012728 0.000000 0.139178 -0.000000 -0.012728 0.000000 0.001073 0.000000 -0.012728 0.000000 -0.137032 0.000000 -0.012728 0.000000 -0.231341 0.000000 -0.012728  
 23 17 18  0.000000 2.746055 -0.000000 0.012230 0.000000 1.625364 -0.000000 0.012230 0.000000 -0.015758 0.000000 0.012230 0.000000 -1.656881 0.000000 0.012230 0.000000 -2.777572 0.000000 0.012230  
 24 18 15  0.000000 0.218802 0.000000 -0.011385 0.000000 0.129581 0.000000 -0.011385 0.000000 -0.001073 0.000000 -0.011385 0.000000 -0.131727 -0.000000 -0.011385 0.000000 -0.220949 -0.000000 -0.011385  
 118 118 128  -28.907832 0.626314 3.901901 -0.174173 -28.374013 0.578528 3.703756 -0.174173 -27.678131 0.502222 3.402501 -0.174173 -27.072731 0.431640 3.086235 -0.174173 -26.753216 0.378688 2.854176 -0.174173  
 128 128 138  -27.784675 0.348451 2.754802 -0.174173 -27.723071 0.306950 2.554996 -0.174173 -27.727810 0.231857 2.242559 -0.174173 -27.733515 0.156519 1.929827 -0.174173 -27.737205 0.105076 1.716258 -0.174173  
 138 138 148  -27.728825 0.081226 1.610574 -0.174173 -27.732041 0.031049 1.398777 -0.174173 -27.736224 -0.042462 1.088567 -0.174173 -27.739823 -0.115999 0.778298 -0.174173 -27.741987 -0.166208 0.566400 -0.174173  
 148 148 158  -27.734323 -0.191792 0.458482 -0.174173 -27.736045 -0.242059 0.246462 -0.174173 -27.737122 -0.315517 -0.063860 -0.174173 -27.735829 -0.389049 -0.373971 -0.174173 -27.734314 -0.439297 -0.585747 -0.174173  
 158 158 168  -27.741582 -0.464907 -0.693987 -0.174173 -27.739644 -0.515084 -0.905803 -0.174173 -27.736250 -0.588595 -1.216023 -0.174173 -27.732207 -0.662128 -1.526285 -0.174173 -27.729196 -0.712346 -1.738157 -0.174173  
 168 168 178  -27.594317 -0.724554 -1.827892 -0.174173 -27.590826 -0.789949 -2.059479 -0.174173 -27.670943 -0.870259 -2.381185 -0.174173 -27.864597 -0.935682 -2.680279 -0.174173 -28.066456 -0.973568 -2.871679 -0.174173  
 178 178 188  -26.547332 -1.012879 -2.986991 -0.174173 -26.975466 -1.060191 -3.212492 -0.174173 -27.689390 -1.134456 -3.527350 -0.174173 -28.482382 -1.208599 -3.831049 -0.174173 -29.064249 -1.258681 -4.033471 -0.174173  
 188 188 198  -25.875315 -1.285179 -4.149333 -0.174173 -26.617634 -1.334035 -4.363139 -0.174173 -27.731296 -1.407305 -4.673473 -0.174173 -28.847788 -1.481117 -4.983325 -0.174173 -29.620344 -1.532574 -5.193858 -0.174173  
 198 198 13  -25.711363 -1.557136 -5.303035 -0.174173 -26.533185 -1.607355 -5.514973 -0.174173 -27.736188 -1.680882 -5.825255 -0.174173 -28.938651 -1.754399 -6.135445 -0.174173 -29.759593 -1.804577 -6.347217 -0.174173  
