 1 1 5  -36.034392 4.718118 -4.017260 -0.266903 -32.557758 3.692236 -2.736947 -0.266903 -30.545473 1.595474 -0.386910 -0.266903 -30.516392 -1.142418 2.441798 -0.266903 -32.755553 -2.518783 3.817641 -0.266903  
 2 2 6  -35.094562 4.739381 -3.888343 -0.266903 -31.395150 3.707168 -2.611682 -0.266903 -28.885337 1.600700 -0.348929 -0.266903 -28.930677 -1.148087 2.428265 -0.266903 -31.517287 -2.530795 3.746093 -0.266903  
 3 3 7  -42.631595 4.964923 -4.243241 -0.266903 -40.055841 3.898149 -2.896347 -0.266903 -39.510092 1.610178 -0.357568 -0.266903 -39.394372 -1.067122 2.475872 -0.266903 -40.166297 -2.580600 4.091786 -0.266903  
 4 4 8  -43.727521 4.920376 -4.384280 -0.266903 -41.304169 3.859040 -3.021922 -0.266903 -41.074173 1.599639 -0.394722 -0.266903 -40.944699 -1.047602 2.476089 -0.266903 -41.501411 -2.558167 4.152288 -0.266903  
 5 5 10  -24.698265 2.733927 2.541048 0.061163 -22.682677 1.760472 2.076359 0.061163 -21.828475 -0.122613 0.968791 0.061163 -21.380671 -2.167181 -0.319008 0.061163 -22.999181 -3.075506 -0.945338 0.061163  
 6 6 11  -22.700944 2.664754 2.456654 0.061163 -20.405613 1.710627 2.009547 0.061163 -19.099719 -0.123605 0.953044 0.061163 -19.051712 -2.121362 -0.330521 0.061163 -21.057921 -2.989566 -0.938727 0.061163  
 7 7 12  -27.333385 2.699416 2.634446 0.061163 -25.733575 1.730197 2.147113 0.061163 -25.367521 -0.135943 0.953929 0.061163 -24.807007 -2.121336 -0.367265 0.061163 -25.659654 -3.102493 -1.006031 0.061163  
 8 8 118  -28.795536 3.154478 3.038231 0.061163 -28.432170 3.034258 2.961437 0.061163 -27.933766 2.854221 2.846287 0.061163 -27.461879 2.669934 2.729158 0.061163 -27.136932 2.543911 2.648366 0.061163  
 9 10 15  -12.110074 1.741534 0.877542 0.009214 -10.233341 0.973001 0.552069 0.009214 -10.051596 -0.647349 -0.228403 0.009214 -12.416304 -1.858981 -0.789095 0.009214 -14.831321 -2.536236 -1.120799 0.009214  
 10 11 16  -11.363320 1.699779 0.875464 0.009214 -9.310261 0.950084 0.550391 0.009214 -8.984381 -0.647596 -0.227947 0.009214 -11.658840 -1.814875 -0.785872 0.009214 -14.136816 -2.489214 -1.120890 0.009214  
 11 12 17  -12.943277 1.706421 0.929852 0.009214 -11.427362 0.929229 0.590339 0.009214 -11.387737 -0.643932 -0.227727 0.009214 -13.282147 -1.858786 -0.826078 0.009214 -15.527090 -2.511593 -1.162386 0.009214  
 12 13 18  -13.716393 1.742928 0.930106 0.009214 -12.388756 0.940900 0.584717 0.009214 -12.422819 -0.643735 -0.228494 0.009214 -14.057545 -1.896370 -0.830697 0.009214 -16.221364 -2.555132 -1.164056 0.009214  
 13 5 6  0.000000 -1.328709 0.000000 -0.036004 0.000000 -0.792421 0.000000 -0.036004 0.000000 -0.007089 0.000000 -0.036004 0.000000 0.778244 -0.000000 -0.036004 0.000000 1.314532 -0.000000 -0.036004  
 14 6 7  0.000000 -5.485293 0.000000 -0.055158 0.000000 -3.250841 0.000000 -0.055158 0.000000 0.021256 0.000000 -0.055158 0.000000 3.293352 -0.000000 -0.055158 0.000000 5.527805 -0.000000 -0.055158  
 15 7 8  0.000000 -1.314254 -0.000000 0.011091 0.000000 -0.778078 -0.000000 0.011091 0.000000 0.007089 0.000000 0.011091 0.000000 0.792256 0.000000 0.011091 0.000000 1.328431 0.000000 0.011091  
 16 8 5  0.000000 -5.528082 -0.000000 -0.078581 0.000000 -3.293517 -0.000000 -0.078581 0.000000 -0.021256 0.000000 -0.078581 0.000000 3.251006 0.000000 -0.078581 0.000000 5.485571 0.000000 -0.078581  
 17 10 11  0.000000 2.033055 0.000000 -0.065659 0.000000 1.209122 0.000000 -0.065659 0.000000 0.002567 0.000000 -0.065659 0.000000 -1.203988 -0.000000 -0.065659 0.000000 -2.027922 -0.000000 -0.065659  
 18 11 12  0.000000 -4.958473 0.000000 0.083505 0.000000 -2.940934 0.000000 0.083505 0.000000 0.013516 0.000000 0.083505 0.000000 2.967967 -0.000000 0.083505 0.000000 4.985505 -0.000000 0.083505  
 19 12 13  0.000000 2.032665 -0.000000 -0.027577 0.000000 1.206807 -0.000000 -0.027577 0.000000 -0.002567 0.000000 -0.027577 0.000000 -1.211941 0.000000 -0.027577 0.000000 -2.037799 0.000000 -0.027577  
 20 13 10  0.000000 -4.990249 -0.000000 0.068099 0.000000 -2.970785 -0.000000 0.068099 0.000000 -0.013516 0.000000 0.068099 0.000000 2.943753 0.000000 0.068099 0.000000 4.963216 0.000000 0.068099  
 21 15 16  0.000000 1.214454 -0.000000 -0.027237 0.000000 0.722245 -0.000000 -0.027237 0.000000 0.001461 0.000000 -0.027237 0.000000 -0.719322 0.000000 -0.027237 0.000000 -1.211531 0.000000 -0.027237  
 22 16 17  0.000000 -2.653571 0.000000 0.027344 0.000000 -1.570631 0.000000 0.027344 0.000000 0.015209 0.000000 0.027344 0.000000 1.601048 -0.000000 0.027344 0.000000 2.683988 -0.000000 0.027344  
 23 17 18  0.000000 1.216652 0.000000 -0.023074 0.000000 0.722365 0.000000 -0.023074 0.000000 -0.001461 0.000000 -0.023074 0.000000 -0.725288 -0.000000 -0.023074 0.000000 -1.219575 -0.000000 -0.023074  
 24 18 15  0.000000 -2.689109 -0.000000 0.027489 0.000000 -1.604091 -0.000000 0.027489 0.000000 -0.015209 0.000000 0.027489 0.000000 1.573674 0.000000 0.027489 0.000000 2.658692 0.000000 0.027489  
 118 118 128  -28.486985 2.478558 2.606155 0.061163 -28.257747 2.358292 2.530243 0.061163 -27.925830 2.181292 2.416942 0.061163 -27.636244 1.995406 2.299750 0.061163 -27.464655 1.866265 2.214145 0.061163  
 128 128 138  -28.106791 1.800530 2.170984 0.061163 -28.018786 1.684101 2.099675 0.061163 -27.918255 1.507638 1.989919 0.061163 -27.872652 1.321173 1.868625 0.061163 -27.868195 1.188287 1.779644 0.061163  
 138 138 148  -27.867933 1.133107 1.748110 0.061163 -27.905256 1.008865 1.668996 0.061163 -27.953095 0.827070 1.552978 0.061163 -27.991903 0.645422 1.436989 0.061163 -28.011840 0.521483 1.357919 0.061163  
 148 148 158  -27.932670 0.458251 1.317597 0.061163 -27.942311 0.333930 1.238296 0.061163 -27.952634 0.151996 1.122103 0.061163 -27.953523 -0.029467 1.006300 0.061163 -27.950886 -0.153429 0.927392 0.061163  
 158 158 168  -27.977947 -0.217174 0.886359 0.061163 -27.970520 -0.341087 0.807592 0.061163 -27.953270 -0.522470 0.691847 0.061163 -27.925957 -0.704425 0.575590 0.061163 -27.902785 -0.828924 0.496161 0.061163  
 168 168 178  -28.049286 -0.891840 0.456402 0.061163 -28.013499 -1.015981 0.376810 0.061163 -27.953233 -1.197721 0.260623 0.061163 -27.883473 -1.379422 0.144893 0.061163 -27.830534 -1.503467 0.066101 0.061163  
 178 178 188  -28.104006 -1.566773 0.025709 0.061163 -28.046151 -1.690933 -0.053894 0.061163 -27.953376 -1.872688 -0.170085 0.061163 -27.850900 -2.054370 -0.285826 0.061163 -27.775311 -2.178405 -0.364573 0.061163  
 188 188 198  -27.970209 -2.227860 -0.395303 0.061163 -27.912209 -2.368507 -0.487128 0.061163 -27.913757 -2.555353 -0.605290 0.061163 -27.966154 -2.730250 -0.717054 0.061163 -28.041991 -2.841526 -0.787994 0.061163  
 198 198 13  -27.412183 -2.908779 -0.833794 0.061163 -27.595620 -3.042221 -0.916059 0.061163 -27.923727 -3.227293 -1.031796 0.061163 -28.289548 -3.404325 -1.148020 0.061163 -28.562331 -3.522011 -1.224042 0.061163  
