 1 1 5  -38.537335 -2.312429 1.968735 -0.001400 -38.522521 -1.625960 1.371540 -0.001400 -38.545690 -0.610710 0.487152 -0.001400 -38.547598 0.403750 -0.396773 -0.001400 -38.533699 1.097035 -1.000666 -0.001400  
 2 2 6  -36.515385 -2.304770 1.961455 -0.001400 -36.458941 -1.626505 1.372232 -0.001400 -36.482247 -0.611129 0.487436 -0.001400 -36.485092 0.404174 -0.397515 -0.001400 -36.470292 1.097578 -1.001781 -0.001400  
 3 3 7  -33.596305 -2.284860 1.941387 -0.001400 -33.428502 -1.627479 1.372791 -0.001400 -33.450922 -0.611507 0.487860 -0.001400 -33.452726 0.405407 -0.397860 -0.001400 -33.439580 1.099319 -1.002304 -0.001400  
 4 4 8  -35.581115 -2.299802 1.955887 -0.001400 -35.495843 -1.626996 1.372048 -0.001400 -35.518878 -0.611141 0.487491 -0.001400 -35.521926 0.405112 -0.397036 -0.001400 -35.507177 1.098875 -1.001099 -0.001400  
 5 5 10  -25.154335 -0.945714 0.627318 -0.000023 -25.160999 -0.487772 0.284808 -0.000023 -25.166045 0.182590 -0.216612 -0.000023 -25.158287 0.853048 -0.717998 -0.000023 -25.150996 1.310917 -1.060425 -0.000023  
 6 6 11  -24.320600 -0.945982 0.628187 -0.000023 -24.327312 -0.488007 0.285536 -0.000023 -24.333524 0.182650 -0.216314 -0.000023 -24.324745 0.853191 -0.718024 -0.000023 -24.317361 1.311074 -1.060585 -0.000023  
 7 7 12  -22.834478 -0.947183 0.628441 -0.000023 -22.841099 -0.488984 0.285769 -0.000023 -22.846445 0.182324 -0.216329 -0.000023 -22.839013 0.853305 -0.718181 -0.000023 -22.831698 1.311409 -1.060763 -0.000023  
 8 8 118  -23.671699 -1.052094 0.706154 -0.000023 -23.672432 -1.006278 0.671904 -0.000023 -23.673488 -0.939186 0.621749 -0.000023 -23.674523 -0.872093 0.571593 -0.000023 -23.675219 -0.826276 0.537342 -0.000023  
 9 10 15  -12.298194 -0.137754 -0.139372 0.000005 -12.301893 0.016173 -0.161803 0.000005 -12.303465 0.241497 -0.194580 0.000005 -12.299247 0.466927 -0.227416 0.000005 -12.294923 0.620861 -0.249848 0.000005  
 10 11 16  -12.130456 -0.137817 -0.139584 0.000005 -12.134167 0.016125 -0.161946 0.000005 -12.135763 0.241513 -0.194685 0.000005 -12.131509 0.466989 -0.227468 0.000005 -12.127178 0.620936 -0.249830 0.000005  
 11 12 17  -11.697316 -0.137483 -0.139512 0.000005 -11.701015 0.016366 -0.161888 0.000005 -11.702636 0.241694 -0.194704 0.000005 -11.698349 0.467048 -0.227527 0.000005 -11.694035 0.620901 -0.249905 0.000005  
 12 13 18  -11.865008 -0.137422 -0.139301 0.000005 -11.868727 0.016413 -0.161747 0.000005 -11.870323 0.241677 -0.194594 0.000005 -11.866039 0.466988 -0.227475 0.000005 -11.861714 0.620828 -0.249922 0.000005  
 13 5 6  0.000000 1.691858 0.000000 0.000377 0.000000 1.005380 0.000000 0.000377 0.000000 0.000112 0.000000 0.000377 0.000000 -1.005155 -0.000000 0.000377 0.000000 -1.691634 -0.000000 0.000377  
 14 6 7  0.000000 2.115539 0.000000 -0.001663 0.000000 1.257167 0.000000 -0.001663 0.000000 0.000182 0.000000 -0.001663 0.000000 -1.256803 -0.000000 -0.001663 0.000000 -2.115174 -0.000000 -0.001663  
 15 7 8  0.000000 1.691598 -0.000000 0.001173 0.000000 1.005134 -0.000000 0.001173 0.000000 -0.000112 0.000000 0.001173 0.000000 -1.005359 0.000000 0.001173 0.000000 -1.691823 0.000000 0.001173  
 16 8 5  0.000000 2.115210 -0.000000 -0.000984 0.000000 1.256824 -0.000000 -0.000984 0.000000 -0.000182 0.000000 -0.000984 0.000000 -1.257188 0.000000 -0.000984 0.000000 -2.115574 0.000000 -0.000984  
 17 10 11  0.000000 0.919130 -0.000000 -0.000184 0.000000 0.546142 -0.000000 -0.000184 0.000000 -0.000056 0.000000 -0.000184 0.000000 -0.546254 0.000000 -0.000184 0.000000 -0.919242 0.000000 -0.000184  
 18 11 12  0.000000 1.454317 -0.000000 0.000190 0.000000 0.864151 -0.000000 0.000190 0.000000 -0.000078 0.000000 0.000190 0.000000 -0.864307 0.000000 0.000190 0.000000 -1.454473 0.000000 0.000190  
 19 12 13  0.000000 0.919218 0.000000 -0.000195 0.000000 0.546240 0.000000 -0.000195 0.000000 0.000056 0.000000 -0.000195 0.000000 -0.546128 -0.000000 -0.000195 0.000000 -0.919107 -0.000000 -0.000195  
 20 13 10  0.000000 1.454496 0.000000 0.000156 0.000000 0.864321 0.000000 0.000156 0.000000 0.000078 0.000000 0.000156 0.000000 -0.864165 -0.000000 0.000156 0.000000 -1.454341 -0.000000 0.000156  
 21 15 16  0.000000 0.231625 0.000000 -0.000060 0.000000 0.137638 0.000000 -0.000060 0.000000 0.000004 0.000000 -0.000060 0.000000 -0.137629 -0.000000 -0.000060 0.000000 -0.231617 -0.000000 -0.000060  
 22 16 17  0.000000 0.598206 0.000000 0.000062 0.000000 0.355471 0.000000 0.000062 0.000000 0.000015 0.000000 0.000062 0.000000 -0.355442 -0.000000 0.000062 0.000000 -0.598176 -0.000000 0.000062  
 23 17 18  0.000000 0.231594 -0.000000 -0.000059 0.000000 0.137616 -0.000000 -0.000059 0.000000 -0.000004 0.000000 -0.000059 0.000000 -0.137624 0.000000 -0.000059 0.000000 -0.231603 0.000000 -0.000059  
 24 18 15  0.000000 0.598199 -0.000000 0.000060 0.000000 0.355455 -0.000000 0.000060 0.000000 -0.000015 0.000000 0.000060 0.000000 -0.355485 0.000000 0.000060 0.000000 -0.598228 0.000000 0.000060  
 118 118 128  -23.671821 -0.802896 0.519865 -0.000023 -23.672503 -0.757080 0.485615 -0.000023 -23.673487 -0.689988 0.435459 -0.000023 -23.674451 -0.622895 0.385304 -0.000023 -23.675098 -0.577078 0.351053 -0.000023  
 128 128 138  -23.671947 -0.553698 0.333575 -0.000023 -23.672581 -0.507882 0.299326 -0.000023 -23.673490 -0.440790 0.249171 -0.000023 -23.674376 -0.373697 0.199015 -0.000023 -23.674961 -0.327879 0.164763 -0.000023  
 138 138 148  -23.672139 -0.304498 0.147288 -0.000023 -23.672699 -0.258684 0.113037 -0.000023 -23.673493 -0.191592 0.062880 -0.000023 -23.674258 -0.124499 0.012725 -0.000023 -23.674762 -0.078680 -0.021523 -0.000023  
 148 148 158  -23.672520 -0.055294 -0.038999 -0.000023 -23.672999 -0.009486 -0.073254 -0.000023 -23.673643 0.057599 -0.123410 -0.000023 -23.674076 0.124703 -0.173562 -0.000023 -23.673782 0.170520 -0.207814 -0.000023  
 158 158 168  -23.674807 0.193894 -0.225292 -0.000023 -23.674288 0.239713 -0.259542 -0.000023 -23.673492 0.306806 -0.309697 -0.000023 -23.672670 0.373898 -0.359853 -0.000023 -23.672095 0.419713 -0.394103 -0.000023  
 168 168 178  -23.674967 0.443094 -0.411580 -0.000023 -23.674376 0.488910 -0.445831 -0.000023 -23.673489 0.556003 -0.495987 -0.000023 -23.672580 0.623096 -0.546142 -0.000023 -23.671946 0.668912 -0.580391 -0.000023  
 178 178 188  -23.675106 0.692291 -0.597870 -0.000023 -23.674458 0.738109 -0.632120 -0.000023 -23.673489 0.805202 -0.682276 -0.000023 -23.672497 0.872294 -0.732431 -0.000023 -23.671808 0.918110 -0.766681 -0.000023  
 188 188 198  -23.675247 0.941490 -0.784159 -0.000023 -23.674541 0.987307 -0.818409 -0.000023 -23.673489 1.054400 -0.868565 -0.000023 -23.672413 1.121492 -0.918720 -0.000023 -23.671667 1.167308 -0.952970 -0.000023  
 198 198 13  -23.674845 1.190527 -0.970296 -0.000023 -23.674083 1.236454 -1.004650 -0.000023 -23.672951 1.303708 -1.054958 -0.000023 -23.671797 1.370962 -1.105264 -0.000023 -23.675533 1.415958 -1.138744 -0.000023  
