 1 1 5  -36.654936 6.912953 1.110501 0.513733 -30.397257 5.069121 0.483222 0.513733 -23.965316 1.740876 -0.930311 0.513733 -26.270252 -2.667332 -2.289690 0.513733 -31.967960 -4.830367 -2.764042 0.513733  
 2 2 6  -44.193594 7.464652 1.374315 0.513733 -38.183942 5.559839 0.642044 0.513733 -33.977123 1.757572 -0.976194 0.513733 -35.138313 -2.876115 -2.645940 0.513733 -39.979972 -5.214600 -3.206346 0.513733  
 3 3 7  -48.940835 7.690657 1.354013 0.513733 -43.729836 5.786749 0.633765 0.513733 -41.515932 1.770922 -0.987363 0.513733 -41.920098 -2.882640 -2.752188 0.513733 -45.474130 -5.314908 -3.341640 0.513733  
 4 4 8  -41.463522 7.186204 1.107938 0.513733 -35.831016 5.356913 0.472841 0.513733 -31.801302 1.759386 -0.947873 0.513733 -32.848620 -2.745518 -2.448498 0.513733 -37.351558 -5.000450 -2.909270 0.513733  
 5 5 10  -29.134033 0.869805 -6.163835 0.200848 -21.623599 0.223527 -4.158530 0.200848 -13.000893 -1.045343 -0.818918 0.200848 -18.751287 -1.791911 3.011258 0.200848 -26.020344 -2.334617 5.047914 0.200848  
 6 6 11  -33.940437 0.924016 -6.356987 0.200848 -27.152661 0.250927 -4.432847 0.200848 -21.497997 -1.089453 -0.881554 0.200848 -24.713343 -2.011587 3.150315 0.200848 -30.943352 -2.498072 5.170526 0.200848  
 7 7 12  -35.513539 0.837403 -6.475412 0.200848 -28.888879 0.172140 -4.540661 0.200848 -23.827314 -1.130844 -0.881341 0.200848 -26.526916 -2.034032 3.238954 0.200848 -32.533804 -2.489295 5.283626 0.200848  
 8 8 118  -23.930805 0.801091 -6.623163 0.200848 -23.064703 0.737613 -6.398643 0.200848 -21.793678 0.644835 -6.069434 0.200848 -20.519397 0.552256 -5.739703 0.200848 -19.647420 0.489152 -5.514252 0.200848  
 9 10 15  -9.998850 -0.320491 -1.096845 -0.011128 -9.879696 -0.416331 -0.285337 -0.011128 -10.120883 -0.461407 0.965723 -0.011128 -12.032671 -0.436305 1.861697 -0.011128 -13.693619 -0.464362 2.387688 -0.011128  
 10 11 16  -11.808614 -0.361107 -0.857170 -0.011128 -12.019482 -0.414697 -0.067426 -0.011128 -12.162349 -0.476367 1.071530 -0.011128 -13.554914 -0.459581 1.922932 -0.011128 -14.928668 -0.482503 2.405381 -0.011128  
 11 12 17  -12.148380 -0.348611 -0.862173 -0.011128 -12.373442 -0.404018 -0.069169 -0.011128 -12.499292 -0.471627 1.075848 -0.011128 -13.839643 -0.457476 1.939632 -0.011128 -15.196633 -0.484181 2.423765 -0.011128  
 12 13 18  -10.326947 -0.311358 -1.108024 -0.011128 -10.253047 -0.405660 -0.287140 -0.011128 -10.460673 -0.458320 0.972488 -0.011128 -12.318415 -0.434488 1.880445 -0.011128 -13.969603 -0.465362 2.407765 -0.011128  
 13 5 6  0.000000 -3.215744 -0.000000 0.284014 0.000000 -1.894282 -0.000000 0.284014 0.000000 0.040846 0.000000 0.284014 0.000000 1.975974 0.000000 0.284014 0.000000 3.297436 0.000000 0.284014  
 14 6 7  0.000000 -6.079024 -0.000000 -0.012941 0.000000 -3.602641 -0.000000 -0.012941 0.000000 0.023734 0.000000 -0.012941 0.000000 3.650109 0.000000 -0.012941 0.000000 6.126492 0.000000 -0.012941  
 15 7 8  0.000000 -3.302748 0.000000 0.262726 0.000000 -1.979130 0.000000 0.262726 0.000000 -0.040846 0.000000 0.262726 0.000000 1.897438 -0.000000 0.262726 0.000000 3.221056 -0.000000 0.262726  
 16 8 5  0.000000 -6.121181 0.000000 0.256679 0.000000 -3.646953 0.000000 0.256679 0.000000 -0.023734 0.000000 0.256679 0.000000 3.599484 -0.000000 0.256679 0.000000 6.073712 -0.000000 0.256679  
 17 10 11  0.000000 -6.161026 0.000000 0.113697 0.000000 -3.639065 0.000000 0.113697 0.000000 0.054053 0.000000 0.113697 0.000000 3.747171 -0.000000 0.113697 0.000000 6.269132 -0.000000 0.113697  
 18 11 12  0.000000 -2.168401 0.000000 -0.078949 0.000000 -1.289953 0.000000 -0.078949 0.000000 -0.003567 0.000000 -0.078949 0.000000 1.282818 -0.000000 -0.078949 0.000000 2.161267 -0.000000 -0.078949  
 19 12 13  0.000000 -6.265255 -0.000000 0.127120 0.000000 -3.744867 -0.000000 0.127120 0.000000 -0.054053 0.000000 0.127120 0.000000 3.636761 0.000000 0.127120 0.000000 6.157149 0.000000 0.127120  
 20 13 10  0.000000 -2.165144 -0.000000 0.085649 0.000000 -1.285122 -0.000000 0.085649 0.000000 0.003567 0.000000 0.085649 0.000000 1.292257 0.000000 0.085649 0.000000 2.172279 0.000000 0.085649  
 21 15 16  0.000000 -2.511874 -0.000000 0.011398 0.000000 -1.493955 -0.000000 0.011398 0.000000 -0.003332 0.000000 0.011398 0.000000 1.487291 0.000000 0.011398 0.000000 2.505209 0.000000 0.011398  
 22 16 17  0.000000 -0.443673 -0.000000 -0.012532 0.000000 -0.263229 -0.000000 -0.012532 0.000000 0.001012 0.000000 -0.012532 0.000000 0.265252 0.000000 -0.012532 0.000000 0.445697 0.000000 -0.012532  
 23 17 18  0.000000 -2.501576 0.000000 0.011565 0.000000 -1.485132 0.000000 0.011565 0.000000 0.003332 0.000000 0.011565 0.000000 1.491797 -0.000000 0.011565 0.000000 2.508241 -0.000000 0.011565  
 24 18 15  0.000000 -0.449330 0.000000 -0.014527 0.000000 -0.267411 0.000000 -0.014527 0.000000 -0.001012 0.000000 -0.014527 0.000000 0.265387 -0.000000 -0.014527 0.000000 0.447306 -0.000000 -0.014527  
 118 118 128  -23.930885 0.456844 -5.399415 0.200848 -23.064280 0.393388 -5.174910 0.200848 -21.792327 0.300599 -4.845737 0.200848 -20.519768 0.208045 -4.515994 0.200848 -19.650689 0.144889 -4.290476 0.200848  
 128 128 138  -23.646250 0.109419 -4.172603 0.200848 -22.851753 0.050066 -3.952403 0.200848 -21.780538 -0.042356 -3.622928 0.200848 -20.715242 -0.135716 -3.292344 0.200848 -19.998081 -0.202009 -3.065036 0.200848  
 138 138 148  -22.592317 -0.241875 -2.922105 0.200848 -22.172770 -0.293271 -2.727410 0.200848 -21.669422 -0.381143 -2.422194 0.200848 -21.395609 -0.482191 -2.071590 0.200848 -21.316021 -0.549536 -1.809448 0.200848  
 148 148 158  -21.782330 -0.575238 -1.727803 0.200848 -21.787091 -0.639569 -1.504026 0.200848 -21.795477 -0.732289 -1.174627 0.200848 -21.796215 -0.824575 -0.844583 0.200848 -21.793179 -0.887597 -0.619495 0.200848  
 158 158 168  -21.820977 -0.920504 -0.505109 0.200848 -21.812577 -0.983557 -0.280066 0.200848 -21.796047 -1.075966 0.049698 0.200848 -21.771698 -1.168875 0.378967 0.200848 -21.751207 -1.232488 0.603691 0.200848  
 168 168 178  -21.692959 -1.245563 0.699208 0.200848 -21.662871 -1.330257 0.945899 0.200848 -21.721894 -1.432693 1.286128 0.200848 -21.902819 -1.513589 1.604016 0.200848 -22.094819 -1.559932 1.809107 0.200848  
 178 178 188  -20.594248 -1.609205 1.929853 0.200848 -21.026357 -1.672243 2.169091 0.200848 -21.741851 -1.764065 2.505033 0.200848 -22.543335 -1.856961 2.827062 0.200848 -23.137526 -1.921911 3.039927 0.200848  
 188 188 198  -19.830926 -1.953916 3.164676 0.200848 -20.622387 -2.016151 3.391310 0.200848 -21.786140 -2.108293 3.721685 0.200848 -22.960359 -2.201317 4.050336 0.200848 -23.768136 -2.266083 4.273483 0.200848  
 198 198 13  -19.674107 -2.298331 4.388971 0.200848 -20.528095 -2.360254 4.615050 0.200848 -21.789904 -2.452410 4.944996 0.200848 -23.054523 -2.545950 5.273812 0.200848 -23.916171 -2.609862 5.498096 0.200848  
