 1 1 5  -42.983383 -3.819925 3.095660 0.021892 -41.589978 -2.823523 2.372186 0.021892 -41.430335 -1.032319 1.006407 0.021892 -41.436192 0.799685 -0.399073 0.021892 -41.405199 2.051486 -1.359633 0.021892  
 2 2 6  -37.260410 -3.676862 2.981310 0.021892 -35.354461 -2.751646 2.309271 0.021892 -34.790846 -1.033557 1.000527 0.021892 -34.797579 0.800739 -0.420282 0.021892 -34.765153 2.052998 -1.390324 0.021892  
 3 3 7  -33.037000 -3.557746 2.870349 0.021892 -30.758688 -2.672637 2.231905 0.021892 -29.695124 -1.028658 1.001536 0.021892 -29.701521 0.817641 -0.420831 0.021892 -29.730316 2.065527 -1.379583 0.021892  
 4 4 8  -38.633178 -3.725463 3.001189 0.021892 -36.856529 -2.776791 2.323452 0.021892 -36.412839 -1.027478 1.007437 0.021892 -36.420828 0.816820 -0.399429 0.021892 -36.387581 2.075996 -1.360437 0.021892  
 5 5 10  -27.224271 -1.480739 2.080283 0.004673 -27.008931 -0.762654 1.265816 0.004673 -27.022439 0.351330 0.006599 0.004673 -27.003096 1.465372 -1.252350 0.004673 -27.616653 2.110857 -1.998903 0.004673  
 6 6 11  -23.506201 -1.429237 2.062220 0.004673 -22.968780 -0.763094 1.290756 0.004673 -22.983679 0.351608 0.008243 0.004673 -23.018510 1.455054 -1.263285 0.004673 -24.044157 2.036479 -1.961851 0.004673  
 7 7 12  -21.398953 -1.419167 2.015248 0.004673 -20.585762 -0.782521 1.291205 0.004673 -20.600365 0.349280 0.008087 0.004673 -20.739715 1.449992 -1.244591 0.004673 -22.017051 2.008336 -1.909345 0.004673  
 8 8 118  -25.152334 -1.657014 2.246793 0.004673 -25.002362 -1.586024 2.168220 0.004673 -24.804503 -1.480212 2.049589 0.004673 -24.638018 -1.370040 1.926269 0.004673 -24.545178 -1.291893 1.838832 0.004673  
 9 10 15  -12.852538 -0.194445 1.413461 0.002909 -12.677601 0.040376 0.701127 0.002909 -12.681253 0.411308 -0.397371 0.002909 -13.204804 0.702534 -1.395377 0.002909 -14.426743 0.833933 -1.928390 0.002909  
 10 11 16  -11.521377 -0.183208 1.403919 0.002909 -11.076720 0.040341 0.724890 0.002909 -11.080428 0.411415 -0.403429 0.002909 -11.874845 0.672319 -1.383693 0.002909 -13.292425 0.804177 -1.907415 0.002909  
 11 12 17  -10.956853 -0.194861 1.381701 0.002909 -10.396024 0.029159 0.724945 0.002909 -10.399711 0.408693 -0.403487 0.002909 -11.319221 0.665282 -1.362968 0.002909 -12.790291 0.801807 -1.880178 0.002909  
 12 13 18  -12.266929 -0.206101 1.396950 0.002909 -12.009275 0.029207 0.701187 0.002909 -12.012899 0.408589 -0.397430 0.002909 -12.629637 0.697126 -1.379064 0.002909 -13.916689 0.832319 -1.903216 0.002909  
 13 5 6  0.000000 3.458755 -0.000000 0.038445 0.000000 2.057293 -0.000000 0.038445 0.000000 0.005015 0.000000 0.038445 0.000000 -2.047263 0.000000 0.038445 0.000000 -3.448724 0.000000 0.038445  
 14 6 7  0.000000 3.570641 -0.000000 -0.035778 0.000000 2.123372 -0.000000 -0.035778 0.000000 0.004015 0.000000 -0.035778 0.000000 -2.115343 0.000000 -0.035778 0.000000 -3.562612 0.000000 -0.035778  
 15 7 8  0.000000 3.447819 0.000000 0.046900 0.000000 2.046724 0.000000 0.046900 0.000000 -0.005015 0.000000 0.046900 0.000000 -2.056755 -0.000000 0.046900 0.000000 -3.457849 -0.000000 0.046900  
 16 8 5  0.000000 3.563518 0.000000 -0.027638 0.000000 2.115881 0.000000 -0.027638 0.000000 -0.004015 0.000000 -0.027638 0.000000 -2.123910 -0.000000 -0.027638 0.000000 -3.571547 -0.000000 -0.027638  
 17 10 11  0.000000 3.434091 0.000000 0.031975 0.000000 2.042225 0.000000 0.031975 0.000000 0.004000 0.000000 0.031975 0.000000 -2.034226 -0.000000 0.031975 0.000000 -3.426092 -0.000000 0.031975  
 18 11 12  0.000000 2.305855 0.000000 -0.030785 0.000000 1.371219 0.000000 -0.030785 0.000000 0.002554 0.000000 -0.030785 0.000000 -1.366112 -0.000000 -0.030785 0.000000 -2.300747 -0.000000 -0.030785  
 19 12 13  0.000000 3.425112 -0.000000 0.030896 0.000000 2.033644 -0.000000 0.030896 0.000000 -0.004000 0.000000 0.030896 0.000000 -2.041643 0.000000 0.030896 0.000000 -3.433112 0.000000 0.030896  
 20 13 10  0.000000 2.301727 -0.000000 -0.029778 0.000000 1.366694 -0.000000 -0.029778 0.000000 -0.002554 0.000000 -0.029778 0.000000 -1.371801 0.000000 -0.029778 0.000000 -2.306834 0.000000 -0.029778  
 21 15 16  0.000000 2.008108 -0.000000 0.016513 0.000000 1.196439 -0.000000 0.016513 0.000000 0.007844 0.000000 0.016513 0.000000 -1.180750 0.000000 0.016513 0.000000 -1.992419 0.000000 0.016513  
 22 16 17  0.000000 0.851836 -0.000000 -0.014111 0.000000 0.506487 -0.000000 -0.014111 0.000000 0.000764 0.000000 -0.014111 0.000000 -0.504960 0.000000 -0.014111 0.000000 -0.850308 0.000000 -0.014111  
 23 17 18  0.000000 1.991289 0.000000 0.017188 0.000000 1.180079 0.000000 0.017188 0.000000 -0.007844 0.000000 0.017188 0.000000 -1.195768 -0.000000 0.017188 0.000000 -2.006978 -0.000000 0.017188  
 24 18 15  0.000000 0.851438 0.000000 -0.011695 0.000000 0.505631 0.000000 -0.011695 0.000000 -0.000764 0.000000 -0.011695 0.000000 -0.507158 -0.000000 -0.011695 0.000000 -0.852966 -0.000000 -0.011695  
 118 118 128  -24.892783 -1.253104 1.795710 0.004673 -24.847964 -1.183970 1.718320 0.004673 -24.801602 -1.079649 1.601189 0.004673 -24.798162 -0.966973 1.475507 0.004673 -24.800086 -0.889199 1.388784 0.004673  
 128 128 138  -24.818440 -0.855687 1.351004 0.004673 -24.820141 -0.781746 1.268298 0.004673 -24.822550 -0.673469 1.147186 0.004673 -24.824868 -0.565192 1.026075 0.004673 -24.826388 -0.491249 0.943370 0.004673  
 138 138 148  -24.819113 -0.453510 0.901161 0.004673 -24.820565 -0.379578 0.818459 0.004673 -24.822593 -0.271308 0.697353 0.004673 -24.824478 -0.163030 0.576245 0.004673 -24.825545 -0.089065 0.493517 0.004673  
 148 148 158  -24.820770 -0.051377 0.451375 0.004673 -24.821699 0.022583 0.368628 0.004673 -24.822882 0.130890 0.247470 0.004673 -24.823393 0.239158 0.126393 0.004673 -24.823094 0.313036 0.043756 0.004673  
 158 158 168  -24.825013 0.350803 0.001486 0.004673 -24.824129 0.424760 -0.081211 0.004673 -24.822609 0.533042 -0.202323 0.004673 -24.820891 0.641311 -0.323438 0.004673 -24.819649 0.715243 -0.406144 0.004673  
 168 168 178  -24.825987 0.752987 -0.448351 0.004673 -24.824653 0.826925 -0.531050 0.004673 -24.822585 0.935199 -0.652159 0.004673 -24.820358 1.043479 -0.773274 0.004673 -24.818752 1.117424 -0.855985 0.004673  
 178 178 188  -24.822022 1.153928 -0.896973 0.004673 -24.820332 1.228754 -0.980551 0.004673 -24.817777 1.338328 -1.102942 0.004673 -24.818767 1.447152 -1.224629 0.004673 -24.846205 1.516152 -1.302380 0.004673  
 188 188 198  -24.629390 1.552859 -1.343562 0.004673 -24.689097 1.631688 -1.431056 0.004673 -24.802774 1.742512 -1.555060 0.004673 -24.951200 1.848300 -1.673091 0.004673 -25.072439 1.917227 -1.751422 0.004673  
 198 198 13  -24.351428 1.956254 -1.794516 0.004673 -24.517727 2.034746 -1.881161 0.004673 -24.809036 2.142740 -2.003794 0.004673 -25.122233 2.249658 -2.122381 0.004673 -25.336047 2.322663 -2.203355 0.004673  
