 1 1 5  -33.307640 1.654654 1.396743 0.007967 -35.166978 1.508051 1.380817 0.007967 -36.705125 1.161543 1.209712 0.007967 -36.615258 0.782853 0.997575 0.007967 -35.521272 0.554149 0.880452 0.007967  
 2 2 6  -24.841388 1.636473 1.439831 0.007967 -26.068935 1.531081 1.439757 0.007967 -27.079356 1.173309 1.218420 0.007967 -27.023445 0.759618 0.935780 0.007967 -26.058625 0.491829 0.765513 0.007967  
 3 3 7  -33.816092 1.633974 1.464661 0.007967 -35.681394 1.489429 1.424786 0.007967 -37.084838 1.163627 1.207284 0.007967 -37.008792 0.821147 0.953840 0.007967 -35.923117 0.599772 0.822875 0.007967  
 4 4 8  -42.831957 1.567245 1.345665 0.007967 -45.003941 1.409496 1.307158 0.007967 -46.566819 1.152085 1.196925 0.007967 -46.464433 0.844059 1.017654 0.007967 -45.362174 0.660955 0.936382 0.007967  
 5 5 10  -31.919305 4.373265 4.697536 0.057424 -25.234691 3.017546 3.201885 0.057424 -18.717816 0.619194 0.552985 0.057424 -21.876111 -2.194204 -2.505199 0.057424 -28.131067 -3.556792 -3.989151 0.057424  
 6 6 11  -26.722867 4.122733 4.503212 0.057424 -19.570489 2.765735 2.981784 0.057424 -10.421675 0.617459 0.521646 0.057424 -16.051273 -1.965001 -2.343857 0.057424 -22.975572 -3.321722 -3.841483 0.057424  
 7 7 12  -32.368643 4.283228 4.813921 0.057424 -25.741605 2.975442 3.278288 0.057424 -19.388211 0.657890 0.522634 0.057424 -22.432986 -2.079406 -2.646235 0.057424 -28.604113 -3.408286 -4.162828 0.057424  
 8 8 118  -32.850911 4.987892 5.489830 0.057424 -31.955614 4.820461 5.300342 0.057424 -30.642377 4.574485 5.022402 0.057424 -29.333345 4.328809 4.742512 0.057424 -28.441928 4.160914 4.550484 0.057424  
 9 10 15  -14.191670 2.526545 1.612328 -0.015156 -9.539733 1.451258 0.786598 -0.015156 -7.701873 -0.646598 -0.776773 -0.015156 -14.172592 -2.314087 -1.921773 -0.015156 -18.864382 -3.388766 -2.704004 -0.015156  
 10 11 16  -12.439054 2.392404 1.668268 -0.015156 -7.529197 1.317179 0.812898 -0.015156 -5.236177 -0.572771 -0.670812 -0.015156 -12.294640 -2.197297 -1.886617 -0.015156 -17.141526 -3.270937 -2.709665 -0.015156  
 11 12 17  -14.417941 2.379439 1.772580 -0.015156 -9.938164 1.358024 0.910929 -0.015156 -8.332160 -0.677139 -0.773516 -0.015156 -14.556682 -2.249227 -2.004134 -0.015156 -19.137653 -3.261575 -2.829781 -0.015156  
 12 13 18  -16.140423 2.501995 1.707219 -0.015156 -12.019965 1.465696 0.874829 -0.015156 -10.885784 -0.722430 -0.845149 -0.015156 -16.400702 -2.351014 -2.034061 -0.015156 -20.798194 -3.373760 -2.811555 -0.015156  
 13 5 6  0.000000 4.150583 0.000000 -0.155639 0.000000 2.469854 0.000000 -0.155639 0.000000 0.008622 0.000000 -0.155639 0.000000 -2.452610 -0.000000 -0.155639 0.000000 -4.133339 -0.000000 -0.155639  
 14 6 7  0.000000 -3.965447 0.000000 0.200837 0.000000 -2.352755 0.000000 0.200837 0.000000 0.008845 0.000000 0.200837 0.000000 2.370445 -0.000000 0.200837 0.000000 3.983137 -0.000000 0.200837  
 15 7 8  0.000000 4.133755 -0.000000 -0.015350 0.000000 2.452857 -0.000000 -0.015350 0.000000 -0.008622 0.000000 -0.015350 0.000000 -2.470101 0.000000 -0.015350 0.000000 -4.150999 0.000000 -0.015350  
 16 8 5  0.000000 -3.983553 -0.000000 0.036263 0.000000 -2.370692 -0.000000 0.036263 0.000000 -0.008845 0.000000 0.036263 0.000000 2.353003 0.000000 0.036263 0.000000 3.965864 0.000000 0.036263  
 17 10 11  0.000000 5.961407 0.000000 -0.241681 0.000000 3.553571 0.000000 -0.241681 0.000000 0.027576 0.000000 -0.241681 0.000000 -3.498418 -0.000000 -0.241681 0.000000 -5.906254 -0.000000 -0.241681  
 18 11 12  0.000000 -6.077993 0.000000 0.271435 0.000000 -3.597973 0.000000 0.271435 0.000000 0.033728 0.000000 0.271435 0.000000 3.665430 -0.000000 0.271435 0.000000 6.145450 -0.000000 0.271435  
 19 12 13  0.000000 5.919344 -0.000000 -0.151431 0.000000 3.506197 -0.000000 -0.151431 0.000000 -0.027576 0.000000 -0.151431 0.000000 -3.561350 0.000000 -0.151431 0.000000 -5.974497 0.000000 -0.151431  
 20 13 10  0.000000 -6.158540 -0.000000 0.164709 0.000000 -3.673208 -0.000000 0.164709 0.000000 -0.033728 0.000000 0.164709 0.000000 3.605751 0.000000 0.164709 0.000000 6.091083 0.000000 0.164709  
 21 15 16  0.000000 2.841955 0.000000 -0.087769 0.000000 1.693496 0.000000 -0.087769 0.000000 0.011711 0.000000 -0.087769 0.000000 -1.670074 -0.000000 -0.087769 0.000000 -2.818533 -0.000000 -0.087769  
 22 16 17  0.000000 -3.394020 0.000000 0.086917 0.000000 -2.006987 0.000000 0.086917 0.000000 0.024161 0.000000 0.086917 0.000000 2.055309 -0.000000 0.086917 0.000000 3.442342 -0.000000 0.086917  
 23 17 18  0.000000 2.834410 -0.000000 -0.074649 0.000000 1.679508 -0.000000 -0.074649 0.000000 -0.011711 0.000000 -0.074649 0.000000 -1.702930 0.000000 -0.074649 0.000000 -2.857832 0.000000 -0.074649  
 24 18 15  0.000000 -3.458219 -0.000000 0.075950 0.000000 -2.064743 -0.000000 0.075950 0.000000 -0.024161 0.000000 0.075950 0.000000 2.016422 0.000000 0.075950 0.000000 3.409897 0.000000 0.075950  
 118 118 128  -32.658949 4.071982 4.454129 0.057424 -31.828146 3.907760 4.263901 0.057424 -30.624615 3.664340 3.985477 0.057424 -29.459283 3.415545 3.706811 0.057424 -28.679632 3.245680 3.513895 0.057424  
 128 128 138  -32.088709 3.156672 3.412183 0.057424 -31.476584 2.993678 3.227622 0.057424 -30.591157 2.755333 2.953682 0.057424 -29.816262 2.502914 2.670685 0.057424 -29.319265 2.328628 2.471764 0.057424  
 138 138 148  -31.060640 2.230749 2.362039 0.057424 -30.819029 2.082272 2.192049 0.057424 -30.563879 1.850296 1.926944 0.057424 -30.447869 1.594038 1.636969 0.057424 -30.465250 1.399668 1.419392 0.057424  
 148 148 158  -30.631054 1.337330 1.346064 0.057424 -30.640887 1.169039 1.154964 0.057424 -30.648078 0.923197 0.875845 0.057424 -30.648959 0.677655 0.597192 0.057424 -30.646306 0.510029 0.406648 0.057424  
 158 158 168  -30.673403 0.423826 0.309105 0.057424 -30.665483 0.256348 0.118696 0.057424 -30.648991 0.010887 -0.160005 0.057424 -30.623784 -0.235174 -0.439273 0.057424 -30.602933 -0.403309 -0.630073 0.057424  
 168 168 178  -30.730817 -0.488463 -0.726775 0.057424 -30.700363 -0.656450 -0.917589 0.057424 -30.648895 -0.902304 -1.196768 0.057424 -30.589509 -1.147967 -1.475626 0.057424 -30.544530 -1.315603 -1.665872 0.057424  
 178 178 188  -30.318166 -1.380781 -1.741197 0.057424 -30.359069 -1.572532 -1.957362 0.057424 -30.564003 -1.827525 -2.246672 0.057424 -30.907869 -2.061338 -2.512136 0.057424 -31.207346 -2.211177 -2.684211 0.057424  
 188 188 198  -29.186180 -2.308505 -2.793627 0.057424 -29.733779 -2.483423 -2.991019 0.057424 -30.610735 -2.730755 -3.273186 0.057424 -31.545513 -2.973141 -3.548453 0.057424 -32.202165 -3.137805 -3.733449 0.057424  
 198 198 13  -28.614412 -3.224195 -3.835654 0.057424 -29.425870 -3.394637 -4.027049 0.057424 -30.633308 -3.643080 -4.305251 0.057424 -31.861379 -3.886392 -4.584571 0.057424 -32.703659 -4.051050 -4.775370 0.057424  
