 1 1 5  -56.671438 -9.492550 -7.360551 0.013195 -45.391299 -6.980976 -5.296243 0.013195 -30.395195 -3.129637 -2.106451 0.013195 -29.939694 2.473321 2.493904 0.013195 -39.412120 5.221956 4.630707 0.013195  
 2 2 6  -66.644627 -10.061957 -7.603999 0.013195 -56.234434 -7.517919 -5.615202 0.013195 -44.388299 -3.372223 -2.403560 0.013195 -44.073280 2.682827 2.427367 0.013195 -50.572242 5.733650 4.728960 0.013195  
 3 3 7  -53.277922 -9.533627 -7.048958 0.013195 -41.567356 -6.854316 -5.078293 0.013195 -25.313624 -2.789696 -2.094848 0.013195 -25.392850 2.860789 2.061437 0.013195 -36.209759 5.648981 4.109513 0.013195  
 4 4 8  -42.475216 -8.817674 -6.755583 0.013195 -30.226377 -6.144226 -4.688887 0.013195 -11.902574 -2.171794 -1.577727 0.013195 -12.500598 2.217024 1.807519 0.013195 -24.975237 4.933758 3.915112 0.013195  
 5 5 10  -32.697873 -5.664154 -4.087355 -0.221673 -22.997471 -3.392852 -2.463186 -0.221673 -15.908289 0.913779 0.590528 -0.221673 -27.592109 4.530825 3.166326 -0.221673 -37.448669 6.784377 4.788170 -0.221673  
 6 6 11  -37.873259 -6.024760 -3.957208 -0.221673 -28.910069 -3.717055 -2.430366 -0.221673 -24.359921 0.913539 0.637493 -0.221673 -33.219602 4.870210 3.208921 -0.221673 -42.543568 7.142611 4.723235 -0.221673  
 7 7 12  -32.024247 -6.220997 -3.655107 -0.221673 -21.478448 -3.723851 -2.120490 -0.221673 -12.327550 0.808958 0.632385 -0.221673 -25.910012 4.706080 2.916127 -0.221673 -36.495267 7.199465 4.434500 -0.221673  
 8 8 118  -19.268979 -5.882492 -3.911731 -0.221673 -18.252060 -5.649499 -3.754173 -0.221673 -16.768441 -5.307591 -3.524395 -0.221673 -15.287204 -4.965509 -3.294480 -0.221673 -14.276632 -4.731808 -3.137374 -0.221673  
 9 10 15  -11.264195 -1.067698 -1.516496 0.016408 -8.903621 -0.212928 -0.749897 0.016408 -10.241916 1.282967 0.775642 0.016408 -15.044359 2.324587 1.870514 0.016408 -18.521655 3.028647 2.585231 0.016408  
 10 11 16  -12.867128 -1.153360 -1.433617 0.016408 -11.366137 -0.213385 -0.601992 0.016408 -12.294084 1.347767 0.865603 0.016408 -16.694632 2.415445 1.900910 0.016408 -20.010008 3.127319 2.571018 0.016408  
 11 12 17  -11.164337 -1.433807 -1.288037 0.016408 -8.423882 -0.537186 -0.586325 0.016408 -9.645929 1.158281 0.819041 0.016408 -14.713418 2.350709 1.815633 0.016408 -18.370543 3.148526 2.478193 0.016408  
 12 13 18  -9.648650 -1.330253 -1.364563 0.016408 -6.263761 -0.478039 -0.665644 0.016408 -7.630117 1.078537 0.721675 0.016408 -13.083945 2.250863 1.782079 0.016408 -16.856555 3.044560 2.489435 0.016408  
 13 5 6  0.000000 -8.311046 0.000000 -0.465250 0.000000 -4.911367 0.000000 -0.465250 0.000000 0.067067 0.000000 -0.465250 0.000000 5.045502 -0.000000 -0.465250 0.000000 8.445181 -0.000000 -0.465250  
 14 6 7  0.000000 11.638650 0.000000 0.498432 0.000000 6.976576 0.000000 0.498432 0.000000 0.149510 0.000000 0.498432 0.000000 -6.677556 -0.000000 0.498432 0.000000 -11.339630 -0.000000 0.498432  
 15 7 8  0.000000 -8.411843 -0.000000 -0.906611 0.000000 -5.025692 -0.000000 -0.906611 0.000000 -0.067067 0.000000 -0.906611 0.000000 4.891557 0.000000 -0.906611 0.000000 8.277708 0.000000 -0.906611  
 16 8 5  0.000000 11.306293 -0.000000 0.717084 0.000000 6.657746 -0.000000 0.717084 0.000000 -0.149510 0.000000 0.717084 0.000000 -6.956766 0.000000 0.717084 0.000000 -11.605313 0.000000 0.717084  
 17 10 11  0.000000 -6.075087 -0.000000 -0.236702 0.000000 -3.595405 -0.000000 -0.236702 0.000000 0.035801 0.000000 -0.236702 0.000000 3.667006 0.000000 -0.236702 0.000000 6.146688 0.000000 -0.236702  
 18 11 12  0.000000 8.383307 -0.000000 0.220109 0.000000 5.015924 -0.000000 0.220109 0.000000 0.084783 0.000000 0.220109 0.000000 -4.846357 0.000000 0.220109 0.000000 -8.213741 0.000000 0.220109  
 19 12 13  0.000000 -6.082371 0.000000 -0.714678 0.000000 -3.628788 0.000000 -0.714678 0.000000 -0.035801 0.000000 -0.714678 0.000000 3.557187 -0.000000 -0.714678 0.000000 6.010770 -0.000000 -0.714678  
 20 13 10  0.000000 8.149424 0.000000 0.464715 0.000000 4.808139 0.000000 0.464715 0.000000 -0.084783 0.000000 0.464715 0.000000 -4.977706 -0.000000 0.464715 0.000000 -8.318990 -0.000000 0.464715  
 21 15 16  0.000000 -2.634300 -0.000000 -0.031947 0.000000 -1.563710 -0.000000 -0.031947 0.000000 0.004045 0.000000 -0.031947 0.000000 1.571800 0.000000 -0.031947 0.000000 2.642391 0.000000 -0.031947  
 22 16 17  0.000000 3.177719 -0.000000 0.033539 0.000000 1.886747 -0.000000 0.033539 0.000000 -0.003730 0.000000 0.033539 0.000000 -1.894208 0.000000 0.033539 0.000000 -3.185180 0.000000 0.033539  
 23 17 18  0.000000 -2.576802 0.000000 -0.044195 0.000000 -1.532827 0.000000 -0.044195 0.000000 -0.004045 0.000000 -0.044195 0.000000 1.524736 -0.000000 -0.044195 0.000000 2.568712 -0.000000 -0.044195  
 24 18 15  0.000000 3.119592 0.000000 0.041931 0.000000 1.855234 0.000000 0.041931 0.000000 0.003730 0.000000 0.041931 0.000000 -1.847774 -0.000000 0.041931 0.000000 -3.112131 -0.000000 0.041931  
 118 118 128  -19.312536 -4.612732 -3.056916 -0.221673 -18.281355 -4.379401 -2.900199 -0.221673 -16.770299 -4.037519 -2.670469 -0.221673 -15.259114 -3.695546 -2.440249 -0.221673 -14.226181 -3.461887 -2.282868 -0.221673  
 128 128 138  -19.201338 -3.341034 -2.203995 -0.221673 -18.205519 -3.109758 -2.045531 -0.221673 -16.758969 -2.768499 -1.815833 -0.221673 -15.334503 -2.425446 -1.586203 -0.221673 -14.365486 -2.190737 -1.429201 -0.221673  
 138 138 148  -17.838232 -2.040598 -1.325500 -0.221673 -17.280049 -1.838184 -1.190097 -0.221673 -16.609217 -1.522760 -0.980677 -0.221673 -16.214843 -1.164851 -0.740501 -0.221673 -16.179334 -0.877123 -0.539023 -0.221673  
 148 148 158  -16.764262 -0.802853 -0.494640 -0.221673 -16.767767 -0.569409 -0.337661 -0.221673 -16.771358 -0.227455 -0.107676 -0.221673 -16.772618 0.114503 0.122346 -0.221673 -16.772084 0.347924 0.279340 -0.221673  
 158 158 168  -16.647807 0.443688 0.338343 -0.221673 -16.645074 0.696949 0.513387 -0.221673 -16.650295 1.065575 0.767400 -0.221673 -16.888460 1.388560 0.979386 -0.221673 -17.193063 1.585222 1.105129 -0.221673  
 168 168 178  -14.654977 1.731640 1.212164 -0.221673 -15.468948 1.971947 1.370542 -0.221673 -16.733828 2.315171 1.602415 -0.221673 -18.060473 2.654862 1.830146 -0.221673 -18.993631 2.883613 1.986626 -0.221673  
 178 178 188  -14.226110 3.006907 2.067641 -0.221673 -15.259121 3.240625 2.224935 -0.221673 -16.770740 3.582677 2.455051 -0.221673 -18.281276 3.924481 2.684891 -0.221673 -19.311693 4.157751 2.841683 -0.221673  
 188 188 198  -14.242647 4.276899 2.921832 -0.221673 -15.269249 4.510626 3.079118 -0.221673 -16.771105 4.852674 3.309234 -0.221673 -18.271096 5.194478 3.539072 -0.221673 -19.294385 5.427747 3.695875 -0.221673  
 198 198 13  -14.304283 5.547703 3.775353 -0.221673 -15.299884 5.780574 3.933241 -0.221673 -16.767047 6.122026 4.164087 -0.221673 -18.239624 6.464585 4.393160 -0.221673 -19.244183 6.698362 4.549439 -0.221673  
