 1 1 5  -75.491695 -13.801199 -17.070138 0.073308 -48.770973 -9.279766 -11.295954 0.073308 -9.530548 -2.563538 -2.803300 0.073308 -17.839694 3.539476 4.904460 0.073308 -44.696188 8.072908 10.742937 0.073308  
 2 2 6  -101.176259 -15.064108 -18.200433 0.073308 -76.189159 -10.543986 -12.830484 0.073308 -40.875911 -3.839604 -4.811716 0.073308 -44.692450 4.795838 5.668306 0.073308 -68.896697 9.343802 11.159507 0.073308  
 3 3 7  -81.057885 -14.471254 -16.892965 0.073308 -55.076207 -9.721102 -11.519348 0.073308 -16.576152 -2.708403 -3.578598 0.073308 -22.720349 4.362984 4.436626 0.073308 -48.980987 9.147174 9.861439 0.073308  
 4 4 8  -51.352429 -12.912806 -15.353211 0.073308 -24.959897 -8.142391 -9.602906 0.073308 8.782084 -1.301382 -1.507410 0.073308 2.187908 2.848219 3.371218 0.073308 -22.239462 7.581937 9.047708 0.073308  
 5 5 10  -38.563559 -6.337086 -9.179469 0.076305 -19.877793 -3.343865 -5.031644 0.076305 -1.350325 0.719324 0.636006 0.076305 -28.467863 5.186180 6.669296 0.076305 -47.147504 8.179817 10.807423 0.076305  
 6 6 11  -48.884037 -7.021343 -8.517375 0.076305 -32.428738 -4.010474 -4.975789 0.076305 -19.920083 1.448242 1.520440 0.076305 -41.960136 5.913846 6.920515 0.076305 -58.560557 8.904203 10.460295 0.076305  
 7 7 12  -40.478805 -7.484237 -7.863582 0.076305 -22.864877 -4.157601 -4.319530 0.076305 -6.235060 0.893018 1.081257 0.076305 -32.128229 5.792232 6.284073 0.076305 -49.711299 9.114545 9.818880 0.076305  
 8 8 118  -15.570883 -6.595991 -8.138199 0.076305 -14.152574 -6.327695 -7.814420 0.076305 -12.075685 -5.934730 -7.340063 0.076305 -9.999178 -5.541598 -6.865558 0.076305 -8.593660 -5.273329 -6.542310 0.076305  
 9 10 15  -13.759923 -1.648906 -3.596408 0.057600 -5.284837 -0.511992 -1.585505 0.057600 -4.565447 1.059486 1.131129 0.057600 -16.956110 2.766952 4.052585 0.057600 -25.480296 3.914044 6.049682 0.057600  
 10 11 16  -16.299553 -1.801815 -3.224367 0.057600 -8.805843 -0.631682 -1.476919 0.057600 -10.358110 1.313182 1.603691 0.057600 -21.473975 2.971474 4.193203 0.057600 -29.122187 4.110568 5.941649 0.057600  
 11 12 17  -13.787587 -2.052815 -2.998571 0.057600 -5.895850 -0.800886 -1.245916 0.057600 -6.968447 1.085692 1.415451 0.057600 -18.544697 2.918553 3.984211 0.057600 -26.401250 4.164154 5.730566 0.057600  
 12 13 18  -11.258467 -1.887638 -3.362359 0.057600 -2.755716 -0.658291 -1.350349 0.057600 -1.725467 0.827529 0.937954 0.057600 -14.130654 2.705443 3.833913 0.057600 -22.784030 3.959410 5.828771 0.057600  
 13 5 6  0.000000 -18.502742 -0.000000 -1.021130 0.000000 -10.839459 -0.000000 -1.021130 0.000000 0.382526 0.000000 -1.021130 0.000000 11.604512 0.000000 -1.021130 0.000000 19.267794 0.000000 -1.021130  
 14 6 7  0.000000 15.878026 -0.000000 1.049584 0.000000 9.524455 -0.000000 1.049584 0.000000 0.220390 0.000000 1.049584 0.000000 -9.083675 0.000000 1.049584 0.000000 -15.437246 0.000000 1.049584  
 15 7 8  0.000000 -19.131655 0.000000 -1.663085 0.000000 -11.523615 0.000000 -1.663085 0.000000 -0.382526 0.000000 -1.663085 0.000000 10.758563 -0.000000 -1.663085 0.000000 18.366603 -0.000000 -1.663085  
 16 8 5  0.000000 15.301107 0.000000 1.880075 0.000000 9.002779 0.000000 1.880075 0.000000 -0.220390 0.000000 1.880075 0.000000 -9.443559 -0.000000 1.880075 0.000000 -15.741887 -0.000000 1.880075  
 17 10 11  0.000000 -13.221409 0.000000 -0.576311 0.000000 -7.775806 0.000000 -0.576311 0.000000 0.198646 0.000000 -0.576311 0.000000 8.173098 -0.000000 -0.576311 0.000000 13.618701 -0.000000 -0.576311  
 18 11 12  0.000000 10.493152 -0.000000 0.546428 0.000000 6.274008 -0.000000 0.546428 0.000000 0.095561 0.000000 0.546428 0.000000 -6.082886 0.000000 0.546428 0.000000 -10.302031 0.000000 0.546428  
 19 12 13  0.000000 -13.431136 -0.000000 -1.026245 0.000000 -8.061643 -0.000000 -1.026245 0.000000 -0.198646 0.000000 -1.026245 0.000000 7.664351 0.000000 -1.026245 0.000000 13.033844 0.000000 -1.026245  
 20 13 10  0.000000 10.114466 0.000000 1.198393 0.000000 5.971432 0.000000 1.198393 0.000000 -0.095561 0.000000 1.198393 0.000000 -6.162553 -0.000000 1.198393 0.000000 -10.305588 -0.000000 1.198393  
 21 15 16  0.000000 -5.803072 0.000000 -0.062398 0.000000 -3.430005 0.000000 -0.062398 0.000000 0.045075 0.000000 -0.062398 0.000000 3.520155 -0.000000 -0.062398 0.000000 5.893221 -0.000000 -0.062398  
 22 16 17  0.000000 4.025175 0.000000 0.073311 0.000000 2.393109 0.000000 0.073311 0.000000 0.003138 0.000000 0.073311 0.000000 -2.386833 -0.000000 0.073311 0.000000 -4.018899 -0.000000 0.073311  
 23 17 18  0.000000 -5.702284 -0.000000 -0.070467 0.000000 -3.406696 -0.000000 -0.070467 0.000000 -0.045075 0.000000 -0.070467 0.000000 3.316547 0.000000 -0.070467 0.000000 5.612135 0.000000 -0.070467  
 24 18 15  0.000000 3.827962 -0.000000 0.080352 0.000000 2.273374 -0.000000 0.080352 0.000000 -0.003138 0.000000 0.080352 0.000000 -2.279651 0.000000 0.080352 0.000000 -3.834238 0.000000 0.080352  
 118 118 128  -15.629622 -5.136632 -6.376998 0.076305 -14.179643 -4.867577 -6.053035 0.076305 -12.070448 -4.475237 -5.578005 0.076305 -9.970377 -4.081948 -5.104031 0.076305 -8.550995 -3.813410 -4.781278 0.076305  
 128 128 138  -15.777191 -3.676669 -4.614929 0.076305 -14.273039 -3.408277 -4.291236 0.076305 -12.075422 -3.015231 -3.817127 0.076305 -9.879657 -2.622063 -3.342792 0.076305 -8.386077 -2.354149 -3.018536 0.076305  
 138 138 148  -15.770571 -2.215792 -2.853089 0.076305 -14.263220 -1.948246 -2.529831 0.076305 -12.063876 -1.556387 -2.055776 0.076305 -9.882609 -1.163874 -1.580827 0.076305 -8.434293 -0.891060 -1.257370 0.076305  
 148 148 158  -12.298766 -0.731075 -1.063344 0.076305 -12.045102 -0.501656 -0.782247 0.076305 -12.047395 -0.101191 -0.299790 0.076305 -12.049233 0.299635 0.183065 0.076305 -12.049697 0.573348 0.512799 0.076305  
 158 158 168  -9.280232 0.684594 0.642030 0.076305 -10.168999 0.977829 1.002130 0.076305 -11.946403 1.370019 1.479493 0.076305 -13.920976 1.755471 1.940015 0.076305 -15.319532 2.017405 2.251097 0.076305  
 168 168 178  -8.350847 2.163221 2.430103 0.076305 -9.857894 2.430559 2.754975 0.076305 -12.072816 2.822836 3.229966 0.076305 -14.296144 3.216691 3.703468 0.076305 -15.815966 3.485840 4.026435 0.076305  
 178 178 188  -8.515596 3.624695 4.191629 0.076305 -9.945810 3.889957 4.516695 0.076305 -12.060017 4.281380 4.991397 0.076305 -14.207968 4.676785 5.464722 0.076305 -15.682475 4.946479 5.788522 0.076305  
 188 188 198  -8.605693 5.080103 5.957143 0.076305 -9.994754 5.350689 6.276949 0.076305 -12.066947 5.743569 6.751164 0.076305 -14.154082 6.135766 7.226882 0.076305 -15.585724 6.403988 7.551747 0.076305  
 198 198 13  -8.652930 6.540647 7.717047 0.076305 -10.036188 6.809671 8.039664 0.076305 -12.071032 7.203186 8.513110 0.076305 -14.110046 7.596616 8.986680 0.076305 -15.533933 7.862291 9.315154 0.076305  
