 1 1 5  -40.994274 0.692269 -12.274812 -1.015416 -25.343029 0.654489 -8.106869 -1.015416 -2.389688 0.581209 -1.927293 -1.015416 -5.856803 0.678943 2.883419 -1.015416 -21.631726 0.752696 7.106974 -1.015416  
 2 2 6  -68.120066 0.814412 -14.001713 -1.015416 -54.812457 0.797860 -10.307746 -1.015416 -36.691155 1.002021 -4.616656 -1.015416 -35.406794 1.152581 3.888810 -1.015416 -46.464869 0.943024 7.943655 -1.015416  
 3 3 7  -77.404086 0.744320 -14.713134 -1.015416 -64.323020 0.786300 -10.992154 -1.015416 -48.681891 1.103522 -4.952679 -1.015416 -48.232366 1.302960 4.074189 -1.015416 -56.464502 1.052100 8.573050 -1.015416  
 4 4 8  -52.207751 0.639994 -13.267070 -1.015416 -36.313278 0.647051 -9.080119 -1.015416 -12.552413 0.744005 -2.829170 -1.015416 -16.296290 0.833272 3.807611 -1.015416 -32.465582 0.858512 8.068662 -1.015416  
 5 5 10  -26.915500 4.402123 -7.939343 0.592017 -12.959102 2.689102 -4.509076 0.592017 3.172450 0.208935 -0.061766 0.592017 -10.351139 -1.687694 4.110534 0.592017 -24.236270 -3.351577 7.556799 0.592017  
 6 6 11  -41.590186 5.152837 -7.462823 0.592017 -30.558451 3.515307 -4.741593 0.592017 -19.267675 0.908510 -0.007743 0.592017 -28.660642 -2.227417 4.827197 0.592017 -39.604935 -3.947176 7.488597 0.592017  
 7 7 12  -48.400497 5.341817 -7.902552 0.592017 -38.005786 3.747221 -5.130279 0.592017 -29.733030 0.924333 -0.007088 0.592017 -36.105835 -2.330274 5.280345 0.592017 -46.424712 -4.059801 7.962719 0.592017  
 8 8 118  -21.624395 4.705019 -8.463326 0.592017 -20.383783 4.552077 -8.152621 0.592017 -18.564619 4.328094 -7.697237 0.592017 -16.748761 4.103361 -7.242118 0.592017 -15.513135 3.949232 -6.931733 0.592017  
 9 10 15  -20.006618 3.122681 -8.269173 -0.077214 -3.187776 1.489485 -3.863811 -0.077214 6.755369 -0.189001 0.362825 -0.077214 -10.550730 -2.449388 5.774054 -0.077214 -27.749933 -4.104013 10.186205 -0.077214  
 10 11 16  -26.815141 3.354470 -8.025641 -0.077214 -10.845899 1.708050 -4.042141 -0.077214 2.300497 -0.266461 0.511540 -0.077214 -19.669669 -2.707606 6.223594 -0.077214 -35.664430 -4.365531 10.191499 -0.077214  
 11 12 17  -30.219106 3.359316 -8.317280 -0.077214 -14.106049 1.748449 -4.330627 -0.077214 0.109358 -0.357339 0.692101 -0.077214 -23.010791 -2.741706 6.511923 -0.077214 -39.084069 -4.358152 10.483357 -0.077214  
 12 13 18  -23.619994 3.134968 -8.596124 -0.077214 -6.441752 1.536225 -4.168017 -0.077214 5.458939 -0.186577 0.362825 -0.077214 -14.034156 -2.483910 6.094326 -0.077214 -31.397099 -4.108359 10.513143 -0.077214  
 13 5 6  0.000000 -15.455706 -0.000000 0.362678 0.000000 -8.998238 -0.000000 0.362678 0.000000 0.457973 0.000000 0.362678 0.000000 9.914184 0.000000 0.362678 0.000000 16.371652 0.000000 0.362678  
 14 6 7  0.000000 -3.949664 0.000000 -0.537603 0.000000 -2.345480 0.000000 -0.537603 0.000000 0.003662 0.000000 -0.537603 0.000000 2.352803 -0.000000 -0.537603 0.000000 3.956988 -0.000000 -0.537603  
 15 7 8  0.000000 -16.433444 0.000000 0.439321 0.000000 -9.950902 0.000000 0.439321 0.000000 -0.457973 0.000000 0.439321 0.000000 9.034955 -0.000000 0.439321 0.000000 15.517497 -0.000000 0.439321  
 16 8 5  0.000000 -3.895196 -0.000000 -0.542152 0.000000 -2.316086 -0.000000 -0.542152 0.000000 -0.003662 0.000000 -0.542152 0.000000 2.308762 0.000000 -0.542152 0.000000 3.887873 0.000000 -0.542152  
 17 10 11  0.000000 -15.659307 -0.000000 0.433011 0.000000 -9.187984 -0.000000 0.433011 0.000000 0.288515 0.000000 0.433011 0.000000 9.765015 0.000000 0.433011 0.000000 16.236338 0.000000 0.433011  
 18 11 12  0.000000 -7.036746 -0.000000 -0.440582 0.000000 -4.175708 -0.000000 -0.440582 0.000000 0.013950 0.000000 -0.440582 0.000000 4.203607 0.000000 -0.440582 0.000000 7.064645 0.000000 -0.440582  
 19 12 13  0.000000 -16.343111 0.000000 0.592322 0.000000 -9.828462 0.000000 0.592322 0.000000 -0.288515 0.000000 0.592322 0.000000 9.251431 -0.000000 0.592322 0.000000 15.766080 -0.000000 0.592322  
 20 13 10  0.000000 -6.957872 0.000000 -0.263991 0.000000 -4.140161 0.000000 -0.263991 0.000000 -0.013950 0.000000 -0.263991 0.000000 4.112261 -0.000000 -0.263991 0.000000 6.929973 -0.000000 -0.263991  
 21 15 16  0.000000 -9.609241 0.000000 0.124286 0.000000 -5.647932 0.000000 0.124286 0.000000 0.152946 0.000000 0.124286 0.000000 5.953823 -0.000000 0.124286 0.000000 9.915133 -0.000000 0.124286  
 22 16 17  0.000000 -4.079254 0.000000 -0.166297 0.000000 -2.415541 0.000000 -0.166297 0.000000 0.020774 0.000000 -0.166297 0.000000 2.457089 -0.000000 -0.166297 0.000000 4.120803 -0.000000 -0.166297  
 23 17 18  0.000000 -10.032627 -0.000000 0.133617 0.000000 -6.023641 -0.000000 0.133617 0.000000 -0.152946 0.000000 0.133617 0.000000 5.717749 0.000000 0.133617 0.000000 9.726736 0.000000 0.133617  
 24 18 15  0.000000 -4.003308 -0.000000 -0.163092 0.000000 -2.387272 -0.000000 -0.163092 0.000000 -0.020774 0.000000 -0.163092 0.000000 2.345723 0.000000 -0.163092 0.000000 3.961760 0.000000 -0.163092  
 118 118 128  -21.670486 3.871704 -6.772510 0.592017 -20.411637 3.718435 -6.462073 0.592017 -18.565584 3.493928 -6.007093 0.592017 -16.721844 3.269477 -5.551789 0.592017 -15.462836 3.116208 -5.240655 0.592017  
 128 128 138  -21.726895 3.038051 -5.081892 0.592017 -20.445959 2.884709 -4.771575 0.592017 -18.567134 2.660098 -4.316771 0.592017 -16.687719 2.435767 -3.861310 0.592017 -15.402306 2.282536 -3.550013 0.592017  
 138 138 148  -21.321926 2.207063 -3.383075 0.592017 -20.165010 2.050576 -3.081043 0.592017 -18.513821 1.824748 -2.632556 0.592017 -16.954775 1.601599 -2.173075 0.592017 -15.963351 1.451590 -1.848440 0.592017  
 148 148 158  -19.047599 1.336403 -1.663523 0.592017 -18.692858 1.221327 -1.396033 0.592017 -18.431618 1.017056 -0.961315 0.592017 -18.430492 0.764029 -0.475731 0.592017 -18.427855 0.590919 -0.143693 0.592017  
 158 158 168  -18.596535 0.536515 -0.011306 0.592017 -18.589108 0.383408 0.299916 0.592017 -18.571858 0.159275 0.755267 0.592017 -18.544546 -0.065431 1.210105 0.592017 -18.521373 -0.219124 1.520665 0.592017  
 168 168 178  -16.806253 -0.284362 1.638756 0.592017 -17.288015 -0.452691 2.002233 0.592017 -18.419643 -0.682149 2.464514 0.592017 -19.793011 -0.898748 2.897670 0.592017 -20.783456 -1.043340 3.188433 0.592017  
 178 178 188  -15.427666 -1.129212 3.370000 0.592017 -16.697093 -1.284082 3.680847 0.592017 -18.561643 -1.509693 4.135899 0.592017 -20.436260 -1.732730 4.591189 0.592017 -21.715374 -1.885079 4.901786 0.592017  
 188 188 198  -15.449173 -1.964483 5.060073 0.592017 -16.715883 -2.117736 5.371333 0.592017 -18.568202 -2.342190 5.826716 0.592017 -20.417373 -2.566679 6.281602 0.592017 -21.678317 -2.719998 6.591948 0.592017  
 198 198 13  -15.502997 -2.798358 6.750585 0.592017 -16.745856 -2.951409 7.061786 0.592017 -18.567830 -3.175895 7.517188 0.592017 -20.386657 -3.400427 7.972081 0.592017 -21.626886 -3.553781 8.282427 0.592017  
