 1 1 5  -36.740169 -0.953816 0.060976 0.000038 -36.747792 -0.670455 0.043152 0.000038 -36.757796 -0.255530 0.017048 0.000038 -36.759316 0.159078 -0.008866 0.000038 -36.753226 0.442368 -0.026662 0.000038  
 2 2 6  -36.682821 -0.953829 0.061169 0.000038 -36.690473 -0.670461 0.043380 0.000038 -36.700552 -0.255513 0.017328 0.000038 -36.702278 0.159074 -0.008858 0.000038 -36.695887 0.442397 -0.026693 0.000038  
 3 3 7  -35.233768 -0.954197 0.061225 0.000038 -35.241419 -0.670871 0.043431 0.000038 -35.251458 -0.255971 0.017381 0.000038 -35.253283 0.159237 -0.008976 0.000038 -35.246956 0.442568 -0.026773 0.000038  
 4 4 8  -35.291095 -0.954185 0.060997 0.000038 -35.298705 -0.670865 0.043166 0.000038 -35.308568 -0.255989 0.017014 0.000038 -35.310521 0.159218 -0.008866 0.000038 -35.304307 0.442539 -0.026683 0.000038  
 5 5 10  -24.408763 -0.412164 0.030678 0.000018 -24.412234 -0.227619 0.014290 0.000018 -24.415303 0.042510 -0.009598 0.000018 -24.411250 0.312706 -0.033572 0.000018 -24.407675 0.497252 -0.049972 0.000018  
 6 6 11  -24.395006 -0.412146 0.030652 0.000018 -24.398490 -0.227604 0.014313 0.000018 -24.401456 0.042495 -0.009613 0.000018 -24.397228 0.312686 -0.033605 0.000018 -24.393651 0.497228 -0.049964 0.000018  
 7 7 12  -23.585019 -0.412039 0.030648 0.000018 -23.588513 -0.227572 0.014309 0.000018 -23.591534 0.042631 -0.009664 0.000018 -23.587248 0.312758 -0.033616 0.000018 -23.583653 0.497224 -0.049967 0.000018  
 8 8 118  -23.601044 -0.454438 0.034396 0.000018 -23.601417 -0.435989 0.032761 0.000018 -23.601959 -0.408971 0.030367 0.000018 -23.602492 -0.381954 0.027973 0.000018 -23.602852 -0.363505 0.026338 0.000018  
 9 10 15  -12.140334 -0.220871 -0.024127 0.000008 -12.141663 -0.093989 -0.018067 0.000008 -12.142051 0.091799 -0.009198 0.000008 -12.140253 0.277611 -0.000316 0.000008 -12.138764 0.404499 0.005750 0.000008  
 10 11 16  -12.145132 -0.220861 -0.024147 0.000008 -12.146451 -0.093980 -0.018071 0.000008 -12.146796 0.091794 -0.009219 0.000008 -12.145059 0.277605 -0.000327 0.000008 -12.143569 0.404491 0.005754 0.000008  
 11 12 17  -11.858480 -0.220828 -0.024149 0.000008 -11.859799 -0.093963 -0.018072 0.000008 -11.860142 0.091827 -0.009220 0.000008 -11.858404 0.277616 -0.000326 0.000008 -11.856915 0.404486 0.005756 0.000008  
 12 13 18  -11.853679 -0.220839 -0.024129 0.000008 -11.855007 -0.093974 -0.018068 0.000008 -11.855396 0.091832 -0.009196 0.000008 -11.853604 0.277622 -0.000314 0.000008 -11.852112 0.404493 0.005752 0.000008  
 13 5 6  0.000000 0.059856 -0.000000 0.000001 0.000000 0.035556 -0.000000 0.000001 0.000000 -0.000028 0.000000 0.000001 0.000000 -0.035612 0.000000 0.000001 0.000000 -0.059911 0.000000 0.000001  
 14 6 7  0.000000 0.882525 0.000000 0.000048 0.000000 0.524395 0.000000 0.000048 0.000000 -0.000044 0.000000 0.000048 0.000000 -0.524482 -0.000000 0.000048 0.000000 -0.882612 -0.000000 0.000048  
 15 7 8  0.000000 0.059912 0.000000 0.000002 0.000000 0.035612 0.000000 0.000002 0.000000 0.000028 0.000000 0.000002 0.000000 -0.035556 -0.000000 0.000002 0.000000 -0.059856 -0.000000 0.000002  
 16 8 5  0.000000 0.882611 -0.000000 -0.000005 0.000000 0.524482 -0.000000 -0.000005 0.000000 0.000044 0.000000 -0.000005 0.000000 -0.524395 0.000000 -0.000005 0.000000 -0.882524 0.000000 -0.000005  
 17 10 11  0.000000 0.025759 -0.000000 0.000022 0.000000 0.015303 -0.000000 0.000022 0.000000 -0.000008 0.000000 0.000022 0.000000 -0.015319 0.000000 0.000022 0.000000 -0.025775 0.000000 0.000022  
 18 11 12  0.000000 0.722694 0.000000 0.000010 0.000000 0.429435 0.000000 0.000010 0.000000 -0.000009 0.000000 0.000010 0.000000 -0.429453 -0.000000 0.000010 0.000000 -0.722713 -0.000000 0.000010  
 19 12 13  0.000000 0.025774 0.000000 0.000019 0.000000 0.015319 0.000000 0.000019 0.000000 0.000008 0.000000 0.000019 0.000000 -0.015303 -0.000000 0.000019 0.000000 -0.025758 -0.000000 0.000019  
 20 13 10  0.000000 0.722713 -0.000000 -0.000004 0.000000 0.429453 -0.000000 -0.000004 0.000000 0.000009 0.000000 -0.000004 0.000000 -0.429435 0.000000 -0.000004 0.000000 -0.722694 0.000000 -0.000004  
 21 15 16  0.000000 -0.006609 0.000000 0.000006 0.000000 -0.003929 0.000000 0.000006 0.000000 -0.000004 0.000000 0.000006 0.000000 0.003921 -0.000000 0.000006 0.000000 0.006602 -0.000000 0.000006  
 22 16 17  0.000000 0.395871 0.000000 -0.000001 0.000000 0.235233 0.000000 -0.000001 0.000000 -0.000002 0.000000 -0.000001 0.000000 -0.235238 -0.000000 -0.000001 0.000000 -0.395876 -0.000000 -0.000001  
 23 17 18  0.000000 -0.006602 -0.000000 0.000006 0.000000 -0.003921 -0.000000 0.000006 0.000000 0.000004 0.000000 0.000006 0.000000 0.003929 0.000000 0.000006 0.000000 0.006610 0.000000 0.000006  
 24 18 15  0.000000 0.395876 -0.000000 -0.000002 0.000000 0.235238 -0.000000 -0.000002 0.000000 0.000002 0.000000 -0.000002 0.000000 -0.235233 0.000000 -0.000002 0.000000 -0.395872 0.000000 -0.000002  
 118 118 128  -23.601094 -0.354090 0.025504 0.000018 -23.601448 -0.335640 0.023869 0.000018 -23.601960 -0.308623 0.021476 0.000018 -23.602462 -0.281605 0.019082 0.000018 -23.602800 -0.263156 0.017447 0.000018  
 128 128 138  -23.601154 -0.253741 0.016613 0.000018 -23.601485 -0.235292 0.014978 0.000018 -23.601959 -0.208274 0.012584 0.000018 -23.602426 -0.181257 0.010190 0.000018 -23.602738 -0.162807 0.008556 0.000018  
 138 138 148  -23.601248 -0.153393 0.007724 0.000018 -23.601553 -0.134943 0.006087 0.000018 -23.601985 -0.107925 0.003690 0.000018 -23.602361 -0.080909 0.001298 0.000018 -23.602575 -0.062457 -0.000332 0.000018  
 148 148 158  -23.601686 -0.053039 -0.001161 0.000018 -23.601843 -0.034596 -0.002806 0.000018 -23.602003 -0.007580 -0.005205 0.000018 -23.602081 0.019442 -0.007594 0.000018 -23.602076 0.037892 -0.009217 0.000018  
 158 158 168  -23.602362 0.047293 -0.010071 0.000018 -23.602281 0.065759 -0.011695 0.000018 -23.602018 0.092777 -0.014083 0.000018 -23.601644 0.119787 -0.016484 0.000018 -23.601361 0.138234 -0.018127 0.000018  
 168 168 178  -23.602721 0.147654 -0.018953 0.000018 -23.602421 0.166103 -0.020588 0.000018 -23.601961 0.193120 -0.022981 0.000018 -23.601491 0.220138 -0.025375 0.000018 -23.601164 0.238587 -0.027010 0.000018  
 178 178 188  -23.602782 0.248002 -0.027844 0.000018 -23.602450 0.266452 -0.029479 0.000018 -23.601958 0.293469 -0.031873 0.000018 -23.601459 0.320486 -0.034267 0.000018 -23.601114 0.338936 -0.035902 0.000018  
 188 188 198  -23.602832 0.348351 -0.036736 0.000018 -23.602481 0.366800 -0.038370 0.000018 -23.601959 0.393817 -0.040764 0.000018 -23.601429 0.420835 -0.043158 0.000018 -23.601063 0.439285 -0.044793 0.000018  
 198 198 13  -23.602876 0.448699 -0.045627 0.000018 -23.602506 0.467149 -0.047262 0.000018 -23.601958 0.494166 -0.049656 0.000018 -23.601404 0.521184 -0.052050 0.000018 -23.601022 0.539633 -0.053684 0.000018  
