 1 1 5  -47.715108 -6.770593 -5.298654 0.067044 -41.338842 -5.143983 -3.939616 0.067044 -34.631716 -2.336144 -1.607668 0.067044 -34.486404 1.739923 1.830810 0.067044 -37.912846 3.830809 3.501062 0.067044  
 2 2 6  -54.675086 -7.086909 -5.454263 0.067044 -49.028231 -5.421800 -4.116509 0.067044 -44.600045 -2.335879 -1.639219 0.067044 -44.543973 1.717108 1.693919 0.067044 -46.098859 4.061009 3.568888 0.067044  
 3 3 7  -44.331730 -6.730369 -5.088131 0.067044 -37.603715 -5.045068 -3.768875 0.067044 -29.699749 -2.212785 -1.607533 0.067044 -29.563728 1.974144 1.678968 0.067044 -34.117980 4.001436 3.198647 0.067044  
 4 4 8  -37.387097 -6.355556 -4.900632 0.067044 -29.980773 -4.672444 -3.547993 0.067044 -19.738272 -2.034254 -1.425708 0.067044 -19.639338 1.804093 1.629994 0.067044 -26.237492 3.651948 3.053845 0.067044  
 5 5 10  -27.886922 -3.751341 -2.299731 -0.040542 -24.185603 -2.441428 -1.472276 -0.040542 -23.360451 0.311352 0.344915 -0.040542 -25.435802 2.833777 1.962433 -0.040542 -29.475423 4.099439 2.749269 -0.040542  
 6 6 11  -31.976287 -3.953623 -2.249645 -0.040542 -29.072264 -2.551613 -1.432482 -0.040542 -28.914692 0.310852 0.359686 -0.040542 -30.002833 2.978183 1.979999 -0.040542 -33.446508 4.304625 2.730805 -0.040542  
 7 7 12  -26.022030 -3.989149 -2.031988 -0.040542 -21.524641 -2.614407 -1.263569 -0.040542 -19.868244 0.291585 0.359580 -0.040542 -22.943412 2.950660 1.773575 -0.040542 -27.631200 4.305287 2.505520 -0.040542  
 8 8 118  -19.549019 -4.050144 -2.275618 -0.040542 -18.891189 -3.894370 -2.182712 -0.040542 -17.925042 -3.665826 -2.046397 -0.040542 -16.955458 -3.436776 -1.909749 -0.040542 -16.292832 -3.280170 -1.816035 -0.040542  
 9 10 15  -14.152141 -2.223547 -1.588904 0.007279 -10.264187 -1.209986 -0.904489 0.007279 -9.160202 0.872064 0.520365 0.007279 -14.576075 2.378725 1.563734 0.007279 -18.723316 3.347317 2.247669 0.007279  
 10 11 16  -15.554155 -2.316514 -1.555969 0.007279 -11.971415 -1.280679 -0.889961 0.007279 -11.189117 0.902087 0.560426 0.007279 -16.040065 2.466266 1.580732 0.007279 -20.064341 3.440369 2.236180 0.007279  
 11 12 17  -13.685915 -2.404772 -1.450938 0.007279 -9.381989 -1.337548 -0.783523 0.007279 -7.792067 0.800872 0.514514 0.007279 -13.784821 2.410494 1.491967 0.007279 -18.190618 3.454056 2.150231 0.007279  
 12 13 18  -12.275291 -2.300397 -1.481425 0.007279 -7.776981 -1.240214 -0.790214 0.007279 -5.836192 0.737852 0.455138 0.007279 -12.306085 2.309531 1.475030 0.007279 -16.818398 3.355755 2.153151 0.007279  
 13 5 6  0.000000 -5.601013 0.000000 -0.200581 0.000000 -3.317139 0.000000 -0.200581 0.000000 0.027329 0.000000 -0.200581 0.000000 3.371796 -0.000000 -0.200581 0.000000 5.655670 -0.000000 -0.200581  
 14 6 7  0.000000 7.985214 0.000000 0.277205 0.000000 4.771561 0.000000 0.277205 0.000000 0.065540 0.000000 0.277205 0.000000 -4.640482 -0.000000 0.277205 0.000000 -7.854135 -0.000000 0.277205  
 15 7 8  0.000000 -5.644247 -0.000000 -0.429756 0.000000 -3.365008 -0.000000 -0.429756 0.000000 -0.027329 0.000000 -0.429756 0.000000 3.310351 0.000000 -0.429756 0.000000 5.589589 0.000000 -0.429756  
 16 8 5  0.000000 7.842711 -0.000000 0.391251 0.000000 4.633693 -0.000000 0.391251 0.000000 -0.065540 0.000000 0.391251 0.000000 -4.764773 0.000000 0.391251 0.000000 -7.973790 0.000000 0.391251  
 17 10 11  0.000000 -4.302172 0.000000 -0.160239 0.000000 -2.549485 0.000000 -0.160239 0.000000 0.017122 0.000000 -0.160239 0.000000 2.583729 -0.000000 -0.160239 0.000000 4.336416 -0.000000 -0.160239  
 18 11 12  0.000000 6.799667 0.000000 0.201001 0.000000 4.061797 0.000000 0.201001 0.000000 0.052504 0.000000 0.201001 0.000000 -3.956790 -0.000000 0.201001 0.000000 -6.694660 -0.000000 0.201001  
 19 12 13  0.000000 -4.312803 -0.000000 -0.357147 0.000000 -2.569697 -0.000000 -0.357147 0.000000 -0.017122 0.000000 -0.357147 0.000000 2.535454 0.000000 -0.357147 0.000000 4.278559 0.000000 -0.357147  
 20 13 10  0.000000 6.671047 -0.000000 0.279071 0.000000 3.942758 -0.000000 0.279071 0.000000 -0.052504 0.000000 0.279071 0.000000 -4.047765 0.000000 0.279071 0.000000 -6.776054 0.000000 0.279071  
 21 15 16  0.000000 -2.274287 0.000000 -0.052736 0.000000 -1.348672 0.000000 -0.052736 0.000000 0.006785 0.000000 -0.052736 0.000000 1.362242 -0.000000 -0.052736 0.000000 2.287858 -0.000000 -0.052736  
 22 16 17  0.000000 3.557252 -0.000000 0.057674 0.000000 2.122815 -0.000000 0.057674 0.000000 0.022249 0.000000 0.057674 0.000000 -2.078317 0.000000 0.057674 0.000000 -3.512754 0.000000 0.057674  
 23 17 18  0.000000 -2.262313 -0.000000 -0.065908 0.000000 -1.347063 -0.000000 -0.065908 0.000000 -0.006785 0.000000 -0.065908 0.000000 1.333493 0.000000 -0.065908 0.000000 2.248743 0.000000 -0.065908  
 24 18 15  0.000000 3.487210 0.000000 0.063116 0.000000 2.063138 0.000000 0.063116 0.000000 -0.022249 0.000000 0.063116 0.000000 -2.107636 -0.000000 0.063116 0.000000 -3.531708 -0.000000 0.063116  
 118 118 128  -19.421609 -3.198764 -1.769470 -0.040542 -18.805519 -3.044582 -1.675739 -0.040542 -17.911955 -2.817517 -1.538442 -0.040542 -17.041100 -2.587049 -1.402699 -0.040542 -16.451722 -2.428718 -1.309979 -0.040542  
 128 128 138  -18.848826 -2.341683 -1.256493 -0.040542 -18.429516 -2.194754 -1.169061 -0.040542 -17.873681 -1.973291 -1.035451 -0.040542 -17.401749 -1.739430 -0.896607 -0.040542 -17.147424 -1.568985 -0.796300 -0.040542  
 138 138 148  -17.964640 -1.490452 -0.745307 -0.040542 -17.901503 -1.348556 -0.664401 -0.040542 -17.903026 -1.121175 -0.529318 -0.040542 -17.934399 -0.886385 -0.387424 -0.040542 -17.951781 -0.725974 -0.290543 -0.040542  
 148 148 158  -17.909969 -0.651232 -0.247238 -0.040542 -17.919801 -0.495471 -0.154574 -0.040542 -17.926992 -0.266776 -0.018155 -0.040542 -17.927874 -0.037781 0.118732 -0.040542 -17.925125 0.118626 0.211933 -0.040542  
 158 158 168  -17.952459 0.197866 0.259214 -0.040542 -17.944216 0.354356 0.352549 -0.040542 -17.927637 0.583386 0.489387 -0.040542 -17.902899 0.811932 0.625664 -0.040542 -17.882217 0.967861 0.718613 -0.040542  
 168 168 178  -17.653318 1.027959 0.749907 -0.040542 -17.680737 1.207354 0.862885 -0.040542 -17.852881 1.445050 1.005730 -0.040542 -18.146359 1.661867 1.132640 -0.040542 -18.401297 1.801630 1.213340 -0.040542  
 178 178 188  -16.702276 1.892792 1.272161 -0.040542 -17.167270 2.054344 1.367610 -0.040542 -17.900089 2.285963 1.503263 -0.040542 -18.672051 2.511428 1.639757 -0.040542 -19.214293 2.663376 1.732723 -0.040542  
 188 188 198  -16.335578 2.746732 1.780539 -0.040542 -16.980875 2.903663 1.873792 -0.040542 -17.924645 3.132722 2.010437 -0.040542 -18.864993 3.361288 2.146765 -0.040542 -19.508803 3.516669 2.240110 -0.040542  
 198 198 13  -16.280281 3.596670 2.287373 -0.040542 -16.948850 3.753359 2.380905 -0.040542 -17.925140 3.982390 2.517591 -0.040542 -18.898104 4.210915 2.653940 -0.040542 -19.560715 4.366689 2.746869 -0.040542  
