 1 1 5  -45.210426 8.424668 3.998216 0.032031 -36.914406 6.228331 2.918025 0.032031 -25.623597 2.712357 1.153810 0.032031 -25.757541 -2.568679 -1.536330 0.032031 -32.943627 -5.046239 -2.676816 0.032031  
 2 2 6  -38.792001 7.994926 3.944435 0.032031 -29.908917 5.785193 2.811608 0.032031 -16.510442 2.377494 0.981869 0.032031 -16.762628 -2.259210 -1.385996 0.032031 -25.665605 -4.609904 -2.570774 0.032031  
 3 3 7  -52.144701 8.717203 4.275366 0.032031 -44.607352 6.618011 3.159318 0.032031 -35.906256 3.012507 1.242392 0.032031 -35.764007 -2.292184 -1.759718 0.032031 -40.248966 -4.976803 -3.042192 0.032031  
 4 4 8  -58.234091 9.063750 4.307753 0.032031 -51.416849 6.936294 3.233667 0.032031 -45.305966 3.026915 1.264620 0.032031 -45.199028 -2.282518 -1.684484 0.032031 -47.724789 -5.231512 -3.122164 0.032031  
 5 5 10  -27.190363 5.062537 1.303060 -0.049607 -20.857586 3.268273 0.841095 -0.049607 -16.815370 -0.318468 -0.080479 -0.049607 -22.100445 -3.648818 -0.920044 -0.049607 -28.414188 -5.419833 -1.365689 -0.049607  
 6 6 11  -23.101223 4.762655 1.327116 -0.049607 -16.399196 2.980014 0.838726 -0.049607 -10.332786 -0.318878 -0.073573 -0.049607 -17.772373 -3.361683 -0.914446 -0.049607 -24.420331 -5.126153 -1.390269 -0.049607  
 7 7 12  -30.087301 4.856498 1.468105 -0.049607 -25.072389 3.175266 0.996914 -0.049607 -23.454424 -0.404685 -0.073368 -0.049607 -26.397986 -3.705528 -1.049239 -0.049607 -31.632715 -5.331466 -1.517909 -0.049607  
 8 8 118  -33.202840 5.672267 1.653002 -0.049607 -32.428429 5.452758 1.590606 -0.049607 -31.289920 5.130705 1.498737 -0.049607 -30.175712 4.805865 1.405459 -0.049607 -29.432588 4.580958 1.344468 -0.049607  
 9 10 15  -15.819833 3.175489 2.380805 0.018960 -9.185236 1.649220 1.380549 0.018960 -4.776412 -0.862521 -0.224138 0.018960 -14.411762 -3.083425 -1.733184 0.018960 -21.002731 -4.589160 -2.728216 0.018960  
 10 11 16  -13.897208 3.039050 2.348907 0.018960 -7.171521 1.517147 1.316453 0.018960 -2.616165 -0.695671 -0.198279 0.018960 -12.442859 -2.931728 -1.711704 0.018960 -19.082373 -4.438806 -2.730947 0.018960  
 11 12 17  -16.613379 2.976598 2.517030 0.018960 -10.410903 1.547116 1.507214 0.018960 -6.583088 -0.978489 -0.253928 0.018960 -15.472258 -3.028789 -1.833299 0.018960 -21.706066 -4.419431 -2.854817 0.018960  
 12 13 18  -18.468796 3.095612 2.539657 0.018960 -12.471285 1.651870 1.565070 0.018960 -9.022575 -1.089647 -0.275143 0.018960 -17.381943 -3.162571 -1.845254 0.018960 -23.486792 -4.549473 -2.850551 0.018960  
 13 5 6  0.000000 4.359837 -0.000000 -0.418812 0.000000 2.596642 -0.000000 -0.418812 0.000000 0.014648 0.000000 -0.418812 0.000000 -2.567346 0.000000 -0.418812 0.000000 -4.330542 0.000000 -0.418812  
 14 6 7  0.000000 -10.028144 0.000000 0.336283 0.000000 -5.912756 0.000000 0.336283 0.000000 0.113751 0.000000 0.336283 0.000000 6.140257 -0.000000 0.336283 0.000000 10.255645 -0.000000 0.336283  
 15 7 8  0.000000 4.349121 0.000000 -0.143400 0.000000 2.578387 0.000000 -0.143400 0.000000 -0.014648 0.000000 -0.143400 0.000000 -2.607682 -0.000000 -0.143400 0.000000 -4.378416 -0.000000 -0.143400  
 16 8 5  0.000000 -10.274225 -0.000000 0.262316 0.000000 -6.151298 -0.000000 0.262316 0.000000 -0.113751 0.000000 0.262316 0.000000 5.923797 0.000000 0.262316 0.000000 10.046724 0.000000 0.262316  
 17 10 11  0.000000 4.004475 0.000000 -0.263012 0.000000 2.383394 0.000000 -0.263012 0.000000 0.009509 0.000000 -0.263012 0.000000 -2.364376 -0.000000 -0.263012 0.000000 -3.985457 -0.000000 -0.263012  
 18 11 12  0.000000 -8.648884 0.000000 0.189290 0.000000 -5.115923 0.000000 0.189290 0.000000 0.057688 0.000000 0.189290 0.000000 5.231299 -0.000000 0.189290 0.000000 8.764260 -0.000000 0.189290  
 19 12 13  0.000000 4.016912 -0.000000 -0.079312 0.000000 2.383067 -0.000000 -0.079312 0.000000 -0.009509 0.000000 -0.079312 0.000000 -2.402085 0.000000 -0.079312 0.000000 -4.035930 0.000000 -0.079312  
 20 13 10  0.000000 -8.795715 -0.000000 0.168795 0.000000 -5.249990 -0.000000 0.168795 0.000000 -0.057688 0.000000 0.168795 0.000000 5.134614 0.000000 0.168795 0.000000 8.680339 0.000000 0.168795  
 21 15 16  0.000000 2.826552 -0.000000 -0.108152 0.000000 1.685708 -0.000000 -0.108152 0.000000 0.015074 0.000000 -0.108152 0.000000 -1.655560 0.000000 -0.108152 0.000000 -2.796404 0.000000 -0.108152  
 22 16 17  0.000000 -4.470355 0.000000 0.084629 0.000000 -2.635559 0.000000 0.084629 0.000000 0.051287 0.000000 0.084629 0.000000 2.738134 -0.000000 0.084629 0.000000 4.572930 -0.000000 0.084629  
 23 17 18  0.000000 2.832257 0.000000 -0.086365 0.000000 1.676864 0.000000 -0.086365 0.000000 -0.015074 0.000000 -0.086365 0.000000 -1.707012 -0.000000 -0.086365 0.000000 -2.862405 -0.000000 -0.086365  
 24 18 15  0.000000 -4.608783 -0.000000 0.079247 0.000000 -2.759438 -0.000000 0.079247 0.000000 -0.051287 0.000000 0.079247 0.000000 2.656863 0.000000 0.079247 0.000000 4.506208 0.000000 0.079247  
 118 118 128  -32.609301 4.461058 1.310608 -0.049607 -32.035785 4.250269 1.249298 -0.049607 -31.259643 3.933100 1.156522 -0.049607 -30.553029 3.604342 1.063592 -0.049607 -30.129789 3.368590 1.002745 -0.049607  
 128 128 138  -31.566814 3.246538 0.955830 -0.049607 -31.385935 3.048877 0.907564 -0.049607 -31.234006 2.737552 0.824217 -0.049607 -31.200562 2.400562 0.724585 -0.049607 -31.238515 2.156936 0.644694 -0.049607  
 138 138 148  -31.238902 2.064981 0.627620 -0.049607 -31.268209 1.843776 0.564813 -0.049607 -31.306047 1.519815 0.472805 -0.049607 -31.337419 1.195924 0.380720 -0.049607 -31.354802 0.974822 0.317820 -0.049607  
 148 148 158  -31.289096 0.862235 0.286208 -0.049607 -31.298929 0.640585 0.222799 -0.049607 -31.306120 0.316606 0.130668 -0.049607 -31.307001 -0.007075 0.039004 -0.049607 -31.303820 -0.228154 -0.023951 -0.049607  
 158 158 168  -31.331485 -0.341452 -0.056222 -0.049607 -31.323077 -0.562408 -0.119024 -0.049607 -31.306546 -0.886047 -0.210774 -0.049607 -31.282205 -1.210185 -0.303019 -0.049607 -31.261717 -1.431700 -0.366139 -0.049607  
 168 168 178  -31.385861 -1.543352 -0.397055 -0.049607 -31.355784 -1.765217 -0.460618 -0.049607 -31.304423 -2.089996 -0.553501 -0.049607 -31.245110 -2.414583 -0.646068 -0.049607 -31.221303 -2.631692 -0.705225 -0.049607  
 178 178 188  -30.805311 -2.723835 -0.732038 -0.049607 -30.916480 -2.972244 -0.805291 -0.049607 -31.230485 -3.306601 -0.897578 -0.049607 -31.659410 -3.617590 -0.987347 -0.049607 -32.029900 -3.817001 -1.044282 -0.049607  
 188 188 198  -29.699094 -3.945659 -1.081342 -0.049607 -30.324620 -4.172559 -1.144548 -0.049607 -31.284690 -4.498242 -1.236972 -0.049607 -32.275749 -4.819223 -1.328674 -0.049607 -32.956512 -5.037243 -1.391101 -0.049607  
 198 198 13  -29.315837 -5.152771 -1.422726 -0.049607 -30.121594 -5.374757 -1.486686 -0.049607 -31.304632 -5.699031 -1.578919 -0.049607 -32.482287 -6.022566 -1.670528 -0.049607 -33.284791 -6.242981 -1.732827 -0.049607  
