 1 1 5  -35.725091 0.566255 -0.395999 0.000041 -35.732714 0.394103 -0.259126 0.000041 -35.742718 0.141982 -0.058695 0.000041 -35.744093 -0.110432 0.141902 0.000041 -35.738132 -0.282677 0.278826 0.000041  
 2 2 6  -35.698893 0.566243 -0.395805 0.000041 -35.706545 0.394097 -0.258898 0.000041 -35.716625 0.141999 -0.058416 0.000041 -35.718351 -0.110460 0.141932 0.000041 -35.711959 -0.282650 0.278793 0.000041  
 3 3 7  -36.248882 0.565874 -0.395749 0.000041 -36.256532 0.393687 -0.258847 0.000041 -36.266572 0.141541 -0.058363 0.000041 -36.268397 -0.110297 0.141814 0.000041 -36.262070 -0.282479 0.278713 0.000041  
 4 4 8  -36.275038 0.565886 -0.395979 0.000041 -36.282647 0.393693 -0.259112 0.000041 -36.292510 0.141523 -0.058729 0.000041 -36.294406 -0.110309 0.141917 0.000041 -36.288250 -0.282508 0.278806 0.000041  
 5 5 10  -23.988014 0.190097 0.085922 0.000018 -23.991484 0.084241 0.086069 0.000018 -23.994467 -0.070875 0.086381 0.000018 -23.990499 -0.225949 0.086636 0.000018 -23.986925 -0.331804 0.086772 0.000018  
 6 6 11  -23.812564 0.190114 0.085900 0.000018 -23.816047 0.084256 0.086095 0.000018 -23.818974 -0.070895 0.086376 0.000018 -23.814785 -0.225970 0.086603 0.000018 -23.811209 -0.331828 0.086779 0.000018  
 7 7 12  -24.005793 0.190219 0.085896 0.000018 -24.009287 0.084287 0.086091 0.000018 -24.012308 -0.070767 0.086331 0.000018 -24.008022 -0.225897 0.086592 0.000018 -24.004427 -0.331831 0.086775 0.000018  
 8 8 118  -24.183498 0.214506 0.085841 0.000018 -24.183872 0.203916 0.085860 0.000018 -24.184413 0.188407 0.085888 0.000018 -24.184946 0.172899 0.085915 0.000018 -24.185306 0.162308 0.085934 0.000018  
 9 10 15  -12.043175 -0.090070 0.175587 0.000008 -12.044504 -0.078240 0.110429 0.000008 -12.044892 -0.060931 0.015006 0.000008 -12.043094 -0.043599 -0.080402 0.000008 -12.041605 -0.031763 -0.145554 0.000008  
 10 11 16  -11.936768 -0.090060 0.175567 0.000008 -11.938088 -0.078231 0.110425 0.000008 -11.938432 -0.060936 0.014985 0.000008 -11.936696 -0.043605 -0.080413 0.000008 -11.935206 -0.031770 -0.145550 0.000008  
 11 12 17  -11.955641 -0.090029 0.175565 0.000008 -11.956949 -0.078213 0.110422 0.000008 -11.957304 -0.060904 0.014984 0.000008 -11.955566 -0.043594 -0.080413 0.000008 -11.954077 -0.031775 -0.145549 0.000008  
 12 13 18  -12.062044 -0.090040 0.175585 0.000008 -12.063365 -0.078224 0.110426 0.000008 -12.063761 -0.060899 0.015008 0.000008 -12.061969 -0.043588 -0.080400 0.000008 -12.060477 -0.031768 -0.145552 0.000008  
 13 5 6  0.000000 -0.206495 -0.000000 0.000009 0.000000 -0.122714 -0.000000 0.000009 0.000000 -0.000027 0.000000 0.000009 0.000000 0.122660 0.000000 0.000009 0.000000 0.206440 0.000000 0.000009  
 14 6 7  0.000000 -0.492712 -0.000000 0.000049 0.000000 -0.292797 -0.000000 0.000049 0.000000 -0.000043 0.000000 0.000049 0.000000 0.292710 0.000000 0.000049 0.000000 0.492625 0.000000 0.000049  
 15 7 8  0.000000 -0.206439 0.000000 0.000004 0.000000 -0.122659 0.000000 0.000004 0.000000 0.000027 0.000000 0.000004 0.000000 0.122714 -0.000000 0.000004 0.000000 0.206494 -0.000000 0.000004  
 16 8 5  0.000000 -0.492627 0.000000 -0.000008 0.000000 -0.292710 0.000000 -0.000008 0.000000 0.000043 0.000000 -0.000008 0.000000 0.292797 -0.000000 -0.000008 0.000000 0.492713 -0.000000 -0.000008  
 17 10 11  0.000000 0.095465 -0.000000 0.000023 0.000000 0.056724 -0.000000 0.000023 0.000000 -0.000008 0.000000 0.000023 0.000000 -0.056740 0.000000 0.000023 0.000000 -0.095481 0.000000 0.000023  
 18 11 12  0.000000 -0.240849 0.000000 0.000008 0.000000 -0.143121 0.000000 0.000008 0.000000 -0.000009 0.000000 0.000008 0.000000 0.143103 -0.000000 0.000008 0.000000 0.240832 -0.000000 0.000008  
 19 12 13  0.000000 0.095482 0.000000 0.000019 0.000000 0.056740 0.000000 0.000019 0.000000 0.000008 0.000000 0.000019 0.000000 -0.056724 -0.000000 0.000019 0.000000 -0.095466 -0.000000 0.000019  
 20 13 10  0.000000 -0.240832 -0.000000 -0.000006 0.000000 -0.143103 -0.000000 -0.000006 0.000000 0.000009 0.000000 -0.000006 0.000000 0.143121 0.000000 -0.000006 0.000000 0.240850 0.000000 -0.000006  
 21 15 16  0.000000 0.146966 0.000000 0.000006 0.000000 0.087328 0.000000 0.000006 0.000000 -0.000004 0.000000 0.000006 0.000000 -0.087336 -0.000000 0.000006 0.000000 -0.146974 -0.000000 0.000006  
 22 16 17  0.000000 -0.026060 -0.000000 -0.000001 0.000000 -0.015487 -0.000000 -0.000001 0.000000 -0.000003 0.000000 -0.000001 0.000000 0.015482 0.000000 -0.000001 0.000000 0.026055 0.000000 -0.000001  
 23 17 18  0.000000 0.146974 -0.000000 0.000006 0.000000 0.087336 -0.000000 0.000006 0.000000 0.000004 0.000000 0.000006 0.000000 -0.087328 0.000000 0.000006 0.000000 -0.146966 0.000000 0.000006  
 24 18 15  0.000000 -0.026056 0.000000 -0.000002 0.000000 -0.015482 0.000000 -0.000002 0.000000 0.000003 0.000000 -0.000002 0.000000 0.015487 -0.000000 -0.000002 0.000000 0.026061 -0.000000 -0.000002  
 118 118 128  -24.183548 0.156904 0.085944 0.000018 -24.183902 0.146314 0.085963 0.000018 -24.184414 0.130806 0.085990 0.000018 -24.184916 0.115297 0.086018 0.000018 -24.185254 0.104707 0.086037 0.000018  
 128 128 138  -24.183608 0.099303 0.086046 0.000018 -24.183939 0.088712 0.086065 0.000018 -24.184413 0.073204 0.086093 0.000018 -24.184880 0.057696 0.086120 0.000018 -24.185193 0.047105 0.086139 0.000018  
 138 138 148  -24.183702 0.041701 0.086152 0.000018 -24.184007 0.031111 0.086168 0.000018 -24.184439 0.015603 0.086192 0.000018 -24.184816 0.000093 0.086222 0.000018 -24.185029 -0.010495 0.086246 0.000018  
 148 148 158  -24.184150 -0.015894 0.086259 0.000018 -24.184305 -0.026492 0.086269 0.000018 -24.184466 -0.042004 0.086293 0.000018 -24.184525 -0.057506 0.086324 0.000018 -24.184502 -0.068095 0.086352 0.000018  
 158 158 168  -24.184809 -0.073512 0.086345 0.000018 -24.184723 -0.084088 0.086373 0.000018 -24.184460 -0.099597 0.086405 0.000018 -24.184114 -0.115111 0.086428 0.000018 -24.183844 -0.125703 0.086439 0.000018  
 168 168 178  -24.185170 -0.131104 0.086456 0.000018 -24.184873 -0.141694 0.086475 0.000018 -24.184417 -0.157202 0.086503 0.000018 -24.183947 -0.172711 0.086530 0.000018 -24.183621 -0.183301 0.086548 0.000018  
 178 178 188  -24.185236 -0.188705 0.086558 0.000018 -24.184904 -0.199296 0.086577 0.000018 -24.184412 -0.214804 0.086605 0.000018 -24.183913 -0.230312 0.086632 0.000018 -24.183568 -0.240903 0.086651 0.000018  
 188 188 198  -24.185286 -0.246307 0.086661 0.000018 -24.184935 -0.256897 0.086680 0.000018 -24.184413 -0.272406 0.086707 0.000018 -24.183883 -0.287914 0.086735 0.000018 -24.183517 -0.298504 0.086753 0.000018  
 198 198 13  -24.185331 -0.303908 0.086763 0.000018 -24.184960 -0.314499 0.086782 0.000018 -24.184412 -0.330007 0.086810 0.000018 -24.183858 -0.345516 0.086837 0.000018 -24.183476 -0.356106 0.086856 0.000018  
