 1 1 5  -34.047187 1.391513 -0.179325 0.000332 -34.082263 0.963730 -0.176258 0.000332 -34.123009 0.337503 -0.171757 0.000332 -34.125015 -0.289188 -0.166237 0.000332 -34.101427 -0.716982 -0.162961 0.000332  
 2 2 6  -36.195902 1.391193 -0.177861 0.000332 -36.231172 0.963459 -0.174796 0.000332 -36.272567 0.337254 -0.170316 0.000332 -36.274826 -0.288909 -0.166306 0.000332 -36.250346 -0.716720 -0.163432 0.000332  
 3 3 7  -37.842325 1.390442 -0.177158 0.000332 -37.877495 0.962708 -0.174208 0.000332 -37.918610 0.336510 -0.169896 0.000332 -37.921342 -0.288986 -0.166764 0.000332 -37.896513 -0.716516 -0.163919 0.000332  
 4 4 8  -35.693167 1.390720 -0.178627 0.000332 -35.728190 0.962933 -0.175671 0.000332 -35.769315 0.336668 -0.171350 0.000332 -35.772336 -0.289096 -0.166441 0.000332 -35.747106 -0.716701 -0.163448 0.000332  
 5 5 10  -22.723789 0.407115 -0.742601 0.000073 -22.734212 0.196361 -0.528381 0.000073 -22.742847 -0.112494 -0.214378 0.000073 -22.730274 -0.421169 0.099640 0.000073 -22.717939 -0.631906 0.313931 0.000073  
 6 6 11  -24.456443 0.406918 -0.742771 0.000073 -24.467023 0.196220 -0.528388 0.000073 -24.475956 -0.112448 -0.214560 0.000073 -24.462928 -0.421117 0.099409 0.000073 -24.450538 -0.631824 0.313917 0.000073  
 7 7 12  -25.258867 0.406973 -0.742619 0.000073 -25.269391 0.196162 -0.528280 0.000073 -25.277945 -0.112458 -0.214689 0.000073 -25.264643 -0.421037 0.099200 0.000073 -25.252288 -0.631857 0.313663 0.000073  
 8 8 118  -23.531789 0.455542 -0.791742 0.000073 -23.532969 0.434460 -0.770312 0.000073 -23.534666 0.403589 -0.738931 0.000073 -23.536324 0.372719 -0.707548 0.000073 -23.537435 0.351638 -0.686117 0.000073  
 9 10 15  -11.468210 0.129624 -0.972047 0.000798 -11.474867 0.029798 -0.552652 0.000798 -11.478477 -0.116353 0.061518 0.000798 -11.471173 -0.262486 0.675578 0.000798 -11.538292 -0.349907 1.079574 0.000798  
 10 11 16  -12.257342 0.129601 -0.970979 0.000798 -12.263997 0.029779 -0.552210 0.000798 -12.267557 -0.116342 0.060930 0.000798 -12.260230 -0.262463 0.673998 0.000798 -12.291571 -0.355311 1.084688 0.000798  
 11 12 17  -12.510307 0.129331 -0.970964 0.000798 -12.516963 0.029654 -0.552212 0.000798 -12.520290 -0.116186 0.060894 0.000798 -12.513122 -0.262060 0.673975 0.000798 -12.534305 -0.356424 1.086740 0.000798  
 12 13 18  -11.721474 0.129356 -0.972032 0.000798 -11.728144 0.029675 -0.552648 0.000798 -11.731576 -0.116196 0.061484 0.000798 -11.724361 -0.262082 0.675555 0.000798 -11.778780 -0.351182 1.082156 0.000798  
 13 5 6  0.000000 -0.575316 -0.000000 -0.000248 0.000000 -0.341931 -0.000000 -0.000248 0.000000 -0.000166 0.000000 -0.000248 0.000000 0.341600 0.000000 -0.000248 0.000000 0.574985 0.000000 -0.000248  
 14 6 7  0.000000 -1.166008 0.000000 0.000389 0.000000 -0.692898 0.000000 0.000389 0.000000 -0.000083 0.000000 0.000389 0.000000 0.692732 -0.000000 0.000389 0.000000 1.165842 -0.000000 0.000389  
 15 7 8  0.000000 -0.574971 0.000000 -0.000194 0.000000 -0.341592 0.000000 -0.000194 0.000000 0.000166 0.000000 -0.000194 0.000000 0.341923 -0.000000 -0.000194 0.000000 0.575303 -0.000000 -0.000194  
 16 8 5  0.000000 -1.165855 -0.000000 0.000317 0.000000 -0.692740 -0.000000 0.000317 0.000000 0.000083 0.000000 0.000317 0.000000 0.692906 0.000000 0.000317 0.000000 1.166022 0.000000 0.000317  
 17 10 11  0.000000 -1.309151 -0.000000 0.000477 0.000000 -0.777925 -0.000000 0.000477 0.000000 -0.000006 0.000000 0.000477 0.000000 0.777913 0.000000 0.000477 0.000000 1.309140 0.000000 0.000477  
 18 11 12  0.000000 -0.760086 -0.000000 -0.000056 0.000000 -0.451662 -0.000000 -0.000056 0.000000 -0.000010 0.000000 -0.000056 0.000000 0.451642 0.000000 -0.000056 0.000000 0.760066 0.000000 -0.000056  
 19 12 13  0.000000 -1.309123 0.000000 0.000482 0.000000 -0.777903 0.000000 0.000482 0.000000 0.000006 0.000000 0.000482 0.000000 0.777915 -0.000000 0.000482 0.000000 1.309135 -0.000000 0.000482  
 20 13 10  0.000000 -0.760083 0.000000 -0.000129 0.000000 -0.451652 0.000000 -0.000129 0.000000 0.000010 0.000000 -0.000129 0.000000 0.451672 -0.000000 -0.000129 0.000000 0.760103 -0.000000 -0.000129  
 21 15 16  0.000000 -1.083539 0.000000 0.001185 0.000000 -0.643718 0.000000 0.001185 0.000000 0.000348 0.000000 0.001185 0.000000 0.644415 -0.000000 0.001185 0.000000 1.084236 -0.000000 0.001185  
 22 16 17  0.000000 -0.347489 0.000000 -0.000445 0.000000 -0.206453 0.000000 -0.000445 0.000000 0.000078 0.000000 -0.000445 0.000000 0.206609 -0.000000 -0.000445 0.000000 0.347645 -0.000000 -0.000445  
 23 17 18  0.000000 -1.084223 -0.000000 0.001149 0.000000 -0.644407 -0.000000 0.001149 0.000000 -0.000348 0.000000 0.001149 0.000000 0.643710 0.000000 0.001149 0.000000 1.083526 0.000000 0.001149  
 24 18 15  0.000000 -0.347658 -0.000000 -0.000562 0.000000 -0.206616 -0.000000 -0.000562 0.000000 -0.000078 0.000000 -0.000562 0.000000 0.206461 0.000000 -0.000562 0.000000 0.347502 0.000000 -0.000562  
 118 118 128  -23.532056 0.340879 -0.675180 0.000073 -23.533135 0.319799 -0.653752 0.000073 -23.534671 0.288928 -0.622371 0.000073 -23.536160 0.258057 -0.590988 0.000073 -23.537149 0.236976 -0.569556 0.000073  
 128 128 138  -23.532334 0.226219 -0.558621 0.000073 -23.533293 0.205137 -0.537191 0.000073 -23.534666 0.174266 -0.505810 0.000073 -23.536000 0.143395 -0.474427 0.000073 -23.536888 0.122315 -0.452996 0.000073  
 138 138 148  -23.532670 0.111561 -0.442063 0.000073 -23.533523 0.090475 -0.420631 0.000073 -23.534700 0.059600 -0.389247 0.000073 -23.535776 0.028733 -0.357868 0.000073 -23.536461 0.007656 -0.336438 0.000073  
 148 148 158  -23.533638 -0.003116 -0.325458 0.000073 -23.534254 -0.024183 -0.304072 0.000073 -23.534929 -0.055051 -0.272724 0.000073 -23.535064 -0.085940 -0.241303 0.000073 -23.534903 -0.107002 -0.219839 0.000073  
 158 158 168  -23.536316 -0.117784 -0.208948 0.000073 -23.535767 -0.138845 -0.187507 0.000073 -23.534744 -0.169711 -0.156126 0.000073 -23.533550 -0.200591 -0.124747 0.000073 -23.532671 -0.221682 -0.103319 0.000073  
 168 168 178  -23.537040 -0.232432 -0.092380 0.000073 -23.536104 -0.253510 -0.070950 0.000073 -23.534676 -0.284380 -0.039568 0.000073 -23.533191 -0.315252 -0.008186 0.000073 -23.532154 -0.336335 0.013245 0.000073  
 178 178 188  -23.537347 -0.347092 0.024180 0.000073 -23.536277 -0.368172 0.045611 0.000073 -23.534669 -0.399043 0.076992 0.000073 -23.533017 -0.429914 0.108375 0.000073 -23.531866 -0.450996 0.129805 0.000073  
 188 188 198  -23.537612 -0.461753 0.140740 0.000073 -23.536432 -0.482834 0.162171 0.000073 -23.534670 -0.513705 0.193553 0.000073 -23.532861 -0.544576 0.224935 0.000073 -23.531601 -0.565657 0.246365 0.000073  
 198 198 13  -23.538011 -0.576415 0.257302 0.000073 -23.536672 -0.597496 0.278731 0.000073 -23.534671 -0.628366 0.310113 0.000073 -23.532624 -0.659238 0.341495 0.000073 -23.531196 -0.680320 0.362927 0.000073  
