 1 1 5  -40.639638 -3.944451 -5.243909 -0.012949 -36.466864 -2.975739 -3.966179 -0.012949 -33.419827 -1.145295 -1.542101 -0.012949 -33.386962 1.259545 1.554095 -0.012949 -34.827462 2.575700 3.295852 -0.012949  
 2 2 6  -45.970720 -4.095804 -5.410116 -0.012949 -42.383535 -3.109013 -4.103949 -0.012949 -40.684678 -1.138402 -1.543694 -0.012949 -40.647990 1.251333 1.492469 -0.012949 -41.136582 2.693204 3.355803 -0.012949  
 3 3 7  -41.959610 -4.010594 -5.263336 -0.012949 -37.928514 -3.027267 -3.991300 -0.012949 -35.274104 -1.141457 -1.551295 -0.012949 -35.251871 1.289229 1.501596 -0.012949 -36.408182 2.653796 3.268823 -0.012949  
 4 4 8  -36.798615 -3.848957 -5.084524 -0.012949 -32.159128 -2.877762 -3.825525 -0.012949 -27.876436 -1.144936 -1.544778 -0.012949 -27.874604 1.295394 1.560336 -0.012949 -30.293971 2.510662 3.175308 -0.012949  
 5 5 10  -23.387110 -1.317218 -2.114720 0.002333 -23.090282 -0.642024 -1.062716 0.002333 -23.233622 0.511897 0.681611 0.002333 -23.896888 1.515862 2.253706 0.002333 -25.744647 1.998421 3.049875 0.002333  
 6 6 11  -26.003119 -1.360221 -2.082032 0.002333 -25.997199 -0.638053 -1.003404 0.002333 -26.152528 0.511462 0.687047 0.002333 -26.447432 1.559370 2.263215 0.002333 -27.996773 2.063773 3.071756 0.002333  
 7 7 12  -24.014605 -1.381962 -2.051035 0.002333 -23.795848 -0.674388 -1.007896 0.002333 -23.942040 0.508841 0.687075 0.002333 -24.489418 1.554157 2.227332 0.002333 -26.255255 2.056798 3.010835 0.002333  
 8 8 118  -22.071643 -1.452594 -2.258933 0.002333 -21.868235 -1.386980 -2.160001 0.002333 -21.593001 -1.289231 -2.011058 0.002333 -21.365822 -1.185634 -1.855166 0.002333 -21.236081 -1.112318 -1.744072 0.002333  
 9 10 15  -11.901041 0.043314 0.270677 -0.000461 -11.990793 0.189203 0.395604 -0.000461 -12.004782 0.404985 0.585702 -0.000461 -11.928325 0.613109 0.764499 -0.000461 -11.910344 0.732197 0.859273 -0.000461  
 10 11 16  -12.515318 0.043911 0.305831 -0.000461 -12.599813 0.189587 0.423186 -0.000461 -12.609877 0.404512 0.599549 -0.000461 -12.515397 0.614118 0.767476 -0.000461 -12.470605 0.738255 0.859955 -0.000461  
 11 12 17  -11.987239 0.022363 0.304997 -0.000461 -12.071031 0.173080 0.422744 -0.000461 -12.082105 0.396694 0.599827 -0.000461 -12.001987 0.612563 0.766711 -0.000461 -11.985040 0.736984 0.855061 -0.000461  
 12 13 18  -11.378046 0.021699 0.269722 -0.000461 -11.466042 0.172635 0.395113 -0.000461 -11.479807 0.396990 0.585829 -0.000461 -11.425772 0.610321 0.762367 -0.000461 -11.430099 0.730965 0.854448 -0.000461  
 13 5 6  0.000000 -5.354350 0.000000 -0.067036 0.000000 -3.176908 0.000000 -0.067036 0.000000 0.011702 0.000000 -0.067036 0.000000 3.200313 -0.000000 -0.067036 0.000000 5.377754 -0.000000 -0.067036  
 14 6 7  0.000000 3.963655 0.000000 0.054265 0.000000 2.357910 0.000000 0.054265 0.000000 0.006484 0.000000 0.054265 0.000000 -2.344943 -0.000000 0.054265 0.000000 -3.950688 -0.000000 0.054265  
 15 7 8  0.000000 -5.376626 -0.000000 -0.086985 0.000000 -3.199642 -0.000000 -0.086985 0.000000 -0.011702 0.000000 -0.086985 0.000000 3.176238 0.000000 -0.086985 0.000000 5.353221 0.000000 -0.086985  
 16 8 5  0.000000 3.949559 -0.000000 0.083373 0.000000 2.344272 -0.000000 0.083373 0.000000 -0.006484 0.000000 0.083373 0.000000 -2.357240 0.000000 0.083373 0.000000 -3.962526 0.000000 0.083373  
 17 10 11  0.000000 -2.912333 -0.000000 -0.030381 0.000000 -1.727612 -0.000000 -0.030381 0.000000 0.007274 0.000000 -0.030381 0.000000 1.742160 0.000000 -0.030381 0.000000 2.926881 0.000000 -0.030381  
 18 11 12  0.000000 2.137889 -0.000000 0.025582 0.000000 1.272085 -0.000000 0.025582 0.000000 0.004215 0.000000 0.025582 0.000000 -1.263654 0.000000 0.025582 0.000000 -2.129458 0.000000 0.025582  
 19 12 13  0.000000 -2.922970 0.000000 -0.063069 0.000000 -1.739836 0.000000 -0.063069 0.000000 -0.007274 0.000000 -0.063069 0.000000 1.725288 -0.000000 -0.063069 0.000000 2.908422 -0.000000 -0.063069  
 20 13 10  0.000000 2.125547 0.000000 0.074494 0.000000 1.261330 0.000000 0.074494 0.000000 -0.004215 0.000000 0.074494 0.000000 -1.269761 -0.000000 0.074494 0.000000 -2.133978 -0.000000 0.074494  
 21 15 16  0.000000 -0.825574 0.000000 0.000636 0.000000 -0.491525 0.000000 0.000636 0.000000 -0.002349 0.000000 0.000636 0.000000 0.486827 -0.000000 0.000636 0.000000 0.820876 -0.000000 0.000636  
 22 16 17  0.000000 0.714330 -0.000000 -0.000970 0.000000 0.423927 -0.000000 -0.000970 0.000000 -0.001335 0.000000 -0.000970 0.000000 -0.426596 0.000000 -0.000970 0.000000 -0.716999 0.000000 -0.000970  
 23 17 18  0.000000 -0.817015 -0.000000 0.000246 0.000000 -0.484533 -0.000000 0.000246 0.000000 0.002349 0.000000 0.000246 0.000000 0.489231 0.000000 0.000246 0.000000 0.821713 0.000000 0.000246  
 24 18 15  0.000000 0.713139 0.000000 -0.000552 0.000000 0.424302 0.000000 -0.000552 0.000000 0.001335 0.000000 -0.000552 0.000000 -0.421633 -0.000000 -0.000552 0.000000 -0.710469 -0.000000 -0.000552  
 118 118 128  -21.687393 -1.073678 -1.688368 0.002333 -21.629622 -1.013099 -1.593522 0.002333 -21.591804 -0.916566 -1.445602 0.002333 -21.603205 -0.810534 -1.287091 0.002333 -21.625689 -0.734866 -1.175425 0.002333  
 128 128 138  -21.573600 -0.706316 -1.129369 0.002333 -21.593598 -0.637463 -1.025263 0.002333 -21.620540 -0.536570 -0.872636 0.002333 -21.644667 -0.435614 -0.719786 0.002333 -21.659500 -0.366645 -0.615280 0.002333  
 138 138 148  -21.593484 -0.331376 -0.562030 0.002333 -21.605258 -0.262623 -0.457953 0.002333 -21.620443 -0.161787 -0.305345 0.002333 -21.633019 -0.060784 -0.152481 0.002333 -21.639825 0.008306 -0.047935 0.002333  
 148 148 158  -21.612812 0.043407 0.005165 0.002333 -21.616317 0.112224 0.109360 0.002333 -21.619909 0.213100 0.262049 0.002333 -21.621746 0.314093 0.414865 0.002333 -21.622210 0.383056 0.519221 0.002333  
 158 158 168  -21.630625 0.417901 0.572029 0.002333 -21.627884 0.487105 0.676737 0.002333 -21.620795 0.588199 0.829649 0.002333 -21.610415 0.688926 0.982163 0.002333 -21.601794 0.757607 1.086179 0.002333  
 168 168 178  -21.606886 0.787065 1.133249 0.002333 -21.596216 0.861659 1.243687 0.002333 -21.593328 0.967869 1.402206 0.002333 -21.638327 1.064657 1.550387 0.002333 -21.699073 1.125357 1.645869 0.002333  
 178 178 188  -21.233744 1.163534 1.701135 0.002333 -21.365103 1.237235 1.811921 0.002333 -21.593301 1.340730 1.967972 0.002333 -21.867753 1.438492 2.117198 0.002333 -22.075686 1.503917 2.215464 0.002333  
 188 188 198  -20.867925 1.541856 2.271464 0.002333 -21.160057 1.611670 2.378799 0.002333 -21.603625 1.712997 2.533582 0.002333 -22.076144 1.814034 2.683833 0.002333 -22.409957 1.880909 2.786085 0.002333  
 198 198 13  -20.653029 1.916493 2.840939 0.002333 -21.038913 1.986706 2.945820 0.002333 -21.610565 2.088151 3.099214 0.002333 -22.198031 2.187743 3.251922 0.002333 -22.606691 2.257140 3.354278 0.002333  
