 1 1 5  -34.825667 -0.045877 -0.250094 0.000086 -34.847303 -0.015775 -0.218343 0.000086 -34.873258 0.028408 -0.171841 0.000086 -34.875094 0.071706 -0.124667 0.000086 -34.859773 0.101801 -0.092795 0.000086  
 2 2 6  -36.550881 -0.046583 -0.249416 0.000086 -36.572675 -0.016386 -0.217644 0.000086 -36.599181 0.027930 -0.171132 0.000086 -36.602296 0.072151 -0.124718 0.000086 -36.585558 0.102394 -0.092958 0.000086  
 3 3 7  -37.105019 -0.047295 -0.248598 0.000086 -37.126637 -0.017114 -0.216935 0.000086 -37.152506 0.027184 -0.170602 0.000086 -37.154803 0.072323 -0.125210 0.000086 -37.139388 0.102618 -0.093625 0.000086  
 4 4 8  -35.378849 -0.046652 -0.249336 0.000086 -35.400392 -0.016575 -0.217706 0.000086 -35.426471 0.027551 -0.171427 0.000086 -35.429803 0.071990 -0.124986 0.000086 -35.413222 0.102136 -0.093342 0.000086  
 5 5 10  -23.098526 0.197549 -0.671827 0.000029 -23.105417 0.148501 -0.453794 0.000029 -23.110433 0.076424 -0.134298 0.000029 -23.101930 0.004553 0.185052 0.000029 -23.093707 -0.044466 0.403039 0.000029  
 6 6 11  -24.402730 0.197293 -0.671925 0.000029 -24.409706 0.148278 -0.453780 0.000029 -24.415881 0.076477 -0.134369 0.000029 -24.406086 0.004715 0.184999 0.000029 -24.397777 -0.044289 0.403099 0.000029  
 7 7 12  -24.890790 0.197470 -0.671680 0.000029 -24.897652 0.148328 -0.453555 0.000029 -24.902971 0.076670 -0.134466 0.000029 -24.894220 0.004818 0.184791 0.000029 -24.885972 -0.044309 0.402867 0.000029  
 8 8 118  -23.589851 0.208961 -0.721631 0.000029 -23.590610 0.204048 -0.699832 0.000029 -23.591703 0.196854 -0.667909 0.000029 -23.592774 0.189660 -0.635987 0.000029 -23.593494 0.184748 -0.614188 0.000029  
 9 10 15  -11.606072 0.301955 -0.616372 0.000007 -11.609820 0.175732 -0.335178 0.000007 -11.611341 -0.009180 0.076655 0.000007 -11.607145 -0.194011 0.488461 0.000007 -11.602752 -0.320231 0.769651 0.000007  
 10 11 16  -12.158167 0.301894 -0.616390 0.000007 -12.161943 0.175682 -0.335171 0.000007 -12.163439 -0.009163 0.076633 0.000007 -12.159230 -0.193954 0.488431 0.000007 -12.154823 -0.320162 0.769650 0.000007  
 11 12 17  -12.389400 0.301945 -0.616320 0.000007 -12.393165 0.175705 -0.335114 0.000007 -12.394656 -0.009111 0.076608 0.000007 -12.390432 -0.193930 0.488372 0.000007 -12.386042 -0.320168 0.769575 0.000007  
 12 13 18  -11.837345 0.302002 -0.616306 0.000007 -11.841122 0.175749 -0.335127 0.000007 -11.842604 -0.009124 0.076635 0.000007 -11.838382 -0.193986 0.488402 0.000007 -11.833986 -0.320236 0.769577 0.000007  
 13 5 6  0.000000 -0.582095 0.000000 -0.000455 0.000000 -0.345925 0.000000 -0.000455 0.000000 -0.000081 0.000000 -0.000455 0.000000 0.345762 -0.000000 -0.000455 0.000000 0.581932 -0.000000 -0.000455  
 14 6 7  0.000000 -0.090753 -0.000000 0.000498 0.000000 -0.053961 -0.000000 0.000498 0.000000 -0.000082 0.000000 0.000498 0.000000 0.053797 0.000000 0.000498 0.000000 0.090590 0.000000 0.000498  
 15 7 8  0.000000 -0.581908 -0.000000 -0.000385 0.000000 -0.345748 -0.000000 -0.000385 0.000000 0.000081 0.000000 -0.000385 0.000000 0.345911 0.000000 -0.000385 0.000000 0.582071 0.000000 -0.000385  
 16 8 5  0.000000 -0.090613 0.000000 0.000419 0.000000 -0.053811 0.000000 0.000419 0.000000 0.000082 0.000000 0.000419 0.000000 0.053974 -0.000000 0.000419 0.000000 0.090777 -0.000000 0.000419  
 17 10 11  0.000000 -1.039150 -0.000000 -0.000160 0.000000 -0.617489 -0.000000 -0.000160 0.000000 -0.000015 0.000000 -0.000160 0.000000 0.617459 0.000000 -0.000160 0.000000 1.039121 0.000000 -0.000160  
 18 11 12  0.000000 -0.354367 -0.000000 0.000195 0.000000 -0.210579 -0.000000 0.000195 0.000000 -0.000018 0.000000 0.000195 0.000000 0.210543 0.000000 0.000195 0.000000 0.354331 0.000000 0.000195  
 19 12 13  0.000000 -1.039088 0.000000 -0.000142 0.000000 -0.617440 0.000000 -0.000142 0.000000 0.000015 0.000000 -0.000142 0.000000 0.617469 -0.000000 -0.000142 0.000000 1.039118 -0.000000 -0.000142  
 20 13 10  0.000000 -0.354364 0.000000 0.000170 0.000000 -0.210562 0.000000 0.000170 0.000000 0.000018 0.000000 0.000170 0.000000 0.210598 -0.000000 0.000170 0.000000 0.354400 -0.000000 0.000170  
 21 15 16  0.000000 -0.762453 -0.000000 -0.000028 0.000000 -0.453069 -0.000000 -0.000028 0.000000 -0.000012 0.000000 -0.000028 0.000000 0.453044 0.000000 -0.000028 0.000000 0.762428 0.000000 -0.000028  
 22 16 17  0.000000 -0.319338 0.000000 0.000032 0.000000 -0.189760 0.000000 0.000032 0.000000 -0.000007 0.000000 0.000032 0.000000 0.189745 -0.000000 0.000032 0.000000 0.319323 -0.000000 0.000032  
 23 17 18  0.000000 -0.762395 0.000000 -0.000025 0.000000 -0.453025 0.000000 -0.000025 0.000000 0.000012 0.000000 -0.000025 0.000000 0.453050 -0.000000 -0.000025 0.000000 0.762420 -0.000000 -0.000025  
 24 18 15  0.000000 -0.319356 -0.000000 0.000030 0.000000 -0.189764 -0.000000 0.000030 0.000000 0.000007 0.000000 0.000030 0.000000 0.189779 0.000000 0.000030 0.000000 0.319371 0.000000 0.000030  
 118 118 128  -23.589987 0.182241 -0.603063 0.000029 -23.590691 0.177328 -0.581265 0.000029 -23.591702 0.170133 -0.549342 0.000029 -23.592694 0.162940 -0.517420 0.000029 -23.593358 0.158027 -0.495620 0.000029  
 128 128 138  -23.590129 0.155521 -0.484497 0.000029 -23.590776 0.150607 -0.462698 0.000029 -23.591706 0.143413 -0.430775 0.000029 -23.592609 0.136219 -0.398852 0.000029 -23.593205 0.131308 -0.377055 0.000029  
 138 138 148  -23.590338 0.128801 -0.365930 0.000029 -23.590904 0.123887 -0.344130 0.000029 -23.591709 0.116692 -0.312208 0.000029 -23.592481 0.109499 -0.280286 0.000029 -23.592991 0.104588 -0.258486 0.000029  
 148 148 158  -23.590776 0.102082 -0.247349 0.000029 -23.591255 0.097164 -0.225560 0.000029 -23.591871 0.089972 -0.193655 0.000029 -23.592242 0.082783 -0.161724 0.000029 -23.591937 0.077860 -0.139896 0.000029  
 158 158 168  -23.593154 0.075358 -0.128798 0.000029 -23.592592 0.070447 -0.106995 0.000029 -23.591712 0.063252 -0.075073 0.000029 -23.590798 0.056058 -0.043152 0.000029 -23.590157 0.051145 -0.021353 0.000029  
 168 168 178  -23.593361 0.048638 -0.010228 0.000029 -23.592700 0.043725 0.011571 0.000029 -23.591706 0.036532 0.043493 0.000029 -23.590685 0.029337 0.075416 0.000029 -23.589975 0.024425 0.097215 0.000029  
 178 178 188  -23.593523 0.021917 0.108339 0.000029 -23.592794 0.017005 0.130138 0.000029 -23.591705 0.009811 0.162060 0.000029 -23.590591 0.002617 0.193983 0.000029 -23.589815 -0.002296 0.215782 0.000029  
 188 188 198  -23.593689 -0.004803 0.226906 0.000029 -23.592893 -0.009715 0.248705 0.000029 -23.591705 -0.016909 0.280627 0.000029 -23.590492 -0.024104 0.312550 0.000029 -23.589649 -0.029016 0.334349 0.000029  
 198 198 13  -23.593847 -0.031523 0.345473 0.000029 -23.592986 -0.036436 0.367272 0.000029 -23.591705 -0.043630 0.399194 0.000029 -23.590399 -0.050824 0.431117 0.000029 -23.589493 -0.055737 0.452916 0.000029  
