 1 1 5  -34.731711 0.651205 -0.450357 0.000043 -34.739335 0.471356 -0.332612 0.000043 -34.749338 0.207965 -0.160192 0.000043 -34.750713 -0.055719 0.012394 0.000043 -34.744753 -0.235661 0.130189 0.000043  
 2 2 6  -35.976377 0.651192 -0.450164 0.000043 -35.984029 0.471350 -0.332384 0.000043 -35.994108 0.207982 -0.159912 0.000043 -35.995834 -0.055748 0.012426 0.000043 -35.989443 -0.235634 0.130160 0.000043  
 3 3 7  -37.242312 0.650829 -0.450107 0.000043 -37.249959 0.470942 -0.332333 0.000043 -37.259987 0.207520 -0.159859 0.000043 -37.261630 -0.055618 0.012319 0.000043 -37.255490 -0.235475 0.130080 0.000043  
 4 4 8  -35.997562 0.650841 -0.450336 0.000043 -36.005172 0.470948 -0.332598 0.000043 -36.015033 0.207503 -0.160226 0.000043 -36.016910 -0.055607 0.012404 0.000043 -36.010774 -0.235504 0.130170 0.000043  
 5 5 10  -23.199040 0.460240 -0.407208 0.000019 -23.202575 0.269732 -0.259855 0.000019 -23.205882 -0.009309 -0.044013 0.000019 -23.201915 -0.288366 0.171821 0.000019 -23.198340 -0.478886 0.319171 0.000019  
 6 6 11  -24.046889 0.460233 -0.407223 0.000019 -24.050437 0.269722 -0.259822 0.000019 -24.053822 -0.009329 -0.044019 0.000019 -24.049634 -0.288387 0.171789 0.000019 -24.046056 -0.478910 0.319181 0.000019  
 7 7 12  -24.794147 0.460323 -0.407200 0.000019 -24.797677 0.269733 -0.259796 0.000019 -24.800953 -0.009262 -0.044027 0.000019 -24.797103 -0.288316 0.171778 0.000019 -24.793512 -0.478919 0.319177 0.000019  
 8 8 118  -23.948814 0.504077 -0.441062 0.000019 -23.949192 0.485022 -0.426324 0.000019 -23.949739 0.457118 -0.404741 0.000019 -23.950278 0.429215 -0.383159 0.000019 -23.950643 0.410160 -0.368421 0.000019  
 9 10 15  -11.696576 0.187984 -0.363952 0.000006 -11.698221 0.075598 -0.192003 0.000006 -11.698846 -0.089031 0.059823 0.000006 -11.696725 -0.253623 0.311649 0.000006 -11.694889 -0.365998 0.483599 0.000006  
 10 11 16  -12.042678 0.187983 -0.363970 0.000006 -12.044320 0.075596 -0.192006 0.000006 -12.044959 -0.089036 0.059803 0.000006 -12.042852 -0.253621 0.311637 0.000006 -12.041005 -0.365995 0.483603 0.000006  
 11 12 17  -12.301636 0.188007 -0.363961 0.000006 -12.303273 0.075606 -0.191999 0.000006 -12.303996 -0.089006 0.059801 0.000006 -12.301828 -0.253608 0.311629 0.000006 -12.299966 -0.365999 0.483593 0.000006  
 12 13 18  -11.955535 0.188009 -0.363944 0.000006 -11.957183 0.075607 -0.191998 0.000006 -11.957881 -0.089002 0.059825 0.000006 -11.955705 -0.253610 0.311643 0.000006 -11.953853 -0.366003 0.483591 0.000006  
 13 5 6  0.000000 -0.548267 0.000000 -0.000004 0.000000 -0.325802 0.000000 -0.000004 0.000000 -0.000028 0.000000 -0.000004 0.000000 0.325746 -0.000000 -0.000004 0.000000 0.548211 -0.000000 -0.000004  
 14 6 7  0.000000 -0.716251 0.000000 0.000066 0.000000 -0.425629 0.000000 0.000066 0.000000 -0.000046 0.000000 0.000066 0.000000 0.425538 -0.000000 0.000066 0.000000 0.716160 -0.000000 0.000066  
 15 7 8  0.000000 -0.548210 -0.000000 -0.000010 0.000000 -0.325745 -0.000000 -0.000010 0.000000 0.000028 0.000000 -0.000010 0.000000 0.325801 0.000000 -0.000010 0.000000 0.548266 0.000000 -0.000010  
 16 8 5  0.000000 -0.716162 -0.000000 0.000010 0.000000 -0.425538 -0.000000 0.000010 0.000000 0.000046 0.000000 0.000010 0.000000 0.425630 0.000000 0.000010 0.000000 0.716253 0.000000 0.000010  
 17 10 11  0.000000 -0.692891 -0.000000 0.000013 0.000000 -0.411732 -0.000000 0.000013 0.000000 -0.000008 0.000000 0.000013 0.000000 0.411716 0.000000 0.000013 0.000000 0.692874 0.000000 0.000013  
 18 11 12  0.000000 -0.674371 -0.000000 0.000014 0.000000 -0.400728 -0.000000 0.000014 0.000000 -0.000009 0.000000 0.000014 0.000000 0.400710 0.000000 0.000014 0.000000 0.674354 0.000000 0.000014  
 19 12 13  0.000000 -0.692872 0.000000 0.000014 0.000000 -0.411714 0.000000 0.000014 0.000000 0.000008 0.000000 0.000014 0.000000 0.411731 -0.000000 0.000014 0.000000 0.692888 -0.000000 0.000014  
 20 13 10  0.000000 -0.674356 0.000000 0.000003 0.000000 -0.400711 0.000000 0.000003 0.000000 0.000009 0.000000 0.000003 0.000000 0.400729 -0.000000 0.000003 0.000000 0.674374 -0.000000 0.000003  
 21 15 16  0.000000 -0.477991 0.000000 0.000000 0.000000 -0.284033 0.000000 0.000000 0.000000 -0.000005 0.000000 0.000000 0.000000 0.284024 -0.000000 0.000000 0.000000 0.477981 -0.000000 0.000000  
 22 16 17  0.000000 -0.357667 0.000000 0.000005 0.000000 -0.212534 0.000000 0.000005 0.000000 -0.000004 0.000000 0.000005 0.000000 0.212526 -0.000000 0.000005 0.000000 0.357658 -0.000000 0.000005  
 23 17 18  0.000000 -0.477979 -0.000000 -0.000000 0.000000 -0.284023 -0.000000 -0.000000 0.000000 0.000005 0.000000 -0.000000 0.000000 0.284032 0.000000 -0.000000 0.000000 0.477989 0.000000 -0.000000  
 24 18 15  0.000000 -0.357660 -0.000000 0.000004 0.000000 -0.212527 -0.000000 0.000004 0.000000 0.000004 0.000000 0.000004 0.000000 0.212535 0.000000 0.000004 0.000000 0.357669 0.000000 0.000004  
 118 118 128  -23.948860 0.400436 -0.360900 0.000019 -23.949219 0.381381 -0.346162 0.000019 -23.949739 0.353477 -0.324579 0.000019 -23.950251 0.325574 -0.302997 0.000019 -23.950596 0.306519 -0.288259 0.000019  
 128 128 138  -23.948919 0.296795 -0.280738 0.000019 -23.949257 0.277740 -0.266000 0.000019 -23.949739 0.249836 -0.244418 0.000019 -23.950214 0.221933 -0.222835 0.000019 -23.950534 0.202878 -0.208097 0.000019  
 138 138 148  -23.948982 0.193156 -0.200576 0.000019 -23.949297 0.174099 -0.185838 0.000019 -23.949750 0.146194 -0.164256 0.000019 -23.950178 0.118290 -0.142673 0.000019 -23.950440 0.099241 -0.127935 0.000019  
 148 148 158  -23.949333 0.089522 -0.120408 0.000019 -23.949542 0.070457 -0.105677 0.000019 -23.949786 0.042548 -0.084097 0.000019 -23.949937 0.014651 -0.062512 0.000019 -23.949991 -0.004397 -0.047768 0.000019  
 158 158 168  -23.950147 -0.014138 -0.040259 0.000019 -23.950050 -0.033179 -0.025514 0.000019 -23.949782 -0.061084 -0.003927 0.000019 -23.949439 -0.088991 0.017651 0.000019 -23.949170 -0.108049 0.032383 0.000019  
 168 168 178  -23.950487 -0.117769 0.039909 0.000019 -23.950195 -0.136824 0.054648 0.000019 -23.949745 -0.164728 0.076231 0.000019 -23.949277 -0.192631 0.097812 0.000019 -23.948951 -0.211686 0.112550 0.000019  
 178 178 188  -23.950563 -0.221410 0.120071 0.000019 -23.950231 -0.240465 0.134810 0.000019 -23.949739 -0.268369 0.156392 0.000019 -23.949240 -0.296273 0.177974 0.000019 -23.948894 -0.315327 0.192712 0.000019  
 188 188 198  -23.950612 -0.325051 0.200233 0.000019 -23.950261 -0.344106 0.214972 0.000019 -23.949739 -0.372010 0.236554 0.000019 -23.949209 -0.399914 0.258136 0.000019 -23.948843 -0.418968 0.272874 0.000019  
 198 198 13  -23.950657 -0.428692 0.280395 0.000019 -23.950286 -0.447747 0.295133 0.000019 -23.949738 -0.475651 0.316716 0.000019 -23.949184 -0.503555 0.338298 0.000019 -23.948802 -0.522609 0.353036 0.000019  
