 1 1 5  -84.122468 -10.845756 13.298480 -0.345911 -69.611411 -7.985353 9.776757 -0.345911 -51.398489 -3.653176 4.127470 -0.345911 -50.639968 2.837676 -4.146336 -0.345911 -61.541850 5.960384 -8.105280 -0.345911  
 2 2 6  -62.577402 -9.790592 12.400953 -0.345911 -46.085439 -6.933542 8.650606 -0.345911 -21.542611 -2.829226 2.941508 -0.345911 -22.642803 2.069260 -3.856087 -0.345911 -39.403789 4.979690 -7.662822 -0.345911  
 3 3 7  -39.261693 -9.040174 10.713727 -0.345911 -22.472776 -5.937381 6.991151 -0.345911 1.469572 -1.385397 1.520094 -0.345911 -0.590191 1.670982 -2.152974 -0.345911 -16.883477 4.728077 -5.921990 -0.345911  
 4 4 8  -64.278800 -10.395790 12.011462 -0.345911 -48.299381 -7.287252 8.548880 -0.345911 -24.636404 -2.692288 3.355371 -0.345911 -24.765087 2.927023 -3.245979 -0.345911 -40.769111 6.035646 -6.821543 -0.345911  
 5 5 10  -50.725320 -7.453772 7.239139 -0.477119 -38.506955 -4.835144 4.608272 -0.477119 -28.885751 -0.008503 -0.273052 -0.477119 -39.078427 4.765276 -4.992744 -0.477119 -51.224930 7.401356 -7.586388 -0.477119  
 6 6 11  -39.275344 -6.672826 7.581767 -0.477119 -25.221398 -4.057468 4.620788 -0.477119 -6.640573 -0.009000 -0.057100 -0.477119 -25.277657 4.038537 -4.685334 -0.477119 -39.252347 6.660660 -7.626909 -0.477119  
 7 7 12  -24.805679 -6.712649 6.561089 -0.477119 -10.196789 -3.709046 3.614761 -0.477119 4.314384 -0.022566 -0.013281 -0.477119 -10.017784 3.614662 -3.647993 -0.477119 -24.523023 6.600606 -6.598330 -0.477119  
 8 8 118  -27.763393 -7.916974 6.682715 -0.477119 -26.404149 -7.626437 6.428467 -0.477119 -24.409973 -7.200527 6.055808 -0.477119 -22.411467 -6.774101 5.682728 -0.477119 -21.050096 -6.482735 5.427862 -0.477119  
 9 10 15  -28.603383 -5.562281 6.420451 -0.032250 -13.763108 -2.843146 3.353503 -0.032250 -1.962483 0.793092 -0.767679 -0.032250 -23.558867 4.800440 -5.248765 -0.032250 -38.301925 7.511992 -8.305387 -0.032250  
 10 11 16  -22.827624 -5.214759 6.428091 -0.032250 -7.724095 -2.509879 3.141509 -0.032250 2.988458 0.461126 -0.447157 -0.032250 -17.198478 4.421977 -5.068804 -0.032250 -32.370447 7.130689 -8.342507 -0.032250  
 11 12 17  -17.390167 -5.420638 6.003620 -0.032250 -2.546704 -2.496553 2.760564 -0.032250 5.953713 0.331833 -0.356578 -0.032250 -11.075797 4.230467 -4.631186 -0.032250 -26.352499 7.162523 -7.889867 -0.032250  
 12 13 18  -23.605825 -5.813564 6.035418 -0.032250 -8.570672 -2.877758 2.971543 -0.032250 2.694677 0.424785 -0.450384 -0.032250 -17.612239 4.638770 -4.851281 -0.032250 -32.809110 7.578358 -7.905804 -0.032250  
 13 5 6  0.000000 14.561470 -0.000000 0.998978 0.000000 8.751620 -0.000000 0.998978 0.000000 0.243770 0.000000 0.998978 0.000000 -8.264080 0.000000 0.998978 0.000000 -14.073930 0.000000 0.998978  
 14 6 7  0.000000 12.824747 -0.000000 -1.653310 0.000000 7.710129 -0.000000 -1.653310 0.000000 0.220366 0.000000 -1.653310 0.000000 -7.269397 0.000000 -1.653310 0.000000 -12.384015 0.000000 -1.653310  
 15 7 8  0.000000 13.948144 0.000000 1.078494 0.000000 8.189335 0.000000 1.078494 0.000000 -0.243770 0.000000 1.078494 0.000000 -8.676876 -0.000000 1.078494 0.000000 -14.435684 -0.000000 1.078494  
 16 8 5  0.000000 12.509801 0.000000 -1.370416 0.000000 7.344141 0.000000 -1.370416 0.000000 -0.220366 0.000000 -1.370416 0.000000 -7.784873 -0.000000 -1.370416 0.000000 -12.950533 -0.000000 -1.370416  
 17 10 11  0.000000 13.563729 -0.000000 0.612699 0.000000 8.101932 -0.000000 0.612699 0.000000 0.103766 0.000000 0.612699 0.000000 -7.894400 0.000000 0.612699 0.000000 -13.356197 0.000000 0.612699  
 18 11 12  0.000000 12.582024 -0.000000 -0.898506 0.000000 7.542258 -0.000000 -0.898506 0.000000 0.162106 0.000000 -0.898506 0.000000 -7.218046 0.000000 -0.898506 0.000000 -12.257813 0.000000 -0.898506  
 19 12 13  0.000000 13.147738 0.000000 0.529908 0.000000 7.770530 0.000000 0.529908 0.000000 -0.103766 0.000000 0.529908 0.000000 -7.978062 -0.000000 0.529908 0.000000 -13.355271 -0.000000 0.529908  
 20 13 10  0.000000 12.466271 0.000000 -0.912461 0.000000 7.341916 0.000000 -0.912461 0.000000 -0.162106 0.000000 -0.912461 0.000000 -7.666128 -0.000000 -0.912461 0.000000 -12.790483 -0.000000 -0.912461  
 21 15 16  0.000000 7.951270 -0.000000 0.184433 0.000000 4.768025 -0.000000 0.184433 0.000000 0.106533 0.000000 0.184433 0.000000 -4.554960 0.000000 0.184433 0.000000 -7.738205 0.000000 0.184433  
 22 16 17  0.000000 6.942736 -0.000000 -0.195672 0.000000 4.148142 -0.000000 -0.195672 0.000000 0.055783 0.000000 -0.195672 0.000000 -4.036576 0.000000 -0.195672 0.000000 -6.831170 0.000000 -0.195672  
 23 17 18  0.000000 7.511441 0.000000 0.175537 0.000000 4.420213 0.000000 0.175537 0.000000 -0.106533 0.000000 0.175537 0.000000 -4.633278 -0.000000 0.175537 0.000000 -7.724507 -0.000000 0.175537  
 24 18 15  0.000000 7.057933 0.000000 -0.199730 0.000000 4.171323 0.000000 -0.199730 0.000000 -0.055783 0.000000 -0.199730 0.000000 -4.282889 -0.000000 -0.199730 0.000000 -7.169499 -0.000000 -0.199730  
 118 118 128  -27.830470 -6.334248 5.297749 -0.477119 -26.444409 -6.043631 5.043626 -0.477119 -24.410602 -5.617681 4.671066 -0.477119 -22.372531 -5.191324 4.297956 -0.477119 -20.978834 -4.899975 4.042814 -0.477119  
 128 128 138  -27.742944 -4.751281 3.912875 -0.477119 -26.390712 -4.460806 3.658799 -0.477119 -24.407560 -4.035028 3.286272 -0.477119 -22.425783 -3.608641 2.913058 -0.477119 -21.074561 -3.316837 2.658025 -0.477119  
 138 138 148  -26.531767 -3.147681 2.510496 -0.477119 -25.563274 -2.876485 2.273084 -0.477119 -24.263480 -2.468879 1.914861 -0.477119 -23.203565 -2.033836 1.535163 -0.477119 -22.732005 -1.701814 1.246257 -0.477119  
 148 148 158  -24.413094 -1.583127 1.141206 -0.477119 -24.401690 -1.296624 0.890432 -0.477119 -24.410472 -0.869823 0.516593 -0.477119 -24.409967 -0.442633 0.143169 -0.477119 -24.407196 -0.150874 -0.111819 -0.477119  
 158 158 168  -24.430576 -0.006064 -0.239102 -0.477119 -24.422915 0.286901 -0.495061 -0.477119 -24.405577 0.715599 -0.869927 -0.477119 -24.378952 1.143593 -1.245201 -0.477119 -24.421245 1.422945 -1.488672 -0.477119  
 168 168 178  -22.581602 1.552376 -1.601604 -0.477119 -23.133220 1.877034 -1.886968 -0.477119 -24.281831 2.310219 -2.265389 -0.477119 -25.628708 2.722349 -2.625614 -0.477119 -26.648030 2.995043 -2.864972 -0.477119  
 178 178 188  -21.090680 3.159935 -3.011211 -0.477119 -22.423429 3.453475 -3.265349 -0.477119 -24.394280 3.880872 -3.637930 -0.477119 -26.391477 4.305265 -4.011381 -0.477119 -27.761924 4.594829 -4.265712 -0.477119  
 188 188 198  -20.999673 4.744633 -4.395171 -0.477119 -22.385542 5.036019 -4.650286 -0.477119 -24.410871 5.462353 -5.023423 -0.477119 -26.431324 5.888255 -5.396027 -0.477119 -27.809137 6.178992 -5.650021 -0.477119  
 198 198 13  -21.069444 6.327463 -5.780211 -0.477119 -22.422357 6.618762 -6.035104 -0.477119 -24.408946 7.045163 -6.408155 -0.477119 -26.392237 7.471133 -6.780737 -0.477119 -27.748576 7.761660 -7.035192 -0.477119  
