 1 1 5  -36.077071 0.048160 0.304715 -0.000000 -36.077826 0.032099 0.204636 -0.000000 -36.078900 0.008578 0.058078 -0.000000 -36.078680 -0.014942 -0.088462 -0.000000 -36.077945 -0.031004 -0.188544 -0.000000  
 2 2 6  -35.894950 0.048164 0.304738 -0.000000 -35.895701 0.032103 0.204663 -0.000000 -35.896768 0.008581 0.058109 -0.000000 -35.896548 -0.014945 -0.088480 -0.000000 -35.895819 -0.031007 -0.188558 -0.000000  
 3 3 7  -35.920555 0.048164 0.304734 -0.000000 -35.921307 0.032102 0.204659 -0.000000 -35.922377 0.008580 0.058105 -0.000000 -35.922156 -0.014945 -0.088476 -0.000000 -35.921425 -0.031007 -0.188554 -0.000000  
 4 4 8  -36.102678 0.048160 0.304711 -0.000000 -36.103434 0.032099 0.204632 -0.000000 -36.104506 0.008578 0.058074 -0.000000 -36.104287 -0.014941 -0.088458 -0.000000 -36.103552 -0.031003 -0.188540 -0.000000  
 5 5 10  -24.015843 -0.002507 0.004614 -0.000000 -24.015878 -0.004227 -0.014469 -0.000000 -24.015783 -0.006740 -0.042406 -0.000000 -24.015649 -0.009254 -0.070335 -0.000000 -24.015557 -0.010971 -0.089408 -0.000000  
 6 6 11  -23.980406 -0.002508 0.004604 -0.000000 -23.980422 -0.004228 -0.014479 -0.000000 -23.980348 -0.006741 -0.042413 -0.000000 -23.980214 -0.009255 -0.070337 -0.000000 -23.980122 -0.010971 -0.089406 -0.000000  
 7 7 12  -23.984338 -0.002508 0.004604 -0.000000 -23.984356 -0.004227 -0.014479 -0.000000 -23.984279 -0.006741 -0.042413 -0.000000 -23.984146 -0.009255 -0.070337 -0.000000 -23.984054 -0.010971 -0.089405 -0.000000  
 8 8 118  -24.019663 -0.002115 0.008988 -0.000000 -24.019673 -0.002286 0.007081 -0.000000 -24.019687 -0.002538 0.004287 -0.000000 -24.019700 -0.002789 0.001494 -0.000000 -24.019708 -0.002961 -0.000414 -0.000000  
 9 10 15  -11.998860 -0.004393 -0.034264 -0.000000 -11.998878 -0.003397 -0.026860 -0.000000 -11.998904 -0.001939 -0.016019 -0.000000 -11.998929 -0.000481 -0.005178 -0.000000 -11.998935 0.000515 0.002226 -0.000000  
 10 11 16  -12.001560 -0.004393 -0.034263 -0.000000 -12.001578 -0.003397 -0.026860 -0.000000 -12.001604 -0.001939 -0.016019 -0.000000 -12.001629 -0.000481 -0.005178 -0.000000 -12.001635 0.000515 0.002225 -0.000000  
 11 12 17  -12.001056 -0.004393 -0.034263 -0.000000 -12.001073 -0.003397 -0.026860 -0.000000 -12.001099 -0.001939 -0.016019 -0.000000 -12.001124 -0.000481 -0.005178 -0.000000 -12.001130 0.000515 0.002225 -0.000000  
 12 13 18  -11.998356 -0.004393 -0.034264 -0.000000 -11.998373 -0.003397 -0.026860 -0.000000 -11.998399 -0.001939 -0.016019 -0.000000 -11.998425 -0.000481 -0.005178 -0.000000 -11.998430 0.000515 0.002226 -0.000000  
 13 5 6  0.000000 0.202576 0.000000 0.000002 0.000000 0.120374 0.000000 0.000002 0.000000 -0.000002 0.000000 0.000002 0.000000 -0.120378 -0.000000 0.000002 0.000000 -0.202581 -0.000000 0.000002  
 14 6 7  0.000000 -0.029933 0.000000 -0.000002 0.000000 -0.017787 0.000000 -0.000002 0.000000 -0.000000 0.000000 -0.000002 0.000000 0.017787 -0.000000 -0.000002 0.000000 0.029933 -0.000000 -0.000002  
 15 7 8  0.000000 0.202581 -0.000000 0.000002 0.000000 0.120378 -0.000000 0.000002 0.000000 0.000002 0.000000 0.000002 0.000000 -0.120374 0.000000 0.000002 0.000000 -0.202576 0.000000 0.000002  
 16 8 5  0.000000 -0.029933 -0.000000 -0.000002 0.000000 -0.017787 -0.000000 -0.000002 0.000000 0.000000 0.000000 -0.000002 0.000000 0.017787 0.000000 -0.000002 0.000000 0.029933 0.000000 -0.000002  
 17 10 11  0.000000 0.052673 0.000000 0.000000 0.000000 0.031299 0.000000 0.000000 0.000000 0.000000 0.000000 0.000000 0.000000 -0.031299 -0.000000 0.000000 0.000000 -0.052672 -0.000000 0.000000  
 18 11 12  0.000000 -0.006128 -0.000000 -0.000000 0.000000 -0.003641 -0.000000 -0.000000 0.000000 0.000000 0.000000 -0.000000 0.000000 0.003641 0.000000 -0.000000 0.000000 0.006128 0.000000 -0.000000  
 19 12 13  0.000000 0.052672 -0.000000 0.000000 0.000000 0.031299 -0.000000 0.000000 0.000000 -0.000000 0.000000 0.000000 0.000000 -0.031299 0.000000 0.000000 0.000000 -0.052673 0.000000 0.000000  
 20 13 10  0.000000 -0.006128 0.000000 -0.000000 0.000000 -0.003641 0.000000 -0.000000 0.000000 -0.000000 0.000000 -0.000000 0.000000 0.003641 -0.000000 -0.000000 0.000000 0.006128 -0.000000 -0.000000  
 21 15 16  0.000000 -0.003728 -0.000000 -0.000000 0.000000 -0.002216 -0.000000 -0.000000 0.000000 -0.000000 0.000000 -0.000000 0.000000 0.002215 0.000000 -0.000000 0.000000 0.003728 0.000000 -0.000000  
 22 16 17  0.000000 0.000697 -0.000000 0.000000 0.000000 0.000414 -0.000000 0.000000 0.000000 -0.000000 0.000000 0.000000 0.000000 -0.000414 0.000000 0.000000 0.000000 -0.000697 0.000000 0.000000  
 23 17 18  0.000000 -0.003728 0.000000 -0.000000 0.000000 -0.002215 0.000000 -0.000000 0.000000 0.000000 0.000000 -0.000000 0.000000 0.002216 -0.000000 -0.000000 0.000000 0.003729 -0.000000 -0.000000  
 24 18 15  0.000000 0.000697 0.000000 0.000000 0.000000 0.000414 0.000000 0.000000 0.000000 0.000000 0.000000 0.000000 0.000000 -0.000414 -0.000000 0.000000 0.000000 -0.000697 -0.000000 0.000000  
 118 118 128  -24.019679 -0.003048 -0.001388 -0.000000 -24.019684 -0.003220 -0.003295 -0.000000 -24.019688 -0.003472 -0.006088 -0.000000 -24.019689 -0.003723 -0.008882 -0.000000 -24.019690 -0.003894 -0.010789 -0.000000  
 128 128 138  -24.019686 -0.003982 -0.011762 -0.000000 -24.019686 -0.004154 -0.013670 -0.000000 -24.019687 -0.004405 -0.016464 -0.000000 -24.019687 -0.004657 -0.019257 -0.000000 -24.019685 -0.004828 -0.021164 -0.000000  
 138 138 148  -24.019706 -0.004916 -0.022138 -0.000000 -24.019700 -0.005088 -0.024046 -0.000000 -24.019687 -0.005339 -0.026839 -0.000000 -24.019674 -0.005591 -0.029632 -0.000000 -24.019664 -0.005762 -0.031540 -0.000000  
 148 148 158  -24.019709 -0.005850 -0.032513 -0.000000 -24.019700 -0.006022 -0.034421 -0.000000 -24.019686 -0.006273 -0.037214 -0.000000 -24.019673 -0.006525 -0.040008 -0.000000 -24.019664 -0.006696 -0.041915 -0.000000  
 158 158 168  -24.019709 -0.006784 -0.042888 -0.000000 -24.019700 -0.006956 -0.044796 -0.000000 -24.019686 -0.007207 -0.047589 -0.000000 -24.019673 -0.007459 -0.050383 -0.000000 -24.019664 -0.007630 -0.052290 -0.000000  
 168 168 178  -24.019709 -0.007718 -0.053264 -0.000000 -24.019700 -0.007890 -0.055171 -0.000000 -24.019686 -0.008141 -0.057965 -0.000000 -24.019673 -0.008392 -0.060758 -0.000000 -24.019664 -0.008564 -0.062666 -0.000000  
 178 178 188  -24.019709 -0.008652 -0.063639 -0.000000 -24.019700 -0.008823 -0.065547 -0.000000 -24.019686 -0.009075 -0.068340 -0.000000 -24.019673 -0.009326 -0.071133 -0.000000 -24.019664 -0.009498 -0.073041 -0.000000  
 188 188 198  -24.019709 -0.009586 -0.074014 -0.000000 -24.019700 -0.009757 -0.075922 -0.000000 -24.019686 -0.010009 -0.078715 -0.000000 -24.019673 -0.010260 -0.081509 -0.000000 -24.019664 -0.010432 -0.083416 -0.000000  
 198 198 13  -24.019709 -0.010520 -0.084390 -0.000000 -24.019700 -0.010691 -0.086297 -0.000000 -24.019686 -0.010943 -0.089091 -0.000000 -24.019673 -0.011194 -0.091884 -0.000000 -24.019664 -0.011366 -0.093792 -0.000000  
