 1 1 5  -55.797797 12.570868 5.994750 -0.211255 -40.466837 8.746308 4.228469 -0.211255 -17.217199 3.003355 1.509283 -0.211255 -20.018076 -3.776081 -1.660990 -0.211255 -35.906223 -7.685243 -3.524608 -0.211255  
 2 2 6  -42.942781 11.576449 5.786539 -0.211255 -27.308251 7.724255 3.937335 -0.211255 -3.725564 1.958328 1.070252 -0.211255 -6.719475 -2.714934 -1.420763 -0.211255 -22.786256 -6.643624 -3.358826 -0.211255  
 3 3 7  -65.539617 12.948946 6.418964 -0.211255 -51.334233 9.400152 4.598781 -0.211255 -31.029920 3.987142 1.726533 -0.211255 -31.039221 -3.700642 -2.214973 -0.211255 -44.287967 -7.473509 -4.079820 -0.211255  
 4 4 8  -76.579446 13.685625 6.554268 -0.211255 -63.179748 10.135616 4.795833 -0.211255 -46.513926 4.400601 2.029817 -0.211255 -46.384424 -4.105333 -2.319284 -0.211255 -56.573540 -8.189027 -4.176245 -0.211255  
 5 5 10  -33.508680 7.484441 3.114527 -0.066961 -21.602408 4.514579 1.907228 -0.066961 -7.465486 -0.399961 -0.063889 -0.066961 -23.308573 -4.992857 -1.957312 -0.066961 -35.147044 -7.945378 -3.153677 -0.066961  
 6 6 11  -25.784898 6.853486 3.133838 -0.066961 -13.751407 3.883471 1.841775 -0.066961 1.116530 -0.092048 -0.005452 -0.066961 -15.452218 -4.357997 -1.870788 -0.066961 -27.416276 -7.316910 -3.143931 -0.066961  
 7 7 12  -36.017316 6.776240 3.521792 -0.066961 -25.838618 4.186536 2.261387 -0.066961 -17.521451 -0.660636 -0.024494 -0.066961 -28.471002 -5.023790 -2.219048 -0.066961 -38.663484 -7.579152 -3.492999 -0.066961  
 8 8 118  -38.264756 7.849194 3.857760 -0.066961 -37.021432 7.542591 3.715551 -0.066961 -35.196694 7.093053 3.506760 -0.066961 -33.367118 6.642853 3.297311 -0.066961 -32.114861 6.335021 3.153894 -0.066961  
 9 10 15  -19.104979 5.029332 3.473023 -0.023326 -7.826707 2.436896 1.802497 -0.023326 0.135600 -0.646912 -0.312760 -0.023326 -15.917500 -4.459279 -2.698701 -0.023326 -27.164233 -7.048241 -4.343674 -0.023326  
 10 11 16  -15.655457 4.755064 3.435711 -0.023326 -4.614208 2.184035 1.698481 -0.023326 2.450485 -0.457999 -0.223154 -0.023326 -12.497475 -4.175735 -2.648919 -0.023326 -23.690053 -6.769096 -4.337252 -0.023326  
 11 12 17  -20.179642 4.693641 3.684825 -0.023326 -9.456939 2.313889 1.965533 -0.023326 -2.012996 -0.846271 -0.388970 -0.023326 -17.608783 -4.354161 -2.877026 -0.023326 -28.253685 -6.727793 -4.574186 -0.023326  
 12 13 18  -23.342068 4.923870 3.715651 -0.023326 -12.702265 2.540093 2.057554 -0.023326 -5.309034 -1.120430 -0.460979 -0.023326 -20.857384 -4.608539 -2.903857 -0.023326 -31.418902 -6.979025 -4.550007 -0.023326  
 13 5 6  0.000000 7.282097 -0.000000 -0.957241 0.000000 4.346373 -0.000000 -0.957241 0.000000 0.047346 0.000000 -0.957241 0.000000 -4.251680 0.000000 -0.957241 0.000000 -7.187404 0.000000 -0.957241  
 14 6 7  0.000000 -14.541303 -0.000000 0.666797 0.000000 -8.528568 -0.000000 0.666797 0.000000 0.276382 0.000000 0.666797 0.000000 9.081333 0.000000 0.666797 0.000000 15.094068 0.000000 0.666797  
 15 7 8  0.000000 7.251812 0.000000 -0.432947 0.000000 4.289953 0.000000 -0.432947 0.000000 -0.047346 0.000000 -0.432947 0.000000 -4.384645 -0.000000 -0.432947 0.000000 -7.346505 -0.000000 -0.432947  
 16 8 5  0.000000 -15.158476 0.000000 0.547151 0.000000 -9.119606 0.000000 0.547151 0.000000 -0.276382 0.000000 0.547151 0.000000 8.566841 -0.000000 0.547151 0.000000 14.605711 -0.000000 0.547151  
 17 10 11  0.000000 6.932690 -0.000000 -0.592680 0.000000 4.127971 -0.000000 -0.592680 0.000000 0.020787 0.000000 -0.592680 0.000000 -4.086397 0.000000 -0.592680 0.000000 -6.891115 0.000000 -0.592680  
 18 11 12  0.000000 -12.550828 0.000000 0.353861 0.000000 -7.414361 0.000000 0.353861 0.000000 0.107398 0.000000 0.353861 0.000000 7.629157 -0.000000 0.353861 0.000000 12.765624 -0.000000 0.353861  
 19 12 13  0.000000 7.001462 0.000000 -0.122946 0.000000 4.151967 0.000000 -0.122946 0.000000 -0.020787 0.000000 -0.122946 0.000000 -4.193541 -0.000000 -0.122946 0.000000 -7.043037 -0.000000 -0.122946  
 20 13 10  0.000000 -12.875971 -0.000000 0.249964 0.000000 -7.694727 -0.000000 0.249964 0.000000 -0.107398 0.000000 0.249964 0.000000 7.479931 0.000000 0.249964 0.000000 12.661174 0.000000 0.249964  
 21 15 16  0.000000 4.326826 -0.000000 -0.156834 0.000000 2.584153 -0.000000 -0.156834 0.000000 0.032211 0.000000 -0.156834 0.000000 -2.519731 0.000000 -0.156834 0.000000 -4.262405 0.000000 -0.156834  
 22 16 17  0.000000 -6.489961 0.000000 0.125387 0.000000 -3.815688 0.000000 0.125387 0.000000 0.100474 0.000000 0.125387 0.000000 4.016636 -0.000000 0.125387 0.000000 6.690909 -0.000000 0.125387  
 23 17 18  0.000000 4.383454 0.000000 -0.147237 0.000000 2.591661 0.000000 -0.147237 0.000000 -0.032211 0.000000 -0.147237 0.000000 -2.656083 -0.000000 -0.147237 0.000000 -4.447875 -0.000000 -0.147237  
 24 18 15  0.000000 -6.811958 -0.000000 0.107418 0.000000 -4.088565 -0.000000 0.107418 0.000000 -0.100474 0.000000 0.107418 0.000000 3.887618 0.000000 0.107418 0.000000 6.611010 0.000000 0.107418  
 118 118 128  -37.969307 6.173521 3.084316 -0.066961 -36.825903 5.871649 2.938465 -0.066961 -35.163139 5.426282 2.727254 -0.066961 -33.562657 4.971352 2.522077 -0.066961 -32.490858 4.660018 2.378228 -0.066961  
 128 128 138  -36.793452 4.486180 2.297624 -0.066961 -36.058999 4.201448 2.160616 -0.066961 -35.091074 3.766484 1.959929 -0.066961 -34.302187 3.304979 1.746485 -0.066961 -33.895052 2.968084 1.588825 -0.066961  
 138 138 148  -35.279495 2.820732 1.513803 -0.066961 -35.171559 2.535613 1.390273 -0.066961 -35.166548 2.086117 1.181978 -0.066961 -35.196751 1.628287 0.965522 -0.066961 -35.213394 1.315668 0.817753 -0.066961  
 148 148 158  -35.181474 1.166417 0.751813 -0.066961 -35.190735 0.858696 0.608448 -0.066961 -35.197054 0.408773 0.399256 -0.066961 -35.198075 -0.040878 0.190381 -0.066961 -35.196754 -0.347953 0.047740 -0.066961  
 158 158 168  -35.221767 -0.505245 -0.025548 -0.066961 -35.214325 -0.812116 -0.168212 -0.066961 -35.198460 -1.261691 -0.377027 -0.066961 -35.174099 -1.711865 -0.586407 -0.066961 -35.153865 -2.019404 -0.729469 -0.066961  
 168 168 178  -35.014265 -2.142162 -0.776345 -0.066961 -34.985447 -2.484108 -0.946743 -0.066961 -35.063842 -2.958918 -1.173028 -0.066961 -35.388583 -3.384591 -1.362902 -0.066961 -35.713677 -3.655440 -1.482709 -0.066961  
 178 178 188  -33.130932 -3.831997 -1.577396 -0.066961 -33.888751 -4.156623 -1.722048 -0.066961 -35.129499 -4.612740 -1.931210 -0.066961 -36.482960 -5.053291 -2.140239 -0.066961 -37.444047 -5.349855 -2.281321 -0.066961  
 188 188 198  -32.256031 -5.515990 -2.355304 -0.066961 -33.439063 -5.824937 -2.498557 -0.066961 -35.181365 -6.276195 -2.707341 -0.066961 -36.951019 -6.724535 -2.916735 -0.066961 -38.157300 -7.030330 -3.059244 -0.066961  
 198 198 13  -32.102906 -7.188057 -3.131723 -0.066961 -33.359944 -7.495886 -3.275130 -0.066961 -35.196665 -7.946097 -3.484577 -0.066961 -37.028595 -8.395634 -3.693375 -0.066961 -38.276805 -8.702218 -3.835583 -0.066961  
