 1 1 5  -38.648052 -0.385390 1.788248 0.000318 -38.676985 -0.307721 1.285557 0.000318 -38.710830 -0.193740 0.549463 0.000318 -38.712689 -0.080373 -0.185459 0.000318 -38.692269 -0.002546 -0.688039 0.000318  
 2 2 6  -35.125376 -0.386118 1.789316 0.000318 -35.154462 -0.308337 1.286709 0.000318 -35.189062 -0.194232 0.550684 0.000318 -35.191161 -0.079921 -0.185527 0.000318 -35.169625 -0.002023 -0.688199 0.000318  
 3 3 7  -33.261121 -0.386760 1.790396 0.000318 -33.289992 -0.309021 1.287621 0.000318 -33.323791 -0.194999 0.551321 0.000318 -33.325444 -0.079877 -0.186101 0.000318 -33.304955 -0.001954 -0.689023 0.000318  
 4 4 8  -36.782906 -0.386013 1.789373 0.000318 -36.811742 -0.308389 1.286514 0.000318 -36.845849 -0.194518 0.550114 0.000318 -36.848360 -0.080353 -0.186054 0.000318 -36.826853 -0.002515 -0.688905 0.000318  
 5 5 10  -25.759129 -0.658202 1.154602 0.000080 -25.768740 -0.443324 0.686358 0.000080 -25.776516 -0.128927 0.001118 0.000080 -25.766296 0.185603 -0.684372 0.000080 -25.756411 0.400415 -1.152559 0.000080  
 6 6 11  -23.608789 -0.658490 1.154720 0.000080 -23.618491 -0.443538 0.686447 0.000080 -23.626932 -0.128796 0.000652 0.000080 -23.616125 0.185779 -0.685038 0.000080 -23.606195 0.400644 -1.153207 0.000080  
 7 7 12  -22.223601 -0.658539 1.155013 0.000080 -22.233209 -0.443532 0.686691 0.000080 -22.240992 -0.128501 0.000494 0.000080 -22.230741 0.186308 -0.685340 0.000080 -22.220867 0.401241 -1.153547 0.000080  
 8 8 118  -24.379645 -0.707604 1.262351 0.000080 -24.380735 -0.686112 1.215529 0.000080 -24.382302 -0.654640 1.146964 0.000080 -24.383832 -0.623167 1.078399 0.000080 -24.384852 -0.601675 1.031577 0.000080  
 9 10 15  -12.664353 -0.687903 0.708167 0.001053 -12.661713 -0.378142 0.334062 0.001053 -12.664393 0.077782 -0.216052 0.001053 -12.658006 0.533749 -0.766223 0.001053 -12.921312 0.798344 -1.091309 0.001053  
 10 11 16  -11.872996 -0.684620 0.708463 0.001053 -11.853721 -0.378155 0.335674 0.001053 -11.856432 0.077808 -0.217466 0.001053 -11.856609 0.532506 -0.769286 0.001053 -12.192595 0.786215 -1.083687 0.001053  
 11 12 17  -11.291017 -0.682833 0.704269 0.001053 -11.249470 -0.379250 0.335702 0.001053 -11.252102 0.078709 -0.217506 0.001053 -11.265095 0.532832 -0.766805 0.001053 -11.658795 0.780006 -1.071810 0.001053  
 12 13 18  -12.077733 -0.687867 0.705766 0.001053 -12.062796 -0.379235 0.334090 0.001053 -12.065445 0.078686 -0.216092 0.001053 -12.061297 0.536176 -0.765811 0.001053 -12.378547 0.793560 -1.081559 0.001053  
 13 5 6  0.000000 1.894672 -0.000000 -0.000441 0.000000 1.125781 -0.000000 -0.000441 0.000000 -0.000172 0.000000 -0.000441 0.000000 -1.126124 0.000000 -0.000441 0.000000 -1.895016 0.000000 -0.000441  
 14 6 7  0.000000 0.662102 0.000000 0.000610 0.000000 0.393396 0.000000 0.000610 0.000000 -0.000093 0.000000 0.000610 0.000000 -0.393582 -0.000000 0.000610 0.000000 -0.662288 -0.000000 0.000610  
 15 7 8  0.000000 1.895040 0.000000 -0.000459 0.000000 1.126139 0.000000 -0.000459 0.000000 0.000172 0.000000 -0.000459 0.000000 -1.125795 -0.000000 -0.000459 0.000000 -1.894697 -0.000000 -0.000459  
 16 8 5  0.000000 0.662263 -0.000000 0.000623 0.000000 0.393567 -0.000000 0.000623 0.000000 0.000093 0.000000 0.000623 0.000000 -0.393381 0.000000 0.000623 0.000000 -0.662077 0.000000 0.000623  
 17 10 11  0.000000 1.871430 -0.000000 0.001898 0.000000 1.112091 -0.000000 0.001898 0.000000 0.000127 0.000000 0.001898 0.000000 -1.111837 0.000000 0.001898 0.000000 -1.871176 0.000000 0.001898  
 18 11 12  0.000000 1.098333 -0.000000 -0.002091 0.000000 0.652690 -0.000000 -0.002091 0.000000 0.000099 0.000000 -0.002091 0.000000 -0.652492 0.000000 -0.002091 0.000000 -1.098135 0.000000 -0.002091  
 19 12 13  0.000000 1.871209 0.000000 0.002587 0.000000 1.111857 0.000000 0.002587 0.000000 -0.000127 0.000000 0.002587 0.000000 -1.112110 -0.000000 0.002587 0.000000 -1.871463 -0.000000 0.002587  
 20 13 10  0.000000 1.098102 0.000000 -0.001329 0.000000 0.652473 0.000000 -0.001329 0.000000 -0.000099 0.000000 -0.001329 0.000000 -0.652671 -0.000000 -0.001329 0.000000 -1.098300 -0.000000 -0.001329  
 21 15 16  0.000000 1.098972 0.000000 0.003372 0.000000 0.653443 0.000000 0.003372 0.000000 0.001020 0.000000 0.003372 0.000000 -0.651404 -0.000000 0.003372 0.000000 -1.096933 -0.000000 0.003372  
 22 16 17  0.000000 0.815814 0.000000 -0.003794 0.000000 0.485041 0.000000 -0.003794 0.000000 0.000664 0.000000 -0.003794 0.000000 -0.483714 -0.000000 -0.003794 0.000000 -0.814487 -0.000000 -0.003794  
 23 17 18  0.000000 1.096900 -0.000000 0.004522 0.000000 0.651385 -0.000000 0.004522 0.000000 -0.001020 0.000000 0.004522 0.000000 -0.653424 0.000000 0.004522 0.000000 -1.098939 0.000000 0.004522  
 24 18 15  0.000000 0.814519 -0.000000 -0.002495 0.000000 0.483733 -0.000000 -0.002495 0.000000 -0.000664 0.000000 -0.002495 0.000000 -0.485061 0.000000 -0.002495 0.000000 -0.815846 0.000000 -0.002495  
 118 118 128  -24.379911 -0.590709 1.007685 0.000080 -24.380898 -0.569216 0.960863 0.000080 -24.382306 -0.537743 0.892297 0.000080 -24.383669 -0.506271 0.823732 0.000080 -24.384577 -0.484780 0.776912 0.000080  
 128 128 138  -24.380180 -0.473812 0.753018 0.000080 -24.381054 -0.452320 0.706196 0.000080 -24.382304 -0.420848 0.637631 0.000080 -24.383512 -0.389375 0.569066 0.000080 -24.384311 -0.367883 0.522245 0.000080  
 138 138 148  -24.380469 -0.356917 0.498351 0.000080 -24.381233 -0.335424 0.451530 0.000080 -24.382312 -0.303951 0.382965 0.000080 -24.383336 -0.272480 0.314399 0.000080 -24.384000 -0.250987 0.267579 0.000080  
 148 148 158  -24.381145 -0.240022 0.243708 0.000080 -24.381748 -0.218527 0.196865 0.000080 -24.382522 -0.187053 0.128276 0.000080 -24.382912 -0.155592 0.059738 0.000080 -24.382634 -0.134082 0.012931 0.000080  
 158 158 168  -24.383767 -0.123131 -0.010988 0.000080 -24.383252 -0.101631 -0.057800 0.000080 -24.382333 -0.070157 -0.126366 0.000080 -24.381333 -0.038688 -0.194934 0.000080 -24.380618 -0.017200 -0.241757 0.000080  
 168 168 178  -24.384192 -0.006231 -0.265647 0.000080 -24.383445 0.015264 -0.312469 0.000080 -24.382305 0.046737 -0.381034 0.000080 -24.381125 0.078208 -0.449599 0.000080 -24.380292 0.099698 -0.496420 0.000080  
 178 178 188  -24.384449 0.110667 -0.520313 0.000080 -24.383589 0.132159 -0.567136 0.000080 -24.382301 0.163633 -0.635701 0.000080 -24.380975 0.195104 -0.704265 0.000080 -24.380052 0.216595 -0.751087 0.000080  
 188 188 198  -24.384660 0.227564 -0.774980 0.000080 -24.383714 0.249055 -0.821802 0.000080 -24.382302 0.280527 -0.890367 0.000080 -24.380851 0.312000 -0.958932 0.000080 -24.379841 0.333492 -1.005753 0.000080  
 198 198 13  -24.385027 0.344459 -1.029646 0.000080 -24.383936 0.365951 -1.076468 0.000080 -24.382303 0.397424 -1.145033 0.000080 -24.380631 0.428896 -1.213598 0.000080 -24.379467 0.450387 -1.260420 0.000080  
