 1 1 5  -33.617032 3.231013 0.722323 -0.003531 -34.780881 2.511731 0.792020 -0.003531 -36.257432 1.136122 0.625029 -0.003531 -36.167566 -0.284179 0.405315 -0.003531 -35.073580 -1.224178 0.283017 -0.003531  
 2 2 6  -28.097565 3.158244 0.762810 -0.003531 -28.453039 2.515529 0.837082 -0.003531 -29.313736 1.147887 0.646983 -0.003531 -29.257826 -0.307413 0.378165 -0.003531 -28.293005 -1.286499 0.217336 -0.003531  
 3 3 7  -34.753027 3.242294 0.777397 -0.003531 -35.975491 2.505967 0.835282 -0.003531 -37.356592 1.130103 0.635848 -0.003531 -37.280545 -0.267077 0.396225 -0.003531 -36.194870 -1.208687 0.274699 -0.003531  
 4 4 8  -40.707567 3.244174 0.717900 -0.003531 -42.562337 2.430671 0.730051 -0.003531 -44.125214 1.118560 0.612241 -0.003531 -44.023363 -0.244120 0.425445 -0.003531 -42.920614 -1.147502 0.338949 -0.003531  
 5 5 10  -25.537665 2.506135 2.282745 -0.012351 -24.165404 1.717698 1.755178 -0.012351 -23.984867 0.125073 0.572031 -0.012351 -23.432389 -1.553180 -0.694102 -0.012351 -23.862834 -2.424520 -1.324724 -0.012351  
 6 6 11  -21.213205 2.363521 2.186225 -0.012351 -19.293115 1.625456 1.678600 -0.012351 -18.412467 0.124429 0.548458 -0.012351 -18.153176 -1.530114 -0.742266 -0.012351 -19.434364 -2.286435 -1.317432 -0.012351  
 7 7 12  -25.387934 2.457012 2.312515 -0.012351 -24.019739 1.689095 1.770375 -0.012351 -23.826661 0.136433 0.548373 -0.012351 -23.314877 -1.504148 -0.763010 -0.012351 -23.752768 -2.353272 -1.407548 -0.012351  
 8 8 118  -29.622254 2.928434 2.688221 -0.012351 -29.344967 2.827105 2.613217 -0.012351 -28.975164 2.676720 2.496532 -0.012351 -28.641641 2.519354 2.377559 -0.012351 -28.414215 2.410716 2.295986 -0.012351  
 9 10 15  -15.214901 1.833137 2.473339 0.010718 -11.142688 1.044393 1.541920 0.010718 -8.632753 -0.499045 -0.300298 0.010718 -13.273052 -1.705539 -1.853998 0.010718 -17.343115 -2.455557 -2.784484 0.010718  
 10 11 16  -13.535884 1.750913 2.446680 0.010718 -9.180342 0.969049 1.484493 0.010718 -5.756420 -0.485429 -0.294703 0.010718 -11.410616 -1.612893 -1.816614 0.010718 -15.716271 -2.366239 -2.772930 0.010718  
 11 12 17  -15.025950 1.748164 2.548661 0.010718 -10.855911 0.983795 1.584367 0.010718 -8.145991 -0.497866 -0.306977 0.010718 -13.001071 -1.644019 -1.905200 0.010718 -17.166530 -2.371206 -2.866687 0.010718  
 12 13 18  -16.726337 1.823835 2.570503 0.010718 -12.877267 1.055387 1.627841 0.010718 -10.996128 -0.497322 -0.299891 0.010718 -14.859803 -1.733644 -1.934606 0.010718 -18.798448 -2.456551 -2.873089 0.010718  
 13 5 6  0.000000 2.139370 -0.000000 -0.063486 0.000000 1.271271 -0.000000 -0.063486 0.000000 0.000042 0.000000 -0.063486 0.000000 -1.271187 0.000000 -0.063486 0.000000 -2.139285 0.000000 -0.063486  
 14 6 7  0.000000 -3.891080 -0.000000 0.051432 0.000000 -2.310694 -0.000000 0.051432 0.000000 0.003597 0.000000 0.051432 0.000000 2.317887 0.000000 0.051432 0.000000 3.898273 0.000000 0.051432  
 15 7 8  0.000000 2.140088 0.000000 -0.015228 0.000000 1.271664 0.000000 -0.015228 0.000000 -0.000042 0.000000 -0.015228 0.000000 -1.271748 -0.000000 -0.015228 0.000000 -2.140172 -0.000000 -0.015228  
 16 8 5  0.000000 -3.899075 0.000000 0.014534 0.000000 -2.318364 0.000000 0.014534 0.000000 -0.003597 0.000000 0.014534 0.000000 2.311171 -0.000000 0.014534 0.000000 3.891882 -0.000000 0.014534  
 17 10 11  0.000000 4.058330 0.000000 -0.111773 0.000000 2.417486 0.000000 -0.111773 0.000000 0.014661 0.000000 -0.111773 0.000000 -2.388165 -0.000000 -0.111773 0.000000 -4.029009 -0.000000 -0.111773  
 18 11 12  0.000000 -4.276947 -0.000000 0.111260 0.000000 -2.537071 -0.000000 0.111260 0.000000 0.010775 0.000000 0.111260 0.000000 2.558621 0.000000 0.111260 0.000000 4.298497 0.000000 0.111260  
 19 12 13  0.000000 4.033984 -0.000000 -0.085065 0.000000 2.391121 -0.000000 -0.085065 0.000000 -0.014661 0.000000 -0.085065 0.000000 -2.420442 0.000000 -0.085065 0.000000 -4.063305 0.000000 -0.085065  
 20 13 10  0.000000 -4.303472 0.000000 0.089338 0.000000 -2.561577 0.000000 0.089338 0.000000 -0.010775 0.000000 0.089338 0.000000 2.540027 -0.000000 0.089338 0.000000 4.281922 -0.000000 0.089338  
 21 15 16  0.000000 2.956394 0.000000 -0.061124 0.000000 1.764255 0.000000 -0.061124 0.000000 0.018506 0.000000 -0.061124 0.000000 -1.727243 -0.000000 -0.061124 0.000000 -2.919382 -0.000000 -0.061124  
 22 16 17  0.000000 -2.491186 -0.000000 0.064458 0.000000 -1.475838 -0.000000 0.064458 0.000000 0.011021 0.000000 0.064458 0.000000 1.497880 0.000000 0.064458 0.000000 2.513228 0.000000 0.064458  
 23 17 18  0.000000 2.925539 -0.000000 -0.056346 0.000000 1.730902 -0.000000 -0.056346 0.000000 -0.018506 0.000000 -0.056346 0.000000 -1.767914 0.000000 -0.056346 0.000000 -2.962551 0.000000 -0.056346  
 24 18 15  0.000000 -2.519385 0.000000 0.057505 0.000000 -1.501539 0.000000 0.057505 0.000000 -0.011021 0.000000 0.057505 0.000000 1.479496 -0.000000 0.057505 0.000000 2.497343 -0.000000 0.057505  
 118 118 128  -29.308102 2.356541 2.252727 -0.012351 -29.172299 2.255195 2.176583 -0.012351 -28.968111 2.106313 2.064554 -0.012351 -28.821685 1.948182 1.942950 -0.012351 -28.730403 1.837938 1.858061 -0.012351  
 128 128 138  -29.006388 1.782445 1.815221 -0.012351 -28.981234 1.684878 1.742795 -0.012351 -28.972927 1.535527 1.630305 -0.012351 -29.002767 1.377242 1.508721 -0.012351 -29.040719 1.264590 1.421085 -0.012351  
 138 138 148  -28.930631 1.218064 1.387382 -0.012351 -28.959939 1.112994 1.307483 -0.012351 -28.997776 0.959100 1.190445 -0.012351 -29.029150 0.805275 1.073331 -0.012351 -29.046532 0.700308 0.993339 -0.012351  
 148 148 158  -28.980759 0.647002 0.953023 -0.012351 -28.990592 0.541475 0.872509 -0.012351 -28.997782 0.387544 0.755330 -0.012351 -28.998664 0.233912 0.638617 -0.012351 -28.996053 0.129058 0.558667 -0.012351  
 158 158 168  -29.023113 0.074878 0.517552 -0.012351 -29.015193 -0.029834 0.437730 -0.012351 -28.998701 -0.183384 0.320970 -0.012351 -28.973494 -0.337533 0.203643 -0.012351 -28.952643 -0.442903 0.123430 -0.012351  
 168 168 178  -29.080526 -0.496028 0.083161 -0.012351 -29.050073 -0.601250 0.002933 -0.012351 -28.998604 -0.755192 -0.114304 -0.012351 -28.939219 -0.908944 -0.231221 -0.012351 -28.894240 -1.013815 -0.310880 -0.012351  
 178 178 188  -29.128685 -1.067396 -0.351652 -0.012351 -29.078759 -1.172665 -0.431912 -0.012351 -28.998752 -1.326623 -0.549166 -0.012351 -28.910592 -1.480345 -0.666072 -0.012351 -28.845605 -1.585199 -0.745686 -0.012351  
 188 188 198  -29.127927 -1.631970 -0.780155 -0.012351 -29.059979 -1.743723 -0.866449 -0.012351 -28.968132 -1.904159 -0.989722 -0.012351 -28.930664 -2.051836 -1.100849 -0.012351 -28.917275 -2.149253 -1.173901 -0.012351  
 198 198 13  -28.822538 -2.203006 -1.216010 -0.012351 -28.865275 -2.316566 -1.302247 -0.012351 -28.970170 -2.473953 -1.422436 -0.012351 -29.117900 -2.623225 -1.535704 -0.012351 -29.232858 -2.722035 -1.610888 -0.012351  
