 1 1 5  -40.236006 6.430553 -8.510363 0.575416 -29.238614 4.346469 -6.106480 0.575416 -12.708475 1.226929 -2.533657 0.575416 -11.766989 -2.150129 1.482300 0.575416 -22.827827 -4.182304 4.002735 0.575416  
 2 2 6  -58.569289 7.279982 -9.325592 0.575416 -49.156200 5.134011 -7.176234 0.575416 -37.055426 1.702210 -3.868889 0.575416 -35.998852 -3.159655 1.249420 0.575416 -42.426378 -5.398870 3.931738 0.575416  
 3 3 7  -65.177089 7.425985 -9.757895 0.575416 -56.307944 5.293008 -7.582183 0.575416 -46.130045 1.821939 -4.031430 0.575416 -45.699450 -3.095929 1.297749 0.575416 -49.906979 -5.568826 4.226505 0.575416  
 4 4 8  -47.704220 6.641858 -9.069266 0.575416 -36.995065 4.572713 -6.664130 0.575416 -21.294488 1.438833 -3.072707 0.575416 -20.378503 -2.542645 1.797774 0.575416 -30.496198 -4.494478 4.445616 0.575416  
 5 5 10  -32.423731 1.376620 -9.219117 0.361949 -17.139779 0.596468 -5.256626 0.361949 1.477496 -0.208573 0.079734 0.361949 -18.925342 -1.581056 5.612288 0.361949 -34.131593 -2.386689 9.559289 0.361949  
 6 6 11  -41.844851 1.504642 -9.236788 0.361949 -28.403127 0.689857 -5.725610 0.361949 -14.576893 -0.840310 0.327406 0.361949 -30.382605 -1.814867 6.095324 0.361949 -43.755020 -2.593821 9.602912 0.361949  
 7 7 12  -44.852604 1.444738 -9.479748 0.361949 -31.595698 0.644791 -5.964373 0.361949 -19.383834 -0.868487 0.328062 0.361949 -33.516978 -1.834670 6.332466 0.361949 -46.748175 -2.584618 9.844883 0.361949  
 8 8 118  -22.873532 1.310915 -9.424636 0.361949 -21.535004 1.237509 -9.070354 0.361949 -19.599554 1.135452 -8.551695 0.361949 -17.666947 1.034784 -8.032639 0.361949 -16.345444 0.966145 -7.677879 0.361949  
 9 10 15  -10.846856 0.833038 -2.606233 0.031964 -4.972539 0.369793 -1.117080 0.031964 -5.314358 -0.333489 1.211169 0.031964 -14.002261 -1.016236 3.406601 0.031964 -19.789301 -1.483688 4.882480 0.031964  
 10 11 16  -12.335802 0.936074 -2.156414 0.031964 -8.199879 0.521384 -0.813878 0.031964 -10.404259 -0.387221 1.704164 0.031964 -17.487573 -1.088299 3.554908 0.031964 -22.344695 -1.559995 4.793607 0.031964  
 11 12 17  -13.385868 0.944379 -2.226595 0.031964 -9.569508 0.533884 -0.845414 0.031964 -11.529030 -0.395557 1.772623 0.031964 -18.485974 -1.089898 3.631558 0.031964 -23.307337 -1.558001 4.870253 0.031964  
 12 13 18  -11.904685 0.837782 -2.692716 0.031964 -6.075493 0.380800 -1.202553 0.031964 -6.412104 -0.347585 1.296779 0.031964 -15.066427 -1.020357 3.494341 0.031964 -20.841879 -1.482941 4.969903 0.031964  
 13 5 6  0.000000 -13.218472 -0.000000 0.649110 0.000000 -7.762534 -0.000000 0.649110 0.000000 0.227052 0.000000 0.649110 0.000000 8.216638 0.000000 0.649110 0.000000 13.672575 0.000000 0.649110  
 14 6 7  0.000000 -6.442670 0.000000 -0.283545 0.000000 -3.820393 0.000000 -0.283545 0.000000 0.019627 0.000000 -0.283545 0.000000 3.859647 -0.000000 -0.283545 0.000000 6.481925 -0.000000 -0.283545  
 15 7 8  0.000000 -13.704327 0.000000 0.602354 0.000000 -8.235505 0.000000 0.602354 0.000000 -0.227052 0.000000 0.602354 0.000000 7.781402 -0.000000 0.602354 0.000000 13.250224 -0.000000 0.602354  
 16 8 5  0.000000 -6.450172 -0.000000 0.092982 0.000000 -3.840779 -0.000000 0.092982 0.000000 -0.019627 0.000000 0.092982 0.000000 3.801525 0.000000 0.092982 0.000000 6.410918 0.000000 0.092982  
 17 10 11  0.000000 -11.860996 -0.000000 0.288667 0.000000 -6.964953 -0.000000 0.288667 0.000000 0.204732 0.000000 0.288667 0.000000 7.374417 0.000000 0.288667 0.000000 12.270459 0.000000 0.288667  
 18 11 12  0.000000 -3.391908 0.000000 -0.183504 0.000000 -2.014962 0.000000 -0.183504 0.000000 0.001414 0.000000 -0.183504 0.000000 2.017790 -0.000000 -0.183504 0.000000 3.394736 -0.000000 -0.183504  
 19 12 13  0.000000 -12.298460 0.000000 0.292302 0.000000 -7.391055 0.000000 0.292302 0.000000 -0.204732 0.000000 0.292302 0.000000 6.981592 -0.000000 0.292302 0.000000 11.888996 -0.000000 0.292302  
 20 13 10  0.000000 -3.366735 -0.000000 0.285699 0.000000 -2.001152 -0.000000 0.285699 0.000000 -0.001414 0.000000 0.285699 0.000000 1.998324 0.000000 0.285699 0.000000 3.363907 0.000000 0.285699  
 21 15 16  0.000000 -4.872977 -0.000000 0.051815 0.000000 -2.886737 -0.000000 0.051815 0.000000 0.021880 0.000000 0.051815 0.000000 2.930498 0.000000 0.051815 0.000000 4.916738 0.000000 0.051815  
 22 16 17  0.000000 -1.534767 0.000000 -0.043234 0.000000 -0.910479 0.000000 -0.043234 0.000000 0.003718 0.000000 -0.043234 0.000000 0.917915 -0.000000 -0.043234 0.000000 1.542203 -0.000000 -0.043234  
 23 17 18  0.000000 -4.947254 0.000000 0.050404 0.000000 -2.948631 0.000000 0.050404 0.000000 -0.021880 0.000000 0.050404 0.000000 2.904870 -0.000000 0.050404 0.000000 4.903493 -0.000000 0.050404  
 24 18 15  0.000000 -1.511687 -0.000000 -0.057149 0.000000 -0.899782 -0.000000 -0.057149 0.000000 -0.003718 0.000000 -0.057149 0.000000 0.892346 0.000000 -0.057149 0.000000 1.504251 0.000000 -0.057149  
 118 118 128  -22.957984 0.929602 -7.497006 0.361949 -21.595401 0.859678 -7.143025 0.361949 -19.603315 0.757555 -6.624355 0.361949 -17.607905 0.655591 -6.105154 0.361949 -16.249225 0.586468 -5.750435 0.361949  
 128 128 138  -22.980421 0.550785 -5.569498 0.361949 -21.611372 0.480874 -5.215625 0.361949 -19.604048 0.378707 -4.696971 0.361949 -17.594417 0.276920 -4.177767 0.361949 -16.220009 0.207490 -3.822913 0.361949  
 138 138 148  -22.119311 0.164601 -3.620847 0.361949 -21.027741 0.100548 -3.284556 0.361949 -19.452551 0.006882 -2.788865 0.361949 -18.149893 -0.098374 -2.259918 0.361949 -17.501760 -0.184732 -1.858390 0.361949  
 148 148 158  -19.587453 -0.206851 -1.714953 0.361949 -19.597095 -0.276723 -1.360701 0.361949 -19.607417 -0.378925 -0.842005 0.361949 -19.608307 -0.480655 -0.322920 0.361949 -19.605670 -0.550170 0.031726 0.361949  
 158 158 168  -19.556514 -0.572823 0.195802 0.361949 -19.549087 -0.652843 0.563239 0.361949 -19.531837 -0.769948 1.100911 0.361949 -19.627461 -0.865550 1.613435 0.361949 -19.876374 -0.905609 1.927577 0.361949  
 168 168 178  -16.913652 -0.973283 2.123162 0.361949 -17.902361 -1.032322 2.498590 0.361949 -19.542622 -1.132154 3.020829 0.361949 -21.273072 -1.237515 3.531814 0.361949 -22.495594 -1.315089 3.875311 0.361949  
 178 178 188  -16.226075 -1.344404 4.066448 0.361949 -17.594089 -1.412828 4.421643 0.361949 -19.602287 -1.514726 4.940855 0.361949 -21.610145 -1.617365 5.459329 0.361949 -22.981724 -1.686999 5.813241 0.361949  
 188 188 198  -16.272789 -1.722412 5.994122 0.361949 -17.625772 -1.791944 6.348970 0.361949 -19.604400 -1.893871 6.868160 0.361949 -21.579879 -1.995921 7.386826 0.361949 -22.927077 -2.065679 7.740711 0.361949  
 198 198 13  -16.340097 -2.099586 7.922839 0.361949 -17.650167 -2.171296 8.275962 0.361949 -19.597021 -2.273366 8.795023 0.361949 -21.551823 -2.374551 9.314388 0.361949 -22.884879 -2.443719 9.668744 0.361949  
