 1 1 5  -47.524112 -4.874631 -8.549321 0.040668 -37.972135 -3.513664 -6.154529 0.040668 -25.961158 -1.421143 -2.289641 0.040668 -27.555839 1.692620 3.205008 0.040668 -36.235791 3.124730 5.763147 0.040668  
 2 2 6  -59.287995 -5.213700 -9.133695 0.040668 -51.038333 -3.866318 -6.762976 0.040668 -43.758660 -1.494908 -2.487953 0.040668 -43.833062 1.949399 3.222124 0.040668 -49.053625 3.510243 6.092894 0.040668  
 3 3 7  -52.224613 -5.095971 -8.732508 0.040668 -43.282442 -3.712315 -6.396221 0.040668 -33.174919 -1.459754 -2.477283 0.040668 -33.891863 1.949735 3.096861 0.040668 -41.044777 3.424855 5.730711 0.040668  
 4 4 8  -40.059743 -4.736947 -8.063267 0.040668 -30.090783 -3.335304 -5.658047 0.040668 -15.525625 -1.187600 -2.000428 0.040668 -18.205086 1.549511 2.778285 0.040668 -28.292869 3.016891 5.252260 0.040668  
 5 5 10  -23.023039 -1.560650 -2.639106 -0.051292 -21.579973 -1.015819 -1.681071 -0.051292 -21.719935 0.191962 0.242568 -0.051292 -22.017902 1.303480 2.055238 -0.051292 -23.905083 1.798997 2.933340 -0.051292  
 6 6 11  -30.868661 -1.778893 -2.388250 -0.051292 -31.015389 -1.036993 -1.349080 -0.051292 -31.307558 0.191555 0.317733 -0.051292 -30.887909 1.407982 1.972437 -0.051292 -31.428914 2.024777 2.866952 -0.051292  
 7 7 12  -25.975742 -1.848438 -2.283473 -0.051292 -25.429683 -1.162951 -1.362614 -0.051292 -25.748557 0.170318 0.317935 -0.051292 -25.593678 1.443818 1.933414 -0.051292 -26.787950 2.034912 2.734463 -0.051292  
 8 8 118  -17.959431 -1.785971 -2.721889 -0.051292 -17.544448 -1.715752 -2.615776 -0.051292 -16.933754 -1.612600 -2.460008 -0.051292 -16.344589 -1.509126 -2.301659 -0.051292 -15.952805 -1.437683 -2.192606 -0.051292  
 9 10 15  -18.499192 -2.305413 -4.320487 0.030067 -10.481577 -1.275047 -2.425268 0.030067 -2.112645 0.269812 0.421368 0.030067 -13.890684 1.780373 3.204733 0.030067 -21.833964 2.800630 5.088659 0.030067  
 10 11 16  -21.516136 -2.424138 -4.375395 0.030067 -13.991027 -1.391217 -2.587928 0.030067 -6.971064 0.400921 0.560784 0.030067 -17.059037 1.904509 3.283533 0.030067 -24.539652 2.923693 5.061291 0.030067  
 11 12 17  -19.701496 -2.431074 -4.234633 0.030067 -12.045212 -1.371540 -2.448433 0.030067 -4.269896 0.354228 0.494385 0.030067 -15.185329 1.890314 3.148047 0.030067 -22.780755 2.935999 4.924242 0.030067  
 12 13 18  -16.401658 -2.296807 -4.153674 0.030067 -8.371631 -1.241639 -2.256736 0.030067 -0.164415 0.191955 0.268996 0.030067 -11.787105 1.754721 3.039517 0.030067 -19.761891 2.802475 4.923231 0.030067  
 13 5 6  0.000000 -8.290815 -0.000000 -0.290733 0.000000 -4.893958 -0.000000 -0.290733 0.000000 0.080344 0.000000 -0.290733 0.000000 5.054646 0.000000 -0.290733 0.000000 8.451503 0.000000 -0.290733  
 14 6 7  0.000000 5.148598 -0.000000 0.210571 0.000000 3.069404 -0.000000 0.210571 0.000000 0.024666 0.000000 0.210571 0.000000 -3.020072 0.000000 0.210571 0.000000 -5.099266 0.000000 0.210571  
 15 7 8  0.000000 -8.433449 0.000000 -0.388867 0.000000 -5.043918 0.000000 -0.388867 0.000000 -0.080344 0.000000 -0.388867 0.000000 4.883230 -0.000000 -0.388867 0.000000 8.272761 -0.000000 -0.388867  
 16 8 5  0.000000 5.081212 0.000000 0.428507 0.000000 3.009344 0.000000 0.428507 0.000000 -0.024666 0.000000 0.428507 0.000000 -3.058676 -0.000000 0.428507 0.000000 -5.130544 -0.000000 0.428507  
 17 10 11  0.000000 -7.234630 -0.000000 -0.157074 0.000000 -4.286377 -0.000000 -0.157074 0.000000 0.030996 0.000000 -0.157074 0.000000 4.348370 0.000000 -0.157074 0.000000 7.296623 0.000000 -0.157074  
 18 11 12  0.000000 4.428378 -0.000000 0.125573 0.000000 2.635658 -0.000000 0.125573 0.000000 0.010427 0.000000 0.125573 0.000000 -2.614804 0.000000 0.125573 0.000000 -4.407524 0.000000 0.125573  
 19 12 13  0.000000 -7.270156 0.000000 -0.235926 0.000000 -4.332643 0.000000 -0.235926 0.000000 -0.030996 0.000000 -0.235926 0.000000 4.270650 -0.000000 -0.235926 0.000000 7.208164 -0.000000 -0.235926  
 20 13 10  0.000000 4.381058 0.000000 0.254845 0.000000 2.599077 0.000000 0.254845 0.000000 -0.010427 0.000000 0.254845 0.000000 -2.619931 -0.000000 0.254845 0.000000 -4.401911 -0.000000 0.254845  
 21 15 16  0.000000 -4.962395 0.000000 -0.086470 0.000000 -2.919406 0.000000 -0.086470 0.000000 0.072314 0.000000 -0.086470 0.000000 3.064034 -0.000000 -0.086470 0.000000 5.107023 -0.000000 -0.086470  
 22 16 17  0.000000 2.906618 0.000000 0.087860 0.000000 1.733487 0.000000 0.087860 0.000000 0.015573 0.000000 0.087860 0.000000 -1.702341 -0.000000 0.087860 0.000000 -2.875472 -0.000000 0.087860  
 23 17 18  0.000000 -5.073004 -0.000000 -0.099385 0.000000 -3.043819 -0.000000 -0.099385 0.000000 -0.072314 0.000000 -0.099385 0.000000 2.899191 0.000000 -0.099385 0.000000 4.928376 0.000000 -0.099385  
 24 18 15  0.000000 2.841453 -0.000000 0.120432 0.000000 1.682126 -0.000000 0.120432 0.000000 -0.015573 0.000000 0.120432 0.000000 -1.713272 0.000000 0.120432 0.000000 -2.872599 0.000000 0.120432  
 118 118 128  -17.663755 -1.400851 -2.135301 -0.051292 -17.353810 -1.331505 -2.032493 -0.051292 -16.926666 -1.229390 -1.877617 -0.051292 -16.525090 -1.125589 -1.718731 -0.051292 -16.285981 -1.051711 -1.605592 -0.051292  
 128 128 138  -17.166567 -1.010281 -1.545490 -0.051292 -17.041496 -0.947556 -1.448770 -0.051292 -16.904984 -0.850219 -1.298541 -0.051292 -16.836701 -0.742349 -1.135689 -0.051292 -16.836650 -0.660290 -1.014963 -0.051292  
 138 138 148  -16.880771 -0.634069 -0.971955 -0.051292 -16.910083 -0.563466 -0.864575 -0.051292 -16.947932 -0.460107 -0.707365 -0.051292 -16.979314 -0.356679 -0.550232 -0.051292 -16.996697 -0.285973 -0.442944 -0.051292  
 148 148 158  -16.930981 -0.249652 -0.387712 -0.051292 -16.940813 -0.179494 -0.280935 -0.051292 -16.948004 -0.076155 -0.123847 -0.051292 -16.948886 0.027484 0.033708 -0.051292 -16.945704 0.098213 0.140939 -0.051292  
 158 158 168  -16.973371 0.133822 0.195514 -0.051292 -16.964963 0.204674 0.302898 -0.051292 -16.948431 0.308354 0.460366 -0.051292 -16.924087 0.411535 0.617340 -0.051292 -16.903598 0.481828 0.724406 -0.051292  
 168 168 178  -16.987858 0.511375 0.772193 -0.051292 -16.957770 0.587837 0.885708 -0.051292 -16.912238 0.698811 1.050942 -0.051292 -16.930137 0.796567 1.202324 -0.051292 -16.978324 0.857137 1.298476 -0.051292  
 178 178 188  -16.499321 0.897307 1.355950 -0.051292 -16.645709 0.973737 1.471577 -0.051292 -16.915515 1.079145 1.632183 -0.051292 -17.231531 1.180055 1.785366 -0.051292 -17.480544 1.245965 1.885627 -0.051292  
 188 188 198  -16.052376 1.286610 1.944398 -0.051292 -16.404646 1.356946 2.054638 -0.051292 -16.935714 1.460135 2.213213 -0.051292 -17.481806 1.563963 2.368610 -0.051292 -17.860381 1.634430 2.473855 -0.051292  
 198 198 13  -15.875311 1.670452 2.529839 -0.051292 -16.308105 1.741229 2.637999 -0.051292 -16.940830 1.844319 2.796054 -0.051292 -17.580262 1.947623 2.952711 -0.051292 -18.021292 2.019019 3.058407 -0.051292  
