 1 1 5  -106.459039 17.278005 26.334334 0.388831 -68.083403 11.442179 17.590299 0.388831 -11.483419 2.835746 4.619367 0.388831 -20.699264 -4.854282 -6.457309 0.388831 -59.475393 -10.776353 -15.286103 0.388831  
 2 2 6  -55.932741 15.214687 23.204554 0.388831 -17.577365 9.321922 13.818940 0.388831 23.159768 1.235862 1.859106 0.388831 16.878872 -2.986356 -4.626737 0.388831 -16.030954 -8.806449 -13.553753 0.388831  
 3 3 7  -88.322454 16.167059 25.856889 0.388831 -48.288548 10.533007 16.353876 0.388831 6.567105 2.044820 2.719121 0.388831 -6.606606 -3.814188 -6.522239 0.388831 -45.817376 -9.448901 -16.084574 0.388831  
 4 4 8  -132.543039 17.853729 28.301230 0.388831 -94.575340 12.251122 19.564557 0.388831 -38.640825 3.934937 6.615267 0.388831 -46.671093 -5.431764 -8.362315 0.388831 -85.005647 -11.092497 -17.213833 0.388831  
 5 5 10  -51.933337 9.172337 13.124677 -0.289848 -24.264860 4.903729 6.874886 -0.289848 1.357003 -0.623803 -0.930911 -0.289848 -38.012242 -6.866677 -10.068822 -0.289848 -65.603511 -11.119142 -16.299627 -0.289848  
 6 6 11  -30.170008 8.112780 13.392855 -0.289848 -1.866338 3.886714 6.301637 -0.289848 14.051071 -0.367854 -0.408878 -0.289848 -11.079985 -5.676263 -8.497385 -0.289848 -40.064928 -9.966791 -15.584681 -0.289848  
 7 7 12  -44.581506 8.064021 14.635739 -0.289848 -14.973708 4.034310 7.450853 -0.289848 8.512091 -0.435932 -0.408878 -0.289848 -25.344668 -6.190608 -9.687903 -0.289848 -55.206011 -10.256238 -16.844348 -0.289848  
 8 8 118  -47.282997 9.343524 14.344221 -0.289848 -44.767549 8.958309 13.764159 -0.289848 -41.087386 8.394964 12.913549 -0.289848 -37.405905 7.831147 12.062245 -0.289848 -34.898643 7.446034 11.480684 -0.289848  
 9 10 15  -16.774073 2.143004 5.053334 0.116141 -4.259689 0.693486 1.964817 0.116141 -3.714286 -1.144411 -1.649256 0.116141 -22.093172 -3.353607 -6.133412 0.116141 -34.774383 -4.829832 -9.205349 0.116141  
 10 11 16  -11.555277 1.970510 5.182307 0.116141 1.201594 0.568641 1.796279 0.116141 2.915197 -0.794862 -1.098009 0.116141 -15.196855 -3.100529 -5.879427 0.116141 -28.843941 -4.590293 -9.281864 0.116141  
 11 12 17  -14.920629 1.989380 5.487168 0.116141 -1.645413 0.606377 2.068305 0.116141 0.527445 -0.913385 -1.281503 0.116141 -18.516091 -3.136874 -6.169994 0.116141 -32.351520 -4.583804 -9.582101 0.116141  
 12 13 18  -20.391545 2.166386 5.359413 0.116141 -7.693443 0.735714 2.273252 0.116141 -7.063645 -1.264264 -1.919392 0.116141 -25.658859 -3.387529 -6.428593 0.116141 -38.348547 -4.825194 -9.499999 0.116141  
 13 5 6  0.000000 29.910412 0.000000 -1.755409 0.000000 18.071557 0.000000 -1.755409 0.000000 0.734930 0.000000 -1.755409 0.000000 -16.601697 -0.000000 -1.755409 0.000000 -28.440553 -0.000000 -1.755409  
 14 6 7  0.000000 -18.458205 -0.000000 2.212388 0.000000 -10.888254 -0.000000 2.212388 0.000000 0.197058 0.000000 2.212388 0.000000 11.282371 0.000000 2.212388 0.000000 18.852322 0.000000 2.212388  
 15 7 8  0.000000 28.661435 -0.000000 -1.020011 0.000000 16.732950 -0.000000 -1.020011 0.000000 -0.734930 0.000000 -1.020011 0.000000 -18.202809 0.000000 -1.020011 0.000000 -30.131295 0.000000 -1.020011  
 16 8 5  0.000000 -19.073204 0.000000 0.896740 0.000000 -11.413623 0.000000 0.896740 0.000000 -0.197058 0.000000 0.896740 0.000000 11.019507 -0.000000 0.896740 0.000000 18.679088 -0.000000 0.896740  
 17 10 11  0.000000 20.875763 0.000000 -0.722086 0.000000 12.479329 0.000000 -0.722086 0.000000 0.183728 0.000000 -0.722086 0.000000 -12.111873 -0.000000 -0.722086 0.000000 -20.508307 -0.000000 -0.722086  
 18 11 12  0.000000 -12.126943 0.000000 0.845521 0.000000 -7.203871 0.000000 0.845521 0.000000 0.005395 0.000000 0.845521 0.000000 7.214662 -0.000000 0.845521 0.000000 12.137734 -0.000000 0.845521  
 19 12 13  0.000000 20.859514 -0.000000 -0.250016 0.000000 12.320567 -0.000000 -0.250016 0.000000 -0.183728 0.000000 -0.250016 0.000000 -12.688023 0.000000 -0.250016 0.000000 -21.226970 0.000000 -0.250016  
 20 13 10  0.000000 -12.488941 -0.000000 -0.177557 0.000000 -7.423356 -0.000000 -0.177557 0.000000 -0.005395 0.000000 -0.177557 0.000000 7.412565 0.000000 -0.177557 0.000000 12.478150 0.000000 -0.177557  
 21 15 16  0.000000 8.836683 0.000000 -0.013860 0.000000 5.310974 0.000000 -0.013860 0.000000 0.147985 0.000000 -0.013860 0.000000 -5.015005 -0.000000 -0.013860 0.000000 -8.540713 -0.000000 -0.013860  
 22 16 17  0.000000 -4.244801 0.000000 0.039657 0.000000 -2.509432 0.000000 0.039657 0.000000 0.031815 0.000000 0.039657 0.000000 2.573063 -0.000000 0.039657 0.000000 4.308432 -0.000000 0.039657  
 23 17 18  0.000000 8.893339 -0.000000 -0.014488 0.000000 5.224542 -0.000000 -0.014488 0.000000 -0.147985 0.000000 -0.014488 0.000000 -5.520511 0.000000 -0.014488 0.000000 -9.189308 0.000000 -0.014488  
 24 18 15  0.000000 -4.661058 -0.000000 0.054997 0.000000 -2.782599 -0.000000 0.054997 0.000000 -0.031815 0.000000 0.054997 0.000000 2.718968 0.000000 0.054997 0.000000 4.597427 0.000000 0.054997  
 118 118 128  -47.400972 7.249401 11.184034 -0.289848 -44.841019 6.864824 10.603787 -0.289848 -41.090379 6.301435 9.753297 -0.289848 -37.335117 5.737506 8.902041 -0.289848 -34.768061 5.352098 8.320295 -0.289848  
 128 128 138  -47.044169 5.155540 8.021105 -0.289848 -44.594716 4.770603 7.444237 -0.289848 -41.067656 4.208073 6.594296 -0.289848 -37.560330 3.645629 5.741639 -0.289848 -35.222032 3.255423 5.158388 -0.289848  
 138 138 148  -43.247897 2.996468 4.775176 -0.289848 -42.041163 2.673557 4.281677 -0.289848 -40.661732 2.169336 3.503702 -0.289848 -40.069530 1.563948 2.595189 -0.289848 -40.082572 1.077907 1.893121 -0.289848  
 148 148 158  -41.081563 0.968860 1.704208 -0.289848 -41.087959 0.583853 1.122795 -0.289848 -41.091079 0.020039 0.271830 -0.289848 -41.088832 -0.543480 -0.578759 -0.289848 -41.084468 -0.928425 -1.159762 -0.289848  
 158 158 168  -40.510640 -1.053841 -1.375469 -0.289848 -40.501924 -1.508422 -2.034528 -0.289848 -40.695209 -2.134136 -2.958250 -0.289848 -41.660389 -2.638492 -3.742831 -0.289848 -42.635166 -2.947840 -4.231337 -0.289848  
 168 168 178  -35.520094 -3.217198 -4.606932 -0.289848 -37.695592 -3.605655 -5.198147 -0.289848 -41.019871 -4.165565 -6.056045 -0.289848 -44.466234 -4.730389 -6.899323 -0.289848 -46.847145 -5.117602 -7.471355 -0.289848  
 178 178 188  -34.762291 -5.311761 -7.776286 -0.289848 -37.331773 -5.697194 -8.358020 -0.289848 -41.090558 -6.261154 -9.209259 -0.289848 -44.844692 -6.824567 -10.059733 -0.289848 -47.405646 -7.208997 -10.640066 -0.289848  
 188 188 198  -34.852747 -7.406645 -10.935950 -0.289848 -37.383121 -7.791085 -11.518185 -0.289848 -41.084692 -8.353596 -12.370150 -0.289848 -44.793048 -8.917944 -13.220154 -0.289848 -47.329874 -9.304498 -13.799421 -0.289848  
 198 198 13  -34.995755 -9.497491 -14.099270 -0.289848 -37.451091 -9.885286 -14.677884 -0.289848 -41.072243 -10.448839 -15.528624 -0.289848 -44.725044 -11.011744 -16.380563 -0.289848 -47.216827 -11.395826 -16.961890 -0.289848  
