 1 1 5  -38.141159 6.970065 1.047424 0.186451 -32.506257 5.231602 0.646048 0.186451 -26.600896 2.093621 -0.249901 0.186451 -26.988858 -2.355927 -1.421433 0.186451 -31.158186 -4.502262 -1.741266 0.186451  
 2 2 6  -39.907814 7.132711 1.161246 0.186451 -34.121806 5.359799 0.735250 0.186451 -28.292274 2.105410 -0.221264 0.186451 -28.611142 -2.396422 -1.445646 0.186451 -32.725245 -4.607456 -1.798652 0.186451  
 3 3 7  -47.679427 7.546655 1.168933 0.186451 -42.938399 5.776481 0.756562 0.186451 -40.337188 2.141550 -0.232434 0.186451 -40.261154 -2.290023 -1.494563 0.186451 -41.808614 -4.808363 -1.961409 0.186451  
 4 4 8  -45.990480 7.405884 1.064097 0.186451 -41.298798 5.666931 0.666558 0.186451 -38.689621 2.130015 -0.262719 0.186451 -38.580632 -2.268165 -1.484229 0.186451 -40.232550 -4.729250 -1.911313 0.186451  
 5 5 10  -22.575589 2.485970 -2.545101 -0.051863 -20.105881 1.437306 -1.808330 -0.051863 -19.655346 -0.680617 -0.190721 -0.051863 -21.061796 -2.568526 1.325139 -0.051863 -23.987781 -3.470637 2.135240 -0.051863  
 6 6 11  -23.539286 2.535201 -2.578210 -0.051863 -21.173125 1.468857 -1.828576 -0.051863 -20.813997 -0.680997 -0.204486 -0.051863 -22.076170 -2.624608 1.310008 -0.051863 -24.943558 -3.540180 2.127390 -0.051863  
 7 7 12  -27.821906 2.477892 -2.779715 -0.051863 -26.390154 1.376699 -1.933530 -0.051863 -26.571671 -0.730071 -0.204322 -0.051863 -26.897766 -2.698494 1.425905 -0.051863 -28.976398 -3.628855 2.278643 -0.051863  
 8 8 118  -26.898200 2.729741 -3.059895 -0.051863 -26.518850 2.605915 -2.956952 -0.051863 -25.983538 2.423871 -2.803231 -0.051863 -25.444911 2.241428 -2.649046 -0.051863 -25.111354 2.111153 -2.542322 -0.051863  
 9 10 15  -11.051556 1.040877 0.799742 0.006717 -10.658613 0.389935 0.713717 0.006717 -10.719163 -0.726781 0.436585 0.006717 -11.640601 -1.615462 0.141175 0.006717 -12.929538 -2.073150 0.008302 0.006717  
 10 11 16  -11.033099 1.039066 0.815434 0.006717 -10.613020 0.391019 0.729750 0.006717 -10.670795 -0.726848 0.444465 0.006717 -11.616589 -1.616216 0.140706 0.006717 -12.911318 -2.074245 0.006331 0.006717  
 11 12 17  -12.552016 1.018644 0.852152 0.006717 -12.405439 0.354287 0.728869 0.006717 -12.465080 -0.721052 0.445889 0.006717 -12.976224 -1.646228 0.147493 0.006717 -14.062605 -2.103364 0.010873 0.006717  
 12 13 18  -12.577219 1.019887 0.836344 0.006717 -12.453642 0.352645 0.712185 0.006717 -12.513645 -0.720639 0.437256 0.006717 -13.001671 -1.644992 0.147912 0.006717 -14.080815 -2.102364 0.012634 0.006717  
 13 5 6  0.000000 -0.828057 -0.000000 0.090990 0.000000 -0.493811 -0.000000 0.090990 0.000000 -0.004347 0.000000 0.090990 0.000000 0.485116 0.000000 0.090990 0.000000 0.819362 0.000000 0.090990  
 14 6 7  0.000000 -7.273818 0.000000 -0.044994 0.000000 -4.306620 0.000000 -0.044994 0.000000 0.038496 0.000000 -0.044994 0.000000 4.383612 -0.000000 -0.044994 0.000000 7.350809 -0.000000 -0.044994  
 15 7 8  0.000000 -0.821254 0.000000 0.103313 0.000000 -0.486241 0.000000 0.103313 0.000000 0.004347 0.000000 0.103313 0.000000 0.494935 -0.000000 0.103313 0.000000 0.829949 -0.000000 0.103313  
 16 8 5  0.000000 -7.348918 -0.000000 -0.012437 0.000000 -4.382488 -0.000000 -0.012437 0.000000 -0.038496 0.000000 -0.012437 0.000000 4.305496 0.000000 -0.012437 0.000000 7.271926 0.000000 -0.012437  
 17 10 11  0.000000 -1.500580 0.000000 0.041050 0.000000 -0.890076 0.000000 0.041050 0.000000 0.003935 0.000000 0.041050 0.000000 0.897946 -0.000000 0.041050 0.000000 1.508450 -0.000000 0.041050  
 18 11 12  0.000000 -4.750858 -0.000000 -0.091492 0.000000 -2.820517 -0.000000 -0.091492 0.000000 0.006241 0.000000 -0.091492 0.000000 2.833000 0.000000 -0.091492 0.000000 4.763340 0.000000 -0.091492  
 19 12 13  0.000000 -1.507189 -0.000000 0.082605 0.000000 -0.897197 -0.000000 0.082605 0.000000 -0.003935 0.000000 0.082605 0.000000 0.889328 0.000000 0.082605 0.000000 1.499320 0.000000 0.082605  
 20 13 10  0.000000 -4.764601 0.000000 -0.056841 0.000000 -2.833749 0.000000 -0.056841 0.000000 -0.006241 0.000000 -0.056841 0.000000 2.821266 -0.000000 -0.056841 0.000000 4.752118 -0.000000 -0.056841  
 21 15 16  0.000000 0.046450 0.000000 0.001076 0.000000 0.026716 0.000000 0.001076 0.000000 -0.002183 0.000000 0.001076 0.000000 -0.031082 -0.000000 0.001076 0.000000 -0.050817 -0.000000 0.001076  
 22 16 17  0.000000 -2.173998 -0.000000 -0.000348 0.000000 -1.287749 -0.000000 -0.000348 0.000000 0.010059 0.000000 -0.000348 0.000000 1.307867 0.000000 -0.000348 0.000000 2.194116 0.000000 -0.000348  
 23 17 18  0.000000 0.052075 -0.000000 0.001354 0.000000 0.031830 -0.000000 0.001354 0.000000 0.002183 0.000000 0.001354 0.000000 -0.027463 0.000000 0.001354 0.000000 -0.047708 0.000000 0.001354  
 24 18 15  0.000000 -2.195374 0.000000 -0.000239 0.000000 -1.308615 0.000000 -0.000239 0.000000 -0.010059 0.000000 -0.000239 0.000000 1.288497 -0.000000 -0.000239 0.000000 2.175256 -0.000000 -0.000239  
 118 118 128  -26.462190 2.044513 -2.483371 -0.051863 -26.242139 1.925845 -2.385061 -0.051863 -25.953179 1.747688 -2.236277 -0.051863 -25.725224 1.560763 -2.078716 -0.051863 -25.612983 1.426638 -1.963925 -0.051863  
 128 128 138  -25.978924 1.362056 -1.910122 -0.051863 -25.954431 1.246570 -1.814548 -0.051863 -25.960024 1.068755 -1.665988 -0.051863 -26.022515 0.878265 -1.504752 -0.051863 -26.060455 0.748050 -1.394818 -0.051863  
 138 138 148  -25.924395 0.690476 -1.347269 -0.051863 -25.953710 0.565392 -1.242165 -0.051863 -25.991535 0.382191 -1.088287 -0.051863 -26.022841 0.199063 -0.934473 -0.051863 -26.040118 0.074097 -0.829440 -0.051863  
 148 148 158  -25.974626 0.010486 -0.775449 -0.051863 -25.983883 -0.114907 -0.670801 -0.051863 -25.991832 -0.298214 -0.517133 -0.051863 -25.992517 -0.481120 -0.362898 -0.051863 -25.989481 -0.606031 -0.257873 -0.051863  
 158 158 168  -26.016937 -0.670307 -0.204498 -0.051863 -26.008537 -0.795137 -0.099382 -0.051863 -25.992006 -0.978013 0.054762 -0.051863 -25.967657 -1.161388 0.208412 -0.051863 -25.947167 -1.286779 0.313209 -0.051863  
 168 168 178  -26.072176 -1.349649 0.366848 -0.051863 -26.042088 -1.475205 0.471974 -0.051863 -25.990742 -1.658949 0.626120 -0.051863 -25.931436 -1.842502 0.780580 -0.051863 -25.900357 -1.964864 0.883581 -0.051863  
 178 178 188  -25.775623 -2.018278 0.929654 -0.051863 -25.813983 -2.157553 1.045324 -0.051863 -25.949093 -2.346157 1.202320 -0.051863 -26.147932 -2.522425 1.351567 -0.051863 -26.320365 -2.636405 1.449223 -0.051863  
 188 188 198  -25.202430 -2.706246 1.507117 -0.051863 -25.497807 -2.836362 1.615352 -0.051863 -25.964257 -3.022130 1.770796 -0.051863 -26.476451 -3.201979 1.922467 -0.051863 -26.832213 -3.323479 2.025640 -0.051863  
 198 198 13  -24.841345 -3.389977 2.080450 -0.051863 -25.301099 -3.516252 2.186361 -0.051863 -25.980847 -3.699927 2.340980 -0.051863 -26.672564 -3.882277 2.494586 -0.051863 -27.154667 -4.006719 2.597640 -0.051863  
