 1 1 5  -48.899898 11.791949 3.717796 0.678956 -34.760933 8.181957 2.367567 0.678956 -13.329806 2.755863 0.226004 0.678956 -17.428828 -3.372787 -2.122634 0.678956 -32.025464 -7.095002 -3.521099 0.678956  
 2 2 6  -51.421095 12.029879 3.851823 0.678956 -37.100180 8.392039 2.468136 0.678956 -15.473861 2.916685 0.248890 0.678956 -19.556892 -3.522424 -2.193518 0.678956 -34.292386 -7.282756 -3.601528 0.678956  
 3 3 7  -66.594669 12.962433 4.078996 0.678956 -53.630570 9.512111 2.704796 0.678956 -36.458028 4.100002 0.321418 0.678956 -38.323761 -3.937623 -2.838337 0.678956 -49.556160 -7.811856 -4.065831 0.678956  
 4 4 8  -64.331019 12.767622 3.963273 0.678956 -51.451839 9.340495 2.607546 0.678956 -34.101385 4.025386 0.286893 0.678956 -36.031030 -3.853914 -2.780103 0.678956 -47.483929 -7.664480 -4.002298 0.678956  
 5 5 10  -27.370231 6.347837 -2.469559 0.374038 -16.579332 3.511385 -1.778095 0.374038 -7.144198 -1.095589 -0.801529 0.374038 -22.389752 -5.336168 0.350554 0.374038 -33.134966 -8.142228 1.098352 0.374038  
 6 6 11  -30.335689 6.588955 -2.528509 0.374038 -19.615514 3.738875 -1.855706 0.374038 -10.714597 -1.253221 -0.934890 0.374038 -25.391671 -5.590097 0.330234 0.374038 -36.151384 -8.402601 1.077237 0.374038  
 7 7 12  -35.713275 6.516682 -2.720284 0.374038 -26.463725 3.783541 -2.119854 0.374038 -21.396671 -1.686284 -1.104731 0.374038 -32.634640 -6.032943 0.358016 0.374038 -42.315221 -8.658504 1.147999 0.374038  
 8 8 118  -29.011786 6.657322 -3.023916 0.374038 -27.913806 6.372551 -2.944265 0.374038 -26.302058 5.954930 -2.827887 0.374038 -24.700777 5.534984 -2.715002 0.374038 -23.610576 5.247817 -2.637938 0.374038  
 9 10 15  -9.639916 -0.026574 -1.484969 -0.034835 -8.685422 -0.624522 -0.880332 -0.034835 -9.590115 -1.425324 0.194516 -0.034835 -12.118302 -1.980959 1.064217 -0.034835 -13.988287 -2.344771 1.615569 -0.034835  
 10 11 16  -10.765254 -0.028303 -1.516227 -0.034835 -10.120297 -0.659092 -0.879989 -0.034835 -10.893394 -1.492134 0.207404 -0.034835 -13.283154 -2.057368 1.069005 -0.034835 -15.084507 -2.420401 1.614128 -0.034835  
 11 12 17  -12.556433 -0.121738 -1.596432 -0.034835 -12.195107 -0.748446 -0.905115 -0.034835 -12.686621 -1.569467 0.217597 -0.034835 -14.767703 -2.097545 1.119314 -0.034835 -16.421517 -2.430983 1.676487 -0.034835  
 12 13 18  -11.391410 -0.118391 -1.582071 -0.034835 -10.762464 -0.722763 -0.919273 -0.034835 -11.380871 -1.515218 0.207231 -0.034835 -13.615431 -2.030450 1.113153 -0.034835 -15.347477 -2.362175 1.678795 -0.034835  
 13 5 6  0.000000 1.266111 0.000000 0.247872 0.000000 0.750394 0.000000 0.247872 0.000000 -0.004813 0.000000 0.247872 0.000000 -0.760021 -0.000000 0.247872 0.000000 -1.275737 -0.000000 0.247872  
 14 6 7  0.000000 -13.976225 -0.000000 0.180203 0.000000 -8.237260 -0.000000 0.180203 0.000000 0.166787 0.000000 0.180203 0.000000 8.570834 0.000000 0.180203 0.000000 14.309799 0.000000 0.180203  
 15 7 8  0.000000 1.268102 -0.000000 0.415728 0.000000 0.755484 -0.000000 0.415728 0.000000 0.004813 0.000000 0.415728 0.000000 -0.745857 0.000000 0.415728 0.000000 -1.258476 0.000000 0.415728  
 16 8 5  0.000000 -14.302164 0.000000 0.180773 0.000000 -8.566297 0.000000 0.180773 0.000000 -0.166787 0.000000 0.180773 0.000000 8.232723 -0.000000 0.180773 0.000000 13.968589 -0.000000 0.180773  
 17 10 11  0.000000 -2.632812 -0.000000 0.194069 0.000000 -1.561019 -0.000000 0.194069 0.000000 0.008498 0.000000 0.194069 0.000000 1.578015 0.000000 0.194069 0.000000 2.649808 0.000000 0.194069  
 18 11 12  0.000000 -8.336614 -0.000000 -0.074143 0.000000 -4.948458 -0.000000 -0.074143 0.000000 0.013103 0.000000 -0.074143 0.000000 4.974665 0.000000 -0.074143 0.000000 8.362821 0.000000 -0.074143  
 19 12 13  0.000000 -2.648151 0.000000 0.561805 0.000000 -1.577030 0.000000 0.561805 0.000000 -0.008498 0.000000 0.561805 0.000000 1.560034 -0.000000 0.561805 0.000000 2.631155 -0.000000 0.561805  
 20 13 10  0.000000 -8.364478 0.000000 -0.030926 0.000000 -4.975649 0.000000 -0.030926 0.000000 -0.013103 0.000000 -0.030926 0.000000 4.949442 -0.000000 -0.030926 0.000000 8.338271 -0.000000 -0.030926  
 21 15 16  0.000000 -1.729601 -0.000000 0.047643 0.000000 -1.025838 -0.000000 0.047643 0.000000 0.004742 0.000000 0.047643 0.000000 1.035322 0.000000 0.047643 0.000000 1.739085 0.000000 0.047643  
 22 16 17  0.000000 -2.380148 0.000000 -0.041236 0.000000 -1.409188 0.000000 -0.041236 0.000000 0.012669 0.000000 -0.041236 0.000000 1.434526 -0.000000 -0.041236 0.000000 2.405486 -0.000000 -0.041236  
 23 17 18  0.000000 -1.738555 0.000000 0.041929 0.000000 -1.035007 0.000000 0.041929 0.000000 -0.004742 0.000000 0.041929 0.000000 1.025523 -0.000000 0.041929 0.000000 1.729071 -0.000000 0.041929  
 24 18 15  0.000000 -2.406016 -0.000000 -0.044093 0.000000 -1.434841 -0.000000 -0.044093 0.000000 -0.012669 0.000000 -0.044093 0.000000 1.409503 0.000000 -0.044093 0.000000 2.380678 0.000000 -0.044093  
 118 118 128  -28.803047 5.100305 -2.598375 0.374038 -27.779086 4.817221 -2.518171 0.374038 -26.295459 4.400010 -2.402760 0.374038 -24.824875 3.981381 -2.287046 0.374038 -23.856619 3.688728 -2.214632 0.374038  
 128 128 138  -27.847112 3.532416 -2.169699 0.374038 -27.164429 3.262014 -2.091859 0.374038 -26.237877 2.854263 -1.978660 0.374038 -25.428585 2.426955 -1.864590 0.374038 -24.972929 2.119902 -1.781327 0.374038  
 138 138 148  -26.523930 1.971065 -1.724579 0.374038 -26.354180 1.709039 -1.668806 0.374038 -26.233300 1.302084 -1.566237 0.374038 -26.254798 0.866649 -1.435249 0.374038 -26.274850 0.567352 -1.343756 0.374038  
 148 148 158  -26.291553 0.437214 -1.318845 0.374038 -26.302427 0.150728 -1.240541 0.374038 -26.312048 -0.268231 -1.126149 0.374038 -26.311454 -0.686666 -1.011323 0.374038 -26.308240 -0.972497 -0.932814 0.374038  
 158 158 168  -26.323127 -1.115609 -0.890514 0.374038 -26.315192 -1.403753 -0.814028 0.374038 -26.298479 -1.825800 -0.702173 0.374038 -26.284309 -2.246075 -0.588457 0.374038 -26.338296 -2.519403 -0.500104 0.374038  
 168 168 178  -24.985361 -2.645049 -0.482270 0.374038 -25.385280 -2.967760 -0.385503 0.374038 -26.225863 -3.392759 -0.265633 0.374038 -27.182915 -3.797601 -0.161280 0.374038 -27.913667 -4.063826 -0.090242 0.374038  
 178 178 188  -23.715122 -4.228710 -0.041555 0.374038 -24.766307 -4.515676 0.037268 0.374038 -26.309106 -4.934774 0.151475 0.374038 -27.846656 -5.353118 0.266194 0.374038 -28.893591 -5.638364 0.344828 0.374038  
 188 188 198  -23.607111 -5.784269 0.385691 0.374038 -24.702208 -6.071047 0.462567 0.374038 -26.308104 -6.490220 0.576910 0.374038 -27.911228 -6.908575 0.692208 0.374038 -29.003051 -7.193820 0.771216 0.374038  
 198 198 13  -23.596738 -7.339790 0.810787 0.374038 -24.699099 -7.626468 0.888681 0.374038 -26.309421 -8.045631 1.003119 0.374038 -27.915053 -8.464028 1.117998 0.374038 -29.008817 -8.749303 1.196700 0.374038  
