 1 1 5  -33.726769 -0.463750 -4.220103 0.046620 -33.214665 -0.651482 -3.322734 0.046620 -34.032722 -0.782190 -1.455362 0.046620 -33.942477 -0.840647 0.515636 0.046620 -32.849207 -0.850645 1.889437 0.046620  
 2 2 6  -43.499928 -0.487031 -4.437290 0.046620 -44.390603 -0.672031 -3.334311 0.046620 -45.703785 -0.770411 -1.471983 0.046620 -45.646516 -0.863600 0.387955 0.046620 -44.683072 -0.912941 1.680675 0.046620  
 3 3 7  -37.694674 -0.555820 -4.316447 0.046620 -37.798450 -0.730466 -3.347239 0.046620 -38.903872 -0.770588 -1.483090 0.046620 -38.827769 -0.777570 0.405945 0.046620 -37.742226 -0.769800 1.738029 0.046620  
 4 4 8  -28.473501 -0.530465 -4.001927 0.046620 -27.187005 -0.663893 -3.191092 0.046620 -26.963474 -0.782118 -1.468178 0.046620 -26.854979 -0.755711 0.534779 0.046620 -25.757430 -0.708869 1.945351 0.046620  
 5 5 10  -26.566389 -3.194370 -3.118581 -0.124445 -23.042611 -2.283270 -2.196675 -0.124445 -20.858501 -0.484476 -0.384358 -0.124445 -21.141731 1.580494 1.687188 -0.124445 -24.029839 2.539501 2.635800 -0.124445  
 6 6 11  -32.979159 -3.472750 -3.158336 -0.124445 -30.350994 -2.488163 -2.257322 -0.124445 -29.599972 -0.484882 -0.410448 -0.124445 -29.199578 1.688305 1.602378 -0.124445 -30.712713 2.793623 2.609752 -0.124445  
 7 7 12  -29.023367 -3.423774 -3.010648 -0.124445 -25.848396 -2.451960 -2.150885 -0.124445 -24.312004 -0.482003 -0.410246 -0.124445 -24.214988 1.730239 1.559326 -0.124445 -26.550311 2.775885 2.475819 -0.124445  
 8 8 118  -19.196325 -3.406305 -3.219654 -0.124445 -18.633032 -3.292215 -3.109329 -0.124445 -17.805333 -3.124756 -2.947444 -0.124445 -16.974263 -2.956847 -2.785158 -0.124445 -16.404876 -2.841926 -2.674120 -0.124445  
 9 10 15  -16.452756 -1.439452 -3.641781 0.030879 -10.214655 -0.730645 -2.114739 0.030879 -4.648649 0.485898 0.462009 0.030879 -13.399899 1.459967 2.771445 0.030879 -19.570554 2.148958 4.290946 0.030879  
 10 11 16  -18.792714 -1.515986 -3.648961 0.030879 -13.057496 -0.798009 -2.212961 0.030879 -9.076504 0.571362 0.535420 0.030879 -16.116508 1.556993 2.845010 0.030879 -21.849515 2.235461 4.280654 0.030879  
 11 12 17  -17.422718 -1.557159 -3.541808 0.030879 -11.563398 -0.820311 -2.107734 0.030879 -6.948333 0.532345 0.511843 0.030879 -14.675490 1.542732 2.746967 0.030879 -20.499049 2.250737 4.176863 0.030879  
 12 13 18  -14.999464 -1.475564 -3.521442 0.030879 -8.693050 -0.748104 -1.992660 0.030879 -2.748817 0.397983 0.390043 0.030879 -11.894292 1.442787 2.657829 0.030879 -18.124704 2.156634 4.176280 0.030879  
 13 5 6  0.000000 -5.000600 0.000000 -0.142873 0.000000 -2.961321 0.000000 -0.142873 0.000000 0.024966 0.000000 -0.142873 0.000000 3.011253 -0.000000 -0.142873 0.000000 5.050532 -0.000000 -0.142873  
 14 6 7  0.000000 2.661828 0.000000 0.076255 0.000000 1.587787 0.000000 0.076255 0.000000 0.014980 0.000000 0.076255 0.000000 -1.557828 -0.000000 0.076255 0.000000 -2.631869 -0.000000 0.076255  
 15 7 8  0.000000 -5.048570 -0.000000 -0.269805 0.000000 -3.010087 -0.000000 -0.269805 0.000000 -0.024966 0.000000 -0.269805 0.000000 2.960155 0.000000 -0.269805 0.000000 4.998638 0.000000 -0.269805  
 16 8 5  0.000000 2.629906 -0.000000 0.211771 0.000000 1.556662 -0.000000 0.211771 0.000000 -0.014980 0.000000 0.211771 0.000000 -1.586621 0.000000 0.211771 0.000000 -2.659866 0.000000 0.211771  
 17 10 11  0.000000 -6.275296 -0.000000 -0.168301 0.000000 -3.712182 -0.000000 -0.168301 0.000000 0.041201 0.000000 -0.168301 0.000000 3.794583 0.000000 -0.168301 0.000000 6.357697 0.000000 -0.168301  
 18 11 12  0.000000 4.300214 0.000000 0.130268 0.000000 2.561908 0.000000 0.130268 0.000000 0.016361 0.000000 0.130268 0.000000 -2.529186 -0.000000 0.130268 0.000000 -4.267492 -0.000000 0.130268  
 19 12 13  0.000000 -6.345896 0.000000 -0.249176 0.000000 -3.787570 0.000000 -0.249176 0.000000 -0.041201 0.000000 -0.249176 0.000000 3.705169 -0.000000 -0.249176 0.000000 6.263495 -0.000000 -0.249176  
 20 13 10  0.000000 4.255691 -0.000000 0.215123 0.000000 2.522174 -0.000000 0.215123 0.000000 -0.016361 0.000000 0.215123 0.000000 -2.554895 0.000000 0.215123 0.000000 -4.288413 0.000000 0.215123  
 21 15 16  0.000000 -4.277369 0.000000 -0.066039 0.000000 -2.522409 0.000000 -0.066039 0.000000 0.047527 0.000000 -0.066039 0.000000 2.617462 -0.000000 -0.066039 0.000000 4.372422 -0.000000 -0.066039  
 22 16 17  0.000000 2.249625 -0.000000 0.067268 0.000000 1.339213 -0.000000 0.067268 0.000000 0.006021 0.000000 0.067268 0.000000 -1.327171 0.000000 0.067268 0.000000 -2.237583 0.000000 0.067268  
 23 17 18  0.000000 -4.357409 -0.000000 -0.076453 0.000000 -2.608541 -0.000000 -0.076453 0.000000 -0.047527 0.000000 -0.076453 0.000000 2.513487 0.000000 -0.076453 0.000000 4.262355 0.000000 -0.076453  
 24 18 15  0.000000 2.222570 0.000000 0.084003 0.000000 1.318250 0.000000 0.084003 0.000000 -0.006021 0.000000 0.084003 0.000000 -1.330292 -0.000000 0.084003 0.000000 -2.234611 -0.000000 0.084003  
 118 118 128  -19.122880 -2.783209 -2.617869 -0.124445 -18.588955 -2.669314 -2.507368 -0.124445 -17.804191 -2.502177 -2.345237 -0.124445 -17.017108 -2.334377 -2.182900 -0.124445 -16.483551 -2.218313 -2.072692 -0.124445  
 128 128 138  -18.853271 -2.158267 -2.012581 -0.124445 -18.400478 -2.046413 -1.906322 -0.124445 -17.782576 -1.881383 -1.744456 -0.124445 -17.199966 -1.711184 -1.581415 -0.124445 -16.816411 -1.593721 -1.467930 -0.124445  
 138 138 148  -18.194314 -1.526686 -1.402986 -0.124445 -17.994200 -1.423516 -1.302984 -0.124445 -17.749680 -1.265017 -1.149670 -0.124445 -17.598686 -1.091203 -0.981882 -0.124445 -17.569624 -0.958641 -0.853768 -0.124445  
 148 148 158  -17.790181 -0.915078 -0.811494 -0.124445 -17.800013 -0.801029 -0.701362 -0.124445 -17.807204 -0.633417 -0.539363 -0.124445 -17.808086 -0.465506 -0.376898 -0.124445 -17.804904 -0.350886 -0.266313 -0.124445  
 158 158 168  -17.832571 -0.292879 -0.210027 -0.124445 -17.824163 -0.178137 -0.099289 -0.124445 -17.807631 -0.010184 0.063090 -0.124445 -17.783287 0.157270 0.224975 -0.124445 -17.762798 0.271453 0.335395 -0.124445  
 168 168 178  -17.887698 0.329832 0.391852 -0.124445 -17.857609 0.444535 0.502637 -0.124445 -17.806265 0.612624 0.665069 -0.124445 -17.746956 0.780904 0.827814 -0.124445 -17.716779 0.893009 0.936178 -0.124445  
 178 178 188  -17.499897 0.940075 0.981176 -0.124445 -17.562393 1.069445 1.106949 -0.124445 -17.750289 1.243210 1.274697 -0.124445 -18.027364 1.403386 1.429500 -0.124445 -18.268900 1.506167 1.528655 -0.124445  
 188 188 198  -16.786322 1.572745 1.593151 -0.124445 -17.178378 1.690302 1.707027 -0.124445 -17.773476 1.860696 1.871291 -0.124445 -18.432558 2.025445 2.030738 -0.124445 -18.884014 2.137394 2.139237 -0.124445  
 198 198 13  -16.489653 2.197916 2.197720 -0.124445 -17.018851 2.313422 2.308742 -0.124445 -17.800777 2.481048 2.471500 -0.124445 -18.587931 2.648514 2.633029 -0.124445 -19.123525 2.762626 2.743114 -0.124445  
