 1 1 5  -37.618442 1.745710 2.842099 -0.007815 -37.531507 1.167190 1.980503 -0.007815 -37.600397 0.279704 0.674554 -0.007815 -37.604356 -0.608579 -0.629454 -0.007815 -37.565748 -1.214768 -1.521120 -0.007815  
 2 2 6  -35.038431 1.719655 2.820272 -0.007815 -34.814401 1.165138 1.983917 -0.007815 -34.881663 0.278455 0.676641 -0.007815 -34.888929 -0.607612 -0.631347 -0.007815 -34.849352 -1.213248 -1.524147 -0.007815  
 3 3 7  -34.598450 1.713925 2.817407 -0.007815 -34.347044 1.163784 1.985736 -0.007815 -34.413731 0.276690 0.677966 -0.007815 -34.418891 -0.608396 -0.632351 -0.007815 -34.381024 -1.213718 -1.525576 -0.007815  
 4 4 8  -37.168016 1.741363 2.841054 -0.007815 -37.063985 1.165757 1.982311 -0.007815 -37.132915 0.277978 0.675809 -0.007815 -37.139478 -0.609132 -0.630169 -0.007815 -37.098289 -1.215206 -1.522315 -0.007815  
 5 5 10  -25.063846 -0.291326 0.737023 0.000289 -25.090335 -0.359852 0.300829 0.000289 -25.110644 -0.460313 -0.337380 0.000289 -25.087960 -0.560360 -0.975837 0.000289 -25.061665 -0.628697 -1.411965 0.000289  
 6 6 11  -24.062648 -0.291837 0.738598 0.000289 -24.089259 -0.360212 0.302326 0.000289 -24.111546 -0.460117 -0.337016 0.000289 -24.086912 -0.559704 -0.976056 0.000289 -24.060534 -0.627952 -1.412236 0.000289  
 7 7 12  -22.886391 -0.292066 0.739352 0.000289 -22.912655 -0.360291 0.302895 0.000289 -22.932212 -0.459474 -0.337292 0.000289 -22.909573 -0.558502 -0.976980 0.000289 -22.883550 -0.626516 -1.413398 0.000289  
 8 8 118  -23.901519 -0.276153 0.837969 0.000289 -23.905759 -0.282969 0.794334 0.000289 -23.911738 -0.292944 0.730434 0.000289 -23.917459 -0.302909 0.666530 0.000289 -23.921216 -0.309708 0.622890 0.000289  
 9 10 15  -12.487111 -1.210310 -0.252940 0.001829 -12.449344 -0.771215 -0.260536 0.001829 -12.455752 -0.111931 -0.258762 0.001829 -12.436925 0.547180 -0.257163 0.001829 -12.415554 0.997228 -0.256084 0.001829  
 10 11 16  -12.325542 -1.208583 -0.252554 0.001829 -12.279276 -0.771223 -0.261080 0.001829 -12.285387 -0.111843 -0.259187 0.001829 -12.266643 0.547259 -0.257298 0.001829 -12.245251 0.997339 -0.255883 0.001829  
 11 12 17  -11.637925 -1.200942 -0.247077 0.001829 -11.544580 -0.772540 -0.261022 0.001829 -11.550721 -0.111881 -0.259314 0.001829 -11.532095 0.548417 -0.257401 0.001829 -11.518463 0.997572 -0.254590 0.001829  
 12 13 18  -11.796885 -1.203397 -0.247475 0.001829 -11.715667 -0.772532 -0.260486 0.001829 -11.721746 -0.111978 -0.258885 0.001829 -11.703207 0.548336 -0.257267 0.001829 -11.686583 0.998092 -0.255305 0.001829  
 13 5 6  0.000000 2.348296 0.000000 -0.003566 0.000000 1.395449 0.000000 -0.003566 0.000000 0.000114 0.000000 -0.003566 0.000000 -1.395221 -0.000000 -0.003566 0.000000 -2.348068 -0.000000 -0.003566  
 14 6 7  0.000000 -0.984307 -0.000000 0.000755 0.000000 -0.585007 -0.000000 0.000755 0.000000 -0.000278 0.000000 0.000755 0.000000 0.584450 0.000000 0.000755 0.000000 0.983750 0.000000 0.000755  
 15 7 8  0.000000 2.348102 -0.000000 -0.003612 0.000000 1.395241 -0.000000 -0.003612 0.000000 -0.000114 0.000000 -0.003612 0.000000 -1.395469 0.000000 -0.003612 0.000000 -2.348330 0.000000 -0.003612  
 16 8 5  0.000000 -0.983784 0.000000 0.000788 0.000000 -0.584470 0.000000 0.000788 0.000000 0.000278 0.000000 0.000788 0.000000 0.585027 -0.000000 0.000788 0.000000 0.984341 -0.000000 0.000788  
 17 10 11  0.000000 1.147873 -0.000000 -0.000073 0.000000 0.682008 -0.000000 -0.000073 0.000000 -0.000198 0.000000 -0.000073 0.000000 -0.682403 0.000000 -0.000073 0.000000 -1.148269 0.000000 -0.000073  
 18 11 12  0.000000 0.620875 -0.000000 0.001756 0.000000 0.369034 -0.000000 0.001756 0.000000 0.000241 0.000000 0.001756 0.000000 -0.368551 0.000000 0.001756 0.000000 -0.620392 0.000000 0.001756  
 19 12 13  0.000000 1.148322 0.000000 0.000130 0.000000 0.682435 0.000000 0.000130 0.000000 0.000198 0.000000 0.000130 0.000000 -0.682040 -0.000000 0.000130 0.000000 -1.147927 -0.000000 0.000130  
 20 13 10  0.000000 0.620339 0.000000 0.001741 0.000000 0.368519 0.000000 0.001741 0.000000 -0.000241 0.000000 0.001741 0.000000 -0.369002 -0.000000 0.001741 0.000000 -0.620821 -0.000000 0.001741  
 21 15 16  0.000000 0.233722 0.000000 0.000137 0.000000 0.138881 0.000000 0.000137 0.000000 -0.000002 0.000000 0.000137 0.000000 -0.138885 -0.000000 0.000137 0.000000 -0.233726 -0.000000 0.000137  
 22 16 17  0.000000 1.005717 -0.000000 0.000304 0.000000 0.597684 -0.000000 0.000304 0.000000 0.000167 0.000000 0.000304 0.000000 -0.597350 0.000000 0.000304 0.000000 -1.005383 0.000000 0.000304  
 23 17 18  0.000000 0.233769 -0.000000 0.000349 0.000000 0.138911 -0.000000 0.000349 0.000000 0.000002 0.000000 0.000349 0.000000 -0.138907 0.000000 0.000349 0.000000 -0.233765 0.000000 0.000349  
 24 18 15  0.000000 1.005340 0.000000 0.000415 0.000000 0.597325 0.000000 0.000415 0.000000 -0.000167 0.000000 0.000415 0.000000 -0.597658 -0.000000 0.000415 0.000000 -1.005674 -0.000000 0.000415  
 118 118 128  -23.904350 -0.313187 0.600622 0.000289 -23.907398 -0.320000 0.556987 0.000289 -23.911702 -0.329972 0.493087 0.000289 -23.915807 -0.339940 0.429183 0.000289 -23.918496 -0.346742 0.385542 0.000289  
 128 128 138  -23.906329 -0.350217 0.363278 0.000289 -23.908544 -0.357029 0.319640 0.000289 -23.911673 -0.367002 0.255738 0.000289 -23.914656 -0.376970 0.191836 0.000289 -23.916598 -0.383771 0.148198 0.000289  
 138 138 148  -23.907293 -0.387251 0.125931 0.000289 -23.909131 -0.394059 0.082293 0.000289 -23.911677 -0.404030 0.018390 0.000289 -23.914072 -0.413999 -0.045511 0.000289 -23.915620 -0.420806 -0.089148 0.000289  
 148 148 158  -23.909289 -0.424270 -0.111369 0.000289 -23.910710 -0.431102 -0.155048 0.000289 -23.912222 -0.441057 -0.219003 0.000289 -23.912531 -0.451017 -0.282859 0.000289 -23.912240 -0.457856 -0.326440 0.000289  
 158 158 168  -23.914536 -0.461318 -0.348770 0.000289 -23.913527 -0.468117 -0.392400 0.000289 -23.911703 -0.478087 -0.456300 0.000289 -23.909709 -0.488060 -0.520205 0.000289 -23.908247 -0.494870 -0.563847 0.000289  
 168 168 178  -23.915724 -0.498338 -0.586115 0.000289 -23.914137 -0.505151 -0.629747 0.000289 -23.911665 -0.515121 -0.693649 0.000289 -23.909066 -0.525089 -0.757552 0.000289 -23.907219 -0.531896 -0.801193 0.000289  
 178 178 188  -23.916607 -0.535377 -0.823452 0.000289 -23.914661 -0.542181 -0.867095 0.000289 -23.911695 -0.552145 -0.931003 0.000289 -23.908530 -0.562120 -0.994900 0.000289 -23.906286 -0.568933 -1.038531 0.000289  
 188 188 198  -23.918580 -0.572406 -1.060800 0.000289 -23.915853 -0.579211 -1.104442 0.000289 -23.911702 -0.589177 -1.168348 0.000289 -23.907359 -0.599148 -1.232249 0.000289 -23.904252 -0.605965 -1.275876 0.000289  
 198 198 13  -23.921023 -0.609440 -1.298144 0.000289 -23.917357 -0.616239 -1.341791 0.000289 -23.911757 -0.626205 -1.405697 0.000289 -23.905860 -0.636179 -1.469594 0.000289 -23.901670 -0.642996 -1.513224 0.000289  
