 1 1 5  -34.661274 0.620726 0.817032 -0.001116 -34.912334 0.507309 0.600060 -0.001116 -35.141333 0.329532 0.272528 -0.001116 -35.148276 0.140394 -0.060819 -0.001116 -35.005821 0.018923 -0.285219 -0.001116  
 2 2 6  -33.163277 0.623872 0.827787 -0.001116 -33.403932 0.509393 0.609835 -0.001116 -33.612745 0.330072 0.279542 -0.001116 -33.620256 0.139702 -0.062591 -0.001116 -33.488061 0.017259 -0.288008 -0.001116  
 3 3 7  -36.623032 0.613716 0.822972 -0.001116 -36.876475 0.500032 0.606063 -0.001116 -37.114716 0.323455 0.278010 -0.001116 -37.121359 0.139136 -0.060741 -0.001116 -36.976226 0.017617 -0.285218 -0.001116  
 4 4 8  -38.125131 0.610763 0.813056 -0.001116 -38.387447 0.497915 0.597263 -0.001116 -38.638488 0.321848 0.271095 -0.001116 -38.649934 0.140180 -0.059896 -0.001116 -38.496694 0.019404 -0.283014 -0.001116  
 5 5 10  -22.982175 1.125773 0.645421 -0.000558 -23.087274 0.784843 0.370793 -0.000558 -23.148635 0.276429 -0.037668 -0.000558 -23.065999 -0.230514 -0.445652 -0.000558 -22.951341 -0.570876 -0.719897 -0.000558  
 6 6 11  -22.163074 1.127490 0.643609 -0.000558 -22.262956 0.785890 0.369824 -0.000558 -22.317964 0.276340 -0.039378 -0.000558 -22.242305 -0.231074 -0.447463 -0.000558 -22.133117 -0.572279 -0.720818 -0.000558  
 7 7 12  -24.843330 1.127047 0.641608 -0.000558 -24.946601 0.786025 0.368491 -0.000558 -25.006902 0.280095 -0.039250 -0.000558 -24.920572 -0.224912 -0.446439 -0.000558 -24.807399 -0.565209 -0.719224 -0.000558  
 8 8 118  -25.714248 1.206938 0.709508 -0.000558 -25.731025 1.172621 0.681859 -0.000558 -25.754464 1.122283 0.641284 -0.000558 -25.776512 1.071847 0.600618 -0.000558 -25.790786 1.037349 0.572791 -0.000558  
 9 10 15  -11.768088 1.429797 0.083912 0.001998 -11.383747 0.855080 0.003184 0.001998 -11.390553 -0.114979 -0.136136 0.001998 -11.392433 -1.073158 -0.265726 0.001998 -12.137911 -1.575425 -0.303535 0.001998  
 10 11 16  -11.560795 1.421942 0.083084 0.001998 -11.132157 0.855232 0.003169 0.001998 -11.138352 -0.114955 -0.136865 0.001998 -11.155230 -1.070929 -0.265043 0.001998 -11.939258 -1.566912 -0.302729 0.001998  
 11 12 17  -12.615565 1.445627 0.086372 0.001998 -12.393781 0.846612 0.003062 0.001998 -12.399949 -0.110486 -0.136874 0.001998 -12.360918 -1.064496 -0.273226 0.001998 -12.928469 -1.591240 -0.313721 0.001998  
 12 13 18  -12.833593 1.450845 0.086794 0.001998 -12.639883 0.846430 0.003061 0.001998 -12.646475 -0.110491 -0.136146 0.001998 -12.602212 -1.064800 -0.272689 0.001998 -13.134223 -1.598027 -0.314363 0.001998  
 13 5 6  0.000000 0.957768 -0.000000 0.001839 0.000000 0.568820 -0.000000 0.001839 0.000000 -0.000750 0.000000 0.001839 0.000000 -0.570319 0.000000 0.001839 0.000000 -0.959268 0.000000 0.001839  
 14 6 7  0.000000 -1.113766 0.000000 -0.002802 0.000000 -0.662248 0.000000 -0.002802 0.000000 -0.001053 0.000000 -0.002802 0.000000 0.660142 -0.000000 -0.002802 0.000000 1.111660 -0.000000 -0.002802  
 15 7 8  0.000000 0.959234 0.000000 0.001187 0.000000 0.570299 0.000000 0.001187 0.000000 0.000750 0.000000 0.001187 0.000000 -0.568800 -0.000000 0.001187 0.000000 -0.957734 -0.000000 0.001187  
 16 8 5  0.000000 -1.111626 -0.000000 -0.001767 0.000000 -0.660122 -0.000000 -0.001767 0.000000 0.001053 0.000000 -0.001767 0.000000 0.662228 0.000000 -0.001767 0.000000 1.113732 0.000000 -0.001767  
 17 10 11  0.000000 0.811715 0.000000 -0.001934 0.000000 0.482289 0.000000 -0.001934 0.000000 -0.000118 0.000000 -0.001934 0.000000 -0.482525 -0.000000 -0.001934 0.000000 -0.811952 -0.000000 -0.001934  
 18 11 12  0.000000 -2.057862 0.000000 0.001393 0.000000 -1.222366 0.000000 0.001393 0.000000 0.001120 0.000000 0.001393 0.000000 1.224607 -0.000000 0.001393 0.000000 2.060102 -0.000000 0.001393  
 19 12 13  0.000000 0.811999 -0.000000 -0.001971 0.000000 0.482554 -0.000000 -0.001971 0.000000 0.000118 0.000000 -0.001971 0.000000 -0.482317 0.000000 -0.001971 0.000000 -0.811763 0.000000 -0.001971  
 20 13 10  0.000000 -2.060150 -0.000000 0.001825 0.000000 -1.224635 -0.000000 0.001825 0.000000 -0.001120 0.000000 0.001825 0.000000 1.222394 0.000000 0.001825 0.000000 2.057910 0.000000 0.001825  
 21 15 16  0.000000 0.327228 -0.000000 -0.003302 0.000000 0.194503 -0.000000 -0.003302 0.000000 0.000143 0.000000 -0.003302 0.000000 -0.194217 0.000000 -0.003302 0.000000 -0.326942 0.000000 -0.003302  
 22 16 17  0.000000 -1.641619 0.000000 0.005248 0.000000 -0.973916 0.000000 0.005248 0.000000 0.003858 0.000000 0.005248 0.000000 0.981631 -0.000000 0.005248 0.000000 1.649334 -0.000000 0.005248  
 23 17 18  0.000000 0.327056 0.000000 -0.002046 0.000000 0.194285 0.000000 -0.002046 0.000000 -0.000143 0.000000 -0.002046 0.000000 -0.194570 -0.000000 -0.002046 0.000000 -0.327341 -0.000000 -0.002046  
 24 18 15  0.000000 -1.649448 -0.000000 0.004787 0.000000 -0.981699 -0.000000 0.004787 0.000000 -0.003858 0.000000 0.004787 0.000000 0.973984 0.000000 0.004787 0.000000 1.641733 0.000000 0.004787  
 118 118 128  -25.723335 1.019789 0.558636 -0.000558 -25.736346 0.985472 0.530986 -0.000558 -25.754380 0.935138 0.490412 -0.000558 -25.771173 0.884700 0.449745 -0.000558 -25.781939 0.850198 0.421919 -0.000558  
 128 128 138  -25.733715 0.832658 0.407776 -0.000558 -25.742308 0.798324 0.380111 -0.000558 -25.754171 0.747977 0.339531 -0.000558 -25.765164 0.697551 0.298870 -0.000558 -25.772156 0.663067 0.271059 -0.000558  
 138 138 148  -25.741897 0.645551 0.256940 -0.000558 -25.747046 0.611176 0.229234 -0.000558 -25.754074 0.560800 0.188633 -0.000558 -25.760438 0.510389 0.147999 -0.000558 -25.764184 0.475977 0.120215 -0.000558  
 148 148 158  -25.749059 0.458487 0.106138 -0.000558 -25.751793 0.423993 0.078332 -0.000558 -25.754316 0.373624 0.037734 -0.000558 -25.755959 0.323254 -0.002854 -0.000558 -25.755898 0.288856 -0.030646 -0.000558  
 158 158 168  -25.760897 0.271273 -0.044799 -0.000558 -25.758575 0.236883 -0.072506 -0.000558 -25.754203 0.186488 -0.113119 -0.000558 -25.748939 0.136088 -0.153768 -0.000558 -25.744814 0.101708 -0.181490 -0.000558  
 168 168 178  -25.766836 0.084182 -0.195610 -0.000558 -25.761866 0.049722 -0.223390 -0.000558 -25.754057 -0.000694 -0.264032 -0.000558 -25.745569 -0.051053 -0.304629 -0.000558 -25.739385 -0.085406 -0.332330 -0.000558  
 178 178 188  -25.776211 -0.102931 -0.346448 -0.000558 -25.767676 -0.137429 -0.374265 -0.000558 -25.754289 -0.187866 -0.414928 -0.000558 -25.739815 -0.238202 -0.455507 -0.000558 -25.729338 -0.272520 -0.483165 -0.000558  
 188 188 198  -25.785755 -0.290073 -0.497307 -0.000558 -25.773487 -0.324579 -0.525140 -0.000558 -25.754417 -0.375016 -0.565810 -0.000558 -25.734059 -0.425348 -0.606379 -0.000558 -25.719378 -0.459668 -0.634026 -0.000558  
 198 198 13  -25.794164 -0.477222 -0.648180 -0.000558 -25.778507 -0.511726 -0.676012 -0.000558 -25.754450 -0.562164 -0.716683 -0.000558 -25.729036 -0.612499 -0.757253 -0.000558 -25.710896 -0.646812 -0.784898 -0.000558  
