 1 1 5  -37.970928 2.271534 2.063345 -0.045399 -39.449538 1.745773 2.039825 -0.045399 -40.936946 0.751726 1.769277 -0.045399 -40.845622 -0.284277 1.447323 -0.045399 -39.753341 -0.962030 1.255626 -0.045399  
 2 2 6  -25.222614 2.089242 2.034789 -0.045399 -25.603381 1.664255 2.020807 -0.045399 -25.934085 0.763494 1.726308 -0.045399 -25.869773 -0.306310 1.251510 -0.045399 -24.912125 -1.024140 0.948743 -0.045399  
 3 3 7  -30.520224 2.144224 2.087356 -0.045399 -31.485941 1.685281 2.061440 -0.045399 -32.555947 0.736254 1.715220 -0.045399 -32.476965 -0.292170 1.268720 -0.045399 -31.392906 -0.981768 1.005874 -0.045399  
 4 4 8  -43.869542 2.244561 2.041021 -0.045399 -45.789153 1.668133 1.976176 -0.045399 -47.351683 0.724755 1.756566 -0.045399 -47.242553 -0.270413 1.466439 -0.045399 -46.145205 -0.920975 1.311350 -0.045399  
 5 5 10  -36.252620 1.549475 6.872798 0.040334 -28.706278 1.091771 4.771634 0.040334 -21.584616 0.288760 0.993110 0.040334 -24.310983 -0.706441 -3.492926 0.040334 -31.319144 -1.156419 -5.603183 0.040334  
 6 6 11  -28.304511 1.442541 6.479939 0.040334 -19.816261 0.977805 4.261217 0.040334 -7.633081 0.255515 0.872613 0.040334 -15.245587 -0.605293 -3.108566 0.040334 -23.598510 -1.062243 -5.309602 0.040334  
 7 7 12  -32.017367 1.473464 6.763876 0.040334 -23.712247 1.015475 4.550846 0.040334 -13.476298 0.309099 0.925684 0.040334 -19.230457 -0.606714 -3.392865 0.040334 -27.310642 -1.055680 -5.590978 0.040334  
 8 8 118  -33.802527 1.752404 7.739657 0.040334 -32.796280 1.695959 7.477111 0.040334 -31.321211 1.612807 7.091943 0.040334 -29.841527 1.529141 6.705950 0.040334 -28.830025 1.471736 6.441837 0.040334  
 9 10 15  -17.046931 2.416001 3.237460 -0.015151 -10.524450 1.454055 1.695243 -0.015151 -6.426702 -0.185714 -1.003215 -0.015151 -15.817068 -1.686925 -3.230462 -0.015151 -22.330585 -2.666976 -4.736148 -0.015151  
 10 11 16  -14.305871 2.256519 3.354148 -0.015151 -7.180658 1.265766 1.688456 -0.015151 -2.050547 -0.140642 -0.655429 -0.015151 -12.484970 -1.571406 -3.117030 -0.015151 -19.551348 -2.539552 -4.775487 -0.015151  
 11 12 17  -16.138481 2.267640 3.496907 -0.015151 -9.055343 1.316157 1.820898 -0.015151 -4.006102 -0.162108 -0.817725 -0.015151 -14.357139 -1.590156 -3.266147 -0.015151 -21.378441 -2.542929 -4.919769 -0.015151  
 12 13 18  -18.767855 2.425393 3.358847 -0.015151 -12.424733 1.501037 1.800268 -0.015151 -8.667944 -0.203352 -1.117035 -0.015151 -17.581176 -1.697226 -3.362137 -0.015151 -24.027225 -2.656785 -4.866390 -0.015151  
 13 5 6  0.000000 5.997236 0.000000 -0.085978 0.000000 3.580727 0.000000 -0.085978 0.000000 0.042030 0.000000 -0.085978 0.000000 -3.496668 -0.000000 -0.085978 0.000000 -5.913177 -0.000000 -0.085978  
 14 6 7  0.000000 -2.544489 0.000000 0.201594 0.000000 -1.513029 0.000000 0.201594 0.000000 -0.002576 0.000000 0.201594 0.000000 1.507877 -0.000000 0.201594 0.000000 2.539337 -0.000000 0.201594  
 15 7 8  0.000000 5.914374 -0.000000 -0.034989 0.000000 3.497379 -0.000000 -0.034989 0.000000 -0.042030 0.000000 -0.034989 0.000000 -3.581438 0.000000 -0.034989 0.000000 -5.998433 0.000000 -0.034989  
 16 8 5  0.000000 -2.540534 -0.000000 -0.096174 0.000000 -1.508588 -0.000000 -0.096174 0.000000 0.002576 0.000000 -0.096174 0.000000 1.513740 0.000000 -0.096174 0.000000 2.545685 0.000000 -0.096174  
 17 10 11  0.000000 9.243993 0.000000 -0.166070 0.000000 5.527597 0.000000 -0.166070 0.000000 0.085366 0.000000 -0.166070 0.000000 -5.356864 -0.000000 -0.166070 0.000000 -9.073260 -0.000000 -0.166070  
 18 11 12  0.000000 -3.508287 -0.000000 0.259111 0.000000 -2.080547 -0.000000 0.259111 0.000000 0.010212 0.000000 0.259111 0.000000 2.100970 0.000000 0.259111 0.000000 3.528710 0.000000 0.259111  
 19 12 13  0.000000 9.091376 -0.000000 -0.158112 0.000000 5.367628 -0.000000 -0.158112 0.000000 -0.085366 0.000000 -0.158112 0.000000 -5.538361 0.000000 -0.158112 0.000000 -9.262108 0.000000 -0.158112  
 20 13 10  0.000000 -3.546825 0.000000 0.076451 0.000000 -2.111735 0.000000 0.076451 0.000000 -0.010212 0.000000 0.076451 0.000000 2.091311 -0.000000 0.076451 0.000000 3.526402 -0.000000 0.076451  
 21 15 16  0.000000 4.894978 -0.000000 -0.088214 0.000000 2.931047 -0.000000 -0.088214 0.000000 0.055099 0.000000 -0.088214 0.000000 -2.820849 0.000000 -0.088214 0.000000 -4.784780 0.000000 -0.088214  
 22 16 17  0.000000 -2.605374 0.000000 0.113299 0.000000 -1.543616 0.000000 0.113299 0.000000 0.011205 0.000000 0.113299 0.000000 1.566027 -0.000000 0.113299 0.000000 2.627785 -0.000000 0.113299  
 23 17 18  0.000000 4.807458 0.000000 -0.081610 0.000000 2.834325 0.000000 -0.081610 0.000000 -0.055099 0.000000 -0.081610 0.000000 -2.944523 -0.000000 -0.081610 0.000000 -4.917656 -0.000000 -0.081610  
 24 18 15  0.000000 -2.650463 -0.000000 0.093660 0.000000 -1.579502 -0.000000 0.093660 0.000000 -0.011205 0.000000 0.093660 0.000000 1.557092 0.000000 0.093660 0.000000 2.628052 0.000000 0.093660  
 118 118 128  -33.685481 1.443898 6.306352 0.040334 -32.713599 1.385968 6.045254 0.040334 -31.314858 1.302228 5.660335 0.040334 -29.920155 1.219661 5.273721 0.040334 -28.970514 1.162617 5.008980 0.040334  
 128 128 138  -33.103943 1.132532 4.866498 0.040334 -32.336070 1.077874 4.612668 0.040334 -31.269879 0.991979 4.234545 0.040334 -30.289588 0.908737 3.843291 0.040334 -29.676409 0.854648 3.566538 0.040334  
 138 138 148  -31.681423 0.807780 3.414767 0.040334 -31.431242 0.767192 3.183832 0.040334 -31.222947 0.695602 2.815159 0.040334 -31.194394 0.600010 2.408347 0.040334 -31.211662 0.527550 2.122140 0.040334  
 148 148 158  -31.305500 0.514104 2.012042 0.040334 -31.314742 0.456856 1.748347 0.040334 -31.323128 0.373272 1.362526 0.040334 -31.323866 0.290121 0.977349 0.040334 -31.320831 0.233338 0.714027 0.040334  
 158 158 168  -31.348568 0.203822 0.579360 0.040334 -31.340167 0.147110 0.316159 0.040334 -31.323247 0.063945 -0.069135 0.040334 -31.298397 -0.019656 -0.454943 0.040334 -31.277569 -0.076907 -0.718530 0.040334  
 168 168 178  -31.407018 -0.105523 -0.852386 0.040334 -31.376040 -0.162639 -1.115963 0.040334 -31.323578 -0.246152 -1.501698 0.040334 -31.263068 -0.329450 -1.887140 0.040334 -31.217222 -0.386199 -2.150185 0.040334  
 178 178 188  -31.216031 -0.398241 -2.253328 0.040334 -31.165279 -0.475035 -2.549344 0.040334 -31.207475 -0.566641 -2.957242 0.040334 -31.451128 -0.638979 -3.322230 0.040334 -31.732846 -0.682358 -3.549076 0.040334  
 188 188 198  -29.586347 -0.724131 -3.708567 0.040334 -30.245630 -0.781216 -3.981919 0.040334 -31.283220 -0.867670 -4.370488 0.040334 -32.379005 -0.948984 -4.751904 0.040334 -33.164037 -1.003659 -5.007798 0.040334  
 198 198 13  -28.945110 -1.034626 -5.147968 0.040334 -29.905716 -1.091833 -5.412583 0.040334 -31.316770 -1.175592 -5.798781 0.040334 -32.731430 -1.258935 -6.183657 0.040334 -33.699443 -1.314953 -6.445892 0.040334  
