 1 1 5  -35.472919 -0.539863 0.680571 0.000330 -35.507994 -0.384552 0.384011 0.000330 -35.548742 -0.156908 -0.050258 0.000330 -35.550746 0.070272 -0.483507 0.000330 -35.527159 0.225570 -0.779858 0.000330  
 2 2 6  -37.562199 -0.540181 0.681778 0.000330 -37.597463 -0.384823 0.385381 0.000330 -37.638854 -0.157157 -0.048666 0.000330 -37.641110 0.070551 -0.483184 0.000330 -37.616629 0.225833 -0.779773 0.000330  
 3 3 7  -36.416531 -0.540881 0.682481 0.000330 -36.451706 -0.385556 0.385969 0.000330 -36.492817 -0.157932 -0.048247 0.000330 -36.495706 0.070422 -0.483661 0.000330 -36.470752 0.225918 -0.780262 0.000330  
 4 4 8  -34.326885 -0.540603 0.681269 0.000330 -34.361908 -0.385331 0.384598 0.000330 -34.403033 -0.157774 -0.049850 0.000330 -34.406107 0.070286 -0.483699 0.000330 -34.380824 0.225738 -0.780345 0.000330  
 5 5 10  -23.376822 -0.302201 -0.958814 0.000070 -23.387245 -0.188411 -0.722731 0.000070 -23.395881 -0.022008 -0.376711 0.000070 -23.383377 0.144561 -0.030674 0.000070 -23.371029 0.258371 0.205480 0.000070  
 6 6 11  -25.359519 -0.302399 -0.958349 0.000070 -25.370099 -0.188552 -0.722702 0.000070 -25.379056 -0.021957 -0.377737 0.000070 -25.366036 0.144620 -0.032628 0.000070 -25.353640 0.258458 0.203145 0.000070  
 7 7 12  -24.605729 -0.302469 -0.958197 0.000070 -24.616254 -0.188616 -0.722594 0.000070 -24.625021 -0.021764 -0.377898 0.000070 -24.611508 0.145049 -0.032836 0.000070 -24.599152 0.258893 0.202892 0.000070  
 8 8 118  -22.628715 -0.328452 -1.012975 0.000070 -22.629895 -0.317067 -0.989359 0.000070 -22.631592 -0.300395 -0.954775 0.000070 -22.633250 -0.283723 -0.920191 0.000070 -22.634361 -0.272337 -0.896574 0.000070  
 9 10 15  -11.781515 -0.335132 -1.200591 -0.002574 -11.644220 -0.192040 -0.712827 -0.002574 -11.647705 0.048634 0.044214 -0.002574 -11.640392 0.289353 0.801128 -0.002574 -11.900545 0.415585 1.264946 -0.002574  
 10 11 16  -12.666041 -0.343729 -1.207988 -0.002574 -12.594727 -0.192056 -0.709790 -0.002574 -12.598145 0.048647 0.043056 -0.002574 -12.590818 0.289375 0.795821 -0.002574 -12.757601 0.426855 1.274955 -0.002574  
 11 12 17  -12.364451 -0.342557 -1.204445 -0.002574 -12.275917 -0.192676 -0.709785 -0.002574 -12.279094 0.048883 0.043020 -0.002574 -12.271930 0.290435 0.795798 -0.002574 -12.467456 0.424782 1.269389 -0.002574  
 12 13 18  -11.489679 -0.332787 -1.194901 -0.002574 -11.323240 -0.192657 -0.712820 -0.002574 -11.326526 0.048873 0.044180 -0.002574 -11.319311 0.290414 0.801105 -0.002574 -11.615082 0.413557 1.258038 -0.002574  
 13 5 6  0.000000 -0.148015 0.000000 -0.000249 0.000000 -0.088060 0.000000 -0.000249 0.000000 -0.000263 0.000000 -0.000249 0.000000 0.087535 -0.000000 -0.000249 0.000000 0.147490 -0.000000 -0.000249  
 14 6 7  0.000000 0.540730 0.000000 0.000391 0.000000 0.321271 0.000000 0.000391 0.000000 -0.000103 0.000000 0.000391 0.000000 -0.321476 -0.000000 0.000391 0.000000 -0.540936 -0.000000 0.000391  
 15 7 8  0.000000 -0.147477 -0.000000 -0.000197 0.000000 -0.087527 -0.000000 -0.000197 0.000000 0.000263 0.000000 -0.000197 0.000000 0.088052 0.000000 -0.000197 0.000000 0.148002 0.000000 -0.000197  
 16 8 5  0.000000 0.540923 -0.000000 0.000315 0.000000 0.321469 -0.000000 0.000315 0.000000 0.000103 0.000000 0.000315 0.000000 -0.321263 0.000000 0.000315 0.000000 -0.540718 0.000000 0.000315  
 17 10 11  0.000000 -1.451372 0.000000 -0.003113 0.000000 -0.862253 0.000000 -0.003113 0.000000 0.000443 0.000000 -0.003113 0.000000 0.863139 -0.000000 -0.003113 0.000000 1.452257 -0.000000 -0.003113  
 18 11 12  0.000000 0.608646 0.000000 0.001504 0.000000 0.361701 0.000000 0.001504 0.000000 0.000080 0.000000 0.001504 0.000000 -0.361542 -0.000000 0.001504 0.000000 -0.608487 -0.000000 0.001504  
 19 12 13  0.000000 -1.452243 -0.000000 -0.003349 0.000000 -0.863130 -0.000000 -0.003349 0.000000 -0.000443 0.000000 -0.003349 0.000000 0.862244 0.000000 -0.003349 0.000000 1.451357 0.000000 -0.003349  
 20 13 10  0.000000 0.608472 -0.000000 0.002089 0.000000 0.361533 -0.000000 0.002089 0.000000 -0.000080 0.000000 0.002089 0.000000 -0.361693 0.000000 0.002089 0.000000 -0.608631 0.000000 0.002089  
 21 15 16  0.000000 -1.285345 0.000000 -0.003344 0.000000 -0.763303 0.000000 -0.003344 0.000000 0.001166 0.000000 -0.003344 0.000000 0.765634 -0.000000 -0.003344 0.000000 1.287676 -0.000000 -0.003344  
 22 16 17  0.000000 0.433095 0.000000 0.001576 0.000000 0.257442 0.000000 0.001576 0.000000 0.000219 0.000000 0.001576 0.000000 -0.257003 -0.000000 0.001576 0.000000 -0.432656 -0.000000 0.001576  
 23 17 18  0.000000 -1.287634 -0.000000 -0.003453 0.000000 -0.765610 -0.000000 -0.003453 0.000000 -0.001166 0.000000 -0.003453 0.000000 0.763278 0.000000 -0.003453 0.000000 1.285303 0.000000 -0.003453  
 24 18 15  0.000000 0.432614 -0.000000 0.002090 0.000000 0.256978 -0.000000 0.002090 0.000000 -0.000219 0.000000 0.002090 0.000000 -0.257417 0.000000 0.002090 0.000000 -0.433053 0.000000 0.002090  
 118 118 128  -22.628982 -0.266528 -0.884521 0.000070 -22.630061 -0.255142 -0.860907 0.000070 -22.631598 -0.238471 -0.826324 0.000070 -22.633086 -0.221799 -0.791739 0.000070 -22.634075 -0.210413 -0.768121 0.000070  
 128 128 138  -22.629260 -0.204603 -0.756070 0.000070 -22.630219 -0.193219 -0.732454 0.000070 -22.631592 -0.176547 -0.697871 0.000070 -22.632926 -0.159875 -0.663287 0.000070 -22.633814 -0.148488 -0.639669 0.000070  
 138 138 148  -22.629596 -0.142675 -0.627621 0.000070 -22.630449 -0.131295 -0.604002 0.000070 -22.631626 -0.114626 -0.569417 0.000070 -22.632702 -0.097950 -0.534835 0.000070 -22.633387 -0.086561 -0.511219 0.000070  
 148 148 158  -22.630551 -0.080769 -0.499120 0.000070 -22.631182 -0.069366 -0.475551 0.000070 -22.631861 -0.052689 -0.441005 0.000070 -22.631976 -0.036038 -0.406380 0.000070 -22.631853 -0.024636 -0.382723 0.000070  
 158 158 168  -22.633267 -0.018848 -0.370727 0.000070 -22.632747 -0.007442 -0.347091 0.000070 -22.631665 0.009234 -0.312512 0.000070 -22.630439 0.025897 -0.277932 0.000070 -22.629552 0.037273 -0.254316 0.000070  
 168 168 178  -22.633972 0.043090 -0.242262 0.000070 -22.633033 0.054478 -0.218645 0.000070 -22.631602 0.071152 -0.184062 0.000070 -22.630114 0.087822 -0.149478 0.000070 -22.629076 0.099205 -0.125861 0.000070  
 178 178 188  -22.634272 0.105016 -0.113810 0.000070 -22.633203 0.116402 -0.090193 0.000070 -22.631595 0.133075 -0.055610 0.000070 -22.629944 0.149746 -0.021026 0.000070 -22.628792 0.161131 0.002591 0.000070  
 188 188 198  -22.634539 0.166941 0.014642 0.000070 -22.633359 0.178326 0.038259 0.000070 -22.631596 0.194998 0.072843 0.000070 -22.629787 0.211670 0.107426 0.000070 -22.628527 0.223056 0.131043 0.000070  
 198 198 13  -22.634937 0.228864 0.143095 0.000070 -22.633598 0.240250 0.166711 0.000070 -22.631597 0.256923 0.201294 0.000070 -22.629549 0.273595 0.235878 0.000070 -22.628121 0.284979 0.259496 0.000070  
