 1 1 5  -36.503077 -0.159752 0.819585 0.000186 -36.530187 -0.136353 0.551471 0.000186 -36.562069 -0.101906 0.158818 0.000186 -36.564576 -0.068245 -0.232791 0.000186 -36.545746 -0.044753 -0.500856 0.000186  
 2 2 6  -36.398638 -0.160585 0.820681 0.000186 -36.425903 -0.137067 0.552589 0.000186 -36.458392 -0.102462 0.159942 0.000186 -36.461723 -0.067742 -0.232974 0.000186 -36.441592 -0.044129 -0.501171 0.000186  
 3 3 7  -35.410936 -0.161368 0.821717 0.000186 -35.437970 -0.137839 0.553474 0.000186 -35.469704 -0.103221 0.160577 0.000186 -35.472214 -0.067524 -0.233517 0.000186 -35.453370 -0.043867 -0.501982 0.000186  
 4 4 8  -35.514236 -0.160534 0.820642 0.000186 -35.541311 -0.137149 0.552360 0.000186 -35.573564 -0.102740 0.159423 0.000186 -35.577179 -0.068027 -0.233354 0.000186 -35.557036 -0.044462 -0.501662 0.000186  
 5 5 10  -24.207798 -0.391074 0.027425 0.000057 -24.217405 -0.261342 -0.058635 0.000057 -24.225019 -0.071668 -0.184209 0.000057 -24.214845 0.118192 -0.309961 0.000057 -24.205066 0.247890 -0.395897 0.000057  
 6 6 11  -24.509818 -0.391393 0.027338 0.000057 -24.519570 -0.261593 -0.058546 0.000057 -24.528391 -0.071581 -0.184402 0.000057 -24.517172 0.118388 -0.310047 0.000057 -24.507229 0.248126 -0.395794 0.000057  
 7 7 12  -23.774938 -0.391218 0.027648 0.000057 -23.784556 -0.261527 -0.058275 0.000057 -23.792344 -0.071392 -0.184506 0.000057 -23.782125 0.118496 -0.310323 0.000057 -23.772235 0.248122 -0.396111 0.000057  
 8 8 118  -23.478545 -0.420656 0.047420 0.000057 -23.479628 -0.407695 0.038819 0.000057 -23.481183 -0.388716 0.026224 0.000057 -23.482704 -0.369736 0.013629 0.000057 -23.483722 -0.356775 0.005029 0.000057  
 9 10 15  -12.029810 -0.333287 -0.469851 0.000018 -12.034628 -0.178959 -0.308273 0.000018 -12.036509 0.046997 -0.071526 0.000018 -12.030520 0.272999 0.165134 0.000018 -12.024508 0.427311 0.326709 0.000018  
 10 11 16  -12.271220 -0.333336 -0.469880 0.000018 -12.276069 -0.178994 -0.308264 0.000018 -12.277981 0.047023 -0.071569 0.000018 -12.271943 0.273062 0.165083 0.000018 -12.265905 0.427385 0.326704 0.000018  
 11 12 17  -11.964971 -0.333283 -0.469804 0.000018 -11.969772 -0.178971 -0.308210 0.000018 -11.971655 0.047072 -0.071607 0.000018 -11.965684 0.273084 0.165018 0.000018 -11.959672 0.427379 0.326622 0.000018  
 12 13 18  -11.723601 -0.333235 -0.469774 0.000018 -11.728417 -0.178934 -0.308214 0.000018 -11.730244 0.047052 -0.071560 0.000018 -11.724290 0.273022 0.165067 0.000018 -11.718289 0.427305 0.326625 0.000018  
 13 5 6  0.000000 0.560991 0.000000 -0.000514 0.000000 0.333298 0.000000 -0.000514 0.000000 -0.000132 0.000000 -0.000514 0.000000 -0.333561 -0.000000 -0.000514 0.000000 -0.561254 -0.000000 -0.000514  
 14 6 7  0.000000 0.349631 -0.000000 0.000606 0.000000 0.207726 -0.000000 0.000606 0.000000 -0.000078 0.000000 0.000606 0.000000 -0.207882 0.000000 0.000606 0.000000 -0.349787 0.000000 0.000606  
 15 7 8  0.000000 0.561279 -0.000000 -0.000510 0.000000 0.333576 -0.000000 -0.000510 0.000000 0.000132 0.000000 -0.000510 0.000000 -0.333313 0.000000 -0.000510 0.000000 -0.561016 0.000000 -0.000510  
 16 8 5  0.000000 0.349762 0.000000 0.000617 0.000000 0.207867 0.000000 0.000617 0.000000 0.000078 0.000000 0.000617 0.000000 -0.207710 -0.000000 0.000617 0.000000 -0.349605 -0.000000 0.000617  
 17 10 11  0.000000 -0.084378 -0.000000 -0.000187 0.000000 -0.050149 -0.000000 -0.000187 0.000000 -0.000025 0.000000 -0.000187 0.000000 0.050100 0.000000 -0.000187 0.000000 0.084328 0.000000 -0.000187  
 18 11 12  0.000000 0.592442 -0.000000 0.000245 0.000000 0.352034 -0.000000 0.000245 0.000000 -0.000017 0.000000 0.000245 0.000000 -0.352067 0.000000 0.000245 0.000000 -0.592475 0.000000 0.000245  
 19 12 13  0.000000 -0.084293 0.000000 -0.000179 0.000000 -0.050079 0.000000 -0.000179 0.000000 0.000025 0.000000 -0.000179 0.000000 0.050128 -0.000000 -0.000179 0.000000 0.084342 -0.000000 -0.000179  
 20 13 10  0.000000 0.592440 0.000000 0.000243 0.000000 0.352046 0.000000 0.000243 0.000000 0.000017 0.000000 0.000243 0.000000 -0.352013 -0.000000 0.000243 0.000000 -0.592407 -0.000000 0.000243  
 21 15 16  0.000000 -0.333431 0.000000 -0.000028 0.000000 -0.198140 0.000000 -0.000028 0.000000 -0.000021 0.000000 -0.000028 0.000000 0.198098 -0.000000 -0.000028 0.000000 0.333390 -0.000000 -0.000028  
 22 16 17  0.000000 0.422959 0.000000 0.000036 0.000000 0.251328 0.000000 0.000036 0.000000 -0.000006 0.000000 0.000036 0.000000 -0.251340 -0.000000 0.000036 0.000000 -0.422971 -0.000000 0.000036  
 23 17 18  0.000000 -0.333354 -0.000000 -0.000027 0.000000 -0.198077 -0.000000 -0.000027 0.000000 0.000021 0.000000 -0.000027 0.000000 0.198119 0.000000 -0.000027 0.000000 0.333396 0.000000 -0.000027  
 24 18 15  0.000000 0.422935 -0.000000 0.000037 0.000000 0.251319 -0.000000 0.000037 0.000000 0.000006 0.000000 0.000037 0.000000 -0.251307 0.000000 0.000037 0.000000 -0.422923 0.000000 0.000037  
 118 118 128  -23.478778 -0.350162 0.000641 0.000057 -23.479770 -0.337200 -0.007961 0.000057 -23.481188 -0.318220 -0.020557 0.000057 -23.482562 -0.299241 -0.033151 0.000057 -23.483477 -0.286280 -0.041750 0.000057  
 128 128 138  -23.479023 -0.279666 -0.046140 0.000057 -23.479911 -0.266705 -0.054741 0.000057 -23.481183 -0.247725 -0.067336 0.000057 -23.482420 -0.228745 -0.079931 0.000057 -23.483247 -0.215784 -0.088531 0.000057  
 138 138 148  -23.479263 -0.209170 -0.092919 0.000057 -23.480060 -0.196210 -0.101521 0.000057 -23.481191 -0.177230 -0.114116 0.000057 -23.482274 -0.158249 -0.126710 0.000057 -23.482984 -0.145290 -0.135311 0.000057  
 148 148 158  -23.479946 -0.138680 -0.139686 0.000057 -23.480607 -0.125715 -0.148302 0.000057 -23.481452 -0.106729 -0.160910 0.000057 -23.481879 -0.087758 -0.173480 0.000057 -23.481364 -0.074795 -0.182090 0.000057  
 158 158 168  -23.482834 -0.068181 -0.186481 0.000057 -23.482195 -0.055218 -0.195080 0.000057 -23.481191 -0.036239 -0.207676 0.000057 -23.480142 -0.017260 -0.220271 0.000057 -23.479404 -0.004299 -0.228871 0.000057  
 168 168 178  -23.483113 0.002314 -0.233260 0.000057 -23.482345 0.015277 -0.241861 0.000057 -23.481183 0.034257 -0.254456 0.000057 -23.479988 0.053236 -0.267050 0.000057 -23.479152 0.066196 -0.275651 0.000057  
 178 178 188  -23.483325 0.072810 -0.280039 0.000057 -23.482466 0.085772 -0.288641 0.000057 -23.481181 0.104752 -0.301236 0.000057 -23.479865 0.123731 -0.313830 0.000057 -23.478950 0.136692 -0.322430 0.000057  
 188 188 198  -23.483520 0.143306 -0.326820 0.000057 -23.482582 0.156267 -0.335421 0.000057 -23.481183 0.175247 -0.348015 0.000057 -23.479749 0.194227 -0.360610 0.000057 -23.478750 0.207187 -0.369211 0.000057  
 198 198 13  -23.483888 0.213801 -0.373600 0.000057 -23.482805 0.226762 -0.382200 0.000057 -23.481186 0.245743 -0.394795 0.000057 -23.479527 0.264722 -0.407390 0.000057 -23.478373 0.277682 -0.415991 0.000057  
