 1 1 5  -45.436572 -1.682606 -9.816087 0.131979 -35.383907 -1.312407 -7.083446 0.131979 -20.854440 -0.742244 -2.922852 0.131979 -20.672730 0.137094 2.964434 0.131979 -30.374257 0.602953 5.802731 0.131979  
 2 2 6  -60.770738 -1.809267 -10.677970 0.131979 -52.417201 -1.458075 -8.113503 0.131979 -43.806144 -0.919286 -3.675817 0.131979 -43.746900 0.161965 2.594242 0.131979 -46.528418 0.710503 6.163311 0.131979  
 3 3 7  -57.338870 -1.850636 -10.460601 0.131979 -48.679223 -1.480707 -7.902807 0.131979 -38.587522 -0.905245 -3.652847 0.131979 -38.332860 0.209336 2.613538 0.131979 -42.351073 0.734900 5.976681 0.131979  
 4 4 8  -41.688898 -1.720322 -9.534346 0.131979 -31.360944 -1.325005 -6.788655 0.131979 -15.968352 -0.685679 -2.647662 0.131979 -15.820097 0.156103 2.682457 0.131979 -26.223574 0.627346 5.499458 0.131979  
 5 5 10  -29.265314 -2.374877 -6.341489 0.052744 -19.430959 -1.430045 -3.852136 0.052744 -9.041477 0.173260 0.453969 0.052744 -21.569164 1.633230 4.398193 0.052744 -31.373796 2.570268 6.876539 0.052744  
 6 6 11  -36.718907 -2.636212 -6.143882 0.052744 -29.067264 -1.704494 -3.943035 0.052744 -25.399492 0.172568 0.548311 0.052744 -31.187008 1.879073 4.646889 0.052744 -39.055051 2.813568 6.807610 0.052744  
 7 7 12  -34.813178 -2.641176 -6.021350 0.052744 -26.938250 -1.693039 -3.838901 0.052744 -22.548680 0.183866 0.548042 0.052744 -29.190027 1.892053 4.531068 0.052744 -37.222749 2.840434 6.683361 0.052744  
 8 8 118  -19.808708 -2.505481 -6.304899 0.052744 -18.845854 -2.409034 -6.062630 0.052744 -17.433401 -2.267513 -5.707458 0.052744 -16.017936 -2.125664 -5.351792 0.052744 -15.053164 -2.028690 -5.108728 0.052744  
 9 10 15  -13.679138 0.233196 -3.357397 0.035783 -7.344945 0.292802 -1.696049 0.035783 -4.549505 0.390408 0.925776 0.035783 -13.769650 0.445456 3.367438 0.035783 -20.052198 0.481021 5.015875 0.035783  
 10 11 16  -15.817361 0.259637 -3.128080 0.035783 -10.616744 0.347790 -1.646479 0.035783 -9.742773 0.478864 1.303755 0.035783 -17.270428 0.476550 3.497191 0.035783 -22.706238 0.505894 4.948051 0.035783  
 11 12 17  -15.463656 0.219018 -3.102298 0.035783 -10.213415 0.309136 -1.624934 0.035783 -9.311550 0.452721 1.286772 0.035783 -16.938082 0.474039 3.473419 0.035783 -22.388639 0.512399 4.923870 0.035783  
 12 13 18  -13.367267 0.196459 -3.331040 0.035783 -7.009921 0.260239 -1.670051 0.035783 -4.199315 0.366280 0.901712 0.035783 -13.465861 0.443374 3.343070 0.035783 -19.749728 0.489012 4.991704 0.035783  
 13 5 6  0.000000 -11.950561 0.000000 -0.208521 0.000000 -7.020130 0.000000 -0.208521 0.000000 0.199914 0.000000 -0.208521 0.000000 7.419957 -0.000000 -0.208521 0.000000 12.350388 -0.000000 -0.208521  
 14 6 7  0.000000 3.222898 -0.000000 0.142349 0.000000 1.917311 -0.000000 0.142349 0.000000 0.005431 0.000000 0.142349 0.000000 -1.906450 0.000000 0.142349 0.000000 -3.212037 0.000000 0.142349  
 15 7 8  0.000000 -12.336236 -0.000000 -0.274713 0.000000 -7.411547 -0.000000 -0.274713 0.000000 -0.199914 0.000000 -0.274713 0.000000 7.011720 0.000000 -0.274713 0.000000 11.936409 0.000000 -0.274713  
 16 8 5  0.000000 3.197885 0.000000 0.536445 0.000000 1.898040 0.000000 0.536445 0.000000 -0.005431 0.000000 0.536445 0.000000 -1.908902 -0.000000 0.536445 0.000000 -3.208746 -0.000000 0.536445  
 17 10 11  0.000000 -10.046694 0.000000 -0.126249 0.000000 -5.913960 0.000000 -0.126249 0.000000 0.137947 0.000000 -0.126249 0.000000 6.189855 -0.000000 -0.126249 0.000000 10.322589 -0.000000 -0.126249  
 18 11 12  0.000000 2.566533 0.000000 0.077812 0.000000 1.530015 0.000000 0.077812 0.000000 0.012156 0.000000 0.077812 0.000000 -1.505703 -0.000000 0.077812 0.000000 -2.542220 -0.000000 0.077812  
 19 12 13  0.000000 -10.285983 -0.000000 -0.223536 0.000000 -6.168103 -0.000000 -0.223536 0.000000 -0.137947 0.000000 -0.223536 0.000000 5.892208 0.000000 -0.223536 0.000000 10.010088 0.000000 -0.223536  
 20 13 10  0.000000 2.505614 -0.000000 0.462674 0.000000 1.483951 -0.000000 0.462674 0.000000 -0.012156 0.000000 0.462674 0.000000 -1.508263 0.000000 0.462674 0.000000 -2.529927 0.000000 0.462674  
 21 15 16  0.000000 -4.990858 -0.000000 -0.000865 0.000000 -2.944066 -0.000000 -0.000865 0.000000 0.053221 0.000000 -0.000865 0.000000 3.050509 0.000000 -0.000865 0.000000 5.097300 0.000000 -0.000865  
 22 16 17  0.000000 0.500205 -0.000000 -0.000793 0.000000 0.295664 -0.000000 -0.000793 0.000000 -0.003862 0.000000 -0.000793 0.000000 -0.303389 0.000000 -0.000793 0.000000 -0.507930 0.000000 -0.000793  
 23 17 18  0.000000 -5.060718 0.000000 -0.000960 0.000000 -3.028771 0.000000 -0.000960 0.000000 -0.053221 0.000000 -0.000960 0.000000 2.922329 -0.000000 -0.000960 0.000000 4.954276 -0.000000 -0.000960  
 24 18 15  0.000000 0.471348 0.000000 0.000785 0.000000 0.281651 0.000000 0.000785 0.000000 0.003862 0.000000 0.000785 0.000000 -0.273927 -0.000000 0.000785 0.000000 -0.463624 -0.000000 0.000785  
 118 118 128  -19.847926 -1.979284 -4.984846 0.052744 -18.869417 -1.882838 -4.742569 0.052744 -17.433847 -1.741316 -4.387404 0.052744 -15.995240 -1.599491 -4.031763 0.052744 -15.011125 -1.502467 -3.788637 0.052744  
 128 128 138  -19.730634 -1.454323 -3.663336 0.052744 -18.789426 -1.356517 -3.422550 0.052744 -17.421668 -1.214243 -3.068421 0.052744 -16.070476 -1.073357 -2.711987 0.052744 -15.167263 -0.977282 -2.466835 0.052744  
 138 138 148  -18.393022 -0.912081 -2.311084 0.052744 -17.884234 -0.828499 -2.101701 0.052744 -17.280205 -0.701547 -1.773560 0.052744 -16.941295 -0.553945 -1.399817 0.052744 -16.913985 -0.424707 -1.104164 0.052744  
 148 148 158  -17.419140 -0.400588 -1.024630 0.052744 -17.428760 -0.304339 -0.782507 0.052744 -17.435519 -0.162732 -0.427194 0.052744 -17.436541 -0.020862 -0.071474 0.052744 -17.434593 0.076075 0.171308 0.052744  
 158 158 168  -17.452208 0.122517 0.292081 0.052744 -17.444249 0.221213 0.536761 0.052744 -17.427577 0.365546 0.895175 0.052744 -17.402336 0.509293 1.253041 0.052744 -17.458405 0.593652 1.481720 0.052744  
 168 168 178  -16.031329 0.648598 1.592068 0.052744 -16.477162 0.749450 1.862811 0.052744 -17.344164 0.890296 2.225840 0.052744 -18.359216 1.031970 2.567418 0.052744 -19.100188 1.126407 2.795719 0.052744  
 178 178 188  -15.058374 1.177142 2.934693 0.052744 -16.020734 1.274354 3.177862 0.052744 -17.432920 1.416323 3.533439 0.052744 -18.841855 1.557988 3.888544 0.052744 -19.807080 1.653615 4.131051 0.052744  
 188 188 198  -15.019410 1.703511 4.254752 0.052744 -16.000022 1.800578 4.497886 0.052744 -17.433173 1.942422 4.853503 0.052744 -18.864647 2.083917 5.208679 0.052744 -19.841233 2.180339 5.450978 0.052744  
 198 198 13  -15.064885 2.230077 5.574740 0.052744 -16.024751 2.326586 5.817960 0.052744 -17.433410 2.468545 6.173586 0.052744 -18.838960 2.610142 6.528731 0.052744 -19.797127 2.706643 6.770992 0.052744  
