 1 1 5  -36.661456 -0.607400 0.320037 0.000009 -36.667917 -0.430185 0.223998 0.000009 -36.676400 -0.170731 0.083350 0.000009 -36.677942 0.088450 -0.057001 0.000009 -36.672797 0.265563 -0.153005 0.000009  
 2 2 6  -36.254546 -0.607432 0.320302 0.000009 -36.261022 -0.430208 0.224306 0.000009 -36.269572 -0.170732 0.083716 0.000009 -36.271383 0.088470 -0.057065 0.000009 -36.265887 0.265612 -0.153088 0.000009  
 3 3 7  -35.316154 -0.607675 0.320338 0.000009 -35.322727 -0.430481 0.224339 0.000009 -35.331440 -0.171046 0.083752 0.000009 -35.332984 0.088542 -0.057143 0.000009 -35.327586 0.265713 -0.153147 0.000009  
 4 4 8  -35.723024 -0.607644 0.320058 0.000009 -35.729568 -0.430457 0.224014 0.000009 -35.738117 -0.171046 0.083337 0.000009 -35.739805 0.088508 -0.057044 0.000009 -35.734498 0.265666 -0.153034 0.000009  
 5 5 10  -24.351647 -0.305005 0.125850 0.000007 -24.354734 -0.168594 0.064124 0.000007 -24.357358 0.031120 -0.026163 0.000007 -24.353727 0.230813 -0.116544 0.000007 -24.350572 0.367231 -0.178275 0.000007  
 6 6 11  -24.154293 -0.304978 0.125795 0.000007 -24.157348 -0.168562 0.064138 0.000007 -24.160003 0.031116 -0.026222 0.000007 -24.156307 0.230818 -0.116588 0.000007 -24.153129 0.367230 -0.178265 0.000007  
 7 7 12  -23.642886 -0.304925 0.125789 0.000007 -23.645964 -0.168555 0.064127 0.000007 -23.648637 0.031176 -0.026246 0.000007 -23.644954 0.230872 -0.116595 0.000007 -23.641751 0.367238 -0.178271 0.000007  
 8 8 118  -23.842199 -0.336276 0.139978 0.000007 -23.842530 -0.322637 0.133809 0.000007 -23.843011 -0.302665 0.124775 0.000007 -23.843486 -0.282693 0.115742 0.000007 -23.843808 -0.269055 0.109573 0.000007  
 9 10 15  -12.111869 -0.103031 0.015588 0.000005 -12.113068 -0.033657 -0.004056 0.000005 -12.113480 0.067912 -0.032818 0.000005 -12.111916 0.169519 -0.061581 0.000005 -12.110590 0.238906 -0.081224 0.000005  
 10 11 16  -12.055297 -0.103020 0.015565 0.000005 -12.056490 -0.033647 -0.004062 0.000005 -12.056883 0.067912 -0.032843 0.000005 -12.055333 0.169508 -0.061594 0.000005 -12.054011 0.238895 -0.081220 0.000005  
 11 12 17  -11.886929 -0.102995 0.015557 0.000005 -11.888132 -0.033634 -0.004069 0.000005 -11.888533 0.067937 -0.032844 0.000005 -11.886959 0.169517 -0.061589 0.000005 -11.885627 0.238890 -0.081213 0.000005  
 12 13 18  -11.943500 -0.103006 0.015581 0.000005 -11.944705 -0.033644 -0.004063 0.000005 -11.945132 0.067937 -0.032817 0.000005 -11.943544 0.169526 -0.061575 0.000005 -11.942209 0.238901 -0.081217 0.000005  
 13 5 6  0.000000 0.289167 -0.000000 -0.000006 0.000000 0.171814 -0.000000 -0.000006 0.000000 -0.000035 0.000000 -0.000006 0.000000 -0.171883 0.000000 -0.000006 0.000000 -0.289236 0.000000 -0.000006  
 14 6 7  0.000000 0.589547 0.000000 0.000031 0.000000 0.350309 0.000000 0.000031 0.000000 -0.000026 0.000000 0.000031 0.000000 -0.350362 -0.000000 0.000031 0.000000 -0.589599 -0.000000 0.000031  
 15 7 8  0.000000 0.289237 0.000000 -0.000008 0.000000 0.171884 0.000000 -0.000008 0.000000 0.000035 0.000000 -0.000008 0.000000 -0.171815 -0.000000 -0.000008 0.000000 -0.289168 -0.000000 -0.000008  
 16 8 5  0.000000 0.589598 -0.000000 0.000005 0.000000 0.350361 -0.000000 0.000005 0.000000 0.000026 0.000000 0.000005 0.000000 -0.350308 0.000000 0.000005 0.000000 -0.589545 0.000000 0.000005  
 17 10 11  0.000000 0.194444 -0.000000 0.000012 0.000000 0.115539 -0.000000 0.000012 0.000000 -0.000009 0.000000 0.000012 0.000000 -0.115556 0.000000 0.000012 0.000000 -0.194462 0.000000 0.000012  
 18 11 12  0.000000 0.473695 0.000000 0.000000 0.000000 0.281476 0.000000 0.000000 0.000000 -0.000007 0.000000 0.000000 0.000000 -0.281490 -0.000000 0.000000 0.000000 -0.473709 -0.000000 0.000000  
 19 12 13  0.000000 0.194462 0.000000 0.000009 0.000000 0.115557 0.000000 0.000009 0.000000 0.000009 0.000000 0.000009 0.000000 -0.115539 -0.000000 0.000009 0.000000 -0.194445 -0.000000 0.000009  
 20 13 10  0.000000 0.473709 -0.000000 -0.000006 0.000000 0.281489 -0.000000 -0.000006 0.000000 0.000007 0.000000 -0.000006 0.000000 -0.281476 0.000000 -0.000006 0.000000 -0.473695 0.000000 -0.000006  
 21 15 16  0.000000 0.078140 0.000000 0.000008 0.000000 0.046430 0.000000 0.000008 0.000000 -0.000004 0.000000 0.000008 0.000000 -0.046438 -0.000000 0.000008 0.000000 -0.078148 -0.000000 0.000008  
 22 16 17  0.000000 0.232512 0.000000 -0.000004 0.000000 0.138163 0.000000 -0.000004 0.000000 -0.000001 0.000000 -0.000004 0.000000 -0.138166 -0.000000 -0.000004 0.000000 -0.232515 -0.000000 -0.000004  
 23 17 18  0.000000 0.078148 -0.000000 0.000007 0.000000 0.046439 -0.000000 0.000007 0.000000 0.000004 0.000000 0.000007 0.000000 -0.046431 0.000000 0.000007 0.000000 -0.078140 0.000000 0.000007  
 24 18 15  0.000000 0.232515 -0.000000 -0.000005 0.000000 0.138165 -0.000000 -0.000005 0.000000 0.000001 0.000000 -0.000005 0.000000 -0.138163 0.000000 -0.000005 0.000000 -0.232512 0.000000 -0.000005  
 118 118 128  -23.842244 -0.262095 0.106425 0.000007 -23.842559 -0.248456 0.100256 0.000007 -23.843014 -0.228485 0.091222 0.000007 -23.843458 -0.208513 0.082188 0.000007 -23.843755 -0.194874 0.076019 0.000007  
 128 128 138  -23.842312 -0.187914 0.072871 0.000007 -23.842601 -0.174276 0.066702 0.000007 -23.843014 -0.154304 0.057669 0.000007 -23.843417 -0.134332 0.048635 0.000007 -23.843685 -0.120693 0.042466 0.000007  
 138 138 148  -23.842432 -0.113735 0.039321 0.000007 -23.842685 -0.100096 0.033149 0.000007 -23.843034 -0.080123 0.024112 0.000007 -23.843333 -0.060151 0.015081 0.000007 -23.843516 -0.046514 0.008917 0.000007  
 148 148 158  -23.842740 -0.039548 0.005774 0.000007 -23.842896 -0.025916 -0.000405 0.000007 -23.843056 -0.005946 -0.009444 0.000007 -23.843134 0.014030 -0.018473 0.000007 -23.843129 0.027669 -0.024631 0.000007  
 158 158 168  -23.843348 0.034619 -0.027799 0.000007 -23.843267 0.048267 -0.033957 0.000007 -23.843072 0.068243 -0.042984 0.000007 -23.842753 0.088209 -0.052026 0.000007 -23.842505 0.101843 -0.058203 0.000007  
 168 168 178  -23.843689 0.108808 -0.061342 0.000007 -23.843422 0.122446 -0.067511 0.000007 -23.843015 0.142418 -0.076545 0.000007 -23.842596 0.162390 -0.085579 0.000007 -23.842305 0.176028 -0.091747 0.000007  
 178 178 188  -23.843746 0.182988 -0.094895 0.000007 -23.843450 0.196627 -0.101064 0.000007 -23.843011 0.216598 -0.110098 0.000007 -23.842567 0.236570 -0.119132 0.000007 -23.842260 0.250209 -0.125301 0.000007  
 188 188 198  -23.843790 0.257169 -0.128449 0.000007 -23.843477 0.270807 -0.134618 0.000007 -23.843011 0.290779 -0.143652 0.000007 -23.842540 0.310751 -0.152685 0.000007 -23.842215 0.324390 -0.158854 0.000007  
 198 198 13  -23.843825 0.331349 -0.162002 0.000007 -23.843496 0.344988 -0.168171 0.000007 -23.843011 0.364959 -0.177205 0.000007 -23.842520 0.384931 -0.186239 0.000007 -23.842182 0.398570 -0.192408 0.000007  
