 1 1 5  -34.639751 0.208194 -0.060474 0.000025 -34.659474 0.172705 -0.082320 0.000025 -34.683445 0.120897 -0.114450 0.000025 -34.684784 0.068342 -0.146167 0.000025 -34.670374 0.032923 -0.168062 0.000025  
 2 2 6  -36.083026 0.207588 -0.059979 0.000025 -36.102734 0.172174 -0.081805 0.000025 -36.126841 0.120482 -0.113901 0.000025 -36.129205 0.068741 -0.146181 0.000025 -36.113803 0.033455 -0.168148 0.000025  
 3 3 7  -37.297725 0.206903 -0.059324 0.000025 -37.317111 0.171462 -0.081237 0.000025 -37.340306 0.119705 -0.113476 0.000025 -37.341958 0.068921 -0.146579 0.000025 -37.327969 0.033670 -0.168691 0.000025  
 4 4 8  -35.853528 0.207461 -0.059853 0.000025 -35.873055 0.171934 -0.081805 0.000025 -35.896854 0.120064 -0.114113 0.000025 -35.899478 0.068610 -0.146440 0.000025 -35.884146 0.033235 -0.168510 0.000025  
 5 5 10  -22.952354 0.438723 -0.554827 0.000005 -22.959022 0.298184 -0.390423 0.000005 -22.963866 0.092135 -0.149489 0.000005 -22.956233 -0.113806 0.091418 0.000005 -22.948969 -0.254417 0.255898 0.000005  
 6 6 11  -24.118155 0.438456 -0.554857 0.000005 -24.124870 0.297950 -0.390369 0.000005 -24.130815 0.092181 -0.149529 0.000005 -24.122154 -0.113667 0.091387 0.000005 -24.114823 -0.254261 0.255953 0.000005  
 7 7 12  -25.036509 0.438605 -0.554604 0.000005 -25.043127 0.297979 -0.390138 0.000005 -25.048483 0.092377 -0.149591 0.000005 -25.040908 -0.113559 0.091228 0.000005 -25.033647 -0.254273 0.255773 0.000005  
 8 8 118  -23.874335 0.471180 -0.592377 0.000005 -23.875067 0.457115 -0.575936 0.000005 -23.876123 0.436519 -0.551861 0.000005 -23.877158 0.415922 -0.527786 0.000005 -23.877853 0.401857 -0.511346 0.000005  
 9 10 15  -11.540184 0.454426 -0.621124 0.000015 -11.543862 0.250396 -0.349038 0.000015 -11.545475 -0.048476 0.049459 0.000015 -11.541256 -0.347238 0.447904 0.000015 -11.543845 -0.549907 0.718593 0.000015  
 10 11 16  -12.058791 0.454361 -0.621016 0.000015 -12.062498 0.250342 -0.348980 0.000015 -12.064090 -0.048461 0.049393 0.000015 -12.059843 -0.347177 0.447718 0.000015 -12.055507 -0.551191 0.719753 0.000015  
 11 12 17  -12.454473 0.454309 -0.620944 0.000015 -12.458171 0.250322 -0.348923 0.000015 -12.459785 -0.048358 0.049374 0.000015 -12.455503 -0.347013 0.447659 0.000015 -12.451185 -0.550996 0.719679 0.000015  
 12 13 18  -11.936668 0.454370 -0.621058 0.000015 -11.940383 0.250370 -0.348988 0.000015 -11.941988 -0.048374 0.049446 0.000015 -11.937701 -0.347072 0.447845 0.000015 -11.933703 -0.551006 0.719842 0.000015  
 13 5 6  0.000000 -0.383184 -0.000000 -0.000424 0.000000 -0.227722 -0.000000 -0.000424 0.000000 -0.000066 0.000000 -0.000424 0.000000 0.227590 0.000000 -0.000424 0.000000 0.383052 0.000000 -0.000424  
 14 6 7  0.000000 -0.408121 -0.000000 0.000430 0.000000 -0.242546 -0.000000 0.000430 0.000000 -0.000082 0.000000 0.000430 0.000000 0.242383 0.000000 0.000430 0.000000 0.407958 0.000000 0.000430  
 15 7 8  0.000000 -0.383032 0.000000 -0.000365 0.000000 -0.227578 0.000000 -0.000365 0.000000 0.000066 0.000000 -0.000365 0.000000 0.227709 -0.000000 -0.000365 0.000000 0.383163 -0.000000 -0.000365  
 16 8 5  0.000000 -0.407978 0.000000 0.000369 0.000000 -0.242395 0.000000 0.000369 0.000000 0.000082 0.000000 0.000369 0.000000 0.242559 -0.000000 0.000369 0.000000 0.408142 -0.000000 0.000369  
 17 10 11  0.000000 -0.895426 -0.000000 -0.000015 0.000000 -0.532083 -0.000000 -0.000015 0.000000 -0.000009 0.000000 -0.000015 0.000000 0.532064 0.000000 -0.000015 0.000000 0.895407 0.000000 -0.000015  
 18 11 12  0.000000 -0.721764 -0.000000 0.000167 0.000000 -0.428892 -0.000000 0.000167 0.000000 -0.000016 0.000000 0.000167 0.000000 0.428860 0.000000 0.000167 0.000000 0.721732 0.000000 0.000167  
 19 12 13  0.000000 -0.895378 0.000000 -0.000137 0.000000 -0.532047 0.000000 -0.000137 0.000000 0.000009 0.000000 -0.000137 0.000000 0.532065 -0.000000 -0.000137 0.000000 0.895397 -0.000000 -0.000137  
 20 13 10  0.000000 -0.721762 0.000000 0.000013 0.000000 -0.428878 0.000000 0.000013 0.000000 0.000016 0.000000 0.000013 0.000000 0.428910 -0.000000 0.000013 0.000000 0.721794 -0.000000 0.000013  
 21 15 16  0.000000 -0.715039 0.000000 0.000262 0.000000 -0.424879 0.000000 0.000262 0.000000 0.000026 0.000000 0.000262 0.000000 0.424932 -0.000000 0.000262 0.000000 0.715092 -0.000000 0.000262  
 22 16 17  0.000000 -0.546422 0.000000 0.000038 0.000000 -0.324684 0.000000 0.000038 0.000000 0.000026 0.000000 0.000038 0.000000 0.324736 -0.000000 0.000038 0.000000 0.546474 -0.000000 0.000038  
 23 17 18  0.000000 -0.715072 -0.000000 -0.000022 0.000000 -0.424920 -0.000000 -0.000022 0.000000 -0.000026 0.000000 -0.000022 0.000000 0.424867 0.000000 -0.000022 0.000000 0.715019 0.000000 -0.000022  
 24 18 15  0.000000 -0.546495 -0.000000 -0.000256 0.000000 -0.324748 -0.000000 -0.000256 0.000000 -0.000026 0.000000 -0.000256 0.000000 0.324696 0.000000 -0.000256 0.000000 0.546442 0.000000 -0.000256  
 118 118 128  -23.874457 0.394680 -0.502957 0.000005 -23.875139 0.380615 -0.486516 0.000005 -23.876122 0.360018 -0.462441 0.000005 -23.877086 0.339422 -0.438366 0.000005 -23.877734 0.325357 -0.421926 0.000005  
 128 128 138  -23.874581 0.318181 -0.413537 0.000005 -23.875214 0.304115 -0.397096 0.000005 -23.876125 0.283518 -0.373020 0.000005 -23.877012 0.262921 -0.348946 0.000005 -23.877598 0.248858 -0.332507 0.000005  
 138 138 148  -23.874785 0.241682 -0.324116 0.000005 -23.875342 0.227615 -0.307676 0.000005 -23.876130 0.207017 -0.283601 0.000005 -23.876885 0.186422 -0.259526 0.000005 -23.877381 0.172359 -0.243085 0.000005  
 148 148 158  -23.875226 0.165182 -0.234683 0.000005 -23.875692 0.151112 -0.218253 0.000005 -23.876286 0.130518 -0.194194 0.000005 -23.876644 0.109926 -0.170111 0.000005 -23.876344 0.095850 -0.153643 0.000005  
 158 158 168  -23.877422 0.088677 -0.145277 0.000005 -23.876914 0.074615 -0.128835 0.000005 -23.876127 0.054019 -0.104761 0.000005 -23.875314 0.033421 -0.080686 0.000005 -23.874746 0.019355 -0.064246 0.000005  
 168 168 178  -23.877587 0.012179 -0.055855 0.000005 -23.877002 -0.001886 -0.039416 0.000005 -23.876124 -0.022482 -0.015341 0.000005 -23.875223 -0.043079 0.008734 0.000005 -23.874596 -0.057144 0.025175 0.000005  
 178 178 188  -23.877727 -0.064322 0.033564 0.000005 -23.877085 -0.078386 0.050004 0.000005 -23.876125 -0.098982 0.074079 0.000005 -23.875140 -0.119579 0.098154 0.000005 -23.874455 -0.133644 0.114595 0.000005  
 188 188 198  -23.877874 -0.140822 0.122984 0.000005 -23.877171 -0.154886 0.139424 0.000005 -23.876124 -0.175482 0.163499 0.000005 -23.875053 -0.196079 0.187574 0.000005 -23.874309 -0.210144 0.204015 0.000005  
 198 198 13  -23.878011 -0.217322 0.212405 0.000005 -23.877252 -0.231386 0.228845 0.000005 -23.876123 -0.251982 0.252919 0.000005 -23.874973 -0.272579 0.276994 0.000005 -23.874174 -0.286644 0.293435 0.000005  
