 1 1 5  -47.961941 10.958347 1.777199 -0.196544 -36.785433 7.938151 1.397405 -0.196544 -19.904703 3.347055 0.745560 -0.196544 -17.621509 -2.744384 -0.181538 -0.196544 -28.806261 -5.882712 -0.669929 -0.196544  
 2 2 6  -43.219864 10.604472 1.817885 -0.196544 -31.765883 7.554646 1.414197 -0.196544 -14.056207 2.934574 0.688397 -0.196544 -11.608332 -2.345449 -0.172414 -0.196544 -23.556650 -5.485646 -0.667099 -0.196544  
 3 3 7  -61.224391 11.774735 1.947552 -0.196544 -51.260988 8.914993 1.580218 -0.196544 -37.957910 4.354451 0.919840 -0.196544 -36.792999 -2.610151 -0.248600 -0.196544 -42.176397 -6.276303 -0.791433 -0.196544  
 4 4 8  -65.435911 12.043187 1.907292 -0.196544 -55.916003 9.187429 1.551762 -0.196544 -44.254817 4.486386 0.958502 -0.196544 -43.784880 -2.588160 -0.230768 -0.196544 -47.410510 -6.524538 -0.793560 -0.196544  
 5 5 10  -35.818602 9.250388 2.738149 0.260024 -20.091424 5.244721 1.615050 0.260024 -1.225528 -0.499337 -0.051682 0.260024 -24.535247 -6.420446 -1.720513 0.260024 -40.152769 -10.409796 -2.826699 0.260024  
 6 6 11  -32.649306 8.987531 2.675262 0.260024 -16.917751 4.976198 1.559162 0.260024 1.178034 -0.268125 -0.032667 0.260024 -21.402170 -6.157538 -1.673528 0.260024 -37.031965 -10.153706 -2.774708 0.260024  
 7 7 12  -41.429533 9.203915 2.864165 0.260024 -26.749381 5.438118 1.761365 0.260024 -11.862577 -1.165328 -0.092878 0.260024 -32.051505 -6.863651 -1.843546 0.260024 -46.659145 -10.609446 -2.938947 0.260024  
 8 8 118  -34.739117 9.759984 3.145899 0.260024 -33.223614 9.374633 3.029183 0.260024 -31.001793 8.809673 2.857966 0.260024 -28.777224 8.243911 2.686421 0.260024 -27.256925 7.857158 2.568886 0.260024  
 9 10 15  -8.068506 1.160142 0.282628 0.006719 -7.095832 -0.029038 -0.020502 0.006719 -9.768455 -1.632696 -0.435468 0.006719 -14.477520 -2.893381 -0.775091 0.006719 -17.663667 -3.731131 -0.994420 0.006719  
 10 11 16  -7.365269 1.123556 0.264199 0.006719 -6.159827 -0.028160 -0.031759 0.006719 -9.124120 -1.589654 -0.434955 0.006719 -13.899478 -2.850310 -0.775509 0.006719 -17.095539 -3.688474 -0.993698 0.006719  
 11 12 17  -9.831501 0.971529 0.327591 0.006719 -9.859667 -0.271370 -0.032720 0.006719 -11.891805 -1.783917 -0.468454 0.006719 -16.000865 -2.936876 -0.811392 0.006719 -18.818729 -3.696923 -1.029895 0.006719  
 12 13 18  -10.748761 0.983304 0.349396 0.006719 -10.851219 -0.272299 -0.021534 0.006719 -12.632938 -1.824526 -0.468902 0.006719 -16.652096 -2.980842 -0.811622 0.006719 -19.438796 -3.741715 -1.031760 0.006719  
 13 5 6  0.000000 3.528226 0.000000 -0.361272 0.000000 2.095488 0.000000 -0.361272 0.000000 -0.002590 0.000000 -0.361272 0.000000 -2.100668 -0.000000 -0.361272 0.000000 -3.533406 -0.000000 -0.361272  
 14 6 7  0.000000 -15.074685 0.000000 0.158192 0.000000 -8.884710 0.000000 0.158192 0.000000 0.179789 0.000000 0.158192 0.000000 9.244288 -0.000000 0.158192 0.000000 15.434264 -0.000000 0.158192  
 15 7 8  0.000000 3.553533 -0.000000 0.153847 0.000000 2.112628 -0.000000 0.153847 0.000000 0.002590 0.000000 0.153847 0.000000 -2.107448 0.000000 0.153847 0.000000 -3.548353 0.000000 0.153847  
 16 8 5  0.000000 -15.454391 -0.000000 0.098292 0.000000 -9.256248 -0.000000 0.098292 0.000000 -0.179789 0.000000 0.098292 0.000000 8.896670 0.000000 0.098292 0.000000 15.094812 0.000000 0.098292  
 17 10 11  0.000000 3.123445 0.000000 -0.192661 0.000000 1.854377 0.000000 -0.192661 0.000000 -0.004025 0.000000 -0.192661 0.000000 -1.862428 -0.000000 -0.192661 0.000000 -3.131496 -0.000000 -0.192661  
 18 11 12  0.000000 -11.190029 0.000000 0.112677 0.000000 -6.627231 0.000000 0.112677 0.000000 0.054456 0.000000 0.112677 0.000000 6.736142 -0.000000 0.112677 0.000000 11.298940 -0.000000 0.112677  
 19 12 13  0.000000 3.194224 -0.000000 0.448449 0.000000 1.899702 -0.000000 0.448449 0.000000 0.004025 0.000000 0.448449 0.000000 -1.891651 0.000000 0.448449 0.000000 -3.186173 0.000000 0.448449  
 20 13 10  0.000000 -11.361669 -0.000000 0.010770 0.000000 -6.773417 -0.000000 0.010770 0.000000 -0.054456 0.000000 0.010770 0.000000 6.664506 0.000000 0.010770 0.000000 11.252758 0.000000 0.010770  
 21 15 16  0.000000 0.995713 0.000000 0.001577 0.000000 0.592969 0.000000 0.001577 0.000000 0.003198 0.000000 0.001577 0.000000 -0.586573 -0.000000 0.001577 0.000000 -0.989317 -0.000000 0.001577  
 22 16 17  0.000000 -3.698778 0.000000 -0.003884 0.000000 -2.188903 0.000000 -0.003884 0.000000 0.022134 0.000000 -0.003884 0.000000 2.233170 -0.000000 -0.003884 0.000000 3.743045 -0.000000 -0.003884  
 23 17 18  0.000000 1.051358 -0.000000 0.003702 0.000000 0.623439 -0.000000 0.003702 0.000000 -0.003198 0.000000 0.003702 0.000000 -0.629835 0.000000 0.003702 0.000000 -1.057754 0.000000 0.003702  
 24 18 15  0.000000 -3.805086 -0.000000 -0.003100 0.000000 -2.270036 -0.000000 -0.003100 0.000000 -0.022134 0.000000 -0.003100 0.000000 2.225769 0.000000 -0.003100 0.000000 3.760819 0.000000 -0.003100  
 118 118 128  -34.720998 7.660175 2.509062 0.260024 -33.214088 7.274776 2.392539 0.260024 -31.003125 6.709784 2.221419 0.260024 -28.787148 6.144066 2.049714 0.260024 -27.271042 5.757334 1.932125 0.260024  
 128 128 138  -34.140059 5.553099 1.871330 0.260024 -32.827635 5.173995 1.756658 0.260024 -30.939949 4.616130 1.585241 0.260024 -29.158089 4.047315 1.411114 0.260024 -28.035009 3.645421 1.297656 0.260024  
 138 138 148  -31.613599 3.413941 1.207230 0.260024 -31.196979 3.079560 1.119379 0.260024 -30.828831 2.543943 0.972068 0.260024 -30.796079 1.941032 0.774955 0.260024 -30.813461 1.520484 0.632212 0.260024  
 148 148 158  -30.987017 1.361583 0.599964 0.260024 -30.996850 0.975055 0.482357 0.260024 -31.004041 0.409630 0.310858 0.260024 -31.004922 -0.155495 0.139827 0.260024 -31.001741 -0.541451 0.022673 0.260024  
 158 158 168  -31.028603 -0.738640 -0.037034 0.260024 -31.020195 -1.124642 -0.154186 0.260024 -31.003663 -1.689972 -0.325526 0.260024 -30.979323 -2.255801 -0.497360 0.260024 -30.965616 -2.640943 -0.613553 0.260024  
 168 168 178  -29.305254 -2.786965 -0.668607 0.260024 -29.750867 -3.236663 -0.792590 0.260024 -30.832918 -3.816946 -0.964281 0.260024 -32.185683 -4.354130 -1.133528 0.260024 -33.226149 -4.705704 -1.247809 0.260024  
 178 178 188  -27.410129 -4.936508 -1.311214 0.260024 -28.859204 -5.324482 -1.427477 0.260024 -30.988037 -5.891219 -1.598012 0.260024 -33.140383 -6.454967 -1.771309 0.260024 -34.621471 -6.839619 -1.886943 0.260024  
 188 188 198  -27.250160 -7.037554 -1.946640 0.260024 -28.774730 -7.424312 -2.064224 0.260024 -31.003105 -7.990043 -2.235925 0.260024 -33.226499 -8.555020 -2.407050 0.260024 -34.741941 -8.940397 -2.523576 0.260024  
 198 198 13  -27.290779 -9.137407 -2.583294 0.260024 -28.798852 -9.524166 -2.700894 0.260024 -31.003088 -10.089897 -2.872602 0.260024 -33.202366 -10.654873 -3.043718 0.260024 -34.701386 -11.040251 -3.160232 0.260024  
