 1 1 5  -36.607931 -2.964115 -2.278619 0.000491 -36.018380 -2.110587 -1.625451 0.000491 -36.081084 -0.682197 -0.501237 0.000491 -36.084443 0.745686 0.625398 0.000491 -36.049629 1.720746 1.393331 0.000491  
 2 2 6  -38.070659 -2.988962 -2.295329 0.000491 -37.608534 -2.112293 -1.622365 0.000491 -37.671711 -0.683371 -0.499182 0.000491 -37.678307 0.746316 0.623565 0.000491 -37.641428 1.721922 1.390526 0.000491  
 3 3 7  -36.374752 -2.965099 -2.269527 0.000491 -35.764423 -2.114224 -1.620560 0.000491 -35.826328 -0.684174 -0.497980 0.000491 -35.831044 0.747759 0.622737 0.000491 -35.796899 1.724634 1.389029 0.000491  
 4 4 8  -34.919029 -2.938268 -2.250680 0.000491 -34.182022 -2.109561 -1.620627 0.000491 -34.229973 -0.683083 -0.499885 0.000491 -34.237579 0.747078 0.624378 0.000491 -34.200590 1.723283 1.391669 0.000491  
 5 5 10  -23.870479 -0.570740 -0.292947 0.000230 -23.894272 -0.131285 -0.035341 0.000230 -23.911545 0.511971 0.342505 0.000230 -23.890277 1.155475 0.720130 0.000230 -23.870112 1.594193 0.977020 0.000230  
 6 6 11  -24.185570 -0.571283 -0.291463 0.000230 -24.209680 -0.131711 -0.034025 0.000230 -24.229593 0.512039 0.342622 0.000230 -24.206675 1.156067 0.719562 0.000230 -24.183255 1.595556 0.976919 0.000230  
 7 7 12  -24.085211 -0.573752 -0.290663 0.000230 -24.108882 -0.133634 -0.033454 0.000230 -24.126672 0.511381 0.342374 0.000230 -24.105281 1.156548 0.718708 0.000230 -24.083194 1.596393 0.975584 0.000230  
 8 8 118  -23.782612 -0.674055 -0.350873 0.000230 -23.786394 -0.630068 -0.325152 0.000230 -23.791712 -0.565648 -0.287488 0.000230 -23.796805 -0.501222 -0.249823 0.000230 -23.800151 -0.457223 -0.224103 0.000230  
 9 10 15  -11.902042 0.989059 0.426264 0.000387 -11.875718 0.710571 0.329485 0.000387 -11.880864 0.291020 0.177666 0.000387 -11.865030 -0.128601 0.025501 0.000387 -11.847152 -0.415221 -0.078644 0.000387  
 10 11 16  -11.836386 0.988448 0.425539 0.000387 -11.807460 0.710531 0.329313 0.000387 -11.812724 0.291104 0.177415 0.000387 -11.796619 -0.128513 0.025339 0.000387 -11.778803 -0.415105 -0.078662 0.000387  
 11 12 17  -12.145987 0.990689 0.427469 0.000387 -12.127721 0.710588 0.329364 0.000387 -12.133118 0.291327 0.177297 0.000387 -12.117169 -0.128196 0.025214 0.000387 -12.099342 -0.414817 -0.078808 0.000387  
 12 13 18  -12.212433 0.991177 0.428135 0.000387 -12.196288 0.710631 0.329543 0.000387 -12.201284 0.291236 0.177537 0.000387 -12.185703 -0.128285 0.025374 0.000387 -12.167799 -0.414937 -0.078789 0.000387  
 13 5 6  0.000000 -1.740194 0.000000 -0.003301 0.000000 -1.034022 0.000000 -0.003301 0.000000 0.000083 0.000000 -0.003301 0.000000 1.034189 -0.000000 -0.003301 0.000000 1.740360 -0.000000 -0.003301  
 14 6 7  0.000000 2.384275 0.000000 0.003626 0.000000 1.416890 0.000000 0.003626 0.000000 0.000266 0.000000 0.003626 0.000000 -1.416358 -0.000000 0.003626 0.000000 -2.383743 -0.000000 0.003626  
 15 7 8  0.000000 -1.740235 -0.000000 -0.003848 0.000000 -1.034115 -0.000000 -0.003848 0.000000 -0.000083 0.000000 -0.003848 0.000000 1.033948 0.000000 -0.003848 0.000000 1.740069 0.000000 -0.003848  
 16 8 5  0.000000 2.383618 -0.000000 0.004259 0.000000 1.416284 -0.000000 0.004259 0.000000 -0.000266 0.000000 0.004259 0.000000 -1.416816 0.000000 0.004259 0.000000 -2.384150 0.000000 0.004259  
 17 10 11  0.000000 -0.530403 -0.000000 -0.000652 0.000000 -0.315214 -0.000000 -0.000652 0.000000 -0.000094 0.000000 -0.000652 0.000000 0.315027 0.000000 -0.000652 0.000000 0.530216 0.000000 -0.000652  
 18 11 12  0.000000 0.580637 -0.000000 0.001085 0.000000 0.344999 -0.000000 0.001085 0.000000 -0.000065 0.000000 0.001085 0.000000 -0.345129 0.000000 0.001085 0.000000 -0.580767 0.000000 0.001085  
 19 12 13  0.000000 -0.530065 0.000000 -0.000809 0.000000 -0.314937 0.000000 -0.000809 0.000000 0.000094 0.000000 -0.000809 0.000000 0.315124 -0.000000 -0.000809 0.000000 0.530252 -0.000000 -0.000809  
 20 13 10  0.000000 0.580616 0.000000 0.001290 0.000000 0.345039 0.000000 0.001290 0.000000 0.000065 0.000000 0.001290 0.000000 -0.344909 -0.000000 0.001290 0.000000 -0.580486 -0.000000 0.001290  
 21 15 16  0.000000 0.093928 -0.000000 -0.000048 0.000000 0.055812 -0.000000 -0.000048 0.000000 -0.000006 0.000000 -0.000048 0.000000 -0.055823 0.000000 -0.000048 0.000000 -0.093940 0.000000 -0.000048  
 22 16 17  0.000000 -0.440777 -0.000000 0.000206 0.000000 -0.261905 -0.000000 0.000206 0.000000 0.000033 0.000000 0.000206 0.000000 0.261971 0.000000 0.000206 0.000000 0.440843 0.000000 0.000206  
 23 17 18  0.000000 0.094090 0.000000 -0.000037 0.000000 0.055912 0.000000 -0.000037 0.000000 0.000006 0.000000 -0.000037 0.000000 -0.055901 -0.000000 -0.000037 0.000000 -0.094078 -0.000000 -0.000037  
 24 18 15  0.000000 -0.440993 0.000000 0.000202 0.000000 -0.262060 0.000000 0.000202 0.000000 -0.000033 0.000000 0.000202 0.000000 0.261994 -0.000000 0.000202 0.000000 0.440927 -0.000000 0.000202  
 118 118 128  -23.785059 -0.434776 -0.210980 0.000230 -23.787811 -0.390786 -0.185257 0.000230 -23.791684 -0.326364 -0.147591 0.000230 -23.795373 -0.261940 -0.109928 0.000230 -23.797799 -0.217944 -0.084209 0.000230  
 128 128 138  -23.786855 -0.195496 -0.071082 0.000230 -23.788849 -0.151504 -0.045362 0.000230 -23.791656 -0.087082 -0.007698 0.000230 -23.794330 -0.022658 0.029967 0.000230 -23.796083 0.021337 0.055688 0.000230  
 138 138 148  -23.787721 0.043785 0.068813 0.000230 -23.789370 0.087778 0.094532 0.000230 -23.791668 0.152201 0.132197 0.000230 -23.793820 0.216623 0.169864 0.000230 -23.795165 0.260619 0.195579 0.000230  
 148 148 158  -23.789465 0.283052 0.208742 0.000230 -23.790647 0.327051 0.234433 0.000230 -23.792066 0.391503 0.272055 0.000230 -23.792590 0.455917 0.309758 0.000230 -23.792369 0.499861 0.335517 0.000230  
 158 158 168  -23.794321 0.522346 0.348609 0.000230 -23.793376 0.566341 0.374322 0.000230 -23.791698 0.630768 0.411983 0.000230 -23.789840 0.695188 0.449650 0.000230 -23.788441 0.739177 0.475380 0.000230  
 168 168 178  -23.795579 0.761632 0.488493 0.000230 -23.794044 0.805623 0.514219 0.000230 -23.791657 0.870046 0.551884 0.000230 -23.789139 0.934469 0.589547 0.000230 -23.787346 0.978464 0.615265 0.000230  
 178 178 188  -23.796385 1.000912 0.628392 0.000230 -23.794501 1.044905 0.654113 0.000230 -23.791647 1.109329 0.691777 0.000230 -23.788674 1.173751 0.729442 0.000230 -23.786582 1.217744 0.755162 0.000230  
 188 188 198  -23.798122 1.240191 0.768290 0.000230 -23.795570 1.284187 0.794008 0.000230 -23.791686 1.348613 0.831670 0.000230 -23.787613 1.413033 0.869337 0.000230 -23.784734 1.457023 0.895060 0.000230  
 198 198 13  -23.789173 1.477930 0.906664 0.000230 -23.785748 1.523471 0.933883 0.000230 -23.785079 1.589204 0.972891 0.000230 -23.797919 1.652231 1.009134 0.000230 -23.808569 1.694866 1.033528 0.000230  
