 1 1 5  -56.337310 -8.867995 -7.612368 0.200325 -46.106305 -6.637068 -5.543901 0.200325 -32.454054 -3.194798 -2.284457 0.200325 -31.283715 1.980714 2.499135 0.200325 -39.288890 4.529847 4.727673 0.200325  
 2 2 6  -65.796737 -9.347419 -7.867529 0.200325 -56.407920 -7.107191 -5.851639 0.200325 -45.667485 -3.411026 -2.566590 0.200325 -45.202354 2.069938 2.316920 0.200325 -50.010129 4.956716 4.806532 0.200325  
 3 3 7  -51.337720 -8.850226 -7.229740 0.200325 -40.547422 -6.464266 -5.235289 0.200325 -25.250285 -2.787590 -2.218698 0.200325 -24.213045 2.401581 2.025834 0.200325 -34.014794 4.952827 4.100324 0.200325  
 4 4 8  -41.159335 -8.236064 -6.905575 0.200325 -29.761461 -5.831103 -4.832213 0.200325 -12.508481 -2.210189 -1.702568 0.200325 -11.622467 1.850446 1.764600 0.200325 -23.341895 4.332937 3.877545 0.200325  
 5 5 10  -36.276831 -6.622551 -4.757211 -0.078326 -24.800931 -4.056429 -2.764711 -0.078326 -14.700908 0.588491 0.865807 -0.078326 -28.969250 4.723462 3.881322 -0.078326 -40.412001 7.294461 5.842774 -0.078326  
 6 6 11  -40.537721 -6.942566 -4.599561 -0.078326 -29.664920 -4.366370 -2.704089 -0.078326 -22.139414 0.588180 0.911949 -0.078326 -33.704101 5.005605 3.927579 -0.078326 -44.720281 7.595580 5.764962 -0.078326  
 7 7 12  -33.632261 -7.081510 -4.249444 -0.078326 -21.231839 -4.241366 -2.367675 -0.078326 -7.844396 0.462842 0.838368 -0.078326 -25.165831 4.845338 3.519037 -0.078326 -37.501344 7.685893 5.377181 -0.078326  
 8 8 118  -19.299389 -6.708478 -4.457530 -0.078326 -18.180695 -6.451680 -4.273800 -0.078326 -16.539872 -6.075213 -4.004455 -0.078326 -14.902664 -5.698105 -3.735545 -0.078326 -13.786381 -5.440226 -3.552125 -0.078326  
 9 10 15  -11.434796 -1.825935 -0.218460 -0.046446 -9.256441 -0.688144 0.274784 -0.046446 -10.918766 1.363561 0.907320 -0.046446 -15.949505 2.837593 1.357475 -0.046446 -19.558914 3.791083 1.683975 -0.046446  
 10 11 16  -12.544728 -1.894506 -0.070909 -0.046446 -10.802336 -0.686363 0.423620 -0.046446 -12.220054 1.400971 0.997673 -0.046446 -16.972966 2.903985 1.378563 -0.046446 -20.514995 3.861426 1.666415 -0.046446  
 11 12 17  -10.987492 -2.124763 -0.063555 -0.046446 -7.288798 -1.001865 0.338112 -0.046446 -8.591512 1.149552 0.909257 -0.046446 -14.421668 2.813787 1.303073 -0.046446 -18.547389 3.898181 1.595853 -0.046446  
 12 13 18  -9.959477 -2.047091 -0.195131 -0.046446 -6.019019 -0.944150 0.207796 -0.046446 -7.352510 1.100175 0.815573 -0.046446 -13.434096 2.741815 1.281800 -0.046446 -17.611071 3.826229 1.608016 -0.046446  
 13 5 6  0.000000 -8.915585 -0.000000 -0.375007 0.000000 -5.270175 -0.000000 -0.375007 0.000000 0.068104 0.000000 -0.375007 0.000000 5.406383 0.000000 -0.375007 0.000000 9.051792 0.000000 -0.375007  
 14 6 7  0.000000 11.786926 -0.000000 0.530404 0.000000 7.067905 -0.000000 0.530404 0.000000 0.157448 0.000000 0.530404 0.000000 -6.753009 0.000000 0.530404 0.000000 -11.472030 0.000000 0.530404  
 15 7 8  0.000000 -9.018158 0.000000 -0.890592 0.000000 -5.386397 0.000000 -0.890592 0.000000 -0.068104 0.000000 -0.890592 0.000000 5.250189 -0.000000 -0.890592 0.000000 8.881951 -0.000000 -0.890592  
 16 8 5  0.000000 11.438396 0.000000 0.858448 0.000000 6.733023 0.000000 0.858448 0.000000 -0.157448 0.000000 0.858448 0.000000 -7.047919 -0.000000 0.858448 0.000000 -11.753292 -0.000000 0.858448  
 17 10 11  0.000000 -5.724385 -0.000000 -0.191822 0.000000 -3.386171 -0.000000 -0.191822 0.000000 0.037871 0.000000 -0.191822 0.000000 3.461912 0.000000 -0.191822 0.000000 5.800126 0.000000 -0.191822  
 18 11 12  0.000000 9.607527 0.000000 0.219742 0.000000 5.755459 0.000000 0.219742 0.000000 0.114554 0.000000 0.219742 0.000000 -5.526350 -0.000000 0.219742 0.000000 -9.378418 -0.000000 0.219742  
 19 12 13  0.000000 -5.728671 0.000000 -0.699246 0.000000 -3.419452 0.000000 -0.699246 0.000000 -0.037871 0.000000 -0.699246 0.000000 3.343711 -0.000000 -0.699246 0.000000 5.652930 -0.000000 -0.699246  
 20 13 10  0.000000 9.306963 -0.000000 0.513029 0.000000 5.483890 -0.000000 0.513029 0.000000 -0.114554 0.000000 0.513029 0.000000 -5.712999 0.000000 0.513029 0.000000 -9.536071 0.000000 0.513029  
 21 15 16  0.000000 -1.670329 -0.000000 -0.008652 0.000000 -0.995805 -0.000000 -0.008652 0.000000 -0.008042 0.000000 -0.008652 0.000000 0.979720 0.000000 -0.008652 0.000000 1.654245 0.000000 -0.008652  
 22 16 17  0.000000 3.984170 -0.000000 0.006406 0.000000 2.373059 -0.000000 0.006406 0.000000 0.013773 0.000000 0.006406 0.000000 -2.345512 0.000000 0.006406 0.000000 -3.956624 0.000000 0.006406  
 23 17 18  0.000000 -1.582135 0.000000 -0.017763 0.000000 -0.936871 0.000000 -0.017763 0.000000 0.008042 0.000000 -0.017763 0.000000 0.952956 -0.000000 -0.017763 0.000000 1.598219 -0.000000 -0.017763  
 24 18 15  0.000000 3.884514 0.000000 0.011116 0.000000 2.302663 0.000000 0.011116 0.000000 -0.013773 0.000000 0.011116 0.000000 -2.330210 -0.000000 0.011116 0.000000 -3.912061 -0.000000 0.011116  
 118 118 128  -19.361809 -5.308629 -3.458761 -0.078326 -18.216312 -5.052103 -3.274532 -0.078326 -16.536385 -4.676062 -3.004482 -0.078326 -14.868838 -4.298493 -2.736435 -0.078326 -13.728716 -4.040419 -2.553167 -0.078326  
 128 128 138  -19.370842 -3.909869 -2.457751 -0.078326 -18.221448 -3.652683 -2.274984 -0.078326 -16.539769 -3.275790 -2.006761 -0.078326 -14.859759 -2.898885 -1.737294 -0.078326 -13.719524 -2.641884 -1.551669 -0.078326  
 138 138 148  -18.344899 -2.485650 -1.445592 -0.078326 -17.506461 -2.251311 -1.274062 -0.078326 -16.393304 -1.895720 -1.017896 -0.078326 -15.521758 -1.509889 -0.744819 -0.078326 -15.204191 -1.202810 -0.529370 -0.078326  
 148 148 158  -16.528644 -1.110667 -0.459861 -0.078326 -16.537646 -0.853575 -0.276353 -0.078326 -16.546024 -0.476913 -0.007528 -0.078326 -16.545519 -0.099945 0.261776 -0.078326 -16.542748 0.157519 0.445694 -0.078326  
 158 158 168  -16.324556 0.254350 0.505738 -0.078326 -16.316894 0.543333 0.720541 -0.078326 -16.362940 0.954124 1.022713 -0.078326 -16.764263 1.301742 1.262482 -0.078326 -17.190500 1.516799 1.406717 -0.078326  
 168 168 178  -14.004366 1.684063 1.537607 -0.078326 -14.995888 1.946635 1.722170 -0.078326 -16.513832 2.324152 1.992463 -0.078326 -18.079901 2.699164 2.260082 -0.078326 -19.159225 2.953570 2.443423 -0.078326  
 178 178 188  -13.693517 3.087327 2.537612 -0.078326 -14.850949 3.345043 2.721669 -0.078326 -16.543280 3.722072 2.990898 -0.078326 -18.232439 4.098652 3.259773 -0.078326 -19.384014 4.355537 3.443198 -0.078326  
 188 188 198  -13.761940 4.487180 3.536741 -0.078326 -14.889722 4.744645 3.720948 -0.078326 -16.538717 5.121300 3.990391 -0.078326 -18.193269 5.497931 4.259366 -0.078326 -19.327348 5.755778 4.441950 -0.078326  
 198 198 13  -13.818269 5.886304 4.536568 -0.078326 -14.922315 6.144124 4.720195 -0.078326 -16.542646 6.521137 4.989510 -0.078326 -18.160044 6.897689 5.258475 -0.078326 -19.262863 7.154567 5.441943 -0.078326  
