 1 1 5  -49.124271 -4.144609 5.966837 0.096578 -45.059906 -3.127614 4.553343 0.096578 -42.809728 -1.221452 1.906897 0.096578 -42.816772 1.060629 -1.188959 0.096578 -43.106372 2.547474 -3.216509 0.096578  
 2 2 6  -39.866779 -3.845507 5.622450 0.096578 -34.908042 -2.868276 4.250812 0.096578 -30.448395 -1.220917 1.864584 0.096578 -30.455279 1.059915 -1.319473 0.096578 -32.115825 2.340686 -3.168306 0.096578  
 3 3 7  -35.869024 -3.735904 5.409788 0.096578 -30.577327 -2.754007 4.064897 0.096578 -24.955732 -1.191982 1.844084 0.096578 -24.868040 1.105961 -1.317788 0.096578 -27.479373 2.280472 -3.017415 0.096578  
 4 4 8  -44.968127 -4.048503 5.789149 0.096578 -40.526245 -3.038702 4.415623 0.096578 -37.446763 -1.211356 1.905485 0.096578 -37.458219 1.107004 -1.188037 0.096578 -38.181197 2.540297 -3.135630 0.096578  
 5 5 10  -29.353806 -1.801056 3.346128 0.043216 -27.464695 -1.006168 2.135310 0.043216 -27.478641 0.548269 -0.163018 0.043216 -28.171968 1.978178 -2.329485 0.043216 -30.811276 2.666453 -3.453979 0.043216  
 6 6 11  -23.740554 -1.636947 3.288376 0.043216 -20.590681 -0.921070 2.173323 0.043216 -20.009941 0.548328 -0.152425 0.043216 -21.839054 1.819084 -2.277895 0.043216 -25.330721 2.458509 -3.389183 0.043216  
 7 7 12  -22.109005 -1.660511 3.193795 0.043216 -18.659553 -0.934207 2.114000 0.043216 -17.761614 0.542143 -0.152541 0.043216 -20.034277 1.798119 -2.211697 0.043216 -23.749437 2.452389 -3.302156 0.043216  
 8 8 118  -27.427934 -2.051533 3.627101 0.043216 -26.968009 -1.958542 3.492654 0.043216 -26.321336 -1.822067 3.292473 0.043216 -25.701902 -1.686240 3.088137 0.043216 -25.302043 -1.589325 2.947602 0.043216  
 9 10 15  -14.266183 0.394893 2.239620 -0.027941 -11.918164 0.481665 1.273820 -0.027941 -11.593070 0.536657 -0.717163 -0.027941 -14.333675 0.413245 -2.258129 -0.027941 -17.332563 0.393847 -3.133876 -0.027941  
 10 11 16  -12.436334 0.371253 2.226664 -0.027941 -9.401597 0.427533 1.272433 -0.027941 -8.520252 0.512273 -0.697242 -0.027941 -12.337719 0.389855 -2.197581 -0.027941 -15.684209 0.378567 -3.117538 -0.027941  
 11 12 17  -12.185588 0.346836 2.210245 -0.027941 -9.111294 0.403289 1.261211 -0.027941 -8.189480 0.496310 -0.693389 -0.027941 -12.093892 0.387021 -2.180606 -0.027941 -15.452107 0.380980 -3.099881 -0.027941  
 12 13 18  -14.013427 0.368786 2.225677 -0.027941 -11.611445 0.455648 1.268859 -0.027941 -11.265291 0.523130 -0.716341 -0.027941 -14.089163 0.410104 -2.243254 -0.027941 -17.103903 0.396999 -3.117671 -0.027941  
 13 5 6  0.000000 6.525069 -0.000000 0.189330 0.000000 3.889970 -0.000000 0.189330 0.000000 0.031173 0.000000 0.189330 0.000000 -3.827624 0.000000 0.189330 0.000000 -6.462723 0.000000 0.189330  
 14 6 7  0.000000 4.216451 0.000000 -0.117756 0.000000 2.509750 0.000000 -0.117756 0.000000 0.010485 0.000000 -0.117756 0.000000 -2.488780 -0.000000 -0.117756 0.000000 -4.195481 -0.000000 -0.117756  
 15 7 8  0.000000 6.459868 0.000000 0.180949 0.000000 3.825927 0.000000 0.180949 0.000000 -0.031173 0.000000 0.180949 0.000000 -3.888273 -0.000000 0.180949 0.000000 -6.522214 -0.000000 0.180949  
 16 8 5  0.000000 4.198336 -0.000000 -0.117011 0.000000 2.490476 -0.000000 -0.117011 0.000000 -0.010485 0.000000 -0.117011 0.000000 -2.511446 0.000000 -0.117011 0.000000 -4.219305 0.000000 -0.117011  
 17 10 11  0.000000 5.869252 0.000000 0.095183 0.000000 3.497356 0.000000 0.095183 0.000000 0.023992 0.000000 0.095183 0.000000 -3.449373 -0.000000 0.095183 0.000000 -5.821269 -0.000000 0.095183  
 18 11 12  0.000000 2.265388 -0.000000 -0.062460 0.000000 1.348729 -0.000000 -0.062460 0.000000 0.006388 0.000000 -0.062460 0.000000 -1.335952 0.000000 -0.062460 0.000000 -2.252611 0.000000 -0.062460  
 19 12 13  0.000000 5.819398 -0.000000 0.062707 0.000000 3.448262 -0.000000 0.062707 0.000000 -0.023992 0.000000 0.062707 0.000000 -3.496245 0.000000 0.062707 0.000000 -5.867381 0.000000 0.062707  
 20 13 10  0.000000 2.254482 0.000000 -0.097635 0.000000 1.337064 0.000000 -0.097635 0.000000 -0.006388 0.000000 -0.097635 0.000000 -1.349840 -0.000000 -0.097635 0.000000 -2.267258 -0.000000 -0.097635  
 21 15 16  0.000000 3.294287 -0.000000 0.006591 0.000000 1.968834 -0.000000 0.006591 0.000000 0.027862 0.000000 0.006591 0.000000 -1.913110 0.000000 0.006591 0.000000 -3.238563 0.000000 0.006591  
 22 16 17  0.000000 0.384515 -0.000000 -0.011077 0.000000 0.227673 -0.000000 -0.011077 0.000000 -0.002003 0.000000 -0.011077 0.000000 -0.231679 0.000000 -0.011077 0.000000 -0.388520 0.000000 -0.011077  
 23 17 18  0.000000 3.236442 0.000000 0.007306 0.000000 1.911849 0.000000 0.007306 0.000000 -0.027862 0.000000 0.007306 0.000000 -1.967574 -0.000000 0.007306 0.000000 -3.292166 -0.000000 0.007306  
 24 18 15  0.000000 0.390641 0.000000 -0.008956 0.000000 0.232939 0.000000 -0.008956 0.000000 0.002003 0.000000 -0.008956 0.000000 -0.228934 -0.000000 -0.008956 0.000000 -0.386636 -0.000000 -0.008956  
 118 118 128  -26.917095 -1.538883 2.872046 0.043216 -26.653351 -1.450308 2.741625 0.043216 -26.297629 -1.317705 2.546288 0.043216 -26.018020 -1.177328 2.338945 0.043216 -25.866857 -1.077489 2.190342 0.043216  
 128 128 138  -26.388766 -1.028930 2.121901 0.043216 -26.334829 -0.944300 1.993877 0.043216 -26.322720 -0.808334 1.792701 0.043216 -26.333714 -0.667762 1.586564 0.043216 -26.340649 -0.571807 1.445758 0.043216  
 138 138 148  -26.326713 -0.527411 1.378968 0.043216 -26.331745 -0.433933 1.241027 0.043216 -26.338573 -0.297077 1.039006 0.043216 -26.344784 -0.160265 0.836949 0.043216 -26.348508 -0.066844 0.698943 0.043216  
 148 148 158  -26.332933 -0.019068 0.628604 0.043216 -26.335810 0.074310 0.490603 0.043216 -26.339111 0.211084 0.288516 0.043216 -26.340831 0.347989 0.086544 0.043216 -26.340769 0.441488 -0.051444 0.043216  
 158 158 168  -26.345425 0.489100 -0.121882 0.043216 -26.343104 0.582562 -0.259819 0.043216 -26.338732 0.719391 -0.461853 0.043216 -26.333465 0.856215 -0.663923 0.043216 -26.329333 0.949686 -0.801876 0.043216  
 168 168 178  -26.347065 0.996145 -0.870987 0.043216 -26.342086 1.090396 -1.009858 0.043216 -26.334259 1.228460 -1.213180 0.043216 -26.325756 1.366582 -1.416458 0.043216 -26.356060 1.453691 -1.547986 0.043216  
 178 178 188  -25.990451 1.497163 -1.612878 0.043216 -26.088304 1.600252 -1.762025 0.043216 -26.297441 1.741252 -1.969205 0.043216 -26.580834 1.872810 -2.164474 0.043216 -26.798461 1.959065 -2.294859 0.043216  
 188 188 198  -25.431377 2.011564 -2.369041 0.043216 -25.775914 2.107260 -2.511801 0.043216 -26.314675 2.245999 -2.715575 0.043216 -26.895125 2.381142 -2.915343 0.043216 -27.312313 2.471876 -3.049710 0.043216  
 198 198 13  -25.071500 2.522854 -3.121822 0.043216 -25.579523 2.615525 -3.261601 0.043216 -26.331198 2.751830 -3.464799 0.043216 -27.094642 2.888944 -3.666009 0.043216 -27.626202 2.983721 -3.801452 0.043216  
