 1 1 5  -32.181556 1.181330 -4.136507 -0.002486 -30.335777 0.984606 -3.153594 -0.002486 -29.841854 0.541739 -1.299738 -0.002486 -29.844636 0.017830 0.666650 -0.002486 -29.811788 -0.339709 2.008256 -0.002486  
 2 2 6  -38.606362 1.267472 -4.342012 -0.002486 -37.536863 1.048515 -3.236938 -0.002486 -37.518038 0.540560 -1.310215 -0.002486 -37.524961 0.018536 0.632261 -0.002486 -37.489172 -0.338450 1.958931 -0.002486  
 3 3 7  -42.345512 1.305689 -4.427336 -0.002486 -41.649386 1.059672 -3.251031 -0.002486 -41.709366 0.542547 -1.308852 -0.002486 -41.713772 0.027009 0.631232 -0.002486 -41.680321 -0.325903 1.957107 -0.002486  
 4 4 8  -35.712062 1.221316 -4.270677 -0.002486 -34.287469 1.023960 -3.215448 -0.002486 -34.121548 0.543626 -1.298303 -0.002486 -34.128750 0.026336 0.665586 -0.002486 -34.092685 -0.327211 2.006342 -0.002486  
 5 5 10  -21.515412 1.417259 -2.333574 0.028835 -20.216820 1.013374 -1.450975 0.028835 -20.155441 0.154030 0.171509 0.028835 -20.243283 -0.700831 1.787551 0.028835 -21.698803 -1.114887 2.633384 0.028835  
 6 6 11  -25.243359 1.498894 -2.376201 0.028835 -24.498587 1.027718 -1.426527 0.028835 -24.518105 0.154176 0.174095 0.028835 -24.495715 -0.719099 1.774868 0.028835 -25.356028 -1.185806 2.699074 0.028835  
 7 7 12  -27.807665 1.522652 -2.425508 0.028835 -27.343810 1.016636 -1.425952 0.028835 -27.360853 0.153916 0.173781 0.028835 -27.340151 -0.708530 1.773968 0.028835 -27.881957 -1.209122 2.756137 0.028835  
 8 8 118  -23.888936 1.618532 -2.683796 0.028835 -23.637661 1.565103 -2.581529 0.028835 -23.288657 1.486528 -2.428775 0.028835 -22.966395 1.406717 -2.272074 0.028835 -22.773763 1.349630 -2.161356 0.028835  
 9 10 15  -11.019185 1.094726 -1.043489 0.004924 -9.934135 0.651153 -0.501273 0.004924 -9.921160 -0.253219 0.542296 0.004924 -11.354812 -0.955334 1.346626 0.004924 -13.150141 -1.352098 1.796032 0.004924  
 10 11 16  -12.257864 1.139790 -1.036185 0.004924 -11.473360 0.654688 -0.473118 0.004924 -11.478278 -0.253135 0.543172 0.004924 -12.583163 -0.993160 1.367412 0.004924 -14.232424 -1.398082 1.811067 0.004924  
 11 12 17  -13.242622 1.145106 -1.063459 0.004924 -12.642066 0.642380 -0.473070 0.004924 -12.647056 -0.249777 0.543045 0.004924 -13.540943 -1.001993 1.399528 0.004924 -15.100128 -1.403545 1.851683 0.004924  
 12 13 18  -11.971392 1.106221 -1.075210 0.004924 -11.107097 0.642431 -0.504769 0.004924 -11.111860 -0.249865 0.542165 0.004924 -12.301105 -0.965971 1.382908 0.004924 -13.997433 -1.360280 1.839515 0.004924  
 13 5 6  0.000000 -4.490598 0.000000 0.043633 0.000000 -2.665078 0.000000 0.043633 0.000000 0.008184 0.000000 0.043633 0.000000 2.681445 -0.000000 0.043633 0.000000 4.506965 -0.000000 0.043633  
 14 6 7  0.000000 -1.854995 -0.000000 -0.025094 0.000000 -1.101449 -0.000000 -0.025094 0.000000 0.002032 0.000000 -0.025094 0.000000 1.105513 0.000000 -0.025094 0.000000 1.859060 0.000000 -0.025094  
 15 7 8  0.000000 -4.507991 -0.000000 0.044241 0.000000 -2.682055 -0.000000 0.044241 0.000000 -0.008184 0.000000 0.044241 0.000000 2.665688 0.000000 0.044241 0.000000 4.491624 0.000000 0.044241  
 16 8 5  0.000000 -1.858034 0.000000 -0.030853 0.000000 -1.104904 0.000000 -0.030853 0.000000 -0.002032 0.000000 -0.030853 0.000000 1.100839 -0.000000 -0.030853 0.000000 1.853969 -0.000000 -0.030853  
 17 10 11  0.000000 -3.830476 -0.000000 0.048668 0.000000 -2.273528 -0.000000 0.048668 0.000000 0.006442 0.000000 0.048668 0.000000 2.286412 0.000000 0.048668 0.000000 3.843360 0.000000 0.048668  
 18 11 12  0.000000 -2.362393 0.000000 -0.029204 0.000000 -1.402957 0.000000 -0.029204 0.000000 0.002024 0.000000 -0.029204 0.000000 1.407006 -0.000000 -0.029204 0.000000 2.366441 -0.000000 -0.029204  
 19 12 13  0.000000 -3.844311 0.000000 0.049560 0.000000 -2.286977 0.000000 0.049560 0.000000 -0.006442 0.000000 0.049560 0.000000 2.274093 -0.000000 0.049560 0.000000 3.831427 -0.000000 0.049560  
 20 13 10  0.000000 -2.365491 -0.000000 -0.028165 0.000000 -1.406441 -0.000000 -0.028165 0.000000 -0.002024 0.000000 -0.028165 0.000000 1.402393 0.000000 -0.028165 0.000000 2.361442 0.000000 -0.028165  
 21 15 16  0.000000 -1.900869 0.000000 0.026128 0.000000 -1.127179 0.000000 0.026128 0.000000 0.005800 0.000000 0.026128 0.000000 1.138779 -0.000000 0.026128 0.000000 1.912469 -0.000000 0.026128  
 22 16 17  0.000000 -1.460220 0.000000 -0.021078 0.000000 -0.866005 0.000000 -0.021078 0.000000 0.004153 0.000000 -0.021078 0.000000 0.874312 -0.000000 -0.021078 0.000000 1.468527 -0.000000 -0.021078  
 23 17 18  0.000000 -1.913691 -0.000000 0.024071 0.000000 -1.139505 -0.000000 0.024071 0.000000 -0.005800 0.000000 0.024071 0.000000 1.127904 0.000000 0.024071 0.000000 1.902090 0.000000 0.024071  
 24 18 15  0.000000 -1.467305 -0.000000 -0.023726 0.000000 -0.873586 -0.000000 -0.023726 0.000000 -0.004153 0.000000 -0.023726 0.000000 0.865280 0.000000 -0.023726 0.000000 1.458999 0.000000 -0.023726  
 118 118 128  -23.561125 1.319445 -2.105991 0.028835 -23.434684 1.270102 -2.005959 0.028835 -23.284227 1.192705 -1.854341 0.028835 -23.166632 1.111464 -1.696613 0.028835 -23.117747 1.050847 -1.583421 0.028835  
 128 128 138  -23.312976 1.026673 -1.534021 0.028835 -23.300826 0.974740 -1.430679 0.028835 -23.303574 0.894661 -1.275169 0.028835 -23.306195 0.814583 -1.119657 0.028835 -23.307915 0.759899 -1.013462 0.028835  
 138 138 148  -23.301410 0.732636 -0.959939 0.028835 -23.303015 0.678279 -0.854081 0.028835 -23.305251 0.598677 -0.699064 0.028835 -23.307359 0.519075 -0.544046 0.028835 -23.308681 0.464718 -0.438196 0.028835  
 148 148 158  -23.303070 0.436964 -0.384139 0.028835 -23.304238 0.382611 -0.278308 0.028835 -23.305656 0.303039 -0.123336 0.028835 -23.306180 0.223428 0.031719 0.028835 -23.305959 0.169020 0.137614 0.028835  
 158 158 168  -23.307802 0.141322 0.191603 0.028835 -23.306885 0.086960 0.297449 0.028835 -23.305281 0.007361 0.452461 0.028835 -23.303510 -0.072241 0.607481 0.028835 -23.302176 -0.126601 0.713350 0.028835  
 168 168 178  -23.308995 -0.154336 0.767355 0.028835 -23.307528 -0.208698 0.873217 0.028835 -23.305249 -0.288299 1.028234 0.028835 -23.302840 -0.367899 1.183249 0.028835 -23.301115 -0.422258 1.289103 0.028835  
 178 178 188  -23.307699 -0.449399 1.342479 0.028835 -23.305878 -0.504165 1.448779 0.028835 -23.303104 -0.584365 1.604439 0.028835 -23.300198 -0.664568 1.760099 0.028835 -23.316228 -0.715878 1.862680 0.028835  
 188 188 198  -23.076127 -0.741161 1.911504 0.028835 -23.139384 -0.800965 2.025761 0.028835 -23.279368 -0.882145 2.184497 0.028835 -23.464221 -0.959032 2.334956 0.028835 -23.609786 -1.010445 2.434257 0.028835  
 198 198 13  -22.697829 -1.039809 2.490968 0.028835 -22.925479 -1.095658 2.600939 0.028835 -23.285769 -1.176651 2.757921 0.028835 -23.681008 -1.254570 2.910867 0.028835 -23.966894 -1.308078 3.012841 0.028835  
