 1 1 5  -36.224684 0.622607 0.633219 0.000000 -36.230094 0.441944 0.463637 0.000000 -36.237205 0.177323 0.215314 0.000000 -36.238315 -0.087457 -0.032671 0.000000 -36.234068 -0.268224 -0.202196 0.000000  
 2 2 6  -34.698677 0.622562 0.633538 0.000000 -34.704107 0.441906 0.463996 0.000000 -34.711283 0.177312 0.215731 0.000000 -34.712584 -0.087435 -0.032738 0.000000 -34.708036 -0.268146 -0.202301 0.000000  
 3 3 7  -35.756585 0.622440 0.633597 0.000000 -35.762123 0.441768 0.464049 0.000000 -35.769464 0.177141 0.215770 0.000000 -35.770679 -0.087394 -0.032801 0.000000 -35.766172 -0.268111 -0.202381 0.000000  
 4 4 8  -37.282498 0.622480 0.633260 0.000000 -37.287996 0.441800 0.463668 0.000000 -37.295219 0.177143 0.215310 0.000000 -37.296745 -0.087478 -0.032712 0.000000 -37.292316 -0.268196 -0.202253 0.000000  
 5 5 10  -24.185043 0.325694 0.520631 0.000011 -24.187698 0.186538 0.321871 0.000011 -24.190052 -0.017312 0.030931 0.000011 -24.187166 -0.221188 -0.260113 0.000011 -24.184427 -0.360349 -0.458877 0.000011  
 6 6 11  -23.195152 0.325715 0.520568 0.000011 -23.197805 0.186559 0.321874 0.000011 -23.200173 -0.017325 0.030883 0.000011 -23.197169 -0.221180 -0.260170 0.000011 -23.194478 -0.360351 -0.458878 0.000011  
 7 7 12  -23.809945 0.325723 0.520567 0.000011 -23.812659 0.186540 0.321874 0.000011 -23.815067 -0.017293 0.030852 0.000011 -23.811993 -0.221154 -0.260185 0.000011 -23.809252 -0.360346 -0.458889 0.000011  
 8 8 118  -24.801675 0.357672 0.566237 0.000011 -24.801966 0.343753 0.546364 0.000011 -24.802387 0.323370 0.517264 0.000011 -24.802804 0.302986 0.488163 0.000011 -24.803085 0.289066 0.468291 0.000011  
 9 10 15  -12.080735 0.178470 0.367009 0.000005 -12.081838 0.078980 0.183322 0.000005 -12.082316 -0.066730 -0.085672 0.000005 -12.080834 -0.212410 -0.354659 0.000005 -12.079618 -0.311885 -0.538339 0.000005  
 10 11 16  -11.696757 0.178478 0.366980 0.000005 -11.697849 0.078986 0.183312 0.000005 -11.698294 -0.066731 -0.085702 0.000005 -11.696843 -0.212416 -0.354671 0.000005 -11.695635 -0.311892 -0.538333 0.000005  
 11 12 17  -11.918076 0.178493 0.366977 0.000005 -11.919181 0.078993 0.183309 0.000005 -11.919612 -0.066715 -0.085704 0.000005 -11.918148 -0.212410 -0.354669 0.000005 -11.916930 -0.311895 -0.538331 0.000005  
 12 13 18  -12.302058 0.178485 0.367005 0.000005 -12.303171 0.078986 0.183319 0.000005 -12.303632 -0.066714 -0.085672 0.000005 -12.302146 -0.212404 -0.354656 0.000005 -12.300919 -0.311888 -0.538336 0.000005  
 13 5 6  0.000000 0.740182 0.000000 -0.000020 0.000000 0.439815 0.000000 -0.000020 0.000000 -0.000038 0.000000 -0.000020 0.000000 -0.439890 -0.000000 -0.000020 0.000000 -0.740257 -0.000000 -0.000020  
 14 6 7  0.000000 -0.612139 0.000000 0.000038 0.000000 -0.363750 0.000000 0.000038 0.000000 -0.000013 0.000000 0.000038 0.000000 0.363724 -0.000000 0.000038 0.000000 0.612113 -0.000000 0.000038  
 15 7 8  0.000000 0.740259 -0.000000 -0.000035 0.000000 0.439891 -0.000000 -0.000035 0.000000 0.000038 0.000000 -0.000035 0.000000 -0.439816 0.000000 -0.000035 0.000000 -0.740184 0.000000 -0.000035  
 16 8 5  0.000000 -0.612115 -0.000000 0.000019 0.000000 -0.363725 -0.000000 0.000019 0.000000 0.000013 0.000000 0.000019 0.000000 0.363751 0.000000 0.000019 0.000000 0.612141 0.000000 0.000019  
 17 10 11  0.000000 0.836783 -0.000000 0.000009 0.000000 0.497228 -0.000000 0.000009 0.000000 -0.000009 0.000000 0.000009 0.000000 -0.497247 0.000000 0.000009 0.000000 -0.836801 0.000000 0.000009  
 18 11 12  0.000000 -0.543472 0.000000 0.000008 0.000000 -0.322943 0.000000 0.000008 0.000000 -0.000005 0.000000 0.000008 0.000000 0.322933 -0.000000 0.000008 0.000000 0.543462 -0.000000 0.000008  
 19 12 13  0.000000 0.836803 0.000000 0.000006 0.000000 0.497248 0.000000 0.000006 0.000000 0.000009 0.000000 0.000006 0.000000 -0.497229 -0.000000 0.000006 0.000000 -0.836784 -0.000000 0.000006  
 20 13 10  0.000000 -0.543464 -0.000000 0.000000 0.000000 -0.322934 -0.000000 0.000000 0.000000 0.000005 0.000000 0.000000 0.000000 0.322944 0.000000 0.000000 0.000000 0.543474 0.000000 0.000000  
 21 15 16  0.000000 0.530304 0.000000 0.000006 0.000000 0.315115 0.000000 0.000006 0.000000 -0.000004 0.000000 0.000006 0.000000 -0.315122 -0.000000 0.000006 0.000000 -0.530311 -0.000000 0.000006  
 22 16 17  0.000000 -0.305643 0.000000 -0.000002 0.000000 -0.181620 0.000000 -0.000002 0.000000 -0.000001 0.000000 -0.000002 0.000000 0.181617 -0.000000 -0.000002 0.000000 0.305641 -0.000000 -0.000002  
 23 17 18  0.000000 0.530313 -0.000000 0.000006 0.000000 0.315123 -0.000000 0.000006 0.000000 0.000004 0.000000 0.000006 0.000000 -0.315116 0.000000 0.000006 0.000000 -0.530306 0.000000 0.000006  
 24 18 15  0.000000 -0.305642 -0.000000 -0.000003 0.000000 -0.181618 -0.000000 -0.000003 0.000000 0.000001 0.000000 -0.000003 0.000000 0.181621 0.000000 -0.000003 0.000000 0.305645 0.000000 -0.000003  
 118 118 128  -24.801716 0.281964 0.458150 0.000011 -24.801992 0.268044 0.438279 0.000011 -24.802389 0.247661 0.409178 0.000011 -24.802778 0.227278 0.380078 0.000011 -24.803038 0.213358 0.360205 0.000011  
 128 128 138  -24.801766 0.206255 0.350065 0.000011 -24.802020 0.192336 0.330193 0.000011 -24.802387 0.171953 0.301092 0.000011 -24.802750 0.151569 0.271992 0.000011 -24.802992 0.137649 0.252120 0.000011  
 138 138 148  -24.801855 0.130545 0.241983 0.000011 -24.802087 0.116627 0.222107 0.000011 -24.802410 0.096245 0.193003 0.000011 -24.802683 0.075861 0.163906 0.000011 -24.802849 0.061939 0.144039 0.000011  
 148 148 158  -24.802098 0.054840 0.133899 0.000011 -24.802248 0.040917 0.114021 0.000011 -24.802418 0.020535 0.084917 0.000011 -24.802541 0.000153 0.055818 0.000011 -24.802550 -0.013768 0.035957 0.000011  
 158 158 168  -24.802665 -0.020875 0.025798 0.000011 -24.802600 -0.034789 0.005937 0.000011 -24.802432 -0.055171 -0.023158 0.000011 -24.802176 -0.075558 -0.052266 0.000011 -24.801976 -0.089478 -0.072145 0.000011  
 168 168 178  -24.802970 -0.096579 -0.082278 0.000011 -24.802741 -0.110499 -0.102150 0.000011 -24.802390 -0.130882 -0.131251 0.000011 -24.802031 -0.151265 -0.160351 0.000011 -24.801780 -0.165184 -0.180223 0.000011  
 178 178 188  -24.803027 -0.172287 -0.190364 0.000011 -24.802770 -0.186207 -0.210236 0.000011 -24.802388 -0.206591 -0.239337 0.000011 -24.802000 -0.226974 -0.268437 0.000011 -24.801731 -0.240893 -0.288309 0.000011  
 188 188 198  -24.803065 -0.247996 -0.298450 0.000011 -24.802793 -0.261916 -0.318322 0.000011 -24.802388 -0.282299 -0.347422 0.000011 -24.801977 -0.302682 -0.376523 0.000011 -24.801694 -0.316601 -0.396395 0.000011  
 198 198 13  -24.803099 -0.323704 -0.406536 0.000011 -24.802812 -0.337624 -0.426408 0.000011 -24.802387 -0.358008 -0.455508 0.000011 -24.801958 -0.378391 -0.484609 0.000011 -24.801662 -0.392310 -0.504481 0.000011  
