 1 1 5  -68.823197 19.173587 8.415770 -0.441013 -42.186997 12.523788 5.643718 -0.441013 -3.064744 2.681710 1.444502 -0.441013 -12.098980 -5.102418 -2.113233 -0.441013 -39.010467 -11.847203 -4.938442 -0.441013  
 2 2 6  -50.415056 17.628894 8.096416 -0.441013 -24.135005 10.967331 5.232317 -0.441013 9.618329 1.643831 0.855117 -0.441013 3.472531 -3.681217 -1.788688 -0.441013 -21.214018 -10.277891 -4.721095 -0.441013  
 3 3 7  -86.552145 19.988750 9.084686 -0.441013 -61.725117 13.887352 6.247031 -0.441013 -24.513939 4.804984 1.937842 -0.441013 -27.779056 -5.432186 -2.814380 -0.441013 -53.107339 -11.629421 -5.727495 -0.441013  
 4 4 8  -101.771264 21.121627 9.275036 -0.441013 -77.416563 15.033681 6.540960 -0.441013 -42.732724 5.892844 2.368564 -0.441013 -45.272345 -6.523927 -3.034455 -0.441013 -68.870317 -12.789909 -5.834100 -0.441013  
 5 5 10  -38.783597 11.074463 4.273315 0.038358 -18.794748 6.066769 2.365586 0.038358 2.811236 -0.224857 -0.113696 0.038358 -23.610250 -7.252503 -2.941656 0.038358 -43.530491 -12.242493 -4.838857 0.038358  
 6 6 11  -27.819262 10.110010 4.262535 0.038358 -8.337682 5.125230 2.259090 0.038358 6.644774 -0.224857 -0.092663 0.038358 -12.848598 -6.299287 -2.744858 0.038358 -32.445053 -11.282006 -4.730805 0.038358  
 7 7 12  -44.498022 9.963533 4.867599 0.038358 -27.105233 5.710250 2.875980 0.038358 -8.828233 -1.282463 -0.316359 0.038358 -34.200704 -7.565638 -3.336700 0.038358 -51.520237 -11.798537 -5.319493 0.038358  
 8 8 118  -42.463088 11.052529 5.146940 0.038358 -40.663564 10.611777 4.947258 0.038358 -38.026542 9.965693 4.654482 0.038358 -35.384599 9.318884 4.361073 0.038358 -33.577569 8.876761 4.160332 0.038358  
 9 10 15  -18.446309 5.937358 3.131987 -0.055399 -4.993565 2.617976 1.471953 -0.055399 1.960894 -0.797979 -0.398048 -0.055399 -16.870177 -5.611981 -2.785418 -0.055399 -30.617448 -8.940233 -4.419076 -0.055399  
 10 11 16  -14.998102 5.642497 3.089808 -0.055399 -1.886875 2.346431 1.386690 -0.055399 4.031584 -0.649121 -0.314967 -0.055399 -13.438346 -5.309885 -2.750886 -0.055399 -27.000805 -8.630972 -4.425753 -0.055399  
 11 12 17  -20.129954 5.455357 3.336302 -0.055399 -7.509871 2.460691 1.632552 -0.055399 -1.677238 -1.159553 -0.538374 -0.055399 -20.071622 -5.570467 -2.987133 -0.055399 -32.724223 -8.566900 -4.656530 -0.055399  
 12 13 18  -23.592322 5.731530 3.369606 -0.055399 -10.849830 2.726442 1.722085 -0.055399 -4.862815 -1.443078 -0.612505 -0.055399 -23.493391 -5.853593 -3.015188 -0.055399 -36.139494 -8.847949 -4.645353 -0.055399  
 13 5 6  0.000000 10.020446 -0.000000 -1.526962 0.000000 5.983479 -0.000000 -1.526962 0.000000 0.071809 0.000000 -1.526962 0.000000 -5.839861 0.000000 -1.526962 0.000000 -9.876828 0.000000 -1.526962  
 14 6 7  0.000000 -21.623002 0.000000 0.899263 0.000000 -12.631043 0.000000 0.899263 0.000000 0.536636 0.000000 0.899263 0.000000 13.704315 -0.000000 0.899263 0.000000 22.696275 -0.000000 0.899263  
 15 7 8  0.000000 9.990542 0.000000 -0.605153 0.000000 5.907431 0.000000 -0.605153 0.000000 -0.071809 0.000000 -0.605153 0.000000 -6.051049 -0.000000 -0.605153 0.000000 -10.134160 -0.000000 -0.605153  
 16 8 5  0.000000 -22.809988 -0.000000 0.669642 0.000000 -13.771886 -0.000000 0.669642 0.000000 -0.536636 0.000000 0.669642 0.000000 12.698614 0.000000 0.669642 0.000000 21.736716 0.000000 0.669642  
 17 10 11  0.000000 8.125039 0.000000 -0.731118 0.000000 4.833163 0.000000 -0.731118 0.000000 0.012594 0.000000 -0.731118 0.000000 -4.807975 -0.000000 -0.731118 0.000000 -8.099851 -0.000000 -0.731118  
 18 11 12  0.000000 -17.045124 0.000000 0.465328 0.000000 -10.051710 0.000000 0.465328 0.000000 0.189331 0.000000 0.465328 0.000000 10.430372 -0.000000 0.465328 0.000000 17.423785 -0.000000 0.465328  
 19 12 13  0.000000 8.333161 -0.000000 0.136764 0.000000 4.946612 -0.000000 0.136764 0.000000 -0.012594 0.000000 0.136764 0.000000 -4.971801 0.000000 0.136764 0.000000 -8.358349 0.000000 0.136764  
 20 13 10  0.000000 -17.657095 -0.000000 0.243839 0.000000 -10.569009 -0.000000 0.243839 0.000000 -0.189331 0.000000 0.243839 0.000000 10.190348 0.000000 0.243839 0.000000 17.278434 0.000000 0.243839  
 21 15 16  0.000000 4.279747 0.000000 -0.101114 0.000000 2.554990 0.000000 -0.101114 0.000000 0.029284 0.000000 -0.101114 0.000000 -2.496421 -0.000000 -0.101114 0.000000 -4.221178 -0.000000 -0.101114  
 22 16 17  0.000000 -8.057687 0.000000 0.067007 0.000000 -4.734576 0.000000 0.067007 0.000000 0.131733 0.000000 0.067007 0.000000 4.998043 -0.000000 0.067007 0.000000 8.321153 -0.000000 0.067007  
 23 17 18  0.000000 4.461726 -0.000000 -0.105786 0.000000 2.639359 -0.000000 -0.105786 0.000000 -0.029284 0.000000 -0.105786 0.000000 -2.697928 0.000000 -0.105786 0.000000 -4.520295 0.000000 -0.105786  
 24 18 15  0.000000 -8.561701 -0.000000 0.062127 0.000000 -5.140980 -0.000000 0.062127 0.000000 -0.131733 0.000000 0.062127 0.000000 4.877514 0.000000 0.062127 0.000000 8.298234 0.000000 0.062127  
 118 118 128  -42.446077 8.651537 4.058118 0.038358 -40.654333 8.210729 3.858576 0.038358 -38.026318 7.564626 3.565838 0.038358 -35.393297 6.917824 3.272473 0.038358 -33.596195 6.475784 3.071412 0.038358  
 128 128 138  -41.520774 6.237307 2.970718 0.038358 -40.049279 5.808335 2.770074 0.038358 -37.934138 5.175050 2.475569 0.038358 -35.977396 4.520695 2.184459 0.038358 -34.785164 4.055234 1.983425 0.038358  
 138 138 148  -38.661442 3.799280 1.842427 0.038358 -38.215853 3.413738 1.683458 0.038358 -37.836708 2.799164 1.418540 0.038358 -37.827624 2.110894 1.091438 0.038358 -37.844494 1.635458 0.862824 0.038358  
 148 148 158  -38.011027 1.449370 0.793060 0.038358 -38.020528 1.007439 0.592335 0.038358 -38.027279 0.360934 0.299121 0.038358 -38.028300 -0.285310 0.006311 0.038358 -38.026517 -0.726569 -0.193741 0.038358  
 158 158 168  -38.042701 -0.949249 -0.293384 0.038358 -38.034647 -1.392501 -0.495388 0.038358 -38.017898 -2.041788 -0.791078 0.038358 -37.992645 -2.691663 -1.087303 0.038358 -38.060874 -3.117492 -1.273115 0.038358  
 168 168 178  -35.908879 -3.306595 -1.368961 0.038358 -36.534683 -3.803671 -1.589748 0.038358 -37.843636 -4.467624 -1.885575 0.038358 -39.462699 -5.086887 -2.168763 0.038358 -40.673542 -5.493979 -2.364177 0.038358  
 178 178 188  -33.780047 -5.751803 -2.473499 0.038358 -35.483810 -6.195865 -2.673762 0.038358 -38.009527 -6.843599 -2.966516 0.038358 -40.562741 -7.488348 -3.259920 0.038358 -42.304722 -7.928063 -3.460140 0.038358  
 188 188 198  -33.563296 -8.154556 -3.561633 0.038358 -35.376213 -8.596668 -3.762373 0.038358 -38.026785 -9.243477 -4.055801 0.038358 -40.672323 -9.889556 -4.348602 0.038358 -42.476022 -10.330330 -4.548188 0.038358  
 198 198 13  -33.617212 -10.555151 -4.651939 0.038358 -35.400497 -10.997790 -4.850738 0.038358 -38.021810 -11.644800 -5.143534 0.038358 -40.646812 -12.290541 -5.437493 0.038358 -42.436532 -12.731089 -5.637863 0.038358  
