 1 1 5  -34.922476 0.715235 0.630666 0.000342 -34.957551 0.518373 0.394990 0.000342 -34.998298 0.230302 0.049880 0.000342 -35.000089 -0.058191 -0.294193 0.000342 -34.976499 -0.255066 -0.529674 0.000342  
 2 2 6  -35.644763 0.714914 0.632142 0.000342 -35.680033 0.518101 0.396457 0.000342 -35.721428 0.230053 0.051315 0.000342 -35.723687 -0.057954 -0.294297 0.000342 -35.699123 -0.254827 -0.530167 0.000342  
 3 3 7  -36.967121 0.714156 0.632845 0.000342 -37.002292 0.517347 0.397044 0.000342 -37.043406 0.229313 0.051734 0.000342 -37.046089 -0.058010 -0.294746 0.000342 -37.021309 -0.254624 -0.530662 0.000342  
 4 4 8  -36.244326 0.714434 0.631364 0.000342 -36.279349 0.517573 0.395577 0.000342 -36.320473 0.229471 0.050287 0.000342 -36.323474 -0.058133 -0.294415 0.000342 -36.298261 -0.254810 -0.530166 0.000342  
 5 5 10  -23.187566 0.513929 -0.367710 0.000071 -23.197990 0.296050 -0.307918 0.000071 -23.206570 -0.023244 -0.220055 0.000071 -23.194051 -0.342347 -0.132177 0.000071 -23.181717 -0.560209 -0.072313 0.000071  
 6 6 11  -24.046280 0.513732 -0.367910 0.000071 -24.056860 0.295909 -0.307927 0.000071 -24.065793 -0.023193 -0.220197 0.000071 -24.052765 -0.342296 -0.132328 0.000071 -24.040375 -0.560128 -0.072219 0.000071  
 7 7 12  -24.795101 0.513784 -0.367758 0.000071 -24.805625 0.295845 -0.307819 0.000071 -24.814180 -0.023216 -0.220327 0.000071 -24.800878 -0.342235 -0.132537 0.000071 -24.788523 -0.560184 -0.072473 0.000071  
 8 8 118  -23.941956 0.563990 -0.381389 0.000071 -23.943136 0.542196 -0.375403 0.000071 -23.944832 0.510280 -0.366635 0.000071 -23.946490 0.478366 -0.357867 0.000071 -23.947601 0.456572 -0.351878 0.000071  
 9 10 15  -11.654551 0.133756 -0.629727 -0.000008 -11.661207 0.037228 -0.378533 -0.000008 -11.664818 -0.104092 -0.010675 -0.000008 -11.657515 -0.245394 0.357073 -0.000008 -11.649602 -0.341906 0.608194 -0.000008  
 10 11 16  -12.095738 0.133733 -0.629766 -0.000008 -12.102393 0.037210 -0.378530 -0.000008 -12.105952 -0.104081 -0.010722 -0.000008 -12.098625 -0.245371 0.357014 -0.000008 -12.090692 -0.341880 0.608184 -0.000008  
 11 12 17  -12.336296 0.133736 -0.629751 -0.000008 -12.342952 0.037193 -0.378532 -0.000008 -12.346279 -0.104058 -0.010758 -0.000008 -12.339111 -0.245342 0.356991 -0.000008 -12.331214 -0.341879 0.608156 -0.000008  
 12 13 18  -11.895116 0.133762 -0.629712 -0.000008 -11.901785 0.037214 -0.378530 -0.000008 -11.905215 -0.104067 -0.010709 -0.000008 -11.898003 -0.245365 0.357050 -0.000008 -11.890119 -0.341905 0.608166 -0.000008  
 13 5 6  0.000000 0.187612 -0.000000 -0.000229 0.000000 0.111417 -0.000000 -0.000229 0.000000 -0.000161 0.000000 -0.000229 0.000000 -0.111740 0.000000 -0.000229 0.000000 -0.187935 0.000000 -0.000229  
 14 6 7  0.000000 -0.792490 -0.000000 0.000387 0.000000 -0.470945 -0.000000 0.000387 0.000000 -0.000080 0.000000 0.000387 0.000000 0.470785 0.000000 0.000387 0.000000 0.792330 0.000000 0.000387  
 15 7 8  0.000000 0.187949 0.000000 -0.000198 0.000000 0.111749 0.000000 -0.000198 0.000000 0.000161 0.000000 -0.000198 0.000000 -0.111426 -0.000000 -0.000198 0.000000 -0.187626 -0.000000 -0.000198  
 16 8 5  0.000000 -0.792344 0.000000 0.000324 0.000000 -0.470793 0.000000 0.000324 0.000000 0.000080 0.000000 0.000324 0.000000 0.470954 -0.000000 0.000324 0.000000 0.792504 -0.000000 0.000324  
 17 10 11  0.000000 -0.576935 -0.000000 -0.000076 0.000000 -0.342837 -0.000000 -0.000076 0.000000 -0.000027 0.000000 -0.000076 0.000000 0.342783 0.000000 -0.000076 0.000000 0.576882 0.000000 -0.000076  
 18 11 12  0.000000 -0.701531 0.000000 0.000156 0.000000 -0.416869 0.000000 0.000156 0.000000 -0.000015 0.000000 0.000156 0.000000 0.416839 -0.000000 0.000156 0.000000 0.701500 -0.000000 0.000156  
 19 12 13  0.000000 -0.576865 0.000000 -0.000058 0.000000 -0.342773 0.000000 -0.000058 0.000000 0.000027 0.000000 -0.000058 0.000000 0.342827 -0.000000 -0.000058 0.000000 0.576918 -0.000000 -0.000058  
 20 13 10  0.000000 -0.701517 -0.000000 0.000136 0.000000 -0.416849 -0.000000 0.000136 0.000000 0.000015 0.000000 0.000136 0.000000 0.416880 0.000000 0.000136 0.000000 0.701548 0.000000 0.000136  
 21 15 16  0.000000 -0.609240 0.000000 -0.000009 0.000000 -0.362031 0.000000 -0.000009 0.000000 -0.000024 0.000000 -0.000009 0.000000 0.361984 -0.000000 -0.000009 0.000000 0.609192 -0.000000 -0.000009  
 22 16 17  0.000000 -0.332117 0.000000 0.000010 0.000000 -0.197356 0.000000 0.000010 0.000000 -0.000014 0.000000 0.000010 0.000000 0.197329 -0.000000 0.000010 0.000000 0.332090 -0.000000 0.000010  
 23 17 18  0.000000 -0.609175 -0.000000 -0.000009 0.000000 -0.361974 -0.000000 -0.000009 0.000000 0.000024 0.000000 -0.000009 0.000000 0.362021 0.000000 -0.000009 0.000000 0.609222 0.000000 -0.000009  
 24 18 15  0.000000 -0.332107 -0.000000 0.000010 0.000000 -0.197339 -0.000000 0.000010 0.000000 0.000014 0.000000 0.000010 0.000000 0.197366 0.000000 0.000010 0.000000 0.332134 0.000000 0.000010  
 118 118 128  -23.942223 0.445449 -0.348822 0.000071 -23.943302 0.423656 -0.342836 0.000071 -23.944838 0.391741 -0.334069 0.000071 -23.946326 0.359825 -0.325300 0.000071 -23.947316 0.338031 -0.319311 0.000071  
 128 128 138  -23.942501 0.326911 -0.316256 0.000071 -23.943459 0.305116 -0.310270 0.000071 -23.944832 0.273200 -0.301502 0.000071 -23.946167 0.241285 -0.292734 0.000071 -23.947055 0.219492 -0.286745 0.000071  
 138 138 148  -23.942836 0.208375 -0.283692 0.000071 -23.943690 0.186575 -0.277703 0.000071 -23.944867 0.154657 -0.268933 0.000071 -23.945941 0.122746 -0.260168 0.000071 -23.946626 0.100956 -0.254181 0.000071  
 148 148 158  -23.943824 0.089818 -0.251082 0.000071 -23.944437 0.068038 -0.245138 0.000071 -23.945084 0.036130 -0.236403 0.000071 -23.945211 0.004197 -0.227597 0.000071 -23.945083 -0.017588 -0.221577 0.000071  
 158 158 168  -23.946537 -0.028725 -0.218566 0.000071 -23.945961 -0.050501 -0.212567 0.000071 -23.944906 -0.082412 -0.203799 0.000071 -23.943687 -0.114336 -0.195035 0.000071 -23.942798 -0.136138 -0.189051 0.000071  
 168 168 178  -23.947192 -0.147252 -0.185991 0.000071 -23.946256 -0.169044 -0.180004 0.000071 -23.944838 -0.200959 -0.171236 0.000071 -23.943371 -0.232875 -0.162468 0.000071 -23.942348 -0.254670 -0.156480 0.000071  
 178 178 188  -23.947486 -0.265791 -0.153425 0.000071 -23.946426 -0.287585 -0.147437 0.000071 -23.944836 -0.319499 -0.138669 0.000071 -23.943202 -0.351414 -0.129901 0.000071 -23.942056 -0.373211 -0.123914 0.000071  
 188 188 198  -23.947776 -0.384331 -0.120859 0.000071 -23.946597 -0.406125 -0.114871 0.000071 -23.944836 -0.438040 -0.106103 0.000071 -23.943029 -0.469955 -0.097335 0.000071 -23.941770 -0.491749 -0.091348 0.000071  
 198 198 13  -23.948176 -0.502871 -0.088291 0.000071 -23.946838 -0.524665 -0.082304 0.000071 -23.944837 -0.556579 -0.073537 0.000071 -23.942791 -0.588495 -0.064769 0.000071 -23.941363 -0.610290 -0.058780 0.000071  
