 1 1 5  -41.991598 -1.729607 3.986529 -0.021205 -41.425784 -1.399949 2.880858 -0.021205 -41.484471 -0.769670 1.083128 -0.021205 -41.487629 -0.140238 -0.712579 -0.021205 -41.455578 0.289829 -1.939972 -0.021205  
 2 2 6  -37.420872 -1.668628 3.906144 -0.021205 -36.462502 -1.384174 2.867477 -0.021205 -36.427869 -0.770800 1.080636 -0.021205 -36.434545 -0.139494 -0.725579 -0.021205 -36.400358 0.291198 -1.958753 -0.021205  
 3 3 7  -32.014181 -1.592602 3.755869 -0.021205 -30.530485 -1.338758 2.806363 -0.021205 -30.171362 -0.763695 1.081964 -0.021205 -30.176534 -0.117091 -0.726447 -0.021205 -30.145099 0.323562 -1.960321 -0.021205  
 4 4 8  -36.422314 -1.665801 3.873981 -0.021205 -35.367169 -1.383049 2.856883 -0.021205 -35.297770 -0.762554 1.084529 -0.021205 -35.305547 -0.117960 -0.713583 -0.021205 -35.271089 0.322024 -1.941662 -0.021205  
 5 5 10  -27.596299 -2.288457 1.713449 -0.053752 -27.074802 -1.531224 0.920622 -0.053752 -27.091602 -0.273008 -0.379127 -0.053752 -27.071494 0.985604 -1.679047 -0.053752 -27.745584 1.726215 -2.436839 -0.053752  
 6 6 11  -25.504905 -2.249220 1.697250 -0.053752 -24.754819 -1.531667 0.933957 -0.053752 -24.774055 -0.272868 -0.375880 -0.053752 -24.757820 0.985117 -1.684389 -0.053752 -25.685876 1.689324 -2.404594 -0.053752  
 7 7 12  -21.732330 -2.201089 1.613149 -0.053752 -20.444953 -1.547290 0.920783 -0.053752 -20.388890 -0.269313 -0.376149 -0.053752 -20.529072 0.994658 -1.654798 -0.053752 -21.958680 1.659010 -2.299695 -0.053752  
 8 8 118  -23.627607 -2.490178 1.860476 -0.053752 -23.374559 -2.410003 1.780392 -0.053752 -23.023092 -2.291103 1.660602 -0.053752 -22.699193 -2.169392 1.537701 -0.053752 -22.495832 -2.083620 1.452592 -0.053752  
 9 10 15  -13.296750 -1.716406 -0.013602 0.003582 -12.543630 -0.967722 -0.200627 0.003582 -12.548525 0.353531 -0.470085 0.003582 -13.263168 1.537293 -0.642767 0.003582 -14.835693 2.156063 -0.718436 0.003582  
 10 11 16  -12.827089 -1.695552 -0.008127 0.003582 -11.963017 -0.967761 -0.196699 0.003582 -11.967908 0.353615 -0.470375 0.003582 -12.775664 1.520958 -0.637909 0.003582 -14.402090 2.131970 -0.717868 0.003582  
 11 12 17  -11.464507 -1.673642 -0.007799 0.003582 -10.129501 -1.000034 -0.189268 0.003582 -10.086910 0.358002 -0.470499 0.003582 -11.321664 1.498165 -0.603804 0.003582 -13.183483 2.106445 -0.690592 0.003582  
 12 13 18  -11.918711 -1.698845 -0.013165 0.003582 -10.702520 -1.005527 -0.197105 0.003582 -10.686730 0.357913 -0.470211 0.003582 -11.796958 1.519096 -0.608940 0.003582 -13.616586 2.132211 -0.692840 0.003582  
 13 5 6  0.000000 3.753118 0.000000 0.018869 0.000000 2.231350 0.000000 0.018869 0.000000 0.002897 0.000000 0.018869 0.000000 -2.225556 -0.000000 0.018869 0.000000 -3.747325 -0.000000 0.018869  
 14 6 7  0.000000 2.628658 0.000000 -0.054470 0.000000 1.564205 0.000000 -0.054470 0.000000 0.005437 0.000000 -0.054470 0.000000 -1.553332 -0.000000 -0.054470 0.000000 -2.617785 -0.000000 -0.054470  
 15 7 8  0.000000 3.746527 -0.000000 0.017064 0.000000 2.225082 -0.000000 0.017064 0.000000 -0.002897 0.000000 0.017064 0.000000 -2.230876 0.000000 0.017064 0.000000 -3.752320 0.000000 0.017064  
 16 8 5  0.000000 2.618583 -0.000000 -0.053537 0.000000 1.553806 -0.000000 -0.053537 0.000000 -0.005437 0.000000 -0.053537 0.000000 -1.564679 0.000000 -0.053537 0.000000 -2.629456 0.000000 -0.053537  
 17 10 11  0.000000 2.392499 0.000000 0.020153 0.000000 1.421964 0.000000 0.020153 0.000000 0.000729 0.000000 0.020153 0.000000 -1.420507 -0.000000 0.020153 0.000000 -2.391041 -0.000000 0.020153  
 18 11 12  0.000000 3.531997 0.000000 -0.044451 0.000000 2.101970 0.000000 -0.044451 0.000000 0.007863 0.000000 -0.044451 0.000000 -2.086244 -0.000000 -0.044451 0.000000 -3.516271 -0.000000 -0.044451  
 19 12 13  0.000000 2.390472 -0.000000 0.017549 0.000000 1.420168 -0.000000 0.017549 0.000000 -0.000729 0.000000 0.017549 0.000000 -1.421625 0.000000 0.017549 0.000000 -2.391929 0.000000 0.017549  
 20 13 10  0.000000 3.516840 -0.000000 -0.052155 0.000000 2.086583 -0.000000 -0.052155 0.000000 -0.007863 0.000000 -0.052155 0.000000 -2.102309 0.000000 -0.052155 0.000000 -3.532566 0.000000 -0.052155  
 21 15 16  0.000000 0.729309 -0.000000 0.012082 0.000000 0.433713 -0.000000 0.012082 0.000000 0.000848 0.000000 0.012082 0.000000 -0.432017 0.000000 0.012082 0.000000 -0.727613 0.000000 0.012082  
 22 16 17  0.000000 2.258757 -0.000000 -0.015638 0.000000 1.346521 -0.000000 -0.015638 0.000000 0.010657 0.000000 -0.015638 0.000000 -1.325207 0.000000 -0.015638 0.000000 -2.237444 0.000000 -0.015638  
 23 17 18  0.000000 0.726807 0.000000 0.014738 0.000000 0.431538 0.000000 0.014738 0.000000 -0.000848 0.000000 0.014738 0.000000 -0.433234 -0.000000 0.014738 0.000000 -0.728502 -0.000000 0.014738  
 24 18 15  0.000000 2.238250 0.000000 -0.015457 0.000000 1.325686 0.000000 -0.015457 0.000000 -0.010657 0.000000 -0.015457 0.000000 -1.347000 -0.000000 -0.015457 0.000000 -2.259564 -0.000000 -0.015457  
 118 118 128  -23.315235 -2.039260 1.407854 -0.053752 -23.181688 -1.962272 1.330117 -0.053752 -23.016549 -1.845247 1.211611 -0.053752 -22.886965 -1.722235 1.088515 -0.053752 -22.834216 -1.632014 0.998663 -0.053752  
 128 128 138  -23.050601 -1.594375 0.960099 -0.053752 -23.034039 -1.515320 0.880479 -0.053752 -23.036720 -1.394084 0.758602 -0.053752 -23.039286 -1.272846 0.636723 -0.053752 -23.040977 -1.190054 0.553493 -0.053752  
 138 138 148  -23.035084 -1.148679 0.511865 -0.053752 -23.036675 -1.066333 0.429066 -0.053752 -23.038913 -0.945745 0.307815 -0.053752 -23.041035 -0.825155 0.186563 -0.053752 -23.042373 -0.742803 0.103754 -0.053752  
 148 148 158  -23.036728 -0.700799 0.061541 -0.053752 -23.037903 -0.618444 -0.021288 -0.053752 -23.039331 -0.497824 -0.142584 -0.053752 -23.039824 -0.377251 -0.263802 -0.053752 -23.039692 -0.294942 -0.346555 -0.053752  
 158 158 168  -23.041361 -0.252889 -0.388849 -0.053752 -23.040522 -0.170539 -0.471655 -0.053752 -23.038967 -0.049947 -0.592909 -0.053752 -23.037220 0.070641 -0.714161 -0.053752 -23.035901 0.152985 -0.796955 -0.053752  
 168 168 178  -23.042611 0.195010 -0.839220 -0.053752 -23.041175 0.277358 -0.922013 -0.053752 -23.038925 0.397948 -1.043263 -0.053752 -23.036532 0.518537 -1.164520 -0.053752 -23.034820 0.600885 -1.247325 -0.053752  
 178 178 188  -23.029778 0.640198 -1.286715 -0.053752 -23.027973 0.724715 -1.371794 -0.053752 -23.025228 0.848477 -1.496383 -0.053752 -23.046742 0.967457 -1.616060 -0.053752 -23.086586 1.044197 -1.692709 -0.053752  
 188 188 198  -22.757311 1.086783 -1.735067 -0.053752 -22.851330 1.173391 -1.823118 -0.053752 -23.016137 1.296832 -1.947423 -0.053752 -23.223285 1.414147 -2.065544 -0.053752 -23.381084 1.493166 -2.143269 -0.053752  
 198 198 13  -22.433522 1.536530 -2.188179 -0.053752 -22.664184 1.621409 -2.273300 -0.053752 -23.024907 1.743010 -2.395745 -0.053752 -23.409900 1.862092 -2.515860 -0.053752 -23.684890 1.943000 -2.596220 -0.053752  
