 1 1 5  -42.274415 -2.330019 3.830316 -0.014155 -41.454384 -1.810647 2.806007 -0.014155 -41.473599 -0.844748 1.071230 -0.014155 -41.476758 0.128050 -0.669471 -0.014155 -41.444706 0.792595 -1.859300 -0.014155  
 2 2 6  -37.439854 -2.250502 3.738652 -0.014155 -36.207457 -1.780679 2.777768 -0.014155 -36.053129 -0.845878 1.067858 -0.014155 -36.059805 0.128795 -0.684772 -0.014155 -36.025609 0.793964 -1.881353 -0.014155  
 3 3 7  -32.304553 -2.155868 3.594676 -0.014155 -30.600014 -1.721321 2.704503 -0.014155 -30.040120 -0.839710 1.069186 -0.014155 -30.045292 0.148745 -0.685640 -0.014155 -30.013857 0.822841 -1.882923 -0.014155  
 4 4 8  -36.985694 -2.253651 3.717309 -0.014155 -35.713694 -1.780306 2.768265 -0.014155 -35.530819 -0.838569 1.072631 -0.014155 -35.538596 0.147876 -0.670475 -0.014155 -35.504138 0.821303 -1.860990 -0.014155  
 5 5 10  -27.424365 -2.062146 1.769666 -0.034897 -27.049668 -1.313221 0.972047 -0.034897 -27.066467 -0.107502 -0.301787 -0.034897 -27.046360 1.098614 -1.575794 -0.034897 -27.685301 1.807643 -2.323090 -0.034897  
 6 6 11  -24.974178 -2.019918 1.754257 -0.034897 -24.353421 -1.313665 0.988305 -0.034897 -24.372658 -0.107362 -0.298668 -0.034897 -24.365725 1.096267 -1.582473 -0.034897 -25.286822 1.763409 -2.290616 -0.034897  
 7 7 12  -21.577816 -1.983982 1.682190 -0.034897 -20.498394 -1.334245 0.983755 -0.034897 -20.489628 -0.106393 -0.298936 -0.034897 -20.620727 1.098887 -1.556743 -0.034897 -21.973270 1.728317 -2.201317 -0.034897  
 8 8 118  -23.944614 -2.253009 1.920536 -0.034897 -23.729649 -2.175755 1.842345 -0.034897 -23.435457 -2.061980 1.723668 -0.034897 -23.171144 -1.944259 1.601858 -0.034897 -23.013543 -1.860741 1.516060 -0.034897  
 9 10 15  -12.885982 -1.387172 0.297983 -0.003187 -12.697545 -0.700421 0.009720 -0.003187 -12.702440 0.365076 -0.449673 -0.003187 -13.250210 1.326975 -0.821134 -0.003187 -14.452814 1.846886 -0.993988 -0.003187  
 10 11 16  -12.183735 -1.368834 0.301965 -0.003187 -11.900927 -0.700460 0.017204 -0.003187 -11.905817 0.365160 -0.450458 -0.003187 -12.567076 1.308046 -0.814846 -0.003187 -13.842049 1.818156 -0.990793 -0.003187  
 11 12 17  -10.930076 -1.362393 0.286846 -0.003187 -10.362978 -0.729056 0.017251 -0.003187 -10.367955 0.366165 -0.450582 -0.003187 -11.304807 1.292737 -0.782547 -0.003187 -12.745005 1.799444 -0.956005 -0.003187  
 12 13 18  -11.607662 -1.387225 0.281594 -0.003187 -11.171415 -0.729012 0.009766 -0.003187 -11.176176 0.366076 -0.449799 -0.003187 -11.974322 1.315247 -0.790178 -0.003187 -13.345979 1.830401 -0.959849 -0.003187  
 13 5 6  0.000000 3.705757 0.000000 0.023342 0.000000 2.203438 0.000000 0.023342 0.000000 0.003467 0.000000 0.023342 0.000000 -2.196504 -0.000000 0.023342 0.000000 -3.698823 -0.000000 0.023342  
 14 6 7  0.000000 2.897090 -0.000000 -0.047499 0.000000 1.723465 -0.000000 -0.047499 0.000000 0.004829 0.000000 -0.047499 0.000000 -1.713807 0.000000 -0.047499 0.000000 -2.887431 0.000000 -0.047499  
 15 7 8  0.000000 3.698020 -0.000000 0.024712 0.000000 2.196027 -0.000000 0.024712 0.000000 -0.003467 0.000000 0.024712 0.000000 -2.202961 0.000000 0.024712 0.000000 -3.704954 0.000000 0.024712  
 16 8 5  0.000000 2.888235 0.000000 -0.044486 0.000000 1.714284 0.000000 -0.044486 0.000000 -0.004829 0.000000 -0.044486 0.000000 -1.723943 -0.000000 -0.044486 0.000000 -2.897893 -0.000000 -0.044486  
 17 10 11  0.000000 2.612717 -0.000000 0.022697 0.000000 1.553086 -0.000000 0.022697 0.000000 0.001381 0.000000 0.022697 0.000000 -1.550325 0.000000 0.022697 0.000000 -2.609955 0.000000 0.022697  
 18 11 12  0.000000 3.226654 -0.000000 -0.044223 0.000000 1.919604 -0.000000 -0.044223 0.000000 0.005580 0.000000 -0.044223 0.000000 -1.908443 0.000000 -0.044223 0.000000 -3.215494 0.000000 -0.044223  
 19 12 13  0.000000 2.609261 0.000000 0.020653 0.000000 1.549912 0.000000 0.020653 0.000000 -0.001381 0.000000 0.020653 0.000000 -1.552674 -0.000000 0.020653 0.000000 -2.612022 -0.000000 0.020653  
 20 13 10  0.000000 3.216188 0.000000 -0.048577 0.000000 1.908856 0.000000 -0.048577 0.000000 -0.005580 0.000000 -0.048577 0.000000 -1.920016 -0.000000 -0.048577 0.000000 -3.227349 -0.000000 -0.048577  
 21 15 16  0.000000 1.018196 0.000000 0.013641 0.000000 0.605770 0.000000 0.013641 0.000000 0.001821 0.000000 0.013641 0.000000 -0.602129 -0.000000 0.013641 0.000000 -1.014555 -0.000000 0.013641  
 22 16 17  0.000000 1.920750 0.000000 -0.018826 0.000000 1.143856 0.000000 -0.018826 0.000000 0.006184 0.000000 -0.018826 0.000000 -1.131488 -0.000000 -0.018826 0.000000 -1.908383 -0.000000 -0.018826  
 23 17 18  0.000000 1.013718 -0.000000 0.015913 0.000000 0.601632 -0.000000 0.015913 0.000000 -0.001821 0.000000 0.015913 0.000000 -0.605273 0.000000 0.015913 0.000000 -1.017359 0.000000 0.015913  
 24 18 15  0.000000 1.909220 -0.000000 -0.018392 0.000000 1.131986 -0.000000 -0.018392 0.000000 -0.006184 0.000000 -0.018392 0.000000 -1.144353 0.000000 -0.018392 0.000000 -1.921588 0.000000 -0.018392  
 118 118 128  -23.643587 -1.818726 1.472447 -0.034897 -23.547193 -1.744396 1.395648 -0.034897 -23.430215 -1.632176 1.278866 -0.034897 -23.355035 -1.512526 1.155433 -0.034897 -23.324257 -1.426908 1.067644 -0.034897  
 128 128 138  -23.448426 -1.392108 1.031008 -0.034897 -23.450328 -1.312749 0.948927 -0.034897 -23.453008 -1.196536 0.828725 -0.034897 -23.455575 -1.080322 0.708521 -0.034897 -23.457265 -1.000959 0.626434 -0.034897  
 138 138 148  -23.449185 -0.960462 0.584547 -0.034897 -23.450776 -0.881103 0.502465 -0.034897 -23.453014 -0.764891 0.382263 -0.034897 -23.455136 -0.648677 0.262062 -0.034897 -23.456474 -0.569312 0.179969 -0.034897  
 148 148 158  -23.450829 -0.528834 0.138123 -0.034897 -23.452004 -0.449466 0.056010 -0.034897 -23.453432 -0.333222 -0.064236 -0.034897 -23.453925 -0.217024 -0.184404 -0.034897 -23.453793 -0.137703 -0.266441 -0.034897  
 158 158 168  -23.455462 -0.097175 -0.308369 -0.034897 -23.454623 -0.017813 -0.390458 -0.034897 -23.453068 0.098404 -0.510663 -0.034897 -23.451321 0.214616 -0.630865 -0.034897 -23.450002 0.293973 -0.712941 -0.034897  
 168 168 178  -23.456712 0.334473 -0.754841 -0.034897 -23.455276 0.413833 -0.836917 -0.034897 -23.453026 0.530048 -0.957118 -0.034897 -23.450633 0.646261 -1.077324 -0.034897 -23.448921 0.725621 -1.159413 -0.034897  
 178 178 188  -23.446419 0.763858 -1.198961 -0.034897 -23.444614 0.845017 -1.282900 -0.034897 -23.441869 0.963864 -1.405820 -0.034897 -23.458512 1.078876 -1.524816 -0.034897 -23.491629 1.153289 -1.601723 -0.034897  
 188 188 198  -23.204551 1.193375 -1.642576 -0.034897 -23.284466 1.277460 -1.730224 -0.034897 -23.428234 1.396621 -1.853983 -0.034897 -23.621532 1.509333 -1.969844 -0.034897 -23.760435 1.585189 -2.048093 -0.034897  
 198 198 13  -22.894128 1.627258 -2.091575 -0.034897 -23.103868 1.709116 -2.176713 -0.034897 -23.438287 1.826328 -2.298185 -0.034897 -23.799086 1.941150 -2.416621 -0.034897 -24.052866 2.018879 -2.496747 -0.034897  
