 1 1 5  -61.516340 -5.468379 -15.487814 0.620602 -41.467406 -3.837110 -10.449382 0.620602 -11.892362 -1.430786 -3.030702 0.620602 -16.062976 0.942609 4.259294 0.620602 -36.240905 2.584993 9.327623 0.620602  
 2 2 6  -86.906481 -6.031826 -16.887372 0.620602 -69.276901 -4.408664 -12.324652 0.620602 -46.195830 -2.064790 -5.338024 0.620602 -45.045308 1.404424 4.950851 0.620602 -59.617128 3.085607 9.837977 0.620602  
 3 3 7  -74.015604 -5.906906 -15.928030 0.620602 -55.940487 -4.199866 -11.378632 0.620602 -30.035774 -1.708398 -4.636884 0.620602 -28.599906 1.407054 4.268698 0.620602 -46.006060 3.129112 8.892405 0.620602  
 4 4 8  -46.218968 -5.272868 -14.189521 0.620602 -26.358650 -3.548980 -9.158310 0.620602 1.415176 -0.959784 -1.863360 0.620602 -2.127961 0.876316 2.975435 0.620602 -21.345045 2.550874 8.016143 0.620602  
 5 5 10  -39.485450 -4.683770 -10.141193 0.531666 -21.431782 -2.764360 -5.723883 0.531666 0.891296 -0.027578 0.232063 0.531666 -24.918492 2.687728 6.709847 0.531666 -42.988004 4.597938 11.127888 0.531666  
 6 6 11  -49.566657 -5.192862 -9.378568 0.531666 -34.593256 -3.310717 -5.669607 0.531666 -22.197350 -0.075292 1.155278 0.531666 -39.183061 3.100660 7.152183 0.531666 -54.297151 5.036299 10.822395 0.531666  
 7 7 12  -42.124868 -5.303756 -8.811832 0.531666 -26.609983 -3.276056 -5.118187 0.531666 -9.765408 -0.075272 1.115092 0.531666 -31.312789 3.116071 6.563953 0.531666 -46.813336 5.176119 10.233425 0.531666  
 8 8 118  -15.273364 -4.701670 -8.879882 0.531666 -13.921825 -4.529701 -8.536576 0.531666 -11.941382 -4.277777 -8.033614 0.531666 -9.959406 -4.025737 -7.530378 0.531666 -8.618146 -3.855842 -7.186518 0.531666  
 9 10 15  -17.002216 -2.981169 -4.584316 0.013795 -6.203815 -1.432000 -2.071061 0.013795 -1.101783 0.511748 0.920289 0.013795 -16.722370 2.751339 4.612145 0.013795 -27.596635 4.286325 7.127891 0.013795  
 10 11 16  -20.122251 -3.225719 -4.078804 0.013795 -10.311222 -1.691988 -1.868980 0.013795 -7.580237 0.688615 1.579581 0.013795 -21.952896 2.961345 4.798006 0.013795 -31.775744 4.501338 6.992503 0.013795  
 11 12 17  -17.206344 -3.313690 -3.848944 0.013795 -7.294614 -1.667930 -1.665644 0.013795 -4.118568 0.562695 1.304394 0.013795 -18.645187 2.925154 4.539459 0.013795 -28.604135 4.545510 6.736256 0.013795  
 12 13 18  -13.913962 -3.064499 -4.324489 0.013795 -3.338040 -1.417622 -1.837951 0.013795 1.548784 0.374486 0.688019 0.013795 -13.394238 2.697002 4.336210 0.013795 -24.253090 4.309179 6.852918 0.013795  
 13 5 6  0.000000 -18.080642 -0.000000 -0.583573 0.000000 -10.554088 -0.000000 -0.583573 0.000000 0.467676 0.000000 -0.583573 0.000000 11.489439 0.000000 -0.583573 0.000000 19.015994 0.000000 -0.583573  
 14 6 7  0.000000 7.987711 -0.000000 0.838877 0.000000 4.773730 -0.000000 0.838877 0.000000 0.067230 0.000000 0.838877 0.000000 -4.639270 0.000000 0.838877 0.000000 -7.853251 0.000000 0.838877  
 15 7 8  0.000000 -18.933679 0.000000 -0.841920 0.000000 -11.440526 0.000000 -0.841920 0.000000 -0.467676 0.000000 -0.841920 0.000000 10.505175 -0.000000 -0.841920 0.000000 17.998327 -0.000000 -0.841920  
 16 8 5  0.000000 7.770936 0.000000 1.841326 0.000000 4.590357 0.000000 1.841326 0.000000 -0.067230 0.000000 1.841326 0.000000 -4.724817 -0.000000 1.841326 0.000000 -7.905396 -0.000000 1.841326  
 17 10 11  0.000000 -14.490448 0.000000 -0.378318 0.000000 -8.511011 0.000000 -0.378318 0.000000 0.245180 0.000000 -0.378318 0.000000 9.001370 -0.000000 -0.378318 0.000000 14.980808 -0.000000 -0.378318  
 18 11 12  0.000000 8.107880 -0.000000 0.457915 0.000000 4.842807 -0.000000 0.457915 0.000000 0.061488 0.000000 0.457915 0.000000 -4.719831 0.000000 0.457915 0.000000 -7.984904 0.000000 0.457915  
 19 12 13  0.000000 -14.835539 -0.000000 -0.653183 0.000000 -8.915049 -0.000000 -0.653183 0.000000 -0.245180 0.000000 -0.653183 0.000000 8.424689 0.000000 -0.653183 0.000000 14.345180 0.000000 -0.653183  
 20 13 10  0.000000 7.839635 0.000000 1.243525 0.000000 4.633510 0.000000 1.243525 0.000000 -0.061488 0.000000 1.243525 0.000000 -4.756486 -0.000000 1.243525 0.000000 -7.962612 -0.000000 1.243525  
 21 15 16  0.000000 -6.688714 0.000000 -0.098019 0.000000 -3.950163 0.000000 -0.098019 0.000000 0.060126 0.000000 -0.098019 0.000000 4.070415 -0.000000 -0.098019 0.000000 6.808966 -0.000000 -0.098019  
 22 16 17  0.000000 4.387760 0.000000 0.130608 0.000000 2.614674 0.000000 0.130608 0.000000 0.018196 0.000000 0.130608 0.000000 -2.578282 -0.000000 0.130608 0.000000 -4.351367 -0.000000 0.130608  
 23 17 18  0.000000 -6.656269 -0.000000 -0.109766 0.000000 -3.979680 -0.000000 -0.109766 0.000000 -0.060126 0.000000 -0.109766 0.000000 3.859427 0.000000 -0.109766 0.000000 6.536016 0.000000 -0.109766  
 24 18 15  0.000000 4.198670 -0.000000 0.139314 0.000000 2.487546 -0.000000 0.139314 0.000000 -0.018196 0.000000 0.139314 0.000000 -2.523938 0.000000 0.139314 0.000000 -4.235062 0.000000 0.139314  
 118 118 128  -15.279579 -3.767113 -7.011214 0.531666 -13.923833 -3.594986 -6.667927 0.531666 -11.942498 -3.343540 -6.164951 0.531666 -9.959638 -3.091981 -5.661700 0.531666 -8.604725 -2.920134 -5.317885 0.531666  
 128 128 138  -15.386725 -2.832785 -5.142474 0.531666 -13.987776 -2.660658 -4.799254 0.531666 -11.941869 -2.408960 -4.296338 0.531666 -9.894443 -2.157147 -3.793151 0.531666 -8.501616 -1.986414 -3.448997 0.531666  
 138 138 148  -15.450979 -1.899753 -3.272558 0.531666 -14.021879 -1.726293 -2.930536 0.531666 -11.932747 -1.473039 -2.428861 0.531666 -9.862835 -1.223228 -1.924319 0.531666 -8.454225 -1.052847 -1.579217 0.531666  
 148 148 158  -12.652776 -0.918336 -1.350219 0.531666 -12.107558 -0.798145 -1.071811 0.531666 -11.748169 -0.571261 -0.593874 0.531666 -11.750007 -0.282922 -0.048959 0.531666 -11.750471 -0.086024 0.323153 0.531666  
 158 158 168  -11.042548 -0.073671 0.371919 0.531666 -11.039807 0.152455 0.819707 0.531666 -11.573027 0.419592 1.370733 0.531666 -12.811497 0.641907 1.806346 0.531666 -13.793880 0.789578 2.088762 0.531666  
 168 168 178  -8.412208 0.905199 2.331599 0.531666 -9.845536 1.077136 2.675426 0.531666 -11.943018 1.328794 3.178669 0.531666 -14.038831 1.580299 3.681643 0.531666 -15.469033 1.751989 4.024940 0.531666  
 178 178 188  -8.537967 1.840213 4.200465 0.531666 -9.915339 2.011575 4.544087 0.531666 -11.936910 2.262827 5.047187 0.531666 -13.966078 2.514625 5.550215 0.531666 -15.363902 2.687138 5.893913 0.531666  
 188 188 198  -8.644492 2.776779 6.069451 0.531666 -9.969342 2.945987 6.412754 0.531666 -11.921765 3.195389 6.915518 0.531666 -13.918277 3.449581 7.419015 0.531666 -15.281215 3.623049 7.762739 0.531666  
 198 198 13  -8.688622 3.709231 7.938103 0.531666 -10.001608 3.880524 8.281220 0.531666 -11.937652 4.131611 8.784472 0.531666 -13.878716 4.383357 9.287595 0.531666 -15.213674 4.556417 9.631255 0.531666  
