 1 1 5  -35.440378 0.516118 -0.472002 -0.000037 -35.445036 0.355576 -0.330969 -0.000037 -35.451044 0.120418 -0.124435 -0.000037 -35.451911 -0.114964 0.082366 -0.000037 -35.448221 -0.275601 0.223483 -0.000037  
 2 2 6  -35.991513 0.516048 -0.471795 -0.000037 -35.996247 0.355516 -0.330727 -0.000037 -36.002525 0.120382 -0.124113 -0.000037 -36.003744 -0.114916 0.082322 -0.000037 -35.999621 -0.275521 0.223411 -0.000037  
 3 3 7  -36.543512 0.515912 -0.471749 -0.000037 -36.548344 0.355365 -0.330685 -0.000037 -36.554786 0.120208 -0.124085 -0.000037 -36.555749 -0.114878 0.082294 -0.000037 -36.551719 -0.275469 0.223368 -0.000037  
 4 4 8  -35.992223 0.515980 -0.471965 -0.000037 -35.997001 0.355425 -0.330936 -0.000037 -36.003259 0.120249 -0.124410 -0.000037 -36.004230 -0.114935 0.082361 -0.000037 -36.000355 -0.275539 0.223457 -0.000037  
 5 5 10  -23.753677 0.126619 -0.191611 0.000002 -23.755842 0.055663 -0.094372 0.000002 -23.757724 -0.048321 0.048120 0.000002 -23.755298 -0.152244 0.190580 0.000002 -23.753017 -0.223180 0.287825 0.000002  
 6 6 11  -23.992814 0.126614 -0.191646 0.000002 -23.994998 0.055665 -0.094358 0.000002 -23.997127 -0.048316 0.048088 0.000002 -23.994415 -0.152228 0.190536 0.000002 -23.992135 -0.223165 0.287820 0.000002  
 7 7 12  -24.242354 0.126644 -0.191632 0.000002 -24.244582 0.055663 -0.094346 0.000002 -24.246482 -0.048288 0.048088 0.000002 -24.243880 -0.152200 0.190526 0.000002 -24.241605 -0.223163 0.287806 0.000002  
 8 8 118  -24.004564 0.142935 -0.213958 0.000002 -24.004800 0.135838 -0.204230 0.000002 -24.005142 0.125444 -0.189985 0.000002 -24.005480 0.115050 -0.175740 0.000002 -24.005709 0.107952 -0.166012 0.000002  
 9 10 15  -11.937458 0.022125 0.029479 0.000004 -11.938334 -0.003411 0.039018 0.000004 -11.938695 -0.040810 0.052999 0.000004 -11.937523 -0.078204 0.066965 0.000004 -11.936560 -0.103731 0.076500 0.000004  
 10 11 16  -11.989270 0.022130 0.029455 0.000004 -11.990145 -0.003407 0.039010 0.000004 -11.990482 -0.040807 0.052975 0.000004 -11.989320 -0.078205 0.066954 0.000004 -11.988354 -0.103732 0.076504 0.000004  
 11 12 17  -12.061614 0.022142 0.029455 0.000004 -12.062492 -0.003402 0.039010 0.000004 -12.062821 -0.040793 0.052974 0.000004 -12.061659 -0.078200 0.066953 0.000004 -12.060687 -0.103735 0.076503 0.000004  
 12 13 18  -12.009805 0.022137 0.029478 0.000004 -12.010679 -0.003406 0.039018 0.000004 -12.011051 -0.040797 0.052997 0.000004 -12.009866 -0.078199 0.066964 0.000004 -12.008896 -0.103733 0.076499 0.000004  
 13 5 6  0.000000 -0.431234 0.000000 -0.000040 0.000000 -0.256258 0.000000 -0.000040 0.000000 -0.000027 0.000000 -0.000040 0.000000 0.256205 -0.000000 -0.000040 0.000000 0.431181 -0.000000 -0.000040  
 14 6 7  0.000000 -0.417965 0.000000 0.000029 0.000000 -0.248369 0.000000 0.000029 0.000000 -0.000016 0.000000 0.000029 0.000000 0.248338 -0.000000 0.000029 0.000000 0.417934 -0.000000 0.000029  
 15 7 8  0.000000 -0.431178 -0.000000 -0.000040 0.000000 -0.256203 -0.000000 -0.000040 0.000000 0.000027 0.000000 -0.000040 0.000000 0.256256 0.000000 -0.000040 0.000000 0.431231 0.000000 -0.000040  
 16 8 5  0.000000 -0.417937 -0.000000 0.000014 0.000000 -0.248340 -0.000000 0.000014 0.000000 0.000016 0.000000 0.000014 0.000000 0.248371 0.000000 0.000014 0.000000 0.417969 0.000000 0.000014  
 17 10 11  0.000000 -0.258824 0.000000 -0.000004 0.000000 -0.153801 0.000000 -0.000004 0.000000 -0.000007 0.000000 -0.000004 0.000000 0.153786 -0.000000 -0.000004 0.000000 0.258809 -0.000000 -0.000004  
 18 11 12  0.000000 -0.244627 0.000000 0.000006 0.000000 -0.145364 0.000000 0.000006 0.000000 -0.000004 0.000000 0.000006 0.000000 0.145356 -0.000000 0.000006 0.000000 0.244619 -0.000000 0.000006  
 19 12 13  0.000000 -0.258805 -0.000000 -0.000005 0.000000 -0.153784 -0.000000 -0.000005 0.000000 0.000007 0.000000 -0.000005 0.000000 0.153799 0.000000 -0.000005 0.000000 0.258820 0.000000 -0.000005  
 20 13 10  0.000000 -0.244623 -0.000000 0.000004 0.000000 -0.145358 -0.000000 0.000004 0.000000 0.000004 0.000000 0.000004 0.000000 0.145366 0.000000 0.000004 0.000000 0.244631 0.000000 0.000004  
 21 15 16  0.000000 -0.071536 -0.000000 0.000003 0.000000 -0.042509 -0.000000 0.000003 0.000000 -0.000003 0.000000 0.000003 0.000000 0.042503 0.000000 0.000003 0.000000 0.071530 0.000000 0.000003  
 22 16 17  0.000000 -0.099908 -0.000000 -0.000002 0.000000 -0.059368 -0.000000 -0.000002 0.000000 -0.000001 0.000000 -0.000002 0.000000 0.059365 0.000000 -0.000002 0.000000 0.099905 0.000000 -0.000002  
 23 17 18  0.000000 -0.071526 0.000000 0.000003 0.000000 -0.042501 0.000000 0.000003 0.000000 0.000003 0.000000 0.000003 0.000000 0.042507 -0.000000 0.000003 0.000000 0.071532 -0.000000 0.000003  
 24 18 15  0.000000 -0.099909 0.000000 -0.000002 0.000000 -0.059368 0.000000 -0.000002 0.000000 0.000001 0.000000 -0.000002 0.000000 0.059370 -0.000000 -0.000002 0.000000 0.099912 -0.000000 -0.000002  
 118 118 128  -24.004596 0.104330 -0.161048 0.000002 -24.004820 0.097233 -0.151321 0.000002 -24.005143 0.086839 -0.137075 0.000002 -24.005461 0.076445 -0.122830 0.000002 -24.005675 0.069347 -0.113102 0.000002  
 128 128 138  -24.004628 0.065725 -0.108138 0.000002 -24.004839 0.058628 -0.098411 0.000002 -24.005143 0.048234 -0.084166 0.000002 -24.005442 0.037840 -0.069921 0.000002 -24.005643 0.030742 -0.060193 0.000002  
 138 138 148  -24.004700 0.027119 -0.055226 0.000002 -24.004892 0.020022 -0.045501 0.000002 -24.005162 0.009630 -0.031258 0.000002 -24.005391 -0.000765 -0.017011 0.000002 -24.005520 -0.007864 -0.007280 0.000002  
 148 148 158  -24.005001 -0.011481 -0.002316 0.000002 -24.005090 -0.018585 0.007407 0.000002 -24.005157 -0.028977 0.021652 0.000002 -24.005206 -0.039368 0.035899 0.000002 -24.005205 -0.046469 0.045628 0.000002  
 158 158 168  -24.005378 -0.050092 0.050583 0.000002 -24.005312 -0.057187 0.060318 0.000002 -24.005180 -0.067580 0.074569 0.000002 -24.004969 -0.077976 0.088808 0.000002 -24.004805 -0.085074 0.098529 0.000002  
 168 168 178  -24.005604 -0.088695 0.103500 0.000002 -24.005424 -0.095793 0.113228 0.000002 -24.005148 -0.106187 0.127473 0.000002 -24.004857 -0.116581 0.141718 0.000002 -24.004653 -0.123678 0.151446 0.000002  
 178 178 188  -24.005667 -0.127300 0.156410 0.000002 -24.005457 -0.134398 0.166137 0.000002 -24.005143 -0.144792 0.180383 0.000002 -24.004824 -0.155186 0.194628 0.000002 -24.004602 -0.162283 0.204356 0.000002  
 188 188 198  -24.005704 -0.165905 0.209319 0.000002 -24.005478 -0.173003 0.219047 0.000002 -24.005143 -0.183397 0.233292 0.000002 -24.004802 -0.193791 0.247537 0.000002 -24.004567 -0.200888 0.257265 0.000002  
 198 198 13  -24.005732 -0.204510 0.262229 0.000002 -24.005494 -0.211608 0.271957 0.000002 -24.005142 -0.222002 0.286202 0.000002 -24.004787 -0.232396 0.300447 0.000002 -24.004541 -0.239493 0.310175 0.000002  
