 1 1 5  -28.740751 -2.093716 0.708230 -0.009907 -31.048242 -1.461976 0.010744 -0.009907 -32.754188 -0.558021 -1.053061 -0.009907 -32.630836 0.316118 -2.158153 -0.009907 -31.577771 0.912805 -2.851616 -0.009907  
 2 2 6  -39.685092 -2.000830 1.029513 -0.009907 -41.917406 -1.393563 0.188337 -0.009907 -43.428149 -0.552749 -1.127228 -0.009907 -43.304781 0.298445 -2.450545 -0.009907 -42.198111 0.887161 -3.330694 -0.009907  
 3 3 7  -37.422353 -2.126650 0.934915 -0.009907 -39.750590 -1.488217 0.128110 -0.009907 -41.286528 -0.582199 -1.135928 -0.009907 -41.172003 0.307843 -2.437301 -0.009907 -39.982856 0.922537 -3.280234 -0.009907  
 4 4 8  -26.782630 -2.176157 0.637998 -0.009907 -28.886854 -1.555118 -0.051595 -0.009907 -30.587660 -0.592699 -1.060873 -0.009907 -30.458186 0.327232 -2.143113 -0.009907 -29.508895 0.936985 -2.784763 -0.009907  
 5 5 10  -30.667028 -0.952391 -6.475221 0.122334 -22.943305 -0.527382 -4.416969 0.122334 -13.424860 0.272475 -1.092332 0.122334 -18.171659 0.942076 3.026593 0.122334 -25.619561 1.323713 5.091927 0.122334  
 6 6 11  -36.556018 -1.015929 -6.640953 0.122334 -29.898024 -0.578279 -4.712253 0.122334 -24.494558 0.272437 -1.121326 0.122334 -25.819200 1.090448 3.187727 0.122334 -31.671113 1.436490 5.195684 0.122334  
 7 7 12  -35.939498 -1.001420 -6.599575 0.122334 -29.247741 -0.570664 -4.675236 0.122334 -23.588804 0.279634 -1.121216 0.122334 -25.112591 1.092965 3.161420 0.122334 -31.048896 1.433220 5.158582 0.122334  
 8 8 118  -21.744480 -1.006423 -6.641869 0.122334 -20.889818 -0.960091 -6.419321 0.122334 -19.636843 -0.891999 -6.092998 0.122334 -18.382249 -0.823639 -5.766181 0.122334 -17.523594 -0.776818 -5.542691 0.122334  
 9 10 15  -11.922911 0.398881 -2.235322 0.031229 -8.493928 0.360654 -1.205700 0.031229 -7.805071 0.249111 0.949273 0.031229 -12.802043 0.077567 2.484143 0.031229 -16.405028 -0.009528 3.476256 0.031229  
 10 11 16  -13.510182 0.436422 -2.081339 0.031229 -11.345722 0.437909 -1.039104 0.031229 -11.379700 0.278301 1.109206 0.031229 -15.055634 0.083485 2.572941 0.031229 -18.212161 -0.011635 3.461377 0.031229  
 11 12 17  -13.511413 0.434382 -2.082135 0.031229 -11.343414 0.434213 -1.040714 0.031229 -11.383597 0.277445 1.109515 0.031229 -15.068944 0.085024 2.574831 0.031229 -18.221174 -0.011712 3.462733 0.031229  
 12 13 18  -11.942771 0.396989 -2.237275 0.031229 -8.514795 0.358023 -1.207526 0.031229 -7.828611 0.248432 0.950142 0.031229 -12.830927 0.079215 2.487298 0.031229 -16.432483 -0.009114 3.479027 0.031229  
 13 5 6  0.000000 -3.647654 -0.000000 -0.027741 0.000000 -2.140873 -0.000000 -0.027741 0.000000 0.065634 0.000000 -0.027741 0.000000 2.272140 0.000000 -0.027741 0.000000 3.778922 0.000000 -0.027741  
 14 6 7  0.000000 1.984381 0.000000 -0.001328 0.000000 1.177577 0.000000 -0.001328 0.000000 -0.003893 0.000000 -0.001328 0.000000 -1.185363 -0.000000 -0.001328 0.000000 -1.992167 -0.000000 -0.001328  
 15 7 8  0.000000 -3.779520 0.000000 -0.059101 0.000000 -2.272496 0.000000 -0.059101 0.000000 -0.065634 0.000000 -0.059101 0.000000 2.141228 -0.000000 -0.059101 0.000000 3.648252 -0.000000 -0.059101  
 16 8 5  0.000000 1.992765 -0.000000 0.325720 0.000000 1.185719 -0.000000 0.325720 0.000000 0.003893 0.000000 0.325720 0.000000 -1.177933 0.000000 0.325720 0.000000 -1.984979 0.000000 0.325720  
 17 10 11  0.000000 -7.390938 -0.000000 -0.037596 0.000000 -4.358021 -0.000000 -0.037596 0.000000 0.083333 0.000000 -0.037596 0.000000 4.524687 0.000000 -0.037596 0.000000 7.557604 0.000000 -0.037596  
 18 11 12  0.000000 1.007371 0.000000 0.014904 0.000000 0.598771 0.000000 0.014904 0.000000 0.000425 0.000000 0.014904 0.000000 -0.597921 -0.000000 0.014904 0.000000 -1.006520 -0.000000 0.014904  
 19 12 13  0.000000 -7.543992 0.000000 -0.040221 0.000000 -4.516598 0.000000 -0.040221 0.000000 -0.083333 0.000000 -0.040221 0.000000 4.349932 -0.000000 -0.040221 0.000000 7.377325 -0.000000 -0.040221  
 20 13 10  0.000000 0.992907 -0.000000 0.173575 0.000000 0.589832 -0.000000 0.173575 0.000000 -0.000425 0.000000 0.173575 0.000000 -0.590682 0.000000 0.173575 0.000000 -0.993758 0.000000 0.173575  
 21 15 16  0.000000 -3.621335 -0.000000 0.011306 0.000000 -2.144215 -0.000000 0.011306 0.000000 0.018856 0.000000 0.011306 0.000000 2.181926 0.000000 0.011306 0.000000 3.659046 0.000000 0.011306  
 22 16 17  0.000000 -0.014350 -0.000000 -0.008468 0.000000 -0.008876 -0.000000 -0.008468 0.000000 -0.000860 0.000000 -0.008468 0.000000 0.007156 0.000000 -0.008468 0.000000 0.012630 0.000000 -0.008468  
 23 17 18  0.000000 -3.645753 0.000000 0.011380 0.000000 -2.174027 0.000000 0.011380 0.000000 -0.018856 0.000000 0.011380 0.000000 2.136315 -0.000000 0.011380 0.000000 3.608041 -0.000000 0.011380  
 24 18 15  0.000000 -0.025924 0.000000 -0.009389 0.000000 -0.015056 0.000000 -0.009389 0.000000 0.000860 0.000000 -0.009389 0.000000 0.016775 -0.000000 -0.009389 0.000000 0.027644 -0.000000 -0.009389  
 118 118 128  -21.761458 -0.753064 -5.428879 0.122334 -20.900874 -0.706695 -5.206353 0.122334 -19.637767 -0.638594 -4.880043 0.122334 -18.371214 -0.570254 -4.553205 0.122334 -17.504352 -0.523446 -4.329711 0.122334  
 128 128 138  -21.657970 -0.498762 -4.215515 0.122334 -20.831298 -0.453939 -3.993384 0.122334 -19.631621 -0.385213 -3.667375 0.122334 -18.438548 -0.316580 -3.340303 0.122334 -17.627128 -0.270247 -3.116267 0.122334  
 138 138 148  -20.883558 -0.241188 -2.986289 0.122334 -20.306817 -0.201272 -2.780423 0.122334 -19.561420 -0.134011 -2.466311 0.122334 -18.933921 -0.064161 -2.132081 0.122334 -18.628904 -0.012374 -1.881353 0.122334  
 148 148 158  -19.619719 0.007289 -1.790298 0.122334 -19.631060 0.053410 -1.567314 0.122334 -19.641252 0.121470 -1.241034 0.122334 -19.640998 0.190003 -0.914277 0.122334 -19.637784 0.236724 -0.690996 0.122334  
 158 158 168  -19.666724 0.259983 -0.577746 0.122334 -19.658665 0.306832 -0.354401 0.122334 -19.641050 0.375407 -0.027637 0.122334 -19.613738 0.443352 0.298689 0.122334 -19.590566 0.489505 0.521492 0.122334  
 168 168 178  -19.700545 0.506937 0.628056 0.122334 -19.664758 0.558870 0.856844 0.122334 -19.604492 0.634969 1.192244 0.122334 -19.596071 0.699662 1.515689 0.122334 -19.667908 0.731332 1.720385 0.122334  
 178 178 188  -18.584760 0.768979 1.827100 0.122334 -18.918832 0.814014 2.074866 0.122334 -19.554615 0.880032 2.411512 0.122334 -20.336274 0.949434 2.724340 0.122334 -20.915015 0.999822 2.930679 0.122334  
 188 188 198  -17.632871 1.019959 3.060708 0.122334 -18.442081 1.067267 3.284497 0.122334 -19.632930 1.135517 3.611554 0.122334 -20.825875 1.203095 3.937946 0.122334 -21.652901 1.250313 4.159515 0.122334  
 198 198 13  -17.514155 1.273857 4.273919 0.122334 -18.375933 1.320345 4.497522 0.122334 -19.637576 1.388752 4.824348 0.122334 -20.895752 1.456914 5.150632 0.122334 -21.752928 1.503320 5.373133 0.122334  
