 1 1 5  -57.790142 -8.659259 -10.877268 -0.006642 -43.646971 -6.239456 -7.720223 -0.006642 -22.925435 -2.632851 -2.959891 -0.006642 -21.996854 1.963410 3.107219 -0.006642 -35.964309 4.488669 6.317675 -0.006642  
 2 2 6  -74.274055 -9.376110 -11.565211 -0.006642 -61.481478 -6.968080 -8.563270 -0.006642 -45.311331 -3.207749 -3.840813 -0.006642 -44.165110 2.514261 3.153006 -0.006642 -53.236630 5.247075 6.583642 -0.006642  
 3 3 7  -62.144857 -9.053707 -10.859057 -0.006642 -48.511262 -6.527567 -7.895398 -0.006642 -29.001461 -2.718107 -3.404077 -0.006642 -27.352315 2.493972 2.777550 -0.006642 -39.967755 5.084271 5.910329 -0.006642  
 4 4 8  -44.257362 -8.213837 -9.979044 -0.006642 -29.611695 -5.678612 -6.817500 -0.006642 -7.677878 -1.856464 -2.111797 -0.006642 -7.282331 1.628964 2.135549 -0.006642 -22.193465 4.208287 5.362881 -0.006642  
 5 5 10  -36.576046 -6.443063 -7.602660 -0.202752 -20.699272 -3.534827 -4.324185 -0.202752 -3.950583 0.813385 0.567729 -0.202752 -27.302990 5.096976 5.417707 -0.202752 -43.116058 7.995537 8.691951 -0.202752  
 6 6 11  -44.445407 -6.945049 -7.451363 -0.202752 -29.604507 -4.028876 -4.425333 -0.202752 -17.000253 1.244008 1.026680 -0.202752 -36.655665 5.630596 5.682710 -0.202752 -51.623914 8.517358 8.715152 -0.202752  
 7 7 12  -39.417464 -7.011571 -7.108810 -0.202752 -23.987768 -3.982254 -4.083107 -0.202752 -8.707838 0.996456 0.860987 -0.202752 -31.063888 5.469007 5.366490 -0.202752 -46.467873 8.487974 8.389322 -0.202752  
 8 8 13  -30.572746 -6.444648 -7.168886 -0.202752 -14.459806 -3.412555 -3.885211 -0.202752 1.552674 0.369435 0.288952 -0.202752 -20.970941 4.862514 5.009023 -0.202752 -37.055322 7.893205 8.281988 -0.202752  
 9 10 15  -9.517331 1.000316 -1.543197 0.093334 -7.814901 1.226694 -0.413266 0.093334 -9.466992 1.262297 1.271548 0.093334 -13.965808 1.265329 2.744768 0.093334 -17.331900 1.303481 3.690125 0.093334  
 10 11 16  -11.813879 1.147233 -1.370818 0.093334 -10.913711 1.404698 -0.211852 0.093334 -12.641337 1.378802 1.451459 0.093334 -16.385660 1.336262 2.832627 0.093334 -19.312027 1.360079 3.692450 0.093334  
 11 12 17  -10.702120 0.971899 -1.358529 0.093334 -9.735440 1.266539 -0.211434 0.093334 -11.662202 1.290568 1.426164 0.093334 -15.611026 1.313849 2.783601 0.093334 -18.592330 1.371900 3.639194 0.093334  
 12 13 18  -8.619194 0.849273 -1.506998 0.093334 -6.750948 1.088534 -0.406927 0.093334 -8.607272 1.176744 1.243039 0.093334 -13.297485 1.245275 2.697032 0.093334 -16.691541 1.318177 3.639711 0.093334  
 13 5 6  0.000000 -13.496999 0.000000 -0.650452 0.000000 -7.949991 0.000000 -0.650452 0.000000 0.172956 0.000000 -0.650452 0.000000 8.295904 -0.000000 -0.650452 0.000000 13.842912 -0.000000 -0.650452  
 14 6 7  0.000000 11.831208 -0.000000 0.509997 0.000000 7.063309 -0.000000 0.509997 0.000000 0.081274 0.000000 0.509997 0.000000 -6.900760 0.000000 0.509997 0.000000 -11.668660 0.000000 0.509997  
 15 7 8  0.000000 -13.788199 -0.000000 -0.778104 0.000000 -8.263392 -0.000000 -0.778104 0.000000 -0.172956 0.000000 -0.778104 0.000000 7.917480 0.000000 -0.778104 0.000000 13.442286 0.000000 -0.778104  
 16 8 5  0.000000 11.613947 0.000000 0.786582 0.000000 6.868249 0.000000 0.786582 0.000000 -0.081274 0.000000 0.786582 0.000000 -7.030797 -0.000000 0.786582 0.000000 -11.776496 -0.000000 0.786582  
 17 10 11  0.000000 -9.958129 0.000000 -0.290146 0.000000 -5.889472 0.000000 -0.290146 0.000000 0.068602 0.000000 -0.290146 0.000000 6.026677 -0.000000 -0.290146 0.000000 10.095334 -0.000000 -0.290146  
 18 11 12  0.000000 7.292872 0.000000 0.215776 0.000000 4.348609 0.000000 0.215776 0.000000 0.037079 0.000000 0.215776 0.000000 -4.274451 -0.000000 0.215776 0.000000 -7.218714 -0.000000 0.215776  
 19 12 13  0.000000 -10.010411 -0.000000 -0.374397 0.000000 -5.976214 -0.000000 -0.374397 0.000000 -0.068602 0.000000 -0.374397 0.000000 5.839009 0.000000 -0.374397 0.000000 9.873206 0.000000 -0.374397  
 20 13 10  0.000000 7.133791 -0.000000 0.302014 0.000000 4.223988 -0.000000 0.302014 0.000000 -0.037079 0.000000 0.302014 0.000000 -4.298146 0.000000 0.302014 0.000000 -7.207949 0.000000 0.302014  
 21 15 16  0.000000 -3.706220 0.000000 0.023109 0.000000 -2.193231 0.000000 0.023109 0.000000 0.022365 0.000000 0.023109 0.000000 2.237962 -0.000000 0.023109 0.000000 3.750951 -0.000000 0.023109  
 22 16 17  0.000000 1.277042 0.000000 -0.014329 0.000000 0.754500 0.000000 -0.014329 0.000000 -0.010702 0.000000 -0.014329 0.000000 -0.775905 -0.000000 -0.014329 0.000000 -1.298447 -0.000000 -0.014329  
 23 17 18  0.000000 -3.667074 -0.000000 0.022389 0.000000 -2.188120 -0.000000 0.022389 0.000000 -0.022365 0.000000 0.022389 0.000000 2.143390 0.000000 0.022389 0.000000 3.622343 0.000000 0.022389  
 24 18 15  0.000000 1.214570 -0.000000 -0.012031 0.000000 0.726063 -0.000000 -0.012031 0.000000 0.010702 0.000000 -0.012031 0.000000 -0.704659 0.000000 -0.012031 0.000000 -1.193165 0.000000 -0.012031  
