 1 1 5  -42.394170 0.053578 -9.495644 -0.172587 -32.328533 0.095385 -6.718620 -0.172587 -17.582101 0.268793 -2.513619 -0.172587 -19.834876 0.452855 3.209662 -0.172587 -30.010312 0.503325 6.069508 -0.172587  
 2 2 6  -56.967260 0.088377 -10.395749 -0.172587 -48.191011 0.131681 -7.735523 -0.172587 -39.349573 0.347861 -3.102674 -0.172587 -39.291871 0.598047 3.418894 -0.172587 -44.866031 0.558124 6.647051 -0.172587  
 3 3 7  -58.468645 0.029225 -10.531567 -0.172587 -49.768664 0.076200 -7.852031 -0.172587 -41.303502 0.317226 -3.113881 -0.172587 -41.224044 0.605449 3.437512 -0.172587 -46.428513 0.577314 6.747008 -0.172587  
 4 4 8  -44.137528 -0.016622 -9.657534 -0.172587 -34.034294 0.041827 -6.862387 -0.172587 -19.390155 0.256737 -2.608302 -0.172587 -21.546077 0.466004 3.319023 -0.172587 -31.653322 0.522419 6.206058 -0.172587  
 5 5 10  -21.640413 1.481047 -3.647307 0.211994 -17.456620 0.981068 -2.373555 0.211994 -15.486603 0.033896 0.265677 0.211994 -18.296453 -0.897764 2.722460 0.211994 -22.574024 -1.420965 3.966962 0.211994  
 6 6 11  -29.708351 1.751627 -3.494007 0.211994 -28.316574 1.218279 -2.131186 0.211994 -28.522812 0.033142 0.388997 0.211994 -28.529442 -1.093232 2.833170 0.211994 -30.676007 -1.629709 4.038099 0.211994  
 7 7 12  -30.555039 1.774183 -3.534915 0.211994 -29.289935 1.226076 -2.150204 0.211994 -29.540699 0.041960 0.388797 0.211994 -29.448654 -1.085643 2.865427 0.211994 -31.491348 -1.632893 4.087166 0.211994  
 8 8 13  -22.461173 1.503593 -3.707979 0.211994 -18.347729 0.998767 -2.420669 0.211994 -16.578565 0.042140 0.265749 0.211994 -19.149651 -0.894736 2.777271 0.211994 -23.385034 -1.425547 4.031251 0.211994  
 9 10 15  -16.984767 -0.371952 -4.667748 -0.015662 -8.634496 -0.301973 -2.495309 -0.015662 -0.800447 -0.176525 0.435543 -0.015662 -12.892528 -0.116252 3.614842 -0.015662 -21.210419 -0.060422 5.777510 -0.015662  
 10 11 16  -20.449811 -0.385416 -4.708338 -0.015662 -12.809730 -0.335172 -2.701138 -0.015662 -5.998807 -0.285175 0.764312 -0.015662 -16.678145 -0.121729 3.747800 -0.015662 -24.328475 -0.063554 5.743097 -0.015662  
 11 12 17  -20.480083 -0.386237 -4.711392 -0.015662 -12.839165 -0.336683 -2.703868 -0.015662 -6.030747 -0.285847 0.765935 -0.015662 -16.713672 -0.120321 3.751928 -0.015662 -24.364901 -0.063177 5.747461 -0.015662  
 12 13 18  -17.010762 -0.372950 -4.670729 -0.015662 -8.656656 -0.303401 -2.497676 -0.015662 -0.815674 -0.177274 0.437027 -0.015662 -12.922061 -0.114760 3.618446 -0.015662 -21.242715 -0.059867 5.781570 -0.015662  
 13 5 6  0.000000 -10.162549 -0.000000 0.103967 0.000000 -5.981616 -0.000000 0.103967 0.000000 0.140874 0.000000 0.103967 0.000000 6.263364 0.000000 0.103967 0.000000 10.444297 0.000000 0.103967  
 14 6 7  0.000000 -1.133763 0.000000 -0.068150 0.000000 -0.675659 0.000000 -0.068150 0.000000 -0.004820 0.000000 -0.068150 0.000000 0.666019 -0.000000 -0.068150 0.000000 1.124123 -0.000000 -0.068150  
 15 7 8  0.000000 -10.449487 0.000000 0.105876 0.000000 -6.266448 0.000000 0.105876 0.000000 -0.140874 0.000000 0.105876 0.000000 5.984700 -0.000000 0.105876 0.000000 10.167739 -0.000000 0.105876  
 16 8 5  0.000000 -1.118933 -0.000000 -0.113715 0.000000 -0.662935 -0.000000 -0.113715 0.000000 0.004820 0.000000 -0.113715 0.000000 0.672576 0.000000 -0.113715 0.000000 1.128573 0.000000 -0.113715  
 17 10 11  0.000000 -8.930436 -0.000000 0.120725 0.000000 -5.282244 -0.000000 0.120725 0.000000 0.060110 0.000000 0.120725 0.000000 5.402464 0.000000 0.120725 0.000000 9.050657 0.000000 0.120725  
 18 11 12  0.000000 -1.248889 -0.000000 -0.025026 0.000000 -0.741992 -0.000000 -0.025026 0.000000 0.000300 0.000000 -0.025026 0.000000 0.742591 0.000000 -0.025026 0.000000 1.249488 0.000000 -0.025026  
 19 12 13  0.000000 -9.056921 0.000000 0.118229 0.000000 -5.406186 0.000000 0.118229 0.000000 -0.060110 0.000000 0.118229 0.000000 5.285966 -0.000000 0.118229 0.000000 8.936700 -0.000000 0.118229  
 20 13 10  0.000000 -1.243224 0.000000 -0.039378 0.000000 -0.738869 0.000000 -0.039378 0.000000 -0.000300 0.000000 -0.039378 0.000000 0.738270 -0.000000 -0.039378 0.000000 1.242625 -0.000000 -0.039378  
 21 15 16  0.000000 -5.652934 -0.000000 0.010641 0.000000 -3.318414 -0.000000 0.010641 0.000000 0.100219 0.000000 0.010641 0.000000 3.518852 0.000000 0.010641 0.000000 5.853373 0.000000 0.010641  
 22 16 17  0.000000 -0.042503 -0.000000 0.000405 0.000000 -0.025522 -0.000000 0.000405 0.000000 -0.000656 0.000000 0.000405 0.000000 0.024210 0.000000 0.000405 0.000000 0.041190 0.000000 0.000405  
 23 17 18  0.000000 -5.859535 0.000000 0.010707 0.000000 -3.522514 0.000000 0.010707 0.000000 -0.100219 0.000000 0.010707 0.000000 3.322076 -0.000000 0.010707 0.000000 5.659097 -0.000000 0.010707  
 24 18 15  0.000000 -0.035028 0.000000 0.000690 0.000000 -0.020548 0.000000 0.000690 0.000000 0.000656 0.000000 0.000690 0.000000 0.021860 -0.000000 0.000690 0.000000 0.036340 -0.000000 0.000690  
