 1 1 5  -38.884176 -2.688885 1.137039 0.000494 -38.936729 -1.873436 0.854521 0.000494 -38.995727 -0.678991 0.440739 0.000494 -38.998457 0.514564 0.028948 0.000494 -38.966244 1.329893 -0.253347 0.000494  
 2 2 6  -35.782185 -2.688794 1.138123 0.000494 -35.823890 -1.875199 0.857233 0.000494 -35.883123 -0.680127 0.442829 0.000494 -35.889571 0.515354 0.027999 0.000494 -35.855035 1.331297 -0.255039 0.000494  
 3 3 7  -33.023715 -2.676870 1.127642 0.000494 -32.996149 -1.876884 0.859130 0.000494 -33.053777 -0.681450 0.444156 0.000494 -33.058914 0.515764 0.027122 0.000494 -33.027057 1.332339 -0.256600 0.000494  
 4 4 8  -36.068784 -2.689218 1.137965 0.000494 -36.113465 -1.875104 0.856502 0.000494 -36.172642 -0.680301 0.442139 0.000494 -36.180148 0.514835 0.027995 0.000494 -36.145447 1.330779 -0.255008 0.000494  
 5 5 10  -25.539830 -0.938038 1.230939 0.001304 -25.562380 -0.433146 0.760779 0.001304 -25.578925 0.305863 0.072693 0.001304 -25.559107 1.045325 -0.615509 0.001304 -25.535374 1.550463 -1.085636 0.001304  
 6 6 11  -23.526153 -0.938597 1.231993 0.001304 -23.548903 -0.433587 0.761566 0.001304 -23.568098 0.306034 0.072289 0.001304 -23.546166 1.045925 -0.616862 0.001304 -23.546607 1.546301 -1.082449 0.001304  
 7 7 12  -22.412994 -0.939756 1.232807 0.001304 -22.435223 -0.434521 0.762152 0.001304 -22.452399 0.305930 0.072020 0.001304 -22.432074 1.046554 -0.617698 0.001304 -22.459517 1.541825 -1.078485 0.001304  
 8 8 13  -24.427566 -0.939189 1.231770 0.001304 -24.450024 -0.434068 0.761386 0.001304 -24.468634 0.305721 0.072469 0.001304 -24.446086 1.045945 -0.616379 0.001304 -24.429026 1.549989 -1.085517 0.001304  
 9 10 15  -12.459650 0.277187 0.638648 0.000769 -12.471999 0.280266 0.296942 0.000769 -12.476943 0.284773 -0.203082 0.000769 -12.462111 0.289221 -0.703326 0.000769 -12.450428 0.291337 -1.044022 0.000769  
 10 11 16  -11.714827 0.277118 0.640081 0.000769 -11.727298 0.280229 0.297832 0.000769 -11.732237 0.284857 -0.203189 0.000769 -11.717265 0.289318 -0.704275 0.000769 -11.725142 0.287984 -1.041506 0.000769  
 11 12 17  -11.522303 0.276705 0.640162 0.000769 -11.534707 0.279915 0.297885 0.000769 -11.539691 0.284856 -0.203313 0.000769 -11.524863 0.289563 -0.704409 0.000769 -11.540597 0.287020 -1.040058 0.000769  
 12 13 18  -12.267684 0.276782 0.638736 0.000769 -12.280122 0.279959 0.296995 0.000769 -12.284874 0.284767 -0.203208 0.000769 -12.270235 0.289462 -0.703462 0.000769 -12.261372 0.291146 -1.043583 0.000769  
 13 5 6  0.000000 1.519947 -0.000000 -0.000382 0.000000 0.903152 -0.000000 -0.000382 0.000000 -0.000072 0.000000 -0.000382 0.000000 -0.903296 0.000000 -0.000382 0.000000 -1.520091 0.000000 -0.000382  
 14 6 7  0.000000 2.360941 -0.000000 -0.000507 0.000000 1.402907 -0.000000 -0.000507 0.000000 -0.000022 0.000000 -0.000507 0.000000 -1.402950 0.000000 -0.000507 0.000000 -2.360984 0.000000 -0.000507  
 15 7 8  0.000000 1.520076 0.000000 0.001195 0.000000 0.903287 0.000000 0.001195 0.000000 0.000072 0.000000 0.001195 0.000000 -0.903143 -0.000000 0.001195 0.000000 -1.519932 -0.000000 0.001195  
 16 8 5  0.000000 2.360999 0.000000 0.001107 0.000000 1.402959 0.000000 0.001107 0.000000 0.000022 0.000000 0.001107 0.000000 -1.402916 -0.000000 0.001107 0.000000 -2.360956 -0.000000 0.001107  
 17 10 11  0.000000 1.750214 -0.000000 0.000924 0.000000 1.040068 -0.000000 0.000924 0.000000 0.000142 0.000000 0.000924 0.000000 -1.039783 0.000000 0.000924 0.000000 -1.749929 0.000000 0.000924  
 18 11 12  0.000000 1.269986 -0.000000 -0.000557 0.000000 0.754664 -0.000000 -0.000557 0.000000 0.000035 0.000000 -0.000557 0.000000 -0.754595 0.000000 -0.000557 0.000000 -1.269917 0.000000 -0.000557  
 19 12 13  0.000000 1.749910 0.000000 0.001871 0.000000 1.039772 0.000000 0.001871 0.000000 -0.000142 0.000000 0.001871 0.000000 -1.040057 -0.000000 0.001871 0.000000 -1.750195 -0.000000 0.001871  
 20 13 10  0.000000 1.269936 0.000000 0.000401 0.000000 0.754606 0.000000 0.000401 0.000000 -0.000035 0.000000 0.000401 0.000000 -0.754675 -0.000000 0.000401 0.000000 -1.270005 -0.000000 0.000401  
 21 15 16  0.000000 1.025469 -0.000000 0.000673 0.000000 0.609411 -0.000000 0.000673 0.000000 0.000143 0.000000 0.000673 0.000000 -0.609126 0.000000 0.000673 0.000000 -1.025184 0.000000 0.000673  
 22 16 17  0.000000 0.264564 -0.000000 -0.000233 0.000000 0.157204 -0.000000 -0.000233 0.000000 -0.000013 0.000000 -0.000233 0.000000 -0.157229 0.000000 -0.000233 0.000000 -0.264590 0.000000 -0.000233  
 23 17 18  0.000000 1.025159 0.000000 0.000840 0.000000 0.609111 0.000000 0.000840 0.000000 -0.000143 0.000000 0.000840 0.000000 -0.609396 -0.000000 0.000840 0.000000 -1.025444 -0.000000 0.000840  
 24 18 15  0.000000 0.264615 0.000000 -0.000010 0.000000 0.157244 0.000000 -0.000010 0.000000 0.000013 0.000000 -0.000010 0.000000 -0.157219 -0.000000 -0.000010 0.000000 -0.264589 -0.000000 -0.000010  
