 1 1 5  -74.122595 -14.906702 -12.687344 -0.281675 -52.403103 -10.383185 -8.719027 -0.281675 -20.068108 -3.673044 -2.816604 -0.281675 -21.696610 3.646335 3.556673 -0.281675 -43.709764 8.250174 7.560489 -0.281675  
 2 2 6  -95.752625 -16.254460 -13.316041 -0.281675 -75.195347 -11.734122 -9.574004 -0.281675 -47.233164 -4.826810 -3.981058 -0.281675 -47.163029 4.854985 3.917330 -0.281675 -65.631562 9.603627 7.778613 -0.281675  
 3 3 7  -71.262197 -15.205265 -12.162001 -0.281675 -48.940550 -10.334517 -8.416566 -0.281675 -15.622836 -3.098307 -2.853906 -0.281675 -19.116158 4.259199 2.803842 -0.281675 -41.754505 9.188896 6.606112 -0.281675  
 4 4 8  -45.560347 -13.402691 -11.231029 -0.281675 -23.318398 -8.537034 -7.239607 -0.281675 6.143957 -1.592639 -1.402211 -0.281675 2.824285 2.562697 2.112968 -0.281675 -17.651512 7.369337 6.087356 -0.281675  
 5 5 10  -42.890002 -8.494269 -8.469792 -0.127965 -24.088412 -4.743665 -4.869502 -0.127965 -2.320866 0.681532 0.364755 -0.127965 -29.971531 6.226820 5.650422 -0.127965 -48.742424 9.976803 9.238485 -0.127965  
 6 6 11  -53.680877 -9.260081 -8.187727 -0.127965 -35.983338 -5.499249 -4.922329 -0.127965 -19.700839 1.219706 0.809235 -0.127965 -42.273151 7.024223 5.871848 -0.127965 -60.020413 10.766971 9.139147 -0.127965  
 7 7 12  -42.695710 -9.733577 -7.456297 -0.127965 -23.149204 -5.487958 -4.188968 -0.127965 -0.118770 0.384001 0.344171 -0.127965 -28.583730 6.619103 5.172579 -0.127965 -48.101804 10.857387 8.435721 -0.127965  
 8 8 13  -27.973067 -8.604685 -7.503988 -0.127965 -8.642702 -4.401041 -3.891006 -0.127965 6.581955 0.212895 0.146172 -0.127965 -13.278456 5.492237 4.691380 -0.127965 -32.822410 9.713622 8.288056 -0.127965  
 9 10 15  -15.716083 -3.193158 -3.715231 0.011675 -5.649919 -1.289257 -1.662277 0.011675 -3.628377 1.191454 0.979871 0.011675 -18.364378 4.032523 3.941122 0.011675 -28.443016 5.945116 5.968930 0.011675  
 10 11 16  -19.306225 -3.437359 -3.584885 0.011675 -9.587521 -1.511215 -1.706364 0.011675 -8.461502 1.512160 1.258975 0.011675 -22.716779 4.317737 4.030074 0.011675 -32.391268 6.225467 5.905453 0.011675  
 11 12 17  -15.725018 -3.701452 -3.309408 0.011675 -5.489110 -1.586555 -1.422126 0.011675 -3.205473 1.097044 0.998306 0.011675 -18.170312 4.196666 3.766369 0.011675 -28.387313 6.300937 5.644693 0.011675  
 12 13 18  -12.095075 -3.437292 -3.435617 0.011675 -2.004265 -1.347975 -1.393401 0.011675 0.682561 0.815311 0.721452 0.011675 -13.874001 3.905606 3.660503 0.011675 -24.392885 6.011622 5.692522 0.011675  
 13 5 6  0.000000 -15.024261 0.000000 -1.137712 0.000000 -8.840433 0.000000 -1.137712 0.000000 0.215065 0.000000 -1.137712 0.000000 9.270563 -0.000000 -1.137712 0.000000 15.454391 -0.000000 -1.137712  
 14 6 7  0.000000 18.333018 0.000000 1.017706 0.000000 11.029011 0.000000 1.017706 0.000000 0.333143 0.000000 1.017706 0.000000 -10.362725 -0.000000 1.017706 0.000000 -17.666732 -0.000000 1.017706  
 15 7 8  0.000000 -15.311266 -0.000000 -1.718300 0.000000 -9.185515 -0.000000 -1.718300 0.000000 -0.215065 0.000000 -1.718300 0.000000 8.755385 0.000000 -1.718300 0.000000 14.881136 0.000000 -1.718300  
 16 8 5  0.000000 17.523607 -0.000000 1.408556 0.000000 10.277678 -0.000000 1.408556 0.000000 -0.333143 0.000000 1.408556 0.000000 -10.943964 0.000000 1.408556 0.000000 -18.189893 0.000000 1.408556  
 17 10 11  0.000000 -12.331748 -0.000000 -0.618541 0.000000 -7.286289 -0.000000 -0.618541 0.000000 0.102199 0.000000 -0.618541 0.000000 7.490686 0.000000 -0.618541 0.000000 12.536146 0.000000 -0.618541  
 18 11 12  0.000000 14.055698 -0.000000 0.584531 0.000000 8.409832 -0.000000 0.584531 0.000000 0.142118 0.000000 0.584531 0.000000 -8.125595 0.000000 0.584531 0.000000 -13.771461 0.000000 0.584531  
 19 12 13  0.000000 -12.278143 0.000000 -0.825165 0.000000 -7.337376 0.000000 -0.825165 0.000000 -0.102199 0.000000 -0.825165 0.000000 7.132979 -0.000000 -0.825165 0.000000 12.073745 -0.000000 -0.825165  
 20 13 10  0.000000 13.513458 0.000000 0.726346 0.000000 7.972285 0.000000 0.726346 0.000000 -0.142118 0.000000 0.726346 0.000000 -8.256522 -0.000000 0.726346 0.000000 -13.797695 -0.000000 0.726346  
 21 15 16  0.000000 -5.692945 -0.000000 -0.092883 0.000000 -3.363628 -0.000000 -0.092883 0.000000 0.047384 0.000000 -0.092883 0.000000 3.458397 0.000000 -0.092883 0.000000 5.787714 0.000000 -0.092883  
 22 16 17  0.000000 6.080026 -0.000000 0.081068 0.000000 3.632602 -0.000000 0.081068 0.000000 0.048634 0.000000 0.081068 0.000000 -3.535334 0.000000 0.081068 0.000000 -5.982759 0.000000 0.081068  
 23 17 18  0.000000 -5.525034 0.000000 -0.094400 0.000000 -3.302308 0.000000 -0.094400 0.000000 -0.047384 0.000000 -0.094400 0.000000 3.207539 -0.000000 -0.094400 0.000000 5.430265 -0.000000 -0.094400  
 24 18 15  0.000000 5.720079 0.000000 0.088777 0.000000 3.379245 0.000000 0.088777 0.000000 -0.048634 0.000000 0.088777 0.000000 -3.476512 -0.000000 0.088777 0.000000 -5.817346 -0.000000 0.088777  
