 1 1 5  -55.016644 -6.990774 -10.480184 0.175070 -42.533663 -5.090602 -7.555198 0.175070 -24.696852 -2.248203 -3.103270 0.175070 -23.271134 1.599670 2.950661 0.175070 -35.070392 3.599563 5.979261 0.175070  
 2 2 6  -72.099093 -7.619418 -11.233254 0.175070 -61.313954 -5.728357 -8.466725 0.175070 -48.727209 -2.707875 -3.952114 0.175070 -48.065380 1.954722 2.655002 0.175070 -53.533530 4.300039 6.178141 0.175070  
 3 3 7  -58.774672 -7.323690 -10.446800 0.175070 -47.026183 -5.337051 -7.714280 0.175070 -30.624700 -2.278000 -3.551726 0.175070 -28.617023 2.112577 2.472544 0.175070 -38.507600 4.180840 5.475554 0.175070  
 4 4 8  -40.017827 -6.589858 -9.437606 0.175070 -27.123333 -4.579297 -6.502847 0.175070 -7.628206 -1.543138 -2.112167 0.175070 -6.500552 1.296000 1.897620 0.175070 -19.760668 3.360221 4.890622 0.175070  
 5 5 10  -37.844187 -5.205340 -8.035875 0.211090 -23.682196 -3.126912 -4.768185 0.211090 -6.187260 0.172820 0.525469 0.211090 -26.093071 3.321607 5.413715 0.211090 -40.255998 5.404053 8.666776 0.211090  
 6 6 11  -46.046946 -5.645925 -7.882191 0.211090 -33.482280 -3.579480 -4.887510 0.211090 -23.448647 0.174159 0.669066 0.211090 -36.187478 3.717649 5.755607 0.211090 -48.835921 5.810566 8.711533 0.211090  
 7 7 12  -38.282427 -5.719590 -7.329974 0.211090 -24.950191 -3.501646 -4.364378 0.211090 -10.158681 0.137651 0.668700 0.211090 -27.746632 3.626773 5.204634 0.211090 -41.096315 5.855953 8.148369 0.211090  
 8 8 13  -28.307612 -5.189381 -7.289414 0.211090 -13.897007 -2.955538 -4.026338 0.211090 2.105001 0.031587 0.121212 0.211090 -16.225346 3.134924 4.653985 0.211090 -30.605389 5.361687 7.911158 0.211090  
 9 10 15  -14.847541 -2.849664 -2.795118 -0.039594 -7.189483 -1.407965 -1.237946 -0.039594 -5.340008 0.773507 1.111255 -0.039594 -16.604382 2.895523 3.387838 -0.039594 -24.215746 4.330183 4.930267 -0.039594  
 10 11 16  -17.673845 -3.082909 -2.560298 -0.039594 -10.605155 -1.661881 -1.107280 -0.039594 -9.572549 0.907776 1.427365 -0.039594 -19.943259 3.079975 3.468956 -0.039594 -27.160295 4.519548 4.867903 -0.039594  
 11 12 17  -14.957423 -3.122629 -2.398342 -0.039594 -7.452972 -1.591893 -0.973243 -0.039594 -5.787502 0.759502 1.196780 -0.039594 -16.726729 3.029259 3.263337 -0.039594 -24.199626 4.556160 4.668055 -0.039594  
 12 13 18  -12.094893 -2.881405 -2.611758 -0.039594 -4.276039 -1.329032 -1.075940 -0.039594 -1.986492 0.613329 0.858617 -0.039594 -13.400502 2.836344 3.162543 -0.039594 -21.230112 4.359905 4.709720 -0.039594  
 13 5 6  0.000000 -13.331286 -0.000000 -0.585567 0.000000 -7.843663 -0.000000 -0.585567 0.000000 0.192323 0.000000 -0.585567 0.000000 8.228309 0.000000 -0.585567 0.000000 13.715932 0.000000 -0.585567  
 14 6 7  0.000000 9.581460 -0.000000 0.639123 0.000000 5.726091 -0.000000 0.639123 0.000000 0.080351 0.000000 0.639123 0.000000 -5.565388 0.000000 0.639123 0.000000 -9.420757 0.000000 0.639123  
 15 7 8  0.000000 -13.653521 0.000000 -0.786977 0.000000 -8.191223 0.000000 -0.786977 0.000000 -0.192323 0.000000 -0.786977 0.000000 7.806577 -0.000000 -0.786977 0.000000 13.268876 -0.000000 -0.786977  
 16 8 5  0.000000 9.358346 0.000000 1.049498 0.000000 5.528302 0.000000 1.049498 0.000000 -0.080351 0.000000 1.049498 0.000000 -5.689005 -0.000000 1.049498 0.000000 -9.519049 -0.000000 1.049498  
 17 10 11  0.000000 -11.104258 0.000000 -0.372342 0.000000 -6.557808 0.000000 -0.372342 0.000000 0.099938 0.000000 -0.372342 0.000000 6.757684 -0.000000 -0.372342 0.000000 11.304134 -0.000000 -0.372342  
 18 11 12  0.000000 8.844180 -0.000000 0.407461 0.000000 5.278163 -0.000000 0.407461 0.000000 0.056145 0.000000 0.407461 0.000000 -5.165872 0.000000 0.407461 0.000000 -8.731890 0.000000 0.407461  
 19 12 13  0.000000 -11.187958 -0.000000 -0.456746 0.000000 -6.688651 -0.000000 -0.456746 0.000000 -0.099938 0.000000 -0.456746 0.000000 6.488775 0.000000 -0.456746 0.000000 10.988083 0.000000 -0.456746  
 20 13 10  0.000000 8.615715 0.000000 0.622389 0.000000 5.096839 0.000000 0.622389 0.000000 -0.056145 0.000000 0.622389 0.000000 -5.209129 -0.000000 0.622389 0.000000 -8.728005 -0.000000 0.622389  
 21 15 16  0.000000 -4.746337 0.000000 -0.094044 0.000000 -2.807327 0.000000 -0.094044 0.000000 0.032129 0.000000 -0.094044 0.000000 2.871584 -0.000000 -0.094044 0.000000 4.810594 -0.000000 -0.094044  
 22 16 17  0.000000 4.493494 0.000000 0.100591 0.000000 2.683783 0.000000 0.100591 0.000000 0.033671 0.000000 0.100591 0.000000 -2.616440 -0.000000 0.100591 0.000000 -4.426151 -0.000000 0.100591  
 23 17 18  0.000000 -4.689301 -0.000000 -0.101374 0.000000 -2.799509 -0.000000 -0.101374 0.000000 -0.032129 0.000000 -0.101374 0.000000 2.735252 0.000000 -0.101374 0.000000 4.625043 0.000000 -0.101374  
 24 18 15  0.000000 4.304857 -0.000000 0.118682 0.000000 2.544365 -0.000000 0.118682 0.000000 -0.033671 0.000000 0.118682 0.000000 -2.611708 0.000000 0.118682 0.000000 -4.372200 0.000000 0.118682  
