 1 1 5  -67.605984 7.948990 13.104069 -0.135472 -51.896067 5.588568 9.346829 -0.135472 -29.379000 1.988987 3.595180 -0.135472 -32.244866 -2.793551 -4.283950 -0.135472 -47.692682 -5.195750 -8.223485 -0.135472  
 2 2 6  -48.234045 7.290240 12.025687 -0.135472 -31.148471 4.912718 7.999632 -0.135472 -5.331496 1.286511 1.947134 -0.135472 -11.327371 -2.030838 -3.408468 -0.135472 -28.921304 -4.479528 -7.534160 -0.135472  
 3 3 7  -56.873304 7.476512 12.654792 -0.135472 -40.035713 5.158005 8.658032 -0.135472 -14.450500 1.645409 2.621775 -0.135472 -20.305162 -2.231080 -4.105542 -0.135472 -37.709772 -4.635347 -8.197540 -0.135472  
 4 4 8  -75.197518 8.083850 13.591313 -0.135472 -59.899874 5.773418 9.843257 -0.135472 -39.984823 2.232397 3.892536 -0.135472 -41.965262 -2.933373 -4.669084 -0.135472 -55.814479 -5.306458 -8.710917 -0.135472  
 5 5 10  -32.405749 3.473606 4.817740 -0.357922 -25.233877 1.965693 2.969315 -0.357922 -22.622463 -1.224246 -0.962525 -0.357922 -30.899191 -3.610698 -4.078127 -0.357922 -38.590690 -5.036792 -5.907516 -0.357922  
 6 6 11  -24.146845 3.032381 5.091309 -0.357922 -14.859056 1.552599 2.977308 -0.357922 -6.903745 -0.982317 -0.561138 -0.357922 -20.323162 -3.096253 -3.835728 -0.357922 -29.568058 -4.546835 -5.943392 -0.357922  
 7 7 12  -26.601986 2.967667 5.277943 -0.357922 -17.573168 1.523169 3.174529 -0.357922 -10.536028 -1.151166 -0.643398 -0.357922 -23.013610 -3.163059 -4.001069 -0.357922 -32.032447 -4.554934 -6.111485 -0.357922  
 8 8 13  -34.861526 3.402803 4.966611 -0.357922 -28.235382 1.914451 3.088476 -0.357922 -26.487317 -1.264612 -0.962206 -0.357922 -33.615225 -3.656074 -4.201982 -0.357922 -40.965969 -5.043286 -6.039260 -0.357922  
 9 10 15  -18.325861 -1.094796 4.058919 0.059640 -11.437483 -0.965231 2.192513 0.059640 -7.490670 -0.797694 -1.013771 0.059640 -17.047651 -0.424808 -3.804927 0.059640 -23.987125 -0.227852 -5.646934 0.059640  
 10 11 16  -15.085119 -1.024455 4.080922 0.059640 -7.434574 -0.846019 2.059143 0.059640 -2.430950 -0.581000 -0.715249 0.059640 -13.243824 -0.398783 -3.666157 0.059640 -20.932569 -0.230660 -5.677619 0.059640  
 11 12 17  -15.187029 -1.050793 4.087413 0.059640 -7.548411 -0.867608 2.066437 0.059640 -2.541517 -0.594718 -0.722726 0.059640 -13.328263 -0.399407 -3.672365 0.059640 -21.014389 -0.225245 -5.682848 0.059640  
 12 13 18  -18.485890 -1.123376 4.068700 0.059640 -11.612539 -0.990059 2.201968 0.059640 -7.689783 -0.816546 -1.019891 0.059640 -17.184750 -0.425989 -3.814507 0.059640 -24.113906 -0.222987 -5.655915 0.059640  
 13 5 6  0.000000 13.776243 -0.000000 -0.672007 0.000000 8.277948 -0.000000 -0.672007 0.000000 0.226333 0.000000 -0.672007 0.000000 -7.825282 0.000000 -0.672007 0.000000 -13.323578 0.000000 -0.672007  
 14 6 7  0.000000 -8.304622 0.000000 0.480087 0.000000 -4.920821 0.000000 0.480087 0.000000 0.034363 0.000000 0.480087 0.000000 4.989547 -0.000000 0.480087 0.000000 8.373349 -0.000000 0.480087  
 15 7 8  0.000000 13.361934 0.000000 -0.658268 0.000000 7.848074 0.000000 -0.658268 0.000000 -0.226333 0.000000 -0.658268 0.000000 -8.300740 -0.000000 -0.658268 0.000000 -13.814600 -0.000000 -0.658268  
 16 8 5  0.000000 -8.411705 -0.000000 0.343245 0.000000 -5.012339 -0.000000 0.343245 0.000000 -0.034363 0.000000 0.343245 0.000000 4.943613 0.000000 0.343245 0.000000 8.342978 0.000000 0.343245  
 17 10 11  0.000000 10.429393 -0.000000 -0.271547 0.000000 6.229030 -0.000000 -0.271547 0.000000 0.078088 0.000000 -0.271547 0.000000 -6.072855 0.000000 -0.271547 0.000000 -10.273217 0.000000 -0.271547  
 18 11 12  0.000000 -3.893525 0.000000 0.112509 0.000000 -2.310325 0.000000 0.112509 0.000000 0.008087 0.000000 0.112509 0.000000 2.326499 -0.000000 0.112509 0.000000 3.909699 -0.000000 0.112509  
 19 12 13  0.000000 10.318737 0.000000 -0.241848 0.000000 6.099903 0.000000 -0.241848 0.000000 -0.078088 0.000000 -0.241848 0.000000 -6.256079 -0.000000 -0.241848 0.000000 -10.474913 -0.000000 -0.241848  
 20 13 10  0.000000 -3.955219 -0.000000 0.072408 0.000000 -2.353548 -0.000000 0.072408 0.000000 -0.008087 0.000000 0.072408 0.000000 2.337374 0.000000 0.072408 0.000000 3.939045 0.000000 0.072408  
 21 15 16  0.000000 5.707711 0.000000 0.002226 0.000000 3.427258 0.000000 0.002226 0.000000 0.087799 0.000000 0.002226 0.000000 -3.251660 -0.000000 0.002226 0.000000 -5.532113 -0.000000 0.002226  
 22 16 17  0.000000 -0.164379 -0.000000 -0.019276 0.000000 -0.098910 -0.000000 -0.019276 0.000000 -0.003037 0.000000 -0.019276 0.000000 0.092835 0.000000 -0.019276 0.000000 0.158304 0.000000 -0.019276  
 23 17 18  0.000000 5.576755 -0.000000 0.001667 0.000000 3.278187 -0.000000 0.001667 0.000000 -0.087799 0.000000 0.001667 0.000000 -3.453785 0.000000 0.001667 0.000000 -5.752353 0.000000 0.001667  
 24 18 15  0.000000 -0.202946 0.000000 -0.017093 0.000000 -0.119362 0.000000 -0.017093 0.000000 0.003037 0.000000 -0.017093 0.000000 0.125437 -0.000000 -0.017093 0.000000 0.209021 -0.000000 -0.017093  
