 1 1 5  -48.492345 9.852880 1.232423 -0.738669 -39.199790 7.173084 1.325159 -0.738669 -27.011650 2.809941 1.582397 -0.738669 -27.631056 -3.394897 1.281787 -0.738669 -36.010456 -6.321865 1.021971 -0.738669  
 2 2 6  -39.166292 9.148693 1.304712 -0.738669 -29.310063 6.456914 1.301621 -0.738669 -14.564224 2.305487 1.266876 -0.738669 -15.757375 -2.789277 0.976047 -0.738669 -25.793384 -5.594609 0.797459 -0.738669  
 3 3 7  -52.004002 9.983537 1.354931 -0.738669 -43.335913 7.400330 1.427767 -0.738669 -32.707030 3.062394 1.634445 -0.738669 -32.500362 -3.199096 1.306505 -0.738669 -39.031319 -6.215498 0.945972 -0.738669  
 4 4 8  -60.706533 10.558270 1.285034 -0.738669 -52.753912 7.952540 1.427088 -0.738669 -45.531368 3.177638 1.758200 -0.738669 -45.396025 -3.288385 1.529286 -0.738669 -49.142048 -6.736607 1.176987 -0.738669  
 5 5 10  -35.128873 4.526758 6.842682 0.260404 -24.126813 2.593649 4.402524 0.260404 -11.798058 -0.796802 0.349233 0.260404 -24.628697 -3.695567 -3.844228 0.260404 -35.522523 -5.556614 -6.313054 0.260404  
 6 6 11  -29.478746 4.304247 6.575700 0.260404 -18.097415 2.389035 4.054276 0.260404 -2.981347 -0.562662 0.223597 0.260404 -18.613075 -3.371466 -3.626030 0.260404 -29.916174 -5.266405 -6.136975 0.260404  
 7 7 12  -35.937808 4.077241 7.096178 0.260404 -25.089181 2.287357 4.591684 0.260404 -13.416690 -0.916157 0.328190 0.260404 -25.724140 -3.565978 -4.055003 0.260404 -36.433138 -5.276457 -6.591068 0.260404  
 8 8 13  -41.415130 4.270598 7.327347 0.260404 -31.119735 2.451694 4.891512 0.260404 -22.733502 -0.916941 0.349675 0.260404 -31.779782 -3.853009 -4.223202 0.260404 -41.884510 -5.535274 -6.733890 0.260404  
 9 10 15  -11.277827 2.002963 0.401443 -0.036520 -8.186837 1.029859 -0.187777 -0.036520 -9.416950 -0.926317 -1.135038 -0.036520 -14.440415 -2.414407 -1.752630 -0.036520 -18.093425 -3.357792 -2.197237 -0.036520  
 10 11 16  -9.842544 1.891283 0.538345 -0.036520 -6.365092 0.947715 -0.046487 -0.036520 -7.615512 -0.872437 -1.015317 -0.036520 -13.010904 -2.325323 -1.716656 -0.036520 -16.777723 -3.262456 -2.206958 -0.036520  
 11 12 17  -11.787301 1.896689 0.581695 -0.036520 -9.157415 0.952705 -0.056798 -0.036520 -10.441543 -0.977639 -1.124955 -0.036520 -15.177934 -2.374727 -1.820448 -0.036520 -18.636638 -3.263583 -2.298461 -0.036520  
 12 13 18  -13.237158 1.996458 0.432502 -0.036520 -11.231627 0.961724 -0.222837 -0.036520 -12.260030 -1.018194 -1.230345 -0.036520 -16.595791 -2.455800 -1.848869 -0.036520 -19.899850 -3.352707 -2.283146 -0.036520  
 13 5 6  0.000000 6.034035 0.000000 -0.520618 0.000000 3.596368 0.000000 -0.520618 0.000000 0.026688 0.000000 -0.520618 0.000000 -3.542991 -0.000000 -0.520618 0.000000 -5.980658 -0.000000 -0.520618  
 14 6 7  0.000000 -10.581622 -0.000000 0.186586 0.000000 -6.242866 -0.000000 0.186586 0.000000 0.110737 0.000000 0.186586 0.000000 6.464341 0.000000 0.186586 0.000000 10.803097 0.000000 0.186586  
 15 7 8  0.000000 6.007696 -0.000000 -0.351966 0.000000 3.559058 -0.000000 -0.351966 0.000000 -0.026688 0.000000 -0.351966 0.000000 -3.612435 0.000000 -0.351966 0.000000 -6.061073 0.000000 -0.351966  
 16 8 5  0.000000 -10.830134 0.000000 0.191928 0.000000 -6.480407 0.000000 0.191928 0.000000 -0.110737 0.000000 0.191928 0.000000 6.258933 -0.000000 0.191928 0.000000 10.608660 -0.000000 0.191928  
 17 10 11  0.000000 7.112492 -0.000000 -0.274208 0.000000 4.242539 -0.000000 -0.274208 0.000000 0.039828 0.000000 -0.274208 0.000000 -4.162884 0.000000 -0.274208 0.000000 -7.032836 0.000000 -0.274208  
 18 11 12  0.000000 -7.497621 0.000000 0.298564 0.000000 -4.441808 0.000000 0.298564 0.000000 0.033074 0.000000 0.298564 0.000000 4.507956 -0.000000 0.298564 0.000000 7.563769 -0.000000 0.298564  
 19 12 13  0.000000 7.071013 0.000000 -0.191735 0.000000 4.185569 0.000000 -0.191735 0.000000 -0.039828 0.000000 -0.191735 0.000000 -4.265224 -0.000000 -0.191735 0.000000 -7.150668 -0.000000 -0.191735  
 20 13 10  0.000000 -7.601945 -0.000000 0.273654 0.000000 -4.530641 -0.000000 0.273654 0.000000 -0.033074 0.000000 0.273654 0.000000 4.464493 0.000000 0.273654 0.000000 7.535797 0.000000 0.273654  
 21 15 16  0.000000 2.249710 -0.000000 -0.051864 0.000000 1.335786 -0.000000 -0.051864 0.000000 -0.002549 0.000000 -0.051864 0.000000 -1.340885 0.000000 -0.051864 0.000000 -2.254809 0.000000 -0.051864  
 22 16 17  0.000000 -3.366080 0.000000 0.049789 0.000000 -1.989880 0.000000 0.049789 0.000000 0.025405 0.000000 0.049789 0.000000 2.040690 -0.000000 0.049789 0.000000 3.416890 -0.000000 0.049789  
 23 17 18  0.000000 2.294851 0.000000 -0.039496 0.000000 1.364678 0.000000 -0.039496 0.000000 0.002549 0.000000 -0.039496 0.000000 -1.359580 -0.000000 -0.039496 0.000000 -2.289752 -0.000000 -0.039496  
 24 18 15  0.000000 -3.456932 -0.000000 0.041081 0.000000 -2.064484 -0.000000 0.041081 0.000000 -0.025405 0.000000 0.041081 0.000000 2.013673 0.000000 0.041081 0.000000 3.406121 0.000000 0.041081  
