 1 1 5  -39.296277 -4.422800 -3.124703 -0.010847 -36.629074 -3.323575 -2.401029 -0.010847 -35.532469 -1.265330 -0.980985 -0.010847 -35.539709 1.011984 0.642543 -0.010847 -35.600085 2.543925 1.726468 -0.010847  
 2 2 6  -44.325507 -4.585073 -3.232799 -0.010847 -42.140400 -3.423943 -2.476564 -0.010847 -41.611393 -1.266174 -0.986707 -0.010847 -41.620724 1.012370 0.615823 -0.010847 -41.562232 2.567925 1.709903 -0.010847  
 3 3 7  -38.866706 -4.429274 -3.090970 -0.010847 -36.154322 -3.323567 -2.380398 -0.010847 -34.998587 -1.255854 -0.985988 -0.010847 -35.006466 1.044506 0.615509 -0.010847 -35.083799 2.586679 1.684239 -0.010847  
 4 4 8  -33.967053 -4.239092 -2.969555 -0.010847 -30.789775 -3.186540 -2.278137 -0.010847 -28.803340 -1.254885 -0.980247 -0.010847 -28.810718 1.043764 0.641903 -0.010847 -29.275857 2.513541 1.658125 -0.010847  
 5 5 10  -24.094564 -1.760334 -1.726467 -0.005345 -23.686652 -0.943212 -1.031796 -0.005345 -23.709336 0.372022 0.105310 -0.005345 -23.765197 1.669420 1.224055 -0.005345 -24.869832 2.366488 1.815444 -0.005345  
 6 6 11  -27.297078 -1.804583 -1.725377 -0.005345 -27.137501 -0.943571 -1.003098 -0.005345 -27.161389 0.371986 0.108955 -0.005345 -27.127521 1.686954 1.219650 -0.005345 -27.880118 2.439065 1.843415 -0.005345  
 7 7 12  -24.286254 -1.815587 -1.683413 -0.005345 -23.888731 -0.978545 -1.002720 -0.005345 -23.911390 0.364832 0.108865 -0.005345 -23.958657 1.691119 1.204171 -0.005345 -25.049950 2.407749 1.782243 -0.005345  
 8 8 13  -21.160927 -1.753564 -1.667335 -0.005345 -20.391143 -0.978197 -1.031373 -0.005345 -20.414401 0.364661 0.105108 -0.005345 -20.649587 1.655376 1.192171 -0.005345 -22.108672 2.320038 1.743994 -0.005345  
 9 10 15  -11.663519 -0.556891 -1.119176 -0.001885 -11.440699 -0.160043 -0.542188 -0.001885 -11.446858 0.477833 0.371859 -0.001885 -12.188704 0.991546 1.154868 -0.001885 -13.423745 1.259533 1.582868 -0.001885  
 10 11 16  -12.839113 -0.574026 -1.110749 -0.001885 -12.733720 -0.160033 -0.524363 -0.001885 -12.739260 0.477888 0.370150 -0.001885 -13.285974 1.020151 1.164484 -0.001885 -14.406171 1.295604 1.594073 -0.001885  
 11 12 17  -11.886577 -0.585577 -1.094581 -0.001885 -11.696654 -0.174914 -0.524311 -0.001885 -11.702516 0.477372 0.370055 -0.001885 -12.400859 1.011101 1.141167 -0.001885 -13.607009 1.288867 1.561353 -0.001885  
 12 13 18  -10.742508 -0.563807 -1.096396 -0.001885 -10.392935 -0.174925 -0.542135 -0.001885 -10.399025 0.477310 0.371768 -0.001885 -11.318571 0.981001 1.127797 -0.001885 -12.637577 1.252333 1.547239 -0.001885  
 13 5 6  0.000000 -3.386495 -0.000000 -0.046937 0.000000 -2.009904 -0.000000 -0.046937 0.000000 0.005953 0.000000 -0.046937 0.000000 2.021810 0.000000 -0.046937 0.000000 3.398401 0.000000 -0.046937  
 14 6 7  0.000000 4.368675 -0.000000 0.043081 0.000000 2.599074 -0.000000 0.043081 0.000000 0.007700 0.000000 0.043081 0.000000 -2.583675 0.000000 0.043081 0.000000 -4.353275 0.000000 0.043081  
 15 7 8  0.000000 -3.396948 0.000000 -0.070156 0.000000 -2.020947 0.000000 -0.070156 0.000000 -0.005953 0.000000 -0.070156 0.000000 2.009040 -0.000000 -0.070156 0.000000 3.385041 -0.000000 -0.070156  
 16 8 5  0.000000 4.351822 0.000000 0.061937 0.000000 2.582811 0.000000 0.061937 0.000000 -0.007700 0.000000 0.061937 0.000000 -2.598211 -0.000000 0.061937 0.000000 -4.367222 -0.000000 0.061937  
 17 10 11  0.000000 -2.969124 -0.000000 -0.034416 0.000000 -1.762958 -0.000000 -0.034416 0.000000 0.003331 0.000000 -0.034416 0.000000 1.769620 0.000000 -0.034416 0.000000 2.975786 0.000000 -0.034416  
 18 11 12  0.000000 3.026160 -0.000000 0.030117 0.000000 1.799426 -0.000000 0.030117 0.000000 0.003017 0.000000 0.030117 0.000000 -1.793392 0.000000 0.030117 0.000000 -3.020126 0.000000 0.030117  
 19 12 13  0.000000 -2.973748 0.000000 -0.046462 0.000000 -1.768409 0.000000 -0.046462 0.000000 -0.003331 0.000000 -0.046462 0.000000 1.761748 -0.000000 -0.046462 0.000000 2.967086 -0.000000 -0.046462  
 20 13 10  0.000000 3.018088 0.000000 0.041312 0.000000 1.792181 0.000000 0.041312 0.000000 -0.003017 0.000000 0.041312 0.000000 -1.798215 -0.000000 0.041312 0.000000 -3.024122 -0.000000 0.041312  
 21 15 16  0.000000 -1.645329 0.000000 -0.017450 0.000000 -0.975938 0.000000 -0.017450 0.000000 0.004308 0.000000 -0.017450 0.000000 0.984553 -0.000000 -0.017450 0.000000 1.653945 -0.000000 -0.017450  
 22 16 17  0.000000 1.330664 0.000000 0.014969 0.000000 0.791777 0.000000 0.014969 0.000000 0.002639 0.000000 0.014969 0.000000 -0.786499 -0.000000 0.014969 0.000000 -1.325386 -0.000000 0.014969  
 23 17 18  0.000000 -1.651773 -0.000000 -0.018493 0.000000 -0.983263 -0.000000 -0.018493 0.000000 -0.004308 0.000000 -0.018493 0.000000 0.974648 0.000000 -0.018493 0.000000 1.643158 0.000000 -0.018493  
 24 18 15  0.000000 1.323214 -0.000000 0.017457 0.000000 0.785208 -0.000000 0.017457 0.000000 -0.002639 0.000000 0.017457 0.000000 -0.790486 0.000000 0.017457 0.000000 -1.328492 0.000000 0.017457  
