 1 1 5  -37.901062 -0.813741 0.133826 0.000086 -37.922697 -0.594513 0.142940 0.000086 -37.948652 -0.273379 0.156293 0.000086 -37.950488 0.046872 0.170317 0.000086 -37.935167 0.266092 0.179551 0.000086  
 2 2 6  -36.014276 -0.814447 0.134456 0.000086 -36.036069 -0.595125 0.143622 0.000086 -36.062576 -0.273856 0.157030 0.000086 -36.065691 0.047317 0.170340 0.000086 -36.048953 0.266685 0.179493 0.000086  
 3 3 7  -34.029631 -0.815124 0.135274 0.000086 -34.051249 -0.595840 0.144330 0.000086 -34.077118 -0.274623 0.157560 0.000086 -34.079415 0.047436 0.169847 0.000086 -34.064000 0.266834 0.178827 0.000086  
 4 4 8  -35.915448 -0.814481 0.134584 0.000086 -35.936991 -0.595301 0.143577 0.000086 -35.963070 -0.274255 0.156706 0.000086 -35.966401 0.047103 0.169998 0.000086 -35.949821 0.266351 0.179004 0.000086  
 5 5 10  -25.398181 -0.652926 0.710712 0.000029 -25.405073 -0.406912 0.497063 0.000029 -25.410089 -0.046904 0.184413 0.000029 -25.401585 0.313310 -0.128384 0.000029 -25.393362 0.559354 -0.342078 0.000029  
 6 6 11  -23.894936 -0.653182 0.710740 0.000029 -23.901912 -0.407134 0.497086 0.000029 -23.908086 -0.046851 0.184179 0.000029 -23.898292 0.313473 -0.128770 0.000029 -23.889982 0.559531 -0.342468 0.000029  
 7 7 12  -22.591142 -0.653094 0.710984 0.000029 -22.598004 -0.407091 0.497311 0.000029 -22.603322 -0.046541 0.184082 0.000029 -22.594571 0.313814 -0.128978 0.000029 -22.586323 0.559833 -0.342700 0.000029  
 8 8 13  -24.093783 -0.652855 0.710948 0.000029 -24.100681 -0.406889 0.497274 0.000029 -24.107076 -0.046578 0.184401 0.000029 -24.097253 0.313678 -0.128565 0.000029 -24.088996 0.559670 -0.342294 0.000029  
 9 10 15  -12.576727 -0.519490 0.797717 0.000468 -12.580476 -0.266001 0.447017 0.000468 -12.582008 0.105135 -0.066484 0.000468 -12.577811 0.476349 -0.580014 0.000468 -12.660790 0.713434 -0.913730 0.000468  
 10 11 16  -11.915941 -0.517965 0.797696 0.000468 -11.911593 -0.266051 0.447784 0.000468 -11.913098 0.105152 -0.067036 0.000468 -11.908888 0.476406 -0.581864 0.000468 -12.030690 0.706873 -0.909079 0.000468  
 11 12 17  -11.406319 -0.516935 0.795560 0.000468 -11.390898 -0.266577 0.447840 0.000468 -11.392399 0.105593 -0.067061 0.000468 -11.388175 0.477761 -0.581924 0.000468 -11.544029 0.702866 -0.903048 0.000468  
 12 13 18  -12.062333 -0.519653 0.796744 0.000468 -12.061030 -0.266533 0.447068 0.000468 -12.062523 0.105581 -0.066504 0.000468 -12.058302 0.477705 -0.580073 0.000468 -12.171286 0.710268 -0.908125 0.000468  
 13 5 6  0.000000 0.528985 0.000000 -0.000454 0.000000 0.314293 0.000000 -0.000454 0.000000 -0.000100 0.000000 -0.000454 0.000000 -0.314492 -0.000000 -0.000454 0.000000 -0.529185 -0.000000 -0.000454  
 14 6 7  0.000000 0.940755 -0.000000 0.000498 0.000000 0.558976 -0.000000 0.000498 0.000000 -0.000095 0.000000 0.000498 0.000000 -0.559166 0.000000 0.000498 0.000000 -0.940945 0.000000 0.000498  
 15 7 8  0.000000 0.529208 -0.000000 -0.000388 0.000000 0.314506 -0.000000 -0.000388 0.000000 0.000100 0.000000 -0.000388 0.000000 -0.314307 0.000000 -0.000388 0.000000 -0.529009 0.000000 -0.000388  
 16 8 5  0.000000 0.940921 0.000000 0.000424 0.000000 0.559152 0.000000 0.000424 0.000000 0.000095 0.000000 0.000424 0.000000 -0.558962 -0.000000 0.000424 0.000000 -0.940731 -0.000000 0.000424  
 17 10 11  0.000000 1.159526 0.000000 0.000866 0.000000 0.689042 0.000000 0.000866 0.000000 0.000072 0.000000 0.000866 0.000000 -0.688898 -0.000000 0.000866 0.000000 -1.159382 -0.000000 0.000866  
 18 11 12  0.000000 1.089245 -0.000000 -0.000913 0.000000 0.647268 -0.000000 -0.000913 0.000000 0.000044 0.000000 -0.000913 0.000000 -0.647180 0.000000 -0.000913 0.000000 -1.089157 0.000000 -0.000913  
 19 12 13  0.000000 1.159417 -0.000000 0.001233 0.000000 0.688919 -0.000000 0.001233 0.000000 -0.000072 0.000000 0.001233 0.000000 -0.689063 0.000000 0.001233 0.000000 -1.159561 0.000000 0.001233  
 20 13 10  0.000000 1.089122 0.000000 -0.000641 0.000000 0.647159 0.000000 -0.000641 0.000000 -0.000044 0.000000 -0.000641 0.000000 -0.647247 -0.000000 -0.000641 0.000000 -1.089210 -0.000000 -0.000641  
 21 15 16  0.000000 0.916522 -0.000000 0.001588 0.000000 0.544785 -0.000000 0.001588 0.000000 0.000418 0.000000 0.001588 0.000000 -0.543948 0.000000 0.001588 0.000000 -0.915686 0.000000 0.001588  
 22 16 17  0.000000 0.712014 0.000000 -0.001531 0.000000 0.423217 0.000000 -0.001531 0.000000 0.000308 0.000000 -0.001531 0.000000 -0.422602 -0.000000 -0.001531 0.000000 -0.711399 -0.000000 -0.001531  
 23 17 18  0.000000 0.915707 0.000000 0.001896 0.000000 0.543961 0.000000 0.001896 0.000000 -0.000418 0.000000 0.001896 0.000000 -0.544797 -0.000000 0.001896 0.000000 -0.916543 -0.000000 0.001896  
 24 18 15  0.000000 0.711378 -0.000000 -0.001320 0.000000 0.422590 -0.000000 -0.001320 0.000000 -0.000308 0.000000 -0.001320 0.000000 -0.423205 0.000000 -0.001320 0.000000 -0.711993 0.000000 -0.001320  
