 1 1 5  -37.600909 -1.172725 1.740847 0.000186 -37.628018 -0.809663 1.214843 0.000186 -37.659900 -0.277820 0.444539 0.000186 -37.662407 0.253238 -0.324719 0.000186 -37.643577 0.616393 -0.850674 0.000186  
 2 2 6  -35.496120 -1.173559 1.741943 0.000186 -35.523386 -0.810377 1.215961 0.000186 -35.555874 -0.278376 0.445663 0.000186 -35.559206 0.253741 -0.324904 0.000186 -35.539075 0.617017 -0.850991 0.000186  
 3 3 7  -34.313101 -1.174340 1.742980 0.000186 -34.340135 -0.811150 1.216846 0.000186 -34.371869 -0.279136 0.446298 0.000186 -34.374380 0.253958 -0.325447 0.000186 -34.355536 0.617277 -0.851803 0.000186  
 4 4 8  -36.416757 -1.173507 1.741903 0.000186 -36.443831 -0.810459 1.215732 0.000186 -36.476084 -0.278654 0.445144 0.000186 -36.479700 0.253455 -0.325282 0.000186 -36.459557 0.616682 -0.851480 0.000186  
 5 5 10  -24.726843 -0.311965 0.635200 0.000059 -24.736450 -0.134134 0.314887 0.000059 -24.744064 0.125977 -0.153725 0.000059 -24.733890 0.386273 -0.622515 0.000059 -24.724112 0.564070 -0.942705 0.000059  
 6 6 11  -23.739255 -0.312284 0.635115 0.000059 -23.749006 -0.134385 0.314976 0.000059 -23.757825 0.126064 -0.153917 0.000059 -23.746608 0.386468 -0.622600 0.000059 -23.736665 0.564306 -0.942602 0.000059  
 7 7 12  -23.255890 -0.312108 0.635425 0.000059 -23.265507 -0.134317 0.315248 0.000059 -23.273296 0.126253 -0.154021 0.000059 -23.263077 0.386577 -0.622877 0.000059 -23.253187 0.564302 -0.942918 0.000059  
 8 8 13  -24.242898 -0.311800 0.635515 0.000059 -24.252534 -0.134074 0.315169 0.000059 -24.261252 0.126145 -0.153815 0.000059 -24.249794 0.386402 -0.622780 0.000059 -24.239993 0.564079 -0.943014 0.000059  
 9 10 15  -12.187826 0.045463 0.043938 0.000018 -12.192644 0.068928 -0.044306 0.000018 -12.194525 0.103252 -0.173393 0.000018 -12.188536 0.137622 -0.302568 0.000018 -12.182524 0.161071 -0.390814 0.000018  
 10 11 16  -11.916597 0.045413 0.043908 0.000018 -11.921446 0.068894 -0.044298 0.000018 -11.923358 0.103278 -0.173437 0.000018 -11.917320 0.137685 -0.302619 0.000018 -11.911282 0.161145 -0.390819 0.000018  
 11 12 17  -11.806953 0.045465 0.043984 0.000018 -11.811754 0.068916 -0.044243 0.000018 -11.813637 0.103326 -0.173475 0.000018 -11.807666 0.137707 -0.302684 0.000018 -11.801654 0.161139 -0.390902 0.000018  
 12 13 18  -12.078225 0.045514 0.044015 0.000018 -12.083041 0.068953 -0.044247 0.000018 -12.084869 0.103307 -0.173427 0.000018 -12.078915 0.137644 -0.302635 0.000018 -12.072914 0.161066 -0.390898 0.000018  
 13 5 6  0.000000 1.542535 0.000000 -0.000514 0.000000 0.916550 0.000000 -0.000514 0.000000 -0.000131 0.000000 -0.000514 0.000000 -0.916813 -0.000000 -0.000514 0.000000 -1.542797 -0.000000 -0.000514  
 14 6 7  0.000000 0.966715 0.000000 0.000606 0.000000 0.574409 0.000000 0.000606 0.000000 -0.000078 0.000000 0.000606 0.000000 -0.574565 -0.000000 0.000606 0.000000 -0.966872 -0.000000 0.000606  
 15 7 8  0.000000 1.542823 -0.000000 -0.000506 0.000000 0.916828 -0.000000 -0.000506 0.000000 0.000131 0.000000 -0.000506 0.000000 -0.916565 0.000000 -0.000506 0.000000 -1.542560 0.000000 -0.000506  
 16 8 5  0.000000 0.966846 -0.000000 0.000622 0.000000 0.574550 -0.000000 0.000622 0.000000 0.000078 0.000000 0.000622 0.000000 -0.574393 0.000000 0.000622 0.000000 -0.966689 0.000000 0.000622  
 17 10 11  0.000000 0.988633 0.000000 -0.000186 0.000000 0.587455 0.000000 -0.000186 0.000000 -0.000025 0.000000 -0.000186 0.000000 -0.587504 -0.000000 -0.000186 0.000000 -0.988683 -0.000000 -0.000186  
 18 11 12  0.000000 0.516609 0.000000 0.000244 0.000000 0.306972 0.000000 0.000244 0.000000 -0.000016 0.000000 0.000244 0.000000 -0.307005 -0.000000 0.000244 0.000000 -0.516641 -0.000000 0.000244  
 19 12 13  0.000000 0.988720 -0.000000 -0.000180 0.000000 0.587527 -0.000000 -0.000180 0.000000 0.000025 0.000000 -0.000180 0.000000 -0.587477 0.000000 -0.000180 0.000000 -0.988671 0.000000 -0.000180  
 20 13 10  0.000000 0.516604 -0.000000 0.000240 0.000000 0.306982 -0.000000 0.000240 0.000000 0.000016 0.000000 0.000240 0.000000 -0.306950 0.000000 0.000240 0.000000 -0.516571 0.000000 0.000240  
 21 15 16  0.000000 0.374534 -0.000000 -0.000026 0.000000 0.222547 -0.000000 -0.000026 0.000000 -0.000021 0.000000 -0.000026 0.000000 -0.222588 0.000000 -0.000026 0.000000 -0.374575 0.000000 -0.000026  
 22 16 17  0.000000 0.151442 -0.000000 0.000035 0.000000 0.089987 -0.000000 0.000035 0.000000 -0.000006 0.000000 0.000035 0.000000 -0.090000 0.000000 0.000035 0.000000 -0.151454 0.000000 0.000035  
 23 17 18  0.000000 0.374613 0.000000 -0.000025 0.000000 0.222610 0.000000 -0.000025 0.000000 0.000021 0.000000 -0.000025 0.000000 -0.222569 -0.000000 -0.000025 0.000000 -0.374571 -0.000000 -0.000025  
 24 18 15  0.000000 0.151417 0.000000 0.000036 0.000000 0.089977 0.000000 0.000036 0.000000 0.000006 0.000000 0.000036 0.000000 -0.089965 -0.000000 0.000036 0.000000 -0.151405 -0.000000 0.000036  
