 1 1 5  -37.935519 -1.109691 2.304228 0.000418 -37.964967 -0.786040 1.607485 0.000418 -37.999466 -0.311856 0.587201 0.000418 -38.001128 0.161732 -0.431919 0.000418 -37.980261 0.485535 -1.128570 0.000418  
 2 2 6  -35.439656 -1.110371 2.305418 0.000418 -35.469200 -0.786616 1.608699 0.000418 -35.504316 -0.312331 0.588393 0.000418 -35.506526 0.162116 -0.432161 0.000418 -35.484595 0.485982 -1.128957 0.000418  
 3 3 7  -33.972244 -1.111030 2.306543 0.000418 -34.001540 -0.787277 1.609653 0.000418 -34.035709 -0.313037 0.589046 0.000418 -34.037422 0.162269 -0.432744 0.000418 -34.016747 0.486166 -1.129825 0.000418  
 4 4 8  -36.467194 -1.110343 2.305375 0.000418 -36.496530 -0.786695 1.608461 0.000418 -36.531247 -0.312566 0.587868 0.000418 -36.533653 0.161824 -0.432542 0.000418 -36.511780 0.485669 -1.129474 0.000418  
 5 5 10  -24.842554 -0.558206 0.832341 0.000101 -24.852165 -0.290849 0.391829 0.000101 -24.859666 0.100442 -0.252759 0.000101 -24.849346 0.491834 -0.897614 0.000101 -24.839419 0.759128 -1.338056 0.000101  
 6 6 11  -23.824350 -0.558494 0.832221 0.000101 -23.834051 -0.291062 0.391888 0.000101 -23.842493 0.100530 -0.252992 0.000101 -23.831374 0.491996 -0.897708 0.000101 -23.821364 0.759349 -1.337920 0.000101  
 7 7 12  -23.140424 -0.558401 0.832514 0.000101 -23.150032 -0.291061 0.392132 0.000101 -23.157814 0.100607 -0.253150 0.000101 -23.147371 0.492071 -0.898030 0.000101 -23.137414 0.759347 -1.338281 0.000101  
 8 8 13  -24.158225 -0.558124 0.832631 0.000101 -24.167815 -0.290855 0.392065 0.000101 -24.176205 0.100491 -0.252907 0.000101 -24.165021 0.491908 -0.897940 0.000101 -24.155089 0.759124 -1.338415 0.000101  
 9 10 15  -12.174943 0.042712 -0.200397 0.000008 -12.180462 0.082273 -0.218917 0.000008 -12.183174 0.140157 -0.245945 0.000008 -12.176819 0.198087 -0.273039 0.000008 -12.170194 0.237635 -0.291559 0.000008  
 10 11 16  -11.980548 0.042679 -0.200421 0.000008 -11.986085 0.082253 -0.218906 0.000008 -11.988783 0.140183 -0.245981 0.000008 -11.982376 0.198137 -0.273093 0.000008 -11.975739 0.237691 -0.291567 0.000008  
 11 12 17  -11.817988 0.042704 -0.200379 0.000008 -11.823503 0.082252 -0.218877 0.000008 -11.826132 0.140218 -0.246026 0.000008 -11.819785 0.198158 -0.273145 0.000008 -11.813174 0.237688 -0.291630 0.000008  
 12 13 18  -12.012413 0.042735 -0.200355 0.000008 -12.017929 0.082272 -0.218890 0.000008 -12.020613 0.140194 -0.245990 0.000008 -12.014254 0.198109 -0.273091 0.000008 -12.007641 0.237632 -0.291622 0.000008  
 13 5 6  0.000000 2.040316 0.000000 -0.000402 0.000000 1.212337 0.000000 -0.000402 0.000000 -0.000144 0.000000 -0.000402 0.000000 -1.212624 -0.000000 -0.000402 0.000000 -2.040604 -0.000000 -0.000402  
 14 6 7  0.000000 1.082757 -0.000000 0.000631 0.000000 0.643369 -0.000000 0.000631 0.000000 -0.000065 0.000000 0.000631 0.000000 -0.643499 0.000000 0.000631 0.000000 -1.082888 0.000000 0.000631  
 15 7 8  0.000000 2.040627 -0.000000 -0.000425 0.000000 1.212638 -0.000000 -0.000425 0.000000 0.000144 0.000000 -0.000425 0.000000 -1.212351 0.000000 -0.000425 0.000000 -2.040340 0.000000 -0.000425  
 16 8 5  0.000000 1.082865 0.000000 0.000652 0.000000 0.643485 0.000000 0.000652 0.000000 0.000065 0.000000 0.000652 0.000000 -0.643354 -0.000000 0.000652 0.000000 -1.082734 -0.000000 0.000652  
 17 10 11  0.000000 1.137134 0.000000 -0.000157 0.000000 0.675697 0.000000 -0.000157 0.000000 -0.000024 0.000000 -0.000157 0.000000 -0.675745 -0.000000 -0.000157 0.000000 -1.137182 -0.000000 -0.000157  
 18 11 12  0.000000 0.720286 0.000000 0.000254 0.000000 0.428002 0.000000 0.000254 0.000000 -0.000014 0.000000 0.000254 0.000000 -0.428031 -0.000000 0.000254 0.000000 -0.720315 -0.000000 0.000254  
 19 12 13  0.000000 1.137215 -0.000000 -0.000161 0.000000 0.675765 -0.000000 -0.000161 0.000000 0.000024 0.000000 -0.000161 0.000000 -0.675717 0.000000 -0.000161 0.000000 -1.137168 0.000000 -0.000161  
 20 13 10  0.000000 0.720281 -0.000000 0.000252 0.000000 0.428011 -0.000000 0.000252 0.000000 0.000014 0.000000 0.000252 0.000000 -0.427982 0.000000 0.000252 0.000000 -0.720253 0.000000 0.000252  
 21 15 16  0.000000 0.268476 -0.000000 -0.000018 0.000000 0.159524 -0.000000 -0.000018 0.000000 -0.000022 0.000000 -0.000018 0.000000 -0.159569 0.000000 -0.000018 0.000000 -0.268520 0.000000 -0.000018  
 22 16 17  0.000000 0.224527 0.000000 0.000024 0.000000 0.133414 0.000000 0.000024 0.000000 -0.000009 0.000000 0.000024 0.000000 -0.133432 -0.000000 0.000024 0.000000 -0.224545 -0.000000 0.000024  
 23 17 18  0.000000 0.268554 0.000000 -0.000017 0.000000 0.159589 0.000000 -0.000017 0.000000 0.000022 0.000000 -0.000017 0.000000 -0.159544 -0.000000 -0.000017 0.000000 -0.268509 -0.000000 -0.000017  
 24 18 15  0.000000 0.224511 -0.000000 0.000024 0.000000 0.133412 -0.000000 0.000024 0.000000 0.000009 0.000000 0.000024 0.000000 -0.133395 0.000000 0.000024 0.000000 -0.224493 0.000000 0.000024  
