 1 1 5  -36.051590 0.491117 0.476375 0.000061 -36.053282 0.345148 0.342695 0.000061 -36.055569 0.131385 0.146909 0.000061 -36.056196 -0.082412 -0.048825 0.000061 -36.054731 -0.228409 -0.182519 0.000061  
 2 2 6  -35.246885 0.491204 0.476448 0.000061 -35.248556 0.345228 0.342783 0.000061 -35.250820 0.131439 0.147030 0.000061 -35.251098 -0.082478 -0.048811 0.000061 -35.249836 -0.228499 -0.182532 0.000061  
 3 3 7  -35.942382 0.491135 0.476392 0.000061 -35.944086 0.345150 0.342727 0.000061 -35.946436 0.131356 0.146970 0.000061 -35.946974 -0.082460 -0.048806 0.000061 -35.945459 -0.228460 -0.182500 0.000061  
 4 4 8  -36.747224 0.491042 0.476321 0.000061 -36.748924 0.345065 0.342642 0.000061 -36.751176 0.131296 0.146858 0.000061 -36.751817 -0.082360 -0.048821 0.000061 -36.750402 -0.228357 -0.182489 0.000061  
 5 5 10  -24.034248 0.210904 0.309785 -0.000009 -24.035138 0.112917 0.174432 -0.000009 -24.036035 -0.030593 -0.023779 -0.000009 -24.035026 -0.174097 -0.221975 -0.000009 -24.034097 -0.272081 -0.357321 -0.000009  
 6 6 11  -23.597540 0.210917 0.309789 -0.000009 -23.598429 0.112926 0.174456 -0.000009 -23.599199 -0.030614 -0.023765 -0.000009 -23.598211 -0.174120 -0.221993 -0.000009 -23.597316 -0.272104 -0.357326 -0.000009  
 7 7 12  -23.963989 0.210946 0.309763 -0.000009 -23.964900 0.112942 0.174431 -0.000009 -23.965830 -0.030594 -0.023766 -0.000009 -23.964674 -0.174106 -0.221970 -0.000009 -23.963761 -0.272105 -0.357301 -0.000009  
 8 8 13  -24.400753 0.210933 0.309759 -0.000009 -24.401657 0.112933 0.174409 -0.000009 -24.402511 -0.030567 -0.023783 -0.000009 -24.401528 -0.174081 -0.221952 -0.000009 -24.400594 -0.272081 -0.357296 -0.000009  
 9 10 15  -12.007069 0.068268 0.057817 -0.000001 -12.007413 0.020200 0.007479 -0.000001 -12.007617 -0.050191 -0.066241 -0.000001 -12.007151 -0.120579 -0.139957 -0.000001 -12.006783 -0.168644 -0.190290 -0.000001  
 10 11 16  -11.873795 0.068270 0.057808 -0.000001 -11.874131 0.020202 0.007478 -0.000001 -11.874288 -0.050194 -0.066250 -0.000001 -11.873866 -0.120582 -0.139962 -0.000001 -11.873505 -0.168647 -0.190288 -0.000001  
 11 12 17  -11.992507 0.068274 0.057805 -0.000001 -11.992849 0.020205 0.007475 -0.000001 -11.992998 -0.050188 -0.066247 -0.000001 -11.992574 -0.120581 -0.139959 -0.000001 -11.992212 -0.168648 -0.190285 -0.000001  
 12 13 18  -12.125778 0.068272 0.057814 -0.000001 -12.126124 0.020203 0.007477 -0.000001 -12.126320 -0.050185 -0.066238 -0.000001 -12.125857 -0.120578 -0.139954 -0.000001 -12.125487 -0.168645 -0.190286 -0.000001  
 13 5 6  0.000000 0.508289 -0.000000 0.000053 0.000000 0.302032 -0.000000 0.000053 0.000000 -0.000008 0.000000 0.000053 0.000000 -0.302047 0.000000 0.000053 0.000000 -0.508304 0.000000 0.000053  
 14 6 7  0.000000 -0.454549 -0.000000 -0.000026 0.000000 -0.270105 -0.000000 -0.000026 0.000000 -0.000008 0.000000 -0.000026 0.000000 0.270088 0.000000 -0.000026 0.000000 0.454532 0.000000 -0.000026  
 15 7 8  0.000000 0.508301 0.000000 0.000065 0.000000 0.302045 0.000000 0.000065 0.000000 0.000008 0.000000 0.000065 0.000000 -0.302030 -0.000000 0.000065 0.000000 -0.508286 -0.000000 0.000065  
 16 8 5  0.000000 -0.454529 0.000000 -0.000026 0.000000 -0.270086 0.000000 -0.000026 0.000000 0.000008 0.000000 -0.000026 0.000000 0.270103 -0.000000 -0.000026 0.000000 0.454546 -0.000000 -0.000026  
 17 10 11  0.000000 0.419112 0.000000 0.000016 0.000000 0.249043 0.000000 0.000016 0.000000 -0.000003 0.000000 0.000016 0.000000 -0.249049 -0.000000 0.000016 0.000000 -0.419118 -0.000000 0.000016  
 18 11 12  0.000000 -0.342212 0.000000 -0.000016 0.000000 -0.203350 0.000000 -0.000016 0.000000 -0.000001 0.000000 -0.000016 0.000000 0.203347 -0.000000 -0.000016 0.000000 0.342210 -0.000000 -0.000016  
 19 12 13  0.000000 0.419114 -0.000000 0.000018 0.000000 0.249047 -0.000000 0.000018 0.000000 0.000003 0.000000 0.000018 0.000000 -0.249041 0.000000 0.000018 0.000000 -0.419108 0.000000 0.000018  
 20 13 10  0.000000 -0.342206 -0.000000 -0.000016 0.000000 -0.203345 -0.000000 -0.000016 0.000000 0.000001 0.000000 -0.000016 0.000000 0.203347 0.000000 -0.000016 0.000000 0.342209 0.000000 -0.000016  
 21 15 16  0.000000 0.184079 -0.000000 0.000000 0.000000 0.109383 -0.000000 0.000000 0.000000 -0.000001 0.000000 0.000000 0.000000 -0.109386 0.000000 0.000000 0.000000 -0.184082 0.000000 0.000000  
 22 16 17  0.000000 -0.163941 -0.000000 -0.000001 0.000000 -0.097417 -0.000000 -0.000001 0.000000 -0.000000 0.000000 -0.000001 0.000000 0.097417 0.000000 -0.000001 0.000000 0.163941 0.000000 -0.000001  
 23 17 18  0.000000 0.184078 0.000000 0.000000 0.000000 0.109383 0.000000 0.000000 0.000000 0.000001 0.000000 0.000000 0.000000 -0.109381 -0.000000 0.000000 0.000000 -0.184076 -0.000000 0.000000  
 24 18 15  0.000000 -0.163937 0.000000 -0.000001 0.000000 -0.097414 0.000000 -0.000001 0.000000 0.000000 0.000000 -0.000001 0.000000 0.097415 -0.000000 -0.000001 0.000000 0.163937 -0.000000 -0.000001  
