 1 1 5  -31.558792 -1.226134 -2.027946 -0.009377 -32.889810 -0.779241 -1.504237 -0.009377 -34.410195 0.040014 -0.567766 -0.009377 -34.318215 0.828661 0.325796 -0.009377 -33.234971 1.396473 0.965255 -0.009377  
 2 2 6  -36.653185 -1.197224 -2.002177 -0.009377 -38.394133 -0.696096 -1.403094 -0.009377 -39.687809 0.053696 -0.534935 -0.009377 -39.631095 0.804406 0.329023 -0.009377 -38.665192 1.333610 0.943664 -0.009377  
 3 3 7  -36.252637 -1.269755 -2.080218 -0.009377 -37.916392 -0.781205 -1.477456 -0.009377 -39.303021 0.021314 -0.547075 -0.009377 -39.224404 0.804527 0.348640 -0.009377 -38.142956 1.353722 1.003514 -0.009377  
 4 4 8  -31.303623 -1.293948 -2.098789 -0.009377 -32.417920 -0.859984 -1.579258 -0.009377 -33.961296 0.009254 -0.582889 -0.009377 -33.869998 0.827308 0.348284 -0.009377 -32.778047 1.413442 1.023058 -0.009377  
 5 5 10  -21.719243 1.453596 -0.890064 0.000828 -22.460034 0.871490 -0.635673 0.000828 -22.757052 0.000403 -0.277140 0.000828 -22.256031 -0.863762 0.090961 0.000828 -21.359164 -1.439657 0.355018 0.000828  
 6 6 11  -25.687892 1.476983 -0.902195 0.000828 -26.417187 0.886029 -0.645475 0.000828 -26.686990 -0.000279 -0.300437 0.000828 -26.242799 -0.885011 0.044622 0.000828 -25.364408 -1.469143 0.308953 0.000828  
 7 7 12  -25.127949 1.496355 -0.927263 0.000828 -25.904631 0.895539 -0.660529 0.000828 -26.198404 0.011039 -0.300695 0.000828 -25.726146 -0.868018 0.063723 0.000828 -24.802505 -1.461027 0.338782 0.000828  
 8 8 13  -21.219775 1.469221 -0.911762 0.000828 -21.938917 0.881026 -0.651038 0.000828 -22.243231 0.011274 -0.277387 0.000828 -21.725500 -0.847360 0.110706 0.000828 -20.835323 -1.430889 0.384429 0.000828  
 9 10 15  -14.303474 -1.238780 -2.390836 -0.012130 -11.331774 -0.905155 -1.546557 -0.012130 -9.293689 -0.289738 0.075717 -0.012130 -11.098282 0.435529 1.676220 -0.012130 -14.029579 0.803097 2.485904 -0.012130  
 10 11 16  -15.833280 -1.286358 -2.431280 -0.012130 -13.174220 -0.960200 -1.592122 -0.012130 -11.740903 -0.290692 0.052257 -0.012130 -12.789278 0.461841 1.710787 -0.012130 -15.428981 0.832276 2.507053 -0.012130  
 11 12 17  -15.296813 -1.276374 -2.401206 -0.012130 -12.571435 -0.948050 -1.568633 -0.012130 -10.980135 -0.287695 0.053031 -0.012130 -12.211354 0.462701 1.683798 -0.012130 -14.908152 0.831766 2.475831 -0.012130  
 12 13 18  -13.775420 -1.229556 -2.357451 -0.012130 -10.744871 -0.891081 -1.518774 -0.012130 -8.503822 -0.286970 0.076433 -0.012130 -10.527664 0.435888 1.645013 -0.012130 -13.521633 0.802767 2.451575 -0.012130  
 13 5 6  0.000000 -1.904178 0.000000 0.042369 0.000000 -1.134561 0.000000 0.042369 0.000000 -0.007545 0.000000 0.042369 0.000000 1.119471 -0.000000 0.042369 0.000000 1.889089 -0.000000 0.042369  
 14 6 7  0.000000 -0.127192 -0.000000 -0.045370 0.000000 -0.078147 -0.000000 -0.045370 0.000000 -0.006327 0.000000 -0.045370 0.000000 0.065493 0.000000 -0.045370 0.000000 0.114538 0.000000 -0.045370  
 15 7 8  0.000000 -1.889737 -0.000000 0.041548 0.000000 -1.119856 -0.000000 0.041548 0.000000 0.007545 0.000000 0.041548 0.000000 1.134946 0.000000 0.041548 0.000000 1.904827 0.000000 0.041548  
 16 8 5  0.000000 -0.113889 0.000000 -0.044066 0.000000 -0.065108 0.000000 -0.044066 0.000000 0.006327 0.000000 -0.044066 0.000000 0.077762 -0.000000 -0.044066 0.000000 0.126543 -0.000000 -0.044066  
 17 10 11  0.000000 -2.858994 0.000000 -0.016312 0.000000 -1.696171 0.000000 -0.016312 0.000000 0.006648 0.000000 -0.016312 0.000000 1.709468 -0.000000 -0.016312 0.000000 2.872291 -0.000000 -0.016312  
 18 11 12  0.000000 -0.145752 -0.000000 0.003335 0.000000 -0.086428 -0.000000 0.003335 0.000000 0.000446 0.000000 0.003335 0.000000 0.087320 0.000000 0.003335 0.000000 0.146644 0.000000 0.003335  
 19 12 13  0.000000 -2.872754 -0.000000 -0.016458 0.000000 -1.709743 -0.000000 -0.016458 0.000000 -0.006648 0.000000 -0.016458 0.000000 1.696446 0.000000 -0.016458 0.000000 2.859457 0.000000 -0.016458  
 20 13 10  0.000000 -0.146181 0.000000 0.006236 0.000000 -0.087045 0.000000 0.006236 0.000000 -0.000446 0.000000 0.006236 0.000000 0.086152 -0.000000 0.006236 0.000000 0.145289 -0.000000 0.006236  
 21 15 16  0.000000 -2.587460 0.000000 -0.023500 0.000000 -1.529019 0.000000 -0.023500 0.000000 0.020944 0.000000 -0.023500 0.000000 1.570908 -0.000000 -0.023500 0.000000 2.629349 -0.000000 -0.023500  
 22 16 17  0.000000 0.863548 -0.000000 0.020082 0.000000 0.513719 -0.000000 0.020082 0.000000 0.001435 0.000000 0.020082 0.000000 -0.510849 0.000000 0.020082 0.000000 -0.860678 0.000000 0.020082  
 23 17 18  0.000000 -2.629491 -0.000000 -0.023714 0.000000 -1.570992 -0.000000 -0.023714 0.000000 -0.020944 0.000000 -0.023714 0.000000 1.529103 0.000000 -0.023714 0.000000 2.587602 0.000000 -0.023714  
 24 18 15  0.000000 0.860819 0.000000 0.022748 0.000000 0.510933 0.000000 0.022748 0.000000 -0.001435 0.000000 0.022748 0.000000 -0.513803 -0.000000 0.022748 0.000000 -0.863690 -0.000000 0.022748  
