 1 1 5  -49.748652 7.027012 6.944893 0.032421 -41.026533 5.174062 5.146091 0.032421 -30.369463 2.299224 2.363272 0.032421 -29.660510 -1.927128 -1.762928 0.032421 -35.575635 -4.012885 -3.808166 0.032421  
 2 2 6  -38.190851 6.422354 6.480720 0.032421 -28.801072 4.587963 4.614562 0.032421 -15.352019 1.883925 1.855875 0.032421 -14.199100 -1.553364 -1.651479 0.032421 -23.114041 -3.418577 -3.537008 0.032421  
 3 3 7  -50.272001 6.897665 7.117204 0.032421 -41.556297 5.138362 5.228427 0.032421 -31.034140 2.416139 2.276413 0.032421 -30.357378 -1.641537 -2.044248 0.032421 -36.114822 -3.667506 -4.178824 0.032421  
 4 4 8  -61.369231 7.412501 7.487960 0.032421 -53.641456 5.606206 5.640317 0.032421 -46.310963 2.553805 2.510583 0.032421 -46.300676 -1.661070 -1.789766 0.032421 -48.841795 -4.093772 -4.271907 0.032421  
 5 5 10  -30.970670 4.813990 4.154822 0.011577 -22.887960 3.045003 2.569133 0.011577 -16.876587 -0.239159 -0.369221 0.011577 -24.607523 -3.309817 -3.062657 0.011577 -32.755079 -5.084041 -4.634162 0.011577  
 6 6 11  -24.940348 4.417779 4.164048 0.011577 -16.142101 2.662716 2.479229 0.011577 -6.472635 -0.239255 -0.322622 0.011577 -17.890995 -2.947214 -2.882573 0.011577 -26.672266 -4.703713 -4.564526 0.011577  
 7 7 12  -31.325846 4.435726 4.555064 0.011577 -23.346082 2.789885 2.856316 0.011577 -17.615544 -0.282561 -0.322819 0.011577 -25.076352 -3.134703 -3.263022 0.011577 -33.140183 -4.777313 -4.955645 0.011577  
 8 8 13  -37.519106 4.791521 4.521436 0.011577 -30.620790 3.101785 2.888914 0.011577 -27.454106 -0.282174 -0.369059 0.011577 -32.167555 -3.445210 -3.395885 0.011577 -39.408369 -5.121615 -4.996418 0.011577  
 9 10 15  -14.256381 2.505056 2.031157 -0.004577 -8.692327 1.316834 1.000726 -0.004577 -7.100844 -0.828043 -0.823889 -0.004577 -15.140142 -2.595076 -2.311859 -0.004577 -20.809826 -3.788611 -3.326575 -0.004577  
 10 11 16  -12.103716 2.347245 2.084216 -0.004577 -6.260337 1.156897 1.002271 -0.004577 -4.252622 -0.701364 -0.680619 -0.004577 -12.794895 -2.447624 -2.262715 -0.004577 -18.625768 -3.635877 -3.342928 -0.004577  
 11 12 17  -14.359875 2.293788 2.236684 -0.004577 -8.899133 1.172434 1.152459 -0.004577 -7.430352 -0.863516 -0.814585 -0.004577 -15.342438 -2.506779 -2.409244 -0.004577 -20.945324 -3.621257 -3.489170 -0.004577  
 12 13 18  -16.478129 2.440504 2.169597 -0.004577 -11.468072 1.306281 1.133540 -0.004577 -10.466546 -0.958483 -0.928503 -0.004577 -17.631055 -2.642355 -2.446130 -0.004577 -22.979630 -3.760268 -3.467210 -0.004577  
 13 5 6  0.000000 8.540862 -0.000000 -0.552233 0.000000 5.102419 -0.000000 -0.552233 0.000000 0.067218 0.000000 -0.552233 0.000000 -4.967983 0.000000 -0.552233 0.000000 -8.406427 0.000000 -0.552233  
 14 6 7  0.000000 -8.524012 -0.000000 0.572783 0.000000 -5.035825 -0.000000 0.572783 0.000000 0.072219 0.000000 0.572783 0.000000 5.180263 0.000000 0.572783 0.000000 8.668450 0.000000 0.572783  
 15 7 8  0.000000 8.431103 0.000000 -0.387606 0.000000 4.982646 0.000000 -0.387606 0.000000 -0.067218 0.000000 -0.387606 0.000000 -5.117081 -0.000000 -0.387606 0.000000 -8.565538 -0.000000 -0.387606  
 16 8 5  0.000000 -8.693126 0.000000 0.409909 0.000000 -5.194926 0.000000 0.409909 0.000000 -0.072219 0.000000 0.409909 0.000000 5.050488 -0.000000 0.409909 0.000000 8.548688 -0.000000 0.409909  
 17 10 11  0.000000 7.163071 -0.000000 -0.341468 0.000000 4.271266 -0.000000 -0.341468 0.000000 0.036554 0.000000 -0.341468 0.000000 -4.198158 0.000000 -0.341468 0.000000 -7.089963 0.000000 -0.341468  
 18 11 12  0.000000 -7.496359 -0.000000 0.342567 0.000000 -4.436561 -0.000000 0.342567 0.000000 0.044157 0.000000 0.342567 0.000000 4.524875 0.000000 0.342567 0.000000 7.584673 0.000000 0.342567  
 19 12 13  0.000000 7.121583 0.000000 -0.299521 0.000000 4.216947 0.000000 -0.299521 0.000000 -0.036554 0.000000 -0.299521 0.000000 -4.290056 -0.000000 -0.299521 0.000000 -7.194692 -0.000000 -0.299521  
 20 13 10  0.000000 -7.616294 0.000000 0.308851 0.000000 -4.543665 0.000000 0.308851 0.000000 -0.044157 0.000000 0.308851 0.000000 4.455350 -0.000000 0.308851 0.000000 7.527979 -0.000000 0.308851  
 21 15 16  0.000000 3.445426 0.000000 -0.106261 0.000000 2.055722 0.000000 -0.106261 0.000000 0.020663 0.000000 -0.106261 0.000000 -2.014397 -0.000000 -0.106261 0.000000 -3.404101 -0.000000 -0.106261  
 22 16 17  0.000000 -3.701602 0.000000 0.104317 0.000000 -2.188644 0.000000 0.104317 0.000000 0.026907 0.000000 0.104317 0.000000 2.242457 -0.000000 0.104317 0.000000 3.755415 -0.000000 0.104317  
 23 17 18  0.000000 3.439229 -0.000000 -0.091961 0.000000 2.035271 -0.000000 -0.091961 0.000000 -0.020663 0.000000 -0.091961 0.000000 -2.076596 0.000000 -0.091961 0.000000 -3.480555 0.000000 -0.091961  
 24 18 15  0.000000 -3.790543 -0.000000 0.092364 0.000000 -2.263331 -0.000000 0.092364 0.000000 -0.026907 0.000000 0.092364 0.000000 2.209518 0.000000 0.092364 0.000000 3.736730 0.000000 0.092364  
