 1 1 5  -38.675322 -0.539632 1.712181 0.000205 -38.702415 -0.412708 1.239929 0.000205 -38.734233 -0.226673 0.548335 0.000205 -38.736636 -0.041345 -0.142170 0.000205 -38.718049 0.085673 -0.614350 0.000205  
 2 2 6  -35.103863 -0.540444 1.713249 0.000205 -35.131132 -0.413397 1.241057 0.000205 -35.163628 -0.227186 0.549529 0.000205 -35.166970 -0.040860 -0.142268 0.000205 -35.146839 0.086281 -0.614565 0.000205  
 3 3 7  -33.238788 -0.541201 1.714289 0.000205 -33.265822 -0.414159 1.241945 0.000205 -33.297556 -0.227957 0.550166 0.000205 -33.300067 -0.040675 -0.142810 0.000205 -33.281223 0.086495 -0.615377 0.000205  
 4 4 8  -36.809002 -0.540376 1.713254 0.000205 -36.836090 -0.413474 1.240842 0.000205 -36.868316 -0.227481 0.548968 0.000205 -36.871797 -0.041215 -0.142748 0.000205 -36.851805 0.085891 -0.615174 0.000205  
 5 5 10  -25.743333 -0.678959 1.225365 0.000081 -25.753062 -0.439217 0.734621 0.000081 -25.760913 -0.088405 0.016452 0.000081 -25.750848 0.262580 -0.701920 0.000081 -25.741019 0.502292 -1.192559 0.000081  
 6 6 11  -23.540932 -0.679252 1.225411 0.000081 -23.550785 -0.439441 0.734735 0.000081 -23.559858 -0.088302 0.016127 0.000081 -23.548640 0.262761 -0.702320 0.000081 -23.538657 0.502514 -1.192873 0.000081  
 7 7 12  -22.238874 -0.679146 1.225718 0.000081 -22.248612 -0.439373 0.735005 0.000081 -22.256656 -0.088025 0.016023 0.000081 -22.246438 0.263058 -0.702597 0.000081 -22.236548 0.502761 -1.193197 0.000081  
 8 8 13  -24.440626 -0.678861 1.225674 0.000081 -24.450360 -0.439156 0.734889 0.000081 -24.459285 -0.088180 0.016348 0.000081 -24.448093 0.262884 -0.702199 0.000081 -24.438246 0.502545 -1.192883 0.000081  
 9 10 15  -12.638691 -0.561365 0.714087 0.001073 -12.643781 -0.294547 0.333552 0.001073 -12.645910 0.096128 -0.223585 0.001073 -12.639695 0.486832 -0.780817 0.001073 -12.861133 0.714562 -1.117755 0.001073  
 10 11 16  -11.819712 -0.560926 0.716454 0.001073 -11.822358 -0.294567 0.334761 0.001073 -11.824465 0.096150 -0.224934 0.001073 -11.820277 0.486500 -0.784240 0.001073 -12.118225 0.702739 -1.109200 0.001073  
 11 12 17  -11.294441 -0.560328 0.714357 0.001073 -11.286171 -0.295217 0.334815 0.001073 -11.288244 0.096906 -0.224971 0.001073 -11.294260 0.486603 -0.782276 0.001073 -11.638874 0.697609 -1.099186 0.001073  
 12 13 18  -12.107310 -0.562937 0.714155 0.001073 -12.112407 -0.295199 0.333603 0.001073 -12.114535 0.096887 -0.223623 0.001073 -12.108317 0.488943 -0.780880 0.001073 -12.377151 0.710137 -1.109386 0.001073  
 13 5 6  0.000000 1.890170 -0.000000 -0.000486 0.000000 1.123113 -0.000000 -0.000486 0.000000 -0.000151 0.000000 -0.000486 0.000000 -1.123416 0.000000 -0.000486 0.000000 -1.890472 0.000000 -0.000486  
 14 6 7  0.000000 0.778055 -0.000000 0.000605 0.000000 0.462300 -0.000000 0.000605 0.000000 -0.000086 0.000000 0.000605 0.000000 -0.462473 0.000000 0.000605 0.000000 -0.778228 0.000000 0.000605  
 15 7 8  0.000000 1.890500 0.000000 -0.000497 0.000000 1.123432 0.000000 -0.000497 0.000000 0.000151 0.000000 -0.000497 0.000000 -1.123130 -0.000000 -0.000497 0.000000 -1.890198 -0.000000 -0.000497  
 16 8 5  0.000000 0.778201 0.000000 0.000624 0.000000 0.462457 0.000000 0.000624 0.000000 0.000086 0.000000 0.000624 0.000000 -0.462284 -0.000000 0.000624 0.000000 -0.778028 -0.000000 0.000624  
 17 10 11  0.000000 1.920489 0.000000 0.001177 0.000000 1.141213 0.000000 0.001177 0.000000 0.000054 0.000000 0.001177 0.000000 -1.141105 -0.000000 0.001177 0.000000 -1.920381 -0.000000 0.001177  
 18 11 12  0.000000 1.072669 0.000000 -0.001413 0.000000 0.637413 0.000000 -0.001413 0.000000 0.000032 0.000000 -0.001413 0.000000 -0.637349 -0.000000 -0.001413 0.000000 -1.072605 -0.000000 -0.001413  
 19 12 13  0.000000 1.920422 -0.000000 0.001873 0.000000 1.141129 -0.000000 0.001873 0.000000 -0.000054 0.000000 0.001873 0.000000 -1.141237 0.000000 0.001873 0.000000 -1.920529 0.000000 0.001873  
 20 13 10  0.000000 1.072564 -0.000000 -0.000619 0.000000 0.637325 -0.000000 -0.000619 0.000000 -0.000032 0.000000 -0.000619 0.000000 -0.637389 0.000000 -0.000619 0.000000 -1.072628 0.000000 -0.000619  
 21 15 16  0.000000 1.121392 -0.000000 0.002738 0.000000 0.666718 -0.000000 0.002738 0.000000 0.000900 0.000000 0.002738 0.000000 -0.664918 0.000000 0.002738 0.000000 -1.119593 0.000000 0.002738  
 22 16 17  0.000000 0.726561 -0.000000 -0.003014 0.000000 0.431940 -0.000000 -0.003014 0.000000 0.000500 0.000000 -0.003014 0.000000 -0.430939 0.000000 -0.003014 0.000000 -0.725560 0.000000 -0.003014  
 23 17 18  0.000000 1.119575 0.000000 0.003744 0.000000 0.664908 0.000000 0.003744 0.000000 -0.000900 0.000000 0.003744 0.000000 -0.666707 -0.000000 0.003744 0.000000 -1.121374 -0.000000 0.003744  
 24 18 15  0.000000 0.725578 0.000000 -0.001797 0.000000 0.430949 0.000000 -0.001797 0.000000 -0.000500 0.000000 -0.001797 0.000000 -0.431950 -0.000000 -0.001797 0.000000 -0.726579 -0.000000 -0.001797  
