 1 1 5  -61.170327 -9.440330 -10.752510 0.323490 -46.948857 -6.913643 -7.643029 0.323490 -26.602893 -3.171374 -2.895918 0.323490 -25.044493 1.854553 3.313354 0.323490 -38.611897 4.559415 6.456647 0.323490  
 2 2 6  -77.297502 -10.195003 -11.355992 0.323490 -64.396782 -7.684358 -8.380635 0.323490 -48.483418 -3.737531 -3.663439 0.323490 -47.227270 2.296373 3.285922 0.323490 -55.714828 5.272501 6.718657 0.323490  
 3 3 7  -59.886192 -9.685931 -10.391922 0.323490 -45.686193 -6.979355 -7.458786 0.323490 -25.107792 -2.904404 -3.046747 0.323490 -23.265851 2.404933 2.694941 0.323490 -36.878041 5.203100 5.714052 0.323490  
 4 4 8  -41.660858 -8.732522 -9.532601 0.323490 -26.822952 -5.990757 -6.432780 0.323490 -4.824708 -1.864247 -1.834345 0.323490 -4.267739 1.511184 1.922205 0.323490 -19.145897 4.266903 5.100754 0.323490  
 5 5 10  -40.873067 -7.931886 -7.180835 -0.091775 -24.781885 -4.664768 -4.149137 -0.091775 -5.473570 0.467136 0.646701 -0.091775 -28.869358 5.341745 5.093974 -0.091775 -44.909430 8.609844 8.110615 -0.091775  
 6 6 11  -48.712874 -8.512635 -6.921421 -0.091775 -33.506913 -5.251692 -4.104787 -0.091775 -19.734495 0.568114 0.912430 -0.091775 -37.799728 5.883498 5.285457 -0.091775 -53.062032 9.156705 8.068828 -0.091775  
 7 7 12  -40.017392 -8.567506 -6.430479 -0.091775 -23.571560 -5.027656 -3.629494 -0.091775 -3.592568 0.327509 0.648938 -0.091775 -27.598223 5.603734 4.743870 -0.091775 -44.003512 9.138872 7.536362 -0.091775  
 8 8 13  -29.519140 -7.771203 -6.517819 -0.091775 -12.900482 -4.218222 -3.500621 -0.091775 3.469451 0.109713 0.175942 -0.091775 -16.524788 4.842233 4.377491 -0.091775 -33.207555 8.373346 7.410122 -0.091775  
 9 10 15  -12.266136 -1.999727 -2.097767 -0.001604 -6.168681 -0.746757 -0.913884 -0.001604 -8.145286 1.341384 1.109076 -0.001604 -17.227212 3.151621 2.871822 -0.001604 -23.359180 4.376658 4.058965 -0.001604  
 10 11 16  -14.692470 -2.179312 -1.969122 -0.001604 -9.356073 -0.904299 -0.846915 -0.001604 -11.497552 1.498466 1.289434 -0.001604 -19.959293 3.321693 2.926463 -0.001604 -25.863972 4.548506 4.026220 -0.001604  
 11 12 17  -12.244220 -2.397740 -1.786660 -0.001604 -5.904264 -1.035054 -0.665986 -0.001604 -7.445765 1.226181 1.135129 -0.001604 -16.823995 3.249484 2.752947 -0.001604 -23.171032 4.608717 3.852783 -0.001604  
 12 13 18  -9.858580 -2.203517 -1.909752 -0.001604 -3.265814 -0.834639 -0.712493 -0.001604 -4.399950 1.048303 0.942016 -0.001604 -14.103023 3.059484 2.701500 -0.001604 -20.637922 4.418287 3.888510 -0.001604  
 13 5 6  0.000000 -12.877821 -0.000000 -0.697860 0.000000 -7.587746 -0.000000 -0.697860 0.000000 0.158954 0.000000 -0.697860 0.000000 7.905653 0.000000 -0.697860 0.000000 13.195728 0.000000 -0.697860  
 14 6 7  0.000000 13.437726 -0.000000 0.754700 0.000000 8.050676 -0.000000 0.754700 0.000000 0.161968 0.000000 0.754700 0.000000 -7.726741 0.000000 0.754700 0.000000 -13.113791 0.000000 0.754700  
 15 7 8  0.000000 -13.117228 0.000000 -0.996233 0.000000 -7.859007 0.000000 -0.996233 0.000000 -0.158954 0.000000 -0.996233 0.000000 7.541100 -0.000000 -0.996233 0.000000 12.799321 -0.000000 -0.996233  
 16 8 5  0.000000 13.035291 0.000000 1.159110 0.000000 7.680094 0.000000 1.159110 0.000000 -0.161968 0.000000 1.159110 0.000000 -8.004030 -0.000000 1.159110 0.000000 -13.359226 -0.000000 1.159110  
 17 10 11  0.000000 -9.835127 0.000000 -0.420023 0.000000 -5.818667 0.000000 -0.420023 0.000000 0.062971 0.000000 -0.420023 0.000000 5.944610 -0.000000 -0.420023 0.000000 9.961069 -0.000000 -0.420023  
 18 11 12  0.000000 11.318009 0.000000 0.431314 0.000000 6.766971 0.000000 0.431314 0.000000 0.102504 0.000000 0.431314 0.000000 -6.561963 -0.000000 0.431314 0.000000 -11.113002 -0.000000 0.431314  
 19 12 13  0.000000 -9.810281 -0.000000 -0.608939 0.000000 -5.855008 -0.000000 -0.608939 0.000000 -0.062971 0.000000 -0.608939 0.000000 5.729066 0.000000 -0.608939 0.000000 9.684338 0.000000 -0.608939  
 20 13 10  0.000000 10.962213 -0.000000 0.588080 0.000000 6.472362 -0.000000 0.588080 0.000000 -0.102504 0.000000 0.588080 0.000000 -6.677369 0.000000 0.588080 0.000000 -11.167221 0.000000 0.588080  
 21 15 16  0.000000 -3.984448 0.000000 -0.058462 0.000000 -2.360076 0.000000 -0.058462 0.000000 0.018627 0.000000 -0.058462 0.000000 2.397330 -0.000000 -0.058462 0.000000 4.021702 -0.000000 -0.058462  
 22 16 17  0.000000 4.558047 0.000000 0.061510 0.000000 2.718690 0.000000 0.061510 0.000000 0.025166 0.000000 0.061510 0.000000 -2.668359 -0.000000 0.061510 0.000000 -4.507715 -0.000000 0.061510  
 23 17 18  0.000000 -3.867951 -0.000000 -0.076396 0.000000 -2.305969 -0.000000 -0.076396 0.000000 -0.018627 0.000000 -0.076396 0.000000 2.268715 0.000000 -0.076396 0.000000 3.830697 0.000000 -0.076396  
 24 18 15  0.000000 4.353965 -0.000000 0.063740 0.000000 2.576997 -0.000000 0.063740 0.000000 -0.025166 0.000000 0.063740 0.000000 -2.627328 0.000000 0.063740 0.000000 -4.404296 0.000000 0.063740  
