 1 1 5  -62.237747 -10.320455 -10.983861 0.016980 -46.793093 -7.415258 -7.777079 0.016980 -24.213777 -3.097026 -2.940957 0.016980 -23.113250 2.374364 3.128850 0.016980 -38.286171 5.395218 6.377805 0.016980  
 2 2 6  -81.193234 -11.293704 -11.637429 0.016980 -67.246797 -8.379223 -8.629110 0.016980 -49.776830 -3.800050 -3.911369 0.016980 -48.537635 3.049972 3.128841 0.016980 -58.331942 6.374982 6.563520 0.016980  
 3 3 7  -62.695238 -10.695690 -10.658412 0.016980 -47.384559 -7.587138 -7.668512 0.016980 -24.950105 -2.890111 -3.217949 0.016980 -23.680940 3.051166 2.472108 0.016980 -38.635877 6.202504 5.581693 0.016980  
 4 4 8  -41.057767 -9.459303 -9.703543 0.016980 -25.030569 -6.331667 -6.491991 0.016980 -1.829274 -1.688583 -1.719567 0.016980 -2.094925 1.739256 1.787173 0.016980 -17.681753 4.892526 5.037635 0.016980  
 5 5 10  -40.991589 -7.142801 -8.193915 0.007673 -24.745824 -4.167073 -4.840615 0.007673 -3.920908 0.454019 0.337715 0.007673 -27.604598 4.824818 5.325857 0.007673 -43.792328 7.793528 8.672566 0.007673  
 6 6 11  -50.427591 -7.778253 -7.942206 0.007673 -35.589561 -4.794493 -4.898044 0.007673 -22.375410 0.535354 0.552608 0.007673 -38.761111 5.447489 5.568525 0.007673 -53.703481 8.419010 8.603163 0.007673  
 7 7 12  -41.110326 -8.002588 -7.312567 0.007673 -25.001947 -4.740695 -4.272480 0.007673 -4.487847 0.345862 0.486057 0.007673 -27.906742 5.218664 4.951631 0.007673 -43.976607 8.481548 7.977694 0.007673  
 8 8 13  -28.039176 -7.109636 -7.280089 0.007673 -11.487241 -3.846403 -3.929661 0.007673 4.231948 0.092724 0.093938 0.007673 -13.881373 4.329375 4.424477 0.007673 -30.492717 7.592804 7.767039 0.007673  
 9 10 15  -16.096454 -3.140400 -3.653780 0.006079 -6.540636 -1.386833 -1.686552 0.006079 -3.538160 0.971208 0.946940 0.006079 -17.512652 3.555828 3.818418 0.006079 -27.003035 5.301576 5.772785 0.006079  
 10 11 16  -19.462351 -3.376289 -3.488219 0.006079 -10.371735 -1.621619 -1.682663 0.006079 -8.320238 1.231897 1.263142 0.006079 -21.639508 3.802896 3.911395 0.006079 -30.686269 5.543902 5.708983 0.006079  
 11 12 17  -16.120394 -3.532571 -3.246475 0.006079 -6.628909 -1.631285 -1.440986 0.006079 -3.724160 0.939291 1.003543 0.006079 -17.636059 3.718974 3.661008 0.006079 -27.063358 5.606034 5.459808 0.006079  
 12 13 18  -12.677496 -3.278895 -3.396168 0.006079 -3.113907 -1.385882 -1.436138 0.006079 0.229000 0.683979 0.696160 0.006079 -13.527725 3.453785 3.553518 0.006079 -23.316696 5.348923 5.504942 0.006079  
 13 5 6  0.000000 -13.650339 -0.000000 -0.876775 0.000000 -8.030382 -0.000000 -0.876775 0.000000 0.199390 0.000000 -0.876775 0.000000 8.429163 0.000000 -0.876775 0.000000 14.049119 0.000000 -0.876775  
 14 6 7  0.000000 13.686199 -0.000000 0.872843 0.000000 8.207299 -0.000000 0.872843 0.000000 0.184086 0.000000 0.872843 0.000000 -7.839127 0.000000 0.872843 0.000000 -13.318027 0.000000 0.872843  
 15 7 8  0.000000 -13.949816 0.000000 -1.288223 0.000000 -8.370155 0.000000 -1.288223 0.000000 -0.199390 0.000000 -1.288223 0.000000 7.971375 -0.000000 -1.288223 0.000000 13.551036 -0.000000 -1.288223  
 16 8 5  0.000000 13.218724 0.000000 1.321758 0.000000 7.780119 0.000000 1.321758 0.000000 -0.184086 0.000000 1.321758 0.000000 -8.148291 -0.000000 1.321758 0.000000 -13.586896 -0.000000 1.321758  
 17 10 11  0.000000 -11.817891 0.000000 -0.475764 0.000000 -6.979532 0.000000 -0.475764 0.000000 0.105683 0.000000 -0.475764 0.000000 7.190898 -0.000000 -0.475764 0.000000 12.029258 -0.000000 -0.475764  
 18 11 12  0.000000 11.721588 0.000000 0.475666 0.000000 7.004953 0.000000 0.475666 0.000000 0.097989 0.000000 0.475666 0.000000 -6.808974 -0.000000 0.475666 0.000000 -11.525609 -0.000000 0.475666  
 19 12 13  0.000000 -11.828922 -0.000000 -0.698330 0.000000 -7.071855 -0.000000 -0.698330 0.000000 -0.105683 0.000000 -0.698330 0.000000 6.860488 0.000000 -0.698330 0.000000 11.617555 0.000000 -0.698330  
 20 13 10  0.000000 11.325273 -0.000000 0.711981 0.000000 6.689931 -0.000000 0.711981 0.000000 -0.097989 0.000000 0.711981 0.000000 -6.885909 0.000000 0.711981 0.000000 -11.521252 0.000000 0.711981  
 21 15 16  0.000000 -5.510818 -0.000000 -0.095066 0.000000 -3.255275 -0.000000 -0.095066 0.000000 0.047706 0.000000 -0.095066 0.000000 3.350686 0.000000 -0.095066 0.000000 5.606230 0.000000 -0.095066  
 22 16 17  0.000000 5.444665 -0.000000 0.098562 0.000000 3.252753 -0.000000 0.098562 0.000000 0.042951 0.000000 0.098562 0.000000 -3.166850 0.000000 0.098562 0.000000 -5.358762 0.000000 0.098562  
 23 17 18  0.000000 -5.399612 0.000000 -0.105821 0.000000 -3.227910 0.000000 -0.105821 0.000000 -0.047706 0.000000 -0.105821 0.000000 3.132499 -0.000000 -0.105821 0.000000 5.304201 -0.000000 -0.105821  
 24 18 15  0.000000 5.152145 0.000000 0.108220 0.000000 3.044074 0.000000 0.108220 0.000000 -0.042951 0.000000 0.108220 0.000000 -3.129976 -0.000000 0.108220 0.000000 -5.238048 -0.000000 0.108220  
