 1 1 5  -61.537499 -5.537397 -15.429517 0.634709 -41.625129 -3.886041 -10.433378 0.634709 -12.247748 -1.451329 -3.076653 0.634709 -15.978881 0.961143 4.191536 0.634709 -36.013517 2.624473 9.217463 0.634709  
 2 2 6  -87.014982 -6.102493 -16.892688 0.634709 -69.330008 -4.458551 -12.318343 0.634709 -46.199873 -2.089123 -5.308112 0.634709 -45.159765 1.421977 5.002235 0.634709 -59.854699 3.125006 9.891408 0.634709  
 3 3 7  -73.925227 -5.954519 -15.921235 0.634709 -55.797987 -4.238414 -11.359531 0.634709 -29.802425 -1.734672 -4.599878 0.634709 -28.530613 1.391484 4.302007 0.634709 -46.030847 3.126888 8.933602 0.634709  
 4 4 8  -46.085226 -5.319494 -14.122620 0.634709 -26.379750 -3.584839 -9.134039 0.634709 1.233808 -0.982051 -1.896958 0.634709 -1.920478 0.867364 2.898693 0.634709 -20.983442 2.551733 7.896832 0.634709  
 5 5 10  -39.038404 -4.735370 -9.842411 0.254827 -21.478561 -2.801546 -5.572929 0.254827 0.369861 -0.030266 0.281797 0.254827 -24.965654 2.729287 6.560184 0.254827 -42.516180 4.654292 10.830089 0.254827  
 6 6 11  -49.460428 -5.241633 -9.294683 0.254827 -34.590752 -3.344216 -5.615781 0.254827 -22.390910 -0.072290 1.170200 0.254827 -39.210803 3.132281 7.121808 0.254827 -54.227741 5.082889 10.760986 0.254827  
 7 7 12  -41.843889 -5.276426 -8.729567 0.254827 -26.466876 -3.265345 -5.065857 0.254827 -9.865806 -0.086854 1.128477 0.254827 -31.203951 3.086775 6.531791 0.254827 -46.575132 5.132099 10.170040 0.254827  
 8 8 13  -28.367963 -4.674803 -8.941765 0.254827 -11.103453 -2.618241 -4.691531 0.254827 4.475726 -0.022365 0.187104 0.254827 -14.341792 2.580706 5.642001 0.254827 -31.707421 4.588862 9.917202 0.254827  
 9 10 15  -16.657546 -3.015908 -4.413177 0.010988 -6.019233 -1.447570 -1.963095 0.010988 -1.439477 0.522623 0.980103 0.010988 -16.823842 2.777016 4.588567 0.010988 -27.527878 4.328577 7.042974 0.010988  
 10 11 16  -20.224301 -3.262146 -4.077829 0.010988 -10.427628 -1.715334 -1.879271 0.010988 -7.532667 0.690750 1.556304 0.010988 -21.877298 2.983966 4.757113 0.010988 -31.683732 4.537806 6.939673 0.010988  
 11 12 17  -17.178359 -3.292678 -3.847014 0.010988 -7.289010 -1.648309 -1.673608 0.010988 -4.086157 0.585703 1.282587 0.010988 -18.573315 2.952560 4.498641 0.010988 -28.507423 4.571733 6.684770 0.010988  
 12 13 18  -13.506531 -3.044252 -4.155030 0.010988 -3.137959 -1.388870 -1.735374 0.010988 1.247096 0.407052 0.742162 0.010988 -13.533437 2.727104 4.316589 0.010988 -24.210380 4.339569 6.773972 0.010988  
 13 5 6  0.000000 -18.146560 0.000000 -0.579200 0.000000 -10.614402 0.000000 -0.579200 0.000000 0.415566 0.000000 -0.579200 0.000000 11.445534 -0.000000 -0.579200 0.000000 18.977692 -0.000000 -0.579200  
 14 6 7  0.000000 8.080410 -0.000000 0.848247 0.000000 4.825008 -0.000000 0.848247 0.000000 0.057850 0.000000 0.848247 0.000000 -4.709308 0.000000 0.848247 0.000000 -7.964710 0.000000 0.848247  
 15 7 8  0.000000 -18.896399 -0.000000 -0.688338 0.000000 -11.397229 -0.000000 -0.688338 0.000000 -0.415566 0.000000 -0.688338 0.000000 10.566097 0.000000 -0.688338 0.000000 18.065267 0.000000 -0.688338  
 16 8 5  0.000000 7.883417 0.000000 1.332831 0.000000 4.661002 0.000000 1.332831 0.000000 -0.057850 0.000000 1.332831 0.000000 -4.776703 -0.000000 1.332831 0.000000 -7.999118 -0.000000 1.332831  
 17 10 11  0.000000 -14.551592 0.000000 -0.364387 0.000000 -8.572080 0.000000 -0.364387 0.000000 0.184219 0.000000 -0.364387 0.000000 8.940518 -0.000000 -0.364387 0.000000 14.920030 -0.000000 -0.364387  
 18 11 12  0.000000 8.206410 0.000000 0.447704 0.000000 4.893368 0.000000 0.447704 0.000000 0.041803 0.000000 0.447704 0.000000 -4.809762 -0.000000 0.447704 0.000000 -8.122804 -0.000000 0.447704  
 19 12 13  0.000000 -14.752734 -0.000000 -0.436173 0.000000 -8.841108 -0.000000 -0.436173 0.000000 -0.184219 0.000000 -0.436173 0.000000 8.472670 0.000000 -0.436173 0.000000 14.384296 0.000000 -0.436173  
 20 13 10  0.000000 7.955507 -0.000000 0.707852 0.000000 4.710351 -0.000000 0.707852 0.000000 -0.041803 0.000000 0.707852 0.000000 -4.793958 0.000000 0.707852 0.000000 -8.039114 0.000000 0.707852  
 21 15 16  0.000000 -6.622179 -0.000000 -0.083599 0.000000 -3.904608 -0.000000 -0.083599 0.000000 0.074960 0.000000 -0.083599 0.000000 4.054527 0.000000 -0.083599 0.000000 6.772099 0.000000 -0.083599  
 22 16 17  0.000000 4.439248 -0.000000 0.118657 0.000000 2.648070 -0.000000 0.118657 0.000000 0.025098 0.000000 0.118657 0.000000 -2.597873 0.000000 0.118657 0.000000 -4.389051 0.000000 0.118657  
 23 17 18  0.000000 -6.598213 0.000000 -0.095548 0.000000 -3.951201 0.000000 -0.095548 0.000000 -0.074960 0.000000 -0.095548 0.000000 3.801282 -0.000000 -0.095548 0.000000 6.448294 -0.000000 -0.095548  
 24 18 15  0.000000 4.215166 0.000000 0.125308 0.000000 2.494547 0.000000 0.125308 0.000000 -0.025098 0.000000 0.125308 0.000000 -2.544744 -0.000000 0.125308 0.000000 -4.265362 -0.000000 0.125308  
