 1 1 5  -51.082609 -1.460081 8.056602 0.053178 -45.224420 -1.070817 6.147217 0.053178 -41.262039 -0.401857 2.580797 0.053178 -41.275921 0.512394 -1.776468 0.053178 -42.005428 1.034637 -4.591008 0.053178  
 2 2 6  -40.431916 -1.357303 7.460622 0.053178 -33.520287 -0.969213 5.541646 0.053178 -25.573491 -0.393863 2.462523 0.053178 -25.532139 0.513252 -2.074997 0.053178 -29.714895 0.888605 -4.378106 0.053178  
 3 3 7  -39.501442 -1.349580 7.394323 0.053178 -32.527753 -0.961725 5.478774 0.053178 -24.255229 -0.384916 2.447702 0.053178 -24.144380 0.514611 -2.073521 0.053178 -28.667455 0.879639 -4.320410 0.053178  
 4 4 8  -50.130444 -1.453125 7.999541 0.053178 -44.192770 -1.064046 6.097989 0.053178 -39.951375 -0.402660 2.581229 0.053178 -39.964075 0.515134 -1.776811 0.053178 -40.848269 1.025778 -4.561415 0.053178  
 5 5 10  -29.476260 -0.437796 4.123357 0.057510 -26.603211 -0.206931 2.585976 0.057510 -26.628276 0.283167 -0.496687 0.057510 -27.740209 0.671614 -3.350507 0.057510 -31.505809 0.858549 -4.753822 0.057510  
 6 6 11  -23.728519 -0.395464 4.066946 0.057510 -19.003492 -0.171466 2.604475 0.057510 -17.408396 0.283327 -0.451621 0.057510 -20.849813 0.595744 -3.178734 0.057510 -25.831792 0.790332 -4.620387 0.057510  
 7 7 12  -23.591963 -0.397759 4.057807 0.057510 -18.846628 -0.173965 2.597244 0.057510 -17.207986 0.282730 -0.451819 0.057510 -20.702100 0.595332 -3.170230 0.057510 -25.694960 0.791347 -4.611007 0.057510  
 8 8 13  -29.336164 -0.440451 4.116071 0.057510 -26.425853 -0.209657 2.584979 0.057510 -26.443452 0.282406 -0.496801 0.057510 -27.582782 0.671472 -3.345080 0.057510 -31.369735 0.859142 -4.745888 0.057510  
 9 10 15  -13.234676 0.443279 1.915792 -0.020597 -11.495909 0.397970 0.919196 -0.020597 -11.481488 0.166525 -1.019648 -0.020597 -14.589333 -0.052438 -2.380553 -0.020597 -17.502415 -0.160204 -3.205269 -0.020597  
 10 11 16  -11.483313 0.407741 1.969981 -0.020597 -8.677030 0.347101 1.033220 -0.020597 -8.406304 0.149772 -0.949889 -0.020597 -12.583380 -0.047596 -2.308033 -0.020597 -15.879235 -0.158083 -3.191489 -0.020597  
 11 12 17  -11.602763 0.408336 1.977729 -0.020597 -8.820053 0.348889 1.037848 -0.020597 -8.554050 0.151008 -0.953993 -0.020597 -12.695637 -0.047387 -2.316369 -0.020597 -15.991349 -0.157817 -3.199816 -0.020597  
 12 13 18  -13.348167 0.444168 1.921934 -0.020597 -11.641219 0.398195 0.920172 -0.020597 -11.630704 0.166433 -1.019708 -0.020597 -14.700083 -0.052208 -2.387222 -0.020597 -17.603598 -0.160246 -3.212594 -0.020597  
 13 5 6  0.000000 8.780641 0.000000 0.081117 0.000000 5.247248 0.000000 0.081117 0.000000 0.073003 0.000000 0.081117 0.000000 -5.101241 -0.000000 0.081117 0.000000 -8.634635 -0.000000 0.081117  
 14 6 7  0.000000 1.405000 0.000000 -0.027763 0.000000 0.835078 0.000000 -0.027763 0.000000 0.000494 0.000000 -0.027763 0.000000 -0.834091 -0.000000 -0.027763 0.000000 -1.404013 -0.000000 -0.027763  
 15 7 8  0.000000 8.633617 -0.000000 0.080468 0.000000 5.100636 -0.000000 0.080468 0.000000 -0.073003 0.000000 0.080468 0.000000 -5.246642 0.000000 0.080468 0.000000 -8.779623 0.000000 0.080468  
 16 8 5  0.000000 1.405031 -0.000000 -0.018484 0.000000 0.834696 -0.000000 -0.018484 0.000000 -0.000494 0.000000 -0.018484 0.000000 -0.835683 0.000000 -0.018484 0.000000 -1.406018 0.000000 -0.018484  
 17 10 11  0.000000 6.967581 0.000000 0.018306 0.000000 4.157930 0.000000 0.018306 0.000000 0.043524 0.000000 0.018306 0.000000 -4.070883 -0.000000 0.018306 0.000000 -6.880533 -0.000000 0.018306  
 18 11 12  0.000000 0.405096 -0.000000 -0.001471 0.000000 0.240754 -0.000000 -0.001471 0.000000 0.000094 0.000000 -0.001471 0.000000 -0.240566 0.000000 -0.001471 0.000000 -0.404908 0.000000 -0.001471  
 19 12 13  0.000000 6.879340 -0.000000 0.018911 0.000000 4.070174 -0.000000 0.018911 0.000000 -0.043524 0.000000 0.018911 0.000000 -4.157221 0.000000 0.018911 0.000000 -6.966387 0.000000 0.018911  
 20 13 10  0.000000 0.406102 0.000000 -0.000700 0.000000 0.241275 0.000000 -0.000700 0.000000 -0.000094 0.000000 -0.000700 0.000000 -0.241464 -0.000000 -0.000700 0.000000 -0.406290 -0.000000 -0.000700  
 21 15 16  0.000000 3.375055 0.000000 -0.007495 0.000000 2.013988 0.000000 -0.007495 0.000000 0.020864 0.000000 -0.007495 0.000000 -1.972260 -0.000000 -0.007495 0.000000 -3.333327 -0.000000 -0.007495  
 22 16 17  0.000000 -0.179834 0.000000 0.006688 0.000000 -0.106871 0.000000 0.006688 0.000000 -0.000025 0.000000 0.006688 0.000000 0.106821 -0.000000 0.006688 0.000000 0.179784 -0.000000 0.006688  
 23 17 18  0.000000 3.332362 -0.000000 -0.007660 0.000000 1.971687 -0.000000 -0.007660 0.000000 -0.020864 0.000000 -0.007660 0.000000 -2.013415 0.000000 -0.007660 0.000000 -3.374091 0.000000 -0.007660  
 24 18 15  0.000000 -0.178820 -0.000000 0.004938 0.000000 -0.106248 -0.000000 0.004938 0.000000 0.000025 0.000000 0.004938 0.000000 0.106298 0.000000 0.004938 0.000000 0.178870 0.000000 0.004938  
