 1 1 5  -40.720429 -3.369987 2.637552 0.003571 -39.888053 -2.454801 1.963040 0.003571 -39.904135 -0.883465 0.759583 0.003571 -39.907729 0.693515 -0.449041 0.003571 -39.880726 1.770660 -1.274943 0.003571  
 2 2 6  -37.018633 -3.299527 2.578941 0.003571 -35.876571 -2.433899 1.945381 0.003571 -35.783288 -0.884061 0.758509 0.003571 -35.787842 0.693946 -0.455961 0.003571 -35.759407 1.771311 -1.285104 0.003571  
 3 3 7  -33.478514 -3.221399 2.506275 0.003571 -32.025711 -2.398704 1.910470 0.003571 -31.729456 -0.882639 0.759143 0.003571 -31.734212 0.701210 -0.456406 0.003571 -31.705755 1.781865 -1.285767 0.003571  
 4 4 8  -37.108853 -3.306250 2.575625 0.003571 -35.973340 -2.436832 1.943841 0.003571 -35.883721 -0.882095 0.760268 0.003571 -35.889360 0.700746 -0.449395 0.003571 -35.859873 1.781232 -1.275668 0.003571  
 5 5 10  -25.899088 -1.226182 1.309779 0.001951 -25.911457 -0.586727 0.710551 0.001951 -25.920267 0.349103 -0.166470 0.001951 -25.903895 1.285103 -1.043463 0.001951 -26.135692 1.876707 -1.596511 0.001951  
 6 6 11  -23.737551 -1.226041 1.320424 0.001951 -23.748385 -0.586901 0.717888 0.001951 -23.758175 0.349212 -0.165032 0.001951 -23.740914 1.285396 -1.047815 0.001951 -24.120005 1.850873 -1.578817 0.001951  
 7 7 12  -22.022802 -1.229796 1.313324 0.001951 -21.996873 -0.594396 0.718046 0.001951 -22.006036 0.347416 -0.165142 0.001951 -21.988743 1.289130 -1.048106 0.001951 -22.527192 1.830136 -1.553909 0.001951  
 8 8 13  -24.154985 -1.237235 1.309980 0.001951 -24.167507 -0.594212 0.710713 0.001951 -24.177518 0.347300 -0.166481 0.001951 -24.159295 1.288845 -1.043769 0.001951 -24.507627 1.863222 -1.576379 0.001951  
 9 10 15  -12.539721 0.084781 0.383203 0.000586 -12.547089 0.192390 0.105952 0.000586 -12.550352 0.349871 -0.299942 0.000586 -12.542519 0.507471 -0.706024 0.000586 -12.599579 0.602885 -0.970211 0.000586  
 10 11 16  -11.847709 0.084743 0.387215 0.000586 -11.855107 0.192363 0.108645 0.000586 -11.858307 0.349917 -0.299314 0.000586 -11.850371 0.507502 -0.707384 0.000586 -11.946494 0.596250 -0.965464 0.000586  
 11 12 17  -11.427926 0.081940 0.387247 0.000586 -11.435344 0.190404 0.108660 0.000586 -11.438406 0.349299 -0.299355 0.000586 -11.430869 0.508117 -0.707363 0.000586 -11.551871 0.593551 -0.960727 0.000586  
 12 13 18  -12.119568 0.081983 0.383236 0.000586 -12.126993 0.190436 0.105969 0.000586 -12.130091 0.349256 -0.299984 0.000586 -12.122326 0.508138 -0.706062 0.000586 -12.202547 0.600419 -0.965848 0.000586  
 13 5 6  0.000000 2.624883 0.000000 0.010906 0.000000 1.560370 0.000000 0.010906 0.000000 0.001515 0.000000 0.010906 0.000000 -1.557340 -0.000000 0.010906 0.000000 -2.621853 -0.000000 0.010906  
 14 6 7  0.000000 3.061650 0.000000 -0.013604 0.000000 1.819948 0.000000 -0.013604 0.000000 0.001620 0.000000 -0.013604 0.000000 -1.816707 -0.000000 -0.013604 0.000000 -3.058409 -0.000000 -0.013604  
 15 7 8  0.000000 2.621469 -0.000000 0.015970 0.000000 1.557112 -0.000000 0.015970 0.000000 -0.001515 0.000000 0.015970 0.000000 -1.560142 0.000000 0.015970 0.000000 -2.624499 0.000000 0.015970  
 16 8 5  0.000000 3.058793 -0.000000 -0.009266 0.000000 1.816935 -0.000000 -0.009266 0.000000 -0.001620 0.000000 -0.009266 0.000000 -1.820176 0.000000 -0.009266 0.000000 -3.062033 0.000000 -0.009266  
 17 10 11  0.000000 2.013464 0.000000 0.005987 0.000000 1.196681 0.000000 0.005987 0.000000 0.000598 0.000000 0.005987 0.000000 -1.195486 -0.000000 0.005987 0.000000 -2.012268 -0.000000 0.005987  
 18 11 12  0.000000 1.812482 -0.000000 -0.006308 0.000000 1.077194 -0.000000 -0.006308 0.000000 0.000449 0.000000 -0.006308 0.000000 -1.076296 0.000000 -0.006308 0.000000 -1.811585 0.000000 -0.006308  
 19 12 13  0.000000 2.011796 -0.000000 0.008352 0.000000 1.195205 -0.000000 0.008352 0.000000 -0.000598 0.000000 0.008352 0.000000 -1.196400 0.000000 0.008352 0.000000 -2.012991 0.000000 0.008352  
 20 13 10  0.000000 1.812058 0.000000 -0.004479 0.000000 1.076577 0.000000 -0.004479 0.000000 -0.000449 0.000000 -0.004479 0.000000 -1.077474 -0.000000 -0.004479 0.000000 -1.812955 -0.000000 -0.004479  
 21 15 16  0.000000 0.949280 0.000000 0.001182 0.000000 0.564143 0.000000 0.001182 0.000000 0.000153 0.000000 0.001182 0.000000 -0.563836 -0.000000 0.001182 0.000000 -0.948974 -0.000000 0.001182  
 22 16 17  0.000000 0.575819 0.000000 -0.000782 0.000000 0.342173 0.000000 -0.000782 0.000000 0.000027 0.000000 -0.000782 0.000000 -0.342120 -0.000000 -0.000782 0.000000 -0.575766 -0.000000 -0.000782  
 23 17 18  0.000000 0.948507 -0.000000 0.001249 0.000000 0.563558 -0.000000 0.001249 0.000000 -0.000153 0.000000 0.001249 0.000000 -0.563865 0.000000 0.001249 0.000000 -0.948813 0.000000 0.001249  
 24 18 15  0.000000 0.576233 -0.000000 -0.000681 0.000000 0.342398 -0.000000 -0.000681 0.000000 -0.000027 0.000000 -0.000681 0.000000 -0.342451 0.000000 -0.000681 0.000000 -0.576286 0.000000 -0.000681  
