 1 1 5  -35.308510 0.622730 -0.199855 -0.000040 -35.313167 0.447944 -0.137676 -0.000040 -35.319176 0.191925 -0.046616 -0.000040 -35.320082 -0.064324 0.044719 -0.000040 -35.316354 -0.239198 0.106973 -0.000040  
 2 2 6  -35.497745 0.622660 -0.199649 -0.000040 -35.502478 0.447883 -0.137435 -0.000040 -35.508756 0.191889 -0.046293 -0.000040 -35.509978 -0.064269 0.044669 -0.000040 -35.505852 -0.239119 0.106905 -0.000040  
 3 3 7  -36.675370 0.622525 -0.199603 -0.000040 -36.680202 0.447732 -0.137393 -0.000040 -36.686644 0.191716 -0.046265 -0.000040 -36.687606 -0.064232 0.044641 -0.000040 -36.683577 -0.239068 0.106861 -0.000040  
 4 4 8  -36.485953 0.622593 -0.199818 -0.000040 -36.490731 0.447793 -0.137643 -0.000040 -36.496988 0.191756 -0.046591 -0.000040 -36.498124 -0.064275 0.044737 -0.000040 -36.494086 -0.239138 0.106948 -0.000040  
 5 5 10  -23.612594 0.404113 -0.048201 0.000003 -23.614759 0.236523 -0.019420 0.000003 -23.616642 -0.008971 0.022823 0.000003 -23.614215 -0.254404 0.065034 0.000003 -23.611934 -0.421974 0.093820 0.000003  
 6 6 11  -23.685031 0.404108 -0.048238 0.000003 -23.687215 0.236525 -0.019408 0.000003 -23.689343 -0.008966 0.022790 0.000003 -23.686632 -0.254388 0.064989 0.000003 -23.684352 -0.421959 0.093816 0.000003  
 7 7 12  -24.383436 0.404140 -0.048225 0.000003 -24.385664 0.236525 -0.019396 0.000003 -24.387564 -0.008938 0.022789 0.000003 -24.384962 -0.254360 0.064980 0.000003 -24.382687 -0.421958 0.093802 0.000003  
 8 8 13  -24.310921 0.404147 -0.048188 0.000003 -24.313128 0.236525 -0.019410 0.000003 -24.315034 -0.008932 0.022833 0.000003 -24.312540 -0.254378 0.065023 0.000003 -24.310223 -0.421975 0.093806 0.000003  
 9 10 15  -11.868319 0.193272 0.012931 0.000004 -11.869194 0.083048 0.014642 0.000004 -11.869555 -0.078366 0.017159 0.000004 -11.868384 -0.239775 0.019660 0.000004 -11.867421 -0.349990 0.021366 0.000004  
 10 11 16  -11.882643 0.193277 0.012909 0.000004 -11.883518 0.083053 0.014634 0.000004 -11.883855 -0.078363 0.017135 0.000004 -11.882693 -0.239776 0.019650 0.000004 -11.881727 -0.349991 0.021370 0.000004  
 11 12 17  -12.130752 0.193288 0.012908 0.000004 -12.131631 0.083057 0.014634 0.000004 -12.131960 -0.078350 0.017134 0.000004 -12.130798 -0.239771 0.019648 0.000004 -12.129826 -0.349994 0.021369 0.000004  
 12 13 18  -12.116432 0.193284 0.012930 0.000004 -12.117306 0.083053 0.014642 0.000004 -12.117678 -0.078353 0.017156 0.000004 -12.116493 -0.239770 0.019659 0.000004 -12.115523 -0.349992 0.021365 0.000004  
 13 5 6  0.000000 -0.161648 0.000000 -0.000042 0.000000 -0.096065 0.000000 -0.000042 0.000000 -0.000027 0.000000 -0.000042 0.000000 0.096011 -0.000000 -0.000042 0.000000 0.161593 -0.000000 -0.000042  
 14 6 7  0.000000 -0.662076 -0.000000 0.000029 0.000000 -0.393425 -0.000000 0.000029 0.000000 -0.000016 0.000000 0.000029 0.000000 0.393393 0.000000 0.000029 0.000000 0.662044 0.000000 0.000029  
 15 7 8  0.000000 -0.161589 -0.000000 -0.000038 0.000000 -0.096008 -0.000000 -0.000038 0.000000 0.000027 0.000000 -0.000038 0.000000 0.096063 0.000000 -0.000038 0.000000 0.161644 0.000000 -0.000038  
 16 8 5  0.000000 -0.662048 0.000000 0.000010 0.000000 -0.393395 0.000000 0.000010 0.000000 0.000016 0.000000 0.000010 0.000000 0.393427 -0.000000 0.000010 0.000000 0.662080 -0.000000 0.000010  
 17 10 11  0.000000 -0.080377 -0.000000 -0.000004 0.000000 -0.047765 -0.000000 -0.000004 0.000000 -0.000007 0.000000 -0.000004 0.000000 0.047750 0.000000 -0.000004 0.000000 0.080363 0.000000 -0.000004  
 18 11 12  0.000000 -0.621783 -0.000000 0.000006 0.000000 -0.369477 -0.000000 0.000006 0.000000 -0.000004 0.000000 0.000006 0.000000 0.369469 0.000000 0.000006 0.000000 0.621775 0.000000 0.000006  
 19 12 13  0.000000 -0.080358 0.000000 -0.000004 0.000000 -0.047748 0.000000 -0.000004 0.000000 0.000007 0.000000 -0.000004 0.000000 0.047762 -0.000000 -0.000004 0.000000 0.080373 -0.000000 -0.000004  
 20 13 10  0.000000 -0.621780 0.000000 0.000004 0.000000 -0.369472 0.000000 0.000004 0.000000 0.000004 0.000000 0.000004 0.000000 0.369480 -0.000000 0.000004 0.000000 0.621788 -0.000000 0.000004  
 21 15 16  0.000000 -0.019765 0.000000 0.000004 0.000000 -0.011746 0.000000 0.000004 0.000000 -0.000003 0.000000 0.000004 0.000000 0.011740 -0.000000 0.000004 0.000000 0.019759 -0.000000 0.000004  
 22 16 17  0.000000 -0.342643 0.000000 -0.000002 0.000000 -0.203606 0.000000 -0.000002 0.000000 -0.000001 0.000000 -0.000002 0.000000 0.203603 -0.000000 -0.000002 0.000000 0.342641 -0.000000 -0.000002  
 23 17 18  0.000000 -0.019755 -0.000000 0.000003 0.000000 -0.011737 -0.000000 0.000003 0.000000 0.000003 0.000000 0.000003 0.000000 0.011743 0.000000 0.000003 0.000000 0.019760 0.000000 0.000003  
 24 18 15  0.000000 -0.342645 -0.000000 -0.000002 0.000000 -0.203606 -0.000000 -0.000002 0.000000 0.000001 0.000000 -0.000002 0.000000 0.203608 0.000000 -0.000002 0.000000 0.342648 0.000000 -0.000002  
