 1 1 5  -71.880253 20.188853 9.821388 -0.323998 -42.964797 13.074328 6.511494 -0.323998 -1.089956 2.598865 1.504618 -0.323998 -11.529226 -5.375405 -2.588304 -0.323998 -40.576561 -12.574002 -5.959672 -0.323998  
 2 2 6  -52.018729 18.536901 9.445944 -0.323998 -23.746051 11.435329 6.003898 -0.323998 11.606138 1.625468 0.871574 -0.323998 4.737604 -3.928450 -2.172693 -0.323998 -21.685405 -10.928742 -5.686491 -0.323998  
 3 3 7  -89.809039 20.942093 10.608297 -0.323998 -62.770123 14.429953 7.202012 -0.323998 -22.201057 4.755479 2.045305 -0.323998 -27.021290 -5.609413 -3.402523 -0.323998 -54.684639 -12.215436 -6.885504 -0.323998  
 4 4 8  -105.958976 22.145466 10.830999 -0.323998 -79.375601 15.654046 7.535483 -0.323998 -41.065059 5.953388 2.542823 -0.323998 -45.006286 -6.777049 -3.681654 -0.323998 -71.143371 -13.436969 -7.015539 -0.323998  
 5 5 10  -38.666645 11.251032 4.106896 -0.273496 -18.081125 6.082098 2.200417 -0.273496 3.105709 -0.276068 -0.178067 -0.273496 -24.150335 -7.530244 -3.080493 -0.273496 -44.644110 -12.680221 -4.985655 -0.273496  
 6 6 11  -27.686708 10.275908 4.190840 -0.273496 -7.673919 5.132196 2.159000 -0.273496 6.995170 -0.272136 -0.153298 -0.273496 -13.359916 -6.571231 -2.929507 -0.273496 -33.559137 -11.710570 -4.963077 -0.273496  
 7 7 12  -44.074367 9.923436 4.795606 -0.273496 -26.492084 5.637111 2.760240 -0.273496 -8.927907 -1.356598 -0.505527 -0.273496 -34.706375 -7.688317 -3.558168 -0.273496 -52.215914 -11.959202 -5.581518 -0.273496  
 8 8 13  -52.185411 10.564893 4.625772 -0.273496 -35.041415 6.276061 2.705245 -0.273496 -20.973513 -1.667192 -0.748623 -0.273496 -43.166166 -8.321991 -3.620267 -0.273496 -60.373699 -12.594467 -5.515707 -0.273496  
 9 10 15  -17.823581 5.701376 2.925207 -0.050389 -4.802369 2.485373 1.346674 -0.050389 1.390483 -0.863628 -0.451747 -0.050389 -17.001442 -5.534461 -2.741492 -0.050389 -30.279764 -8.753594 -4.302012 -0.050389  
 10 11 16  -14.544294 5.415855 2.942074 -0.050389 -1.850128 2.225219 1.303492 -0.050389 3.566756 -0.693670 -0.348074 -0.050389 -13.653510 -5.241014 -2.706291 -0.050389 -26.803786 -8.455565 -4.317678 -0.050389  
 11 12 17  -18.867302 5.004872 3.178641 -0.050389 -6.839947 2.171003 1.533411 -0.050389 -2.702445 -1.328552 -0.583899 -0.050389 -20.273724 -5.512545 -2.938098 -0.050389 -32.299494 -8.349735 -4.545323 -0.050389  
 12 13 18  -22.105214 5.268473 3.157657 -0.050389 -10.011341 2.421626 1.585158 -0.050389 -5.926870 -1.609544 -0.674754 -0.050389 -23.602628 -5.785441 -2.969285 -0.050389 -35.601849 -8.620151 -4.526403 -0.050389  
 13 5 6  0.000000 11.064984 -0.000000 -1.577316 0.000000 6.611810 -0.000000 -1.577316 0.000000 0.090655 0.000000 -1.577316 0.000000 -6.430500 0.000000 -1.577316 0.000000 -10.883673 0.000000 -1.577316  
 14 6 7  0.000000 -22.472391 0.000000 0.999982 0.000000 -13.117067 0.000000 0.999982 0.000000 0.582717 0.000000 0.999982 0.000000 14.282501 -0.000000 0.999982 0.000000 23.637825 -0.000000 0.999982  
 15 7 8  0.000000 11.008931 0.000000 -1.016014 0.000000 6.504930 0.000000 -1.016014 0.000000 -0.090655 0.000000 -1.016014 0.000000 -6.686240 -0.000000 -1.016014 0.000000 -11.190241 -0.000000 -1.016014  
 16 8 5  0.000000 -23.763082 -0.000000 0.820962 0.000000 -14.356931 -0.000000 0.820962 0.000000 -0.582717 0.000000 0.820962 0.000000 13.191497 0.000000 0.820962 0.000000 22.597649 0.000000 0.820962  
 17 10 11  0.000000 8.240131 -0.000000 -0.737275 0.000000 4.909326 -0.000000 -0.737275 0.000000 0.031750 0.000000 -0.737275 0.000000 -4.845826 0.000000 -0.737275 0.000000 -8.176631 0.000000 -0.737275  
 18 11 12  0.000000 -17.200573 0.000000 0.501379 0.000000 -10.114182 0.000000 0.501379 0.000000 0.263013 0.000000 0.501379 0.000000 10.640209 -0.000000 0.501379 0.000000 17.726600 -0.000000 0.501379  
 19 12 13  0.000000 8.390974 0.000000 -0.520634 0.000000 4.973193 0.000000 -0.520634 0.000000 -0.031750 0.000000 -0.520634 0.000000 -5.036693 -0.000000 -0.520634 0.000000 -8.454474 -0.000000 -0.520634  
 20 13 10  0.000000 -17.940943 -0.000000 0.472272 0.000000 -10.767575 -0.000000 0.472272 0.000000 -0.263013 0.000000 0.472272 0.000000 10.241549 0.000000 0.472272 0.000000 17.414916 0.000000 0.472272  
 21 15 16  0.000000 4.174900 -0.000000 -0.107735 0.000000 2.489725 -0.000000 -0.107735 0.000000 0.021981 0.000000 -0.107735 0.000000 -2.445763 0.000000 -0.107735 0.000000 -4.130938 0.000000 -0.107735  
 22 16 17  0.000000 -7.910485 0.000000 0.075100 0.000000 -4.657424 0.000000 0.075100 0.000000 0.106306 0.000000 0.075100 0.000000 4.870036 -0.000000 0.075100 0.000000 8.123097 -0.000000 0.075100  
 23 17 18  0.000000 4.352291 0.000000 -0.108080 0.000000 2.577295 0.000000 -0.108080 0.000000 -0.021981 0.000000 -0.108080 0.000000 -2.621257 -0.000000 -0.108080 0.000000 -4.396253 -0.000000 -0.108080  
 24 18 15  0.000000 -8.344450 -0.000000 0.071516 0.000000 -5.001568 -0.000000 0.071516 0.000000 -0.106306 0.000000 0.071516 0.000000 4.788956 0.000000 0.071516 0.000000 8.131838 0.000000 0.071516  
