 1 1 5  -47.895946 9.925226 3.279314 0.111411 -36.741762 7.079165 2.293820 0.111411 -21.355407 2.829953 0.826005 0.111411 -22.323367 -3.104579 -1.089119 0.111411 -32.775324 -6.014763 -2.074862 0.111411  
 2 2 6  -44.830528 9.688927 3.242892 0.111411 -33.542120 6.847067 2.245353 0.111411 -17.551180 2.637826 0.771113 0.111411 -18.639960 -2.903207 -1.047905 0.111411 -29.542613 -5.783991 -2.038610 0.111411  
 3 3 7  -57.832739 10.459862 3.501534 0.111411 -47.687586 7.745622 2.490843 0.111411 -36.049448 3.371319 0.972222 0.111411 -36.036872 -3.026839 -1.367460 0.111411 -42.800189 -6.207966 -2.345623 0.111411  
 4 4 8  -60.624185 10.650895 3.527055 0.111411 -50.682616 7.920716 2.533826 0.111411 -40.044733 3.401256 1.000339 0.111411 -40.055065 -3.053477 -1.365392 0.111411 -45.956459 -6.367257 -2.373611 0.111411  
 5 5 10  -25.891849 5.043063 1.115203 0.078729 -18.415076 3.034151 0.540308 0.078729 -14.090413 -0.945175 -0.601414 0.078729 -23.017208 -4.190640 -1.353296 0.078729 -30.676595 -6.197212 -1.894931 0.078729  
 6 6 11  -25.085832 4.982870 1.130100 0.078729 -17.526832 2.977181 0.550506 0.078729 -12.856360 -0.939315 -0.588584 0.078729 -22.174303 -4.132328 -1.345128 0.078729 -29.885791 -6.137149 -1.895888 0.078729  
 7 7 12  -30.391520 4.908695 1.242112 0.078729 -24.602687 2.998898 0.652442 0.078729 -23.530415 -1.103066 -0.595568 0.078729 -29.070940 -4.421200 -1.481443 0.078729 -35.641215 -6.263749 -2.028197 0.078729  
 8 8 13  -31.235463 4.961056 1.224642 0.078729 -25.606373 3.033550 0.638541 0.078729 -24.728027 -1.102923 -0.602818 0.078729 -29.944328 -4.470431 -1.489227 0.078729 -36.440026 -6.318196 -2.026939 0.078729  
 9 10 15  -9.988281 1.243835 -0.620801 -0.017088 -9.030379 0.324999 -0.604382 -0.017088 -9.580680 -1.179220 -0.336466 -0.017088 -12.681949 -2.222237 -0.131157 -0.017088 -15.144970 -2.895685 -0.024356 -0.017088  
 10 11 16  -10.013847 1.245301 -0.619854 -0.017088 -9.061574 0.325154 -0.602874 -0.017088 -9.605772 -1.180230 -0.336277 -0.017088 -12.705437 -2.224086 -0.131333 -0.017088 -15.168639 -2.897793 -0.024513 -0.017088  
 11 12 17  -12.052448 1.103194 -0.696775 -0.017088 -11.786811 0.152227 -0.602960 -0.017088 -12.020928 -1.279517 -0.362545 -0.017088 -14.471653 -2.290548 -0.137658 -0.017088 -16.569524 -2.920036 -0.025821 -0.017088  
 12 13 18  -12.041496 1.102484 -0.698142 -0.017088 -11.774446 0.152052 -0.604476 -0.017088 -12.010192 -1.279242 -0.362965 -0.017088 -14.460739 -2.289633 -0.137644 -0.017088 -16.558526 -2.918923 -0.025695 -0.017088  
 13 5 6  0.000000 3.491806 -0.000000 -0.163000 0.000000 2.077141 -0.000000 -0.163000 0.000000 0.005528 0.000000 -0.163000 0.000000 -2.066084 0.000000 -0.163000 0.000000 -3.480749 0.000000 -0.163000  
 14 6 7  0.000000 -11.230572 0.000000 0.257185 0.000000 -6.616166 0.000000 0.257185 0.000000 0.141095 0.000000 0.257185 0.000000 6.898357 -0.000000 0.257185 0.000000 11.512763 -0.000000 0.257185  
 15 7 8  0.000000 3.490409 0.000000 -0.097738 0.000000 2.071824 0.000000 -0.097738 0.000000 -0.005528 0.000000 -0.097738 0.000000 -2.082881 -0.000000 -0.097738 0.000000 -3.501465 -0.000000 -0.097738  
 16 8 5  0.000000 -11.522422 -0.000000 0.243123 0.000000 -6.904097 -0.000000 0.243123 0.000000 -0.141095 0.000000 0.243123 0.000000 6.621906 0.000000 0.243123 0.000000 11.240232 0.000000 0.243123  
 17 10 11  0.000000 1.359718 0.000000 -0.036277 0.000000 0.808113 0.000000 -0.036277 0.000000 0.000353 0.000000 -0.036277 0.000000 -0.807408 -0.000000 -0.036277 0.000000 -1.359012 -0.000000 -0.036277  
 18 11 12  0.000000 -7.590208 0.000000 0.065819 0.000000 -4.494148 0.000000 0.065819 0.000000 0.039671 0.000000 0.065819 0.000000 4.573491 -0.000000 0.065819 0.000000 7.669551 -0.000000 0.065819  
 19 12 13  0.000000 1.369485 -0.000000 -0.029129 0.000000 0.813631 -0.000000 -0.029129 0.000000 -0.000353 0.000000 -0.029129 0.000000 -0.814337 0.000000 -0.029129 0.000000 -1.370191 0.000000 -0.029129  
 20 13 10  0.000000 -7.680024 -0.000000 0.064191 0.000000 -4.579714 -0.000000 0.064191 0.000000 -0.039671 0.000000 0.064191 0.000000 4.500372 0.000000 0.064191 0.000000 7.600681 0.000000 0.064191  
 21 15 16  0.000000 -0.031110 0.000000 0.006998 0.000000 -0.018587 0.000000 0.006998 0.000000 -0.000247 0.000000 0.006998 0.000000 0.018093 -0.000000 0.006998 0.000000 0.030617 -0.000000 0.006998  
 22 16 17  0.000000 -2.987997 -0.000000 -0.007484 0.000000 -1.770264 -0.000000 -0.007484 0.000000 0.012966 0.000000 -0.007484 0.000000 1.796195 0.000000 -0.007484 0.000000 3.013929 0.000000 -0.007484  
 23 17 18  0.000000 -0.020376 -0.000000 0.006306 0.000000 -0.012008 -0.000000 0.006306 0.000000 0.000247 0.000000 0.006306 0.000000 0.012501 0.000000 0.006306 0.000000 0.020870 0.000000 0.006306  
 24 18 15  0.000000 -3.024170 0.000000 -0.007436 0.000000 -1.802281 0.000000 -0.007436 0.000000 -0.012966 0.000000 -0.007436 0.000000 1.776349 -0.000000 -0.007436 0.000000 2.998238 -0.000000 -0.007436  
