 1 1 5  -53.886081 9.490285 7.409534 -0.075837 -42.944945 6.950559 5.506902 -0.075837 -27.062631 3.013082 2.582059 -0.075837 -24.716757 -2.551364 -1.642741 -0.075837 -34.615255 -5.266359 -3.721578 -0.075837  
 2 2 6  -38.924586 8.538754 6.969193 -0.075837 -27.217760 5.986604 4.926997 -0.075837 -9.069951 2.114172 1.773029 -0.075837 -6.621973 -1.624746 -1.308376 -0.075837 -18.917174 -4.256610 -3.442521 -0.075837  
 3 3 7  -56.356326 9.380280 7.751067 -0.075837 -45.741643 7.008522 5.728261 -0.075837 -30.562873 3.326471 2.546633 -0.075837 -28.135528 -2.059715 -2.118084 -0.075837 -36.823447 -4.736655 -4.319109 -0.075837  
 4 4 8  -69.937500 10.103839 8.081583 -0.075837 -60.512362 7.699918 6.170665 -0.075837 -49.361470 3.713305 3.010035 -0.075837 -48.680759 -2.160957 -1.840251 -0.075837 -52.559828 -5.390458 -4.417786 -0.075837  
 5 5 10  -39.128443 8.033550 6.163883 -0.105144 -24.108459 4.758803 3.650828 -0.105144 -5.203661 -0.458097 -0.337820 -0.105144 -26.718716 -5.340227 -4.078067 -0.105144 -41.645965 -8.604350 -6.574511 -0.105144  
 6 6 11  -29.370747 7.326037 6.087421 -0.105144 -14.197207 4.050400 3.413928 -0.105144 2.447548 -0.111750 -0.072719 -0.105144 -16.678161 -4.626885 -3.801836 -0.105144 -31.788461 -7.895499 -6.456425 -0.105144  
 7 7 12  -39.607613 7.427446 6.673858 -0.105144 -25.122280 4.400034 4.019424 -0.105144 -7.787305 -0.578802 -0.314121 -0.105144 -27.914758 -5.119125 -4.379814 -0.105144 -42.337681 -8.130315 -7.023287 -0.105144  
 8 8 13  -47.163319 7.937305 6.625963 -0.105144 -33.442000 4.902287 4.121913 -0.105144 -21.315878 -0.581690 -0.363096 -0.105144 -36.207442 -5.631315 -4.519501 -0.105144 -49.939302 -8.638724 -7.018561 -0.105144  
 9 10 15  -12.854233 2.366652 2.041499 0.016208 -6.526214 1.032690 0.890103 0.016208 -7.233820 -1.188407 -1.012246 0.016208 -16.561365 -3.145711 -2.699691 0.016208 -22.855676 -4.466751 -3.836164 0.016208  
 10 11 16  -10.469839 2.185116 2.140272 0.016208 -3.898866 0.856605 0.899031 0.016208 -4.122289 -0.999227 -0.832611 0.016208 -13.805519 -2.957040 -2.649008 0.016208 -20.302730 -4.278107 -3.870989 0.016208  
 11 12 17  -12.915135 1.987683 2.341402 0.016208 -6.795643 0.755189 1.119836 0.016208 -7.729180 -1.284429 -0.980347 0.016208 -16.818715 -3.045683 -2.815167 0.016208 -22.959081 -4.238944 -4.042253 0.016208  
 12 13 18  -15.311385 2.151628 2.238621 0.016208 -9.847400 0.897906 1.089995 0.016208 -11.127057 -1.447126 -1.148874 0.016208 -19.554469 -3.216527 -2.864939 0.016208 -25.469924 -4.411697 -4.005739 0.016208  
 13 5 6  0.000000 10.573866 -0.000000 -0.973618 0.000000 6.320457 -0.000000 -0.973618 0.000000 0.091836 0.000000 -0.973618 0.000000 -6.136786 0.000000 -0.973618 0.000000 -10.390194 0.000000 -0.973618  
 14 6 7  0.000000 -12.584720 0.000000 0.827904 0.000000 -7.415164 0.000000 0.827904 0.000000 0.155049 0.000000 0.827904 0.000000 7.725262 -0.000000 0.827904 0.000000 12.894818 -0.000000 0.827904  
 15 7 8  0.000000 10.447691 0.000000 -0.572050 0.000000 6.170952 0.000000 -0.572050 0.000000 -0.091836 0.000000 -0.572050 0.000000 -6.354623 -0.000000 -0.572050 0.000000 -10.631363 -0.000000 -0.572050  
 16 8 5  0.000000 -12.952315 -0.000000 0.563165 0.000000 -7.759428 -0.000000 0.563165 0.000000 -0.155049 0.000000 0.563165 0.000000 7.449330 0.000000 0.563165 0.000000 12.642217 0.000000 0.563165  
 17 10 11  0.000000 9.119032 -0.000000 -0.589363 0.000000 5.443413 -0.000000 -0.589363 0.000000 0.060896 0.000000 -0.589363 0.000000 -5.321621 0.000000 -0.589363 0.000000 -8.997240 0.000000 -0.589363  
 18 11 12  0.000000 -10.506741 -0.000000 0.501677 0.000000 -6.205709 -0.000000 0.501677 0.000000 0.092652 0.000000 0.501677 0.000000 6.391013 0.000000 0.501677 0.000000 10.692045 0.000000 0.501677  
 19 12 13  0.000000 9.114555 0.000000 -0.384635 0.000000 5.391332 0.000000 -0.384635 0.000000 -0.060896 0.000000 -0.384635 0.000000 -5.513124 -0.000000 -0.384635 0.000000 -9.236347 -0.000000 -0.384635  
 20 13 10  0.000000 -10.809360 0.000000 0.372515 0.000000 -6.460724 0.000000 0.372515 0.000000 -0.092652 0.000000 0.372515 0.000000 6.275420 -0.000000 0.372515 0.000000 10.624056 -0.000000 0.372515  
 21 15 16  0.000000 3.890387 -0.000000 -0.092414 0.000000 2.320237 -0.000000 -0.092414 0.000000 0.020935 0.000000 -0.092414 0.000000 -2.278367 0.000000 -0.092414 0.000000 -3.848517 0.000000 -0.092414  
 22 16 17  0.000000 -4.241455 -0.000000 0.080934 0.000000 -2.510791 -0.000000 0.080934 0.000000 0.023565 0.000000 0.080934 0.000000 2.557922 0.000000 0.080934 0.000000 4.288586 0.000000 0.080934  
 23 17 18  0.000000 3.969098 0.000000 -0.075321 0.000000 2.350018 0.000000 -0.075321 0.000000 -0.020935 0.000000 -0.075321 0.000000 -2.391888 -0.000000 -0.075321 0.000000 -4.010967 -0.000000 -0.075321  
 24 18 15  0.000000 -4.409166 0.000000 0.076749 0.000000 -2.629573 0.000000 0.076749 0.000000 -0.023565 0.000000 0.076749 0.000000 2.582442 -0.000000 0.076749 0.000000 4.362036 -0.000000 0.076749  
