 1 1 5  -29.973623 2.615825 -3.577608 0.194479 -29.146231 1.763506 -3.070043 0.194479 -29.264070 0.229847 -1.935461 0.194479 -29.172070 -1.537649 -0.578987 0.194479 -28.102564 -2.708770 0.372515 0.194479  
 2 2 6  -43.498135 3.036383 -3.777620 0.194479 -44.389233 2.031523 -3.144544 0.194479 -45.619657 0.241332 -2.020560 0.194479 -45.550439 -1.560179 -0.884915 0.194479 -44.580298 -2.776283 -0.085964 0.194479  
 3 3 7  -41.484076 2.888810 -3.837679 0.194479 -42.271019 1.932342 -3.204509 0.194479 -43.528774 0.211477 -2.031443 0.194479 -43.447899 -1.552846 -0.866811 0.194479 -42.359259 -2.743503 -0.028310 0.194479  
 4 4 8  -28.388365 2.494037 -3.555895 0.194479 -27.294758 1.651538 -3.057098 0.194479 -26.982372 0.199925 -1.948248 0.194479 -26.876468 -1.531316 -0.559403 0.194479 -25.965211 -2.646053 0.417537 0.194479  
 5 5 10  -29.939532 -1.725019 -6.211053 0.047598 -22.272097 -1.319886 -4.161483 0.047598 -13.000645 -0.831601 -0.794755 0.047598 -18.019257 0.155237 3.172811 0.047598 -25.489677 0.610864 5.208403 0.047598  
 6 6 11  -38.186222 -1.880599 -6.469367 0.047598 -31.936557 -1.498091 -4.553420 0.047598 -27.605599 -0.845177 -0.871177 0.047598 -28.255896 0.186330 3.426986 0.047598 -33.689232 0.681217 5.390267 0.047598  
 7 7 12  -35.941549 -1.842048 -6.325045 0.047598 -29.497510 -1.460031 -4.425317 0.047598 -24.340074 -0.833612 -0.870786 0.047598 -25.593470 0.199807 3.323072 0.047598 -31.375758 0.677094 5.250172 0.047598  
 8 8 13  -27.675966 -1.687433 -6.041382 0.047598 -19.886929 -1.274288 -3.993815 0.047598 -9.576620 -0.774334 -0.748721 0.047598 -15.575950 0.167194 3.000904 0.047598 -23.215038 0.612687 5.035618 0.047598  
 9 10 15  -16.489753 -1.386518 -4.165460 0.002481 -8.698074 -0.791423 -2.197583 0.002481 -2.419824 0.083090 0.662790 0.002481 -13.878165 0.955980 3.553694 0.002481 -21.603519 1.543896 5.511090 0.002481  
 10 11 16  -19.219811 -1.480777 -4.022197 0.002481 -12.298712 -0.896984 -2.239163 0.002481 -7.784289 0.113978 1.046706 0.002481 -17.583430 1.027150 3.676798 0.002481 -24.540147 1.616710 5.442112 0.002481  
 11 12 17  -18.150983 -1.479261 -3.938362 0.002481 -11.168581 -0.884661 -2.158364 0.002481 -6.441154 0.107642 0.977343 0.002481 -16.510179 1.023702 3.593939 0.002481 -23.492327 1.620110 5.358694 0.002481  
 12 13 18  -15.329310 -1.379162 -4.068311 0.002481 -7.532496 -0.776399 -2.100319 0.002481 -1.307591 0.075088 0.562036 0.002481 -12.719314 0.950456 3.455727 0.002481 -20.454464 1.543286 5.413804 0.002481  
 13 5 6  0.000000 -6.709263 -0.000000 -0.018030 0.000000 -3.958689 -0.000000 -0.018030 0.000000 0.069207 0.000000 -0.018030 0.000000 4.097103 0.000000 -0.018030 0.000000 6.847677 0.000000 -0.018030  
 14 6 7  0.000000 -0.810192 0.000000 0.065945 0.000000 -0.483192 0.000000 0.065945 0.000000 -0.004337 0.000000 0.065945 0.000000 0.474517 -0.000000 0.065945 0.000000 0.801518 -0.000000 0.065945  
 15 7 8  0.000000 -6.846671 0.000000 -0.021595 0.000000 -4.096505 0.000000 -0.021595 0.000000 -0.069207 0.000000 -0.021595 0.000000 3.958091 -0.000000 -0.021595 0.000000 6.708256 -0.000000 -0.021595  
 16 8 5  0.000000 -0.802524 -0.000000 0.115019 0.000000 -0.475115 -0.000000 0.115019 0.000000 0.004337 0.000000 0.115019 0.000000 0.483790 0.000000 0.115019 0.000000 0.811199 0.000000 0.115019  
 17 10 11  0.000000 -9.443472 -0.000000 -0.110979 0.000000 -5.567016 -0.000000 -0.110979 0.000000 0.109601 0.000000 -0.110979 0.000000 5.786219 0.000000 -0.110979 0.000000 9.662675 0.000000 -0.110979  
 18 11 12  0.000000 2.112139 -0.000000 0.132592 0.000000 1.256193 -0.000000 0.132592 0.000000 0.002759 0.000000 0.132592 0.000000 -1.250675 0.000000 0.132592 0.000000 -2.106621 0.000000 0.132592  
 19 12 13  0.000000 -9.656636 0.000000 -0.106558 0.000000 -5.782631 0.000000 -0.106558 0.000000 -0.109601 0.000000 -0.106558 0.000000 5.563428 -0.000000 -0.106558 0.000000 9.437433 -0.000000 -0.106558  
 20 13 10  0.000000 2.100583 0.000000 0.166219 0.000000 1.247087 0.000000 0.166219 0.000000 -0.002759 0.000000 0.166219 0.000000 -1.252605 -0.000000 0.166219 0.000000 -2.106101 -0.000000 0.166219  
 21 15 16  0.000000 -5.370331 -0.000000 -0.054789 0.000000 -3.161198 -0.000000 -0.054789 0.000000 0.073820 0.000000 -0.054789 0.000000 3.308839 0.000000 -0.054789 0.000000 5.517972 0.000000 -0.054789  
 22 16 17  0.000000 1.600898 0.000000 0.063370 0.000000 0.952735 0.000000 0.063370 0.000000 0.003575 0.000000 0.063370 0.000000 -0.945585 -0.000000 0.063370 0.000000 -1.593749 -0.000000 0.063370  
 23 17 18  0.000000 -5.508398 0.000000 -0.057352 0.000000 -3.303150 0.000000 -0.057352 0.000000 -0.073820 0.000000 -0.057352 0.000000 3.155509 -0.000000 -0.057352 0.000000 5.360757 -0.000000 -0.057352  
 24 18 15  0.000000 1.584175 -0.000000 0.078185 0.000000 0.939896 -0.000000 0.078185 0.000000 -0.003575 0.000000 0.078185 0.000000 -0.947046 0.000000 0.078185 0.000000 -1.591324 0.000000 0.078185  
