 1 1 5  -33.938912 0.574065 -0.504169 0.000025 -33.958635 0.435322 -0.396945 0.000025 -33.982606 0.232311 -0.240065 0.000025 -33.983945 0.028552 -0.082773 0.000025 -33.969535 -0.110122 0.024403 0.000025  
 2 2 6  -36.156613 0.573459 -0.503720 0.000025 -36.176321 0.434791 -0.396445 0.000025 -36.200429 0.231895 -0.239490 0.000025 -36.202792 0.028950 -0.082718 0.000025 -36.187390 -0.109589 0.024415 0.000025  
 3 3 7  -37.998570 0.572802 -0.503064 0.000025 -38.017957 0.434089 -0.395877 0.000025 -38.041151 0.231102 -0.239065 0.000025 -38.042804 0.029087 -0.083115 0.000025 -38.028815 -0.109436 0.023872 0.000025  
 4 4 8  -35.779934 0.573361 -0.503548 0.000025 -35.799461 0.434561 -0.396429 0.000025 -35.823260 0.231460 -0.239728 0.000025 -35.825884 0.028776 -0.083046 0.000025 -35.810552 -0.109871 0.023955 0.000025  
 5 5 10  -22.547445 0.668427 -0.782654 0.000006 -22.554112 0.428622 -0.522702 0.000006 -22.558956 0.077209 -0.141850 0.000006 -22.551323 -0.274095 0.238975 0.000006 -22.544059 -0.513971 0.499003 0.000006  
 6 6 11  -24.174297 0.668160 -0.782568 0.000006 -24.181012 0.428388 -0.522640 0.000006 -24.186958 0.077256 -0.142041 0.000006 -24.178296 -0.273956 0.238636 0.000006 -24.170965 -0.513816 0.498641 0.000006  
 7 7 12  -25.441425 0.668235 -0.782314 0.000006 -25.448044 0.428412 -0.522410 0.000006 -25.453399 0.077548 -0.142102 0.000006 -25.445825 -0.273651 0.238477 0.000006 -25.438563 -0.513562 0.498462 0.000006  
 8 8 13  -23.814018 0.668493 -0.782410 0.000006 -23.820716 0.428633 -0.522489 0.000006 -23.826974 0.077518 -0.141859 0.000006 -23.818261 -0.273774 0.238836 0.000006 -23.810976 -0.513715 0.498833 0.000006  
 9 10 15  -11.392887 0.522032 -0.777943 0.000541 -11.380204 0.272508 -0.425395 0.000541 -11.381817 -0.097707 0.095730 0.000541 -11.377598 -0.467812 0.616803 0.000541 -11.553375 -0.688595 0.938381 0.000541  
 10 11 16  -12.075260 0.524746 -0.779021 0.000541 -12.076597 0.272455 -0.424606 0.000541 -12.078190 -0.097691 0.095129 0.000541 -12.073943 -0.467751 0.614815 0.000541 -12.200396 -0.696749 0.944447 0.000541  
 11 12 17  -12.583690 0.524090 -0.779446 0.000541 -12.587388 0.271957 -0.424549 0.000541 -12.589003 -0.097228 0.095109 0.000541 -12.584721 -0.466386 0.614756 0.000541 -12.681656 -0.699833 0.949960 0.000541  
 12 13 18  -11.895343 0.522983 -0.779936 0.000541 -11.893052 0.272005 -0.425346 0.000541 -11.894658 -0.097244 0.095717 0.000541 -11.890371 -0.466446 0.616744 0.000541 -12.027650 -0.693016 0.945218 0.000541  
 13 5 6  0.000000 -0.815975 0.000000 -0.000424 0.000000 -0.484902 0.000000 -0.000424 0.000000 -0.000083 0.000000 -0.000424 0.000000 0.484736 -0.000000 -0.000424 0.000000 0.815810 -0.000000 -0.000424  
 14 6 7  0.000000 -0.792723 0.000000 0.000430 0.000000 -0.471089 0.000000 0.000430 0.000000 -0.000092 0.000000 0.000430 0.000000 0.470904 -0.000000 0.000430 0.000000 0.792539 -0.000000 0.000430  
 15 7 8  0.000000 -0.815789 -0.000000 -0.000368 0.000000 -0.484724 -0.000000 -0.000368 0.000000 0.000083 0.000000 -0.000368 0.000000 0.484889 0.000000 -0.000368 0.000000 0.815955 0.000000 -0.000368  
 16 8 5  0.000000 -0.792559 -0.000000 0.000372 0.000000 -0.470916 -0.000000 0.000372 0.000000 0.000092 0.000000 0.000372 0.000000 0.471101 0.000000 0.000372 0.000000 0.792744 0.000000 0.000372  
 17 10 11  0.000000 -1.295805 -0.000000 0.001298 0.000000 -0.769963 -0.000000 0.001298 0.000000 0.000071 0.000000 0.001298 0.000000 0.770105 0.000000 0.001298 0.000000 1.295947 0.000000 0.001298  
 18 11 12  0.000000 -1.049617 -0.000000 -0.000512 0.000000 -0.623688 -0.000000 -0.000512 0.000000 0.000035 0.000000 -0.000512 0.000000 0.623759 0.000000 -0.000512 0.000000 1.049688 0.000000 -0.000512  
 19 12 13  0.000000 -1.295915 0.000000 0.000819 0.000000 -0.770086 0.000000 0.000819 0.000000 -0.000071 0.000000 0.000819 0.000000 0.769944 -0.000000 0.000819 0.000000 1.295773 -0.000000 0.000819  
 20 13 10  0.000000 -1.049720 0.000000 -0.001012 0.000000 -0.623778 0.000000 -0.001012 0.000000 -0.000035 0.000000 -0.001012 0.000000 0.623707 -0.000000 -0.001012 0.000000 1.049649 -0.000000 -0.001012  
 21 15 16  0.000000 -0.950879 -0.000000 0.002052 0.000000 -0.564846 -0.000000 0.002052 0.000000 0.000454 0.000000 0.002052 0.000000 0.565753 0.000000 0.002052 0.000000 0.951786 0.000000 0.002052  
 22 16 17  0.000000 -0.699891 -0.000000 -0.001236 0.000000 -0.415762 -0.000000 -0.001236 0.000000 0.000311 0.000000 -0.001236 0.000000 0.416385 0.000000 -0.001236 0.000000 0.700514 0.000000 -0.001236  
 23 17 18  0.000000 -0.951778 0.000000 0.001594 0.000000 -0.565749 0.000000 0.001594 0.000000 -0.000454 0.000000 0.001594 0.000000 0.564841 -0.000000 0.001594 0.000000 0.950870 -0.000000 0.001594  
 24 18 15  0.000000 -0.700522 0.000000 -0.001689 0.000000 -0.416390 0.000000 -0.001689 0.000000 -0.000311 0.000000 -0.001689 0.000000 0.415767 -0.000000 -0.001689 0.000000 0.699899 -0.000000 -0.001689  
