 1 1 5  -68.759399 9.535044 13.693136 0.376901 -51.594037 6.762322 9.790772 0.376901 -26.013207 2.563771 3.907717 0.376901 -25.105385 -2.604872 -3.548835 0.376901 -42.271142 -5.432858 -7.599553 0.376901  
 2 2 6  -44.147417 8.537555 12.339358 0.376901 -25.790140 5.733193 8.095020 0.376901 0.449196 1.455161 1.838703 0.376901 -1.387029 -1.589331 -2.432908 0.376901 -19.325540 -4.435957 -6.740227 0.376901  
 3 3 7  -63.451802 9.064547 13.775352 0.376901 -45.402548 6.428297 9.547719 0.376901 -18.019015 2.454387 3.170122 0.376901 -19.662771 -1.955143 -3.930705 0.376901 -38.266765 -4.700654 -8.239422 0.376901  
 4 4 8  -85.202952 9.894295 14.779563 0.376901 -69.139776 7.275652 10.859750 0.376901 -47.697670 3.289713 4.693340 0.376901 -46.603218 -2.741043 -4.349187 0.376901 -59.857140 -5.540843 -8.680287 0.376901  
 5 5 10  -41.853097 7.403607 8.227674 0.084810 -24.948447 4.349854 4.685086 0.084810 -5.457288 -0.374931 -0.879373 0.084810 -30.283929 -4.949531 -6.076320 0.084810 -47.126873 -7.997994 -9.595274 0.084810  
 6 6 11  -28.927929 6.630931 8.334087 0.084810 -11.084785 3.549891 4.368602 0.084810 4.732414 -0.117826 -0.202946 0.084810 -15.410670 -4.194657 -5.413013 0.084810 -33.273486 -7.259167 -9.371537 0.084810  
 7 7 12  -40.577732 6.668099 9.239899 0.084810 -22.677388 3.806691 5.253915 0.084810 -0.928071 -0.306440 -0.426178 0.084810 -27.414529 -4.537122 -6.323415 0.084810 -45.214071 -7.386165 -10.293168 0.084810  
 8 8 13  -50.385596 7.291830 8.824451 0.084810 -34.304159 4.435970 5.276938 0.084810 -19.747091 -0.603521 -1.137468 0.084810 -39.718801 -5.112150 -6.698734 0.084810 -55.799976 -7.964844 -10.215885 0.084810  
 9 10 15  -13.741643 2.474508 2.701112 0.017507 -6.042974 1.093954 1.082151 0.017507 -6.710095 -1.011238 -1.376846 0.017507 -18.066925 -3.043552 -3.744363 0.017507 -25.716051 -4.415154 -5.345731 0.017507  
 10 11 16  -10.895889 2.272543 2.935544 0.017507 -2.776836 0.886751 1.137337 0.017507 -2.177473 -0.803228 -0.984989 0.017507 -14.123685 -2.841258 -3.621849 0.017507 -22.301831 -4.209066 -5.414899 0.017507  
 11 12 17  -13.596408 2.152746 3.162834 0.017507 -5.482138 0.859527 1.358845 0.017507 -5.239559 -0.995675 -1.203940 0.017507 -17.173766 -2.894040 -3.850539 0.017507 -25.207376 -4.175413 -5.639489 0.017507  
 12 13 18  -16.513906 2.353490 2.913821 0.017507 -9.224116 1.065240 1.286013 0.017507 -10.311620 -1.194209 -1.590600 0.017507 -21.146139 -3.094117 -3.959775 0.017507 -28.566600 -4.378196 -5.558137 0.017507  
 13 5 6  0.000000 17.012157 -0.000000 -1.017007 0.000000 10.231193 -0.000000 -1.017007 0.000000 0.301260 0.000000 -1.017007 0.000000 -9.628673 0.000000 -1.017007 0.000000 -16.409637 0.000000 -1.017007  
 14 6 7  0.000000 -12.076127 -0.000000 1.413614 0.000000 -7.124875 -0.000000 1.413614 0.000000 0.125659 0.000000 1.413614 0.000000 7.376192 0.000000 1.413614 0.000000 12.327445 0.000000 1.413614  
 15 7 8  0.000000 16.508948 0.000000 -0.797578 0.000000 9.687686 0.000000 -0.797578 0.000000 -0.301260 0.000000 -0.797578 0.000000 -10.290206 -0.000000 -0.797578 0.000000 -17.111468 -0.000000 -0.797578  
 16 8 5  0.000000 -12.426756 0.000000 0.900252 0.000000 -7.435205 0.000000 0.900252 0.000000 -0.125659 0.000000 0.900252 0.000000 7.183887 -0.000000 0.900252 0.000000 12.175438 -0.000000 0.900252  
 17 10 11  0.000000 12.923224 -0.000000 -0.585156 0.000000 7.734212 -0.000000 -0.585156 0.000000 0.135509 0.000000 -0.585156 0.000000 -7.463194 0.000000 -0.585156 0.000000 -12.652205 0.000000 -0.585156  
 18 11 12  0.000000 -9.887117 -0.000000 0.701438 0.000000 -5.848288 -0.000000 0.701438 0.000000 0.066107 0.000000 0.701438 0.000000 5.980502 0.000000 0.701438 0.000000 10.019330 0.000000 0.701438  
 19 12 13  0.000000 12.839893 0.000000 -0.471667 0.000000 7.574722 0.000000 -0.471667 0.000000 -0.135509 0.000000 -0.471667 0.000000 -7.845740 -0.000000 -0.471667 0.000000 -13.110911 -0.000000 -0.471667  
 20 13 10  0.000000 -10.207018 0.000000 0.486689 0.000000 -6.092029 0.000000 0.486689 0.000000 -0.066107 0.000000 0.486689 0.000000 5.959816 -0.000000 0.486689 0.000000 10.074804 -0.000000 0.486689  
 21 15 16  0.000000 5.328445 -0.000000 -0.068841 0.000000 3.184820 -0.000000 -0.068841 0.000000 0.045729 0.000000 -0.068841 0.000000 -3.093361 0.000000 -0.068841 0.000000 -5.236987 0.000000 -0.068841  
 22 16 17  0.000000 -4.096758 -0.000000 0.086364 0.000000 -2.425942 -0.000000 0.086364 0.000000 0.020776 0.000000 0.086364 0.000000 2.467493 0.000000 0.086364 0.000000 4.138309 0.000000 0.086364  
 23 17 18  0.000000 5.427755 0.000000 -0.065838 0.000000 3.206719 0.000000 -0.065838 0.000000 -0.045729 0.000000 -0.065838 0.000000 -3.298178 -0.000000 -0.065838 0.000000 -5.519213 -0.000000 -0.065838  
 24 18 15  0.000000 -4.329077 0.000000 0.076003 0.000000 -2.580850 0.000000 0.076003 0.000000 -0.020776 0.000000 0.076003 0.000000 2.539299 -0.000000 0.076003 0.000000 4.287526 -0.000000 0.076003  
