 1 1 5  -40.616855 4.163323 4.224232 -0.066932 -37.951138 3.120905 3.238637 -0.066932 -37.014123 0.920269 1.107585 -0.066932 -36.926011 -1.729761 -1.482991 -0.066932 -37.728068 -3.175600 -2.902850 -0.066932  
 2 2 6  -33.826568 3.959469 4.054398 -0.066932 -30.174287 2.945714 3.087555 -0.066932 -27.180065 0.931811 1.123449 -0.066932 -27.230099 -1.731847 -1.504045 -0.066932 -29.728691 -2.990196 -2.751080 -0.066932  
 3 3 7  -37.837040 4.049562 4.165445 -0.066932 -34.791854 3.035250 3.199429 -0.066932 -33.209136 0.913086 1.112530 -0.066932 -33.130829 -1.715383 -1.507136 -0.066932 -34.472876 -3.083189 -2.851852 -0.066932  
 4 4 8  -44.869149 4.240155 4.320804 -0.066932 -42.777033 3.173955 3.311095 -0.066932 -42.796381 0.901465 1.094635 -0.066932 -42.696159 -1.692444 -1.463068 -0.066932 -42.737693 -3.228576 -2.966595 -0.066932  
 5 5 10  -24.909659 -0.008374 0.878611 -0.000192 -25.678067 -0.099072 0.603935 -0.000192 -26.002729 -0.248332 0.186450 -0.000192 -25.479567 -0.390839 -0.221799 -0.000192 -24.556676 -0.474940 -0.487100 -0.000192  
 6 6 11  -18.933065 0.011169 0.949431 -0.000192 -19.687607 -0.086409 0.646243 -0.000192 -19.980751 -0.249092 0.172034 -0.000192 -19.518454 -0.410996 -0.301786 -0.000192 -18.615520 -0.501945 -0.596949 -0.000192  
 7 7 12  -21.883044 -0.021684 0.927175 -0.000192 -22.676363 -0.114286 0.633250 -0.000192 -22.988379 -0.254079 0.171920 -0.000192 -22.504135 -0.389432 -0.284287 -0.000192 -21.562343 -0.474776 -0.569501 -0.000192  
 8 8 13  -27.912452 -0.041645 0.856593 -0.000192 -28.668901 -0.126905 0.590593 -0.000192 -28.992360 -0.253748 0.186349 -0.000192 -28.461509 -0.369682 -0.203714 -0.000192 -27.548123 -0.447486 -0.459658 -0.000192  
 9 10 15  -18.539111 1.778656 3.720542 0.015980 -12.866479 1.084472 2.331758 0.015980 -7.208435 -0.097974 -0.085749 0.015980 -13.266929 -1.201188 -2.416007 0.015980 -18.851566 -1.878100 -3.791744 0.015980  
 10 11 16  -16.310979 1.708355 3.637860 0.015980 -10.372721 1.016032 2.195406 0.015980 -3.022040 -0.098508 -0.130540 0.015980 -10.990566 -1.128023 -2.338600 0.015980 -16.827802 -1.808177 -3.765593 0.015980  
 11 12 17  -17.471597 1.729368 3.724502 0.015980 -11.552609 1.044445 2.282304 0.015980 -4.912346 -0.085499 -0.130080 0.015980 -12.140014 -1.139354 -2.424153 0.015980 -17.957557 -1.812350 -3.850633 0.015980  
 12 13 18  -19.677503 1.799693 3.804513 0.015980 -14.102623 1.112378 2.412560 0.015980 -9.043658 -0.084991 -0.085310 0.015980 -14.463346 -1.211733 -2.495905 0.015980 -19.956648 -1.882247 -3.874122 0.015980  
 13 5 6  0.000000 3.796786 0.000000 -0.062144 0.000000 2.257696 0.000000 -0.062144 0.000000 0.003877 0.000000 -0.062144 0.000000 -2.249941 -0.000000 -0.062144 0.000000 -3.789032 -0.000000 -0.062144  
 14 6 7  0.000000 -3.154041 0.000000 0.030251 0.000000 -1.872981 0.000000 0.030251 0.000000 0.002982 0.000000 0.030251 0.000000 1.878945 -0.000000 0.030251 0.000000 3.160005 -0.000000 0.030251  
 15 7 8  0.000000 3.790735 -0.000000 -0.042640 0.000000 2.250954 -0.000000 -0.042640 0.000000 -0.003877 0.000000 -0.042640 0.000000 -2.258708 0.000000 -0.042640 0.000000 -3.798490 0.000000 -0.042640  
 16 8 5  0.000000 -3.161709 -0.000000 0.010708 0.000000 -1.879958 -0.000000 0.010708 0.000000 -0.002982 0.000000 0.010708 0.000000 1.873994 0.000000 0.010708 0.000000 3.155745 0.000000 0.010708  
 17 10 11  0.000000 4.361853 0.000000 -0.033228 0.000000 2.596899 0.000000 -0.033228 0.000000 0.012328 0.000000 -0.033228 0.000000 -2.572243 -0.000000 -0.033228 0.000000 -4.337197 -0.000000 -0.033228  
 18 11 12  0.000000 -2.235354 0.000000 0.045602 0.000000 -1.328638 0.000000 0.045602 0.000000 -0.000857 0.000000 0.045602 0.000000 1.326925 -0.000000 0.045602 0.000000 2.233641 -0.000000 0.045602  
 19 12 13  0.000000 4.338956 -0.000000 -0.033097 0.000000 2.573288 -0.000000 -0.033097 0.000000 -0.012328 0.000000 -0.033097 0.000000 -2.597943 0.000000 -0.033097 0.000000 -4.363611 0.000000 -0.033097  
 20 13 10  0.000000 -2.235400 -0.000000 0.042230 0.000000 -1.327969 -0.000000 0.042230 0.000000 0.000857 0.000000 0.042230 0.000000 1.329682 0.000000 0.042230 0.000000 2.237113 0.000000 0.042230  
 21 15 16  0.000000 3.958371 0.000000 -0.049093 0.000000 2.368587 0.000000 -0.049093 0.000000 0.040534 0.000000 -0.049093 0.000000 -2.287519 -0.000000 -0.049093 0.000000 -3.877302 -0.000000 -0.049093  
 22 16 17  0.000000 -1.881597 0.000000 0.059332 0.000000 -1.115360 0.000000 0.059332 0.000000 0.006705 0.000000 0.059332 0.000000 1.128770 -0.000000 0.059332 0.000000 1.895007 -0.000000 0.059332  
 23 17 18  0.000000 3.879704 -0.000000 -0.048810 0.000000 2.288946 -0.000000 -0.048810 0.000000 -0.040534 0.000000 -0.048810 0.000000 -2.370015 0.000000 -0.048810 0.000000 -3.960773 0.000000 -0.048810  
 24 18 15  0.000000 -1.897409 -0.000000 0.056258 0.000000 -1.130198 -0.000000 0.056258 0.000000 -0.006705 0.000000 0.056258 0.000000 1.116787 0.000000 0.056258 0.000000 1.883999 0.000000 0.056258  
