 1 1 5  -34.047198 1.391467 -0.179278 0.000332 -34.082273 0.963702 -0.176228 0.000332 -34.123020 0.337501 -0.171753 0.000332 -34.125025 -0.289164 -0.166258 0.000332 -34.101438 -0.716941 -0.163000 0.000332  
 2 2 6  -36.195902 1.391147 -0.177810 0.000332 -36.231172 0.963430 -0.174765 0.000332 -36.272567 0.337251 -0.170313 0.000332 -36.274826 -0.288886 -0.166332 0.000332 -36.250346 -0.716679 -0.163478 0.000332  
 3 3 7  -37.842311 1.390398 -0.177107 0.000332 -37.877482 0.962680 -0.174177 0.000332 -37.918596 0.336506 -0.169893 0.000332 -37.921328 -0.288965 -0.166791 0.000332 -37.896499 -0.716478 -0.163966 0.000332  
 4 4 8  -35.693170 1.390675 -0.178580 0.000332 -35.728193 0.962905 -0.175641 0.000332 -35.769317 0.336664 -0.171346 0.000332 -35.772339 -0.289075 -0.166462 0.000332 -35.747110 -0.716664 -0.163487 0.000332  
 5 5 10  -22.723792 0.407147 -0.742643 0.000077 -22.734215 0.196381 -0.528409 0.000077 -22.742850 -0.112491 -0.214385 0.000077 -22.730277 -0.421182 0.099654 0.000077 -22.717942 -0.631931 0.313959 0.000077  
 6 6 11  -24.456444 0.406950 -0.742807 0.000077 -24.467023 0.196240 -0.528411 0.000077 -24.475956 -0.112444 -0.214563 0.000077 -24.462929 -0.421131 0.099424 0.000077 -24.450538 -0.631849 0.313946 0.000077  
 7 7 12  -25.258861 0.407006 -0.742655 0.000077 -25.269385 0.196184 -0.528303 0.000077 -25.277939 -0.112453 -0.214693 0.000077 -25.264638 -0.421048 0.099215 0.000077 -25.252283 -0.631879 0.313692 0.000077  
 8 8 13  -23.525995 0.407201 -0.742488 0.000077 -23.536453 0.196325 -0.528300 0.000077 -23.545384 -0.112443 -0.214346 0.000077 -23.531850 -0.421085 0.099450 0.000077 -23.519513 -0.631951 0.313715 0.000077  
 9 10 15  -11.468219 0.129604 -0.972019 0.000798 -11.474876 0.029784 -0.552632 0.000798 -11.478487 -0.116358 0.061525 0.000798 -11.471183 -0.262481 0.675572 0.000798 -11.538291 -0.349898 1.079562 0.000798  
 10 11 16  -12.257343 0.129581 -0.970955 0.000798 -12.263998 0.029765 -0.552194 0.000798 -12.267558 -0.116346 0.060935 0.000798 -12.260230 -0.262458 0.673992 0.000798 -12.291563 -0.355301 1.084676 0.000798  
 11 12 17  -12.510298 0.129308 -0.970940 0.000798 -12.516954 0.029638 -0.552196 0.000798 -12.520281 -0.116192 0.060899 0.000798 -12.513113 -0.262055 0.673968 0.000798 -12.534288 -0.356414 1.086727 0.000798  
 12 13 18  -11.721477 0.129333 -0.972005 0.000798 -11.728147 0.029659 -0.552629 0.000798 -11.731579 -0.116201 0.061491 0.000798 -11.724364 -0.262078 0.675549 0.000798 -11.778772 -0.351172 1.082144 0.000798  
 13 5 6  0.000000 -0.575303 -0.000000 -0.000248 0.000000 -0.341923 -0.000000 -0.000248 0.000000 -0.000164 0.000000 -0.000248 0.000000 0.341594 0.000000 -0.000248 0.000000 0.574975 0.000000 -0.000248  
 14 6 7  0.000000 -1.165999 0.000000 0.000389 0.000000 -0.692892 0.000000 0.000389 0.000000 -0.000084 0.000000 0.000389 0.000000 0.692725 -0.000000 0.000389 0.000000 1.165831 -0.000000 0.000389  
 15 7 8  0.000000 -0.574961 0.000000 -0.000188 0.000000 -0.341586 0.000000 -0.000188 0.000000 0.000164 0.000000 -0.000188 0.000000 0.341915 -0.000000 -0.000188 0.000000 0.575290 -0.000000 -0.000188  
 16 8 5  0.000000 -1.165844 -0.000000 0.000334 0.000000 -0.692733 -0.000000 0.000334 0.000000 0.000084 0.000000 0.000334 0.000000 0.692900 0.000000 0.000334 0.000000 1.166012 0.000000 0.000334  
 17 10 11  0.000000 -1.309160 0.000000 0.000478 0.000000 -0.777930 0.000000 0.000478 0.000000 -0.000007 0.000000 0.000478 0.000000 0.777917 -0.000000 0.000478 0.000000 1.309146 -0.000000 0.000478  
 18 11 12  0.000000 -0.760091 0.000000 -0.000057 0.000000 -0.451665 0.000000 -0.000057 0.000000 -0.000009 0.000000 -0.000057 0.000000 0.451646 -0.000000 -0.000057 0.000000 0.760073 -0.000000 -0.000057  
 19 12 13  0.000000 -1.309128 -0.000000 0.000475 0.000000 -0.777906 -0.000000 0.000475 0.000000 0.000007 0.000000 0.000475 0.000000 0.777919 0.000000 0.000475 0.000000 1.309141 0.000000 0.000475  
 20 13 10  0.000000 -0.760091 -0.000000 -0.000136 0.000000 -0.451657 -0.000000 -0.000136 0.000000 0.000009 0.000000 -0.000136 0.000000 0.451676 0.000000 -0.000136 0.000000 0.760110 0.000000 -0.000136  
 21 15 16  0.000000 -1.083526 -0.000000 0.001186 0.000000 -0.643710 -0.000000 0.001186 0.000000 0.000349 0.000000 0.001186 0.000000 0.644408 0.000000 0.001186 0.000000 1.084223 0.000000 0.001186  
 22 16 17  0.000000 -0.347477 -0.000000 -0.000447 0.000000 -0.206446 -0.000000 -0.000447 0.000000 0.000078 0.000000 -0.000447 0.000000 0.206601 0.000000 -0.000447 0.000000 0.347632 0.000000 -0.000447  
 23 17 18  0.000000 -1.084208 0.000000 0.001150 0.000000 -0.644399 0.000000 0.001150 0.000000 -0.000349 0.000000 0.001150 0.000000 0.643701 -0.000000 0.001150 0.000000 1.083511 -0.000000 0.001150  
 24 18 15  0.000000 -0.347647 0.000000 -0.000563 0.000000 -0.206610 0.000000 -0.000563 0.000000 -0.000078 0.000000 -0.000563 0.000000 0.206455 -0.000000 -0.000563 0.000000 0.347492 -0.000000 -0.000563  
