 1 1 5  -57.613293 8.634055 -15.928197 0.347754 -33.754894 5.558706 -10.143631 0.347754 0.504832 1.007497 -1.657720 0.347754 -12.264475 -2.669514 4.938021 0.347754 -36.281165 -5.752436 10.774437 0.347754  
 2 2 6  -79.873585 9.400009 -17.350125 0.347754 -56.989931 6.308596 -11.834968 0.347754 -23.340749 1.742830 -3.643380 0.347754 -33.931798 -3.413948 6.172942 0.347754 -57.090051 -6.500829 11.762978 0.347754  
 3 3 7  -84.873703 9.472217 -17.753434 0.347754 -62.120418 6.388048 -12.238797 0.347754 -29.399607 1.874889 -3.961881 0.347754 -39.330609 -3.527207 6.531837 0.347754 -62.143996 -6.571899 12.152028 0.347754  
 4 4 8  -63.466688 8.736603 -16.437893 0.347754 -39.516786 5.680990 -10.643829 0.347754 -4.058432 1.198902 -2.054584 0.347754 -17.646881 -2.816484 5.400595 0.347754 -41.986028 -5.863126 11.264064 0.347754  
 5 5 10  -20.381807 1.680173 -3.772891 0.459820 -14.093640 0.512338 -2.174886 0.459820 -13.412820 -1.638905 1.061010 0.459820 -22.672792 -3.109358 3.660224 0.459820 -29.317074 -4.157070 5.299699 0.459820  
 6 6 11  -28.776667 2.053441 -3.347829 0.459820 -26.847210 0.677872 -1.632889 0.459820 -27.359100 -1.900447 1.556175 0.459820 -33.042950 -3.609329 3.844587 0.459820 -38.032038 -4.652353 5.224214 0.459820  
 7 7 12  -28.234767 1.971536 -3.347088 0.459820 -26.300856 0.615235 -1.639277 0.459820 -26.868693 -1.905897 1.550991 0.459820 -32.586109 -3.560981 3.842705 0.459820 -37.555316 -4.587100 5.218442 0.459820  
 8 8 13  -19.836828 1.610544 -3.740567 0.459820 -13.524618 0.460890 -2.145454 0.459820 -12.828226 -1.624128 1.043959 0.459820 -22.133366 -3.060414 3.640009 0.459820 -28.770633 -4.093867 5.273898 0.459820  
 9 10 15  -18.700125 -3.151379 -4.613846 -0.047664 -9.680994 -2.051520 -2.395123 -0.047664 -1.091530 -0.480862 0.566435 -0.047664 -13.192806 0.927937 3.804446 -0.047664 -22.258476 1.981061 6.034708 -0.047664  
 10 11 16  -22.535196 -3.351334 -4.618665 -0.047664 -14.141368 -2.303133 -2.519150 -0.047664 -5.922223 -0.722934 0.839349 -0.047664 -17.140943 0.996132 3.947697 -0.047664 -25.617173 2.079232 6.009552 -0.047664  
 11 12 17  -21.107116 -3.308413 -4.518863 -0.047664 -12.662733 -2.239210 -2.431768 -0.047664 -4.300453 -0.650623 0.753150 -0.047664 -15.692291 0.990556 3.829304 -0.047664 -24.198484 2.070821 5.893247 -0.047664  
 12 13 18  -17.063402 -3.099437 -4.488294 -0.047664 -8.106444 -1.975819 -2.284813 -0.047664 0.178165 -0.402688 0.471388 -0.047664 -11.551117 0.916223 3.659435 -0.047664 -20.572949 1.971762 5.889667 -0.047664  
 13 5 6  0.000000 -15.104469 0.000000 0.595445 0.000000 -8.876938 0.000000 0.595445 0.000000 0.242557 0.000000 0.595445 0.000000 9.362051 -0.000000 0.595445 0.000000 15.589582 -0.000000 0.595445  
 14 6 7  0.000000 -8.171976 -0.000000 -0.210321 0.000000 -4.851862 -0.000000 -0.210321 0.000000 0.010060 0.000000 -0.210321 0.000000 4.871982 0.000000 -0.210321 0.000000 8.192097 0.000000 -0.210321  
 15 7 8  0.000000 -15.616816 -0.000000 0.569120 0.000000 -9.378234 -0.000000 0.569120 0.000000 -0.242557 0.000000 0.569120 0.000000 8.893120 0.000000 0.569120 0.000000 15.131702 0.000000 0.569120  
 16 8 5  0.000000 -8.164863 0.000000 -0.251834 0.000000 -4.855799 0.000000 -0.251834 0.000000 -0.010060 0.000000 -0.251834 0.000000 4.835679 -0.000000 -0.251834 0.000000 8.144743 -0.000000 -0.251834  
 17 10 11  0.000000 -10.024153 0.000000 0.167273 0.000000 -5.934449 0.000000 0.167273 0.000000 0.054446 0.000000 0.167273 0.000000 6.043341 -0.000000 0.167273 0.000000 10.133044 -0.000000 0.167273  
 18 11 12  0.000000 -1.364653 0.000000 0.073267 0.000000 -0.809853 0.000000 0.073267 0.000000 0.002587 0.000000 0.073267 0.000000 0.815028 -0.000000 0.073267 0.000000 1.369828 -0.000000 0.073267  
 19 12 13  0.000000 -10.157399 -0.000000 0.160762 0.000000 -6.057813 -0.000000 0.160762 0.000000 -0.054446 0.000000 0.160762 0.000000 5.948922 0.000000 0.160762 0.000000 10.048508 0.000000 0.160762  
 20 13 10  0.000000 -1.345473 -0.000000 0.107430 0.000000 -0.800555 -0.000000 0.107430 0.000000 -0.002587 0.000000 0.107430 0.000000 0.795381 0.000000 0.107430 0.000000 1.340298 0.000000 0.107430  
 21 15 16  0.000000 -5.764404 -0.000000 -0.057070 0.000000 -3.385616 -0.000000 -0.057070 0.000000 0.097842 0.000000 -0.057070 0.000000 3.581300 0.000000 -0.057070 0.000000 5.960088 0.000000 -0.057070  
 22 16 17  0.000000 2.082931 0.000000 0.101173 0.000000 1.239309 0.000000 0.101173 0.000000 0.003924 0.000000 0.101173 0.000000 -1.231462 -0.000000 0.101173 0.000000 -2.075083 -0.000000 0.101173  
 23 17 18  0.000000 -5.977580 0.000000 -0.060138 0.000000 -3.591694 0.000000 -0.060138 0.000000 -0.097842 0.000000 -0.060138 0.000000 3.396010 -0.000000 -0.060138 0.000000 5.781896 -0.000000 -0.060138  
 24 18 15  0.000000 2.092575 -0.000000 0.121400 0.000000 1.241856 -0.000000 0.121400 0.000000 -0.003924 0.000000 0.121400 0.000000 -1.249703 0.000000 0.121400 0.000000 -2.100423 0.000000 0.121400  
