 1 1 5  -36.233256 0.097397 0.096771 0.000018 -36.237545 0.060707 0.077241 0.000018 -36.243181 0.006927 0.048678 0.000018 -36.244371 -0.047096 0.020397 0.000018 -36.240962 -0.083865 0.000950 0.000018  
 2 2 6  -35.831158 0.097351 0.097006 0.000018 -35.835527 0.060665 0.077512 0.000018 -35.841336 0.006893 0.049011 0.000018 -35.842611 -0.047044 0.020375 0.000018 -35.838950 -0.083808 0.000881 0.000018  
 3 3 7  -35.751582 0.097226 0.097081 0.000018 -35.756036 0.060525 0.077580 0.000018 -35.761953 0.006729 0.049058 0.000018 -35.763176 -0.047011 0.020288 0.000018 -35.759519 -0.083762 0.000799 0.000018  
 4 4 8  -36.153526 0.097272 0.096833 0.000018 -36.157906 0.060567 0.077294 0.000018 -36.163723 0.006769 0.048710 0.000018 -36.165339 -0.047034 0.020399 0.000018 -36.161501 -0.083801 0.000903 0.000018  
 5 5 10  -24.187762 -0.060999 0.164912 0.000007 -24.189927 -0.047478 0.106333 0.000007 -24.191842 -0.027772 0.020622 0.000007 -24.189402 -0.008004 -0.065086 0.000007 -24.187160 0.005529 -0.123664 0.000007  
 6 6 11  -23.906472 -0.061008 0.164870 0.000007 -23.908657 -0.047480 0.106343 0.000007 -23.910737 -0.027764 0.020607 0.000007 -23.908133 -0.007988 -0.065135 0.000007 -23.905866 0.005545 -0.123666 0.000007  
 7 7 12  -23.808167 -0.060976 0.164887 0.000007 -23.810407 -0.047478 0.106360 0.000007 -23.812452 -0.027732 0.020566 0.000007 -23.809790 -0.007962 -0.065154 0.000007 -23.807503 0.005546 -0.123685 0.000007  
 8 8 13  -24.089356 -0.060964 0.164929 0.000007 -24.091585 -0.047471 0.106350 0.000007 -24.093819 -0.027738 0.020649 0.000007 -24.090990 -0.007977 -0.065101 0.000007 -24.088706 0.005529 -0.123681 0.000007  
 9 10 15  -12.078459 -0.062378 0.108098 0.000003 -12.079236 -0.036484 0.054777 0.000003 -12.079458 0.001429 -0.023289 0.000003 -12.078367 0.039357 -0.101373 0.000003 -12.077488 0.065261 -0.154701 0.000003  
 10 11 16  -11.968030 -0.062377 0.108072 0.000003 -11.968800 -0.036484 0.054767 0.000003 -11.969031 0.001431 -0.023315 0.000003 -11.967939 0.039357 -0.101383 0.000003 -11.967055 0.065262 -0.154695 0.000003  
 11 12 17  -11.920887 -0.062366 0.108075 0.000003 -11.921676 -0.036477 0.054768 0.000003 -11.921855 0.001444 -0.023318 0.000003 -11.920771 0.039362 -0.101387 0.000003 -11.919884 0.065260 -0.154699 0.000003  
 12 13 18  -12.031322 -0.062366 0.108100 0.000003 -12.032116 -0.036478 0.054778 0.000003 -12.032293 0.001441 -0.023292 0.000003 -12.031204 0.039361 -0.101376 0.000003 -12.030321 0.065259 -0.154704 0.000003  
 13 5 6  0.000000 0.166646 0.000000 -0.000034 0.000000 0.099013 0.000000 -0.000034 0.000000 -0.000027 0.000000 -0.000034 0.000000 -0.099068 -0.000000 -0.000034 0.000000 -0.166701 -0.000000 -0.000034  
 14 6 7  0.000000 -0.026052 0.000000 0.000056 0.000000 -0.015487 0.000000 0.000056 0.000000 -0.000016 0.000000 0.000056 0.000000 0.015456 -0.000000 0.000056 0.000000 0.026021 -0.000000 0.000056  
 15 7 8  0.000000 0.166704 -0.000000 -0.000023 0.000000 0.099070 -0.000000 -0.000023 0.000000 0.000027 0.000000 -0.000023 0.000000 -0.099015 0.000000 -0.000023 0.000000 -0.166649 0.000000 -0.000023  
 16 8 5  0.000000 -0.026024 -0.000000 0.000030 0.000000 -0.015458 -0.000000 0.000030 0.000000 0.000016 0.000000 0.000030 0.000000 0.015489 0.000000 0.000030 0.000000 0.026056 0.000000 0.000030  
 17 10 11  0.000000 0.235869 0.000000 -0.000008 0.000000 0.140155 0.000000 -0.000008 0.000000 -0.000008 0.000000 -0.000008 0.000000 -0.140171 -0.000000 -0.000008 0.000000 -0.235885 -0.000000 -0.000008  
 18 11 12  0.000000 0.070627 -0.000000 0.000018 0.000000 0.041966 -0.000000 0.000018 0.000000 -0.000003 0.000000 0.000018 0.000000 -0.041973 0.000000 0.000018 0.000000 -0.070633 0.000000 0.000018  
 19 12 13  0.000000 0.235890 -0.000000 -0.000008 0.000000 0.140173 -0.000000 -0.000008 0.000000 0.000008 0.000000 -0.000008 0.000000 -0.140157 0.000000 -0.000008 0.000000 -0.235874 0.000000 -0.000008  
 20 13 10  0.000000 0.070629 0.000000 0.000006 0.000000 0.041970 0.000000 0.000006 0.000000 0.000003 0.000000 0.000006 0.000000 -0.041964 -0.000000 0.000006 0.000000 -0.070622 -0.000000 0.000006  
 21 15 16  0.000000 0.152506 0.000000 0.000002 0.000000 0.090621 0.000000 0.000002 0.000000 -0.000003 0.000000 0.000002 0.000000 -0.090626 -0.000000 0.000002 0.000000 -0.152511 -0.000000 0.000002  
 22 16 17  0.000000 0.065121 0.000000 0.000000 0.000000 0.038696 0.000000 0.000000 0.000000 -0.000001 0.000000 0.000000 0.000000 -0.038698 -0.000000 0.000000 0.000000 -0.065123 -0.000000 0.000000  
 23 17 18  0.000000 0.152516 -0.000000 0.000002 0.000000 0.090629 -0.000000 0.000002 0.000000 0.000003 0.000000 0.000002 0.000000 -0.090624 0.000000 0.000002 0.000000 -0.152511 0.000000 0.000002  
 24 18 15  0.000000 0.065119 -0.000000 0.000000 0.000000 0.038695 -0.000000 0.000000 0.000000 0.000001 0.000000 0.000000 0.000000 -0.038693 0.000000 0.000000 0.000000 -0.065117 0.000000 0.000000  
