 1 1 5  -36.590712 -0.067116 0.825259 0.000328 -36.625787 -0.116808 0.512515 0.000328 -36.666535 -0.189367 0.054549 0.000328 -36.668539 -0.262389 -0.402398 0.000328 -36.644952 -0.312094 -0.714933 0.000328  
 2 2 6  -37.556918 -0.067434 0.826620 0.000328 -37.592182 -0.117079 0.513941 0.000328 -37.633573 -0.189616 0.056051 0.000328 -37.635895 -0.262110 -0.402321 0.000328 -37.611348 -0.311831 -0.715180 0.000328  
 3 3 7  -35.298734 -0.068010 0.827323 0.000328 -35.333910 -0.117768 0.514529 0.000328 -35.375020 -0.190463 0.056471 0.000328 -35.377940 -0.262425 -0.402791 0.000328 -35.352956 -0.312016 -0.715669 0.000328  
 4 4 8  -34.332146 -0.067732 0.825957 0.000328 -34.367170 -0.117543 0.513103 0.000328 -34.408295 -0.190305 0.054956 0.000328 -34.411369 -0.262565 -0.402591 0.000328 -34.386086 -0.312195 -0.715420 0.000328  
 5 5 10  -24.329585 -0.956684 -0.539739 0.000074 -24.340008 -0.660252 -0.435413 0.000074 -24.348643 -0.226392 -0.282336 0.000074 -24.336139 0.207634 -0.129240 0.000074 -24.323791 0.504086 -0.024844 0.000074  
 6 6 11  -25.446288 -0.956881 -0.539636 0.000074 -25.456868 -0.660394 -0.435399 0.000074 -25.466028 -0.226329 -0.282907 0.000074 -25.452805 0.207693 -0.130193 0.000074 -25.440409 0.504173 -0.025830 0.000074  
 7 7 12  -23.652923 -0.957253 -0.539484 0.000074 -23.663447 -0.660472 -0.435291 0.000074 -23.672385 -0.225742 -0.283064 0.000074 -23.658701 0.208946 -0.130401 0.000074 -23.646346 0.505717 -0.026083 0.000074  
 8 8 13  -22.536060 -0.957058 -0.539584 0.000074 -22.546518 -0.660331 -0.435303 0.000074 -22.555520 -0.225777 -0.282282 0.000074 -22.541936 0.208905 -0.129446 0.000074 -22.529599 0.505641 -0.025089 0.000074  
 9 10 15  -12.185664 -0.873161 -0.769142 0.001208 -12.063273 -0.493984 -0.471276 0.001208 -12.066650 0.097338 -0.000024 0.001208 -12.059336 0.688705 0.471079 0.001208 -12.302957 1.045202 0.749252 0.001208  
 10 11 16  -12.717640 -0.879549 -0.772519 0.001208 -12.629589 -0.494002 -0.469929 0.001208 -12.632903 0.097350 -0.000556 0.001208 -12.625576 0.688727 0.468715 0.001208 -12.819616 1.054065 0.753577 0.001208  
 11 12 17  -11.984157 -0.874447 -0.763949 0.001208 -11.846748 -0.496048 -0.469920 0.001208 -11.849844 0.098158 -0.000592 0.001208 -11.842680 0.692353 0.468692 0.001208 -12.107238 1.047037 0.742406 0.001208  
 12 13 18  -11.455911 -0.867491 -0.759572 0.001208 -11.279165 -0.496029 -0.471266 0.001208 -11.282358 0.098149 -0.000059 0.001208 -11.275143 0.692332 0.471056 0.001208 -11.595397 1.037183 0.737484 0.001208  
 13 5 6  0.000000 0.207135 -0.000000 -0.000247 0.000000 0.123000 -0.000000 -0.000247 0.000000 -0.000205 0.000000 -0.000247 0.000000 -0.123410 0.000000 -0.000247 0.000000 -0.207544 0.000000 -0.000247  
 14 6 7  0.000000 0.641413 -0.000000 0.000389 0.000000 0.381079 -0.000000 0.000389 0.000000 -0.000150 0.000000 0.000389 0.000000 -0.381378 0.000000 0.000389 0.000000 -0.641712 0.000000 0.000389  
 15 7 8  0.000000 0.207557 0.000000 -0.000191 0.000000 0.123417 0.000000 -0.000191 0.000000 0.000205 0.000000 -0.000191 0.000000 -0.123008 -0.000000 -0.000191 0.000000 -0.207148 -0.000000 -0.000191  
 16 8 5  0.000000 0.641699 0.000000 0.000333 0.000000 0.381371 0.000000 0.000333 0.000000 0.000150 0.000000 0.000333 0.000000 -0.381071 -0.000000 0.000333 0.000000 -0.641400 -0.000000 0.000333  
 17 10 11  0.000000 -0.773990 -0.000000 -0.002382 0.000000 -0.459846 -0.000000 -0.002382 0.000000 0.000181 0.000000 -0.002382 0.000000 0.460208 0.000000 -0.002382 0.000000 0.774352 0.000000 -0.002382  
 18 11 12  0.000000 1.415823 -0.000000 0.003181 0.000000 0.841428 -0.000000 0.003181 0.000000 0.000295 0.000000 0.003181 0.000000 -0.840839 0.000000 0.003181 0.000000 -1.415234 0.000000 0.003181  
 19 12 13  0.000000 -0.774335 0.000000 -0.002596 0.000000 -0.460198 0.000000 -0.002596 0.000000 -0.000181 0.000000 -0.002596 0.000000 0.459836 -0.000000 -0.002596 0.000000 0.773973 -0.000000 -0.002596  
 20 13 10  0.000000 1.415216 0.000000 0.003431 0.000000 0.840829 0.000000 0.003431 0.000000 -0.000295 0.000000 0.003431 0.000000 -0.841418 -0.000000 0.003431 0.000000 -1.415806 -0.000000 0.003431  
 21 15 16  0.000000 -0.767786 0.000000 -0.002594 0.000000 -0.456031 0.000000 -0.002594 0.000000 0.000498 0.000000 -0.002594 0.000000 0.457028 -0.000000 -0.002594 0.000000 0.768783 -0.000000 -0.002594  
 22 16 17  0.000000 1.062407 0.000000 0.003327 0.000000 0.631629 0.000000 0.003327 0.000000 0.000804 0.000000 0.003327 0.000000 -0.630020 -0.000000 0.003327 0.000000 -1.060798 -0.000000 0.003327  
 23 17 18  0.000000 -0.768749 -0.000000 -0.002869 0.000000 -0.457008 -0.000000 -0.002869 0.000000 -0.000498 0.000000 -0.002869 0.000000 0.456011 0.000000 -0.002869 0.000000 0.767752 0.000000 -0.002869  
 24 18 15  0.000000 1.060764 -0.000000 0.003560 0.000000 0.630000 -0.000000 0.003560 0.000000 -0.000804 0.000000 0.003560 0.000000 -0.631609 0.000000 0.003560 0.000000 -1.062373 0.000000 0.003560  
