 1 1 5  -66.542569 -11.031286 -13.256130 0.190442 -46.872749 -7.595272 -9.032946 0.190442 -17.713685 -2.506375 -2.730338 0.190442 -23.733064 3.195059 4.313434 0.190442 -43.692833 6.711313 8.579419 0.190442  
 2 2 6  -84.919003 -11.912773 -14.043466 0.190442 -66.632549 -8.478022 -10.027988 0.190442 -42.352514 -3.263919 -3.846200 0.190442 -45.106937 4.073129 4.785266 0.190442 -62.014923 7.614358 8.973581 0.190442  
 3 3 7  -68.038216 -11.372986 -13.040683 0.190442 -48.726628 -7.794087 -9.024500 0.190442 -20.124454 -2.432253 -3.068129 0.190442 -25.148102 3.715957 3.862429 0.190442 -44.754861 7.338652 7.951822 0.190442  
 4 4 8  -47.105384 -10.312122 -11.957869 0.190442 -27.239847 -6.711227 -7.723883 0.190442 0.904002 -1.363578 -1.522000 0.190442 -5.249129 2.587409 2.982912 0.190442 -24.884159 6.236929 7.248536 0.190442  
 5 5 10  -32.415267 -4.359735 -5.844750 0.093730 -21.886603 -2.563707 -3.470402 0.093730 -13.182516 0.725374 0.904026 0.093730 -26.947772 3.463658 4.588591 0.093730 -37.517044 5.255878 6.950093 0.093730  
 6 6 11  -40.440033 -4.873414 -5.496736 0.093730 -31.960541 -3.051577 -3.327316 0.093730 -28.440593 0.736215 1.119445 0.093730 -36.832838 3.903667 4.813019 0.093730 -45.937376 5.713960 6.911991 0.093730  
 7 7 12  -32.128504 -5.094966 -4.957606 0.093730 -22.079143 -3.106091 -2.844721 0.093730 -14.207080 0.605149 1.108778 0.093730 -27.287664 3.779405 4.294072 0.093730 -37.489939 5.792577 6.361298 0.093730  
 8 8 13  -23.551163 -4.526021 -5.179238 0.093730 -12.307946 -2.510019 -2.816566 0.093730 -0.620213 0.296183 0.414186 0.093730 -17.187467 3.267603 3.926334 0.093730 -28.413401 5.273697 6.285709 0.093730  
 9 10 15  -17.395930 -3.585219 -3.424330 -0.029064 -8.348461 -1.810648 -1.665538 -0.029064 -3.348549 0.700366 0.823934 -0.029064 -16.609261 3.294398 3.410563 -0.029064 -25.590422 5.055941 5.160970 -0.029064  
 10 11 16  -20.598376 -3.828782 -3.303031 -0.029064 -11.895005 -2.062033 -1.652343 -0.029064 -7.530888 0.881969 1.094075 -0.029064 -20.155727 3.509245 3.481191 -0.029064 -28.830310 5.273184 5.110997 -0.029064  
 11 12 17  -17.355985 -3.859792 -3.108683 -0.029064 -8.253972 -1.969219 -1.467037 -0.029064 -3.191635 0.684691 0.830958 -0.029064 -16.443176 3.441200 3.255888 -0.029064 -25.465990 5.317475 4.891164 -0.029064  
 12 13 18  -13.976849 -3.600112 -3.199356 -0.029064 -4.790656 -1.700473 -1.455590 -0.029064 0.228929 0.488024 0.563516 -0.029064 -12.831447 3.201380 3.164389 -0.029064 -22.080634 5.073005 4.922048 -0.029064  
 13 5 6  0.000000 -13.751693 -0.000000 -0.815536 0.000000 -8.089954 -0.000000 -0.815536 0.000000 0.201005 0.000000 -0.815536 0.000000 8.491963 0.000000 -0.815536 0.000000 14.153702 0.000000 -0.815536  
 14 6 7  0.000000 12.173161 -0.000000 0.893231 0.000000 7.290001 -0.000000 0.893231 0.000000 0.139182 0.000000 0.893231 0.000000 -7.011637 0.000000 0.893231 0.000000 -11.894796 0.000000 0.893231  
 15 7 8  0.000000 -14.065873 0.000000 -0.941539 0.000000 -8.439774 0.000000 -0.941539 0.000000 -0.201005 0.000000 -0.941539 0.000000 8.037764 -0.000000 -0.941539 0.000000 13.663864 -0.000000 -0.941539  
 16 8 5  0.000000 11.806967 0.000000 1.115692 0.000000 6.959447 0.000000 1.115692 0.000000 -0.139182 0.000000 1.115692 0.000000 -7.237812 -0.000000 1.115692 0.000000 -12.085332 -0.000000 1.115692  
 17 10 11  0.000000 -10.112347 -0.000000 -0.407886 0.000000 -5.981241 -0.000000 -0.407886 0.000000 0.068284 0.000000 -0.407886 0.000000 6.117809 0.000000 -0.407886 0.000000 10.248916 0.000000 -0.407886  
 18 11 12  0.000000 9.538850 -0.000000 0.413086 0.000000 5.692496 -0.000000 0.413086 0.000000 0.059959 0.000000 0.413086 0.000000 -5.572578 0.000000 0.413086 0.000000 -9.418932 0.000000 0.413086  
 19 12 13  0.000000 -10.131310 0.000000 -0.511189 0.000000 -6.047926 0.000000 -0.511189 0.000000 -0.068284 0.000000 -0.511189 0.000000 5.911357 -0.000000 -0.511189 0.000000 9.994741 -0.000000 -0.511189  
 20 13 10  0.000000 9.301326 0.000000 0.594921 0.000000 5.502694 0.000000 0.594921 0.000000 -0.059959 0.000000 0.594921 0.000000 -5.622613 -0.000000 0.594921 0.000000 -9.421244 -0.000000 0.594921  
 21 15 16  0.000000 -4.934149 -0.000000 -0.114564 0.000000 -2.914176 -0.000000 -0.114564 0.000000 0.043840 0.000000 -0.114564 0.000000 3.001855 0.000000 -0.114564 0.000000 5.021828 0.000000 -0.114564  
 22 16 17  0.000000 5.205350 -0.000000 0.120124 0.000000 3.114508 -0.000000 0.120124 0.000000 0.052712 0.000000 0.120124 0.000000 -3.009084 0.000000 0.120124 0.000000 -5.099927 0.000000 0.120124  
 23 17 18  0.000000 -4.895591 0.000000 -0.133438 0.000000 -2.926842 0.000000 -0.133438 0.000000 -0.043840 0.000000 -0.133438 0.000000 2.839163 -0.000000 -0.133438 0.000000 4.807911 -0.000000 -0.133438  
 24 18 15  0.000000 4.973689 0.000000 0.135409 0.000000 2.934071 0.000000 0.135409 0.000000 -0.052712 0.000000 0.135409 0.000000 -3.039495 -0.000000 0.135409 0.000000 -5.079113 -0.000000 0.135409  
