 1 1 5  -41.852334 2.039541 -8.577261 0.497941 -33.222675 1.239156 -6.221450 0.497941 -21.451497 -0.009262 -2.564177 0.497941 -22.923062 -1.447607 2.821090 0.497941 -30.906636 -2.092920 5.366293 0.497941  
 2 2 6  -56.567292 2.275228 -9.430974 0.497941 -49.451969 1.434214 -7.154910 0.497941 -44.036321 -0.001376 -2.873165 0.497941 -43.967089 -1.758153 2.683241 0.497941 -46.843997 -2.489584 5.788454 0.497941  
 3 3 7  -54.045787 2.179767 -9.297072 0.497941 -46.675123 1.349942 -7.028603 0.497941 -40.214161 -0.031210 -2.884048 0.497941 -40.160419 -1.745464 2.695858 0.497941 -43.791967 -2.411843 5.686701 0.497941  
 4 4 8  -39.221193 1.942658 -8.399525 0.497941 -30.354451 1.153220 -6.031912 0.497941 -17.737121 -0.029695 -2.410521 0.497941 -19.358271 -1.360817 2.673820 0.497941 -27.951809 -2.015742 5.180010 0.497941  
 5 5 10  -24.327070 -2.119527 -3.908189 -0.177560 -20.138283 -1.653020 -2.622548 -0.177560 -17.030694 -0.785628 -0.168010 -0.177560 -18.401785 0.416064 2.502406 -0.177560 -22.416764 0.992196 3.742387 -0.177560  
 6 6 11  -33.682659 -2.501989 -3.743020 -0.177560 -31.648327 -1.989084 -2.490131 -0.177560 -31.362024 -0.785985 -0.092839 -0.177560 -30.896915 0.521279 2.411840 -0.177560 -31.989561 1.183356 3.763044 -0.177560  
 7 7 12  -30.810515 -2.426887 -3.647629 -0.177560 -28.432602 -1.936766 -2.440797 -0.177560 -27.808629 -0.769761 -0.092448 -0.177560 -27.400935 0.547598 2.411261 -0.177560 -29.094541 1.171152 3.658472 -0.177560  
 8 8 13  -21.630077 -2.046546 -3.745350 -0.177560 -17.130398 -1.563834 -2.485693 -0.177560 -12.975789 -0.769813 -0.167658 -0.177560 -15.341242 0.418571 2.345862 -0.177560 -19.702916 0.982434 3.565574 -0.177560  
 9 10 15  -20.170503 -1.495158 -5.991258 0.033151 -9.197594 -0.800153 -3.176264 0.033151 1.592000 0.065418 0.206554 0.033151 -13.267301 1.096745 4.218569 0.033151 -24.209046 1.785726 7.023641 0.033151  
 10 11 16  -24.808068 -1.586569 -6.057061 0.033151 -14.579858 -0.891475 -3.460347 0.033151 -3.347083 0.178317 0.581160 0.033151 -18.285374 1.191282 4.395816 0.033151 -28.450628 1.877010 6.983149 0.033151  
 11 12 17  -23.528018 -1.597193 -5.948390 0.033151 -13.283157 -0.891827 -3.351610 0.033151 -1.932585 0.152877 0.476139 0.033151 -16.996332 1.188372 4.288789 0.033151 -27.176962 1.884642 6.875880 0.033151  
 12 13 18  -18.573140 -1.496573 -5.849104 0.033151 -7.661998 -0.794309 -3.035143 0.033151 2.175042 0.057049 0.197129 0.033151 -11.690543 1.085168 4.078106 0.033151 -22.600268 1.782997 6.882663 0.033151  
 13 5 6  0.000000 -9.415063 -0.000000 0.009575 0.000000 -5.543406 -0.000000 0.009575 0.000000 0.126186 0.000000 0.009575 0.000000 5.795777 0.000000 0.009575 0.000000 9.667435 0.000000 0.009575  
 14 6 7  0.000000 0.023171 -0.000000 0.085677 0.000000 0.012014 -0.000000 0.085677 0.000000 -0.004323 0.000000 0.085677 0.000000 -0.020661 0.000000 0.085677 0.000000 -0.031818 0.000000 0.085677  
 15 7 8  0.000000 -9.659357 0.000000 0.021728 0.000000 -5.790978 0.000000 0.021728 0.000000 -0.126186 0.000000 0.021728 0.000000 5.538606 -0.000000 0.021728 0.000000 9.406985 -0.000000 0.021728  
 16 8 5  0.000000 0.023740 0.000000 0.201129 0.000000 0.015861 0.000000 0.201129 0.000000 0.004323 0.000000 0.201129 0.000000 -0.007214 -0.000000 0.201129 0.000000 -0.015093 -0.000000 0.201129  
 17 10 11  0.000000 -9.745993 -0.000000 -0.179828 0.000000 -5.760049 -0.000000 -0.179828 0.000000 0.076903 0.000000 -0.179828 0.000000 5.913855 0.000000 -0.179828 0.000000 9.899799 0.000000 -0.179828  
 18 11 12  0.000000 2.728325 0.000000 0.090589 0.000000 1.623572 0.000000 0.090589 0.000000 0.005790 0.000000 0.090589 0.000000 -1.611991 -0.000000 0.090589 0.000000 -2.716744 -0.000000 0.090589  
 19 12 13  0.000000 -9.885771 0.000000 -0.197388 0.000000 -5.905519 0.000000 -0.197388 0.000000 -0.076903 0.000000 -0.197388 0.000000 5.751713 -0.000000 -0.197388 0.000000 9.731965 -0.000000 -0.197388  
 20 13 10  0.000000 2.702715 -0.000000 0.205626 0.000000 1.603655 -0.000000 0.205626 0.000000 -0.005790 0.000000 0.205626 0.000000 -1.615236 0.000000 0.205626 0.000000 -2.714296 0.000000 0.205626  
 21 15 16  0.000000 -6.686152 -0.000000 -0.069133 0.000000 -3.919277 -0.000000 -0.069133 0.000000 0.132489 0.000000 -0.069133 0.000000 4.184255 0.000000 -0.069133 0.000000 6.951130 0.000000 -0.069133  
 22 16 17  0.000000 1.820279 0.000000 0.078481 0.000000 1.083154 0.000000 0.078481 0.000000 0.003721 0.000000 0.078481 0.000000 -1.075713 -0.000000 0.078481 0.000000 -1.812837 -0.000000 0.078481  
 23 17 18  0.000000 -6.928213 0.000000 -0.073093 0.000000 -4.170637 0.000000 -0.073093 0.000000 -0.132489 0.000000 -0.073093 0.000000 3.905659 -0.000000 -0.073093 0.000000 6.663235 -0.000000 -0.073093  
 24 18 15  0.000000 1.789920 -0.000000 0.088567 0.000000 1.062095 -0.000000 0.088567 0.000000 -0.003721 0.000000 0.088567 0.000000 -1.069536 0.000000 0.088567 0.000000 -1.797361 0.000000 0.088567  
