 1 1 5  -35.916459 -0.074727 -0.298597 -0.000031 -35.922352 -0.050608 -0.203645 -0.000031 -35.930080 -0.015360 -0.064598 -0.000031 -35.931523 0.019692 0.074743 -0.000031 -35.926919 0.043704 0.169734 -0.000031  
 2 2 6  -36.193836 -0.074743 -0.298293 -0.000031 -36.199729 -0.050614 -0.203297 -0.000031 -36.207498 -0.015338 -0.064188 -0.000031 -36.209177 0.019682 0.074657 -0.000031 -36.204317 0.043740 0.169619 -0.000031  
 3 3 7  -36.063003 -0.074921 -0.298309 -0.000031 -36.069024 -0.050814 -0.203312 -0.000031 -36.077043 -0.015578 -0.064201 -0.000031 -36.078530 0.019737 0.074619 -0.000031 -36.073642 0.043815 0.169611 -0.000031  
 4 4 8  -35.785648 -0.074895 -0.298619 -0.000031 -35.791639 -0.050794 -0.203669 -0.000031 -35.799493 -0.015580 -0.064640 -0.000031 -35.801012 0.019684 0.074725 -0.000031 -35.796257 0.043760 0.169740 -0.000031  
 5 5 10  -23.986040 -0.007095 -0.044853 -0.000002 -23.988910 -0.005732 -0.014235 -0.000002 -23.991517 -0.003797 0.030720 -0.000002 -23.988169 -0.001870 0.075576 -0.000002 -23.985215 -0.000502 0.106191 -0.000002  
 6 6 11  -24.101738 -0.007066 -0.044918 -0.000002 -24.104577 -0.005699 -0.014229 -0.000002 -24.107146 -0.003814 0.030659 -0.000002 -24.103786 -0.001870 0.075526 -0.000002 -24.100806 -0.000509 0.106200 -0.000002  
 7 7 12  -24.008658 -0.007043 -0.044936 -0.000002 -24.011556 -0.005712 -0.014246 -0.000002 -24.014174 -0.003771 0.030640 -0.000002 -24.010729 -0.001830 0.075534 -0.000002 -24.007717 -0.000501 0.106211 -0.000002  
 8 8 13  -23.892980 -0.007070 -0.044877 -0.000002 -23.895882 -0.005742 -0.014261 -0.000002 -23.898481 -0.003779 0.030709 -0.000002 -23.895161 -0.001833 0.075592 -0.000002 -23.892155 -0.000496 0.106207 -0.000002  
 9 10 15  -12.006083 -0.064442 -0.008864 0.000004 -12.007282 -0.038339 0.002566 0.000004 -12.007747 -0.000127 0.019305 0.000004 -12.006168 0.038109 0.036049 0.000004 -12.004836 0.064222 0.047481 0.000004  
 10 11 16  -12.039165 -0.064430 -0.008887 0.000004 -12.040357 -0.038330 0.002560 0.000004 -12.040801 -0.000128 0.019279 0.000004 -12.039239 0.038098 0.036036 0.000004 -12.037908 0.064211 0.047485 0.000004  
 11 12 17  -11.992668 -0.064410 -0.008895 0.000004 -11.993871 -0.038320 0.002553 0.000004 -11.994304 -0.000108 0.019280 0.000004 -11.992730 0.038106 0.036041 0.000004 -11.991392 0.064207 0.047492 0.000004  
 12 13 18  -11.959584 -0.064421 -0.008871 0.000004 -11.960789 -0.038330 0.002560 0.000004 -11.961249 -0.000108 0.019308 0.000004 -11.959661 0.038116 0.036055 0.000004 -11.958321 0.064218 0.047488 0.000004  
 13 5 6  0.000000 -0.223513 0.000000 0.000005 0.000000 -0.132831 0.000000 0.000005 0.000000 -0.000038 0.000000 0.000005 0.000000 0.132755 -0.000000 0.000005 0.000000 0.223437 -0.000000 0.000005  
 14 6 7  0.000000 0.051909 0.000000 -0.000001 0.000000 0.030838 0.000000 -0.000001 0.000000 -0.000018 0.000000 -0.000001 0.000000 -0.030875 -0.000000 -0.000001 0.000000 -0.051946 -0.000000 -0.000001  
 15 7 8  0.000000 -0.223437 -0.000000 -0.000017 0.000000 -0.132755 -0.000000 -0.000017 0.000000 0.000038 0.000000 -0.000017 0.000000 0.132831 0.000000 -0.000017 0.000000 0.223513 0.000000 -0.000017  
 16 8 5  0.000000 0.051946 -0.000000 -0.000012 0.000000 0.030875 -0.000000 -0.000012 0.000000 0.000018 0.000000 -0.000012 0.000000 -0.030838 0.000000 -0.000012 0.000000 -0.051909 0.000000 -0.000012  
 17 10 11  0.000000 -0.114040 0.000000 0.000016 0.000000 -0.067768 0.000000 0.000016 0.000000 -0.000009 0.000000 0.000016 0.000000 0.067751 -0.000000 0.000016 0.000000 0.114022 -0.000000 0.000016  
 18 11 12  0.000000 0.064254 0.000000 -0.000009 0.000000 0.038179 0.000000 -0.000009 0.000000 -0.000006 0.000000 -0.000009 0.000000 -0.038191 -0.000000 -0.000009 0.000000 -0.064267 -0.000000 -0.000009  
 19 12 13  0.000000 -0.114023 -0.000000 0.000011 0.000000 -0.067751 -0.000000 0.000011 0.000000 0.000009 0.000000 0.000011 0.000000 0.067769 0.000000 0.000011 0.000000 0.114041 0.000000 0.000011  
 20 13 10  0.000000 0.064268 -0.000000 -0.000015 0.000000 0.038191 -0.000000 -0.000015 0.000000 0.000006 0.000000 -0.000015 0.000000 -0.038179 0.000000 -0.000015 0.000000 -0.064255 0.000000 -0.000015  
 21 15 16  0.000000 -0.045673 0.000000 0.000007 0.000000 -0.027141 0.000000 0.000007 0.000000 -0.000004 0.000000 0.000007 0.000000 0.027133 -0.000000 0.000007 0.000000 0.045665 -0.000000 0.000007  
 22 16 17  0.000000 0.064216 -0.000000 -0.000004 0.000000 0.038158 -0.000000 -0.000004 0.000000 -0.000001 0.000000 -0.000004 0.000000 -0.038160 0.000000 -0.000004 0.000000 -0.064219 0.000000 -0.000004  
 23 17 18  0.000000 -0.045666 -0.000000 0.000007 0.000000 -0.027134 -0.000000 0.000007 0.000000 0.000004 0.000000 0.000007 0.000000 0.027142 0.000000 0.000007 0.000000 0.045674 0.000000 0.000007  
 24 18 15  0.000000 0.064220 0.000000 -0.000005 0.000000 0.038161 0.000000 -0.000005 0.000000 0.000001 0.000000 -0.000005 0.000000 -0.038158 -0.000000 -0.000005 0.000000 -0.064217 -0.000000 -0.000005  
