 1 1 5  -32.790046 0.773158 -3.497574 -0.000195 -32.338784 0.632994 -2.507963 -0.000195 -32.397782 0.331501 -0.908845 -0.000195 -32.400511 0.029119 0.692264 -0.000195 -32.368298 -0.177099 1.784541 -0.000195  
 2 2 6  -36.916794 0.807217 -3.557190 -0.000195 -36.784594 0.631232 -2.504593 -0.000195 -36.843826 0.330365 -0.907824 -0.000195 -36.850275 0.029909 0.688519 -0.000195 -36.815738 -0.175696 1.778875 -0.000195  
 3 3 7  -39.546400 0.823455 -3.580044 -0.000195 -39.536713 0.629350 -2.502696 -0.000195 -39.594341 0.329361 -0.906497 -0.000195 -39.599478 0.031152 0.687642 -0.000195 -39.567621 -0.173470 1.777313 -0.000195  
 4 4 8  -35.328477 0.794597 -3.539878 -0.000195 -35.099565 0.631130 -2.505982 -0.000195 -35.158742 0.330510 -0.907445 -0.000195 -35.166249 0.030223 0.691311 -0.000195 -35.131547 -0.175029 1.782880 -0.000195  
 5 5 10  -21.947401 0.944058 -1.260650 0.000303 -21.969951 0.613694 -0.630245 0.000303 -21.986496 0.129566 0.293320 0.000303 -21.966678 -0.354109 1.216768 0.000303 -21.989390 -0.675651 1.837748 0.000303  
 6 6 11  -24.086072 0.943500 -1.256224 0.000303 -24.108821 0.613252 -0.626878 0.000303 -24.128017 0.129737 0.294336 0.000303 -24.106085 -0.353509 1.215676 0.000303 -24.084547 -0.683074 1.844590 0.000303  
 7 7 12  -26.006109 0.941193 -1.255410 0.000303 -26.028338 0.611499 -0.626292 0.000303 -26.045514 0.129294 0.294067 0.000303 -26.025189 -0.352739 1.214839 0.000303 -26.001630 -0.682169 1.843953 0.000303  
 8 8 13  -23.870353 0.941760 -1.259819 0.000303 -23.892812 0.611952 -0.629637 0.000303 -23.911422 0.129084 0.293095 0.000303 -23.888874 -0.353349 1.215898 0.000303 -23.869712 -0.682049 1.845140 0.000303  
 9 10 15  -11.215000 0.870434 -0.246122 -0.000747 -11.227349 0.463407 -0.007132 -0.000747 -11.232293 -0.132639 0.343205 -0.000747 -11.272469 -0.718056 0.682711 -0.000747 -11.683960 -1.049544 0.851809 -0.000747  
 10 11 16  -11.858608 0.870364 -0.244036 -0.000747 -11.871079 0.463370 -0.006458 -0.000747 -11.876018 -0.132555 0.341608 -0.000747 -11.889746 -0.722930 0.683947 -0.000747 -12.247731 -1.062693 0.858437 -0.000747  
 11 12 17  -12.660732 0.866975 -0.243954 -0.000747 -12.673135 0.462017 -0.006406 -0.000747 -12.678120 -0.130757 0.341484 -0.000747 -12.674449 -0.721543 0.687262 -0.000747 -12.964608 -1.070174 0.871774 -0.000747  
 12 13 18  -12.021699 0.867052 -0.246034 -0.000747 -12.034137 0.462061 -0.007079 -0.000747 -12.038889 -0.130846 0.343079 -0.000747 -12.048743 -0.718994 0.688322 -0.000747 -12.391101 -1.059391 0.866218 -0.000747  
 13 5 6  0.000000 -3.140771 0.000000 0.003380 0.000000 -1.866054 0.000000 0.003380 0.000000 0.000620 0.000000 0.003380 0.000000 1.867295 -0.000000 0.003380 0.000000 3.142012 -0.000000 0.003380  
 14 6 7  0.000000 -1.129187 0.000000 -0.001269 0.000000 -0.670910 0.000000 -0.001269 0.000000 0.000185 0.000000 -0.001269 0.000000 0.671279 -0.000000 -0.001269 0.000000 1.129557 -0.000000 -0.001269  
 15 7 8  0.000000 -3.142079 -0.000000 0.002029 0.000000 -1.867335 -0.000000 0.002029 0.000000 -0.000620 0.000000 0.002029 0.000000 1.866094 0.000000 0.002029 0.000000 3.140838 0.000000 0.002029  
 16 8 5  0.000000 -1.129490 -0.000000 -0.004006 0.000000 -0.671239 -0.000000 -0.004006 0.000000 -0.000185 0.000000 -0.004006 0.000000 0.670870 0.000000 -0.004006 0.000000 1.129121 0.000000 -0.004006  
 17 10 11  0.000000 -2.080829 -0.000000 0.002964 0.000000 -1.236503 -0.000000 0.002964 0.000000 -0.000085 0.000000 0.002964 0.000000 1.236333 0.000000 0.002964 0.000000 2.080659 0.000000 0.002964  
 18 11 12  0.000000 -1.561564 0.000000 -0.000966 0.000000 -0.927902 0.000000 -0.000966 0.000000 0.000021 0.000000 -0.000966 0.000000 0.927944 -0.000000 -0.000966 0.000000 1.561606 -0.000000 -0.000966  
 19 12 13  0.000000 -2.080754 0.000000 0.000930 0.000000 -1.236389 0.000000 0.000930 0.000000 0.000085 0.000000 0.000930 0.000000 1.236559 -0.000000 0.000930 0.000000 2.080924 -0.000000 0.000930  
 20 13 10  0.000000 -1.561510 -0.000000 -0.003004 0.000000 -0.927888 -0.000000 -0.003004 0.000000 -0.000021 0.000000 -0.003004 0.000000 0.927846 0.000000 -0.003004 0.000000 1.561468 0.000000 -0.003004  
 21 15 16  0.000000 -0.866351 -0.000000 0.004317 0.000000 -0.514445 -0.000000 0.004317 0.000000 0.000881 0.000000 0.004317 0.000000 0.516206 0.000000 0.004317 0.000000 0.868112 0.000000 0.004317  
 22 16 17  0.000000 -1.086799 0.000000 -0.003862 0.000000 -0.645334 0.000000 -0.003862 0.000000 0.001139 0.000000 -0.003862 0.000000 0.647612 -0.000000 -0.003862 0.000000 1.089076 -0.000000 -0.003862  
 23 17 18  0.000000 -0.868263 0.000000 0.003066 0.000000 -0.516296 0.000000 0.003066 0.000000 -0.000881 0.000000 0.003066 0.000000 0.514534 -0.000000 0.003066 0.000000 0.866502 -0.000000 0.003066  
 24 18 15  0.000000 -1.088925 -0.000000 -0.004816 0.000000 -0.647522 -0.000000 -0.004816 0.000000 -0.001139 0.000000 -0.004816 0.000000 0.645245 0.000000 -0.004816 0.000000 1.086648 0.000000 -0.004816  
