 1 1 5  -29.772510 4.067472 -3.841318 0.082418 -27.121463 3.074244 -3.225371 0.082418 -23.607175 1.336589 -2.265460 0.082418 -22.749434 -1.059677 -0.718492 0.082418 -22.340942 -2.561731 0.411590 0.082418  
 2 2 6  -40.016887 4.611041 -4.050832 0.082418 -38.450803 3.516611 -3.480260 0.082418 -37.128401 1.459340 -2.452209 0.082418 -36.987603 -1.075795 -0.950723 0.082418 -35.810126 -2.784412 0.085613 0.082418  
 3 3 7  -47.887262 4.774856 -4.397439 0.082418 -47.258187 3.627394 -3.748961 0.082418 -47.364928 1.449849 -2.459451 0.082418 -47.222724 -1.011359 -0.939164 0.082418 -45.947532 -2.667843 0.129381 0.082418  
 4 4 8  -37.380933 4.299596 -4.240269 0.082418 -35.528535 3.274298 -3.593065 0.082418 -33.740511 1.431730 -2.400846 0.082418 -33.548467 -0.996560 -0.702614 0.082418 -32.275876 -2.622810 0.489618 0.082418  
 5 5 10  -31.320414 2.339601 -7.656741 -0.341166 -19.307759 1.409145 -4.587313 -0.341166 -2.646935 0.031926 0.172657 -0.341166 -19.996405 -1.371492 4.790300 -0.341166 -31.994158 -2.312115 7.854786 -0.341166  
 6 6 11  -36.404318 2.449305 -7.867345 -0.341166 -24.928564 1.516082 -4.906253 -0.341166 -12.605666 0.031415 0.165382 -0.341166 -25.571044 -1.478536 5.102612 -0.341166 -37.011249 -2.418229 8.057242 -0.341166  
 7 7 12  -41.402314 2.448710 -8.254996 -0.341166 -30.252443 1.551854 -5.283180 -0.341166 -20.577121 0.050199 0.165773 -0.341166 -30.858306 -1.477083 5.487762 -0.341166 -41.996784 -2.387323 8.449121 -0.341166  
 8 8 13  -36.309784 2.337586 -8.062088 -0.341166 -24.405148 1.442878 -4.991986 -0.341166 -10.868747 0.049212 0.173875 -0.341166 -25.086338 -1.375637 5.200739 -0.341166 -36.958246 -2.277606 8.265149 -0.341166  
 9 10 15  -12.108250 2.518090 0.558546 0.056776 -8.718102 1.461864 0.828577 0.056776 -7.593830 -0.365938 1.279945 0.056776 -11.587288 -2.057216 1.444358 0.056776 -15.154375 -3.088760 1.615163 0.056776  
 10 11 16  -13.229120 2.589607 0.759807 0.056776 -10.013913 1.510970 1.012536 0.056776 -8.910333 -0.377746 1.414462 0.056776 -12.590351 -2.122539 1.476475 0.056776 -16.074010 -3.163130 1.590002 0.056776  
 11 12 17  -15.177573 2.629167 0.801962 0.056776 -12.487926 1.552962 1.109667 0.056776 -11.634480 -0.400744 1.559785 0.056776 -14.805302 -2.163700 1.574116 0.056776 -17.902788 -3.176798 1.660382 0.056776  
 12 13 18  -14.057354 2.568470 0.589556 0.056776 -11.141509 1.527984 0.911950 0.056776 -10.309043 -0.392667 1.435781 0.056776 -13.781692 -2.105519 1.544848 0.056776 -16.998191 -3.108681 1.685505 0.056776  
 13 5 6  0.000000 -8.330175 -0.000000 0.196420 0.000000 -4.929597 -0.000000 0.196420 0.000000 0.050153 0.000000 0.196420 0.000000 5.029904 0.000000 0.196420 0.000000 8.430482 0.000000 0.196420  
 14 6 7  0.000000 -4.975776 -0.000000 -0.334475 0.000000 -2.952903 -0.000000 -0.334475 0.000000 0.009359 0.000000 -0.334475 0.000000 2.971621 0.000000 -0.334475 0.000000 4.994494 0.000000 -0.334475  
 15 7 8  0.000000 -8.438382 0.000000 0.159352 0.000000 -5.034599 0.000000 0.159352 0.000000 -0.050153 0.000000 0.159352 0.000000 4.934292 -0.000000 0.159352 0.000000 8.338076 -0.000000 0.159352  
 16 8 5  0.000000 -4.986593 0.000000 -0.353973 0.000000 -2.966926 0.000000 -0.353973 0.000000 -0.009359 0.000000 -0.353973 0.000000 2.948208 -0.000000 -0.353973 0.000000 4.967875 -0.000000 -0.353973  
 17 10 11  0.000000 -7.605119 0.000000 0.111687 0.000000 -4.497079 0.000000 0.111687 0.000000 0.054284 0.000000 0.111687 0.000000 4.605647 -0.000000 0.111687 0.000000 7.713687 -0.000000 0.111687  
 18 11 12  0.000000 -5.006965 0.000000 -0.222002 0.000000 -2.966563 0.000000 -0.222002 0.000000 0.021367 0.000000 -0.222002 0.000000 3.009298 -0.000000 -0.222002 0.000000 5.049700 -0.000000 -0.222002  
 19 12 13  0.000000 -7.724780 -0.000000 0.100244 0.000000 -4.612239 -0.000000 0.100244 0.000000 -0.054284 0.000000 0.100244 0.000000 4.503671 0.000000 0.100244 0.000000 7.616212 0.000000 0.100244  
 20 13 10  0.000000 -5.038607 -0.000000 -0.243421 0.000000 -3.002706 -0.000000 -0.243421 0.000000 -0.021367 0.000000 -0.243421 0.000000 2.959972 0.000000 -0.243421 0.000000 4.995872 0.000000 -0.243421  
 21 15 16  0.000000 -1.629521 -0.000000 0.042651 0.000000 -0.973428 -0.000000 0.042651 0.000000 -0.012656 0.000000 0.042651 0.000000 0.948117 0.000000 0.042651 0.000000 1.604210 0.000000 0.042651  
 22 16 17  0.000000 -3.201846 -0.000000 -0.048535 0.000000 -1.890509 -0.000000 -0.048535 0.000000 0.029792 0.000000 -0.048535 0.000000 1.950094 0.000000 -0.048535 0.000000 3.261431 0.000000 -0.048535  
 23 17 18  0.000000 -1.616440 0.000000 0.035630 0.000000 -0.955384 0.000000 0.035630 0.000000 0.012656 0.000000 0.035630 0.000000 0.980695 -0.000000 0.035630 0.000000 1.641751 -0.000000 0.035630  
 24 18 15  0.000000 -3.249202 0.000000 -0.053061 0.000000 -1.942827 0.000000 -0.053061 0.000000 -0.029792 0.000000 -0.053061 0.000000 1.883242 -0.000000 -0.053061 0.000000 3.189617 -0.000000 -0.053061  
