 1 1 5  -40.485586 4.955328 4.401930 0.031159 -36.745794 3.832391 3.412917 0.031159 -33.451481 1.681204 1.488534 0.031159 -33.359502 -1.279859 -1.219681 0.031159 -34.259478 -2.929710 -2.707180 0.031159  
 2 2 6  -33.742999 4.692554 4.246909 0.031159 -29.167506 3.579712 3.230306 0.031159 -23.344954 1.647519 1.437682 0.031159 -23.089729 -1.294451 -1.306164 0.031159 -26.023285 -2.710588 -2.596718 0.031159  
 3 3 7  -41.943516 4.960752 4.535087 0.031159 -38.316243 3.857497 3.511998 0.031159 -35.276372 1.712735 1.471233 0.031159 -35.197746 -1.172617 -1.296201 0.031159 -35.795502 -2.835411 -2.852677 0.031159  
 4 4 8  -48.991125 5.190175 4.670290 0.031159 -46.255091 4.044050 3.639258 0.031159 -45.167358 1.700675 1.473411 0.031159 -45.076059 -1.149835 -1.197192 0.031159 -44.590283 -2.955061 -2.869365 0.031159  
 5 5 10  -25.246516 2.948157 2.165984 0.018026 -22.917651 1.982210 1.448692 0.018026 -22.554627 -0.053062 -0.126736 0.018026 -23.051734 -2.025092 -1.637634 0.018026 -25.425847 -2.966820 -2.317711 0.018026  
 6 6 11  -20.785676 2.751375 2.128669 0.018026 -17.722192 1.849252 1.416273 0.018026 -16.414887 -0.053744 -0.124452 0.018026 -18.015038 -1.887228 -1.593620 0.018026 -21.068603 -2.775590 -2.277180 0.018026  
 7 7 12  -26.150759 2.808264 2.325012 0.018026 -24.078809 1.882416 1.555283 0.018026 -23.875467 -0.056903 -0.124710 0.018026 -24.207698 -1.939169 -1.747854 0.018026 -26.353986 -2.835878 -2.479332 0.018026  
 8 8 13  -30.777679 2.961762 2.337037 0.018026 -29.468131 1.940411 1.526381 0.018026 -29.670655 -0.056669 -0.126983 0.018026 -29.419239 -2.011702 -1.735478 0.018026 -30.859180 -2.987618 -2.494809 0.018026  
 9 10 15  -14.833847 2.484580 1.921421 0.000221 -10.241762 1.437680 1.095019 0.000221 -7.554541 -0.601731 -0.500265 0.000221 -13.622384 -2.201966 -1.734059 0.000221 -18.237490 -3.230987 -2.544103 0.000221  
 10 11 16  -13.168108 2.372121 1.927024 0.000221 -8.382013 1.331914 1.072075 0.000221 -5.131625 -0.544888 -0.447055 0.000221 -11.891789 -2.094156 -1.707047 0.000221 -16.632916 -3.122502 -2.544378 0.000221  
 11 12 17  -15.106444 2.374472 2.032395 0.000221 -10.663861 1.370062 1.179911 0.000221 -8.205811 -0.612235 -0.507294 0.000221 -13.990593 -2.146738 -1.808252 0.000221 -18.494350 -3.124844 -2.650308 0.000221  
 12 13 18  -16.724697 2.474221 2.025605 0.000221 -12.561044 1.458686 1.193201 0.000221 -10.715280 -0.629989 -0.526375 0.000221 -15.691382 -2.240251 -1.833388 0.000221 -20.052308 -3.228048 -2.641157 0.000221  
 13 5 6  0.000000 5.102365 0.000000 -0.196576 0.000000 3.038846 0.000000 -0.196576 0.000000 0.017063 0.000000 -0.196576 0.000000 -3.004721 -0.000000 -0.196576 0.000000 -5.068240 -0.000000 -0.196576  
 14 6 7  0.000000 -5.807893 0.000000 0.214861 0.000000 -3.440526 0.000000 0.214861 0.000000 0.026208 0.000000 0.214861 0.000000 3.492941 -0.000000 0.214861 0.000000 5.860308 -0.000000 0.214861  
 15 7 8  0.000000 5.072501 -0.000000 -0.128458 0.000000 3.007253 -0.000000 -0.128458 0.000000 -0.017063 0.000000 -0.128458 0.000000 -3.041378 0.000000 -0.128458 0.000000 -5.106626 0.000000 -0.128458  
 16 8 5  0.000000 -5.864568 -0.000000 0.159654 0.000000 -3.495473 -0.000000 0.159654 0.000000 -0.026208 0.000000 0.159654 0.000000 3.443058 0.000000 0.159654 0.000000 5.812153 0.000000 0.159654  
 17 10 11  0.000000 4.581649 -0.000000 -0.179132 0.000000 2.728463 -0.000000 -0.179132 0.000000 0.014688 0.000000 -0.179132 0.000000 -2.699087 0.000000 -0.179132 0.000000 -4.552273 0.000000 -0.179132  
 18 11 12  0.000000 -5.524146 0.000000 0.185053 0.000000 -3.272975 0.000000 0.185053 0.000000 0.023604 0.000000 0.185053 0.000000 3.320183 -0.000000 0.185053 0.000000 5.571354 -0.000000 0.185053  
 19 12 13  0.000000 4.560652 0.000000 -0.135931 0.000000 2.704066 0.000000 -0.135931 0.000000 -0.014688 0.000000 -0.135931 0.000000 -2.733442 -0.000000 -0.135931 0.000000 -4.590028 -0.000000 -0.135931  
 20 13 10  0.000000 -5.579733 -0.000000 0.155326 0.000000 -3.325162 -0.000000 0.155326 0.000000 -0.023604 0.000000 0.155326 0.000000 3.277954 0.000000 0.155326 0.000000 5.532526 0.000000 0.155326  
 21 15 16  0.000000 2.691648 -0.000000 -0.079125 0.000000 1.604690 -0.000000 -0.079125 0.000000 0.012966 0.000000 -0.079125 0.000000 -1.578758 0.000000 -0.079125 0.000000 -2.665716 0.000000 -0.079125  
 22 16 17  0.000000 -3.259608 -0.000000 0.076410 0.000000 -1.927701 -0.000000 0.076410 0.000000 0.022722 0.000000 0.076410 0.000000 1.973144 0.000000 0.076410 0.000000 3.305051 0.000000 0.076410  
 23 17 18  0.000000 2.676279 0.000000 -0.065373 0.000000 1.585034 0.000000 -0.065373 0.000000 -0.012966 0.000000 -0.065373 0.000000 -1.610966 -0.000000 -0.065373 0.000000 -2.702211 -0.000000 -0.065373  
 24 18 15  0.000000 -3.315614 0.000000 0.068182 0.000000 -1.979421 0.000000 0.068182 0.000000 -0.022722 0.000000 0.068182 0.000000 1.933978 -0.000000 0.068182 0.000000 3.270171 -0.000000 0.068182  
