 1 1 5  -42.085209 3.153010 6.141278 0.161176 -38.303666 2.590529 4.771716 0.161176 -34.829193 1.507254 2.171293 0.161176 -34.738437 -0.276521 -1.340832 0.161176 -34.661804 -1.309467 -3.513482 0.161176  
 2 2 6  -32.659421 2.953183 5.710329 0.161176 -27.720598 2.351660 4.334493 0.161176 -20.944873 1.379671 1.971640 0.161176 -20.030032 -0.300387 -1.541636 0.161176 -23.082618 -1.130158 -3.300112 0.161176  
 3 3 7  -41.491551 3.065454 6.216560 0.161176 -37.510156 2.537201 4.801417 0.161176 -33.641771 1.539035 2.112649 0.161176 -33.546564 -0.152901 -1.523507 0.161176 -33.750642 -1.119177 -3.714325 0.161176  
 4 4 8  -51.257298 3.262342 6.557672 0.161176 -48.552196 2.746728 5.090998 0.161176 -47.507008 1.530835 2.158997 0.161176 -47.406481 -0.130071 -1.320981 0.161176 -46.392131 -1.220895 -3.639542 0.161176  
 5 5 10  -29.164098 4.027303 3.610895 0.051389 -23.723367 2.816383 2.309803 0.051389 -20.035755 0.429382 -0.210003 0.051389 -23.043416 -2.081890 -2.723236 0.051389 -28.293098 -3.344496 -3.953997 0.051389  
 6 6 11  -23.350342 3.696514 3.566550 0.051389 -17.190730 2.496231 2.213345 0.051389 -10.683455 0.428742 -0.194567 0.051389 -16.498454 -1.842877 -2.545466 0.051389 -22.588672 -3.074413 -3.840719 0.051389  
 7 7 12  -29.669943 3.811957 3.893181 0.051389 -24.255916 2.682791 2.512105 0.051389 -20.683551 0.448426 -0.194578 0.051389 -23.615835 -1.918316 -2.905031 0.051389 -28.876318 -3.095129 -4.223203 0.051389  
 8 8 13  -35.622425 4.108444 3.901837 0.051389 -31.156303 2.930638 2.544175 0.051389 -29.451922 0.448813 -0.209734 0.051389 -30.554380 -2.108236 -2.987802 0.051389 -34.763495 -3.341332 -4.287991 0.051389  
 9 10 15  -16.240227 3.286135 2.150062 -0.029965 -9.812570 1.861282 1.087925 -0.029965 -5.349472 -0.542260 -0.711055 -0.029965 -14.494335 -2.692770 -2.214170 -0.029965 -20.857777 -4.111087 -3.251513 -0.029965  
 10 11 16  -14.015206 3.111173 2.206694 -0.029965 -7.449684 1.681334 1.098806 -0.029965 -2.587138 -0.435369 -0.544931 -0.029965 -12.196598 -2.535999 -2.171542 -0.029965 -18.702326 -3.952234 -3.265242 -0.029965  
 11 12 17  -16.488930 3.109607 2.337090 -0.029965 -10.241067 1.768393 1.221014 -0.029965 -6.144244 -0.576569 -0.730073 -0.029965 -14.999325 -2.604759 -2.325314 -0.029965 -21.186831 -3.946032 -3.409034 -0.029965  
 12 13 18  -18.551420 3.268116 2.268638 -0.029965 -12.601219 1.923699 1.198333 -0.029965 -9.225520 -0.651861 -0.836564 -0.029965 -17.203394 -2.743356 -2.355224 -0.029965 -23.192733 -4.083672 -3.389263 -0.029965  
 13 5 6  0.000000 7.416704 0.000000 -0.264983 0.000000 4.424653 0.000000 -0.264983 0.000000 0.043141 0.000000 -0.264983 0.000000 -4.338371 -0.000000 -0.264983 0.000000 -7.330422 -0.000000 -0.264983  
 14 6 7  0.000000 -5.176898 0.000000 0.377206 0.000000 -3.064023 0.000000 0.377206 0.000000 0.030036 0.000000 0.377206 0.000000 3.124096 -0.000000 0.377206 0.000000 5.236971 -0.000000 0.377206  
 15 7 8  0.000000 7.339596 -0.000000 -0.228803 0.000000 4.343822 -0.000000 -0.228803 0.000000 -0.043141 0.000000 -0.228803 0.000000 -4.430104 0.000000 -0.228803 0.000000 -7.425879 0.000000 -0.228803  
 16 8 5  0.000000 -5.246145 -0.000000 0.275084 0.000000 -3.129547 -0.000000 0.275084 0.000000 -0.030036 0.000000 0.275084 0.000000 3.069475 0.000000 0.275084 0.000000 5.186072 0.000000 0.275084  
 17 10 11  0.000000 6.578860 0.000000 -0.289851 0.000000 3.922487 0.000000 -0.289851 0.000000 0.032537 0.000000 -0.289851 0.000000 -3.857414 -0.000000 -0.289851 0.000000 -6.513787 -0.000000 -0.289851  
 18 11 12  0.000000 -6.586672 0.000000 0.309661 0.000000 -3.896786 0.000000 0.309661 0.000000 0.042240 0.000000 0.309661 0.000000 3.981266 -0.000000 0.309661 0.000000 6.671153 -0.000000 0.309661  
 19 12 13  0.000000 6.530018 -0.000000 -0.250108 0.000000 3.867058 -0.000000 -0.250108 0.000000 -0.032537 0.000000 -0.250108 0.000000 -3.932131 0.000000 -0.250108 0.000000 -6.595091 0.000000 -0.250108  
 20 13 10  0.000000 -6.687384 -0.000000 0.261469 0.000000 -3.990911 -0.000000 0.261469 0.000000 -0.042240 0.000000 0.261469 0.000000 3.906430 0.000000 0.261469 0.000000 6.602903 0.000000 0.261469  
 21 15 16  0.000000 3.372116 0.000000 -0.118624 0.000000 2.011666 0.000000 -0.118624 0.000000 0.019445 0.000000 -0.118624 0.000000 -1.972775 -0.000000 -0.118624 0.000000 -3.333225 -0.000000 -0.118624  
 22 16 17  0.000000 -4.030597 -0.000000 0.116709 0.000000 -2.379916 -0.000000 0.116709 0.000000 0.037314 0.000000 0.116709 0.000000 2.454545 0.000000 0.116709 0.000000 4.105226 0.000000 0.116709  
 23 17 18  0.000000 3.354411 -0.000000 -0.100281 0.000000 1.985364 -0.000000 -0.100281 0.000000 -0.019445 0.000000 -0.100281 0.000000 -2.024255 0.000000 -0.100281 0.000000 -3.393301 0.000000 -0.100281  
 24 18 15  0.000000 -4.126411 0.000000 0.100844 0.000000 -2.467133 0.000000 0.100844 0.000000 -0.037314 0.000000 0.100844 0.000000 2.392505 -0.000000 0.100844 0.000000 4.051783 -0.000000 0.100844  
