 1 1 5  -44.538592 2.698272 5.664419 -0.221738 -42.184773 2.019126 4.281529 -0.221738 -42.224203 0.421173 1.325207 -0.221738 -42.103801 -1.463115 -1.992508 -0.221738 -42.405448 -2.466167 -3.948899 -0.221738  
 2 2 6  -34.753120 2.524007 5.263928 -0.221738 -30.922625 1.832095 3.990023 -0.221738 -28.302379 0.427366 1.340331 -0.221738 -28.326536 -1.450929 -2.020940 -0.221738 -30.873273 -2.236390 -3.689540 -0.221738  
 3 3 7  -34.078363 2.441909 5.192255 -0.221738 -30.390134 1.766538 3.944893 -0.221738 -27.896905 0.394035 1.331503 -0.221738 -27.919107 -1.450549 -2.007611 -0.221738 -30.376674 -2.214308 -3.643497 -0.221738  
 4 4 8  -43.913339 2.626537 5.605025 -0.221738 -41.638860 1.950637 4.242013 -0.221738 -41.788711 0.383736 1.317174 -0.221738 -41.656137 -1.463980 -1.975613 -0.221738 -41.929799 -2.449837 -3.911820 -0.221738  
 5 5 10  -28.677435 -1.026999 0.621396 0.002341 -29.575068 -0.884777 0.602475 0.002341 -29.955331 -0.685708 0.556141 0.002341 -29.339613 -0.482911 0.521713 0.002341 -28.270273 -0.338679 0.516864 0.002341  
 6 6 11  -19.475097 -1.013447 0.801549 0.002341 -20.362468 -0.876770 0.693741 0.002341 -20.702131 -0.685473 0.499589 0.002341 -20.163960 -0.499308 0.312392 0.002341 -19.115047 -0.360544 0.216973 0.002341  
 7 7 12  -17.917083 -0.996791 0.788318 0.002341 -18.846408 -0.868705 0.685510 0.002341 -19.202629 -0.676263 0.500234 0.002341 -18.653509 -0.482679 0.323694 0.002341 -17.569012 -0.351001 0.233325 0.002341  
 8 8 13  -27.138887 -1.009461 0.608232 0.002341 -28.046013 -0.876520 0.593665 0.002341 -28.423509 -0.677134 0.557011 0.002341 -27.811678 -0.466757 0.534194 0.002341 -26.740446 -0.330466 0.534127 0.002341  
 9 10 15  -27.195679 -1.272790 6.769819 -0.014370 -16.884730 -0.781950 4.114940 -0.014370 -1.965721 -0.067819 0.150138 -0.014370 -16.007392 0.699936 -3.909279 -0.014370 -26.203013 1.194925 -6.545539 -0.014370  
 10 11 16  -22.191876 -1.203954 6.574223 -0.014370 -11.307566 -0.714929 3.749480 -0.014370 1.639185 -0.015639 0.007452 -0.014370 -11.008364 0.639457 -3.689508 -0.014370 -21.785515 1.131275 -6.495263 -0.014370  
 11 12 17  -21.136831 -1.199061 6.480073 -0.014370 -10.292253 -0.704182 3.656840 -0.014370 1.985772 -0.015081 0.007452 -0.014370 -9.993092 0.633645 -3.596446 -0.014370 -20.729931 1.131246 -6.400779 -0.014370  
 12 13 18  -26.451479 -1.267075 6.707814 -0.014370 -16.139222 -0.774635 4.052786 -0.014370 -0.865472 -0.050375 0.123807 -0.014370 -15.259430 0.698255 -3.846349 -0.014370 -25.461548 1.194695 -6.482984 -0.014370  
 13 5 6  0.000000 4.523657 -0.000000 -0.078152 0.000000 2.691094 -0.000000 -0.078152 0.000000 0.007519 0.000000 -0.078152 0.000000 -2.676056 0.000000 -0.078152 0.000000 -4.508618 0.000000 -0.078152  
 14 6 7  0.000000 -1.441708 0.000000 -0.031277 0.000000 -0.859293 0.000000 -0.031277 0.000000 -0.006413 0.000000 -0.031277 0.000000 0.846466 -0.000000 -0.031277 0.000000 1.428881 -0.000000 -0.031277  
 15 7 8  0.000000 4.508085 0.000000 -0.081566 0.000000 2.675739 0.000000 -0.081566 0.000000 -0.007519 0.000000 -0.081566 0.000000 -2.690777 -0.000000 -0.081566 0.000000 -4.523123 -0.000000 -0.081566  
 16 8 5  0.000000 -1.428347 -0.000000 -0.029182 0.000000 -0.846149 -0.000000 -0.029182 0.000000 0.006413 0.000000 -0.029182 0.000000 0.858976 0.000000 -0.029182 0.000000 1.441174 0.000000 -0.029182  
 17 10 11  0.000000 6.305699 -0.000000 0.066197 0.000000 3.764512 -0.000000 0.066197 0.000000 0.043239 0.000000 0.066197 0.000000 -3.678034 0.000000 0.066197 0.000000 -6.219221 0.000000 0.066197  
 18 11 12  0.000000 0.944280 -0.000000 -0.075207 0.000000 0.560928 -0.000000 -0.075207 0.000000 -0.000445 0.000000 -0.075207 0.000000 -0.561818 0.000000 -0.075207 0.000000 -0.945170 0.000000 -0.075207  
 19 12 13  0.000000 6.218903 0.000000 0.064336 0.000000 3.677845 0.000000 0.064336 0.000000 -0.043239 0.000000 0.064336 0.000000 -3.764323 -0.000000 0.064336 0.000000 -6.305381 -0.000000 0.064336  
 20 13 10  0.000000 0.945488 0.000000 -0.057499 0.000000 0.562008 0.000000 -0.057499 0.000000 0.000445 0.000000 -0.057499 0.000000 -0.561118 -0.000000 -0.057499 0.000000 -0.944598 -0.000000 -0.057499  
 21 15 16  0.000000 6.567988 -0.000000 0.032972 0.000000 3.951210 -0.000000 0.032972 0.000000 0.119242 0.000000 0.032972 0.000000 -3.712725 0.000000 0.032972 0.000000 -6.329504 0.000000 0.032972  
 22 16 17  0.000000 1.157750 0.000000 -0.061845 0.000000 0.688414 0.000000 -0.061845 0.000000 0.001126 0.000000 -0.061845 0.000000 -0.686162 -0.000000 -0.061845 0.000000 -1.155498 -0.000000 -0.061845  
 23 17 18  0.000000 6.321356 0.000000 0.036791 0.000000 3.707884 0.000000 0.036791 0.000000 -0.119242 0.000000 0.036791 0.000000 -3.946368 -0.000000 0.036791 0.000000 -6.559841 -0.000000 0.036791  
 24 18 15  0.000000 1.163646 -0.000000 -0.036120 0.000000 0.691004 -0.000000 -0.036120 0.000000 -0.001126 0.000000 -0.036120 0.000000 -0.693255 0.000000 -0.036120 0.000000 -1.165898 0.000000 -0.036120  
