 1 1 5  -35.318651 0.764093 0.282315 -0.000040 -35.323309 0.541777 0.183681 -0.000040 -35.329318 0.216157 0.039249 -0.000040 -35.330224 -0.109693 -0.104907 -0.000040 -35.326495 -0.332097 -0.203465 -0.000040  
 2 2 6  -35.400747 0.764022 0.282521 -0.000040 -35.405481 0.541716 0.183922 -0.000040 -35.411758 0.216121 0.039572 -0.000040 -35.412980 -0.109639 -0.104957 -0.000040 -35.408854 -0.332018 -0.203534 -0.000040  
 3 3 7  -36.665228 0.763887 0.282567 -0.000040 -36.670060 0.541565 0.183964 -0.000040 -36.676502 0.215947 0.039600 -0.000040 -36.677465 -0.109601 -0.104985 -0.000040 -36.673435 -0.331967 -0.203577 -0.000040  
 4 4 8  -36.582951 0.763955 0.282352 -0.000040 -36.587729 0.541625 0.183714 -0.000040 -36.593986 0.215987 0.039275 -0.000040 -36.595122 -0.109644 -0.104889 -0.000040 -36.591084 -0.332036 -0.203491 -0.000040  
 5 5 10  -23.544244 0.391616 -0.074400 0.000003 -23.546415 0.222235 -0.072901 0.000003 -23.548289 -0.025885 -0.070609 0.000003 -23.545863 -0.273944 -0.068348 0.000003 -23.543582 -0.443306 -0.066843 0.000003  
 6 6 11  -23.727538 0.391611 -0.074438 0.000003 -23.729731 0.222237 -0.072889 0.000003 -23.731850 -0.025881 -0.070642 0.000003 -23.729139 -0.273927 -0.068393 0.000003 -23.726859 -0.443291 -0.066847 0.000003  
 7 7 12  -24.451782 0.391642 -0.074425 0.000003 -24.454024 0.222238 -0.072876 0.000003 -24.455914 -0.025851 -0.070643 0.000003 -24.453307 -0.273899 -0.068402 0.000003 -24.451032 -0.443290 -0.066862 0.000003  
 8 8 13  -24.268413 0.391650 -0.074388 0.000003 -24.270630 0.222237 -0.072891 0.000003 -24.272520 -0.025847 -0.070599 0.000003 -24.270026 -0.273917 -0.068359 0.000003 -24.267710 -0.443307 -0.066857 0.000003  
 9 10 15  -11.818434 0.197560 -0.168257 0.000004 -11.819300 0.084101 -0.104665 0.000004 -11.819656 -0.082049 -0.011531 0.000004 -11.818490 -0.248194 0.081588 0.000004 -11.817534 -0.361643 0.145175 0.000004  
 10 11 16  -11.924358 0.197565 -0.168279 0.000004 -11.925225 0.084106 -0.104672 0.000004 -11.925554 -0.082046 -0.011554 0.000004 -11.924397 -0.248195 0.081578 0.000004 -11.923442 -0.361645 0.145179 0.000004  
 11 12 17  -12.180657 0.197577 -0.168280 0.000004 -12.181528 0.084111 -0.104673 0.000004 -12.181845 -0.082032 -0.011556 0.000004 -12.180690 -0.248190 0.081576 0.000004 -12.179728 -0.361648 0.145178 0.000004  
 12 13 18  -12.074735 0.197572 -0.168257 0.000004 -12.075601 0.084106 -0.104665 0.000004 -12.075965 -0.082036 -0.011533 0.000004 -12.074788 -0.248189 0.081587 0.000004 -12.073825 -0.361646 0.145174 0.000004  
 13 5 6  0.000000 0.139413 0.000000 -0.000042 0.000000 0.082831 0.000000 -0.000042 0.000000 -0.000027 0.000000 -0.000042 0.000000 -0.082885 -0.000000 -0.000042 0.000000 -0.139468 -0.000000 -0.000042  
 14 6 7  0.000000 -0.746339 -0.000000 0.000029 0.000000 -0.443495 -0.000000 0.000029 0.000000 -0.000016 0.000000 0.000029 0.000000 0.443464 0.000000 0.000029 0.000000 0.746307 0.000000 0.000029  
 15 7 8  0.000000 0.139471 -0.000000 -0.000038 0.000000 0.082888 -0.000000 -0.000038 0.000000 0.000027 0.000000 -0.000038 0.000000 -0.082833 0.000000 -0.000038 0.000000 -0.139417 0.000000 -0.000038  
 16 8 5  0.000000 -0.746311 0.000000 0.000010 0.000000 -0.443466 0.000000 0.000010 0.000000 0.000016 0.000000 0.000010 0.000000 0.443498 -0.000000 0.000010 0.000000 0.746343 -0.000000 0.000010  
 17 10 11  0.000000 -0.106976 0.000000 -0.000004 0.000000 -0.063570 0.000000 -0.000004 0.000000 -0.000007 0.000000 -0.000004 0.000000 0.063556 -0.000000 -0.000004 0.000000 0.106961 -0.000000 -0.000004  
 18 11 12  0.000000 -0.646161 -0.000000 0.000006 0.000000 -0.383963 -0.000000 0.000006 0.000000 -0.000004 0.000000 0.000006 0.000000 0.383955 0.000000 0.000006 0.000000 0.646154 0.000000 0.000006  
 19 12 13  0.000000 -0.106957 -0.000000 -0.000003 0.000000 -0.063553 -0.000000 -0.000003 0.000000 0.000007 0.000000 -0.000003 0.000000 0.063567 0.000000 -0.000003 0.000000 0.106971 0.000000 -0.000003  
 20 13 10  0.000000 -0.646158 0.000000 0.000004 0.000000 -0.383958 0.000000 0.000004 0.000000 0.000004 0.000000 0.000004 0.000000 0.383966 -0.000000 0.000004 0.000000 0.646166 -0.000000 0.000004  
 21 15 16  0.000000 -0.146266 -0.000000 0.000004 0.000000 -0.086915 -0.000000 0.000004 0.000000 -0.000003 0.000000 0.000004 0.000000 0.086909 0.000000 0.000004 0.000000 0.146260 0.000000 0.000004  
 22 16 17  0.000000 -0.353951 -0.000000 -0.000002 0.000000 -0.210325 -0.000000 -0.000002 0.000000 -0.000001 0.000000 -0.000002 0.000000 0.210323 0.000000 -0.000002 0.000000 0.353949 0.000000 -0.000002  
 23 17 18  0.000000 -0.146255 0.000000 0.000004 0.000000 -0.086906 0.000000 0.000004 0.000000 0.000003 0.000000 0.000004 0.000000 0.086912 -0.000000 0.000004 0.000000 0.146261 -0.000000 0.000004  
 24 18 15  0.000000 -0.353953 0.000000 -0.000002 0.000000 -0.210325 0.000000 -0.000002 0.000000 0.000001 0.000000 -0.000002 0.000000 0.210328 -0.000000 -0.000002 0.000000 0.353956 -0.000000 -0.000002  
