 1 1 5  -34.896276 0.209654 -0.940736 0.000377 -34.925755 0.106953 -0.721544 0.000377 -34.960298 -0.043206 -0.400552 0.000377 -34.961690 -0.193992 -0.078436 0.000377 -34.940673 -0.296574 0.140847 0.000377  
 2 2 6  -38.126440 0.208960 -0.939736 0.000377 -38.155988 0.106369 -0.720402 0.000377 -38.191004 -0.043667 -0.399246 0.000377 -38.193213 -0.193565 -0.078353 0.000377 -38.171298 -0.296063 0.140898 0.000377  
 3 3 7  -37.011526 0.208392 -0.938611 0.000377 -37.040821 0.105740 -0.719448 0.000377 -37.074991 -0.044439 -0.398600 0.000377 -37.076704 -0.193554 -0.078937 0.000377 -37.055956 -0.296076 0.140032 0.000377  
 4 4 8  -33.780452 0.209105 -0.939584 0.000377 -33.809831 0.106340 -0.720566 0.000377 -33.844638 -0.043968 -0.399885 0.000377 -33.846945 -0.194018 -0.079025 0.000377 -33.824951 -0.296602 0.139974 0.000377  
 5 5 10  -23.377176 -0.449579 -1.203289 0.000091 -23.387197 -0.337881 -0.774667 0.000091 -23.395315 -0.174523 -0.146518 0.000091 -23.385009 -0.010961 0.481481 0.000091 -23.375081 0.100751 0.910245 0.000091  
 6 6 11  -25.617337 -0.449820 -1.202919 0.000091 -25.627454 -0.338048 -0.774556 0.000091 -25.636676 -0.174424 -0.147356 0.000091 -25.625624 -0.010800 0.480132 0.000091 -25.615600 0.100969 0.908686 0.000091  
 7 7 12  -24.604337 -0.449962 -1.202691 0.000091 -24.614317 -0.338087 -0.774369 0.000091 -24.622637 -0.174082 -0.147517 0.000091 -24.612194 -0.010177 0.479810 0.000091 -24.602236 0.101702 0.908326 0.000091  
 8 8 13  -22.363787 -0.449713 -1.203051 0.000091 -22.373745 -0.337908 -0.774472 0.000091 -22.382548 -0.174198 -0.146664 0.000091 -22.371366 -0.010341 0.481155 0.000091 -22.361433 0.101479 0.909886 0.000091  
 9 10 15  -11.827862 -0.620318 -0.920694 -0.002351 -11.736482 -0.370124 -0.487953 -0.002351 -11.739241 0.022196 0.173692 -0.002351 -11.733797 0.414244 0.834926 -0.002351 -12.095927 0.624827 1.216556 -0.002351  
 10 11 16  -12.694120 -0.628646 -0.924574 -0.002351 -12.650099 -0.370133 -0.485455 -0.002351 -12.652870 0.022216 0.172272 -0.002351 -12.646025 0.414536 0.829913 -0.002351 -12.908885 0.638704 1.226826 -0.002351  
 11 12 17  -12.231689 -0.626831 -0.920431 -0.002351 -12.165960 -0.371189 -0.485430 -0.002351 -12.168681 0.022802 0.172233 -0.002351 -12.161928 0.416711 0.829873 -0.002351 -12.472878 0.634968 1.218106 -0.002351  
 12 13 18  -11.368359 -0.617613 -0.915318 -0.002351 -11.248724 -0.371178 -0.487927 -0.002351 -11.251447 0.022778 0.173647 -0.002351 -11.253331 0.415001 0.833411 -0.002351 -11.666559 0.620590 1.206014 -0.002351  
 13 5 6  0.000000 -1.367462 -0.000000 -0.000407 0.000000 -0.812658 -0.000000 -0.000407 0.000000 -0.000212 0.000000 -0.000407 0.000000 0.812233 0.000000 -0.000407 0.000000 1.367037 0.000000 -0.000407  
 14 6 7  0.000000 0.141091 -0.000000 0.000600 0.000000 0.083798 -0.000000 0.000600 0.000000 -0.000100 0.000000 0.000600 0.000000 -0.083998 0.000000 0.000600 0.000000 -0.141291 0.000000 0.000600  
 15 7 8  0.000000 -1.367014 0.000000 -0.000428 0.000000 -0.812220 0.000000 -0.000428 0.000000 0.000212 0.000000 -0.000428 0.000000 0.812644 -0.000000 -0.000428 0.000000 1.367439 -0.000000 -0.000428  
 16 8 5  0.000000 0.141268 0.000000 0.000612 0.000000 0.083985 0.000000 0.000612 0.000000 0.000100 0.000000 0.000612 0.000000 -0.083785 -0.000000 0.000612 0.000000 -0.141068 -0.000000 0.000612  
 17 10 11  0.000000 -1.857044 0.000000 -0.003401 0.000000 -1.103368 0.000000 -0.003401 0.000000 0.000303 0.000000 -0.003401 0.000000 1.103974 -0.000000 -0.003401 0.000000 1.857651 -0.000000 -0.003401  
 18 11 12  0.000000 0.742555 -0.000000 0.002028 0.000000 0.441293 -0.000000 0.002028 0.000000 0.000129 0.000000 0.002028 0.000000 -0.441034 0.000000 0.002028 0.000000 -0.742297 0.000000 0.002028  
 19 12 13  0.000000 -1.857619 -0.000000 -0.003758 0.000000 -1.103956 -0.000000 -0.003758 0.000000 -0.000303 0.000000 -0.003758 0.000000 1.103350 0.000000 -0.003758 0.000000 1.857013 0.000000 -0.003758  
 20 13 10  0.000000 0.742265 0.000000 0.002593 0.000000 0.441016 0.000000 0.002593 0.000000 -0.000129 0.000000 0.002593 0.000000 -0.441274 -0.000000 0.002593 0.000000 -0.742524 -0.000000 0.002593  
 21 15 16  0.000000 -1.235816 0.000000 -0.003957 0.000000 -0.733860 0.000000 -0.003957 0.000000 0.001197 0.000000 -0.003957 0.000000 0.736254 -0.000000 -0.003957 0.000000 1.238210 -0.000000 -0.003957  
 22 16 17  0.000000 0.657635 -0.000000 0.002320 0.000000 0.390978 -0.000000 0.002320 0.000000 0.000488 0.000000 0.002320 0.000000 -0.390001 0.000000 0.002320 0.000000 -0.656658 0.000000 0.002320  
 23 17 18  0.000000 -1.238134 -0.000000 -0.004602 0.000000 -0.736208 -0.000000 -0.004602 0.000000 -0.001197 0.000000 -0.004602 0.000000 0.733814 0.000000 -0.004602 0.000000 1.235740 0.000000 -0.004602  
 24 18 15  0.000000 0.656582 0.000000 0.003309 0.000000 0.389955 0.000000 0.003309 0.000000 -0.000488 0.000000 0.003309 0.000000 -0.390932 -0.000000 0.003309 0.000000 -0.657559 -0.000000 0.003309  
