 1 1 5  -33.545163 -0.786109 -2.906682 -0.000781 -33.548786 -0.520040 -2.056871 -0.000781 -33.584715 -0.122981 -0.804060 -0.000781 -33.586535 0.273627 0.450035 -0.000781 -33.565376 0.544857 1.305780 -0.000781  
 2 2 6  -37.947337 -0.791402 -2.910764 -0.000781 -37.978304 -0.520390 -2.055360 -0.000781 -38.015036 -0.123274 -0.802683 -0.000781 -38.018436 0.273948 0.449617 -0.000781 -37.995746 0.545159 1.305038 -0.000781  
 3 3 7  -38.381765 -0.791991 -2.909694 -0.000781 -38.412511 -0.521021 -2.054465 -0.000781 -38.448448 -0.124005 -0.802113 -0.000781 -38.451276 0.274009 0.449074 -0.000781 -38.429741 0.545210 1.304213 -0.000781  
 4 4 8  -33.970592 -0.788245 -2.907485 -0.000781 -33.983224 -0.520662 -2.055924 -0.000781 -34.019319 -0.123713 -0.803400 -0.000781 -34.022049 0.273637 0.449446 -0.000781 -33.999900 0.544878 1.304907 -0.000781  
 5 5 10  -22.405082 0.137863 -1.380553 0.000159 -22.415208 0.181617 -0.760439 0.000159 -22.423469 0.245489 0.148130 0.000159 -22.412573 0.309474 1.056467 0.000159 -22.401675 0.353124 1.676563 0.000159  
 6 6 11  -24.823329 0.137634 -1.380214 0.000159 -24.833568 0.181457 -0.760117 0.000159 -24.842818 0.245549 0.147832 0.000159 -24.830639 0.309535 1.055906 0.000159 -24.819499 0.353226 1.676009 0.000159  
 7 7 12  -25.577111 0.137693 -1.379999 0.000159 -25.587248 0.181475 -0.759949 0.000159 -25.595528 0.245735 0.147673 0.000159 -25.583843 0.309770 1.055584 0.000159 -25.572725 0.353417 1.675645 0.000159  
 8 8 13  -23.158358 0.137926 -1.380326 0.000159 -23.168432 0.181644 -0.760257 0.000159 -23.177313 0.245656 0.147984 0.000159 -23.165415 0.309708 1.056127 0.000159 -23.154480 0.353313 1.676186 0.000159  
 9 10 15  -11.347135 0.754961 -0.538123 0.001181 -11.337084 0.475395 -0.195118 0.001181 -11.339886 0.061346 0.311944 0.001181 -11.333000 -0.352728 0.818875 0.001181 -11.599256 -0.591459 1.112499 0.001181  
 10 11 16  -12.151291 0.757988 -0.538752 0.001181 -12.156500 0.475381 -0.194083 0.001181 -12.159300 0.061354 0.310868 0.001181 -12.152398 -0.352693 0.815763 0.001181 -12.342316 -0.602361 1.122123 0.001181  
 11 12 17  -12.607839 0.757039 -0.538851 0.001181 -12.613702 0.474880 -0.194059 0.001181 -12.616354 0.061787 0.310817 0.001181 -12.609634 -0.351354 0.815723 0.001181 -12.766198 -0.605520 1.128430 0.001181  
 12 13 18  -11.797311 0.755713 -0.539936 0.001181 -11.796521 0.474894 -0.195093 0.001181 -11.799235 0.061781 0.311891 0.001181 -11.792452 -0.351390 0.818834 0.001181 -12.014914 -0.595853 1.120439 0.001181  
 13 5 6  0.000000 -2.774131 -0.000000 -0.000791 0.000000 -1.648485 -0.000000 -0.000791 0.000000 -0.000107 0.000000 -0.000791 0.000000 1.648272 0.000000 -0.000791 0.000000 2.773918 0.000000 -0.000791  
 14 6 7  0.000000 0.441269 0.000000 0.000578 0.000000 0.262174 0.000000 0.000578 0.000000 -0.000091 0.000000 0.000578 0.000000 -0.262355 -0.000000 0.000578 0.000000 -0.441451 -0.000000 0.000578  
 15 7 8  0.000000 -2.773908 0.000000 -0.000659 0.000000 -1.648266 0.000000 -0.000659 0.000000 0.000107 0.000000 -0.000659 0.000000 1.648479 -0.000000 -0.000659 0.000000 2.774121 -0.000000 -0.000659  
 16 8 5  0.000000 0.441441 -0.000000 0.000415 0.000000 0.262350 -0.000000 0.000415 0.000000 0.000091 0.000000 0.000415 0.000000 -0.262168 0.000000 0.000415 0.000000 -0.441260 0.000000 0.000415  
 17 10 11  0.000000 -2.223288 0.000000 0.001696 0.000000 -1.321099 0.000000 0.001696 0.000000 0.000053 0.000000 0.001696 0.000000 1.321205 -0.000000 0.001696 0.000000 2.223394 -0.000000 0.001696  
 18 11 12  0.000000 -0.414425 -0.000000 -0.000434 0.000000 -0.246244 -0.000000 -0.000434 0.000000 0.000036 0.000000 -0.000434 0.000000 0.246317 0.000000 -0.000434 0.000000 0.414497 0.000000 -0.000434  
 19 12 13  0.000000 -2.223375 -0.000000 0.001191 0.000000 -1.321193 -0.000000 0.001191 0.000000 -0.000053 0.000000 0.001191 0.000000 1.321087 0.000000 0.001191 0.000000 2.223269 0.000000 0.001191  
 20 13 10  0.000000 -0.414517 0.000000 -0.000968 0.000000 -0.246329 0.000000 -0.000968 0.000000 -0.000036 0.000000 -0.000968 0.000000 0.246256 -0.000000 -0.000968 0.000000 0.414444 -0.000000 -0.000968  
 21 15 16  0.000000 -1.115923 -0.000000 0.002692 0.000000 -0.662813 -0.000000 0.002692 0.000000 0.000714 0.000000 0.002692 0.000000 0.664241 0.000000 0.002692 0.000000 1.117351 0.000000 0.002692  
 22 16 17  0.000000 -0.625491 -0.000000 -0.001374 0.000000 -0.371555 -0.000000 -0.001374 0.000000 0.000304 0.000000 -0.001374 0.000000 0.372163 0.000000 -0.001374 0.000000 0.626099 0.000000 -0.001374  
 23 17 18  0.000000 -1.117359 0.000000 0.002247 0.000000 -0.664245 0.000000 0.002247 0.000000 -0.000714 0.000000 0.002247 0.000000 0.662818 -0.000000 0.002247 0.000000 1.115931 -0.000000 0.002247  
 24 18 15  0.000000 -0.626091 0.000000 -0.001907 0.000000 -0.372159 0.000000 -0.001907 0.000000 -0.000304 0.000000 -0.001907 0.000000 0.371551 -0.000000 -0.001907 0.000000 0.625483 -0.000000 -0.001907  
