 1 1 5  -48.983644 7.638665 -11.070157 0.512017 -33.791074 5.056412 -7.645908 0.512017 -11.003922 1.239253 -2.567425 0.512017 -13.789139 -2.601900 2.650610 0.512017 -29.312833 -5.182344 6.131943 0.512017  
 2 2 6  -65.509391 8.346768 -11.949830 0.512017 -51.350425 5.722461 -8.730649 0.512017 -31.848361 1.688091 -3.913401 0.512017 -33.030322 -3.598149 2.977957 0.512017 -45.927350 -6.091455 6.503871 0.512017  
 3 3 7  -70.387611 8.420638 -12.318589 0.512017 -56.559377 5.812301 -9.092473 0.512017 -38.425233 1.815128 -4.123307 0.512017 -39.294638 -3.696499 3.177739 0.512017 -51.038989 -6.187626 6.809418 0.512017  
 4 4 8  -54.493360 7.749941 -11.516352 0.512017 -39.431072 5.187714 -8.090315 0.512017 -16.954708 1.401110 -3.000038 0.512017 -19.503257 -2.828867 2.983632 0.512017 -34.767150 -5.327851 6.522809 0.512017  
 5 5 10  -30.515414 1.043765 -7.828154 0.060641 -17.008358 0.233548 -4.324384 0.060641 -5.176772 -0.961809 0.923840 0.060641 -24.759888 -2.110945 6.109885 0.060641 -38.248608 -2.916362 9.603392 0.060641  
 6 6 11  -36.382668 1.122651 -7.801645 0.060641 -24.100769 0.264056 -4.551224 0.060641 -15.896952 -1.356427 1.453741 0.060641 -32.443124 -2.287627 6.508991 0.060641 -44.845920 -3.076180 9.754523 0.060641  
 7 7 12  -37.026045 1.038364 -7.857989 0.060641 -24.803558 0.193659 -4.605931 0.060641 -16.814146 -1.409887 1.469862 0.060641 -33.110789 -2.280389 6.563969 0.060641 -45.479604 -3.044492 9.811356 0.060641  
 8 8 13  -31.178650 0.960950 -7.891250 0.060641 -17.676731 0.168884 -4.384708 0.060641 -5.908002 -1.024355 0.956632 0.060641 -25.412246 -2.104696 6.168196 0.060641 -38.892889 -2.885948 9.665181 0.060641  
 9 10 15  -10.848041 -1.502870 0.674842 -0.007442 -10.773611 -1.107990 1.078214 -0.007442 -11.106975 -0.462927 1.603351 -0.007442 -12.070969 0.099228 1.985203 -0.007442 -12.840724 0.440712 2.205837 -0.007442  
 10 11 16  -12.600224 -1.527112 1.011907 -0.007442 -12.586553 -1.115841 1.344055 -0.007442 -12.726948 -0.475198 1.757720 -0.007442 -13.344875 0.097667 2.047930 -0.007442 -13.848439 0.455901 2.206537 -0.007442  
 11 12 17  -12.204417 -1.506855 1.001799 -0.007442 -12.185093 -1.099458 1.331249 -0.007442 -12.345410 -0.465342 1.738998 -0.007442 -12.991719 0.102851 2.027848 -0.007442 -13.505781 0.454921 2.186060 -0.007442  
 12 13 18  -10.427113 -1.477764 0.666816 -0.007442 -10.331511 -1.089450 1.065461 -0.007442 -10.695986 -0.452570 1.581542 -0.007442 -11.689681 0.102991 1.962130 -0.007442 -12.478251 0.439934 2.181894 -0.007442  
 13 5 6  0.000000 -14.474401 0.000000 0.557950 0.000000 -8.530068 0.000000 0.557950 0.000000 0.174717 0.000000 0.557950 0.000000 8.879501 -0.000000 0.557950 0.000000 14.823835 -0.000000 0.557950  
 14 6 7  0.000000 -6.954160 -0.000000 -0.189786 0.000000 -4.122921 -0.000000 -0.189786 0.000000 0.023099 0.000000 -0.189786 0.000000 4.169119 0.000000 -0.189786 0.000000 7.000358 0.000000 -0.189786  
 15 7 8  0.000000 -14.844556 -0.000000 0.503896 0.000000 -8.891815 -0.000000 0.503896 0.000000 -0.174717 0.000000 0.503896 0.000000 8.542381 0.000000 0.503896 0.000000 14.495123 0.000000 0.503896  
 16 8 5  0.000000 -6.979637 0.000000 -0.234189 0.000000 -4.156806 0.000000 -0.234189 0.000000 -0.023099 0.000000 -0.234189 0.000000 4.110608 -0.000000 -0.234189 0.000000 6.933439 -0.000000 -0.234189  
 17 10 11  0.000000 -8.965927 0.000000 0.134098 0.000000 -5.299174 0.000000 0.134098 0.000000 0.070359 0.000000 0.134098 0.000000 5.439892 -0.000000 0.134098 0.000000 9.106645 -0.000000 0.134098  
 18 11 12  0.000000 -1.534049 -0.000000 -0.035291 0.000000 -0.912584 -0.000000 -0.035291 0.000000 -0.002520 0.000000 -0.035291 0.000000 0.907544 0.000000 -0.035291 0.000000 1.529009 0.000000 -0.035291  
 19 12 13  0.000000 -9.128071 -0.000000 0.129746 0.000000 -5.452624 -0.000000 0.129746 0.000000 -0.070359 0.000000 0.129746 0.000000 5.311906 0.000000 0.129746 0.000000 8.987353 0.000000 0.129746  
 20 13 10  0.000000 -1.507584 0.000000 -0.040289 0.000000 -0.894812 0.000000 -0.040289 0.000000 0.002520 0.000000 -0.040289 0.000000 0.899852 -0.000000 -0.040289 0.000000 1.512623 -0.000000 -0.040289  
 21 15 16  0.000000 -2.129460 0.000000 -0.015648 0.000000 -1.269817 0.000000 -0.015648 0.000000 -0.010970 0.000000 -0.015648 0.000000 1.247877 -0.000000 -0.015648 0.000000 2.107520 -0.000000 -0.015648  
 22 16 17  0.000000 0.531452 0.000000 0.022976 0.000000 0.316184 0.000000 0.022976 0.000000 0.000951 0.000000 0.022976 0.000000 -0.314283 -0.000000 0.022976 0.000000 -0.529550 -0.000000 0.022976  
 23 17 18  0.000000 -2.128345 -0.000000 -0.016629 0.000000 -1.260252 -0.000000 -0.016629 0.000000 0.010970 0.000000 -0.016629 0.000000 1.282192 0.000000 -0.016629 0.000000 2.150285 0.000000 -0.016629  
 24 18 15  0.000000 0.550375 -0.000000 0.025330 0.000000 0.326658 -0.000000 0.025330 0.000000 -0.000951 0.000000 0.025330 0.000000 -0.328559 0.000000 0.025330 0.000000 -0.552276 0.000000 0.025330  
