 1 1 5  -30.710008 2.363999 -0.347040 0.012429 -32.797441 1.608877 -0.366858 0.012429 -34.328746 0.435942 -0.477957 0.012429 -34.240530 -0.769721 -0.630818 0.012429 -33.145534 -1.562354 -0.707056 0.012429  
 2 2 6  -36.142792 2.499804 -0.205202 0.012429 -38.142165 1.691658 -0.266250 0.012429 -39.455467 0.447483 -0.445016 0.012429 -39.394978 -0.793586 -0.628392 0.012429 -38.421955 -1.625401 -0.729652 0.012429  
 3 3 7  -36.006646 2.393094 -0.315107 0.012429 -38.139697 1.605116 -0.338017 0.012429 -39.538731 0.413852 -0.455947 0.012429 -39.460752 -0.794520 -0.610263 0.012429 -38.373136 -1.605763 -0.672203 0.012429  
 4 4 8  -30.652653 2.272828 -0.443156 0.012429 -32.806111 1.526002 -0.439055 0.012429 -34.366098 0.402287 -0.490791 0.012429 -34.266100 -0.771644 -0.610927 0.012429 -33.168766 -1.545631 -0.651914 0.012429  
 5 5 10  -22.126185 -0.167701 -2.211787 -0.002359 -22.634061 -0.343395 -1.539892 -0.002359 -22.956281 -0.562793 -0.493338 -0.002359 -22.435568 -0.775186 0.563309 -0.002359 -21.512680 -0.907096 1.298065 -0.002359  
 6 6 11  -26.040137 -0.177697 -2.269723 -0.002359 -26.752017 -0.330733 -1.549634 -0.002359 -27.045167 -0.563427 -0.512438 -0.002359 -26.582859 -0.795342 0.525149 -0.002359 -25.679930 -0.934101 1.262095 -0.002359  
 7 7 12  -24.997065 -0.148703 -2.278308 -0.002359 -25.680915 -0.320973 -1.562626 -0.002359 -25.992372 -0.551037 -0.512449 -0.002359 -25.508679 -0.776466 0.542647 -0.002359 -24.566894 -0.923386 1.289543 -0.002359  
 8 8 13  -21.179495 -0.141722 -2.207958 -0.002359 -21.549942 -0.333589 -1.553233 -0.002359 -21.873385 -0.550610 -0.493020 -0.002359 -21.342525 -0.756719 0.581390 -0.002359 -20.431297 -0.895700 1.325066 -0.002359  
 9 10 15  -13.290598 -1.244864 -1.891227 -0.014454 -11.104283 -0.906625 -1.170764 -0.014454 -10.165662 -0.167813 0.266266 -0.014454 -11.501963 0.564707 1.587958 -0.014454 -13.839434 0.941858 2.247139 -0.014454  
 10 11 16  -14.745547 -1.297792 -1.916048 -0.014454 -12.846781 -0.953083 -1.191612 -0.014454 -12.266006 -0.168347 0.248463 -0.014454 -13.056254 0.596794 1.611418 -0.014454 -15.128749 0.975034 2.268998 -0.014454  
 11 12 17  -14.099041 -1.286775 -1.885681 -0.014454 -12.101213 -0.941645 -1.172637 -0.014454 -11.391454 -0.164875 0.248922 -0.014454 -12.364507 0.595317 1.584500 -0.014454 -14.512400 0.975909 2.234022 -0.014454  
 12 13 18  -12.651523 -1.232291 -1.858358 -0.014454 -10.372331 -0.892258 -1.146191 -0.014454 -9.258884 -0.164369 0.266700 -0.014454 -10.825678 0.563734 1.554553 -0.014454 -13.232183 0.939993 2.209770 -0.014454  
 13 5 6  0.000000 -1.583509 0.000000 0.045110 0.000000 -0.943868 0.000000 0.045110 0.000000 -0.007188 0.000000 0.045110 0.000000 0.929492 -0.000000 0.045110 0.000000 1.569133 -0.000000 0.045110  
 14 6 7  0.000000 -1.505014 0.000000 -0.042858 0.000000 -0.897034 0.000000 -0.042858 0.000000 -0.006719 0.000000 -0.042858 0.000000 0.883596 -0.000000 -0.042858 0.000000 1.491576 -0.000000 -0.042858  
 15 7 8  0.000000 -1.569908 -0.000000 0.043021 0.000000 -0.929953 -0.000000 0.043021 0.000000 0.007188 0.000000 0.043021 0.000000 0.944328 0.000000 0.043021 0.000000 1.584284 0.000000 0.043021  
 16 8 5  0.000000 -1.490801 -0.000000 -0.038584 0.000000 -0.883136 -0.000000 -0.038584 0.000000 0.006719 0.000000 -0.038584 0.000000 0.896574 0.000000 -0.038584 0.000000 1.504239 0.000000 -0.038584  
 17 10 11  0.000000 -3.292025 0.000000 -0.020047 0.000000 -1.954328 0.000000 -0.020047 0.000000 0.004573 0.000000 -0.020047 0.000000 1.963475 -0.000000 -0.020047 0.000000 3.301172 -0.000000 -0.020047  
 18 11 12  0.000000 0.451164 -0.000000 0.005179 0.000000 0.268399 -0.000000 0.005179 0.000000 0.000761 0.000000 0.005179 0.000000 -0.266877 0.000000 0.005179 0.000000 -0.449642 0.000000 0.005179  
 19 12 13  0.000000 -3.301707 -0.000000 -0.021248 0.000000 -1.963793 -0.000000 -0.021248 0.000000 -0.004573 0.000000 -0.021248 0.000000 1.954646 0.000000 -0.021248 0.000000 3.292560 0.000000 -0.021248  
 20 13 10  0.000000 0.450177 0.000000 0.009307 0.000000 0.267195 0.000000 0.009307 0.000000 -0.000761 0.000000 0.009307 0.000000 -0.268717 -0.000000 0.009307 0.000000 -0.451698 -0.000000 0.009307  
 21 15 16  0.000000 -2.348392 0.000000 -0.026177 0.000000 -1.389251 0.000000 -0.026177 0.000000 0.015300 0.000000 -0.026177 0.000000 1.419850 -0.000000 -0.026177 0.000000 2.378992 -0.000000 -0.026177  
 22 16 17  0.000000 1.027414 -0.000000 0.020646 0.000000 0.611382 -0.000000 0.020646 0.000000 0.002151 0.000000 0.020646 0.000000 -0.607079 0.000000 0.020646 0.000000 -1.023111 0.000000 0.020646  
 23 17 18  0.000000 -2.379164 -0.000000 -0.027000 0.000000 -1.419953 -0.000000 -0.027000 0.000000 -0.015300 0.000000 -0.027000 0.000000 1.389353 0.000000 -0.027000 0.000000 2.348564 0.000000 -0.027000  
 24 18 15  0.000000 1.023283 0.000000 0.023873 0.000000 0.607181 0.000000 0.023873 0.000000 -0.002151 0.000000 0.023873 0.000000 -0.611484 -0.000000 0.023873 0.000000 -1.027586 -0.000000 0.023873  
