 1 1 5  -37.337762 0.812034 1.204438 0.000346 -37.372837 0.484231 0.842540 0.000346 -37.413584 0.004410 0.312593 0.000346 -37.415376 -0.475834 -0.216317 0.000346 -37.391785 -0.803650 -0.578020 0.000346  
 2 2 6  -35.902805 0.811714 1.205917 0.000346 -35.938076 0.483959 0.844008 0.000346 -35.979470 0.004160 0.314026 0.000346 -35.981730 -0.475596 -0.216426 0.000346 -35.957169 -0.803412 -0.578520 0.000346  
 3 3 7  -34.551820 0.810957 1.206620 0.000346 -34.586991 0.483205 0.844596 0.000346 -34.628105 0.003420 0.314446 0.000346 -34.630837 -0.475663 -0.216885 0.000346 -34.606008 -0.803210 -0.579014 0.000346  
 4 4 8  -35.986286 0.811235 1.205137 0.000346 -36.021309 0.483431 0.843128 0.000346 -36.062432 0.003579 0.313000 0.000346 -36.065434 -0.475777 -0.216539 0.000346 -36.040221 -0.803396 -0.578512 0.000346  
 5 5 10  -25.001432 -0.802349 0.467750 0.000076 -25.011855 -0.599957 0.231281 0.000076 -25.020435 -0.303813 -0.114696 0.000076 -25.007916 -0.007478 -0.460658 0.000076 -24.995582 0.194931 -0.697056 0.000076  
 6 6 11  -24.353570 -0.802546 0.467554 0.000076 -24.364150 -0.600098 0.231276 0.000076 -24.373082 -0.303761 -0.114836 0.000076 -24.360055 -0.007426 -0.460808 0.000076 -24.347664 0.195013 -0.696960 0.000076  
 7 7 12  -22.981233 -0.802493 0.467706 0.000076 -22.991757 -0.600161 0.231384 0.000076 -23.000311 -0.303783 -0.114965 0.000076 -22.987010 -0.007364 -0.461017 0.000076 -22.974655 0.194959 -0.697214 0.000076  
 8 8 13  -23.628879 -0.802298 0.467905 0.000076 -23.639337 -0.600020 0.231391 0.000076 -23.648259 -0.303775 -0.114658 0.000076 -23.634718 -0.007402 -0.460863 0.000076 -23.622397 0.194887 -0.697300 0.000076  
 9 10 15  -12.391121 -0.795695 -0.024323 -0.000008 -12.397778 -0.456436 -0.066507 -0.000008 -12.401389 0.040402 -0.128267 -0.000008 -12.394085 0.537258 -0.190136 -0.000008 -12.386172 0.876532 -0.232392 -0.000008  
 10 11 16  -12.231627 -0.795718 -0.024365 -0.000008 -12.238282 -0.456455 -0.066506 -0.000008 -12.241841 0.040413 -0.128315 -0.000008 -12.234514 0.537281 -0.190195 -0.000008 -12.226582 0.876558 -0.232402 -0.000008  
 11 12 17  -11.599725 -0.795717 -0.024350 -0.000008 -11.606380 -0.456473 -0.066508 -0.000008 -11.609707 0.040435 -0.128351 -0.000008 -11.602539 0.537310 -0.190218 -0.000008 -11.594642 0.876560 -0.232430 -0.000008  
 12 13 18  -11.759228 -0.795691 -0.024309 -0.000008 -11.765897 -0.456452 -0.066504 -0.000008 -11.769328 0.040426 -0.128301 -0.000008 -11.762115 0.537287 -0.190159 -0.000008 -11.754231 0.876534 -0.232420 -0.000008  
 13 5 6  0.000000 1.086197 -0.000000 -0.000229 0.000000 0.645374 -0.000000 -0.000229 0.000000 -0.000160 0.000000 -0.000229 0.000000 -0.645694 0.000000 -0.000229 0.000000 -1.086518 0.000000 -0.000229  
 14 6 7  0.000000 -0.029927 -0.000000 0.000390 0.000000 -0.017816 -0.000000 0.000390 0.000000 -0.000081 0.000000 0.000390 0.000000 0.017655 0.000000 0.000390 0.000000 0.029766 0.000000 0.000390  
 15 7 8  0.000000 1.086531 0.000000 -0.000190 0.000000 0.645703 0.000000 -0.000190 0.000000 0.000160 0.000000 -0.000190 0.000000 -0.645382 -0.000000 -0.000190 0.000000 -1.086211 -0.000000 -0.000190  
 16 8 5  0.000000 -0.029779 0.000000 0.000340 0.000000 -0.017663 0.000000 0.000340 0.000000 0.000081 0.000000 0.000340 0.000000 0.017824 -0.000000 0.000340 0.000000 0.029941 -0.000000 0.000340  
 17 10 11  0.000000 0.674122 0.000000 -0.000075 0.000000 0.400565 0.000000 -0.000075 0.000000 -0.000027 0.000000 -0.000075 0.000000 -0.400620 -0.000000 -0.000075 0.000000 -0.674176 -0.000000 -0.000075  
 18 11 12  0.000000 1.022941 0.000000 0.000155 0.000000 0.607845 0.000000 0.000155 0.000000 -0.000015 0.000000 0.000155 0.000000 -0.607875 -0.000000 0.000155 0.000000 -1.022971 -0.000000 0.000155  
 19 12 13  0.000000 0.674196 -0.000000 -0.000062 0.000000 0.400631 -0.000000 -0.000062 0.000000 0.000027 0.000000 -0.000062 0.000000 -0.400576 0.000000 -0.000062 0.000000 -0.674141 0.000000 -0.000062  
 20 13 10  0.000000 1.022951 -0.000000 0.000130 0.000000 0.607863 -0.000000 0.000130 0.000000 0.000015 0.000000 0.000130 0.000000 -0.607833 0.000000 0.000130 0.000000 -1.022921 0.000000 0.000130  
 21 15 16  0.000000 0.220313 -0.000000 -0.000008 0.000000 0.130905 -0.000000 -0.000008 0.000000 -0.000023 0.000000 -0.000008 0.000000 -0.130951 0.000000 -0.000008 0.000000 -0.220360 0.000000 -0.000008  
 22 16 17  0.000000 0.872766 -0.000000 0.000009 0.000000 0.518609 -0.000000 0.000009 0.000000 -0.000014 0.000000 0.000009 0.000000 -0.518636 0.000000 0.000009 0.000000 -0.872794 0.000000 0.000009  
 23 17 18  0.000000 0.220379 0.000000 -0.000008 0.000000 0.130963 0.000000 -0.000008 0.000000 0.000023 0.000000 -0.000008 0.000000 -0.130916 -0.000000 -0.000008 0.000000 -0.220333 -0.000000 -0.000008  
 24 18 15  0.000000 0.872774 0.000000 0.000009 0.000000 0.518625 0.000000 0.000009 0.000000 0.000014 0.000000 0.000009 0.000000 -0.518597 -0.000000 0.000009 0.000000 -0.872747 -0.000000 0.000009  
