 1 1 5  -32.926334 2.154503 -2.287176 -0.004641 -32.595928 1.596454 -1.629757 -0.004641 -32.636704 0.679861 -0.565983 -0.004641 -32.638590 -0.237142 0.498816 -0.004641 -32.615000 -0.863227 1.225432 -0.004641  
 2 2 6  -34.981457 2.176785 -2.308228 -0.004641 -34.779206 1.596198 -1.628020 -0.004641 -34.820638 0.679628 -0.565005 -0.004641 -34.822908 -0.236905 0.497540 -0.004641 -34.798343 -0.862988 1.223274 -0.004641  
 3 3 7  -39.348130 2.205853 -2.339081 -0.004641 -39.312156 1.594820 -1.627417 -0.004641 -39.353059 0.679522 -0.564552 -0.004641 -39.356662 -0.234854 0.497090 -0.004641 -39.331893 -0.859790 1.222779 -0.004641  
 4 4 8  -37.239815 2.193036 -2.328014 -0.004641 -37.134918 1.594981 -1.629094 -0.004641 -37.175875 0.679644 -0.565442 -0.004641 -37.180015 -0.234968 0.498573 -0.004641 -37.154838 -0.859968 1.224936 -0.004641  
 5 5 10  -22.201713 1.424913 -0.667834 -0.001510 -22.212601 0.858753 -0.277992 -0.001510 -22.221412 0.029356 0.293199 -0.001510 -22.208887 -0.799896 0.864411 -0.001510 -22.242035 -1.356927 1.245194 -0.001510  
 6 6 11  -22.949937 1.424740 -0.666464 -0.001510 -22.960847 0.858611 -0.276869 -0.001510 -22.970021 0.029407 0.293542 -0.001510 -22.956993 -0.799846 0.864085 -0.001510 -22.975286 -1.359842 1.247653 -0.001510  
 7 7 12  -25.774560 1.420602 -0.666316 -0.001510 -25.785536 0.855976 -0.276773 -0.001510 -25.794692 0.029221 0.293411 -0.001510 -25.781086 -0.797552 0.863851 -0.001510 -25.768118 -1.362159 1.253471 -0.001510  
 8 8 13  -25.027600 1.420764 -0.667659 -0.001510 -25.038687 0.856116 -0.277870 -0.001510 -25.048230 0.029228 0.293237 -0.001510 -25.034144 -0.797554 0.864149 -0.001510 -25.021124 -1.362180 1.253966 -0.001510  
 9 10 15  -11.395546 1.028108 0.315964 0.001012 -11.361296 0.511380 0.285499 0.001012 -11.364927 -0.257626 0.230405 0.001012 -11.360123 -1.025954 0.174662 0.001012 -11.825774 -1.454969 0.117751 0.001012  
 10 11 16  -11.473791 1.028745 0.316377 0.001012 -11.442792 0.511363 0.285428 0.001012 -11.446372 -0.257616 0.230279 0.001012 -11.440721 -1.026107 0.174681 0.001012 -11.893447 -1.457591 0.118012 0.001012  
 11 12 17  -12.544536 1.027941 0.322226 0.001012 -12.547197 0.507782 0.285424 0.001012 -12.550527 -0.255168 0.230238 0.001012 -12.542976 -1.018104 0.175039 0.001012 -12.818328 -1.480469 0.122495 0.001012  
 12 13 18  -12.464677 1.027802 0.322189 0.001012 -12.466522 0.507802 0.285502 0.001012 -12.469885 -0.255166 0.230357 0.001012 -12.462352 -1.018124 0.175174 0.001012 -12.747603 -1.478490 0.122245 0.001012  
 13 5 6  0.000000 -1.963717 0.000000 0.002335 0.000000 -1.166826 0.000000 0.002335 0.000000 0.000129 0.000000 0.002335 0.000000 1.167083 -0.000000 0.002335 0.000000 1.963975 -0.000000 0.002335  
 14 6 7  0.000000 -2.337043 0.000000 -0.003404 0.000000 -1.388536 0.000000 -0.003404 0.000000 0.000441 0.000000 -0.003404 0.000000 1.389419 -0.000000 -0.003404 0.000000 2.337926 -0.000000 -0.003404  
 15 7 8  0.000000 -1.964044 -0.000000 0.001114 0.000000 -1.167125 -0.000000 0.001114 0.000000 -0.000129 0.000000 0.001114 0.000000 1.166867 0.000000 0.001114 0.000000 1.963787 0.000000 0.001114  
 16 8 5  0.000000 -2.337856 -0.000000 -0.004753 0.000000 -1.389378 -0.000000 -0.004753 0.000000 -0.000441 0.000000 -0.004753 0.000000 1.388495 0.000000 -0.004753 0.000000 2.336974 0.000000 -0.004753  
 17 10 11  0.000000 -0.921636 -0.000000 0.000959 0.000000 -0.547675 -0.000000 0.000959 0.000000 -0.000051 0.000000 0.000959 0.000000 0.547572 0.000000 0.000959 0.000000 0.921534 0.000000 0.000959  
 18 11 12  0.000000 -2.405561 -0.000000 -0.000324 0.000000 -1.429268 -0.000000 -0.000324 0.000000 0.000400 0.000000 -0.000324 0.000000 1.430067 0.000000 -0.000324 0.000000 2.406361 0.000000 -0.000324  
 19 12 13  0.000000 -0.921617 0.000000 0.000147 0.000000 -0.547621 0.000000 0.000147 0.000000 0.000051 0.000000 0.000147 0.000000 0.547724 -0.000000 0.000147 0.000000 0.921719 -0.000000 0.000147  
 20 13 10  0.000000 -2.406277 0.000000 -0.000913 0.000000 -1.430018 0.000000 -0.000913 0.000000 -0.000400 0.000000 -0.000913 0.000000 1.429218 -0.000000 -0.000913 0.000000 2.405478 -0.000000 -0.000913  
 21 15 16  0.000000 -0.109480 0.000000 0.000636 0.000000 -0.065054 0.000000 0.000636 0.000000 0.000003 0.000000 0.000636 0.000000 0.065061 -0.000000 0.000636 0.000000 0.109487 -0.000000 0.000636  
 22 16 17  0.000000 -1.487508 -0.000000 -0.000447 0.000000 -0.883109 -0.000000 -0.000447 0.000000 0.001963 0.000000 -0.000447 0.000000 0.887035 0.000000 -0.000447 0.000000 1.491435 0.000000 -0.000447  
 23 17 18  0.000000 -0.109580 -0.000000 0.000391 0.000000 -0.065116 -0.000000 0.000391 0.000000 -0.000003 0.000000 0.000391 0.000000 0.065109 0.000000 0.000391 0.000000 0.109573 0.000000 0.000391  
 24 18 15  0.000000 -1.491342 0.000000 -0.000458 0.000000 -0.886980 0.000000 -0.000458 0.000000 -0.001963 0.000000 -0.000458 0.000000 0.883054 -0.000000 -0.000458 0.000000 1.487415 -0.000000 -0.000458  
