 1 1 5  -47.780480 -0.118793 7.569428 -0.033136 -43.486871 -0.145232 5.874904 -0.033136 -41.232556 -0.359453 2.358797 -0.033136 -41.104179 -0.617839 -1.986898 -0.033136 -41.122082 -0.645252 -4.676520 -0.033136  
 2 2 6  -38.580393 -0.058707 7.095059 -0.033136 -33.072229 -0.093746 5.380289 -0.033136 -26.783006 -0.354169 2.306608 -0.033136 -26.665715 -0.629722 -2.220598 -0.033136 -30.138524 -0.598550 -4.422639 -0.033136  
 3 3 7  -37.901640 -0.135551 7.013251 -0.033136 -32.511502 -0.157585 5.324288 -0.033136 -26.252915 -0.389787 2.299293 -0.033136 -26.137497 -0.632896 -2.207955 -0.033136 -29.572611 -0.584139 -4.368367 -0.033136  
 4 4 8  -47.158612 -0.189238 7.498641 -0.033136 -42.920237 -0.210318 5.821889 -0.033136 -40.695592 -0.398636 2.350809 -0.033136 -40.551587 -0.623228 -1.971029 -0.033136 -40.573583 -0.634652 -4.634116 -0.033136  
 5 5 10  -28.083289 -1.973470 3.386584 0.203511 -26.176779 -1.279198 2.077197 0.203511 -26.351270 0.228304 -0.537697 0.203511 -27.135899 1.569300 -2.919927 0.203511 -29.879788 2.235789 -4.064848 0.203511  
 6 6 11  -22.704321 -1.783470 3.371500 0.203511 -19.264101 -1.136532 2.150013 0.203511 -18.400296 0.227793 -0.500771 0.203511 -20.966264 1.399651 -2.819700 0.203511 -24.773550 2.058496 -3.965597 0.203511  
 7 7 12  -22.981531 -1.777381 3.381708 0.203511 -19.661705 -1.136078 2.156537 0.203511 -18.898054 0.240191 -0.500031 0.203511 -21.338610 1.424081 -2.828885 0.203511 -25.065420 2.076126 -3.974574 0.203511  
 8 8 13  -28.407410 -1.965185 3.390142 0.203511 -26.586465 -1.273167 2.075246 0.203511 -26.798989 0.239800 -0.536479 0.203511 -27.522426 1.594871 -2.918317 0.203511 -30.197195 2.251908 -4.068862 0.203511  
 9 10 15  -14.169180 1.755544 1.744437 -0.042908 -11.765458 1.355074 0.862065 -0.042908 -10.773161 0.433329 -0.851815 -0.042908 -13.532808 -0.495364 -2.171598 -0.042908 -16.309530 -0.995677 -2.912333 -0.042908  
 10 11 16  -12.341785 1.640623 1.797940 -0.042908 -9.491862 1.243265 0.899808 -0.042908 -7.916129 0.401548 -0.803238 -0.042908 -11.642708 -0.467593 -2.105639 -0.042908 -14.726325 -0.952678 -2.893928 -0.042908  
 11 12 17  -13.016001 1.661729 1.833037 -0.042908 -10.246724 1.269880 0.924869 -0.042908 -8.815232 0.416817 -0.820774 -0.042908 -12.318871 -0.467061 -2.152002 -0.042908 -15.369398 -0.952244 -2.941413 -0.042908  
 12 13 18  -14.845234 1.774363 1.774399 -0.042908 -12.528016 1.374621 0.882605 -0.042908 -11.679953 0.440038 -0.856950 -0.042908 -14.203431 -0.492543 -2.212622 -0.042908 -16.935331 -0.993548 -2.956172 -0.042908  
 13 5 6  0.000000 8.080997 -0.000000 0.119158 0.000000 4.822854 -0.000000 0.119158 0.000000 0.051681 0.000000 0.119158 0.000000 -4.719491 0.000000 0.119158 0.000000 -7.977634 0.000000 0.119158  
 14 6 7  0.000000 1.307609 0.000000 -0.020941 0.000000 0.773922 0.000000 -0.020941 0.000000 -0.007600 0.000000 -0.020941 0.000000 -0.789122 -0.000000 -0.020941 0.000000 -1.322809 -0.000000 -0.020941  
 15 7 8  0.000000 7.976920 0.000000 0.114387 0.000000 4.719066 0.000000 0.114387 0.000000 -0.051681 0.000000 0.114387 0.000000 -4.822429 -0.000000 0.114387 0.000000 -8.080283 -0.000000 0.114387  
 16 8 5  0.000000 1.323524 -0.000000 -0.023248 0.000000 0.789547 -0.000000 -0.023248 0.000000 0.007600 0.000000 -0.023248 0.000000 -0.774347 0.000000 -0.023248 0.000000 -1.308323 0.000000 -0.023248  
 17 10 11  0.000000 6.133104 0.000000 0.050725 0.000000 3.655438 0.000000 0.050725 0.000000 0.027184 0.000000 0.050725 0.000000 -3.601070 -0.000000 0.050725 0.000000 -6.078736 -0.000000 0.050725  
 18 11 12  0.000000 0.499291 0.000000 0.027685 0.000000 0.296956 0.000000 0.027685 0.000000 0.000660 0.000000 0.027685 0.000000 -0.295636 -0.000000 0.027685 0.000000 -0.497971 -0.000000 0.027685  
 19 12 13  0.000000 6.078570 -0.000000 0.054260 0.000000 3.600971 -0.000000 0.054260 0.000000 -0.027184 0.000000 0.054260 0.000000 -3.655340 0.000000 0.054260 0.000000 -6.132939 0.000000 0.054260  
 20 13 10  0.000000 0.498137 -0.000000 0.020297 0.000000 0.295735 -0.000000 0.020297 0.000000 -0.000660 0.000000 0.020297 0.000000 -0.297054 0.000000 0.020297 0.000000 -0.499456 0.000000 0.020297  
 21 15 16  0.000000 3.077508 0.000000 -0.033240 0.000000 1.837167 0.000000 -0.033240 0.000000 0.020833 0.000000 -0.033240 0.000000 -1.795502 -0.000000 -0.033240 0.000000 -3.035843 -0.000000 -0.033240  
 22 16 17  0.000000 -1.040587 0.000000 0.032547 0.000000 -0.617784 0.000000 0.032547 0.000000 0.001362 0.000000 0.032547 0.000000 0.620508 -0.000000 0.032547 0.000000 1.043311 -0.000000 0.032547  
 23 17 18  0.000000 3.036447 -0.000000 -0.032614 0.000000 1.795861 -0.000000 -0.032614 0.000000 -0.020833 0.000000 -0.032614 0.000000 -1.837526 0.000000 -0.032614 0.000000 -3.078112 0.000000 -0.032614  
 24 18 15  0.000000 -1.043915 -0.000000 0.027454 0.000000 -0.620867 -0.000000 0.027454 0.000000 -0.001362 0.000000 0.027454 0.000000 0.618143 0.000000 0.027454 0.000000 1.041191 0.000000 0.027454  
