 1 1 5  -41.176687 -2.435173 3.311504 0.003861 -40.618388 -1.802905 2.411529 0.003861 -40.676699 -0.717159 0.923228 0.003861 -40.680409 0.367757 -0.563001 0.003861 -40.648741 1.108915 -1.579086 0.003861  
 2 2 6  -36.298465 -2.361835 3.234889 0.003861 -35.350268 -1.786146 2.397267 0.003861 -35.312907 -0.718288 0.921605 0.003861 -35.320131 0.368406 -0.573798 0.003861 -35.285808 1.110211 -1.594657 0.003861  
 3 3 7  -32.555070 -2.293623 3.150991 0.003861 -31.280889 -1.755206 2.362582 0.003861 -31.049841 -0.717004 0.922926 0.003861 -31.055419 0.375763 -0.574581 0.003861 -31.024698 1.121104 -1.596112 0.003861  
 4 4 8  -37.327511 -2.383145 3.248579 0.003861 -36.462830 -1.793799 2.400976 0.003861 -36.458610 -0.715855 0.924616 0.003861 -36.466945 0.374900 -0.563999 0.003861 -36.433097 1.119576 -1.580728 0.003861  
 5 5 10  -26.642762 -1.326376 1.542637 0.002579 -26.659321 -0.753652 0.861697 0.002579 -26.675451 0.086300 -0.136643 0.002579 -26.655390 0.926545 -1.135303 0.002579 -26.742756 1.479270 -1.795489 0.002579  
 6 6 11  -23.712728 -1.312670 1.545266 0.002579 -23.655082 -0.754180 0.873016 0.002579 -23.673698 0.086355 -0.134979 0.002579 -23.651104 0.927145 -1.143006 0.002579 -23.896403 1.452026 -1.779570 0.002579  
 7 7 12  -21.428621 -1.304787 1.524361 0.002579 -21.254735 -0.762782 0.873645 0.002579 -21.271219 0.084997 -0.135191 0.002579 -21.250584 0.932741 -1.143834 0.002579 -21.685923 1.430652 -1.747101 0.002579  
 8 8 13  -24.307440 -1.329219 1.533094 0.002579 -24.271758 -0.762244 0.862322 0.002579 -24.290081 0.084819 -0.136867 0.002579 -24.267324 0.932134 -1.136162 0.002579 -24.474537 1.468018 -1.774070 0.002579  
 9 10 15  -12.789239 -0.674427 0.884327 0.002083 -12.751850 -0.290654 0.391849 0.002083 -12.756436 0.284827 -0.343427 0.002083 -12.969581 0.819878 -1.036160 0.002083 -13.757108 1.092729 -1.403955 0.002083  
 10 11 16  -11.748332 -0.663892 0.888422 0.002083 -11.650910 -0.290728 0.399740 0.002083 -11.655194 0.284914 -0.346795 0.002083 -11.976603 0.802844 -1.031626 0.002083 -12.867488 1.066318 -1.393120 0.002083  
 11 12 17  -10.942451 -0.664233 0.877276 0.002083 -10.783264 -0.296428 0.399799 0.002083 -10.787538 0.286952 -0.346916 0.002083 -11.214697 0.796676 -1.014175 0.002083 -12.177613 1.058805 -1.367308 0.002083  
 12 13 18  -11.974632 -0.677379 0.876188 0.002083 -11.893591 -0.296359 0.391890 0.002083 -11.897968 0.286862 -0.343551 0.002083 -12.193354 0.816458 -1.021930 0.002083 -13.054726 1.086497 -1.380680 0.002083  
 13 5 6  0.000000 3.187234 -0.000000 0.013691 0.000000 1.894858 -0.000000 0.013691 0.000000 0.002324 0.000000 0.013691 0.000000 -1.890211 0.000000 0.013691 0.000000 -3.182587 0.000000 0.013691  
 14 6 7  0.000000 2.474750 -0.000000 -0.018128 0.000000 1.471225 -0.000000 -0.018128 0.000000 0.001679 0.000000 -0.018128 0.000000 -1.467867 0.000000 -0.018128 0.000000 -2.471392 0.000000 -0.018128  
 15 7 8  0.000000 3.182096 0.000000 0.020238 0.000000 1.889919 0.000000 0.020238 0.000000 -0.002324 0.000000 0.020238 0.000000 -1.894566 -0.000000 0.020238 0.000000 -3.186743 -0.000000 0.020238  
 16 8 5  0.000000 2.471883 0.000000 -0.010490 0.000000 1.468159 0.000000 -0.010490 0.000000 -0.001679 0.000000 -0.010490 0.000000 -1.471516 -0.000000 -0.010490 0.000000 -2.475241 -0.000000 -0.010490  
 17 10 11  0.000000 2.670350 -0.000000 0.013064 0.000000 1.587241 -0.000000 0.013064 0.000000 0.001152 0.000000 0.013064 0.000000 -1.584936 0.000000 0.013064 0.000000 -2.668046 0.000000 0.013064  
 18 11 12  0.000000 2.142814 0.000000 -0.014960 0.000000 1.273651 0.000000 -0.014960 0.000000 0.000863 0.000000 -0.014960 0.000000 -1.271925 -0.000000 -0.014960 0.000000 -2.141088 -0.000000 -0.014960  
 19 12 13  0.000000 2.667412 0.000000 0.017275 0.000000 1.584560 0.000000 0.017275 0.000000 -0.001152 0.000000 0.017275 0.000000 -1.586864 -0.000000 0.017275 0.000000 -2.669716 -0.000000 0.017275  
 20 13 10  0.000000 2.141722 -0.000000 -0.010207 0.000000 1.272302 -0.000000 -0.010207 0.000000 -0.000863 0.000000 -0.010207 0.000000 -1.274028 0.000000 -0.010207 0.000000 -2.143448 0.000000 -0.010207  
 21 15 16  0.000000 1.443353 0.000000 0.011790 0.000000 0.858992 0.000000 0.011790 0.000000 0.003264 0.000000 0.011790 0.000000 -0.852463 -0.000000 0.011790 0.000000 -1.436824 -0.000000 0.011790  
 22 16 17  0.000000 1.126615 0.000000 -0.011847 0.000000 0.670323 0.000000 -0.011847 0.000000 0.002137 0.000000 -0.011847 0.000000 -0.666049 -0.000000 -0.011847 0.000000 -1.122341 -0.000000 -0.011847  
 23 17 18  0.000000 1.436077 -0.000000 0.013198 0.000000 0.852019 -0.000000 0.013198 0.000000 -0.003264 0.000000 0.013198 0.000000 -0.858548 0.000000 0.013198 0.000000 -1.442605 0.000000 0.013198  
 24 18 15  0.000000 1.123088 -0.000000 -0.009975 0.000000 0.666493 -0.000000 -0.009975 0.000000 -0.002137 0.000000 -0.009975 0.000000 -0.670767 0.000000 -0.009975 0.000000 -1.127362 0.000000 -0.009975  
