 1 1 5  -33.752744 1.496658 -1.645645 -0.000051 -33.766124 1.056923 -1.157601 -0.000051 -33.782668 0.412974 -0.442880 -0.000051 -33.784003 -0.231692 0.272174 -0.000051 -33.774699 -0.671655 0.760454 -0.000051  
 2 2 6  -36.089433 1.496235 -1.645242 -0.000051 -36.103029 1.056542 -1.157165 -0.000051 -36.120259 0.412652 -0.442406 -0.000051 -36.122955 -0.231536 0.272300 -0.000051 -36.112010 -0.671293 0.760415 -0.000051  
 3 3 7  -38.203012 1.495679 -1.644832 -0.000051 -38.216633 1.055944 -1.156799 -0.000051 -38.233618 0.411997 -0.442103 -0.000051 -38.235425 -0.231366 0.272078 -0.000051 -38.225580 -0.671098 0.760071 -0.000051  
 4 4 8  -35.865367 1.496080 -1.645273 -0.000051 -35.878859 1.056295 -1.157283 -0.000051 -35.895830 0.412259 -0.442680 -0.000051 -35.898688 -0.231598 0.272150 -0.000051 -35.887873 -0.671417 0.760225 -0.000051  
 5 5 10  -22.839271 0.707100 -0.718563 -0.000015 -22.845137 0.377845 -0.385252 -0.000015 -22.850263 -0.104554 0.102996 -0.000015 -22.844639 -0.586799 0.591224 -0.000015 -22.838833 -0.916010 0.924497 -0.000015  
 6 6 11  -24.068783 0.706882 -0.718558 -0.000015 -24.074717 0.377658 -0.385176 -0.000015 -24.080775 -0.104544 0.102999 -0.000015 -24.074152 -0.586671 0.591182 -0.000015 -24.068297 -0.915867 0.924522 -0.000015  
 7 7 12  -25.149088 0.706973 -0.718336 -0.000015 -25.154986 0.377643 -0.384970 -0.000015 -25.160306 -0.104428 0.103057 -0.000015 -25.154479 -0.586587 0.591080 -0.000015 -25.148629 -0.915888 0.924411 -0.000015  
 8 8 13  -23.919131 0.707187 -0.718358 -0.000015 -23.925076 0.377823 -0.385068 -0.000015 -23.931130 -0.104403 0.103022 -0.000015 -23.924516 -0.586699 0.591143 -0.000015 -23.918646 -0.916023 0.924398 -0.000015  
 9 10 15  -11.638750 0.123628 -0.221184 0.000007 -11.642028 0.004851 -0.062237 0.000007 -11.643527 -0.169171 0.170608 0.000007 -11.639499 -0.343129 0.403425 0.000007 -11.635667 -0.461890 0.562362 0.000007  
 10 11 16  -12.034347 0.123577 -0.221203 0.000007 -12.037650 0.004810 -0.062232 0.000007 -12.039204 -0.169150 0.170580 0.000007 -12.035109 -0.343078 0.403402 0.000007 -12.031253 -0.461829 0.562364 0.000007  
 11 12 17  -12.357287 0.123621 -0.221142 0.000007 -12.360589 0.004827 -0.062181 0.000007 -12.362140 -0.169106 0.170568 0.000007 -12.358049 -0.343055 0.403351 0.000007 -12.354188 -0.461833 0.562301 0.000007  
 12 13 18  -11.961716 0.123670 -0.221126 0.000007 -11.965015 0.004866 -0.062189 0.000007 -11.966533 -0.169122 0.170597 0.000007 -11.962457 -0.343104 0.403375 0.000007 -11.958609 -0.461893 0.562300 0.000007  
 13 5 6  0.000000 -1.529940 0.000000 -0.000273 0.000000 -0.909140 0.000000 -0.000273 0.000000 -0.000050 0.000000 -0.000273 0.000000 0.909040 -0.000000 -0.000273 0.000000 1.529840 -0.000000 -0.000273  
 14 6 7  0.000000 -1.426904 0.000000 0.000301 0.000000 -0.847920 0.000000 0.000301 0.000000 -0.000066 0.000000 0.000301 0.000000 0.847787 -0.000000 0.000301 0.000000 1.426771 -0.000000 0.000301  
 15 7 8  0.000000 -1.529822 -0.000000 -0.000291 0.000000 -0.909029 -0.000000 -0.000291 0.000000 0.000050 0.000000 -0.000291 0.000000 0.909129 0.000000 -0.000291 0.000000 1.529921 0.000000 -0.000291  
 16 8 5  0.000000 -1.426789 -0.000000 0.000203 0.000000 -0.847798 -0.000000 0.000203 0.000000 0.000066 0.000000 0.000203 0.000000 0.847931 0.000000 0.000203 0.000000 1.426922 0.000000 0.000203  
 17 10 11  0.000000 -1.152016 -0.000000 -0.000125 0.000000 -0.684555 -0.000000 -0.000125 0.000000 -0.000013 0.000000 -0.000125 0.000000 0.684530 0.000000 -0.000125 0.000000 1.151991 0.000000 -0.000125  
 18 11 12  0.000000 -1.045663 -0.000000 0.000109 0.000000 -0.621360 -0.000000 0.000109 0.000000 -0.000016 0.000000 0.000109 0.000000 0.621327 0.000000 0.000109 0.000000 1.045630 0.000000 0.000109  
 19 12 13  0.000000 -1.151963 0.000000 -0.000111 0.000000 -0.684513 0.000000 -0.000111 0.000000 0.000013 0.000000 -0.000111 0.000000 0.684539 -0.000000 -0.000111 0.000000 1.151989 -0.000000 -0.000111  
 20 13 10  0.000000 -1.045658 0.000000 0.000099 0.000000 -0.621343 0.000000 0.000099 0.000000 0.000016 0.000000 0.000099 0.000000 0.621376 -0.000000 0.000099 0.000000 1.045691 -0.000000 0.000099  
 21 15 16  0.000000 -0.546365 -0.000000 -0.000025 0.000000 -0.324665 -0.000000 -0.000025 0.000000 -0.000010 0.000000 -0.000025 0.000000 0.324645 0.000000 -0.000025 0.000000 0.546345 0.000000 -0.000025  
 22 16 17  0.000000 -0.446005 -0.000000 0.000027 0.000000 -0.265028 -0.000000 0.000027 0.000000 -0.000008 0.000000 0.000027 0.000000 0.265012 0.000000 0.000027 0.000000 0.445989 0.000000 0.000027  
 23 17 18  0.000000 -0.546318 0.000000 -0.000023 0.000000 -0.324628 0.000000 -0.000023 0.000000 0.000010 0.000000 -0.000023 0.000000 0.324648 -0.000000 -0.000023 0.000000 0.546338 -0.000000 -0.000023  
 24 18 15  0.000000 -0.446017 0.000000 0.000025 0.000000 -0.265029 0.000000 0.000025 0.000000 0.000008 0.000000 0.000025 0.000000 0.265044 -0.000000 0.000025 0.000000 0.446032 -0.000000 0.000025  
