 1 1 5  -56.800032 9.040660 8.708418 -0.172164 -45.105762 6.489045 6.417400 -0.172164 -28.530490 2.498567 2.894542 -0.172164 -28.418880 -3.088422 -2.216887 -0.172164 -39.356455 -5.741904 -4.727542 -0.172164  
 2 2 6  -39.532709 8.090169 8.053586 -0.172164 -26.869868 5.535141 5.574677 -0.172164 -7.307270 1.659391 1.774572 -0.172164 -8.376843 -2.022891 -1.824521 -0.172164 -21.627107 -4.664546 -4.391382 -0.172164  
 3 3 7  -54.962567 8.725083 8.894301 -0.172164 -43.013510 6.303881 6.442271 -0.172164 -25.795430 2.574385 2.628528 -0.172164 -25.828831 -2.577557 -2.654284 -0.172164 -37.252996 -5.126576 -5.247622 -0.172164  
 4 4 8  -70.792974 9.502433 9.368490 -0.172164 -60.279043 7.052145 7.069860 -0.172164 -48.132165 2.984984 3.243668 -0.172164 -47.801436 -3.038625 -2.557191 -0.172164 -54.534631 -5.948901 -5.361622 -0.172164  
 5 5 10  -34.012143 4.910880 5.534284 0.040105 -24.531995 3.047939 3.499768 0.040105 -15.986501 -0.327038 -0.183586 0.040105 -25.910110 -3.463394 -3.681044 0.040105 -35.328964 -5.303995 -5.705550 0.040105  
 6 6 11  -25.257628 4.405937 5.526894 0.040105 -14.653945 2.547576 3.268079 0.040105 -0.130829 -0.139765 -0.047946 0.040105 -15.778793 -2.938679 -3.378311 0.040105 -26.280428 -4.784674 -5.621323 0.040105  
 7 7 12  -33.059822 4.279498 6.109537 0.040105 -23.063269 2.575821 3.862372 0.040105 -13.125709 -0.422883 -0.100678 0.040105 -24.344662 -3.137922 -3.929176 0.040105 -34.210328 -4.803990 -6.179246 0.040105  
 8 8 13  -41.835902 4.738032 6.044349 0.040105 -33.531823 3.013391 3.970307 0.040105 -28.964163 -0.422646 -0.183831 0.040105 -34.888039 -3.611241 -4.116912 0.040105 -43.259629 -5.289172 -6.183010 0.040105  
 9 10 15  -18.757696 3.626879 3.996621 0.026434 -9.139713 1.859429 2.021247 0.026434 -2.655389 -0.618196 -0.728547 0.026434 -16.748660 -3.209481 -3.624442 0.026434 -26.282861 -4.963466 -5.586651 0.026434  
 10 11 16  -14.972502 3.384713 4.052027 0.026434 -5.124187 1.619999 1.924696 0.026434 1.198353 -0.386255 -0.438407 0.026434 -12.475716 -2.962143 -3.501989 0.026434 -22.342678 -4.716716 -5.617012 0.026434  
 11 12 17  -18.438935 3.353840 4.321357 0.026434 -8.564606 1.683072 2.186110 0.026434 -1.731402 -0.574013 -0.651170 0.026434 -16.102105 -3.039905 -3.767199 0.026434 -25.917706 -4.703966 -5.883865 0.026434  
 12 13 18  -21.943914 3.570168 4.235976 0.026434 -12.546194 1.899425 2.255734 0.026434 -6.503466 -0.803528 -0.962805 0.026434 -20.165925 -3.256104 -3.864888 0.026434 -29.493586 -4.917432 -5.828102 0.026434  
 13 5 6  0.000000 11.126385 -0.000000 -0.918465 0.000000 6.667405 -0.000000 -0.918465 0.000000 0.137747 0.000000 -0.918465 0.000000 -6.391911 0.000000 -0.918465 0.000000 -10.850891 0.000000 -0.918465  
 14 6 7  0.000000 -10.077393 -0.000000 0.847845 0.000000 -5.943540 -0.000000 0.847845 0.000000 0.110007 0.000000 0.847845 0.000000 6.163554 0.000000 0.847845 0.000000 10.297407 0.000000 0.847845  
 15 7 8  0.000000 10.909992 0.000000 -0.690846 0.000000 6.427030 0.000000 -0.690846 0.000000 -0.137747 0.000000 -0.690846 0.000000 -6.702523 -0.000000 -0.690846 0.000000 -11.185485 -0.000000 -0.690846  
 16 8 5  0.000000 -10.356507 0.000000 0.619396 0.000000 -6.198672 0.000000 0.619396 0.000000 -0.110007 0.000000 0.619396 0.000000 5.978659 -0.000000 0.619396 0.000000 10.136493 -0.000000 0.619396  
 17 10 11  0.000000 10.358372 0.000000 -0.489801 0.000000 6.188816 0.000000 -0.489801 0.000000 0.082985 0.000000 -0.489801 0.000000 -6.022845 -0.000000 -0.489801 0.000000 -10.192402 -0.000000 -0.489801  
 18 11 12  0.000000 -8.640802 0.000000 0.521131 0.000000 -5.115128 0.000000 0.521131 0.000000 0.047813 0.000000 0.521131 0.000000 5.210753 -0.000000 0.521131 0.000000 8.736427 -0.000000 0.521131  
 19 12 13  0.000000 10.269037 -0.000000 -0.411932 0.000000 6.068383 -0.000000 -0.411932 0.000000 -0.082985 0.000000 -0.411932 0.000000 -6.234354 0.000000 -0.411932 0.000000 -10.435007 0.000000 -0.411932  
 20 13 10  0.000000 -8.813062 -0.000000 0.420959 0.000000 -5.256291 -0.000000 0.420959 0.000000 -0.047813 0.000000 0.420959 0.000000 5.160666 0.000000 0.420959 0.000000 8.717437 0.000000 0.420959  
 21 15 16  0.000000 5.627477 0.000000 -0.158753 0.000000 3.371023 0.000000 -0.158753 0.000000 0.066708 0.000000 -0.158753 0.000000 -3.237607 -0.000000 -0.158753 0.000000 -5.494062 -0.000000 -0.158753  
 22 16 17  0.000000 -4.643304 0.000000 0.170430 0.000000 -2.743372 0.000000 0.170430 0.000000 0.038858 0.000000 0.170430 0.000000 2.821087 -0.000000 0.170430 0.000000 4.721019 -0.000000 0.170430  
 23 17 18  0.000000 5.581544 -0.000000 -0.137002 0.000000 3.289591 -0.000000 -0.137002 0.000000 -0.066708 0.000000 -0.137002 0.000000 -3.423006 0.000000 -0.137002 0.000000 -5.714959 0.000000 -0.137002  
 24 18 15  0.000000 -4.808501 -0.000000 0.155108 0.000000 -2.873070 -0.000000 0.155108 0.000000 -0.038858 0.000000 0.155108 0.000000 2.795355 0.000000 0.155108 0.000000 4.730786 0.000000 0.155108  
