 1 1 5  -37.489652 -0.665159 1.139338 0.000053 -37.515951 -0.495131 0.796300 0.000053 -37.546946 -0.246017 0.293874 0.000053 -37.549377 0.002180 -0.207657 0.000053 -37.531111 0.172229 -0.550709 0.000053  
 2 2 6  -36.142586 -0.666150 1.140322 0.000053 -36.168919 -0.495981 0.797299 0.000053 -36.200238 -0.246646 0.294891 0.000053 -36.203861 0.002742 -0.207818 0.000053 -36.184234 0.172994 -0.550975 0.000053  
 3 3 7  -34.427149 -0.666952 1.141381 0.000053 -34.453260 -0.496780 0.798206 0.000053 -34.483748 -0.247433 0.295554 0.000053 -34.486098 0.002963 -0.208378 0.000053 -34.468213 0.173267 -0.551797 0.000053  
 4 4 8  -35.772965 -0.665989 1.140378 0.000053 -35.799225 -0.495977 0.797167 0.000053 -35.830529 -0.246892 0.294460 0.000053 -35.834196 0.002433 -0.208175 0.000053 -35.814519 0.172562 -0.551476 0.000053  
 5 5 10  -24.846630 -0.655486 0.432384 0.000016 -24.855785 -0.403477 0.212643 0.000016 -24.862821 -0.034775 -0.108726 0.000016 -24.852879 0.334137 -0.430257 0.000016 -24.843316 0.586111 -0.649886 0.000016  
 6 6 11  -24.239196 -0.655874 0.432284 0.000016 -24.248475 -0.403797 0.212702 0.000016 -24.256898 -0.034695 -0.108899 0.000016 -24.245671 0.334364 -0.430332 0.000016 -24.235923 0.586372 -0.649801 0.000016  
 7 7 12  -23.137386 -0.655678 0.432630 0.000016 -23.146529 -0.403717 0.213007 0.000016 -23.153725 -0.034473 -0.108993 0.000016 -23.143906 0.334481 -0.430605 0.000016 -23.134228 0.586368 -0.650107 0.000016  
 8 8 13  -23.744148 -0.655311 0.432719 0.000016 -23.753350 -0.403420 0.212938 0.000016 -23.761708 -0.034575 -0.108801 0.000016 -23.750405 0.334276 -0.430513 0.000016 -23.740825 0.586118 -0.650184 0.000016  
 9 10 15  -12.277564 -0.356705 -0.020428 0.000010 -12.282066 -0.167493 -0.060704 0.000010 -12.283658 0.109521 -0.119565 0.000010 -12.278112 0.386599 -0.178494 0.000010 -12.272504 0.575803 -0.218759 0.000010  
 10 11 16  -12.127266 -0.356770 -0.020456 0.000010 -12.131761 -0.167540 -0.060695 0.000010 -12.133410 0.109550 -0.119603 0.000010 -12.127830 0.386677 -0.178539 0.000010 -12.122208 0.575895 -0.218763 0.000010  
 11 12 17  -11.717719 -0.356711 -0.020371 0.000010 -11.722155 -0.167513 -0.060635 0.000010 -11.723844 0.109604 -0.119640 0.000010 -11.718288 0.386699 -0.178614 0.000010 -11.712677 0.575888 -0.218855 0.000010  
 12 13 18  -11.868062 -0.356648 -0.020344 0.000010 -11.872570 -0.167463 -0.060636 0.000010 -11.874164 0.109582 -0.119597 0.000010 -11.868606 0.386624 -0.178568 0.000010 -11.862992 0.575796 -0.218853 0.000010  
 13 5 6  0.000000 1.021362 -0.000000 -0.000620 0.000000 0.606864 -0.000000 -0.000620 0.000000 -0.000119 0.000000 -0.000620 0.000000 -0.607102 0.000000 -0.000620 0.000000 -1.021599 0.000000 -0.000620  
 14 6 7  0.000000 0.848136 0.000000 0.000630 0.000000 0.503945 0.000000 0.000630 0.000000 -0.000084 0.000000 0.000630 0.000000 -0.504112 -0.000000 0.000630 0.000000 -0.848303 -0.000000 0.000630  
 15 7 8  0.000000 1.021629 0.000000 -0.000585 0.000000 0.607119 0.000000 -0.000585 0.000000 0.000119 0.000000 -0.000585 0.000000 -0.606882 -0.000000 -0.000585 0.000000 -1.021391 -0.000000 -0.000585  
 16 8 5  0.000000 0.848274 -0.000000 0.000606 0.000000 0.504095 -0.000000 0.000606 0.000000 0.000084 0.000000 0.000606 0.000000 -0.503927 0.000000 0.000606 0.000000 -0.848107 0.000000 0.000606  
 17 10 11  0.000000 0.630619 -0.000000 -0.000219 0.000000 0.374717 -0.000000 -0.000219 0.000000 -0.000023 0.000000 -0.000219 0.000000 -0.374762 0.000000 -0.000219 0.000000 -0.630664 0.000000 -0.000219  
 18 11 12  0.000000 0.956513 -0.000000 0.000248 0.000000 0.568371 -0.000000 0.000248 0.000000 -0.000018 0.000000 0.000248 0.000000 -0.568406 0.000000 0.000248 0.000000 -0.956548 0.000000 0.000248  
 19 12 13  0.000000 0.630707 0.000000 -0.000210 0.000000 0.374788 0.000000 -0.000210 0.000000 0.000023 0.000000 -0.000210 0.000000 -0.374742 -0.000000 -0.000210 0.000000 -0.630662 -0.000000 -0.000210  
 20 13 10  0.000000 0.956505 0.000000 0.000239 0.000000 0.568380 0.000000 0.000239 0.000000 0.000018 0.000000 0.000239 0.000000 -0.568345 -0.000000 0.000239 0.000000 -0.956470 -0.000000 0.000239  
 21 15 16  0.000000 0.207545 -0.000000 -0.000035 0.000000 0.123320 -0.000000 -0.000035 0.000000 -0.000018 0.000000 -0.000035 0.000000 -0.123356 0.000000 -0.000035 0.000000 -0.207581 0.000000 -0.000035  
 22 16 17  0.000000 0.565587 -0.000000 0.000038 0.000000 0.336080 -0.000000 0.000038 0.000000 -0.000006 0.000000 0.000038 0.000000 -0.336092 0.000000 0.000038 0.000000 -0.565599 0.000000 0.000038  
 23 17 18  0.000000 0.207625 0.000000 -0.000033 0.000000 0.123382 0.000000 -0.000033 0.000000 0.000018 0.000000 -0.000033 0.000000 -0.123345 -0.000000 -0.000033 0.000000 -0.207588 -0.000000 -0.000033  
 24 18 15  0.000000 0.565555 0.000000 0.000038 0.000000 0.336066 0.000000 0.000038 0.000000 0.000006 0.000000 0.000038 0.000000 -0.336054 -0.000000 0.000038 0.000000 -0.565543 -0.000000 0.000038  
