 1 1 5  -35.952604 0.022850 0.217583 -0.000031 -35.958496 0.018337 0.147607 -0.000031 -35.966225 0.011656 0.045135 -0.000031 -35.967667 0.004781 -0.057042 -0.000031 -35.963063 0.000160 -0.126979 -0.000031  
 2 2 6  -35.856442 0.022834 0.217886 -0.000031 -35.862336 0.018331 0.147955 -0.000031 -35.870104 0.011679 0.045545 -0.000031 -35.871783 0.004771 -0.057128 -0.000031 -35.866924 0.000196 -0.127094 -0.000031  
 3 3 7  -36.026859 0.022656 0.217871 -0.000031 -36.032880 0.018131 0.147939 -0.000031 -36.040899 0.011439 0.045532 -0.000031 -36.042386 0.004826 -0.057166 -0.000031 -36.037498 0.000272 -0.127103 -0.000031  
 4 4 8  -36.123041 0.022682 0.217561 -0.000031 -36.129032 0.018151 0.147583 -0.000031 -36.136886 0.011437 0.045093 -0.000031 -36.138405 0.004772 -0.057060 -0.000031 -36.133651 0.000216 -0.126973 -0.000031  
 5 5 10  -23.917045 0.040283 0.023390 -0.000002 -23.919915 0.031185 -0.002142 -0.000002 -23.922522 0.017801 -0.039409 -0.000002 -23.919174 0.004408 -0.076776 -0.000002 -23.916219 -0.004686 -0.102309 -0.000002  
 6 6 11  -23.935690 0.040312 0.023324 -0.000002 -23.938528 0.031218 -0.002135 -0.000002 -23.941097 0.017784 -0.039469 -0.000002 -23.937737 0.004408 -0.076826 -0.000002 -23.934757 -0.004693 -0.102299 -0.000002  
 7 7 12  -24.077653 0.040335 0.023306 -0.000002 -24.080552 0.031205 -0.002152 -0.000002 -24.083169 0.017826 -0.039489 -0.000002 -24.079724 0.004448 -0.076817 -0.000002 -24.076712 -0.004684 -0.102289 -0.000002  
 8 8 13  -24.059028 0.040309 0.023366 -0.000002 -24.061931 0.031175 -0.002167 -0.000002 -24.064530 0.017819 -0.039420 -0.000002 -24.061209 0.004445 -0.076759 -0.000002 -24.058203 -0.004680 -0.102292 -0.000002  
 9 10 15  -11.948282 0.093857 -0.080663 0.000004 -11.949481 0.055361 -0.055460 0.000004 -11.949947 -0.001024 -0.018551 0.000004 -11.948367 -0.057385 0.018363 0.000004 -11.947035 -0.095869 0.043569 0.000004  
 10 11 16  -11.981104 0.093868 -0.080687 0.000004 -11.982296 0.055370 -0.055466 0.000004 -11.982740 -0.001025 -0.018577 0.000004 -11.981178 -0.057395 0.018351 0.000004 -11.979847 -0.095881 0.043574 0.000004  
 11 12 17  -12.050469 0.093888 -0.080694 0.000004 -12.051672 0.055380 -0.055472 0.000004 -12.052105 -0.001005 -0.018575 0.000004 -12.050531 -0.057387 0.018356 0.000004 -12.049193 -0.095884 0.043581 0.000004  
 12 13 18  -12.017645 0.093877 -0.080671 0.000004 -12.018851 0.055370 -0.055466 0.000004 -12.019310 -0.001004 -0.018547 0.000004 -12.017722 -0.057378 0.018370 0.000004 -12.016382 -0.095873 0.043577 0.000004  
 13 5 6  0.000000 0.158317 -0.000000 0.000005 0.000000 0.094060 -0.000000 0.000005 0.000000 -0.000038 0.000000 0.000005 0.000000 -0.094135 0.000000 0.000005 0.000000 -0.158393 0.000000 0.000005  
 14 6 7  0.000000 -0.039521 -0.000000 -0.000001 0.000000 -0.023492 -0.000000 -0.000001 0.000000 -0.000018 0.000000 -0.000001 0.000000 0.023455 0.000000 -0.000001 0.000000 0.039485 0.000000 -0.000001  
 15 7 8  0.000000 0.158393 0.000000 -0.000017 0.000000 0.094135 0.000000 -0.000017 0.000000 0.000038 0.000000 -0.000017 0.000000 -0.094060 -0.000000 -0.000017 0.000000 -0.158317 -0.000000 -0.000017  
 16 8 5  0.000000 -0.039484 0.000000 -0.000012 0.000000 -0.023455 0.000000 -0.000012 0.000000 0.000018 0.000000 -0.000012 0.000000 0.023492 -0.000000 -0.000012 0.000000 0.039521 -0.000000 -0.000012  
 17 10 11  0.000000 0.019633 0.000000 0.000016 0.000000 0.011663 0.000000 0.000016 0.000000 -0.000009 0.000000 0.000016 0.000000 -0.011680 -0.000000 0.000016 0.000000 -0.019650 -0.000000 0.000016  
 18 11 12  0.000000 -0.100338 -0.000000 -0.000009 0.000000 -0.059625 -0.000000 -0.000009 0.000000 -0.000006 0.000000 -0.000009 0.000000 0.059613 0.000000 -0.000009 0.000000 0.100326 0.000000 -0.000009  
 19 12 13  0.000000 0.019649 -0.000000 0.000011 0.000000 0.011680 -0.000000 0.000011 0.000000 0.000009 0.000000 0.000011 0.000000 -0.011662 0.000000 0.000011 0.000000 -0.019632 0.000000 0.000011  
 20 13 10  0.000000 -0.100325 0.000000 -0.000015 0.000000 -0.059612 0.000000 -0.000015 0.000000 0.000006 0.000000 -0.000015 0.000000 0.059625 -0.000000 -0.000015 0.000000 0.100337 -0.000000 -0.000015  
 21 15 16  0.000000 -0.045313 0.000000 0.000007 0.000000 -0.026928 0.000000 0.000007 0.000000 -0.000004 0.000000 0.000007 0.000000 0.026919 -0.000000 0.000007 0.000000 0.045305 -0.000000 0.000007  
 22 16 17  0.000000 -0.095792 0.000000 -0.000004 0.000000 -0.056922 0.000000 -0.000004 0.000000 -0.000001 0.000000 -0.000004 0.000000 0.056919 -0.000000 -0.000004 0.000000 0.095789 -0.000000 -0.000004  
 23 17 18  0.000000 -0.045306 -0.000000 0.000007 0.000000 -0.026920 -0.000000 0.000007 0.000000 0.000004 0.000000 0.000007 0.000000 0.026928 0.000000 0.000007 0.000000 0.045314 0.000000 0.000007  
 24 18 15  0.000000 -0.095788 -0.000000 -0.000005 0.000000 -0.056918 -0.000000 -0.000005 0.000000 0.000001 0.000000 -0.000005 0.000000 0.056921 0.000000 -0.000005 0.000000 0.095791 0.000000 -0.000005  
