 1 1 5  -33.012675 3.021973 -1.957374 0.008893 -32.213137 2.185126 -1.512876 0.008893 -32.213910 0.738970 -0.669004 0.008893 -32.218011 -0.719494 0.187823 0.008893 -32.186973 -1.715027 0.771780 0.008893  
 2 2 6  -37.303774 3.093967 -2.015976 0.008893 -36.861350 2.194578 -1.520671 0.008893 -36.918844 0.737782 -0.668250 0.008893 -36.925897 -0.718685 0.183632 0.008893 -36.892356 -1.713620 0.765621 0.008893  
 3 3 7  -39.903393 3.122246 -2.041724 0.008893 -39.627394 2.192311 -1.519156 0.008893 -39.682867 0.737254 -0.667090 0.008893 -39.689251 -0.715939 0.183010 0.008893 -39.658472 -1.709267 0.764506 0.008893  
 4 4 8  -35.539246 3.064934 -1.994829 0.008893 -34.946463 2.193496 -1.521832 0.008893 -35.000515 0.738431 -0.667831 0.008893 -35.008370 -0.716794 0.187003 0.008893 -34.975126 -1.710760 0.770546 0.008893  
 5 5 10  -22.027693 0.772063 -1.497065 0.004017 -22.048114 0.294286 -0.919124 0.004017 -22.062612 -0.405743 -0.072377 0.004017 -22.043227 -1.105613 0.774353 0.004017 -22.188894 -1.551041 1.320857 0.004017  
 6 6 11  -25.022648 0.771447 -1.489329 0.004017 -25.043484 0.293805 -0.914481 0.004017 -25.060239 -0.405581 -0.072898 0.004017 -25.038773 -1.104981 0.768866 0.004017 -25.064613 -1.573042 1.334381 0.004017  
 7 7 12  -25.912978 0.767438 -1.488558 0.004017 -25.933583 0.290800 -0.913924 0.004017 -25.949173 -0.406498 -0.073042 0.004017 -25.929437 -1.104104 0.768263 0.004017 -25.937155 -1.574787 1.337168 0.004017  
 8 8 13  -22.919066 0.768064 -1.496299 0.004017 -22.939677 0.291304 -0.918564 0.004017 -22.956612 -0.406655 -0.072508 0.004017 -22.935146 -1.104752 0.773768 0.004017 -23.037099 -1.557331 1.327930 0.004017  
 9 10 15  -11.444608 -0.416063 -1.146232 -0.001955 -11.270436 -0.381644 -0.599229 -0.001955 -11.274229 -0.289941 0.255652 -0.001955 -11.299677 -0.192061 1.102401 -0.001955 -11.971099 -0.112723 1.549385 -0.001955  
 10 11 16  -12.558621 -0.430070 -1.150856 -0.001955 -12.482363 -0.381699 -0.592053 -0.001955 -12.486024 -0.289852 0.252186 -0.001955 -12.473810 -0.197878 1.096185 -0.001955 -12.934750 -0.116247 1.575813 -0.001955  
 11 12 17  -12.630914 -0.430668 -1.151553 -0.001955 -12.558504 -0.381735 -0.591988 -0.001955 -12.562337 -0.289760 0.252092 -0.001955 -12.549180 -0.197852 1.096217 -0.001955 -12.998140 -0.116456 1.578125 -0.001955  
 12 13 18  -11.515231 -0.416986 -1.147380 -0.001955 -11.347612 -0.381681 -0.599172 -0.001955 -11.351411 -0.289863 0.255572 -0.001955 -11.372727 -0.192453 1.103081 -0.001955 -12.033792 -0.112765 1.551951 -0.001955  
 13 5 6  0.000000 -2.293635 -0.000000 0.009438 0.000000 -1.362632 -0.000000 0.009438 0.000000 0.000712 0.000000 0.009438 0.000000 1.364057 0.000000 0.009438 0.000000 2.295059 0.000000 0.009438  
 14 6 7  0.000000 -2.564290 -0.000000 -0.002028 0.000000 -1.523538 -0.000000 -0.002028 0.000000 0.000521 0.000000 -0.002028 0.000000 1.524581 0.000000 -0.002028 0.000000 2.565332 0.000000 -0.002028  
 15 7 8  0.000000 -2.295279 0.000000 0.006652 0.000000 -1.364188 0.000000 0.006652 0.000000 -0.000712 0.000000 0.006652 0.000000 1.362764 -0.000000 0.006652 0.000000 2.293855 -0.000000 0.006652  
 16 8 5  0.000000 -2.565111 0.000000 -0.004340 0.000000 -1.524450 0.000000 -0.004340 0.000000 -0.000521 0.000000 -0.004340 0.000000 1.523407 -0.000000 -0.004340 0.000000 2.564069 -0.000000 -0.004340  
 17 10 11  0.000000 -2.512568 -0.000000 0.002100 0.000000 -1.492612 -0.000000 0.002100 0.000000 0.000994 0.000000 0.002100 0.000000 1.494600 0.000000 0.002100 0.000000 2.514555 0.000000 0.002100  
 18 11 12  0.000000 -1.123801 -0.000000 -0.000545 0.000000 -0.667794 -0.000000 -0.000545 0.000000 -0.000026 0.000000 -0.000545 0.000000 0.667743 0.000000 -0.000545 0.000000 1.123750 0.000000 -0.000545  
 19 12 13  0.000000 -2.514780 0.000000 0.001152 0.000000 -1.494734 0.000000 0.001152 0.000000 -0.000994 0.000000 0.001152 0.000000 1.492746 -0.000000 0.001152 0.000000 2.512793 -0.000000 0.001152  
 20 13 10  0.000000 -1.123524 0.000000 -0.001670 0.000000 -0.667609 0.000000 -0.001670 0.000000 0.000026 0.000000 -0.001670 0.000000 0.667660 -0.000000 -0.001670 0.000000 1.123576 -0.000000 -0.001670  
 21 15 16  0.000000 -1.601460 -0.000000 0.001024 0.000000 -0.950331 -0.000000 0.001024 0.000000 0.003171 0.000000 0.001024 0.000000 0.956674 0.000000 0.001024 0.000000 1.607803 0.000000 0.001024  
 22 16 17  0.000000 -0.102139 -0.000000 -0.000442 0.000000 -0.060696 -0.000000 -0.000442 0.000000 -0.000007 0.000000 -0.000442 0.000000 0.060681 0.000000 -0.000442 0.000000 0.102124 0.000000 -0.000442  
 23 17 18  0.000000 -1.608038 0.000000 0.000961 0.000000 -0.956814 0.000000 0.000961 0.000000 -0.003171 0.000000 0.000961 0.000000 0.950471 -0.000000 0.000961 0.000000 1.601696 -0.000000 0.000961  
 24 18 15  0.000000 -0.101889 0.000000 -0.000749 0.000000 -0.060541 0.000000 -0.000749 0.000000 0.000007 0.000000 -0.000749 0.000000 0.060556 -0.000000 -0.000749 0.000000 0.101904 -0.000000 -0.000749  
