 1 1 5  -36.531900 -2.918353 0.740624 -0.010023 -38.627071 -2.324686 0.306587 -0.010023 -40.158332 -1.480322 -0.372764 -0.010023 -40.070159 -0.668677 -1.093881 -0.010023 -38.975164 -0.083732 -1.558169 -0.010023  
 2 2 6  -41.623962 -2.808223 0.880724 -0.010023 -43.638178 -2.241907 0.414938 -0.010023 -44.951184 -1.468816 -0.352477 -0.010023 -44.890774 -0.692510 -1.124336 -0.010023 -43.917897 -0.146771 -1.627557 -0.010023  
 3 3 7  -30.574574 -2.912511 0.785896 -0.010023 -32.245804 -2.360255 0.343173 -0.010023 -33.644829 -1.450722 -0.363342 -0.010023 -33.566859 -0.558299 -1.106242 -0.010023 -32.479229 0.065051 -1.570114 -0.010023  
 4 4 8  -26.369058 -2.846217 0.675987 -0.010023 -27.208947 -2.426014 0.246381 -0.010023 -28.703626 -1.462285 -0.385598 -0.010023 -28.603116 -0.535469 -1.074030 -0.010023 -27.506262 0.125182 -1.503029 -0.010023  
 5 5 10  -31.196674 -4.661440 -2.696438 0.014849 -26.630251 -3.261972 -1.997828 0.014849 -23.619814 -0.568260 -0.637795 0.014849 -24.005936 2.532473 1.050961 0.014849 -27.841000 3.974723 1.809303 0.014849  
 6 6 11  -34.523041 -4.836308 -2.756012 0.014849 -30.370083 -3.393683 -2.072780 0.014849 -28.252848 -0.568769 -0.654455 0.014849 -28.168040 2.610682 1.050732 0.014849 -31.298664 4.143985 1.820755 0.014849  
 7 7 12  -28.404116 -4.665578 -2.560491 0.014849 -23.250613 -3.224238 -1.868599 0.014849 -18.948186 -0.530223 -0.654480 0.014849 -20.341969 2.590500 0.916222 0.014849 -25.102708 4.028180 1.662957 0.014849  
 8 8 13  -25.139939 -4.461039 -2.495986 0.014849 -19.635110 -3.036364 -1.784581 0.014849 -13.933190 -0.530039 -0.637578 0.014849 -16.505334 2.408992 0.898306 0.014849 -21.744372 3.819504 1.645456 0.014849  
 9 10 15  -15.015035 -2.520483 -1.641025 0.008261 -10.702339 -1.405158 -0.981451 0.008261 -8.803826 0.848391 0.355361 0.008261 -14.611629 2.515316 1.394544 0.008261 -19.115241 3.589299 2.066302 0.008261  
 10 11 16  -16.298102 -2.604098 -1.628452 0.008261 -12.200152 -1.474463 -0.986431 0.008261 -10.700893 0.869125 0.378513 0.008261 -15.932316 2.600954 1.404879 0.008261 -20.350409 3.676141 2.059844 0.008261  
 11 12 17  -14.331839 -2.674140 -1.527879 0.008261 -9.559612 -1.497156 -0.875626 0.008261 -6.958467 0.779525 0.338260 0.008261 -13.566628 2.535526 1.323324 0.008261 -18.382591 3.691615 1.975243 0.008261  
 12 13 18  -12.998611 -2.577218 -1.538991 0.008261 -8.106592 -1.404171 -0.866157 0.008261 -5.152866 0.711849 0.298542 0.008261 -12.197059 2.437595 1.309027 0.008261 -17.077615 3.592287 1.982033 0.008261  
 13 5 6  0.000000 -1.231190 0.000000 -0.065517 0.000000 -0.731206 0.000000 -0.065517 0.000000 0.000964 0.000000 -0.065517 0.000000 0.733133 -0.000000 -0.065517 0.000000 1.233117 -0.000000 -0.065517  
 14 6 7  0.000000 5.045372 0.000000 0.100954 0.000000 3.008913 0.000000 0.100954 0.000000 0.026757 0.000000 0.100954 0.000000 -2.955399 -0.000000 0.100954 0.000000 -4.991858 -0.000000 0.100954  
 15 7 8  0.000000 -1.232635 -0.000000 -0.121376 0.000000 -0.732846 -0.000000 -0.121376 0.000000 -0.000964 0.000000 -0.121376 0.000000 0.730919 0.000000 -0.121376 0.000000 1.230707 0.000000 -0.121376  
 16 8 5  0.000000 4.991375 -0.000000 0.111026 0.000000 2.955112 -0.000000 0.111026 0.000000 -0.026757 0.000000 0.111026 0.000000 -3.008627 0.000000 0.111026 0.000000 -5.044889 0.000000 0.111026  
 17 10 11  0.000000 -3.439023 0.000000 -0.138703 0.000000 -2.039008 0.000000 -0.138703 0.000000 0.011153 0.000000 -0.138703 0.000000 2.061313 -0.000000 -0.138703 0.000000 3.461328 -0.000000 -0.138703  
 18 11 12  0.000000 6.889664 0.000000 0.174731 0.000000 4.114743 0.000000 0.174731 0.000000 0.051194 0.000000 0.174731 0.000000 -4.012355 -0.000000 0.174731 0.000000 -6.787276 -0.000000 0.174731  
 19 12 13  0.000000 -3.456286 -0.000000 -0.192757 0.000000 -2.058316 -0.000000 -0.192757 0.000000 -0.011153 0.000000 -0.192757 0.000000 2.036011 0.000000 -0.192757 0.000000 3.433980 0.000000 -0.192757  
 20 13 10  0.000000 6.782233 -0.000000 0.182505 0.000000 4.009358 -0.000000 0.182505 0.000000 -0.051194 0.000000 0.182505 0.000000 -4.111747 0.000000 0.182505 0.000000 -6.884621 0.000000 0.182505  
 21 15 16  0.000000 -2.078771 0.000000 -0.058366 0.000000 -1.232733 0.000000 -0.058366 0.000000 0.006193 0.000000 -0.058366 0.000000 1.245118 -0.000000 -0.058366 0.000000 2.091157 -0.000000 -0.058366  
 22 16 17  0.000000 3.793730 0.000000 0.064154 0.000000 2.266154 0.000000 0.064154 0.000000 0.029196 0.000000 0.064154 0.000000 -2.207762 -0.000000 0.064154 0.000000 -3.735339 -0.000000 0.064154  
 23 17 18  0.000000 -2.083681 -0.000000 -0.074739 0.000000 -1.240676 -0.000000 -0.074739 0.000000 -0.006193 0.000000 -0.074739 0.000000 1.228290 0.000000 -0.074739 0.000000 2.071295 0.000000 -0.074739  
 24 18 15  0.000000 3.727863 -0.000000 0.068156 0.000000 2.203320 -0.000000 0.068156 0.000000 -0.029196 0.000000 0.068156 0.000000 -2.261711 0.000000 0.068156 0.000000 -3.786254 0.000000 0.068156  
