 1 1 5  -84.960487 -18.512260 -14.643476 -0.347146 -57.715131 -12.703779 -9.895661 -0.347146 -17.261099 -4.099239 -2.872324 -0.347146 -20.469110 4.341024 4.067351 -0.347146 -48.050398 10.200996 8.881040 -0.347146  
 2 2 6  -110.511764 -20.257712 -15.304229 -0.347146 -84.437885 -14.444099 -10.843937 -0.347146 -47.690671 -5.735995 -4.200955 -0.347146 -48.812849 5.935650 4.587552 -0.347146 -73.602109 11.916414 9.113043 -0.347146  
 3 3 7  -77.797031 -18.736339 -13.837237 -0.347146 -49.461968 -12.381787 -9.355235 -0.347146 -7.965192 -3.041768 -2.651441 -0.347146 -14.727548 4.940435 3.138603 -0.347146 -43.202834 11.369168 7.643936 -0.347146  
 4 4 8  -46.138507 -16.369317 -12.734250 -0.347146 -18.788300 -10.062222 -7.978687 -0.347146 13.809615 -1.537156 -1.235564 -0.347146 9.666953 3.019388 2.320873 -0.347146 -14.147868 9.064618 7.011227 -0.347146  
 5 5 10  -47.619893 -10.360084 -9.248793 -0.179020 -25.522833 -5.751200 -5.266010 -0.179020 0.275345 0.480628 0.262952 -0.179020 -31.680489 7.299211 6.038048 -0.179020 -53.785922 11.908017 10.005230 -0.179020  
 6 6 11  -60.720220 -11.373491 -8.857064 -0.179020 -39.722461 -6.748787 -5.272210 -0.179020 -18.653184 1.278848 0.839082 -0.179020 -46.430335 8.336883 6.274781 -0.179020 -67.503832 12.935120 9.870895 -0.179020  
 7 7 12  -45.302018 -12.001727 -7.941522 -0.179020 -21.632118 -6.602416 -4.349138 -0.179020 3.612968 0.192155 0.194259 -0.179020 -26.676388 7.635390 5.352228 -0.179020 -50.351847 13.024003 8.945927 -0.179020  
 8 8 13  -27.607650 -10.563864 -8.051040 -0.179020 -4.864285 -5.244992 -4.077856 -0.179020 10.459398 0.192155 0.142129 -0.179020 -8.984371 6.237039 4.823681 -0.179020 -31.978893 11.569566 8.793113 -0.179020  
 9 10 15  -19.458979 -5.103834 -4.853732 -0.039704 -5.419274 -2.161380 -2.174213 -0.039704 0.185819 1.088375 0.829280 -0.039704 -19.986283 5.455216 4.655689 -0.039704 -34.310626 8.424813 7.301855 -0.039704  
 10 11 16  -24.310551 -5.462111 -4.736634 -0.039704 -10.218861 -2.494149 -2.239802 -0.039704 -4.913063 1.485978 1.134541 -0.039704 -25.543523 5.856867 4.765552 -0.039704 -39.633924 8.823861 7.241811 -0.039704  
 11 12 17  -19.257481 -5.822402 -4.398593 -0.039704 -4.672948 -2.525909 -1.918106 -0.039704 1.770294 0.892376 0.753130 -0.039704 -18.681599 5.628371 4.405364 -0.039704 -33.574937 8.922388 6.888974 -0.039704  
 12 13 18  -14.286803 -5.430172 -4.512395 -0.039704 -0.222039 -2.192983 -1.862088 -0.039704 5.315166 0.660950 0.526588 -0.039704 -13.184803 5.212923 4.274815 -0.039704 -28.185061 8.501071 6.929553 -0.039704  
 13 5 6  0.000000 -16.761241 -0.000000 -1.438227 0.000000 -9.855383 -0.000000 -1.438227 0.000000 0.257442 0.000000 -1.438227 0.000000 10.370268 0.000000 -1.438227 0.000000 17.276125 0.000000 -1.438227  
 14 6 7  0.000000 22.592913 0.000000 1.261988 0.000000 13.637845 0.000000 1.261988 0.000000 0.524188 0.000000 1.261988 0.000000 -12.589468 -0.000000 1.261988 0.000000 -21.544537 -0.000000 1.261988  
 15 7 8  0.000000 -17.068551 0.000000 -2.184544 0.000000 -10.246923 0.000000 -2.184544 0.000000 -0.257442 0.000000 -2.184544 0.000000 9.732039 -0.000000 -2.184544 0.000000 16.553667 -0.000000 -2.184544  
 16 8 5  0.000000 21.336963 -0.000000 1.777862 0.000000 12.466124 -0.000000 1.777862 0.000000 -0.524188 0.000000 1.777862 0.000000 -13.514500 0.000000 1.777862 0.000000 -22.385339 0.000000 1.777862  
 17 10 11  0.000000 -14.015473 -0.000000 -0.845652 0.000000 -8.283350 -0.000000 -0.845652 0.000000 0.110678 0.000000 -0.845652 0.000000 8.504705 0.000000 -0.845652 0.000000 14.236828 0.000000 -0.845652  
 18 11 12  0.000000 18.097611 0.000000 0.736487 0.000000 10.848584 0.000000 0.736487 0.000000 0.233227 0.000000 0.736487 0.000000 -10.382130 -0.000000 0.736487 0.000000 -17.631158 -0.000000 0.736487  
 19 12 13  0.000000 -13.888568 0.000000 -1.043273 0.000000 -8.297762 0.000000 -1.043273 0.000000 -0.110678 0.000000 -1.043273 0.000000 8.076407 -0.000000 -1.043273 0.000000 13.667212 -0.000000 -1.043273  
 20 13 10  0.000000 17.282897 -0.000000 0.877210 0.000000 10.175187 -0.000000 0.877210 0.000000 -0.233227 0.000000 0.877210 0.000000 -10.641640 0.000000 0.877210 0.000000 -17.749350 0.000000 0.877210  
 21 15 16  0.000000 -6.854572 0.000000 -0.133776 0.000000 -4.049955 0.000000 -0.133776 0.000000 0.057080 0.000000 -0.133776 0.000000 4.164115 -0.000000 -0.133776 0.000000 6.968731 -0.000000 -0.133776  
 22 16 17  0.000000 8.454992 0.000000 0.105444 0.000000 5.060534 0.000000 0.105444 0.000000 0.089745 0.000000 0.105444 0.000000 -4.881044 -0.000000 0.105444 0.000000 -8.275501 -0.000000 0.105444  
 23 17 18  0.000000 -6.611088 -0.000000 -0.122833 0.000000 -3.951596 -0.000000 -0.122833 0.000000 -0.057080 0.000000 -0.122833 0.000000 3.837437 0.000000 -0.122833 0.000000 6.496928 0.000000 -0.122833  
 24 18 15  0.000000 7.917858 -0.000000 0.104640 0.000000 4.668525 -0.000000 0.104640 0.000000 -0.089745 0.000000 0.104640 0.000000 -4.848016 0.000000 0.104640 0.000000 -8.097349 0.000000 0.104640  
