 1 1 5  -66.272743 9.391571 12.708159 0.355646 -50.573299 6.740429 9.184302 0.355646 -27.322882 2.747397 3.824114 0.355646 -25.005408 -2.383840 -3.178690 0.355646 -40.415588 -5.098309 -6.868285 0.355646  
 2 2 6  -41.753477 8.347555 11.399245 0.355646 -24.900902 5.669716 7.544355 0.355646 -0.500205 1.561847 1.846174 0.355646 -0.828762 -1.363284 -2.095932 0.355646 -17.308297 -4.068677 -6.025167 0.355646  
 3 3 7  -61.786102 8.923439 12.845986 0.355646 -45.283927 6.431444 9.005211 0.355646 -20.335159 2.686762 3.172663 0.355646 -20.058111 -1.687710 -3.651438 0.355646 -36.940412 -4.309216 -7.566838 0.355646  
 4 4 8  -83.322372 9.781270 13.780205 0.355646 -68.822936 7.301543 10.231957 0.355646 -49.975914 3.514663 4.553987 0.355646 -48.294204 -2.376051 -3.844550 0.355646 -58.880400 -5.156216 -7.940036 0.355646  
 5 5 10  -43.985181 8.430973 8.318875 -0.090904 -26.147209 4.959815 4.798897 -0.090904 -3.729169 -0.322431 -0.605608 -0.090904 -29.989747 -5.486140 -5.778451 -0.090904 -47.728404 -8.945886 -9.280318 -0.090904  
 6 6 11  -29.357455 7.470921 8.391983 -0.090904 -10.926855 3.994307 4.446875 -0.090904 5.479547 -0.103254 -0.133463 -0.090904 -13.968706 -4.549036 -5.128228 -0.090904 -32.418238 -8.002130 -9.073252 -0.090904  
 7 7 12  -42.065076 7.607781 9.307448 -0.090904 -23.438366 4.359090 5.346379 -0.090904 0.273314 -0.207113 -0.217327 -0.090904 -26.893063 -5.016902 -6.045598 -0.090904 -45.417134 -8.252890 -9.990658 -0.090904  
 8 8 13  -52.823708 8.323435 8.912172 -0.090904 -35.814537 5.085908 5.383481 -0.090904 -19.299486 -0.545885 -0.805139 -0.090904 -39.854844 -5.712304 -6.380763 -0.090904 -56.861114 -8.948230 -9.876912 -0.090904  
 9 10 15  -14.996551 2.367494 3.439933 0.065347 -6.276149 0.960962 1.511100 0.065347 -5.683889 -1.074460 -1.255846 0.065347 -18.506254 -3.138588 -4.081682 0.065347 -27.152056 -4.532631 -5.995512 0.065347  
 10 11 16  -11.785132 2.186157 3.631864 0.065347 -2.653203 0.805375 1.481491 0.065347 -0.793621 -0.794448 -0.862532 0.065347 -13.989743 -2.917212 -3.936268 0.065347 -23.278652 -4.317715 -6.062196 0.065347  
 11 12 17  -14.631230 2.010430 3.888573 0.065347 -5.453960 0.718037 1.736837 0.065347 -3.712961 -1.017586 -1.065894 0.065347 -17.122149 -2.973669 -4.180404 0.065347 -26.262688 -4.280309 -6.302867 0.065347  
 12 13 18  -17.887580 2.180945 3.689211 0.065347 -9.448782 0.855833 1.768662 0.065347 -9.319729 -1.299787 -1.464184 0.065347 -21.696356 -3.197700 -4.307560 0.065347 -30.137430 -4.492338 -6.221573 0.065347  
 13 5 6  0.000000 16.304678 0.000000 -1.152284 0.000000 9.805979 0.000000 -1.152284 0.000000 0.289390 0.000000 -1.152284 0.000000 -9.227199 -0.000000 -1.152284 0.000000 -15.725898 -0.000000 -1.152284  
 14 6 7  0.000000 -12.626928 0.000000 1.466789 0.000000 -7.445983 0.000000 1.466789 0.000000 0.140908 0.000000 1.466789 0.000000 7.727799 -0.000000 1.466789 0.000000 12.908743 -0.000000 1.466789  
 15 7 8  0.000000 15.830843 -0.000000 -0.836609 0.000000 9.289559 -0.000000 -0.836609 0.000000 -0.289390 0.000000 -0.836609 0.000000 -9.868340 0.000000 -0.836609 0.000000 -16.409623 0.000000 -0.836609  
 16 8 5  0.000000 -13.013688 -0.000000 0.859333 0.000000 -7.790159 -0.000000 0.859333 0.000000 -0.140908 0.000000 0.859333 0.000000 7.508343 0.000000 0.859333 0.000000 12.731873 0.000000 0.859333  
 17 10 11  0.000000 13.319266 0.000000 -0.671231 0.000000 7.972614 0.000000 -0.671231 0.000000 0.143063 0.000000 -0.671231 0.000000 -7.686488 -0.000000 -0.671231 0.000000 -13.033140 -0.000000 -0.671231  
 18 11 12  0.000000 -10.623927 0.000000 0.693627 0.000000 -6.281406 0.000000 0.693627 0.000000 0.077711 0.000000 0.693627 0.000000 6.436828 -0.000000 0.693627 0.000000 10.779349 -0.000000 0.693627  
 19 12 13  0.000000 13.244982 -0.000000 -0.507068 0.000000 7.812368 -0.000000 -0.507068 0.000000 -0.143063 0.000000 -0.507068 0.000000 -8.098494 0.000000 -0.507068 0.000000 -13.531108 0.000000 -0.507068  
 20 13 10  0.000000 -10.991191 -0.000000 0.480352 0.000000 -6.562709 -0.000000 0.480352 0.000000 -0.077711 0.000000 0.480352 0.000000 6.407286 0.000000 0.480352 0.000000 10.835769 0.000000 0.480352  
 21 15 16  0.000000 5.942900 0.000000 -0.067450 0.000000 3.557757 0.000000 -0.067450 0.000000 0.064993 0.000000 -0.067450 0.000000 -3.427771 -0.000000 -0.067450 0.000000 -5.812914 -0.000000 -0.067450  
 22 16 17  0.000000 -4.153346 0.000000 0.084363 0.000000 -2.461548 0.000000 0.084363 0.000000 0.015893 0.000000 0.084363 0.000000 2.493335 -0.000000 0.084363 0.000000 4.185133 -0.000000 0.084363  
 23 17 18  0.000000 6.028414 -0.000000 -0.065545 0.000000 3.555826 -0.000000 -0.065545 0.000000 -0.064993 0.000000 -0.065545 0.000000 -3.685811 0.000000 -0.065545 0.000000 -6.158400 0.000000 -0.065545  
 24 18 15  0.000000 -4.400633 -0.000000 0.075546 0.000000 -2.621389 -0.000000 0.075546 0.000000 -0.015893 0.000000 0.075546 0.000000 2.589603 0.000000 0.075546 0.000000 4.368846 0.000000 0.075546  
