 1 1 5  -56.064683 -9.309055 -7.063071 -0.000269 -45.331565 -6.843068 -5.122677 -0.000269 -31.273301 -2.974341 -2.116001 -0.000269 -31.130189 2.697453 2.324889 -0.000269 -40.115483 5.423181 4.364317 -0.000269  
 2 2 6  -66.331308 -9.881657 -7.308942 -0.000269 -56.520285 -7.375966 -5.445621 -0.000269 -45.850699 -3.170904 -2.375744 -0.000269 -45.697511 2.889528 2.259461 -0.000269 -51.620059 5.939339 4.474057 -0.000269  
 3 3 7  -51.831071 -9.282219 -6.743555 -0.000269 -40.616469 -6.670408 -4.885950 -0.000269 -25.012499 -2.636781 -2.072298 -0.000269 -25.426316 2.992381 1.902212 -0.000269 -35.916909 5.716762 3.863456 -0.000269  
 4 4 8  -40.638781 -8.548264 -6.433719 -0.000269 -28.858083 -5.935277 -4.482638 -0.000269 -11.008335 -2.011979 -1.534783 -0.000269 -12.107288 2.288720 1.655074 -0.000269 -24.239722 4.957762 3.665590 -0.000269  
 5 5 10  -31.811630 -4.645982 -4.076048 0.102178 -24.422365 -2.939021 -2.562735 0.102178 -19.863037 0.414316 0.417106 0.102178 -26.646410 3.442712 3.086408 0.102178 -34.188226 5.137347 4.580907 0.102178  
 6 6 11  -37.463962 -4.976071 -4.018371 0.102178 -31.061860 -3.215176 -2.560710 0.102178 -28.624655 0.413529 0.472519 0.102178 -33.076156 3.721907 3.196181 0.102178 -39.823404 5.452421 4.618049 0.102178  
 7 7 12  -29.540267 -5.115834 -3.597691 0.102178 -21.395546 -3.228466 -2.171413 0.102178 -14.875318 0.311649 0.472098 0.102178 -23.522507 3.568648 2.796607 0.102178 -31.736561 5.462373 4.192026 0.102178  
 8 8 13  -24.124813 -4.731793 -3.643210 0.102178 -15.417428 -2.848538 -2.130684 0.102178 -5.501920 0.303412 0.408279 0.102178 -17.558007 3.212682 2.650767 0.102178 -26.242851 5.099106 4.145056 0.102178  
 9 10 15  -16.852991 -3.566379 -1.967555 -0.040523 -9.760068 -1.914223 -0.958712 -0.040523 -6.017600 0.865956 0.701098 -0.040523 -16.305998 3.318980 2.142896 -0.040523 -23.356320 4.967515 3.127563 -0.040523  
 10 11 16  -18.865593 -3.726800 -1.912235 -0.040523 -11.951414 -2.072157 -0.941495 -0.040523 -8.635105 0.974567 0.801886 -0.040523 -18.374780 3.464938 2.168482 -0.040523 -25.308015 5.116246 3.109290 -0.040523  
 11 12 17  -15.958462 -3.763146 -1.794928 -0.040523 -8.415431 -1.971358 -0.833429 -0.040523 -3.898965 0.744146 0.620317 -0.040523 -14.951316 3.379234 2.023255 -0.040523 -22.441741 5.160366 2.973298 -0.040523  
 12 13 18  -13.840734 -3.585871 -1.836956 -0.040523 -6.258036 -1.789569 -0.842961 -0.040523 -1.719741 0.595071 0.504265 -0.040523 -12.771349 3.208568 1.996584 -0.040523 -20.322715 4.990153 2.987564 -0.040523  
 13 5 6  0.000000 -8.113151 -0.000000 -0.434310 0.000000 -4.796421 -0.000000 -0.434310 0.000000 0.060544 0.000000 -0.434310 0.000000 4.917509 0.000000 -0.434310 0.000000 8.234239 0.000000 -0.434310  
 14 6 7  0.000000 10.824758 -0.000000 0.568187 0.000000 6.486450 -0.000000 0.568187 0.000000 0.133504 0.000000 0.568187 0.000000 -6.219443 0.000000 0.568187 0.000000 -10.557750 0.000000 0.568187  
 15 7 8  0.000000 -8.196307 0.000000 -0.671946 0.000000 -4.894969 0.000000 -0.671946 0.000000 -0.060544 0.000000 -0.671946 0.000000 4.773881 -0.000000 -0.671946 0.000000 8.075219 -0.000000 -0.671946  
 16 8 5  0.000000 10.519818 0.000000 0.676858 0.000000 6.196903 0.000000 0.676858 0.000000 -0.133504 0.000000 0.676858 0.000000 -6.463910 -0.000000 0.676858 0.000000 -10.786826 -0.000000 0.676858  
 17 10 11  0.000000 -6.476198 0.000000 -0.280454 0.000000 -3.838601 0.000000 -0.280454 0.000000 0.023854 0.000000 -0.280454 0.000000 3.886309 -0.000000 -0.280454 0.000000 6.523906 -0.000000 -0.280454  
 18 11 12  0.000000 9.311380 0.000000 0.323460 0.000000 5.560141 0.000000 0.323460 0.000000 0.066887 0.000000 0.323460 0.000000 -5.426366 -0.000000 0.323460 0.000000 -9.177605 -0.000000 0.323460  
 19 12 13  0.000000 -6.477979 -0.000000 -0.338941 0.000000 -3.859018 -0.000000 -0.338941 0.000000 -0.023854 0.000000 -0.338941 0.000000 3.811310 0.000000 -0.338941 0.000000 6.430271 0.000000 -0.338941  
 20 13 10  0.000000 9.131677 -0.000000 0.346143 0.000000 5.399075 -0.000000 0.346143 0.000000 -0.066887 0.000000 0.346143 0.000000 -5.532850 0.000000 0.346143 0.000000 -9.265452 0.000000 0.346143  
 21 15 16  0.000000 -3.045146 0.000000 -0.093684 0.000000 -1.803773 0.000000 -0.093684 0.000000 0.014074 0.000000 -0.093684 0.000000 1.831920 -0.000000 -0.093684 0.000000 3.073294 -0.000000 -0.093684  
 22 16 17  0.000000 5.143999 0.000000 0.092966 0.000000 3.082812 0.000000 0.092966 0.000000 0.064443 0.000000 0.092966 0.000000 -2.953926 -0.000000 0.092966 0.000000 -5.015114 -0.000000 0.092966  
 23 17 18  0.000000 -3.022260 -0.000000 -0.115376 0.000000 -1.801596 -0.000000 -0.115376 0.000000 -0.014074 0.000000 -0.115376 0.000000 1.773448 0.000000 -0.115376 0.000000 2.994113 0.000000 -0.115376  
 24 18 15  0.000000 4.964080 -0.000000 0.098277 0.000000 2.923601 -0.000000 0.098277 0.000000 -0.064443 0.000000 0.098277 0.000000 -3.052487 0.000000 0.098277 0.000000 -5.092966 0.000000 0.098277  
