 1 1 5  -41.374438 -1.937523 3.445868 -0.010330 -41.061028 -1.490918 2.474090 -0.010330 -41.119728 -0.741083 0.945547 -0.010330 -41.122919 0.007902 -0.580969 -0.010330 -41.090869 0.519611 -1.624541 -0.010330  
 2 2 6  -36.990430 -1.886985 3.390794 -0.010330 -36.353208 -1.489111 2.475355 -0.010330 -36.393769 -0.742214 0.943912 -0.010330 -36.400449 0.008645 -0.591741 -0.010330 -36.366185 0.520986 -1.640148 -0.010330  
 3 3 7  -31.899887 -1.813950 3.283796 -0.010330 -30.835748 -1.460738 2.441376 -0.010330 -30.693459 -0.739029 0.945239 -0.010330 -30.698609 0.020799 -0.592608 -0.010330 -30.667160 0.538770 -1.641721 -0.010330  
 4 4 8  -36.151920 -1.882333 3.368375 -0.010330 -35.448755 -1.488205 2.468735 -0.010330 -35.471211 -0.737887 0.946949 -0.010330 -35.479005 0.019931 -0.581972 -0.010330 -35.444523 0.537233 -1.626228 -0.010330  
 5 5 10  -27.166151 -1.976827 1.555434 -0.012253 -26.972247 -1.277298 0.839649 -0.012253 -26.988961 -0.191847 -0.267050 -0.012253 -26.968942 0.893984 -1.373913 -0.012253 -27.235242 1.582854 -2.073934 -0.012253  
 6 6 11  -24.967401 -1.949509 1.546963 -0.012253 -24.620772 -1.277747 0.851341 -0.012253 -24.639895 -0.191709 -0.265613 -0.012253 -24.617963 0.894582 -1.382445 -0.012253 -25.064643 1.553782 -2.056343 -0.012253  
 7 7 12  -21.503714 -1.911389 1.488444 -0.012253 -20.775656 -1.294093 0.851931 -0.012253 -20.792797 -0.190415 -0.265881 -0.012253 -20.786766 0.910634 -1.380391 -0.012253 -21.632909 1.521077 -1.986928 -0.012253  
 8 8 13  -23.629074 -1.953121 1.508866 -0.012253 -23.149195 -1.293635 0.840261 -0.012253 -23.167866 -0.190610 -0.267296 -0.012253 -23.145266 0.912823 -1.374783 -0.012253 -23.732277 1.561060 -2.018172 -0.012253  
 9 10 15  -13.077985 -1.549393 0.243353 -0.001642 -12.659495 -0.843916 0.003019 -0.001642 -12.664379 0.316454 -0.399846 -0.001642 -13.182728 1.376727 -0.722503 -0.001642 -14.477640 1.939541 -0.865366 -0.001642  
 10 11 16  -12.486899 -1.528625 0.248978 -0.001642 -11.960965 -0.843953 0.009953 -0.001642 -11.965894 0.316541 -0.399977 -0.001642 -12.581794 1.359962 -0.717271 -0.001642 -13.947103 1.913190 -0.863010 -0.001642  
 11 12 17  -11.218533 -1.503885 0.238484 -0.001642 -10.325717 -0.867572 0.010001 -0.001642 -10.330692 0.323402 -0.400099 -0.001642 -11.253598 1.344945 -0.684432 -0.001642 -12.813481 1.890403 -0.831416 -0.001642  
 12 13 18  -11.784543 -1.530295 0.233338 -0.001642 -11.037773 -0.867528 0.003068 -0.001642 -11.042517 0.323312 -0.399972 -0.001642 -11.835490 1.366417 -0.690999 -0.001642 -13.335993 1.918939 -0.834477 -0.001642  
 13 5 6  0.000000 3.273650 0.000000 0.013396 0.000000 1.946216 0.000000 0.013396 0.000000 0.002344 0.000000 0.013396 0.000000 -1.941528 -0.000000 0.013396 0.000000 -3.268961 -0.000000 0.013396  
 14 6 7  0.000000 2.539200 0.000000 -0.032606 0.000000 1.510017 0.000000 -0.032606 0.000000 0.002897 0.000000 -0.032606 0.000000 -1.504222 -0.000000 -0.032606 0.000000 -2.533406 -0.000000 -0.032606  
 15 7 8  0.000000 3.268385 -0.000000 0.021525 0.000000 1.941186 -0.000000 0.021525 0.000000 -0.002344 0.000000 0.021525 0.000000 -1.945874 0.000000 0.021525 0.000000 -3.273074 0.000000 0.021525  
 16 8 5  0.000000 2.533981 -0.000000 -0.023191 0.000000 1.504564 -0.000000 -0.023191 0.000000 -0.002897 0.000000 -0.023191 0.000000 -1.510359 0.000000 -0.023191 0.000000 -2.539776 0.000000 -0.023191  
 17 10 11  0.000000 2.305328 -0.000000 0.016976 0.000000 1.370418 -0.000000 0.016976 0.000000 0.001351 0.000000 0.016976 0.000000 -1.367716 0.000000 0.016976 0.000000 -2.302626 0.000000 0.016976  
 18 11 12  0.000000 3.165877 0.000000 -0.029294 0.000000 1.882791 0.000000 -0.029294 0.000000 0.003859 0.000000 -0.029294 0.000000 -1.875072 -0.000000 -0.029294 0.000000 -3.158159 -0.000000 -0.029294  
 19 12 13  0.000000 2.301791 0.000000 0.023519 0.000000 1.367220 0.000000 0.023519 0.000000 -0.001351 0.000000 0.023519 0.000000 -1.369922 -0.000000 0.023519 0.000000 -2.304493 -0.000000 0.023519  
 20 13 10  0.000000 3.158994 -0.000000 -0.023882 0.000000 1.875568 -0.000000 -0.023882 0.000000 -0.003859 0.000000 -0.023882 0.000000 -1.883287 0.000000 -0.023882 0.000000 -3.166712 0.000000 -0.023882  
 21 15 16  0.000000 0.888214 0.000000 0.012598 0.000000 0.528348 0.000000 0.012598 0.000000 0.001366 0.000000 0.012598 0.000000 -0.525617 -0.000000 0.012598 0.000000 -0.885483 -0.000000 0.012598  
 22 16 17  0.000000 2.023478 0.000000 -0.017732 0.000000 1.205740 0.000000 -0.017732 0.000000 0.008258 0.000000 -0.017732 0.000000 -1.189225 -0.000000 -0.017732 0.000000 -2.006963 -0.000000 -0.017732  
 23 17 18  0.000000 0.884484 -0.000000 0.015126 0.000000 0.525023 -0.000000 0.015126 0.000000 -0.001366 0.000000 0.015126 0.000000 -0.527754 0.000000 0.015126 0.000000 -0.887215 0.000000 0.015126  
 24 18 15  0.000000 2.007962 -0.000000 -0.017109 0.000000 1.189818 -0.000000 -0.017109 0.000000 -0.008258 0.000000 -0.017109 0.000000 -1.206334 0.000000 -0.017109 0.000000 -2.024477 0.000000 -0.017109  
