 1 1 5  -35.956623 0.289782 0.385368 -0.000095 -36.007804 0.209592 0.271437 -0.000095 -36.065166 0.092435 0.104537 -0.000095 -36.069325 -0.025784 -0.060408 -0.000095 -36.038234 -0.106081 -0.174188 -0.000095  
 2 2 6  -35.538244 0.287577 0.387907 -0.000095 -35.589413 0.207785 0.273862 -0.000095 -35.647461 0.091246 0.106750 -0.000095 -35.654425 -0.024933 -0.060787 -0.000095 -35.620706 -0.104614 -0.174933 -0.000095  
 3 3 7  -35.883861 0.285910 0.389991 -0.000095 -35.934736 0.206176 0.275602 -0.000095 -35.991409 0.089668 0.108012 -0.000095 -35.996954 -0.025024 -0.061554 -0.000095 -35.966234 -0.104235 -0.176256 -0.000095  
 4 4 8  -36.299830 0.288094 0.387484 -0.000095 -36.350960 0.207953 0.273201 -0.000095 -36.408870 0.090818 0.105801 -0.000095 -36.417087 -0.025871 -0.061252 -0.000095 -36.383341 -0.105766 -0.175541 -0.000095  
 5 5 10  -23.999415 0.198703 0.179195 0.000173 -24.020059 0.101642 0.086413 0.000173 -24.034564 -0.040931 -0.048994 0.000173 -24.014776 -0.183320 -0.184499 0.000173 -23.992020 -0.280326 -0.277268 0.000173  
 6 6 11  -23.848535 0.198121 0.178751 0.000173 -23.869414 0.101163 0.086278 0.000173 -23.886138 -0.040763 -0.049343 0.000173 -23.864282 -0.182699 -0.184878 0.000173 -23.841475 -0.279589 -0.277318 0.000173  
 7 7 12  -23.964790 0.198120 0.179522 0.000173 -23.985426 0.100960 0.086835 0.000173 -24.000582 -0.040665 -0.049553 0.000173 -23.980191 -0.182520 -0.185610 0.000173 -23.957459 -0.279580 -0.278299 0.000173  
 8 8 13  -24.114546 0.198710 0.179964 0.000173 -24.135389 0.101463 0.086972 0.000173 -24.152323 -0.040804 -0.049125 0.000173 -24.129630 -0.183134 -0.185241 0.000173 -24.106702 -0.280321 -0.278243 0.000173  
 9 10 15  -12.003883 -0.110039 -0.084097 0.000010 -12.013969 -0.086318 -0.070818 0.000010 -12.017753 -0.051882 -0.051059 0.000010 -12.004837 -0.017352 -0.031512 0.000010 -11.990805 0.006366 -0.018249 0.000010  
 10 11 16  -11.994195 -0.110143 -0.084262 0.000010 -12.004405 -0.086375 -0.070898 0.000010 -12.008075 -0.051794 -0.051209 0.000010 -11.995058 -0.017240 -0.031591 0.000010 -11.980985 0.006506 -0.018240 0.000010  
 11 12 17  -11.986015 -0.110037 -0.084160 0.000010 -11.996147 -0.086329 -0.070837 0.000010 -11.999915 -0.051698 -0.051321 0.000010 -11.986842 -0.017154 -0.031724 0.000010 -11.972745 0.006504 -0.018395 0.000010  
 12 13 18  -11.995855 -0.109933 -0.083997 0.000010 -12.005995 -0.086269 -0.070761 0.000010 -12.009618 -0.051788 -0.051171 0.000010 -11.996697 -0.017268 -0.031643 0.000010 -11.982634 0.006363 -0.018407 0.000010  
 13 5 6  0.000000 0.368901 0.000000 -0.001119 0.000000 0.219117 0.000000 -0.001119 0.000000 -0.000225 0.000000 -0.001119 0.000000 -0.219567 -0.000000 -0.001119 0.000000 -0.369351 -0.000000 -0.001119  
 14 6 7  0.000000 -0.316115 0.000000 0.001126 0.000000 -0.187910 0.000000 0.001126 0.000000 -0.000169 0.000000 0.001126 0.000000 0.187573 -0.000000 0.001126 0.000000 0.315778 -0.000000 0.001126  
 15 7 8  0.000000 0.369412 -0.000000 -0.001146 0.000000 0.219603 -0.000000 -0.001146 0.000000 0.000225 0.000000 -0.001146 0.000000 -0.219153 0.000000 -0.001146 0.000000 -0.368962 0.000000 -0.001146  
 16 8 5  0.000000 -0.315839 -0.000000 0.001173 0.000000 -0.187609 -0.000000 0.001173 0.000000 0.000169 0.000000 0.001173 0.000000 0.187947 0.000000 0.001173 0.000000 0.316177 0.000000 0.001173  
 17 10 11  0.000000 0.193748 -0.000000 -0.000480 0.000000 0.115108 -0.000000 -0.000480 0.000000 -0.000052 0.000000 -0.000480 0.000000 -0.115211 0.000000 -0.000480 0.000000 -0.193851 0.000000 -0.000480  
 18 11 12  0.000000 -0.171021 -0.000000 0.000600 0.000000 -0.101641 -0.000000 0.000600 0.000000 -0.000043 0.000000 0.000600 0.000000 0.101555 0.000000 0.000600 0.000000 0.170935 0.000000 0.000600  
 19 12 13  0.000000 0.193935 0.000000 -0.000478 0.000000 0.115261 0.000000 -0.000478 0.000000 0.000052 0.000000 -0.000478 0.000000 -0.115157 -0.000000 -0.000478 0.000000 -0.193831 -0.000000 -0.000478  
 20 13 10  0.000000 -0.171018 0.000000 0.000589 0.000000 -0.101605 0.000000 0.000589 0.000000 0.000043 0.000000 0.000589 0.000000 0.101691 -0.000000 0.000589 0.000000 0.171104 -0.000000 0.000589  
 21 15 16  0.000000 0.013406 -0.000000 -0.000048 0.000000 0.007957 -0.000000 -0.000048 0.000000 -0.000022 0.000000 -0.000048 0.000000 -0.008000 0.000000 -0.000048 0.000000 -0.013449 0.000000 -0.000048  
 22 16 17  0.000000 0.011270 0.000000 0.000061 0.000000 0.006687 0.000000 0.000061 0.000000 -0.000025 0.000000 0.000061 0.000000 -0.006737 -0.000000 0.000061 0.000000 -0.011321 -0.000000 0.000061  
 23 17 18  0.000000 0.013531 0.000000 -0.000049 0.000000 0.008049 0.000000 -0.000049 0.000000 0.000022 0.000000 -0.000049 0.000000 -0.008006 -0.000000 -0.000049 0.000000 -0.013488 -0.000000 -0.000049  
 24 18 15  0.000000 0.011238 -0.000000 0.000061 0.000000 0.006688 -0.000000 0.000061 0.000000 0.000025 0.000000 0.000061 0.000000 -0.006637 0.000000 0.000061 0.000000 -0.011187 0.000000 0.000061  
