 1 1 5  -80.592672 -16.349504 -16.303883 -0.019991 -53.410681 -11.087841 -10.897445 -0.019991 -13.071024 -3.278119 -2.912642 -0.019991 -19.636859 4.085860 4.655971 -0.019991 -47.183268 9.393908 10.131236 -0.019991  
 2 2 6  -106.453043 -17.863282 -17.218421 -0.019991 -80.394334 -12.601755 -12.152673 -0.019991 -43.845125 -4.755336 -4.568442 -0.019991 -47.114173 5.521639 5.339043 -0.019991 -72.059379 10.883230 10.516561 -0.019991  
 3 3 7  -79.409584 -16.808295 -15.745170 -0.019991 -52.107407 -11.203074 -10.645880 -0.019991 -11.599119 -2.917166 -3.075966 -0.019991 -18.575405 4.760930 3.902310 -0.019991 -46.287005 10.436572 9.044222 -0.019991  
 4 4 8  -48.750433 -14.838001 -14.362067 -0.019991 -21.896014 -9.239980 -8.963491 -0.019991 11.604426 -1.414289 -1.376979 -0.019991 6.098704 3.013753 2.910438 -0.019991 -18.322858 8.510014 8.223312 -0.019991  
 5 5 10  -42.562838 -8.109085 -9.108979 0.012473 -22.859130 -4.445391 -5.091012 0.012473 -1.579554 0.670837 0.549376 0.012473 -30.433140 6.102615 6.430979 0.012473 -50.075206 9.762902 10.438889 0.012473  
 6 6 11  -54.008817 -8.914891 -8.644895 0.012473 -35.825705 -5.245550 -5.073544 0.012473 -20.170740 1.333607 1.338748 0.012473 -44.171933 6.917378 6.759451 0.012473 -62.479600 10.580873 10.314662 0.012473  
 7 7 12  -42.053537 -9.409403 -7.830010 0.012473 -22.111197 -5.246476 -4.256187 0.012473 -0.640418 0.485696 0.600803 0.012473 -29.582602 6.555525 5.920354 0.012473 -49.445453 10.707781 9.492773 0.012473  
 8 8 13  -26.661343 -8.290022 -7.991903 0.012473 -6.831746 -4.148640 -3.996774 0.012473 7.402048 0.244007 0.249601 0.012473 -13.115850 5.443238 5.301742 0.012473 -33.107588 9.584235 9.298971 0.012473  
 9 10 15  -16.535321 -3.761133 -3.862145 -0.024979 -5.462167 -1.588553 -1.676316 -0.024979 -2.640174 1.094753 1.022984 -0.024979 -18.783477 4.293453 4.208626 -0.024979 -29.871761 6.465486 6.376843 -0.024979  
 10 11 16  -20.410198 -4.057757 -3.665414 -0.024979 -9.661366 -1.881813 -1.656399 -0.024979 -7.691956 1.410381 1.372030 -0.024979 -23.446415 4.603989 4.311792 -0.024979 -34.130617 6.770730 6.308828 -0.024979  
 11 12 17  -16.435882 -4.260128 -3.399001 -0.024979 -5.268178 -1.864404 -1.404406 -0.024979 -2.133768 1.009873 1.036466 -0.024979 -18.405820 4.472829 4.011320 -0.024979 -29.651876 6.842036 6.020064 -0.024979  
 12 13 18  -12.562192 -3.952065 -3.586374 -0.024979 -1.548055 -1.582612 -1.422374 -0.024979 1.809619 0.738311 0.724045 -0.024979 -13.801847 4.155819 3.894277 -0.024979 -25.306498 6.527619 6.071349 -0.024979  
 13 5 6  0.000000 -17.961107 0.000000 -1.211902 0.000000 -10.547976 0.000000 -1.211902 0.000000 0.307692 0.000000 -1.211902 0.000000 11.163361 -0.000000 -1.211902 0.000000 18.576492 -0.000000 -1.211902  
 14 6 7  0.000000 19.226881 0.000000 1.200521 0.000000 11.563641 0.000000 1.200521 0.000000 0.341718 0.000000 1.200521 0.000000 -10.880204 -0.000000 1.200521 0.000000 -18.543444 -0.000000 1.200521  
 15 7 8  0.000000 -18.399183 -0.000000 -1.756683 0.000000 -11.058001 -0.000000 -1.756683 0.000000 -0.307692 0.000000 -1.756683 0.000000 10.442616 0.000000 -1.756683 0.000000 17.783798 0.000000 -1.756683  
 16 8 5  0.000000 18.366135 -0.000000 1.735376 0.000000 10.774844 -0.000000 1.735376 0.000000 -0.341718 0.000000 1.735376 0.000000 -11.458281 0.000000 1.735376 0.000000 -19.049572 0.000000 1.735376  
 17 10 11  0.000000 -13.518837 -0.000000 -0.673901 0.000000 -7.984139 -0.000000 -0.673901 0.000000 0.120784 0.000000 -0.673901 0.000000 8.225707 0.000000 -0.673901 0.000000 13.760405 0.000000 -0.673901  
 18 11 12  0.000000 14.425357 -0.000000 0.670438 0.000000 8.629555 -0.000000 0.670438 0.000000 0.142278 0.000000 0.670438 0.000000 -8.344998 0.000000 0.670438 0.000000 -14.140800 0.000000 0.670438  
 19 12 13  0.000000 -13.465697 0.000000 -0.834877 0.000000 -8.050586 0.000000 -0.834877 0.000000 -0.120784 0.000000 -0.834877 0.000000 7.809018 -0.000000 -0.834877 0.000000 13.224129 -0.000000 -0.834877  
 20 13 10  0.000000 13.846092 0.000000 0.830723 0.000000 8.169877 0.000000 0.830723 0.000000 -0.142278 0.000000 0.830723 0.000000 -8.454434 -0.000000 0.830723 0.000000 -14.130649 -0.000000 0.830723  
 21 15 16  0.000000 -6.046821 -0.000000 -0.095766 0.000000 -3.573897 -0.000000 -0.095766 0.000000 0.047412 0.000000 -0.095766 0.000000 3.668722 0.000000 -0.095766 0.000000 6.141646 0.000000 -0.095766  
 22 16 17  0.000000 6.596365 -0.000000 0.085708 0.000000 3.944858 -0.000000 0.085708 0.000000 0.062034 0.000000 0.085708 0.000000 -3.820789 0.000000 0.085708 0.000000 -6.472296 0.000000 0.085708  
 23 17 18  0.000000 -5.842014 0.000000 -0.093865 0.000000 -3.490675 0.000000 -0.093865 0.000000 -0.047412 0.000000 -0.093865 0.000000 3.395850 -0.000000 -0.093865 0.000000 5.747189 -0.000000 -0.093865  
 24 18 15  0.000000 6.172665 0.000000 0.089623 0.000000 3.642742 0.000000 0.089623 0.000000 -0.062034 0.000000 0.089623 0.000000 -3.766811 -0.000000 0.089623 0.000000 -6.296733 -0.000000 0.089623  
