 1 1 5  -35.062740 -0.314924 -5.092996 0.126208 -33.199219 -0.430630 -4.104452 0.126208 -32.590122 -0.551550 -2.048419 0.126208 -32.500807 -0.547515 0.392635 0.126208 -31.407043 -0.513782 2.087804 0.126208  
 2 2 6  -46.638434 -0.321680 -5.490218 0.126208 -46.418473 -0.475585 -4.335931 0.126208 -47.552414 -0.540042 -2.109852 0.126208 -47.490517 -0.570924 0.148481 0.126208 -46.519163 -0.576816 1.714648 0.126208  
 3 3 7  -40.009208 -0.375976 -5.254123 0.126208 -38.851329 -0.493335 -4.246936 0.126208 -39.280260 -0.557225 -2.120720 0.126208 -39.202070 -0.529296 0.166664 0.126208 -38.114710 -0.496205 1.772092 0.126208  
 4 4 8  -29.016410 -0.365918 -4.758522 0.126208 -26.491612 -0.450765 -3.813789 0.126208 -23.954607 -0.561763 -2.053351 0.126208 -23.810532 -0.507440 0.411831 0.126208 -22.798817 -0.437344 2.125622 0.126208  
 5 5 10  -29.303112 -2.189155 -5.107229 0.209737 -23.547702 -1.712474 -3.431143 0.209737 -18.885847 -0.923002 -0.288687 0.209737 -21.391039 0.309045 3.135912 0.209737 -26.938522 0.895742 4.779146 0.209737  
 6 6 11  -36.352117 -2.387389 -5.265278 0.209737 -32.012461 -1.941646 -3.594298 0.209737 -30.132880 -0.923458 -0.303375 0.209737 -30.142719 0.357649 3.285890 0.209737 -33.978947 0.982754 4.948987 0.209737  
 7 7 12  -30.835737 -2.334085 -4.947175 0.209737 -25.766791 -1.838881 -3.360138 0.209737 -22.371731 -0.887584 -0.303261 0.209737 -23.591542 0.430923 3.063335 0.209737 -28.358537 1.055150 4.618117 0.209737  
 8 8 13  -23.880252 -2.135684 -4.728727 0.209737 -17.659219 -1.600276 -3.083501 0.209737 -10.456442 -0.884762 -0.285683 0.209737 -15.350353 0.369706 2.764038 0.209737 -21.463505 0.959803 4.383203 0.209737  
 9 10 15  -18.819104 -3.815899 -3.234980 -0.047077 -10.886452 -2.246224 -1.689191 -0.047077 -3.286267 0.132603 0.692111 -0.047077 -14.594940 2.467431 2.944583 -0.047077 -22.444333 4.032073 4.476139 -0.047077  
 10 11 16  -21.459608 -4.030354 -3.087171 -0.047077 -13.892708 -2.475376 -1.625777 -0.047077 -7.203629 0.166238 0.949760 -0.047077 -17.495195 2.628448 3.005135 -0.047077 -25.070221 4.202697 4.421825 -0.047077  
 11 12 17  -18.889234 -3.980214 -2.959861 -0.047077 -11.050000 -2.354345 -1.509151 -0.047077 -3.597218 0.143383 0.732310 -0.047077 -14.640513 2.584770 2.822727 -0.047077 -22.416740 4.213479 4.247981 -0.047077  
 12 13 18  -15.974540 -3.744555 -3.082950 -0.047077 -7.916057 -2.101370 -1.549411 -0.047077 -0.229704 0.101596 0.420051 -0.047077 -11.565150 2.410447 2.730964 -0.047077 -19.599664 4.026647 4.274487 -0.047077  
 13 5 6  0.000000 -7.097860 0.000000 -0.110318 0.000000 -4.195822 0.000000 -0.110318 0.000000 0.053874 0.000000 -0.110318 0.000000 4.303570 -0.000000 -0.110318 0.000000 7.205608 -0.000000 -0.110318  
 14 6 7  0.000000 1.851273 -0.000000 0.205228 0.000000 1.101646 -0.000000 0.205228 0.000000 0.003904 0.000000 0.205228 0.000000 -1.093839 0.000000 0.205228 0.000000 -1.843466 0.000000 0.205228  
 15 7 8  0.000000 -7.202001 -0.000000 -0.115995 0.000000 -4.301427 -0.000000 -0.115995 0.000000 -0.053874 0.000000 -0.115995 0.000000 4.193679 0.000000 -0.115995 0.000000 7.094253 0.000000 -0.115995  
 16 8 5  0.000000 1.839859 0.000000 0.300102 0.000000 1.091695 0.000000 0.300102 0.000000 -0.003904 0.000000 0.300102 0.000000 -1.099502 -0.000000 0.300102 0.000000 -1.847666 -0.000000 0.300102  
 17 10 11  0.000000 -7.991877 -0.000000 -0.208255 0.000000 -4.723423 -0.000000 -0.208255 0.000000 0.062848 0.000000 -0.208255 0.000000 4.849119 0.000000 -0.208255 0.000000 8.117573 0.000000 -0.208255  
 18 11 12  0.000000 4.966576 0.000000 0.250373 0.000000 2.962060 0.000000 0.250373 0.000000 0.026680 0.000000 0.250373 0.000000 -2.908700 -0.000000 0.250373 0.000000 -4.913215 -0.000000 0.250373  
 19 12 13  0.000000 -8.105793 0.000000 -0.228009 0.000000 -4.842119 0.000000 -0.228009 0.000000 -0.062848 0.000000 -0.228009 0.000000 4.716422 -0.000000 -0.228009 0.000000 7.980096 -0.000000 -0.228009  
 20 13 10  0.000000 4.901434 -0.000000 0.335582 0.000000 2.901699 -0.000000 0.335582 0.000000 -0.026680 0.000000 0.335582 0.000000 -2.955060 0.000000 0.335582 0.000000 -4.954795 0.000000 0.335582  
 21 15 16  0.000000 -4.304697 -0.000000 -0.120483 0.000000 -2.542572 -0.000000 -0.120483 0.000000 0.037855 0.000000 -0.120483 0.000000 2.618282 0.000000 -0.120483 0.000000 4.380408 0.000000 -0.120483  
 22 16 17  0.000000 4.179295 0.000000 0.136873 0.000000 2.497605 0.000000 0.136873 0.000000 0.034964 0.000000 0.136873 0.000000 -2.427676 -0.000000 0.136873 0.000000 -4.109367 -0.000000 0.136873  
 23 17 18  0.000000 -4.360516 0.000000 -0.133289 0.000000 -2.606462 0.000000 -0.133289 0.000000 -0.037855 0.000000 -0.133289 0.000000 2.530752 -0.000000 -0.133289 0.000000 4.284806 -0.000000 -0.133289  
 24 18 15  0.000000 4.089475 -0.000000 0.164753 0.000000 2.415856 -0.000000 0.164753 0.000000 -0.034964 0.000000 0.164753 0.000000 -2.485784 0.000000 0.164753 0.000000 -4.159403 0.000000 0.164753  
