 1 1 5  -77.217770 -15.800241 -14.029816 -0.297030 -53.419230 -10.916276 -9.589083 -0.297030 -17.949173 -3.672559 -3.004069 -0.297030 -19.804012 3.743173 3.727429 -0.297030 -44.000368 8.695401 8.215867 -0.297030  
 2 2 6  -100.990163 -17.273221 -14.751002 -0.297030 -78.410140 -12.402342 -10.574751 -0.297030 -47.076840 -5.001983 -4.386316 -0.297030 -46.884410 5.136012 4.140480 -0.297030 -67.762194 10.197679 8.418292 -0.297030  
 3 3 7  -75.019079 -16.185693 -13.461258 -0.297030 -50.645488 -10.927070 -9.290980 -0.297030 -14.458004 -3.147618 -3.079548 -0.297030 -18.030727 4.417317 2.950305 -0.297030 -42.699596 9.752171 7.152707 -0.297030  
 4 4 8  -46.585650 -14.212771 -12.381511 -0.297030 -22.523695 -8.987890 -7.904122 -0.297030 8.577690 -1.587575 -1.461230 -0.297030 5.278473 2.624099 2.199927 -0.297030 -16.424855 7.768193 6.590650 -0.297030  
 5 5 10  -45.254026 -9.178388 -9.898796 -0.013182 -23.420555 -4.999576 -5.533248 -0.013182 0.665540 0.517119 0.353085 -0.013182 -30.641131 6.726415 6.659494 -0.013182 -52.465051 10.907368 11.010885 -0.013182  
 6 6 11  -57.032959 -9.983715 -9.622542 -0.013182 -36.283014 -5.796487 -5.662601 -0.013182 -15.600770 1.357748 1.039127 -0.013182 -44.259615 7.582731 6.996557 -0.013182 -65.008412 11.754170 10.958252 -0.013182  
 7 7 12  -44.735859 -10.466045 -8.791900 -0.013182 -22.437411 -5.770498 -4.814548 -0.013182 1.875903 0.332198 0.333694 -0.013182 -29.350524 7.134210 6.167039 -0.013182 -51.634309 11.820941 10.142305 -0.013182  
 8 8 13  -29.404231 -9.351821 -8.812968 -0.013182 -7.445186 -4.694067 -4.458868 -0.013182 8.470767 0.255241 0.206143 -0.013182 -13.257213 6.004907 5.571448 -0.013182 -35.461100 10.682595 9.914079 -0.013182  
 9 10 15  -13.649708 -2.805383 -3.032951 -0.015577 -4.460628 -1.024728 -1.213426 -0.015577 -5.383910 1.382778 1.222180 -0.015577 -18.884682 4.013111 3.872055 -0.015577 -28.041400 5.790997 5.674444 -0.015577  
 10 11 16  -16.957266 -3.059906 -2.815574 -0.015577 -8.181545 -1.270791 -1.161889 -0.015577 -10.108670 1.659417 1.536032 -0.015577 -23.023404 4.281991 3.958447 -0.015577 -31.765982 6.058163 5.602794 -0.015577  
 11 12 17  -13.602694 -3.318179 -2.572131 -0.015577 -4.273097 -1.322896 -0.931055 -0.015577 -4.815532 1.268876 1.258775 -0.015577 -18.539613 4.164230 3.705207 -0.015577 -27.868690 6.134712 5.355253 -0.015577  
 12 13 18  -10.339991 -3.051027 -2.785067 -0.015577 -1.129183 -1.079901 -0.984894 -0.015577 -0.871965 1.002731 0.950950 -0.015577 -14.529724 3.891697 3.603926 -0.015577 -24.188276 5.864727 5.410868 -0.015577  
 13 5 6  0.000000 -16.964623 -0.000000 -1.202851 0.000000 -9.975015 -0.000000 -1.202851 0.000000 0.260454 0.000000 -1.202851 0.000000 10.495922 0.000000 -1.202851 0.000000 17.485530 0.000000 -1.202851  
 14 6 7  0.000000 19.583472 -0.000000 1.092662 0.000000 11.782669 -0.000000 1.092662 0.000000 0.359300 0.000000 1.092662 0.000000 -11.064069 0.000000 1.092662 0.000000 -18.864873 0.000000 1.092662  
 15 7 8  0.000000 -17.321163 0.000000 -1.799608 0.000000 -10.398252 0.000000 -1.799608 0.000000 -0.260454 0.000000 -1.799608 0.000000 9.877344 -0.000000 -1.799608 0.000000 16.800255 -0.000000 -1.799608  
 16 8 5  0.000000 18.700505 0.000000 1.564000 0.000000 10.966399 0.000000 1.564000 0.000000 -0.359300 0.000000 1.564000 0.000000 -11.684998 -0.000000 1.564000 0.000000 -19.419104 -0.000000 1.564000  
 17 10 11  0.000000 -13.261651 -0.000000 -0.704362 0.000000 -7.832361 -0.000000 -0.704362 0.000000 0.118204 0.000000 -0.704362 0.000000 8.068768 0.000000 -0.704362 0.000000 13.498058 0.000000 -0.704362  
 18 11 12  0.000000 14.537163 -0.000000 0.665851 0.000000 8.697073 -0.000000 0.665851 0.000000 0.144941 0.000000 0.665851 0.000000 -8.407192 0.000000 0.665851 0.000000 -14.247281 0.000000 0.665851  
 19 12 13  0.000000 -13.224267 0.000000 -0.801293 0.000000 -7.906076 0.000000 -0.801293 0.000000 -0.118204 0.000000 -0.801293 0.000000 7.669668 -0.000000 -0.801293 0.000000 12.987859 -0.000000 -0.801293  
 20 13 10  0.000000 13.973490 0.000000 0.775674 0.000000 8.244499 0.000000 0.775674 0.000000 -0.144941 0.000000 0.775674 0.000000 -8.534381 -0.000000 0.775674 0.000000 -14.263371 -0.000000 0.775674  
 21 15 16  0.000000 -5.431588 0.000000 -0.073328 0.000000 -3.213846 0.000000 -0.073328 0.000000 0.033778 0.000000 -0.073328 0.000000 3.281402 -0.000000 -0.073328 0.000000 5.499144 -0.000000 -0.073328  
 22 16 17  0.000000 5.946683 0.000000 0.061949 0.000000 3.552329 0.000000 0.061949 0.000000 0.046075 0.000000 0.061949 0.000000 -3.460178 -0.000000 0.061949 0.000000 -5.854532 -0.000000 0.061949  
 23 17 18  0.000000 -5.221788 -0.000000 -0.074659 0.000000 -3.116592 -0.000000 -0.074659 0.000000 -0.033778 0.000000 -0.074659 0.000000 3.049036 0.000000 -0.074659 0.000000 5.154232 0.000000 -0.074659  
 24 18 15  0.000000 5.577176 -0.000000 0.069566 0.000000 3.295368 -0.000000 0.069566 0.000000 -0.046075 0.000000 0.069566 0.000000 -3.387519 0.000000 0.069566 0.000000 -5.669327 0.000000 0.069566  
