 1 1 5  -80.957621 -3.146070 16.202016 -0.865238 -65.795975 -2.381871 11.991894 -0.865238 -45.301289 -1.423947 5.404815 -0.865238 -43.543967 0.009952 -4.635892 -0.865238 -55.825518 0.902730 -9.305021 -0.865238  
 2 2 6  -58.960530 -2.829665 14.909545 -0.865238 -41.547884 -2.066993 10.313968 -0.865238 -15.000047 -1.044466 3.398453 -0.865238 -16.706600 -0.000029 -3.954126 -0.865238 -34.752805 0.729415 -8.658782 -0.865238  
 3 3 7  -46.051556 -2.817536 13.759992 -0.865238 -28.853902 -1.986342 9.194350 -0.865238 -3.090936 -0.805316 2.349746 -0.865238 -4.611903 0.063033 -2.858161 -0.865238 -22.077866 0.786482 -7.527141 -0.865238  
 4 4 8  -69.850346 -3.158854 15.309632 -0.865238 -54.378691 -2.334229 11.131669 -0.865238 -31.698433 -1.251563 4.783800 -0.865238 -29.095741 0.112951 -4.107250 -0.865238 -43.961156 0.977663 -8.467727 -0.865238  
 5 5 10  -49.237200 -4.846760 10.280826 -0.494258 -32.291435 -3.172351 5.971743 -0.494258 -16.593459 -0.570147 -1.751063 -0.494258 -39.406786 2.278707 -8.247141 -0.494258 -56.315962 4.022215 -12.506005 -0.494258  
 6 6 11  -40.758600 -4.493100 10.681772 -0.494258 -21.694699 -2.768434 5.888390 -0.494258 -0.195342 -0.284466 -0.595550 -0.494258 -27.593995 2.056515 -7.665964 -0.494258 -46.582549 3.767612 -12.447961 -0.494258  
 7 7 12  -30.768700 -4.391875 9.822875 -0.494258 -12.067833 -2.568950 5.057452 -0.494258 4.573727 -0.134964 -0.339136 -0.494258 -17.702982 2.022588 -6.779488 -0.494258 -36.474659 3.791619 -11.555348 -0.494258  
 8 8 13  -41.207121 -4.805336 9.648738 -0.494258 -24.045979 -3.026303 5.362768 -0.494258 -6.288049 -0.391317 -1.261098 -0.494258 -31.231783 2.293369 -7.585779 -0.494258 -48.380334 4.091373 -11.845671 -0.494258  
 9 10 15  -16.606102 -3.569699 0.516868 0.105572 -10.981576 -2.055820 -0.421644 0.105572 -10.790220 0.586849 -1.961049 0.105572 -18.558536 2.967420 -3.122184 0.105572 -24.456140 4.507655 -3.924107 0.105572  
 10 11 16  -14.160546 -3.350048 0.962702 0.105572 -8.054244 -1.844868 -0.047549 0.105572 -7.468344 0.542472 -1.619569 0.105572 -16.005921 2.825165 -3.035015 0.105572 -22.231392 4.343631 -3.990515 0.105572  
 11 12 17  -11.532827 -3.288017 0.908138 0.105572 -5.080222 -1.680831 -0.042140 0.105572 -3.957953 0.472251 -1.327279 0.105572 -12.854246 2.769608 -2.823998 0.105572 -19.412399 4.342606 -3.821033 0.105572  
 12 13 18  -13.898137 -3.510386 0.487538 0.105572 -7.788572 -1.908023 -0.378921 0.105572 -7.029229 0.523084 -1.678217 0.105572 -15.256325 2.917396 -2.915287 0.105572 -21.602934 4.512031 -3.758566 0.105572  
 13 5 6  0.000000 19.333290 -0.000000 0.297168 0.000000 11.633257 -0.000000 0.297168 0.000000 0.357454 0.000000 0.297168 0.000000 -10.918349 0.000000 0.297168 0.000000 -18.618382 0.000000 0.297168  
 14 6 7  0.000000 5.497976 -0.000000 -1.178675 0.000000 3.276739 -0.000000 -1.178675 0.000000 0.023997 0.000000 -1.178675 0.000000 -3.228745 0.000000 -1.178675 0.000000 -5.449982 0.000000 -1.178675  
 15 7 8  0.000000 18.559002 0.000000 0.342970 0.000000 10.883064 0.000000 0.342970 0.000000 -0.357454 0.000000 0.342970 0.000000 -11.597972 -0.000000 0.342970 0.000000 -19.273910 -0.000000 0.342970  
 16 8 5  0.000000 5.509362 0.000000 -0.758990 0.000000 3.264030 0.000000 -0.758990 0.000000 -0.023997 0.000000 -0.758990 0.000000 -3.312024 -0.000000 -0.758990 0.000000 -5.557356 -0.000000 -0.758990  
 17 10 11  0.000000 13.020665 -0.000000 0.220927 0.000000 7.790837 -0.000000 0.220927 0.000000 0.132362 0.000000 0.220927 0.000000 -7.526112 0.000000 0.220927 0.000000 -12.755940 0.000000 0.220927  
 18 11 12  0.000000 7.422126 -0.000000 -0.595602 0.000000 4.428928 -0.000000 -0.595602 0.000000 0.045736 0.000000 -0.595602 0.000000 -4.337455 0.000000 -0.595602 0.000000 -7.330654 0.000000 -0.595602  
 19 12 13  0.000000 12.638034 0.000000 0.265991 0.000000 7.456050 0.000000 0.265991 0.000000 -0.132362 0.000000 0.265991 0.000000 -7.720775 -0.000000 0.265991 0.000000 -12.902759 -0.000000 0.265991  
 20 13 10  0.000000 7.448560 0.000000 -0.451181 0.000000 4.407517 0.000000 -0.451181 0.000000 -0.045736 0.000000 -0.451181 0.000000 -4.498990 -0.000000 -0.451181 0.000000 -7.540032 -0.000000 -0.451181  
 21 15 16  0.000000 3.812956 -0.000000 0.058834 0.000000 2.262768 -0.000000 0.058834 0.000000 -0.007301 0.000000 0.058834 0.000000 -2.277371 0.000000 0.058834 0.000000 -3.827559 0.000000 0.058834  
 22 16 17  0.000000 4.397733 -0.000000 -0.084077 0.000000 2.630802 -0.000000 -0.084077 0.000000 0.043337 0.000000 -0.084077 0.000000 -2.544127 0.000000 -0.084077 0.000000 -4.311058 0.000000 -0.084077  
 23 17 18  0.000000 3.707913 0.000000 0.064146 0.000000 2.206275 0.000000 0.064146 0.000000 0.007301 0.000000 0.064146 0.000000 -2.191672 -0.000000 0.064146 0.000000 -3.693310 -0.000000 0.064146  
 24 18 15  0.000000 4.430704 0.000000 -0.075258 0.000000 2.615223 0.000000 -0.075258 0.000000 -0.043337 0.000000 -0.075258 0.000000 -2.701898 -0.000000 -0.075258 0.000000 -4.517378 -0.000000 -0.075258  
