 1 1 5  -54.060924 8.344541 8.590725 0.187663 -42.910384 6.072521 6.255509 0.187663 -27.053900 2.562648 2.615768 0.187663 -26.722765 -2.434805 -2.572043 0.187663 -37.147845 -4.845756 -5.074047 0.187663  
 2 2 6  -39.540096 7.601505 8.001263 0.187663 -27.509238 5.305292 5.531185 0.187663 -8.902780 1.807195 1.750858 0.187663 -9.536111 -1.713191 -2.055365 0.187663 -22.147676 -4.088384 -4.618811 0.187663  
 3 3 7  -55.457079 8.195496 8.897305 0.187663 -44.390331 6.052275 6.433691 0.187663 -28.668147 2.773614 2.519066 0.187663 -28.348584 -2.024836 -3.027215 0.187663 -38.557256 -4.365543 -5.626850 0.187663  
 4 4 8  -68.796991 8.791503 9.323455 0.187663 -58.919588 6.643867 6.958370 0.187663 -47.639006 3.087059 2.964278 0.187663 -47.300116 -2.303596 -2.929042 0.187663 -53.267732 -4.946349 -5.822707 0.187663  
 5 5 10  -32.897704 5.951400 4.323172 -0.039443 -23.043291 3.743812 2.600992 -0.039443 -13.671321 -0.171837 -0.491162 -0.039443 -24.744850 -3.896476 -3.242710 -0.039443 -34.520960 -6.103431 -4.933685 -0.039443  
 6 6 11  -25.579767 5.407820 4.440193 -0.039443 -15.094633 3.197359 2.569328 -0.039443 -1.128046 -0.108202 -0.254194 -0.039443 -16.675824 -3.398062 -3.049330 -0.039443 -27.069685 -5.597064 -4.905724 -0.039443  
 7 7 12  -33.540814 5.421300 4.901040 -0.039443 -24.089682 3.408013 3.027452 -0.039443 -15.686164 -0.245059 -0.400509 -0.039443 -25.912033 -3.671828 -3.538960 -0.039443 -35.347037 -5.681873 -5.384169 -0.039443  
 8 8 13  -40.960958 5.900583 4.754724 -0.039443 -32.628525 3.851669 3.003356 -0.039443 -28.035397 -0.245011 -0.491238 -0.039443 -34.379928 -4.080815 -3.681361 -0.039443 -42.845057 -6.129497 -5.376286 -0.039443  
 9 10 15  -16.871405 3.612146 2.931817 -0.013607 -8.439859 1.830390 1.461284 -0.013607 -3.623826 -0.769089 -0.689220 -0.013607 -15.988518 -3.381982 -2.845552 -0.013607 -24.327996 -5.151430 -4.302324 -0.013607  
 10 11 16  -13.845902 3.384935 2.965140 -0.013607 -5.346226 1.603508 1.413911 -0.013607 -0.548196 -0.556947 -0.503434 -0.013607 -12.782616 -3.157934 -2.779439 -0.013607 -21.256267 -4.923579 -4.322525 -0.013607  
 11 12 17  -17.022276 3.320453 3.176174 -0.013607 -8.804472 1.665078 1.626211 -0.013607 -4.338415 -0.831753 -0.712888 -0.013607 -16.403402 -3.256173 -2.991530 -0.013607 -24.535837 -4.898594 -4.527783 -0.013607  
 12 13 18  -19.868161 3.519658 3.126279 -0.013607 -11.931767 1.863135 1.657281 -0.013607 -8.040694 -1.021189 -0.878349 -0.013607 -19.472450 -3.454963 -3.037523 -0.013607 -27.382038 -5.100477 -4.488833 -0.013607  
 13 5 6  0.000000 10.222015 -0.000000 -0.759263 0.000000 6.116304 -0.000000 -0.759263 0.000000 0.103969 0.000000 -0.759263 0.000000 -5.908367 0.000000 -0.759263 0.000000 -10.014078 0.000000 -0.759263  
 14 6 7  0.000000 -10.355540 -0.000000 0.855394 0.000000 -6.105316 -0.000000 0.855394 0.000000 0.118642 0.000000 0.855394 0.000000 6.342601 0.000000 0.855394 0.000000 10.592824 0.000000 0.855394  
 15 7 8  0.000000 10.064842 0.000000 -0.566904 0.000000 5.938532 0.000000 -0.566904 0.000000 -0.103969 0.000000 -0.566904 0.000000 -6.146469 -0.000000 -0.566904 0.000000 -10.272779 -0.000000 -0.566904  
 16 8 5  0.000000 -10.643588 0.000000 0.623705 0.000000 -6.372765 0.000000 0.623705 0.000000 -0.118642 0.000000 0.623705 0.000000 6.135481 -0.000000 0.623705 0.000000 10.406303 -0.000000 0.623705  
 17 10 11  0.000000 8.426162 0.000000 -0.467043 0.000000 5.024913 0.000000 -0.467043 0.000000 0.044181 0.000000 -0.467043 0.000000 -4.936551 -0.000000 -0.467043 0.000000 -8.337800 -0.000000 -0.467043  
 18 11 12  0.000000 -9.477286 0.000000 0.444052 0.000000 -5.602734 0.000000 0.444052 0.000000 0.071097 0.000000 0.444052 0.000000 5.744928 -0.000000 0.444052 0.000000 9.619480 -0.000000 0.444052  
 19 12 13  0.000000 8.402424 -0.000000 -0.386483 0.000000 4.974952 -0.000000 -0.386483 0.000000 -0.044181 0.000000 -0.386483 0.000000 -5.063315 0.000000 -0.386483 0.000000 -8.490786 0.000000 -0.386483  
 20 13 10  0.000000 -9.684104 -0.000000 0.383065 0.000000 -5.783329 -0.000000 0.383065 0.000000 -0.071097 0.000000 0.383065 0.000000 5.641135 0.000000 0.383065 0.000000 9.541910 0.000000 0.383065  
 21 15 16  0.000000 4.358768 0.000000 -0.150092 0.000000 2.604127 0.000000 -0.150092 0.000000 0.034658 0.000000 -0.150092 0.000000 -2.534811 -0.000000 -0.150092 0.000000 -4.289452 -0.000000 -0.150092  
 22 16 17  0.000000 -4.869743 0.000000 0.138271 0.000000 -2.872845 0.000000 0.138271 0.000000 0.051381 0.000000 0.138271 0.000000 2.975607 -0.000000 0.138271 0.000000 4.972505 -0.000000 0.138271  
 23 17 18  0.000000 4.362340 -0.000000 -0.128265 0.000000 2.578122 -0.000000 -0.128265 0.000000 -0.034658 0.000000 -0.128265 0.000000 -2.647438 0.000000 -0.128265 0.000000 -4.431656 0.000000 -0.128265  
 24 18 15  0.000000 -5.045393 -0.000000 0.122067 0.000000 -3.018918 -0.000000 0.122067 0.000000 -0.051381 0.000000 0.122067 0.000000 2.916156 0.000000 0.122067 0.000000 4.942631 0.000000 0.122067  
