 1 1 5  -33.089413 2.740387 -0.939220 0.000347 -33.096038 1.882782 -0.748843 0.000347 -33.153400 0.613830 -0.458031 0.000347 -33.157559 -0.656184 -0.165264 0.000347 -33.126468 -1.523020 0.033520 0.000347  
 2 2 6  -36.724618 2.747306 -0.944905 0.000347 -36.775787 1.880975 -0.746407 0.000347 -36.833835 0.612642 -0.455836 0.000347 -36.840799 -0.655333 -0.165690 0.000347 -36.807081 -1.521553 0.032707 0.000347  
 3 3 7  -38.790478 2.745470 -0.942821 0.000347 -38.841353 1.879306 -0.744667 0.000347 -38.898026 0.611161 -0.454574 0.000347 -38.903571 -0.655166 -0.166457 0.000347 -38.872851 -1.520808 0.031384 0.000347  
 4 4 8  -35.118713 2.746375 -0.944209 0.000347 -35.163733 1.881082 -0.747079 0.000347 -35.221643 0.612311 -0.456766 0.000347 -35.229860 -0.656013 -0.166108 0.000347 -35.196114 -1.522339 0.032166 0.000347  
 5 5 10  -22.447984 0.516680 -1.503835 0.000177 -22.468629 0.151328 -0.964722 0.000177 -22.483134 -0.384125 -0.174791 0.000177 -22.463345 -0.919394 0.615042 0.000177 -22.449761 -1.282854 1.152359 0.000177  
 6 6 11  -24.993071 0.516098 -1.503375 0.000177 -25.013949 0.150849 -0.964510 0.000177 -25.030673 -0.383957 -0.175609 0.000177 -25.008817 -0.918772 0.613378 0.000177 -24.986011 -1.283953 1.152277 0.000177  
 7 7 12  -25.515225 0.515671 -1.502604 0.000177 -25.535861 0.150367 -0.963953 0.000177 -25.551017 -0.383922 -0.175819 0.000177 -25.530626 -0.918441 0.612646 0.000177 -25.507894 -1.283645 1.151296 0.000177  
 8 8 13  -22.969920 0.516261 -1.503067 0.000177 -22.990762 0.150871 -0.964163 0.000177 -23.007697 -0.384061 -0.174922 0.000177 -22.985004 -0.919055 0.614300 0.000177 -22.962076 -1.284385 1.153194 0.000177  
 9 10 15  -11.547212 -0.489616 -0.958852 -0.001637 -11.490481 -0.393024 -0.488987 -0.001637 -11.494264 -0.234375 0.219124 -0.001637 -11.481348 -0.075631 0.927023 -0.001637 -11.725765 0.029788 1.356699 -0.001637  
 10 11 16  -12.518485 -0.496270 -0.960948 -0.001637 -12.500072 -0.393081 -0.486379 -0.001637 -12.503742 -0.234286 0.217163 -0.001637 -12.490725 -0.075518 0.920633 -0.001637 -12.607972 0.030626 1.373545 -0.001637  
 11 12 17  -12.481152 -0.496104 -0.960632 -0.001637 -12.461608 -0.393128 -0.486318 -0.001637 -12.465375 -0.234226 0.217051 -0.001637 -12.452302 -0.075410 0.920500 -0.001637 -12.573481 0.030602 1.372570 -0.001637  
 12 13 18  -11.510550 -0.489334 -0.958408 -0.001637 -11.452081 -0.393067 -0.488930 -0.001637 -11.455704 -0.234316 0.219012 -0.001637 -11.442783 -0.075524 0.926892 -0.001637 -11.691481 0.029836 1.355654 -0.001637  
 13 5 6  0.000000 -1.561753 -0.000000 -0.000033 0.000000 -0.928110 -0.000000 -0.000033 0.000000 -0.000213 0.000000 -0.000033 0.000000 0.927683 0.000000 -0.000033 0.000000 1.561326 0.000000 -0.000033  
 14 6 7  0.000000 -2.131156 -0.000000 0.001155 0.000000 -1.266416 -0.000000 0.001155 0.000000 -0.000105 0.000000 0.001155 0.000000 1.266206 0.000000 0.001155 0.000000 2.130947 0.000000 0.001155  
 15 7 8  0.000000 -1.561318 0.000000 -0.001045 0.000000 -0.927678 0.000000 -0.001045 0.000000 0.000213 0.000000 -0.001045 0.000000 0.928105 -0.000000 -0.001045 0.000000 1.561744 -0.000000 -0.001045  
 16 8 5  0.000000 -2.130955 0.000000 0.000295 0.000000 -1.266211 0.000000 0.000295 0.000000 0.000105 0.000000 0.000295 0.000000 1.266421 -0.000000 0.000295 0.000000 2.131165 -0.000000 0.000295  
 17 10 11  0.000000 -2.147221 0.000000 -0.001625 0.000000 -1.275812 0.000000 -0.001625 0.000000 0.000264 0.000000 -0.001625 0.000000 1.276340 -0.000000 -0.001625 0.000000 2.147748 -0.000000 -0.001625  
 18 11 12  0.000000 -0.772417 0.000000 0.000766 0.000000 -0.458993 0.000000 0.000766 0.000000 -0.000020 0.000000 0.000766 0.000000 0.458953 -0.000000 0.000766 0.000000 0.772377 -0.000000 0.000766  
 19 12 13  0.000000 -2.147729 -0.000000 -0.002045 0.000000 -1.276329 -0.000000 -0.002045 0.000000 -0.000264 0.000000 -0.002045 0.000000 1.275801 0.000000 -0.002045 0.000000 2.147202 0.000000 -0.002045  
 20 13 10  0.000000 -0.772396 -0.000000 0.000392 0.000000 -0.458964 -0.000000 0.000392 0.000000 0.000020 0.000000 0.000392 0.000000 0.459005 0.000000 0.000392 0.000000 0.772436 0.000000 0.000392  
 21 15 16  0.000000 -1.365562 -0.000000 -0.000902 0.000000 -0.810848 -0.000000 -0.000902 0.000000 0.001467 0.000000 -0.000902 0.000000 0.813781 0.000000 -0.000902 0.000000 1.368496 0.000000 -0.000902  
 22 16 17  0.000000 0.052197 0.000000 0.000297 0.000000 0.031006 0.000000 0.000297 0.000000 -0.000025 0.000000 0.000297 0.000000 -0.031057 -0.000000 0.000297 0.000000 -0.052248 -0.000000 0.000297  
 23 17 18  0.000000 -1.368474 0.000000 -0.000899 0.000000 -0.813769 0.000000 -0.000899 0.000000 -0.001467 0.000000 -0.000899 0.000000 0.810835 -0.000000 -0.000899 0.000000 1.365541 -0.000000 -0.000899  
 24 18 15  0.000000 0.052227 -0.000000 0.000325 0.000000 0.031044 -0.000000 0.000325 0.000000 0.000025 0.000000 0.000325 0.000000 -0.030994 0.000000 0.000325 0.000000 -0.052176 0.000000 0.000325  
