 1 1 5  -42.051311 4.327393 -9.698586 -0.528779 -30.455911 3.084404 -6.746250 -0.528779 -13.049128 1.326608 -2.309288 -0.528779 -14.139375 -0.642664 2.833840 -0.528779 -26.007918 -1.892783 5.839870 -0.528779  
 2 2 6  -54.478955 4.692588 -10.460688 -0.528779 -43.788246 3.448073 -7.623526 -0.528779 -29.666358 1.726281 -3.158651 -0.528779 -29.137228 -0.851891 3.371731 -0.528779 -38.431933 -2.170135 6.400597 -0.528779  
 3 3 7  -64.823641 4.767568 -11.223053 -0.528779 -54.782582 3.597063 -8.332933 -0.528779 -43.960811 1.949644 -3.401095 -0.528779 -43.681905 -0.775330 3.587430 -0.528779 -49.737064 -2.123231 7.096444 -0.528779  
 4 4 8  -53.328522 4.441229 -10.610111 -0.528779 -42.099637 3.274363 -7.625594 -0.528779 -26.829101 1.714519 -2.957077 -0.528779 -27.246678 -0.627630 3.642176 -0.528779 -37.752380 -1.877945 6.740952 -0.528779  
 5 5 10  -25.090117 4.264455 -4.634658 -0.171152 -15.826599 2.673268 -2.510508 -0.171152 -6.923618 0.101284 1.060141 -0.171152 -20.122468 -2.437666 4.126566 -0.171152 -29.454952 -4.079062 6.198777 -0.171152  
 6 6 11  -29.764786 4.606897 -4.457992 -0.171152 -21.415857 3.047079 -2.423646 -0.171152 -15.074678 0.131980 1.415096 -0.171152 -25.668667 -2.642042 4.382732 -0.171152 -34.325985 -4.311707 6.293490 -0.171152  
 7 7 12  -36.234971 4.683535 -4.828186 -0.171152 -28.822806 3.211667 -2.724487 -0.171152 -25.327926 0.133877 1.415118 -0.171152 -32.650336 -2.682569 4.824400 -0.171152 -40.687592 -4.288571 6.747785 -0.171152  
 8 8 13  -31.641680 4.364598 -5.056685 -0.171152 -22.986235 2.887338 -2.883608 -0.171152 -16.824448 0.133104 1.273721 -0.171152 -27.110341 -2.498883 4.626914 -0.171152 -36.014760 -4.078854 6.695594 -0.171152  
 9 10 15  -11.637853 2.566099 -0.054386 0.061237 -7.409250 1.392804 0.347300 0.061237 -6.541070 -0.653763 1.018190 0.061237 -12.447471 -2.472094 1.449736 0.061237 -16.851539 -3.633374 1.799481 0.061237  
 10 11 16  -12.865282 2.658643 0.045927 0.061237 -8.742493 1.477300 0.441820 0.061237 -7.969821 -0.691790 1.117978 0.061237 -13.641485 -2.557663 1.469618 0.061237 -17.986502 -3.723162 1.786851 0.061237  
 11 12 17  -14.967538 2.661513 0.045229 0.061237 -11.604430 1.519260 0.501818 0.061237 -11.438086 -0.788015 1.253492 0.061237 -16.151673 -2.618831 1.567438 0.061237 -20.047987 -3.715930 1.868889 0.061237  
 12 13 18  -13.768253 2.572859 -0.057745 0.061237 -10.139824 1.457759 0.395517 0.061237 -9.896852 -0.756212 1.171558 0.061237 -14.943570 -2.538779 1.548178 0.061237 -18.916766 -3.631050 1.881307 0.061237  
 13 5 6  0.000000 -11.410374 -0.000000 0.351057 0.000000 -6.732124 -0.000000 0.351057 0.000000 0.118630 0.000000 0.351057 0.000000 6.969383 0.000000 0.351057 0.000000 11.647633 0.000000 0.351057  
 14 6 7  0.000000 -6.657695 0.000000 -0.552452 0.000000 -3.939425 0.000000 -0.552452 0.000000 0.041164 0.000000 -0.552452 0.000000 4.021754 -0.000000 -0.552452 0.000000 6.740023 -0.000000 -0.552452  
 15 7 8  0.000000 -11.680486 0.000000 0.312394 0.000000 -6.988905 0.000000 0.312394 0.000000 -0.118630 0.000000 0.312394 0.000000 6.751645 -0.000000 0.312394 0.000000 11.443227 -0.000000 0.312394  
 16 8 5  0.000000 -6.707170 -0.000000 -0.765478 0.000000 -4.002232 -0.000000 -0.765478 0.000000 -0.041164 0.000000 -0.765478 0.000000 3.919903 0.000000 -0.765478 0.000000 6.624842 0.000000 -0.765478  
 17 10 11  0.000000 -6.655977 0.000000 0.206534 0.000000 -3.944471 0.000000 0.206534 0.000000 0.026215 0.000000 0.206534 0.000000 3.996900 -0.000000 0.206534 0.000000 6.708406 -0.000000 0.206534  
 18 11 12  0.000000 -7.000208 0.000000 -0.252234 0.000000 -4.142706 0.000000 -0.252234 0.000000 0.041775 0.000000 -0.252234 0.000000 4.226255 -0.000000 -0.252234 0.000000 7.083758 -0.000000 -0.252234  
 19 12 13  0.000000 -6.751078 -0.000000 0.185155 0.000000 -4.022256 -0.000000 0.185155 0.000000 -0.026215 0.000000 0.185155 0.000000 3.969827 0.000000 0.185155 0.000000 6.698649 0.000000 0.185155  
 20 13 10  0.000000 -7.041086 -0.000000 -0.322692 0.000000 -4.200899 -0.000000 -0.322692 0.000000 -0.041775 0.000000 -0.322692 0.000000 4.117349 0.000000 -0.322692 0.000000 6.957537 0.000000 -0.322692  
 21 15 16  0.000000 -1.806198 0.000000 0.043593 0.000000 -1.073866 0.000000 0.043593 0.000000 -0.001452 0.000000 0.043593 0.000000 1.070963 -0.000000 0.043593 0.000000 1.803294 -0.000000 0.043593  
 22 16 17  0.000000 -3.759808 0.000000 -0.039595 0.000000 -2.218929 0.000000 -0.039595 0.000000 0.037508 0.000000 -0.039595 0.000000 2.293946 -0.000000 -0.039595 0.000000 3.834824 -0.000000 -0.039595  
 23 17 18  0.000000 -1.846815 -0.000000 0.037811 0.000000 -1.096823 -0.000000 0.037811 0.000000 0.001452 0.000000 0.037811 0.000000 1.099727 0.000000 0.037811 0.000000 1.849718 0.000000 0.037811  
 24 18 15  0.000000 -3.791304 -0.000000 -0.043421 0.000000 -2.268085 -0.000000 -0.043421 0.000000 -0.037508 0.000000 -0.043421 0.000000 2.193069 0.000000 -0.043421 0.000000 3.716288 0.000000 -0.043421  
