 1 1 5  -38.293089 -0.344091 1.738328 -0.000466 -38.339058 -0.305212 1.218348 -0.000466 -38.390951 -0.248252 0.457070 -0.000466 -38.394641 -0.192604 -0.302735 -0.000466 -38.365716 -0.153998 -0.822240 -0.000466  
 2 2 6  -36.246760 -0.345797 1.740307 -0.000466 -36.293285 -0.306614 1.220264 -0.000466 -36.346669 -0.249208 0.458868 -0.000466 -36.352252 -0.191816 -0.302804 -0.000466 -36.321036 -0.152868 -0.822783 -0.000466  
 3 3 7  -33.561728 -0.347233 1.741587 -0.000466 -33.608377 -0.308042 1.221335 -0.000466 -33.660771 -0.250664 0.459752 -0.000466 -33.666771 -0.191807 -0.303356 -0.000466 -33.636533 -0.152507 -0.823514 -0.000466  
 4 4 8  -35.606607 -0.345529 1.739552 -0.000466 -35.652798 -0.306643 1.219365 -0.000466 -35.705311 -0.249708 0.457844 -0.000466 -35.712090 -0.192491 -0.303000 -0.000466 -35.680597 -0.153680 -0.822889 -0.000466  
 5 5 10  -25.469993 -0.996039 0.705804 -0.000057 -25.486517 -0.684018 0.348312 -0.000057 -25.498719 -0.227851 -0.174503 -0.000057 -25.481319 0.228416 -0.697173 -0.000057 -25.462704 0.540290 -1.054462 -0.000057  
 6 6 11  -24.574465 -0.996519 0.705519 -0.000057 -24.591443 -0.684376 0.348240 -0.000057 -24.605563 -0.227643 -0.174693 -0.000057 -24.586354 0.228942 -0.697474 -0.000057 -24.567450 0.540949 -1.054543 -0.000057  
 7 7 12  -22.500974 -0.996518 0.706106 -0.000057 -22.518129 -0.684524 0.348681 -0.000057 -22.531960 -0.227438 -0.174849 -0.000057 -22.513176 0.229209 -0.697843 -0.000057 -22.493775 0.541047 -1.055053 -0.000057  
 8 8 13  -23.395734 -0.996018 0.706385 -0.000057 -23.412754 -0.684129 0.348751 -0.000057 -23.427229 -0.227535 -0.174481 -0.000057 -23.407479 0.228680 -0.697500 -0.000057 -23.388217 0.540386 -1.054936 -0.000057  
 9 10 15  -12.533780 -1.052568 -0.091493 -0.001236 -12.543044 -0.583217 -0.133524 -0.001236 -12.546698 0.103683 -0.194750 -0.001236 -12.535644 0.790887 -0.256323 -0.001236 -12.607238 1.243176 -0.285607 -0.001236  
 10 11 16  -12.334377 -1.052656 -0.091353 -0.001236 -12.343770 -0.583273 -0.133481 -0.001236 -12.347395 0.103765 -0.195015 -0.001236 -12.336148 0.790977 -0.256775 -0.001236 -12.419858 1.240778 -0.284654 -0.001236  
 11 12 17  -11.426062 -1.054815 -0.091285 -0.001236 -11.435487 -0.584154 -0.133446 -0.001236 -11.439146 0.104880 -0.195066 -0.001236 -11.427770 0.794060 -0.256883 -0.001236 -11.583910 1.230540 -0.276781 -0.001236  
 12 13 18  -11.626334 -1.054720 -0.091421 -0.001236 -11.635712 -0.584089 -0.133484 -0.001236 -11.639337 0.104793 -0.194791 -0.001236 -11.628117 0.793969 -0.256429 -0.001236 -11.765211 1.234190 -0.278282 -0.001236  
 13 5 6  0.000000 1.587861 -0.000000 -0.000908 0.000000 0.943461 -0.000000 -0.000908 0.000000 -0.000189 0.000000 -0.000908 0.000000 -0.943838 0.000000 -0.000908 0.000000 -1.588239 0.000000 -0.000908  
 14 6 7  0.000000 0.844809 -0.000000 0.000719 0.000000 0.501933 -0.000000 0.000719 0.000000 -0.000169 0.000000 0.000719 0.000000 -0.502270 0.000000 0.000719 0.000000 -0.845146 0.000000 0.000719  
 15 7 8  0.000000 1.588279 0.000000 -0.000917 0.000000 0.943862 0.000000 -0.000917 0.000000 0.000189 0.000000 -0.000917 0.000000 -0.943484 -0.000000 -0.000917 0.000000 -1.587901 -0.000000 -0.000917  
 16 8 5  0.000000 0.845106 0.000000 0.000634 0.000000 0.502247 0.000000 0.000634 0.000000 0.000169 0.000000 0.000634 0.000000 -0.501909 -0.000000 0.000634 0.000000 -0.844769 -0.000000 0.000634  
 17 10 11  0.000000 0.962053 0.000000 -0.000171 0.000000 0.571654 0.000000 -0.000171 0.000000 -0.000041 0.000000 -0.000171 0.000000 -0.571736 -0.000000 -0.000171 0.000000 -0.962136 -0.000000 -0.000171  
 18 11 12  0.000000 1.620879 -0.000000 -0.000464 0.000000 0.963161 -0.000000 -0.000464 0.000000 0.000011 0.000000 -0.000464 0.000000 -0.963140 0.000000 -0.000464 0.000000 -1.620857 0.000000 -0.000464  
 19 12 13  0.000000 0.962192 -0.000000 -0.000038 0.000000 0.571770 -0.000000 -0.000038 0.000000 0.000041 0.000000 -0.000038 0.000000 -0.571687 0.000000 -0.000038 0.000000 -0.962110 0.000000 -0.000038  
 20 13 10  0.000000 1.620801 0.000000 -0.000451 0.000000 0.963106 0.000000 -0.000451 0.000000 -0.000011 0.000000 -0.000451 0.000000 -0.963128 -0.000000 -0.000451 0.000000 -1.620823 -0.000000 -0.000451  
 21 15 16  0.000000 0.273457 -0.000000 0.000501 0.000000 0.162523 -0.000000 0.000501 0.000000 0.000073 0.000000 0.000501 0.000000 -0.162377 0.000000 0.000501 0.000000 -0.273311 0.000000 0.000501  
 22 16 17  0.000000 1.243232 -0.000000 -0.001709 0.000000 0.739040 -0.000000 -0.001709 0.000000 0.000710 0.000000 -0.001709 0.000000 -0.737620 0.000000 -0.001709 0.000000 -1.241811 0.000000 -0.001709  
 23 17 18  0.000000 0.273357 0.000000 0.000774 0.000000 0.162404 0.000000 0.000774 0.000000 -0.000073 0.000000 0.000774 0.000000 -0.162551 -0.000000 0.000774 0.000000 -0.273504 -0.000000 0.000774  
 24 18 15  0.000000 1.241765 0.000000 -0.001589 0.000000 0.737592 0.000000 -0.001589 0.000000 -0.000710 0.000000 -0.001589 0.000000 -0.739013 -0.000000 -0.001589 0.000000 -1.243186 -0.000000 -0.001589  
