 1 1 5  -33.656705 -0.668167 -1.983293 0.000418 -33.686183 -0.433876 -1.450035 0.000418 -33.720675 -0.090541 -0.669117 0.000418 -33.722118 0.252149 0.112903 0.000418 -33.701101 0.486558 0.646252 0.000418  
 2 2 6  -38.233024 -0.668791 -1.982172 0.000418 -38.262450 -0.434369 -1.448801 0.000418 -38.296785 -0.090861 -0.667666 0.000418 -38.300023 0.252554 0.112858 0.000418 -38.278213 0.487064 0.646126 0.000418  
 3 3 7  -38.251284 -0.669459 -1.981064 0.000418 -38.280490 -0.435053 -1.447877 0.000418 -38.314204 -0.091606 -0.667111 0.000418 -38.316565 0.252675 0.112284 0.000418 -38.295924 0.487216 0.645263 0.000418  
 4 4 8  -33.673987 -0.668792 -1.982141 0.000418 -33.703366 -0.434516 -1.449056 0.000418 -33.738173 -0.091268 -0.668460 0.000418 -33.740480 0.252238 0.112313 0.000418 -33.718486 0.486696 0.645379 0.000418  
 5 5 10  -22.408502 0.186404 -1.594640 0.000116 -22.418628 0.165688 -0.975619 0.000116 -22.426889 0.135152 -0.068651 0.000116 -22.416583 0.104824 0.838196 0.000116 -22.406407 0.084092 1.457332 0.000116  
 6 6 11  -25.321863 0.186174 -1.594467 0.000116 -25.332102 0.165528 -0.975507 0.000116 -25.341515 0.135243 -0.069208 0.000116 -25.330212 0.104939 0.837372 0.000116 -25.319437 0.084208 1.456406 0.000116  
 7 7 12  -25.572803 0.186227 -1.594252 0.000116 -25.582941 0.165505 -0.975338 0.000116 -25.591402 0.135341 -0.069371 0.000116 -25.580846 0.105078 0.837083 0.000116 -25.570109 0.084269 1.456083 0.000116  
 8 8 13  -22.659029 0.186460 -1.594413 0.000116 -22.669102 0.165674 -0.975437 0.000116 -22.677983 0.135228 -0.068797 0.000116 -22.666800 0.104936 0.837870 0.000116 -22.656740 0.084152 1.456996 0.000116  
 9 10 15  -11.322451 0.227203 -1.032023 0.001069 -11.313879 0.141644 -0.502800 0.001069 -11.316679 0.012617 0.276758 0.001069 -11.310820 -0.116237 1.055938 0.001069 -11.855790 -0.173914 1.477283 0.001069  
 10 11 16  -12.433714 0.229749 -1.028692 0.001069 -12.439645 0.141637 -0.500151 0.001069 -12.442408 0.012626 0.273876 0.001069 -12.435451 -0.116405 1.047826 0.001069 -12.788189 -0.180172 1.502832 0.001069  
 11 12 17  -12.576947 0.229564 -1.028658 0.001069 -12.582830 0.141540 -0.500127 0.001069 -12.585528 0.012732 0.273836 0.001069 -12.578678 -0.116145 1.047787 0.001069 -12.911425 -0.180800 1.506727 0.001069  
 12 13 18  -11.462941 0.227734 -1.032803 0.001069 -11.458346 0.141547 -0.502775 0.001069 -11.461109 0.012722 0.276713 0.001069 -11.454227 -0.116181 1.056122 0.001069 -11.975860 -0.174193 1.481945 0.001069  
 13 5 6  0.000000 -2.296732 0.000000 -0.000388 0.000000 -1.364836 0.000000 -0.000388 0.000000 -0.000182 0.000000 -0.000388 0.000000 1.364472 -0.000000 -0.000388 0.000000 2.296368 -0.000000 -0.000388  
 14 6 7  0.000000 0.321722 0.000000 0.000591 0.000000 0.191145 0.000000 0.000591 0.000000 -0.000071 0.000000 0.000591 0.000000 -0.191287 -0.000000 0.000591 0.000000 -0.321865 -0.000000 0.000591  
 15 7 8  0.000000 -2.296346 -0.000000 -0.000409 0.000000 -1.364459 -0.000000 -0.000409 0.000000 0.000182 0.000000 -0.000409 0.000000 1.364823 0.000000 -0.000409 0.000000 2.296710 0.000000 -0.000409  
 16 8 5  0.000000 0.321843 -0.000000 0.000605 0.000000 0.191274 -0.000000 0.000605 0.000000 0.000071 0.000000 0.000605 0.000000 -0.191132 0.000000 0.000605 0.000000 -0.321700 0.000000 0.000605  
 17 10 11  0.000000 -2.503498 -0.000000 0.001117 0.000000 -1.487564 -0.000000 0.001117 0.000000 0.000154 0.000000 0.001117 0.000000 1.487871 0.000000 0.001117 0.000000 2.503805 0.000000 0.001117  
 18 11 12  0.000000 -0.151506 -0.000000 -0.000182 0.000000 -0.090029 -0.000000 -0.000182 0.000000 -0.000003 0.000000 -0.000182 0.000000 0.090023 0.000000 -0.000182 0.000000 0.151499 0.000000 -0.000182  
 19 12 13  0.000000 -2.503775 0.000000 0.000967 0.000000 -1.487853 0.000000 0.000967 0.000000 -0.000154 0.000000 0.000967 0.000000 1.487546 -0.000000 0.000967 0.000000 2.503468 -0.000000 0.000967  
 20 13 10  0.000000 -0.151530 0.000000 -0.000442 0.000000 -0.090041 0.000000 -0.000442 0.000000 0.000003 0.000000 -0.000442 0.000000 0.090047 -0.000000 -0.000442 0.000000 0.151537 -0.000000 -0.000442  
 21 15 16  0.000000 -1.518314 0.000000 0.001697 0.000000 -0.901406 0.000000 0.001697 0.000000 0.001984 0.000000 0.001697 0.000000 0.905374 -0.000000 0.001697 0.000000 1.522282 -0.000000 0.001697  
 22 16 17  0.000000 -0.194435 0.000000 -0.000843 0.000000 -0.115519 0.000000 -0.000843 0.000000 0.000046 0.000000 -0.000843 0.000000 0.115611 -0.000000 -0.000843 0.000000 0.194528 -0.000000 -0.000843  
 23 17 18  0.000000 -1.522267 -0.000000 0.001637 0.000000 -0.905365 -0.000000 0.001637 0.000000 -0.001984 0.000000 0.001637 0.000000 0.901397 0.000000 0.001637 0.000000 1.518299 0.000000 0.001637  
 24 18 15  0.000000 -0.194543 -0.000000 -0.001164 0.000000 -0.115620 -0.000000 -0.001164 0.000000 -0.000046 0.000000 -0.001164 0.000000 0.115528 0.000000 -0.001164 0.000000 0.194451 0.000000 -0.001164  
