 1 1 5  -45.217663 -5.761417 -4.736696 0.100459 -40.657228 -4.473439 -3.603557 0.100459 -36.616592 -2.118011 -1.535635 0.100459 -36.528425 1.113698 1.334856 0.100459 -37.393337 3.013958 2.982208 0.100459  
 2 2 6  -51.837730 -6.015150 -4.886904 0.100459 -48.021781 -4.684848 -3.748352 0.100459 -45.759120 -2.106505 -1.543799 0.100459 -45.698702 1.089865 1.229990 0.100459 -45.528610 3.139772 2.998767 0.100459  
 3 3 7  -40.958263 -5.675263 -4.514440 0.100459 -35.961713 -4.353028 -3.422684 0.100459 -30.634474 -2.036440 -1.539969 0.100459 -30.480643 1.320249 1.248085 0.100459 -32.377321 3.136820 2.723241 0.100459  
 4 4 8  -34.541633 -5.371327 -4.336241 0.100459 -28.905195 -4.054247 -3.224040 0.100459 -21.486646 -1.926105 -1.422481 0.100459 -20.821624 1.307600 1.318826 0.100459 -24.831665 2.885294 2.592011 0.100459  
 5 5 10  -29.170776 -3.899578 -2.531492 0.101148 -25.350366 -2.667313 -1.618997 0.101148 -24.162765 -0.089279 0.300613 0.101148 -25.615144 2.436269 2.138738 0.101148 -29.450355 3.686462 2.998151 0.101148  
 6 6 11  -32.943248 -4.078487 -2.528105 0.101148 -29.773129 -2.779435 -1.615903 0.101148 -29.282912 -0.089789 0.312692 0.101148 -29.965462 2.544839 2.173466 0.101148 -33.208400 3.851283 3.027681 0.101148  
 7 7 12  -26.057165 -4.016649 -2.280166 0.101148 -21.439165 -2.732216 -1.417029 0.101148 -19.099837 -0.087241 0.312668 0.101148 -21.735813 2.517455 1.933081 0.101148 -26.288639 3.834065 2.734332 0.101148  
 8 8 13  -22.438002 -3.792491 -2.274701 0.101148 -17.321719 -2.529668 -1.389178 0.101148 -13.553989 -0.087058 0.300830 0.101148 -17.613200 2.342242 1.852852 0.101148 -22.651866 3.625973 2.694415 0.101148  
 9 10 15  -16.322500 -3.250534 -1.186229 -0.024690 -10.923149 -1.878896 -0.580313 -0.024690 -7.902209 0.755067 0.561479 -0.024690 -15.186365 2.865514 1.380284 -0.024690 -20.647522 4.228085 1.959941 -0.024690  
 10 11 16  -17.553278 -3.343201 -1.158442 -0.024690 -12.279811 -1.968496 -0.564156 -0.024690 -9.669388 0.788780 0.599596 -0.024690 -16.458277 2.952655 1.389753 -0.024690 -21.820421 4.317241 1.952560 -0.024690  
 11 12 17  -15.206383 -3.361473 -1.091915 -0.024690 -9.316193 -1.888174 -0.507875 -0.024690 -5.274040 0.665105 0.498982 -0.024690 -13.669222 2.873340 1.302315 -0.024690 -19.510339 4.340050 1.864131 -0.024690  
 12 13 18  -13.924190 -3.256506 -1.118158 -0.024690 -7.966703 -1.781926 -0.519558 -0.024690 -3.680260 0.588531 0.437530 -0.024690 -12.343891 2.773140 1.289467 -0.024690 -18.246751 4.238321 1.872936 -0.024690  
 13 5 6  0.000000 -5.304392 0.000000 -0.158740 0.000000 -3.144102 0.000000 -0.158740 0.000000 0.019391 0.000000 -0.158740 0.000000 3.182884 -0.000000 -0.158740 0.000000 5.343174 -0.000000 -0.158740  
 14 6 7  0.000000 7.202132 -0.000000 0.276896 0.000000 4.300166 -0.000000 0.276896 0.000000 0.050574 0.000000 0.276896 0.000000 -4.199018 0.000000 0.276896 0.000000 -7.100985 0.000000 0.276896  
 15 7 8  0.000000 -5.336135 -0.000000 -0.239593 0.000000 -3.178701 -0.000000 -0.239593 0.000000 -0.019391 0.000000 -0.239593 0.000000 3.139920 0.000000 -0.239593 0.000000 5.297353 0.000000 -0.239593  
 16 8 5  0.000000 7.093945 0.000000 0.320176 0.000000 4.194835 0.000000 0.320176 0.000000 -0.050574 0.000000 0.320176 0.000000 -4.295983 -0.000000 0.320176 0.000000 -7.195093 -0.000000 0.320176  
 17 10 11  0.000000 -4.169584 -0.000000 -0.149126 0.000000 -2.473197 -0.000000 -0.149126 0.000000 0.010965 0.000000 -0.149126 0.000000 2.495127 0.000000 -0.149126 0.000000 4.191514 0.000000 -0.149126  
 18 11 12  0.000000 7.388921 -0.000000 0.206427 0.000000 4.411614 -0.000000 0.206427 0.000000 0.051695 0.000000 0.206427 0.000000 -4.308225 0.000000 0.206427 0.000000 -7.285532 0.000000 0.206427  
 19 12 13  0.000000 -4.179376 0.000000 -0.194889 0.000000 -2.487914 0.000000 -0.194889 0.000000 -0.010965 0.000000 -0.194889 0.000000 2.465984 -0.000000 -0.194889 0.000000 4.157446 -0.000000 -0.194889  
 20 13 10  0.000000 7.273393 0.000000 0.224625 0.000000 4.301012 0.000000 0.224625 0.000000 -0.051695 0.000000 0.224625 0.000000 -4.404402 -0.000000 0.224625 0.000000 -7.376783 -0.000000 0.224625  
 21 15 16  0.000000 -1.943757 0.000000 -0.059572 0.000000 -1.152982 0.000000 -0.059572 0.000000 0.005015 0.000000 -0.059572 0.000000 1.163012 -0.000000 -0.059572 0.000000 1.953787 -0.000000 -0.059572  
 22 16 17  0.000000 4.431481 0.000000 0.063905 0.000000 2.653218 0.000000 0.063905 0.000000 0.049157 0.000000 0.063905 0.000000 -2.554903 -0.000000 0.063905 0.000000 -4.333167 -0.000000 0.063905  
 23 17 18  0.000000 -1.938996 -0.000000 -0.075002 0.000000 -1.154223 -0.000000 -0.075002 0.000000 -0.005015 0.000000 -0.075002 0.000000 1.144193 0.000000 -0.075002 0.000000 1.928966 0.000000 -0.075002  
 24 18 15  0.000000 4.318375 -0.000000 0.068455 0.000000 2.546114 -0.000000 0.068455 0.000000 -0.049157 0.000000 0.068455 0.000000 -2.644428 0.000000 0.068455 0.000000 -4.416690 0.000000 0.068455  
