 1 1 5  -36.453592 0.051681 0.311401 -0.000027 -36.458272 0.025507 0.225206 -0.000027 -36.464264 -0.012878 0.098980 -0.000027 -36.465279 -0.051533 -0.026950 -0.000027 -36.461557 -0.077808 -0.113059 -0.000027  
 2 2 6  -35.824843 0.051608 0.311610 -0.000027 -35.829628 0.025437 0.225450 -0.000027 -35.835918 -0.012928 0.099299 -0.000027 -35.837051 -0.051504 -0.026974 -0.000027 -35.832999 -0.077738 -0.113130 -0.000027  
 3 3 7  -35.530154 0.051472 0.311656 -0.000027 -35.535049 0.025283 0.225492 -0.000027 -35.541587 -0.013121 0.099344 -0.000027 -35.542473 -0.051462 -0.027012 -0.000027 -35.538406 -0.077689 -0.113173 -0.000027  
 4 4 8  -36.158773 0.051535 0.311440 -0.000027 -36.163592 0.025343 0.225243 -0.000027 -36.169921 -0.013076 0.099023 -0.000027 -36.170938 -0.051498 -0.026951 -0.000027 -36.166998 -0.077744 -0.113083 -0.000027  
 5 5 10  -24.321022 -0.121846 0.218633 0.000006 -24.323266 -0.090481 0.129831 0.000006 -24.325237 -0.044632 -0.000115 0.000006 -24.322756 0.001275 -0.130110 0.000006 -24.320381 0.032657 -0.218911 0.000006  
 6 6 11  -23.939503 -0.121856 0.218602 0.000006 -23.941786 -0.090488 0.129849 0.000006 -23.943806 -0.044642 -0.000114 0.000006 -23.941231 0.001297 -0.130157 0.000006 -23.938869 0.032680 -0.218920 0.000006  
 7 7 12  -23.674831 -0.121829 0.218626 0.000006 -23.677144 -0.090493 0.129868 0.000006 -23.679100 -0.044606 -0.000146 0.000006 -23.676435 0.001325 -0.130168 0.000006 -23.674106 0.032683 -0.218942 0.000006  
 8 8 13  -24.056313 -0.121820 0.218657 0.000006 -24.058595 -0.090489 0.129849 0.000006 -24.060573 -0.044600 -0.000108 0.000006 -24.058007 0.001304 -0.130126 0.000006 -24.055620 0.032660 -0.218934 0.000006  
 9 10 15  -12.130241 -0.157729 0.113258 0.000003 -12.131179 -0.091030 0.050776 0.000003 -12.131630 0.006634 -0.040717 0.000003 -12.130396 0.104311 -0.132213 0.000003 -12.129385 0.171020 -0.194696 0.000003  
 10 11 16  -11.992039 -0.157726 0.113237 0.000003 -11.992977 -0.091028 0.050770 0.000003 -11.993410 0.006638 -0.040741 0.000003 -11.992179 0.104311 -0.132223 0.000003 -11.991168 0.171020 -0.194691 0.000003  
 11 12 17  -11.868662 -0.157711 0.113237 0.000003 -11.869606 -0.091021 0.050769 0.000003 -11.870018 0.006654 -0.040744 0.000003 -11.868795 0.104316 -0.132226 0.000003 -11.867778 0.171017 -0.194694 0.000003  
 12 13 18  -12.006864 -0.157714 0.113258 0.000003 -12.007805 -0.091024 0.050776 0.000003 -12.008256 0.006650 -0.040722 0.000003 -12.007017 0.104317 -0.132216 0.000003 -12.005999 0.171018 -0.194699 0.000003  
 13 5 6  0.000000 0.341055 0.000000 -0.000038 0.000000 0.202651 0.000000 -0.000038 0.000000 -0.000026 0.000000 -0.000038 0.000000 -0.202703 -0.000000 -0.000038 0.000000 -0.341107 -0.000000 -0.000038  
 14 6 7  0.000000 0.041147 0.000000 0.000031 0.000000 0.024444 0.000000 0.000031 0.000000 -0.000016 0.000000 0.000031 0.000000 -0.024477 -0.000000 0.000031 0.000000 -0.041180 -0.000000 0.000031  
 15 7 8  0.000000 0.341111 -0.000000 -0.000034 0.000000 0.202705 -0.000000 -0.000034 0.000000 0.000026 0.000000 -0.000034 0.000000 -0.202653 0.000000 -0.000034 0.000000 -0.341059 0.000000 -0.000034  
 16 8 5  0.000000 0.041177 -0.000000 0.000020 0.000000 0.024475 -0.000000 0.000020 0.000000 0.000016 0.000000 0.000020 0.000000 -0.024442 0.000000 0.000020 0.000000 -0.041144 0.000000 0.000020  
 17 10 11  0.000000 0.335959 0.000000 -0.000008 0.000000 0.199630 0.000000 -0.000008 0.000000 -0.000007 0.000000 -0.000008 0.000000 -0.199644 -0.000000 -0.000008 0.000000 -0.335973 -0.000000 -0.000008  
 18 11 12  0.000000 0.195175 -0.000000 0.000014 0.000000 0.115975 -0.000000 0.000014 0.000000 -0.000005 0.000000 0.000014 0.000000 -0.115984 0.000000 0.000014 0.000000 -0.195184 0.000000 0.000014  
 19 12 13  0.000000 0.335977 -0.000000 -0.000007 0.000000 0.199647 -0.000000 -0.000007 0.000000 0.000007 0.000000 -0.000007 0.000000 -0.199633 0.000000 -0.000007 0.000000 -0.335963 0.000000 -0.000007  
 20 13 10  0.000000 0.195180 0.000000 0.000010 0.000000 0.115982 0.000000 0.000010 0.000000 0.000005 0.000000 0.000010 0.000000 -0.115972 -0.000000 0.000010 0.000000 -0.195171 -0.000000 0.000010  
 21 15 16  0.000000 0.190873 -0.000000 0.000002 0.000000 0.113419 -0.000000 0.000002 0.000000 -0.000003 0.000000 0.000002 0.000000 -0.113425 0.000000 0.000002 0.000000 -0.190879 0.000000 0.000002  
 22 16 17  0.000000 0.170391 -0.000000 -0.000000 0.000000 0.101249 -0.000000 -0.000000 0.000000 -0.000001 0.000000 -0.000000 0.000000 -0.101252 0.000000 -0.000000 0.000000 -0.170394 0.000000 -0.000000  
 23 17 18  0.000000 0.190883 0.000000 0.000003 0.000000 0.113428 0.000000 0.000003 0.000000 0.000003 0.000000 0.000003 0.000000 -0.113422 -0.000000 0.000003 0.000000 -0.190878 -0.000000 0.000003  
 24 18 15  0.000000 0.170389 0.000000 -0.000000 0.000000 0.101249 0.000000 -0.000000 0.000000 0.000001 0.000000 -0.000000 0.000000 -0.101246 -0.000000 -0.000000 0.000000 -0.170387 -0.000000 -0.000000  
