 1 1 5  -35.283429 0.037343 -0.395028 0.000481 -35.315694 0.087712 -0.248351 0.000481 -35.353348 0.161826 -0.033372 0.000481 -35.355536 0.235625 0.183123 0.000481 -35.332729 0.286278 0.330062 0.000481  
 2 2 6  -34.801770 0.036901 -0.393576 0.000481 -34.834385 0.087344 -0.246896 0.000481 -34.872895 0.161520 -0.031935 0.000481 -34.875129 0.235994 0.182778 0.000481 -34.851443 0.286635 0.329566 0.000481  
 3 3 7  -36.615130 0.036278 -0.392577 0.000481 -36.647431 0.086710 -0.246052 0.000481 -36.684974 0.160835 -0.031385 0.000481 -36.687129 0.236072 0.182307 0.000481 -36.664523 0.286762 0.328808 0.000481  
 4 4 8  -37.096123 0.036725 -0.393991 0.000481 -37.128150 0.087088 -0.247461 0.000481 -37.165791 0.161144 -0.032738 0.000481 -37.168756 0.235712 0.182531 0.000481 -37.145279 0.286403 0.329249 0.000481  
 5 5 10  -23.565999 0.832389 0.225194 0.000113 -23.576257 0.565840 0.191873 0.000113 -23.584777 0.175325 0.143545 0.000113 -23.573053 -0.215200 0.094817 0.000113 -23.561926 -0.481892 0.061414 0.000113  
 6 6 11  -22.997627 0.832163 0.225005 0.000113 -23.008003 0.565685 0.191893 0.000113 -23.016831 0.175413 0.143204 0.000113 -23.004636 -0.215111 0.094666 0.000113 -22.993376 -0.481759 0.061519 0.000113  
 7 7 12  -24.416106 0.832192 0.225189 0.000113 -24.426379 0.565627 0.192030 0.000113 -24.434752 0.175453 0.143107 0.000113 -24.422875 -0.215056 0.094370 0.000113 -24.411628 -0.481792 0.061180 0.000113  
 8 8 13  -24.984135 0.832422 0.225397 0.000113 -24.994338 0.565791 0.192034 0.000113 -25.003671 0.175384 0.143399 0.000113 -24.991078 -0.215147 0.094504 0.000113 -24.979915 -0.481928 0.061063 0.000113  
 9 10 15  -11.849356 0.638179 0.426015 0.000005 -11.855279 0.341845 0.257025 0.000005 -11.857987 -0.092098 0.009698 0.000005 -11.851078 -0.526028 -0.237714 0.000005 -11.843841 -0.822390 -0.406727 0.000005  
 10 11 16  -11.554028 0.638159 0.425990 0.000005 -11.559948 0.341828 0.257031 0.000005 -11.562734 -0.092084 0.009630 0.000005 -11.555767 -0.525996 -0.237801 0.000005 -11.549881 -0.822065 -0.406513 0.000005  
 11 12 17  -12.143400 0.638154 0.426022 0.000005 -12.149277 0.341815 0.257054 0.000005 -12.151950 -0.092051 0.009584 0.000005 -12.145101 -0.525937 -0.237836 0.000005 -12.137879 -0.822305 -0.406815 0.000005  
 12 13 18  -12.438580 0.638173 0.426048 0.000005 -12.444487 0.341831 0.257049 0.000005 -12.447129 -0.092064 0.009649 0.000005 -12.440270 -0.525971 -0.237751 0.000005 -12.433058 -0.822341 -0.406771 0.000005  
 13 5 6  0.000000 -0.120803 -0.000000 -0.000318 0.000000 -0.071847 -0.000000 -0.000318 0.000000 -0.000158 0.000000 -0.000318 0.000000 0.071531 0.000000 -0.000318 0.000000 0.120486 0.000000 -0.000318  
 14 6 7  0.000000 -0.544685 -0.000000 0.000515 0.000000 -0.323690 -0.000000 0.000515 0.000000 -0.000069 0.000000 0.000515 0.000000 0.323552 0.000000 0.000515 0.000000 0.544546 0.000000 0.000515  
 15 7 8  0.000000 -0.120466 0.000000 -0.000323 0.000000 -0.071519 0.000000 -0.000323 0.000000 0.000158 0.000000 -0.000323 0.000000 0.071835 -0.000000 -0.000323 0.000000 0.120783 -0.000000 -0.000323  
 16 8 5  0.000000 -0.544566 0.000000 0.000567 0.000000 -0.323564 0.000000 0.000567 0.000000 0.000069 0.000000 0.000567 0.000000 0.323702 -0.000000 0.000567 0.000000 0.544705 -0.000000 0.000567  
 17 10 11  0.000000 0.377159 0.000000 -0.000132 0.000000 0.224103 0.000000 -0.000132 0.000000 -0.000030 0.000000 -0.000132 0.000000 -0.224162 -0.000000 -0.000132 0.000000 -0.377218 -0.000000 -0.000132  
 18 11 12  0.000000 -1.144981 -0.000000 0.000235 0.000000 -0.680374 -0.000000 0.000235 0.000000 -0.000012 0.000000 0.000235 0.000000 0.680350 0.000000 0.000235 0.000000 1.144957 0.000000 0.000235  
 19 12 13  0.000000 0.377246 -0.000000 -0.000102 0.000000 0.224179 -0.000000 -0.000102 0.000000 0.000030 0.000000 -0.000102 0.000000 -0.224119 0.000000 -0.000102 0.000000 -0.377187 0.000000 -0.000102  
 20 13 10  0.000000 -1.144984 0.000000 0.000228 0.000000 -0.680366 0.000000 0.000228 0.000000 0.000012 0.000000 0.000228 0.000000 0.680391 -0.000000 0.000228 0.000000 1.145009 -0.000000 0.000228  
 21 15 16  0.000000 0.407595 0.000000 -0.000071 0.000000 0.242194 0.000000 -0.000071 0.000000 -0.000015 0.000000 -0.000071 0.000000 -0.242225 -0.000000 -0.000071 0.000000 -0.407625 -0.000000 -0.000071  
 22 16 17  0.000000 -0.813639 0.000000 0.000072 0.000000 -0.483481 0.000000 0.000072 0.000000 -0.000003 0.000000 0.000072 0.000000 0.483474 -0.000000 0.000072 0.000000 0.813632 -0.000000 0.000072  
 23 17 18  0.000000 0.407655 -0.000000 -0.000007 0.000000 0.242243 -0.000000 -0.000007 0.000000 0.000015 0.000000 -0.000007 0.000000 -0.242212 0.000000 -0.000007 0.000000 -0.407624 0.000000 -0.000007  
 24 18 15  0.000000 -0.813662 -0.000000 0.000017 0.000000 -0.483492 -0.000000 0.000017 0.000000 0.000003 0.000000 0.000017 0.000000 0.483499 0.000000 0.000017 0.000000 0.813668 0.000000 0.000017  
