 1 1 5  -36.400824 0.220184 0.948691 -0.000011 -36.406235 0.156558 0.664188 -0.000011 -36.413372 0.063326 0.247580 -0.000011 -36.414266 -0.030108 -0.168718 -0.000011 -36.410015 -0.093839 -0.453163 -0.000011  
 2 2 6  -35.209900 0.220107 0.948995 -0.000011 -35.215327 0.156487 0.664527 -0.000011 -35.222503 0.063278 0.247968 -0.000011 -35.223784 -0.030086 -0.168799 -0.000011 -35.219236 -0.093761 -0.453288 -0.000011  
 3 3 7  -35.580512 0.219990 0.949059 -0.000011 -35.586050 0.156354 0.664586 -0.000011 -35.593413 0.063112 0.248018 -0.000011 -35.594554 -0.030046 -0.168863 -0.000011 -35.590048 -0.093726 -0.453367 -0.000011  
 4 4 8  -36.771277 0.220074 0.948750 -0.000011 -36.776806 0.156434 0.664242 -0.000011 -36.784222 0.063174 0.247626 -0.000011 -36.785409 -0.030110 -0.168760 -0.000011 -36.780840 -0.093808 -0.453220 -0.000011  
 5 5 10  -24.176830 0.118628 0.373858 0.000006 -24.179133 0.067549 0.189491 0.000006 -24.180898 -0.007325 -0.080379 0.000006 -24.178102 -0.082174 -0.350270 0.000006 -24.175564 -0.133242 -0.534615 0.000006  
 6 6 11  -23.607113 0.118618 0.373780 0.000006 -23.609447 0.067543 0.189476 0.000006 -23.611468 -0.007339 -0.080425 0.000006 -23.608480 -0.082152 -0.350328 0.000006 -23.605916 -0.133220 -0.534614 0.000006  
 7 7 12  -23.819342 0.118630 0.373803 0.000006 -23.821718 0.067524 0.189495 0.000006 -23.823675 -0.007307 -0.080456 0.000006 -23.820634 -0.082126 -0.350346 0.000006 -23.818062 -0.133219 -0.534636 0.000006  
 8 8 13  -24.389002 0.118640 0.373880 0.000006 -24.391350 0.067529 0.189510 0.000006 -24.393243 -0.007309 -0.080391 0.000006 -24.390247 -0.082153 -0.350288 0.000006 -24.387676 -0.133243 -0.534636 0.000006  
 9 10 15  -12.041599 0.055591 0.031327 0.000003 -12.042537 0.023027 -0.021335 0.000003 -12.042938 -0.024669 -0.098440 0.000003 -12.041754 -0.072348 -0.175566 0.000003 -12.040743 -0.104902 -0.228229 0.000003  
 10 11 16  -11.883039 0.055594 0.031306 0.000003 -11.883977 0.023030 -0.021342 0.000003 -11.884361 -0.024665 -0.098464 0.000003 -11.883179 -0.072349 -0.175575 0.000003 -11.882168 -0.104902 -0.228225 0.000003  
 11 12 17  -11.957332 0.055608 0.031305 0.000003 -11.958276 0.023036 -0.021343 0.000003 -11.958638 -0.024651 -0.098467 0.000003 -11.957465 -0.072343 -0.175579 0.000003 -11.956448 -0.104905 -0.228228 0.000003  
 12 13 18  -12.115894 0.055605 0.031327 0.000003 -12.116836 0.023033 -0.021336 0.000003 -12.117230 -0.024656 -0.098443 0.000003 -12.116047 -0.072342 -0.175569 0.000003 -12.115029 -0.104904 -0.228232 0.000003  
 13 5 6  0.000000 0.857834 0.000000 -0.000038 0.000000 0.509728 0.000000 -0.000038 0.000000 -0.000034 0.000000 -0.000038 0.000000 -0.509796 -0.000000 -0.000038 0.000000 -0.857903 -0.000000 -0.000038  
 14 6 7  0.000000 -0.219016 -0.000000 0.000049 0.000000 -0.130149 -0.000000 0.000049 0.000000 -0.000013 0.000000 0.000049 0.000000 0.130123 0.000000 0.000049 0.000000 0.218990 0.000000 0.000049  
 15 7 8  0.000000 0.857906 -0.000000 -0.000050 0.000000 0.509798 -0.000000 -0.000050 0.000000 0.000034 0.000000 -0.000050 0.000000 -0.509730 0.000000 -0.000050 0.000000 -0.857838 0.000000 -0.000050  
 16 8 5  0.000000 -0.218994 0.000000 0.000040 0.000000 -0.130125 0.000000 0.000040 0.000000 0.000013 0.000000 0.000040 0.000000 0.130151 -0.000000 0.000040 0.000000 0.219020 -0.000000 0.000040  
 17 10 11  0.000000 0.567631 -0.000000 -0.000007 0.000000 0.337294 -0.000000 -0.000007 0.000000 -0.000007 0.000000 -0.000007 0.000000 -0.337308 0.000000 -0.000007 0.000000 -0.567645 0.000000 -0.000007  
 18 11 12  0.000000 -0.190474 0.000000 0.000016 0.000000 -0.113185 0.000000 0.000016 0.000000 -0.000004 0.000000 0.000016 0.000000 0.113176 -0.000000 0.000016 0.000000 0.190465 -0.000000 0.000016  
 19 12 13  0.000000 0.567650 0.000000 -0.000010 0.000000 0.337311 0.000000 -0.000010 0.000000 0.000007 0.000000 -0.000010 0.000000 -0.337297 -0.000000 -0.000010 0.000000 -0.567636 -0.000000 -0.000010  
 20 13 10  0.000000 -0.190470 -0.000000 0.000013 0.000000 -0.113179 -0.000000 0.000013 0.000000 0.000004 0.000000 0.000013 0.000000 0.113188 0.000000 0.000013 0.000000 0.190479 0.000000 0.000013  
 21 15 16  0.000000 0.218988 0.000000 0.000003 0.000000 0.130126 0.000000 0.000003 0.000000 -0.000003 0.000000 0.000003 0.000000 -0.130131 -0.000000 0.000003 0.000000 -0.218993 -0.000000 0.000003  
 22 16 17  0.000000 -0.102595 0.000000 -0.000001 0.000000 -0.060965 0.000000 -0.000001 0.000000 -0.000001 0.000000 -0.000001 0.000000 0.060962 -0.000000 -0.000001 0.000000 0.102592 -0.000000 -0.000001  
 23 17 18  0.000000 0.218998 -0.000000 0.000003 0.000000 0.130134 -0.000000 0.000003 0.000000 0.000003 0.000000 0.000003 0.000000 -0.130128 0.000000 0.000003 0.000000 -0.218992 0.000000 0.000003  
 24 18 15  0.000000 -0.102597 -0.000000 -0.000001 0.000000 -0.060964 -0.000000 -0.000001 0.000000 0.000001 0.000000 -0.000001 0.000000 0.060967 0.000000 -0.000001 0.000000 0.102600 0.000000 -0.000001  
