 1 1 5  -36.348242 -0.414694 1.199987 0.000056 -36.374543 -0.287483 0.809911 0.000056 -36.405532 -0.101069 0.238603 0.000056 -36.407895 0.084434 -0.331806 0.000056 -36.389604 0.211680 -0.721881 0.000056  
 2 2 6  -35.941030 -0.415685 1.200969 0.000056 -35.967368 -0.288332 0.810909 0.000056 -35.998685 -0.101697 0.239621 0.000056 -36.002220 0.085007 -0.331949 0.000056 -35.982569 0.212445 -0.722138 0.000056  
 3 3 7  -35.568595 -0.416492 1.202027 0.000056 -35.594706 -0.289133 0.811817 0.000056 -35.625194 -0.102482 0.240285 0.000056 -35.627543 0.085220 -0.332527 0.000056 -35.609618 0.212714 -0.722973 0.000056  
 4 4 8  -35.974595 -0.415529 1.201027 0.000056 -36.000854 -0.288330 0.810778 0.000056 -36.032152 -0.101940 0.239189 0.000056 -36.035668 0.084665 -0.332340 0.000056 -36.016110 0.212009 -0.722661 0.000056  
 5 5 10  -23.950086 -0.127293 0.071916 0.000023 -23.959329 -0.053075 -0.050840 0.000023 -23.966520 0.055294 -0.230171 0.000023 -23.956647 0.163851 -0.409704 0.000023 -23.947084 0.238032 -0.532366 0.000023  
 6 6 11  -24.150018 -0.127666 0.071832 0.000023 -24.159379 -0.053378 -0.050764 0.000023 -24.167886 0.055381 -0.230338 0.000023 -24.156683 0.164079 -0.409775 0.000023 -24.146933 0.238292 -0.532274 0.000023  
 7 7 12  -24.033581 -0.127476 0.072177 0.000023 -24.042819 -0.053299 -0.050458 0.000023 -24.050116 0.055597 -0.230437 0.000023 -24.040297 0.164198 -0.410048 0.000023 -24.030619 0.238296 -0.532580 0.000023  
 8 8 13  -23.833007 -0.127118 0.072250 0.000023 -23.842314 -0.053011 -0.050544 0.000023 -23.850724 0.055474 -0.230253 0.000023 -23.839582 0.163993 -0.409960 0.000023 -23.830002 0.238045 -0.532664 0.000023  
 9 10 15  -11.887910 0.079544 -0.490101 0.000018 -11.892478 0.064993 -0.330328 0.000018 -11.894202 0.043621 -0.096253 0.000018 -11.888545 0.022307 0.137758 0.000018 -11.882844 0.007748 0.297541 0.000018  
 10 11 16  -12.109890 0.079485 -0.490128 0.000018 -12.114480 0.064954 -0.330317 0.000018 -12.116190 0.043649 -0.096292 0.000018 -12.110525 0.022382 0.137712 0.000018 -12.104813 0.007835 0.297538 0.000018  
 11 12 17  -12.107204 0.079545 -0.490042 0.000018 -12.111752 0.064985 -0.330252 0.000018 -12.113472 0.043703 -0.096329 0.000018 -12.107828 0.022404 0.137637 0.000018 -12.102136 0.007828 0.297444 0.000018  
 12 13 18  -11.885267 0.079602 -0.490015 0.000018 -11.889850 0.065025 -0.330261 0.000018 -11.891558 0.043681 -0.096285 0.000018 -11.885889 0.022331 0.137684 0.000018 -11.880184 0.007741 0.297446 0.000018  
 13 5 6  0.000000 0.838302 0.000000 -0.000614 0.000000 0.498086 0.000000 -0.000614 0.000000 -0.000120 0.000000 -0.000614 0.000000 -0.498326 -0.000000 -0.000614 0.000000 -0.838541 -0.000000 -0.000614  
 14 6 7  0.000000 0.354230 -0.000000 0.000638 0.000000 0.210457 -0.000000 0.000638 0.000000 -0.000082 0.000000 0.000638 0.000000 -0.210620 0.000000 0.000638 0.000000 -0.354393 0.000000 0.000638  
 15 7 8  0.000000 0.838570 -0.000000 -0.000586 0.000000 0.498343 -0.000000 -0.000586 0.000000 0.000120 0.000000 -0.000586 0.000000 -0.498103 0.000000 -0.000586 0.000000 -0.838330 0.000000 -0.000586  
 16 8 5  0.000000 0.354365 0.000000 0.000614 0.000000 0.210603 0.000000 0.000614 0.000000 0.000082 0.000000 0.000614 0.000000 -0.210440 -0.000000 0.000614 0.000000 -0.354201 -0.000000 0.000614  
 17 10 11  0.000000 0.029832 -0.000000 -0.000213 0.000000 0.017717 -0.000000 -0.000213 0.000000 -0.000023 0.000000 -0.000213 0.000000 -0.017764 0.000000 -0.000213 0.000000 -0.029879 0.000000 -0.000213  
 18 11 12  0.000000 0.157552 -0.000000 0.000250 0.000000 0.093614 -0.000000 0.000250 0.000000 -0.000017 0.000000 0.000250 0.000000 -0.093648 0.000000 0.000250 0.000000 -0.157587 0.000000 0.000250  
 19 12 13  0.000000 0.029921 0.000000 -0.000208 0.000000 0.017789 0.000000 -0.000208 0.000000 0.000023 0.000000 -0.000208 0.000000 -0.017742 -0.000000 -0.000208 0.000000 -0.029874 -0.000000 -0.000208  
 20 13 10  0.000000 0.157544 0.000000 0.000240 0.000000 0.093623 0.000000 0.000240 0.000000 0.000017 0.000000 0.000240 0.000000 -0.093589 -0.000000 0.000240 0.000000 -0.157510 -0.000000 0.000240  
 21 15 16  0.000000 -0.306565 -0.000000 -0.000032 0.000000 -0.182174 -0.000000 -0.000032 0.000000 -0.000019 0.000000 -0.000032 0.000000 0.182136 0.000000 -0.000032 0.000000 0.306527 0.000000 -0.000032  
 22 16 17  0.000000 0.003711 -0.000000 0.000039 0.000000 0.002203 -0.000000 0.000039 0.000000 -0.000005 0.000000 0.000039 0.000000 -0.002214 0.000000 0.000039 0.000000 -0.003722 0.000000 0.000039  
 23 17 18  0.000000 -0.306484 0.000000 -0.000031 0.000000 -0.182111 0.000000 -0.000031 0.000000 0.000019 0.000000 -0.000031 0.000000 0.182149 -0.000000 -0.000031 0.000000 0.306522 -0.000000 -0.000031  
 24 18 15  0.000000 0.003680 0.000000 0.000039 0.000000 0.002189 0.000000 0.000039 0.000000 0.000005 0.000000 0.000039 0.000000 -0.002178 -0.000000 0.000039 0.000000 -0.003669 -0.000000 0.000039  
