 1 1 5  -37.948277 -2.199208 0.991021 -0.000284 -37.999021 -1.488165 0.744340 -0.000284 -38.056030 -0.446644 0.382987 -0.000284 -38.060131 0.593826 0.023530 -0.000284 -38.029219 1.304743 -0.223090 -0.000284  
 2 2 6  -35.124591 -2.201413 0.993490 -0.000284 -35.175224 -1.489970 0.746714 -0.000284 -35.232718 -0.447832 0.385188 -0.000284 -35.239980 0.594594 0.023112 -0.000284 -35.206440 1.306135 -0.223888 -0.000284  
 3 3 7  -33.893939 -2.203070 0.995311 -0.000284 -33.944081 -1.491579 0.748229 -0.000284 -33.999554 -0.449429 0.386347 -0.000284 -34.005982 0.594577 0.022493 -0.000284 -33.975159 1.306553 -0.224987 -0.000284  
 4 4 8  -36.715429 -2.200872 0.992879 -0.000284 -36.765873 -1.489787 0.745897 -0.000284 -36.822822 -0.448252 0.384160 -0.000284 -36.830838 0.593752 0.022735 -0.000284 -36.797435 1.305061 -0.224324 -0.000284  
 5 5 10  -24.965811 -0.182690 1.067764 0.000059 -24.986232 0.031551 0.668236 0.000059 -25.000730 0.344902 0.083593 0.000059 -24.981345 0.658412 -0.501067 0.000059 -24.959483 0.872674 -0.900434 0.000059  
 6 6 11  -23.097969 -0.183306 1.067345 0.000059 -23.118805 0.031070 0.668102 0.000059 -23.135645 0.345047 0.083240 0.000059 -23.114095 0.659044 -0.501436 0.000059 -23.091996 0.873448 -0.900506 0.000059  
 7 7 12  -22.997748 -0.183304 1.068116 0.000059 -23.018353 0.030873 0.668659 0.000059 -23.034030 0.345178 0.083085 0.000059 -23.014206 0.659208 -0.502039 0.000059 -22.992251 0.873418 -0.901349 0.000059  
 8 8 13  -24.864515 -0.182678 1.068530 0.000059 -24.885126 0.031378 0.668796 0.000059 -24.902115 0.345046 0.083472 0.000059 -24.880595 0.658560 -0.501652 0.000059 -24.858609 0.872624 -0.901250 0.000059  
 9 10 15  -12.277240 0.508917 0.665998 0.000008 -12.287325 0.366592 0.327207 0.000008 -12.291115 0.157870 -0.168597 0.000008 -12.278190 -0.050755 -0.664616 0.000008 -12.264159 -0.193084 -1.003422 0.000008  
 10 11 16  -11.562166 0.508818 0.665830 0.000008 -11.572366 0.366537 0.327122 0.000008 -11.576020 0.157959 -0.168753 0.000008 -11.563002 -0.050643 -0.664700 0.000008 -11.549140 -0.192904 -1.003373 0.000008  
 11 12 17  -11.712651 0.508899 0.665927 0.000008 -11.722848 0.366560 0.327175 0.000008 -11.726596 0.158044 -0.168847 0.000008 -11.713425 -0.050554 -0.664833 0.000008 -11.699328 -0.192936 -1.003573 0.000008  
 12 13 18  -12.427835 0.509004 0.666098 0.000008 -12.437983 0.366625 0.327262 0.000008 -12.441759 0.157941 -0.168677 0.000008 -12.428658 -0.050668 -0.664747 0.000008 -12.414595 -0.193077 -1.003580 0.000008  
 13 5 6  0.000000 1.319890 -0.000000 -0.001094 0.000000 0.784212 -0.000000 -0.001094 0.000000 -0.000225 0.000000 -0.001094 0.000000 -0.784661 0.000000 -0.001094 0.000000 -1.320339 0.000000 -0.001094  
 14 6 7  0.000000 1.562867 0.000000 0.000988 0.000000 0.928616 0.000000 0.000988 0.000000 -0.000171 0.000000 0.000988 0.000000 -0.928958 -0.000000 0.000988 0.000000 -1.563209 -0.000000 0.000988  
 15 7 8  0.000000 1.320397 0.000000 -0.001149 0.000000 0.784696 0.000000 -0.001149 0.000000 0.000225 0.000000 -0.001149 0.000000 -0.784247 -0.000000 -0.001149 0.000000 -1.319948 -0.000000 -0.001149  
 16 8 5  0.000000 1.563151 -0.000000 0.001078 0.000000 0.928924 -0.000000 0.001078 0.000000 0.000171 0.000000 0.001078 0.000000 -0.928581 0.000000 0.001078 0.000000 -1.562809 0.000000 0.001078  
 17 10 11  0.000000 1.590507 0.000000 -0.000496 0.000000 0.945088 0.000000 -0.000496 0.000000 -0.000053 0.000000 -0.000496 0.000000 -0.945195 -0.000000 -0.000496 0.000000 -1.590614 -0.000000 -0.000496  
 18 11 12  0.000000 0.346553 0.000000 0.000527 0.000000 0.205912 0.000000 0.000527 0.000000 -0.000039 0.000000 0.000527 0.000000 -0.205991 -0.000000 0.000527 0.000000 -0.346631 -0.000000 0.000527  
 19 12 13  0.000000 1.590693 -0.000000 -0.000505 0.000000 0.945242 -0.000000 -0.000505 0.000000 0.000053 0.000000 -0.000505 0.000000 -0.945135 0.000000 -0.000505 0.000000 -1.590586 0.000000 -0.000505  
 20 13 10  0.000000 0.346552 -0.000000 0.000509 0.000000 0.205944 -0.000000 0.000509 0.000000 0.000039 0.000000 0.000509 0.000000 -0.205865 0.000000 0.000509 0.000000 -0.346473 0.000000 0.000509  
 21 15 16  0.000000 0.987549 0.000000 -0.000058 0.000000 0.586812 0.000000 -0.000058 0.000000 -0.000020 0.000000 -0.000058 0.000000 -0.586852 -0.000000 -0.000058 0.000000 -0.987589 -0.000000 -0.000058  
 22 16 17  0.000000 -0.207853 -0.000000 0.000069 0.000000 -0.123521 -0.000000 0.000069 0.000000 -0.000025 0.000000 0.000069 0.000000 0.123470 0.000000 0.000069 0.000000 0.207803 0.000000 0.000069  
 23 17 18  0.000000 0.987668 -0.000000 -0.000053 0.000000 0.586899 -0.000000 -0.000053 0.000000 0.000020 0.000000 -0.000053 0.000000 -0.586859 0.000000 -0.000053 0.000000 -0.987628 0.000000 -0.000053  
 24 18 15  0.000000 -0.207882 0.000000 0.000058 0.000000 -0.123517 0.000000 0.000058 0.000000 0.000025 0.000000 0.000058 0.000000 0.123568 -0.000000 0.000058 0.000000 0.207932 -0.000000 0.000058  
