 1 1 5  -34.639748 0.208197 -0.060474 0.000025 -34.659471 0.172707 -0.082321 0.000025 -34.683442 0.120897 -0.114450 0.000025 -34.684781 0.068340 -0.146166 0.000025 -34.670371 0.032920 -0.168060 0.000025  
 2 2 6  -36.083027 0.207591 -0.059979 0.000025 -36.102736 0.172176 -0.081805 0.000025 -36.126843 0.120482 -0.113901 0.000025 -36.129206 0.068739 -0.146181 0.000025 -36.113805 0.033452 -0.168148 0.000025  
 3 3 7  -37.297725 0.206905 -0.059324 0.000025 -37.317111 0.171463 -0.081237 0.000025 -37.340306 0.119706 -0.113476 0.000025 -37.341958 0.068920 -0.146578 0.000025 -37.327969 0.033669 -0.168691 0.000025  
 4 4 8  -35.853529 0.207463 -0.059854 0.000025 -35.873056 0.171935 -0.081805 0.000025 -35.896855 0.120064 -0.114112 0.000025 -35.899479 0.068610 -0.146439 0.000025 -35.884147 0.033234 -0.168508 0.000025  
 5 5 10  -22.952351 0.438720 -0.554828 0.000006 -22.959019 0.298182 -0.390424 0.000006 -22.963863 0.092134 -0.149491 0.000006 -22.956230 -0.113805 0.091416 0.000006 -22.948966 -0.254415 0.255896 0.000006  
 6 6 11  -24.118157 0.438453 -0.554856 0.000006 -24.124872 0.297948 -0.390369 0.000006 -24.130818 0.092181 -0.149530 0.000006 -24.122156 -0.113666 0.091386 0.000006 -24.114825 -0.254259 0.255951 0.000006  
 7 7 12  -25.036509 0.438601 -0.554603 0.000006 -25.043127 0.297976 -0.390138 0.000006 -25.048483 0.092376 -0.149591 0.000006 -25.040909 -0.113559 0.091227 0.000006 -25.033647 -0.254271 0.255771 0.000006  
 8 8 13  -23.870168 0.438859 -0.554584 0.000006 -23.876866 0.298198 -0.390211 0.000006 -23.883124 0.092346 -0.149499 0.000006 -23.874411 -0.113681 0.091276 0.000006 -23.867126 -0.254425 0.255726 0.000006  
 9 10 15  -11.540182 0.454428 -0.621126 0.000015 -11.543860 0.250397 -0.349040 0.000015 -11.545473 -0.048476 0.049459 0.000015 -11.541254 -0.347238 0.447905 0.000015 -11.543843 -0.549908 0.718595 0.000015  
 10 11 16  -12.058792 0.454363 -0.621019 0.000015 -12.062499 0.250344 -0.348982 0.000015 -12.064091 -0.048460 0.049393 0.000015 -12.059844 -0.347178 0.447720 0.000015 -12.055508 -0.551193 0.719755 0.000015  
 11 12 17  -12.454473 0.454312 -0.620947 0.000015 -12.458171 0.250325 -0.348925 0.000015 -12.459786 -0.048357 0.049373 0.000015 -12.455504 -0.347013 0.447661 0.000015 -12.451185 -0.550997 0.719681 0.000015  
 12 13 18  -11.936669 0.454373 -0.621060 0.000015 -11.940383 0.250372 -0.348990 0.000015 -11.941989 -0.048373 0.049446 0.000015 -11.937702 -0.347073 0.447846 0.000015 -11.933703 -0.551008 0.719844 0.000015  
 13 5 6  0.000000 -0.383182 -0.000000 -0.000424 0.000000 -0.227721 -0.000000 -0.000424 0.000000 -0.000065 0.000000 -0.000424 0.000000 0.227590 0.000000 -0.000424 0.000000 0.383052 0.000000 -0.000424  
 14 6 7  0.000000 -0.408121 -0.000000 0.000430 0.000000 -0.242546 -0.000000 0.000430 0.000000 -0.000081 0.000000 0.000430 0.000000 0.242384 0.000000 0.000430 0.000000 0.407958 0.000000 0.000430  
 15 7 8  0.000000 -0.383031 0.000000 -0.000369 0.000000 -0.227578 0.000000 -0.000369 0.000000 0.000065 0.000000 -0.000369 0.000000 0.227708 -0.000000 -0.000369 0.000000 0.383162 -0.000000 -0.000369  
 16 8 5  0.000000 -0.407979 0.000000 0.000373 0.000000 -0.242396 0.000000 0.000373 0.000000 0.000081 0.000000 0.000373 0.000000 0.242559 -0.000000 0.000373 0.000000 0.408142 -0.000000 0.000373  
 17 10 11  0.000000 -0.895428 -0.000000 -0.000014 0.000000 -0.532085 -0.000000 -0.000014 0.000000 -0.000010 0.000000 -0.000014 0.000000 0.532065 0.000000 -0.000014 0.000000 0.895409 0.000000 -0.000014  
 18 11 12  0.000000 -0.721763 -0.000000 0.000166 0.000000 -0.428892 -0.000000 0.000166 0.000000 -0.000016 0.000000 0.000166 0.000000 0.428859 0.000000 0.000166 0.000000 0.721730 0.000000 0.000166  
 19 12 13  0.000000 -0.895378 0.000000 -0.000133 0.000000 -0.532047 0.000000 -0.000133 0.000000 0.000010 0.000000 -0.000133 0.000000 0.532066 -0.000000 -0.000133 0.000000 0.895397 -0.000000 -0.000133  
 20 13 10  0.000000 -0.721762 0.000000 0.000011 0.000000 -0.428878 0.000000 0.000011 0.000000 0.000016 0.000000 0.000011 0.000000 0.428910 -0.000000 0.000011 0.000000 0.721794 -0.000000 0.000011  
 21 15 16  0.000000 -0.715042 0.000000 0.000263 0.000000 -0.424881 0.000000 0.000263 0.000000 0.000026 0.000000 0.000263 0.000000 0.424934 -0.000000 0.000263 0.000000 0.715095 -0.000000 0.000263  
 22 16 17  0.000000 -0.546422 0.000000 0.000037 0.000000 -0.324684 0.000000 0.000037 0.000000 0.000026 0.000000 0.000037 0.000000 0.324736 -0.000000 0.000037 0.000000 0.546475 -0.000000 0.000037  
 23 17 18  0.000000 -0.715073 -0.000000 -0.000021 0.000000 -0.424920 -0.000000 -0.000021 0.000000 -0.000026 0.000000 -0.000021 0.000000 0.424868 0.000000 -0.000021 0.000000 0.715020 0.000000 -0.000021  
 24 18 15  0.000000 -0.546497 -0.000000 -0.000257 0.000000 -0.324750 -0.000000 -0.000257 0.000000 -0.000026 0.000000 -0.000257 0.000000 0.324697 0.000000 -0.000257 0.000000 0.546445 0.000000 -0.000257  
