 1 1 5  -46.239961 2.087847 -12.528922 -0.104715 -30.637499 1.432146 -8.418655 -0.104715 -7.111348 0.499129 -2.289339 -0.104715 -11.365919 -0.346987 3.423705 -0.104715 -27.414025 -0.973474 7.603718 -0.104715  
 2 2 6  -69.308197 2.350626 -13.985998 -0.104715 -55.696519 1.695850 -10.232357 -0.104715 -37.585728 0.771617 -4.413321 -0.104715 -37.324895 -0.524357 4.372312 -0.104715 -49.074151 -1.182112 8.400905 -0.104715  
 3 3 7  -72.967691 2.316254 -14.288988 -0.104715 -59.506111 1.670329 -10.516890 -0.104715 -42.298434 0.789446 -4.553410 -0.104715 -42.061126 -0.525556 4.511794 -0.104715 -52.923952 -1.176556 8.665855 -0.104715  
 4 4 8  -50.582472 2.062601 -12.926125 -0.104715 -34.895464 1.427113 -8.800778 -0.104715 -11.181575 0.538777 -2.641329 -0.104715 -15.477442 -0.354938 3.783661 -0.104715 -31.606585 -0.969052 7.977905 -0.104715  
 5 5 10  -26.655567 1.664322 -6.544178 0.158764 -16.381832 0.941786 -3.906652 0.158764 -2.636316 -0.181377 0.216252 0.158764 -17.498186 -1.183174 4.172147 0.158764 -27.702393 -1.904218 6.798613 0.158764  
 6 6 11  -36.255677 1.926355 -6.185543 0.158764 -29.031658 1.204401 -4.003759 0.158764 -25.955215 -0.193221 0.524553 0.158764 -31.070156 -1.454439 4.661259 0.158764 -38.509998 -2.172754 6.807293 0.158764  
 7 7 12  -38.073920 1.942635 -6.308721 0.158764 -31.062354 1.219303 -4.107366 0.158764 -28.541343 -0.189408 0.524372 0.158764 -33.023790 -1.460240 4.775411 0.158764 -40.296480 -2.177976 6.934830 0.158764  
 8 8 13  -28.417249 1.673957 -6.694727 0.158764 -18.140425 0.954363 -4.053668 0.158764 -5.394230 -0.191075 0.229503 0.158764 -19.261849 -1.193488 4.318515 0.158764 -29.450578 -1.907458 6.949458 0.158764  
 9 10 15  -18.179786 0.109572 -6.247975 -0.022759 -6.109807 -0.037865 -3.027992 -0.022759 2.799524 -0.121194 0.370713 -0.022759 -13.101008 -0.473498 4.888362 -0.022759 -25.305771 -0.657909 8.101747 -0.022759  
 10 11 16  -23.197873 0.123341 -6.175429 -0.022759 -11.946016 -0.042630 -3.259761 -0.022759 -2.779590 -0.265313 0.860567 -0.022759 -19.222840 -0.525597 5.139837 -0.022759 -30.392636 -0.701314 8.044647 -0.022759  
 11 12 17  -23.672741 0.116492 -6.216309 -0.022759 -12.420476 -0.048058 -3.300613 -0.022759 -3.231717 -0.274572 0.899955 -0.022759 -19.696939 -0.524146 5.181923 -0.022759 -30.866803 -0.698817 8.086585 -0.022759  
 12 13 18  -18.674933 0.102953 -6.294969 -0.022759 -6.604320 -0.042895 -3.074929 -0.022759 2.566473 -0.129757 0.382526 -0.022759 -13.617524 -0.473314 4.936833 -0.022759 -25.840283 -0.657984 8.150599 -0.022759  
 13 5 6  0.000000 -14.649669 0.000000 0.282790 0.000000 -8.564862 0.000000 0.282790 0.000000 0.345632 0.000000 0.282790 0.000000 9.256125 -0.000000 0.282790 0.000000 15.340933 -0.000000 0.282790  
 14 6 7  0.000000 -2.971350 -0.000000 -0.203235 0.000000 -1.765695 -0.000000 -0.203235 0.000000 -0.000154 0.000000 -0.203235 0.000000 1.765387 0.000000 -0.203235 0.000000 2.971041 0.000000 -0.203235  
 15 7 8  0.000000 -15.361978 -0.000000 0.285075 0.000000 -9.268630 -0.000000 0.285075 0.000000 -0.345632 0.000000 0.285075 0.000000 8.577367 0.000000 0.285075 0.000000 14.670714 0.000000 0.285075  
 16 8 5  0.000000 -2.949996 0.000000 -0.305381 0.000000 -1.752881 0.000000 -0.305381 0.000000 0.000154 0.000000 -0.305381 0.000000 1.753190 -0.000000 -0.305381 0.000000 2.950305 -0.000000 -0.305381  
 17 10 11  0.000000 -13.227059 -0.000000 0.167646 0.000000 -7.797549 -0.000000 0.167646 0.000000 0.153337 0.000000 0.167646 0.000000 8.104222 0.000000 0.167646 0.000000 13.533732 0.000000 0.167646  
 18 11 12  0.000000 -2.262305 0.000000 -0.094123 0.000000 -1.343642 0.000000 -0.094123 0.000000 0.001632 0.000000 -0.094123 0.000000 1.346907 -0.000000 -0.094123 0.000000 2.265570 -0.000000 -0.094123  
 19 12 13  0.000000 -13.557996 0.000000 0.164967 0.000000 -8.118641 0.000000 0.164967 0.000000 -0.153337 0.000000 0.164967 0.000000 7.811968 -0.000000 0.164967 0.000000 13.251323 -0.000000 0.164967  
 20 13 10  0.000000 -2.241305 -0.000000 -0.125579 0.000000 -1.332489 -0.000000 -0.125579 0.000000 -0.001632 0.000000 -0.125579 0.000000 1.329224 0.000000 -0.125579 0.000000 2.238040 0.000000 -0.125579  
 21 15 16  0.000000 -7.664794 0.000000 0.033005 0.000000 -4.495672 0.000000 0.033005 0.000000 0.145139 0.000000 0.033005 0.000000 4.785949 -0.000000 0.033005 0.000000 7.955071 -0.000000 0.033005  
 22 16 17  0.000000 -0.633635 0.000000 -0.020772 0.000000 -0.376650 0.000000 -0.020772 0.000000 -0.000326 0.000000 -0.020772 0.000000 0.375999 -0.000000 -0.020772 0.000000 0.632984 -0.000000 -0.020772  
 23 17 18  0.000000 -7.981182 -0.000000 0.032088 0.000000 -4.801465 -0.000000 0.032088 0.000000 -0.145139 0.000000 0.032088 0.000000 4.511187 0.000000 0.032088 0.000000 7.690905 0.000000 0.032088  
 24 18 15  0.000000 -0.606873 -0.000000 -0.021442 0.000000 -0.360483 -0.000000 -0.021442 0.000000 0.000326 0.000000 -0.021442 0.000000 0.361134 0.000000 -0.021442 0.000000 0.607524 0.000000 -0.021442  
