 1 1 5  -42.407882 -5.372804 -0.803196 -0.006982 -41.457682 -4.309731 -0.720993 -0.006982 -42.200467 -2.086197 -0.401890 -0.006982 -42.112199 0.263141 -0.009708 -0.006982 -41.017306 1.898122 0.286263 -0.006982  
 2 2 6  -45.702075 -5.463420 -0.750937 -0.006982 -45.268447 -4.325531 -0.681547 -0.006982 -46.287943 -2.074693 -0.376672 -0.006982 -46.227557 0.239293 -0.027254 -0.006982 -45.254688 1.835081 0.235223 -0.006982  
 3 3 7  -33.004338 -4.995117 -0.688953 -0.006982 -30.817624 -4.013404 -0.600251 -0.006982 -29.530831 -2.004997 -0.387541 -0.006982 -29.452911 0.508453 -0.009160 -0.006982 -28.403216 2.231080 0.285277 -0.006982  
 4 4 8  -30.090735 -4.849527 -0.730713 -0.006982 -27.508124 -3.877704 -0.631644 -0.006982 -25.167552 -2.016559 -0.414723 -0.006982 -25.066562 0.531177 0.010088 -0.006982 -24.251945 2.242134 0.294003 -0.006982  
 5 5 10  -31.558555 -4.767458 -1.087751 -0.016350 -28.036453 -3.416357 -0.838982 -0.016350 -26.868089 -0.613118 -0.286605 -0.016350 -26.456017 2.466242 0.410907 -0.016350 -28.834688 3.968076 0.687337 -0.016350  
 6 6 11  -34.027557 -4.894846 -1.115662 -0.016350 -30.837670 -3.503001 -0.866846 -0.016350 -30.162355 -0.613196 -0.295504 -0.016350 -29.703789 2.467923 0.392416 -0.016350 -31.429201 4.081883 0.683319 -0.016350  
 7 7 12  -25.861375 -4.681653 -0.996270 -0.016350 -21.048301 -3.270546 -0.739855 -0.016350 -17.218051 -0.584918 -0.295682 -0.016350 -18.518642 2.516751 0.314421 -0.016350 -22.941014 3.944605 0.593007 -0.016350  
 8 8 13  -23.437838 -4.514921 -0.975523 -0.016350 -18.398415 -3.109759 -0.715215 -0.016350 -13.487213 -0.585117 -0.286412 -0.016350 -15.676423 2.374015 0.318854 -0.016350 -20.468867 3.780503 0.593855 -0.016350  
 9 10 15  -20.453259 -4.706810 -1.672414 -0.014176 -12.313287 -2.663302 -0.982836 -0.014176 -4.535089 0.703858 0.109399 -0.014176 -16.280841 3.704255 1.144372 -0.014176 -24.357911 5.734411 1.831039 -0.014176  
 10 11 16  -21.636640 -4.801097 -1.676105 -0.014176 -13.552505 -2.758078 -0.994003 -0.014176 -6.075950 0.781243 0.117937 -0.014176 -17.488540 3.799452 1.147667 -0.014176 -25.528806 5.828871 1.827191 -0.014176  
 11 12 17  -18.310604 -4.832695 -1.576805 -0.014176 -9.489147 -2.609918 -0.894354 -0.014176 -0.731796 0.415470 0.072597 -0.014176 -13.596429 3.677799 1.065847 -0.014176 -22.346864 5.888678 1.741023 -0.014176  
 12 13 18  -16.937018 -4.715552 -1.571104 -0.014176 -8.135762 -2.492425 -0.878895 -0.014176 0.355080 0.309926 0.060791 -0.014176 -12.231189 3.560281 1.057141 -0.014176 -20.981345 5.772665 1.738720 -0.014176  
 13 5 6  0.000000 -1.336960 0.000000 -0.056436 0.000000 -0.795353 0.000000 -0.056436 0.000000 -0.002232 0.000000 -0.056436 0.000000 0.790888 -0.000000 -0.056436 0.000000 1.332496 -0.000000 -0.056436  
 14 6 7  0.000000 7.054420 -0.000000 0.076972 0.000000 4.216289 -0.000000 0.076972 0.000000 0.060176 0.000000 0.076972 0.000000 -4.095936 0.000000 0.076972 0.000000 -6.934067 0.000000 0.076972  
 15 7 8  0.000000 -1.330443 -0.000000 -0.130008 0.000000 -0.789669 -0.000000 -0.130008 0.000000 0.002232 0.000000 -0.130008 0.000000 0.794133 0.000000 -0.130008 0.000000 1.334907 0.000000 -0.130008  
 16 8 5  0.000000 6.932014 0.000000 0.086524 0.000000 4.094716 0.000000 0.086524 0.000000 -0.060176 0.000000 0.086524 0.000000 -4.215069 -0.000000 0.086524 0.000000 -7.052367 -0.000000 0.086524  
 17 10 11  0.000000 -2.315765 -0.000000 -0.096995 0.000000 -1.374809 -0.000000 -0.096995 0.000000 0.003112 0.000000 -0.096995 0.000000 1.381033 0.000000 -0.096995 0.000000 2.321989 0.000000 -0.096995  
 18 11 12  0.000000 9.022978 0.000000 0.123254 0.000000 5.393422 0.000000 0.123254 0.000000 0.078360 0.000000 0.123254 0.000000 -5.236702 -0.000000 0.123254 0.000000 -8.866258 -0.000000 0.123254  
 19 12 13  0.000000 -2.314774 0.000000 -0.173696 0.000000 -1.376745 0.000000 -0.173696 0.000000 -0.003112 0.000000 -0.173696 0.000000 1.370521 -0.000000 -0.173696 0.000000 2.308550 -0.000000 -0.173696  
 20 13 10  0.000000 8.859042 -0.000000 0.129678 0.000000 5.232414 -0.000000 0.129678 0.000000 -0.078360 0.000000 0.129678 0.000000 -5.389135 0.000000 0.129678 0.000000 -9.015762 0.000000 0.129678  
 21 15 16  0.000000 -1.788138 -0.000000 -0.071123 0.000000 -1.060674 -0.000000 -0.071123 0.000000 0.004613 0.000000 -0.071123 0.000000 1.069899 0.000000 -0.071123 0.000000 1.797363 0.000000 -0.071123  
 22 16 17  0.000000 5.881362 0.000000 0.061422 0.000000 3.533156 0.000000 0.061422 0.000000 0.094482 0.000000 0.061422 0.000000 -3.344192 -0.000000 0.061422 0.000000 -5.692398 -0.000000 0.061422  
 23 17 18  0.000000 -1.784574 0.000000 -0.090860 0.000000 -1.062299 0.000000 -0.090860 0.000000 -0.004613 0.000000 -0.090860 0.000000 1.053074 -0.000000 -0.090860 0.000000 1.775348 -0.000000 -0.090860  
 24 18 15  0.000000 5.679608 -0.000000 0.065456 0.000000 3.336592 -0.000000 0.065456 0.000000 -0.094482 0.000000 0.065456 0.000000 -3.525556 0.000000 0.065456 0.000000 -5.868572 0.000000 0.065456  
