 1 1 5  -41.330239 7.269844 1.823416 0.011816 -34.866147 5.423607 1.311424 0.011816 -28.420693 2.262439 0.525016 0.011816 -28.388082 -2.163607 -0.687173 0.011816 -31.945123 -4.459672 -1.207368 0.011816  
 2 2 6  -39.543114 7.148432 1.818716 0.011816 -32.976509 5.309151 1.308033 0.011816 -25.823139 2.264034 0.535920 0.011816 -25.807141 -2.162050 -0.695165 0.011816 -29.969915 -4.356089 -1.196145 0.011816  
 3 3 7  -47.646224 7.617018 1.926744 0.011816 -41.857652 5.770078 1.412641 0.011816 -37.793350 2.317218 0.532888 0.011816 -37.771060 -2.000630 -0.694857 0.011816 -39.203053 -4.608645 -1.331581 0.011816  
 4 4 8  -49.467613 7.727723 1.929061 0.011816 -43.844723 5.863016 1.415937 0.011816 -40.292206 2.313757 0.522302 0.011816 -40.291186 -1.994408 -0.680951 0.011816 -41.356494 -4.673384 -1.346933 0.011816  
 5 5 10  -23.094537 3.323692 0.490936 0.001885 -20.478424 1.956965 0.267954 0.001885 -20.575868 -0.841026 -0.243783 0.001885 -22.842162 -3.178644 -0.609699 0.001885 -26.625818 -4.382054 -0.818977 0.001885  
 6 6 11  -22.287602 3.281636 0.491377 0.001885 -19.459502 1.947848 0.266863 0.001885 -19.506513 -0.841394 -0.244411 0.001885 -21.999102 -3.137553 -0.608457 0.001885 -25.864090 -4.334357 -0.817733 0.001885  
 7 7 12  -26.117802 3.304633 0.530111 0.001885 -24.827312 1.788387 0.277958 0.001885 -24.968486 -0.876807 -0.244345 0.001885 -26.181506 -3.263626 -0.649764 0.001885 -29.414505 -4.447979 -0.857118 0.001885  
 8 8 13  -26.960080 3.336846 0.529124 0.001885 -25.872801 1.783411 0.269037 0.001885 -25.994601 -0.877015 -0.243952 0.001885 -27.048508 -3.294474 -0.652311 0.001885 -30.179660 -4.491108 -0.857796 0.001885  
 9 10 15  -11.216930 0.171016 0.070467 0.001234 -11.304692 -0.254293 -0.030422 0.001234 -11.317973 -0.875211 -0.171380 0.001234 -11.698825 -1.401178 -0.271939 0.001234 -12.329919 -1.682017 -0.331423 0.001234  
 10 11 16  -10.955028 0.171766 0.071267 0.001234 -11.040138 -0.253869 -0.029406 0.001234 -11.051701 -0.875636 -0.172222 0.001234 -11.473530 -1.393917 -0.271826 0.001234 -12.124954 -1.672595 -0.330927 0.001234  
 11 12 17  -12.266469 0.078527 0.070395 0.001234 -12.349578 -0.319498 -0.029851 0.001234 -12.360909 -0.899532 -0.171974 0.001234 -12.577016 -1.416966 -0.281119 0.001234 -13.089662 -1.691164 -0.340838 0.001234  
 12 13 18  -12.529075 0.077766 0.069532 0.001234 -12.613886 -0.319936 -0.030883 0.001234 -12.626027 -0.899262 -0.171260 0.001234 -12.809631 -1.422790 -0.281942 0.001234 -13.300901 -1.699834 -0.341700 0.001234  
 13 5 6  0.000000 1.822401 0.000000 -0.063801 0.000000 1.083133 0.000000 -0.063801 0.000000 0.000559 0.000000 -0.063801 0.000000 -1.082014 -0.000000 -0.063801 0.000000 -1.821283 -0.000000 -0.063801  
 14 6 7  0.000000 -7.879237 0.000000 0.067364 0.000000 -4.665955 0.000000 0.067364 0.000000 0.039522 0.000000 0.067364 0.000000 4.744998 -0.000000 0.067364 0.000000 7.958280 -0.000000 0.067364  
 15 7 8  0.000000 1.822306 -0.000000 -0.042523 0.000000 1.082622 -0.000000 -0.042523 0.000000 -0.000559 0.000000 -0.042523 0.000000 -1.083740 0.000000 -0.042523 0.000000 -1.823424 0.000000 -0.042523  
 16 8 5  0.000000 -7.959302 -0.000000 0.062880 0.000000 -4.745606 -0.000000 0.062880 0.000000 -0.039522 0.000000 0.062880 0.000000 4.666563 0.000000 0.062880 0.000000 7.880259 0.000000 0.062880  
 17 10 11  0.000000 0.950047 0.000000 -0.028687 0.000000 0.564569 0.000000 -0.028687 0.000000 0.000081 0.000000 -0.028687 0.000000 -0.564406 -0.000000 -0.028687 0.000000 -0.949884 -0.000000 -0.028687  
 18 11 12  0.000000 -4.809965 0.000000 0.026915 0.000000 -2.851664 0.000000 0.026915 0.000000 0.016039 0.000000 0.026915 0.000000 2.883743 -0.000000 0.026915 0.000000 4.842043 -0.000000 0.026915  
 19 12 13  0.000000 0.951396 -0.000000 -0.022307 0.000000 0.565305 -0.000000 -0.022307 0.000000 -0.000081 0.000000 -0.022307 0.000000 -0.565468 0.000000 -0.022307 0.000000 -0.951559 0.000000 -0.022307  
 20 13 10  0.000000 -4.843556 -0.000000 0.026492 0.000000 -2.884641 -0.000000 0.026492 0.000000 -0.016039 0.000000 0.026492 0.000000 2.852563 0.000000 0.026492 0.000000 4.811477 0.000000 0.026492  
 21 15 16  0.000000 0.343653 0.000000 -0.003345 0.000000 0.204215 0.000000 -0.003345 0.000000 0.000025 0.000000 -0.003345 0.000000 -0.204165 -0.000000 -0.003345 0.000000 -0.343602 -0.000000 -0.003345  
 22 16 17  0.000000 -1.684807 -0.000000 0.004100 0.000000 -1.001112 -0.000000 0.004100 0.000000 0.000080 0.000000 0.004100 0.000000 1.001273 0.000000 0.004100 0.000000 1.684968 0.000000 0.004100  
 23 17 18  0.000000 0.345115 -0.000000 -0.002749 0.000000 0.205064 -0.000000 -0.002749 0.000000 -0.000025 0.000000 -0.002749 0.000000 -0.205115 0.000000 -0.002749 0.000000 -0.345166 0.000000 -0.002749  
 24 18 15  0.000000 -1.686481 0.000000 0.004413 0.000000 -1.002172 0.000000 0.004413 0.000000 -0.000080 0.000000 0.004413 0.000000 1.002011 -0.000000 0.004413 0.000000 1.686320 -0.000000 0.004413  
