 1 1 5  -40.042774 4.268415 -9.253297 -0.830199 -28.258142 3.082429 -6.232811 -0.830199 -10.944783 1.456344 -1.656241 -0.830199 -16.109881 -0.447494 3.473155 -0.830199 -28.167791 -1.647537 6.545703 -0.830199  
 2 2 6  -51.402829 4.608034 -9.964889 -0.830199 -40.409670 3.442826 -7.025054 -0.830199 -26.481560 1.922821 -2.286965 -0.830199 -28.810399 -0.549912 4.116768 -0.830199 -39.302813 -1.844107 7.132953 -0.830199  
 3 3 7  -64.122612 4.692272 -10.893400 -0.830199 -54.040980 3.642518 -7.880751 -0.830199 -44.765929 2.165684 -2.465100 -0.830199 -44.929375 -0.362549 4.721464 -0.830199 -52.871140 -1.675625 8.030592 -0.830199  
 4 4 8  -53.560388 4.385528 -10.331597 -0.830199 -42.304022 3.325300 -7.265306 -0.830199 -28.514265 2.035556 -2.220620 -0.830199 -31.328649 -0.303453 4.485097 -0.830199 -42.125333 -1.514413 7.632304 -0.830199  
 5 5 10  -22.813445 4.902655 -0.771272 0.289108 -16.653743 3.258690 -0.285121 0.289108 -9.470148 0.495517 0.632081 0.289108 -14.796608 -2.591718 1.191697 0.289108 -20.782969 -4.238444 1.633702 0.289108  
 6 6 11  -28.764510 5.369631 -0.412685 0.289108 -23.045044 3.698905 -0.009682 0.289108 -18.583242 0.500497 0.772857 0.289108 -21.362205 -2.999015 1.221946 0.289108 -26.758097 -4.694730 1.528383 0.289108  
 7 7 12  -36.494491 5.574812 -0.466390 0.289108 -32.379257 3.960179 -0.017051 0.289108 -31.431304 0.511002 0.772812 0.289108 -31.566129 -3.068094 1.457897 0.289108 -34.736252 -4.833482 1.715253 0.289108  
 8 8 13  -30.434065 5.179918 -0.859118 0.289108 -25.550994 3.644800 -0.336024 0.289108 -22.977236 0.510245 0.638044 0.289108 -24.251057 -2.842331 1.454994 0.289108 -28.560840 -4.454627 1.845438 0.289108  
 9 10 15  -16.448226 3.938759 -3.691102 -0.015359 -7.159800 1.997338 -1.982209 -0.015359 1.134782 -0.295398 0.133669 -0.015359 -11.660847 -3.171332 2.520949 -0.015359 -20.881421 -5.127475 4.203668 -0.015359  
 10 11 16  -19.679490 4.157065 -3.795747 -0.015359 -10.443548 2.204250 -2.147209 -0.015359 -1.453001 -0.529323 0.185963 -0.015359 -14.903140 -3.421634 2.573169 -0.015359 -24.099973 -5.369221 4.219054 -0.015359  
 11 12 17  -22.880403 4.035090 -4.020229 -0.015359 -14.107578 2.204277 -2.391480 -0.015359 -5.995598 -0.867414 0.262597 -0.015359 -18.460632 -3.502940 2.761740 -0.015359 -27.214828 -5.307079 4.410343 -0.015359  
 12 13 18  -19.894520 3.858494 -3.934222 -0.015359 -10.977904 2.039995 -2.244222 -0.015359 -2.487702 -0.625776 0.237727 -0.015359 -15.521689 -3.291556 2.727621 -0.015359 -24.405140 -5.097853 4.422675 -0.015359  
 13 5 6  0.000000 -8.105043 -0.000000 0.370435 0.000000 -4.777815 -0.000000 0.370435 0.000000 0.094523 0.000000 0.370435 0.000000 4.966860 0.000000 0.370435 0.000000 8.294088 0.000000 0.370435  
 14 6 7  0.000000 -7.156599 -0.000000 -0.552236 0.000000 -4.224559 -0.000000 -0.552236 0.000000 0.069073 0.000000 -0.552236 0.000000 4.362704 0.000000 -0.552236 0.000000 7.294745 0.000000 -0.552236  
 15 7 8  0.000000 -8.325705 0.000000 0.313607 0.000000 -4.985648 0.000000 0.313607 0.000000 -0.094523 0.000000 0.313607 0.000000 4.796602 -0.000000 0.313607 0.000000 8.136659 -0.000000 0.313607  
 16 8 5  0.000000 -7.263128 0.000000 -0.719473 0.000000 -4.343917 0.000000 -0.719473 0.000000 -0.069073 0.000000 -0.719473 0.000000 4.205772 -0.000000 -0.719473 0.000000 7.124983 -0.000000 -0.719473  
 17 10 11  0.000000 -5.598350 0.000000 0.407560 0.000000 -3.324039 0.000000 0.407560 0.000000 0.006425 0.000000 0.407560 0.000000 3.336889 -0.000000 0.407560 0.000000 5.611200 -0.000000 0.407560  
 18 11 12  0.000000 -8.774284 0.000000 -0.247097 0.000000 -5.183279 0.000000 -0.247097 0.000000 0.075330 0.000000 -0.247097 0.000000 5.333938 -0.000000 -0.247097 0.000000 8.924943 -0.000000 -0.247097  
 19 12 13  0.000000 -5.651531 -0.000000 0.287964 0.000000 -3.360855 -0.000000 0.287964 0.000000 -0.006425 0.000000 0.287964 0.000000 3.348004 0.000000 0.287964 0.000000 5.638681 0.000000 0.287964  
 20 13 10  0.000000 -8.884612 -0.000000 -0.278579 0.000000 -5.309973 -0.000000 -0.278579 0.000000 -0.075330 0.000000 -0.278579 0.000000 5.159314 0.000000 -0.278579 0.000000 8.733953 0.000000 -0.278579  
 21 15 16  0.000000 -4.213845 -0.000000 0.173827 0.000000 -2.487499 -0.000000 0.173827 0.000000 0.040534 0.000000 0.173827 0.000000 2.568567 0.000000 0.173827 0.000000 4.294912 0.000000 0.173827  
 22 16 17  0.000000 -5.118341 -0.000000 -0.124404 0.000000 -3.016970 -0.000000 -0.124404 0.000000 0.060243 0.000000 -0.124404 0.000000 3.137456 0.000000 -0.124404 0.000000 5.238827 0.000000 -0.124404  
 23 17 18  0.000000 -4.346527 0.000000 0.148196 0.000000 -2.599237 0.000000 0.148196 0.000000 -0.040534 0.000000 0.148196 0.000000 2.518169 -0.000000 0.148196 0.000000 4.265459 -0.000000 0.148196  
 24 18 15  0.000000 -5.187212 0.000000 -0.143278 0.000000 -3.106785 0.000000 -0.143278 0.000000 -0.060243 0.000000 -0.143278 0.000000 2.986300 -0.000000 -0.143278 0.000000 5.066726 -0.000000 -0.143278  
