 1 1 5  -34.126941 -0.110988 -2.757569 0.000347 -34.155877 -0.049630 -1.904970 0.000347 -34.189826 0.040470 -0.656402 0.000347 -34.191987 0.129990 0.593409 0.000347 -34.171258 0.191475 1.446061 0.000347  
 2 2 6  -36.817099 -0.111716 -2.756419 0.000347 -36.846188 -0.050246 -1.903789 0.000347 -36.880786 0.039973 -0.655226 0.000347 -36.883067 0.130367 0.593122 0.000347 -36.861354 0.191983 1.445716 0.000347  
 3 3 7  -37.782036 -0.112425 -2.755339 0.000347 -37.810907 -0.050954 -1.902877 0.000347 -37.844706 0.039244 -0.654589 0.000347 -37.846372 0.130545 0.592575 0.000347 -37.825891 0.192202 1.444893 0.000347  
 4 4 8  -35.091081 -0.111678 -2.756443 0.000347 -35.119922 -0.050322 -1.904013 0.000347 -35.154035 0.039725 -0.655748 0.000347 -35.156856 0.130127 0.592774 0.000347 -35.135236 0.191675 1.445200 0.000347  
 5 5 10  -23.033975 0.329321 -0.738966 0.000094 -23.043670 0.253845 -0.312370 0.000094 -23.051357 0.143077 0.312815 0.000094 -23.041023 0.032394 0.937700 0.000094 -23.031165 -0.043150 1.364356 0.000094  
 6 6 11  -24.076772 0.329030 -0.739070 0.000094 -24.086590 0.253623 -0.312292 0.000094 -24.095121 0.143139 0.312574 0.000094 -24.083927 0.032568 0.937609 0.000094 -24.073989 -0.042927 1.364485 0.000094  
 7 7 12  -24.948789 0.329151 -0.738765 0.000094 -24.958504 0.253656 -0.312025 0.000094 -24.966042 0.143271 0.312451 0.000094 -24.955791 0.032660 0.937306 0.000094 -24.945917 -0.042917 1.364144 0.000094  
 8 8 13  -23.905487 0.329436 -0.738658 0.000094 -23.915192 0.253874 -0.312105 0.000094 -23.923818 0.143187 0.312699 0.000094 -23.912407 0.032486 0.937386 0.000094 -23.902510 -0.043146 1.364009 0.000094  
 9 10 15  -11.684977 0.564063 0.196958 0.000020 -11.690172 0.331280 0.218373 0.000020 -11.692452 -0.009656 0.249839 0.000020 -11.686239 -0.350552 0.281234 0.000020 -11.679914 -0.583352 0.302654 0.000020  
 10 11 16  -11.887132 0.564026 0.196934 0.000020 -11.892323 0.331254 0.218387 0.000020 -11.894657 -0.009632 0.249797 0.000020 -11.888425 -0.350498 0.281181 0.000020 -11.882083 -0.583291 0.302647 0.000020  
 11 12 17  -12.308852 0.564066 0.196996 0.000020 -12.313999 0.331267 0.218431 0.000020 -12.316326 -0.009590 0.249756 0.000020 -12.310152 -0.350478 0.281119 0.000020 -12.303833 -0.583296 0.302570 0.000020  
 12 13 18  -12.106727 0.564103 0.197021 0.000020 -12.111916 0.331296 0.218421 0.000020 -12.114183 -0.009613 0.249795 0.000020 -12.108008 -0.350530 0.281173 0.000020 -12.101686 -0.583357 0.302577 0.000020  
 13 5 6  0.000000 -2.275364 -0.000000 -0.000426 0.000000 -1.352122 -0.000000 -0.000426 0.000000 -0.000141 0.000000 -0.000426 0.000000 1.351840 0.000000 -0.000426 0.000000 2.275082 0.000000 -0.000426  
 14 6 7  0.000000 -0.127857 -0.000000 0.000616 0.000000 -0.076002 -0.000000 0.000616 0.000000 -0.000068 0.000000 0.000616 0.000000 0.075867 0.000000 0.000616 0.000000 0.127721 0.000000 0.000616  
 15 7 8  0.000000 -2.275058 0.000000 -0.000443 0.000000 -1.351826 0.000000 -0.000443 0.000000 0.000141 0.000000 -0.000443 0.000000 1.352108 -0.000000 -0.000443 0.000000 2.275341 -0.000000 -0.000443  
 16 8 5  0.000000 -0.127744 0.000000 0.000660 0.000000 -0.075881 0.000000 0.000660 0.000000 0.000068 0.000000 0.000660 0.000000 0.076016 -0.000000 0.000660 0.000000 0.127880 -0.000000 0.000660  
 17 10 11  0.000000 -1.161379 0.000000 -0.000162 0.000000 -0.690123 0.000000 -0.000162 0.000000 -0.000025 0.000000 -0.000162 0.000000 0.690074 -0.000000 -0.000162 0.000000 1.161329 -0.000000 -0.000162  
 18 11 12  0.000000 -0.621398 0.000000 0.000253 0.000000 -0.369253 0.000000 0.000253 0.000000 -0.000015 0.000000 0.000253 0.000000 0.369223 -0.000000 0.000253 0.000000 0.621368 -0.000000 0.000253  
 19 12 13  0.000000 -1.161295 -0.000000 -0.000167 0.000000 -0.690053 -0.000000 -0.000167 0.000000 0.000025 0.000000 -0.000167 0.000000 0.690103 0.000000 -0.000167 0.000000 1.161344 0.000000 -0.000167  
 20 13 10  0.000000 -0.621403 -0.000000 0.000258 0.000000 -0.369243 -0.000000 0.000258 0.000000 0.000015 0.000000 0.000258 0.000000 0.369273 0.000000 0.000258 0.000000 0.621433 0.000000 0.000258  
 21 15 16  0.000000 -0.279216 0.000000 -0.000020 0.000000 -0.165924 0.000000 -0.000020 0.000000 -0.000022 0.000000 -0.000020 0.000000 0.165880 -0.000000 -0.000020 0.000000 0.279171 -0.000000 -0.000020  
 22 16 17  0.000000 -0.582400 0.000000 0.000033 0.000000 -0.346076 0.000000 0.000033 0.000000 -0.000006 0.000000 0.000033 0.000000 0.346063 -0.000000 0.000033 0.000000 0.582387 -0.000000 0.000033  
 23 17 18  0.000000 -0.279136 -0.000000 -0.000020 0.000000 -0.165859 -0.000000 -0.000020 0.000000 0.000022 0.000000 -0.000020 0.000000 0.165904 0.000000 -0.000020 0.000000 0.279181 0.000000 -0.000020  
 24 18 15  0.000000 -0.582421 -0.000000 0.000033 0.000000 -0.346083 -0.000000 0.000033 0.000000 0.000006 0.000000 0.000033 0.000000 0.346096 0.000000 0.000033 0.000000 0.582434 0.000000 0.000033  
