 1 1 5  -61.761023 -12.329109 0.708195 -0.775097 -49.991662 -9.048145 0.267930 -0.775097 -34.840520 -3.872604 -0.446128 -0.775097 -35.208575 3.926504 -1.166805 -0.775097 -45.017809 7.539331 -1.384870 -0.775097  
 2 2 6  -68.006970 -12.761825 0.781218 -0.775097 -56.575882 -9.471217 0.339360 -0.775097 -43.885224 -3.976666 -0.476518 -0.775097 -44.042160 4.058317 -1.295144 -0.775097 -51.938055 7.940255 -1.495644 -0.775097  
 3 3 7  -50.214867 -11.700827 0.673310 -0.775097 -37.007924 -8.185915 0.268064 -0.775097 -17.710428 -2.898933 -0.359077 -0.775097 -21.062026 3.779913 -0.935099 -0.775097 -34.342266 7.381672 -1.265911 -0.775097  
 4 4 8  -43.177048 -11.122457 0.602722 -0.775097 -29.823509 -7.589727 0.211782 -0.775097 -9.593861 -2.305787 -0.311466 -0.775097 -13.197343 3.189589 -0.809865 -0.775097 -26.916070 6.793366 -1.156060 -0.775097  
 5 5 10  -32.024981 -4.963681 -3.017729 -0.087445 -26.101711 -3.055470 -2.365766 -0.087445 -22.622395 0.650342 -1.014502 -0.087445 -26.811686 4.104402 0.661484 -0.087445 -33.133097 5.875968 1.491785 -0.087445  
 6 6 11  -37.758478 -5.271661 -3.125246 -0.087445 -32.620470 -3.270410 -2.513849 -0.087445 -30.644749 0.649799 -1.043012 -0.087445 -32.964196 4.420922 0.626402 -0.087445 -38.661946 6.238134 1.462659 -0.087445  
 7 7 12  -29.117268 -5.615089 -2.718639 -0.087445 -21.154885 -3.470676 -2.032071 -0.087445 -13.588551 0.436296 -1.041843 -0.087445 -21.751470 4.079636 0.533808 -0.087445 -29.753936 6.177596 1.308523 -0.087445  
 8 8 13  -23.451728 -5.198479 -2.621131 -0.087445 -15.165003 -3.077500 -1.869419 -0.087445 -5.447717 0.331703 -0.819970 -0.087445 -15.857132 3.629160 0.557537 -0.087445 -24.135122 5.732959 1.328797 -0.087445  
 9 10 15  -20.533439 -4.444600 -3.751183 -0.004964 -10.717708 -2.290382 -2.133811 -0.004964 -2.316391 0.746673 0.174713 -0.004964 -16.556152 3.923895 2.519958 -0.004964 -26.307327 6.072955 4.123503 -0.004964  
 10 11 16  -23.287955 -4.644866 -3.771022 -0.004964 -13.599644 -2.476535 -2.218659 -0.004964 -5.418545 0.995835 0.208632 -0.004964 -19.438013 4.147400 2.545664 -0.004964 -29.088720 6.294406 4.102988 -0.004964  
 11 12 17  -19.512332 -4.765093 -3.538799 -0.004964 -9.197110 -2.420492 -1.966745 -0.004964 -0.313485 0.553183 0.141695 -0.004964 -15.095411 4.021944 2.367941 -0.004964 -25.399263 6.363700 3.922083 -0.004964  
 12 13 18  -16.418855 -4.522843 -3.505750 -0.004964 -6.225288 -2.200178 -1.864168 -0.004964 1.908718 0.350630 0.097057 -0.004964 -11.965949 3.763099 2.322307 -0.004964 -22.236031 6.111069 3.912229 -0.004964  
 13 5 6  0.000000 -1.601965 0.000000 -0.367610 0.000000 -0.950784 0.000000 -0.367610 0.000000 0.002794 0.000000 -0.367610 0.000000 0.956371 -0.000000 -0.367610 0.000000 1.607552 -0.000000 -0.367610  
 14 6 7  0.000000 13.286316 0.000000 0.049093 0.000000 7.990356 0.000000 0.049093 0.000000 0.235038 0.000000 0.049093 0.000000 -7.520279 -0.000000 0.049093 0.000000 -12.816239 -0.000000 0.049093  
 15 7 8  0.000000 -1.575476 -0.000000 -0.593403 0.000000 -0.937311 -0.000000 -0.593403 0.000000 -0.002794 0.000000 -0.593403 0.000000 0.931724 0.000000 -0.593403 0.000000 1.569889 0.000000 -0.593403  
 16 8 5  0.000000 12.784163 -0.000000 0.080775 0.000000 7.501219 -0.000000 0.080775 0.000000 -0.235038 0.000000 0.080775 0.000000 -7.971296 0.000000 0.080775 0.000000 -13.254240 0.000000 0.080775  
 17 10 11  0.000000 -5.107994 -0.000000 -0.305986 0.000000 -3.026714 -0.000000 -0.305986 0.000000 0.021078 0.000000 -0.305986 0.000000 3.068870 0.000000 -0.305986 0.000000 5.150149 0.000000 -0.305986  
 18 11 12  0.000000 11.022754 -0.000000 0.265725 0.000000 6.589238 -0.000000 0.265725 0.000000 0.096870 0.000000 0.265725 0.000000 -6.395497 0.000000 0.265725 0.000000 -10.829013 0.000000 0.265725  
 19 12 13  0.000000 -5.103264 0.000000 -0.437550 0.000000 -3.041009 0.000000 -0.437550 0.000000 -0.021078 0.000000 -0.437550 0.000000 2.998854 -0.000000 -0.437550 0.000000 5.061108 -0.000000 -0.437550  
 20 13 10  0.000000 10.782127 0.000000 0.255273 0.000000 6.367637 0.000000 0.255273 0.000000 -0.096870 0.000000 0.255273 0.000000 -6.561378 -0.000000 0.255273 0.000000 -10.975868 -0.000000 0.255273  
 21 15 16  0.000000 -3.974974 0.000000 -0.156193 0.000000 -2.351793 0.000000 -0.156193 0.000000 0.025168 0.000000 -0.156193 0.000000 2.402128 -0.000000 -0.156193 0.000000 4.025310 -0.000000 -0.156193  
 22 16 17  0.000000 6.175754 0.000000 0.115114 0.000000 3.705413 0.000000 0.115114 0.000000 0.087887 0.000000 0.115114 0.000000 -3.529639 -0.000000 0.115114 0.000000 -5.999980 -0.000000 0.115114  
 23 17 18  0.000000 -3.967208 -0.000000 -0.174281 0.000000 -2.367603 -0.000000 -0.174281 0.000000 -0.025168 0.000000 -0.174281 0.000000 2.317267 0.000000 -0.174281 0.000000 3.916872 0.000000 -0.174281  
 24 18 15  0.000000 5.941878 -0.000000 0.132214 0.000000 3.495114 -0.000000 0.132214 0.000000 -0.087887 0.000000 0.132214 0.000000 -3.670888 0.000000 0.132214 0.000000 -6.117652 0.000000 0.132214  
