 1 1 5  -40.394543 -1.247186 -6.408622 0.368427 -36.765181 -1.318172 -5.010387 0.368427 -33.739040 -1.481605 -2.372466 0.368427 -33.586694 -1.278624 1.065871 0.368427 -32.960471 -1.036653 3.356061 0.368427  
 2 2 6  -52.626987 -1.336833 -6.937825 0.368427 -50.577371 -1.464742 -5.432141 0.368427 -50.486172 -1.482321 -2.460250 0.368427 -50.424268 -1.302034 0.785921 0.368427 -49.452914 -1.163722 3.026665 0.368427  
 3 3 7  -41.498625 -1.372569 -6.380148 0.368427 -38.213281 -1.397016 -5.032200 0.368427 -35.666707 -1.434479 -2.466017 0.368427 -35.563369 -1.103149 0.804104 0.368427 -34.521200 -0.851389 3.074775 0.368427  
 4 4 8  -29.614515 -1.269172 -5.703522 0.368427 -25.128387 -1.238939 -4.354985 0.368427 -18.999926 -1.240856 -2.135069 0.368427 -17.497029 -1.068018 1.071778 0.368427 -19.689782 -0.681704 2.871296 0.368427  
 5 5 10  -35.589144 -5.685197 -5.408388 0.055525 -26.472982 -3.933147 -3.424065 0.055525 -15.938654 -1.131817 -0.103318 0.055525 -22.903680 2.324582 3.467454 0.055525 -31.896364 4.150104 5.376916 0.055525  
 6 6 11  -43.211666 -6.141472 -5.417007 0.055525 -34.978200 -4.373421 -3.536239 0.055525 -28.297630 -1.132273 -0.100972 0.055525 -31.720506 2.643668 3.655502 0.055525 -39.443788 4.520698 5.467728 0.055525  
 7 7 12  -35.012442 -5.958736 -5.012024 0.055525 -25.862467 -4.088837 -3.163387 0.055525 -15.059649 -1.092996 -0.100858 0.055525 -22.129104 2.563926 3.194538 0.055525 -31.055876 4.498445 4.974144 0.055525  
 8 8 13  -27.030826 -5.437298 -4.933870 0.055525 -17.315071 -3.541083 -2.985864 0.055525 -3.198378 -0.719997 -0.065805 0.055525 -13.563327 2.180975 2.859383 0.055525 -23.260899 4.077016 4.794591 0.055525  
 9 10 15  -19.002891 -4.105240 -3.319790 -0.046892 -9.872554 -2.197901 -1.692447 -0.046892 -2.859017 0.561642 0.655624 -0.046892 -16.184499 3.354521 3.049554 -0.046892 -25.235450 5.249501 4.670122 -0.046892  
 10 11 16  -21.842623 -4.333391 -3.198534 -0.046892 -13.002216 -2.434401 -1.657007 -0.046892 -6.625495 0.716416 0.895106 -0.046892 -19.343115 3.566152 3.098141 -0.046892 -28.144770 5.470207 4.611166 -0.046892  
 11 12 17  -18.589648 -4.372028 -3.021158 -0.046892 -9.287000 -2.327013 -1.495326 -0.046892 -2.047382 0.512487 0.619625 -0.046892 -15.573182 3.481107 2.894039 -0.046892 -24.838180 5.512289 4.415883 -0.046892  
 12 13 18  -15.402920 -4.107983 -3.119863 -0.046892 -6.021088 -2.061195 -1.501918 -0.046892 0.848104 0.338819 0.388924 -0.046892 -12.166146 3.242742 2.812158 -0.046892 -21.534627 5.264604 4.441179 -0.046892  
 13 5 6  0.000000 -8.276080 -0.000000 -0.275995 0.000000 -4.892346 -0.000000 -0.275995 0.000000 0.062739 0.000000 -0.275995 0.000000 5.017823 0.000000 -0.275995 0.000000 8.401557 0.000000 -0.275995  
 14 6 7  0.000000 5.021677 0.000000 0.352765 0.000000 3.001363 0.000000 0.352765 0.000000 0.042847 0.000000 0.352765 0.000000 -2.915668 -0.000000 0.352765 0.000000 -4.935983 -0.000000 0.352765  
 15 7 8  0.000000 -8.386924 0.000000 -0.348603 0.000000 -5.009128 0.000000 -0.348603 0.000000 -0.062739 0.000000 -0.348603 0.000000 4.883651 -0.000000 -0.348603 0.000000 8.261447 -0.000000 -0.348603  
 16 8 5  0.000000 4.921350 -0.000000 0.534162 0.000000 2.906973 -0.000000 0.534162 0.000000 -0.042847 0.000000 0.534162 0.000000 -2.992668 0.000000 0.534162 0.000000 -5.007044 0.000000 0.534162  
 17 10 11  0.000000 -8.484655 -0.000000 -0.380849 0.000000 -5.017121 -0.000000 -0.380849 0.000000 0.060680 0.000000 -0.380849 0.000000 5.138480 0.000000 -0.380849 0.000000 8.606014 0.000000 -0.380849  
 18 11 12  0.000000 8.801086 -0.000000 0.387295 0.000000 5.257296 -0.000000 0.387295 0.000000 0.067829 0.000000 0.387295 0.000000 -5.121639 0.000000 0.387295 0.000000 -8.665428 0.000000 0.387295  
 19 12 13  0.000000 -8.570242 0.000000 -0.392705 0.000000 -5.117223 0.000000 -0.392705 0.000000 -0.060680 0.000000 -0.392705 0.000000 4.995864 -0.000000 -0.392705 0.000000 8.448882 -0.000000 -0.392705  
 20 13 10  0.000000 8.629656 0.000000 0.480571 0.000000 5.100382 0.000000 0.480571 0.000000 -0.067829 0.000000 0.480571 0.000000 -5.236040 -0.000000 0.480571 0.000000 -8.765313 -0.000000 0.480571  
 21 15 16  0.000000 -4.443098 -0.000000 -0.151630 0.000000 -2.627258 -0.000000 -0.151630 0.000000 0.031829 0.000000 -0.151630 0.000000 2.690916 0.000000 -0.151630 0.000000 4.506757 0.000000 -0.151630  
 22 16 17  0.000000 5.383648 -0.000000 0.150164 0.000000 3.224114 -0.000000 0.150164 0.000000 0.061729 0.000000 0.150164 0.000000 -3.100657 0.000000 0.150164 0.000000 -5.260191 0.000000 0.150164  
 23 17 18  0.000000 -4.459882 0.000000 -0.174438 0.000000 -2.663063 0.000000 -0.174438 0.000000 -0.031829 0.000000 -0.174438 0.000000 2.599404 -0.000000 -0.174438 0.000000 4.396224 -0.000000 -0.174438  
 24 18 15  0.000000 5.213317 0.000000 0.171168 0.000000 3.072804 0.000000 0.171168 0.000000 -0.061729 0.000000 0.171168 0.000000 -3.196261 -0.000000 0.171168 0.000000 -5.336774 -0.000000 0.171168  
