 1 1 5  -38.341287 -2.388417 -4.909742 0.096631 -36.502450 -2.062022 -3.899061 0.096631 -35.502189 -1.323150 -1.942332 0.096631 -35.412561 -0.244708 0.438019 0.096631 -34.319104 0.522609 2.091768 0.096631  
 2 2 6  -49.024821 -2.591750 -5.171200 0.096631 -48.373347 -2.221256 -4.071504 0.096631 -48.932142 -1.311641 -1.982239 0.096631 -48.869772 -0.268082 0.250229 0.096631 -47.898695 0.459600 1.798662 0.096631  
 3 3 7  -38.350780 -2.479960 -4.822990 0.096631 -36.615974 -2.115510 -3.857517 0.096631 -35.656008 -1.295024 -1.993106 0.096631 -35.577597 -0.138121 0.268358 0.096631 -34.490457 0.665869 1.856105 0.096631  
 4 4 8  -28.373711 -2.257889 -4.423983 0.096631 -25.511157 -1.879761 -3.500130 0.096631 -22.010533 -1.234220 -1.875029 0.096631 -21.484496 -0.116384 0.457171 0.096631 -21.059464 0.624068 2.015000 0.096631  
 5 5 10  -31.782284 -3.682354 -4.847818 0.228224 -25.689981 -2.700472 -3.194117 0.228224 -20.532478 -0.928110 -0.164039 0.228224 -23.200356 1.272919 3.147302 0.228224 -29.135453 2.359839 4.733565 0.228224  
 6 6 11  -38.170464 -3.964084 -4.934209 0.228224 -33.040290 -2.969739 -3.305478 0.228224 -30.211183 -0.928565 -0.173371 0.228224 -30.905918 1.433249 3.254752 0.228224 -35.434429 2.554200 4.864590 0.228224  
 7 7 12  -30.401078 -3.871583 -4.521472 0.228224 -24.295543 -2.798854 -2.969085 0.228224 -18.788364 -0.879825 -0.173310 0.228224 -21.678916 1.470316 2.905215 0.228224 -27.553472 2.629515 4.398876 0.228224  
 8 8 13  -24.136648 -3.567991 -4.374850 0.228224 -17.272170 -2.474400 -2.771313 0.228224 -8.381470 -0.864979 -0.154053 0.228224 -14.629999 1.279489 2.635338 0.228224 -21.413557 2.413730 4.199984 0.228224  
 9 10 15  -20.472453 -4.784374 -2.552448 -0.068957 -11.568978 -2.730428 -1.275868 -0.068957 -2.963203 0.336927 0.640040 -0.068957 -15.628699 3.366463 2.498142 -0.068957 -24.433042 5.412695 3.761305 -0.068957  
 10 11 16  -22.807283 -4.983805 -2.431920 -0.068957 -14.070960 -2.934953 -1.213055 -0.068957 -6.002358 0.410315 0.851881 -0.068957 -18.116536 3.545601 2.526965 -0.068957 -26.801748 5.597899 3.713361 -0.068957  
 11 12 17  -19.441658 -4.951872 -2.311452 -0.068957 -10.212423 -2.759945 -1.107765 -0.068957 -1.261782 0.293691 0.518946 -0.068957 -14.293215 3.444258 2.350485 -0.068957 -23.491495 5.620213 3.554655 -0.068957  
 12 13 18  -16.777385 -4.717989 -2.410515 -0.068957 -7.486003 -2.520287 -1.150854 -0.068957 0.961562 0.195479 0.315008 -0.068957 -11.548115 3.230519 2.300843 -0.068957 -20.790865 5.401813 3.579730 -0.068957  
 13 5 6  0.000000 -6.719182 0.000000 -0.187266 0.000000 -3.976463 0.000000 -0.187266 0.000000 0.039931 0.000000 -0.187266 0.000000 4.056325 -0.000000 -0.187266 0.000000 6.799045 -0.000000 -0.187266  
 14 6 7  0.000000 4.469239 0.000000 0.300182 0.000000 2.666174 0.000000 0.300182 0.000000 0.025795 0.000000 0.300182 0.000000 -2.614584 -0.000000 0.300182 0.000000 -4.417649 -0.000000 0.300182  
 15 7 8  0.000000 -6.792563 -0.000000 -0.236680 0.000000 -4.052473 -0.000000 -0.236680 0.000000 -0.039931 0.000000 -0.236680 0.000000 3.972610 0.000000 -0.236680 0.000000 6.712700 0.000000 -0.236680  
 16 8 5  0.000000 4.411167 -0.000000 0.406515 0.000000 2.610732 -0.000000 0.406515 0.000000 -0.025795 0.000000 0.406515 0.000000 -2.662322 0.000000 0.406515 0.000000 -4.462757 0.000000 0.406515  
 17 10 11  0.000000 -7.187601 0.000000 -0.262076 0.000000 -4.252572 0.000000 -0.262076 0.000000 0.045436 0.000000 -0.262076 0.000000 4.343445 -0.000000 -0.262076 0.000000 7.278474 -0.000000 -0.262076  
 18 11 12  0.000000 7.542917 0.000000 0.311136 0.000000 4.505286 0.000000 0.311136 0.000000 0.057028 0.000000 0.311136 0.000000 -4.391229 -0.000000 0.311136 0.000000 -7.428861 -0.000000 0.311136  
 19 12 13  0.000000 -7.262364 -0.000000 -0.301561 0.000000 -4.333872 -0.000000 -0.301561 0.000000 -0.045436 0.000000 -0.301561 0.000000 4.243000 0.000000 -0.301561 0.000000 7.171491 0.000000 -0.301561  
 20 13 10  0.000000 7.412751 -0.000000 0.403884 0.000000 4.381657 -0.000000 0.403884 0.000000 -0.057028 0.000000 0.403884 0.000000 -4.495713 0.000000 0.403884 0.000000 -7.526807 0.000000 0.403884  
 21 15 16  0.000000 -3.580477 -0.000000 -0.128012 0.000000 -2.119988 -0.000000 -0.128012 0.000000 0.018728 0.000000 -0.128012 0.000000 2.157443 0.000000 -0.128012 0.000000 3.617932 0.000000 -0.128012  
 22 16 17  0.000000 5.553356 0.000000 0.142912 0.000000 3.329697 0.000000 0.142912 0.000000 0.073407 0.000000 0.142912 0.000000 -3.182882 -0.000000 0.142912 0.000000 -5.406541 -0.000000 0.142912  
 23 17 18  0.000000 -3.591397 0.000000 -0.155776 0.000000 -2.141676 0.000000 -0.155776 0.000000 -0.018728 0.000000 -0.155776 0.000000 2.104221 -0.000000 -0.155776 0.000000 3.553942 -0.000000 -0.155776  
 24 18 15  0.000000 5.380007 -0.000000 0.156977 0.000000 3.167115 -0.000000 0.156977 0.000000 -0.073407 0.000000 0.156977 0.000000 -3.313930 0.000000 0.156977 0.000000 -5.526822 0.000000 0.156977  
