 1 1 5  -35.405795 0.525037 -0.803620 0.000346 -35.434731 0.322732 -0.587621 0.000346 -35.468629 0.026732 -0.271270 0.000346 -35.470810 -0.269855 0.046297 0.000346 -35.450103 -0.472034 0.262355 0.000346  
 2 2 6  -37.361117 0.524309 -0.802473 0.000346 -37.390206 0.322115 -0.586441 0.000346 -37.424804 0.026230 -0.270102 0.000346 -37.427081 -0.269479 0.046020 0.000346 -37.405372 -0.471526 0.262016 0.000346  
 3 3 7  -36.503205 0.523606 -0.801392 0.000346 -36.532076 0.321409 -0.585529 0.000346 -36.565875 0.025498 -0.269466 0.000346 -36.567542 -0.269310 0.045474 0.000346 -36.547061 -0.471321 0.261193 0.000346  
 4 4 8  -34.547065 0.524353 -0.802494 0.000346 -34.575905 0.322041 -0.586664 0.000346 -34.610018 0.025979 -0.270626 0.000346 -34.612839 -0.269729 0.045670 0.000346 -34.591219 -0.471847 0.261495 0.000346  
 5 5 10  -23.815589 -0.392353 -0.645213 0.000084 -23.825291 -0.319888 -0.401942 0.000084 -23.833114 -0.214038 -0.045238 0.000084 -23.822731 -0.108080 0.311180 0.000084 -23.812849 -0.035686 0.554506 0.000084  
 6 6 11  -25.099095 -0.392643 -0.645309 0.000084 -25.108894 -0.320105 -0.401867 0.000084 -25.117446 -0.213957 -0.045500 0.000084 -25.106391 -0.107904 0.311071 0.000084 -25.096459 -0.035456 0.554613 0.000084  
 7 7 12  -24.167052 -0.392535 -0.645013 0.000084 -24.176766 -0.320083 -0.401612 0.000084 -24.184383 -0.213834 -0.045613 0.000084 -24.174132 -0.107793 0.310770 0.000084 -24.164258 -0.035424 0.554273 0.000084  
 8 8 13  -22.883071 -0.392251 -0.644918 0.000084 -22.892782 -0.319868 -0.401691 0.000084 -22.901470 -0.213917 -0.045354 0.000084 -22.890060 -0.107968 0.310874 0.000084 -22.880163 -0.035653 0.554172 0.000084  
 9 10 15  -11.975905 -0.656085 -0.504463 -0.000028 -11.981221 -0.391463 -0.257692 -0.000028 -11.983581 -0.003996 0.103782 -0.000028 -11.977271 0.383513 0.465190 -0.000028 -11.985079 0.645290 0.709123 -0.000028  
 10 11 16  -12.484548 -0.656120 -0.504170 -0.000028 -12.489849 -0.391486 -0.257554 -0.000028 -12.492303 -0.003969 0.103588 -0.000028 -12.485945 0.383565 0.464700 -0.000028 -12.483568 0.647375 0.710510 -0.000028  
 11 12 17  -12.014434 -0.656375 -0.504114 -0.000028 -12.019684 -0.391592 -0.257515 -0.000028 -12.022096 -0.003784 0.103548 -0.000028 -12.015828 0.383990 0.464643 -0.000028 -12.022853 0.646086 0.708577 -0.000028  
 12 13 18  -11.505820 -0.656340 -0.504407 -0.000028 -11.511115 -0.391566 -0.257650 -0.000028 -11.513453 -0.003807 0.103742 -0.000028 -11.507186 0.383938 0.465133 -0.000028 -11.524382 0.644002 0.707190 -0.000028  
 13 5 6  0.000000 -0.928186 -0.000000 -0.000421 0.000000 -0.551604 -0.000000 -0.000421 0.000000 -0.000142 0.000000 -0.000421 0.000000 0.551320 0.000000 -0.000421 0.000000 0.927902 0.000000 -0.000421  
 14 6 7  0.000000 -0.101910 0.000000 0.000612 0.000000 -0.060585 0.000000 0.000612 0.000000 -0.000070 0.000000 0.000612 0.000000 0.060445 -0.000000 0.000612 0.000000 0.101770 -0.000000 0.000612  
 15 7 8  0.000000 -0.927878 0.000000 -0.000442 0.000000 -0.551305 0.000000 -0.000442 0.000000 0.000142 0.000000 -0.000442 0.000000 0.551589 -0.000000 -0.000442 0.000000 0.928162 -0.000000 -0.000442  
 16 8 5  0.000000 -0.101794 -0.000000 0.000650 0.000000 -0.060459 -0.000000 0.000650 0.000000 0.000070 0.000000 0.000650 0.000000 0.060600 0.000000 0.000650 0.000000 0.101934 0.000000 0.000650  
 17 10 11  0.000000 -1.072151 -0.000000 -0.000371 0.000000 -0.637100 -0.000000 -0.000371 0.000000 -0.000018 0.000000 -0.000371 0.000000 0.637063 0.000000 -0.000371 0.000000 1.072114 0.000000 -0.000371  
 18 11 12  0.000000 0.639914 -0.000000 0.000435 0.000000 0.380245 -0.000000 0.000435 0.000000 -0.000010 0.000000 0.000435 0.000000 -0.380265 0.000000 0.000435 0.000000 -0.639934 0.000000 0.000435  
 19 12 13  0.000000 -1.072080 0.000000 -0.000371 0.000000 -0.637043 0.000000 -0.000371 0.000000 0.000018 0.000000 -0.000371 0.000000 0.637079 -0.000000 -0.000371 0.000000 1.072116 -0.000000 -0.000371  
 20 13 10  0.000000 0.639900 0.000000 0.000436 0.000000 0.380245 0.000000 0.000436 0.000000 0.000010 0.000000 0.000436 0.000000 -0.380225 -0.000000 0.000436 0.000000 -0.639880 -0.000000 0.000436  
 21 15 16  0.000000 -0.700718 0.000000 -0.000465 0.000000 -0.416346 0.000000 -0.000465 0.000000 0.000085 0.000000 -0.000465 0.000000 0.416515 -0.000000 -0.000465 0.000000 0.700888 -0.000000 -0.000465  
 22 16 17  0.000000 0.647826 0.000000 0.000439 0.000000 0.384987 0.000000 0.000439 0.000000 0.000091 0.000000 0.000439 0.000000 -0.384806 -0.000000 0.000439 0.000000 -0.647645 -0.000000 0.000439  
 23 17 18  0.000000 -0.700853 -0.000000 -0.000465 0.000000 -0.416494 -0.000000 -0.000465 0.000000 -0.000085 0.000000 -0.000465 0.000000 0.416325 0.000000 -0.000465 0.000000 0.700684 0.000000 -0.000465  
 24 18 15  0.000000 0.647610 -0.000000 0.000439 0.000000 0.384786 -0.000000 0.000439 0.000000 -0.000091 0.000000 0.000439 0.000000 -0.384967 0.000000 0.000439 0.000000 -0.647792 0.000000 0.000439  
