 1 1 5  -36.882143 -0.816095 0.396363 -0.000006 -36.896897 -0.582754 0.275401 -0.000006 -36.915023 -0.241116 0.098374 -0.000006 -36.916651 0.099690 -0.078116 -0.000006 -36.905491 0.332917 -0.198906 -0.000006  
 2 2 6  -36.465410 -0.816467 0.396748 -0.000006 -36.480417 -0.583092 0.275811 -0.000006 -36.499213 -0.241410 0.098825 -0.000006 -36.501090 0.099962 -0.078109 -0.000006 -36.489002 0.333240 -0.198977 -0.000006  
 3 3 7  -35.069771 -0.816983 0.397136 -0.000006 -35.084785 -0.583647 0.276156 -0.000006 -35.103267 -0.242050 0.099106 -0.000006 -35.104150 0.100067 -0.078313 -0.000006 -35.093274 0.333396 -0.199315 -0.000006  
 4 4 8  -35.485678 -0.816626 0.396734 -0.000006 -35.500571 -0.583338 0.275710 -0.000006 -35.519119 -0.241797 0.098562 -0.000006 -35.521372 0.099898 -0.078268 -0.000006 -35.509311 0.333130 -0.199173 -0.000006  
 5 5 10  -24.475025 -0.474584 0.129458 -0.000008 -24.480892 -0.270324 0.059186 -0.000008 -24.486018 0.028547 -0.043565 -0.000008 -24.479711 0.327629 -0.146458 -0.000008 -24.473931 0.531914 -0.216768 -0.000008  
 6 6 11  -24.306307 -0.474801 0.129459 -0.000008 -24.312241 -0.270511 0.059258 -0.000008 -24.318019 0.028585 -0.043595 -0.000008 -24.311208 0.327728 -0.146475 -0.000008 -24.305388 0.532033 -0.216714 -0.000008  
 7 7 12  -23.513832 -0.474723 0.129681 -0.000008 -23.519731 -0.270534 0.059464 -0.000008 -23.524626 0.028704 -0.043586 -0.000008 -23.518842 0.327799 -0.146563 -0.000008 -23.513021 0.532006 -0.216811 -0.000008  
 8 8 13  -23.682120 -0.474509 0.129663 -0.000008 -23.688065 -0.270354 0.059370 -0.000008 -23.693917 0.028718 -0.043570 -0.000008 -23.686887 0.327711 -0.146532 -0.000008 -23.681055 0.531889 -0.216855 -0.000008  
 9 10 15  -12.149440 -0.184089 -0.029843 0.000006 -12.152711 -0.069353 -0.033911 0.000006 -12.154147 0.098582 -0.039800 0.000006 -12.150193 0.266570 -0.045687 0.000006 -12.146361 0.381322 -0.049767 0.000006  
 10 11 16  -12.116063 -0.184140 -0.029849 0.000006 -12.119364 -0.069394 -0.033898 0.000006 -12.120907 0.098598 -0.039814 0.000006 -12.116830 0.266620 -0.045711 0.000006 -12.112973 0.381383 -0.049769 0.000006  
 11 12 17  -11.846621 -0.184100 -0.029789 0.000006 -11.849916 -0.069381 -0.033850 0.000006 -11.851470 0.098639 -0.039823 0.000006 -11.847386 0.266644 -0.045762 0.000006 -11.843525 0.381379 -0.049832 0.000006  
 12 13 18  -11.880012 -0.184050 -0.029784 0.000006 -11.883315 -0.069342 -0.033865 0.000006 -11.884779 0.098625 -0.039808 0.000006 -11.880759 0.266595 -0.045737 0.000006 -11.876911 0.381319 -0.049829 0.000006  
 13 5 6  0.000000 0.342000 -0.000000 -0.000289 0.000000 0.203202 -0.000000 -0.000289 0.000000 -0.000052 0.000000 -0.000289 0.000000 -0.203305 0.000000 -0.000289 0.000000 -0.342103 0.000000 -0.000289  
 14 6 7  0.000000 0.833153 -0.000000 0.000286 0.000000 0.495049 -0.000000 0.000286 0.000000 -0.000065 0.000000 0.000286 0.000000 -0.495179 0.000000 0.000286 0.000000 -0.833282 0.000000 0.000286  
 15 7 8  0.000000 0.342118 0.000000 -0.000250 0.000000 0.203314 0.000000 -0.000250 0.000000 0.000052 0.000000 -0.000250 0.000000 -0.203211 -0.000000 -0.000250 0.000000 -0.342015 -0.000000 -0.000250  
 16 8 5  0.000000 0.833267 0.000000 0.000248 0.000000 0.495169 0.000000 0.000248 0.000000 0.000065 0.000000 0.000248 0.000000 -0.495040 -0.000000 0.000248 0.000000 -0.833138 -0.000000 0.000248  
 17 10 11  0.000000 0.186572 -0.000000 -0.000117 0.000000 0.110861 -0.000000 -0.000117 0.000000 -0.000010 0.000000 -0.000117 0.000000 -0.110882 0.000000 -0.000117 0.000000 -0.186593 0.000000 -0.000117  
 18 11 12  0.000000 0.722607 0.000000 0.000109 0.000000 0.429381 0.000000 0.000109 0.000000 -0.000016 0.000000 0.000109 0.000000 -0.429412 -0.000000 0.000109 0.000000 -0.722639 -0.000000 0.000109  
 19 12 13  0.000000 0.186617 0.000000 -0.000104 0.000000 0.110896 0.000000 -0.000104 0.000000 0.000010 0.000000 -0.000104 0.000000 -0.110875 -0.000000 -0.000104 0.000000 -0.186596 -0.000000 -0.000104  
 20 13 10  0.000000 0.722615 -0.000000 0.000101 0.000000 0.429398 -0.000000 0.000101 0.000000 0.000016 0.000000 0.000101 0.000000 -0.429366 0.000000 0.000101 0.000000 -0.722583 0.000000 0.000101  
 21 15 16  0.000000 0.046029 -0.000000 -0.000026 0.000000 0.027347 -0.000000 -0.000026 0.000000 -0.000011 0.000000 -0.000026 0.000000 -0.027369 0.000000 -0.000026 0.000000 -0.046051 0.000000 -0.000026  
 22 16 17  0.000000 0.372085 0.000000 0.000028 0.000000 0.221097 0.000000 0.000028 0.000000 -0.000008 0.000000 0.000028 0.000000 -0.221113 -0.000000 0.000028 0.000000 -0.372101 -0.000000 0.000028  
 23 17 18  0.000000 0.046075 0.000000 -0.000025 0.000000 0.027383 0.000000 -0.000025 0.000000 0.000011 0.000000 -0.000025 0.000000 -0.027362 -0.000000 -0.000025 0.000000 -0.046054 -0.000000 -0.000025  
 24 18 15  0.000000 0.372077 -0.000000 0.000026 0.000000 0.221098 -0.000000 0.000026 0.000000 0.000008 0.000000 0.000026 0.000000 -0.221083 0.000000 0.000026 0.000000 -0.372061 0.000000 0.000026  
