 1 1 5  -34.251961 0.437831 -1.514738 0.000055 -34.278262 0.322786 -1.070700 0.000055 -34.309225 0.154446 -0.420538 0.000055 -34.311673 -0.014819 0.230511 0.000055 -34.293389 -0.129840 0.674537 0.000055  
 2 2 6  -36.475326 0.436835 -1.513758 0.000055 -36.501622 0.321937 -1.069699 0.000055 -36.532919 0.153818 -0.419522 0.000055 -36.536589 -0.014244 0.230360 0.000055 -36.517002 -0.129059 0.674286 0.000055  
 3 3 7  -37.664863 0.436041 -1.512691 0.000055 -37.690963 0.321142 -1.068787 0.000055 -37.721451 0.153030 -0.418858 0.000055 -37.723800 -0.014031 0.229791 0.000055 -37.705918 -0.128801 0.673449 0.000055  
 4 4 8  -35.440318 0.436989 -1.513709 0.000055 -35.466536 0.321934 -1.069837 0.000055 -35.497785 0.153572 -0.419952 0.000055 -35.501454 -0.014560 0.229995 0.000055 -35.481823 -0.129497 0.673778 0.000055  
 5 5 10  -23.001494 0.386431 -0.728300 0.000016 -23.010649 0.246272 -0.395309 0.000016 -23.017693 0.040686 0.092731 0.000016 -23.007744 -0.164685 0.580612 0.000016 -22.998180 -0.304880 0.913715 0.000016  
 6 6 11  -24.174596 0.386043 -0.728399 0.000016 -24.183875 0.245952 -0.395250 0.000016 -24.192307 0.040769 0.092561 0.000016 -24.181071 -0.164458 0.580537 0.000016 -24.171322 -0.304620 0.913799 0.000016  
 7 7 12  -24.982519 0.386238 -0.728053 0.000016 -24.991662 0.246031 -0.394945 0.000016 -24.998858 0.040990 0.092465 0.000016 -24.989039 -0.164342 0.580264 0.000016 -24.979361 -0.304623 0.913493 0.000016  
 8 8 13  -23.808746 0.386605 -0.727965 0.000016 -23.817948 0.246328 -0.395015 0.000016 -23.826307 0.040887 0.092657 0.000016 -23.815004 -0.164547 0.580356 0.000016 -23.805423 -0.304873 0.913416 0.000016  
 9 10 15  -11.647905 0.346283 -0.189156 0.000011 -11.652407 0.182606 -0.043939 0.000011 -11.653997 -0.057142 0.168834 0.000011 -11.648450 -0.296827 0.381537 0.000011 -11.642843 -0.460512 0.526765 0.000011  
 10 11 16  -12.017850 0.346218 -0.189183 0.000011 -12.022345 0.182560 -0.043930 0.000011 -12.023994 -0.057113 0.168795 0.000011 -12.018414 -0.296749 0.381492 0.000011 -12.012792 -0.460420 0.526762 0.000011  
 11 12 17  -12.347379 0.346277 -0.189099 0.000011 -12.351815 0.182587 -0.043869 0.000011 -12.353505 -0.057059 0.168758 0.000011 -12.347948 -0.296727 0.381417 0.000011 -12.342337 -0.460426 0.526669 0.000011  
 12 13 18  -11.977480 0.346339 -0.189071 0.000011 -11.981987 0.182637 -0.043870 0.000011 -11.983581 -0.057082 0.168802 0.000011 -11.978022 -0.296803 0.381463 0.000011 -11.972408 -0.460518 0.526671 0.000011  
 13 5 6  0.000000 -1.450500 -0.000000 -0.000627 0.000000 -0.861963 -0.000000 -0.000627 0.000000 -0.000119 0.000000 -0.000627 0.000000 0.861726 0.000000 -0.000627 0.000000 1.450263 0.000000 -0.000627  
 14 6 7  0.000000 -0.526335 0.000000 0.000637 0.000000 -0.312792 0.000000 0.000637 0.000000 -0.000084 0.000000 0.000637 0.000000 0.312625 -0.000000 0.000637 0.000000 0.526168 -0.000000 0.000637  
 15 7 8  0.000000 -1.450233 0.000000 -0.000580 0.000000 -0.861708 0.000000 -0.000580 0.000000 0.000119 0.000000 -0.000580 0.000000 0.861945 -0.000000 -0.000580 0.000000 1.450471 -0.000000 -0.000580  
 16 8 5  0.000000 -0.526198 -0.000000 0.000602 0.000000 -0.312643 -0.000000 0.000602 0.000000 0.000084 0.000000 0.000602 0.000000 0.312810 0.000000 0.000602 0.000000 0.526365 0.000000 0.000602  
 17 10 11  0.000000 -1.109866 0.000000 -0.000219 0.000000 -0.659513 0.000000 -0.000219 0.000000 -0.000023 0.000000 -0.000219 0.000000 0.659467 -0.000000 -0.000219 0.000000 1.109821 -0.000000 -0.000219  
 18 11 12  0.000000 -0.660182 -0.000000 0.000247 0.000000 -0.392300 -0.000000 0.000247 0.000000 -0.000018 0.000000 0.000247 0.000000 0.392265 0.000000 0.000247 0.000000 0.660147 0.000000 0.000247  
 19 12 13  0.000000 -1.109777 -0.000000 -0.000210 0.000000 -0.659441 -0.000000 -0.000210 0.000000 0.000023 0.000000 -0.000210 0.000000 0.659487 0.000000 -0.000210 0.000000 1.109822 0.000000 -0.000210  
 20 13 10  0.000000 -0.660191 0.000000 0.000239 0.000000 -0.392291 0.000000 0.000239 0.000000 0.000018 0.000000 0.000239 0.000000 0.392326 -0.000000 0.000239 0.000000 0.660226 -0.000000 0.000239  
 21 15 16  0.000000 -0.510922 -0.000000 -0.000034 0.000000 -0.303607 -0.000000 -0.000034 0.000000 -0.000018 0.000000 -0.000034 0.000000 0.303571 0.000000 -0.000034 0.000000 0.510886 0.000000 -0.000034  
 22 16 17  0.000000 -0.455091 0.000000 0.000038 0.000000 -0.270426 0.000000 0.000038 0.000000 -0.000006 0.000000 0.000038 0.000000 0.270414 -0.000000 0.000038 0.000000 0.455079 -0.000000 0.000038  
 23 17 18  0.000000 -0.510842 0.000000 -0.000033 0.000000 -0.303544 0.000000 -0.000033 0.000000 0.000018 0.000000 -0.000033 0.000000 0.303581 -0.000000 -0.000033 0.000000 0.510878 -0.000000 -0.000033  
 24 18 15  0.000000 -0.455123 -0.000000 0.000038 0.000000 -0.270441 -0.000000 0.000038 0.000000 0.000006 0.000000 0.000038 0.000000 0.270452 0.000000 0.000038 0.000000 0.455135 0.000000 0.000038  
