 1 1 5  -31.761477 0.096639 -3.869637 -0.026073 -31.164432 0.121968 -2.931731 -0.026073 -31.795671 0.215926 -1.063773 -0.026073 -31.763073 0.334302 0.852350 -0.026073 -31.316916 0.395132 2.121749 -0.026073  
 2 2 6  -36.095182 0.127056 -3.972045 -0.026073 -36.322070 0.146006 -2.891429 -0.026073 -37.081223 0.222694 -1.046788 -0.026073 -37.040804 0.325812 0.839526 -0.026073 -36.538516 0.378111 2.100176 -0.026073  
 3 3 7  -39.531108 0.093399 -4.088471 -0.026073 -40.115921 0.117565 -2.915123 -0.026073 -40.802838 0.204379 -1.054273 -0.026073 -40.780356 0.323773 0.848942 -0.026073 -40.320074 0.378981 2.118874 -0.026073  
 4 4 8  -35.121469 0.060819 -4.009570 -0.026073 -34.975894 0.092938 -2.954043 -0.026073 -35.508221 0.200919 -1.066485 -0.026073 -35.507183 0.330020 0.858570 -0.026073 -35.130032 0.397479 2.141607 -0.026073  
 5 5 10  -20.970409 1.090663 -1.440415 -0.002574 -21.209581 0.839205 -0.737181 -0.002574 -21.347372 0.462472 0.342878 -0.002574 -21.132635 0.080142 1.414101 -0.002574 -20.838083 -0.181567 2.112727 -0.002574  
 6 6 11  -23.410614 1.106913 -1.452641 -0.002574 -23.700181 0.843255 -0.734163 -0.002574 -23.851687 0.462104 0.341335 -0.002574 -23.600881 0.074455 1.406909 -0.002574 -23.245439 -0.196352 2.120859 -0.002574  
 7 7 12  -26.619348 1.107791 -1.461693 -0.002574 -26.911525 0.845979 -0.738661 -0.002574 -27.052157 0.476288 0.341431 -0.002574 -26.820334 0.099950 1.412709 -0.002574 -26.471509 -0.166993 2.128881 -0.002574  
 8 8 13  -24.146691 1.100266 -1.464813 -0.002574 -24.431790 0.841004 -0.742882 -0.002574 -24.553371 0.476159 0.342697 -0.002574 -24.361384 0.106571 1.420700 -0.002574 -24.025986 -0.157418 2.137042 -0.002574  
 9 10 15  -12.291290 1.959281 -0.306845 0.007234 -10.387979 1.313582 -0.063866 0.007234 -9.878862 -0.051036 0.412483 0.007234 -10.891332 -1.325763 0.744503 0.007234 -12.812019 -1.983472 0.913230 0.007234  
 10 11 16  -12.906043 1.996864 -0.309185 0.007234 -11.080413 1.341890 -0.064696 0.007234 -10.715509 -0.051461 0.407713 0.007234 -11.563482 -1.352956 0.751394 0.007234 -13.419118 -2.019852 0.915813 0.007234  
 11 12 17  -14.166055 2.033631 -0.319545 0.007234 -12.640564 1.362426 -0.068584 0.007234 -12.537271 -0.041368 0.407961 0.007234 -13.045415 -1.358293 0.791598 0.007234 -14.629243 -2.037968 0.951628 0.007234  
 12 13 18  -13.543904 2.000091 -0.318894 0.007234 -11.919318 1.343999 -0.067871 0.007234 -11.729611 -0.041099 0.412603 0.007234 -12.363670 -1.336544 0.786497 0.007234 -14.026958 -2.005336 0.947931 0.007234  
 13 5 6  0.000000 -3.673388 0.000000 0.016814 0.000000 -2.182999 0.000000 0.016814 0.000000 -0.000496 0.000000 0.016814 0.000000 2.182007 -0.000000 0.016814 0.000000 3.672397 -0.000000 0.016814  
 14 6 7  0.000000 -0.700418 -0.000000 -0.024014 0.000000 -0.417597 -0.000000 -0.024014 0.000000 -0.003439 0.000000 -0.024014 0.000000 0.410719 0.000000 -0.024014 0.000000 0.693540 0.000000 -0.024014  
 15 7 8  0.000000 -3.672784 -0.000000 0.015149 0.000000 -2.182237 -0.000000 0.015149 0.000000 0.000496 0.000000 0.015149 0.000000 2.183229 0.000000 0.015149 0.000000 3.673776 0.000000 0.015149  
 16 8 5  0.000000 -0.693153 0.000000 -0.031753 0.000000 -0.410489 0.000000 -0.031753 0.000000 0.003439 0.000000 -0.031753 0.000000 0.417367 -0.000000 -0.031753 0.000000 0.700031 -0.000000 -0.031753  
 17 10 11  0.000000 -2.436787 0.000000 0.029550 0.000000 -1.448140 0.000000 0.029550 0.000000 -0.000381 0.000000 0.029550 0.000000 1.447379 -0.000000 0.029550 0.000000 2.436026 -0.000000 0.029550  
 18 11 12  0.000000 -2.304652 0.000000 -0.014645 0.000000 -1.367330 0.000000 -0.014645 0.000000 0.005270 0.000000 -0.014645 0.000000 1.377869 -0.000000 -0.014645 0.000000 2.315191 -0.000000 -0.014645  
 19 12 13  0.000000 -2.436520 -0.000000 0.023061 0.000000 -1.447672 -0.000000 0.023061 0.000000 0.000381 0.000000 0.023061 0.000000 1.448433 0.000000 0.023061 0.000000 2.437282 0.000000 0.023061  
 20 13 10  0.000000 -2.314697 -0.000000 -0.020540 0.000000 -1.377575 -0.000000 -0.020540 0.000000 -0.005270 0.000000 -0.020540 0.000000 1.367036 0.000000 -0.020540 0.000000 2.304158 0.000000 -0.020540  
 21 15 16  0.000000 -0.977865 0.000000 0.022016 0.000000 -0.580211 0.000000 0.022016 0.000000 0.002108 0.000000 0.022016 0.000000 0.584426 -0.000000 0.022016 0.000000 0.982081 -0.000000 0.022016  
 22 16 17  0.000000 -2.113388 -0.000000 -0.021369 0.000000 -1.251220 -0.000000 -0.021369 0.000000 0.011325 0.000000 -0.021369 0.000000 1.273870 0.000000 -0.021369 0.000000 2.136038 0.000000 -0.021369  
 23 17 18  0.000000 -0.982946 -0.000000 0.018326 0.000000 -0.584940 -0.000000 0.018326 0.000000 -0.002108 0.000000 0.018326 0.000000 0.580725 0.000000 0.018326 0.000000 0.978730 0.000000 0.018326  
 24 18 15  0.000000 -2.135173 0.000000 -0.021846 0.000000 -1.273356 0.000000 -0.021846 0.000000 -0.011325 0.000000 -0.021846 0.000000 1.250706 -0.000000 -0.021846 0.000000 2.112523 -0.000000 -0.021846  
