 1 1 5  -36.497038 -0.529297 0.453932 0.000019 -36.503472 -0.365278 0.313718 0.000019 -36.511983 -0.125161 0.108388 0.000019 -36.513269 0.114748 -0.096660 0.000019 -36.508155 0.278665 -0.236841 0.000019  
 2 2 6  -36.106169 -0.529314 0.454203 0.000019 -36.112615 -0.365286 0.314031 0.000019 -36.121159 -0.125140 0.108764 0.000019 -36.122791 0.114762 -0.096728 0.000019 -36.117316 0.278706 -0.236929 0.000019  
 3 3 7  -35.480742 -0.529543 0.454237 0.000019 -35.487271 -0.365539 0.314062 0.000019 -35.495947 -0.125426 0.108785 0.000019 -35.497456 0.114840 -0.096806 0.000019 -35.492058 0.278812 -0.236988 0.000019  
 4 4 8  -35.871580 -0.529520 0.453954 0.000019 -35.878088 -0.365526 0.313734 0.000019 -35.886593 -0.125435 0.108367 0.000019 -35.888202 0.114806 -0.096708 0.000019 -35.882901 0.278766 -0.236875 0.000019  
 5 5 10  -24.212104 -0.138513 0.124734 0.000007 -24.214973 -0.065888 0.049269 0.000007 -24.217485 0.040385 -0.061111 0.000007 -24.214043 0.146647 -0.171593 0.000007 -24.211045 0.219269 -0.247055 0.000007  
 6 6 11  -24.094780 -0.138483 0.124686 0.000007 -24.097621 -0.065855 0.049288 0.000007 -24.100155 0.040379 -0.061171 0.000007 -24.096607 0.146642 -0.171636 0.000007 -24.093585 0.219256 -0.247046 0.000007  
 7 7 12  -23.782754 -0.138426 0.124667 0.000007 -23.785653 -0.065843 0.049270 0.000007 -23.788271 0.040438 -0.061195 0.000007 -23.784673 0.146690 -0.171637 0.000007 -23.781605 0.219260 -0.247043 0.000007  
 8 8 13  -23.900082 -0.138452 0.124710 0.000007 -23.902984 -0.065872 0.049243 0.000007 -23.905583 0.040431 -0.061131 0.000007 -23.902141 0.146692 -0.171584 0.000007 -23.899083 0.219270 -0.247046 0.000007  
 9 10 15  -12.052039 -0.067498 -0.084815 0.000004 -12.053238 -0.023806 -0.068753 0.000004 -12.053686 0.040162 -0.045227 0.000004 -12.052124 0.104160 -0.021700 0.000004 -12.050792 0.147863 -0.005634 0.000004  
 10 11 16  -12.051048 -0.067487 -0.084840 0.000004 -12.052240 -0.023796 -0.068759 0.000004 -12.052658 0.040159 -0.045252 0.000004 -12.051122 0.104149 -0.021713 0.000004 -12.049791 0.147852 -0.005630 0.000004  
 11 12 17  -11.946721 -0.067468 -0.084847 0.000004 -11.947924 -0.023788 -0.068766 0.000004 -11.948340 0.040180 -0.045252 0.000004 -11.946783 0.104157 -0.021707 0.000004 -11.945445 0.147848 -0.005623 0.000004  
 12 13 18  -11.947712 -0.067479 -0.084823 0.000004 -11.948917 -0.023797 -0.068759 0.000004 -11.949367 0.040182 -0.045225 0.000004 -11.947789 0.104166 -0.021693 0.000004 -11.946449 0.147859 -0.005627 0.000004  
 13 5 6  0.000000 0.377509 0.000000 -0.000001 0.000000 0.224309 0.000000 -0.000001 0.000000 -0.000035 0.000000 -0.000001 0.000000 -0.224378 -0.000000 -0.000001 0.000000 -0.377578 -0.000000 -0.000001  
 14 6 7  0.000000 0.432730 0.000000 0.000027 0.000000 0.257127 0.000000 0.000027 0.000000 -0.000025 0.000000 0.000027 0.000000 -0.257176 -0.000000 0.000027 0.000000 -0.432780 -0.000000 0.000027  
 15 7 8  0.000000 0.377579 -0.000000 -0.000008 0.000000 0.224379 -0.000000 -0.000008 0.000000 0.000035 0.000000 -0.000008 0.000000 -0.224309 0.000000 -0.000008 0.000000 -0.377510 0.000000 -0.000008  
 16 8 5  0.000000 0.432779 -0.000000 0.000010 0.000000 0.257176 -0.000000 0.000010 0.000000 0.000025 0.000000 0.000010 0.000000 -0.257126 0.000000 0.000010 0.000000 -0.432730 0.000000 0.000010  
 17 10 11  0.000000 0.160698 0.000000 0.000018 0.000000 0.095486 0.000000 0.000018 0.000000 -0.000009 0.000000 0.000018 0.000000 -0.095504 -0.000000 0.000018 0.000000 -0.160716 -0.000000 0.000018  
 18 11 12  0.000000 0.286717 0.000000 -0.000005 0.000000 0.170371 0.000000 -0.000005 0.000000 -0.000006 0.000000 -0.000005 0.000000 -0.170382 -0.000000 -0.000005 0.000000 -0.286729 -0.000000 -0.000005  
 19 12 13  0.000000 0.160716 -0.000000 0.000014 0.000000 0.095504 -0.000000 0.000014 0.000000 0.000009 0.000000 0.000014 0.000000 -0.095486 0.000000 0.000014 0.000000 -0.160698 0.000000 0.000014  
 20 13 10  0.000000 0.286729 -0.000000 -0.000011 0.000000 0.170382 -0.000000 -0.000011 0.000000 0.000006 0.000000 -0.000011 0.000000 -0.170371 0.000000 -0.000011 0.000000 -0.286717 0.000000 -0.000011  
 21 15 16  0.000000 0.001387 -0.000000 0.000008 0.000000 0.000822 -0.000000 0.000008 0.000000 -0.000004 0.000000 0.000008 0.000000 -0.000830 0.000000 0.000008 0.000000 -0.001395 0.000000 0.000008  
 22 16 17  0.000000 0.144076 -0.000000 -0.000004 0.000000 0.085612 -0.000000 -0.000004 0.000000 -0.000002 0.000000 -0.000004 0.000000 -0.085615 0.000000 -0.000004 0.000000 -0.144079 0.000000 -0.000004  
 23 17 18  0.000000 0.001395 0.000000 0.000007 0.000000 0.000830 0.000000 0.000007 0.000000 0.000004 0.000000 0.000007 0.000000 -0.000822 -0.000000 0.000007 0.000000 -0.001387 -0.000000 0.000007  
 24 18 15  0.000000 0.144079 0.000000 -0.000005 0.000000 0.085615 0.000000 -0.000005 0.000000 0.000002 0.000000 -0.000005 0.000000 -0.085612 -0.000000 -0.000005 0.000000 -0.144076 -0.000000 -0.000005  
