 1 1 5  -56.836136 -9.529567 -6.735291 0.013689 -46.513582 -7.100210 -4.908431 0.013689 -32.947565 -3.322145 -2.090432 0.013689 -31.812300 2.280542 2.118730 0.013689 -39.543464 5.063695 4.060378 0.013689  
 2 2 6  -67.818885 -10.159627 -6.974581 0.013689 -58.334300 -7.683237 -5.222718 0.013689 -48.099749 -3.551337 -2.359809 0.013689 -47.840349 2.351776 1.950748 0.013689 -52.064170 5.580710 4.176546 0.013689  
 3 3 7  -51.197038 -9.430528 -6.363255 0.013689 -40.065693 -6.831396 -4.613252 0.013689 -24.596198 -2.864016 -1.998045 0.013689 -23.736835 2.688486 1.668466 0.013689 -33.829549 5.418064 3.484334 0.013689  
 4 4 8  -39.005774 -8.605306 -6.028107 0.013689 -27.474477 -5.998945 -4.206092 0.013689 -10.124959 -2.116826 -1.465287 0.013689 -9.390852 1.931547 1.388528 0.013689 -21.212446 4.578305 3.253839 0.013689  
 5 5 10  -35.728534 -6.234500 -4.424640 -0.017927 -25.831186 -3.936412 -2.756614 -0.017927 -17.266214 0.220990 0.226221 -0.017927 -27.069327 4.192686 3.040944 -0.017927 -36.991355 6.487655 4.695392 -0.017927  
 6 6 11  -42.163676 -6.660377 -4.380731 -0.017927 -33.016376 -4.325862 -2.794876 -0.017927 -27.458033 0.220203 0.264899 -0.017927 -34.205453 4.575010 3.146976 -0.017927 -43.424982 6.902368 4.712377 -0.017927  
 7 7 12  -33.198881 -6.735337 -3.960695 -0.017927 -22.246256 -4.165488 -2.375653 -0.017927 -10.092472 0.123842 0.264478 -0.017927 -23.184222 4.293597 2.716571 -0.017927 -34.134890 6.863755 4.281635 -0.017927  
 8 8 13  -26.769487 -6.231659 -3.988722 -0.017927 -15.491501 -3.660605 -2.314943 -0.017927 0.055864 0.051065 0.083424 -0.017927 -16.392839 3.805407 2.585104 -0.017927 -27.624262 6.368970 4.255384 -0.017927  
 9 10 15  -17.920831 -4.006005 -2.580795 -0.041948 -9.228882 -2.029474 -1.300692 -0.041948 -4.467147 0.940261 0.613742 -0.041948 -17.204565 3.836898 2.489595 -0.041948 -25.851105 5.807163 3.763628 -0.041948  
 10 11 16  -20.358894 -4.203476 -2.528380 -0.041948 -11.840270 -2.224860 -1.300517 -0.041948 -7.402445 1.121515 0.727398 -0.041948 -19.771194 4.030690 2.516683 -0.041948 -28.306882 6.003276 3.736025 -0.041948  
 11 12 17  -17.041906 -4.324481 -2.361868 -0.041948 -7.816389 -2.153347 -1.138026 -0.041948 -2.129567 0.742384 0.533450 -0.041948 -15.598786 3.911407 2.344058 -0.041948 -24.817021 6.073384 3.567681 -0.041948  
 12 13 18  -14.407098 -4.098934 -2.407491 -0.041948 -5.239153 -1.933048 -1.128642 -0.041948 0.164255 0.558352 0.407993 -0.041948 -12.881591 3.693743 2.303115 -0.041948 -22.096789 5.851481 3.583119 -0.041948  
 13 5 6  0.000000 -8.078416 0.000000 -0.470962 0.000000 -4.777081 0.000000 -0.470962 0.000000 0.057339 0.000000 -0.470962 0.000000 4.891759 -0.000000 -0.470962 0.000000 8.193093 -0.000000 -0.470962  
 14 6 7  0.000000 12.074403 0.000000 0.569815 0.000000 7.243321 0.000000 0.569815 0.000000 0.168762 0.000000 0.569815 0.000000 -6.905796 -0.000000 0.569815 0.000000 -11.736879 -0.000000 0.569815  
 15 7 8  0.000000 -8.146263 -0.000000 -0.779948 0.000000 -4.863931 -0.000000 -0.779948 0.000000 -0.057339 0.000000 -0.779948 0.000000 4.749254 0.000000 -0.779948 0.000000 8.031586 0.000000 -0.779948  
 16 8 5  0.000000 11.690049 -0.000000 0.707402 0.000000 6.877969 -0.000000 0.707402 0.000000 -0.168762 0.000000 0.707402 0.000000 -7.215494 0.000000 0.707402 0.000000 -12.027574 0.000000 0.707402  
 17 10 11  0.000000 -7.114687 0.000000 -0.361917 0.000000 -4.214905 0.000000 -0.361917 0.000000 0.031487 0.000000 -0.361917 0.000000 4.277880 -0.000000 -0.361917 0.000000 7.177662 -0.000000 -0.361917  
 18 11 12  0.000000 11.191148 0.000000 0.358960 0.000000 6.692893 0.000000 0.358960 0.000000 0.105721 0.000000 0.358960 0.000000 -6.481451 -0.000000 0.358960 0.000000 -10.979706 -0.000000 0.358960  
 19 12 13  0.000000 -7.115882 -0.000000 -0.457535 0.000000 -4.241170 -0.000000 -0.457535 0.000000 -0.031487 0.000000 -0.457535 0.000000 4.178195 0.000000 -0.457535 0.000000 7.052907 0.000000 -0.457535  
 20 13 10  0.000000 10.917927 -0.000000 0.397547 0.000000 6.444741 -0.000000 0.397547 0.000000 -0.105721 0.000000 0.397547 0.000000 -6.656182 0.000000 0.397547 0.000000 -11.129369 0.000000 0.397547  
 21 15 16  0.000000 -3.612234 0.000000 -0.126022 0.000000 -2.139049 0.000000 -0.126022 0.000000 0.018258 0.000000 -0.126022 0.000000 2.175565 -0.000000 -0.126022 0.000000 3.648750 -0.000000 -0.126022  
 22 16 17  0.000000 5.937123 0.000000 0.109512 0.000000 3.559553 0.000000 0.109512 0.000000 0.077877 0.000000 0.109512 0.000000 -3.403799 -0.000000 0.109512 0.000000 -5.781369 -0.000000 0.109512  
 23 17 18  0.000000 -3.579720 -0.000000 -0.144260 0.000000 -2.134546 -0.000000 -0.144260 0.000000 -0.018258 0.000000 -0.144260 0.000000 2.098031 0.000000 -0.144260 0.000000 3.543204 0.000000 -0.144260  
 24 18 15  0.000000 5.712340 -0.000000 0.119602 0.000000 3.362780 -0.000000 0.119602 0.000000 -0.077877 0.000000 0.119602 0.000000 -3.518534 0.000000 0.119602 0.000000 -5.868094 0.000000 0.119602  
