 1 1 5  -46.220063 -3.754756 5.202656 -0.275283 -43.704588 -3.157301 3.723664 -0.275283 -42.902271 -1.834910 1.061006 -0.275283 -42.870212 -0.240350 -1.812283 -0.275283 -42.448341 0.823210 -3.806999 -0.275283  
 2 2 6  -44.406321 -3.675759 5.172369 -0.275283 -41.717147 -3.094218 3.717191 -0.275283 -40.765900 -1.828003 1.075335 -0.275283 -40.720440 -0.249488 -1.828405 -0.275283 -40.326679 0.792817 -3.818251 -0.275283  
 3 3 7  -33.985894 -3.494745 4.666393 -0.275283 -30.121790 -2.861434 3.349710 -0.275283 -26.771992 -1.757708 1.068274 -0.275283 -26.746693 -0.018424 -1.820256 -0.275283 -28.066727 0.979861 -3.476122 -0.275283  
 4 4 8  -35.717798 -3.581992 4.718629 -0.275283 -32.022122 -2.942615 3.381709 -0.275283 -29.005928 -1.761420 1.058317 -0.275283 -29.005216 -0.011719 -1.806143 -0.275283 -29.968230 1.017559 -3.529862 -0.275283  
 5 5 10  -31.901679 -5.094297 0.110094 -0.139057 -27.544621 -3.566390 -0.286424 -0.139057 -25.983160 -0.411330 -1.012114 -0.139057 -26.955917 2.854825 -1.509756 -0.139057 -30.728273 4.497405 -1.683002 -0.139057  
 6 6 11  -32.436199 -5.124023 0.115606 -0.139057 -28.134978 -3.589055 -0.281068 -0.139057 -26.723153 -0.411938 -1.012372 -0.139057 -27.579910 2.863517 -1.530328 -0.139057 -31.251445 4.520285 -1.701165 -0.139057  
 7 7 12  -26.066765 -4.928399 0.102523 -0.139057 -20.488075 -3.349657 -0.253594 -0.139057 -16.132881 -0.401622 -1.012801 -0.139057 -19.395732 2.766289 -1.312045 -0.139057 -24.696659 4.381884 -1.540707 -0.139057  
 8 8 13  -25.555925 -4.893712 0.094201 -0.139057 -19.924952 -3.316140 -0.258090 -0.139057 -15.312760 -0.401751 -1.012387 -0.139057 -18.816874 2.741423 -1.288753 -0.139057 -24.193131 4.352905 -1.520453 -0.139057  
 9 10 15  -15.672789 -2.690413 -1.530305 0.041877 -11.466989 -1.462354 -1.133802 0.041877 -9.341046 0.939091 -0.317336 0.041877 -14.826282 2.754625 0.529356 0.041877 -19.333741 3.911683 1.003534 0.041877  
 10 11 16  -16.323145 -2.732069 -1.545876 0.041877 -12.213811 -1.493512 -1.155233 0.041877 -10.247379 0.951907 -0.329863 0.041877 -15.472492 2.800205 0.529912 0.041877 -19.954405 3.958102 1.003757 0.041877  
 11 12 17  -14.230596 -2.816771 -1.442127 0.041877 -9.342796 -1.526383 -1.016227 0.041877 -6.197008 0.819927 -0.278882 0.041877 -12.938921 2.709701 0.496800 0.041877 -17.915822 3.969420 0.960462 0.041877  
 12 13 18  -13.551126 -2.766524 -1.427957 0.041877 -8.607236 -1.482585 -0.992996 0.041877 -5.350024 0.779186 -0.262941 0.041877 -12.251049 2.657036 0.495854 0.041877 -17.250383 3.917040 0.958086 0.041877  
 13 5 6  0.000000 3.715290 0.000000 0.003609 0.000000 2.207982 0.000000 0.003609 0.000000 0.000704 0.000000 0.003609 0.000000 -2.206574 -0.000000 0.003609 0.000000 -3.713882 -0.000000 0.003609  
 14 6 7  0.000000 6.206535 0.000000 -0.181265 0.000000 3.710012 0.000000 -0.181265 0.000000 0.054144 0.000000 -0.181265 0.000000 -3.601725 -0.000000 -0.181265 0.000000 -6.098248 -0.000000 -0.181265  
 15 7 8  0.000000 3.712154 -0.000000 0.000887 0.000000 2.205547 -0.000000 0.000887 0.000000 -0.000704 0.000000 0.000887 0.000000 -2.206954 0.000000 0.000887 0.000000 -3.713561 0.000000 0.000887  
 16 8 5  0.000000 6.099977 -0.000000 -0.163570 0.000000 3.602752 -0.000000 -0.163570 0.000000 -0.054144 0.000000 -0.163570 0.000000 -3.711039 0.000000 -0.163570 0.000000 -6.208264 0.000000 -0.163570  
 17 10 11  0.000000 0.159151 -0.000000 -0.038007 0.000000 0.094679 -0.000000 -0.038007 0.000000 0.000267 0.000000 -0.038007 0.000000 -0.094146 0.000000 -0.038007 0.000000 -0.158618 0.000000 -0.038007  
 18 11 12  0.000000 7.514110 0.000000 -0.021997 0.000000 4.489453 0.000000 -0.021997 0.000000 0.060194 0.000000 -0.021997 0.000000 -4.369064 -0.000000 -0.021997 0.000000 -7.393721 -0.000000 -0.021997  
 19 12 13  0.000000 0.157793 0.000000 -0.048827 0.000000 0.093656 0.000000 -0.048827 0.000000 -0.000267 0.000000 -0.048827 0.000000 -0.094189 -0.000000 -0.048827 0.000000 -0.158327 -0.000000 -0.048827  
 20 13 10  0.000000 7.394545 -0.000000 -0.022566 0.000000 4.369554 -0.000000 -0.022566 0.000000 -0.060194 0.000000 -0.022566 0.000000 -4.489943 0.000000 -0.022566 0.000000 -7.514934 0.000000 -0.022566  
 21 15 16  0.000000 -1.022412 0.000000 -0.032521 0.000000 -0.606865 0.000000 -0.032521 0.000000 0.001655 0.000000 -0.032521 0.000000 0.610175 -0.000000 -0.032521 0.000000 1.025721 -0.000000 -0.032521  
 22 16 17  0.000000 4.091051 -0.000000 0.033119 0.000000 2.446486 -0.000000 0.033119 0.000000 0.038212 0.000000 0.033119 0.000000 -2.370062 0.000000 0.033119 0.000000 -4.014627 0.000000 0.033119  
 23 17 18  0.000000 -1.025132 -0.000000 -0.041828 0.000000 -0.609825 -0.000000 -0.041828 0.000000 -0.001655 0.000000 -0.041828 0.000000 0.606515 0.000000 -0.041828 0.000000 1.021823 0.000000 -0.041828  
 24 18 15  0.000000 4.014038 0.000000 0.033220 0.000000 2.369712 0.000000 0.033220 0.000000 -0.038212 0.000000 0.033220 0.000000 -2.446136 -0.000000 0.033220 0.000000 -4.090462 -0.000000 0.033220  
