 1 1 5  -34.344876 1.262820 -0.860325 -0.000285 -34.395621 0.879352 -0.631345 -0.000285 -34.452629 0.318087 -0.296147 -0.000285 -34.456731 -0.244229 0.040947 -0.000285 -34.425819 -0.627824 0.269987 -0.000285  
 2 2 6  -36.112387 1.260616 -0.857854 -0.000285 -36.163020 0.877547 -0.628970 -0.000285 -36.220514 0.316899 -0.293947 -0.000285 -36.227776 -0.243461 0.040527 -0.000285 -36.194236 -0.626432 0.269187 -0.000285  
 3 3 7  -37.497341 1.258957 -0.856034 -0.000285 -37.547483 0.875937 -0.627455 -0.000285 -37.602956 0.315303 -0.292788 -0.000285 -37.609384 -0.243476 0.039908 -0.000285 -37.578561 -0.626011 0.268088 -0.000285  
 4 4 8  -35.727666 1.261155 -0.858467 -0.000285 -35.778107 0.877729 -0.629787 -0.000285 -35.835059 0.316480 -0.294974 -0.000285 -35.842936 -0.244326 0.040126 -0.000285 -35.809671 -0.627503 0.268754 -0.000285  
 5 5 10  -23.171177 0.429186 -0.717168 0.000058 -23.191598 0.202092 -0.421227 0.000058 -23.206097 -0.130838 0.012562 0.000058 -23.186711 -0.463610 0.446335 0.000058 -23.164849 -0.690681 0.742436 0.000058  
 6 6 11  -24.203710 0.428570 -0.717585 0.000058 -24.224546 0.201612 -0.421360 0.000058 -24.241386 -0.130694 0.012210 0.000058 -24.219835 -0.462979 0.445965 0.000058 -24.197737 -0.689908 0.742363 0.000058  
 7 7 12  -24.792383 0.428569 -0.716814 0.000058 -24.812987 0.201413 -0.420803 0.000058 -24.828665 -0.130563 0.012054 0.000058 -24.808841 -0.462815 0.445363 0.000058 -24.786886 -0.689937 0.741520 0.000058  
 8 8 13  -23.758788 0.429195 -0.716402 0.000058 -23.779399 0.201918 -0.420668 0.000058 -23.796337 -0.130704 0.012431 0.000058 -23.774868 -0.463462 0.445750 0.000058 -23.752882 -0.690731 0.741620 0.000058  
 9 10 15  -11.759367 -0.059533 -0.205153 0.000007 -11.769451 -0.086747 -0.065946 0.000007 -11.773244 -0.126901 0.138222 0.000007 -11.760318 -0.166959 0.342175 0.000007 -11.746287 -0.194176 0.481366 0.000007  
 10 11 16  -12.098612 -0.059633 -0.205324 0.000007 -12.108810 -0.086803 -0.066032 0.000007 -12.112469 -0.126812 0.138067 0.000007 -12.099451 -0.166846 0.342095 0.000007 -12.085378 -0.194036 0.481378 0.000007  
 11 12 17  -12.230526 -0.059548 -0.205227 0.000007 -12.240717 -0.086778 -0.065980 0.000007 -12.244470 -0.126728 0.137974 0.000007 -12.231299 -0.166762 0.341962 0.000007 -12.217202 -0.194034 0.481222 0.000007  
 12 13 18  -11.891403 -0.059445 -0.205054 0.000007 -11.901556 -0.086713 -0.065892 0.000007 -11.905339 -0.126832 0.138142 0.000007 -11.892238 -0.166876 0.342043 0.000007 -11.878175 -0.194175 0.481208 0.000007  
 13 5 6  0.000000 -1.015166 0.000000 -0.001094 0.000000 -0.603322 0.000000 -0.001094 0.000000 -0.000224 0.000000 -0.001094 0.000000 0.602874 -0.000000 -0.001094 0.000000 1.014718 -0.000000 -0.001094  
 14 6 7  0.000000 -1.097957 0.000000 0.000988 0.000000 -0.652496 0.000000 0.000988 0.000000 -0.000171 0.000000 0.000988 0.000000 0.652155 -0.000000 0.000988 0.000000 1.097615 -0.000000 0.000988  
 15 7 8  0.000000 -1.014660 -0.000000 -0.001156 0.000000 -0.602840 -0.000000 -0.001156 0.000000 0.000224 0.000000 -0.001156 0.000000 0.603288 0.000000 -0.001156 0.000000 1.015109 0.000000 -0.001156  
 16 8 5  0.000000 -1.097673 -0.000000 0.001085 0.000000 -0.652189 -0.000000 0.001085 0.000000 0.000171 0.000000 0.001085 0.000000 0.652530 0.000000 0.001085 0.000000 1.098014 0.000000 0.001085  
 17 10 11  0.000000 -0.958962 0.000000 -0.000492 0.000000 -0.569855 0.000000 -0.000492 0.000000 -0.000054 0.000000 -0.000492 0.000000 0.569748 -0.000000 -0.000492 0.000000 0.958855 -0.000000 -0.000492  
 18 11 12  0.000000 -0.630440 0.000000 0.000523 0.000000 -0.374635 0.000000 0.000523 0.000000 -0.000040 0.000000 0.000523 0.000000 0.374556 -0.000000 0.000523 0.000000 0.630361 -0.000000 0.000523  
 19 12 13  0.000000 -0.958776 -0.000000 -0.000506 0.000000 -0.569702 -0.000000 -0.000506 0.000000 0.000054 0.000000 -0.000506 0.000000 0.569809 0.000000 -0.000506 0.000000 0.958884 0.000000 -0.000506  
 20 13 10  0.000000 -0.630440 -0.000000 0.000510 0.000000 -0.374603 -0.000000 0.000510 0.000000 0.000040 0.000000 0.000510 0.000000 0.374682 0.000000 0.000510 0.000000 0.630519 0.000000 0.000510  
 21 15 16  0.000000 -0.468454 -0.000000 -0.000050 0.000000 -0.278373 -0.000000 -0.000050 0.000000 -0.000021 0.000000 -0.000050 0.000000 0.278330 0.000000 -0.000050 0.000000 0.468411 0.000000 -0.000050  
 22 16 17  0.000000 -0.182236 -0.000000 0.000060 0.000000 -0.108299 -0.000000 0.000060 0.000000 -0.000026 0.000000 0.000060 0.000000 0.108246 0.000000 0.000060 0.000000 0.182184 0.000000 0.000060  
 23 17 18  0.000000 -0.468333 0.000000 -0.000054 0.000000 -0.278284 0.000000 -0.000054 0.000000 0.000021 0.000000 -0.000054 0.000000 0.278326 -0.000000 -0.000054 0.000000 0.468375 -0.000000 -0.000054  
 24 18 15  0.000000 -0.182262 0.000000 0.000058 0.000000 -0.108293 0.000000 0.000058 0.000000 0.000026 0.000000 0.000058 0.000000 0.108346 -0.000000 0.000058 0.000000 0.182315 -0.000000 0.000058  
