 1 1 5  -37.885453 -1.060761 1.093635 0.000152 -37.938006 -0.782436 0.763561 0.000152 -37.997004 -0.374545 0.280138 0.000152 -37.999734 0.032455 -0.201293 0.000152 -37.967521 0.310662 -0.531145 0.000152  
 2 2 6  -36.631710 -1.062918 1.096313 0.000152 -36.684156 -0.784198 0.766119 0.000152 -36.743389 -0.375681 0.282477 0.000152 -36.749837 0.033246 -0.201592 0.000152 -36.715300 0.312066 -0.531910 0.000152  
 3 3 7  -33.952089 -1.064517 1.098609 0.000152 -34.004074 -0.785750 0.768017 0.000152 -34.061702 -0.377220 0.283804 0.000152 -34.066839 0.033091 -0.202468 0.000152 -34.034982 0.312304 -0.533472 0.000152  
 4 4 8  -35.203201 -1.062340 1.096016 0.000152 -35.255609 -0.783971 0.765542 0.000152 -35.314786 -0.376071 0.281538 0.000152 -35.322293 0.032161 -0.202246 0.000152 -35.287591 0.310744 -0.532805 0.000152  
 5 5 10  -25.124819 -0.949470 0.408441 0.000308 -25.147370 -0.588669 0.197705 0.000308 -25.163915 -0.060664 -0.110484 0.000308 -25.144097 0.467793 -0.418790 0.000308 -25.120364 0.828840 -0.629493 0.000308  
 6 6 11  -24.579079 -0.950029 0.408042 0.000308 -24.601828 -0.589110 0.197652 0.000308 -24.621024 -0.060494 -0.110831 0.000308 -24.599092 0.468393 -0.419186 0.000308 -24.575229 0.829556 -0.629521 0.000308  
 7 7 12  -22.833884 -0.950168 0.408856 0.000308 -22.856113 -0.589402 0.198238 0.000308 -22.873289 -0.060507 -0.111099 0.000308 -22.852964 0.468560 -0.420023 0.000308 -22.829405 0.829591 -0.630645 0.000308  
 8 8 13  -23.378456 -0.949601 0.409272 0.000308 -23.400915 -0.588948 0.198312 0.000308 -23.419525 -0.060716 -0.110709 0.000308 -23.396977 0.467950 -0.419660 0.000308 -23.373370 0.828874 -0.630628 0.000308  
 9 10 15  -12.391458 -0.633523 -0.049561 0.000026 -12.403807 -0.313605 -0.076572 0.000026 -12.408751 0.154875 -0.115760 0.000026 -12.393918 0.623297 -0.155169 0.000026 -12.377410 0.943160 -0.182179 0.000026  
 10 11 16  -12.267411 -0.633592 -0.049712 0.000026 -12.279882 -0.313642 -0.076642 0.000026 -12.284821 0.154959 -0.115916 0.000026 -12.269849 0.623394 -0.155254 0.000026 -12.253332 0.943284 -0.182165 0.000026  
 11 12 17  -11.594804 -0.633492 -0.049631 0.000026 -11.607208 -0.313611 -0.076590 0.000026 -11.612192 0.155059 -0.116040 0.000026 -11.597364 0.623493 -0.155388 0.000026 -11.580853 0.943280 -0.182319 0.000026  
 12 13 18  -11.718980 -0.633415 -0.049473 0.000026 -11.731418 -0.313567 -0.076518 0.000026 -11.736170 0.154969 -0.115886 0.000026 -11.721531 0.623392 -0.155304 0.000026 -11.705007 0.943153 -0.182334 0.000026  
 13 5 6  0.000000 0.977558 0.000000 -0.001061 0.000000 0.580789 0.000000 -0.001061 0.000000 -0.000233 0.000000 -0.001061 0.000000 -0.581255 -0.000000 -0.001061 0.000000 -0.978024 -0.000000 -0.001061  
 14 6 7  0.000000 1.290877 0.000000 0.001265 0.000000 0.766998 0.000000 0.001265 0.000000 -0.000162 0.000000 0.001265 0.000000 -0.767321 -0.000000 0.001265 0.000000 -1.291200 -0.000000 0.001265  
 15 7 8  0.000000 0.978093 -0.000000 -0.001141 0.000000 0.581296 -0.000000 -0.001141 0.000000 0.000233 0.000000 -0.001141 0.000000 -0.580829 0.000000 -0.001141 0.000000 -0.977626 0.000000 -0.001141  
 16 8 5  0.000000 1.291131 -0.000000 0.001336 0.000000 0.767280 -0.000000 0.001336 0.000000 0.000162 0.000000 0.001336 0.000000 -0.766957 0.000000 0.001336 0.000000 -1.290808 0.000000 0.001336  
 17 10 11  0.000000 0.580901 -0.000000 -0.000444 0.000000 0.345160 -0.000000 -0.000444 0.000000 -0.000057 0.000000 -0.000444 0.000000 -0.345273 0.000000 -0.000444 0.000000 -0.581014 0.000000 -0.000444  
 18 11 12  0.000000 1.482783 -0.000000 0.000666 0.000000 0.881079 -0.000000 0.000666 0.000000 -0.000047 0.000000 0.000666 0.000000 -0.881173 0.000000 0.000666 0.000000 -1.482877 0.000000 0.000666  
 19 12 13  0.000000 0.581105 0.000000 -0.000458 0.000000 0.345326 0.000000 -0.000458 0.000000 0.000057 0.000000 -0.000458 0.000000 -0.345213 -0.000000 -0.000458 0.000000 -0.580992 -0.000000 -0.000458  
 20 13 10  0.000000 1.482786 0.000000 0.000678 0.000000 0.881119 0.000000 0.000678 0.000000 0.000047 0.000000 0.000678 0.000000 -0.881025 -0.000000 0.000678 0.000000 -1.482692 -0.000000 0.000678  
 21 15 16  0.000000 0.171258 -0.000000 -0.000030 0.000000 0.101755 -0.000000 -0.000030 0.000000 -0.000024 0.000000 -0.000030 0.000000 -0.101803 0.000000 -0.000030 0.000000 -0.171306 0.000000 -0.000030  
 22 16 17  0.000000 0.928778 0.000000 0.000056 0.000000 0.551885 0.000000 0.000056 0.000000 -0.000030 0.000000 0.000056 0.000000 -0.551945 -0.000000 0.000056 0.000000 -0.928837 -0.000000 0.000056  
 23 17 18  0.000000 0.171396 0.000000 -0.000034 0.000000 0.101857 0.000000 -0.000034 0.000000 0.000024 0.000000 -0.000034 0.000000 -0.101808 -0.000000 -0.000034 0.000000 -0.171347 -0.000000 -0.000034  
 24 18 15  0.000000 0.928748 -0.000000 0.000058 0.000000 0.551892 -0.000000 0.000058 0.000000 0.000030 0.000000 0.000058 0.000000 -0.551832 0.000000 0.000058 0.000000 -0.928688 0.000000 0.000058  
