 1 1 5  -38.172976 -0.354685 2.190922 0.000320 -38.200628 -0.280453 1.530120 0.000320 -38.233219 -0.171579 0.562402 0.000320 -38.235231 -0.063458 -0.404298 0.000320 -38.215912 0.010908 -1.065014 0.000320  
 2 2 6  -35.403298 -0.355446 2.192058 0.000320 -35.431034 -0.281107 1.531280 0.000320 -35.464082 -0.172101 0.563565 0.000320 -35.467415 -0.063033 -0.404487 0.000320 -35.446676 0.011430 -1.065350 0.000320  
 3 3 7  -33.739835 -0.356163 2.193172 0.000320 -33.767231 -0.281825 1.532223 0.000320 -33.799303 -0.172838 0.564218 0.000320 -33.801828 -0.062810 -0.405050 0.000320 -33.782647 0.011649 -1.066224 0.000320  
 4 4 8  -36.508323 -0.355396 2.192045 0.000320 -36.535894 -0.281177 1.531069 0.000320 -36.568669 -0.172363 0.563036 0.000320 -36.571742 -0.063285 -0.404867 0.000320 -36.551379 0.011122 -1.065878 0.000320  
 5 5 10  -25.289706 -0.569817 0.814822 0.000089 -25.299436 -0.384912 0.413085 0.000089 -25.307088 -0.114365 -0.174712 0.000089 -25.297082 0.156305 -0.762748 0.000089 -25.287343 0.341164 -1.164397 0.000089  
 6 6 11  -23.931975 -0.570110 0.814730 0.000089 -23.941827 -0.385135 0.413170 0.000089 -23.950900 -0.114299 -0.174936 0.000089 -23.939538 0.156485 -0.762854 0.000089 -23.929604 0.341391 -1.164299 0.000089  
 7 7 12  -22.692573 -0.569972 0.815037 0.000089 -22.702310 -0.385083 0.413440 0.000089 -22.710355 -0.114108 -0.175040 0.000089 -22.700102 0.156607 -0.763151 0.000089 -22.690206 0.341426 -1.164634 0.000089  
 8 8 13  -24.049730 -0.569686 0.815130 0.000089 -24.059464 -0.384866 0.413353 0.000089 -24.068230 -0.114234 -0.174823 0.000089 -24.057129 0.156439 -0.763040 0.000089 -24.047328 0.341208 -1.164726 0.000089  
 9 10 15  -12.466234 -0.615524 0.149070 -0.000110 -12.471313 -0.339476 0.001584 -0.000110 -12.473478 0.064705 -0.214281 -0.000110 -12.467264 0.468921 -0.430240 -0.000110 -12.460983 0.744948 -0.577728 -0.000110  
 10 11 16  -12.062014 -0.615561 0.149266 -0.000110 -12.067134 -0.339500 0.001685 -0.000110 -12.069245 0.064729 -0.214436 -0.000110 -12.063022 0.468975 -0.430602 -0.000110 -12.063073 0.743734 -0.576933 -0.000110  
 11 12 17  -11.525932 -0.615822 0.149335 -0.000110 -11.531037 -0.339599 0.001738 -0.000110 -11.533124 0.064925 -0.214476 -0.000110 -11.526943 0.469421 -0.430664 -0.000110 -11.537740 0.742207 -0.574880 -0.000110  
 12 13 18  -11.930395 -0.615788 0.149137 -0.000110 -11.935484 -0.339578 0.001635 -0.000110 -11.937644 0.064906 -0.214319 -0.000110 -11.931427 0.469366 -0.430303 -0.000110 -11.934115 0.743755 -0.576042 -0.000110  
 13 5 6  0.000000 1.949576 -0.000000 -0.000446 0.000000 1.158418 -0.000000 -0.000446 0.000000 -0.000141 0.000000 -0.000446 0.000000 -1.158699 0.000000 -0.000446 0.000000 -1.949857 0.000000 -0.000446  
 14 6 7  0.000000 0.586476 -0.000000 0.000638 0.000000 0.348466 -0.000000 0.000638 0.000000 -0.000073 0.000000 0.000638 0.000000 -0.348611 0.000000 0.000638 0.000000 -0.586622 0.000000 0.000638  
 15 7 8  0.000000 1.949883 0.000000 -0.000456 0.000000 1.158715 0.000000 -0.000456 0.000000 0.000141 0.000000 -0.000456 0.000000 -1.158433 -0.000000 -0.000456 0.000000 -1.949602 -0.000000 -0.000456  
 16 8 5  0.000000 0.586596 0.000000 0.000639 0.000000 0.348596 0.000000 0.000639 0.000000 0.000073 0.000000 0.000639 0.000000 -0.348450 -0.000000 0.000639 0.000000 -0.586450 -0.000000 0.000639  
 17 10 11  0.000000 1.317141 0.000000 -0.000034 0.000000 0.782661 0.000000 -0.000034 0.000000 -0.000021 0.000000 -0.000034 0.000000 -0.782704 -0.000000 -0.000034 0.000000 -1.317183 -0.000000 -0.000034  
 18 11 12  0.000000 0.973506 0.000000 0.000034 0.000000 0.578472 0.000000 0.000034 0.000000 -0.000010 0.000000 0.000034 0.000000 -0.578491 -0.000000 0.000034 0.000000 -0.973525 -0.000000 0.000034  
 19 12 13  0.000000 1.317221 -0.000000 -0.000001 0.000000 0.782726 -0.000000 -0.000001 0.000000 0.000021 0.000000 -0.000001 0.000000 -0.782684 0.000000 -0.000001 0.000000 -1.317179 0.000000 -0.000001  
 20 13 10  0.000000 0.973487 -0.000000 0.000068 0.000000 0.578469 -0.000000 0.000068 0.000000 0.000010 0.000000 0.000068 0.000000 -0.578449 0.000000 0.000068 0.000000 -0.973468 0.000000 0.000068  
 21 15 16  0.000000 0.557272 -0.000000 0.000261 0.000000 0.331163 -0.000000 0.000261 0.000000 0.000053 0.000000 0.000261 0.000000 -0.331057 0.000000 0.000261 0.000000 -0.557166 0.000000 0.000261  
 22 16 17  0.000000 0.738680 0.000000 -0.000435 0.000000 0.438977 0.000000 -0.000435 0.000000 0.000098 0.000000 -0.000435 0.000000 -0.438782 -0.000000 -0.000435 0.000000 -0.738484 -0.000000 -0.000435  
 23 17 18  0.000000 0.557201 0.000000 0.000336 0.000000 0.331078 0.000000 0.000336 0.000000 -0.000053 0.000000 0.000336 0.000000 -0.331184 -0.000000 0.000336 0.000000 -0.557307 -0.000000 0.000336  
 24 18 15  0.000000 0.738449 -0.000000 -0.000355 0.000000 0.438761 -0.000000 -0.000355 0.000000 -0.000098 0.000000 -0.000355 0.000000 -0.438956 0.000000 -0.000355 0.000000 -0.738644 0.000000 -0.000355  
