 1 1 5  -63.491703 -11.253336 -10.282989 -0.141238 -48.271803 -8.157569 -7.347380 -0.141238 -26.061762 -3.544712 -2.915746 -0.141238 -23.032889 2.404769 2.713273 -0.141238 -37.641596 5.637963 5.689842 -0.141238  
 2 2 6  -81.707906 -12.286907 -10.817193 -0.141238 -67.782695 -9.162724 -8.076083 -0.141238 -50.089218 -4.281621 -3.803358 -0.141238 -48.214046 2.984745 2.638776 -0.141238 -57.275307 6.642369 5.833634 -0.141238  
 3 3 7  -62.462364 -11.578516 -9.899726 -0.141238 -47.030062 -8.234608 -7.160742 -0.141238 -24.319058 -3.205749 -3.077144 -0.141238 -21.810971 3.078156 2.021408 -0.141238 -37.023497 6.462085 4.878619 -0.141238  
 4 4 8  -41.453412 -10.214844 -9.122788 -0.141238 -25.463787 -6.874557 -6.165279 -0.141238 -2.333491 -1.915587 -1.765660 -0.141238 -1.102588 1.668184 1.475654 -0.141238 -16.550666 5.035342 4.463240 -0.141238  
 5 5 10  -43.721947 -8.753804 -8.772565 -0.135212 -24.497422 -4.946597 -5.062416 -0.135212 -0.826780 0.442094 0.254222 -0.135212 -29.005770 6.083035 5.679433 -0.135212 -48.194674 9.886503 9.379771 -0.135212  
 6 6 11  -53.625873 -9.439188 -8.605930 -0.135212 -35.206122 -5.621614 -5.191486 -0.135212 -16.321323 0.938527 0.612311 -0.135212 -40.041422 6.789647 5.907416 -0.135212 -58.437274 10.595336 9.319521 -0.135212  
 7 7 12  -44.099266 -9.645752 -8.003109 -0.135212 -24.506546 -5.499198 -4.575560 -0.135212 -0.193117 0.321709 0.268847 -0.135212 -28.847733 6.429020 5.318752 -0.135212 -48.395555 10.569898 8.739417 -0.135212  
 8 8 13  -30.654039 -8.682682 -7.922788 -0.135212 -11.213341 -4.552827 -4.216457 -0.135212 5.759619 0.175568 0.115469 -0.135212 -15.017863 5.443937 4.860922 -0.135212 -34.568053 9.587292 8.547207 -0.135212  
 9 10 15  -12.016378 -1.612904 -2.631350 0.050576 -5.181825 -0.411059 -1.138091 0.050576 -7.362170 1.420722 1.179517 0.050576 -17.440955 3.154515 3.390563 0.050576 -24.320679 4.329448 4.882482 0.050576  
 10 11 16  -14.612975 -1.771212 -2.475970 0.050576 -8.621473 -0.519579 -1.126584 0.050576 -11.609091 1.640162 1.431177 0.050576 -20.942556 3.356852 3.463063 0.050576 -27.384673 4.528256 4.820066 0.050576  
 11 12 17  -12.005934 -2.049191 -2.244987 0.050576 -5.186453 -0.729314 -0.887730 0.050576 -7.753341 1.353776 1.274476 0.050576 -17.802602 3.280752 3.275226 0.050576 -24.576007 4.583341 4.626861 0.050576  
 12 13 18  -9.446171 -1.874448 -2.397487 0.050576 -2.345133 -0.579213 -0.885966 0.050576 -3.886383 1.120501 1.012810 0.050576 -14.429282 3.071458 3.193716 0.050576 -21.571283 4.381977 4.676972 0.050576  
 13 5 6  0.000000 -13.610190 -0.000000 -0.837179 0.000000 -8.017789 -0.000000 -0.837179 0.000000 0.171633 0.000000 -0.837179 0.000000 8.361054 0.000000 -0.837179 0.000000 13.953455 0.000000 -0.837179  
 14 6 7  0.000000 15.567811 -0.000000 0.784381 0.000000 9.340447 -0.000000 0.784381 0.000000 0.221198 0.000000 0.784381 0.000000 -8.898051 0.000000 0.784381 0.000000 -15.125415 0.000000 0.784381  
 15 7 8  0.000000 -13.852391 0.000000 -1.415277 0.000000 -8.301000 0.000000 -1.415277 0.000000 -0.171633 0.000000 -1.415277 0.000000 7.957734 -0.000000 -1.415277 0.000000 13.509125 -0.000000 -1.415277  
 16 8 5  0.000000 15.024350 0.000000 1.220497 0.000000 8.837997 0.000000 1.220497 0.000000 -0.221198 0.000000 1.220497 0.000000 -9.280393 -0.000000 1.220497 0.000000 -15.466746 -0.000000 1.220497  
 17 10 11  0.000000 -11.480902 0.000000 -0.529848 0.000000 -6.781670 0.000000 -0.529848 0.000000 0.099807 0.000000 -0.529848 0.000000 6.981285 -0.000000 -0.529848 0.000000 11.680516 -0.000000 -0.529848  
 18 11 12  0.000000 12.206260 0.000000 0.494151 0.000000 7.296706 0.000000 0.494151 0.000000 0.107235 0.000000 0.494151 0.000000 -7.082236 -0.000000 0.494151 0.000000 -11.991790 -0.000000 0.494151  
 19 12 13  0.000000 -11.480709 -0.000000 -0.691162 0.000000 -6.862555 -0.000000 -0.691162 0.000000 -0.099807 0.000000 -0.691162 0.000000 6.662941 0.000000 -0.691162 0.000000 11.281094 0.000000 -0.691162  
 20 13 10  0.000000 11.791982 -0.000000 0.639931 0.000000 6.963506 -0.000000 0.639931 0.000000 -0.107235 0.000000 0.639931 0.000000 -7.177976 0.000000 0.639931 0.000000 -12.006452 0.000000 0.639931  
 21 15 16  0.000000 -4.754964 -0.000000 -0.050658 0.000000 -2.812432 -0.000000 -0.050658 0.000000 0.032181 0.000000 -0.050658 0.000000 2.876794 0.000000 -0.050658 0.000000 4.819327 0.000000 -0.050658  
 22 16 17  0.000000 4.485763 0.000000 0.052959 0.000000 2.670961 0.000000 0.052959 0.000000 0.013394 0.000000 0.052959 0.000000 -2.644172 -0.000000 0.052959 0.000000 -4.458974 -0.000000 0.052959  
 23 17 18  0.000000 -4.616765 0.000000 -0.060101 0.000000 -2.756428 0.000000 -0.060101 0.000000 -0.032181 0.000000 -0.060101 0.000000 2.692066 -0.000000 -0.060101 0.000000 4.552403 -0.000000 -0.060101  
 24 18 15  0.000000 4.256413 -0.000000 0.061182 0.000000 2.523806 -0.000000 0.061182 0.000000 -0.013394 0.000000 0.061182 0.000000 -2.550595 0.000000 0.061182 0.000000 -4.283202 0.000000 0.061182  
