 1 1 5  -35.830764 2.038991 0.928238 -0.000171 -35.893249 1.390059 0.646507 -0.000171 -35.962305 0.440453 0.233756 -0.000171 -35.966223 -0.509949 -0.177067 -0.000171 -35.927484 -1.158565 -0.458765 -0.000171  
 2 2 6  -34.545151 2.036509 0.931430 -0.000171 -34.607074 1.387999 0.649538 -0.000171 -34.674524 0.439206 0.236474 -0.000171 -34.681814 -0.508973 -0.177306 -0.000171 -34.642037 -1.157026 -0.459466 -0.000171  
 3 3 7  -35.978628 2.034975 0.933645 -0.000171 -36.039850 1.386532 0.651366 -0.000171 -36.106661 0.437613 0.237802 -0.000171 -36.111804 -0.509290 -0.178317 -0.000171 -36.073970 -1.156801 -0.460914 -0.000171  
 4 4 8  -37.262601 2.037405 0.930455 -0.000171 -37.324713 1.388512 0.648323 -0.000171 -37.393716 0.438902 0.235014 -0.000171 -37.400347 -0.510013 -0.177782 -0.000171 -37.359263 -1.158282 -0.459996 -0.000171  
 5 5 10  -24.159890 0.301438 0.327726 0.000305 -24.186211 0.061908 0.173481 0.000305 -24.206417 -0.288971 -0.051843 0.000305 -24.183938 -0.639417 -0.277413 0.000305 -24.157942 -0.878731 -0.431608 0.000305  
 6 6 11  -23.462983 0.300940 0.327276 0.000305 -23.489533 0.061556 0.173435 0.000305 -23.511778 -0.288776 -0.052310 0.000305 -23.487178 -0.638785 -0.277749 0.000305 -23.460834 -0.878044 -0.431491 0.000305  
 7 7 12  -23.790535 0.300803 0.328033 0.000305 -23.816667 0.061281 0.174004 0.000305 -23.836130 -0.288753 -0.052586 0.000305 -23.813614 -0.638625 -0.278690 0.000305 -23.787822 -0.877920 -0.432698 0.000305  
 8 8 13  -24.486597 0.301307 0.328466 0.000305 -24.512995 0.061638 0.174021 0.000305 -24.534009 -0.288898 -0.051975 0.000305 -24.508986 -0.639340 -0.278242 0.000305 -24.483075 -0.878742 -0.432701 0.000305  
 9 10 15  -12.133745 -0.360225 0.187648 0.000036 -12.149973 -0.278900 0.079213 0.000036 -12.156393 -0.159773 -0.079393 0.000036 -12.137539 -0.040822 -0.238170 0.000036 -12.116163 0.040362 -0.346606 0.000036  
 10 11 16  -11.888218 -0.360263 0.187473 0.000036 -11.904563 -0.278910 0.079165 0.000036 -11.910699 -0.159688 -0.079565 0.000036 -11.891941 -0.040743 -0.238297 0.000036 -11.870522 0.040473 -0.346565 0.000036  
 11 12 17  -11.847958 -0.360146 0.187556 0.000036 -11.864251 -0.278881 0.079223 0.000036 -11.870402 -0.159581 -0.079692 0.000036 -11.851758 -0.040645 -0.238400 0.000036 -11.830291 0.040462 -0.346690 0.000036  
 12 13 18  -12.093651 -0.360104 0.187729 0.000036 -12.109941 -0.278873 0.079262 0.000036 -12.115999 -0.159678 -0.079514 0.000036 -12.097446 -0.040727 -0.238273 0.000036 -12.076031 0.040349 -0.346732 0.000036  
 13 5 6  0.000000 0.814337 -0.000000 -0.001153 0.000000 0.483775 -0.000000 -0.001153 0.000000 -0.000295 0.000000 -0.001153 0.000000 -0.484365 0.000000 -0.001153 0.000000 -0.814927 0.000000 -0.001153  
 14 6 7  0.000000 -1.527185 -0.000000 0.001278 0.000000 -0.907549 -0.000000 0.001278 0.000000 -0.000165 0.000000 0.001278 0.000000 0.907219 0.000000 0.001278 0.000000 1.526855 0.000000 0.001278  
 15 7 8  0.000000 0.814976 0.000000 -0.001074 0.000000 0.484394 0.000000 -0.001074 0.000000 0.000295 0.000000 -0.001074 0.000000 -0.483804 -0.000000 -0.001074 0.000000 -0.814386 -0.000000 -0.001074  
 16 8 5  0.000000 -1.526904 0.000000 0.001134 0.000000 -0.907248 0.000000 0.001134 0.000000 0.000165 0.000000 0.001134 0.000000 0.907578 -0.000000 0.001134 0.000000 1.527233 -0.000000 0.001134  
 17 10 11  0.000000 0.622277 0.000000 -0.000434 0.000000 0.369742 0.000000 -0.000434 0.000000 -0.000067 0.000000 -0.000434 0.000000 -0.369876 -0.000000 -0.000434 0.000000 -0.622412 -0.000000 -0.000434  
 18 11 12  0.000000 -0.506180 -0.000000 0.000722 0.000000 -0.300801 -0.000000 0.000722 0.000000 -0.000047 0.000000 0.000722 0.000000 0.300707 0.000000 0.000722 0.000000 0.506086 0.000000 0.000722  
 19 12 13  0.000000 0.622477 -0.000000 -0.000483 0.000000 0.369915 -0.000000 -0.000483 0.000000 0.000067 0.000000 -0.000483 0.000000 -0.369780 0.000000 -0.000483 0.000000 -0.622342 0.000000 -0.000483  
 20 13 10  0.000000 -0.506151 0.000000 0.000635 0.000000 -0.300746 0.000000 0.000635 0.000000 0.000047 0.000000 0.000635 0.000000 0.300839 -0.000000 0.000635 0.000000 0.506244 -0.000000 0.000635  
 21 15 16  0.000000 0.339144 0.000000 -0.000031 0.000000 0.201512 0.000000 -0.000031 0.000000 -0.000035 0.000000 -0.000031 0.000000 -0.201581 -0.000000 -0.000031 0.000000 -0.339213 -0.000000 -0.000031  
 22 16 17  0.000000 0.055542 -0.000000 0.000056 0.000000 0.032993 -0.000000 0.000056 0.000000 -0.000028 0.000000 0.000056 0.000000 -0.033048 0.000000 0.000056 0.000000 -0.055597 0.000000 0.000056  
 23 17 18  0.000000 0.339277 -0.000000 -0.000034 0.000000 0.201619 -0.000000 -0.000034 0.000000 0.000035 0.000000 -0.000034 0.000000 -0.201549 0.000000 -0.000034 0.000000 -0.339207 0.000000 -0.000034  
 24 18 15  0.000000 0.055534 0.000000 0.000054 0.000000 0.033010 0.000000 0.000054 0.000000 0.000028 0.000000 0.000054 0.000000 -0.032955 -0.000000 0.000054 0.000000 -0.055478 -0.000000 0.000054  
