 1 1 5  -34.867495 0.825942 -0.504588 0.000030 -34.870779 0.586187 -0.362253 0.000030 -34.875134 0.235046 -0.153820 0.000030 -34.876390 -0.116316 0.054865 0.000030 -34.873794 -0.356156 0.197246 0.000030  
 2 2 6  -35.806280 0.825876 -0.504424 0.000030 -35.809626 0.586123 -0.362063 0.000030 -35.814179 0.234983 -0.153586 0.000030 -35.815362 -0.116290 0.054861 0.000030 -35.812557 -0.356106 0.197203 0.000030  
 3 3 7  -37.120626 0.825727 -0.504333 0.000030 -37.124031 0.585959 -0.361974 0.000030 -37.128575 0.234801 -0.153497 0.000030 -37.129803 -0.116216 0.054755 0.000030 -37.127074 -0.356029 0.197111 0.000030  
 4 4 8  -36.181682 0.825802 -0.504508 0.000030 -36.185051 0.586032 -0.362182 0.000030 -36.189560 0.234883 -0.153764 0.000030 -36.191117 -0.116250 0.054819 0.000030 -36.188246 -0.356086 0.197180 0.000030  
 5 5 10  -23.357487 0.430593 -0.317247 -0.000004 -23.359273 0.240345 -0.185204 -0.000004 -23.360908 -0.038344 0.008240 -0.000004 -23.358899 -0.316991 0.201657 -0.000004 -23.357049 -0.507232 0.333703 -0.000004  
 6 6 11  -23.912871 0.430555 -0.317274 -0.000004 -23.914705 0.240309 -0.185190 -0.000004 -23.916484 -0.038350 0.008230 -0.000004 -23.914202 -0.316964 0.201620 -0.000004 -23.912344 -0.507201 0.333701 -0.000004  
 7 7 12  -24.639085 0.430603 -0.317239 -0.000004 -24.640946 0.240327 -0.185158 -0.000004 -24.642683 -0.038287 0.008195 -0.000004 -24.640454 -0.316933 0.201587 -0.000004 -24.638562 -0.507201 0.333666 -0.000004  
 8 8 13  -24.083613 0.430644 -0.317218 -0.000004 -24.085457 0.240368 -0.185178 -0.000004 -24.087351 -0.038304 0.008235 -0.000004 -24.085069 -0.316962 0.201631 -0.000004 -24.083166 -0.507233 0.333674 -0.000004  
 9 10 15  -11.779703 0.155822 -0.155098 -0.000001 -11.780300 0.054522 -0.067022 -0.000001 -11.780422 -0.093843 0.061973 -0.000001 -11.779550 -0.242183 0.190942 -0.000001 -11.778870 -0.343473 0.279015 -0.000001  
 10 11 16  -11.977550 0.155815 -0.155118 -0.000001 -11.978157 0.054515 -0.067031 -0.000001 -11.978223 -0.093838 0.061953 -0.000001 -11.977379 -0.242176 0.190934 -0.000001 -11.976700 -0.343466 0.279019 -0.000001  
 11 12 17  -12.219886 0.155828 -0.155111 -0.000001 -12.220504 0.054522 -0.067025 -0.000001 -12.220561 -0.093824 0.061947 -0.000001 -12.219710 -0.242172 0.190927 -0.000001 -12.219024 -0.343469 0.279011 -0.000001  
 12 13 18  -12.022047 0.155835 -0.155092 -0.000001 -12.022661 0.054529 -0.067017 -0.000001 -12.022768 -0.093830 0.061969 -0.000001 -12.021883 -0.242179 0.190935 -0.000001 -12.021195 -0.343476 0.279007 -0.000001  
 13 5 6  0.000000 -0.529632 0.000000 -0.000046 0.000000 -0.314725 0.000000 -0.000046 0.000000 -0.000019 0.000000 -0.000046 0.000000 0.314687 -0.000000 -0.000046 0.000000 0.529593 -0.000000 -0.000046  
 14 6 7  0.000000 -0.812323 0.000000 0.000074 0.000000 -0.482705 0.000000 0.000074 0.000000 -0.000017 0.000000 0.000074 0.000000 0.482670 -0.000000 0.000074 0.000000 0.812288 -0.000000 0.000074  
 15 7 8  0.000000 -0.529590 -0.000000 -0.000048 0.000000 -0.314685 -0.000000 -0.000048 0.000000 0.000019 0.000000 -0.000048 0.000000 0.314724 0.000000 -0.000048 0.000000 0.529629 0.000000 -0.000048  
 16 8 5  0.000000 -0.812291 -0.000000 0.000052 0.000000 -0.482672 -0.000000 0.000052 0.000000 0.000017 0.000000 0.000052 0.000000 0.482706 0.000000 0.000052 0.000000 0.812326 0.000000 0.000052  
 17 10 11  0.000000 -0.493842 -0.000000 -0.000022 0.000000 -0.293453 -0.000000 -0.000022 0.000000 -0.000006 0.000000 -0.000022 0.000000 0.293441 0.000000 -0.000022 0.000000 0.493830 0.000000 -0.000022  
 18 11 12  0.000000 -0.668265 0.000000 0.000030 0.000000 -0.397097 0.000000 0.000030 0.000000 -0.000003 0.000000 0.000030 0.000000 0.397090 -0.000000 0.000030 0.000000 0.668258 -0.000000 0.000030  
 19 12 13  0.000000 -0.493825 0.000000 -0.000027 0.000000 -0.293438 0.000000 -0.000027 0.000000 0.000006 0.000000 -0.000027 0.000000 0.293450 -0.000000 -0.000027 0.000000 0.493838 -0.000000 -0.000027  
 20 13 10  0.000000 -0.668263 -0.000000 0.000021 0.000000 -0.397093 -0.000000 0.000021 0.000000 0.000003 0.000000 0.000021 0.000000 0.397100 0.000000 0.000021 0.000000 0.668270 0.000000 0.000021  
 21 15 16  0.000000 -0.273206 -0.000000 -0.000003 0.000000 -0.162345 -0.000000 -0.000003 0.000000 -0.000002 0.000000 -0.000003 0.000000 0.162341 0.000000 -0.000003 0.000000 0.273202 0.000000 -0.000003  
 22 16 17  0.000000 -0.334675 -0.000000 0.000003 0.000000 -0.198870 -0.000000 0.000003 0.000000 -0.000001 0.000000 0.000003 0.000000 0.198869 0.000000 0.000003 0.000000 0.334673 0.000000 0.000003  
 23 17 18  0.000000 -0.273197 0.000000 -0.000003 0.000000 -0.162338 0.000000 -0.000003 0.000000 0.000002 0.000000 -0.000003 0.000000 0.162342 -0.000000 -0.000003 0.000000 0.273201 -0.000000 -0.000003  
 24 18 15  0.000000 -0.334678 0.000000 0.000003 0.000000 -0.198872 0.000000 0.000003 0.000000 0.000001 0.000000 0.000003 0.000000 0.198873 -0.000000 0.000003 0.000000 0.334679 -0.000000 0.000003  
