 1 1 5  -51.373853 10.615845 4.870407 -0.230025 -39.453602 7.574304 3.569162 -0.230025 -22.150550 2.889367 1.571000 -0.230025 -23.268883 -3.477120 -1.192600 -0.230025 -35.125925 -6.627557 -2.622335 -0.230025  
 2 2 6  -40.675666 9.828784 4.738063 -0.230025 -28.358088 6.764464 3.355911 -0.230025 -9.309829 2.126108 1.183513 -0.230025 -10.983461 -2.635336 -1.072216 -0.230025 -23.904703 -5.786439 -2.540613 -0.230025  
 3 3 7  -58.406625 10.868927 5.193925 -0.230025 -47.548249 8.009544 3.851011 -0.230025 -32.855865 3.469273 1.713904 -0.230025 -32.434613 -3.269003 -1.582577 -0.230025 -41.528850 -6.454613 -3.027832 -0.230025  
 4 4 8  -67.847596 11.464860 5.283862 -0.230025 -57.731068 8.592126 4.000152 -0.230025 -46.601750 3.671612 1.915048 -0.230025 -46.361174 -3.428754 -1.542604 -0.230025 -52.329737 -7.015963 -3.066304 -0.230025  
 5 5 10  -30.310565 5.743438 3.390385 0.042981 -21.434802 3.585283 2.138301 0.042981 -13.098475 -0.325375 -0.041666 0.042981 -22.688895 -3.982953 -2.148890 0.042981 -31.477904 -6.125575 -3.387061 0.042981  
 6 6 11  -24.534867 5.323569 3.373289 0.042981 -15.300461 3.165538 2.056272 0.042981 -3.238286 -0.324798 -0.020806 0.042981 -16.603593 -3.556513 -2.066443 0.042981 -25.757181 -5.698574 -3.372200 0.042981  
 7 7 12  -32.847722 5.150378 3.815905 0.042981 -25.380218 3.236731 2.525587 0.042981 -20.445063 -0.492203 -0.021777 0.042981 -26.926503 -3.918450 -2.440509 0.042981 -34.495573 -5.778028 -3.749442 0.042981  
 8 8 13  -38.899885 5.502259 3.828364 0.042981 -32.311282 3.523913 2.587492 0.042981 -29.529414 -0.492044 -0.041589 0.042981 -33.590703 -4.238113 -2.510852 0.042981 -40.444472 -6.138801 -3.767170 0.042981  
 9 10 15  -17.776037 4.486521 2.532444 -0.037289 -8.403498 2.283165 1.286956 -0.037289 -1.611056 -0.654562 -0.419847 -0.037289 -15.273374 -3.880543 -2.251228 -0.037289 -24.573976 -6.069134 -3.486568 -0.037289  
 10 11 16  -15.131416 4.265031 2.554380 -0.037289 -5.833252 2.066749 1.259589 -0.037289 0.566873 -0.472815 -0.314017 -0.037289 -12.589561 -3.662547 -2.216496 -0.037289 -21.876639 -5.851035 -3.495247 -0.037289  
 11 12 17  -18.846614 4.224528 2.730730 -0.037289 -9.991154 2.201495 1.438888 -0.037289 -3.898492 -0.837866 -0.498160 -0.037289 -16.892013 -3.804292 -2.395277 -0.037289 -25.650321 -5.813846 -3.673673 -0.037289  
 12 13 18  -21.258999 4.417013 2.699218 -0.037289 -12.548120 2.389930 1.457827 -0.037289 -6.783125 -1.021049 -0.592117 -0.037289 -19.383325 -3.995035 -2.417859 -0.037289 -28.056919 -6.004455 -3.651480 -0.037289  
 13 5 6  0.000000 6.625948 -0.000000 -0.753848 0.000000 3.953003 -0.000000 -0.753848 0.000000 0.038786 0.000000 -0.753848 0.000000 -3.875431 0.000000 -0.753848 0.000000 -6.548376 0.000000 -0.753848  
 14 6 7  0.000000 -12.000043 -0.000000 0.559954 0.000000 -7.051179 -0.000000 0.559954 0.000000 0.195857 0.000000 0.559954 0.000000 7.442894 0.000000 0.559954 0.000000 12.391758 0.000000 0.559954  
 15 7 8  0.000000 6.593096 0.000000 -0.451408 0.000000 3.902004 0.000000 -0.451408 0.000000 -0.038786 0.000000 -0.451408 0.000000 -3.979576 -0.000000 -0.451408 0.000000 -6.670668 -0.000000 -0.451408  
 16 8 5  0.000000 -12.436478 0.000000 0.509939 0.000000 -7.469467 0.000000 0.509939 0.000000 -0.195857 0.000000 0.509939 0.000000 7.077753 -0.000000 0.509939 0.000000 12.044763 -0.000000 0.509939  
 17 10 11  0.000000 6.378729 0.000000 -0.400249 0.000000 3.800460 0.000000 -0.400249 0.000000 0.024884 0.000000 -0.400249 0.000000 -3.750691 -0.000000 -0.400249 0.000000 -6.328960 -0.000000 -0.400249  
 18 11 12  0.000000 -10.455824 -0.000000 0.350096 0.000000 -6.177463 -0.000000 0.350096 0.000000 0.087700 0.000000 0.350096 0.000000 6.352863 0.000000 0.350096 0.000000 10.631225 0.000000 0.350096  
 19 12 13  0.000000 6.383155 -0.000000 -0.315305 0.000000 3.782895 -0.000000 -0.315305 0.000000 -0.024884 0.000000 -0.315305 0.000000 -3.832663 0.000000 -0.315305 0.000000 -6.432924 0.000000 -0.315305  
 20 13 10  0.000000 -10.685420 0.000000 0.339508 0.000000 -6.385067 0.000000 0.339508 0.000000 -0.087700 0.000000 0.339508 0.000000 6.209666 -0.000000 0.339508 0.000000 10.510020 -0.000000 0.339508  
 21 15 16  0.000000 3.515709 0.000000 -0.146370 0.000000 2.096713 0.000000 -0.146370 0.000000 0.018760 0.000000 -0.146370 0.000000 -2.059193 -0.000000 -0.146370 0.000000 -3.478188 -0.000000 -0.146370  
 22 16 17  0.000000 -5.722225 0.000000 0.118371 0.000000 -3.366093 0.000000 0.118371 0.000000 0.084190 0.000000 0.118371 0.000000 3.534472 -0.000000 0.118371 0.000000 5.890605 -0.000000 0.118371  
 23 17 18  0.000000 3.540209 -0.000000 -0.126977 0.000000 2.096047 -0.000000 -0.126977 0.000000 -0.018760 0.000000 -0.126977 0.000000 -2.133567 0.000000 -0.126977 0.000000 -3.577729 0.000000 -0.126977  
 24 18 15  0.000000 -5.952625 -0.000000 0.108309 0.000000 -3.571326 -0.000000 0.108309 0.000000 -0.084190 0.000000 0.108309 0.000000 3.402946 0.000000 0.108309 0.000000 5.784246 0.000000 0.108309  
