 1 1 5  -37.592841 -0.477974 -0.088295 0.000025 -37.612564 -0.363207 -0.006316 0.000025 -37.636534 -0.194982 0.113596 0.000025 -37.637874 -0.027505 0.233920 0.000025 -37.623464 0.087331 0.315852 0.000025  
 2 2 6  -35.932031 -0.478580 -0.087806 0.000025 -35.951739 -0.363738 -0.005802 0.000025 -35.975847 -0.195398 0.114148 0.000025 -35.978210 -0.027107 0.233915 0.000025 -35.962808 0.087864 0.315777 0.000025  
 3 3 7  -34.344631 -0.479262 -0.087151 0.000025 -34.364017 -0.364449 -0.005234 0.000025 -34.387212 -0.196176 0.114573 0.000025 -34.388864 -0.026931 0.233517 0.000025 -34.374875 0.088072 0.315234 0.000025  
 4 4 8  -36.004527 -0.478704 -0.087675 0.000025 -36.024054 -0.363977 -0.005800 0.000025 -36.047853 -0.195818 0.113933 0.000025 -36.050477 -0.027242 0.233647 0.000025 -36.035145 0.087637 0.315404 0.000025  
 5 5 10  -25.238283 -0.570445 0.705230 0.000006 -25.244951 -0.367817 0.499746 0.000006 -25.249795 -0.071338 0.199021 0.000006 -25.242161 0.225249 -0.101730 0.000006 -25.234898 0.427805 -0.307138 0.000006  
 6 6 11  -23.853827 -0.570712 0.705217 0.000006 -23.860542 -0.368051 0.499802 0.000006 -23.866488 -0.071291 0.198961 0.000006 -23.857826 0.225388 -0.101803 0.000006 -23.850495 0.427961 -0.307140 0.000006  
 7 7 12  -22.750576 -0.570574 0.705471 0.000006 -22.757194 -0.368023 0.500032 0.000006 -22.762550 -0.071083 0.198900 0.000006 -22.754976 0.225522 -0.101961 0.000006 -22.747714 0.427984 -0.307320 0.000006  
 8 8 13  -24.134499 -0.570316 0.705474 0.000006 -24.141197 -0.367802 0.499959 0.000006 -24.147456 -0.071113 0.199013 0.000006 -24.138742 0.225399 -0.101870 0.000006 -24.131458 0.427831 -0.307308 0.000006  
 9 10 15  -12.524052 -0.466022 0.735031 0.000295 -12.527730 -0.244161 0.412454 0.000295 -12.529342 0.080635 -0.059861 0.000295 -12.525123 0.405543 -0.532230 0.000295 -12.549146 0.621902 -0.849131 0.000295  
 10 11 16  -11.908931 -0.466088 0.735717 0.000295 -11.912638 -0.244215 0.412741 0.000295 -11.914231 0.080651 -0.060211 0.000295 -11.909983 0.405604 -0.533211 0.000295 -11.954247 0.618259 -0.846501 0.000295  
 11 12 17  -11.460071 -0.466505 0.735788 0.000295 -11.463769 -0.244379 0.412798 0.000295 -11.465384 0.080933 -0.060231 0.000295 -11.461102 0.406272 -0.533270 0.000295 -11.524250 0.615676 -0.843017 0.000295  
 12 13 18  -12.075849 -0.466444 0.735097 0.000295 -12.079564 -0.244331 0.412504 0.000295 -12.081169 0.080917 -0.059875 0.000295 -12.076882 0.406212 -0.532289 0.000295 -12.114453 0.620365 -0.846465 0.000295  
 13 5 6  0.000000 0.381662 0.000000 -0.000424 0.000000 0.226763 0.000000 -0.000424 0.000000 -0.000068 0.000000 -0.000424 0.000000 -0.226898 -0.000000 -0.000424 0.000000 -0.381797 -0.000000 -0.000424  
 14 6 7  0.000000 0.669754 -0.000000 0.000430 0.000000 0.397947 -0.000000 0.000430 0.000000 -0.000083 0.000000 0.000430 0.000000 -0.398113 0.000000 0.000430 0.000000 -0.669920 0.000000 0.000430  
 15 7 8  0.000000 0.381818 -0.000000 -0.000369 0.000000 0.226911 -0.000000 -0.000369 0.000000 0.000068 0.000000 -0.000369 0.000000 -0.226775 0.000000 -0.000369 0.000000 -0.381682 0.000000 -0.000369  
 16 8 5  0.000000 0.669899 0.000000 0.000373 0.000000 0.398100 0.000000 0.000373 0.000000 0.000083 0.000000 0.000373 0.000000 -0.397935 -0.000000 0.000373 0.000000 -0.669733 -0.000000 0.000373  
 17 10 11  0.000000 1.065282 -0.000000 0.000226 0.000000 0.633012 -0.000000 0.000226 0.000000 0.000001 0.000000 0.000226 0.000000 -0.633009 0.000000 0.000226 0.000000 -1.065280 0.000000 0.000226  
 18 11 12  0.000000 0.906875 -0.000000 -0.000196 0.000000 0.538878 -0.000000 -0.000196 0.000000 -0.000009 0.000000 -0.000196 0.000000 -0.538897 0.000000 -0.000196 0.000000 -0.906893 0.000000 -0.000196  
 19 12 13  0.000000 1.065311 0.000000 0.000345 0.000000 0.633028 0.000000 0.000345 0.000000 -0.000001 0.000000 0.000345 0.000000 -0.633030 -0.000000 0.000345 0.000000 -1.065314 -0.000000 0.000345  
 20 13 10  0.000000 0.906862 0.000000 -0.000133 0.000000 0.538878 0.000000 -0.000133 0.000000 0.000009 0.000000 -0.000133 0.000000 -0.538860 -0.000000 -0.000133 0.000000 -0.906843 -0.000000 -0.000133  
 21 15 16  0.000000 0.846410 0.000000 0.000784 0.000000 0.503043 0.000000 0.000784 0.000000 0.000221 0.000000 0.000784 0.000000 -0.502601 -0.000000 0.000784 0.000000 -0.845969 -0.000000 0.000784  
 22 16 17  0.000000 0.616940 0.000000 -0.000748 0.000000 0.366658 0.000000 -0.000748 0.000000 0.000149 0.000000 -0.000748 0.000000 -0.366359 -0.000000 -0.000748 0.000000 -0.616641 -0.000000 -0.000748  
 23 17 18  0.000000 0.845993 -0.000000 0.001016 0.000000 0.502616 -0.000000 0.001016 0.000000 -0.000221 0.000000 0.001016 0.000000 -0.503057 0.000000 0.001016 0.000000 -0.846435 0.000000 0.001016  
 24 18 15  0.000000 0.616617 -0.000000 -0.000570 0.000000 0.366345 -0.000000 -0.000570 0.000000 -0.000149 0.000000 -0.000570 0.000000 -0.366644 0.000000 -0.000570 0.000000 -0.616916 0.000000 -0.000570  
