 1 1 5  -72.206659 9.640717 15.151508 0.391276 -52.665106 6.677933 10.625584 0.391276 -23.424976 2.174668 3.856547 0.391276 -26.362173 -3.072790 -4.306077 0.391276 -46.302680 -6.101529 -8.951423 0.391276  
 2 2 6  -47.088966 8.713350 13.687968 0.391276 -26.474314 5.720615 8.808769 0.391276 2.628503 1.175851 1.667052 0.391276 -2.709485 -2.051103 -3.120640 0.391276 -23.050497 -5.118893 -8.048269 0.391276  
 3 3 7  -65.632623 9.202266 15.093192 0.391276 -45.017139 6.331302 10.240866 0.391276 -13.757294 1.999302 2.960695 0.391276 -19.873919 -2.470469 -4.543926 0.391276 -41.118205 -5.419833 -9.494313 0.391276  
 4 4 8  -87.996100 9.997999 16.213198 0.391276 -69.232921 7.128471 11.709636 0.391276 -43.779713 2.804334 4.713493 0.391276 -45.438928 -3.341336 -5.239034 0.391276 -62.733772 -6.262685 -10.032042 0.391276  
 5 5 10  -36.480945 5.047275 6.991107 0.268380 -23.623830 3.057362 4.024293 0.268380 -11.660654 -0.347135 -1.276746 0.268380 -29.524028 -3.459299 -5.681462 0.268380 -42.364743 -5.454121 -8.615918 0.268380  
 6 6 11  -25.713608 4.483689 7.208011 0.268380 -11.354918 2.467917 3.806792 0.268380 2.628598 -0.088137 -0.237418 0.268380 -16.213582 -2.958610 -5.042475 0.268380 -30.542006 -4.952330 -8.435410 0.268380  
 7 7 12  -36.012698 4.410445 8.038439 0.268380 -21.719563 2.567673 4.637309 0.268380 -5.825685 -0.351062 -0.849123 0.268380 -26.812150 -3.111731 -5.893960 0.268380 -41.004112 -4.944874 -9.277374 0.268380  
 8 8 13  -44.784447 4.873522 7.599697 0.268380 -32.951285 3.066767 4.587135 0.268380 -25.592204 -0.455920 -1.331264 0.268380 -38.571890 -3.512599 -6.296832 0.268380 -50.760293 -5.356269 -9.230340 0.268380  
 9 10 15  -17.090320 3.848555 3.191329 -0.036034 -7.716758 1.964694 1.384800 -0.036034 -3.595795 -0.628053 -1.094685 -0.036034 -17.224551 -3.352343 -3.776766 -0.036034 -26.546105 -5.208966 -5.586311 -0.036034  
 10 11 16  -13.561353 3.568329 3.414784 -0.036034 -3.955612 1.667551 1.455987 -0.036034 0.556203 -0.455486 -0.699338 -0.036034 -13.110808 -3.113212 -3.652872 -0.036034 -22.859717 -4.966838 -5.642285 -0.036034  
 11 12 17  -16.931844 3.566163 3.642908 -0.036034 -7.305412 1.780324 1.659523 -0.036034 -2.802439 -0.612168 -0.982340 -0.036034 -16.862578 -3.187823 -3.925729 -0.036034 -26.468838 -4.950929 -5.905460 -0.036034  
 12 13 18  -20.364013 3.847636 3.381969 -0.036034 -11.267114 2.085633 1.550858 -0.036034 -7.719127 -0.767500 -1.402064 -0.036034 -20.951867 -3.402230 -4.040448 -0.036034 -30.031802 -5.168896 -5.837525 -0.036034  
 13 5 6  0.000000 17.221144 -0.000000 -0.866776 0.000000 10.361360 -0.000000 -0.866776 0.000000 0.316003 0.000000 -0.866776 0.000000 -9.729354 0.000000 -0.866776 0.000000 -16.589139 0.000000 -0.866776  
 14 6 7  0.000000 -10.525687 -0.000000 1.280712 0.000000 -6.212757 -0.000000 1.280712 0.000000 0.103027 0.000000 1.280712 0.000000 6.418812 0.000000 1.280712 0.000000 10.731742 0.000000 1.280712  
 15 7 8  0.000000 16.683286 0.000000 -0.746113 0.000000 9.785298 0.000000 -0.746113 0.000000 -0.316003 0.000000 -0.746113 0.000000 -10.417304 -0.000000 -0.746113 0.000000 -17.315292 -0.000000 -0.746113  
 16 8 5  0.000000 -10.825889 0.000000 0.954351 0.000000 -6.474756 0.000000 0.954351 0.000000 -0.103027 0.000000 0.954351 0.000000 6.268701 -0.000000 0.954351 0.000000 10.619834 -0.000000 0.954351  
 17 10 11  0.000000 12.547767 -0.000000 -0.491953 0.000000 7.505522 -0.000000 -0.491953 0.000000 0.121740 0.000000 -0.491953 0.000000 -7.262042 0.000000 -0.491953 0.000000 -12.304287 0.000000 -0.491953  
 18 11 12  0.000000 -8.859394 -0.000000 0.719887 0.000000 -5.241904 -0.000000 0.719887 0.000000 0.055490 0.000000 0.719887 0.000000 5.352885 0.000000 0.719887 0.000000 8.970375 0.000000 0.719887  
 19 12 13  0.000000 12.458875 0.000000 -0.402998 0.000000 7.353901 0.000000 -0.402998 0.000000 -0.121740 0.000000 -0.402998 0.000000 -7.597381 -0.000000 -0.402998 0.000000 -12.702355 -0.000000 -0.402998  
 20 13 10  0.000000 -9.124963 0.000000 0.448995 0.000000 -5.444744 0.000000 0.448995 0.000000 -0.055490 0.000000 0.448995 0.000000 5.333763 -0.000000 0.448995 0.000000 9.013982 -0.000000 0.448995  
 21 15 16  0.000000 5.545080 -0.000000 -0.114126 0.000000 3.315434 -0.000000 -0.114126 0.000000 0.050377 0.000000 -0.114126 0.000000 -3.214681 0.000000 -0.114126 0.000000 -5.444327 0.000000 -0.114126  
 22 16 17  0.000000 -4.846086 -0.000000 0.132826 0.000000 -2.862260 -0.000000 0.132826 0.000000 0.042822 0.000000 0.132826 0.000000 2.947904 0.000000 0.132826 0.000000 4.931730 0.000000 0.132826  
 23 17 18  0.000000 5.605608 0.000000 -0.099344 0.000000 3.310517 0.000000 -0.099344 0.000000 -0.050377 0.000000 -0.099344 0.000000 -3.411270 -0.000000 -0.099344 0.000000 -5.706361 -0.000000 -0.099344  
 24 18 15  0.000000 -5.093010 0.000000 0.124212 0.000000 -3.043740 0.000000 0.124212 0.000000 -0.042822 0.000000 0.124212 0.000000 2.958096 -0.000000 0.124212 0.000000 5.007366 -0.000000 0.124212  
