 1 1 5  -45.595485 7.038541 5.855004 0.139216 -38.311900 5.312401 4.395508 0.139216 -28.542843 2.523403 1.999112 0.139216 -27.603503 -1.741981 -1.704320 0.139216 -32.802943 -3.808149 -3.430959 0.139216  
 2 2 6  -36.114035 6.525480 5.588440 0.139216 -28.047031 4.790197 4.053707 0.139216 -15.624474 2.113810 1.609748 0.139216 -14.025965 -1.447286 -1.573111 0.139216 -22.078182 -3.317524 -3.188393 0.139216  
 3 3 7  -50.072051 7.081384 6.197417 0.139216 -43.214514 5.461731 4.653568 0.139216 -34.651557 2.757307 2.029909 0.139216 -34.097553 -1.377388 -1.922143 0.139216 -37.673137 -3.522065 -3.887000 0.139216  
 4 4 8  -59.289686 7.487432 6.405046 0.139216 -53.400223 5.835012 4.905425 0.139216 -47.918971 2.836746 2.159090 0.139216 -47.817974 -1.354662 -1.718021 0.139216 -48.815447 -3.825308 -3.957604 0.139216  
 5 5 10  -30.991202 5.847908 3.452932 0.030865 -22.169263 3.758790 2.086154 0.030865 -13.622912 0.044147 -0.352088 0.030865 -22.597051 -3.642374 -2.566998 0.030865 -31.306840 -5.739376 -3.887111 0.030865  
 6 6 11  -25.766603 5.467387 3.467116 0.030865 -16.578229 3.372373 2.045312 0.030865 -4.673660 0.044047 -0.318430 0.030865 -17.021337 -3.289866 -2.448575 0.030865 -26.101870 -5.374485 -3.851100 0.030865  
 7 7 12  -33.615450 5.577420 3.818706 0.030865 -25.634274 3.660244 2.389846 0.030865 -19.530773 0.022692 -0.318614 0.030865 -26.205740 -3.551274 -2.856053 0.030865 -34.094809 -5.480303 -4.235557 0.030865  
 8 8 13  -39.010039 5.918439 3.788859 0.030865 -31.738496 3.960654 2.410571 0.030865 -27.857600 0.022680 -0.351814 0.030865 -32.257445 -3.822521 -2.954559 0.030865 -39.455101 -5.797971 -4.265087 0.030865  
 9 10 15  -15.766547 3.711396 1.748739 -0.032197 -8.318640 1.931612 0.824816 -0.032197 -3.992524 -0.781661 -0.577721 -0.032197 -14.911633 -3.398197 -1.922596 -0.032197 -22.278229 -5.164729 -2.831297 -0.032197  
 10 11 16  -13.735652 3.541482 1.783550 -0.032197 -6.255482 1.758630 0.830530 -0.032197 -1.890224 -0.631423 -0.477856 -0.032197 -12.834516 -3.235407 -1.897404 -0.032197 -20.246637 -5.002013 -2.841620 -0.032197  
 11 12 17  -16.603565 3.469834 1.913871 -0.032197 -9.685889 1.844070 0.949991 -0.032197 -6.357459 -0.943539 -0.651889 -0.032197 -16.389941 -3.350981 -2.039203 -0.032197 -23.265300 -4.966798 -2.980407 -0.032197  
 12 13 18  -18.517474 3.621951 1.867230 -0.032197 -11.786059 1.990698 0.938993 -0.032197 -8.829276 -1.051372 -0.739043 -0.032197 -18.366042 -3.490637 -2.059306 -0.032197 -25.102126 -5.109662 -2.963308 -0.032197  
 13 5 6  0.000000 7.403365 -0.000000 -0.487417 0.000000 4.416893 -0.000000 -0.487417 0.000000 0.043551 0.000000 -0.487417 0.000000 -4.329791 0.000000 -0.487417 0.000000 -7.316263 0.000000 -0.487417  
 14 6 7  0.000000 -9.413100 -0.000000 0.550729 0.000000 -5.553663 -0.000000 0.550729 0.000000 0.098034 0.000000 0.550729 0.000000 5.749732 0.000000 0.550729 0.000000 9.609169 0.000000 0.550729  
 15 7 8  0.000000 7.340105 0.000000 -0.325480 0.000000 4.343958 0.000000 -0.325480 0.000000 -0.043551 0.000000 -0.325480 0.000000 -4.431060 -0.000000 -0.325480 0.000000 -7.427207 -0.000000 -0.325480  
 16 8 5  0.000000 -9.633011 0.000000 0.420486 0.000000 -5.763899 0.000000 0.420486 0.000000 -0.098034 0.000000 0.420486 0.000000 5.567830 -0.000000 0.420486 0.000000 9.436942 -0.000000 0.420486  
 17 10 11  0.000000 6.090517 -0.000000 -0.339324 0.000000 3.627756 -0.000000 -0.339324 0.000000 0.021330 0.000000 -0.339324 0.000000 -3.585096 0.000000 -0.339324 0.000000 -6.047856 0.000000 -0.339324  
 18 11 12  0.000000 -9.361308 -0.000000 0.322012 0.000000 -5.528570 -0.000000 0.322012 0.000000 0.084030 0.000000 0.322012 0.000000 5.696629 0.000000 0.322012 0.000000 9.529368 0.000000 0.322012  
 19 12 13  0.000000 6.079177 0.000000 -0.283293 0.000000 3.603707 0.000000 -0.283293 0.000000 -0.021330 0.000000 -0.283293 0.000000 -3.646367 -0.000000 -0.283293 0.000000 -6.121837 -0.000000 -0.283293  
 20 13 10  0.000000 -9.560688 0.000000 0.307695 0.000000 -5.715240 0.000000 0.307695 0.000000 -0.084030 0.000000 0.307695 0.000000 5.547181 -0.000000 0.307695 0.000000 9.392628 -0.000000 0.307695  
 21 15 16  0.000000 2.889661 -0.000000 -0.118047 0.000000 1.722207 -0.000000 -0.118047 0.000000 0.012606 0.000000 -0.118047 0.000000 -1.696995 0.000000 -0.118047 0.000000 -2.864449 0.000000 -0.118047  
 22 16 17  0.000000 -4.983823 -0.000000 0.101620 0.000000 -2.936688 -0.000000 0.101620 0.000000 0.061103 0.000000 0.101620 0.000000 3.058894 0.000000 0.101620 0.000000 5.106029 0.000000 0.101620  
 23 17 18  0.000000 2.900949 0.000000 -0.096651 0.000000 1.718684 0.000000 -0.096651 0.000000 -0.012606 0.000000 -0.096651 0.000000 -1.743895 -0.000000 -0.096651 0.000000 -2.926161 -0.000000 -0.096651  
 24 18 15  0.000000 -5.142529 0.000000 0.095133 0.000000 -3.080583 0.000000 0.095133 0.000000 -0.061103 0.000000 0.095133 0.000000 2.958377 -0.000000 0.095133 0.000000 5.020322 -0.000000 0.095133  
