 1 1 5  -53.881906 -8.852843 -7.577110 -0.247984 -43.117911 -6.334219 -5.678343 -0.247984 -28.341593 -2.364098 -2.854023 -0.247984 -27.599280 3.176828 1.391671 -0.247984 -37.258550 5.776949 3.524741 -0.247984  
 2 2 6  -64.312192 -9.407621 -7.880278 -0.247984 -54.359223 -6.848736 -6.070002 -0.247984 -42.725375 -2.616003 -3.215355 -0.247984 -42.209337 3.444265 1.326684 -0.247984 -48.760180 6.386825 3.567873 -0.247984  
 3 3 7  -54.254967 -9.017638 -7.456668 -0.247984 -43.377152 -6.415148 -5.631587 -0.247984 -28.580156 -2.274491 -2.942985 -0.247984 -28.075339 3.436422 1.147254 -0.247984 -37.918187 6.093898 3.243275 -0.247984  
 4 4 8  -43.195454 -8.373435 -7.082564 -0.247984 -31.659726 -5.781690 -5.157809 -0.247984 -14.491631 -1.828055 -2.302298 -0.247984 -14.563697 2.695544 1.103557 -0.247984 -26.256774 5.311374 3.148143 -0.247984  
 5 5 10  -35.734022 -2.950484 -7.950311 0.358236 -22.238385 -1.539033 -4.598448 0.358236 -10.192948 0.883640 1.127115 0.358236 -29.408394 2.864316 6.188971 0.358236 -42.861194 4.244713 9.542164 0.358236  
 6 6 11  -39.227639 -3.043438 -7.992607 0.358236 -26.406324 -1.632667 -4.755370 0.358236 -16.680677 1.012337 1.285827 0.358236 -33.439075 2.983590 6.352045 0.358236 -46.405580 4.362570 9.585025 0.358236  
 7 7 12  -34.247500 -3.215875 -7.592626 0.358236 -21.066353 -1.736909 -4.355254 0.358236 -9.246435 0.779055 1.117487 0.358236 -28.220813 2.926585 5.964521 0.358236 -41.341217 4.397582 9.194855 0.358236  
 8 8 13  -30.540288 -3.116433 -7.516316 0.358236 -16.817867 -1.629255 -4.157377 0.358236 -3.583782 0.581898 0.801941 0.358236 -23.917483 2.798077 5.764608 0.358236 -37.595012 4.280679 9.114785 0.358236  
 9 10 15  -15.994458 -1.079213 2.898018 -0.045003 -13.818838 -0.405988 2.406089 -0.045003 -11.463665 0.685475 1.592980 -0.045003 -11.981710 1.859916 0.477404 -0.045003 -13.757959 2.457655 -0.166420 -0.045003  
 10 11 16  -16.206117 -1.063772 3.037704 -0.045003 -13.889245 -0.399967 2.506359 -0.045003 -11.245168 0.667884 1.646947 -0.045003 -11.580493 1.833449 0.486199 -0.045003 -13.378595 2.427989 -0.195026 -0.045003  
 11 12 17  -14.469027 -1.109498 2.903582 -0.045003 -12.063352 -0.427093 2.372054 -0.045003 -9.273069 0.643067 1.530083 -0.045003 -9.882358 1.773746 0.459030 -0.045003 -11.918019 2.390265 -0.191118 -0.045003  
 12 13 18  -14.323276 -1.126060 2.770402 -0.045003 -12.039416 -0.435171 2.278923 -0.045003 -9.519878 0.659162 1.487326 -0.045003 -10.339043 1.807036 0.452643 -0.045003 -12.374792 2.426014 -0.162126 -0.045003  
 13 5 6  0.000000 -11.297845 -0.000000 -0.314145 0.000000 -6.688459 -0.000000 -0.314145 0.000000 0.061452 0.000000 -0.314145 0.000000 6.811362 0.000000 -0.314145 0.000000 11.420748 0.000000 -0.314145  
 14 6 7  0.000000 9.283504 -0.000000 0.407277 0.000000 5.546221 -0.000000 0.407277 0.000000 0.073406 0.000000 0.407277 0.000000 -5.399410 0.000000 0.407277 0.000000 -9.136693 0.000000 0.407277  
 15 7 8  0.000000 -11.394171 0.000000 -0.487195 0.000000 -6.795569 0.000000 -0.487195 0.000000 -0.061452 0.000000 -0.487195 0.000000 6.672666 -0.000000 -0.487195 0.000000 11.271268 -0.000000 -0.487195  
 16 8 5  0.000000 9.110116 0.000000 0.430784 0.000000 5.383618 0.000000 0.430784 0.000000 -0.073406 0.000000 0.430784 0.000000 -5.530429 -0.000000 0.430784 0.000000 -9.256927 -0.000000 0.430784  
 17 10 11  0.000000 -6.560781 0.000000 -0.070563 0.000000 -3.876792 0.000000 -0.070563 0.000000 0.053598 0.000000 -0.070563 0.000000 3.983988 -0.000000 -0.070563 0.000000 6.667977 -0.000000 -0.070563  
 18 11 12  0.000000 5.582961 -0.000000 0.195112 0.000000 3.321627 -0.000000 0.195112 0.000000 0.010166 0.000000 0.195112 0.000000 -3.301295 0.000000 0.195112 0.000000 -5.562630 0.000000 0.195112  
 19 12 13  0.000000 -6.632399 -0.000000 -0.082447 0.000000 -3.962847 -0.000000 -0.082447 0.000000 -0.053598 0.000000 -0.082447 0.000000 3.855650 0.000000 -0.082447 0.000000 6.525202 0.000000 -0.082447  
 20 13 10  0.000000 5.527051 0.000000 0.248666 0.000000 3.280154 0.000000 0.248666 0.000000 -0.010166 0.000000 0.248666 0.000000 -3.300485 -0.000000 0.248666 0.000000 -5.547383 -0.000000 0.248666  
 21 15 16  0.000000 0.221565 -0.000000 0.038166 0.000000 0.124315 -0.000000 0.038166 0.000000 -0.018098 0.000000 0.038166 0.000000 -0.160511 0.000000 0.038166 0.000000 -0.257762 0.000000 0.038166  
 22 16 17  0.000000 2.467549 -0.000000 -0.018112 0.000000 1.475235 -0.000000 -0.018112 0.000000 0.022107 0.000000 -0.018112 0.000000 -1.431021 0.000000 -0.018112 0.000000 -2.423335 0.000000 -0.018112  
 23 17 18  0.000000 0.291892 0.000000 0.041693 0.000000 0.180791 0.000000 0.041693 0.000000 0.018098 0.000000 0.041693 0.000000 -0.144595 -0.000000 0.041693 0.000000 -0.255695 -0.000000 0.041693  
 24 18 15  0.000000 2.389205 0.000000 -0.019357 0.000000 1.410741 0.000000 -0.019357 0.000000 -0.022107 0.000000 -0.019357 0.000000 -1.454954 -0.000000 -0.019357 0.000000 -2.433419 -0.000000 -0.019357  
