 1 1 5  -37.164549 -0.186928 2.859685 0.000316 -37.199631 -0.114434 1.990529 0.000316 -37.240374 -0.008066 0.717760 0.000316 -37.243475 0.097677 -0.553872 0.000316 -37.218804 0.170319 -1.422936 0.000316  
 2 2 6  -34.124896 -0.187246 2.861157 0.000316 -34.160163 -0.114705 1.991995 0.000316 -34.201549 -0.008315 0.719199 0.000316 -34.204481 0.098037 -0.554192 0.000316 -34.179342 0.170581 -1.423423 0.000316  
 3 3 7  -34.724645 -0.187994 2.861860 0.000316 -34.759821 -0.115456 1.992582 0.000316 -34.800931 -0.009062 0.719618 0.000316 -34.803851 0.098065 -0.554550 0.000316 -34.778867 0.170771 -1.423911 0.000316  
 4 4 8  -37.763998 -0.187717 2.860384 0.000316 -37.799022 -0.115231 1.991116 0.000316 -37.840152 -0.008904 0.718168 0.000316 -37.843245 0.097928 -0.554181 0.000316 -37.817938 0.170592 -1.423423 0.000316  
 5 5 10  -24.294692 0.145206 0.973178 0.000076 -24.305149 0.137887 0.450640 0.000076 -24.313830 0.126959 -0.314115 0.000076 -24.300578 0.116262 -1.079079 0.000076 -24.288228 0.108968 -1.601537 0.000076  
 6 6 11  -23.060859 0.144995 0.972963 0.000076 -23.071405 0.137739 0.450640 0.000076 -23.080365 0.127048 -0.314463 0.000076 -23.066771 0.116321 -1.079215 0.000076 -23.054373 0.109055 -1.601417 0.000076  
 7 7 12  -23.688319 0.145103 0.973123 0.000076 -23.698763 0.137730 0.450753 0.000076 -23.707373 0.127108 -0.314556 0.000076 -23.693689 0.116388 -1.079424 0.000076 -23.681334 0.108998 -1.601670 0.000076  
 8 8 13  -24.922057 0.145306 0.973347 0.000076 -24.932461 0.137874 0.450767 0.000076 -24.941131 0.127088 -0.314166 0.000076 -24.927464 0.116347 -1.079285 0.000076 -24.915125 0.108923 -1.601782 0.000076  
 9 10 15  -11.948487 0.500527 -0.228374 -0.000001 -11.954669 0.305121 -0.255110 -0.000001 -11.957280 0.018950 -0.294140 -0.000001 -11.950255 -0.267232 -0.333272 -0.000001 -11.942739 -0.462662 -0.360025 -0.000001  
 10 11 16  -11.707766 0.500511 -0.228424 -0.000001 -11.713933 0.305105 -0.255116 -0.000001 -11.716624 0.018962 -0.294196 -0.000001 -11.709569 -0.267206 -0.333332 -0.000001 -11.702036 -0.462634 -0.360031 -0.000001  
 11 12 17  -12.044060 0.500528 -0.228409 -0.000001 -12.050198 0.305098 -0.255108 -0.000001 -12.052816 0.018986 -0.294231 -0.000001 -12.045877 -0.267178 -0.333358 -0.000001 -12.038355 -0.462631 -0.360060 -0.000001  
 12 13 18  -12.284786 0.500542 -0.228357 -0.000001 -12.290951 0.305109 -0.255101 -0.000001 -12.293536 0.018977 -0.294174 -0.000001 -12.286565 -0.267204 -0.333299 -0.000001 -12.279057 -0.462659 -0.360055 -0.000001  
 13 5 6  0.000000 2.493256 0.000000 -0.000274 0.000000 1.481474 0.000000 -0.000274 0.000000 -0.000163 0.000000 -0.000274 0.000000 -1.481800 -0.000000 -0.000274 0.000000 -2.493582 -0.000000 -0.000274  
 14 6 7  0.000000 0.038043 0.000000 0.000367 0.000000 0.022572 0.000000 0.000367 0.000000 -0.000085 0.000000 0.000367 0.000000 -0.022741 -0.000000 0.000367 0.000000 -0.038212 -0.000000 0.000367  
 15 7 8  0.000000 2.493594 -0.000000 -0.000196 0.000000 1.481807 -0.000000 -0.000196 0.000000 0.000163 0.000000 -0.000196 0.000000 -1.481481 0.000000 -0.000196 0.000000 -2.493268 0.000000 -0.000196  
 16 8 5  0.000000 0.038201 -0.000000 0.000364 0.000000 0.022734 -0.000000 0.000364 0.000000 0.000085 0.000000 0.000364 0.000000 -0.022565 0.000000 0.000364 0.000000 -0.038031 0.000000 0.000364  
 17 10 11  0.000000 1.371339 -0.000000 -0.000085 0.000000 0.814863 -0.000000 -0.000085 0.000000 -0.000031 0.000000 -0.000085 0.000000 -0.814925 0.000000 -0.000085 0.000000 -1.371400 0.000000 -0.000085  
 18 11 12  0.000000 -0.401697 -0.000000 0.000155 0.000000 -0.238702 -0.000000 0.000155 0.000000 -0.000014 0.000000 0.000155 0.000000 0.238673 0.000000 0.000155 0.000000 0.401668 0.000000 0.000155  
 19 12 13  0.000000 1.371416 0.000000 -0.000065 0.000000 0.814934 0.000000 -0.000065 0.000000 0.000031 0.000000 -0.000065 0.000000 -0.814873 -0.000000 -0.000065 0.000000 -1.371355 -0.000000 -0.000065  
 20 13 10  0.000000 -0.401684 0.000000 0.000150 0.000000 -0.238682 0.000000 0.000150 0.000000 0.000014 0.000000 0.000150 0.000000 0.238711 -0.000000 0.000150 0.000000 0.401712 -0.000000 0.000150  
 21 15 16  0.000000 0.332391 0.000000 -0.000010 0.000000 0.197504 0.000000 -0.000010 0.000000 -0.000022 0.000000 -0.000010 0.000000 -0.197548 -0.000000 -0.000010 0.000000 -0.332435 -0.000000 -0.000010  
 22 16 17  0.000000 -0.464407 -0.000000 0.000013 0.000000 -0.275965 -0.000000 0.000013 0.000000 -0.000012 0.000000 0.000013 0.000000 0.275940 0.000000 0.000013 0.000000 0.464383 0.000000 0.000013  
 23 17 18  0.000000 0.332451 -0.000000 -0.000009 0.000000 0.197558 -0.000000 -0.000009 0.000000 0.000022 0.000000 -0.000009 0.000000 -0.197514 0.000000 -0.000009 0.000000 -0.332407 0.000000 -0.000009  
 24 18 15  0.000000 -0.464399 0.000000 0.000014 0.000000 -0.275950 0.000000 0.000014 0.000000 0.000012 0.000000 0.000014 0.000000 0.275974 -0.000000 0.000014 0.000000 0.464423 -0.000000 0.000014  
