 1 1 5  -35.871506 0.588285 0.386882 0.000048 -35.873375 0.413593 0.275373 0.000048 -35.875885 0.157761 0.112052 0.000048 -35.876578 -0.098135 -0.051204 0.000048 -35.874967 -0.272861 -0.162726 0.000048  
 2 2 6  -35.282954 0.588358 0.386947 0.000048 -35.284815 0.413661 0.275452 0.000048 -35.287347 0.157812 0.112165 0.000048 -35.287680 -0.098197 -0.051193 0.000048 -35.286189 -0.272932 -0.162733 0.000048  
 3 3 7  -36.121837 0.588264 0.386904 0.000048 -36.123735 0.413553 0.275410 0.000048 -36.126354 0.157692 0.112118 0.000048 -36.126888 -0.098150 -0.051184 0.000048 -36.125195 -0.272878 -0.162706 0.000048  
 4 4 8  -36.710484 0.588190 0.386841 0.000048 -36.712370 0.413487 0.275334 0.000048 -36.714874 0.157647 0.112018 0.000048 -36.715627 -0.098080 -0.051197 0.000048 -36.714003 -0.272803 -0.162702 0.000048  
 5 5 10  -23.930917 0.254640 0.212661 -0.000003 -23.931871 0.136730 0.116440 -0.000003 -23.932810 -0.035963 -0.024462 -0.000003 -23.931713 -0.208642 -0.165355 -0.000003 -23.930714 -0.326546 -0.261570 -0.000003  
 6 6 11  -23.623411 0.254653 0.212667 -0.000003 -23.624366 0.136740 0.116465 -0.000003 -23.625178 -0.035984 -0.024448 -0.000003 -23.624096 -0.208663 -0.165372 -0.000003 -23.623133 -0.326568 -0.261574 -0.000003  
 7 7 12  -24.067237 0.254690 0.212646 -0.000003 -24.068217 0.136759 0.116444 -0.000003 -24.069173 -0.035948 -0.024448 -0.000003 -24.067929 -0.208643 -0.165355 -0.000003 -24.066946 -0.326569 -0.261556 -0.000003  
 8 8 13  -24.374782 0.254678 0.212642 -0.000003 -24.375755 0.136751 0.116423 -0.000003 -24.376693 -0.035932 -0.024465 -0.000003 -24.375575 -0.208621 -0.165339 -0.000003 -24.374568 -0.326547 -0.261551 -0.000003  
 9 10 15  -11.973385 0.084657 0.034373 0.000000 -11.973745 0.025859 0.000799 0.000000 -11.973940 -0.060248 -0.048375 0.000000 -11.973441 -0.146349 -0.097546 0.000000 -11.973050 -0.205143 -0.131117 0.000000  
 10 11 16  -11.881745 0.084659 0.034366 0.000000 -11.882098 0.025860 0.000798 0.000000 -11.882245 -0.060251 -0.048383 0.000000 -11.881789 -0.146351 -0.097550 0.000000 -11.881407 -0.205145 -0.131115 0.000000  
 11 12 17  -12.026203 0.084666 0.034364 0.000000 -12.026565 0.025865 0.000795 0.000000 -12.026700 -0.060243 -0.048381 0.000000 -12.026242 -0.146349 -0.097548 0.000000 -12.025857 -0.205147 -0.131113 0.000000  
 12 13 18  -12.117841 0.084664 0.034372 0.000000 -12.118208 0.025863 0.000796 0.000000 -12.118389 -0.060240 -0.048372 0.000000 -12.117891 -0.146347 -0.097544 0.000000 -12.117499 -0.205144 -0.131115 0.000000  
 13 5 6  0.000000 0.388172 -0.000000 0.000045 0.000000 0.230657 -0.000000 0.000045 0.000000 -0.000007 0.000000 0.000045 0.000000 -0.230670 0.000000 0.000045 0.000000 -0.388186 0.000000 0.000045  
 14 6 7  0.000000 -0.545705 0.000000 -0.000023 0.000000 -0.324273 0.000000 -0.000023 0.000000 -0.000011 0.000000 -0.000023 0.000000 0.324250 -0.000000 -0.000023 0.000000 0.545682 -0.000000 -0.000023  
 15 7 8  0.000000 0.388184 0.000000 0.000050 0.000000 0.230669 0.000000 0.000050 0.000000 0.000007 0.000000 0.000050 0.000000 -0.230655 -0.000000 0.000050 0.000000 -0.388170 -0.000000 0.000050  
 16 8 5  0.000000 -0.545680 -0.000000 -0.000021 0.000000 -0.324249 -0.000000 -0.000021 0.000000 0.000011 0.000000 -0.000021 0.000000 0.324272 0.000000 -0.000021 0.000000 0.545703 0.000000 -0.000021  
 17 10 11  0.000000 0.298180 -0.000000 0.000016 0.000000 0.177183 -0.000000 0.000016 0.000000 -0.000003 0.000000 0.000016 0.000000 -0.177189 0.000000 0.000016 0.000000 -0.298186 0.000000 0.000016  
 18 11 12  0.000000 -0.413509 -0.000000 -0.000013 0.000000 -0.245716 -0.000000 -0.000013 0.000000 -0.000002 0.000000 -0.000013 0.000000 0.245712 0.000000 -0.000013 0.000000 0.413506 0.000000 -0.000013  
 19 12 13  0.000000 0.298183 0.000000 0.000015 0.000000 0.177187 0.000000 0.000015 0.000000 0.000003 0.000000 0.000015 0.000000 -0.177182 -0.000000 0.000015 0.000000 -0.298178 -0.000000 0.000015  
 20 13 10  0.000000 -0.413503 0.000000 -0.000011 0.000000 -0.245711 0.000000 -0.000011 0.000000 0.000002 0.000000 -0.000011 0.000000 0.245714 -0.000000 -0.000011 0.000000 0.413506 -0.000000 -0.000011  
 21 15 16  0.000000 0.126582 0.000000 0.000001 0.000000 0.075217 0.000000 0.000001 0.000000 -0.000001 0.000000 0.000001 0.000000 -0.075220 -0.000000 0.000001 0.000000 -0.126585 -0.000000 0.000001  
 22 16 17  0.000000 -0.199497 -0.000000 -0.000000 0.000000 -0.118545 -0.000000 -0.000000 0.000000 -0.000000 0.000000 -0.000000 0.000000 0.118544 0.000000 -0.000000 0.000000 0.199496 0.000000 -0.000000  
 23 17 18  0.000000 0.126582 -0.000000 0.000000 0.000000 0.075218 -0.000000 0.000000 0.000000 0.000001 0.000000 0.000000 0.000000 -0.075216 0.000000 0.000000 0.000000 -0.126580 0.000000 0.000000  
 24 18 15  0.000000 -0.199494 0.000000 -0.000000 0.000000 -0.118543 0.000000 -0.000000 0.000000 0.000000 0.000000 -0.000000 0.000000 0.118544 -0.000000 -0.000000 0.000000 0.199494 -0.000000 -0.000000  
