 1 1 5  -72.950757 9.327288 14.959158 0.219473 -54.213050 6.561252 10.561527 0.219473 -26.464788 2.352448 3.959299 0.219473 -28.390331 -2.783637 -4.377840 0.219473 -47.277474 -5.639916 -8.890004 0.219473  
 2 2 6  -46.204778 8.359740 13.407941 0.219473 -26.241506 5.547547 8.639747 0.219473 2.076518 1.237597 1.664812 0.219473 -2.763701 -1.804370 -3.082740 0.219473 -22.554031 -4.656774 -7.926393 0.219473  
 3 3 7  -62.794181 8.778795 14.673144 0.219473 -42.813160 6.085582 9.924170 0.219473 -12.501391 2.010314 2.797918 0.219473 -18.151833 -2.123619 -4.397539 0.219473 -38.752205 -4.892121 -9.246339 0.219473  
 4 4 8  -86.899652 9.619805 15.892211 0.219473 -68.898970 6.937095 11.512754 0.219473 -44.777000 2.911705 4.653893 0.219473 -45.691385 -2.965841 -5.175712 0.219473 -61.925463 -5.741760 -9.854494 0.219473  
 5 5 10  -39.049111 5.969112 6.754967 -0.240022 -26.211219 3.550065 4.044733 -0.240022 -14.368709 -0.764541 -0.830659 -0.240022 -30.996950 -4.484446 -5.047867 -0.240022 -43.865384 -6.881853 -7.743893 -0.240022  
 6 6 11  -26.296205 5.191973 7.067585 -0.240022 -11.793100 2.780647 3.843203 -0.240022 2.712090 -0.176442 -0.123009 -0.240022 -15.574727 -3.667074 -4.522821 -0.240022 -29.934631 -6.085033 -7.715750 -0.240022  
 7 7 12  -34.656878 5.187929 7.722391 -0.240022 -20.308274 2.905023 4.509206 -0.240022 -3.028057 -0.568870 -0.355470 -0.240022 -24.214670 -3.930168 -5.148167 -0.240022 -38.469871 -6.197251 -8.347490 -0.240022  
 8 8 13  -45.478752 5.859135 7.196336 -0.240022 -33.538080 3.570422 4.460939 -0.240022 -25.525723 -0.839749 -0.832918 -0.240022 -38.214076 -4.627649 -5.450500 -0.240022 -50.325892 -6.883006 -8.165894 -0.240022  
 9 10 15  -20.304971 1.479148 5.484343 0.085183 -9.440201 0.526611 2.756980 0.085183 -3.134502 -0.772927 -0.943644 0.085183 -18.866776 -2.224018 -4.912299 0.085183 -29.700540 -3.174034 -7.623478 0.085183  
 10 11 16  -15.754707 1.377222 5.565720 0.085183 -4.200697 0.460317 2.559700 0.085183 2.279941 -0.451080 -0.531053 0.085183 -13.077704 -2.043353 -4.688572 0.085183 -24.750460 -3.015465 -7.670397 0.085183  
 11 12 17  -17.992538 1.268341 5.772653 0.085183 -6.308072 0.388625 2.762148 0.085183 0.762656 -0.565310 -0.640105 0.085183 -15.332728 -2.070941 -4.887097 0.085183 -27.052731 -2.989126 -7.873301 0.085183  
 12 13 18  -22.502052 1.360945 5.676786 0.085183 -11.661090 0.447197 2.951854 0.085183 -5.408337 -0.914351 -1.097539 0.085183 -21.113707 -2.246342 -5.096201 0.085183 -31.906257 -3.146817 -7.808082 0.085183  
 13 5 6  0.000000 16.796609 -0.000000 -0.957338 0.000000 10.119890 -0.000000 -0.957338 0.000000 0.342613 0.000000 -0.957338 0.000000 -9.434664 0.000000 -0.957338 0.000000 -16.111382 0.000000 -0.957338  
 14 6 7  0.000000 -10.921336 -0.000000 1.144491 0.000000 -6.453830 -0.000000 1.144491 0.000000 0.088312 0.000000 1.144491 0.000000 6.630454 0.000000 1.144491 0.000000 11.097959 0.000000 1.144491  
 15 7 8  0.000000 16.201758 0.000000 -0.859676 0.000000 9.488367 0.000000 -0.859676 0.000000 -0.342613 0.000000 -0.859676 0.000000 -10.173594 -0.000000 -0.859676 0.000000 -16.886985 -0.000000 -0.859676  
 16 8 5  0.000000 -11.188336 0.000000 0.778251 0.000000 -6.684157 0.000000 0.778251 0.000000 -0.088312 0.000000 0.778251 0.000000 6.507534 -0.000000 0.778251 0.000000 11.011712 -0.000000 0.778251  
 17 10 11  0.000000 13.835434 -0.000000 -0.594814 0.000000 8.281818 -0.000000 -0.594814 0.000000 0.149192 0.000000 -0.594814 0.000000 -7.983433 0.000000 -0.594814 0.000000 -13.537050 0.000000 -0.594814  
 18 11 12  0.000000 -7.942086 -0.000000 0.529543 0.000000 -4.702653 -0.000000 0.529543 0.000000 0.041120 0.000000 0.529543 0.000000 4.784894 0.000000 0.529543 0.000000 8.024327 0.000000 0.529543  
 19 12 13  0.000000 13.687043 0.000000 -0.460459 0.000000 8.072562 0.000000 -0.460459 0.000000 -0.149192 0.000000 -0.460459 0.000000 -8.370946 -0.000000 -0.460459 0.000000 -13.985427 -0.000000 -0.460459  
 20 13 10  0.000000 -8.174320 0.000000 0.325909 0.000000 -4.874022 0.000000 0.325909 0.000000 -0.041120 0.000000 0.325909 0.000000 4.791781 -0.000000 0.325909 0.000000 8.092079 -0.000000 0.325909  
 21 15 16  0.000000 7.525957 0.000000 -0.067091 0.000000 4.521764 0.000000 -0.067091 0.000000 0.122474 0.000000 -0.067091 0.000000 -4.276817 -0.000000 -0.067091 0.000000 -7.281009 -0.000000 -0.067091  
 22 16 17  0.000000 -2.854969 0.000000 0.072896 0.000000 -1.695271 0.000000 0.072896 0.000000 0.002971 0.000000 0.072896 0.000000 1.701213 -0.000000 0.072896 0.000000 2.860910 -0.000000 0.072896  
 23 17 18  0.000000 7.435793 -0.000000 -0.067601 0.000000 4.368792 -0.000000 -0.067601 0.000000 -0.122474 0.000000 -0.067601 0.000000 -4.613740 0.000000 -0.067601 0.000000 -7.680741 0.000000 -0.067601  
 24 18 15  0.000000 -3.015695 -0.000000 0.068634 0.000000 -1.793189 -0.000000 0.068634 0.000000 -0.002971 0.000000 0.068634 0.000000 1.787247 0.000000 0.068634 0.000000 3.009753 0.000000 0.068634  
