 1 1 5  -71.163890 9.403804 14.894560 0.343946 -52.178369 6.527385 10.489555 0.343946 -23.793495 2.145759 3.898452 0.343946 -25.977328 -2.998183 -4.128879 0.343946 -45.300266 -5.935502 -8.659835 0.343946  
 2 2 6  -48.685171 8.593739 13.587515 0.343946 -28.681035 5.682962 8.872955 0.343946 0.324974 1.284315 1.882111 0.343946 -4.326895 -2.055232 -3.068446 0.343946 -24.302117 -5.044949 -7.847903 0.343946  
 3 3 7  -65.326499 9.019585 14.838229 0.343946 -45.386997 6.220106 10.149883 0.343946 -15.139392 1.995182 3.108100 0.343946 -20.018097 -2.453950 -4.342184 0.343946 -40.589737 -5.330984 -9.129482 0.343946  
 4 4 8  -85.519442 9.731046 15.857587 0.343946 -67.252862 6.931861 11.476461 0.343946 -42.212460 2.702015 4.698073 0.343946 -43.444515 -3.264777 -4.962975 0.343946 -60.297072 -6.103127 -9.637411 0.343946  
 5 5 10  -36.398020 4.895911 7.607635 0.329741 -21.965224 2.862064 4.214785 0.329741 -9.396611 -0.453191 -1.464818 0.329741 -30.486644 -3.559627 -6.447811 0.329741 -44.895878 -5.600359 -9.810368 0.329741  
 6 6 11  -27.845315 4.489534 7.784188 0.329741 -12.183918 2.425367 4.027011 0.329741 2.226414 -0.185354 -0.416503 0.329741 -19.601224 -3.185636 -5.886621 0.329741 -35.282775 -5.217718 -9.642758 0.329741  
 7 7 12  -36.621622 4.396784 8.506276 0.329741 -20.977843 2.486941 4.746912 0.329741 -5.390760 -0.443788 -1.060120 0.329741 -28.629083 -3.287121 -6.627004 0.329741 -44.158502 -5.187439 -10.368675 0.329741  
 8 8 13  -43.964070 4.757861 8.175511 0.329741 -30.174199 2.868290 4.770756 0.329741 -20.575522 -0.650498 -1.801020 0.329741 -38.535805 -3.601848 -7.034833 0.329741 -52.455833 -5.500387 -10.398583 0.329741  
 9 10 15  -12.270017 2.667873 0.731101 -0.082172 -7.232135 1.396006 -0.147124 -0.082172 -8.307771 -0.774939 -1.541019 -0.082172 -15.746912 -2.721344 -2.692502 -0.082172 -21.069160 -4.004549 -3.479737 -0.082172  
 10 11 16  -10.113315 2.469827 1.026665 -0.082172 -4.684618 1.194482 0.103867 -0.082172 -5.475222 -0.704630 -1.267636 -0.082172 -13.413091 -2.586343 -2.617405 -0.082172 -18.983000 -3.853159 -3.520868 -0.082172  
 11 12 17  -12.348128 2.479149 1.102260 -0.082172 -7.337637 1.300846 0.119416 -0.082172 -8.646164 -0.814993 -1.488060 -0.082172 -16.211714 -2.634415 -2.790570 -0.082172 -21.483952 -3.830837 -3.680066 -0.082172  
 12 13 18  -14.609772 2.677079 0.784741 -0.082172 -10.238408 1.474899 -0.168963 -0.082172 -11.714302 -0.879332 -1.746901 -0.082172 -18.569775 -2.765203 -2.862163 -0.082172 -23.576946 -3.977089 -3.638449 -0.082172  
 13 5 6  0.000000 17.453342 -0.000000 -0.725407 0.000000 10.482490 -0.000000 -0.725407 0.000000 0.274487 0.000000 -0.725407 0.000000 -9.933516 0.000000 -0.725407 0.000000 -16.904369 0.000000 -0.725407  
 14 6 7  0.000000 -10.349128 -0.000000 1.106555 0.000000 -6.113776 -0.000000 1.106555 0.000000 0.088403 0.000000 1.106555 0.000000 6.290583 0.000000 1.106555 0.000000 10.525934 0.000000 1.106555  
 15 7 8  0.000000 16.981456 0.000000 -0.630097 0.000000 9.979323 0.000000 -0.630097 0.000000 -0.274487 0.000000 -0.630097 0.000000 -10.528296 -0.000000 -0.630097 0.000000 -17.530429 -0.000000 -0.630097  
 16 8 5  0.000000 -10.603021 0.000000 0.845151 0.000000 -6.336389 0.000000 0.845151 0.000000 -0.088403 0.000000 0.845151 0.000000 6.159583 -0.000000 0.845151 0.000000 10.426215 -0.000000 0.845151  
 17 10 11  0.000000 11.100312 0.000000 -0.370557 0.000000 6.634165 0.000000 -0.370557 0.000000 0.094011 0.000000 -0.370557 0.000000 -6.446142 -0.000000 -0.370557 0.000000 -10.912290 -0.000000 -0.370557  
 18 11 12  0.000000 -7.958453 0.000000 0.564348 0.000000 -4.709624 0.000000 0.564348 0.000000 0.047908 0.000000 0.564348 0.000000 4.805440 -0.000000 0.564348 0.000000 8.054269 -0.000000 0.564348  
 19 12 13  0.000000 11.029040 -0.000000 -0.310673 0.000000 6.515517 -0.000000 -0.310673 0.000000 -0.094011 0.000000 -0.310673 0.000000 -6.703540 0.000000 -0.310673 0.000000 -11.217062 0.000000 -0.310673  
 20 13 10  0.000000 -8.171018 -0.000000 0.399758 0.000000 -4.874815 -0.000000 0.399758 0.000000 -0.047908 0.000000 0.399758 0.000000 4.778999 0.000000 0.399758 0.000000 8.075202 0.000000 0.399758  
 21 15 16  0.000000 3.479616 -0.000000 -0.055596 0.000000 2.067908 -0.000000 -0.055596 0.000000 0.000625 0.000000 -0.055596 0.000000 -2.066657 0.000000 -0.055596 0.000000 -3.478366 0.000000 -0.055596  
 22 16 17  0.000000 -3.849104 -0.000000 0.064450 0.000000 -2.274251 -0.000000 0.064450 0.000000 0.031938 0.000000 0.064450 0.000000 2.338128 0.000000 0.064450 0.000000 3.912981 0.000000 0.064450  
 23 17 18  0.000000 3.596162 0.000000 -0.050262 0.000000 2.136654 0.000000 -0.050262 0.000000 -0.000625 0.000000 -0.050262 0.000000 -2.137904 -0.000000 -0.050262 0.000000 -3.597412 -0.000000 -0.050262  
 24 18 15  0.000000 -4.030777 0.000000 0.056190 0.000000 -2.408124 0.000000 0.056190 0.000000 -0.031938 0.000000 0.056190 0.000000 2.344248 -0.000000 0.056190 0.000000 3.966900 -0.000000 0.056190  
