 1 1 5  -74.738315 -2.956222 15.019494 -0.108592 -60.895107 -2.072533 11.191159 -0.108592 -41.793849 -0.826860 5.242260 -0.108592 -39.757649 0.873552 -3.884882 -0.108592 -50.496350 1.680556 -8.247442 -0.108592  
 2 2 6  -54.228287 -2.655395 13.784980 -0.108592 -38.388425 -1.793099 9.617114 -0.108592 -14.098862 -0.615602 3.330612 -0.108592 -13.970739 0.568176 -3.308952 -0.108592 -30.471845 1.387725 -7.587075 -0.108592  
 3 3 7  -48.697882 -2.679823 13.282089 -0.108592 -32.988850 -1.790828 9.138477 -0.108592 -8.902172 -0.567506 2.880882 -0.108592 -8.768388 0.536778 -2.855765 -0.108592 -25.077105 1.377411 -7.108822 -0.108592  
 4 4 8  -70.003214 -2.991752 14.626149 -0.108592 -56.072378 -2.083205 10.820761 -0.108592 -36.131392 -0.806579 4.984412 -0.108592 -33.344012 0.848729 -3.748183 -0.108592 -45.417783 1.683055 -7.901241 -0.108592  
 5 5 10  -45.605774 -1.804157 10.692586 -0.180486 -27.969046 -1.048243 6.096553 -0.180486 -11.666926 0.115860 -1.708148 -0.180486 -37.238588 1.229813 -8.523521 -0.180486 -54.772973 1.993881 -13.097952 -0.180486  
 6 6 11  -37.730076 -1.677810 10.894872 -0.180486 -18.347694 -0.926899 5.848098 -0.180486 1.484593 0.057244 -0.523857 -0.180486 -26.321273 1.117932 -7.927721 -0.180486 -45.621144 1.873125 -12.955960 -0.180486  
 7 7 12  -34.312963 -1.678790 10.583830 -0.180486 -15.066759 -0.911914 5.546773 -0.180486 3.233717 0.035326 -0.393650 -0.180486 -22.962454 1.113683 -7.622698 -0.180486 -42.188451 1.880933 -12.644234 -0.180486  
 8 8 13  -42.756013 -1.800407 10.451585 -0.180486 -25.070510 -1.041261 5.859541 -0.180486 -8.299938 0.105381 -1.499961 -0.180486 -34.357551 1.230739 -8.284203 -0.180486 -51.929399 1.996876 -12.855907 -0.180486  
 9 10 15  -11.116192 -0.889462 -1.213053 0.002251 -11.734009 -0.373403 -1.658558 0.002251 -13.330493 0.302801 -2.171275 0.002251 -15.169540 0.916541 -2.615178 0.002251 -16.357046 1.310129 -2.887305 0.002251  
 10 11 16  -8.525638 -0.920819 -0.645899 0.002251 -9.116488 -0.374873 -1.254718 0.002251 -11.228051 0.293793 -1.924228 0.002251 -13.688657 0.887699 -2.523111 0.002251 -15.266426 1.270792 -2.899444 0.002251  
 11 12 17  -7.506058 -0.905986 -0.613581 0.002251 -8.123389 -0.375755 -1.201610 0.002251 -10.309085 0.287401 -1.862113 0.002251 -12.825023 0.885136 -2.460290 0.002251 -14.430614 1.272794 -2.837347 0.002251  
 12 13 18  -10.049205 -0.882497 -1.170271 0.002251 -10.695830 -0.375342 -1.602825 0.002251 -12.346382 0.294102 -2.108453 0.002251 -14.238657 0.914376 -2.550546 0.002251 -15.461117 1.310999 -2.823231 0.002251  
 13 5 6  0.000000 19.027244 -0.000000 0.245765 0.000000 11.431228 -0.000000 0.245765 0.000000 0.307746 0.000000 0.245765 0.000000 -10.815736 0.000000 0.245765 0.000000 -18.411752 0.000000 0.245765  
 14 6 7  0.000000 3.345132 -0.000000 -0.454670 0.000000 1.988734 -0.000000 -0.454670 0.000000 0.002446 0.000000 -0.454670 0.000000 -1.983842 0.000000 -0.454670 0.000000 -3.340241 0.000000 -0.454670  
 15 7 8  0.000000 18.387373 0.000000 0.248499 0.000000 10.801249 0.000000 0.248499 0.000000 -0.307746 0.000000 0.248499 0.000000 -11.416742 -0.000000 0.248499 0.000000 -19.002865 -0.000000 0.248499  
 16 8 5  0.000000 3.364620 0.000000 -0.276132 0.000000 1.998329 0.000000 -0.276132 0.000000 -0.002446 0.000000 -0.276132 0.000000 -2.003220 -0.000000 -0.276132 0.000000 -3.369512 -0.000000 -0.276132  
 17 10 11  0.000000 12.059590 0.000000 0.066673 0.000000 7.215853 0.000000 0.066673 0.000000 0.122764 0.000000 0.066673 0.000000 -6.970325 -0.000000 0.066673 0.000000 -11.814061 -0.000000 0.066673  
 18 11 12  0.000000 2.747901 0.000000 -0.192309 0.000000 1.634274 0.000000 -0.192309 0.000000 0.003498 0.000000 -0.192309 0.000000 -1.627279 -0.000000 -0.192309 0.000000 -2.740906 -0.000000 -0.192309  
 19 12 13  0.000000 11.773190 -0.000000 0.071272 0.000000 6.946038 -0.000000 0.071272 0.000000 -0.122764 0.000000 0.071272 0.000000 -7.191567 0.000000 0.071272 0.000000 -12.018719 0.000000 0.071272  
 20 13 10  0.000000 2.781777 -0.000000 -0.152732 0.000000 1.651565 -0.000000 -0.152732 0.000000 -0.003498 0.000000 -0.152732 0.000000 -1.658561 0.000000 -0.152732 0.000000 -2.788772 0.000000 -0.152732  
 21 15 16  0.000000 2.736446 -0.000000 -0.006484 0.000000 1.615450 -0.000000 -0.006484 0.000000 -0.026117 0.000000 -0.006484 0.000000 -1.667685 0.000000 -0.006484 0.000000 -2.788681 0.000000 -0.006484  
 22 16 17  0.000000 1.300758 -0.000000 -0.012816 0.000000 0.773950 -0.000000 -0.012816 0.000000 0.002502 0.000000 -0.012816 0.000000 -0.768946 0.000000 -0.012816 0.000000 -1.295753 0.000000 -0.012816  
 23 17 18  0.000000 2.748528 0.000000 -0.006058 0.000000 1.643826 0.000000 -0.006058 0.000000 0.026117 0.000000 -0.006058 0.000000 -1.591591 -0.000000 -0.006058 0.000000 -2.696293 -0.000000 -0.006058  
 24 18 15  0.000000 1.335906 0.000000 -0.012660 0.000000 0.792805 0.000000 -0.012660 0.000000 -0.002502 0.000000 -0.012660 0.000000 -0.797810 -0.000000 -0.012660 0.000000 -1.340910 -0.000000 -0.012660  
