 1 1 5  -59.429105 5.720126 10.706164 -0.043605 -48.093042 4.165396 7.796013 -0.043605 -33.677497 1.740612 3.053194 -0.043605 -34.872342 -1.968352 -3.825818 -0.043605 -44.931160 -3.609482 -7.014861 -0.043605  
 2 2 6  -42.605378 5.248440 9.761071 -0.043605 -29.918326 3.665801 6.674114 -0.043605 -10.360236 1.219738 1.980324 -0.043605 -14.686704 -1.444216 -3.143131 -0.043605 -27.941107 -3.113151 -6.324298 -0.043605  
 3 3 7  -49.840432 5.370212 10.270562 -0.043605 -37.519695 3.830140 7.214764 -0.043605 -19.428801 1.506847 2.473153 -0.043605 -23.022251 -1.561312 -3.714941 -0.043605 -35.552284 -3.195961 -6.879696 -0.043605  
 4 4 8  -65.898374 5.814021 11.100990 -0.043605 -55.200945 4.298543 8.179979 -0.043605 -43.485267 1.846684 3.145739 -0.043605 -43.964810 -2.009264 -4.030330 -0.043605 -52.217495 -3.667853 -7.400956 -0.043605  
 5 5 10  -30.017911 3.067288 3.002210 -0.418334 -27.185393 1.856566 2.005794 -0.418334 -26.990635 -0.655090 -0.176023 -0.418334 -28.506026 -2.896094 -2.125653 -0.418334 -31.984295 -3.982581 -3.078908 -0.418334  
 6 6 11  -20.376291 2.539458 3.294456 -0.418334 -15.257188 1.461487 2.172492 -0.418334 -11.552182 -0.655448 -0.042106 -0.418334 -17.091359 -2.396116 -2.091851 -0.418334 -22.173071 -3.408985 -3.239798 -0.418334  
 7 7 12  -23.221330 2.525501 3.465953 -0.418334 -18.562766 1.469985 2.334561 -0.418334 -16.142823 -0.679897 -0.041715 -0.418334 -20.271719 -2.491086 -2.217396 -0.418334 -25.005542 -3.465360 -3.375031 -0.418334  
 8 8 13  -33.138467 3.029966 3.118389 -0.418334 -30.993707 1.789783 2.052074 -0.418334 -31.127806 -0.679939 -0.175699 -0.418334 -31.951359 -2.927123 -2.202073 -0.418334 -34.947096 -4.012085 -3.180254 -0.418334  
 9 10 15  -24.807944 0.027406 6.505220 0.048375 -13.933395 -0.194091 3.689157 0.048375 -1.919612 -0.489953 -0.384860 0.048375 -17.184983 -0.844979 -4.494368 0.048375 -27.933172 -1.054706 -7.297585 0.048375  
 10 11 16  -19.367846 0.024308 6.347690 0.048375 -8.015591 -0.171926 3.320355 0.048375 2.413762 -0.205752 -0.187409 0.048375 -11.716790 -0.775995 -4.268702 0.048375 -23.198107 -1.004246 -7.285493 0.048375  
 11 12 17  -20.160470 -0.003664 6.418996 0.048375 -8.775163 -0.192000 3.391800 0.048375 2.069837 -0.222764 -0.200666 0.048375 -12.493865 -0.779356 -4.338696 0.048375 -23.995767 -0.996043 -7.355676 0.048375  
 12 13 18  -25.513470 -0.004137 6.564957 0.048375 -14.643471 -0.216630 3.749674 0.048375 -2.646814 -0.547090 -0.416490 0.048375 -17.878983 -0.846244 -4.552361 0.048375 -28.619251 -1.046213 -7.354986 0.048375  
 13 5 6  0.000000 10.577426 -0.000000 -0.603492 0.000000 6.348407 -0.000000 -0.603492 0.000000 0.155501 0.000000 -0.603492 0.000000 -6.037405 0.000000 -0.603492 0.000000 -10.266423 0.000000 -0.603492  
 14 6 7  0.000000 -6.371838 -0.000000 0.418687 0.000000 -3.776131 -0.000000 0.418687 0.000000 0.024979 0.000000 0.418687 0.000000 3.826090 0.000000 0.418687 0.000000 6.421797 0.000000 0.418687  
 15 7 8  0.000000 10.294940 0.000000 -0.558675 0.000000 6.054350 0.000000 -0.558675 0.000000 -0.155501 0.000000 -0.558675 0.000000 -6.365352 -0.000000 -0.558675 0.000000 -10.605942 -0.000000 -0.558675  
 16 8 5  0.000000 -6.450313 0.000000 0.244673 0.000000 -3.843035 0.000000 0.244673 0.000000 -0.024979 0.000000 0.244673 0.000000 3.793076 -0.000000 0.244673 0.000000 6.400354 -0.000000 0.244673  
 17 10 11  0.000000 9.916982 0.000000 -0.310430 0.000000 5.920521 0.000000 -0.310430 0.000000 0.068169 0.000000 -0.310430 0.000000 -5.784183 -0.000000 -0.310430 0.000000 -9.780644 -0.000000 -0.310430  
 18 11 12  0.000000 -3.980794 0.000000 0.128198 0.000000 -2.361913 0.000000 0.128198 0.000000 0.008749 0.000000 0.128198 0.000000 2.379411 -0.000000 0.128198 0.000000 3.998292 -0.000000 0.128198  
 19 12 13  0.000000 9.814518 -0.000000 -0.269188 0.000000 5.804311 -0.000000 -0.269188 0.000000 -0.068169 0.000000 -0.269188 0.000000 -5.940650 0.000000 -0.269188 0.000000 -9.950856 0.000000 -0.269188  
 20 13 10  0.000000 -4.032165 -0.000000 0.080447 0.000000 -2.399540 -0.000000 0.080447 0.000000 -0.008749 0.000000 0.080447 0.000000 2.382042 0.000000 0.080447 0.000000 4.014667 0.000000 0.080447  
 21 15 16  0.000000 7.290101 -0.000000 -0.051324 0.000000 4.389372 -0.000000 -0.051324 0.000000 0.141591 0.000000 -0.051324 0.000000 -4.106190 0.000000 -0.051324 0.000000 -7.006919 0.000000 -0.051324  
 22 16 17  0.000000 -0.922131 0.000000 0.031286 0.000000 -0.548126 0.000000 0.031286 0.000000 -0.000440 0.000000 0.031286 0.000000 0.547246 -0.000000 0.031286 0.000000 0.921251 -0.000000 0.031286  
 23 17 18  0.000000 7.044040 0.000000 -0.055766 0.000000 4.128247 0.000000 -0.055766 0.000000 -0.141591 0.000000 -0.055766 0.000000 -4.411430 -0.000000 -0.055766 0.000000 -7.327222 -0.000000 -0.055766  
 24 18 15  0.000000 -0.958372 -0.000000 0.025346 0.000000 -0.569304 -0.000000 0.025346 0.000000 0.000440 0.000000 0.025346 0.000000 0.570184 0.000000 0.025346 0.000000 0.959252 0.000000 0.025346  
