 1 1 5  -35.634397 0.050954 -0.359197 0.000058 -35.638651 0.031196 -0.258763 0.000058 -35.644243 0.002212 -0.111653 0.000058 -35.645727 -0.026979 0.035814 0.000058 -35.642179 -0.046801 0.136295 0.000058  
 2 2 6  -36.373553 0.050929 -0.358954 0.000058 -36.377891 0.031176 -0.258481 0.000058 -36.383667 0.002196 -0.111306 0.000058 -36.384945 -0.026951 0.035733 0.000058 -36.381321 -0.046781 0.136207 0.000058  
 3 3 7  -36.350451 0.050804 -0.358877 0.000058 -36.354876 0.031039 -0.258412 0.000058 -36.360777 0.002037 -0.111259 0.000058 -36.362000 -0.026912 0.035644 0.000058 -36.358352 -0.046732 0.136120 0.000058  
 4 4 8  -35.611226 0.050837 -0.359126 0.000058 -35.615574 0.031067 -0.258702 0.000058 -35.621339 0.002070 -0.111613 0.000058 -35.622948 -0.026929 0.035750 0.000058 -35.619173 -0.046755 0.136221 0.000058  
 5 5 10  -23.782003 -0.039095 -0.237595 0.000011 -23.784151 -0.027333 -0.143091 0.000011 -23.786186 -0.010186 -0.004596 0.000011 -23.783591 0.007019 0.133834 0.000011 -23.781354 0.018791 0.228336 0.000011  
 6 6 11  -24.243341 -0.039101 -0.237648 0.000011 -24.245534 -0.027336 -0.143082 0.000011 -24.247493 -0.010176 -0.004654 0.000011 -24.244891 0.007021 0.133783 0.000011 -24.242637 0.018795 0.228340 0.000011  
 7 7 12  -24.213971 -0.039073 -0.237636 0.000011 -24.216204 -0.027331 -0.143073 0.000011 -24.218181 -0.010147 -0.004696 0.000011 -24.215520 0.007048 0.133764 0.000011 -24.213240 0.018800 0.228320 0.000011  
 8 8 13  -23.752594 -0.039063 -0.237582 0.000011 -23.754792 -0.027323 -0.143079 0.000011 -23.756983 -0.010151 -0.004607 0.000011 -23.754185 0.007042 0.133815 0.000011 -23.751912 0.018792 0.228318 0.000011  
 9 10 15  -11.916824 -0.006698 -0.161678 0.000001 -11.917574 -0.002480 -0.078837 0.000001 -11.917766 0.003695 0.042488 0.000001 -11.916701 0.009878 0.163798 0.000001 -11.915849 0.014107 0.246632 0.000001  
 10 11 16  -12.092539 -0.006698 -0.161704 0.000001 -12.093287 -0.002481 -0.078846 0.000001 -12.093460 0.003694 0.042461 0.000001 -12.092409 0.009879 0.163787 0.000001 -12.091553 0.014107 0.246638 0.000001  
 11 12 17  -12.082587 -0.006686 -0.161704 0.000001 -12.083350 -0.002473 -0.078848 0.000001 -12.083491 0.003707 0.042459 0.000001 -12.082439 0.009883 0.163784 0.000001 -12.081579 0.014105 0.246635 0.000001  
 12 13 18  -11.906875 -0.006686 -0.161678 0.000001 -11.907642 -0.002472 -0.078838 0.000001 -11.907798 0.003706 0.042486 0.000001 -11.906734 0.009882 0.163795 0.000001 -11.905876 0.014105 0.246629 0.000001  
 13 5 6  0.000000 -0.383870 -0.000000 -0.000015 0.000000 -0.228115 -0.000000 -0.000015 0.000000 -0.000030 0.000000 -0.000015 0.000000 0.228056 0.000000 -0.000015 0.000000 0.383811 0.000000 -0.000015  
 14 6 7  0.000000 -0.008826 -0.000000 0.000055 0.000000 -0.005250 -0.000000 0.000055 0.000000 -0.000014 0.000000 0.000055 0.000000 0.005222 0.000000 0.000055 0.000000 0.008798 0.000000 0.000055  
 15 7 8  0.000000 -0.383809 0.000000 -0.000016 0.000000 -0.228055 0.000000 -0.000016 0.000000 0.000030 0.000000 -0.000016 0.000000 0.228114 -0.000000 -0.000016 0.000000 0.383869 -0.000000 -0.000016  
 16 8 5  0.000000 -0.008800 0.000000 0.000050 0.000000 -0.005223 0.000000 0.000050 0.000000 0.000014 0.000000 0.000050 0.000000 0.005251 -0.000000 0.000050 0.000000 0.008827 -0.000000 0.000050  
 17 10 11  0.000000 -0.394452 0.000000 -0.000003 0.000000 -0.234394 0.000000 -0.000003 0.000000 -0.000008 0.000000 -0.000003 0.000000 0.234378 -0.000000 -0.000003 0.000000 0.394435 -0.000000 -0.000003  
 18 11 12  0.000000 0.026770 0.000000 0.000017 0.000000 0.015906 0.000000 0.000017 0.000000 -0.000003 0.000000 0.000017 0.000000 -0.015912 -0.000000 0.000017 0.000000 -0.026776 -0.000000 0.000017  
 19 12 13  0.000000 -0.394433 -0.000000 -0.000005 0.000000 -0.234376 -0.000000 -0.000005 0.000000 0.000008 0.000000 -0.000005 0.000000 0.234393 0.000000 -0.000005 0.000000 0.394450 0.000000 -0.000005  
 20 13 10  0.000000 0.026774 -0.000000 0.000012 0.000000 0.015911 -0.000000 0.000012 0.000000 0.000003 0.000000 0.000012 0.000000 -0.015905 0.000000 0.000012 0.000000 -0.026768 0.000000 0.000012  
 21 15 16  0.000000 -0.242654 0.000000 0.000001 0.000000 -0.144191 0.000000 0.000001 0.000000 -0.000003 0.000000 0.000001 0.000000 0.144186 -0.000000 0.000001 0.000000 0.242649 -0.000000 0.000001  
 22 16 17  0.000000 0.013754 -0.000000 0.000001 0.000000 0.008173 -0.000000 0.000001 0.000000 -0.000001 0.000000 0.000001 0.000000 -0.008174 0.000000 0.000001 0.000000 -0.013755 0.000000 0.000001  
 23 17 18  0.000000 -0.242647 -0.000000 0.000000 0.000000 -0.144184 -0.000000 0.000000 0.000000 0.000003 0.000000 0.000000 0.000000 0.144189 0.000000 0.000000 0.000000 0.242652 0.000000 0.000000  
 24 18 15  0.000000 0.013753 0.000000 0.000001 0.000000 0.008173 0.000000 0.000001 0.000000 0.000001 0.000000 0.000001 0.000000 -0.008171 -0.000000 0.000001 0.000000 -0.013752 -0.000000 0.000001  
