 1 1 5  -42.517787 -5.835851 -3.899199 -0.072278 -38.404074 -4.503487 -3.091189 -0.072278 -34.606184 -2.083612 -1.628952 -0.072278 -34.506995 1.194728 0.561907 -0.072278 -34.704336 3.223924 1.873494 -0.072278  
 2 2 6  -51.127346 -6.198176 -4.048023 -0.072278 -47.922932 -4.788100 -3.261475 -0.072278 -46.273281 -2.074340 -1.655359 -0.072278 -46.212863 1.170896 0.414949 -0.072278 -45.473484 3.355936 1.808471 -0.072278  
 3 3 7  -41.857665 -5.896362 -3.794520 -0.072278 -37.641268 -4.521681 -3.026806 -0.072278 -33.572510 -2.032767 -1.660560 -0.072278 -33.465842 1.351485 0.433044 -0.072278 -33.842287 3.405750 1.679384 -0.072278  
 4 4 8  -33.560514 -5.460939 -3.623512 -0.072278 -28.505723 -4.128997 -2.802852 -0.072278 -21.917742 -1.911345 -1.513446 -0.072278 -21.049639 1.374210 0.581698 -0.072278 -23.824959 3.074182 1.634281 -0.072278  
 5 5 10  -29.006782 -3.632269 -3.919016 -0.021810 -23.404290 -2.314967 -2.645289 -0.021810 -20.081636 0.280833 -0.109320 -0.021810 -23.767690 2.763710 2.397701 -0.021810 -29.396341 4.039422 3.691056 -0.021810  
 6 6 11  -34.496645 -3.888651 -3.976418 -0.021810 -29.762567 -2.519101 -2.726602 -0.021810 -28.089244 0.280302 -0.111504 -0.021810 -30.034216 2.995691 2.455563 -0.021810 -34.843717 4.317053 3.721618 -0.021810  
 7 7 12  -29.164643 -3.873251 -3.712427 -0.021810 -23.527781 -2.484115 -2.509616 -0.021810 -20.206565 0.266834 -0.111511 -0.021810 -23.922686 2.906263 2.258605 -0.021810 -29.561041 4.253052 3.489641 -0.021810  
 8 8 13  -23.775994 -3.590656 -3.630245 -0.021810 -17.486241 -2.224875 -2.372333 -0.021810 -11.755618 0.267018 -0.109064 -0.021810 -17.927360 2.614720 2.160462 -0.021810 -24.231201 3.945116 3.438467 -0.021810  
 9 10 15  -13.550337 -1.578369 -2.191629 0.008605 -9.489616 -0.772954 -1.244440 0.008605 -8.496442 0.813166 0.686651 0.008605 -14.238318 1.946092 2.152309 0.008605 -18.485031 2.711918 3.095039 0.008605  
 10 11 16  -15.378353 -1.675211 -2.154836 0.008605 -11.861422 -0.856613 -1.227980 0.008605 -11.323844 0.868925 0.756946 0.008605 -16.269020 2.050102 2.184206 0.008605 -20.253610 2.813183 3.083802 0.008605  
 11 12 17  -13.653703 -1.741128 -2.039472 0.008605 -9.698412 -0.899732 -1.135480 0.008605 -8.796593 0.797379 0.712998 0.008605 -14.430687 2.019763 2.086806 0.008605 -18.611064 2.828340 2.978643 0.008605  
 12 13 18  -11.805936 -1.635151 -2.065684 0.008605 -7.416997 -0.800506 -1.124631 0.008605 -6.017782 0.713095 0.619080 0.008605 -12.369643 1.907948 2.044409 0.008605 -16.810014 2.716194 2.983828 0.008605  
 13 5 6  0.000000 -5.627263 -0.000000 -0.242431 0.000000 -3.331729 -0.000000 -0.242431 0.000000 0.029815 0.000000 -0.242431 0.000000 3.391358 0.000000 -0.242431 0.000000 5.686893 0.000000 -0.242431  
 14 6 7  0.000000 7.140487 0.000000 0.226644 0.000000 4.258531 0.000000 0.226644 0.000000 0.038242 0.000000 0.226644 0.000000 -4.182047 -0.000000 0.226644 0.000000 -7.064003 -0.000000 0.226644  
 15 7 8  0.000000 -5.679430 0.000000 -0.313983 0.000000 -3.386924 0.000000 -0.313983 0.000000 -0.029815 0.000000 -0.313983 0.000000 3.327294 -0.000000 -0.313983 0.000000 5.619800 -0.000000 -0.313983  
 16 8 5  0.000000 7.056540 -0.000000 0.267488 0.000000 4.177612 -0.000000 0.267488 0.000000 -0.038242 0.000000 0.267488 0.000000 -4.254097 0.000000 0.267488 0.000000 -7.133024 0.000000 0.267488  
 17 10 11  0.000000 -5.916251 0.000000 -0.225301 0.000000 -3.503115 0.000000 -0.225301 0.000000 0.030642 0.000000 -0.225301 0.000000 3.564398 -0.000000 -0.225301 0.000000 5.977534 -0.000000 -0.225301  
 18 11 12  0.000000 6.069973 0.000000 0.214518 0.000000 3.618639 0.000000 0.214518 0.000000 0.028945 0.000000 0.214518 0.000000 -3.560748 -0.000000 0.214518 0.000000 -6.012082 -0.000000 0.214518  
 19 12 13  0.000000 -5.964757 -0.000000 -0.261900 0.000000 -3.556806 -0.000000 -0.261900 0.000000 -0.030642 0.000000 -0.261900 0.000000 3.495522 0.000000 -0.261900 0.000000 5.903473 0.000000 -0.261900  
 20 13 10  0.000000 5.999304 -0.000000 0.247177 0.000000 3.553155 -0.000000 0.247177 0.000000 -0.028945 0.000000 0.247177 0.000000 -3.611046 0.000000 0.247177 0.000000 -6.057195 0.000000 0.247177  
 21 15 16  0.000000 -3.128411 -0.000000 -0.070419 0.000000 -1.851624 -0.000000 -0.070419 0.000000 0.018081 0.000000 -0.070419 0.000000 1.887786 0.000000 -0.070419 0.000000 3.164572 0.000000 -0.070419  
 22 16 17  0.000000 2.870405 -0.000000 0.070064 0.000000 1.710492 -0.000000 0.070064 0.000000 0.011933 0.000000 0.070064 0.000000 -1.686626 0.000000 0.070064 0.000000 -2.846539 0.000000 0.070064  
 23 17 18  0.000000 -3.149377 0.000000 -0.081391 0.000000 -1.878757 0.000000 -0.081391 0.000000 -0.018081 0.000000 -0.081391 0.000000 1.842595 -0.000000 -0.081391 0.000000 3.113216 -0.000000 -0.081391  
 24 18 15  0.000000 2.831344 0.000000 0.081131 0.000000 1.677596 0.000000 0.081131 0.000000 -0.011933 0.000000 0.081131 0.000000 -1.701462 -0.000000 0.081131 0.000000 -2.855210 -0.000000 0.081131  
