 1 1 5  -31.864464 1.130829 -2.746406 -0.001579 -31.753011 0.907807 -1.955255 -0.001579 -31.804904 0.540505 -0.749680 -0.001579 -31.808594 0.171891 0.457369 -0.001579 -31.779669 -0.079224 1.280991 -0.001579  
 2 2 6  -35.685473 1.151874 -2.769122 -0.001579 -35.705676 0.906406 -1.952657 -0.001579 -35.759060 0.539549 -0.748991 -0.001579 -35.764646 0.172678 0.454400 -0.001579 -35.733427 -0.078093 1.276325 -0.001579  
 3 3 7  -40.129776 1.153124 -2.773238 -0.001579 -40.176425 0.904125 -1.951586 -0.001579 -40.228819 0.539480 -0.748107 -0.001579 -40.234819 0.176314 0.453848 -0.001579 -40.204580 -0.072577 1.275594 -0.001579  
 4 4 8  -36.204503 1.151823 -2.773846 -0.001579 -36.234750 0.905524 -1.954238 -0.001579 -36.287263 0.540436 -0.748906 -0.001579 -36.294043 0.175630 0.457104 -0.001579 -36.262549 -0.073749 1.280342 -0.001579  
 5 5 10  -21.580904 1.713792 -1.198022 -0.003770 -21.355875 1.139432 -0.668199 -0.003770 -21.368090 0.229108 0.172123 -0.003770 -21.350677 -0.681110 1.012593 -0.003770 -21.515578 -1.268257 1.550743 -0.003770  
 6 6 11  -23.550923 1.735672 -1.212490 -0.003770 -23.444350 1.139074 -0.664692 -0.003770 -23.458476 0.229319 0.171941 -0.003770 -23.439261 -0.680584 1.008727 -0.003770 -23.505174 -1.285443 1.563239 -0.003770  
 7 7 12  -26.604750 1.745195 -1.229965 -0.003770 -26.595058 1.133745 -0.664251 -0.003770 -26.608889 0.230665 0.171785 -0.003770 -26.590105 -0.672855 1.008358 -0.003770 -26.576722 -1.288682 1.578345 -0.003770  
 8 8 13  -24.583956 1.734636 -1.225443 -0.003770 -24.519165 1.134140 -0.667760 -0.003770 -24.533640 0.230568 0.172146 -0.003770 -24.513890 -0.673385 1.012265 -0.003770 -24.543300 -1.280882 1.575983 -0.003770  
 9 10 15  -11.130696 1.291452 -0.382051 -0.004426 -10.708453 0.713301 -0.136028 -0.004426 -10.712107 -0.257533 0.301123 -0.004426 -11.174027 -1.140360 0.665031 -0.004426 -12.307752 -1.607716 0.834684 -0.004426  
 10 11 16  -11.732906 1.309158 -0.382618 -0.004426 -11.405019 0.713244 -0.131731 -0.004426 -11.408640 -0.257450 0.299731 -0.004426 -11.782980 -1.155687 0.669545 -0.004426 -12.844403 -1.632460 0.838958 -0.004426  
 11 12 17  -12.901035 1.316211 -0.398979 -0.004426 -12.727611 0.701669 -0.131696 -0.004426 -12.731250 -0.252227 0.299680 -0.004426 -12.957227 -1.160350 0.690668 -0.004426 -13.873524 -1.647621 0.866999 -0.004426  
 12 13 18  -12.282636 1.303251 -0.398817 -0.004426 -12.041674 0.701736 -0.135988 -0.004426 -12.045292 -0.252313 0.301082 -0.004426 -12.339811 -1.148170 0.687458 -0.004426 -13.318577 -1.626078 0.864131 -0.004426  
 13 5 6  0.000000 -2.589121 0.000000 0.008066 0.000000 -1.538290 0.000000 0.008066 0.000000 0.000529 0.000000 0.008066 0.000000 1.539349 -0.000000 0.008066 0.000000 2.590180 -0.000000 0.008066  
 14 6 7  0.000000 -1.846247 -0.000000 -0.005314 0.000000 -1.096779 -0.000000 -0.005314 0.000000 0.000729 0.000000 -0.005314 0.000000 1.098238 0.000000 -0.005314 0.000000 1.847706 0.000000 -0.005314  
 15 7 8  0.000000 -2.590292 -0.000000 0.002602 0.000000 -1.539415 -0.000000 0.002602 0.000000 -0.000529 0.000000 0.002602 0.000000 1.538357 0.000000 0.002602 0.000000 2.589233 0.000000 0.002602  
 16 8 5  0.000000 -1.847594 0.000000 -0.010985 0.000000 -1.098171 0.000000 -0.010985 0.000000 -0.000729 0.000000 -0.010985 0.000000 1.096712 -0.000000 -0.010985 0.000000 1.846135 -0.000000 -0.010985  
 17 10 11  0.000000 -1.957505 -0.000000 0.013191 0.000000 -1.162914 -0.000000 0.013191 0.000000 0.000672 0.000000 0.013191 0.000000 1.164259 0.000000 0.013191 0.000000 1.958850 0.000000 0.013191  
 18 11 12  0.000000 -2.616317 -0.000000 -0.012804 0.000000 -1.553997 -0.000000 -0.012804 0.000000 0.001647 0.000000 -0.012804 0.000000 1.557291 0.000000 -0.012804 0.000000 2.619611 0.000000 -0.012804  
 19 12 13  0.000000 -1.959106 0.000000 0.008379 0.000000 -1.164411 0.000000 0.008379 0.000000 -0.000672 0.000000 0.008379 0.000000 1.163066 -0.000000 0.008379 0.000000 1.957762 -0.000000 0.008379  
 20 13 10  0.000000 -2.619355 0.000000 -0.016413 0.000000 -1.557139 0.000000 -0.016413 0.000000 -0.001647 0.000000 -0.016413 0.000000 1.553845 -0.000000 -0.016413 0.000000 2.616061 -0.000000 -0.016413  
 21 15 16  0.000000 -0.890078 0.000000 0.011820 0.000000 -0.528286 0.000000 0.011820 0.000000 0.001517 0.000000 0.011820 0.000000 0.531321 -0.000000 0.011820 0.000000 0.893113 -0.000000 0.011820  
 22 16 17  0.000000 -1.699020 0.000000 -0.014229 0.000000 -1.007557 0.000000 -0.014229 0.000000 0.005008 0.000000 -0.014229 0.000000 1.017574 -0.000000 -0.014229 0.000000 1.709036 -0.000000 -0.014229  
 23 17 18  0.000000 -0.893499 -0.000000 0.009646 0.000000 -0.531550 -0.000000 0.009646 0.000000 -0.001517 0.000000 0.009646 0.000000 0.528515 0.000000 0.009646 0.000000 0.890464 0.000000 0.009646  
 24 18 15  0.000000 -1.708651 -0.000000 -0.014990 0.000000 -1.017345 -0.000000 -0.014990 0.000000 -0.005008 0.000000 -0.014990 0.000000 1.007328 0.000000 -0.014990 0.000000 1.698634 0.000000 -0.014990  
