 1 1 5  -37.084878 0.145688 -0.243026 0.000332 -37.119953 0.049965 -0.135327 0.000332 -37.160700 -0.090000 0.022395 0.000332 -37.162706 -0.230429 0.181136 0.000332 -37.139118 -0.326164 0.289043 0.000332  
 2 2 6  -36.063494 0.145368 -0.241547 0.000332 -36.098765 0.049693 -0.133859 0.000332 -36.140159 -0.090249 0.023828 0.000332 -36.142419 -0.230150 0.181045 0.000332 -36.117938 -0.325901 0.288541 0.000332  
 3 3 7  -34.804635 0.144617 -0.240844 0.000332 -34.839805 0.048942 -0.133272 0.000332 -34.880920 -0.090993 0.024248 0.000332 -34.883652 -0.230227 0.180587 0.000332 -34.858823 -0.325697 0.288054 0.000332  
 4 4 8  -35.825573 0.144894 -0.242327 0.000332 -35.860597 0.049167 -0.134740 0.000332 -35.901721 -0.090835 0.022802 0.000332 -35.904743 -0.230336 0.180932 0.000332 -35.879513 -0.325882 0.288556 0.000332  
 5 5 10  -24.995978 -0.635501 0.372602 0.000077 -25.006401 -0.439853 0.293326 0.000077 -25.015036 -0.153577 0.177537 0.000077 -25.002463 0.132879 0.061765 0.000077 -24.990128 0.328545 -0.017440 0.000077  
 6 6 11  -24.025331 -0.635699 0.372411 0.000077 -24.035910 -0.439994 0.293322 0.000077 -24.044843 -0.153531 0.177395 0.000077 -24.031815 0.132930 0.061608 0.000077 -24.019425 0.328626 -0.017355 0.000077  
 7 7 12  -22.986679 -0.635638 0.372563 0.000077 -22.997202 -0.440049 0.293430 0.000077 -23.005757 -0.153545 0.177266 0.000077 -22.992455 0.133000 0.061399 0.000077 -22.980101 0.328579 -0.017609 0.000077  
 8 8 13  -23.957104 -0.635443 0.372758 0.000077 -23.967562 -0.439908 0.293435 0.000077 -23.976493 -0.153535 0.177577 0.000077 -23.962959 0.132963 0.061561 0.000077 -23.950623 0.328507 -0.017685 0.000077  
 9 10 15  -12.451957 -0.482698 0.647701 -0.000010 -12.458614 -0.261177 0.382741 -0.000010 -12.462225 0.063248 -0.005249 -0.000010 -12.454921 0.387692 -0.393349 -0.000010 -12.447008 0.609228 -0.658383 -0.000010  
 10 11 16  -11.975660 -0.482721 0.647761 -0.000010 -11.982316 -0.261195 0.382782 -0.000010 -11.985875 0.063260 -0.005348 -0.000010 -11.978548 0.387714 -0.393548 -0.000010 -11.970615 0.609254 -0.658594 -0.000010  
 11 12 17  -11.538126 -0.482823 0.647776 -0.000010 -11.544781 -0.261255 0.382780 -0.000010 -11.548108 0.063330 -0.005383 -0.000010 -11.540940 0.387882 -0.393572 -0.000010 -11.539540 0.608170 -0.657324 -0.000010  
 12 13 18  -12.015187 -0.482797 0.647716 -0.000010 -12.021856 -0.261234 0.382744 -0.000010 -12.025288 0.063321 -0.005283 -0.000010 -12.018074 0.387860 -0.393372 -0.000010 -12.010190 0.609430 -0.658410 -0.000010  
 13 5 6  0.000000 0.069344 0.000000 -0.000248 0.000000 0.041140 0.000000 -0.000248 0.000000 -0.000160 0.000000 -0.000248 0.000000 -0.041461 -0.000000 -0.000248 0.000000 -0.069665 -0.000000 -0.000248  
 14 6 7  0.000000 0.303681 -0.000000 0.000389 0.000000 0.180419 -0.000000 0.000389 0.000000 -0.000083 0.000000 0.000389 0.000000 -0.180586 0.000000 0.000389 0.000000 -0.303847 0.000000 0.000389  
 15 7 8  0.000000 0.069678 -0.000000 -0.000188 0.000000 0.041469 -0.000000 -0.000188 0.000000 0.000160 0.000000 -0.000188 0.000000 -0.041148 0.000000 -0.000188 0.000000 -0.069357 0.000000 -0.000188  
 16 8 5  0.000000 0.303834 0.000000 0.000334 0.000000 0.180578 0.000000 0.000334 0.000000 0.000083 0.000000 0.000334 0.000000 -0.180411 -0.000000 0.000334 0.000000 -0.303668 -0.000000 0.000334  
 17 10 11  0.000000 0.682407 0.000000 -0.000074 0.000000 0.405489 0.000000 -0.000074 0.000000 -0.000026 0.000000 -0.000074 0.000000 -0.405540 -0.000000 -0.000074 0.000000 -0.682458 -0.000000 -0.000074  
 18 11 12  0.000000 0.831607 0.000000 0.000023 0.000000 0.494151 0.000000 0.000023 0.000000 -0.000013 0.000000 0.000023 0.000000 -0.494177 -0.000000 0.000023 0.000000 -0.831632 -0.000000 0.000023  
 19 12 13  0.000000 0.682477 -0.000000 0.000070 0.000000 0.405551 -0.000000 0.000070 0.000000 0.000026 0.000000 0.000070 0.000000 -0.405500 0.000000 0.000070 0.000000 -0.682426 0.000000 0.000070  
 20 13 10  0.000000 0.831613 -0.000000 0.000130 0.000000 0.494165 -0.000000 0.000130 0.000000 0.000013 0.000000 0.000130 0.000000 -0.494140 0.000000 0.000130 0.000000 -0.831588 0.000000 0.000130  
 21 15 16  0.000000 0.657853 0.000000 -0.000013 0.000000 0.390913 0.000000 -0.000013 0.000000 0.000011 0.000000 -0.000013 0.000000 -0.390891 -0.000000 -0.000013 0.000000 -0.657831 -0.000000 -0.000013  
 22 16 17  0.000000 0.603317 0.000000 -0.000271 0.000000 0.358511 0.000000 -0.000271 0.000000 0.000020 0.000000 -0.000271 0.000000 -0.358470 -0.000000 -0.000271 0.000000 -0.603277 -0.000000 -0.000271  
 23 17 18  0.000000 0.657841 -0.000000 0.000270 0.000000 0.390897 -0.000000 0.000270 0.000000 -0.000011 0.000000 0.000270 0.000000 -0.390919 0.000000 0.000270 0.000000 -0.657863 0.000000 0.000270  
 24 18 15  0.000000 0.603267 -0.000000 0.000015 0.000000 0.358465 -0.000000 0.000015 0.000000 -0.000020 0.000000 0.000015 0.000000 -0.358505 0.000000 0.000015 0.000000 -0.603307 0.000000 0.000015  
