 1 1 5  -60.677227 -11.415030 -2.238170 -0.107069 -50.506842 -8.527987 -1.684808 -0.107069 -38.030957 -3.858560 -0.810919 -0.107069 -37.638415 3.209438 0.676380 -0.107069 -44.262797 6.680763 1.277765 -0.107069  
 2 2 6  -64.824481 -11.685221 -2.216091 -0.107069 -54.989625 -8.791536 -1.674948 -0.107069 -44.169907 -3.906112 -0.837421 -0.107069 -44.093181 3.187803 0.637536 -0.107069 -49.074700 6.920021 1.282924 -0.107069  
 3 3 7  -47.221591 -10.668357 -2.046258 -0.107069 -35.518273 -7.565576 -1.497576 -0.107069 -18.249269 -2.885327 -0.637632 -0.107069 -19.354167 3.246333 0.470703 -0.107069 -31.082053 6.428987 1.078750 -0.107069  
 4 4 8  -42.450634 -10.300117 -2.058286 -0.107069 -30.545958 -7.180605 -1.483891 -0.107069 -12.539110 -2.500866 -0.579539 -0.107069 -13.783214 2.855277 0.449129 -0.107069 -26.039234 6.042044 1.070147 -0.107069  
 5 5 10  -34.226322 -5.827826 -1.751756 0.013440 -27.467341 -3.788127 -1.175536 0.013440 -24.447380 0.423107 -0.005530 0.013440 -28.963272 4.337741 1.117531 0.013440 -35.906123 6.343360 1.707656 0.013440  
 6 6 11  -37.011949 -6.004048 -1.766031 0.013440 -30.655989 -3.927583 -1.203120 0.013440 -28.493060 0.422426 -0.008672 0.013440 -31.998583 4.495831 1.127357 0.013440 -38.645403 6.522010 1.709640 0.013440  
 7 7 12  -28.338464 -6.160440 -1.558670 0.013440 -19.353440 -3.820172 -0.979362 0.013440 -9.983848 0.249413 -0.008930 0.013440 -20.413090 4.119043 0.953266 0.013440 -29.360797 6.451797 1.529998 0.013440  
 8 8 13  -25.688859 -5.956269 -1.546201 0.013440 -16.575350 -3.610135 -0.957967 0.013440 -5.553220 0.249553 -0.005452 0.013440 -17.656404 3.909061 0.941472 0.013440 -26.718001 6.247736 1.525671 0.013440  
 9 10 15  -19.325486 -4.595835 -1.235131 -0.021729 -10.842583 -2.438937 -0.661052 -0.021729 -5.255147 1.017307 0.244719 -0.021729 -17.657320 4.180072 1.090771 -0.021729 -26.075068 6.324509 1.657491 -0.021729  
 10 11 16  -20.457530 -4.687190 -1.229810 -0.021729 -12.005797 -2.530892 -0.663897 -0.021729 -6.537180 1.105215 0.261787 -0.021729 -18.793096 4.270622 1.094725 -0.021729 -27.185261 6.414680 1.651959 -0.021729  
 11 12 17  -16.959530 -4.795147 -1.151539 -0.021729 -7.636064 -2.409734 -0.581262 -0.021729 -0.791553 0.625134 0.178358 -0.021729 -14.322401 4.118597 1.015919 -0.021729 -23.594945 6.491935 1.578585 -0.021729  
 12 13 18  -15.747012 -4.689319 -1.153143 -0.021729 -6.456941 -2.303124 -0.577335 -0.021729 0.183431 0.531565 0.159039 -0.021729 -13.115127 4.013098 1.009263 -0.021729 -22.377828 6.387389 1.579585 -0.021729  
 13 5 6  0.000000 -2.927474 -0.000000 -0.186223 0.000000 -1.738181 -0.000000 -0.186223 0.000000 0.003400 0.000000 -0.186223 0.000000 1.744981 0.000000 -0.186223 0.000000 2.934273 0.000000 -0.186223  
 14 6 7  0.000000 13.064285 0.000000 0.233651 0.000000 7.856997 0.000000 0.233651 0.000000 0.231530 0.000000 0.233651 0.000000 -7.393938 -0.000000 0.233651 0.000000 -12.601226 -0.000000 0.233651  
 15 7 8  0.000000 -2.912105 0.000000 -0.353485 0.000000 -1.731808 0.000000 -0.353485 0.000000 -0.003400 0.000000 -0.353485 0.000000 1.725008 -0.000000 -0.353485 0.000000 2.905305 -0.000000 -0.353485  
 16 8 5  0.000000 12.579058 -0.000000 0.249678 0.000000 7.380765 -0.000000 0.249678 0.000000 -0.231530 0.000000 0.249678 0.000000 -7.843824 0.000000 0.249678 0.000000 -13.042117 0.000000 0.249678  
 17 10 11  0.000000 -2.901940 0.000000 -0.154410 0.000000 -1.722546 0.000000 -0.154410 0.000000 0.004540 0.000000 -0.154410 0.000000 1.731625 -0.000000 -0.154410 0.000000 2.911019 -0.000000 -0.154410  
 18 11 12  0.000000 11.540358 0.000000 0.161411 0.000000 6.905753 0.000000 0.161411 0.000000 0.118914 0.000000 0.161411 0.000000 -6.667926 -0.000000 0.161411 0.000000 -11.302531 -0.000000 0.161411  
 19 12 13  0.000000 -2.884257 -0.000000 -0.193899 0.000000 -1.715722 -0.000000 -0.193899 0.000000 -0.004540 0.000000 -0.193899 0.000000 1.706643 0.000000 -0.193899 0.000000 2.875178 0.000000 -0.193899  
 20 13 10  0.000000 11.275769 -0.000000 0.163354 0.000000 6.652023 -0.000000 0.163354 0.000000 -0.118914 0.000000 0.163354 0.000000 -6.889851 0.000000 0.163354 0.000000 -11.513596 0.000000 0.163354  
 21 15 16  0.000000 -1.611560 0.000000 -0.059924 0.000000 -0.956230 0.000000 -0.059924 0.000000 0.003425 0.000000 -0.059924 0.000000 0.963080 -0.000000 -0.059924 0.000000 1.618411 -0.000000 -0.059924  
 22 16 17  0.000000 6.425508 0.000000 0.049893 0.000000 3.859700 0.000000 0.049893 0.000000 0.102373 0.000000 0.049893 0.000000 -3.654955 -0.000000 0.049893 0.000000 -6.220762 -0.000000 0.049893  
 23 17 18  0.000000 -1.587875 -0.000000 -0.071125 0.000000 -0.944936 -0.000000 -0.071125 0.000000 -0.003425 0.000000 -0.071125 0.000000 0.938085 0.000000 -0.071125 0.000000 1.581025 0.000000 -0.071125  
 24 18 15  0.000000 6.190227 -0.000000 0.052515 0.000000 3.636810 -0.000000 0.052515 0.000000 -0.102373 0.000000 0.052515 0.000000 -3.841555 0.000000 0.052515 0.000000 -6.394972 0.000000 0.052515  
