 1 1 5  -34.459146 0.660264 -0.304484 0.000481 -34.491411 0.448250 -0.268429 0.000481 -34.529066 0.138136 -0.215444 0.000481 -34.531253 -0.172294 -0.160943 0.000481 -34.508446 -0.384023 -0.124626 0.000481  
 2 2 6  -36.771598 0.659821 -0.303038 0.000481 -36.804213 0.447882 -0.266976 0.000481 -36.842724 0.137830 -0.214004 0.000481 -36.844958 -0.171926 -0.161278 0.000481 -36.821272 -0.383666 -0.125110 0.000481  
 3 3 7  -37.439417 0.659192 -0.302039 0.000481 -37.471717 0.447246 -0.266133 0.000481 -37.509261 0.137148 -0.213454 0.000481 -37.511416 -0.171836 -0.161750 0.000481 -37.488810 -0.383525 -0.125867 0.000481  
 4 4 8  -35.126291 0.659638 -0.303447 0.000481 -35.158318 0.447623 -0.267540 0.000481 -35.195960 0.137458 -0.214810 0.000481 -35.198924 -0.172197 -0.161535 0.000481 -35.175447 -0.383884 -0.125439 0.000481  
 5 5 10  -22.936582 0.073498 -0.850941 0.000126 -22.946708 0.021830 -0.585022 0.000126 -22.954968 -0.054032 -0.195130 0.000126 -22.943244 -0.129852 0.194374 0.000126 -22.932117 -0.181637 0.460231 0.000126  
 6 6 11  -24.722957 0.073269 -0.851120 0.000126 -24.733196 0.021670 -0.584992 0.000126 -24.741789 -0.053943 -0.195481 0.000126 -24.729593 -0.129763 0.194208 0.000126 -24.718333 -0.181505 0.460318 0.000126  
 7 7 12  -25.046206 0.073318 -0.850905 0.000126 -25.056344 0.021637 -0.584824 0.000126 -25.064285 -0.053907 -0.195578 0.000126 -25.052408 -0.129703 0.193912 0.000126 -25.041162 -0.181528 0.459979 0.000126  
 8 8 13  -23.259476 0.073551 -0.850714 0.000126 -23.269552 0.021806 -0.584840 0.000126 -23.278433 -0.053976 -0.195276 0.000126 -23.265840 -0.129794 0.194060 0.000126 -23.254677 -0.181664 0.459880 0.000126  
 9 10 15  -11.546938 0.102078 -0.906777 0.000300 -11.552836 0.047309 -0.503160 0.000300 -11.555544 -0.032885 0.088033 0.000300 -11.548755 -0.113088 0.679131 0.000300 -11.550351 -0.166364 1.080891 0.000300  
 10 11 16  -12.325591 0.102057 -0.906575 0.000300 -12.331494 0.047292 -0.503064 0.000300 -12.334280 -0.032870 0.087854 0.000300 -12.327421 -0.113054 0.678731 0.000300 -12.320244 -0.167859 1.082226 0.000300  
 11 12 17  -12.444722 0.102042 -0.906542 0.000300 -12.450564 0.047273 -0.503041 0.000300 -12.453237 -0.032832 0.087807 0.000300 -12.446536 -0.112986 0.678691 0.000300 -12.439398 -0.167794 1.082179 0.000300  
 12 13 18  -11.666367 0.102063 -0.906742 0.000300 -11.672225 0.047289 -0.503135 0.000300 -11.674867 -0.032846 0.087984 0.000300 -11.668162 -0.113022 0.679090 0.000300 -11.667397 -0.166702 1.081345 0.000300  
 13 5 6  0.000000 -0.727559 -0.000000 -0.000319 0.000000 -0.432395 -0.000000 -0.000319 0.000000 -0.000160 0.000000 -0.000319 0.000000 0.432074 0.000000 -0.000319 0.000000 0.727238 0.000000 -0.000319  
 14 6 7  0.000000 -0.475372 -0.000000 0.000532 0.000000 -0.282502 -0.000000 0.000532 0.000000 -0.000067 0.000000 0.000532 0.000000 0.282368 0.000000 0.000532 0.000000 0.475238 0.000000 0.000532  
 15 7 8  0.000000 -0.727218 0.000000 -0.000325 0.000000 -0.432062 0.000000 -0.000325 0.000000 0.000160 0.000000 -0.000325 0.000000 0.432383 -0.000000 -0.000325 0.000000 0.727539 -0.000000 -0.000325  
 16 8 5  0.000000 -0.475258 0.000000 0.000579 0.000000 -0.282380 0.000000 0.000579 0.000000 0.000067 0.000000 0.000579 0.000000 0.282514 -0.000000 0.000579 0.000000 0.475392 -0.000000 0.000579  
 17 10 11  0.000000 -1.393267 -0.000000 0.000052 0.000000 -0.827916 -0.000000 0.000052 0.000000 -0.000026 0.000000 0.000052 0.000000 0.827865 0.000000 0.000052 0.000000 1.393216 0.000000 0.000052  
 18 11 12  0.000000 -0.281465 -0.000000 0.000215 0.000000 -0.167256 -0.000000 0.000215 0.000000 -0.000012 0.000000 0.000215 0.000000 0.167233 0.000000 0.000215 0.000000 0.281442 0.000000 0.000215  
 19 12 13  0.000000 -1.393188 0.000000 0.000012 0.000000 -0.827848 0.000000 0.000012 0.000000 0.000026 0.000000 0.000012 0.000000 0.827900 -0.000000 0.000012 0.000000 1.393239 -0.000000 0.000012  
 20 13 10  0.000000 -0.281469 0.000000 0.000183 0.000000 -0.167250 0.000000 0.000183 0.000000 0.000012 0.000000 0.000183 0.000000 0.167273 -0.000000 0.000183 0.000000 0.281493 -0.000000 0.000183  
 21 15 16  0.000000 -1.073866 -0.000000 0.000326 0.000000 -0.638087 -0.000000 0.000326 0.000000 0.000061 0.000000 0.000326 0.000000 0.638209 0.000000 0.000326 0.000000 1.073987 0.000000 0.000326  
 22 16 17  0.000000 -0.164444 0.000000 0.000021 0.000000 -0.097716 0.000000 0.000021 0.000000 0.000001 0.000000 0.000021 0.000000 0.097717 -0.000000 0.000021 0.000000 0.164445 -0.000000 0.000021  
 23 17 18  0.000000 -1.073963 0.000000 0.000238 0.000000 -0.638194 0.000000 0.000238 0.000000 -0.000061 0.000000 0.000238 0.000000 0.638072 -0.000000 0.000238 0.000000 1.073841 -0.000000 0.000238  
 24 18 15  0.000000 -0.164470 -0.000000 -0.000088 0.000000 -0.097731 -0.000000 -0.000088 0.000000 -0.000001 0.000000 -0.000088 0.000000 0.097730 0.000000 -0.000088 0.000000 0.164469 0.000000 -0.000088  
