 1 1 5  -38.273625 -1.363242 1.122826 0.000316 -38.308707 -0.924497 0.855614 0.000316 -38.349450 -0.281797 0.464324 0.000316 -38.352549 0.360278 0.074169 0.000316 -38.327879 0.799171 -0.192950 0.000316  
 2 2 6  -34.449029 -1.363560 1.124030 0.000316 -34.484295 -0.924768 0.856984 0.000316 -34.525682 -0.282046 0.465918 0.000316 -34.528613 0.360637 0.074257 0.000316 -34.503475 0.799433 -0.192857 0.000316  
 3 3 7  -33.615566 -1.364301 1.124732 0.000316 -33.650741 -0.925516 0.857571 0.000316 -33.691851 -0.282797 0.466337 0.000316 -33.694772 0.360655 0.073900 0.000316 -33.669787 0.799607 -0.193345 0.000316  
 4 4 8  -37.439878 -1.364023 1.123525 0.000316 -37.474901 -0.925291 0.856202 0.000316 -37.516026 -0.282639 0.464731 0.000316 -37.519100 0.360515 0.073860 0.000316 -37.493817 0.799428 -0.193438 0.000316  
 5 5 10  -25.387598 -0.139203 1.371351 0.000084 -25.398055 0.000767 0.887870 0.000084 -25.406849 0.205543 0.180333 0.000084 -25.393629 0.410540 -0.527433 0.000084 -25.381279 0.550536 -1.010835 0.000084  
 6 6 11  -22.715800 -0.139403 1.371803 0.000084 -22.726363 0.000633 0.887920 0.000084 -22.735376 0.205637 0.179115 0.000084 -22.721781 0.410599 -0.529351 0.000084 -22.709384 0.550623 -1.013116 0.000084  
 7 7 12  -22.595276 -0.139315 1.371964 0.000084 -22.605750 0.000625 0.888037 0.000084 -22.614394 0.205724 0.179022 0.000084 -22.600710 0.410722 -0.529559 0.000084 -22.588355 0.550643 -1.013369 0.000084  
 8 8 13  -25.267006 -0.139119 1.371522 0.000084 -25.277437 0.000762 0.888005 0.000084 -25.286126 0.205688 0.180286 0.000084 -25.272542 0.410681 -0.527639 0.000084 -25.260204 0.550567 -1.011080 0.000084  
 9 10 15  -12.500063 0.282259 1.152902 -0.002243 -12.473093 0.211577 0.611304 -0.002243 -12.475796 0.099685 -0.191670 -0.002243 -12.468692 -0.012219 -0.994745 -0.002243 -12.753484 -0.078988 -1.482533 -0.002243  
 10 11 16  -11.446851 0.273920 1.148577 -0.002243 -11.359127 0.211568 0.615158 -0.002243 -11.361855 0.099698 -0.194219 -0.002243 -11.354737 -0.012195 -1.003648 -0.002243 -11.824390 -0.076113 -1.459252 -0.002243  
 11 12 17  -11.511101 0.274316 1.149437 -0.002243 -11.427443 0.211490 0.615169 -0.002243 -11.430083 0.099723 -0.194255 -0.002243 -11.423079 -0.012093 -1.003673 -0.002243 -11.880784 -0.076215 -1.461572 -0.002243  
 12 13 18  -12.565128 0.282593 1.153474 -0.002243 -12.540869 0.211497 0.611318 -0.002243 -12.543513 0.099713 -0.191704 -0.002243 -12.536454 -0.012116 -0.994770 -0.002243 -12.812823 -0.078954 -1.484282 -0.002243  
 13 5 6  0.000000 1.591271 -0.000000 -0.000266 0.000000 0.945456 -0.000000 -0.000266 0.000000 -0.000264 0.000000 -0.000266 0.000000 -0.945985 0.000000 -0.000266 0.000000 -1.591799 0.000000 -0.000266  
 14 6 7  0.000000 0.984352 -0.000000 0.000368 0.000000 0.584886 -0.000000 0.000368 0.000000 -0.000087 0.000000 0.000368 0.000000 -0.585060 0.000000 0.000368 0.000000 -0.984527 0.000000 0.000368  
 15 7 8  0.000000 1.591811 0.000000 -0.000191 0.000000 0.945991 0.000000 -0.000191 0.000000 0.000264 0.000000 -0.000191 0.000000 -0.945463 -0.000000 -0.000191 0.000000 -1.591282 -0.000000 -0.000191  
 16 8 5  0.000000 0.984516 0.000000 0.000367 0.000000 0.585053 0.000000 0.000367 0.000000 0.000087 0.000000 0.000367 0.000000 -0.584879 -0.000000 0.000367 0.000000 -0.984341 -0.000000 0.000367  
 17 10 11  0.000000 2.191904 0.000000 -0.002205 0.000000 1.302647 0.000000 -0.002205 0.000000 0.000434 0.000000 -0.002205 0.000000 -1.301779 -0.000000 -0.002205 0.000000 -2.191036 -0.000000 -0.002205  
 18 11 12  0.000000 0.258614 -0.000000 0.000576 0.000000 0.153674 -0.000000 0.000576 0.000000 0.000000 0.000000 0.000576 0.000000 -0.153673 0.000000 0.000576 0.000000 -0.258614 0.000000 0.000576  
 19 12 13  0.000000 2.191051 -0.000000 -0.002161 0.000000 1.301788 -0.000000 -0.002161 0.000000 -0.000434 0.000000 -0.002161 0.000000 -1.302656 0.000000 -0.002161 0.000000 -2.191919 0.000000 -0.002161  
 20 13 10  0.000000 0.258599 0.000000 0.000449 0.000000 0.153664 0.000000 0.000449 0.000000 -0.000000 0.000000 0.000449 0.000000 -0.153664 -0.000000 0.000449 0.000000 -0.258599 -0.000000 0.000449  
 21 15 16  0.000000 1.500278 -0.000000 -0.001480 0.000000 0.892329 -0.000000 -0.001480 0.000000 0.002058 0.000000 -0.001480 0.000000 -0.888213 0.000000 -0.001480 0.000000 -1.496162 0.000000 -0.001480  
 22 16 17  0.000000 -0.091712 0.000000 0.000600 0.000000 -0.054496 0.000000 0.000600 0.000000 0.000003 0.000000 0.000600 0.000000 0.054502 -0.000000 0.000600 0.000000 0.091718 -0.000000 0.000600  
 23 17 18  0.000000 1.496185 0.000000 -0.001443 0.000000 0.888227 0.000000 -0.001443 0.000000 -0.002058 0.000000 -0.001443 0.000000 -0.892342 -0.000000 -0.001443 0.000000 -1.500301 -0.000000 -0.001443  
 24 18 15  0.000000 -0.091740 -0.000000 0.000445 0.000000 -0.054515 -0.000000 0.000445 0.000000 -0.000003 0.000000 0.000445 0.000000 0.054509 0.000000 0.000445 0.000000 0.091734 0.000000 0.000445  
