 1 1 5  -34.972564 0.220516 1.592143 0.004411 -37.081857 0.246048 1.303850 0.004411 -38.584408 0.246088 0.816728 0.004411 -38.493644 0.218767 0.286141 0.004411 -37.429916 0.225683 -0.045803 0.004411  
 2 2 6  -29.826575 0.327477 1.719153 0.004411 -31.703391 0.329392 1.409726 0.004411 -32.977669 0.259695 0.844277 0.004411 -32.922273 0.194623 0.275085 0.004411 -31.975694 0.162945 -0.089130 0.004411  
 3 3 7  -31.825905 0.242512 1.617337 0.004411 -33.901064 0.250807 1.334760 0.004411 -35.242682 0.231723 0.833867 0.004411 -35.159337 0.198443 0.294264 0.004411 -34.104623 0.187661 -0.028583 0.004411  
 4 4 8  -37.173434 0.122197 1.477717 0.004411 -39.275899 0.170716 1.226432 0.004411 -40.777764 0.219114 0.800847 0.004411 -40.686238 0.221083 0.309522 0.004411 -39.617168 0.247967 0.013192 0.004411  
 5 5 10  -25.151967 0.945317 2.674493 -0.004851 -24.891536 0.714469 1.758901 -0.004851 -25.184227 0.157361 0.126769 -0.004851 -24.695203 -0.393985 -1.495432 -0.004851 -24.459782 -0.668720 -2.465777 -0.004851  
 6 6 11  -22.106175 0.916635 2.583262 -0.004851 -21.418169 0.713704 1.742504 -0.004851 -21.598460 0.156574 0.115294 -0.004851 -21.165906 -0.415500 -1.529470 -0.004851 -21.414127 -0.649182 -2.412853 -0.004851  
 7 7 12  -23.464644 0.951705 2.606772 -0.004851 -23.043158 0.728582 1.738872 -0.004851 -23.301442 0.165875 0.114873 -0.004851 -22.857967 -0.400054 -1.510122 -0.004851 -22.793036 -0.663801 -2.430987 -0.004851  
 8 8 13  -26.581230 0.980276 2.691506 -0.004851 -26.540604 0.718980 1.743314 -0.004851 -26.840171 0.165923 0.126693 -0.004851 -26.343630 -0.378465 -1.475103 -0.004851 -25.918376 -0.680504 -2.472816 -0.004851  
 9 10 15  -12.012445 0.667755 0.689781 -0.004047 -12.154612 0.344075 0.219639 -0.004047 -12.181249 -0.144672 -0.482695 -0.004047 -12.233379 -0.585925 -1.128769 -0.004047 -12.767619 -0.795129 -1.449081 -0.004047  
 10 11 16  -10.908486 0.660025 0.701477 -0.004047 -10.995174 0.345302 0.233815 -0.004047 -11.021159 -0.145594 -0.483852 -0.004047 -11.216900 -0.571978 -1.121871 -0.004047 -11.869753 -0.774140 -1.433132 -0.004047  
 11 12 17  -11.528385 0.659576 0.704311 -0.004047 -11.652071 0.341451 0.232553 -0.004047 -11.679480 -0.143695 -0.483337 -0.004047 -11.787676 -0.574623 -1.132354 -0.004047 -12.374195 -0.778948 -1.449687 -0.004047  
 12 13 18  -12.638866 0.665360 0.690918 -0.004047 -12.803592 0.340179 0.218394 -0.004047 -12.829661 -0.142840 -0.482000 -0.004047 -12.812376 -0.587167 -1.136243 -0.004047 -13.288234 -0.798911 -1.463112 -0.004047  
 13 5 6  0.000000 2.831683 -0.000000 0.029058 0.000000 1.680991 -0.000000 0.029058 0.000000 -0.004064 0.000000 0.029058 0.000000 -1.689118 0.000000 0.029058 0.000000 -2.839811 0.000000 0.029058  
 14 6 7  0.000000 -0.822421 -0.000000 -0.029005 0.000000 -0.490729 -0.000000 -0.029005 0.000000 -0.005004 0.000000 -0.029005 0.000000 0.480720 0.000000 -0.029005 0.000000 0.812412 0.000000 -0.029005  
 15 7 8  0.000000 2.839206 0.000000 0.032981 0.000000 1.688759 0.000000 0.032981 0.000000 0.004064 0.000000 0.032981 0.000000 -1.680632 -0.000000 0.032981 0.000000 -2.831078 -0.000000 0.032981  
 16 8 5  0.000000 -0.811808 0.000000 -0.036989 0.000000 -0.480361 0.000000 -0.036989 0.000000 0.005004 0.000000 -0.036989 0.000000 0.490370 -0.000000 -0.036989 0.000000 0.821816 -0.000000 -0.036989  
 17 10 11  0.000000 3.219660 0.000000 -0.005114 0.000000 1.914226 0.000000 -0.005114 0.000000 0.002569 0.000000 -0.005114 0.000000 -1.909088 -0.000000 -0.005114 0.000000 -3.214522 -0.000000 -0.005114  
 18 11 12  0.000000 -1.364343 0.000000 0.002951 0.000000 -0.810560 0.000000 0.002951 0.000000 0.000390 0.000000 0.002951 0.000000 0.811340 -0.000000 0.002951 0.000000 1.365123 -0.000000 0.002951  
 19 12 13  0.000000 3.214401 -0.000000 -0.003137 0.000000 1.909016 -0.000000 -0.003137 0.000000 -0.002569 0.000000 -0.003137 0.000000 -1.914154 0.000000 -0.003137 0.000000 -3.219539 0.000000 -0.003137  
 20 13 10  0.000000 -1.365002 -0.000000 -0.002211 0.000000 -0.811268 -0.000000 -0.002211 0.000000 -0.000390 0.000000 -0.002211 0.000000 0.810488 0.000000 -0.002211 0.000000 1.364222 0.000000 -0.002211  
 21 15 16  0.000000 1.504749 0.000000 -0.009575 0.000000 0.895135 0.000000 -0.009575 0.000000 0.002425 0.000000 -0.009575 0.000000 -0.890284 -0.000000 -0.009575 0.000000 -1.499899 -0.000000 -0.009575  
 22 16 17  0.000000 -0.847410 -0.000000 0.007071 0.000000 -0.503199 -0.000000 0.007071 0.000000 0.000859 0.000000 0.007071 0.000000 0.504916 0.000000 0.007071 0.000000 0.849128 0.000000 0.007071  
 23 17 18  0.000000 1.499859 -0.000000 -0.008718 0.000000 0.890261 -0.000000 -0.008718 0.000000 -0.002425 0.000000 -0.008718 0.000000 -0.895111 0.000000 -0.008718 0.000000 -1.504709 0.000000 -0.008718  
 24 18 15  0.000000 -0.849088 0.000000 0.005377 0.000000 -0.504893 0.000000 0.005377 0.000000 -0.000859 0.000000 0.005377 0.000000 0.503175 -0.000000 0.005377 0.000000 0.847370 -0.000000 0.005377  
