 1 1 5  -55.475931 -7.237069 -9.895781 0.302710 -43.460647 -5.311915 -7.080282 0.302710 -26.907937 -2.455286 -2.743421 0.302710 -26.633950 1.625297 3.249775 0.302710 -37.694432 3.690384 6.143436 0.302710  
 2 2 6  -70.217205 -7.831329 -10.505815 0.302710 -59.577230 -5.903934 -7.795835 0.302710 -47.753852 -2.806242 -3.318149 0.302710 -47.399591 1.935398 3.116085 0.302710 -53.540679 4.267836 6.399739 0.302710  
 3 3 7  -56.063313 -7.471464 -9.690053 0.302710 -44.326617 -5.426129 -7.033706 0.302710 -28.267809 -2.345070 -2.964280 0.302710 -27.569856 2.058201 2.806875 0.302710 -37.944239 4.190762 5.623917 0.302710  
 4 4 8  -39.902552 -6.774172 -8.851942 0.302710 -27.266779 -4.709205 -6.053556 0.302710 -8.309311 -1.623238 -1.880523 0.302710 -8.838761 1.402057 2.182194 0.302710 -21.736939 3.498854 5.030963 0.302710  
 5 5 10  -33.941421 -5.170930 -5.541347 0.019474 -23.850022 -3.261285 -3.380849 0.019474 -14.326022 0.052984 0.459127 0.019474 -25.425337 3.256368 3.996325 0.019474 -35.551838 5.189999 6.120970 0.019474  
 6 6 11  -41.800008 -5.678936 -5.333507 0.019474 -33.035076 -3.745478 -3.332538 0.019474 -28.009356 0.052443 0.582310 0.019474 -34.661096 3.670898 4.192196 0.019474 -43.579080 5.629353 6.135412 0.019474  
 7 7 12  -33.555309 -5.694727 -4.873761 0.019474 -23.517382 -3.622361 -2.903033 0.019474 -14.069132 0.004428 0.582326 0.019474 -25.136746 3.528855 3.707827 0.019474 -35.186633 5.632786 5.628323 0.019474  
 8 8 13  -25.626417 -5.138844 -5.010649 0.019474 -14.802503 -3.048405 -2.864499 0.019474 -0.545967 0.002187 0.231907 0.019474 -16.261590 3.055270 3.412545 0.019474 -27.047705 5.136854 5.555502 0.019474  
 9 10 15  -17.508751 -3.555788 -3.325590 -0.027340 -8.747969 -1.812306 -1.657618 -0.027340 -3.618495 0.715962 0.763609 -0.027340 -16.444544 3.268362 3.210585 -0.027340 -25.161203 5.006285 4.871903 -0.027340  
 10 11 16  -20.516945 -3.781456 -3.232113 -0.027340 -12.075243 -2.040947 -1.658920 -0.027340 -7.553057 0.897518 0.987257 -0.027340 -19.770149 3.478419 3.266088 -0.027340 -28.215284 5.220340 4.822996 -0.027340  
 11 12 17  -17.414455 -3.840333 -3.041065 -0.027340 -8.515093 -1.972466 -1.473085 -0.027340 -3.182258 0.679954 0.749725 -0.027340 -16.138240 3.405954 3.057519 -0.027340 -24.984397 5.265468 4.621920 -0.027340  
 12 13 18  -14.156493 -3.589337 -3.107649 -0.027340 -5.200551 -1.715536 -1.450907 -0.027340 0.055889 0.480778 0.514335 -0.027340 -12.692637 3.170050 2.975401 -0.027340 -21.723984 5.027296 4.642500 -0.027340  
 13 5 6  0.000000 -11.154800 -0.000000 -0.586733 0.000000 -6.572433 -0.000000 -0.586733 0.000000 0.137910 0.000000 -0.586733 0.000000 6.848253 0.000000 -0.586733 0.000000 11.430620 0.000000 -0.586733  
 14 6 7  0.000000 9.694399 0.000000 0.649025 0.000000 5.800160 0.000000 0.649025 0.000000 0.097501 0.000000 0.649025 0.000000 -5.605159 -0.000000 0.649025 0.000000 -9.499398 -0.000000 0.649025  
 15 7 8  0.000000 -11.375492 0.000000 -0.735526 0.000000 -6.815495 0.000000 -0.735526 0.000000 -0.137910 0.000000 -0.735526 0.000000 6.539675 -0.000000 -0.735526 0.000000 11.099671 -0.000000 -0.735526  
 16 8 5  0.000000 9.444269 -0.000000 0.954564 0.000000 5.572401 -0.000000 0.954564 0.000000 -0.097501 0.000000 0.954564 0.000000 -5.767402 0.000000 0.954564 0.000000 -9.639271 0.000000 0.954564  
 17 10 11  0.000000 -9.232722 -0.000000 -0.406695 0.000000 -5.463060 -0.000000 -0.406695 0.000000 0.057172 0.000000 -0.406695 0.000000 5.577404 0.000000 -0.406695 0.000000 9.347066 0.000000 -0.406695  
 18 11 12  0.000000 9.390924 -0.000000 0.404191 0.000000 5.606966 -0.000000 0.404191 0.000000 0.065801 0.000000 0.404191 0.000000 -5.475365 0.000000 0.404191 0.000000 -9.259323 0.000000 0.404191  
 19 12 13  0.000000 -9.274958 0.000000 -0.465801 0.000000 -5.534556 0.000000 -0.465801 0.000000 -0.057172 0.000000 -0.465801 0.000000 5.420212 -0.000000 -0.465801 0.000000 9.160615 -0.000000 -0.465801  
 20 13 10  0.000000 9.187215 0.000000 0.509727 0.000000 5.432517 0.000000 0.509727 0.000000 -0.065801 0.000000 0.509727 0.000000 -5.564119 -0.000000 0.509727 0.000000 -9.318816 -0.000000 0.509727  
 21 15 16  0.000000 -4.656017 -0.000000 -0.133407 0.000000 -2.750770 -0.000000 -0.133407 0.000000 0.039243 0.000000 -0.133407 0.000000 2.829256 0.000000 -0.133407 0.000000 4.734503 0.000000 -0.133407  
 22 16 17  0.000000 5.142188 -0.000000 0.131368 0.000000 3.077098 -0.000000 0.131368 0.000000 0.053014 0.000000 0.131368 0.000000 -2.971070 0.000000 0.131368 0.000000 -5.036159 0.000000 0.131368  
 23 17 18  0.000000 -4.652754 0.000000 -0.153975 0.000000 -2.780679 0.000000 -0.153975 0.000000 -0.039243 0.000000 -0.153975 0.000000 2.702193 -0.000000 -0.153975 0.000000 4.574268 -0.000000 -0.153975  
 24 18 15  0.000000 4.954410 0.000000 0.151881 0.000000 2.922493 0.000000 0.151881 0.000000 -0.053014 0.000000 0.151881 0.000000 -3.028521 -0.000000 0.151881 0.000000 -5.060439 -0.000000 0.151881  
