 1 1 5  -65.848382 -13.207340 -5.150892 -0.282936 -51.646426 -9.557925 -3.661989 -0.282936 -31.913931 -3.990576 -1.400117 -0.282936 -32.375468 4.038797 1.731055 -0.282936 -45.467395 7.890140 3.226050 -0.282936  
 2 2 6  -75.326400 -13.870138 -5.232510 -0.282936 -61.627631 -10.208571 -3.798852 -0.282936 -45.018435 -4.313268 -1.616021 -0.282936 -45.182542 4.395502 1.804287 -0.282936 -55.785841 8.522366 3.273264 -0.282936  
 3 3 7  -54.985674 -12.738000 -4.796706 -0.282936 -39.326032 -8.787785 -3.355523 -0.282936 -15.961770 -2.885616 -1.184445 -0.282936 -19.924257 3.975324 1.288406 -0.282936 -35.859686 7.987502 2.792648 -0.282936  
 4 4 8  -43.951396 -11.855115 -4.660687 -0.282936 -28.128320 -7.887545 -3.161744 -0.282936 -4.576259 -1.980324 -0.885999 -0.282936 -8.672477 3.049848 1.158761 -0.282936 -24.754398 7.082179 2.696060 -0.282936  
 5 5 10  -33.527258 -5.742679 -2.763436 -0.130154 -25.887489 -3.612287 -1.861724 -0.130154 -21.514279 0.641923 -0.104049 -0.130154 -28.100869 4.469018 1.610830 -0.130154 -35.953978 6.551238 2.552387 -0.130154  
 6 6 11  -39.676910 -6.139353 -2.726099 -0.130154 -32.965354 -3.924657 -1.889711 -0.130154 -30.628084 0.641186 -0.082790 -0.130154 -34.779517 4.843179 1.624765 -0.130154 -42.009934 6.961099 2.519768 -0.130154  
 7 7 12  -30.455995 -6.497249 -2.378620 -0.130154 -20.657910 -3.987818 -1.507306 -0.130154 -10.436920 0.383682 -0.083094 -0.130154 -22.190342 4.460597 1.370272 -0.130154 -31.999045 6.957251 2.249125 -0.130154  
 8 8 13  -24.443880 -6.014349 -2.409910 -0.130154 -14.371009 -3.502727 -1.474772 -0.130154 -1.009905 0.241085 -0.065223 -0.130154 -15.922789 3.965777 1.340698 -0.130154 -25.946609 6.470312 2.270507 -0.130154  
 9 10 15  -21.319388 -5.111796 -3.576526 -0.032370 -10.323718 -2.600143 -1.952558 -0.032370 -1.540985 0.739572 0.278052 -0.032370 -17.508170 4.439971 2.616174 -0.032370 -28.467928 6.945099 4.222592 -0.032370  
 10 11 16  -24.228310 -5.339140 -3.585119 -0.032370 -13.291624 -2.819262 -2.021868 -0.032370 -4.527710 0.995194 0.335373 -0.032370 -20.516315 4.677645 2.644592 -0.032370 -31.402945 7.181357 4.204540 -0.032370  
 11 12 17  -19.911936 -5.463966 -3.360707 -0.032370 -8.312579 -2.716307 -1.781266 -0.032370 0.998493 0.492669 0.205343 -0.032370 -15.381928 4.512925 2.450475 -0.032370 -27.007859 7.262946 4.000086 -0.032370  
 12 13 18  -16.660058 -5.194998 -3.331800 -0.032370 -5.199888 -2.459654 -1.698980 -0.032370 2.874038 0.360505 0.136875 -0.032370 -12.070564 4.234253 2.402671 -0.032370 -23.639211 6.976138 4.009624 -0.032370  
 13 5 6  0.000000 -5.733053 -0.000000 -0.545470 0.000000 -3.392576 -0.000000 -0.545470 0.000000 0.034781 0.000000 -0.545470 0.000000 3.462138 0.000000 -0.545470 0.000000 5.802616 0.000000 -0.545470  
 14 6 7  0.000000 14.679624 -0.000000 0.495984 0.000000 8.841483 -0.000000 0.495984 0.000000 0.292204 0.000000 0.495984 0.000000 -8.257075 0.000000 0.495984 0.000000 -14.095216 0.000000 0.495984  
 15 7 8  0.000000 -5.749327 0.000000 -0.810934 0.000000 -3.430473 0.000000 -0.810934 0.000000 -0.034781 0.000000 -0.810934 0.000000 3.360910 -0.000000 -0.810934 0.000000 5.679764 -0.000000 -0.810934  
 16 8 5  0.000000 14.041928 0.000000 0.533118 0.000000 8.225410 0.000000 0.533118 0.000000 -0.292204 0.000000 0.533118 0.000000 -8.809817 -0.000000 0.533118 0.000000 -14.626335 -0.000000 0.533118  
 17 10 11  0.000000 -5.964921 -0.000000 -0.356985 0.000000 -3.536295 -0.000000 -0.356985 0.000000 0.020146 0.000000 -0.356985 0.000000 3.576586 0.000000 -0.356985 0.000000 6.005212 0.000000 -0.356985  
 18 11 12  0.000000 12.458511 0.000000 0.306664 0.000000 7.453737 0.000000 0.306664 0.000000 0.124827 0.000000 0.306664 0.000000 -7.204083 -0.000000 0.306664 0.000000 -12.208858 -0.000000 0.306664  
 19 12 13  0.000000 -5.937244 0.000000 -0.500241 0.000000 -3.536198 0.000000 -0.500241 0.000000 -0.020146 0.000000 -0.500241 0.000000 3.495907 -0.000000 -0.500241 0.000000 5.896953 -0.000000 -0.500241  
 20 13 10  0.000000 12.140890 -0.000000 0.318662 0.000000 7.163695 -0.000000 0.318662 0.000000 -0.124827 0.000000 0.318662 0.000000 -7.413349 0.000000 0.318662 0.000000 -12.390544 0.000000 0.318662  
 21 15 16  0.000000 -4.038723 0.000000 -0.157527 0.000000 -2.389611 0.000000 -0.157527 0.000000 0.025324 0.000000 -0.157527 0.000000 2.440258 -0.000000 -0.157527 0.000000 4.089371 -0.000000 -0.157527  
 22 16 17  0.000000 7.004761 0.000000 0.120313 0.000000 4.205630 0.000000 0.120313 0.000000 0.106628 0.000000 0.120313 0.000000 -3.992374 -0.000000 0.120313 0.000000 -6.791505 -0.000000 0.120313  
 23 17 18  0.000000 -4.008679 -0.000000 -0.170934 0.000000 -2.392309 -0.000000 -0.170934 0.000000 -0.025324 0.000000 -0.170934 0.000000 2.341662 0.000000 -0.170934 0.000000 3.958032 0.000000 -0.170934  
 24 18 15  0.000000 6.710813 -0.000000 0.132863 0.000000 3.944426 -0.000000 0.132863 0.000000 -0.106628 0.000000 0.132863 0.000000 -4.157681 0.000000 0.132863 0.000000 -6.924069 0.000000 0.132863  
