 1 1 5  -49.532108 10.650493 3.817958 -0.068953 -37.686029 7.549493 2.727783 -0.068953 -20.187716 2.813275 1.006056 -0.068953 -22.733110 -3.579479 -1.267487 -0.068953 -34.772401 -6.793447 -2.442575 -0.068953  
 2 2 6  -42.924183 10.161663 3.787062 -0.068953 -30.660758 7.032723 2.656749 -0.068953 -11.759229 2.299728 0.848381 -0.068953 -14.763888 -3.047102 -1.170823 -0.068953 -27.599106 -6.264929 -2.386326 -0.068953  
 3 3 7  -59.026095 11.117460 4.100139 -0.068953 -48.200131 8.191812 2.989065 -0.068953 -34.249860 3.470117 1.175607 -0.068953 -34.667453 -3.563892 -1.621399 -0.068953 -43.678734 -6.846795 -2.774287 -0.068953  
 4 4 8  -64.929072 11.498012 4.105569 -0.068953 -54.700708 8.564475 3.033378 -0.068953 -43.366077 3.561529 1.252074 -0.068953 -43.454350 -3.697120 -1.651326 -0.068953 -50.515804 -7.216871 -2.807318 -0.068953  
 5 5 10  -26.198675 4.892555 1.465381 -0.025965 -19.756114 3.095845 0.929127 -0.025965 -15.736569 -0.508851 -0.130174 -0.025965 -21.876636 -3.717542 -1.062634 -0.025965 -28.352516 -5.491606 -1.584008 -0.025965  
 6 6 11  -22.442214 4.619354 1.477951 -0.025965 -15.659935 2.832497 0.922452 -0.025965 -9.762315 -0.509307 -0.120013 -0.025965 -17.943732 -3.451518 -1.050090 -0.025965 -24.696828 -5.220138 -1.597439 -0.025965  
 7 7 12  -29.806627 4.476908 1.692652 -0.025965 -25.453907 2.826403 1.162660 -0.025965 -24.596732 -0.678959 -0.119952 -0.025965 -27.508833 -3.775196 -1.227990 -0.025965 -32.451189 -5.318282 -1.772799 -0.025965  
 8 8 13  -33.772441 4.691726 1.676611 -0.025965 -30.201017 2.935711 1.161278 -0.025965 -30.011375 -0.678900 -0.129952 -0.025965 -31.726270 -3.955209 -1.237205 -0.025965 -36.225336 -5.540174 -1.763232 -0.025965  
 9 10 15  -16.402114 3.892797 1.955297 -0.009306 -8.719433 2.030192 1.076289 -0.009306 -3.129344 -0.748701 -0.234408 -0.009306 -14.420624 -3.481579 -1.524082 -0.009306 -22.025048 -5.329996 -2.391078 -0.009306  
 10 11 16  -14.651655 3.750568 1.944073 -0.009306 -6.955898 1.889331 1.044206 -0.009306 -1.400442 -0.598636 -0.202911 -0.009306 -12.650815 -3.336207 -1.511247 -0.009306 -20.263896 -5.185633 -2.394489 -0.009306  
 11 12 17  -17.710883 3.699834 2.082875 -0.009306 -10.625502 1.987827 1.191790 -0.009306 -5.980501 -0.953163 -0.282085 -0.009306 -16.263138 -3.457136 -1.622740 -0.009306 -23.284519 -5.149877 -2.509121 -0.009306  
 12 13 18  -19.369179 3.826496 2.084398 -0.009306 -12.397770 2.107882 1.218033 -0.009306 -8.068078 -1.061926 -0.308571 -0.009306 -17.930652 -3.582374 -1.634416 -0.009306 -24.929913 -5.275431 -2.502445 -0.009306  
 13 5 6  0.000000 4.336490 -0.000000 -0.472861 0.000000 2.582896 -0.000000 -0.472861 0.000000 0.014961 0.000000 -0.472861 0.000000 -2.552975 0.000000 -0.472861 0.000000 -4.306569 0.000000 -0.472861  
 14 6 7  0.000000 -11.603559 0.000000 0.374873 0.000000 -6.819767 0.000000 0.374873 0.000000 0.185539 0.000000 0.374873 0.000000 7.190846 -0.000000 0.374873 0.000000 11.974637 -0.000000 0.374873  
 15 7 8  0.000000 4.333409 0.000000 -0.278949 0.000000 2.568923 0.000000 -0.278949 0.000000 -0.014961 0.000000 -0.278949 0.000000 -2.598844 -0.000000 -0.278949 0.000000 -4.363330 -0.000000 -0.278949  
 16 8 5  0.000000 -12.001477 -0.000000 0.352749 0.000000 -7.206794 -0.000000 0.352749 0.000000 -0.185539 0.000000 0.352749 0.000000 6.835716 0.000000 0.352749 0.000000 11.630398 0.000000 0.352749  
 17 10 11  0.000000 3.816224 0.000000 -0.251162 0.000000 2.270855 0.000000 -0.251162 0.000000 0.007840 0.000000 -0.251162 0.000000 -2.255174 -0.000000 -0.251162 0.000000 -3.800543 -0.000000 -0.251162  
 18 11 12  0.000000 -9.439814 0.000000 0.200722 0.000000 -5.578753 0.000000 0.200722 0.000000 0.075321 0.000000 0.200722 0.000000 5.729395 -0.000000 0.200722 0.000000 9.590456 -0.000000 0.200722  
 19 12 13  0.000000 3.834050 -0.000000 -0.188631 0.000000 2.275084 -0.000000 -0.188631 0.000000 -0.007840 0.000000 -0.188631 0.000000 -2.290765 0.000000 -0.188631 0.000000 -3.849731 0.000000 -0.188631  
 20 13 10  0.000000 -9.623962 -0.000000 0.195892 0.000000 -5.749305 -0.000000 0.195892 0.000000 -0.075321 0.000000 0.195892 0.000000 5.598663 0.000000 0.195892 0.000000 9.473320 0.000000 0.195892  
 21 15 16  0.000000 2.450047 0.000000 -0.102528 0.000000 1.459778 0.000000 -0.102528 0.000000 0.009644 0.000000 -0.102528 0.000000 -1.440490 -0.000000 -0.102528 0.000000 -2.430759 -0.000000 -0.102528  
 22 16 17  0.000000 -5.146702 -0.000000 0.075442 0.000000 -3.028742 -0.000000 0.075442 0.000000 0.072763 0.000000 0.075442 0.000000 3.174268 0.000000 0.075442 0.000000 5.292227 0.000000 0.075442  
 23 17 18  0.000000 2.468738 -0.000000 -0.083094 0.000000 1.463058 -0.000000 -0.083094 0.000000 -0.009644 0.000000 -0.083094 0.000000 -1.482346 0.000000 -0.083094 0.000000 -2.488026 0.000000 -0.083094  
 24 18 15  0.000000 -5.330206 0.000000 0.072229 0.000000 -3.196836 0.000000 0.072229 0.000000 -0.072763 0.000000 0.072229 0.000000 3.051310 -0.000000 0.072229 0.000000 5.184681 -0.000000 0.072229  
