 1 1 5  -34.473019 1.804576 -0.049481 -0.000096 -34.524201 1.237002 -0.100092 -0.000096 -34.581562 0.406128 -0.174269 -0.000096 -34.585722 -0.425807 -0.246491 -0.000096 -34.554630 -0.993487 -0.296952 -0.000096  
 2 2 6  -36.309362 1.802371 -0.046941 -0.000096 -36.360531 1.235195 -0.097667 -0.000096 -36.418579 0.404940 -0.172056 -0.000096 -36.425543 -0.424956 -0.246870 -0.000096 -36.391825 -0.992020 -0.297697 -0.000096  
 3 3 7  -37.367465 1.800704 -0.044857 -0.000096 -37.418340 1.233586 -0.095927 -0.000096 -37.475013 0.403361 -0.170794 -0.000096 -37.480558 -0.425047 -0.247637 -0.000096 -37.449837 -0.991642 -0.299020 -0.000096  
 4 4 8  -35.528712 1.802887 -0.047365 -0.000096 -35.579842 1.235363 -0.098328 -0.000096 -35.637752 0.404511 -0.173005 -0.000096 -35.645969 -0.425894 -0.247335 -0.000096 -35.612223 -0.993173 -0.298305 -0.000096  
 5 5 10  -23.258007 0.352861 -0.882699 0.000173 -23.278652 0.085474 -0.593156 0.000173 -23.293157 -0.306522 -0.168692 0.000173 -23.273368 -0.698335 0.255675 0.000173 -23.250612 -0.965667 0.545232 0.000173  
 6 6 11  -24.671012 0.352280 -0.883144 0.000173 -24.691891 0.084995 -0.593291 0.000173 -24.708615 -0.306355 -0.169041 0.000173 -24.686759 -0.697713 0.255296 0.000173 -24.663952 -0.964930 0.545182 0.000173  
 7 7 12  -24.706198 0.352279 -0.882373 0.000173 -24.726833 0.084792 -0.592734 0.000173 -24.741990 -0.306257 -0.169251 0.000173 -24.721598 -0.697534 0.254564 0.000173 -24.698867 -0.964921 0.544201 0.000173  
 8 8 13  -23.292069 0.352869 -0.881931 0.000173 -23.312912 0.085295 -0.592597 0.000173 -23.329847 -0.306396 -0.168822 0.000173 -23.307153 -0.698149 0.254933 0.000173 -23.284225 -0.965661 0.544257 0.000173  
 9 10 15  -11.812046 -0.620503 -0.592145 0.000010 -11.822132 -0.440073 -0.309828 0.000010 -11.825916 -0.176156 0.103904 0.000010 -11.813000 0.087856 0.517427 0.000010 -11.798969 0.268283 0.799727 0.000010  
 10 11 16  -12.384130 -0.620607 -0.592310 0.000010 -12.394340 -0.440130 -0.309909 0.000010 -12.398010 -0.176067 0.103755 0.000010 -12.384992 0.087969 0.517347 0.000010 -12.370919 0.268423 0.799736 0.000010  
 11 12 17  -12.177852 -0.620501 -0.592208 0.000010 -12.187984 -0.440084 -0.309847 0.000010 -12.191752 -0.175972 0.103643 0.000010 -12.178678 0.088054 0.517214 0.000010 -12.164582 0.268422 0.799581 0.000010  
 12 13 18  -11.605921 -0.620397 -0.592044 0.000010 -11.616060 -0.440024 -0.309772 0.000010 -11.619684 -0.176062 0.103793 0.000010 -11.606762 0.087940 0.517295 0.000010 -11.592699 0.268281 0.799568 0.000010  
 13 5 6  0.000000 -0.585157 0.000000 -0.001119 0.000000 -0.347803 0.000000 -0.001119 0.000000 -0.000225 0.000000 -0.001119 0.000000 0.347353 -0.000000 -0.001119 0.000000 0.584707 -0.000000 -0.001119  
 14 6 7  0.000000 -1.412029 -0.000000 0.001126 0.000000 -0.839123 -0.000000 0.001126 0.000000 -0.000169 0.000000 0.001126 0.000000 0.838785 0.000000 0.001126 0.000000 1.411691 0.000000 0.001126  
 15 7 8  0.000000 -0.584646 -0.000000 -0.001146 0.000000 -0.347317 -0.000000 -0.001146 0.000000 0.000225 0.000000 -0.001146 0.000000 0.347766 0.000000 -0.001146 0.000000 0.585096 0.000000 -0.001146  
 16 8 5  0.000000 -1.411753 0.000000 0.001173 0.000000 -0.838822 0.000000 0.001173 0.000000 0.000169 0.000000 0.001173 0.000000 0.839159 -0.000000 0.001173 0.000000 1.412090 -0.000000 0.001173  
 17 10 11  0.000000 -1.162568 -0.000000 -0.000480 0.000000 -0.690841 -0.000000 -0.000480 0.000000 -0.000052 0.000000 -0.000480 0.000000 0.690738 0.000000 -0.000480 0.000000 1.162465 0.000000 -0.000480  
 18 11 12  0.000000 -0.332639 0.000000 0.000600 0.000000 -0.197678 0.000000 0.000600 0.000000 -0.000043 0.000000 0.000600 0.000000 0.197592 -0.000000 0.000600 0.000000 0.332554 -0.000000 0.000600  
 19 12 13  0.000000 -1.162382 0.000000 -0.000478 0.000000 -0.690688 0.000000 -0.000478 0.000000 0.000052 0.000000 -0.000478 0.000000 0.690792 -0.000000 -0.000478 0.000000 1.162485 -0.000000 -0.000478  
 20 13 10  0.000000 -0.332637 -0.000000 0.000589 0.000000 -0.197642 -0.000000 0.000589 0.000000 0.000043 0.000000 0.000589 0.000000 0.197727 0.000000 0.000589 0.000000 0.332722 0.000000 0.000589  
 21 15 16  0.000000 -0.790031 0.000000 -0.000048 0.000000 -0.469460 0.000000 -0.000048 0.000000 -0.000022 0.000000 -0.000048 0.000000 0.469417 -0.000000 -0.000048 0.000000 0.789988 -0.000000 -0.000048  
 22 16 17  0.000000 0.284846 0.000000 0.000061 0.000000 0.169251 0.000000 0.000061 0.000000 -0.000025 0.000000 0.000061 0.000000 -0.169302 -0.000000 0.000061 0.000000 -0.284897 -0.000000 0.000061  
 23 17 18  0.000000 -0.789905 -0.000000 -0.000049 0.000000 -0.469368 -0.000000 -0.000049 0.000000 0.000022 0.000000 -0.000049 0.000000 0.469411 0.000000 -0.000049 0.000000 0.789949 0.000000 -0.000049  
 24 18 15  0.000000 0.284815 -0.000000 0.000061 0.000000 0.169253 -0.000000 0.000061 0.000000 0.000025 0.000000 0.000061 0.000000 -0.169202 0.000000 0.000061 0.000000 -0.284764 0.000000 0.000061  
