 1 1 5  -44.654033 7.525366 -8.845383 0.543460 -32.140990 5.057857 -6.198368 0.543460 -13.381624 1.341911 -2.287002 0.543460 -16.633328 -2.798920 2.273840 0.543460 -29.394279 -5.235008 5.021009 0.543460  
 2 2 6  -59.391328 8.286997 -9.486374 0.543460 -47.949744 5.779691 -6.997904 0.543460 -33.230101 1.791240 -3.198426 0.543460 -34.551354 -3.683062 2.417458 0.543460 -44.673340 -6.173916 5.192822 0.543460  
 3 3 7  -64.485495 8.390708 -9.832929 0.543460 -53.502470 5.912111 -7.323567 0.543460 -40.532987 1.898119 -3.317675 0.543460 -41.298707 -3.746476 2.584093 0.543460 -50.124944 -6.288095 5.458093 0.543460  
 4 4 8  -50.279397 7.685274 -9.255746 0.543460 -37.976114 5.242160 -6.607157 0.543460 -20.211740 1.547575 -2.656137 0.543460 -22.949221 -3.048050 2.557370 0.543460 -34.998848 -5.425306 5.365879 0.543460  
 5 5 10  -25.677745 0.775317 -5.593809 0.058604 -17.416071 0.102094 -3.399658 0.058604 -10.530557 -1.229428 0.521535 0.058604 -21.138692 -1.901020 4.097952 0.058604 -29.443454 -2.507683 6.298986 0.058604  
 6 6 11  -32.190817 0.854990 -5.629077 0.058604 -25.573698 0.123194 -3.606236 0.058604 -23.245035 -1.346229 0.706635 0.058604 -29.411059 -2.146214 4.405008 0.058604 -36.375063 -2.719728 6.430591 0.058604  
 7 7 12  -33.355154 0.753905 -5.712657 0.058604 -26.952250 0.030190 -3.671751 0.058604 -24.947912 -1.392040 0.707319 0.058604 -30.665494 -2.150963 4.480946 0.058604 -37.497661 -2.695779 6.515602 0.058604  
 8 8 13  -26.843974 0.681337 -5.690933 0.058604 -18.660951 0.022623 -3.494052 0.058604 -12.170677 -1.311174 0.543387 0.058604 -22.340009 -1.908543 4.189985 0.058604 -30.578475 -2.487377 6.395319 0.058604  
 9 10 15  -11.318827 -0.719044 -2.126016 -0.058726 -7.777370 -0.668003 -1.011150 -0.058726 -7.759793 -0.421163 1.119332 -0.058726 -13.248489 -0.167573 2.717705 -0.058726 -17.084376 -0.032838 3.769543 -0.058726  
 10 11 16  -13.245258 -0.791514 -2.005800 -0.058726 -10.965361 -0.794982 -0.865598 -0.058726 -11.286158 -0.473942 1.304442 -0.058726 -15.638795 -0.172673 2.807962 -0.058726 -19.061968 -0.035045 3.755749 -0.058726  
 11 12 17  -13.244007 -0.779065 -2.007174 -0.058726 -10.968665 -0.785340 -0.866617 -0.058726 -11.290132 -0.467591 1.305632 -0.058726 -15.653548 -0.169934 2.810077 -0.058726 -19.076389 -0.036915 3.757639 -0.058726  
 12 13 18  -11.291853 -0.707534 -2.125373 -0.058726 -7.745083 -0.658574 -1.011246 -0.058726 -7.731772 -0.415201 1.118607 -0.058726 -13.236406 -0.164802 2.717674 -0.058726 -17.073563 -0.034070 3.769411 -0.058726  
 13 5 6  0.000000 -11.101705 -0.000000 0.586691 0.000000 -6.540799 -0.000000 0.586691 0.000000 0.138117 0.000000 0.586691 0.000000 6.817033 0.000000 0.586691 0.000000 11.377939 0.000000 0.586691  
 14 6 7  0.000000 -6.710207 -0.000000 -0.195173 0.000000 -3.976804 -0.000000 -0.195173 0.000000 0.025948 0.000000 -0.195173 0.000000 4.028701 0.000000 -0.195173 0.000000 6.762104 0.000000 -0.195173  
 15 7 8  0.000000 -11.397442 0.000000 0.515049 0.000000 -6.828622 0.000000 0.515049 0.000000 -0.138117 0.000000 0.515049 0.000000 6.552388 -0.000000 0.515049 0.000000 11.121208 -0.000000 0.515049  
 16 8 5  0.000000 -6.742602 0.000000 -0.237712 0.000000 -4.017112 0.000000 -0.237712 0.000000 -0.025948 0.000000 -0.237712 0.000000 3.965215 -0.000000 -0.237712 0.000000 6.690705 -0.000000 -0.237712  
 17 10 11  0.000000 -8.696755 0.000000 0.075380 0.000000 -5.139177 0.000000 0.075380 0.000000 0.070484 0.000000 0.075380 0.000000 5.280144 -0.000000 0.075380 0.000000 8.837723 -0.000000 0.075380  
 18 11 12  0.000000 -1.896665 0.000000 -0.044992 0.000000 -1.128539 0.000000 -0.044992 0.000000 -0.003708 0.000000 -0.044992 0.000000 1.121123 -0.000000 -0.044992 0.000000 1.889250 -0.000000 -0.044992  
 19 12 13  0.000000 -8.858976 -0.000000 0.067275 0.000000 -5.292773 -0.000000 0.067275 0.000000 -0.070484 0.000000 0.067275 0.000000 5.151806 0.000000 0.067275 0.000000 8.718009 0.000000 0.067275  
 20 13 10  0.000000 -1.867996 -0.000000 -0.058214 0.000000 -1.108494 -0.000000 -0.058214 0.000000 0.003708 0.000000 -0.058214 0.000000 1.115910 0.000000 -0.058214 0.000000 1.875411 0.000000 -0.058214  
 21 15 16  0.000000 -3.848522 0.000000 -0.018598 0.000000 -2.274931 0.000000 -0.018598 0.000000 0.029411 0.000000 -0.018598 0.000000 2.333752 -0.000000 -0.018598 0.000000 3.907344 -0.000000 -0.018598  
 22 16 17  0.000000 0.001226 -0.000000 0.009997 0.000000 0.000942 -0.000000 0.009997 0.000000 0.000525 0.000000 0.009997 0.000000 0.000109 0.000000 0.009997 0.000000 -0.000175 0.000000 0.009997  
 23 17 18  0.000000 -3.928112 -0.000000 -0.018392 0.000000 -2.346093 -0.000000 -0.018392 0.000000 -0.029411 0.000000 -0.018392 0.000000 2.287272 0.000000 -0.018392 0.000000 3.869290 0.000000 -0.018392  
 24 18 15  0.000000 0.020944 0.000000 0.011660 0.000000 0.012232 0.000000 0.011660 0.000000 -0.000525 0.000000 0.011660 0.000000 -0.013283 -0.000000 0.011660 0.000000 -0.021994 -0.000000 0.011660  
