 1 1 5  -38.683119 -0.889196 1.280199 0.000053 -38.709418 -0.651665 0.946145 0.000053 -38.740407 -0.303702 0.456876 0.000053 -38.742798 0.043345 -0.031498 0.000053 -38.724556 0.280901 -0.365561 0.000053  
 2 2 6  -35.358025 -0.890187 1.281100 0.000053 -35.384359 -0.652515 0.947114 0.000053 -35.415677 -0.304330 0.457941 0.000053 -35.419277 0.043912 -0.031527 0.000053 -35.399663 0.281664 -0.365649 0.000053  
 3 3 7  -33.233730 -0.890947 1.282158 0.000053 -33.259841 -0.653299 0.948022 0.000053 -33.290329 -0.305141 0.458605 0.000053 -33.292679 0.044066 -0.032092 0.000053 -33.274794 0.281846 -0.366472 0.000053  
 4 4 8  -36.557538 -0.889984 1.281240 0.000053 -36.583797 -0.652497 0.947013 0.000053 -36.615095 -0.304600 0.457462 0.000053 -36.618624 0.043509 -0.032032 0.000053 -36.599082 0.281140 -0.366334 0.000053  
 5 5 10  -25.769100 -0.740011 1.170262 0.000023 -25.778343 -0.455743 0.730363 0.000023 -25.785557 -0.039783 0.086611 0.000023 -25.775661 0.376374 -0.557338 0.000023 -25.766098 0.660605 -0.997142 0.000023  
 6 6 11  -23.581785 -0.740385 1.170376 0.000023 -23.591146 -0.456045 0.730450 0.000023 -23.599675 -0.039696 0.086177 0.000023 -23.588450 0.376601 -0.557948 0.000023 -23.578701 0.660865 -0.997778 0.000023  
 7 7 12  -22.214592 -0.740301 1.170721 0.000023 -22.223830 -0.455971 0.730756 0.000023 -22.231127 -0.039328 0.086083 0.000023 -22.221309 0.377020 -0.558222 0.000023 -22.211631 0.661272 -0.998084 0.000023  
 8 8 13  -24.401195 -0.739944 1.170596 0.000023 -24.410502 -0.455683 0.730659 0.000023 -24.418936 -0.039455 0.086527 0.000023 -24.407770 0.376815 -0.557594 0.000023 -24.398190 0.661021 -0.997440 0.000023  
 9 10 15  -12.651538 -0.502594 0.835828 0.001567 -12.655957 -0.247851 0.420230 0.001567 -12.657668 0.125175 -0.188303 0.001567 -12.652010 0.498258 -0.796901 0.001567 -12.908307 0.708762 -1.162508 0.001567  
 10 11 16  -11.803512 -0.499768 0.836654 0.001567 -11.793269 -0.247888 0.421883 0.001567 -11.794975 0.125204 -0.189865 0.001567 -11.796327 0.496968 -0.800211 0.001567 -12.136795 0.695759 -1.153012 0.001567  
 11 12 17  -11.286258 -0.498784 0.833595 0.001567 -11.260397 -0.248702 0.421949 0.001567 -11.262118 0.125998 -0.189903 0.001567 -11.275193 0.497027 -0.797952 0.001567 -11.662558 0.690874 -1.142720 0.001567  
 12 13 18  -12.130363 -0.502961 0.834347 0.001567 -12.127069 -0.248664 0.420298 0.001567 -12.128766 0.125975 -0.188335 0.001567 -12.124526 0.500337 -0.796676 0.001567 -12.433236 0.704312 -1.152968 0.001567  
 13 5 6  0.000000 1.571073 -0.000000 -0.000611 0.000000 0.933501 -0.000000 -0.000611 0.000000 -0.000150 0.000000 -0.000611 0.000000 -0.933801 0.000000 -0.000611 0.000000 -1.571374 0.000000 -0.000611  
 14 6 7  0.000000 1.046264 -0.000000 0.000632 0.000000 0.621670 -0.000000 0.000632 0.000000 -0.000099 0.000000 0.000632 0.000000 -0.621868 0.000000 0.000632 0.000000 -1.046463 0.000000 0.000632  
 15 7 8  0.000000 1.571404 0.000000 -0.000585 0.000000 0.933819 0.000000 -0.000585 0.000000 0.000150 0.000000 -0.000585 0.000000 -0.933518 -0.000000 -0.000585 0.000000 -1.571103 -0.000000 -0.000585  
 16 8 5  0.000000 1.046433 0.000000 0.000611 0.000000 0.621851 0.000000 0.000611 0.000000 0.000099 0.000000 0.000611 0.000000 -0.621652 -0.000000 0.000611 0.000000 -1.046235 -0.000000 0.000611  
 17 10 11  0.000000 1.848479 0.000000 0.001857 0.000000 1.098449 0.000000 0.001857 0.000000 0.000118 0.000000 0.001857 0.000000 -1.098214 -0.000000 0.001857 0.000000 -1.848244 -0.000000 0.001857  
 18 11 12  0.000000 1.168820 -0.000000 -0.001673 0.000000 0.694560 -0.000000 -0.001673 0.000000 0.000061 0.000000 -0.001673 0.000000 -0.694438 0.000000 -0.001673 0.000000 -1.168698 0.000000 -0.001673  
 19 12 13  0.000000 1.848288 -0.000000 0.002352 0.000000 1.098240 -0.000000 0.002352 0.000000 -0.000118 0.000000 0.002352 0.000000 -1.098475 0.000000 0.002352 0.000000 -1.848523 0.000000 0.002352  
 20 13 10  0.000000 1.168654 0.000000 -0.001108 0.000000 0.694411 0.000000 -0.001108 0.000000 -0.000061 0.000000 -0.001108 0.000000 -0.694534 -0.000000 -0.001108 0.000000 -1.168776 -0.000000 -0.001108  
 21 15 16  0.000000 1.172867 0.000000 0.003547 0.000000 0.697390 0.000000 0.003547 0.000000 0.001109 0.000000 0.003547 0.000000 -0.695172 -0.000000 0.003547 0.000000 -1.170649 -0.000000 0.003547  
 22 16 17  0.000000 0.720426 0.000000 -0.003273 0.000000 0.428315 0.000000 -0.003273 0.000000 0.000552 0.000000 -0.003273 0.000000 -0.427211 -0.000000 -0.003273 0.000000 -0.719323 -0.000000 -0.003273  
 23 17 18  0.000000 1.170646 -0.000000 0.004413 0.000000 0.695170 -0.000000 0.004413 0.000000 -0.001109 0.000000 0.004413 0.000000 -0.697388 0.000000 0.004413 0.000000 -1.172864 0.000000 0.004413  
 24 18 15  0.000000 0.719326 -0.000000 -0.002311 0.000000 0.427213 -0.000000 -0.002311 0.000000 -0.000552 0.000000 -0.002311 0.000000 -0.428317 0.000000 -0.002311 0.000000 -0.720429 0.000000 -0.002311  
