 1 1 5  -37.002646 -0.496452 -0.234995 0.000086 -37.024282 -0.362769 -0.128735 0.000086 -37.050237 -0.166904 0.026878 0.000086 -37.052072 0.028078 0.183163 0.000086 -37.036751 0.161754 0.289544 0.000086  
 2 2 6  -36.156253 -0.497159 -0.234316 0.000086 -36.178046 -0.363380 -0.128035 0.000086 -36.204553 -0.167381 0.027586 0.000086 -36.207668 0.028523 0.183110 0.000086 -36.190929 0.162346 0.289378 0.000086  
 3 3 7  -34.928037 -0.497872 -0.233498 0.000086 -34.949655 -0.364109 -0.127327 0.000086 -34.975524 -0.168127 0.028116 0.000086 -34.977821 0.028696 0.182617 0.000086 -34.962406 0.162573 0.288712 0.000086  
 4 4 8  -35.773481 -0.497228 -0.234237 0.000086 -35.795024 -0.363570 -0.128098 0.000086 -35.821103 -0.167760 0.027291 0.000086 -35.824434 0.028362 0.182843 0.000086 -35.807854 0.162090 0.288997 0.000086  
 5 5 10  -24.792539 -0.400110 0.385987 0.000029 -24.799431 -0.250283 0.287238 0.000029 -24.804447 -0.031129 0.142844 0.000029 -24.795943 0.188230 -0.001696 0.000029 -24.787721 0.338086 -0.100490 0.000029  
 6 6 11  -24.008926 -0.400366 0.385891 0.000029 -24.015903 -0.250505 0.287254 0.000029 -24.022077 -0.031076 0.142774 0.000029 -24.012282 0.188392 -0.001748 0.000029 -24.003973 0.338263 -0.100430 0.000029  
 7 7 12  -23.196773 -0.400190 0.386136 0.000029 -23.203635 -0.250456 0.287479 0.000029 -23.208954 -0.030883 0.142677 0.000029 -23.200203 0.188495 -0.001957 0.000029 -23.191955 0.338243 -0.100663 0.000029  
 8 8 13  -23.979801 -0.399951 0.386223 0.000029 -23.986699 -0.250255 0.287448 0.000029 -23.993100 -0.030919 0.142833 0.000029 -23.983272 0.188359 -0.001877 0.000029 -23.975014 0.338080 -0.100707 0.000029  
 9 10 15  -12.341749 -0.327200 0.463362 0.000007 -12.345497 -0.168774 0.266995 0.000007 -12.347018 0.063150 -0.020506 0.000007 -12.342822 0.295154 -0.308033 0.000007 -12.338429 0.453583 -0.504404 0.000007  
 10 11 16  -11.977899 -0.327261 0.463342 0.000007 -11.981675 -0.168824 0.267001 0.000007 -11.983171 0.063167 -0.020528 0.000007 -11.978961 0.295212 -0.308063 0.000007 -11.974554 0.453653 -0.504406 0.000007  
 11 12 17  -11.653722 -0.327209 0.463412 0.000007 -11.657486 -0.168800 0.267057 0.000007 -11.658978 0.063219 -0.020553 0.000007 -11.654754 0.295235 -0.308122 0.000007 -11.650364 0.453646 -0.504481 0.000007  
 12 13 18  -12.017615 -0.327152 0.463428 0.000007 -12.021392 -0.168756 0.267046 0.000007 -12.022874 0.063206 -0.020525 0.000007 -12.018653 0.295180 -0.308092 0.000007 -12.014256 0.453578 -0.504478 0.000007  
 13 5 6  0.000000 0.086028 -0.000000 -0.000455 0.000000 0.051087 -0.000000 -0.000455 0.000000 -0.000081 0.000000 -0.000455 0.000000 -0.051248 0.000000 -0.000455 0.000000 -0.086190 0.000000 -0.000455  
 14 6 7  0.000000 0.575092 -0.000000 0.000498 0.000000 0.341697 -0.000000 0.000498 0.000000 -0.000081 0.000000 0.000498 0.000000 -0.341860 0.000000 0.000498 0.000000 -0.575255 0.000000 0.000498  
 15 7 8  0.000000 0.086213 0.000000 -0.000388 0.000000 0.051262 0.000000 -0.000388 0.000000 0.000081 0.000000 -0.000388 0.000000 -0.051100 -0.000000 -0.000388 0.000000 -0.086051 -0.000000 -0.000388  
 16 8 5  0.000000 0.575231 0.000000 0.000425 0.000000 0.341847 0.000000 0.000425 0.000000 0.000081 0.000000 0.000425 0.000000 -0.341684 -0.000000 0.000425 0.000000 -0.575069 -0.000000 0.000425  
 17 10 11  0.000000 0.579227 -0.000000 -0.000159 0.000000 0.344182 -0.000000 -0.000159 0.000000 -0.000015 0.000000 -0.000159 0.000000 -0.344212 0.000000 -0.000159 0.000000 -0.579258 0.000000 -0.000159  
 18 11 12  0.000000 0.674218 0.000000 0.000194 0.000000 0.400626 0.000000 0.000194 0.000000 -0.000018 0.000000 0.000194 0.000000 -0.400662 -0.000000 0.000194 0.000000 -0.674254 -0.000000 0.000194  
 19 12 13  0.000000 0.579292 0.000000 -0.000139 0.000000 0.344233 0.000000 -0.000139 0.000000 0.000015 0.000000 -0.000139 0.000000 -0.344203 -0.000000 -0.000139 0.000000 -0.579262 -0.000000 -0.000139  
 20 13 10  0.000000 0.674220 -0.000000 0.000166 0.000000 0.400641 -0.000000 0.000166 0.000000 0.000018 0.000000 0.000166 0.000000 -0.400605 0.000000 0.000166 0.000000 -0.674183 0.000000 0.000166  
 21 15 16  0.000000 0.502486 0.000000 -0.000026 0.000000 0.298582 0.000000 -0.000026 0.000000 -0.000012 0.000000 -0.000026 0.000000 -0.298606 -0.000000 -0.000026 0.000000 -0.502510 -0.000000 -0.000026  
 22 16 17  0.000000 0.447692 -0.000000 0.000031 0.000000 0.266024 -0.000000 0.000031 0.000000 -0.000007 0.000000 0.000031 0.000000 -0.266039 0.000000 0.000031 0.000000 -0.447706 0.000000 0.000031  
 23 17 18  0.000000 0.502545 -0.000000 -0.000024 0.000000 0.298627 -0.000000 -0.000024 0.000000 0.000012 0.000000 -0.000024 0.000000 -0.298602 0.000000 -0.000024 0.000000 -0.502521 0.000000 -0.000024  
 24 18 15  0.000000 0.447672 0.000000 0.000029 0.000000 0.266018 0.000000 0.000029 0.000000 0.000007 0.000000 0.000029 0.000000 -0.266003 -0.000000 0.000029 0.000000 -0.447657 -0.000000 0.000029  
