 1 1 5  -38.850155 -0.903684 1.252453 0.000175 -38.877264 -0.655283 0.952799 0.000175 -38.909059 -0.291364 0.513944 0.000175 -38.911518 0.071775 0.076139 0.000175 -38.892823 0.320293 -0.223441 0.000175  
 2 2 6  -34.839567 -0.904517 1.253374 0.000175 -34.866833 -0.655997 0.953854 0.000175 -34.899321 -0.291905 0.515184 0.000175 -34.902653 0.072303 0.076245 0.000175 -34.882521 0.320917 -0.223380 0.000175  
 3 3 7  -33.063949 -0.905268 1.254410 0.000175 -33.090983 -0.656759 0.954739 0.000175 -33.122717 -0.292683 0.515819 0.000175 -33.125227 0.072473 0.075702 0.000175 -33.106383 0.321111 -0.224191 0.000175  
 4 4 8  -37.073343 -0.904434 1.253509 0.000175 -37.100414 -0.656068 0.953688 0.000175 -37.132630 -0.292204 0.514558 0.000175 -37.136077 0.071933 0.075579 0.000175 -37.116084 0.320506 -0.224252 0.000175  
 5 5 10  -25.880998 -0.657932 1.506480 0.000072 -25.890728 -0.386231 0.960079 0.000072 -25.898632 0.011369 0.160403 0.000072 -25.888603 0.409150 -0.639483 0.000072 -25.878786 0.680819 -1.185782 0.000072  
 6 6 11  -23.147906 -0.658224 1.506841 0.000072 -23.157758 -0.386455 0.960214 0.000072 -23.166831 0.011483 0.159674 0.000072 -23.155614 0.409345 -0.640704 0.000072 -23.145671 0.681050 -1.187215 0.000072  
 7 7 12  -22.101160 -0.658127 1.507147 0.000072 -22.110897 -0.386383 0.960484 0.000072 -22.118942 0.011781 0.159570 0.000072 -22.108723 0.409682 -0.640981 0.000072 -22.098833 0.681356 -1.187532 0.000072  
 8 8 13  -24.833638 -0.657841 1.506789 0.000072 -24.843372 -0.386166 0.960347 0.000072 -24.852300 0.011626 0.160303 0.000072 -24.841119 0.409506 -0.639749 0.000072 -24.831312 0.681132 -1.186097 0.000072  
 9 10 15  -12.664875 -0.274356 1.087753 0.004041 -12.665227 -0.111132 0.555449 0.004041 -12.667371 0.129146 -0.225389 0.004041 -12.666098 0.368522 -1.005281 0.004041 -13.073148 0.478160 -1.457444 0.004041  
 10 11 16  -11.597232 -0.268160 1.088338 0.004041 -11.560197 -0.111152 0.559011 0.004041 -11.562305 0.129169 -0.228790 0.004041 -11.595733 0.362433 -1.008552 0.004041 -12.140841 0.462231 -1.440575 0.004041  
 11 12 17  -11.246080 -0.266962 1.084549 0.004041 -11.190214 -0.111795 0.559065 0.004041 -11.192287 0.129825 -0.228827 0.004041 -11.240998 0.361862 -1.005509 0.004041 -11.832673 0.460047 -1.429447 0.004041  
 12 13 18  -12.306707 -0.274561 1.086274 0.004041 -12.299615 -0.111777 0.555500 0.004041 -12.301744 0.129807 -0.225425 0.004041 -12.308360 0.368952 -1.003749 0.004041 -12.758515 0.475665 -1.448205 0.004041  
 13 5 6  0.000000 1.763637 0.000000 -0.000505 0.000000 1.047907 0.000000 -0.000505 0.000000 -0.000197 0.000000 -0.000505 0.000000 -1.048301 -0.000000 -0.000505 0.000000 -1.764032 -0.000000 -0.000505  
 14 6 7  0.000000 1.007079 0.000000 0.000604 0.000000 0.598389 0.000000 0.000604 0.000000 -0.000090 0.000000 0.000604 0.000000 -0.598569 -0.000000 0.000604 0.000000 -1.007259 -0.000000 0.000604  
 15 7 8  0.000000 1.764058 -0.000000 -0.000499 0.000000 1.048317 -0.000000 -0.000499 0.000000 0.000197 0.000000 -0.000499 0.000000 -1.047922 0.000000 -0.000499 0.000000 -1.763663 0.000000 -0.000499  
 16 8 5  0.000000 1.007233 -0.000000 0.000615 0.000000 0.598553 -0.000000 0.000615 0.000000 0.000090 0.000000 0.000615 0.000000 -0.598373 0.000000 0.000615 0.000000 -1.007053 0.000000 0.000615  
 17 10 11  0.000000 2.293912 -0.000000 0.003279 0.000000 1.363197 -0.000000 0.003279 0.000000 0.000272 0.000000 0.003279 0.000000 -1.362653 0.000000 0.003279 0.000000 -2.293368 0.000000 0.003279  
 18 11 12  0.000000 0.953415 0.000000 -0.001979 0.000000 0.566555 0.000000 -0.001979 0.000000 0.000043 0.000000 -0.001979 0.000000 -0.566469 -0.000000 -0.001979 0.000000 -0.953330 -0.000000 -0.001979  
 19 12 13  0.000000 2.293407 0.000000 0.003633 0.000000 1.362675 0.000000 0.003633 0.000000 -0.000272 0.000000 0.003633 0.000000 -1.363220 -0.000000 0.003633 0.000000 -2.293951 -0.000000 0.003633  
 20 13 10  0.000000 0.953291 -0.000000 -0.001171 0.000000 0.566446 -0.000000 -0.001171 0.000000 -0.000043 0.000000 -0.001171 0.000000 -0.566532 0.000000 -0.001171 0.000000 -0.953377 0.000000 -0.001171  
 21 15 16  0.000000 1.482691 -0.000000 0.006032 0.000000 0.882037 -0.000000 0.006032 0.000000 0.002448 0.000000 0.006032 0.000000 -0.877140 0.000000 0.006032 0.000000 -1.477795 0.000000 0.006032  
 22 16 17  0.000000 0.493187 0.000000 -0.003772 0.000000 0.293242 0.000000 -0.003772 0.000000 0.000447 0.000000 -0.003772 0.000000 -0.292349 -0.000000 -0.003772 0.000000 -0.492294 -0.000000 -0.003772  
 23 17 18  0.000000 1.477780 0.000000 0.006420 0.000000 0.877132 0.000000 0.006420 0.000000 -0.002448 0.000000 0.006420 0.000000 -0.882028 -0.000000 0.006420 0.000000 -1.482677 -0.000000 0.006420  
 24 18 15  0.000000 0.492309 -0.000000 -0.002648 0.000000 0.292358 -0.000000 -0.002648 0.000000 -0.000447 0.000000 -0.002648 0.000000 -0.293251 0.000000 -0.002648 0.000000 -0.493202 0.000000 -0.002648  
