 1 1 5  -35.129110 -1.773191 -5.108316 -0.031463 -32.245025 -1.503209 -3.876166 -0.031463 -30.888038 -0.882417 -1.384262 -0.031463 -30.795473 0.075967 1.602825 -0.031463 -30.833592 0.624403 3.445228 -0.031463  
 2 2 6  -45.717203 -1.917592 -5.537771 -0.031463 -44.279909 -1.656971 -4.131427 -0.031463 -44.774204 -0.870931 -1.383942 -0.031463 -44.701454 0.053550 1.521069 -0.031463 -43.762626 0.693423 3.521274 -0.031463  
 3 3 7  -42.216578 -1.931073 -5.424327 -0.031463 -40.222440 -1.666277 -4.085907 -0.031463 -40.179204 -0.893495 -1.394824 -0.031463 -40.094728 0.079408 1.539145 -0.031463 -39.287860 0.712274 3.527886 -0.031463  
 4 4 8  -31.899349 -1.789911 -4.949535 -0.031463 -28.517157 -1.492910 -3.745211 -0.031463 -26.005118 -0.905048 -1.397049 -0.031463 -25.896929 0.101090 1.622500 -0.031463 -26.843228 0.623015 3.328213 -0.031463  
 5 5 10  -20.952488 -2.254807 -1.314344 -0.137704 -20.218856 -1.417214 -1.123817 -0.137704 -20.364042 0.150347 -0.572082 -0.137704 -19.837951 1.759940 0.021600 -0.137704 -20.462723 2.567536 0.311567 -0.137704  
 6 6 11  -29.579307 -2.456471 -1.275583 -0.137704 -29.924270 -1.438899 -1.042711 -0.137704 -30.210884 0.150069 -0.621403 -0.137704 -29.745176 1.740238 -0.200847 -0.137704 -28.994195 2.813444 0.085322 -0.137704  
 7 7 12  -27.598359 -2.440848 -1.263219 -0.137704 -27.775721 -1.457863 -1.055797 -0.137704 -28.083962 0.151466 -0.620988 -0.137704 -27.592965 1.766519 -0.184482 -0.137704 -27.014645 2.799509 0.093153 -0.137704  
 8 8 13  -19.140956 -2.208794 -1.281024 -0.137704 -18.130272 -1.404953 -1.107544 -0.137704 -18.100227 0.151461 -0.571763 -0.137704 -17.650481 1.767795 0.025880 -0.137704 -18.705877 2.504647 0.315814 -0.137704  
 9 10 15  -21.287488 0.272492 -6.405723 0.026775 -10.642282 0.285797 -3.612545 0.026775 1.637095 0.138273 0.020068 0.026775 -11.021512 0.385739 3.709646 0.026775 -21.623105 0.429068 6.493644 0.026775  
 10 11 16  -26.129148 0.279352 -6.587699 0.026775 -15.997185 0.313363 -3.962027 0.026775 -2.467763 0.449582 -0.017291 0.026775 -15.824809 0.420781 3.920677 0.026775 -25.879519 0.442107 6.537634 0.026775  
 11 12 17  -25.855352 0.274764 -6.564626 0.026775 -15.719881 0.309204 -3.938855 0.026775 -2.152662 0.425936 -0.016903 0.026775 -15.554166 0.423097 3.898913 0.026775 -25.613419 0.445539 6.515911 0.026775  
 12 13 18  -20.931339 0.265888 -6.375156 0.026775 -10.303427 0.279767 -3.582006 0.026775 1.752897 0.137882 0.020068 0.026775 -10.688627 0.385994 3.680312 0.026775 -21.279465 0.430070 6.464317 0.026775  
 13 5 6  0.000000 -4.703525 -0.000000 -0.109450 0.000000 -2.789292 -0.000000 -0.109450 0.000000 0.013881 0.000000 -0.109450 0.000000 2.817054 0.000000 -0.109450 0.000000 4.731288 0.000000 -0.109450  
 14 6 7  0.000000 3.067741 -0.000000 0.004803 0.000000 1.823066 -0.000000 0.004803 0.000000 0.000384 0.000000 0.004803 0.000000 -1.822298 0.000000 0.004803 0.000000 -3.066974 0.000000 0.004803  
 15 7 8  0.000000 -4.729086 0.000000 -0.138027 0.000000 -2.815745 0.000000 -0.138027 0.000000 -0.013881 0.000000 -0.138027 0.000000 2.787983 -0.000000 -0.138027 0.000000 4.701323 -0.000000 -0.138027  
 16 8 5  0.000000 3.064771 0.000000 0.057755 0.000000 1.820990 0.000000 0.057755 0.000000 -0.000384 0.000000 0.057755 0.000000 -1.821757 -0.000000 0.057755 0.000000 -3.065539 -0.000000 0.057755  
 17 10 11  0.000000 -6.651612 0.000000 -0.017556 0.000000 -3.934068 0.000000 -0.017556 0.000000 0.045460 0.000000 -0.017556 0.000000 4.024988 -0.000000 -0.017556 0.000000 6.742533 -0.000000 -0.017556  
 18 11 12  0.000000 2.510774 0.000000 0.007571 0.000000 1.492345 0.000000 0.007571 0.000000 0.000974 0.000000 0.007571 0.000000 -1.490397 -0.000000 0.007571 0.000000 -2.508826 -0.000000 0.007571  
 19 12 13  0.000000 -6.738870 -0.000000 -0.042215 0.000000 -4.022812 -0.000000 -0.042215 0.000000 -0.045460 0.000000 -0.042215 0.000000 3.931892 0.000000 -0.042215 0.000000 6.647950 0.000000 -0.042215  
 20 13 10  0.000000 2.505163 -0.000000 0.021685 0.000000 1.488221 -0.000000 0.021685 0.000000 -0.000974 0.000000 0.021685 0.000000 -1.490169 0.000000 0.021685 0.000000 -2.507112 0.000000 0.021685  
 21 15 16  0.000000 -6.338004 0.000000 -0.052291 0.000000 -3.718532 0.000000 -0.052291 0.000000 0.117379 0.000000 -0.052291 0.000000 3.953291 -0.000000 -0.052291 0.000000 6.572762 -0.000000 -0.052291  
 22 16 17  0.000000 0.390271 0.000000 0.012501 0.000000 0.231855 0.000000 0.012501 0.000000 -0.000126 0.000000 0.012501 0.000000 -0.232107 -0.000000 0.012501 0.000000 -0.390523 -0.000000 0.012501  
 23 17 18  0.000000 -6.567154 -0.000000 -0.049820 0.000000 -3.949958 -0.000000 -0.049820 0.000000 -0.117379 0.000000 -0.049820 0.000000 3.715200 0.000000 -0.049820 0.000000 6.332395 0.000000 -0.049820  
 24 18 15  0.000000 0.384914 -0.000000 0.017905 0.000000 0.228774 -0.000000 0.017905 0.000000 0.000126 0.000000 0.017905 0.000000 -0.228522 0.000000 0.017905 0.000000 -0.384662 0.000000 0.017905  
