 1 1 5  -56.721689 14.084185 3.986789 -0.181484 -39.458631 9.595348 2.831261 -0.181484 -13.227729 2.874310 1.017621 -0.181484 -18.665753 -4.340542 -0.978251 -0.181484 -36.555471 -8.919329 -2.223362 -0.181484  
 2 2 6  -50.557038 13.594943 3.984009 -0.181484 -33.051287 9.077612 2.785131 -0.181484 -6.535413 2.316565 0.875492 -0.181484 -11.977562 -3.774066 -0.924998 -0.181484 -30.027325 -8.381314 -2.199488 -0.181484  
 3 3 7  -69.669033 14.810914 4.279155 -0.181484 -53.646806 10.588641 3.111112 -0.181484 -30.625962 4.162009 1.270836 -0.181484 -32.302319 -4.763676 -1.240007 -0.181484 -47.898202 -9.132462 -2.498654 -0.181484  
 4 4 8  -75.107992 15.197633 4.266869 -0.181484 -59.485578 10.984144 3.136324 -0.181484 -38.302560 4.452715 1.373565 -0.181484 -39.528115 -5.107677 -1.274845 -0.181484 -54.030527 -9.540990 -2.516515 -0.181484  
 5 5 10  -29.486907 6.565542 2.797872 0.119102 -17.908721 3.689721 1.571010 0.119102 -8.151144 -1.199238 -0.483181 0.119102 -25.114606 -5.473643 -2.321755 0.119102 -36.630729 -8.332501 -3.539194 0.119102  
 6 6 11  -27.037996 6.373701 2.791121 0.119102 -15.352149 3.497473 1.541704 0.119102 -5.177113 -1.011419 -0.417254 0.119102 -22.642475 -5.283621 -2.297024 0.119102 -34.231938 -8.146339 -3.531819 0.119102  
 7 7 12  -33.465907 6.054881 3.070824 0.119102 -23.714000 3.484303 1.850542 0.119102 -18.717300 -1.745271 -0.601458 0.119102 -31.718588 -5.708397 -2.541917 0.119102 -41.770889 -8.226999 -3.778697 0.119102  
 8 8 13  -35.797454 6.209989 3.083729 0.119102 -26.340010 3.620518 1.874959 0.119102 -22.224903 -1.770516 -0.628407 0.119102 -34.068568 -5.859221 -2.563713 0.119102 -43.959477 -8.382297 -3.786178 0.119102  
 9 10 15  -9.337078 1.460594 -0.490469 -0.029690 -7.550134 0.380847 -0.670566 -0.029690 -9.316137 -1.386999 -0.579657 -0.029690 -13.769002 -2.696156 -0.550103 -0.029690 -16.884871 -3.553873 -0.543479 -0.029690  
 10 11 16  -8.993061 1.442186 -0.468479 -0.029690 -7.110893 0.378078 -0.647283 -0.029690 -8.973546 -1.368610 -0.566447 -0.029690 -13.482316 -2.676303 -0.548549 -0.029690 -16.611089 -3.533934 -0.545407 -0.029690  
 11 12 17  -11.040930 1.295435 -0.541757 -0.029690 -10.598975 0.123625 -0.675511 -0.029690 -11.867614 -1.552825 -0.614538 -0.029690 -15.582265 -2.761701 -0.575935 -0.029690 -18.297795 -3.536842 -0.566918 -0.029690  
 12 13 18  -11.475743 1.304895 -0.568903 -0.029690 -11.089774 0.122368 -0.694201 -0.029690 -12.263004 -1.567902 -0.628913 -0.029690 -15.902651 -2.781640 -0.578349 -0.029690 -18.603338 -3.557649 -0.566090 -0.029690  
 13 5 6  0.000000 5.433287 -0.000000 -0.398039 0.000000 3.232436 -0.000000 -0.398039 0.000000 0.009547 0.000000 -0.398039 0.000000 -3.213343 0.000000 -0.398039 0.000000 -5.414193 0.000000 -0.398039  
 14 6 7  0.000000 -15.419841 0.000000 0.322527 0.000000 -9.055460 0.000000 0.322527 0.000000 0.264436 0.000000 0.322527 0.000000 9.584332 -0.000000 0.322527 0.000000 15.948714 -0.000000 0.322527  
 15 7 8  0.000000 5.441367 0.000000 -0.309904 0.000000 3.229490 0.000000 -0.309904 0.000000 -0.009547 0.000000 -0.309904 0.000000 -3.248583 -0.000000 -0.309904 0.000000 -5.460460 -0.000000 -0.309904  
 16 8 5  0.000000 -15.975887 -0.000000 0.323133 0.000000 -9.600479 -0.000000 0.323133 0.000000 -0.264436 0.000000 0.323133 0.000000 9.071607 0.000000 0.323133 0.000000 15.447015 0.000000 0.323133  
 17 10 11  0.000000 3.169728 0.000000 -0.147458 0.000000 1.885365 0.000000 -0.147458 0.000000 0.004564 0.000000 -0.147458 0.000000 -1.876236 -0.000000 -0.147458 0.000000 -3.160599 -0.000000 -0.147458  
 18 11 12  0.000000 -9.726101 0.000000 0.161613 0.000000 -5.753578 0.000000 0.161613 0.000000 0.063719 0.000000 0.161613 0.000000 5.881017 -0.000000 0.161613 0.000000 9.853540 -0.000000 0.161613  
 19 12 13  0.000000 3.195409 -0.000000 -0.094742 0.000000 1.896921 -0.000000 -0.094742 0.000000 -0.004564 0.000000 -0.094742 0.000000 -1.906049 0.000000 -0.094742 0.000000 -3.204537 0.000000 -0.094742  
 20 13 10  0.000000 -9.888349 -0.000000 0.155753 0.000000 -5.901701 -0.000000 0.155753 0.000000 -0.063719 0.000000 0.155753 0.000000 5.774263 0.000000 0.155753 0.000000 9.760910 0.000000 0.155753  
 21 15 16  0.000000 0.491042 0.000000 0.003730 0.000000 0.291069 0.000000 0.003730 0.000000 -0.001767 0.000000 0.003730 0.000000 -0.294604 -0.000000 0.003730 0.000000 -0.494576 -0.000000 0.003730  
 22 16 17  0.000000 -3.592745 0.000000 -0.008417 0.000000 -2.127103 0.000000 -0.008417 0.000000 0.019160 0.000000 -0.008417 0.000000 2.165423 -0.000000 -0.008417 0.000000 3.631065 -0.000000 -0.008417  
 23 17 18  0.000000 0.529061 -0.000000 0.005190 0.000000 0.315095 -0.000000 0.005190 0.000000 0.001767 0.000000 0.005190 0.000000 -0.311560 0.000000 0.005190 0.000000 -0.525526 0.000000 0.005190  
 24 18 15  0.000000 -3.665549 -0.000000 -0.007927 0.000000 -2.185914 -0.000000 -0.007927 0.000000 -0.019160 0.000000 -0.007927 0.000000 2.147594 0.000000 -0.007927 0.000000 3.627230 0.000000 -0.007927  
