 1 1 5  -34.957072 0.861273 -0.396485 0.000023 -34.960228 0.609055 -0.284576 0.000023 -34.964404 0.239665 -0.120697 0.000023 -34.965592 -0.129943 0.043411 0.000023 -34.963055 -0.382241 0.155355 0.000023  
 2 2 6  -35.706597 0.861218 -0.396344 0.000023 -35.709798 0.609002 -0.284410 0.000023 -35.714162 0.239613 -0.120492 0.000023 -35.715186 -0.129922 0.043407 0.000023 -35.712505 -0.382198 0.155319 0.000023  
 3 3 7  -37.031567 0.861065 -0.396265 0.000023 -37.034832 0.608831 -0.284334 0.000023 -37.039195 0.239419 -0.120416 0.000023 -37.040311 -0.129831 0.043317 0.000023 -37.037654 -0.382117 0.155239 0.000023  
 4 4 8  -36.281930 0.861130 -0.396418 0.000023 -36.285155 0.608896 -0.284513 0.000023 -36.289470 0.239497 -0.120648 0.000023 -36.290928 -0.129880 0.043365 0.000023 -36.288154 -0.382171 0.155296 0.000023  
 5 5 10  -23.411375 0.419712 -0.248262 -0.000004 -23.413038 0.231881 -0.145835 -0.000004 -23.414555 -0.043263 0.004229 -0.000004 -23.412670 -0.318363 0.154267 -0.000004 -23.410943 -0.506186 0.256697 -0.000004  
 6 6 11  -23.860278 0.419680 -0.248283 -0.000004 -23.861980 0.231851 -0.145820 -0.000004 -23.863583 -0.043270 0.004223 -0.000004 -23.861478 -0.318341 0.154235 -0.000004 -23.859756 -0.506161 0.256696 -0.000004  
 7 7 12  -24.585466 0.419729 -0.248254 -0.000004 -24.587191 0.231870 -0.145792 -0.000004 -24.588788 -0.043199 0.004194 -0.000004 -24.586703 -0.318309 0.154207 -0.000004 -24.584946 -0.506161 0.256666 -0.000004  
 8 8 13  -24.136489 0.419766 -0.248237 -0.000004 -24.138203 0.231906 -0.145812 -0.000004 -24.139962 -0.043222 0.004224 -0.000004 -24.137824 -0.318335 0.154244 -0.000004 -24.136051 -0.506189 0.256672 -0.000004  
 9 10 15  -11.797213 0.156150 -0.134152 -0.000001 -11.797782 0.054830 -0.060371 -0.000001 -11.797918 -0.093562 0.047688 -0.000001 -11.797091 -0.241931 0.155726 -0.000001 -11.796447 -0.343241 0.229505 -0.000001  
 10 11 16  -11.960178 0.156144 -0.134170 -0.000001 -11.960755 0.054825 -0.060378 -0.000001 -11.960837 -0.093558 0.047671 -0.000001 -11.960041 -0.241925 0.155719 -0.000001 -11.959400 -0.343235 0.229509 -0.000001  
 11 12 17  -12.202367 0.156156 -0.134164 -0.000001 -12.202954 0.054831 -0.060373 -0.000001 -12.203027 -0.093544 0.047666 -0.000001 -12.202224 -0.241921 0.155712 -0.000001 -12.201577 -0.343238 0.229503 -0.000001  
 12 13 18  -12.039406 0.156163 -0.134147 -0.000001 -12.039993 0.054837 -0.060367 -0.000001 -12.040114 -0.093549 0.047685 -0.000001 -12.039276 -0.241927 0.155720 -0.000001 -12.038625 -0.343244 0.229499 -0.000001  
 13 5 6  0.000000 -0.415281 0.000000 -0.000039 0.000000 -0.246775 0.000000 -0.000039 0.000000 -0.000017 0.000000 -0.000039 0.000000 0.246741 -0.000000 -0.000039 0.000000 0.415247 -0.000000 -0.000039  
 14 6 7  0.000000 -0.828429 0.000000 0.000063 0.000000 -0.492275 0.000000 0.000063 0.000000 -0.000018 0.000000 0.000063 0.000000 0.492240 -0.000000 0.000063 0.000000 0.828393 -0.000000 0.000063  
 15 7 8  0.000000 -0.415245 -0.000000 -0.000047 0.000000 -0.246740 -0.000000 -0.000047 0.000000 0.000017 0.000000 -0.000047 0.000000 0.246773 0.000000 -0.000047 0.000000 0.415278 0.000000 -0.000047  
 16 8 5  0.000000 -0.828395 -0.000000 0.000047 0.000000 -0.492241 -0.000000 0.000047 0.000000 0.000018 0.000000 0.000047 0.000000 0.492277 0.000000 0.000047 0.000000 0.828431 0.000000 0.000047  
 17 10 11  0.000000 -0.394927 0.000000 -0.000019 0.000000 -0.234675 0.000000 -0.000019 0.000000 -0.000005 0.000000 -0.000019 0.000000 0.234664 -0.000000 -0.000019 0.000000 0.394916 -0.000000 -0.000019  
 18 11 12  0.000000 -0.667063 0.000000 0.000026 0.000000 -0.396383 0.000000 0.000026 0.000000 -0.000003 0.000000 0.000026 0.000000 0.396376 -0.000000 0.000026 0.000000 0.667056 -0.000000 0.000026  
 19 12 13  0.000000 -0.394912 -0.000000 -0.000026 0.000000 -0.234662 -0.000000 -0.000026 0.000000 0.000005 0.000000 -0.000026 0.000000 0.234673 0.000000 -0.000026 0.000000 0.394923 0.000000 -0.000026  
 20 13 10  0.000000 -0.667060 -0.000000 0.000018 0.000000 -0.396378 -0.000000 0.000018 0.000000 0.000003 0.000000 0.000018 0.000000 0.396385 0.000000 0.000018 0.000000 0.667067 0.000000 0.000018  
 21 15 16  0.000000 -0.225035 -0.000000 -0.000003 0.000000 -0.133721 -0.000000 -0.000003 0.000000 -0.000002 0.000000 -0.000003 0.000000 0.133717 0.000000 -0.000003 0.000000 0.225032 0.000000 -0.000003  
 22 16 17  0.000000 -0.334469 -0.000000 0.000003 0.000000 -0.198748 -0.000000 0.000003 0.000000 -0.000001 0.000000 0.000003 0.000000 0.198747 0.000000 0.000003 0.000000 0.334468 0.000000 0.000003  
 23 17 18  0.000000 -0.225028 0.000000 -0.000003 0.000000 -0.133715 0.000000 -0.000003 0.000000 0.000002 0.000000 -0.000003 0.000000 0.133719 -0.000000 -0.000003 0.000000 0.225031 -0.000000 -0.000003  
 24 18 15  0.000000 -0.334472 0.000000 0.000002 0.000000 -0.198749 0.000000 0.000002 0.000000 0.000001 0.000000 0.000002 0.000000 0.198751 -0.000000 0.000002 0.000000 0.334473 -0.000000 0.000002  
