 1 1 5  -52.613790 7.720805 -13.300455 0.584561 -33.506246 4.979755 -8.772143 0.584561 -5.047227 0.986917 -2.035544 0.584561 -13.854137 -2.678208 3.923411 0.584561 -33.299234 -5.433486 8.499216 0.584561  
 2 2 6  -72.908018 8.469008 -14.481514 0.584561 -55.081969 5.692895 -10.233741 0.584561 -29.918158 1.518316 -3.871739 0.584561 -35.242483 -3.608587 4.725037 0.584561 -52.632347 -6.278117 9.150799 0.584561  
 3 3 7  -76.491839 8.493532 -14.776748 0.584561 -58.834126 5.742852 -10.515076 0.584561 -34.589444 1.596304 -4.052174 0.584561 -39.443322 -3.697021 4.927647 0.584561 -56.281589 -6.325367 9.412602 0.584561  
 4 4 8  -56.820383 7.771932 -13.668696 0.584561 -37.664325 5.058112 -9.126428 0.584561 -8.916852 1.095980 -2.368254 0.584561 -17.789514 -2.805723 4.229510 0.584561 -37.392791 -5.516271 8.832210 0.584561  
 5 5 10  -23.990501 0.380788 -5.197016 0.204662 -16.158155 -0.230398 -3.075550 0.204662 -11.134269 -1.410929 0.759373 0.204662 -21.433257 -1.964399 4.173287 0.204662 -29.362737 -2.488851 6.294258 0.204662  
 6 6 11  -31.845241 0.439595 -4.963558 0.204662 -27.111523 -0.301030 -3.032098 0.204662 -26.910209 -1.641401 1.172043 0.204662 -32.108747 -2.294149 4.495312 0.204662 -37.970191 -2.767132 6.327898 0.204662  
 7 7 12  -31.368595 0.385983 -4.938755 0.204662 -26.546262 -0.349894 -3.018987 0.204662 -26.241324 -1.660312 1.171030 0.204662 -31.600016 -2.263536 4.479006 0.204662 -37.490465 -2.728376 6.307672 0.204662  
 8 8 13  -23.449212 0.326977 -5.160469 0.204662 -15.576220 -0.269971 -3.036235 0.204662 -10.439017 -1.393857 0.739815 0.204662 -20.863160 -1.934453 4.137544 0.204662 -28.824698 -2.450681 6.259937 0.204662  
 9 10 15  -16.087795 -2.030918 -3.979605 -0.043683 -8.323581 -1.338909 -2.007318 -0.043683 -2.649200 -0.334149 0.777642 -0.043683 -13.777333 0.644561 3.678194 -0.043683 -21.555775 1.325007 5.642038 -0.043683  
 10 11 16  -19.166242 -2.177395 -3.871185 -0.043683 -12.257820 -1.531387 -2.048437 -0.043683 -7.766804 -0.442808 1.144971 -0.043683 -17.501244 0.692325 3.810004 -0.043683 -24.550188 1.386909 5.589210 -0.043683  
 11 12 17  -18.219628 -2.149734 -3.801555 -0.043683 -11.252717 -1.488785 -1.989581 -0.043683 -6.653756 -0.415766 1.081052 -0.043683 -16.563061 0.694116 3.735351 -0.043683 -23.629102 1.382487 5.515708 -0.043683  
 12 13 18  -15.032364 -1.999530 -3.895891 -0.043683 -7.300578 -1.295032 -1.930442 -0.043683 -1.672894 -0.304343 0.692416 -0.043683 -12.738043 0.642882 3.588612 -0.043683 -20.505569 1.321944 5.552868 -0.043683  
 13 5 6  0.000000 -14.172769 -0.000000 0.530590 0.000000 -8.320114 -0.000000 0.530590 0.000000 0.250418 0.000000 0.530590 0.000000 8.820950 0.000000 0.530590 0.000000 14.673605 0.000000 0.530590  
 14 6 7  0.000000 -6.400078 -0.000000 -0.123110 0.000000 -3.798406 -0.000000 -0.123110 0.000000 0.011440 0.000000 -0.123110 0.000000 3.821287 0.000000 -0.123110 0.000000 6.422959 0.000000 -0.123110  
 15 7 8  0.000000 -14.692429 0.000000 0.502063 0.000000 -8.832136 0.000000 0.502063 0.000000 -0.250418 0.000000 0.502063 0.000000 8.331300 -0.000000 0.502063 0.000000 14.191593 -0.000000 0.502063  
 16 8 5  0.000000 -6.404135 0.000000 -0.151309 0.000000 -3.810101 0.000000 -0.151309 0.000000 -0.011440 0.000000 -0.151309 0.000000 3.787221 -0.000000 -0.151309 0.000000 6.381255 -0.000000 -0.151309  
 17 10 11  0.000000 -10.419082 -0.000000 0.071529 0.000000 -6.153614 -0.000000 0.071529 0.000000 0.092667 0.000000 0.071529 0.000000 6.338948 0.000000 0.071529 0.000000 10.604416 0.000000 0.071529  
 18 11 12  0.000000 -0.605026 0.000000 0.059588 0.000000 -0.360364 0.000000 0.059588 0.000000 -0.002086 0.000000 0.059588 0.000000 0.356192 -0.000000 0.059588 0.000000 0.600853 -0.000000 0.059588  
 19 12 13  0.000000 -10.620277 0.000000 0.073915 0.000000 -6.348373 0.000000 0.073915 0.000000 -0.092667 0.000000 0.073915 0.000000 6.163040 -0.000000 0.073915 0.000000 10.434944 -0.000000 0.073915  
 20 13 10  0.000000 -0.584991 -0.000000 0.082944 0.000000 -0.346766 -0.000000 0.082944 0.000000 0.002086 0.000000 0.082944 0.000000 0.350939 0.000000 0.082944 0.000000 0.589164 0.000000 0.082944  
 21 15 16  0.000000 -5.460162 -0.000000 -0.048983 0.000000 -3.211743 -0.000000 -0.048983 0.000000 0.080805 0.000000 -0.048983 0.000000 3.373354 0.000000 -0.048983 0.000000 5.621773 0.000000 -0.048983  
 22 16 17  0.000000 1.394127 -0.000000 0.066835 0.000000 0.829615 -0.000000 0.066835 0.000000 0.002954 0.000000 0.066835 0.000000 -0.823708 0.000000 0.066835 0.000000 -1.388219 0.000000 0.066835  
 23 17 18  0.000000 -5.634044 0.000000 -0.049850 0.000000 -3.380646 0.000000 -0.049850 0.000000 -0.080805 0.000000 -0.049850 0.000000 3.219035 -0.000000 -0.049850 0.000000 5.472433 -0.000000 -0.049850  
 24 18 15  0.000000 1.400491 0.000000 0.080749 0.000000 0.831000 0.000000 0.080749 0.000000 -0.002954 0.000000 0.080749 0.000000 -0.836907 -0.000000 0.080749 0.000000 -1.406398 -0.000000 0.080749  
