 1 1 5  -58.830796 11.607069 8.353642 -0.203011 -43.666178 8.127019 5.907146 -0.203011 -21.152185 2.831843 2.219292 -0.203011 -24.097312 -3.787465 -2.395456 -0.203011 -39.559531 -7.357866 -4.951944 -0.203011  
 2 2 6  -41.813633 10.437030 7.859845 -0.203011 -26.181699 6.923838 5.282914 -0.203011 -2.787535 1.672350 1.330278 -0.203011 -6.487832 -2.543050 -1.952652 -0.203011 -22.456849 -6.121905 -4.631522 -0.203011  
 3 3 7  -62.153792 11.525001 8.733242 -0.203011 -47.597945 8.254247 6.173910 -0.203011 -26.289283 3.284971 2.223959 -0.203011 -27.853871 -3.373603 -2.956646 -0.203011 -42.212834 -6.807445 -5.575365 -0.203011  
 4 4 8  -77.038237 12.410297 9.090787 -0.203011 -63.613141 9.125664 6.651428 -0.203011 -47.049897 3.801003 2.776878 -0.203011 -47.445491 -3.995361 -3.109008 -0.203011 -58.251454 -7.682982 -5.757269 -0.203011  
 5 5 10  -32.445312 6.045791 3.870033 -0.131735 -22.854884 3.764302 2.417935 -0.131735 -13.854963 -0.361534 -0.114499 -0.131735 -24.368685 -4.205926 -2.521675 -0.131735 -33.887727 -6.467537 -3.964998 -0.131735  
 6 6 11  -23.488663 5.376476 3.964127 -0.131735 -13.327528 3.094986 2.348269 -0.131735 0.219037 -0.119394 -0.017427 -0.131735 -14.763733 -3.519531 -2.401938 -0.131735 -24.828442 -5.787699 -4.002866 -0.131735  
 7 7 12  -32.701901 5.198918 4.509381 -0.131735 -24.050882 3.197012 2.923528 -0.131735 -17.025251 -0.538416 -0.044450 -0.131735 -25.828497 -3.930932 -2.871395 -0.131735 -34.520015 -5.880524 -4.478945 -0.131735  
 8 8 13  -41.615649 5.755521 4.366052 -0.131735 -34.362667 3.675567 2.921387 -0.131735 -31.224319 -0.538237 -0.114427 -0.131735 -35.912501 -4.444460 -2.947801 -0.131735 -43.416492 -6.455217 -4.394721 -0.131735  
 9 10 15  -21.263860 4.937182 4.704800 0.011780 -9.218962 2.484492 2.443697 0.011780 0.583891 -0.496125 -0.364229 0.011780 -16.361191 -4.112215 -3.598883 0.011780 -28.350549 -6.560806 -5.837126 0.011780  
 10 11 16  -16.606078 4.625542 4.659497 0.011780 -4.761716 2.190400 2.278789 0.011780 3.419426 -0.324682 -0.226766 0.011780 -11.600074 -3.772300 -3.483318 0.011780 -23.637994 -6.229969 -5.828362 0.011780  
 11 12 17  -21.366796 4.557837 4.994491 0.011780 -9.460329 2.274675 2.612722 0.011780 0.222471 -0.537388 -0.390311 0.011780 -16.631251 -3.927651 -3.795584 0.011780 -28.454639 -6.215625 -6.145904 0.011780  
 12 13 18  -25.442883 4.819959 5.005959 0.011780 -13.814948 2.528801 2.757398 0.011780 -4.066300 -0.876108 -0.577656 0.011780 -21.044617 -4.229052 -3.875950 0.011780 -32.588613 -6.506918 -6.110165 0.011780  
 13 5 6  0.000000 9.737367 -0.000000 -1.103995 0.000000 5.828068 -0.000000 -1.103995 0.000000 0.103355 0.000000 -1.103995 0.000000 -5.621359 0.000000 -1.103995 0.000000 -9.530658 0.000000 -1.103995  
 14 6 7  0.000000 -12.693725 0.000000 0.886152 0.000000 -7.458276 0.000000 0.886152 0.000000 0.208432 0.000000 0.886152 0.000000 7.875139 -0.000000 0.886152 0.000000 13.110589 -0.000000 0.886152  
 15 7 8  0.000000 9.607978 0.000000 -0.794353 0.000000 5.667304 0.000000 -0.794353 0.000000 -0.103355 0.000000 -0.794353 0.000000 -5.874014 -0.000000 -0.794353 0.000000 -9.814688 -0.000000 -0.794353  
 16 8 5  0.000000 -13.187910 -0.000000 0.750503 0.000000 -7.921085 -0.000000 0.750503 0.000000 -0.208432 0.000000 0.750503 0.000000 7.504221 0.000000 0.750503 0.000000 12.771046 0.000000 0.750503  
 17 10 11  0.000000 9.212861 -0.000000 -0.655991 0.000000 5.497573 -0.000000 -0.655991 0.000000 0.056965 0.000000 -0.655991 0.000000 -5.383642 0.000000 -0.655991 0.000000 -9.098931 0.000000 -0.655991  
 18 11 12  0.000000 -10.985784 -0.000000 0.508417 0.000000 -6.489915 -0.000000 0.508417 0.000000 0.093763 0.000000 0.508417 0.000000 6.677441 0.000000 0.508417 0.000000 11.173311 0.000000 0.508417  
 19 12 13  0.000000 9.199360 0.000000 -0.464683 0.000000 5.443319 0.000000 -0.464683 0.000000 -0.056965 0.000000 -0.464683 0.000000 -5.557250 -0.000000 -0.464683 0.000000 -9.313291 -0.000000 -0.464683  
 20 13 10  0.000000 -11.273740 0.000000 0.442494 0.000000 -6.737118 0.000000 0.442494 0.000000 -0.093763 0.000000 0.442494 0.000000 6.549592 -0.000000 0.442494 0.000000 11.086213 -0.000000 0.442494  
 21 15 16  0.000000 5.816618 0.000000 -0.192949 0.000000 3.482751 0.000000 -0.192949 0.000000 0.065073 0.000000 -0.192949 0.000000 -3.352605 -0.000000 -0.192949 0.000000 -5.686472 -0.000000 -0.192949  
 22 16 17  0.000000 -6.023869 0.000000 0.185556 0.000000 -3.550060 0.000000 0.185556 0.000000 0.072546 0.000000 0.185556 0.000000 3.695151 -0.000000 0.185556 0.000000 6.168960 -0.000000 0.185556  
 23 17 18  0.000000 5.802570 -0.000000 -0.187993 0.000000 3.421592 -0.000000 -0.187993 0.000000 -0.065073 0.000000 -0.187993 0.000000 -3.551738 0.000000 -0.187993 0.000000 -5.932716 0.000000 -0.187993  
 24 18 15  0.000000 -6.285057 -0.000000 0.166898 0.000000 -3.764138 -0.000000 0.166898 0.000000 -0.072546 0.000000 0.166898 0.000000 3.619047 0.000000 0.166898 0.000000 6.139966 0.000000 0.166898  
