 1 1 5  -35.235800 -0.445521 0.234103 -0.000007 -35.250554 -0.286673 0.118951 -0.000007 -35.268680 -0.054123 -0.049565 -0.000007 -35.270308 0.177596 -0.217546 -0.000007 -35.259148 0.336329 -0.332524 -0.000007  
 2 2 6  -36.459765 -0.445893 0.234487 -0.000007 -36.474773 -0.287012 0.119362 -0.000007 -36.493569 -0.054417 -0.049114 -0.000007 -36.495486 0.177864 -0.217545 -0.000007 -36.483357 0.336653 -0.332594 -0.000007  
 3 3 7  -36.716114 -0.446409 0.234875 -0.000007 -36.731127 -0.287567 0.119707 -0.000007 -36.749609 -0.055056 -0.048833 -0.000007 -36.750492 0.177972 -0.217742 -0.000007 -36.739617 0.336808 -0.332932 -0.000007  
 4 4 8  -35.491313 -0.446052 0.234473 -0.000007 -35.506206 -0.287258 0.119261 -0.000007 -35.524754 -0.054804 -0.049377 -0.000007 -35.527007 0.177804 -0.217698 -0.000007 -35.514946 0.336542 -0.332791 -0.000007  
 5 5 10  -23.241032 0.158669 -0.504791 -0.000008 -23.246899 0.145871 -0.377139 -0.000008 -23.252025 0.126886 -0.190053 -0.000008 -23.245718 0.108113 -0.003110 -0.000008 -23.239938 0.095340 0.124503 -0.000008  
 6 6 11  -24.350413 0.158451 -0.504791 -0.000008 -24.356347 0.145684 -0.377068 -0.000008 -24.362132 0.126924 -0.190086 -0.000008 -24.355314 0.108212 -0.003128 -0.000008 -24.349494 0.095459 0.124557 -0.000008  
 7 7 12  -24.747826 0.158530 -0.504568 -0.000008 -24.753724 0.145661 -0.376862 -0.000008 -24.758619 0.127043 -0.190075 -0.000008 -24.752835 0.108282 -0.003216 -0.000008 -24.747014 0.095432 0.124460 -0.000008  
 8 8 13  -23.638012 0.158744 -0.504586 -0.000008 -23.643957 0.145841 -0.376955 -0.000008 -23.649809 0.127057 -0.190058 -0.000008 -23.642779 0.108194 -0.003184 -0.000008 -23.636947 0.095315 0.124416 -0.000008  
 9 10 15  -11.628943 0.332185 -0.669596 0.000006 -11.632214 0.203969 -0.387575 0.000006 -11.633649 0.016129 0.025481 0.000006 -11.629696 -0.171657 0.438537 0.000006 -11.625864 -0.299857 0.720547 0.000006  
 10 11 16  -12.148918 0.332134 -0.669602 0.000006 -12.152218 0.203928 -0.387561 0.000006 -12.153762 0.016145 0.025467 0.000006 -12.149684 -0.171607 0.438514 0.000006 -12.145828 -0.299796 0.720545 0.000006  
 11 12 17  -12.367119 0.332174 -0.669542 0.000006 -12.370413 0.203941 -0.387514 0.000006 -12.371967 0.016187 0.025457 0.000006 -12.367883 -0.171583 0.438462 0.000006 -12.364022 -0.299800 0.720482 0.000006  
 12 13 18  -11.847158 0.332224 -0.669537 0.000006 -11.850460 0.203981 -0.387529 0.000006 -11.851924 0.016173 0.025472 0.000006 -11.847904 -0.171632 0.438487 0.000006 -11.844056 -0.299859 0.720485 0.000006  
 13 5 6  0.000000 -0.158767 0.000000 -0.000288 0.000000 -0.094363 0.000000 -0.000288 0.000000 -0.000052 0.000000 -0.000288 0.000000 0.094260 -0.000000 -0.000288 0.000000 0.158663 -0.000000 -0.000288  
 14 6 7  0.000000 0.194995 -0.000000 0.000284 0.000000 0.115843 -0.000000 0.000284 0.000000 -0.000065 0.000000 0.000284 0.000000 -0.115973 0.000000 0.000284 0.000000 -0.195124 0.000000 0.000284  
 15 7 8  0.000000 -0.158648 -0.000000 -0.000250 0.000000 -0.094251 -0.000000 -0.000250 0.000000 0.000052 0.000000 -0.000250 0.000000 0.094354 0.000000 -0.000250 0.000000 0.158751 0.000000 -0.000250  
 16 8 5  0.000000 0.195109 0.000000 0.000248 0.000000 0.115964 0.000000 0.000248 0.000000 0.000065 0.000000 0.000248 0.000000 -0.115834 -0.000000 0.000248 0.000000 -0.194979 -0.000000 0.000248  
 17 10 11  0.000000 -0.814320 -0.000000 -0.000117 0.000000 -0.483889 -0.000000 -0.000117 0.000000 -0.000010 0.000000 -0.000117 0.000000 0.483868 0.000000 -0.000117 0.000000 0.814299 0.000000 -0.000117  
 18 11 12  0.000000 -0.247203 0.000000 0.000109 0.000000 -0.146899 0.000000 0.000109 0.000000 -0.000016 0.000000 0.000109 0.000000 0.146867 -0.000000 0.000109 0.000000 0.247171 -0.000000 0.000109  
 19 12 13  0.000000 -0.814275 0.000000 -0.000104 0.000000 -0.483853 0.000000 -0.000104 0.000000 0.000010 0.000000 -0.000104 0.000000 0.483874 -0.000000 -0.000104 0.000000 0.814296 -0.000000 -0.000104  
 20 13 10  0.000000 -0.247195 -0.000000 0.000100 0.000000 -0.146882 -0.000000 0.000100 0.000000 0.000016 0.000000 0.000100 0.000000 0.146913 0.000000 0.000100 0.000000 0.247227 0.000000 0.000100  
 21 15 16  0.000000 -0.718159 -0.000000 -0.000026 0.000000 -0.426748 -0.000000 -0.000026 0.000000 -0.000011 0.000000 -0.000026 0.000000 0.426727 0.000000 -0.000026 0.000000 0.718138 0.000000 -0.000026  
 22 16 17  0.000000 -0.301358 0.000000 0.000028 0.000000 -0.179076 0.000000 0.000028 0.000000 -0.000008 0.000000 0.000028 0.000000 0.179060 -0.000000 0.000028 0.000000 0.301342 -0.000000 0.000028  
 23 17 18  0.000000 -0.718114 0.000000 -0.000025 0.000000 -0.426712 0.000000 -0.000025 0.000000 0.000011 0.000000 -0.000025 0.000000 0.426734 -0.000000 -0.000025 0.000000 0.718135 -0.000000 -0.000025  
 24 18 15  0.000000 -0.301366 -0.000000 0.000026 0.000000 -0.179074 -0.000000 0.000026 0.000000 0.000008 0.000000 0.000026 0.000000 0.179090 0.000000 0.000026 0.000000 0.301382 0.000000 0.000026  
