 1 1 5  -32.304705 -0.243826 -4.717274 -0.026014 -30.454526 -0.121391 -3.765404 -0.026014 -30.060347 0.219024 -1.730475 -0.026014 -29.971032 0.629043 0.649388 -0.026014 -29.125458 0.895601 2.252985 -0.026014  
 2 2 6  -41.802844 -0.235469 -5.082772 -0.026014 -41.264999 -0.118306 -3.988269 -0.026014 -42.434896 0.230532 -1.752455 -0.026014 -42.372999 0.605634 0.508419 -0.026014 -41.401645 0.876980 2.076322 -0.026014  
 3 3 7  -41.749015 -0.304899 -5.118301 -0.026014 -41.074362 -0.184116 -4.029970 -0.026014 -42.183689 0.195965 -1.763323 -0.026014 -42.105500 0.601794 0.526602 -0.026014 -41.018139 0.892946 2.133766 -0.026014  
 4 4 8  -32.362806 -0.312249 -4.750824 -0.026014 -30.342703 -0.184405 -3.788849 -0.026014 -29.727932 0.184402 -1.743332 -0.026014 -29.622451 0.623650 0.668585 -0.026014 -28.857268 0.895189 2.292206 -0.026014  
 5 5 10  -23.469130 1.401086 -3.564927 0.192096 -20.357882 0.866210 -2.465205 0.192096 -19.426584 -0.184010 -0.125670 0.192096 -20.126084 -1.200287 2.238994 0.192096 -23.053363 -1.690783 3.364787 0.192096  
 6 6 11  -29.419957 1.543197 -3.703145 0.192096 -27.682291 0.991007 -2.501562 0.192096 -27.777277 -0.184466 -0.137950 0.192096 -27.540090 -1.352267 2.222249 0.192096 -29.017434 -1.867573 3.463638 0.192096  
 7 7 12  -28.778320 1.551726 -3.682768 0.192096 -26.901207 0.993484 -2.502086 0.192096 -26.955682 -0.171641 -0.137836 0.192096 -26.736761 -1.327422 2.231048 0.192096 -28.361600 -1.848216 3.450035 0.192096  
 8 8 13  -22.876940 1.406089 -3.536682 0.192096 -19.628241 0.867582 -2.442813 0.192096 -18.501209 -0.171840 -0.125370 0.192096 -19.362971 -1.169145 2.226945 0.192096 -22.443975 -1.669717 3.342030 0.192096  
 9 10 15  -14.648275 -1.650161 -2.740892 -0.032447 -10.105360 -1.167237 -1.540861 -0.032447 -6.649592 -0.340184 0.684160 -0.032447 -12.517341 0.585178 2.484710 -0.032447 -17.131394 1.108798 3.642597 -0.032447  
 10 11 16  -16.701362 -1.746083 -2.716294 -0.032447 -12.731786 -1.291520 -1.548170 -0.032447 -10.412415 -0.374810 0.727252 -0.032447 -14.801449 0.621193 2.563119 -0.032447 -19.017220 1.154375 3.649569 -0.032447  
 11 12 17  -15.956816 -1.727762 -2.672471 -0.032447 -11.911409 -1.265248 -1.513887 -0.032447 -9.329459 -0.366757 0.723227 -0.032447 -14.058979 0.620406 2.513609 -0.032447 -18.312928 1.152553 3.599385 -0.032447  
 12 13 18  -13.885870 -1.632363 -2.689519 -0.032447 -9.293915 -1.140429 -1.495172 -0.032447 -5.606533 -0.317891 0.655919 -0.032447 -11.753669 0.584727 2.427908 -0.032447 -16.397317 1.107395 3.586244 -0.032447  
 13 5 6  0.000000 -5.966161 0.000000 0.110158 0.000000 -3.533714 0.000000 0.110158 0.000000 0.028321 0.000000 0.110158 0.000000 3.590356 -0.000000 0.110158 0.000000 6.022803 -0.000000 0.110158  
 14 6 7  0.000000 -0.744197 0.000000 -0.018218 0.000000 -0.445201 0.000000 -0.018218 0.000000 -0.007356 0.000000 -0.018218 0.000000 0.430488 -0.000000 -0.018218 0.000000 0.729484 -0.000000 -0.018218  
 15 7 8  0.000000 -6.023146 -0.000000 0.107601 0.000000 -3.590560 -0.000000 0.107601 0.000000 -0.028321 0.000000 0.107601 0.000000 3.533918 0.000000 0.107601 0.000000 5.966504 0.000000 0.107601  
 16 8 5  0.000000 -0.729140 -0.000000 -0.001294 0.000000 -0.430284 -0.000000 -0.001294 0.000000 0.007356 0.000000 -0.001294 0.000000 0.444997 0.000000 -0.001294 0.000000 0.743853 0.000000 -0.001294  
 17 10 11  0.000000 -6.319100 0.000000 0.038368 0.000000 -3.740429 0.000000 0.038368 0.000000 0.035735 0.000000 0.038368 0.000000 3.811899 -0.000000 0.038368 0.000000 6.390570 -0.000000 0.038368  
 18 11 12  0.000000 -0.120161 -0.000000 0.030441 0.000000 -0.071203 -0.000000 0.030441 0.000000 0.000492 0.000000 0.030441 0.000000 0.072186 0.000000 0.030441 0.000000 0.121144 0.000000 0.030441  
 19 12 13  0.000000 -6.389874 -0.000000 0.039052 0.000000 -3.811485 -0.000000 0.039052 0.000000 -0.035735 0.000000 0.039052 0.000000 3.740016 0.000000 0.039052 0.000000 6.318404 0.000000 0.039052  
 20 13 10  0.000000 -0.121840 0.000000 0.044397 0.000000 -0.072599 0.000000 0.044397 0.000000 -0.000492 0.000000 0.044397 0.000000 0.071616 -0.000000 0.044397 0.000000 0.120857 -0.000000 0.044397  
 21 15 16  0.000000 -3.709909 0.000000 -0.034246 0.000000 -2.190465 0.000000 -0.034246 0.000000 0.034584 0.000000 -0.034246 0.000000 2.259633 -0.000000 -0.034246 0.000000 3.779077 -0.000000 -0.034246  
 22 16 17  0.000000 1.180185 0.000000 0.033051 0.000000 0.702174 0.000000 0.033051 0.000000 0.002183 0.000000 0.033051 0.000000 -0.697808 -0.000000 0.033051 0.000000 -1.175818 -0.000000 0.033051  
 23 17 18  0.000000 -3.777165 -0.000000 -0.032010 0.000000 -2.258497 -0.000000 -0.032010 0.000000 -0.034584 0.000000 -0.032010 0.000000 2.189330 0.000000 -0.032010 0.000000 3.707998 0.000000 -0.032010  
 24 18 15  0.000000 1.173907 -0.000000 0.041744 0.000000 0.696672 -0.000000 0.041744 0.000000 -0.002183 0.000000 0.041744 0.000000 -0.701039 0.000000 0.041744 0.000000 -1.178274 0.000000 0.041744  
