 1 1 5  -40.002689 -1.858522 1.853211 -0.000132 -40.045577 -1.361670 1.340508 -0.000132 -40.094539 -0.633791 0.589642 -0.000132 -40.097795 0.093188 -0.160160 -0.000132 -40.070412 0.590007 -0.672645 -0.000132  
 2 2 6  -36.439104 -1.859682 1.856030 -0.000132 -36.481852 -1.362636 1.342523 -0.000132 -36.531195 -0.634490 0.590466 -0.000132 -36.535731 0.093786 -0.162072 -0.000132 -36.506878 0.590826 -0.675771 -0.000132  
 3 3 7  -31.917260 -1.850310 1.844888 -0.000132 -31.898564 -1.364516 1.343413 -0.000132 -31.947506 -0.634952 0.591097 -0.000132 -31.952324 0.096146 -0.162518 -0.000132 -31.923490 0.594407 -0.676425 -0.000132  
 4 4 8  -35.424738 -1.861399 1.854309 -0.000132 -35.467654 -1.363592 1.341430 -0.000132 -35.517284 -0.634321 0.590308 -0.000132 -35.523065 0.095601 -0.160422 -0.000132 -35.492897 0.593636 -0.673329 -0.000132  
 5 5 10  -26.536263 -1.540404 1.307198 -0.002280 -26.547632 -0.960798 0.765487 -0.002280 -26.557148 -0.111940 -0.028036 -0.002280 -26.540595 0.737298 -0.821626 -0.002280 -26.523656 1.317378 -1.363728 -0.002280  
 6 6 11  -24.481701 -1.532312 1.302833 -0.002280 -24.451018 -0.961008 0.767900 -0.002280 -24.461693 -0.111756 -0.028407 -0.002280 -24.444234 0.737667 -0.824726 -0.002280 -24.441749 1.314985 -1.365559 -0.002280  
 7 7 12  -21.577420 -1.515917 1.281389 -0.002280 -21.428664 -0.964327 0.768136 -0.002280 -21.438271 -0.110543 -0.028517 -0.002280 -21.420702 0.743166 -0.825011 -0.002280 -21.502635 1.306951 -1.349556 -0.002280  
 8 8 13  -23.592607 -1.532941 1.294409 -0.002280 -23.536135 -0.964122 0.765737 -0.002280 -23.546494 -0.110702 -0.028012 -0.002280 -23.527786 0.742802 -0.821918 -0.002280 -23.543858 1.319044 -1.357476 -0.002280  
 9 10 15  -12.909526 -1.208429 0.550384 -0.004407 -12.737267 -0.635584 0.238536 -0.004407 -12.740503 0.255083 -0.261648 -0.004407 -12.944989 1.104909 -0.724994 -0.004407 -13.816042 1.559731 -0.946269 -0.004407  
 10 11 16  -12.228015 -1.195820 0.549690 -0.004407 -11.989811 -0.635612 0.242747 -0.004407 -11.993022 0.255141 -0.263693 -0.004407 -12.266335 1.092727 -0.722247 -0.004407 -13.209322 1.537796 -0.941481 -0.004407  
 11 12 17  -11.127528 -1.186657 0.530218 -0.004407 -10.737359 -0.644667 0.242764 -0.004407 -10.740408 0.260156 -0.263734 -0.004407 -11.161596 1.085690 -0.701250 -0.004407 -12.241135 1.521239 -0.912567 -0.004407  
 12 13 18  -11.791899 -1.203307 0.533838 -0.004407 -11.494675 -0.644633 0.238556 -0.004407 -11.497674 0.260096 -0.261687 -0.004407 -11.830692 1.100961 -0.705762 -0.004407 -12.837248 1.545987 -0.917788 -0.004407  
 13 5 6  0.000000 2.035451 -0.000000 0.001474 0.000000 1.209624 -0.000000 0.001474 0.000000 0.000297 0.000000 0.001474 0.000000 -1.209030 0.000000 0.001474 0.000000 -2.034856 0.000000 0.001474  
 14 6 7  0.000000 2.178392 -0.000000 -0.007120 0.000000 1.294605 -0.000000 -0.007120 0.000000 0.000401 0.000000 -0.007120 0.000000 -1.293802 0.000000 -0.007120 0.000000 -2.177589 0.000000 -0.007120  
 15 7 8  0.000000 2.034806 0.000000 0.005695 0.000000 1.209000 0.000000 0.005695 0.000000 -0.000297 0.000000 0.005695 0.000000 -1.209594 -0.000000 0.005695 0.000000 -2.035401 -0.000000 0.005695  
 16 8 5  0.000000 2.177639 0.000000 -0.003005 0.000000 1.293832 0.000000 -0.003005 0.000000 -0.000401 0.000000 -0.003005 0.000000 -1.294634 -0.000000 -0.003005 0.000000 -2.178442 -0.000000 -0.003005  
 17 10 11  0.000000 1.910414 0.000000 0.007003 0.000000 1.135436 0.000000 0.007003 0.000000 0.000572 0.000000 0.007003 0.000000 -1.134292 -0.000000 0.007003 0.000000 -1.909269 -0.000000 0.007003  
 18 11 12  0.000000 2.533527 0.000000 -0.014267 0.000000 1.505947 0.000000 -0.014267 0.000000 0.001175 0.000000 -0.014267 0.000000 -1.503596 -0.000000 -0.014267 0.000000 -2.531176 -0.000000 -0.014267  
 19 12 13  0.000000 1.909092 -0.000000 0.011456 0.000000 1.134186 -0.000000 0.011456 0.000000 -0.000572 0.000000 0.011456 0.000000 -1.135331 0.000000 0.011456 0.000000 -1.910236 0.000000 0.011456  
 20 13 10  0.000000 2.531354 -0.000000 -0.010434 0.000000 1.503702 -0.000000 -0.010434 0.000000 -0.001175 0.000000 -0.010434 0.000000 -1.506052 0.000000 -0.010434 0.000000 -2.533704 0.000000 -0.010434  
 21 15 16  0.000000 0.977415 -0.000000 0.009753 0.000000 0.581552 -0.000000 0.009753 0.000000 0.001857 0.000000 0.009753 0.000000 -0.577839 0.000000 0.009753 0.000000 -0.973702 0.000000 0.009753  
 22 16 17  0.000000 1.614089 -0.000000 -0.014750 0.000000 0.960909 -0.000000 -0.014750 0.000000 0.004403 0.000000 -0.014750 0.000000 -0.952102 0.000000 -0.014750 0.000000 -1.605282 0.000000 -0.014750  
 23 17 18  0.000000 0.973404 0.000000 0.011750 0.000000 0.577662 0.000000 0.011750 0.000000 -0.001857 0.000000 0.011750 0.000000 -0.581375 -0.000000 0.011750 0.000000 -0.977118 -0.000000 0.011750  
 24 18 15  0.000000 1.605580 0.000000 -0.013805 0.000000 0.952279 0.000000 -0.013805 0.000000 -0.004403 0.000000 -0.013805 0.000000 -0.961086 -0.000000 -0.013805 0.000000 -1.614386 -0.000000 -0.013805  
