 1 1 5  -40.422726 -2.658129 2.334160 0.000634 -40.283684 -1.904225 1.688622 0.000634 -40.342384 -0.745179 0.689455 0.000634 -40.345575 0.413017 -0.307684 0.000634 -40.313525 1.204169 -0.989754 0.000634  
 2 2 6  -36.333837 -2.617860 2.298908 0.000634 -35.965701 -1.905977 1.692200 0.000634 -36.024671 -0.746309 0.690169 0.000634 -36.031350 0.413761 -0.312313 0.000634 -35.997086 1.205544 -0.996629 0.000634  
 3 3 7  -32.250737 -2.561291 2.243537 0.000634 -31.580250 -1.899543 1.685108 0.000634 -31.592258 -0.746124 0.691496 0.000634 -31.597407 0.418070 -0.313181 0.000634 -31.565959 1.212175 -0.998202 0.000634  
 4 4 8  -36.246611 -2.619275 2.294848 0.000634 -35.872978 -1.906814 1.690613 0.000634 -35.931893 -0.744982 0.690858 0.000634 -35.939687 0.417201 -0.308687 0.000634 -35.905205 1.210638 -0.991441 0.000634  
 5 5 10  -26.521551 -1.301982 1.333306 0.000434 -26.544051 -0.738978 0.780903 0.000434 -26.560765 0.085154 -0.027598 0.000434 -26.540746 0.909666 -0.836263 0.000434 -26.523173 1.471668 -1.387420 0.000434  
 6 6 11  -23.961634 -1.299214 1.337600 0.000434 -23.967499 -0.739427 0.785823 0.000434 -23.986622 0.085292 -0.027485 0.000434 -23.964689 0.910265 -0.840671 0.000434 -24.001843 1.461466 -1.383742 0.000434  
 7 7 12  -21.492374 -1.294291 1.325078 0.000434 -21.428985 -0.744875 0.786413 0.000434 -21.446125 0.084624 -0.027753 0.000434 -21.425800 0.914287 -0.841507 0.000434 -21.573099 1.447863 -1.364382 0.000434  
 8 8 13  -24.010050 -1.307152 1.330941 0.000434 -24.016371 -0.744417 0.781515 0.000434 -24.035042 0.084430 -0.027844 0.000434 -24.012442 0.913682 -0.837132 0.000434 -24.048556 1.467968 -1.378012 0.000434  
 9 10 15  -12.831170 -0.782663 0.870500 0.000362 -12.754620 -0.361327 0.419509 0.000362 -12.759504 0.280495 -0.265654 0.000362 -12.929488 0.888119 -0.916685 0.000362 -13.682409 1.203174 -1.259742 0.000362  
 10 11 16  -11.907993 -0.771274 0.870162 0.000362 -11.765870 -0.361363 0.425135 0.000362 -11.770800 0.280582 -0.269036 0.000362 -12.028263 0.873577 -0.913763 0.000362 -12.877119 1.178758 -1.250377 0.000362  
 11 12 17  -11.035588 -0.768692 0.856233 0.000362 -10.813429 -0.366623 0.425184 0.000362 -10.818404 0.283660 -0.269158 0.000362 -11.178898 0.867953 -0.897120 0.000362 -12.120651 1.168223 -1.224248 0.000362  
 12 13 18  -11.950045 -0.782546 0.859285 0.000362 -11.811246 -0.366579 0.419558 0.000362 -11.815990 0.283571 -0.265780 0.000362 -12.068695 0.885453 -0.902708 0.000362 -12.912753 1.195694 -1.234852 0.000362  
 13 5 6  0.000000 2.379452 0.000000 0.004964 0.000000 1.414250 0.000000 0.004964 0.000000 0.000823 0.000000 0.004964 0.000000 -1.412603 -0.000000 0.004964 0.000000 -2.377806 -0.000000 0.004964  
 14 6 7  0.000000 2.572579 0.000000 -0.010135 0.000000 1.529063 0.000000 -0.010135 0.000000 0.000955 0.000000 -0.010135 0.000000 -1.527154 -0.000000 -0.010135 0.000000 -2.570670 -0.000000 -0.010135  
 15 7 8  0.000000 2.377598 -0.000000 0.010594 0.000000 1.412480 -0.000000 0.010594 0.000000 -0.000823 0.000000 0.010594 0.000000 -1.414126 0.000000 0.010594 0.000000 -2.379244 0.000000 0.010594  
 16 8 5  0.000000 2.570878 -0.000000 -0.004512 0.000000 1.527277 -0.000000 -0.004512 0.000000 -0.000955 0.000000 -0.004512 0.000000 -1.529187 0.000000 -0.004512 0.000000 -2.572787 0.000000 -0.004512  
 17 10 11  0.000000 2.250127 0.000000 0.008173 0.000000 1.337348 0.000000 0.008173 0.000000 0.000688 0.000000 0.008173 0.000000 -1.335972 -0.000000 0.008173 0.000000 -2.248752 -0.000000 0.008173  
 18 11 12  0.000000 2.242059 0.000000 -0.011970 0.000000 1.332536 0.000000 -0.011970 0.000000 0.000645 0.000000 -0.011970 0.000000 -1.331245 -0.000000 -0.011970 0.000000 -2.240768 -0.000000 -0.011970  
 19 12 13  0.000000 2.248423 -0.000000 0.012441 0.000000 1.335777 -0.000000 0.012441 0.000000 -0.000688 0.000000 0.012441 0.000000 -1.337152 0.000000 0.012441 0.000000 -2.249799 0.000000 0.012441  
 20 13 10  0.000000 2.241097 -0.000000 -0.007815 0.000000 1.331440 -0.000000 -0.007815 0.000000 -0.000645 0.000000 -0.007815 0.000000 -1.332731 0.000000 -0.007815 0.000000 -2.242388 0.000000 -0.007815  
 21 15 16  0.000000 1.298384 0.000000 0.010831 0.000000 0.772664 0.000000 0.010831 0.000000 0.002808 0.000000 0.010831 0.000000 -0.767048 -0.000000 0.010831 0.000000 -1.292768 -0.000000 0.010831  
 22 16 17  0.000000 1.238912 0.000000 -0.012119 0.000000 0.737237 0.000000 -0.012119 0.000000 0.002594 0.000000 -0.012119 0.000000 -0.732050 -0.000000 -0.012119 0.000000 -1.233724 -0.000000 -0.012119  
 23 17 18  0.000000 1.292330 -0.000000 0.012680 0.000000 0.766787 -0.000000 0.012680 0.000000 -0.002808 0.000000 0.012680 0.000000 -0.772404 0.000000 0.012680 0.000000 -1.297946 0.000000 0.012680  
 24 18 15  0.000000 1.234162 -0.000000 -0.010735 0.000000 0.732310 -0.000000 -0.010735 0.000000 -0.002594 0.000000 -0.010735 0.000000 -0.737498 0.000000 -0.010735 0.000000 -1.239350 0.000000 -0.010735  
