 1 1 5  -64.135685 -10.752989 -10.813783 0.278248 -47.954272 -7.618222 -7.500934 0.278248 -24.719848 -2.946781 -2.485306 0.278248 -28.130182 3.104707 3.844949 0.278248 -44.091103 6.368454 7.183578 0.278248  
 2 2 6  -76.940307 -11.427066 -11.272914 0.278248 -61.826258 -8.287780 -8.064026 0.278248 -42.481685 -3.409693 -3.051165 0.278248 -44.080884 3.665775 4.099922 0.278248 -57.432442 7.030018 7.450114 0.278248  
 3 3 7  -60.383320 -10.821525 -10.404886 0.278248 -43.980922 -7.517953 -7.209283 0.278248 -19.781542 -2.557664 -2.448764 0.278248 -23.810864 3.412958 3.263435 0.278248 -40.371797 6.790333 6.510772 0.278248  
 4 4 8  -45.892977 -9.984467 -9.780735 0.278248 -29.048579 -6.648093 -6.472411 0.278248 -4.062092 -1.669171 -1.549029 0.278248 -9.031064 2.560319 2.676701 0.278248 -26.179762 5.941569 6.051178 0.278248  
 5 5 10  -31.813253 -4.885252 -4.167871 0.085511 -23.403774 -3.024954 -2.429380 0.085511 -18.387151 0.669300 1.012459 0.085511 -28.164344 3.769773 3.765685 0.085511 -36.742986 5.640109 5.460651 0.085511  
 6 6 11  -37.597508 -5.273177 -3.937437 0.085511 -30.357610 -3.364002 -2.289107 0.085511 -27.893781 0.668667 1.139191 0.085511 -34.772630 4.079544 3.897609 0.085511 -42.617246 5.983599 5.451702 0.085511  
 7 7 12  -29.584483 -5.431812 -3.523482 0.085511 -20.405590 -3.358722 -1.911378 0.085511 -13.263540 0.528738 1.124053 0.085511 -25.003140 3.927215 3.428352 0.085511 -34.208217 6.028596 4.980863 0.085511  
 8 8 13  -23.698542 -4.977984 -3.711949 0.085511 -13.924352 -2.889712 -1.988793 0.085511 -4.173274 0.377071 0.730993 0.085511 -18.467587 3.536327 3.241588 0.085511 -28.202781 5.629653 4.943583 0.085511  
 9 10 15  -16.236436 -3.492359 -1.674366 -0.049174 -9.289057 -1.845326 -0.735189 -0.049174 -6.511887 0.935990 0.818505 -0.049174 -16.585147 3.391335 2.147066 -0.049174 -23.515293 5.034062 3.063439 -0.049174  
 10 11 16  -18.231752 -3.651276 -1.618019 -0.049174 -11.477507 -2.006035 -0.703968 -0.049174 -9.043317 1.042656 0.926586 -0.049174 -18.634913 3.536133 2.173059 -0.049174 -25.432481 5.183437 3.044362 -0.049174  
 11 12 17  -15.330507 -3.697517 -1.510012 -0.049174 -7.885113 -1.902964 -0.618607 -0.049174 -4.235803 0.802474 0.725255 -0.049174 -15.108670 3.443727 2.026483 -0.049174 -22.505820 5.227625 2.908146 -0.049174  
 12 13 18  -13.277211 -3.521726 -1.565499 -0.049174 -5.799555 -1.723927 -0.641094 -0.049174 -2.132171 0.666067 0.603858 -0.049174 -13.012893 3.279241 2.000872 -0.049174 -20.462123 5.063427 2.922473 -0.049174  
 13 5 6  0.000000 -10.851044 -0.000000 -0.590194 0.000000 -6.404694 -0.000000 -0.590194 0.000000 0.106469 0.000000 -0.590194 0.000000 6.617632 0.000000 -0.590194 0.000000 11.063982 0.000000 -0.590194  
 14 6 7  0.000000 12.189543 -0.000000 0.791413 0.000000 7.306856 -0.000000 0.791413 0.000000 0.156728 0.000000 0.791413 0.000000 -6.993399 0.000000 0.791413 0.000000 -11.876086 0.000000 0.791413  
 15 7 8  0.000000 -11.004892 0.000000 -0.738632 0.000000 -6.582519 0.000000 -0.738632 0.000000 -0.106469 0.000000 -0.738632 0.000000 6.369581 -0.000000 -0.738632 0.000000 10.791953 -0.000000 -0.738632  
 16 8 5  0.000000 11.816996 0.000000 0.919652 0.000000 6.958286 0.000000 0.919652 0.000000 -0.156728 0.000000 0.919652 0.000000 -7.271743 -0.000000 0.919652 0.000000 -12.130453 -0.000000 0.919652  
 17 10 11  0.000000 -7.027762 0.000000 -0.291843 0.000000 -4.166382 0.000000 -0.291843 0.000000 0.023776 0.000000 -0.291843 0.000000 4.213934 -0.000000 -0.291843 0.000000 7.075314 -0.000000 -0.291843  
 18 11 12  0.000000 9.793739 0.000000 0.328080 0.000000 5.849647 0.000000 0.328080 0.000000 0.073982 0.000000 0.328080 0.000000 -5.701683 -0.000000 0.328080 0.000000 -9.645776 -0.000000 0.328080  
 19 12 13  0.000000 -7.000801 -0.000000 -0.375564 0.000000 -4.169657 -0.000000 -0.375564 0.000000 -0.023776 0.000000 -0.375564 0.000000 4.122105 0.000000 -0.375564 0.000000 6.953248 0.000000 -0.375564  
 20 13 10  0.000000 9.571262 -0.000000 0.403687 0.000000 5.657406 -0.000000 0.403687 0.000000 -0.073982 0.000000 0.403687 0.000000 -5.805369 0.000000 0.403687 0.000000 -9.719226 0.000000 0.403687  
 21 15 16  0.000000 -2.982998 0.000000 -0.078175 0.000000 -1.767260 0.000000 -0.078175 0.000000 0.013045 0.000000 -0.078175 0.000000 1.793351 -0.000000 -0.078175 0.000000 3.009088 -0.000000 -0.078175  
 22 16 17  0.000000 5.220063 0.000000 0.078566 0.000000 3.128070 0.000000 0.078566 0.000000 0.064590 0.000000 0.078566 0.000000 -2.998890 -0.000000 0.078566 0.000000 -5.090883 -0.000000 0.078566  
 23 17 18  0.000000 -2.930755 -0.000000 -0.094899 0.000000 -1.746804 -0.000000 -0.094899 0.000000 -0.013045 0.000000 -0.094899 0.000000 1.720714 0.000000 -0.094899 0.000000 2.904665 0.000000 -0.094899  
 24 18 15  0.000000 5.012550 -0.000000 0.082117 0.000000 2.952343 -0.000000 0.082117 0.000000 -0.064590 0.000000 0.082117 0.000000 -3.081523 0.000000 0.082117 0.000000 -5.141730 0.000000 0.082117  
