 1 1 5  -35.509192 6.646344 -2.220142 -0.226340 -30.111879 5.065797 -1.505087 -0.226340 -22.970959 2.442539 -0.502604 -0.226340 -22.596932 -1.670867 0.868355 -0.226340 -25.862073 -3.710461 1.487934 -0.226340  
 2 2 6  -35.736030 6.713803 -2.134354 -0.226340 -30.159912 5.105878 -1.429338 -0.226340 -22.629149 2.446241 -0.468636 -0.226340 -22.262312 -1.690696 0.868243 -0.226340 -25.821348 -3.737830 1.465755 -0.226340  
 3 3 7  -50.277555 7.459223 -2.437082 -0.226340 -46.509488 5.888644 -1.684479 -0.226340 -44.540102 2.663878 -0.519880 -0.226340 -44.461893 -1.229850 0.894506 -0.226340 -43.696310 -3.810230 1.847613 -0.226340  
 4 4 8  -50.151246 7.394127 -2.524397 -0.226340 -46.506481 5.839489 -1.770262 -0.226340 -44.839897 2.652316 -0.554977 -0.226340 -44.734533 -1.207994 0.892376 -0.226340 -43.930424 -3.756879 1.871339 -0.226340  
 5 5 10  -24.671569 4.841838 -0.161079 -0.210591 -19.267073 3.326000 0.124331 -0.210591 -14.223213 0.559075 0.696450 -0.210591 -17.092962 -2.574391 0.940656 -0.210591 -22.139536 -4.106705 1.148770 -0.210591  
 6 6 11  -23.428923 4.756892 -0.180712 -0.210591 -17.957581 3.239209 0.106620 -0.210591 -12.230667 0.558619 0.684656 -0.210591 -15.721325 -2.505086 0.901134 -0.210591 -20.941535 -4.029720 1.127614 -0.210591  
 7 7 12  -32.905073 4.939882 -0.209589 -0.210591 -29.560325 3.545682 0.130324 -0.210591 -28.883183 0.567496 0.684667 -0.210591 -28.655602 -2.557639 1.172578 -0.210591 -30.829116 -4.134286 1.337330 -0.210591  
 8 8 13  -34.145223 5.007172 -0.185958 -0.210591 -31.017621 3.584458 0.148557 -0.210591 -30.604082 0.567547 0.696678 -0.210591 -30.239382 -2.556071 1.206659 -0.210591 -32.117903 -4.181580 1.358497 -0.210591  
 9 10 15  -20.678129 6.363902 1.828349 -0.006161 -8.893864 3.324914 1.106023 -0.006161 2.198746 -0.214843 0.067887 -0.006161 -12.857182 -4.442138 -0.789790 -0.006161 -24.570902 -7.473861 -1.475613 -0.006161  
 10 11 16  -19.269018 6.239182 1.809075 -0.006161 -7.564969 3.204522 1.078651 -0.006161 2.670709 -0.214843 0.066616 -0.006161 -11.498741 -4.318662 -0.783937 -0.006161 -23.183844 -7.349734 -1.473586 -0.006161  
 11 12 17  -24.428467 6.262689 1.931638 -0.006161 -13.509986 3.480420 1.218489 -0.006161 -1.506386 -0.492701 0.164856 -0.006161 -17.358619 -4.572653 -0.857468 -0.006161 -28.214591 -7.341933 -1.555626 -0.006161  
 12 13 18  -25.555737 6.356351 1.948776 -0.006161 -14.645112 3.573455 1.240686 -0.006161 -2.629614 -0.586483 0.189939 -0.006161 -18.474549 -4.666574 -0.858946 -0.006161 -29.330523 -7.435268 -1.556870 -0.006161  
 13 5 6  0.000000 -1.877122 -0.000000 -0.037549 0.000000 -1.118412 -0.000000 -0.037549 0.000000 -0.007368 0.000000 -0.037549 0.000000 1.103676 0.000000 -0.037549 0.000000 1.862386 0.000000 -0.037549  
 14 6 7  0.000000 -8.722021 -0.000000 -0.174719 0.000000 -5.138219 -0.000000 -0.174719 0.000000 0.109842 0.000000 -0.174719 0.000000 5.357903 0.000000 -0.174719 0.000000 8.941705 0.000000 -0.174719  
 15 7 8  0.000000 -1.862746 0.000000 -0.004668 0.000000 -1.103890 0.000000 -0.004668 0.000000 0.007368 0.000000 -0.004668 0.000000 1.118626 -0.000000 -0.004668 0.000000 1.877483 -0.000000 -0.004668  
 16 8 5  0.000000 -8.941345 0.000000 -0.173617 0.000000 -5.357689 0.000000 -0.173617 0.000000 -0.109842 0.000000 -0.173617 0.000000 5.138005 -0.000000 -0.173617 0.000000 8.721661 -0.000000 -0.173617  
 17 10 11  0.000000 0.538216 0.000000 -0.138971 0.000000 0.319709 0.000000 -0.138971 0.000000 -0.000269 0.000000 -0.138971 0.000000 -0.320246 -0.000000 -0.138971 0.000000 -0.538753 -0.000000 -0.138971  
 18 11 12  0.000000 -10.495438 0.000000 -0.035363 0.000000 -6.189803 0.000000 -0.035363 0.000000 0.115300 0.000000 -0.035363 0.000000 6.420402 -0.000000 -0.035363 0.000000 10.726037 -0.000000 -0.035363  
 19 12 13  0.000000 0.541514 -0.000000 -0.070925 0.000000 0.321887 -0.000000 -0.070925 0.000000 0.000269 0.000000 -0.070925 0.000000 -0.321350 0.000000 -0.070925 0.000000 -0.540976 0.000000 -0.070925  
 20 13 10  0.000000 -10.728798 -0.000000 -0.032354 0.000000 -6.422042 -0.000000 -0.032354 0.000000 -0.115300 0.000000 -0.032354 0.000000 6.191443 0.000000 -0.032354 0.000000 10.498198 0.000000 -0.032354  
 21 15 16  0.000000 1.539615 -0.000000 -0.081701 0.000000 0.916213 -0.000000 -0.081701 0.000000 0.003312 0.000000 -0.081701 0.000000 -0.909589 0.000000 -0.081701 0.000000 -1.532992 0.000000 -0.081701  
 22 16 17  0.000000 -7.078697 0.000000 0.044040 0.000000 -4.151086 0.000000 0.044040 0.000000 0.136061 0.000000 0.044040 0.000000 4.423208 -0.000000 0.044040 0.000000 7.350819 -0.000000 0.044040  
 23 17 18  0.000000 1.543580 0.000000 -0.073831 0.000000 0.915881 0.000000 -0.073831 0.000000 -0.003312 0.000000 -0.073831 0.000000 -0.922504 -0.000000 -0.073831 0.000000 -1.550203 -0.000000 -0.073831  
 24 18 15  0.000000 -7.361407 -0.000000 0.038514 0.000000 -4.429499 -0.000000 0.038514 0.000000 -0.136061 0.000000 0.038514 0.000000 4.157377 0.000000 0.038514 0.000000 7.089285 0.000000 0.038514  
