 1 1 5  -50.215228 -6.211165 -8.492257 0.083103 -40.975552 -4.649152 -6.286188 0.083103 -28.470180 -2.263576 -2.825050 0.083103 -26.772880 1.368645 2.257654 0.083103 -33.878076 3.119086 4.733594 0.083103  
 2 2 6  -64.371043 -6.747065 -9.051753 0.083103 -56.519211 -5.177047 -6.918140 0.083103 -48.258340 -2.533754 -3.292185 0.083103 -48.036720 1.412313 1.842046 0.083103 -50.161196 3.650954 4.846986 0.083103  
 3 3 7  -52.744749 -6.471523 -8.441985 0.083103 -43.913359 -4.828864 -6.357110 0.083103 -32.255829 -2.251312 -3.071623 0.083103 -30.765049 1.674810 1.847867 0.083103 -36.485120 3.574119 4.357205 0.083103  
 4 4 8  -37.876383 -5.869434 -7.709811 0.083103 -27.969106 -4.212665 -5.508848 0.083103 -12.944301 -1.692905 -2.190541 0.083103 -10.422357 1.186235 1.678434 0.083103 -20.568518 2.903038 3.937957 0.083103  
 5 5 10  -35.318091 -5.046881 -6.764867 0.071262 -23.393095 -3.067186 -4.112003 0.071262 -10.323901 0.214806 0.393268 0.071262 -25.309504 3.313377 4.592077 0.071262 -37.220372 5.292537 7.232203 0.071262  
 6 6 11  -42.783177 -5.442315 -6.752703 0.071262 -32.116044 -3.476455 -4.252850 0.071262 -24.275829 0.214125 0.456863 0.071262 -34.034474 3.693135 4.844753 0.071262 -44.814931 5.668881 7.312857 0.071262  
 7 7 12  -36.049905 -5.453655 -6.308421 0.071262 -24.598652 -3.373959 -3.842734 0.071262 -13.009338 0.186590 0.456592 0.071262 -26.615454 3.566517 4.419918 0.071262 -38.027738 5.651283 6.868823 0.071262  
 8 8 13  -28.292273 -5.016963 -6.257187 0.071262 -15.979796 -2.926936 -3.600926 0.071262 0.178172 0.075073 0.137912 0.071262 -17.863844 3.149981 4.075006 0.071262 -30.132401 5.234137 6.724218 0.071262  
 9 10 15  -13.479979 -2.073850 -2.396217 -0.013710 -7.539297 -0.993739 -1.124112 -0.013710 -7.113809 0.857802 1.077161 -0.013710 -15.857793 2.448388 2.937653 -0.013710 -21.824463 3.516631 4.196420 -0.013710  
 10 11 16  -15.838022 -2.249499 -2.235951 -0.013710 -10.639005 -1.171786 -1.031780 -0.013710 -10.790708 0.972891 1.290161 -0.013710 -18.629880 2.592228 3.001705 -0.013710 -24.222575 3.671032 4.149198 -0.013710  
 11 12 17  -13.605323 -2.314485 -2.088426 -0.013710 -7.857403 -1.181461 -0.901789 -0.013710 -7.676114 0.843666 1.155186 -0.013710 -16.175074 2.556160 2.846597 -0.013710 -21.995402 3.695952 3.996997 -0.013710  
 12 13 18  -11.191104 -2.130377 -2.230806 -0.013710 -4.988197 -0.981533 -0.963150 -0.013710 -4.224769 0.714329 0.906603 -0.013710 -13.348879 2.402602 2.767497 -0.013710 -19.478857 3.541094 4.023706 -0.013710  
 13 5 6  0.000000 -11.073520 -0.000000 -0.446985 0.000000 -6.533444 -0.000000 -0.446985 0.000000 0.114968 0.000000 -0.446985 0.000000 6.763381 0.000000 -0.446985 0.000000 11.303457 0.000000 -0.446985  
 14 6 7  0.000000 8.769520 -0.000000 0.460341 0.000000 5.236193 -0.000000 0.460341 0.000000 0.062046 0.000000 0.460341 0.000000 -5.112101 0.000000 0.460341 0.000000 -8.645428 0.000000 0.460341  
 15 7 8  0.000000 -11.266531 0.000000 -0.600937 0.000000 -6.741439 0.000000 -0.600937 0.000000 -0.114968 0.000000 -0.600937 0.000000 6.511503 -0.000000 -0.600937 0.000000 11.036595 -0.000000 -0.600937  
 16 8 5  0.000000 8.608503 0.000000 0.708015 0.000000 5.090159 0.000000 0.708015 0.000000 -0.062046 0.000000 0.708015 0.000000 -5.214251 -0.000000 0.708015 0.000000 -8.732595 -0.000000 0.708015  
 17 10 11  0.000000 -9.447297 -0.000000 -0.345900 0.000000 -5.584190 -0.000000 -0.345900 0.000000 0.072882 0.000000 -0.345900 0.000000 5.729954 0.000000 -0.345900 0.000000 9.593062 0.000000 -0.345900  
 18 11 12  0.000000 7.906424 0.000000 0.356631 0.000000 4.715860 0.000000 0.356631 0.000000 0.043650 0.000000 0.356631 0.000000 -4.628560 -0.000000 0.356631 0.000000 -7.819124 -0.000000 0.356631  
 19 12 13  0.000000 -9.537823 0.000000 -0.396781 0.000000 -5.697130 0.000000 -0.396781 0.000000 -0.072882 0.000000 -0.396781 0.000000 5.551366 -0.000000 -0.396781 0.000000 9.392059 -0.000000 -0.396781  
 20 13 10  0.000000 7.763885 -0.000000 0.461515 0.000000 4.595736 -0.000000 0.461515 0.000000 -0.043650 0.000000 0.461515 0.000000 -4.683037 0.000000 0.461515 0.000000 -7.851186 0.000000 0.461515  
 21 15 16  0.000000 -4.107488 -0.000000 -0.093735 0.000000 -2.430190 -0.000000 -0.093735 0.000000 0.026019 0.000000 -0.093735 0.000000 2.482228 0.000000 -0.093735 0.000000 4.159527 0.000000 -0.093735  
 22 16 17  0.000000 3.674826 -0.000000 0.093204 0.000000 2.192039 -0.000000 0.093204 0.000000 0.020670 0.000000 0.093204 0.000000 -2.150698 0.000000 0.093204 0.000000 -3.633485 0.000000 0.093204  
 23 17 18  0.000000 -4.100360 0.000000 -0.101376 0.000000 -2.447070 0.000000 -0.101376 0.000000 -0.026019 0.000000 -0.101376 0.000000 2.395031 -0.000000 -0.101376 0.000000 4.048321 -0.000000 -0.101376  
 24 18 15  0.000000 3.574318 0.000000 0.111593 0.000000 2.115540 0.000000 0.111593 0.000000 -0.020670 0.000000 0.111593 0.000000 -2.156881 -0.000000 0.111593 0.000000 -3.615658 -0.000000 0.111593  
