 1 1 5  -39.109994 -3.168630 0.965982 0.002669 -39.153089 -2.179879 0.736032 0.002669 -39.211789 -0.728889 0.396709 0.002669 -39.214980 0.721251 0.059414 0.002669 -39.182930 1.711766 -0.172061 0.002669  
 2 2 6  -35.694311 -3.152702 0.953502 0.002669 -35.648705 -2.181631 0.738782 0.002669 -35.707675 -0.730019 0.398767 0.002669 -35.714354 0.721994 0.058301 0.002669 -35.680090 1.713141 -0.173936 0.002669  
 3 3 7  -32.938213 -3.128286 0.936042 0.002669 -32.761044 -2.183472 0.740688 0.002669 -32.818426 -0.731080 0.400094 0.002669 -32.823575 0.723045 0.057434 0.002669 -32.792126 1.715139 -0.175509 0.002669  
 4 4 8  -36.291962 -3.157891 0.956684 0.002669 -36.270590 -2.181701 0.738023 0.002669 -36.329505 -0.729938 0.398112 0.002669 -36.337299 0.722176 0.058411 0.002669 -36.302817 1.713601 -0.173749 0.002669  
 5 5 10  -25.752032 -0.720840 1.168781 0.000309 -25.774532 -0.275176 0.772278 0.000309 -25.791246 0.377125 0.192074 0.000309 -25.771227 1.029807 -0.388294 0.000309 -25.747482 1.475704 -0.784771 0.000309  
 6 6 11  -23.243169 -0.721410 1.170572 0.000309 -23.265847 -0.275625 0.773377 0.000309 -23.284970 0.377264 0.191337 0.000309 -23.263038 1.030406 -0.390581 0.000309 -23.239172 1.476420 -0.787726 0.000309  
 7 7 12  -22.206876 -0.723025 1.171394 0.000309 -22.229070 -0.277055 0.773967 0.000309 -22.246210 0.376608 0.191069 0.000309 -22.225885 1.030436 -0.391417 0.000309 -22.202325 1.476664 -0.788850 0.000309  
 8 8 13  -24.714353 -0.722455 1.169618 0.000309 -24.736772 -0.276597 0.772890 0.000309 -24.755442 0.376414 0.191828 0.000309 -24.732843 1.029831 -0.389163 0.000309 -24.709212 1.475947 -0.785906 0.000309  
 9 10 15  -12.610326 0.262224 1.192885 -0.001728 -12.583130 0.269863 0.652922 -0.001728 -12.588014 0.271286 -0.149357 -0.001728 -12.573206 0.272658 -0.951849 -0.001728 -12.827292 0.245514 -1.444879 -0.001728  
 10 11 16  -11.589935 0.253882 1.187259 -0.001728 -11.497768 0.269827 0.656520 -0.001728 -11.502697 0.271373 -0.152040 -0.001728 -11.491719 0.272012 -0.959821 -0.001728 -11.909486 0.237501 -1.424878 -0.001728  
 11 12 17  -11.426184 0.252938 1.184654 -0.001728 -11.320748 0.270194 0.656569 -0.001728 -11.325723 0.271781 -0.152162 -0.001728 -11.317087 0.272000 -0.959500 -0.001728 -11.759232 0.236542 -1.419862 -0.001728  
 12 13 18  -12.443710 0.261429 1.191163 -0.001728 -12.407727 0.270238 0.652971 -0.001728 -12.412471 0.271691 -0.149483 -0.001728 -12.397859 0.273037 -0.951984 -0.001728 -12.674442 0.244276 -1.440610 -0.001728  
 13 5 6  0.000000 1.360049 0.000000 0.000741 0.000000 0.808148 0.000000 0.000741 0.000000 -0.000048 0.000000 0.000741 0.000000 -0.808243 -0.000000 0.000741 0.000000 -1.360145 -0.000000 0.000741  
 14 6 7  0.000000 2.535608 0.000000 -0.000691 0.000000 1.506766 0.000000 -0.000691 0.000000 0.000148 0.000000 -0.000691 0.000000 -1.506471 -0.000000 -0.000691 0.000000 -2.535313 -0.000000 -0.000691  
 15 7 8  0.000000 1.360121 -0.000000 0.002063 0.000000 0.808229 -0.000000 0.002063 0.000000 0.000048 0.000000 0.002063 0.000000 -0.808134 0.000000 0.002063 0.000000 -1.360025 0.000000 0.002063  
 16 8 5  0.000000 2.535336 -0.000000 0.000220 0.000000 1.506485 -0.000000 0.000220 0.000000 -0.000148 0.000000 0.000220 0.000000 -1.506780 0.000000 0.000220 0.000000 -2.535632 0.000000 0.000220  
 17 10 11  0.000000 2.004201 0.000000 -0.001428 0.000000 1.191083 0.000000 -0.001428 0.000000 0.000367 0.000000 -0.001428 0.000000 -1.190349 -0.000000 -0.001428 0.000000 -2.003466 -0.000000 -0.001428  
 18 11 12  0.000000 1.195378 0.000000 -0.000436 0.000000 0.710254 0.000000 -0.000436 0.000000 -0.000153 0.000000 -0.000436 0.000000 -0.710561 -0.000000 -0.000436 0.000000 -1.195685 -0.000000 -0.000436  
 19 12 13  0.000000 2.003467 -0.000000 -0.001474 0.000000 1.190349 -0.000000 -0.001474 0.000000 -0.000367 0.000000 -0.001474 0.000000 -1.191084 0.000000 -0.001474 0.000000 -2.004202 0.000000 -0.001474  
 20 13 10  0.000000 1.195684 -0.000000 -0.000120 0.000000 0.710560 -0.000000 -0.000120 0.000000 0.000153 0.000000 -0.000120 0.000000 -0.710254 0.000000 -0.000120 0.000000 -1.195377 0.000000 -0.000120  
 21 15 16  0.000000 1.461591 0.000000 0.001094 0.000000 0.869331 0.000000 0.001094 0.000000 0.002035 0.000000 0.001094 0.000000 -0.865261 -0.000000 0.001094 0.000000 -1.457521 -0.000000 0.001094  
 22 16 17  0.000000 0.237185 0.000000 -0.001441 0.000000 0.140966 0.000000 -0.001441 0.000000 0.000066 0.000000 -0.001441 0.000000 -0.140835 -0.000000 -0.001441 0.000000 -0.237054 -0.000000 -0.001441  
 23 17 18  0.000000 1.457505 -0.000000 0.001139 0.000000 0.865251 -0.000000 0.001139 0.000000 -0.002035 0.000000 0.001139 0.000000 -0.869322 0.000000 0.001139 0.000000 -1.461575 0.000000 0.001139  
 24 18 15  0.000000 0.237070 -0.000000 -0.001043 0.000000 0.140845 -0.000000 -0.001043 0.000000 -0.000066 0.000000 -0.001043 0.000000 -0.140976 0.000000 -0.001043 0.000000 -0.237201 0.000000 -0.001043  
