 1 1 5  -71.882381 8.116004 15.365166 0.426827 -52.922373 5.609364 10.788848 0.426827 -24.705066 1.806703 3.914348 0.426827 -28.375593 -2.726256 -4.666843 0.426827 -47.614302 -5.274626 -9.377948 0.426827  
 2 2 6  -47.993454 7.381391 13.916336 0.426827 -27.656495 4.866522 8.973036 0.426827 1.380638 1.019694 1.685965 0.426827 -5.208306 -1.908651 -3.454003 0.426827 -25.416696 -4.502420 -8.462357 0.426827  
 3 3 7  -63.491861 7.697674 15.144123 0.426827 -43.318741 5.272577 10.230881 0.426827 -12.705102 1.593151 2.861778 0.426827 -20.046348 -2.208588 -4.717236 0.426827 -40.839531 -4.715164 -9.727023 0.426827  
 4 4 8  -85.200954 8.320085 16.321805 0.426827 -66.913412 5.923813 11.735750 0.426827 -42.111798 2.248299 4.643198 0.426827 -44.561296 -2.943076 -5.487556 0.426827 -61.669788 -5.409291 -10.321478 0.426827  
 5 5 10  -33.461798 3.612321 6.122457 0.269033 -23.432671 2.289068 3.584635 0.269033 -16.334743 -0.193535 -1.344323 0.269033 -29.024633 -2.405643 -5.291539 0.269033 -39.194383 -3.763563 -7.773911 0.269033  
 6 6 11  -24.306436 3.189278 6.411932 0.269033 -12.308638 1.826045 3.472409 0.269033 0.486615 -0.080722 -0.355489 0.269033 -17.010478 -2.074296 -4.715322 0.269033 -28.944381 -3.422817 -7.640583 0.269033  
 7 7 12  -32.709295 3.107224 7.092911 0.269033 -20.918711 1.871822 4.154362 0.269033 -9.047304 -0.214570 -0.994382 0.269033 -25.653064 -2.130924 -5.415168 0.269033 -37.402993 -3.363895 -8.332202 0.269033  
 8 8 13  -41.004768 3.492778 6.647086 0.269033 -32.064794 2.293963 4.037078 0.269033 -28.313157 -0.236195 -1.344245 0.269033 -37.087703 -2.422834 -5.814851 0.269033 -46.610838 -3.668583 -8.316320 0.269033  
 9 10 15  -18.422743 4.076119 3.513821 -0.037320 -8.814559 2.185142 1.617805 -0.037320 -2.902212 -0.431689 -0.972417 -0.037320 -16.796121 -3.162688 -3.781485 -0.037320 -26.372990 -5.033716 -5.672371 -0.037320  
 10 11 16  -14.701283 3.791492 3.689300 -0.037320 -4.838443 1.875281 1.654041 -0.037320 1.185581 -0.298091 -0.577149 -0.037320 -12.605410 -2.935601 -3.646559 -0.037320 -22.544945 -4.790575 -5.721903 -0.037320  
 11 12 17  -18.110856 3.834212 3.916066 -0.037320 -8.215848 2.018410 1.854840 -0.037320 -1.917596 -0.405876 -0.855182 -0.037320 -16.277142 -2.997446 -3.927944 -0.037320 -26.161857 -4.783426 -5.991578 -0.037320  
 12 13 18  -21.677798 4.117042 3.697681 -0.037320 -12.284887 2.326157 1.784121 -0.037320 -6.788060 -0.523578 -1.279199 -0.037320 -20.369688 -3.210237 -4.037828 -0.037320 -29.747084 -4.999868 -5.924217 -0.037320  
 13 5 6  0.000000 16.714695 -0.000000 -0.682561 0.000000 10.058940 -0.000000 -0.682561 0.000000 0.312361 0.000000 -0.682561 0.000000 -9.434218 0.000000 -0.682561 0.000000 -16.089973 0.000000 -0.682561  
 14 6 7  0.000000 -8.436655 0.000000 1.076674 0.000000 -4.985623 0.000000 1.076674 0.000000 0.068011 0.000000 1.076674 0.000000 5.121646 -0.000000 1.076674 0.000000 8.572678 -0.000000 1.076674  
 15 7 8  0.000000 16.166209 0.000000 -0.625281 0.000000 9.479519 0.000000 -0.625281 0.000000 -0.312361 0.000000 -0.625281 0.000000 -10.104241 -0.000000 -0.625281 0.000000 -16.790931 -0.000000 -0.625281  
 16 8 5  0.000000 -8.648914 -0.000000 0.836950 0.000000 -5.166947 -0.000000 0.836950 0.000000 -0.068011 0.000000 0.836950 0.000000 5.030924 0.000000 0.836950 0.000000 8.512891 0.000000 0.836950  
 17 10 11  0.000000 12.053602 -0.000000 -0.392252 0.000000 7.206271 -0.000000 -0.392252 0.000000 0.107918 0.000000 -0.392252 0.000000 -6.990434 0.000000 -0.392252 0.000000 -11.837765 0.000000 -0.392252  
 18 11 12  0.000000 -7.523242 0.000000 0.641336 0.000000 -4.454152 0.000000 0.641336 0.000000 0.040174 0.000000 0.641336 0.000000 4.534500 -0.000000 0.641336 0.000000 7.603590 -0.000000 0.641336  
 19 12 13  0.000000 11.949827 0.000000 -0.349605 0.000000 7.057024 0.000000 -0.349605 0.000000 -0.107918 0.000000 -0.349605 0.000000 -7.272860 -0.000000 -0.349605 0.000000 -12.165663 -0.000000 -0.349605  
 20 13 10  0.000000 -7.715652 -0.000000 0.401543 0.000000 -4.601089 -0.000000 0.401543 0.000000 -0.040174 0.000000 0.401543 0.000000 4.520741 0.000000 0.401543 0.000000 7.635304 0.000000 0.401543  
 21 15 16  0.000000 5.659883 0.000000 -0.129003 0.000000 3.387439 0.000000 -0.129003 0.000000 0.059710 0.000000 -0.129003 0.000000 -3.268019 -0.000000 -0.129003 0.000000 -5.540463 -0.000000 -0.129003  
 22 16 17  0.000000 -4.716913 -0.000000 0.158460 0.000000 -2.786031 -0.000000 0.158460 0.000000 0.041521 0.000000 0.158460 0.000000 2.869072 0.000000 0.158460 0.000000 4.799954 0.000000 0.158460  
 23 17 18  0.000000 5.660820 -0.000000 -0.116048 0.000000 3.339538 -0.000000 -0.116048 0.000000 -0.059710 0.000000 -0.116048 0.000000 -3.458958 0.000000 -0.116048 0.000000 -5.780240 0.000000 -0.116048  
 24 18 15  0.000000 -4.920311 0.000000 0.143878 0.000000 -2.940591 0.000000 0.143878 0.000000 -0.041521 0.000000 0.143878 0.000000 2.857550 -0.000000 0.143878 0.000000 4.837270 -0.000000 0.143878  
