 1 1 5  -34.879980 0.609870 -0.960020 0.000056 -34.884197 0.430817 -0.673039 0.000056 -34.889749 0.168564 -0.252756 0.000056 -34.891088 -0.093887 0.167907 0.000056 -34.887553 -0.273010 0.454934 0.000056  
 2 2 6  -36.152011 0.609828 -0.959780 0.000056 -36.156325 0.430777 -0.672764 0.000056 -36.162150 0.168518 -0.252429 0.000056 -36.163168 -0.093854 0.167820 0.000056 -36.159533 -0.272980 0.454839 0.000056  
 3 3 7  -37.105077 0.609719 -0.959687 0.000056 -37.109465 0.430659 -0.672677 0.000056 -37.115322 0.168387 -0.252352 0.000056 -37.116424 -0.093814 0.167730 0.000056 -37.112782 -0.272935 0.454748 0.000056  
 4 4 8  -35.832941 0.609766 -0.959936 0.000056 -35.837249 0.430702 -0.672964 0.000056 -35.842960 0.168436 -0.252698 0.000056 -35.844524 -0.093834 0.167843 0.000056 -35.840749 -0.272962 0.454858 0.000056  
 5 5 10  -23.413078 0.291381 -0.388862 0.000009 -23.415025 0.162167 -0.202164 0.000009 -23.416700 -0.027134 0.071356 0.000009 -23.414258 -0.216395 0.344772 0.000009 -23.412195 -0.345606 0.531463 0.000009  
 6 6 11  -24.052341 0.291352 -0.388924 0.000009 -24.054364 0.162136 -0.202173 0.000009 -24.055942 -0.027132 0.071281 0.000009 -24.053397 -0.216380 0.344724 0.000009 -24.051328 -0.345587 0.531467 0.000009  
 7 7 12  -24.583579 0.291382 -0.388889 0.000009 -24.585625 0.162143 -0.202139 0.000009 -24.587203 -0.027092 0.071252 0.000009 -24.584675 -0.216359 0.344692 0.000009 -24.582571 -0.345588 0.531433 0.000009  
 8 8 13  -23.944240 0.291412 -0.388831 0.000009 -23.946247 0.162174 -0.202135 0.000009 -23.948163 -0.027100 0.071346 0.000009 -23.945463 -0.216376 0.344743 0.000009 -23.943348 -0.345607 0.531433 0.000009  
 9 10 15  -11.811213 0.131450 -0.081067 -0.000000 -11.811809 0.052200 -0.008431 -0.000000 -11.811880 -0.063875 0.097944 -0.000000 -11.811020 -0.179926 0.204305 -0.000000 -11.810342 -0.259166 0.276937 -0.000000  
 10 11 16  -12.005114 0.131443 -0.081093 -0.000000 -12.005717 0.052193 -0.008444 -0.000000 -12.005724 -0.063872 0.097919 -0.000000 -12.004899 -0.179920 0.204296 -0.000000 -12.004223 -0.259159 0.276943 -0.000000  
 11 12 17  -12.188442 0.131452 -0.081086 -0.000000 -12.189055 0.052197 -0.008439 -0.000000 -12.189051 -0.063862 0.097913 -0.000000 -12.188219 -0.179917 0.204289 -0.000000 -12.187537 -0.259161 0.276935 -0.000000  
 12 13 18  -11.994546 0.131460 -0.081061 -0.000000 -11.995160 0.052205 -0.008427 -0.000000 -11.995211 -0.063865 0.097939 -0.000000 -11.994342 -0.179923 0.204298 -0.000000 -11.993657 -0.259167 0.276930 -0.000000  
 13 5 6  0.000000 -0.874121 0.000000 -0.000035 0.000000 -0.519431 0.000000 -0.000035 0.000000 -0.000028 0.000000 -0.000035 0.000000 0.519375 -0.000000 -0.000035 0.000000 0.874065 -0.000000 -0.000035  
 14 6 7  0.000000 -0.582694 -0.000000 0.000072 0.000000 -0.346253 -0.000000 0.000072 0.000000 -0.000013 0.000000 0.000072 0.000000 0.346228 0.000000 0.000072 0.000000 0.582669 0.000000 0.000072  
 15 7 8  0.000000 -0.874063 -0.000000 -0.000030 0.000000 -0.519374 -0.000000 -0.000030 0.000000 0.000028 0.000000 -0.000030 0.000000 0.519429 0.000000 -0.000030 0.000000 0.874119 0.000000 -0.000030  
 16 8 5  0.000000 -0.582671 0.000000 0.000061 0.000000 -0.346229 0.000000 0.000061 0.000000 0.000013 0.000000 0.000061 0.000000 0.346255 -0.000000 0.000061 0.000000 0.582697 -0.000000 0.000061  
 17 10 11  0.000000 -0.615043 -0.000000 -0.000017 0.000000 -0.365474 -0.000000 -0.000017 0.000000 -0.000007 0.000000 -0.000017 0.000000 0.365459 0.000000 -0.000017 0.000000 0.615029 0.000000 -0.000017  
 18 11 12  0.000000 -0.480508 0.000000 0.000030 0.000000 -0.285528 0.000000 0.000030 0.000000 -0.000003 0.000000 0.000030 0.000000 0.285522 -0.000000 0.000030 0.000000 0.480502 -0.000000 0.000030  
 19 12 13  0.000000 -0.615025 0.000000 -0.000019 0.000000 -0.365456 0.000000 -0.000019 0.000000 0.000007 0.000000 -0.000019 0.000000 0.365471 -0.000000 -0.000019 0.000000 0.615040 -0.000000 -0.000019  
 20 13 10  0.000000 -0.480506 -0.000000 0.000024 0.000000 -0.285525 -0.000000 0.000024 0.000000 0.000003 0.000000 0.000024 0.000000 0.285530 0.000000 0.000024 0.000000 0.480511 0.000000 0.000024  
 21 15 16  0.000000 -0.267750 -0.000000 -0.000003 0.000000 -0.159103 -0.000000 -0.000003 0.000000 -0.000002 0.000000 -0.000003 0.000000 0.159099 0.000000 -0.000003 0.000000 0.267747 0.000000 -0.000003  
 22 16 17  0.000000 -0.253180 -0.000000 0.000004 0.000000 -0.150444 -0.000000 0.000004 0.000000 -0.000001 0.000000 0.000004 0.000000 0.150443 0.000000 0.000004 0.000000 0.253178 0.000000 0.000004  
 23 17 18  0.000000 -0.267743 0.000000 -0.000003 0.000000 -0.159097 0.000000 -0.000003 0.000000 0.000002 0.000000 -0.000003 0.000000 0.159101 -0.000000 -0.000003 0.000000 0.267746 -0.000000 -0.000003  
 24 18 15  0.000000 -0.253182 0.000000 0.000003 0.000000 -0.150445 0.000000 0.000003 0.000000 0.000001 0.000000 0.000003 0.000000 0.150447 -0.000000 0.000003 0.000000 0.253183 -0.000000 0.000003  
