 1 1 5  -36.084302 0.123008 0.231971 -0.000031 -36.090194 0.092282 0.168501 -0.000031 -36.097923 0.047215 0.075558 -0.000031 -36.099365 0.001953 -0.017092 -0.000031 -36.094762 -0.028880 -0.080523 -0.000031  
 2 2 6  -35.586160 0.122991 0.232275 -0.000031 -35.592053 0.092276 0.168849 -0.000031 -35.599822 0.047238 0.075968 -0.000031 -35.601500 0.001943 -0.017178 -0.000031 -35.596641 -0.028844 -0.080638 -0.000031  
 3 3 7  -35.895161 0.122813 0.232259 -0.000031 -35.901181 0.092076 0.168834 -0.000031 -35.909200 0.046998 0.075954 -0.000031 -35.910688 0.001999 -0.017216 -0.000031 -35.905799 -0.028769 -0.080646 -0.000031  
 4 4 8  -36.393324 0.122840 0.231949 -0.000031 -36.399315 0.092096 0.168477 -0.000031 -36.407169 0.046995 0.075516 -0.000031 -36.408688 0.001945 -0.017110 -0.000031 -36.403934 -0.028824 -0.080516 -0.000031  
 5 5 10  -24.056467 0.130080 0.173200 -0.000002 -24.059337 0.078743 0.104289 -0.000002 -24.061943 0.003506 0.003498 -0.000002 -24.058596 -0.071741 -0.097392 -0.000002 -24.055641 -0.123073 -0.166304 -0.000002  
 6 6 11  -23.747121 0.130109 0.173134 -0.000002 -23.749959 0.078776 0.104296 -0.000002 -23.752529 0.003489 0.003438 -0.000002 -23.749168 -0.071741 -0.097442 -0.000002 -23.746188 -0.123080 -0.166295 -0.000002  
 7 7 12  -23.938231 0.130132 0.173116 -0.000002 -23.941130 0.078763 0.104279 -0.000002 -23.943748 0.003531 0.003419 -0.000002 -23.940303 -0.071701 -0.097433 -0.000002 -23.937290 -0.123072 -0.166284 -0.000002  
 8 8 13  -24.247597 0.130106 0.173176 -0.000002 -24.250499 0.078734 0.104264 -0.000002 -24.253098 0.003524 0.003488 -0.000002 -24.249778 -0.071704 -0.097375 -0.000002 -24.246772 -0.123067 -0.166287 -0.000002  
 9 10 15  -12.023738 0.047318 0.099395 0.000004 -12.024937 0.018799 0.046498 0.000004 -12.025402 -0.022976 -0.030962 0.000004 -12.023823 -0.064726 -0.108418 0.000004 -12.022491 -0.093234 -0.161313 0.000004  
 10 11 16  -11.909047 0.047329 0.099372 0.000004 -11.910239 0.018809 0.046492 0.000004 -11.910683 -0.022977 -0.030988 0.000004 -11.909121 -0.064737 -0.108430 0.000004 -11.907790 -0.093246 -0.161308 0.000004  
 11 12 17  -11.975013 0.047350 0.099364 0.000004 -11.976216 0.018818 0.046486 0.000004 -11.976649 -0.022956 -0.030987 0.000004 -11.975075 -0.064729 -0.108425 0.000004 -11.973737 -0.093250 -0.161301 0.000004  
 12 13 18  -12.089702 0.047339 0.099388 0.000004 -12.090907 0.018809 0.046492 0.000004 -12.091367 -0.022956 -0.030959 0.000004 -12.089779 -0.064719 -0.108411 0.000004 -12.088439 -0.093238 -0.161305 0.000004  
 13 5 6  0.000000 0.260500 -0.000000 0.000005 0.000000 0.154779 -0.000000 0.000005 0.000000 -0.000038 0.000000 0.000005 0.000000 -0.154854 0.000000 0.000005 0.000000 -0.260575 0.000000 0.000005  
 14 6 7  0.000000 -0.163036 0.000000 -0.000001 0.000000 -0.096886 0.000000 -0.000001 0.000000 -0.000018 0.000000 -0.000001 0.000000 0.096850 -0.000000 -0.000001 0.000000 0.162999 -0.000000 -0.000001  
 15 7 8  0.000000 0.260575 0.000000 -0.000017 0.000000 0.154854 0.000000 -0.000017 0.000000 0.000038 0.000000 -0.000017 0.000000 -0.154779 -0.000000 -0.000017 0.000000 -0.260500 -0.000000 -0.000017  
 16 8 5  0.000000 -0.162999 -0.000000 -0.000012 0.000000 -0.096850 -0.000000 -0.000012 0.000000 0.000018 0.000000 -0.000012 0.000000 0.096886 0.000000 -0.000012 0.000000 0.163036 0.000000 -0.000012  
 17 10 11  0.000000 0.268876 -0.000000 0.000016 0.000000 0.159768 -0.000000 0.000016 0.000000 -0.000009 0.000000 0.000016 0.000000 -0.159785 0.000000 0.000016 0.000000 -0.268894 0.000000 0.000016  
 18 11 12  0.000000 -0.172905 0.000000 -0.000009 0.000000 -0.102746 0.000000 -0.000009 0.000000 -0.000006 0.000000 -0.000009 0.000000 0.102734 -0.000000 -0.000009 0.000000 0.172893 -0.000000 -0.000009  
 19 12 13  0.000000 0.268893 0.000000 0.000011 0.000000 0.159785 0.000000 0.000011 0.000000 0.000009 0.000000 0.000011 0.000000 -0.159767 -0.000000 0.000011 0.000000 -0.268875 -0.000000 0.000011  
 20 13 10  0.000000 -0.172892 -0.000000 -0.000015 0.000000 -0.102733 -0.000000 -0.000015 0.000000 0.000006 0.000000 -0.000015 0.000000 0.102746 0.000000 -0.000015 0.000000 0.172904 0.000000 -0.000015  
 21 15 16  0.000000 0.158404 -0.000000 0.000007 0.000000 0.094125 -0.000000 0.000007 0.000000 -0.000004 0.000000 0.000007 0.000000 -0.094133 0.000000 0.000007 0.000000 -0.158413 0.000000 0.000007  
 22 16 17  0.000000 -0.091097 -0.000000 -0.000004 0.000000 -0.054132 -0.000000 -0.000004 0.000000 -0.000001 0.000000 -0.000004 0.000000 0.054129 0.000000 -0.000004 0.000000 0.091094 0.000000 -0.000004  
 23 17 18  0.000000 0.158411 0.000000 0.000007 0.000000 0.094133 0.000000 0.000007 0.000000 0.000004 0.000000 0.000007 0.000000 -0.094124 -0.000000 0.000007 0.000000 -0.158403 -0.000000 0.000007  
 24 18 15  0.000000 -0.091093 0.000000 -0.000005 0.000000 -0.054129 0.000000 -0.000005 0.000000 0.000001 0.000000 -0.000005 0.000000 0.054132 -0.000000 -0.000005 0.000000 0.091096 -0.000000 -0.000005  
