 1 1 5  -59.751414 -0.385325 10.757846 -0.183839 -50.476463 -0.303998 8.027849 -0.183839 -41.059638 -0.184882 3.410767 -0.183839 -41.026694 0.019283 -3.042383 -0.183839 -45.609633 0.134506 -6.499247 -0.183839  
 2 2 6  -46.467045 -0.371333 9.958008 -0.183839 -35.935978 -0.273571 7.112935 -0.183839 -21.247574 -0.150025 2.860186 -0.183839 -22.041479 0.014776 -3.170150 -0.183839 -32.071035 0.115364 -6.071156 -0.183839  
 3 3 7  -43.560431 -0.364585 9.726064 -0.183839 -32.885286 -0.285639 6.884947 -0.183839 -17.704595 -0.149802 2.675364 -0.183839 -18.649657 0.017650 -2.969790 -0.183839 -29.028418 0.118344 -5.844476 -0.183839  
 4 4 8  -57.208913 -0.397397 10.567266 -0.183839 -47.662821 -0.317090 7.856414 -0.183839 -37.238574 -0.197102 3.408600 -0.183839 -37.237360 0.023904 -3.036836 -0.183839 -42.742576 0.134910 -6.335351 -0.183839  
 5 5 10  -32.139859 -0.484131 4.890684 -0.152462 -27.615013 -0.484464 3.023427 -0.152462 -27.332657 -0.400341 -0.926514 -0.152462 -30.421540 -0.215308 -4.327296 -0.152462 -35.919682 -0.128425 -6.064863 -0.152462  
 6 6 11  -26.103892 -0.433434 4.984203 -0.152462 -19.329534 -0.402820 3.064811 -0.152462 -15.669279 -0.401128 -0.780273 -0.152462 -22.648375 -0.188156 -4.042995 -0.152462 -29.669408 -0.117255 -5.943497 -0.152462  
 7 7 12  -23.692503 -0.437950 4.803317 -0.152462 -16.728186 -0.387381 2.897117 -0.152462 -12.029536 -0.389018 -0.780701 -0.152462 -20.201793 -0.164442 -3.864479 -0.152462 -27.244298 -0.092764 -5.763108 -0.152462  
 8 8 13  -29.618778 -0.487199 4.742431 -0.152462 -24.685573 -0.469195 2.931887 -0.152462 -23.951977 -0.389147 -0.927091 -0.152462 -27.862663 -0.183261 -4.183797 -0.152462 -33.535468 -0.093056 -5.906405 -0.152462  
 9 10 15  -15.540032 -2.104005 1.908328 0.052081 -12.008791 -1.455749 0.834715 0.052081 -10.975380 -0.005581 -1.246635 0.052081 -16.002544 1.190214 -2.691040 0.052081 -20.084194 1.918446 -3.638334 0.052081  
 10 11 16  -13.358853 -1.942812 2.053209 0.052081 -9.201341 -1.295082 0.940488 0.052081 -7.603767 -0.005023 -1.087335 0.052081 -13.668858 1.123781 -2.615382 0.052081 -18.161295 1.838533 -3.650945 0.052081  
 11 12 17  -12.080793 -1.911071 1.978327 0.052081 -7.770390 -1.238332 0.885359 0.052081 -6.043600 -0.002616 -0.995737 0.052081 -12.347233 1.117046 -2.516116 0.052081 -16.887133 1.842189 -3.552302 0.052081  
 12 13 18  -14.280580 -2.077243 1.844261 0.052081 -10.531979 -1.415637 0.792502 0.052081 -9.330957 -0.002909 -1.189711 0.052081 -14.702055 1.185428 -2.603724 0.052081 -18.862820 1.920756 -3.551490 0.052081  
 13 5 6  0.000000 11.497515 0.000000 0.032576 0.000000 6.893003 0.000000 0.032576 0.000000 0.150232 0.000000 0.032576 0.000000 -6.592539 -0.000000 0.032576 0.000000 -11.197050 -0.000000 0.032576  
 14 6 7  0.000000 0.608312 -0.000000 -0.245407 0.000000 0.360918 -0.000000 -0.245407 0.000000 -0.001362 0.000000 -0.245407 0.000000 -0.363642 0.000000 -0.245407 0.000000 -0.611037 0.000000 -0.245407  
 15 7 8  0.000000 11.187579 -0.000000 0.034363 0.000000 6.586911 -0.000000 0.034363 0.000000 -0.150232 0.000000 0.034363 0.000000 -6.887375 0.000000 0.034363 0.000000 -11.488043 0.000000 0.034363  
 16 8 5  0.000000 0.620508 0.000000 -0.152404 0.000000 0.369271 0.000000 -0.152404 0.000000 0.001362 0.000000 -0.152404 0.000000 -0.366546 -0.000000 -0.152404 0.000000 -0.617784 -0.000000 -0.152404  
 17 10 11  0.000000 8.252357 0.000000 0.092197 0.000000 4.925909 0.000000 0.092197 0.000000 0.054712 0.000000 0.092197 0.000000 -4.816485 -0.000000 0.092197 0.000000 -8.142934 -0.000000 0.092197  
 18 11 12  0.000000 1.961434 0.000000 -0.157348 0.000000 1.167895 0.000000 -0.157348 0.000000 0.005851 0.000000 -0.157348 0.000000 -1.156194 -0.000000 -0.157348 0.000000 -1.949732 -0.000000 -0.157348  
 19 12 13  0.000000 8.130210 -0.000000 0.103208 0.000000 4.808924 -0.000000 0.103208 0.000000 -0.054712 0.000000 0.103208 0.000000 -4.918348 0.000000 0.103208 0.000000 -8.239634 0.000000 0.103208  
 20 13 10  0.000000 1.962456 -0.000000 -0.129034 0.000000 1.163755 -0.000000 -0.129034 0.000000 -0.005851 0.000000 -0.129034 0.000000 -1.175456 0.000000 -0.129034 0.000000 -1.974158 0.000000 -0.129034  
 21 15 16  0.000000 3.715289 -0.000000 0.058389 0.000000 2.218928 -0.000000 0.058389 0.000000 0.027680 0.000000 0.058389 0.000000 -2.163567 0.000000 0.058389 0.000000 -3.659929 0.000000 0.058389  
 22 16 17  0.000000 1.954858 0.000000 -0.069339 0.000000 1.164588 0.000000 -0.069339 0.000000 0.007328 0.000000 -0.069339 0.000000 -1.149931 -0.000000 -0.069339 0.000000 -1.940202 -0.000000 -0.069339  
 23 17 18  0.000000 3.645135 0.000000 0.060472 0.000000 2.154776 0.000000 0.060472 0.000000 -0.027680 0.000000 0.060472 0.000000 -2.210137 -0.000000 0.060472 0.000000 -3.700495 -0.000000 0.060472  
 24 18 15  0.000000 1.954996 -0.000000 -0.056017 0.000000 1.158722 -0.000000 -0.056017 0.000000 -0.007328 0.000000 -0.056017 0.000000 -1.173379 0.000000 -0.056017 0.000000 -1.969653 0.000000 -0.056017  
