 1 1 5  -33.979021 1.945584 2.706440 0.019724 -34.724430 1.600315 2.116549 0.019724 -36.048755 0.751215 0.865615 0.019724 -35.957497 -0.159841 -0.463885 0.019724 -34.893769 -0.756345 -1.341389 0.019724  
 2 2 6  -29.058710 1.923624 2.692075 0.019724 -29.090550 1.608041 2.145062 0.019724 -29.759914 0.764787 0.892019 0.019724 -29.704191 -0.183985 -0.478088 0.019724 -28.757613 -0.819083 -1.389190 0.019724  
 3 3 7  -35.312827 1.988485 2.763161 0.019724 -36.129701 1.615559 2.161123 0.019724 -37.362076 0.740531 0.881871 0.019724 -37.276895 -0.170977 -0.458909 0.019724 -36.222174 -0.781304 -1.328643 0.019724  
 4 4 8  -40.561555 1.982097 2.741583 0.019724 -41.981479 1.557223 2.074224 0.019724 -43.483376 0.727659 0.849729 0.019724 -43.392014 -0.148334 -0.440498 0.019724 -42.322790 -0.720999 -1.282393 0.019724  
 5 5 10  -23.229392 1.733955 1.585561 0.012600 -23.227814 1.296769 1.051371 0.012600 -23.519112 0.454046 0.067958 0.012600 -23.030122 -0.383218 -0.905781 0.012600 -22.364425 -0.910788 -1.518884 0.012600  
 6 6 11  -19.812033 1.682280 1.519552 0.012600 -19.443826 1.290289 1.035023 0.012600 -19.598409 0.453259 0.056915 0.012600 -19.165920 -0.404734 -0.942582 0.012600 -18.795370 -0.894611 -1.506829 0.012600  
 7 7 12  -24.719998 1.746006 1.592921 0.012600 -24.930066 1.293474 1.040768 0.012600 -25.215778 0.481592 0.056494 0.012600 -24.772390 -0.328166 -0.923232 0.012600 -23.979205 -0.857658 -1.544880 0.012600  
 8 8 13  -28.302803 1.771678 1.638590 0.012600 -28.754893 1.278513 1.036042 0.012600 -29.054494 0.481640 0.067883 0.012600 -28.557919 -0.306563 -0.885453 0.012600 -27.700980 -0.844804 -1.526205 0.012600  
 9 10 15  -16.027254 3.129533 1.570827 -0.015496 -11.138999 1.944369 0.905314 -0.015496 -6.820406 -0.198111 -0.308454 -0.015496 -12.380535 -2.156647 -1.301100 -0.015496 -17.194329 -3.333668 -1.943108 -0.015496  
 10 11 16  -14.801067 3.037254 1.562271 -0.015496 -9.812633 1.854508 0.885956 -0.015496 -4.812018 -0.198774 -0.316266 -0.015496 -11.113300 -2.071069 -1.286311 -0.015496 -15.992672 -3.248825 -1.935932 -0.015496  
 11 12 17  -16.696211 3.092229 1.627883 -0.015496 -12.027420 1.952079 0.948922 -0.015496 -8.342251 -0.175651 -0.316162 -0.015496 -13.189008 -2.130796 -1.365321 -0.015496 -17.801461 -3.265107 -2.015197 -0.015496  
 12 13 18  -17.950953 3.177425 1.639831 -0.015496 -13.386402 2.034768 0.967021 -0.015496 -10.288531 -0.174705 -0.307766 -0.015496 -14.490811 -2.206778 -1.383207 -0.015496 -19.014915 -3.348406 -2.017373 -0.015496  
 13 5 6  0.000000 2.994089 -0.000000 0.004498 0.000000 1.777812 -0.000000 0.004498 0.000000 -0.003284 0.000000 0.004498 0.000000 -1.784381 0.000000 0.004498 0.000000 -3.000658 0.000000 0.004498  
 14 6 7  0.000000 -2.539103 -0.000000 0.010566 0.000000 -1.509891 -0.000000 0.010566 0.000000 -0.002729 0.000000 0.010566 0.000000 1.504433 0.000000 0.010566 0.000000 2.533645 0.000000 0.010566  
 15 7 8  0.000000 3.001210 0.000000 0.025708 0.000000 1.784709 0.000000 0.025708 0.000000 0.003284 0.000000 0.025708 0.000000 -1.778140 -0.000000 0.025708 0.000000 -2.994641 -0.000000 0.025708  
 16 8 5  0.000000 -2.534197 0.000000 -0.011777 0.000000 -1.504761 0.000000 -0.011777 0.000000 0.002729 0.000000 -0.011777 0.000000 1.510219 -0.000000 -0.011777 0.000000 2.539655 -0.000000 -0.011777  
 17 10 11  0.000000 3.171314 -0.000000 -0.065125 0.000000 1.885700 -0.000000 -0.065125 0.000000 0.003068 0.000000 -0.065125 0.000000 -1.879563 0.000000 -0.065125 0.000000 -3.165177 0.000000 -0.065125  
 18 11 12  0.000000 -4.098785 -0.000000 0.057525 0.000000 -2.429492 -0.000000 0.057525 0.000000 0.014993 0.000000 0.057525 0.000000 2.459478 0.000000 0.057525 0.000000 4.128771 0.000000 0.057525  
 19 12 13  0.000000 3.166644 0.000000 -0.049955 0.000000 1.880435 0.000000 -0.049955 0.000000 -0.003068 0.000000 -0.049955 0.000000 -1.886572 -0.000000 -0.049955 0.000000 -3.172780 -0.000000 -0.049955  
 20 13 10  0.000000 -4.130238 0.000000 0.046935 0.000000 -2.460350 0.000000 0.046935 0.000000 -0.014993 0.000000 0.046935 0.000000 2.430364 -0.000000 0.046935 0.000000 4.100252 -0.000000 0.046935  
 21 15 16  0.000000 2.051830 0.000000 -0.060169 0.000000 1.222245 0.000000 -0.060169 0.000000 0.007413 0.000000 -0.060169 0.000000 -1.207419 -0.000000 -0.060169 0.000000 -2.037004 -0.000000 -0.060169  
 22 16 17  0.000000 -3.382366 0.000000 0.052270 0.000000 -1.997915 0.000000 0.052270 0.000000 0.029454 0.000000 0.052270 0.000000 2.056823 -0.000000 0.052270 0.000000 3.441275 -0.000000 0.052270  
 23 17 18  0.000000 2.039208 -0.000000 -0.055537 0.000000 1.208728 -0.000000 -0.055537 0.000000 -0.007413 0.000000 -0.055537 0.000000 -1.223554 0.000000 -0.055537 0.000000 -2.054034 0.000000 -0.055537  
 24 18 15  0.000000 -3.443479 -0.000000 0.052307 0.000000 -2.058133 -0.000000 0.052307 0.000000 -0.029454 0.000000 0.052307 0.000000 1.999224 0.000000 0.052307 0.000000 3.384570 0.000000 0.052307  
