 1 1 5  -40.574817 -0.052209 -8.164864 0.154255 -33.406091 -0.203918 -6.123377 0.154255 -23.562469 -0.459930 -2.919378 0.154255 -22.423434 -0.679546 2.000342 0.154255 -27.497217 -0.639558 4.416328 0.154255  
 2 2 6  -54.458320 -0.026825 -8.958364 0.154255 -48.775373 -0.213522 -6.993441 0.154255 -44.251245 -0.530099 -3.323133 0.154255 -44.195593 -0.719124 1.474948 0.154255 -43.794323 -0.786955 4.659111 0.154255  
 3 3 7  -52.486461 -0.087332 -8.865194 0.154255 -46.673815 -0.261340 -6.896912 0.154255 -41.268394 -0.559861 -3.335182 0.154255 -41.190342 -0.712245 1.494680 0.154255 -41.169047 -0.756018 4.617252 0.154255  
 4 4 8  -38.589892 -0.115354 -8.041441 0.154255 -31.282985 -0.256594 -5.984255 0.154255 -20.775621 -0.460919 -2.802040 0.154255 -19.169129 -0.641572 1.973482 0.154255 -25.171428 -0.607879 4.280724 0.154255  
 5 5 10  -29.880996 -2.489261 -6.530361 -0.166249 -19.813529 -1.539107 -3.987238 -0.166249 -8.574697 0.013013 0.315079 -0.166249 -21.147177 1.534803 4.368159 -0.166249 -31.184635 2.489679 6.898821 -0.166249  
 6 6 11  -37.304747 -2.704659 -6.610534 -0.166249 -28.741526 -1.766157 -4.257380 -0.166249 -23.399179 0.012326 0.370006 -0.166249 -30.120470 1.735856 4.725719 -0.166249 -38.765183 2.684604 7.054801 -0.166249  
 7 7 12  -36.253916 -2.674954 -6.543811 -0.166249 -27.591591 -1.738878 -4.197078 -0.166249 -21.798289 0.024156 0.369825 -0.166249 -29.017594 1.730466 4.663621 -0.166249 -37.758703 2.676128 6.988362 -0.166249  
 8 8 13  -28.893811 -2.463910 -6.459354 -0.166249 -18.741759 -1.513705 -3.913355 -0.166249 -6.853415 0.024295 0.315156 -0.166249 -20.126496 1.532239 4.292972 -0.166249 -30.229294 2.481561 6.829719 -0.166249  
 9 10 15  -12.012426 0.780928 -2.579091 0.059624 -7.163538 0.650613 -1.244355 0.059624 -6.358471 0.392010 1.095489 0.059624 -13.462439 0.097548 3.043329 0.059624 -18.440775 -0.080276 4.348912 0.059624  
 10 11 16  -14.145015 0.857150 -2.437137 0.059624 -10.530093 0.798682 -1.151776 0.059624 -10.557857 0.455320 1.362042 0.059624 -16.375303 0.104306 3.149575 0.059624 -20.661007 -0.089095 4.318627 0.059624  
 11 12 17  -14.213418 0.850512 -2.442993 0.059624 -10.606087 0.792335 -1.156704 0.059624 -10.638500 0.452573 1.366316 0.059624 -16.455720 0.105323 3.156799 0.059624 -20.742810 -0.087663 4.326099 0.059624  
 12 13 18  -12.093388 0.775196 -2.586446 0.059624 -7.245220 0.645741 -1.251150 0.059624 -6.445930 0.389880 1.101713 0.059624 -13.554135 0.099009 3.051933 0.059624 -18.532136 -0.078816 4.358053 0.059624  
 13 5 6  0.000000 -11.014993 -0.000000 -0.093795 0.000000 -6.493451 -0.000000 -0.093795 0.000000 0.127820 0.000000 -0.093795 0.000000 6.749091 0.000000 -0.093795 0.000000 11.270632 0.000000 -0.093795  
 14 6 7  0.000000 1.894503 -0.000000 0.063487 0.000000 1.123870 -0.000000 0.063487 0.000000 -0.004634 0.000000 0.063487 0.000000 -1.133137 0.000000 0.063487 0.000000 -1.903771 0.000000 0.063487  
 15 7 8  0.000000 -11.265665 0.000000 -0.077313 0.000000 -6.746139 0.000000 -0.077313 0.000000 -0.127820 0.000000 -0.077313 0.000000 6.490500 -0.000000 -0.077313 0.000000 11.010025 -0.000000 -0.077313  
 16 8 5  0.000000 1.898803 0.000000 0.092996 0.000000 1.130185 0.000000 0.092996 0.000000 0.004634 0.000000 0.092996 0.000000 -1.120918 -0.000000 0.092996 0.000000 -1.889536 -0.000000 0.092996  
 17 10 11  0.000000 -9.662919 0.000000 -0.068399 0.000000 -5.704843 0.000000 -0.068399 0.000000 0.091299 0.000000 -0.068399 0.000000 5.887441 -0.000000 -0.068399 0.000000 9.845517 -0.000000 -0.068399  
 18 11 12  0.000000 1.817258 0.000000 0.038338 0.000000 1.080850 0.000000 0.038338 0.000000 0.002467 0.000000 0.038338 0.000000 -1.075916 -0.000000 0.038338 0.000000 -1.812324 -0.000000 0.038338  
 19 12 13  0.000000 -9.839226 -0.000000 -0.067646 0.000000 -5.883703 -0.000000 -0.067646 0.000000 -0.091299 0.000000 -0.067646 0.000000 5.701105 0.000000 -0.067646 0.000000 9.656629 0.000000 -0.067646  
 20 13 10  0.000000 1.806033 -0.000000 0.043511 0.000000 1.072178 -0.000000 0.043511 0.000000 -0.002467 0.000000 0.043511 0.000000 -1.077113 0.000000 0.043511 0.000000 -1.810968 0.000000 0.043511  
 21 15 16  0.000000 -4.391555 -0.000000 0.012770 0.000000 -2.592284 -0.000000 0.012770 0.000000 0.042539 0.000000 0.012770 0.000000 2.677361 0.000000 0.012770 0.000000 4.476632 0.000000 0.012770  
 22 16 17  0.000000 -0.112323 -0.000000 -0.008758 0.000000 -0.067313 -0.000000 -0.008758 0.000000 -0.001402 0.000000 -0.008758 0.000000 0.064510 0.000000 -0.008758 0.000000 0.109519 0.000000 -0.008758  
 23 17 18  0.000000 -4.470680 0.000000 0.012802 0.000000 -2.673825 0.000000 0.012802 0.000000 -0.042539 0.000000 0.012802 0.000000 2.588747 -0.000000 0.012802 0.000000 4.385603 -0.000000 0.012802  
 24 18 15  0.000000 -0.115471 0.000000 -0.010124 0.000000 -0.068046 0.000000 -0.010124 0.000000 0.001402 0.000000 -0.010124 0.000000 0.070850 -0.000000 -0.010124 0.000000 0.118275 -0.000000 -0.010124  
