 1 1 5  -56.859620 13.707018 5.916647 -0.067533 -39.418861 9.357433 4.038733 -0.067533 -12.903452 2.844843 1.153697 -0.067533 -18.188511 -4.073359 -1.919117 -0.067533 -36.254374 -8.514682 -3.881965 -0.067533  
 2 2 6  -45.910953 12.839833 5.773052 -0.067533 -28.299842 8.463253 3.826206 -0.067533 -2.100159 1.916680 0.857406 -0.067533 -7.238091 -3.165479 -1.683258 -0.067533 -25.190012 -7.616830 -3.721574 -0.067533  
 3 3 7  -69.969455 14.306237 6.387874 -0.067533 -53.940891 10.299454 4.461950 -0.067533 -30.881213 4.229376 1.416977 -0.067533 -32.248582 -4.204729 -2.545828 -0.067533 -47.656821 -8.422765 -4.472228 -0.067533  
 4 4 8  -79.212771 14.953991 6.472019 -0.067533 -63.841601 10.951513 4.596642 -0.067533 -43.729672 4.666209 1.640935 -0.067533 -44.670257 -4.642752 -2.708780 -0.067533 -57.841704 -9.063948 -4.567343 -0.067533  
 5 5 10  -31.841214 7.458558 1.621894 -0.287115 -20.262140 4.461837 0.960620 -0.287115 -6.737178 -0.536714 -0.174279 -0.287115 -22.753147 -5.104216 -1.160258 -0.287115 -34.246814 -8.086914 -1.805840 -0.287115  
 6 6 11  -25.577167 6.932692 1.697687 -0.287115 -13.915021 3.932605 0.981321 -0.287115 0.572441 -0.156780 -0.052607 -0.287115 -16.445884 -4.580733 -1.153294 -0.287115 -28.011423 -7.566881 -1.856280 -0.287115  
 7 7 12  -35.189294 6.694556 1.921016 -0.287115 -26.036456 4.171613 1.218973 -0.287115 -20.216357 -0.826245 -0.148830 -0.287115 -29.593851 -5.192395 -1.369082 -0.287115 -38.844678 -7.688185 -2.064503 -0.287115  
 8 8 13  -41.003077 7.101701 1.832493 -0.287115 -32.477804 4.533163 1.181893 -0.287115 -28.967240 -0.825915 -0.174614 -0.287115 -35.665065 -5.578400 -1.356449 -0.287115 -44.493177 -8.095519 -2.000030 -0.287115  
 9 10 15  -19.142499 5.227081 3.317310 -0.014217 -7.769766 2.530995 1.775472 -0.014217 0.579862 -0.615544 -0.175953 -0.014217 -15.566453 -4.585314 -2.329369 -0.014217 -26.930856 -7.285662 -3.830819 -0.014217  
 10 11 16  -16.099240 4.979416 3.278740 -0.014217 -4.920472 2.300690 1.686667 -0.014217 2.595375 -0.441539 -0.128813 -0.014217 -12.445590 -4.320103 -2.295484 -0.014217 -23.809906 -7.018698 -3.838512 -0.014217  
 11 12 17  -20.463240 4.819949 3.522189 -0.014217 -9.795675 2.373181 1.950771 -0.014217 -2.323788 -0.918095 -0.231876 -0.014217 -17.796705 -4.527065 -2.487040 -0.014217 -28.421876 -6.965201 -4.037357 -0.014217  
 12 13 18  -23.246857 5.028652 3.553953 -0.014217 -12.664209 2.574530 2.033782 -0.014217 -5.229080 -1.169169 -0.265103 -0.014217 -20.677872 -4.754457 -2.514621 -0.014217 -31.240797 -7.191600 -4.025714 -0.014217  
 13 5 6  0.000000 6.103339 -0.000000 -0.791303 0.000000 3.640615 -0.000000 -0.791303 0.000000 0.034243 0.000000 -0.791303 0.000000 -3.572130 0.000000 -0.791303 0.000000 -6.034854 0.000000 -0.791303  
 14 6 7  0.000000 -15.490741 0.000000 0.580471 0.000000 -9.069835 0.000000 0.580471 0.000000 0.332836 0.000000 0.580471 0.000000 9.735506 -0.000000 0.580471 0.000000 16.156412 -0.000000 0.580471  
 15 7 8  0.000000 6.092102 0.000000 -0.571301 0.000000 3.606148 0.000000 -0.571301 0.000000 -0.034243 0.000000 -0.571301 0.000000 -3.674633 -0.000000 -0.571301 0.000000 -6.160587 -0.000000 -0.571301  
 16 8 5  0.000000 -16.213661 -0.000000 0.544617 0.000000 -9.769524 -0.000000 0.544617 0.000000 -0.332836 0.000000 0.544617 0.000000 9.103853 0.000000 0.544617 0.000000 15.547989 0.000000 0.544617  
 17 10 11  0.000000 5.383067 0.000000 -0.528007 0.000000 3.205477 0.000000 -0.528007 0.000000 0.016648 0.000000 -0.528007 0.000000 -3.172180 -0.000000 -0.528007 0.000000 -5.349770 -0.000000 -0.528007  
 18 11 12  0.000000 -12.977912 0.000000 0.277798 0.000000 -7.652741 0.000000 0.277798 0.000000 0.145352 0.000000 0.277798 0.000000 7.943445 -0.000000 0.277798 0.000000 13.268616 -0.000000 0.277798  
 19 12 13  0.000000 5.432188 -0.000000 -0.346127 0.000000 3.221154 -0.000000 -0.346127 0.000000 -0.016648 0.000000 -0.346127 0.000000 -3.254451 0.000000 -0.346127 0.000000 -5.465485 0.000000 -0.346127  
 20 13 10  0.000000 -13.351033 -0.000000 0.250235 0.000000 -7.992419 -0.000000 0.250235 0.000000 -0.145352 0.000000 0.250235 0.000000 7.701715 0.000000 0.250235 0.000000 13.060329 0.000000 0.250235  
 21 15 16  0.000000 3.842630 -0.000000 -0.157739 0.000000 2.292741 -0.000000 -0.157739 0.000000 0.023109 0.000000 -0.157739 0.000000 -2.246523 0.000000 -0.157739 0.000000 -3.796411 0.000000 -0.157739  
 22 16 17  0.000000 -6.724881 -0.000000 0.111655 0.000000 -3.954697 -0.000000 0.111655 0.000000 0.101915 0.000000 0.111655 0.000000 4.158527 0.000000 0.111655 0.000000 6.928711 0.000000 0.111655  
 23 17 18  0.000000 3.888800 0.000000 -0.141831 0.000000 2.301422 0.000000 -0.141831 0.000000 -0.023109 0.000000 -0.141831 0.000000 -2.347640 -0.000000 -0.141831 0.000000 -3.935018 -0.000000 -0.141831  
 24 18 15  0.000000 -7.021099 0.000000 0.105714 0.000000 -4.213426 0.000000 0.105714 0.000000 -0.101915 0.000000 0.105714 0.000000 4.009596 -0.000000 0.105714 0.000000 6.817269 -0.000000 0.105714  
