 1 1 5  -67.106443 -13.516215 -6.768529 -0.388959 -51.592127 -9.732593 -4.775352 -0.388959 -29.554045 -4.029809 -1.759576 -0.388959 -29.680822 3.838144 2.206286 -0.388959 -44.381635 7.789939 4.203500 -0.388959  
 2 2 6  -80.414300 -14.438127 -6.965961 -0.388959 -65.770259 -10.636024 -5.055418 -0.388959 -47.578863 -4.567924 -2.158025 -0.388959 -47.470027 4.383374 2.311700 -0.388959 -58.780082 8.676284 4.280123 -0.388959  
 3 3 7  -58.253689 -13.280945 -6.347338 -0.388959 -41.471530 -9.153918 -4.434641 -0.388959 -16.387937 -2.994424 -1.572917 -0.388959 -19.990803 4.012929 1.629177 -0.388959 -37.111071 8.204894 3.593298 -0.388959  
 4 4 8  -42.619309 -12.035508 -6.050202 -0.388959 -25.658520 -7.890455 -4.047359 -0.388959 -1.057145 -1.768195 -1.018857 -0.388959 -4.632261 2.732895 1.384829 -0.388959 -21.503684 6.926544 3.426117 -0.388959  
 5 5 10  -35.922064 -6.644852 -3.882564 -0.332950 -25.771373 -4.102606 -2.555371 -0.332950 -16.982030 0.573595 -0.270659 -0.332950 -27.522114 4.864465 2.103145 -0.332950 -37.718287 7.369803 3.470556 -0.332950  
 6 6 11  -44.515545 -7.244860 -3.777039 -0.332950 -35.409925 -4.632529 -2.586355 -0.332950 -30.516080 0.572841 -0.232089 -0.332950 -36.942034 5.452060 2.111962 -0.332950 -46.338421 7.989711 3.369681 -0.332950  
 7 7 12  -34.564779 -7.671226 -3.330754 -0.332950 -22.454452 -4.649140 -2.106976 -0.332950 -7.723044 0.308659 -0.232289 -0.332950 -23.431235 5.029126 1.788690 -0.332950 -35.534207 8.037060 3.023542 -0.332950  
 8 8 13  -24.528588 -6.840947 -3.382067 -0.332950 -12.233549 -3.822296 -2.018795 -0.332950 1.867538 0.070935 -0.062460 -0.332950 -13.143448 4.176609 1.716248 -0.332950 -25.361842 7.191626 3.063743 -0.332950  
 9 10 15  -22.824525 -5.377106 -5.233427 -0.010243 -9.552355 -2.633907 -2.761675 -0.010243 1.073114 0.593105 0.279122 -0.010243 -17.445082 4.689570 3.720711 -0.010243 -30.698285 7.463416 6.139485 -0.010243  
 10 11 16  -27.073782 -5.674715 -5.272370 -0.010243 -13.936838 -2.907707 -2.925645 -0.010243 -2.882439 0.952604 0.388113 -0.010243 -22.008263 5.039533 3.781863 -0.010243 -35.174434 7.802492 6.113270 -0.010243  
 11 12 17  -22.161179 -5.892959 -4.935076 -0.010243 -8.493859 -2.884494 -2.574278 -0.010243 2.402756 0.453567 0.212409 -0.010243 -16.152818 4.840965 3.500656 -0.010243 -29.982731 7.872146 5.820542 -0.010243  
 12 13 18  -17.333201 -5.530759 -4.869649 -0.010243 -3.951438 -2.564680 -2.390530 -0.010243 4.645210 0.382814 0.162278 -0.010243 -11.212586 4.451159 3.391571 -0.010243 -24.941425 7.473459 5.811421 -0.010243  
 13 5 6  0.000000 -7.636156 -0.000000 -0.809180 0.000000 -4.509101 -0.000000 -0.809180 0.000000 0.070107 0.000000 -0.809180 0.000000 4.649316 0.000000 -0.809180 0.000000 7.776371 0.000000 -0.809180  
 14 6 7  0.000000 15.726159 0.000000 0.652688 0.000000 9.477709 0.000000 0.652688 0.000000 0.327580 0.000000 0.652688 0.000000 -8.822549 -0.000000 0.652688 0.000000 -15.070999 -0.000000 0.652688  
 15 7 8  0.000000 -7.694842 0.000000 -1.239248 0.000000 -4.600870 0.000000 -1.239248 0.000000 -0.070107 0.000000 -1.239248 0.000000 4.460655 -0.000000 -1.239248 0.000000 7.554627 -0.000000 -1.239248  
 16 8 5  0.000000 14.989469 -0.000000 0.782366 0.000000 8.774102 -0.000000 0.782366 0.000000 -0.327580 0.000000 0.782366 0.000000 -9.429262 0.000000 0.782366 0.000000 -15.644630 0.000000 0.782366  
 17 10 11  0.000000 -8.380980 0.000000 -0.506096 0.000000 -4.962187 0.000000 -0.506096 0.000000 0.044236 0.000000 -0.506096 0.000000 5.050659 -0.000000 -0.506096 0.000000 8.469452 -0.000000 -0.506096  
 18 11 12  0.000000 13.721042 -0.000000 0.393216 0.000000 8.216557 -0.000000 0.393216 0.000000 0.155880 0.000000 0.393216 0.000000 -7.904798 0.000000 0.393216 0.000000 -13.409282 0.000000 0.393216  
 19 12 13  0.000000 -8.334039 -0.000000 -0.796593 0.000000 -4.970195 -0.000000 -0.796593 0.000000 -0.044236 0.000000 -0.796593 0.000000 4.881723 0.000000 -0.796593 0.000000 8.245567 0.000000 -0.796593  
 20 13 10  0.000000 13.273870 0.000000 0.434104 0.000000 7.824333 0.000000 0.434104 0.000000 -0.155880 0.000000 0.434104 0.000000 -8.136092 -0.000000 0.434104 0.000000 -13.585629 -0.000000 0.434104  
 21 15 16  0.000000 -5.807056 0.000000 -0.200544 0.000000 -3.428676 0.000000 -0.200544 0.000000 0.054185 0.000000 -0.200544 0.000000 3.537046 -0.000000 -0.200544 0.000000 5.915426 -0.000000 -0.200544  
 22 16 17  0.000000 7.480580 -0.000000 0.152430 0.000000 4.483456 -0.000000 0.152430 0.000000 0.094517 0.000000 0.152430 0.000000 -4.294423 0.000000 0.152430 0.000000 -7.291547 0.000000 0.152430  
 23 17 18  0.000000 -5.760930 -0.000000 -0.195040 0.000000 -3.445241 -0.000000 -0.195040 0.000000 -0.054185 0.000000 -0.195040 0.000000 3.336871 0.000000 -0.195040 0.000000 5.652559 0.000000 -0.195040  
 24 18 15  0.000000 7.137050 0.000000 0.170995 0.000000 4.202618 0.000000 0.170995 0.000000 -0.094517 0.000000 0.170995 0.000000 -4.391651 -0.000000 0.170995 0.000000 -7.326083 -0.000000 0.170995  
