 1 1 5  -40.491983 -1.173131 4.123746 0.005855 -40.023087 -0.898108 2.986130 0.005855 -40.089738 -0.379957 1.163709 0.005855 -40.093350 0.137773 -0.656436 0.005855 -40.056559 0.491377 -1.900746 0.005855  
 2 2 6  -35.120411 -1.111486 4.010824 0.005855 -34.074454 -0.888043 2.978700 0.005855 -34.072793 -0.381213 1.161128 0.005855 -34.079823 0.138740 -0.670596 0.005855 -34.041841 0.492963 -1.921306 0.005855  
 3 3 7  -33.091500 -1.088060 3.947968 0.005855 -31.797693 -0.874671 2.959931 0.005855 -31.695019 -0.381514 1.162400 0.005855 -31.700155 0.141945 -0.671598 0.005855 -31.664372 0.498210 -1.922829 0.005855  
 4 4 8  -38.372261 -1.151350 4.082727 0.005855 -37.680601 -0.900594 2.987924 0.005855 -37.747355 -0.380216 1.164942 0.005855 -37.755551 0.140946 -0.657388 0.005855 -37.716342 0.496467 -1.902307 0.005855  
 5 5 10  -26.140269 -0.817894 2.020691 0.005071 -26.155543 -0.478704 1.080335 0.005071 -26.175750 0.020932 -0.299542 0.005071 -26.153941 0.520883 -1.679782 0.005071 -26.389057 0.821329 -2.569417 0.005071  
 6 6 11  -23.185903 -0.800440 2.023299 0.005071 -23.098493 -0.479056 1.095686 0.005071 -23.120738 0.021127 -0.297104 0.005071 -23.096806 0.521525 -1.689710 0.005071 -23.615471 0.787417 -2.532298 0.005071  
 7 7 12  -21.874164 -0.794981 2.008940 0.005071 -21.710017 -0.483270 1.096256 0.005071 -21.729480 0.020500 -0.297380 0.005071 -21.707261 0.524394 -1.690588 0.005071 -22.382012 0.776927 -2.503355 0.005071  
 8 8 13  -24.796443 -0.817303 2.013940 0.005071 -24.774615 -0.482914 1.080876 0.005071 -24.796284 0.020239 -0.299759 0.005071 -24.770919 0.523669 -1.680556 0.005071 -25.119012 0.811107 -2.548565 0.005071  
 9 10 15  -12.632165 -0.384264 0.333320 0.001900 -12.648394 -0.164164 0.002238 0.001900 -12.654854 0.158174 -0.482416 0.001900 -12.655880 0.476542 -0.963197 0.001900 -12.917410 0.651564 -1.240082 0.001900  
 10 11 16  -11.725553 -0.384302 0.344814 0.001900 -11.741899 -0.164174 0.009468 0.001900 -11.748109 0.158256 -0.481747 0.001900 -11.779802 0.471233 -0.962703 0.001900 -12.118043 0.637332 -1.230702 0.001900  
 11 12 17  -11.236171 -0.388064 0.344897 0.001900 -11.252464 -0.166425 0.009526 0.001900 -11.258620 0.158435 -0.481862 0.001900 -11.313106 0.469952 -0.958332 0.001900 -11.688004 0.633690 -1.220164 0.001900  
 12 13 18  -12.144715 -0.388021 0.333401 0.001900 -12.161007 -0.166417 0.002287 0.001900 -12.167066 0.158338 -0.482530 0.001900 -12.183597 0.476288 -0.960233 0.001900 -12.482391 0.647993 -1.230881 0.001900  
 13 5 6  0.000000 4.024913 -0.000000 0.013491 0.000000 2.392958 -0.000000 0.013491 0.000000 0.003150 0.000000 0.013491 0.000000 -2.386658 0.000000 0.013491 0.000000 -4.018613 0.000000 0.013491  
 14 6 7  0.000000 1.313727 0.000000 -0.012999 0.000000 0.780928 0.000000 -0.012999 0.000000 0.000705 0.000000 -0.012999 0.000000 -0.779517 -0.000000 -0.012999 0.000000 -1.312317 -0.000000 -0.012999  
 15 7 8  0.000000 4.018217 0.000000 0.015889 0.000000 2.386423 0.000000 0.015889 0.000000 -0.003150 0.000000 0.015889 0.000000 -2.392723 -0.000000 0.015889 0.000000 -4.024518 -0.000000 0.015889  
 16 8 5  0.000000 1.312713 -0.000000 -0.006773 0.000000 0.779753 -0.000000 -0.006773 0.000000 -0.000705 0.000000 -0.006773 0.000000 -0.781163 0.000000 -0.006773 0.000000 -1.314123 0.000000 -0.006773  
 17 10 11  0.000000 2.934729 0.000000 0.010568 0.000000 1.744479 0.000000 0.010568 0.000000 0.001496 0.000000 0.010568 0.000000 -1.741486 -0.000000 0.010568 0.000000 -2.931736 -0.000000 0.010568  
 18 11 12  0.000000 1.222983 -0.000000 -0.008592 0.000000 0.726883 -0.000000 -0.008592 0.000000 0.000403 0.000000 -0.008592 0.000000 -0.726078 0.000000 -0.008592 0.000000 -1.222178 0.000000 -0.008592  
 19 12 13  0.000000 2.931260 -0.000000 0.011171 0.000000 1.741203 -0.000000 0.011171 0.000000 -0.001496 0.000000 0.011171 0.000000 -1.744196 0.000000 0.011171 0.000000 -2.934252 0.000000 0.011171  
 20 13 10  0.000000 1.222655 0.000000 -0.005842 0.000000 0.726361 0.000000 -0.005842 0.000000 -0.000403 0.000000 -0.005842 0.000000 -0.727167 -0.000000 -0.005842 0.000000 -1.223460 -0.000000 -0.005842  
 21 15 16  0.000000 1.225155 0.000000 0.004504 0.000000 0.728408 0.000000 0.004504 0.000000 0.000980 0.000000 0.004504 0.000000 -0.726447 -0.000000 0.004504 0.000000 -1.223194 -0.000000 0.004504  
 22 16 17  0.000000 0.659411 0.000000 -0.003384 0.000000 0.392022 0.000000 -0.003384 0.000000 0.000462 0.000000 -0.003384 0.000000 -0.391098 -0.000000 -0.003384 0.000000 -0.658487 -0.000000 -0.003384  
 23 17 18  0.000000 1.222694 -0.000000 0.004839 0.000000 0.726150 -0.000000 0.004839 0.000000 -0.000980 0.000000 0.004839 0.000000 -0.728111 0.000000 0.004839 0.000000 -1.224655 0.000000 0.004839  
 24 18 15  0.000000 0.658987 -0.000000 -0.002650 0.000000 0.391395 -0.000000 -0.002650 0.000000 -0.000462 0.000000 -0.002650 0.000000 -0.392319 0.000000 -0.002650 0.000000 -0.659911 0.000000 -0.002650  
