 1 1 5  -34.198088 0.494345 -2.875860 0.000520 -34.230353 0.334668 -2.018644 0.000520 -34.268008 0.101195 -0.763164 0.000520 -34.270196 -0.132594 0.493832 0.000520 -34.247430 -0.291995 1.351308 0.000520  
 2 2 6  -37.902671 0.493902 -2.874418 0.000520 -37.935287 0.334300 -2.017193 0.000520 -37.973796 0.100889 -0.761722 0.000520 -37.976550 -0.132327 0.493465 0.000520 -37.952711 -0.291700 1.350806 0.000520  
 3 3 7  -37.700374 0.493277 -2.873419 0.000520 -37.732675 0.333665 -2.016349 0.000520 -37.770218 0.100205 -0.761172 0.000520 -37.772646 -0.132194 0.492988 0.000520 -37.749984 -0.291539 1.350051 0.000520  
 4 4 8  -33.995052 0.493724 -2.874823 0.000520 -34.027079 0.334043 -2.017755 0.000520 -34.064721 0.100514 -0.762530 0.000520 -34.067685 -0.132504 0.493239 0.000520 -34.044225 -0.291860 1.350495 0.000520  
 5 5 10  -23.324434 0.039557 -1.194765 0.000126 -23.334560 -0.041707 -0.614031 0.000126 -23.342821 -0.160908 0.236870 0.000126 -23.331097 -0.280066 1.087383 0.000126 -23.319969 -0.361447 1.668055 0.000126  
 6 6 11  -25.118817 0.039328 -1.194963 0.000126 -25.129056 -0.041866 -0.614011 0.000126 -25.137770 -0.160843 0.236520 0.000126 -25.125453 -0.279978 1.087236 0.000126 -25.114193 -0.361314 1.668171 0.000126  
 7 7 12  -24.658319 0.039386 -1.194748 0.000126 -24.668457 -0.041894 -0.613843 0.000126 -24.676507 -0.160802 0.236412 0.000126 -24.664521 -0.279920 1.086940 0.000126 -24.653275 -0.361343 1.667832 0.000126  
 8 8 13  -22.863586 0.039619 -1.194538 0.000126 -22.873661 -0.041724 -0.613849 0.000126 -22.882542 -0.160850 0.236724 0.000126 -22.869949 -0.280011 1.087070 0.000126 -22.858786 -0.361479 1.667704 0.000126  
 9 10 15  -11.901132 -0.557012 -0.108870 0.000009 -11.907030 -0.357643 0.059996 0.000009 -11.909738 -0.065679 0.307422 0.000009 -11.902949 0.226274 0.554755 0.000009 -11.895798 0.425604 0.723594 0.000009  
 10 11 16  -12.404202 -0.557033 -0.108914 0.000009 -12.410109 -0.357660 0.059995 0.000009 -12.412891 -0.065665 0.307365 0.000009 -12.406032 0.226309 0.554695 0.000009 -12.398856 0.425643 0.723588 0.000009  
 11 12 17  -12.091560 -0.557019 -0.108881 0.000009 -12.097409 -0.357669 0.060018 0.000009 -12.100074 -0.065643 0.307319 0.000009 -12.093373 0.226333 0.554656 0.000009 -12.086236 0.425645 0.723541 0.000009  
 12 13 18  -11.588510 -0.556997 -0.108835 0.000009 -11.594368 -0.357651 0.060020 0.000009 -11.597010 -0.065656 0.307374 0.000009 -11.590305 0.226297 0.554714 0.000009 -11.583190 0.425605 0.723545 0.000009  
 13 5 6  0.000000 -2.639236 -0.000000 -0.000277 0.000000 -1.568350 -0.000000 -0.000277 0.000000 -0.000162 0.000000 -0.000277 0.000000 1.568026 0.000000 -0.000277 0.000000 2.638912 0.000000 -0.000277  
 14 6 7  0.000000 -0.355996 0.000000 0.000531 0.000000 -0.211568 0.000000 0.000531 0.000000 -0.000068 0.000000 0.000531 0.000000 0.211431 -0.000000 0.000531 0.000000 0.355860 -0.000000 0.000531  
 15 7 8  0.000000 -2.638891 0.000000 -0.000303 0.000000 -1.568014 0.000000 -0.000303 0.000000 0.000162 0.000000 -0.000303 0.000000 1.568337 -0.000000 -0.000303 0.000000 2.639215 -0.000000 -0.000303  
 16 8 5  0.000000 -0.355881 -0.000000 0.000579 0.000000 -0.211443 -0.000000 0.000579 0.000000 0.000068 0.000000 0.000579 0.000000 0.211580 0.000000 0.000579 0.000000 0.356017 0.000000 0.000579  
 17 10 11  0.000000 -1.783529 0.000000 -0.000100 0.000000 -1.059819 0.000000 -0.000100 0.000000 -0.000030 0.000000 -0.000100 0.000000 1.059759 -0.000000 -0.000100 0.000000 1.783469 -0.000000 -0.000100  
 18 11 12  0.000000 0.204622 0.000000 0.000217 0.000000 0.121586 0.000000 0.000217 0.000000 -0.000012 0.000000 0.000217 0.000000 -0.121609 -0.000000 0.000217 0.000000 -0.204646 -0.000000 0.000217  
 19 12 13  0.000000 -1.783440 -0.000000 -0.000101 0.000000 -1.059742 -0.000000 -0.000101 0.000000 0.000030 0.000000 -0.000101 0.000000 1.059802 0.000000 -0.000101 0.000000 1.783500 0.000000 -0.000101  
 20 13 10  0.000000 0.204617 -0.000000 0.000233 0.000000 0.121592 -0.000000 0.000233 0.000000 0.000012 0.000000 0.000233 0.000000 -0.121568 0.000000 0.000233 0.000000 -0.204593 0.000000 0.000233  
 21 15 16  0.000000 -0.694795 0.000000 -0.000009 0.000000 -0.412870 0.000000 -0.000009 0.000000 -0.000023 0.000000 -0.000009 0.000000 0.412824 -0.000000 -0.000009 0.000000 0.694750 -0.000000 -0.000009  
 22 16 17  0.000000 0.431829 -0.000000 0.000018 0.000000 0.256597 -0.000000 0.000018 0.000000 -0.000010 0.000000 0.000018 0.000000 -0.256617 0.000000 0.000018 0.000000 -0.431850 0.000000 0.000018  
 23 17 18  0.000000 -0.694721 -0.000000 -0.000010 0.000000 -0.412807 -0.000000 -0.000010 0.000000 0.000023 0.000000 -0.000010 0.000000 0.412853 0.000000 -0.000010 0.000000 0.694766 0.000000 -0.000010  
 24 18 15  0.000000 0.431821 0.000000 0.000020 0.000000 0.256600 0.000000 0.000020 0.000000 0.000010 0.000000 0.000020 0.000000 -0.256580 -0.000000 0.000020 0.000000 -0.431800 -0.000000 0.000020  
