 1 1 5  -32.905514 1.814132 -2.227697 0.001189 -32.785889 1.296678 -1.603385 0.001189 -32.816852 0.498210 -0.647140 0.001189 -32.819301 -0.301184 0.309992 0.001189 -32.801017 -0.846508 0.963037 0.001189  
 2 2 6  -36.580065 1.833559 -2.247242 0.001189 -36.568586 1.295824 -1.602149 0.001189 -36.599853 0.497582 -0.646517 0.001189 -36.603546 -0.300614 0.308809 0.001189 -36.583936 -0.845727 0.961324 0.001189  
 3 3 7  -39.140084 1.839755 -2.253734 0.001189 -39.166167 1.294855 -1.601241 0.001189 -39.196661 0.497054 -0.645860 0.001189 -39.199173 -0.299712 0.308209 0.001189 -39.181096 -0.844457 0.960489 0.001189  
 4 4 8  -35.422643 1.828606 -2.243218 0.001189 -35.387711 1.295659 -1.602523 0.001189 -35.418959 0.497605 -0.646555 0.001189 -35.422620 -0.300217 0.309477 0.001189 -35.402989 -0.845157 0.962279 0.001189  
 5 5 10  -22.240741 0.819298 -1.203365 0.000007 -22.249493 0.438056 -0.684551 0.000007 -22.255816 -0.120594 0.075641 0.000007 -22.245867 -0.678955 0.835538 0.000007 -22.243551 -1.058789 1.352926 0.000007  
 6 6 11  -24.397156 0.818952 -1.202095 0.000007 -24.406029 0.437776 -0.683556 0.000007 -24.413244 -0.120521 0.075861 0.000007 -24.401958 -0.678726 0.835237 0.000007 -24.392196 -1.059939 1.353825 0.000007  
 7 7 12  -25.744580 0.818151 -1.201785 0.000007 -25.753294 0.437131 -0.683288 0.000007 -25.759258 -0.120597 0.075736 0.000007 -25.749254 -0.678462 0.834968 0.000007 -25.739562 -1.059505 1.353523 0.000007  
 8 8 13  -23.588161 0.818481 -1.203058 0.000007 -23.596926 0.437396 -0.684283 0.000007 -23.604434 -0.120673 0.075566 0.000007 -23.593138 -0.678672 0.835283 0.000007 -23.583572 -1.059756 1.354102 0.000007  
 9 10 15  -11.388625 0.216827 -0.572271 0.000705 -11.392736 0.048998 -0.237680 0.000705 -11.394221 -0.196820 0.252318 0.000705 -11.389319 -0.442622 0.742348 0.000705 -11.569919 -0.579145 1.040852 0.000705  
 10 11 16  -12.148439 0.216761 -0.570907 0.000705 -12.152526 0.048944 -0.237194 0.000705 -12.153933 -0.196791 0.251438 0.000705 -12.149139 -0.442552 0.740142 0.000705 -12.275671 -0.587338 1.048120 0.000705  
 11 12 17  -12.572579 0.216197 -0.570830 0.000705 -12.576604 0.048755 -0.237140 0.000705 -12.578027 -0.196350 0.251404 0.000705 -12.573270 -0.441546 0.740074 0.000705 -12.673240 -0.590265 1.053107 0.000705  
 12 13 18  -11.813204 0.216261 -0.572195 0.000705 -11.817332 0.048811 -0.237622 0.000705 -11.818761 -0.196374 0.252286 0.000705 -11.813874 -0.441614 0.742279 0.000705 -11.963642 -0.582460 1.046633 0.000705  
 13 5 6  0.000000 -2.229721 0.000000 0.001581 0.000000 -1.324888 0.000000 0.001581 0.000000 0.000136 0.000000 0.001581 0.000000 1.325160 -0.000000 0.001581 0.000000 2.229993 -0.000000 0.001581  
 14 6 7  0.000000 -1.719874 0.000000 -0.000111 0.000000 -1.021945 0.000000 -0.000111 0.000000 0.000092 0.000000 -0.000111 0.000000 1.022129 -0.000000 -0.000111 0.000000 1.720058 -0.000000 -0.000111  
 15 7 8  0.000000 -2.230029 -0.000000 0.000636 0.000000 -1.325181 -0.000000 0.000636 0.000000 -0.000136 0.000000 0.000636 0.000000 1.324909 0.000000 0.000636 0.000000 2.229757 0.000000 0.000636  
 16 8 5  0.000000 -1.720022 -0.000000 -0.001211 0.000000 -1.022107 -0.000000 -0.001211 0.000000 -0.000092 0.000000 -0.001211 0.000000 1.021923 0.000000 -0.001211 0.000000 1.719838 0.000000 -0.001211  
 17 10 11  0.000000 -1.936723 0.000000 0.000900 0.000000 -1.150848 0.000000 0.000900 0.000000 -0.000026 0.000000 0.000900 0.000000 1.150796 -0.000000 0.000900 0.000000 1.936671 -0.000000 0.000900  
 18 11 12  0.000000 -1.278810 0.000000 -0.000237 0.000000 -0.759903 0.000000 -0.000237 0.000000 -0.000023 0.000000 -0.000237 0.000000 0.759856 -0.000000 -0.000237 0.000000 1.278763 -0.000000 -0.000237  
 19 12 13  0.000000 -1.936702 -0.000000 0.000559 0.000000 -1.150815 -0.000000 0.000559 0.000000 0.000026 0.000000 0.000559 0.000000 1.150866 0.000000 0.000559 0.000000 1.936754 0.000000 0.000559  
 20 13 10  0.000000 -1.278733 -0.000000 -0.000654 0.000000 -0.759838 -0.000000 -0.000654 0.000000 0.000023 0.000000 -0.000654 0.000000 0.759884 0.000000 -0.000654 0.000000 1.278779 0.000000 -0.000654  
 21 15 16  0.000000 -1.039921 0.000000 0.001748 0.000000 -0.617728 0.000000 0.001748 0.000000 0.000523 0.000000 0.001748 0.000000 0.618775 -0.000000 0.001748 0.000000 1.040967 -0.000000 0.001748  
 22 16 17  0.000000 -0.581101 0.000000 -0.001041 0.000000 -0.345205 0.000000 -0.001041 0.000000 0.000238 0.000000 -0.001041 0.000000 0.345680 -0.000000 -0.001041 0.000000 0.581577 -0.000000 -0.001041  
 23 17 18  0.000000 -1.041003 -0.000000 0.001664 0.000000 -0.618796 -0.000000 0.001664 0.000000 -0.000523 0.000000 0.001664 0.000000 0.617749 0.000000 0.001664 0.000000 1.039956 0.000000 0.001664  
 24 18 15  0.000000 -0.581541 -0.000000 -0.001216 0.000000 -0.345659 -0.000000 -0.001216 0.000000 -0.000238 0.000000 -0.001216 0.000000 0.345184 0.000000 -0.001216 0.000000 0.581066 0.000000 -0.001216  
