 1 1 5  -43.490321 -2.759222 3.902362 -0.023173 -42.407539 -2.159152 2.894279 -0.023173 -42.345746 -1.027835 1.136445 -0.023173 -42.350242 0.126360 -0.643623 -0.023173 -42.315484 0.914665 -1.860724 -0.023173  
 2 2 6  -38.256535 -2.656738 3.797681 -0.023173 -36.721077 -2.109907 2.848428 -0.023173 -36.371708 -1.028979 1.129002 -0.023173 -36.378767 0.127002 -0.670067 -0.023173 -36.342243 0.915832 -1.898676 -0.023173  
 3 3 7  -32.006063 -2.526972 3.608135 -0.023173 -29.921545 -2.015055 2.732811 -0.023173 -28.901373 -1.017377 1.130347 -0.023173 -28.906154 0.161467 -0.671069 -0.023173 -28.872010 0.965534 -1.900257 -0.023173  
 4 4 8  -37.049860 -2.652199 3.748380 -0.023173 -35.409774 -2.102117 2.824874 -0.023173 -34.967852 -1.016300 1.137920 -0.023173 -34.975513 0.160794 -0.644664 -0.023173 -34.938536 0.964182 -1.862399 -0.023173  
 5 5 10  -28.504494 -2.530458 1.972295 -0.029760 -27.547282 -1.674323 1.160092 -0.029760 -27.565907 -0.159824 -0.271142 -0.029760 -27.564398 1.350977 -1.698306 -0.029760 -28.677354 2.192561 -2.474752 -0.029760  
 6 6 11  -25.811207 -2.461663 1.958063 -0.029760 -24.476607 -1.664924 1.180863 -0.029760 -24.448584 -0.159753 -0.268644 -0.029760 -24.538504 1.333882 -1.704893 -0.029760 -26.018363 2.125513 -2.445994 -0.029760  
 7 7 12  -21.721872 -2.396949 1.843277 -0.029760 -19.760527 -1.657190 1.134501 -0.029760 -19.455130 -0.158143 -0.268920 -0.029760 -19.899830 1.321694 -1.641986 -0.029760 -21.959654 2.075402 -2.313176 -0.029760  
 8 8 13  -24.351754 -2.486874 1.872493 -0.029760 -22.779090 -1.696362 1.139522 -0.029760 -22.686911 -0.158296 -0.271407 -0.029760 -22.872886 1.363510 -1.662871 -0.029760 -24.555042 2.159041 -2.360348 -0.029760  
 9 10 15  -13.459973 -1.741487 0.436542 0.000205 -12.489603 -0.963390 0.111316 0.000205 -12.494934 0.453861 -0.494037 0.000205 -13.765392 1.642667 -0.923914 0.000205 -15.698747 2.287212 -1.154945 0.000205  
 10 11 16  -12.697327 -1.706322 0.452561 0.000205 -11.528765 -0.963439 0.131162 0.000205 -11.534178 0.453942 -0.489639 0.000205 -13.000500 1.612262 -0.913561 0.000205 -15.007484 2.248357 -1.153100 0.000205  
 11 12 17  -11.294016 -1.682906 0.429412 0.000205 -9.565645 -0.999519 0.123011 0.000205 -9.505519 0.456657 -0.489765 0.000205 -11.500660 1.583790 -0.867594 0.000205 -13.736717 2.224927 -1.110096 0.000205  
 12 13 18  -12.032429 -1.724618 0.415586 0.000205 -10.499209 -1.011628 0.110183 0.000205 -10.497573 0.456570 -0.494181 0.000205 -12.256980 1.619357 -0.878549 0.000205 -14.415016 2.268622 -1.111266 0.000205  
 13 5 6  0.000000 3.923710 -0.000000 0.039352 0.000000 2.334065 -0.000000 0.039352 0.000000 0.006214 0.000000 0.039352 0.000000 -2.321637 0.000000 0.039352 0.000000 -3.911282 0.000000 0.039352  
 14 6 7  0.000000 3.518838 0.000000 -0.084722 0.000000 2.094388 0.000000 -0.084722 0.000000 0.008446 0.000000 -0.084722 0.000000 -2.077495 -0.000000 -0.084722 0.000000 -3.501946 -0.000000 -0.084722  
 15 7 8  0.000000 3.910197 0.000000 0.061884 0.000000 2.320992 0.000000 0.061884 0.000000 -0.006214 0.000000 0.061884 0.000000 -2.333420 -0.000000 0.061884 0.000000 -3.922625 -0.000000 0.061884  
 16 8 5  0.000000 3.503031 -0.000000 -0.062414 0.000000 2.078140 -0.000000 -0.062414 0.000000 -0.008446 0.000000 -0.062414 0.000000 -2.095033 0.000000 -0.062414 0.000000 -3.519923 0.000000 -0.062414  
 17 10 11  0.000000 2.932754 -0.000000 0.040396 0.000000 1.744523 -0.000000 0.040396 0.000000 0.004497 0.000000 0.040396 0.000000 -1.735530 0.000000 0.040396 0.000000 -2.923761 0.000000 0.040396  
 18 11 12  0.000000 4.018212 -0.000000 -0.078088 0.000000 2.391590 -0.000000 -0.078088 0.000000 0.009592 0.000000 -0.078088 0.000000 -2.372406 0.000000 -0.078088 0.000000 -3.999028 0.000000 -0.078088  
 19 12 13  0.000000 2.921328 0.000000 0.062239 0.000000 1.734084 0.000000 0.062239 0.000000 -0.004497 0.000000 0.062239 0.000000 -1.743078 -0.000000 0.062239 0.000000 -2.930322 -0.000000 0.062239  
 20 13 10  0.000000 4.001461 0.000000 -0.059359 0.000000 2.373852 0.000000 -0.059359 0.000000 -0.009592 0.000000 -0.059359 0.000000 -2.393035 -0.000000 -0.059359 0.000000 -4.020644 -0.000000 -0.059359  
 21 15 16  0.000000 1.185778 -0.000000 0.020082 0.000000 0.705249 -0.000000 0.020082 0.000000 0.001571 0.000000 0.020082 0.000000 -0.702107 0.000000 0.020082 0.000000 -1.182636 0.000000 0.020082  
 22 16 17  0.000000 2.391582 -0.000000 -0.025241 0.000000 1.425705 -0.000000 -0.025241 0.000000 0.011290 0.000000 -0.025241 0.000000 -1.403125 0.000000 -0.025241 0.000000 -2.369002 0.000000 -0.025241  
 23 17 18  0.000000 1.179817 0.000000 0.024325 0.000000 0.700432 0.000000 0.024325 0.000000 -0.001571 0.000000 0.024325 0.000000 -0.703574 -0.000000 0.024325 0.000000 -1.182959 -0.000000 0.024325  
 24 18 15  0.000000 2.371821 0.000000 -0.024458 0.000000 1.404800 0.000000 -0.024458 0.000000 -0.011290 0.000000 -0.024458 0.000000 -1.427380 -0.000000 -0.024458 0.000000 -2.394401 -0.000000 -0.024458  
