 1 1 5  -54.625185 5.925851 9.668638 0.062698 -43.886457 4.223790 7.019088 0.062698 -30.046719 1.526585 2.723899 0.062698 -32.062216 -2.407518 -3.462845 0.062698 -41.944859 -4.165168 -6.364010 0.062698  
 2 2 6  -44.424342 5.616265 9.146468 0.062698 -32.769040 3.903446 6.389470 0.062698 -15.189242 1.233453 2.176686 0.062698 -19.186336 -1.992276 -3.107671 0.062698 -31.239153 -3.788187 -5.966410 0.062698  
 3 3 7  -51.200883 5.760545 9.575548 0.062698 -40.046333 4.077366 6.851839 0.062698 -24.604648 1.474282 2.518949 0.062698 -27.551609 -2.161130 -3.538674 0.062698 -38.476069 -3.902661 -6.432909 0.062698  
 4 4 8  -61.017974 6.032998 10.052601 0.062698 -50.916934 4.378012 7.387228 0.062698 -39.811842 1.624179 2.808012 0.062698 -40.813652 -2.491513 -3.689741 0.062698 -49.094288 -4.265762 -6.727631 0.062698  
 5 5 10  -24.566371 1.522188 2.827896 0.028246 -23.096342 0.883961 1.443356 0.028246 -23.416586 -0.532056 -1.185872 0.028246 -25.827056 -1.571422 -3.281278 0.028246 -29.167286 -2.107304 -4.362243 0.028246  
 6 6 11  -20.159906 1.366475 2.943030 0.028246 -16.952433 0.815016 1.677394 0.028246 -16.728393 -0.532696 -1.087051 0.028246 -21.017150 -1.457833 -3.136708 0.028246 -25.109970 -1.996146 -4.274404 0.028246  
 7 7 12  -23.598263 1.317273 3.119169 0.028246 -21.308539 0.761195 1.742556 0.028246 -21.518721 -0.563745 -1.087063 0.028246 -24.539788 -1.495163 -3.312127 0.028246 -28.279757 -1.998856 -4.466583 0.028246  
 8 8 13  -28.271060 1.465357 2.950730 0.028246 -27.656322 0.767058 1.430424 0.028246 -27.979253 -0.563361 -1.185596 0.028246 -29.476396 -1.604547 -3.413916 0.028246 -32.406186 -2.110179 -4.532819 0.028246  
 9 10 15  -11.850222 1.444761 0.779466 -0.006575 -10.772273 0.806405 0.186907 -0.006575 -10.883202 -0.451435 -0.920778 -0.006575 -13.254288 -1.352412 -1.633132 -0.006575 -15.333372 -1.887995 -2.066524 -0.006575  
 10 11 16  -10.440359 1.375100 0.810227 -0.006575 -8.920053 0.800277 0.235033 -0.006575 -9.130333 -0.431962 -0.889916 -0.006575 -11.926143 -1.298559 -1.604992 -0.006575 -14.152981 -1.827354 -2.055174 -0.006575  
 11 12 17  -11.724566 1.398692 0.848461 -0.006575 -10.594541 0.784415 0.240076 -0.006575 -10.711374 -0.443304 -0.914242 -0.006575 -13.135785 -1.316016 -1.662056 -0.006575 -15.243341 -1.837406 -2.114471 -0.006575  
 12 13 18  -13.178961 1.460173 0.814076 -0.006575 -12.451904 0.783046 0.185526 -0.006575 -12.501280 -0.453746 -0.932266 -0.006575 -14.491935 -1.364241 -1.687151 -0.006575 -16.453965 -1.893731 -2.123998 -0.006575  
 13 5 6  0.000000 9.638071 -0.000000 -0.293313 0.000000 5.757935 -0.000000 -0.293313 0.000000 0.075927 0.000000 -0.293313 0.000000 -5.606081 0.000000 -0.293313 0.000000 -9.486217 0.000000 -0.293313  
 14 6 7  0.000000 -5.578063 -0.000000 0.349619 0.000000 -3.304806 -0.000000 0.349619 0.000000 0.024116 0.000000 0.349619 0.000000 3.353037 0.000000 0.349619 0.000000 5.626295 0.000000 0.349619  
 15 7 8  0.000000 9.502033 0.000000 -0.257089 0.000000 5.615479 0.000000 -0.257089 0.000000 -0.075927 0.000000 -0.257089 0.000000 -5.767333 -0.000000 -0.257089 0.000000 -9.653887 -0.000000 -0.257089  
 16 8 5  0.000000 -5.642111 0.000000 0.246779 0.000000 -3.362435 0.000000 0.246779 0.000000 -0.024116 0.000000 0.246779 0.000000 3.314204 -0.000000 0.246779 0.000000 5.593879 -0.000000 0.246779  
 17 10 11  0.000000 5.489280 -0.000000 -0.095299 0.000000 3.266426 -0.000000 -0.095299 0.000000 0.011315 0.000000 -0.095299 0.000000 -3.243796 0.000000 -0.095299 0.000000 -5.466650 0.000000 -0.095299  
 18 11 12  0.000000 -3.609784 -0.000000 0.126535 0.000000 -2.143598 -0.000000 0.126535 0.000000 0.003460 0.000000 0.126535 0.000000 2.150519 0.000000 0.126535 0.000000 3.616704 0.000000 0.126535  
 19 12 13  0.000000 5.485134 0.000000 -0.084916 0.000000 3.254780 0.000000 -0.084916 0.000000 -0.011315 0.000000 -0.084916 0.000000 -3.277409 -0.000000 -0.084916 0.000000 -5.507764 -0.000000 -0.084916  
 20 13 10  0.000000 -3.635188 0.000000 0.095779 0.000000 -2.161502 0.000000 0.095779 0.000000 -0.003460 0.000000 0.095779 0.000000 2.154581 -0.000000 0.095779 0.000000 3.628267 -0.000000 0.095779  
 21 15 16  0.000000 2.179879 0.000000 -0.030111 0.000000 1.298170 0.000000 -0.030111 0.000000 0.007010 0.000000 -0.030111 0.000000 -1.284151 -0.000000 -0.030111 0.000000 -2.165860 -0.000000 -0.030111  
 22 16 17  0.000000 -1.964347 0.000000 0.028231 0.000000 -1.164074 0.000000 0.028231 0.000000 0.007833 0.000000 0.028231 0.000000 1.179740 -0.000000 0.028231 0.000000 1.980013 -0.000000 0.028231  
 23 17 18  0.000000 2.184728 -0.000000 -0.024730 0.000000 1.295362 -0.000000 -0.024730 0.000000 -0.007010 0.000000 -0.024730 0.000000 -1.309382 0.000000 -0.024730 0.000000 -2.198747 0.000000 -0.024730  
 24 18 15  0.000000 -1.998881 -0.000000 0.024209 0.000000 -1.190952 -0.000000 0.024209 0.000000 -0.007833 0.000000 0.024209 0.000000 1.175285 0.000000 0.024209 0.000000 1.983215 0.000000 0.024209  
