 1 1 5  -37.012652 -0.652235 1.545368 0.000186 -37.039762 -0.465583 1.058426 0.000186 -37.071643 -0.192072 0.345324 0.000186 -37.074151 0.080653 -0.366734 0.000186 -37.055320 0.267397 -0.853627 0.000186  
 2 2 6  -36.011495 -0.653068 1.546465 0.000186 -36.038760 -0.466297 1.059544 0.000186 -36.071249 -0.192628 0.346447 0.000186 -36.074581 0.081156 -0.366919 0.000186 -36.054449 0.268021 -0.853944 0.000186  
 3 3 7  -34.901358 -0.653850 1.547501 0.000186 -34.928392 -0.467069 1.060429 0.000186 -34.960126 -0.193388 0.347083 0.000186 -34.962636 0.081373 -0.367461 0.000186 -34.943792 0.268281 -0.854756 0.000186  
 4 4 8  -35.901382 -0.653016 1.546425 0.000186 -35.928457 -0.466379 1.059315 0.000186 -35.960710 -0.192907 0.345929 0.000186 -35.964325 0.080870 -0.367297 0.000186 -35.944183 0.267686 -0.854433 0.000186  
 5 5 10  -24.369165 -0.377543 0.297136 0.000059 -24.378772 -0.214642 0.076719 0.000059 -24.386386 0.023605 -0.245607 0.000059 -24.376212 0.262037 -0.568110 0.000059 -24.366434 0.424904 -0.788404 0.000059  
 6 6 11  -24.242054 -0.377863 0.297050 0.000059 -24.251806 -0.214893 0.076808 0.000059 -24.260625 0.023692 -0.245799 0.000059 -24.249407 0.262232 -0.568195 0.000059 -24.239465 0.425140 -0.788301 0.000059  
 7 7 12  -23.613568 -0.377686 0.297361 0.000059 -23.623185 -0.214826 0.077080 0.000059 -23.630974 0.023881 -0.245903 0.000059 -23.620755 0.262342 -0.568472 0.000059 -23.610865 0.425136 -0.788618 0.000059  
 8 8 13  -23.740098 -0.377379 0.297451 0.000059 -23.749735 -0.214582 0.077001 0.000059 -23.758452 0.023772 -0.245697 0.000059 -23.746994 0.262166 -0.568376 0.000059 -23.737193 0.424913 -0.788713 0.000059  
 9 10 15  -12.044161 -0.144055 -0.439127 0.000018 -12.048979 -0.053640 -0.319324 0.000018 -12.050861 0.078723 -0.143751 0.000018 -12.044872 0.211132 0.031734 0.000018 -12.038859 0.301531 0.151535 0.000018  
 10 11 16  -12.163636 -0.144104 -0.439157 0.000018 -12.168484 -0.053674 -0.319316 0.000018 -12.170397 0.078749 -0.143795 0.000018 -12.164359 0.211195 0.031683 0.000018 -12.158320 0.301605 0.151530 0.000018  
 11 12 17  -11.950618 -0.144052 -0.439081 0.000018 -11.955419 -0.053653 -0.319262 0.000018 -11.957302 0.078797 -0.143832 0.000018 -11.951331 0.211217 0.031618 0.000018 -11.945318 0.301599 0.151448 0.000018  
 12 13 18  -11.831187 -0.144004 -0.439050 0.000018 -11.836003 -0.053615 -0.319265 0.000018 -11.837830 0.078778 -0.143785 0.000018 -11.831876 0.211155 0.031668 0.000018 -11.825875 0.301525 0.151451 0.000018  
 13 5 6  0.000000 1.206736 -0.000000 -0.000514 0.000000 0.717012 -0.000000 -0.000514 0.000000 -0.000131 0.000000 -0.000514 0.000000 -0.717275 0.000000 -0.000514 0.000000 -1.206998 0.000000 -0.000514  
 14 6 7  0.000000 0.665648 -0.000000 0.000606 0.000000 0.395509 -0.000000 0.000606 0.000000 -0.000078 0.000000 0.000606 0.000000 -0.395666 0.000000 0.000606 0.000000 -0.665805 0.000000 0.000606  
 15 7 8  0.000000 1.207024 0.000000 -0.000506 0.000000 0.717290 0.000000 -0.000506 0.000000 0.000131 0.000000 -0.000506 0.000000 -0.717027 -0.000000 -0.000506 0.000000 -1.206761 -0.000000 -0.000506  
 16 8 5  0.000000 0.665780 0.000000 0.000622 0.000000 0.395651 0.000000 0.000622 0.000000 0.000078 0.000000 0.000622 0.000000 -0.395494 -0.000000 0.000622 0.000000 -0.665623 -0.000000 0.000622  
 17 10 11  0.000000 0.339866 0.000000 -0.000186 0.000000 0.201945 0.000000 -0.000186 0.000000 -0.000025 0.000000 -0.000186 0.000000 -0.201995 -0.000000 -0.000186 0.000000 -0.339916 -0.000000 -0.000186  
 18 11 12  0.000000 0.574263 0.000000 0.000244 0.000000 0.341232 0.000000 0.000244 0.000000 -0.000016 0.000000 0.000244 0.000000 -0.341264 -0.000000 0.000244 0.000000 -0.574296 -0.000000 0.000244  
 19 12 13  0.000000 0.339953 -0.000000 -0.000180 0.000000 0.202017 -0.000000 -0.000180 0.000000 0.000025 0.000000 -0.000180 0.000000 -0.201967 0.000000 -0.000180 0.000000 -0.339904 0.000000 -0.000180  
 20 13 10  0.000000 0.574258 -0.000000 0.000240 0.000000 0.341242 -0.000000 0.000240 0.000000 0.000016 0.000000 0.000240 0.000000 -0.341209 0.000000 0.000240 0.000000 -0.574226 0.000000 0.000240  
 21 15 16  0.000000 -0.165035 0.000000 -0.000026 0.000000 -0.098075 0.000000 -0.000026 0.000000 -0.000021 0.000000 -0.000026 0.000000 0.098034 -0.000000 -0.000026 0.000000 0.164993 -0.000000 -0.000026  
 22 16 17  0.000000 0.294203 0.000000 0.000035 0.000000 0.174819 0.000000 0.000035 0.000000 -0.000006 0.000000 0.000035 0.000000 -0.174831 -0.000000 0.000035 0.000000 -0.294215 -0.000000 0.000035  
 23 17 18  0.000000 -0.164956 -0.000000 -0.000025 0.000000 -0.098011 -0.000000 -0.000025 0.000000 0.000021 0.000000 -0.000025 0.000000 0.098053 0.000000 -0.000025 0.000000 0.164997 0.000000 -0.000025  
 24 18 15  0.000000 0.294178 -0.000000 0.000036 0.000000 0.174808 -0.000000 0.000036 0.000000 0.000006 0.000000 0.000036 0.000000 -0.174796 0.000000 0.000036 0.000000 -0.294166 0.000000 0.000036  
