 1 1 5  -37.671549 0.070876 0.444483 0.000323 -37.706625 -0.049904 0.313347 0.000323 -37.747372 -0.226561 0.121324 0.000323 -37.749377 -0.403683 -0.069679 0.000323 -37.725789 -0.524475 -0.200606 0.000323  
 2 2 6  -37.014706 0.070558 0.445958 0.000323 -37.049973 -0.050175 0.314814 0.000323 -37.091359 -0.226810 0.122760 0.000323 -37.094290 -0.403485 -0.069889 0.000323 -37.069152 -0.524213 -0.201101 0.000323  
 3 3 7  -34.217906 0.069841 0.446661 0.000323 -34.253082 -0.050914 0.315401 0.000323 -34.294191 -0.227575 0.123180 0.000323 -34.297112 -0.403504 -0.070246 0.000323 -34.272127 -0.524091 -0.201590 0.000323  
 4 4 8  -34.874202 0.070118 0.445181 0.000323 -34.909225 -0.050689 0.313934 0.000323 -34.950350 -0.227417 0.121732 0.000323 -34.953424 -0.403644 -0.069872 0.000323 -34.928141 -0.524270 -0.201093 0.000323  
 5 5 10  -25.287612 -1.296688 0.207498 0.000078 -25.298088 -0.891929 0.112776 0.000078 -25.306631 -0.299405 -0.025598 0.000078 -25.294122 0.293270 -0.163969 0.000078 -25.281774 0.698059 -0.258609 0.000078  
 6 6 11  -24.937036 -1.296887 0.207291 0.000078 -24.947636 -0.892066 0.112773 0.000078 -24.957096 -0.299390 -0.025842 0.000078 -24.943501 0.293329 -0.164113 0.000078 -24.931104 0.698146 -0.258503 0.000078  
 7 7 12  -22.694944 -1.296894 0.207445 0.000078 -22.705466 -0.892113 0.112886 0.000078 -22.714370 -0.299223 -0.025935 0.000078 -22.700686 0.293617 -0.164322 0.000078 -22.688331 0.698388 -0.258756 0.000078  
 8 8 13  -23.045235 -1.296697 0.207655 0.000078 -23.055720 -0.891976 0.112895 0.000078 -23.064669 -0.299259 -0.025544 0.000078 -23.051085 0.293577 -0.164174 0.000078 -23.038747 0.698312 -0.258855 0.000078  
 9 10 15  -12.515370 -1.056552 0.069042 -0.000695 -12.522039 -0.573352 0.021414 -0.000695 -12.525239 0.134255 -0.048223 -0.000695 -12.517965 0.841884 -0.118032 -0.000695 -12.587530 1.309075 -0.155780 -0.000695  
 10 11 16  -12.401233 -1.056567 0.069088 -0.000695 -12.407920 -0.573365 0.021455 -0.000695 -12.411096 0.134268 -0.048321 -0.000695 -12.403811 0.841907 -0.118214 -0.000695 -12.482510 1.307210 -0.155209 -0.000695  
 11 12 17  -11.445100 -1.059605 0.069113 -0.000695 -11.451748 -0.574583 0.021473 -0.000695 -11.454759 0.135784 -0.048357 -0.000695 -11.447626 0.846130 -0.118238 -0.000695 -11.622400 1.293405 -0.150499 -0.000695  
 12 13 18  -11.559725 -1.059589 0.069067 -0.000695 -11.566385 -0.574571 0.021433 -0.000695 -11.569454 0.135775 -0.048257 -0.000695 -11.562269 0.846109 -0.118056 -0.000695 -11.723757 1.296105 -0.150709 -0.000695  
 13 5 6  0.000000 0.422222 0.000000 -0.000226 0.000000 0.250827 0.000000 -0.000226 0.000000 -0.000162 0.000000 -0.000226 0.000000 -0.251150 -0.000000 -0.000226 0.000000 -0.422545 -0.000000 -0.000226  
 14 6 7  0.000000 0.765670 -0.000000 0.000364 0.000000 0.454936 -0.000000 0.000364 0.000000 -0.000096 0.000000 0.000364 0.000000 -0.455129 0.000000 0.000364 0.000000 -0.765863 0.000000 0.000364  
 15 7 8  0.000000 0.422560 -0.000000 -0.000189 0.000000 0.251159 -0.000000 -0.000189 0.000000 0.000162 0.000000 -0.000189 0.000000 -0.250836 0.000000 -0.000189 0.000000 -0.422237 0.000000 -0.000189  
 16 8 5  0.000000 0.765848 0.000000 0.000335 0.000000 0.455120 0.000000 0.000335 0.000000 0.000096 0.000000 0.000335 0.000000 -0.454928 -0.000000 0.000335 0.000000 -0.765655 -0.000000 0.000335  
 17 10 11  0.000000 0.327578 0.000000 0.000124 0.000000 0.194641 0.000000 0.000124 0.000000 -0.000029 0.000000 0.000124 0.000000 -0.194699 -0.000000 0.000124 0.000000 -0.327636 -0.000000 0.000124  
 18 11 12  0.000000 1.792189 0.000000 -0.000325 0.000000 1.064970 0.000000 -0.000325 0.000000 0.000043 0.000000 -0.000325 0.000000 -1.064884 -0.000000 -0.000325 0.000000 -1.792103 -0.000000 -0.000325  
 19 12 13  0.000000 0.327657 -0.000000 0.000214 0.000000 0.194712 -0.000000 0.000214 0.000000 0.000029 0.000000 0.000214 0.000000 -0.194654 0.000000 0.000214 0.000000 -0.327599 0.000000 0.000214  
 20 13 10  0.000000 1.792081 -0.000000 -0.000384 0.000000 1.064871 -0.000000 -0.000384 0.000000 -0.000043 0.000000 -0.000384 0.000000 -1.064958 0.000000 -0.000384 0.000000 -1.792168 0.000000 -0.000384  
 21 15 16  0.000000 0.156151 -0.000000 0.000408 0.000000 0.092791 -0.000000 0.000408 0.000000 0.000007 0.000000 0.000408 0.000000 -0.092776 0.000000 0.000408 0.000000 -0.156136 0.000000 0.000408  
 22 16 17  0.000000 1.305843 0.000000 -0.001029 0.000000 0.776367 0.000000 -0.001029 0.000000 0.001012 0.000000 -0.001029 0.000000 -0.774343 -0.000000 -0.001029 0.000000 -1.303819 -0.000000 -0.001029  
 23 17 18  0.000000 0.156151 0.000000 0.000592 0.000000 0.092785 0.000000 0.000592 0.000000 -0.000007 0.000000 0.000592 0.000000 -0.092800 -0.000000 0.000592 0.000000 -0.156166 -0.000000 0.000592  
 24 18 15  0.000000 1.303803 -0.000000 -0.001109 0.000000 0.774334 -0.000000 -0.001109 0.000000 -0.001012 0.000000 -0.001109 0.000000 -0.776358 0.000000 -0.001109 0.000000 -1.305827 0.000000 -0.001109  
