 1 1 5  -32.044196 0.972587 -3.801110 -0.020613 -30.899272 0.893670 -2.789348 -0.020613 -30.832804 0.621578 -0.988293 -0.020613 -30.836721 0.325180 0.842340 -0.020613 -30.797983 0.123172 2.091289 -0.020613  
 2 2 6  -35.921295 1.015000 -3.901667 -0.020613 -35.217708 0.913744 -2.810119 -0.020613 -35.277851 0.620331 -0.989339 -0.020613 -35.285141 0.326157 0.832253 -0.020613 -35.245364 0.124710 2.076587 -0.020613  
 3 3 7  -41.173043 1.062591 -3.994917 -0.020613 -40.945562 0.911173 -2.809820 -0.020613 -41.012373 0.622768 -0.988012 -0.020613 -41.017504 0.336380 0.831240 -0.020613 -40.979681 0.139921 2.075139 -0.020613  
 4 4 8  -37.129107 1.022516 -3.934880 -0.020613 -36.550443 0.913153 -2.815180 -0.020613 -36.619439 0.624057 -0.987033 -0.020613 -36.625325 0.335623 0.841484 -0.020613 -36.584888 0.138443 2.090041 -0.020613  
 5 5 10  -21.544163 2.169988 -1.177361 -0.017057 -20.819534 1.526618 -0.606103 -0.017057 -20.840162 0.377361 0.401714 -0.017057 -20.817682 -0.771546 1.409263 -0.017057 -21.538512 -1.432113 1.960555 -0.017057  
 6 6 11  -23.246263 2.208017 -1.191738 -0.017057 -22.737468 1.526249 -0.595678 -0.017057 -22.760224 0.377556 0.403939 -0.017057 -22.735625 -0.770914 1.403806 -0.017057 -23.252319 -1.461875 1.985553 -0.017057  
 7 7 12  -27.135547 2.239014 -1.241144 -0.017057 -26.956657 1.509632 -0.595184 -0.017057 -26.977130 0.382833 0.403663 -0.017057 -26.954615 -0.743995 1.402865 -0.017057 -27.144129 -1.474198 2.043648 -0.017057  
 8 8 13  -25.361137 2.215446 -1.236262 -0.017057 -25.056635 1.510006 -0.605610 -0.017057 -25.078179 0.382666 0.401511 -0.017057 -25.053517 -0.744710 1.408434 -0.017057 -25.358676 -1.455272 2.032353 -0.017057  
 9 10 15  -11.789300 1.785669 0.009611 0.006799 -10.167446 1.108603 0.152459 0.006799 -10.042590 -0.309598 0.391388 0.006799 -11.251578 -1.526971 0.496823 0.006799 -13.233673 -2.163340 0.567852 0.006799  
 10 11 16  -12.161114 1.807567 0.014150 0.006799 -10.626954 1.117268 0.158519 0.006799 -10.543831 -0.309513 0.391403 0.006799 -11.645272 -1.545114 0.501056 0.006799 -13.591381 -2.185785 0.568468 0.006799  
 11 12 17  -13.555476 1.838274 0.014965 0.006799 -12.484649 1.098989 0.169756 0.006799 -12.490995 -0.298430 0.391276 0.006799 -13.155358 -1.565231 0.529246 0.006799 -14.850057 -2.209457 0.590546 0.006799  
 12 13 18  -13.167319 1.821035 0.010592 0.006799 -12.007425 1.098443 0.165952 0.006799 -12.010986 -0.298526 0.391266 0.006799 -12.755890 -1.550723 0.525978 0.006799 -14.492022 -2.189512 0.589530 0.006799  
 13 5 6  0.000000 -3.422748 -0.000000 0.016267 0.000000 -2.032992 -0.000000 0.016267 0.000000 0.002144 0.000000 0.016267 0.000000 2.037280 0.000000 0.016267 0.000000 3.427036 0.000000 0.016267  
 14 6 7  0.000000 -2.116517 0.000000 -0.025302 0.000000 -1.256683 0.000000 -0.025302 0.000000 0.002445 0.000000 -0.025302 0.000000 1.261573 -0.000000 -0.025302 0.000000 2.121408 -0.000000 -0.025302  
 15 7 8  0.000000 -3.427638 0.000000 0.010194 0.000000 -2.037638 0.000000 0.010194 0.000000 -0.002144 0.000000 0.010194 0.000000 2.033350 -0.000000 0.010194 0.000000 3.423351 -0.000000 0.010194  
 16 8 5  0.000000 -2.120806 -0.000000 -0.034918 0.000000 -1.261215 -0.000000 -0.034918 0.000000 -0.002445 0.000000 -0.034918 0.000000 1.256325 0.000000 -0.034918 0.000000 2.115915 0.000000 -0.034918  
 17 10 11  0.000000 -1.982383 -0.000000 0.020894 0.000000 -1.177715 -0.000000 0.020894 0.000000 0.000627 0.000000 0.020894 0.000000 1.178970 0.000000 0.020894 0.000000 1.983637 0.000000 0.020894  
 18 11 12  0.000000 -3.399940 0.000000 -0.017653 0.000000 -2.017888 0.000000 -0.017653 0.000000 0.005966 0.000000 -0.017653 0.000000 2.029820 -0.000000 -0.017653 0.000000 3.411872 -0.000000 -0.017653  
 19 12 13  0.000000 -1.984448 0.000000 0.012925 0.000000 -1.179452 0.000000 0.012925 0.000000 -0.000627 0.000000 0.012925 0.000000 1.178197 -0.000000 0.012925 0.000000 1.983194 -0.000000 0.012925  
 20 13 10  0.000000 -3.411061 -0.000000 -0.020970 0.000000 -2.029338 -0.000000 -0.020970 0.000000 -0.005966 0.000000 -0.020970 0.000000 2.017406 0.000000 -0.020970 0.000000 3.399129 0.000000 -0.020970  
 21 15 16  0.000000 -0.598229 -0.000000 0.012884 0.000000 -0.355261 -0.000000 0.012884 0.000000 0.000538 0.000000 0.012884 0.000000 0.356338 0.000000 0.012884 0.000000 0.599306 0.000000 0.012884  
 22 16 17  0.000000 -2.298339 -0.000000 -0.012163 0.000000 -1.360404 -0.000000 -0.012163 0.000000 0.013094 0.000000 -0.012163 0.000000 1.386592 0.000000 -0.012163 0.000000 2.324528 0.000000 -0.012163  
 23 17 18  0.000000 -0.600381 0.000000 0.010122 0.000000 -0.356976 0.000000 0.010122 0.000000 -0.000538 0.000000 0.010122 0.000000 0.355899 -0.000000 0.010122 0.000000 0.599304 -0.000000 0.010122  
 24 18 15  0.000000 -2.323453 0.000000 -0.012195 0.000000 -1.385953 0.000000 -0.012195 0.000000 -0.013094 0.000000 -0.012195 0.000000 1.359765 -0.000000 -0.012195 0.000000 2.297265 -0.000000 -0.012195  
