 1 1 5  -40.428024 -2.839901 1.902321 0.001057 -40.369972 -2.013570 1.408532 0.001057 -40.418934 -0.773506 0.657011 0.001057 -40.422195 0.465659 -0.093446 0.001057 -40.394808 1.312240 -0.606378 0.001057  
 2 2 6  -36.208387 -2.805227 1.874273 0.001057 -35.964535 -2.014536 1.411296 0.001057 -36.013878 -0.774204 0.656619 0.001057 -36.018415 0.466258 -0.098539 0.001057 -35.989562 1.313059 -0.614027 0.001057  
 3 3 7  -32.044734 -2.753526 1.825907 0.001057 -31.509729 -2.014437 1.409645 0.001057 -31.545577 -0.773551 0.657249 0.001057 -31.550395 0.471536 -0.098985 0.001057 -31.521560 1.320789 -0.614681 0.001057  
 4 4 8  -36.163414 -2.808225 1.869904 0.001057 -35.916399 -2.016179 1.409454 0.001057 -35.966029 -0.772920 0.657677 0.001057 -35.971810 0.470990 -0.093708 0.001057 -35.941642 1.320019 -0.607062 0.001057  
 5 5 10  -26.616164 -1.285601 1.607567 0.000667 -26.620094 -0.718777 0.977935 0.000667 -26.629327 0.113475 0.053397 0.000667 -26.612770 0.946052 -0.871186 0.000667 -26.628348 1.508289 -1.496279 0.000667  
 6 6 11  -23.917235 -1.273261 1.604203 0.000667 -23.855179 -0.718991 0.984019 0.000667 -23.865538 0.113660 0.053475 0.000667 -23.848080 0.946420 -0.877042 0.000667 -23.950168 1.492188 -1.489368 0.000667  
 7 7 12  -21.512602 -1.260887 1.581623 0.000667 -21.328874 -0.724944 0.984235 0.000667 -21.338322 0.113341 0.053365 0.000667 -21.320753 0.951518 -0.877327 0.000667 -21.562488 1.475473 -1.464477 0.000667  
 8 8 13  -24.161621 -1.283864 1.596227 0.000667 -24.107258 -0.724734 0.978171 0.000667 -24.117487 0.113182 0.053421 0.000667 -24.098778 0.951155 -0.871478 0.000667 -24.190434 1.502258 -1.482013 0.000667  
 9 10 15  -12.843017 -0.747011 0.918705 0.001181 -12.753918 -0.337719 0.439815 0.001181 -12.757122 0.288017 -0.288683 0.001181 -12.964708 0.874420 -0.977099 0.001181 -13.775408 1.175173 -1.340123 0.001181  
 10 11 16  -11.858130 -0.734686 0.920101 0.001181 -11.697702 -0.337743 0.447201 0.001181 -11.700898 0.288075 -0.291861 0.001181 -12.014560 0.857453 -0.972463 0.001181 -12.921512 1.148973 -1.330132 0.001181  
 11 12 17  -11.010734 -0.732800 0.904928 0.001181 -10.764149 -0.343901 0.447216 0.001181 -10.767193 0.290569 -0.291901 0.001181 -11.186659 0.851713 -0.955172 0.001181 -12.183393 1.139209 -1.303699 0.001181  
 12 13 18  -11.979167 -0.748313 0.907490 0.001181 -11.828765 -0.343869 0.439833 0.001181 -11.831748 0.290509 -0.288721 0.001181 -12.130759 0.870741 -0.961515 0.001181 -13.023820 1.168546 -1.314649 0.001181  
 13 5 6  0.000000 2.260972 0.000000 0.007391 0.000000 1.343953 0.000000 0.007391 0.000000 0.001085 0.000000 0.007391 0.000000 -1.341783 -0.000000 0.007391 0.000000 -2.258802 -0.000000 0.007391  
 14 6 7  0.000000 2.670582 0.000000 -0.012197 0.000000 1.587367 0.000000 -0.012197 0.000000 0.001124 0.000000 -0.012197 0.000000 -1.585119 -0.000000 -0.012197 0.000000 -2.668334 -0.000000 -0.012197  
 15 7 8  0.000000 2.258642 -0.000000 0.013074 0.000000 1.341688 -0.000000 0.013074 0.000000 -0.001085 0.000000 0.013074 0.000000 -1.343858 0.000000 0.013074 0.000000 -2.260812 0.000000 0.013074  
 16 8 5  0.000000 2.668494 -0.000000 -0.006857 0.000000 1.585214 -0.000000 -0.006857 0.000000 -0.001124 0.000000 -0.006857 0.000000 -1.587462 0.000000 -0.006857 0.000000 -2.670742 0.000000 -0.006857  
 17 10 11  0.000000 2.414973 0.000000 0.011100 0.000000 1.435457 0.000000 0.011100 0.000000 0.001069 0.000000 0.011100 0.000000 -1.433318 -0.000000 0.011100 0.000000 -2.412834 -0.000000 0.011100  
 18 11 12  0.000000 2.239723 0.000000 -0.014790 0.000000 1.331253 0.000000 -0.014790 0.000000 0.000906 0.000000 -0.014790 0.000000 -1.329441 -0.000000 -0.014790 0.000000 -2.237911 -0.000000 -0.014790  
 19 12 13  0.000000 2.412514 -0.000000 0.015713 0.000000 1.433128 -0.000000 0.015713 0.000000 -0.001069 0.000000 0.015713 0.000000 -1.435267 0.000000 0.015713 0.000000 -2.414653 0.000000 0.015713  
 20 13 10  0.000000 2.238230 -0.000000 -0.010225 0.000000 1.329631 -0.000000 -0.010225 0.000000 -0.000906 0.000000 -0.010225 0.000000 -1.331444 0.000000 -0.010225 0.000000 -2.240043 0.000000 -0.010225  
 21 15 16  0.000000 1.381708 -0.000000 0.012092 0.000000 0.822290 -0.000000 0.012092 0.000000 0.003088 0.000000 0.012092 0.000000 -0.816115 0.000000 0.012092 0.000000 -1.375533 0.000000 0.012092  
 22 16 17  0.000000 1.211040 -0.000000 -0.012538 0.000000 0.720638 -0.000000 -0.012538 0.000000 0.002501 0.000000 -0.012538 0.000000 -0.715636 0.000000 -0.012538 0.000000 -1.206038 0.000000 -0.012538  
 23 17 18  0.000000 1.375111 0.000000 0.013751 0.000000 0.815864 0.000000 0.013751 0.000000 -0.003088 0.000000 0.013751 0.000000 -0.822039 -0.000000 0.013751 0.000000 -1.381286 -0.000000 0.013751  
 24 18 15  0.000000 1.206460 0.000000 -0.011390 0.000000 0.715887 0.000000 -0.011390 0.000000 -0.002501 0.000000 -0.011390 0.000000 -0.720889 -0.000000 -0.011390 0.000000 -1.211462 -0.000000 -0.011390  
