 1 1 5  -43.603382 10.318330 -1.666517 -0.205139 -32.876902 7.429953 -1.046610 -0.205139 -16.485159 3.050068 -0.214146 -0.205139 -14.551306 -2.468070 0.636073 -0.205139 -25.521600 -5.465793 1.163373 -0.205139  
 2 2 6  -44.311528 10.420287 -1.587686 -0.205139 -33.439609 7.502942 -0.981120 -0.205139 -16.761702 3.072879 -0.195254 -0.205139 -14.885482 -2.497706 0.637254 -0.205139 -25.991846 -5.523645 1.147018 -0.205139  
 3 3 7  -62.678192 11.536685 -1.805640 -0.205139 -53.640140 8.841414 -1.158341 -0.205139 -42.376392 4.414895 -0.268633 -0.205139 -42.130501 -2.317503 0.883170 -0.205139 -45.359007 -6.093999 1.443756 -0.205139  
 4 4 8  -62.051934 11.447965 -1.883066 -0.205139 -53.101319 8.774638 -1.225819 -0.205139 -42.056124 4.396914 -0.298570 -0.205139 -41.764699 -2.295578 0.888275 -0.205139 -44.933905 -6.046486 1.460795 -0.205139  
 5 5 10  -33.033166 8.757123 0.323780 -0.017561 -18.826793 5.051694 0.297983 -0.017561 -0.573910 -0.275390 0.179571 -0.017561 -21.444779 -5.740291 0.151285 -0.017561 -35.553940 -9.431447 0.138225 -0.017561  
 6 6 11  -32.718872 8.736393 0.309431 -0.017561 -18.487176 5.026371 0.291083 -0.017561 -0.258639 -0.248636 0.161569 -0.017561 -21.142401 -5.720505 0.140676 -0.017561 -35.280381 -9.416458 0.134362 -0.017561  
 7 7 12  -41.382299 8.765816 0.330791 -0.017561 -29.109941 5.429851 0.319070 -0.017561 -18.442613 -0.693255 0.343169 -0.017561 -32.190935 -6.270625 0.164418 -0.017561 -44.354033 -9.592140 0.159813 -0.017561  
 8 8 13  -41.651503 8.781338 0.351357 -0.017561 -29.388059 5.446018 0.329406 -0.017561 -18.918070 -0.693101 0.352766 -0.017561 -32.421967 -6.281425 0.174608 -0.017561 -44.580516 -9.601102 0.160673 -0.017561  
 9 10 15  -11.145752 2.614980 0.272727 0.027129 -5.471323 1.125823 0.180596 0.027129 -6.202848 -1.329775 0.013714 0.027129 -14.591102 -3.514520 -0.131660 0.027129 -20.227103 -4.987665 -0.219194 0.027129  
 10 11 16  -10.967024 2.601093 0.268438 0.027129 -5.282437 1.111815 0.177167 0.027129 -6.008213 -1.315523 0.012061 0.027129 -14.431804 -3.502091 -0.133909 0.027129 -20.070063 -4.975741 -0.219584 0.027129  
 11 12 17  -13.021360 2.342038 0.301974 0.027129 -8.993339 0.968940 0.246395 0.027129 -10.888503 -1.722436 0.013549 0.027129 -17.783212 -3.632113 -0.147749 0.027129 -22.532068 -4.909904 -0.233388 0.027129  
 12 13 18  -13.195397 2.353125 0.306702 0.027129 -9.220436 0.973075 0.251049 0.027129 -11.072162 -1.733203 0.015401 0.027129 -17.933910 -3.641817 -0.145277 0.027129 -22.675593 -4.919589 -0.234340 0.027129  
 13 5 6  0.000000 -1.036924 -0.000000 0.022059 0.000000 -0.618664 -0.000000 0.022059 0.000000 -0.006170 0.000000 0.022059 0.000000 0.606325 0.000000 0.022059 0.000000 1.024585 0.000000 0.022059  
 14 6 7  0.000000 -14.487377 0.000000 -0.131369 0.000000 -8.519140 0.000000 -0.131369 0.000000 0.220649 0.000000 -0.131369 0.000000 8.960439 -0.000000 -0.131369 0.000000 14.928676 -0.000000 -0.131369  
 15 7 8  0.000000 -1.026032 0.000000 0.017712 0.000000 -0.607184 0.000000 0.017712 0.000000 0.006170 0.000000 0.017712 0.000000 0.619523 -0.000000 0.017712 0.000000 1.038371 -0.000000 0.017712  
 16 8 5  0.000000 -14.927230 -0.000000 -0.130333 0.000000 -8.959579 -0.000000 -0.130333 0.000000 -0.220649 0.000000 -0.130333 0.000000 8.518280 0.000000 -0.130333 0.000000 14.485931 0.000000 -0.130333  
 17 10 11  0.000000 0.185131 0.000000 -0.024419 0.000000 0.109617 0.000000 -0.024419 0.000000 -0.000964 0.000000 -0.024419 0.000000 -0.111545 -0.000000 -0.024419 0.000000 -0.187059 -0.000000 -0.024419  
 18 11 12  0.000000 -12.073879 0.000000 -0.003339 0.000000 -7.116250 0.000000 -0.003339 0.000000 0.143622 0.000000 -0.003339 0.000000 7.403494 -0.000000 -0.003339 0.000000 12.361124 -0.000000 -0.003339  
 19 12 13  0.000000 0.187781 -0.000000 -0.011609 0.000000 0.111974 -0.000000 -0.011609 0.000000 0.000964 0.000000 -0.011609 0.000000 -0.110047 0.000000 -0.011609 0.000000 -0.185854 0.000000 -0.011609  
 20 13 10  0.000000 -12.361846 -0.000000 0.000163 0.000000 -7.403923 -0.000000 0.000163 0.000000 -0.143622 0.000000 0.000163 0.000000 7.116679 0.000000 0.000163 0.000000 12.074601 0.000000 0.000163  
 21 15 16  0.000000 0.246917 0.000000 -0.010299 0.000000 0.146654 0.000000 -0.010299 0.000000 -0.000170 0.000000 -0.010299 0.000000 -0.146993 -0.000000 -0.010299 0.000000 -0.247256 -0.000000 -0.010299  
 22 16 17  0.000000 -4.944919 -0.000000 0.014983 0.000000 -2.919803 -0.000000 0.014983 0.000000 0.045744 0.000000 0.014983 0.000000 3.011291 0.000000 0.014983 0.000000 5.036407 0.000000 0.014983  
 23 17 18  0.000000 0.248505 -0.000000 -0.007446 0.000000 0.147735 -0.000000 -0.007446 0.000000 0.000170 0.000000 -0.007446 0.000000 -0.147396 0.000000 -0.007446 0.000000 -0.248165 0.000000 -0.007446  
 24 18 15  0.000000 -5.037656 0.000000 0.015315 0.000000 -3.012033 0.000000 0.015315 0.000000 -0.045744 0.000000 0.015315 0.000000 2.920545 -0.000000 0.015315 0.000000 4.946167 -0.000000 0.015315  
