 1 1 5  -37.127375 -1.476622 0.593565 0.000334 -37.156311 -0.988408 0.447547 0.000334 -37.190209 -0.273223 0.233767 0.000334 -37.192360 0.441370 0.021198 0.000334 -37.171613 0.929702 -0.124763 0.000334  
 2 2 6  -35.258242 -1.477350 0.594718 0.000334 -35.287329 -0.989024 0.448729 0.000334 -35.321929 -0.273724 0.234931 0.000334 -35.324027 0.441782 0.020946 0.000334 -35.302491 0.930224 -0.125107 0.000334  
 3 3 7  -34.781651 -1.478060 0.595798 0.000334 -34.810522 -0.989733 0.449641 0.000334 -34.844321 -0.274452 0.235568 0.000334 -34.845974 0.441929 0.020372 0.000334 -34.825485 0.930440 -0.125931 0.000334  
 4 4 8  -36.650062 -1.477313 0.594690 0.000334 -36.678902 -0.989101 0.448503 0.000334 -36.713016 -0.273971 0.234411 0.000334 -36.715589 0.441464 0.020556 0.000334 -36.694015 0.929879 -0.125631 0.000334  
 5 5 10  -24.526174 0.021911 0.663201 0.000085 -24.535836 0.122524 0.425371 0.000085 -24.543690 0.269581 0.077545 0.000085 -24.533316 0.416754 -0.270561 0.000085 -24.523435 0.517292 -0.508341 0.000085  
 6 6 11  -23.238972 0.021622 0.663103 0.000085 -23.248728 0.122311 0.425450 0.000085 -23.257084 0.269696 0.077340 0.000085 -23.246277 0.416931 -0.270649 0.000085 -23.236347 0.517522 -0.508208 0.000085  
 7 7 12  -23.456476 0.021732 0.663400 0.000085 -23.466170 0.122327 0.425703 0.000085 -23.473824 0.269775 0.077182 0.000085 -23.463574 0.417021 -0.270951 0.000085 -23.453700 0.517530 -0.508548 0.000085  
 8 8 13  -24.743322 0.022012 0.663496 0.000085 -24.753003 0.122540 0.425620 0.000085 -24.761544 0.269657 0.077423 0.000085 -24.750311 0.416847 -0.270867 0.000085 -24.740414 0.517301 -0.508675 0.000085  
 9 10 15  -12.143374 0.488857 0.535317 0.000013 -12.148772 0.328135 0.279324 0.000013 -12.151334 0.092735 -0.095455 0.000013 -12.145002 -0.142613 -0.470278 0.000013 -12.138477 -0.303351 -0.726268 0.000013  
 10 11 16  -11.623948 0.488828 0.535294 0.000013 -11.629356 0.328120 0.279337 0.000013 -11.631963 0.092761 -0.095492 0.000013 -11.625572 -0.142563 -0.470332 0.000013 -11.619038 -0.303292 -0.726276 0.000013  
 11 12 17  -11.849907 0.488860 0.535341 0.000013 -11.855280 0.328125 0.279368 0.000013 -11.857797 0.092802 -0.095532 0.000013 -11.851502 -0.142541 -0.470387 0.000013 -11.844997 -0.303295 -0.726343 0.000013  
 12 13 18  -12.369359 0.488891 0.535366 0.000013 -12.374746 0.328144 0.279357 0.000013 -12.377247 0.092779 -0.095494 0.000013 -12.370961 -0.142592 -0.470333 0.000013 -12.364452 -0.303356 -0.726336 0.000013  
 13 5 6  0.000000 0.803215 0.000000 -0.000430 0.000000 0.477229 0.000000 -0.000430 0.000000 -0.000140 0.000000 -0.000430 0.000000 -0.477509 -0.000000 -0.000430 0.000000 -0.803495 -0.000000 -0.000430  
 14 6 7  0.000000 0.959087 -0.000000 0.000614 0.000000 0.569880 -0.000000 0.000614 0.000000 -0.000068 0.000000 0.000614 0.000000 -0.570015 0.000000 0.000614 0.000000 -0.959222 0.000000 0.000614  
 15 7 8  0.000000 0.803518 -0.000000 -0.000458 0.000000 0.477522 -0.000000 -0.000458 0.000000 0.000140 0.000000 -0.000458 0.000000 -0.477243 0.000000 -0.000458 0.000000 -0.803238 0.000000 -0.000458  
 16 8 5  0.000000 0.959200 0.000000 0.000655 0.000000 0.570002 0.000000 0.000655 0.000000 0.000068 0.000000 0.000655 0.000000 -0.569867 -0.000000 0.000655 0.000000 -0.959064 -0.000000 0.000655  
 17 10 11  0.000000 1.059988 -0.000000 -0.000167 0.000000 0.629855 -0.000000 -0.000167 0.000000 -0.000024 0.000000 -0.000167 0.000000 -0.629903 0.000000 -0.000167 0.000000 -1.060036 0.000000 -0.000167  
 18 11 12  0.000000 0.011989 -0.000000 0.000248 0.000000 0.007118 -0.000000 0.000248 0.000000 -0.000015 0.000000 0.000248 0.000000 -0.007148 0.000000 0.000248 0.000000 -0.012019 0.000000 0.000248  
 19 12 13  0.000000 1.060068 0.000000 -0.000168 0.000000 0.629922 0.000000 -0.000168 0.000000 0.000024 0.000000 -0.000168 0.000000 -0.629874 -0.000000 -0.000168 0.000000 -1.060020 -0.000000 -0.000168  
 20 13 10  0.000000 0.011987 0.000000 0.000244 0.000000 0.007129 0.000000 0.000244 0.000000 0.000015 0.000000 0.000244 0.000000 -0.007099 -0.000000 0.000244 0.000000 -0.011957 -0.000000 0.000244  
 21 15 16  0.000000 0.717309 0.000000 -0.000019 0.000000 0.426230 0.000000 -0.000019 0.000000 -0.000022 0.000000 -0.000019 0.000000 -0.426274 -0.000000 -0.000019 0.000000 -0.717354 -0.000000 -0.000019  
 22 16 17  0.000000 -0.312007 0.000000 0.000027 0.000000 -0.185404 0.000000 0.000027 0.000000 -0.000008 0.000000 0.000027 0.000000 0.185388 -0.000000 0.000027 0.000000 0.311991 -0.000000 0.000027  
 23 17 18  0.000000 0.717386 -0.000000 -0.000020 0.000000 0.426293 -0.000000 -0.000020 0.000000 0.000022 0.000000 -0.000020 0.000000 -0.426249 0.000000 -0.000020 0.000000 -0.717341 0.000000 -0.000020  
 24 18 15  0.000000 -0.312023 -0.000000 0.000028 0.000000 -0.185407 -0.000000 0.000028 0.000000 0.000008 0.000000 0.000028 0.000000 0.185423 0.000000 0.000028 0.000000 0.312039 0.000000 0.000028  
