 1 1 5  -32.015673 2.956616 -2.746600 0.006469 -30.460267 2.248264 -2.130498 0.006469 -29.968819 0.928976 -0.955954 0.006469 -29.972509 -0.491814 0.319285 0.006469 -29.943584 -1.461441 1.189473 0.006469  
 2 2 6  -37.442474 3.084508 -2.857765 0.006469 -36.355344 2.313383 -2.189984 0.006469 -36.235580 0.928020 -0.961322 0.006469 -36.241167 -0.491027 0.300474 0.006469 -36.209947 -1.460310 1.162284 0.006469  
 3 3 7  -42.283739 3.160644 -2.942175 0.006469 -41.574767 2.337187 -2.217599 0.006469 -41.603377 0.932553 -0.960447 0.006469 -41.610127 -0.475219 0.299967 0.006469 -41.579112 -1.437667 1.161554 0.006469  
 4 4 8  -36.701684 3.059556 -2.856496 0.006469 -35.556479 2.303352 -2.188964 0.006469 -35.402339 0.933513 -0.955196 0.006469 -35.409035 -0.476030 0.319020 0.006469 -35.377539 -1.438841 1.188824 0.006469  
 5 5 10  -21.439222 1.627409 -1.991558 0.005820 -20.400319 1.015051 -1.294753 0.005820 -20.385725 -0.129347 -0.007774 0.005820 -20.460706 -1.260670 1.266524 0.005820 -21.665610 -1.844442 1.944145 0.005820  
 6 6 11  -24.806574 1.697053 -2.032257 0.005820 -24.209345 1.019826 -1.277567 0.005820 -24.222526 -0.129137 -0.006749 0.005820 -24.203310 -1.278062 1.264172 0.005820 -24.985189 -1.921804 1.990166 0.005820  
 7 7 12  -27.555448 1.710833 -2.078025 0.005820 -27.221428 1.001591 -1.277172 0.005820 -27.234269 -0.130649 -0.006870 0.005820 -27.214843 -1.263260 1.263821 0.005820 -27.689582 -1.946335 2.040504 0.005820  
 8 8 13  -24.115563 1.655712 -2.054476 0.005820 -23.437653 1.001955 -1.299556 0.005820 -23.450518 -0.130873 -0.007751 0.005820 -23.438685 -1.262236 1.282577 0.005820 -24.296226 -1.883480 2.009990 0.005820  
 9 10 15  -10.914985 0.741658 -1.193060 0.003293 -10.162434 0.351032 -0.623447 0.003293 -10.165590 -0.385562 0.409590 0.003293 -11.318853 -0.948513 1.246371 0.003293 -12.896808 -1.257415 1.709823 0.003293  
 10 11 16  -12.130113 0.772671 -1.197460 0.003293 -11.626014 0.351003 -0.602389 0.003293 -11.628990 -0.385480 0.406417 0.003293 -12.501772 -0.983432 1.262579 0.003293 -13.952420 -1.298160 1.725029 0.003293  
 11 12 17  -13.056922 0.768772 -1.221154 0.003293 -12.691127 0.337083 -0.602369 0.003293 -12.693904 -0.384891 0.406366 0.003293 -13.394744 -0.992076 1.289351 0.003293 -14.753555 -1.303910 1.761431 0.003293  
 12 13 18  -11.814201 0.740898 -1.222253 0.003293 -11.239603 0.337120 -0.623427 0.003293 -11.242522 -0.384978 0.409550 0.003293 -12.193853 -0.959207 1.276811 0.003293 -13.689883 -1.264150 1.748052 0.003293  
 13 5 6  0.000000 -3.293784 0.000000 0.043051 0.000000 -1.955422 0.000000 0.043051 0.000000 0.004452 0.000000 0.043051 0.000000 1.964327 -0.000000 0.043051 0.000000 3.302688 -0.000000 0.043051  
 14 6 7  0.000000 -3.208334 0.000000 -0.025080 0.000000 -1.904946 0.000000 -0.025080 0.000000 0.003712 0.000000 -0.025080 0.000000 1.912371 -0.000000 -0.025080 0.000000 3.215758 -0.000000 -0.025080  
 15 7 8  0.000000 -3.303455 -0.000000 0.030515 0.000000 -1.964782 -0.000000 0.030515 0.000000 -0.004452 0.000000 0.030515 0.000000 1.955878 0.000000 0.030515 0.000000 3.294550 0.000000 0.030515  
 16 8 5  0.000000 -3.214992 -0.000000 -0.038194 0.000000 -1.911916 -0.000000 -0.038194 0.000000 -0.003712 0.000000 -0.038194 0.000000 1.904491 0.000000 -0.038194 0.000000 3.207567 0.000000 -0.038194  
 17 10 11  0.000000 -3.272829 0.000000 0.042680 0.000000 -1.943230 0.000000 0.042680 0.000000 0.003813 0.000000 0.042680 0.000000 1.950857 -0.000000 0.042680 0.000000 3.280456 -0.000000 0.042680  
 18 11 12  0.000000 -2.714479 0.000000 -0.025722 0.000000 -1.611901 0.000000 -0.025722 0.000000 0.002697 0.000000 -0.025722 0.000000 1.617294 -0.000000 -0.025722 0.000000 2.719873 -0.000000 -0.025722  
 19 12 13  0.000000 -3.281843 -0.000000 0.031560 0.000000 -1.951681 -0.000000 0.031560 0.000000 -0.003813 0.000000 0.031560 0.000000 1.944054 0.000000 0.031560 0.000000 3.274216 0.000000 0.031560  
 20 13 10  0.000000 -2.718486 -0.000000 -0.038085 0.000000 -1.616471 -0.000000 -0.038085 0.000000 -0.002697 0.000000 -0.038085 0.000000 1.611077 0.000000 -0.038085 0.000000 2.713093 0.000000 -0.038085  
 21 15 16  0.000000 -1.815967 0.000000 0.022199 0.000000 -1.076724 0.000000 0.022199 0.000000 0.005812 0.000000 0.022199 0.000000 1.088347 -0.000000 0.022199 0.000000 1.827590 -0.000000 0.022199  
 22 16 17  0.000000 -1.344334 0.000000 -0.017953 0.000000 -0.797589 0.000000 -0.017953 0.000000 0.003056 0.000000 -0.017953 0.000000 0.803701 -0.000000 -0.017953 0.000000 1.350446 -0.000000 -0.017953  
 23 17 18  0.000000 -1.829124 -0.000000 0.021020 0.000000 -1.089259 -0.000000 0.021020 0.000000 -0.005812 0.000000 0.021020 0.000000 1.077635 0.000000 0.021020 0.000000 1.817500 0.000000 0.021020  
 24 18 15  0.000000 -1.348912 -0.000000 -0.020065 0.000000 -0.802789 -0.000000 -0.020065 0.000000 -0.003056 0.000000 -0.020065 0.000000 0.796678 0.000000 -0.020065 0.000000 1.342800 0.000000 -0.020065  
