 1 1 5  -34.784208 0.045510 -0.515081 -0.000008 -34.798962 0.057794 -0.385415 -0.000008 -34.817088 0.075720 -0.195425 -0.000008 -34.818716 0.092814 -0.004900 -0.000008 -34.807556 0.104983 0.124938 -0.000008  
 2 2 6  -36.344486 0.045138 -0.514698 -0.000008 -36.359494 0.057456 -0.385005 -0.000008 -36.378290 0.075425 -0.194974 -0.000008 -36.380215 0.093081 -0.004900 -0.000008 -36.368078 0.105307 0.124871 -0.000008  
 3 3 7  -37.167670 0.044624 -0.514309 -0.000008 -37.182683 0.056901 -0.384660 -0.000008 -37.201166 0.074785 -0.194693 -0.000008 -37.202199 0.093213 -0.005117 -0.000008 -37.191177 0.105459 0.124533 -0.000008  
 4 4 8  -35.606590 0.044980 -0.514710 -0.000008 -35.621482 0.057211 -0.385105 -0.000008 -35.640031 0.075038 -0.195238 -0.000008 -35.642284 0.093019 -0.005052 -0.000008 -35.630223 0.105193 0.124671 -0.000008  
 5 5 10  -23.136928 0.360563 -0.531316 -0.000008 -23.142795 0.244894 -0.341688 -0.000008 -23.147921 0.075269 -0.063848 -0.000008 -23.141614 -0.094146 0.213850 -0.000008 -23.135834 -0.209788 0.403439 -0.000008  
 6 6 11  -24.213674 0.360345 -0.531318 -0.000008 -24.219608 0.244707 -0.341619 -0.000008 -24.225432 0.075304 -0.063889 -0.000008 -24.218575 -0.094046 0.213834 -0.000008 -24.212755 -0.209669 0.403494 -0.000008  
 7 7 12  -24.851928 0.360427 -0.531096 -0.000008 -24.857827 0.244687 -0.341414 -0.000008 -24.862726 0.075428 -0.063871 -0.000008 -24.856938 -0.093976 0.213745 -0.000008 -24.851117 -0.209697 0.403397 -0.000008  
 8 8 13  -23.774739 0.360640 -0.531111 -0.000008 -23.780683 0.244867 -0.341505 -0.000008 -23.786538 0.075441 -0.063854 -0.000008 -23.779505 -0.094064 0.213776 -0.000008 -23.773673 -0.209814 0.403351 -0.000008  
 9 10 15  -11.644680 0.292154 -0.463261 0.000006 -11.647958 0.157382 -0.244575 0.000006 -11.649382 -0.040056 0.075740 0.000006 -11.645429 -0.237441 0.396054 0.000006 -11.641597 -0.372196 0.614731 0.000006  
 10 11 16  -12.084620 0.292102 -0.463268 0.000006 -12.087923 0.157341 -0.244560 0.000006 -12.089460 -0.040040 0.075727 0.000006 -12.085382 -0.237391 0.396031 0.000006 -12.081526 -0.372135 0.614729 0.000006  
 11 12 17  -12.351384 0.292142 -0.463207 0.000006 -12.354677 0.157354 -0.244511 0.000006 -12.356232 -0.039998 0.075717 0.000006 -12.352147 -0.237367 0.395979 0.000006 -12.348286 -0.372139 0.614666 0.000006  
 12 13 18  -11.911462 0.292191 -0.463203 0.000006 -11.914761 0.157394 -0.244526 0.000006 -11.916222 -0.040013 0.075732 0.000006 -11.912202 -0.237416 0.396004 0.000006 -11.908355 -0.372198 0.614669 0.000006  
 13 5 6  0.000000 -0.668279 -0.000000 -0.000288 0.000000 -0.397125 -0.000000 -0.000288 0.000000 -0.000052 0.000000 -0.000288 0.000000 0.397021 0.000000 -0.000288 0.000000 0.668175 0.000000 -0.000288  
 14 6 7  0.000000 -0.255270 0.000000 0.000291 0.000000 -0.151713 0.000000 0.000291 0.000000 -0.000065 0.000000 0.000291 0.000000 0.151582 -0.000000 0.000291 0.000000 0.255139 -0.000000 0.000291  
 15 7 8  0.000000 -0.668160 0.000000 -0.000258 0.000000 -0.397012 0.000000 -0.000258 0.000000 0.000052 0.000000 -0.000258 0.000000 0.397116 -0.000000 -0.000258 0.000000 0.668264 -0.000000 -0.000258  
 16 8 5  0.000000 -0.255154 -0.000000 0.000248 0.000000 -0.151591 -0.000000 0.000248 0.000000 0.000065 0.000000 0.000248 0.000000 0.151721 0.000000 0.000248 0.000000 0.255285 0.000000 0.000248  
 17 10 11  0.000000 -0.879796 0.000000 -0.000117 0.000000 -0.522796 0.000000 -0.000117 0.000000 -0.000010 0.000000 -0.000117 0.000000 0.522775 -0.000000 -0.000117 0.000000 0.879775 -0.000000 -0.000117  
 18 11 12  0.000000 -0.512728 0.000000 0.000109 0.000000 -0.304679 0.000000 0.000109 0.000000 -0.000016 0.000000 0.000109 0.000000 0.304648 -0.000000 0.000109 0.000000 0.512697 -0.000000 0.000109  
 19 12 13  0.000000 -0.879751 -0.000000 -0.000104 0.000000 -0.522761 -0.000000 -0.000104 0.000000 0.000010 0.000000 -0.000104 0.000000 0.522782 0.000000 -0.000104 0.000000 0.879772 0.000000 -0.000104  
 20 13 10  0.000000 -0.512721 -0.000000 0.000101 0.000000 -0.304662 -0.000000 0.000101 0.000000 0.000016 0.000000 0.000101 0.000000 0.304693 0.000000 0.000101 0.000000 0.512752 0.000000 0.000101  
 21 15 16  0.000000 -0.607629 -0.000000 -0.000026 0.000000 -0.361069 -0.000000 -0.000026 0.000000 -0.000011 0.000000 -0.000026 0.000000 0.361048 0.000000 -0.000026 0.000000 0.607607 0.000000 -0.000026  
 22 16 17  0.000000 -0.368425 0.000000 0.000028 0.000000 -0.218929 0.000000 0.000028 0.000000 -0.000008 0.000000 0.000028 0.000000 0.218913 -0.000000 0.000028 0.000000 0.368409 -0.000000 0.000028  
 23 17 18  0.000000 -0.607583 0.000000 -0.000025 0.000000 -0.361033 0.000000 -0.000025 0.000000 0.000011 0.000000 -0.000025 0.000000 0.361054 -0.000000 -0.000025 0.000000 0.607605 -0.000000 -0.000025  
 24 18 15  0.000000 -0.368433 -0.000000 0.000027 0.000000 -0.218927 -0.000000 0.000027 0.000000 0.000008 0.000000 0.000027 0.000000 0.218943 0.000000 0.000027 0.000000 0.368449 0.000000 0.000027  
