 1 1 5  -54.650090 -6.009373 -11.451984 0.074138 -41.020744 -4.241232 -8.140478 0.074138 -20.980711 -1.588678 -3.165118 0.074138 -21.463944 1.706551 3.270168 0.074138 -35.018310 3.511229 6.673706 0.074138  
 2 2 6  -70.751815 -6.476805 -12.288024 0.074138 -58.607063 -4.708830 -9.167606 0.074138 -43.787839 -1.988782 -4.142760 0.074138 -43.289477 2.229976 3.314141 0.074138 -51.677890 4.095173 7.008672 0.074138  
 3 3 7  -61.854902 -6.333314 -11.708991 0.074138 -49.149047 -4.534547 -8.588289 0.074138 -31.519002 -1.745572 -3.835680 0.074138 -30.693459 2.189132 3.073846 0.074138 -41.715136 3.990720 6.476728 0.074138  
 4 4 8  -44.641348 -5.812234 -10.711548 0.074138 -30.688062 -3.997073 -7.377630 0.074138 -9.611393 -1.250381 -2.400176 0.074138 -10.350673 1.491183 2.513470 0.074138 -24.705788 3.361022 5.905775 0.074138  
 5 5 10  -34.026193 -3.136510 -7.723698 0.186802 -20.803820 -1.790823 -4.452862 0.186802 -7.335236 0.401917 0.978434 0.186802 -26.451374 2.395210 5.836349 0.186802 -39.635129 3.736477 9.098606 0.186802  
 6 6 11  -40.364108 -3.368847 -7.588048 0.186802 -28.742329 -2.035812 -4.569714 0.186802 -21.183049 0.497279 1.326971 0.186802 -34.841558 2.612382 6.217472 0.186802 -46.679239 3.961943 9.203566 0.186802  
 7 7 12  -35.607308 -3.424847 -7.227209 0.186802 -23.522505 -2.035377 -4.226547 0.186802 -13.505880 0.438616 1.300504 0.186802 -29.809150 2.575827 5.860589 0.186802 -41.957759 3.964958 8.846890 0.186802  
 8 8 13  -28.710984 -3.179207 -7.288233 0.186802 -15.374477 -1.775779 -4.013395 0.186802 -1.279903 0.243369 0.561810 0.186802 -20.998250 2.336016 5.398192 0.186802 -34.289205 3.734639 8.665295 0.186802  
 9 10 15  -10.159993 -1.426738 -0.823541 -0.026305 -8.188039 -0.720968 0.088380 -0.026305 -10.119876 0.645096 1.479299 -0.026305 -14.776071 1.652185 2.504629 -0.026305 -18.052845 2.300568 3.196277 -0.026305  
 10 11 16  -12.161436 -1.569055 -0.547942 -0.026305 -11.200805 -0.719383 0.377832 -0.026305 -12.626387 0.682516 1.665778 -0.026305 -16.707060 1.725365 2.575497 -0.026305 -19.679319 2.388254 3.184736 -0.026305  
 11 12 17  -10.527054 -1.552905 -0.512892 -0.026305 -8.911184 -0.773845 0.364895 -0.026305 -10.806126 0.642410 1.579057 -0.026305 -15.150814 1.709803 2.481245 -0.026305 -18.247382 2.389451 3.091954 -0.026305  
 12 13 18  -8.634570 -1.404214 -0.769377 -0.026305 -6.038817 -0.738074 0.076065 -0.026305 -8.383201 0.603791 1.379552 -0.026305 -13.272431 1.635777 2.404438 -0.026305 -16.643679 2.305240 3.096761 -0.026305  
 13 5 6  0.000000 -14.102076 -0.000000 -0.448711 0.000000 -8.299885 -0.000000 -0.448711 0.000000 0.196748 0.000000 -0.448711 0.000000 8.693381 0.000000 -0.448711 0.000000 14.495571 0.000000 -0.448711  
 14 6 7  0.000000 7.258095 -0.000000 0.473939 0.000000 4.328764 -0.000000 0.473939 0.000000 0.039100 0.000000 0.473939 0.000000 -4.250564 0.000000 0.473939 0.000000 -7.179895 0.000000 0.473939  
 15 7 8  0.000000 -14.455614 0.000000 -0.505945 0.000000 -8.669637 0.000000 -0.505945 0.000000 -0.196748 0.000000 -0.505945 0.000000 8.276142 -0.000000 -0.505945 0.000000 14.062118 -0.000000 -0.505945  
 16 8 5  0.000000 7.139937 0.000000 0.657223 0.000000 4.226821 0.000000 0.657223 0.000000 -0.039100 0.000000 0.657223 0.000000 -4.305021 -0.000000 0.657223 0.000000 -7.218137 -0.000000 0.657223  
 17 10 11  0.000000 -9.713235 -0.000000 -0.180410 0.000000 -5.742948 -0.000000 -0.180410 0.000000 0.071076 0.000000 -0.180410 0.000000 5.885100 0.000000 -0.180410 0.000000 9.855387 0.000000 -0.180410  
 18 11 12  0.000000 5.451729 0.000000 0.231425 0.000000 3.245200 0.000000 0.231425 0.000000 0.013995 0.000000 0.231425 0.000000 -3.217210 -0.000000 0.231425 0.000000 -5.423739 -0.000000 0.231425  
 19 12 13  0.000000 -9.796829 0.000000 -0.217832 0.000000 -5.850304 0.000000 -0.217832 0.000000 -0.071076 0.000000 -0.217832 0.000000 5.708152 -0.000000 -0.217832 0.000000 9.654677 -0.000000 -0.217832  
 20 13 10  0.000000 5.365181 -0.000000 0.347590 0.000000 3.182414 -0.000000 0.347590 0.000000 -0.013995 0.000000 0.347590 0.000000 -3.210404 0.000000 0.347590 0.000000 -5.393171 0.000000 0.347590  
 21 15 16  0.000000 -3.182115 0.000000 -0.029305 0.000000 -1.890718 0.000000 -0.029305 0.000000 0.000383 0.000000 -0.029305 0.000000 1.891483 -0.000000 -0.029305 0.000000 3.182880 -0.000000 -0.029305  
 22 16 17  0.000000 2.467675 0.000000 0.032279 0.000000 1.470186 0.000000 0.032279 0.000000 0.009479 0.000000 0.032279 0.000000 -1.451229 -0.000000 0.032279 0.000000 -2.448718 -0.000000 0.032279  
 23 17 18  0.000000 -3.123794 -0.000000 -0.032375 0.000000 -1.856373 -0.000000 -0.032375 0.000000 -0.000383 0.000000 -0.032375 0.000000 1.855608 0.000000 -0.032375 0.000000 3.123029 0.000000 -0.032375  
 24 18 15  0.000000 2.389631 -0.000000 0.039465 0.000000 1.416118 -0.000000 0.039465 0.000000 -0.009479 0.000000 0.039465 0.000000 -1.435075 0.000000 0.039465 0.000000 -2.408588 0.000000 0.039465  
