 1 1 5  -37.836408 -1.732637 2.145502 0.001256 -37.871484 -1.195995 1.496352 0.001256 -37.912231 -0.409934 0.545757 0.001256 -37.914236 0.375662 -0.403818 0.001256 -37.890648 0.912293 -1.052760 0.001256  
 2 2 6  -35.453296 -1.729232 2.143427 0.001256 -35.469613 -1.196266 1.497912 0.001256 -35.511008 -0.410184 0.547042 0.001256 -35.513267 0.375941 -0.404298 0.001256 -35.488786 0.912555 -1.053815 0.001256  
 3 3 7  -34.094407 -1.724569 2.138600 0.001256 -34.082806 -1.197059 1.498499 0.001256 -34.123919 -0.410860 0.547462 0.001256 -34.126652 0.376041 -0.404757 0.001256 -34.101823 0.913010 -1.054302 0.001256  
 4 4 8  -36.453657 -1.733280 2.145904 0.001256 -36.487264 -1.196834 1.496939 0.001256 -36.528389 -0.410702 0.546165 0.001256 -36.531410 0.375931 -0.404022 0.001256 -36.506181 0.912825 -1.053247 0.001256  
 5 5 10  -24.679170 -0.454637 0.770149 0.000077 -24.689593 -0.169041 0.367686 0.000077 -24.698228 0.248951 -0.221371 0.000077 -24.685655 0.667124 -0.810412 0.000077 -24.673320 0.952738 -1.212804 0.000077  
 6 6 11  -23.652153 -0.454835 0.770446 0.000077 -23.662733 -0.169183 0.368048 0.000077 -23.671665 0.248997 -0.221327 0.000077 -23.658638 0.667176 -0.810562 0.000077 -23.646247 0.952819 -1.212835 0.000077  
 7 7 12  -23.303531 -0.454993 0.770598 0.000077 -23.314055 -0.169403 0.368156 0.000077 -23.322609 0.248897 -0.221456 0.000077 -23.309308 0.667238 -0.810771 0.000077 -23.296953 0.952819 -1.213088 0.000077  
 8 8 13  -24.330237 -0.454798 0.770304 0.000077 -24.340696 -0.169262 0.367795 0.000077 -24.349626 0.248907 -0.221332 0.000077 -24.336093 0.667202 -0.810616 0.000077 -24.323756 0.952747 -1.213048 0.000077  
 9 10 15  -12.085632 0.398045 -0.110062 -0.000008 -12.092289 0.307247 -0.155861 -0.000008 -12.095899 0.174317 -0.222914 -0.000008 -12.088595 0.041405 -0.290077 -0.000008 -12.080682 -0.049377 -0.335948 -0.000008  
 10 11 16  -11.857562 0.398022 -0.110211 -0.000008 -11.864217 0.307229 -0.155943 -0.000008 -11.867777 0.174329 -0.223010 -0.000008 -11.860449 0.041428 -0.290149 -0.000008 -11.852517 -0.049351 -0.335947 -0.000008  
 11 12 17  -11.905240 0.398070 -0.110195 -0.000008 -11.911895 0.307246 -0.155945 -0.000008 -11.915222 0.174371 -0.223046 -0.000008 -11.908054 0.041463 -0.290172 -0.000008 -11.900157 -0.049354 -0.335974 -0.000008  
 12 13 18  -12.133266 0.398095 -0.110047 -0.000008 -12.139936 0.307267 -0.155857 -0.000008 -12.143368 0.174362 -0.222948 -0.000008 -12.136153 0.041440 -0.290100 -0.000008 -12.128270 -0.049380 -0.335976 -0.000008  
 13 5 6  0.000000 1.895221 -0.000000 0.000111 0.000000 1.126150 -0.000000 0.000111 0.000000 -0.000064 0.000000 0.000111 0.000000 -1.126278 0.000000 0.000111 0.000000 -1.895348 0.000000 0.000111  
 14 6 7  0.000000 1.428697 0.000000 -0.000154 0.000000 0.848943 0.000000 -0.000154 0.000000 -0.000039 0.000000 -0.000154 0.000000 -0.849022 -0.000000 -0.000154 0.000000 -1.428776 -0.000000 -0.000154  
 15 7 8  0.000000 1.895325 0.000000 0.000706 0.000000 1.126264 0.000000 0.000706 0.000000 0.000064 0.000000 0.000706 0.000000 -1.126136 -0.000000 0.000706 0.000000 -1.895197 -0.000000 0.000706  
 16 8 5  0.000000 1.428799 -0.000000 0.000324 0.000000 0.849036 -0.000000 0.000324 0.000000 0.000039 0.000000 0.000324 0.000000 -0.848957 0.000000 0.000324 0.000000 -1.428720 0.000000 0.000324  
 17 10 11  0.000000 1.103019 0.000000 -0.000094 0.000000 0.655415 0.000000 -0.000094 0.000000 -0.000050 0.000000 -0.000094 0.000000 -0.655515 -0.000000 -0.000094 0.000000 -1.103119 -0.000000 -0.000094  
 18 11 12  0.000000 0.547693 -0.000000 0.000174 0.000000 0.325439 -0.000000 0.000174 0.000000 -0.000025 0.000000 0.000174 0.000000 -0.325489 0.000000 0.000174 0.000000 -0.547742 0.000000 0.000174  
 19 12 13  0.000000 1.103102 -0.000000 -0.000081 0.000000 0.655505 -0.000000 -0.000081 0.000000 0.000050 0.000000 -0.000081 0.000000 -0.655405 0.000000 -0.000081 0.000000 -1.103002 0.000000 -0.000081  
 20 13 10  0.000000 0.547759 0.000000 0.000149 0.000000 0.325499 0.000000 0.000149 0.000000 0.000025 0.000000 0.000149 0.000000 -0.325449 -0.000000 0.000149 0.000000 -0.547709 -0.000000 0.000149  
 21 15 16  0.000000 0.315008 0.000000 -0.000027 0.000000 0.187178 0.000000 -0.000027 0.000000 -0.000015 0.000000 -0.000027 0.000000 -0.187207 -0.000000 -0.000027 0.000000 -0.315037 -0.000000 -0.000027  
 22 16 17  0.000000 -0.065725 0.000000 0.000029 0.000000 -0.039059 0.000000 0.000029 0.000000 -0.000010 0.000000 0.000029 0.000000 0.039039 -0.000000 0.000029 0.000000 0.065704 -0.000000 0.000029  
 23 17 18  0.000000 0.315021 -0.000000 -0.000027 0.000000 0.187198 -0.000000 -0.000027 0.000000 0.000015 0.000000 -0.000027 0.000000 -0.187168 0.000000 -0.000027 0.000000 -0.314992 0.000000 -0.000027  
 24 18 15  0.000000 -0.065688 -0.000000 0.000029 0.000000 -0.039029 -0.000000 0.000029 0.000000 0.000010 0.000000 0.000029 0.000000 0.039049 0.000000 0.000029 0.000000 0.065708 0.000000 0.000029  
