 1 1 5  -33.872198 0.760946 -0.507720 0.000343 -33.907274 0.593985 -0.371857 0.000343 -33.948021 0.349701 -0.172891 0.000343 -33.949812 0.104993 0.027113 0.000343 -33.926222 -0.061980 0.163171 0.000343  
 2 2 6  -35.186290 0.760626 -0.506246 0.000343 -35.221560 0.593714 -0.370391 0.000343 -35.262955 0.349451 -0.171455 0.000343 -35.265214 0.105231 0.027010 0.000343 -35.240650 -0.061742 0.162681 0.000343  
 3 3 7  -38.017398 0.759890 -0.505543 0.000343 -38.052569 0.592967 -0.369803 0.000343 -38.093683 0.348699 -0.171035 0.000343 -38.096366 0.105142 0.026561 0.000343 -38.071587 -0.061585 0.162186 0.000343  
 4 4 8  -36.702799 0.760167 -0.507022 0.000343 -36.737822 0.593193 -0.371270 0.000343 -36.778945 0.348857 -0.172484 0.000343 -36.781947 0.105019 0.026891 0.000343 -36.756734 -0.061771 0.162679 0.000343  
 5 5 10  -22.564082 1.112463 -0.414458 0.000073 -22.574563 0.715662 -0.263329 0.000073 -22.583207 0.134354 -0.041719 0.000073 -22.570688 -0.446777 0.179909 0.000073 -22.558354 -0.843572 0.331108 0.000073  
 6 6 11  -23.451805 1.112262 -0.414640 0.000073 -23.462443 0.715516 -0.263335 0.000073 -23.471464 0.134405 -0.041878 0.000073 -23.458436 -0.446725 0.179717 0.000073 -23.446046 -0.843490 0.331145 0.000073  
 7 7 12  -25.418306 1.112261 -0.414492 0.000073 -25.428916 0.715441 -0.263229 0.000073 -25.437645 0.134441 -0.042007 0.000073 -25.424343 -0.446552 0.179508 0.000073 -25.411988 -0.843397 0.330891 0.000073  
 8 8 13  -24.530372 1.112462 -0.414302 0.000073 -24.540906 0.715587 -0.263217 0.000073 -24.549974 0.134449 -0.041680 0.000073 -24.536432 -0.446590 0.179705 0.000073 -24.524111 -0.843469 0.330863 0.000073  
 9 10 15  -11.408582 0.777252 -0.388785 -0.001005 -11.415238 0.396925 -0.205509 -0.001005 -11.418849 -0.159985 0.062891 -0.001005 -11.411505 -0.716869 0.331180 -0.001005 -11.551510 -1.067978 0.489629 -0.001005  
 10 11 16  -11.773928 0.777228 -0.388249 -0.001005 -11.780583 0.396907 -0.205280 -0.001005 -11.784143 -0.159973 0.062560 -0.001005 -11.776768 -0.716845 0.330329 -0.001005 -11.892089 -1.072695 0.492303 -0.001005  
 11 12 17  -12.556074 0.775675 -0.388234 -0.001005 -12.562729 0.396274 -0.205282 -0.001005 -12.566056 -0.159190 0.062524 -0.001005 -12.558830 -0.714676 0.330305 -0.001005 -12.624427 -1.079158 0.500217 -0.001005  
 12 13 18  -12.191164 0.775701 -0.388770 -0.001005 -12.197833 0.396295 -0.205506 -0.001005 -12.201263 -0.159200 0.062857 -0.001005 -12.193993 -0.714699 0.331156 -0.001005 -12.280619 -1.075168 0.497851 -0.001005  
 13 5 6  0.000000 -0.589596 -0.000000 -0.000231 0.000000 -0.350415 -0.000000 -0.000231 0.000000 -0.000162 0.000000 -0.000231 0.000000 0.350091 0.000000 -0.000231 0.000000 0.589272 0.000000 -0.000231  
 14 6 7  0.000000 -1.194361 0.000000 0.000385 0.000000 -0.709748 0.000000 0.000385 0.000000 -0.000088 0.000000 0.000385 0.000000 0.709571 -0.000000 0.000385 0.000000 1.194184 -0.000000 0.000385  
 15 7 8  0.000000 -0.589258 0.000000 -0.000196 0.000000 -0.350083 0.000000 -0.000196 0.000000 0.000162 0.000000 -0.000196 0.000000 0.350406 -0.000000 -0.000196 0.000000 0.589582 -0.000000 -0.000196  
 16 8 5  0.000000 -1.194198 -0.000000 0.000341 0.000000 -0.709579 -0.000000 0.000341 0.000000 0.000088 0.000000 0.000341 0.000000 0.709756 0.000000 0.000341 0.000000 1.194375 0.000000 0.000341  
 17 10 11  0.000000 -0.725783 0.000000 0.000407 0.000000 -0.431281 0.000000 0.000407 0.000000 -0.000016 0.000000 0.000407 0.000000 0.431248 -0.000000 0.000407 0.000000 0.725750 -0.000000 0.000407  
 18 11 12  0.000000 -1.643456 0.000000 -0.000655 0.000000 -0.976567 0.000000 -0.000655 0.000000 0.000014 0.000000 -0.000655 0.000000 0.976596 -0.000000 -0.000655 0.000000 1.643485 -0.000000 -0.000655  
 19 12 13  0.000000 -0.725731 -0.000000 0.000346 0.000000 -0.431236 -0.000000 0.000346 0.000000 0.000016 0.000000 0.000346 0.000000 0.431269 0.000000 0.000346 0.000000 0.725764 0.000000 0.000346  
 20 13 10  0.000000 -1.643505 -0.000000 -0.000710 0.000000 -0.976607 -0.000000 -0.000710 0.000000 -0.000014 0.000000 -0.000710 0.000000 0.976579 0.000000 -0.000710 0.000000 1.643476 0.000000 -0.000710  
 21 15 16  0.000000 -0.500272 0.000000 0.001034 0.000000 -0.297202 0.000000 0.001034 0.000000 0.000171 0.000000 0.001034 0.000000 0.297543 -0.000000 0.001034 0.000000 0.500613 -0.000000 0.001034  
 22 16 17  0.000000 -1.071389 0.000000 -0.001737 0.000000 -0.636433 0.000000 -0.001737 0.000000 0.000509 0.000000 -0.001737 0.000000 0.637450 -0.000000 -0.001737 0.000000 1.072406 -0.000000 -0.001737  
 23 17 18  0.000000 -0.500598 -0.000000 0.000874 0.000000 -0.297534 -0.000000 0.000874 0.000000 -0.000171 0.000000 0.000874 0.000000 0.297193 0.000000 0.000874 0.000000 0.500257 0.000000 0.000874  
 24 18 15  0.000000 -1.072420 -0.000000 -0.001805 0.000000 -0.637459 -0.000000 -0.001805 0.000000 -0.000509 0.000000 -0.001805 0.000000 0.636442 0.000000 -0.001805 0.000000 1.071403 0.000000 -0.001805  
