 1 1 5  -55.000490 8.939487 -13.808283 0.458764 -34.330582 5.786248 -9.000112 0.458764 -3.660706 1.163792 -1.852601 0.458764 -14.436776 -2.958481 4.298642 0.458764 -35.512973 -6.125735 9.163715 0.458764  
 2 2 6  -73.931881 9.693490 -14.923471 0.458764 -54.168225 6.540942 -10.325768 0.458764 -25.592897 1.814234 -3.485994 0.458764 -33.711391 -3.791293 5.194354 0.458764 -53.568085 -6.924362 9.890030 0.458764  
 3 3 7  -78.515215 9.764272 -15.287405 0.458764 -58.960880 6.643750 -10.676803 0.458764 -31.558748 1.951438 -3.732104 0.458764 -38.951233 -3.917829 5.483228 0.458764 -58.223223 -7.014322 10.220524 0.458764  
 4 4 8  -60.331678 9.059564 -14.246354 0.458764 -39.638541 5.935995 -9.427393 0.458764 -8.506720 1.349224 -2.255481 0.458764 -19.514251 -3.128282 4.692944 0.458764 -40.695138 -6.258656 9.573909 0.458764  
 5 5 10  -21.263120 1.193396 -3.962587 0.327270 -15.320819 0.173388 -2.330695 0.327270 -14.535531 -1.715519 1.021976 0.327270 -23.087546 -2.883867 3.718510 0.327270 -29.492136 -3.750671 5.382516 0.327270  
 6 6 11  -28.414316 1.400104 -3.720972 0.327270 -26.195090 0.227556 -1.958809 0.327270 -26.695469 -1.933262 1.420982 0.327270 -32.110483 -3.291771 3.908255 0.327270 -37.001790 -4.132422 5.383462 0.327270  
 7 7 12  -27.812225 1.308047 -3.704217 0.327270 -25.507198 0.146757 -1.965196 0.327270 -26.078198 -1.946132 1.413482 0.327270 -31.557486 -3.242073 3.900190 0.327270 -36.445394 -4.065288 5.368184 0.327270  
 8 8 13  -20.632640 1.110551 -3.921377 0.327270 -14.656699 0.113496 -2.292857 0.327270 -13.836387 -1.704659 1.001678 0.327270 -22.450956 -2.832537 3.692663 0.327270 -28.855443 -3.682739 5.349950 0.327270  
 9 10 15  -16.667820 -2.905286 -3.399023 -0.065025 -9.985782 -1.966372 -1.739673 -0.065025 -3.944855 -0.552548 0.774144 -0.065025 -13.077162 0.879183 3.206971 -0.065025 -19.888552 1.832079 4.838415 -0.065025  
 10 11 16  -19.659601 -3.096272 -3.348162 -0.065025 -13.535597 -2.204943 -1.751181 -0.065025 -8.212293 -0.703221 0.979075 -0.065025 -16.135219 0.940239 3.314949 -0.065025 -22.448722 1.914108 4.824671 -0.065025  
 11 12 17  -18.387356 -3.045084 -3.272845 -0.065025 -12.186603 -2.132902 -1.693817 -0.065025 -6.613121 -0.648215 0.911947 -0.065025 -14.840073 0.937181 3.214467 -0.065025 -21.204452 1.909076 4.725545 -0.065025  
 12 13 18  -15.271103 -2.852665 -3.303129 -0.065025 -8.592566 -1.880320 -1.670520 -0.065025 -2.518116 -0.489582 0.672952 -0.065025 -11.670428 0.875516 3.087795 -0.065025 -18.482129 1.824441 4.721860 -0.065025  
 13 5 6  0.000000 -13.656638 -0.000000 0.564354 0.000000 -8.035349 -0.000000 0.564354 0.000000 0.196374 0.000000 0.564354 0.000000 8.428097 0.000000 0.564354 0.000000 14.049386 0.000000 0.564354  
 14 6 7  0.000000 -7.986557 0.000000 -0.175910 0.000000 -4.739689 0.000000 -0.175910 0.000000 0.014971 0.000000 -0.175910 0.000000 4.769632 -0.000000 -0.175910 0.000000 8.016500 -0.000000 -0.175910  
 15 7 8  0.000000 -14.071871 0.000000 0.527990 0.000000 -8.441458 0.000000 0.527990 0.000000 -0.196374 0.000000 0.527990 0.000000 8.048710 -0.000000 0.527990 0.000000 13.679122 -0.000000 0.527990  
 16 8 5  0.000000 -7.994015 -0.000000 -0.196847 0.000000 -4.756271 -0.000000 -0.196847 0.000000 -0.014971 0.000000 -0.196847 0.000000 4.726328 0.000000 -0.196847 0.000000 7.964072 0.000000 -0.196847  
 17 10 11  0.000000 -8.946533 0.000000 0.105957 0.000000 -5.297576 0.000000 0.105957 0.000000 0.045896 0.000000 0.105957 0.000000 5.389369 -0.000000 0.105957 0.000000 9.038326 -0.000000 0.105957  
 18 11 12  0.000000 -1.061062 -0.000000 0.061451 0.000000 -0.630167 -0.000000 0.061451 0.000000 0.000830 0.000000 0.061451 0.000000 0.631826 0.000000 0.061451 0.000000 1.062722 0.000000 0.061451  
 19 12 13  0.000000 -9.057856 -0.000000 0.101398 0.000000 -5.400974 -0.000000 0.101398 0.000000 -0.045896 0.000000 0.101398 0.000000 5.309182 0.000000 0.101398 0.000000 8.966064 0.000000 0.101398  
 20 13 10  0.000000 -1.043191 0.000000 0.084918 0.000000 -0.620221 0.000000 0.084918 0.000000 -0.000830 0.000000 0.084918 0.000000 0.618561 -0.000000 0.084918 0.000000 1.041531 -0.000000 0.084918  
 21 15 16  0.000000 -4.711866 -0.000000 -0.061211 0.000000 -2.773777 -0.000000 -0.061211 0.000000 0.064329 0.000000 -0.061211 0.000000 2.902435 0.000000 -0.061211 0.000000 4.840524 0.000000 -0.061211  
 22 16 17  0.000000 1.926601 0.000000 0.083173 0.000000 1.146918 0.000000 0.083173 0.000000 0.005163 0.000000 0.083173 0.000000 -1.136592 -0.000000 0.083173 0.000000 -1.916275 -0.000000 0.083173  
 23 17 18  0.000000 -4.855849 0.000000 -0.062021 0.000000 -2.911542 0.000000 -0.062021 0.000000 -0.064329 0.000000 -0.062021 0.000000 2.782884 -0.000000 -0.062021 0.000000 4.727192 -0.000000 -0.062021  
 24 18 15  0.000000 1.931601 -0.000000 0.100670 0.000000 1.145699 -0.000000 0.100670 0.000000 -0.005163 0.000000 0.100670 0.000000 -1.156025 0.000000 0.100670 0.000000 -1.941926 0.000000 0.100670  
