 1 1 5  -40.365763 -4.742140 -0.002387 0.024449 -40.397560 -3.696924 -0.019011 0.024449 -41.850949 -1.600958 0.103517 0.024449 -41.762679 0.478327 0.198382 0.024449 -40.667786 1.928893 0.291320 0.024449  
 2 2 6  -39.748814 -4.670003 0.083714 0.024449 -39.834940 -3.627829 0.070237 0.024449 -41.136785 -1.589453 0.135332 0.024449 -41.076393 0.454478 0.198088 0.024449 -40.103524 1.865853 0.264810 0.024449  
 3 3 7  -31.772378 -4.392519 0.039416 0.024449 -30.628898 -3.522489 0.040216 0.024449 -30.983629 -1.590388 0.124463 0.024449 -30.905709 0.538910 0.216183 0.024449 -29.818079 2.006900 0.322253 0.024449  
 4 4 8  -32.463873 -4.469309 -0.041838 0.024449 -31.243587 -3.578132 -0.033719 0.024449 -31.636537 -1.601950 0.090685 0.024449 -31.535547 0.561635 0.218178 0.024449 -30.440796 2.066672 0.346138 0.024449  
 5 5 10  -27.634187 -3.421130 0.666462 -0.033583 -26.804283 -2.194869 0.460984 -0.033583 -27.124676 0.052273 0.022211 -0.033583 -26.605795 2.306381 -0.406226 -0.033583 -27.542422 3.487203 -0.617943 -0.033583  
 6 6 11  -27.296134 -3.400364 0.641681 -0.033583 -26.444344 -2.182209 0.448715 -0.033583 -26.733749 0.052195 0.013044 -0.033583 -26.275184 2.286225 -0.422583 -0.033583 -27.227062 3.461845 -0.618176 -0.033583  
 7 7 12  -22.562215 -3.258586 0.589207 -0.033583 -20.465532 -2.211369 0.401835 -0.033583 -20.475051 0.056583 0.012866 -0.033583 -20.462042 2.294734 -0.371783 -0.033583 -22.588334 3.319195 -0.567215 -0.033583  
 8 8 13  -22.924665 -3.286055 0.610360 -0.033583 -20.818334 -2.227620 0.415108 -0.033583 -20.852771 0.056384 0.022405 -0.033583 -20.781946 2.317238 -0.359783 -0.033583 -22.931342 3.349042 -0.565941 -0.033583  
 9 10 15  -12.776781 -1.621332 -0.159482 0.003458 -12.222573 -0.760757 -0.166213 0.003458 -12.264583 0.719279 -0.118851 0.003458 -13.498854 1.914826 -0.062835 0.003458 -15.364260 2.531405 -0.047345 0.003458  
 10 11 16  -12.749075 -1.618737 -0.163353 0.003458 -12.199413 -0.759398 -0.168353 0.003458 -12.243416 0.718739 -0.121107 0.003458 -13.475143 1.911600 -0.064894 0.003458 -15.333897 2.527375 -0.046884 0.003458  
 11 12 17  -11.162619 -1.624025 -0.151916 0.003458 -9.888285 -0.843984 -0.169455 0.003458 -9.931110 0.715915 -0.120658 0.003458 -11.913732 1.862385 -0.059386 0.003458 -13.995343 2.502720 -0.044173 0.003458  
 12 13 18  -11.190893 -1.627079 -0.148640 0.003458 -9.910915 -0.845365 -0.167338 0.003458 -9.949665 0.716426 -0.118417 0.003458 -11.936755 1.865417 -0.057558 0.003458 -14.025998 2.506924 -0.044475 0.003458  
 13 5 6  0.000000 0.391058 -0.000000 0.044408 0.000000 0.229735 -0.000000 0.044408 0.000000 -0.006505 0.000000 0.044408 0.000000 -0.242744 0.000000 0.044408 0.000000 -0.404068 0.000000 0.044408  
 14 6 7  0.000000 5.505585 0.000000 -0.058346 0.000000 3.277378 0.000000 -0.058346 0.000000 0.014429 0.000000 -0.058346 0.000000 -3.248519 -0.000000 -0.058346 0.000000 -5.476726 -0.000000 -0.058346  
 15 7 8  0.000000 0.403478 0.000000 0.046081 0.000000 0.242394 0.000000 0.046081 0.000000 0.006505 0.000000 0.046081 0.000000 -0.229384 -0.000000 0.046081 0.000000 -0.390468 -0.000000 0.046081  
 16 8 5  0.000000 5.477316 -0.000000 -0.056617 0.000000 3.248870 -0.000000 -0.056617 0.000000 -0.014429 0.000000 -0.056617 0.000000 -3.277729 0.000000 -0.056617 0.000000 -5.506175 0.000000 -0.056617  
 17 10 11  0.000000 0.454076 -0.000000 0.016164 0.000000 0.269420 -0.000000 0.016164 0.000000 -0.000986 0.000000 0.016164 0.000000 -0.271393 0.000000 0.016164 0.000000 -0.456049 0.000000 0.016164  
 18 11 12  0.000000 5.239874 -0.000000 -0.033980 0.000000 3.120588 -0.000000 -0.033980 0.000000 0.017140 0.000000 -0.033980 0.000000 -3.086309 0.000000 -0.033980 0.000000 -5.205595 0.000000 -0.033980  
 19 12 13  0.000000 0.455407 0.000000 0.018910 0.000000 0.271012 0.000000 0.018910 0.000000 0.000986 0.000000 0.018910 0.000000 -0.269039 -0.000000 0.018910 0.000000 -0.453434 -0.000000 0.018910  
 20 13 10  0.000000 5.206237 0.000000 -0.033333 0.000000 3.086690 0.000000 -0.033333 0.000000 -0.017140 0.000000 -0.033333 0.000000 -3.120969 -0.000000 -0.033333 0.000000 -5.240516 -0.000000 -0.033333  
 21 15 16  0.000000 0.032660 0.000000 0.001983 0.000000 0.019276 0.000000 0.001983 0.000000 -0.000323 0.000000 0.001983 0.000000 -0.019923 -0.000000 0.001983 0.000000 -0.033307 -0.000000 0.001983  
 22 16 17  0.000000 2.681501 -0.000000 -0.000946 0.000000 1.599265 -0.000000 -0.000946 0.000000 0.014456 0.000000 -0.000946 0.000000 -1.570353 0.000000 -0.000946 0.000000 -2.652589 0.000000 -0.000946  
 23 17 18  0.000000 0.032663 -0.000000 0.002005 0.000000 0.019540 -0.000000 0.002005 0.000000 0.000323 0.000000 0.002005 0.000000 -0.018894 0.000000 0.002005 0.000000 -0.032016 0.000000 0.002005  
 24 18 15  0.000000 2.653233 0.000000 -0.000969 0.000000 1.570735 0.000000 -0.000969 0.000000 -0.014456 0.000000 -0.000969 0.000000 -1.599647 -0.000000 -0.000969 0.000000 -2.682145 -0.000000 -0.000969  
