 1 1 5  -33.733458 5.092444 -0.749867 -0.057571 -30.945699 4.013005 -0.499324 -0.057571 -29.462887 1.919076 -0.036851 -0.057571 -29.430288 -0.571363 0.545361 -0.057571 -29.001758 -2.288408 0.900486 -0.057571  
 2 2 6  -32.838565 5.046210 -0.722241 -0.057571 -29.978860 3.976820 -0.472719 -0.057571 -28.307855 1.925844 -0.017796 -0.057571 -28.267436 -0.579854 0.537953 -0.057571 -27.810672 -2.299816 0.881405 -0.057571  
 3 3 7  -43.033825 5.486471 -0.790616 -0.057571 -41.365977 4.318402 -0.526445 -0.057571 -41.730659 1.979661 -0.025281 -0.057571 -41.708371 -0.393206 0.547353 -0.057571 -41.247898 -2.039966 0.908681 -0.057571  
 4 4 8  -44.035674 5.512871 -0.826244 -0.057571 -42.468358 4.320861 -0.565213 -0.057571 -42.808821 1.976200 -0.039565 -0.057571 -42.807805 -0.386985 0.551583 -0.057571 -42.430616 -2.021467 0.923717 -0.057571  
 5 5 10  -24.904206 4.255345 0.675456 -0.004212 -20.486323 2.873686 0.543643 -0.004212 -18.332886 0.089278 0.307497 -0.004212 -19.994008 -2.768815 -0.057681 -0.004212 -24.339655 -4.148329 -0.239124 -0.004212  
 6 6 11  -23.912849 4.190376 0.665068 -0.004212 -19.372813 2.819012 0.531893 -0.004212 -16.902046 0.088910 0.301851 -0.004212 -18.857374 -2.714450 -0.061694 -0.004212 -23.341063 -4.082251 -0.237233 -0.004212  
 7 7 12  -29.974500 4.355616 0.729481 -0.004212 -26.803887 2.966121 0.611153 -0.004212 -26.371097 0.108053 0.301917 -0.004212 -26.385385 -2.821289 -0.072653 -0.004212 -29.376398 -4.224670 -0.262904 -0.004212  
 8 8 13  -30.999059 4.405279 0.740914 -0.004212 -27.986445 2.991757 0.625890 -0.004212 -27.690160 0.107849 0.307321 -0.004212 -27.582856 -2.848252 -0.065501 -0.004212 -30.402030 -4.276651 -0.262487 -0.004212  
 9 10 15  -13.019559 2.502230 0.614073 0.013311 -9.029844 1.400440 0.386157 0.013311 -7.409522 -0.849319 -0.052326 0.013311 -12.884632 -2.495468 -0.429162 0.013311 -17.029608 -3.580097 -0.669209 0.013311  
 10 11 16  -12.559404 2.468534 0.613599 0.013311 -8.516813 1.370095 0.382717 0.013311 -6.803049 -0.829657 -0.050811 0.013311 -12.424339 -2.461349 -0.427640 0.013311 -16.583379 -3.545845 -0.669548 0.013311  
 11 12 17  -14.400688 2.409051 0.660173 0.013311 -11.163345 1.351302 0.441439 0.013311 -10.538296 -0.920437 -0.058985 0.013311 -14.732848 -2.545862 -0.455177 0.013311 -18.448380 -3.547479 -0.699512 0.013311  
 12 13 18  -14.842834 2.437505 0.660889 0.013311 -11.694998 1.369581 0.445159 0.013311 -11.173655 -0.920168 -0.058595 0.013311 -15.181019 -2.574645 -0.455734 0.013311 -18.862595 -3.577725 -0.699301 0.013311  
 13 5 6  0.000000 -0.134055 0.000000 -0.045118 0.000000 -0.080403 0.000000 -0.045118 0.000000 -0.001837 0.000000 -0.045118 0.000000 0.076730 -0.000000 -0.045118 0.000000 0.130382 -0.000000 -0.045118  
 14 6 7  0.000000 -6.658946 -0.000000 0.023373 0.000000 -3.939310 -0.000000 0.023373 0.000000 0.043281 0.000000 0.023373 0.000000 4.025871 0.000000 0.023373 0.000000 6.745507 0.000000 0.023373  
 15 7 8  0.000000 -0.129934 -0.000000 -0.023301 0.000000 -0.076464 -0.000000 -0.023301 0.000000 0.001837 0.000000 -0.023301 0.000000 0.080137 0.000000 -0.023301 0.000000 0.133607 0.000000 -0.023301  
 16 8 5  0.000000 -6.745956 0.000000 0.023534 0.000000 -4.026138 0.000000 0.023534 0.000000 -0.043281 0.000000 0.023534 0.000000 3.939576 -0.000000 0.023534 0.000000 6.659394 -0.000000 0.023534  
 17 10 11  0.000000 0.924913 0.000000 -0.061293 0.000000 0.549981 0.000000 -0.061293 0.000000 0.000936 0.000000 -0.061293 0.000000 -0.548110 -0.000000 -0.061293 0.000000 -0.923042 -0.000000 -0.061293  
 18 11 12  0.000000 -6.877156 0.000000 0.053036 0.000000 -4.064165 0.000000 0.053036 0.000000 0.055134 0.000000 0.053036 0.000000 4.174433 -0.000000 0.053036 0.000000 6.987425 -0.000000 0.053036  
 19 12 13  0.000000 0.924823 -0.000000 -0.043101 0.000000 0.549168 -0.000000 -0.043101 0.000000 -0.000936 0.000000 -0.043101 0.000000 -0.551039 0.000000 -0.043101 0.000000 -0.926694 0.000000 -0.043101  
 20 13 10  0.000000 -6.989206 -0.000000 0.052259 0.000000 -4.175492 -0.000000 0.052259 0.000000 -0.055134 0.000000 0.052259 0.000000 4.065223 0.000000 0.052259 0.000000 6.878938 0.000000 0.052259  
 21 15 16  0.000000 0.710200 0.000000 -0.025217 0.000000 0.422286 0.000000 -0.025217 0.000000 0.000669 0.000000 -0.025217 0.000000 -0.420947 -0.000000 -0.025217 0.000000 -0.708861 -0.000000 -0.025217  
 22 16 17  0.000000 -3.683720 -0.000000 0.023980 0.000000 -2.177219 -0.000000 0.023980 0.000000 0.028876 0.000000 0.023980 0.000000 2.234971 0.000000 0.023980 0.000000 3.741472 0.000000 0.023980  
 23 17 18  0.000000 0.711517 -0.000000 -0.018408 0.000000 0.422525 -0.000000 -0.018408 0.000000 -0.000669 0.000000 -0.018408 0.000000 -0.423864 0.000000 -0.018408 0.000000 -0.712855 0.000000 -0.018408  
 24 18 15  0.000000 -3.744127 0.000000 0.023480 0.000000 -2.236549 0.000000 0.023480 0.000000 -0.028876 0.000000 0.023480 0.000000 2.178797 -0.000000 0.023480 0.000000 3.686375 -0.000000 0.023480  
