 1 1 5  -50.039298 10.509954 4.252084 0.125306 -37.630540 7.417233 2.937544 0.125306 -20.117632 2.834835 0.982581 0.125306 -21.954924 -3.289675 -1.444737 0.125306 -33.943471 -6.427373 -2.752012 0.125306  
 2 2 6  -45.589128 10.168605 4.171652 0.125306 -32.995628 7.076889 2.846730 0.125306 -14.775656 2.527578 0.883229 0.125306 -16.847081 -2.974041 -1.367954 0.125306 -29.329007 -6.087284 -2.692011 0.125306  
 3 3 7  -59.907153 11.011033 4.519505 0.125306 -48.492124 8.075661 3.186330 0.125306 -34.553989 3.484653 1.154187 0.125306 -34.837387 -3.267500 -1.830821 0.125306 -43.606748 -6.541543 -3.113293 0.125306  
 4 4 8  -63.933604 11.286719 4.575034 0.125306 -52.798923 8.335809 3.256224 0.125306 -40.255066 3.554533 1.218142 0.125306 -40.431566 -3.355075 -1.852218 0.125306 -48.068436 -6.781569 -3.160755 0.125306  
 5 5 10  -26.413360 5.228113 1.152098 0.036444 -18.591572 3.147956 0.550758 0.036444 -13.709976 -0.911665 -0.634963 0.036444 -23.124060 -4.261432 -1.410796 0.036444 -31.096459 -6.341965 -1.977143 0.036444  
 6 6 11  -24.849102 5.109130 1.182539 0.036444 -16.891667 3.034111 0.571982 0.036444 -11.344216 -0.894341 -0.602647 0.036444 -21.514167 -4.146707 -1.391459 0.036444 -29.576591 -6.223766 -1.976368 0.036444  
 7 7 12  -30.560785 5.005015 1.308589 0.036444 -24.495946 3.064280 0.684410 0.036444 -23.182811 -1.095969 -0.621744 0.036444 -29.068058 -4.463753 -1.549146 0.036444 -35.844286 -6.347815 -2.128776 0.036444  
 8 8 13  -32.174900 5.107222 1.273572 0.036444 -26.397996 3.134766 0.659216 0.036444 -25.473464 -1.095801 -0.638023 0.036444 -30.737427 -4.559312 -1.565619 0.036444 -37.386245 -6.452960 -2.126741 0.036444  
 9 10 15  -10.401960 1.674994 -0.063966 -0.006827 -8.319759 0.691197 -0.222509 -0.006827 -9.080093 -1.184883 -0.354999 -0.006827 -13.307223 -2.466131 -0.442426 -0.006827 -16.457922 -3.312851 -0.517613 -0.006827  
 10 11 16  -10.059836 1.654702 -0.059940 -0.006827 -7.866920 0.688638 -0.216600 -0.006827 -8.704040 -1.168883 -0.349373 -0.006827 -12.997156 -2.444084 -0.440962 -0.006827 -16.158473 -3.290491 -0.517786 -0.006827  
 11 12 17  -11.943198 1.582348 -0.065381 -0.006827 -11.141615 0.484494 -0.220008 -0.006827 -11.506752 -1.297719 -0.383414 -0.006827 -14.989877 -2.518500 -0.464095 -0.006827 -17.775201 -3.300862 -0.540910 -0.006827  
 12 13 18  -12.322691 1.598393 -0.070399 -0.006827 -11.608126 0.484319 -0.223531 -0.006827 -11.920898 -1.307897 -0.388536 -0.006827 -15.320131 -2.539404 -0.465199 -0.006827 -18.087453 -3.322731 -0.540681 -0.006827  
 13 5 6  0.000000 4.292939 -0.000000 -0.261285 0.000000 2.555713 -0.000000 -0.261285 0.000000 0.011748 0.000000 -0.261285 0.000000 -2.532217 0.000000 -0.261285 0.000000 -4.269443 0.000000 -0.261285  
 14 6 7  0.000000 -11.738494 -0.000000 0.338521 0.000000 -6.908687 -0.000000 0.338521 0.000000 0.164003 0.000000 0.338521 0.000000 7.236694 0.000000 0.338521 0.000000 12.066501 0.000000 0.338521  
 15 7 8  0.000000 4.284597 0.000000 -0.171527 0.000000 2.541222 0.000000 -0.171527 0.000000 -0.011748 0.000000 -0.171527 0.000000 -2.564718 -0.000000 -0.171527 0.000000 -4.308093 -0.000000 -0.171527  
 16 8 5  0.000000 -12.081655 0.000000 0.318918 0.000000 -7.245699 0.000000 0.318918 0.000000 -0.164003 0.000000 0.318918 0.000000 6.917692 -0.000000 0.318918 0.000000 11.753648 -0.000000 0.318918  
 17 10 11  0.000000 2.032256 -0.000000 -0.082308 0.000000 1.207896 -0.000000 -0.082308 0.000000 0.000718 0.000000 -0.082308 0.000000 -1.206461 0.000000 -0.082308 0.000000 -2.030820 0.000000 -0.082308  
 18 11 12  0.000000 -8.167624 -0.000000 0.094211 0.000000 -4.834468 -0.000000 0.094211 0.000000 0.046552 0.000000 0.094211 0.000000 4.927571 0.000000 0.094211 0.000000 8.260727 0.000000 0.094211  
 19 12 13  0.000000 2.048005 0.000000 -0.064949 0.000000 1.216672 0.000000 -0.064949 0.000000 -0.000718 0.000000 -0.064949 0.000000 -1.218108 -0.000000 -0.064949 0.000000 -2.049441 -0.000000 -0.064949  
 20 13 10  0.000000 -8.277912 0.000000 0.090225 0.000000 -4.937783 0.000000 0.090225 0.000000 -0.046552 0.000000 0.090225 0.000000 4.844680 -0.000000 0.090225 0.000000 8.184809 -0.000000 0.090225  
 21 15 16  0.000000 0.513727 -0.000000 -0.006874 0.000000 0.305394 -0.000000 -0.006874 0.000000 0.000314 0.000000 -0.006874 0.000000 -0.304765 0.000000 -0.006874 0.000000 -0.513099 0.000000 -0.006874  
 22 16 17  0.000000 -3.402508 -0.000000 0.006889 0.000000 -2.013502 -0.000000 0.006889 0.000000 0.020535 0.000000 0.006889 0.000000 2.054572 0.000000 0.006889 0.000000 3.443577 0.000000 0.006889  
 23 17 18  0.000000 0.530280 0.000000 -0.004947 0.000000 0.314975 0.000000 -0.004947 0.000000 -0.000314 0.000000 -0.004947 0.000000 -0.315604 -0.000000 -0.004947 0.000000 -0.530909 -0.000000 -0.004947  
 24 18 15  0.000000 -3.460759 0.000000 0.006768 0.000000 -2.064781 0.000000 0.006768 0.000000 -0.020535 0.000000 0.006768 0.000000 2.023712 -0.000000 0.006768 0.000000 3.419689 -0.000000 0.006768  
