 1 1 5  -49.257299 0.230690 -11.775746 0.302148 -35.351847 0.069101 -8.097377 0.302148 -14.868945 -0.128622 -2.599675 0.302148 -20.129114 -0.269028 4.020284 0.302148 -34.159776 -0.367960 7.768758 0.302148  
 2 2 6  -66.305201 0.286332 -12.850622 0.302148 -53.842363 0.102174 -9.381213 0.302148 -39.670588 -0.171767 -3.680272 0.302148 -40.487669 -0.358877 4.664928 0.302148 -50.820723 -0.458981 8.440794 0.302148  
 3 3 7  -63.840700 0.225527 -12.692558 0.302148 -51.299160 0.052458 -9.214634 0.302148 -35.748759 -0.190261 -3.671960 0.302148 -37.093766 -0.342547 4.558011 0.302148 -48.021346 -0.432936 8.276506 0.302148  
 4 4 8  -46.525954 0.168786 -11.563747 0.302148 -32.518999 0.021405 -7.868450 0.302148 -11.480631 -0.138808 -2.354409 0.302148 -16.886554 -0.251931 3.773080 0.302148 -31.259635 -0.348338 7.532910 0.302148  
 5 5 10  -22.904631 -0.904110 -3.960930 -0.019826 -18.401999 -0.746337 -2.525032 -0.019826 -16.539723 -0.407372 0.492156 -0.019826 -20.039515 0.083622 3.171678 -0.019826 -24.730275 0.301776 4.565653 -0.019826  
 6 6 11  -31.397323 -1.107739 -3.605298 -0.019826 -30.588917 -0.934875 -2.027092 -0.019826 -30.877117 -0.407729 0.701063 -0.019826 -30.820136 0.098821 3.343917 -0.019826 -33.165595 0.351158 4.602595 -0.019826  
 7 7 12  -28.938716 -1.065807 -3.528726 -0.019826 -27.672122 -0.930637 -2.033710 -0.019826 -27.950187 -0.396975 0.701454 -0.019826 -28.242284 0.118320 3.283129 -0.019826 -30.934040 0.354327 4.492519 -0.019826  
 8 8 13  -20.675034 -0.872346 -3.815274 -0.019826 -15.892826 -0.710481 -2.397909 -0.019826 -13.194687 -0.397027 0.492508 -0.019826 -17.642302 0.098225 3.029674 -0.019826 -22.568781 0.313338 4.413374 -0.019826  
 9 10 15  -18.325920 -1.569772 -5.033421 0.013987 -8.941202 -0.896811 -2.651907 0.013987 -0.185298 0.035702 0.426154 0.013987 -13.735821 0.994434 3.918621 0.013987 -23.063940 1.657182 6.290669 0.013987  
 10 11 16  -22.129509 -1.670450 -5.054031 0.013987 -13.472435 -1.001684 -2.859124 0.013987 -5.493955 0.057903 0.823839 0.013987 -17.936824 1.071662 4.052064 0.013987 -26.548581 1.735640 6.235793 0.013987  
 11 12 17  -20.967512 -1.665868 -4.959443 0.013987 -12.268201 -0.989920 -2.764954 0.013987 -4.086472 0.055163 0.736012 0.013987 -16.760257 1.068033 3.958022 0.013987 -25.390334 1.736859 6.142132 0.013987  
 12 13 18  -16.996947 -1.562759 -4.918546 0.013987 -7.639714 -0.880515 -2.537931 0.013987 0.781060 0.031022 0.332000 0.013987 -12.428122 0.986539 3.804572 0.013987 -21.747689 1.654572 6.176948 0.013987  
 13 5 6  0.000000 -11.894299 -0.000000 -0.040855 0.000000 -6.984919 -0.000000 -0.040855 0.000000 0.204295 0.000000 -0.040855 0.000000 7.393510 0.000000 -0.040855 0.000000 12.302889 0.000000 -0.040855  
 14 6 7  0.000000 0.620588 0.000000 0.120557 0.000000 0.367074 0.000000 0.120557 0.000000 -0.004167 0.000000 0.120557 0.000000 -0.375409 -0.000000 0.120557 0.000000 -0.628923 -0.000000 0.120557  
 15 7 8  0.000000 -12.290578 0.000000 -0.047989 0.000000 -7.386195 0.000000 -0.047989 0.000000 -0.204295 0.000000 -0.047989 0.000000 6.977604 -0.000000 -0.047989 0.000000 11.881987 -0.000000 -0.047989  
 16 8 5  0.000000 0.616612 -0.000000 0.223945 0.000000 0.368093 -0.000000 0.223945 0.000000 0.004167 0.000000 0.223945 0.000000 -0.359759 0.000000 0.223945 0.000000 -0.608277 0.000000 0.223945  
 17 10 11  0.000000 -9.751486 -0.000000 -0.106196 0.000000 -5.766766 -0.000000 -0.106196 0.000000 0.068392 0.000000 -0.106196 0.000000 5.903551 0.000000 -0.106196 0.000000 9.888271 0.000000 -0.106196  
 18 11 12  0.000000 2.007497 0.000000 0.095283 0.000000 1.193868 0.000000 0.095283 0.000000 0.002404 0.000000 0.095283 0.000000 -1.189061 -0.000000 0.095283 0.000000 -2.002690 -0.000000 0.095283  
 19 12 13  0.000000 -9.871036 0.000000 -0.109612 0.000000 -5.893310 0.000000 -0.109612 0.000000 -0.068392 0.000000 -0.109612 0.000000 5.756525 -0.000000 -0.109612 0.000000 9.734251 -0.000000 -0.109612  
 20 13 10  0.000000 1.985455 -0.000000 0.160164 0.000000 1.178820 -0.000000 0.160164 0.000000 -0.002404 0.000000 0.160164 0.000000 -1.183627 0.000000 0.160164 0.000000 -1.990262 0.000000 0.160164  
 21 15 16  0.000000 -6.041398 -0.000000 -0.050264 0.000000 -3.544814 -0.000000 -0.050264 0.000000 0.111143 0.000000 -0.050264 0.000000 3.767099 0.000000 -0.050264 0.000000 6.263683 0.000000 -0.050264  
 22 16 17  0.000000 1.712281 -0.000000 0.066800 0.000000 1.019137 -0.000000 0.066800 0.000000 0.004107 0.000000 0.066800 0.000000 -1.010922 0.000000 0.066800 0.000000 -1.704066 0.000000 0.066800  
 23 17 18  0.000000 -6.241365 0.000000 -0.053299 0.000000 -3.753838 0.000000 -0.053299 0.000000 -0.111143 0.000000 -0.053299 0.000000 3.531552 -0.000000 -0.053299 0.000000 6.019080 -0.000000 -0.053299  
 24 18 15  0.000000 1.681748 0.000000 0.081902 0.000000 0.997660 0.000000 0.081902 0.000000 -0.004107 0.000000 0.081902 0.000000 -1.005875 -0.000000 0.081902 0.000000 -1.689963 -0.000000 0.081902  
