 1 1 5  -55.046458 6.272947 9.016045 -0.106146 -44.784656 4.473187 6.612731 -0.106146 -32.525102 1.705485 2.824620 -0.106146 -32.911858 -2.335536 -2.660069 -0.106146 -40.909385 -4.179092 -5.325741 -0.106146  
 2 2 6  -42.734993 5.790834 8.382577 -0.106146 -31.571567 4.004893 5.887226 -0.106146 -15.640769 1.365380 2.205149 -0.106146 -17.213125 -1.845891 -2.458578 -0.106146 -28.063818 -3.617652 -4.995931 -0.106146  
 3 3 7  -49.847960 5.999747 8.860712 -0.106146 -39.053222 4.245098 6.356511 -0.106146 -24.885649 1.637743 2.538035 -0.106146 -25.904390 -2.015476 -2.832285 -0.106146 -35.556342 -3.770415 -5.453443 -0.106146  
 4 4 8  -61.804994 6.442565 9.408352 -0.106146 -52.059422 4.680509 6.968058 -0.106146 -42.009695 1.825322 2.908132 -0.106146 -42.115007 -2.327032 -2.786378 -0.106146 -48.343032 -4.278634 -5.657848 -0.106146  
 5 5 10  -28.491684 2.241759 4.023045 -0.059740 -23.857324 1.313399 2.473942 -0.059740 -22.951823 -0.678318 -0.749558 -0.059740 -27.069333 -2.250800 -3.448444 -0.059740 -32.486908 -3.132305 -4.926554 -0.059740  
 6 6 11  -22.754420 2.015751 4.055596 -0.059740 -16.479540 1.099162 2.482259 -0.059740 -12.978853 -0.678415 -0.650857 -0.059740 -20.168137 -2.005815 -3.251784 -0.059740 -26.619483 -2.889349 -4.829455 -0.059740  
 7 7 12  -25.854922 1.954907 4.272526 -0.059740 -20.000950 1.067753 2.672736 -0.059740 -17.728079 -0.719636 -0.651055 -0.059740 -23.489736 -2.070210 -3.442037 -0.059740 -29.663112 -2.905846 -5.038411 -0.059740  
 8 8 13  -31.722356 2.172426 4.199668 -0.059740 -27.769075 1.253023 2.570356 -0.059740 -27.394429 -0.719249 -0.749395 -0.059740 -30.549003 -2.303677 -3.591932 -0.059740 -35.582697 -3.139470 -5.107858 -0.059740  
 9 10 15  -12.647488 0.603277 1.892751 0.002977 -10.448136 0.203959 0.924339 0.002977 -10.743935 -0.596319 -1.025533 0.002977 -14.687958 -1.088417 -2.370605 0.002977 -17.925850 -1.435993 -3.222688 0.002977  
 10 11 16  -10.794376 0.555283 1.916414 0.002977 -7.584603 0.170596 0.991003 0.002977 -7.819442 -0.540610 -0.930268 0.002977 -12.632663 -1.027386 -2.306290 0.002977 -16.209595 -1.381436 -3.212043 0.002977  
 11 12 17  -11.723430 0.541943 1.980847 0.002977 -8.720903 0.158209 1.035398 0.002977 -8.965763 -0.568729 -0.966940 0.002977 -13.541214 -1.037031 -2.368389 0.002977 -17.078645 -1.378895 -3.277072 0.002977  
 12 13 18  -13.594756 0.587404 1.947192 0.002977 -11.724979 0.181149 0.925503 0.002977 -11.910783 -0.616378 -1.046209 0.002977 -15.575217 -1.096515 -2.426590 0.002977 -18.770104 -1.434986 -3.280894 0.002977  
 13 5 6  0.000000 9.877848 0.000000 -0.461566 0.000000 5.910364 0.000000 -0.461566 0.000000 0.100445 0.000000 -0.461566 0.000000 -5.709474 -0.000000 -0.461566 0.000000 -9.676958 -0.000000 -0.461566  
 14 6 7  0.000000 -6.211140 0.000000 0.386118 0.000000 -3.677863 0.000000 0.386118 0.000000 0.031826 0.000000 0.386118 0.000000 3.741516 -0.000000 0.386118 0.000000 6.274793 -0.000000 0.386118  
 15 7 8  0.000000 9.695316 -0.000000 -0.396689 0.000000 5.720383 -0.000000 -0.396689 0.000000 -0.100445 0.000000 -0.396689 0.000000 -5.921273 0.000000 -0.396689 0.000000 -9.896207 0.000000 -0.396689  
 16 8 5  0.000000 -6.293151 -0.000000 0.254889 0.000000 -3.752425 -0.000000 0.254889 0.000000 -0.031826 0.000000 0.254889 0.000000 3.688772 0.000000 0.254889 0.000000 6.229499 0.000000 0.254889  
 17 10 11  0.000000 7.223984 -0.000000 -0.179883 0.000000 4.307251 -0.000000 -0.179883 0.000000 0.036036 0.000000 -0.179883 0.000000 -4.235179 0.000000 -0.179883 0.000000 -7.151911 0.000000 -0.179883  
 18 11 12  0.000000 -3.718036 -0.000000 0.163559 0.000000 -2.207252 -0.000000 0.163559 0.000000 0.005115 0.000000 0.163559 0.000000 2.217482 0.000000 0.163559 0.000000 3.728266 0.000000 0.163559  
 19 12 13  0.000000 7.174027 0.000000 -0.168553 0.000000 4.248320 0.000000 -0.168553 0.000000 -0.036036 0.000000 -0.168553 0.000000 -4.320393 -0.000000 -0.168553 0.000000 -7.246100 -0.000000 -0.168553  
 20 13 10  0.000000 -3.750382 0.000000 0.117153 0.000000 -2.230624 0.000000 0.117153 0.000000 -0.005115 0.000000 0.117153 0.000000 2.220394 -0.000000 0.117153 0.000000 3.740152 -0.000000 0.117153  
 21 15 16  0.000000 3.393774 0.000000 -0.033581 0.000000 2.026285 0.000000 -0.033581 0.000000 0.023757 0.000000 -0.033581 0.000000 -1.978771 -0.000000 -0.033581 0.000000 -3.346259 -0.000000 -0.033581  
 22 16 17  0.000000 -1.428860 0.000000 0.036000 0.000000 -0.847827 0.000000 0.036000 0.000000 0.003029 0.000000 0.036000 0.000000 0.853885 -0.000000 0.036000 0.000000 1.434918 -0.000000 0.036000  
 23 17 18  0.000000 3.369459 -0.000000 -0.031263 0.000000 1.992556 -0.000000 -0.031263 0.000000 -0.023757 0.000000 -0.031263 0.000000 -2.040071 0.000000 -0.031263 0.000000 -3.416973 0.000000 -0.031263  
 24 18 15  0.000000 -1.458118 -0.000000 0.026108 0.000000 -0.867670 -0.000000 0.026108 0.000000 -0.003029 0.000000 0.026108 0.000000 0.861612 0.000000 0.026108 0.000000 1.452060 0.000000 0.026108  
