 1 1 5  -54.394643 3.096205 9.353500 -0.120618 -45.903291 2.220347 6.995749 -0.120618 -37.281971 0.839401 3.027937 -0.120618 -37.292341 -1.239947 -2.528142 -0.120618 -41.670232 -2.160014 -5.501753 -0.120618  
 2 2 6  -43.008682 2.877634 8.692867 -0.120618 -33.507279 2.011271 6.259600 -0.120618 -20.663407 0.705857 2.611462 -0.120618 -21.010729 -1.037167 -2.632038 -0.120618 -29.549194 -1.882753 -5.159855 -0.120618  
 3 3 7  -45.216998 2.910099 8.852745 -0.120618 -35.799165 2.044363 6.417223 -0.120618 -23.510496 0.745153 2.712259 -0.120618 -23.836056 -1.072371 -2.730740 -0.120618 -31.890157 -1.907699 -5.313083 -0.120618  
 4 4 8  -56.452078 3.119644 9.487035 -0.120618 -48.114122 2.246587 7.117421 -0.120618 -40.236238 0.842888 3.027715 -0.120618 -40.244543 -1.224180 -2.527832 -0.120618 -44.012987 -2.184222 -5.604146 -0.120618  
 5 5 10  -29.505802 0.852139 4.509018 -0.074652 -24.965340 0.388213 2.768048 -0.074652 -24.603281 -0.576961 -0.944485 -0.074652 -28.369917 -1.244565 -4.031180 -0.074652 -33.865691 -1.645053 -5.669881 -0.074652  
 6 6 11  -24.394621 0.778177 4.517165 -0.074652 -18.151701 0.328973 2.759760 -0.074652 -15.321802 -0.577004 -0.840666 -0.074652 -22.079973 -1.132736 -3.791477 -0.074652 -28.578721 -1.539345 -5.537711 -0.074652  
 7 7 12  -24.786123 0.766555 4.545715 -0.074652 -18.592332 0.318454 2.785082 -0.074652 -15.906754 -0.582431 -0.840864 -0.074652 -22.487843 -1.136120 -3.818093 -0.074652 -28.959970 -1.537109 -5.566140 -0.074652  
 8 8 13  -29.917300 0.839531 4.533842 -0.074652 -25.465958 0.376478 2.780993 -0.074652 -25.163784 -0.582337 -0.944409 -0.074652 -28.800933 -1.247480 -4.053030 -0.074652 -34.253222 -1.643719 -5.695579 -0.074652  
 9 10 15  -12.319414 -0.816844 0.987638 0.015689 -12.089105 -0.639555 0.131894 0.015689 -12.166791 -0.301764 -1.175495 0.015689 -14.108492 0.009015 -2.122905 0.015689 -15.975618 0.173974 -2.690806 0.015689  
 10 11 16  -10.406869 -0.746859 1.127122 0.015689 -9.660815 -0.639515 0.283648 0.015689 -9.912927 -0.282321 -1.102043 0.015689 -12.471187 0.009010 -2.061636 0.015689 -14.628521 0.162897 -2.668772 0.015689  
 11 12 17  -10.242381 -0.743188 1.121737 0.015689 -9.461558 -0.639974 0.283686 0.015689 -9.737246 -0.280349 -1.097480 0.015689 -12.324771 0.009307 -2.052867 0.015689 -14.494446 0.162790 -2.659126 0.015689  
 12 13 18  -12.153195 -0.814726 0.984757 0.015689 -11.906315 -0.640009 0.131928 0.015689 -11.993450 -0.300450 -1.173508 0.015689 -13.974093 0.009297 -2.114854 0.015689 -15.846636 0.173474 -2.682378 0.015689  
 13 5 6  0.000000 10.279576 0.000000 -0.194064 0.000000 6.150090 0.000000 -0.194064 0.000000 0.102939 0.000000 -0.194064 0.000000 -5.944212 -0.000000 -0.194064 0.000000 -10.073697 -0.000000 -0.194064  
 14 6 7  0.000000 -2.916356 0.000000 0.094275 0.000000 -1.731504 0.000000 0.094275 0.000000 0.003573 0.000000 0.094275 0.000000 1.738651 -0.000000 0.094275 0.000000 2.923503 -0.000000 0.094275  
 15 7 8  0.000000 10.079039 -0.000000 -0.181086 0.000000 5.947386 -0.000000 -0.181086 0.000000 -0.102939 0.000000 -0.181086 0.000000 -6.153265 0.000000 -0.181086 0.000000 -10.284918 0.000000 -0.181086  
 16 8 5  0.000000 -2.928845 -0.000000 0.055846 0.000000 -1.741826 -0.000000 0.055846 0.000000 -0.003573 0.000000 0.055846 0.000000 1.734679 0.000000 0.055846 0.000000 2.921698 0.000000 0.055846  
 17 10 11  0.000000 6.953560 -0.000000 -0.047731 0.000000 4.146236 -0.000000 -0.047731 0.000000 0.035237 0.000000 -0.047731 0.000000 -4.075763 0.000000 -0.047731 0.000000 -6.883087 0.000000 -0.047731  
 18 11 12  0.000000 -0.871509 0.000000 0.014123 0.000000 -0.517849 0.000000 0.014123 0.000000 0.000046 0.000000 0.014123 0.000000 0.517940 -0.000000 0.014123 0.000000 0.871600 -0.000000 0.014123  
 19 12 13  0.000000 6.888730 0.000000 -0.047193 0.000000 4.079116 0.000000 -0.047193 0.000000 -0.035237 0.000000 -0.047193 0.000000 -4.149589 -0.000000 -0.047193 0.000000 -6.959203 -0.000000 -0.047193  
 20 13 10  0.000000 -0.877243 -0.000000 0.011062 0.000000 -0.521293 -0.000000 0.011062 0.000000 -0.000046 0.000000 0.011062 0.000000 0.521202 0.000000 0.011062 0.000000 0.877152 0.000000 0.011062  
 21 15 16  0.000000 2.774694 0.000000 0.009806 0.000000 1.652695 0.000000 0.009806 0.000000 0.009658 0.000000 0.009806 0.000000 -1.633380 -0.000000 0.009806 0.000000 -2.755379 -0.000000 0.009806  
 22 16 17  0.000000 0.229383 0.000000 -0.009066 0.000000 0.136305 0.000000 -0.009066 0.000000 0.000003 0.000000 -0.009066 0.000000 -0.136298 -0.000000 -0.009066 0.000000 -0.229376 -0.000000 -0.009066  
 23 17 18  0.000000 2.760821 -0.000000 0.009778 0.000000 1.636614 -0.000000 0.009778 0.000000 -0.009658 0.000000 0.009778 0.000000 -1.655929 0.000000 0.009778 0.000000 -2.780136 0.000000 0.009778  
 24 18 15  0.000000 0.223935 -0.000000 -0.007952 0.000000 0.133065 -0.000000 -0.007952 0.000000 -0.000003 0.000000 -0.007952 0.000000 -0.133072 0.000000 -0.007952 0.000000 -0.223942 0.000000 -0.007952  
