2.44282e-20 -1.20514e-20
2.15007e-20 -1.12789e-20
1.56892e-20 -1.02318e-20
7.59571e-21 -9.33268e-21
-1.98427e-21 -8.60617e-21
-1.25863e-20 -7.86851e-21
-2.40734e-20 -6.9619e-21
-3.64697e-20 -5.80681e-21
-4.9795e-20 -4.39736e-21
-6.3967e-20 -2.7883e-21
-7.88046e-20 -1.05245e-21
-9.40987e-20 7.60308e-22
-1.09674e-19 2.62873e-21
-1.25409e-19 4.54488e-21
-1.41228e-19 6.50221e-21
-1.57086e-19 8.49168e-21
-1.72947e-19 1.05018e-20
-1.88785e-19 1.25205e-20
-2.04577e-19 1.45387e-20
-2.20306e-19 1.65509e-20
-2.35968e-19 1.85548e-20
-2.51561e-19 2.05498e-20
-2.67093e-19 2.25362e-20
-2.82572e-19 2.45142e-20
-2.98005e-19 2.64843e-20
-3.13252e-19 2.8596e-20
-3.28209e-19 3.09562e-20
-3.43154e-19 3.33158e-20
-3.58395e-19 3.55291e-20
-3.73948e-19 3.77327e-20
-3.89704e-19 4.00422e-20
-4.05575e-19 4.24988e-20
-4.21511e-19 4.50836e-20
-4.375e-19 4.77593e-20
-4.53559e-19 5.04968e-20
-4.69701e-19 5.32817e-20
-4.8581e-19 5.62254e-20
-5.01755e-19 5.95628e-20
-5.17534e-19 6.34587e-20
-5.33215e-19 6.7756e-20
-5.48966e-19 7.1993e-20
-5.6496e-19 7.59824e-20
-5.81116e-19 7.99855e-20
-5.9699e-19 8.42628e-20
-6.12605e-19 8.88848e-20
-6.28612e-19 9.37685e-20
-6.45247e-19 9.86592e-20
-6.62297e-19 1.03371e-19
-6.79563e-19 1.07923e-19
-6.96903e-19 1.12382e-19
-7.14255e-19 1.16797e-19
-7.31627e-19 1.21187e-19
-7.49044e-19 1.25539e-19
-7.66512e-19 1.29825e-19
-7.84012e-19 1.34031e-19
-8.01522e-19 1.38164e-19
-8.19021e-19 1.42238e-19
-8.36501e-19 1.46271e-19
-8.53959e-19 1.50276e-19
-8.71397e-19 1.5426e-19
-8.8882e-19 1.58229e-19
-9.0623e-19 1.62188e-19
-9.23627e-19 1.66138e-19
-9.41014e-19 1.70085e-19
-9.58391e-19 1.7403e-19
-9.7576e-19 1.77977e-19
-9.93123e-19 1.81927e-19
-1.01048e-18 1.8588e-19
-1.02784e-18 1.89836e-19
-1.04519e-18 1.93797e-19
-1.06255e-18 1.9776e-19
-1.0799e-18 2.01726e-19
-1.09725e-18 2.05694e-19
-1.11461e-18 2.09665e-19
-1.13196e-18 2.13637e-19
-1.14932e-18 2.17611e-19
-1.16667e-18 2.21585e-19
-1.18403e-18 2.2556e-19
-1.20139e-18 2.29536e-19
-1.21875e-18 2.33512e-19
-1.23611e-18 2.37488e-19
-1.25346e-18 2.41464e-19
-1.27082e-18 2.4544e-19
-1.28818e-18 2.49415e-19
-1.30554e-18 2.53391e-19
-1.3229e-18 2.57366e-19
-1.34026e-18 2.61342e-19
-1.35762e-18 2.65317e-19
-1.37498e-18 2.69292e-19
-1.39234e-18 2.73267e-19
-1.4097e-18 2.77242e-19
-1.42706e-18 2.81216e-19
-1.44442e-18 2.85191e-19
-1.46178e-18 2.89166e-19
-1.47914e-18 2.93141e-19
-1.4965e-18 2.97115e-19
-1.51386e-18 3.0109e-19
-1.53122e-18 3.05064e-19
-1.54858e-18 3.09039e-19
-1.56594e-18 3.13014e-19
-1.5833e-18 3.16988e-19
-1.60066e-18 3.20963e-19
-1.61802e-18 3.24938e-19
-1.63538e-18 3.28912e-19
-1.65274e-18 3.32887e-19
-1.6701e-18 3.36862e-19
-1.68746e-18 3.40836e-19
-1.70482e-18 3.44811e-19
-1.72218e-18 3.48786e-19
-1.73953e-18 3.5276e-19
-1.75689e-18 3.56735e-19
-1.77425e-18 3.6071e-19
-1.79161e-18 3.64685e-19
-1.80897e-18 3.68659e-19
-1.82633e-18 3.72634e-19
-1.84369e-18 3.76609e-19
-1.86105e-18 3.80583e-19
-1.87841e-18 3.84558e-19
-1.89577e-18 3.88533e-19
-1.91313e-18 3.92507e-19
-1.93049e-18 3.96482e-19
-1.94785e-18 4.00457e-19
-1.96521e-18 4.04431e-19
-1.98257e-18 4.08406e-19
-1.99993e-18 4.12381e-19
-2.01729e-18 4.16356e-19
-2.03465e-18 4.2033e-19
-2.05201e-18 4.24305e-19
-2.06937e-18 4.2828e-19
-2.08673e-18 4.32254e-19
-2.10409e-18 4.36229e-19
-2.12145e-18 4.40204e-19
-2.13881e-18 4.44178e-19
-2.15617e-18 4.48153e-19
-2.17352e-18 4.52128e-19
-2.19088e-18 4.56102e-19
-2.20824e-18 4.60077e-19
-2.2256e-18 4.64052e-19
-2.24296e-18 4.68027e-19
-2.26032e-18 4.72001e-19
-2.27768e-18 4.75976e-19
-2.29504e-18 4.79951e-19
-2.3124e-18 4.83925e-19
-2.32976e-18 4.879e-19
-2.34712e-18 4.91875e-19
-2.36448e-18 4.95849e-19
-2.38184e-18 4.99824e-19
-2.3992e-18 5.03799e-19
-2.41656e-18 5.07773e-19
-2.43392e-18 5.11805e-19
-2.45128e-18 5.1591e-19
-2.46864e-18 5.19991e-19
-2.48594e-18 5.2411e-19
-2.50311e-18 5.28375e-19
-2.52025e-18 5.32692e-19
-2.53747e-18 5.37086e-19
-2.55468e-18 5.41615e-19
-2.5719e-18 5.46156e-19
-2.58923e-18 5.50673e-19
-2.60657e-18 5.55301e-19
-2.6238e-18 5.60061e-19
-2.64098e-18 5.64854e-19
-2.65809e-18 5.69791e-19
-2.67515e-18 5.75016e-19
-2.69212e-18 5.80483e-19
-2.70884e-18 5.86196e-19
-2.72528e-18 5.92192e-19
-2.74139e-18 5.98429e-19
-2.75726e-18 6.04753e-19
-2.77321e-18 6.11241e-19
-2.78921e-18 6.18225e-19
-2.80503e-18 6.25485e-19
-2.82082e-18 6.32561e-19
-2.8368e-18 6.39342e-19
-2.85297e-18 6.45752e-19
-2.86928e-18 6.5169e-19
-2.88568e-18 6.57159e-19
-2.90208e-18 6.62203e-19
-2.91844e-18 6.66855e-19
-2.93477e-18 6.71143e-19
-2.95112e-18 6.75099e-19
-2.96749e-18 6.78756e-19
-2.98387e-18 6.8216e-19
-3.00026e-18 6.85363e-19
-3.01665e-18 6.88416e-19
-3.03302e-18 6.91364e-19
-3.04939e-18 6.9424e-19
-3.06576e-18 6.97073e-19
-3.08212e-18 6.99882e-19
-3.09847e-18 7.02682e-19
-3.11483e-18 7.05486e-19
-3.13118e-18 7.08301e-19
-3.14752e-18 7.11133e-19
-3.16387e-18 7.13983e-19
-3.18021e-18 7.16852e-19
-3.19655e-18 7.1974e-19
-3.2129e-18 7.22645e-19
-3.22924e-18 7.25564e-19
-3.24558e-18 7.28496e-19
-3.26192e-18 7.31438e-19
-3.27826e-18 7.34387e-19
-3.2946e-18 7.37343e-19
-3.31095e-18 7.40302e-19
-3.32729e-18 7.43265e-19
-3.34363e-18 7.46229e-19
-3.35997e-18 7.49194e-19
-3.37632e-18 7.5216e-19
-3.39266e-18 7.55125e-19
-3.409e-18 7.58089e-19
-3.42534e-18 7.61053e-19
-3.44169e-18 7.64015e-19
-3.45803e-18 7.66977e-19
-3.47437e-18 7.69938e-19
-3.49072e-18 7.72899e-19
-3.50706e-18 7.75859e-19
-3.5234e-18 7.78818e-19
-3.53975e-18 7.81777e-19
-3.55609e-18 7.84735e-19
-3.57243e-18 7.87693e-19
-3.58878e-18 7.90652e-19
-3.60512e-18 7.9361e-19
-3.62146e-18 7.96568e-19
-3.63781e-18 7.99526e-19
-3.65415e-18 8.02484e-19
-3.67049e-18 8.05441e-19
-3.68684e-18 8.08399e-19
-3.70318e-18 8.11358e-19
-3.71952e-18 8.14316e-19
-3.73586e-18 8.17274e-19
-3.75221e-18 8.20232e-19
-3.76855e-18 8.2319e-19
-3.78489e-18 8.26148e-19
-3.80124e-18 8.29106e-19
-3.81758e-18 8.32065e-19
-3.83392e-18 8.35023e-19
-3.85027e-18 8.37981e-19
-3.86661e-18 8.40939e-19
-3.88295e-18 8.43898e-19
-3.8993e-18 8.46856e-19
-3.91564e-18 8.49814e-19
-3.93198e-18 8.52772e-19
-3.94833e-18 8.55731e-19
-3.96467e-18 8.58689e-19
-3.98101e-18 8.61647e-19
-3.99736e-18 8.64605e-19
-4.0137e-18 8.67564e-19
-4.03004e-18 8.70522e-19
-4.04638e-18 8.7348e-19
-4.06273e-18 8.76438e-19
-4.07907e-18 8.79397e-19
-4.09541e-18 8.82355e-19
-4.11176e-18 8.85313e-19
-4.1281e-18 8.88271e-19
-4.14444e-18 8.9123e-19
-4.16079e-18 8.94188e-19
-4.17713e-18 8.97146e-19
-4.19347e-18 9.00104e-19
-4.20982e-18 9.03063e-19
-4.22616e-18 9.06021e-19
-4.2425e-18 9.09094e-19
-4.25885e-18 9.12434e-19
-4.2752e-18 9.15982e-19
-4.29155e-18 9.19722e-19
-4.30778e-18 9.23708e-19
-4.32389e-18 9.27923e-19
-4.33998e-18 9.32333e-19
-4.35599e-18 9.36873e-19
-4.37186e-18 9.41565e-19
-4.38763e-18 9.46502e-19
-4.40331e-18 9.51727e-19
-4.41891e-18 9.57205e-19
-4.43445e-18 9.62862e-19
-4.44994e-18 9.68637e-19
-4.46537e-18 9.74499e-19
-4.48075e-18 9.80429e-19
-4.49611e-18 9.86417e-19
-4.51143e-18 9.92451e-19
-4.52674e-18 9.98517e-19
-4.54205e-18 1.0046e-18
-4.55734e-18 1.01069e-18
-4.57264e-18 1.01678e-18
-4.58793e-18 1.02287e-18
-4.60323e-18 1.02894e-18
-4.61853e-18 1.03501e-18
-4.63384e-18 1.04106e-18
-4.64914e-18 1.04711e-18
-4.66445e-18 1.05315e-18
-4.67977e-18 1.05918e-18
-4.69509e-18 1.0652e-18
-4.71041e-18 1.07122e-18
-4.72573e-18 1.07723e-18
-4.74106e-18 1.08324e-18
-4.75638e-18 1.08925e-18
-4.77171e-18 1.09525e-18
-4.78704e-18 1.10126e-18
-4.80236e-18 1.10726e-18
-4.81769e-18 1.11327e-18
-4.83302e-18 1.11927e-18
-4.84835e-18 1.12527e-18
-4.86368e-18 1.13128e-18
-4.879e-18 1.13728e-18
-4.89433e-18 1.14329e-18
-4.90966e-18 1.1493e-18
-4.92499e-18 1.1553e-18
-4.94031e-18 1.16131e-18
-4.95564e-18 1.16732e-18
-4.97097e-18 1.17332e-18
-4.9863e-18 1.17933e-18
-5.00162e-18 1.18534e-18
-5.01695e-18 1.19135e-18
-5.03228e-18 1.19735e-18
-5.0476e-18 1.20336e-18
-5.06293e-18 1.20937e-18
-5.07826e-18 1.21538e-18
-5.09358e-18 1.22138e-18
-5.10891e-18 1.22739e-18
-5.12424e-18 1.2334e-18
-5.13956e-18 1.23941e-18
-5.15489e-18 1.24542e-18
-5.17022e-18 1.25142e-18
-5.18554e-18 1.25743e-18
-5.20087e-18 1.26344e-18
-5.2162e-18 1.26945e-18
-5.23152e-18 1.27545e-18
-5.24685e-18 1.28146e-18
-5.26218e-18 1.28747e-18
-5.2775e-18 1.29348e-18
-5.29283e-18 1.29948e-18
-5.30816e-18 1.30549e-18
-5.32348e-18 1.3115e-18
-5.33881e-18 1.31751e-18
-5.35414e-18 1.32351e-18
-5.36946e-18 1.32952e-18
-5.38479e-18 1.33553e-18
-5.40012e-18 1.34154e-18
-5.41544e-18 1.34754e-18
-5.43077e-18 1.35355e-18
-5.4461e-18 1.35956e-18
-5.46142e-18 1.36557e-18
-5.47675e-18 1.37157e-18
-5.49208e-18 1.37758e-18
-5.5074e-18 1.38359e-18
-5.52273e-18 1.3896e-18
-5.53806e-18 1.3956e-18
-5.55338e-18 1.40161e-18
-5.56871e-18 1.40762e-18
-5.58404e-18 1.41363e-18
-5.59936e-18 1.41963e-18
-5.61469e-18 1.42564e-18
-5.63002e-18 1.43165e-18
-5.64534e-18 1.43766e-18
-5.66061e-18 1.44367e-18
-5.67581e-18 1.44967e-18
-5.69098e-18 1.45573e-18
-5.70608e-18 1.46188e-18
-5.72119e-18 1.46811e-18
-5.73635e-18 1.47443e-18
-5.75159e-18 1.48098e-18
-5.76708e-18 1.48769e-18
-5.7829e-18 1.49413e-18
-5.79913e-18 1.50009e-18
-5.81563e-18 1.50589e-18
-5.83204e-18 1.51186e-18
-5.84826e-18 1.51793e-18
-5.86446e-18 1.5237e-18
-5.88079e-18 1.52911e-18
-5.89719e-18 1.53457e-18
-5.9135e-18 1.54037e-18
-5.92958e-18 1.54652e-18
-5.94554e-18 1.55274e-18
-5.96151e-18 1.5587e-18
-5.97732e-18 1.5645e-18
-5.99269e-18 1.57032e-18
-6.00762e-18 1.57629e-18
-6.02239e-18 1.58237e-18
-6.03741e-18 1.58848e-18
-6.05291e-18 1.59464e-18
-6.06859e-18 1.60077e-18
-6.08426e-18 1.6069e-18
-6.10007e-18 1.61306e-18
-6.11587e-18 1.61919e-18
-6.13126e-18 1.62531e-18
-6.14631e-18 1.63126e-18
-6.16135e-18 1.63675e-18
-6.1764e-18 1.6419e-18
-6.19139e-18 1.64709e-18
-6.20634e-18 1.65261e-18
-6.22133e-18 1.65854e-18
-6.23657e-18 1.66459e-18
-6.25194e-18 1.67041e-18
-6.26706e-18 1.67604e-18
-6.28191e-18 1.68172e-18
-6.29666e-18 1.68749e-18
-6.31128e-18 1.69327e-18
-6.32583e-18 1.6991e-18
-6.34045e-18 1.70513e-18
-6.35512e-18 1.71118e-18
-6.36982e-18 1.71686e-18
-6.38466e-18 1.72216e-18
-6.39958e-18 1.72757e-18
-6.41447e-18 1.73332e-18
-6.42932e-18 1.73911e-18
-6.44392e-18 1.74477e-18
-6.45805e-18 1.75014e-18
-6.47194e-18 1.75531e-18
-6.48583e-18 1.76071e-18
-6.49976e-18 1.76643e-18
-6.51391e-18 1.77222e-18
-6.52843e-18 1.77797e-18
-6.54306e-18 1.78381e-18
-6.55764e-18 1.78975e-18
-6.57223e-18 1.79582e-18
-6.58666e-18 1.80193e-18
-6.60092e-18 1.80781e-18
-6.61541e-18 1.81333e-18
-6.63019e-18 1.81878e-18
-6.64496e-18 1.82461e-18
-6.65961e-18 1.83067e-18
-6.67423e-18 1.83647e-18
-6.68894e-18 1.842e-18
-6.70365e-18 1.84745e-18
-6.71828e-18 1.85273e-18
-6.73298e-18 1.85765e-18
-6.74769e-18 1.86233e-18
-6.76229e-18 1.86714e-18
-6.77673e-18 1.87222e-18
-6.791e-18 1.87733e-18
-6.80529e-18 1.88225e-18
-6.81982e-18 1.88727e-18
-6.83448e-18 1.89268e-18
-6.8491e-18 1.89823e-18
-6.86376e-18 1.90344e-18
-6.87849e-18 1.90835e-18
-6.89307e-18 1.91339e-18
-6.90737e-18 1.91853e-18
-6.92158e-18 1.92348e-18
-6.93593e-18 1.92835e-18
-6.95032e-18 1.93332e-18
-6.96466e-18 1.93825e-18
-6.9791e-18 1.94289e-18
-6.99358e-18 1.94734e-18
-7.00797e-18 1.95197e-18
-7.02225e-18 1.95692e-18
-7.03639e-18 1.96194e-18
-7.05054e-18 1.96683e-18
-7.06488e-18 1.97184e-18
-7.0794e-18 1.97727e-18
-7.09397e-18 1.98289e-18
-7.1085e-18 1.98829e-18
-7.12306e-18 1.9935e-18
-7.13756e-18 1.99877e-18
-7.15199e-18 2.00398e-18
-7.16652e-18 2.0089e-18
-7.18113e-18 2.01362e-18
-7.19566e-18 2.01848e-18
-7.21006e-18 2.02361e-18
-7.2243e-18 2.02876e-18
-7.23852e-18 2.03374e-18
-7.25291e-18 2.03882e-18
-7.26747e-18 2.04429e-18
-7.28206e-18 2.04993e-18
-7.29661e-18 2.05534e-18
-7.31118e-18 2.06055e-18
-7.32569e-18 2.06581e-18
-7.34011e-18 2.07101e-18
-7.35464e-18 2.07591e-18
-7.36924e-18 2.08062e-18
-7.38377e-18 2.08546e-18
-7.39816e-18 2.09058e-18
-7.4124e-18 2.09572e-18
-7.42661e-18 2.10068e-18
-7.44099e-18 2.10575e-18
-7.45555e-18 2.11121e-18
-7.47013e-18 2.11685e-18
-7.48468e-18 2.12225e-18
-7.49925e-18 2.12747e-18
-7.51375e-18 2.13272e-18
-7.52818e-18 2.13792e-18
-7.54271e-18 2.14282e-18
-7.5573e-18 2.14753e-18
-7.57183e-18 2.15237e-18
-7.58622e-18 2.15749e-18
-7.60046e-18 2.16263e-18
-7.61467e-18 2.1676e-18
-7.62906e-18 2.17266e-18
-7.64361e-18 2.17813e-18
-7.6582e-18 2.18377e-18
-7.67274e-18 2.18917e-18
-7.68731e-18 2.19438e-18
-7.70182e-18 2.19964e-18
-7.71625e-18 2.20484e-18
-7.73077e-18 2.20974e-18
-7.74537e-18 2.21445e-18
-7.7599e-18 2.21929e-18
-7.77429e-18 2.22441e-18
-7.78853e-18 2.22955e-18
-7.80274e-18 2.23452e-18
-7.81712e-18 2.23958e-18
-7.83168e-18 2.24504e-18
-7.84626e-18 2.25068e-18
-7.86081e-18 2.25609e-18
-7.87538e-18 2.2613e-18
-7.88989e-18 2.26656e-18
-7.90431e-18 2.27175e-18
-7.91884e-18 2.27666e-18
-7.93344e-18 2.28136e-18
-7.94796e-18 2.28621e-18
-7.96236e-18 2.29132e-18
-7.97659e-18 2.29647e-18
-7.9908e-18 2.30143e-18
-8.00519e-18 2.3065e-18
-8.01975e-18 2.31196e-18
-8.03433e-18 2.3176e-18
-8.04888e-18 2.323e-18
-8.06345e-18 2.32822e-18
-8.07795e-18 2.33348e-18
-8.09238e-18 2.33867e-18
-8.10691e-18 2.34358e-18
-8.1215e-18 2.34828e-18
-8.13603e-18 2.35312e-18
-8.15042e-18 2.35824e-18
-8.16466e-18 2.36338e-18
-8.17887e-18 2.36835e-18
-8.19325e-18 2.37342e-18
-8.20781e-18 2.37888e-18
-8.2224e-18 2.38452e-18
-8.23694e-18 2.38992e-18
-8.25151e-18 2.39514e-18
-8.26602e-18 2.40039e-18
-8.28044e-18 2.40559e-18
-8.29497e-18 2.41049e-18
-8.30957e-18 2.4152e-18
-8.3241e-18 2.42004e-18
-8.33849e-18 2.42516e-18
-8.35273e-18 2.4303e-18
-8.36694e-18 2.43527e-18
-8.38132e-18 2.44033e-18
-8.39588e-18 2.4458e-18
-8.41046e-18 2.45144e-18
-8.42501e-18 2.45684e-18
-8.43958e-18 2.46205e-18
-8.45408e-18 2.46731e-18
-8.46851e-18 2.47251e-18
-8.48304e-18 2.47741e-18
-8.49764e-18 2.48212e-18
-8.51216e-18 2.48696e-18
-8.52656e-18 2.49208e-18
-8.54079e-18 2.49722e-18
-8.555e-18 2.50219e-18
-8.56939e-18 2.50725e-18
-8.58395e-18 2.51272e-18
-8.59853e-18 2.51835e-18
-8.61308e-18 2.52376e-18
-8.62765e-18 2.52897e-18
-8.64215e-18 2.53423e-18
-8.65658e-18 2.53942e-18
-8.67111e-18 2.54433e-18
-8.6857e-18 2.54903e-18
-8.70023e-18 2.55388e-18
-8.71462e-18 2.55899e-18
-8.72886e-18 2.56414e-18
-8.74307e-18 2.5691e-18
-8.75745e-18 2.57417e-18
-8.77201e-18 2.57963e-18
-8.7866e-18 2.58527e-18
-8.80114e-18 2.59067e-18
-8.81571e-18 2.596e-18
-8.83022e-18 2.60164e-18
-8.84458e-18 2.60743e-18
-8.85893e-18 2.61306e-18
-8.87341e-18 2.61863e-18
-8.88792e-18 2.62437e-18
-8.90207e-18 2.63029e-18
-8.91576e-18 2.63632e-18
-8.92928e-18 2.64253e-18
-8.94281e-18 2.64895e-18
-8.95661e-18 2.65551e-18
-8.97069e-18 2.66227e-18
-8.98457e-18 2.66924e-18
-8.99807e-18 2.67622e-18
-9.01136e-18 2.68316e-18
-9.02462e-18 2.69022e-18
-9.038e-18 2.69752e-18
-9.05144e-18 2.7051e-18
-9.06487e-18 2.71295e-18
-9.07817e-18 2.72099e-18
-9.09135e-18 2.72905e-18
-9.10455e-18 2.73711e-18
-9.11786e-18 2.7453e-18
-9.13114e-18 2.75369e-18
-9.14433e-18 2.76213e-18
-9.15757e-18 2.77056e-18
-9.17089e-18 2.77908e-18
-9.18417e-18 2.78772e-18
-9.19737e-18 2.79632e-18
-9.21062e-18 2.80485e-18
-9.22396e-18 2.81343e-18
-9.23727e-18 2.8221e-18
-9.25049e-18 2.83072e-18
-9.26376e-18 2.83925e-18
-9.27711e-18 2.84782e-18
-9.29043e-18 2.85647e-18
-9.30366e-18 2.86507e-18
-9.31693e-18 2.87357e-18
-9.33029e-18 2.88212e-18
-9.34361e-18 2.89074e-18
-9.35684e-18 2.89932e-18
-9.37011e-18 2.90781e-18
-9.38347e-18 2.91634e-18
-9.39679e-18 2.92495e-18
-9.41002e-18 2.93352e-18
-9.42329e-18 2.942e-18
-9.43666e-18 2.95053e-18
-9.44997e-18 2.95914e-18
-9.4632e-18 2.96771e-18
-9.47647e-18 2.97619e-18
-9.48983e-18 2.98471e-18
-9.50315e-18 2.99333e-18
-9.51638e-18 3.0019e-18
-9.52965e-18 3.01038e-18
-9.54301e-18 3.0189e-18
-9.55632e-18 3.02752e-18
-9.56955e-18 3.03609e-18
-9.58282e-18 3.04457e-18
-9.59618e-18 3.0531e-18
-9.6095e-18 3.06171e-18
-9.62273e-18 3.07028e-18
-9.636e-18 3.07876e-18
-9.64936e-18 3.08729e-18
-9.66267e-18 3.0959e-18
-9.6759e-18 3.10448e-18
-9.68917e-18 3.11296e-18
-9.70253e-18 3.12149e-18
-9.71585e-18 3.1301e-18
-9.72908e-18 3.13867e-18
-9.74235e-18 3.14715e-18
-9.75571e-18 3.15568e-18
-9.76902e-18 3.16429e-18
-9.78225e-18 3.17287e-18
-9.79552e-18 3.18135e-18
-9.80888e-18 3.18987e-18
-9.8222e-18 3.19849e-18
-9.83543e-18 3.20706e-18
-9.8487e-18 3.21554e-18
-9.86206e-18 3.22407e-18
-9.87538e-18 3.23268e-18
-9.8886e-18 3.24126e-18
-9.90187e-18 3.24974e-18
-9.91523e-18 3.25826e-18
-9.92855e-18 3.26688e-18
-9.94178e-18 3.27545e-18
-9.95505e-18 3.28393e-18
-9.96841e-18 3.29246e-18
-9.98173e-18 3.30107e-18
-9.99495e-18 3.30964e-18
-1.00082e-17 3.31813e-18
-1.00216e-17 3.32665e-18
-1.00349e-17 3.33527e-18
-1.00481e-17 3.34384e-18
-1.00614e-17 3.35232e-18
-1.00748e-17 3.36085e-18
-1.00881e-17 3.36946e-18
-1.01013e-17 3.37803e-18
-1.01146e-17 3.38652e-18
-1.01279e-17 3.39504e-18
-1.01413e-17 3.40366e-18
-1.01545e-17 3.41223e-18
-1.01678e-17 3.42071e-18
-1.01811e-17 3.42924e-18
-1.01944e-17 3.43785e-18
-1.02077e-17 3.44642e-18
-1.02209e-17 3.45491e-18
-1.02343e-17 3.46343e-18
-1.02476e-17 3.47205e-18
-1.02608e-17 3.48062e-18
-1.02741e-17 3.4891e-18
-1.02875e-17 3.49763e-18
-1.03008e-17 3.50624e-18
-1.0314e-17 3.51481e-18
-1.03273e-17 3.5233e-18
-1.03406e-17 3.53182e-18
-1.0354e-17 3.54044e-18
-1.03672e-17 3.54901e-18
-1.03805e-17 3.55749e-18
-1.03938e-17 3.56602e-18
-1.04071e-17 3.57463e-18
-1.04204e-17 3.5832e-18
-1.04336e-17 3.59168e-18
-1.0447e-17 3.60021e-18
-1.04603e-17 3.60883e-18
-1.04735e-17 3.6174e-18
-1.04868e-17 3.62588e-18
-1.05002e-17 3.63441e-18
-1.05135e-17 3.64302e-18
-1.05267e-17 3.65159e-18
-1.054e-17 3.66007e-18
-1.05533e-17 3.6686e-18
-1.05667e-17 3.67722e-18
-1.05799e-17 3.68579e-18
-1.05932e-17 3.69427e-18
-1.06065e-17 3.70279e-18
-1.06198e-17 3.71141e-18
-1.06331e-17 3.71998e-18
-1.06463e-17 3.72846e-18
-1.06597e-17 3.73699e-18
-1.0673e-17 3.7456e-18
-1.06862e-17 3.75418e-18
-1.06995e-17 3.76266e-18
-1.07129e-17 3.77118e-18
-1.07262e-17 3.7798e-18
-1.07394e-17 3.78837e-18
-1.07527e-17 3.79685e-18
-1.0766e-17 3.80538e-18
-1.07794e-17 3.81399e-18
-1.07926e-17 3.82257e-18
-1.08059e-17 3.83105e-18
-1.08192e-17 3.83957e-18
-1.08325e-17 3.84819e-18
-1.08458e-17 3.85676e-18
-1.0859e-17 3.86524e-18
-1.08724e-17 3.87377e-18
-1.08857e-17 3.88238e-18
-1.08989e-17 3.89095e-18
-1.09122e-17 3.89944e-18
-1.09256e-17 3.90796e-18
-1.09389e-17 3.91658e-18
-1.09521e-17 3.92515e-18
-1.09654e-17 3.93363e-18
-1.09787e-17 3.94216e-18
-1.09921e-17 3.95077e-18
-1.10053e-17 3.95934e-18
-1.10186e-17 3.96783e-18
-1.10319e-17 3.97635e-18
-1.10452e-17 3.98497e-18
-1.10585e-17 3.99354e-18
-1.10717e-17 4.00202e-18
-1.10851e-17 4.01055e-18
-1.10984e-17 4.01916e-18
-1.11116e-17 4.02773e-18
-1.11249e-17 4.03622e-18
-1.11383e-17 4.04474e-18
-1.11516e-17 4.05336e-18
-1.11648e-17 4.06193e-18
-1.11781e-17 4.07041e-18
-1.11914e-17 4.07894e-18
-1.12048e-17 4.08755e-18
-1.1218e-17 4.09612e-18
-1.12313e-17 4.1046e-18
-1.12446e-17 4.11313e-18
-1.12579e-17 4.12175e-18
-1.12712e-17 4.13032e-18
-1.12844e-17 4.1388e-18
-1.12978e-17 4.14733e-18
-1.13111e-17 4.15594e-18
-1.13243e-17 4.16451e-18
-1.13376e-17 4.17299e-18
-1.1351e-17 4.18152e-18
-1.13643e-17 4.19014e-18
-1.13775e-17 4.19871e-18
-1.13908e-17 4.20719e-18
-1.14041e-17 4.21571e-18
-1.14175e-17 4.22433e-18
-1.14307e-17 4.2329e-18
-1.1444e-17 4.24138e-18
-1.14573e-17 4.24991e-18
-1.14706e-17 4.25852e-18
-1.14839e-17 4.2671e-18
-1.14971e-17 4.27558e-18
-1.15105e-17 4.2841e-18
-1.15238e-17 4.29272e-18
-1.1537e-17 4.30129e-18
-1.15503e-17 4.30977e-18
-1.15637e-17 4.3183e-18
-1.1577e-17 4.32691e-18
-1.15902e-17 4.33549e-18
-1.16035e-17 4.34397e-18
-1.16168e-17 4.35249e-18
-1.16302e-17 4.36111e-18
-1.16434e-17 4.36968e-18
-1.16567e-17 4.37816e-18
-1.167e-17 4.38669e-18
-1.16833e-17 4.3953e-18
-1.16966e-17 4.40387e-18
-1.17098e-17 4.41236e-18
-1.17232e-17 4.42088e-18
-1.17365e-17 4.4295e-18
-1.17497e-17 4.43807e-18
-1.1763e-17 4.44655e-18
-1.17764e-17 4.45508e-18
-1.17897e-17 4.46369e-18
-1.18029e-17 4.47226e-18
-1.18162e-17 4.48075e-18
-1.18295e-17 4.48927e-18
-1.18429e-17 4.49789e-18
-1.18561e-17 4.50646e-18
-1.18694e-17 4.51494e-18
-1.18827e-17 4.52347e-18
-1.1896e-17 4.53208e-18
-1.19093e-17 4.54065e-18
-1.19225e-17 4.54914e-18
-1.19359e-17 4.55766e-18
-1.19492e-17 4.56628e-18
-1.19624e-17 4.57485e-18
-1.19757e-17 4.58333e-18
-1.19891e-17 4.59186e-18
-1.20024e-17 4.60047e-18
-1.20156e-17 4.60904e-18
-1.20289e-17 4.61753e-18
-1.20422e-17 4.62605e-18
-1.20556e-17 4.63467e-18
-1.20688e-17 4.64324e-18
-1.20821e-17 4.65172e-18
-1.20954e-17 4.66025e-18
-1.21087e-17 4.66886e-18
-1.2122e-17 4.67743e-18
-1.21352e-17 4.68591e-18
-1.21486e-17 4.69444e-18
-1.21619e-17 4.70306e-18
-1.21751e-17 4.71163e-18
-1.21884e-17 4.72011e-18
-1.22018e-17 4.72864e-18
-1.22151e-17 4.73725e-18
-1.22283e-17 4.74582e-18
-1.22416e-17 4.7543e-18
-1.22549e-17 4.76283e-18
-1.22683e-17 4.77144e-18
-1.22815e-17 4.78002e-18
-1.22948e-17 4.7885e-18
-1.23081e-17 4.79702e-18
-1.23214e-17 4.80564e-18
-1.23347e-17 4.81421e-18
-1.23479e-17 4.82269e-18
-1.23613e-17 4.83122e-18
-1.23746e-17 4.83983e-18
-1.23878e-17 4.84841e-18
-1.24011e-17 4.85689e-18
-1.24145e-17 4.86541e-18
-1.24278e-17 4.87403e-18
-1.2441e-17 4.8826e-18
-1.24543e-17 4.89108e-18
-1.24677e-17 4.89961e-18
-1.2481e-17 4.90822e-18
-1.24942e-17 4.91679e-18
-1.25075e-17 4.92528e-18
-1.25208e-17 4.9338e-18
-1.25341e-17 4.94242e-18
-1.25474e-17 4.95099e-18
-1.25606e-17 4.95947e-18
-1.2574e-17 4.968e-18
-1.25873e-17 4.97661e-18
-1.26005e-17 4.98518e-18
-1.26138e-17 4.99367e-18
-1.26272e-17 5.00219e-18
-1.26405e-17 5.01081e-18
-1.26537e-17 5.01938e-18
-1.2667e-17 5.02786e-18
-1.26804e-17 5.03639e-18
-1.26937e-17 5.045e-18
-1.27069e-17 5.05357e-18
-1.27202e-17 5.06206e-18
-1.27335e-17 5.07058e-18
-1.27468e-17 5.0792e-18
-1.27601e-17 5.08777e-18
-1.27733e-17 5.09625e-18
-1.27867e-17 5.10478e-18
-1.28e-17 5.11339e-18
-1.28132e-17 5.12196e-18
-1.28265e-17 5.13045e-18
-1.28399e-17 5.13897e-18
-1.28532e-17 5.14759e-18
-1.28664e-17 5.15616e-18
-1.28797e-17 5.16464e-18
-1.28931e-17 5.17317e-18
-1.29064e-17 5.18178e-18
-1.29196e-17 5.19035e-18
-1.29329e-17 5.19883e-18
-1.29462e-17 5.20736e-18
-1.29595e-17 5.21598e-18
-1.29728e-17 5.22455e-18
