 1              0.00000000000000000000              0.00000000000000000000              0.00000000000000000000              0.00000000000000000000              0.00000000000000000000              0.00000000000000000000 
 2              0.00000000000000000000              0.00000000000000000000              0.00000000000000000000              0.00000000000000000000              0.00000000000000000000              0.00000000000000000000 
 3              0.00000000000000000000              0.00000000000000000000              0.00000000000000000000              0.00000000000000000000              0.00000000000000000000              0.00000000000000000000 
 4              0.00000000000000000000              0.00000000000000000000              0.00000000000000000000              0.00000000000000000000              0.00000000000000000000              0.00000000000000000000 
 5             -0.00006690389833699817              0.00006368203332027386             -0.00003051120121626681             -0.00001840491340590091             -0.00001879003578535079              0.00000000000000000464 
 6             -0.00006690389833699817              0.00006368203332030216             -0.00002831333464859834             -0.00001840491340594092             -0.00001879467432927020              0.00000000000000000464 
 7             -0.00006690389833696987              0.00006368203332030216             -0.00002610745653414491             -0.00001840958420654682             -0.00001879467432931240              0.00000000000000000464 
 8             -0.00006690389833696987              0.00006368203332027386             -0.00002830385435555056             -0.00001840958420651440             -0.00001879003578538782              0.00000000000000000464 
 10             -0.00015397051659852675              0.00015160851455528661             -0.00005058238899074920             -0.00001565008775289497             -0.00001530411502182754              0.00000000000000000624 
 11             -0.00015397051659852675              0.00015160851455532466             -0.00004718897985045741             -0.00001565008775288732             -0.00001530447314639913              0.00000000000000000624 
 12             -0.00015397051659848870              0.00015160851455532466             -0.00004375844252861171             -0.00001565057514336616             -0.00001530447314638098              0.00000000000000000624 
 13             -0.00015397051659848870              0.00015160851455528661             -0.00004714978245376980             -0.00001565057514338804             -0.00001530411502182039              0.00000000000000000624 
 15             -0.00020899792767057642              0.00020806376929819508             -0.00006040591730350675             -0.00000807511231714016             -0.00000786161155661807              0.00000000000000000532 
 16             -0.00020899792767057642              0.00020806376929822750             -0.00005661794220361126             -0.00000807511231709631             -0.00000785302172286149              0.00000000000000000532 
 17             -0.00020899792767054400              0.00020806376929822750             -0.00005278089373218654             -0.00000806587110396556             -0.00000785302172278841              0.00000000000000000532 
 18             -0.00020899792767054400              0.00020806376929819508             -0.00005656751977415800             -0.00000806587110403714             -0.00000786161155657305              0.00000000000000000532 
 118             -0.00007440484278955364              0.00007108293692553579             -0.00003018887863516669             -0.00002191883404950355             -0.00002209045909338766              0.00000000000000000480 
 128             -0.00008296463887651998              0.00007961353313706867             -0.00003207359058177906             -0.00002458682912117032             -0.00002457992270755030              0.00000000000000000496 
 138             -0.00009228668189420158              0.00008896613357977345             -0.00003395802095461562             -0.00002641361218025881             -0.00002625847764504375              0.00000000000000000512 
 148             -0.00010207438138082266              0.00009883306699104003             -0.00003584220235617235             -0.00002739925686716710             -0.00002712617691143418              0.00000000000000000528 
 158             -0.00011203116507458922              0.00010890670345467699             -0.00003772618976714943             -0.00002754390745954767             -0.00002718300617299496              0.00000000000000000544 
 168             -0.00012186040827552807              0.00011887944612915331             -0.00003961029313016635             -0.00002684752402407209             -0.00002642881524746166              0.00000000000000000560 
 178             -0.00013126552054658173              0.00012844365330193249             -0.00004149467430846144             -0.00002531000922650638             -0.00002486383132403551              0.00000000000000000576 
 188             -0.00013994994641595217              0.00013729167313293478             -0.00004337936331866039             -0.00002293136102334427             -0.00002248805499129013              0.00000000000000000592 
 198             -0.00014761713076050841              0.00014511584866923742             -0.00004526438939464431             -0.00001971155622207130             -0.00001930148613867702              0.00000000000000000608 
