 1              0.00000000000000000000              0.00000000000000000000              0.00000000000000000000              0.00000000000000000000              0.00000000000000000000              0.00000000000000000000 
 2              0.00000000000000000000              0.00000000000000000000              0.00000000000000000000              0.00000000000000000000              0.00000000000000000000              0.00000000000000000000 
 3              0.00000000000000000000              0.00000000000000000000              0.00000000000000000000              0.00000000000000000000              0.00000000000000000000              0.00000000000000000000 
 4              0.00000000000000000000              0.00000000000000000000              0.00000000000000000000              0.00000000000000000000              0.00000000000000000000              0.00000000000000000000 
 5              0.00017544248804014458             -0.00011120900674067581             -0.00002254033022413478              0.00002948362282958110              0.00005188948613596256              0.00000000000000201345 
 6              0.00017544248804014458             -0.00011120900672840180             -0.00002990587349223718              0.00002948362283711580              0.00005277699806317617              0.00000000000000201345 
 7              0.00017544248805241862             -0.00011120900672840180             -0.00003325426200345021              0.00002963343241205472              0.00005277699806588409              0.00000000000000201345 
 8              0.00017544248805241862             -0.00011120900674067581             -0.00002596259669872753              0.00002963343240416854              0.00005188948613778884              0.00000000000000201345 
 10              0.00044870147977558967             -0.00024618980666870521             -0.00003781809036484231              0.00002218752009569264              0.00005192745625991212              0.00000000000000680746 
 11              0.00044870147977558967             -0.00024618980662720693             -0.00004978965557495257              0.00002218752010244032              0.00005285656724984503              0.00000000000000680746 
 12              0.00044870147981708794             -0.00024618980662720693             -0.00005487671677072398              0.00002224760152126155              0.00005285656725266745              0.00000000000000680746 
 13              0.00044870147981708794             -0.00024618980666870521             -0.00004293405982063185              0.00002224760151355697              0.00005192745626117184              0.00000000000000680746 
 15              0.00066403531020570053             -0.00032627389661467077             -0.00004516656052547431              0.00001016925428038567              0.00002942665744544417              0.00000000000000685682 
 16              0.00066403531020570053             -0.00032627389657287163             -0.00005893956072601120              0.00001016925428219601              0.00003020653742371271              0.00000000000000685682 
 17              0.00066403531024749978             -0.00032627389657287163             -0.00006459444855079774              0.00001024452177617763              0.00003020653742526142              0.00000000000000685682 
 18              0.00066403531024749978             -0.00032627389661467077             -0.00005087282618790324              0.00001024452177441523              0.00002942665744729793              0.00000000000000685682 
 118              0.00019691669011296604             -0.00012311347367852072             -0.00002750488083714368              0.00003516241567278012              0.00006490289947223003              0.00000000000000249285 
 128              0.00022242603947477641             -0.00013668687720485155             -0.00002921472908847017              0.00003878531233836785              0.00007404621639283161              0.00000000000000297226 
 138              0.00025072771330715001             -0.00015130727758289232             -0.00003097170521197764              0.00004096061222283986              0.00008028612948744553              0.00000000000000345166 
 148              0.00028085551188390472             -0.00016651152492301434             -0.00003272952920219701              0.00004198832119424295              0.00008404366451208840              0.00000000000000393106 
 158              0.00031190669747825558             -0.00018188435773338249             -0.00003448675833054386              0.00004188234410130410              0.00008533541068915075              0.00000000000000441046 
 168              0.00034297952714872342             -0.00019701108960128760             -0.00003624418732173008              0.00004064273493370744              0.00008416196031567713              0.00000000000000488986 
 178              0.00037317220653904488             -0.00021147715285493797             -0.00003800225780499364              0.00003826975013885575              0.00008052259265022737              0.00000000000000536926 
 188              0.00040157764438541994             -0.00022486330375175970             -0.00003975421562516349              0.00003470500147387253              0.00007435261843256332              0.00000000000000584866 
 198              0.00042718342649839653             -0.00023666341706319233             -0.00004143688622749796              0.00002952533042439500              0.00006510864279542151              0.00000000000000632806 
