 1              0.00000000000000000000              0.00000000000000000000              0.00000000000000000000              0.00000000000000000000              0.00000000000000000000              0.00000000000000000000 
 2              0.00000000000000000000              0.00000000000000000000              0.00000000000000000000              0.00000000000000000000              0.00000000000000000000              0.00000000000000000000 
 3              0.00000000000000000000              0.00000000000000000000              0.00000000000000000000              0.00000000000000000000              0.00000000000000000000              0.00000000000000000000 
 4              0.00000000000000000000              0.00000000000000000000              0.00000000000000000000              0.00000000000000000000              0.00000000000000000000              0.00000000000000000000 
 5              0.00004772209765353444             -0.00003937746541419478             -0.00002643280597213098              0.00001242380145430842              0.00001460899838465435              0.00000000000000000138 
 6              0.00004772209765353444             -0.00003937746541418636             -0.00002848255492818739              0.00001242380145427096              0.00001460510565595565              0.00000000000000000138 
 7              0.00004772209765354286             -0.00003937746541418636             -0.00003018235089578809              0.00001241903643837641              0.00001460510565591763              0.00000000000000000138 
 8              0.00004772209765354286             -0.00003937746541419478             -0.00002813126827742966              0.00001241903643840856              0.00001460899838462177              0.00000000000000000138 
 10              0.00012357872013372186             -0.00010483864669506191             -0.00004413600346904626              0.00001272238118690140              0.00001521346654345366              0.00000000000000000165 
 11              0.00012357872013372186             -0.00010483864669505185             -0.00004746032527516626              0.00001272238118693737              0.00001521369564460391              0.00000000000000000165 
 12              0.00012357872013373189             -0.00010483864669505185             -0.00005020018782592089              0.00001272204959992131              0.00001521369564462190              0.00000000000000000165 
 13              0.00012357872013373189             -0.00010483864669506191             -0.00004687397624153927              0.00001272204959989200              0.00001521346654348410              0.00000000000000000165 
 15              0.00018599397796873989             -0.00015466921626211075             -0.00005312873508174309              0.00000735966578221507              0.00000939902863386624              0.00000000000000001382 
 16              0.00018599397796873989             -0.00015466921626202651             -0.00005693342444797482              0.00000735966578231901              0.00000941410912074521              0.00000000000000001382 
 17              0.00018599397796882413             -0.00015466921626202651             -0.00006004776963955504              0.00000737139970607145              0.00000941410912081278              0.00000000000000001382 
 18              0.00018599397796882413             -0.00015466921626211075             -0.00005624174919771575              0.00000737139970598375              0.00000939902863395722              0.00000000000000001382 
 118              0.00005367345216093771             -0.00004447093426059607             -0.00003000598388191340              0.00001532586086262485              0.00001781683163531854              0.00000000000000000141 
 128              0.00006067019055932843             -0.00005051071065870558             -0.00003188040488250482              0.00001759350706332820              0.00002032522479752265              0.00000000000000000143 
 138              0.00006845648303826079             -0.00005726300571129903             -0.00003375455241240589              0.00001922195580091585              0.00002213416178280438              0.00000000000000000146 
 148              0.00007677648697998280             -0.00006449401525590338             -0.00003562845597060068              0.00002021112721105731              0.00002324358208951519              0.00000000000000000149 
 158              0.00008537434252548527             -0.00007196989029626053             -0.00003750217066703368              0.00002056086683751216              0.00002365350791358641              0.00000000000000000151 
 168              0.00009399425299586687             -0.00007945675559587651             -0.00003937598887119196              0.00002027128544875948              0.00002336417225717136              0.00000000000000000154 
 178              0.00010238043462037817             -0.00008672081867120775             -0.00004125005345892805              0.00001934257459441696              0.00002237546892988903              0.00000000000000000157 
 188              0.00011027709359774613             -0.00009352831686039878             -0.00004312438966108433              0.00001777476575473976              0.00002068743418597598              0.00000000000000000159 
 198              0.00011742844691452802             -0.00009964550269673839             -0.00004499902240929954              0.00001556790944395953              0.00001830009177886685              0.00000000000000000162 
