 1              0.00000000000000000000              0.00000000000000000000              0.00000000000000000000              0.00000000000000000000              0.00000000000000000000              0.00000000000000000000 
 2              0.00000000000000000000              0.00000000000000000000              0.00000000000000000000              0.00000000000000000000              0.00000000000000000000              0.00000000000000000000 
 3              0.00000000000000000000              0.00000000000000000000              0.00000000000000000000              0.00000000000000000000              0.00000000000000000000              0.00000000000000000000 
 4              0.00000000000000000000              0.00000000000000000000              0.00000000000000000000              0.00000000000000000000              0.00000000000000000000              0.00000000000000000000 
 5              0.00000327743859616480             -0.00001320051637185820             -0.00002829581823109785              0.00000274564855137049              0.00000021936133978588              0.00000000000000000203 
 6              0.00000327743859616480             -0.00001320051637184584             -0.00002817688269719395              0.00000274564855137088              0.00000021777758570339              0.00000000000000000203 
 7              0.00000327743859617717             -0.00001320051637184584             -0.00002829837045181714              0.00000274318427312345              0.00000021777758569912              0.00000000000000000203 
 8              0.00000327743859617717             -0.00001320051637185820             -0.00002841724279991052              0.00000274318427312326              0.00000021936133978640              0.00000000000000000203 
 10              0.00000003922407678979             -0.00002007980101589851             -0.00004723125904313730              0.00000019515779318187             -0.00000130229113374021              0.00000000000000000296 
 11              0.00000003922407678979             -0.00002007980101588050             -0.00004698033747647235              0.00000019515779318389             -0.00000130274406452380              0.00000000000000000296 
 12              0.00000003922407680781             -0.00002007980101588050             -0.00004707514859702551              0.00000019464205620531             -0.00000130274406452466              0.00000000000000000296 
 13              0.00000003922407680781             -0.00002007980101589851             -0.00004732606147958329              0.00000019464205620368             -0.00000130229113373984              0.00000000000000000296 
 15             -0.00000728247374913433             -0.00001711853289416687             -0.00005670536690974516             -0.00000066082374235459             -0.00000121772437018664              0.00000000000000000338 
 16             -0.00000728247374913433             -0.00001711853289414629             -0.00005639102834657547             -0.00000066082374235406             -0.00000121794612285505              0.00000000000000000338 
 17             -0.00000728247374911375             -0.00001711853289414629             -0.00005644939583348905             -0.00000066096323898151             -0.00000121794612285499              0.00000000000000000338 
 18             -0.00000728247374911375             -0.00001711853289416687             -0.00005676373148709510             -0.00000066096323898205             -0.00000121772437018648              0.00000000000000000338 
 118              0.00000329464517984479             -0.00001419942890344300             -0.00003030836622525401              0.00000271070606253828             -0.00000011841231162815              0.00000000000000000212 
 128              0.00000319583762970244             -0.00001517743239003321             -0.00003219933714010087              0.00000262885386182760             -0.00000041501162033403              0.00000000000000000221 
 138              0.00000299607550600697             -0.00001611646943673284             -0.00003409016521268699              0.00000249763506069897             -0.00000067043926847406              0.00000000000000000231 
 148              0.00000271041848569777             -0.00001699848416869636             -0.00003598086377572241              0.00000231705456005981             -0.00000088468140983227              0.00000000000000000240 
 158              0.00000235395592511949             -0.00001780540452210081             -0.00003787148527656912              0.00000208695320837317             -0.00000105755249141285              0.00000000000000000249 
 168              0.00000194186859635420             -0.00001851907894011997             -0.00003976213122951201              0.00000180723201933686             -0.00000118888040234896              0.00000000000000000259 
 178              0.00000148929020394992             -0.00001912141240309057             -0.00004165289481171062              0.00000147813948214018             -0.00000127898510705508              0.00000000000000000268 
 188              0.00000101128513029572             -0.00001959434889421481             -0.00004354379858373369              0.00000109968077559501             -0.00000132791692381329              0.00000000000000000277 
 198              0.00000052291131551253             -0.00001991983157823174             -0.00004543485135609474              0.00000067185095142300             -0.00000133568335077900              0.00000000000000000286 
