 1              0.00000000000000000000              0.00000000000000000000              0.00000000000000000000              0.00000000000000000000              0.00000000000000000000              0.00000000000000000000 
 2              0.00000000000000000000              0.00000000000000000000              0.00000000000000000000              0.00000000000000000000              0.00000000000000000000              0.00000000000000000000 
 3              0.00000000000000000000              0.00000000000000000000              0.00000000000000000000              0.00000000000000000000              0.00000000000000000000              0.00000000000000000000 
 4              0.00000000000000000000              0.00000000000000000000              0.00000000000000000000              0.00000000000000000000              0.00000000000000000000              0.00000000000000000000 
 5              0.00017544483330367850             -0.00003092747748478008             -0.00002371015701555033              0.00001632884069218340              0.00004766392979554738             -0.00000000000000190122 
 6              0.00017544483330367850             -0.00003092747749636993             -0.00002891665548181065              0.00001632884069503216              0.00004807473020562252             -0.00000000000000190122 
 7              0.00017544483329208865             -0.00003092747749636993             -0.00003258894538518115              0.00001644474474837590              0.00004807473020857651             -0.00000000000000190122 
 8              0.00017544483329208865             -0.00003092747748478008             -0.00002745853177362387              0.00001644474474559933              0.00004766392979927750             -0.00000000000000190122 
 10              0.00039100178105255551             -0.00015779144059451298             -0.00003964390904047640              0.00003077297855048920              0.00003410152932967263             -0.00000000000000144773 
 11              0.00039100178105255551             -0.00015779144060333833             -0.00004745819919881232              0.00003077297855396846              0.00003436374637915752             -0.00000000000000144773 
 12              0.00039100178104373010             -0.00015779144060333833             -0.00005396176422776678              0.00003099735418151000              0.00003436374638208141             -0.00000000000000144773 
 13              0.00039100178104373010             -0.00015779144059451298             -0.00004622945796225413              0.00003099735417795702              0.00003410152933252950             -0.00000000000000144773 
 15              0.00050147739668721797             -0.00030584474632804661             -0.00004755241456585942              0.00002181871306239999              0.00001378873025446279             -0.00000000000000139979 
 16              0.00050147739668721797             -0.00030584474633657972             -0.00005612108743884389              0.00002181871306414703              0.00001387552328412516             -0.00000000000000139979 
 17              0.00050147739667868486             -0.00030584474633657972             -0.00006388942168606748              0.00002227177507927923              0.00001387552328597193             -0.00000000000000139979 
 18              0.00050147739667868486             -0.00030584474632804661             -0.00005541199162410556              0.00002227177507771174              0.00001378873025640335             -0.00000000000000139979 
 118              0.00019454871462125961             -0.00003840573227849068             -0.00002926916308604401              0.00002413314140950437              0.00005633588456251522             -0.00000000000000185587 
 128              0.00021632664536783372             -0.00004835720613527499             -0.00003115394035400132              0.00003002450087646139              0.00006235054540297570             -0.00000000000000181052 
 138              0.00023989163270876943             -0.00006020258392255095             -0.00003305484675962771              0.00003454124451424152              0.00006616071412960510             -0.00000000000000176517 
 148              0.00026447399617305392             -0.00007347530256075622             -0.00003495519575484017              0.00003783051030369557              0.00006791482389626877             -0.00000000000000171982 
 158              0.00028932214828464265             -0.00008772685295887454             -0.00003685505333745851              0.00003989354538310506              0.00006761409704377365             -0.00000000000000167448 
 168              0.00031368457764194751             -0.00010250873451647041             -0.00003875508591837792              0.00004073033552993272              0.00006525884541198450             -0.00000000000000162913 
 178              0.00033680980945877532             -0.00011737236136712217             -0.00004065571109649516              0.00004034051844374390              0.00006084902218222658             -0.00000000000000158378 
 188              0.00035794633215345886             -0.00013186906530563832             -0.00004255701275326663              0.00003872336036123519              0.00005438373507812053             -0.00000000000000153843 
 198              0.00037632112898436956             -0.00014553299666825970             -0.00004443940016147644              0.00003573564356456458              0.00004567768782481292             -0.00000000000000149308 
