 1              0.00000000000000000000              0.00000000000000000000              0.00000000000000000000              0.00000000000000000000              0.00000000000000000000              0.00000000000000000000 
 2              0.00000000000000000000              0.00000000000000000000              0.00000000000000000000              0.00000000000000000000              0.00000000000000000000              0.00000000000000000000 
 3              0.00000000000000000000              0.00000000000000000000              0.00000000000000000000              0.00000000000000000000              0.00000000000000000000              0.00000000000000000000 
 4              0.00000000000000000000              0.00000000000000000000              0.00000000000000000000              0.00000000000000000000              0.00000000000000000000              0.00000000000000000000 
 5             -0.00011801967906103441             -0.00042796058077422810             -0.00001831399565678833              0.00010579387486202345             -0.00002731006591035231              0.00000000000000306772 
 6             -0.00011801967906103441             -0.00042796058075552723             -0.00001554612682286253              0.00010579387485233459             -0.00002718219293965907              0.00000000000000306772 
 7             -0.00011801967904233358             -0.00042796058075552723             -0.00002983655709116116              0.00011120415988981123             -0.00002718219295383941              0.00000000000000306772 
 8             -0.00011801967904233358             -0.00042796058077422810             -0.00003228996827467370              0.00011120415988566298             -0.00002731006592213437              0.00000000000000306772 
 10             -0.00023298034610182898             -0.00094307243077679074             -0.00003058649824061009              0.00007857315328277938             -0.00001215429656179458              0.00000000000001155797 
 11             -0.00023298034610182898             -0.00094307243070633343             -0.00002697160242032054              0.00007857315328029188             -0.00001228438181863452              0.00000000000001155797 
 12             -0.00023298034603137156             -0.00094307243070633343             -0.00004897413711758120              0.00007998795520027339             -0.00001228438182291159              0.00000000000001155797 
 13             -0.00023298034603137156             -0.00094307243077679074             -0.00005176038710012000              0.00007998795518600908             -0.00001215429656343574              0.00000000000001155797 
 15             -0.00025344428156484026             -0.00122098873701028863             -0.00003775352283118910              0.00003515044366538973             -0.00000121528039615359              0.00000000000001101502 
 16             -0.00025344428156484026             -0.00122098873694314095             -0.00003410109374985443              0.00003515044366589057             -0.00000117245243321308              0.00000000000001101502 
 17             -0.00025344428149769269             -0.00122098873694314095             -0.00005826583426985123              0.00003624406549525155             -0.00000117245243276235              0.00000000000001101502 
 18             -0.00025344428149769269             -0.00122098873701028863             -0.00006110420284421170              0.00003624406549478006             -0.00000121528039571188              0.00000000000001101502 
 118             -0.00012895636864708617             -0.00047289895679462917             -0.00003394689740085692              0.00013336265277643213             -0.00003221290663348692              0.00000000000000391675 
 128             -0.00014133559274058687             -0.00052446339227300062             -0.00003604020564863885              0.00014755841545816711             -0.00003520778316603435              0.00000000000000476577 
 138             -0.00015452253459060766             -0.00058016612281587597             -0.00003825449182692217              0.00015628599881678369             -0.00003670809210755799              0.00000000000000561480 
 148             -0.00016805929011919735             -0.00063826188244535951             -0.00004046916921779008              0.00016066578304356336             -0.00003713697126381394              0.00000000000000646382 
 158             -0.00018156114371780679             -0.00069716982297983129             -0.00004268253931670625              0.00016072667032670352             -0.00003651714272006660              0.00000000000000731285 
 168             -0.00019464451013456846             -0.00075531017111773232             -0.00004489637090165225              0.00015646927230045365             -0.00003484904463869793              0.00000000000000816187 
 178             -0.00020692310194720802             -0.00081110017122011874             -0.00004710553763944454              0.00014783219223825928             -0.00003208352141310591              0.00000000000000901090 
 188             -0.00021789918742464752             -0.00086276634842742585             -0.00004918136529897564              0.00013365471024694663             -0.00002763487832207250              0.00000000000000985992 
 198             -0.00022685573231246770             -0.00090782477002830653             -0.00005081942655429831              0.00011157182902106730             -0.00002104349142751395              0.00000000000001070895 
