 1              0.00000000000000000000              0.00000000000000000000              0.00000000000000000000              0.00000000000000000000              0.00000000000000000000              0.00000000000000000000 
 2              0.00000000000000000000              0.00000000000000000000              0.00000000000000000000              0.00000000000000000000              0.00000000000000000000              0.00000000000000000000 
 3              0.00000000000000000000              0.00000000000000000000              0.00000000000000000000              0.00000000000000000000              0.00000000000000000000              0.00000000000000000000 
 4              0.00000000000000000000              0.00000000000000000000              0.00000000000000000000              0.00000000000000000000              0.00000000000000000000              0.00000000000000000000 
 5              0.00004868458468168857             -0.00002937547039205125             -0.00002631006608127227              0.00000854745791939618              0.00001793172094381550              0.00000000000000001399 
 6              0.00004868458468168857             -0.00002937547039196597             -0.00002940377918277495              0.00000854745791935407              0.00001792272252047861              0.00000000000000001399 
 7              0.00004868458468177386             -0.00002937547039196597             -0.00003031830726656980              0.00000854335395637533              0.00001792272252042324              0.00000000000000001399 
 8              0.00004868458468177386             -0.00002937547039205125             -0.00002722294861526573              0.00000854335395641807              0.00001793172094376040              0.00000000000000001399 
 10              0.00015870084638874203             -0.00006935880005014753             -0.00004387095276077942              0.00000640684466655728              0.00002461448359816631              0.00000000000000001833 
 11              0.00015870084638874203             -0.00006935880005003578             -0.00004911174090603636              0.00000640684466661542              0.00002461887079251335              0.00000000000000001833 
 12              0.00015870084638885376             -0.00006935880005003578             -0.00005048433729492129              0.00000640614144383420              0.00002461887079253055              0.00000000000000001833 
 13              0.00015870084638885376             -0.00006935880005014753             -0.00004524131976187495              0.00000640614144377736              0.00002461448359819478              0.00000000000000001833 
 15              0.00026767238029714116             -0.00008884489816012428             -0.00005276051529547655              0.00000248489801292945              0.00001669007618799090              0.00000000000000006540 
 16              0.00026767238029714116             -0.00008884489815972557             -0.00005887457247258739              0.00000248489801308935              0.00001679590394906757              0.00000000000000006540 
 17              0.00026767238029753982             -0.00008884489815972557             -0.00006037104570997934              0.00000248801388444794              0.00001679590394914880              0.00000000000000006540 
 18              0.00026767238029753982             -0.00008884489816012428             -0.00005425546848586306              0.00000248801388429119              0.00001669007618809604              0.00000000000000006540 
 118              0.00005626737397185574             -0.00003281523311253589             -0.00002902547008120620              0.00001019635680942118              0.00002335532307594222              0.00000000000000001442 
 128              0.00006564061428149834             -0.00003678373063314928             -0.00003082755925058777              0.00001143451139983880              0.00002772203444478312              0.00000000000000001486 
 138              0.00007641774704361075             -0.00004112923217930307             -0.00003262926031744343              0.00001225784573476839              0.00003103190588413499              0.00000000000000001529 
 148              0.00008821222707560812             -0.00004570001755858693             -0.00003443062107115775              0.00001266637905214674              0.00003328496210889551              0.00000000000000001573 
 158              0.00010063753080045295             -0.00005034436891161974             -0.00003623172247360512              0.00001266010957332144              0.00003448138694100626              0.00000000000000001616 
 168              0.00011330726283885628             -0.00005491055051413626             -0.00003803293510993118              0.00001223891169807890              0.00003462143952888417              0.00000000000000001659 
 178              0.00012583496943377700             -0.00005924679571993827             -0.00003983445430673146              0.00001140283248639276              0.00003370476876640867              0.00000000000000001703 
 188              0.00013783413759033532             -0.00006320138284043162             -0.00004163633219017350              0.00001015198804008306              0.00003173136091730489              0.00000000000000001746 
 198              0.00014891826128665513             -0.00006662261368947942             -0.00004343860602444605              0.00000848640811980339              0.00002870124910841145              0.00000000000000001790 
