 1              0.00000000000000000000              0.00000000000000000000              0.00000000000000000000              0.00000000000000000000              0.00000000000000000000              0.00000000000000000000 
 2              0.00000000000000000000              0.00000000000000000000              0.00000000000000000000              0.00000000000000000000              0.00000000000000000000              0.00000000000000000000 
 3              0.00000000000000000000              0.00000000000000000000              0.00000000000000000000              0.00000000000000000000              0.00000000000000000000              0.00000000000000000000 
 4              0.00000000000000000000              0.00000000000000000000              0.00000000000000000000              0.00000000000000000000              0.00000000000000000000              0.00000000000000000000 
 5              0.00000410579707500084             -0.00000028348952255361             -0.00002846126960633380             -0.00000038306423903692              0.00000015463291733844              0.00000000000000000098 
 6              0.00000410579707500084             -0.00000028348952254764             -0.00002825738561198763             -0.00000038306423903996              0.00000015305509066793              0.00000000000000000098 
 7              0.00000410579707500681             -0.00000028348952254764             -0.00002812616475291340             -0.00000038395090276534              0.00000015305509066296              0.00000000000000000098 
 8              0.00000410579707500681             -0.00000028348952255361             -0.00002832984380597214             -0.00000038395090276329              0.00000015463291733619              0.00000000000000000098 
 10             -0.00000137445393016084              0.00000419717787673141             -0.00004747932528299571             -0.00000122294388166915             -0.00000211534479467299              0.00000000000000000129 
 11             -0.00000137445393016084              0.00000419717787673930             -0.00004706107523184403             -0.00000122294388166987             -0.00000211578815923123              0.00000000000000000129 
 12             -0.00000137445393015295              0.00000419717787673930             -0.00004681748951685631             -0.00000122313025180940             -0.00000211578815923282              0.00000000000000000129 
 13             -0.00000137445393015295              0.00000419717787673141             -0.00004723548971133425             -0.00000122313025180875             -0.00000211534479467372              0.00000000000000000129 
 15             -0.00001328633054376987              0.00001008447464495731             -0.00005697870978992854             -0.00000093856938883023             -0.00000198366011521114              0.00000000000000000145 
 16             -0.00001328633054376987              0.00001008447464496614             -0.00005645728164729736             -0.00000093856938883010             -0.00000198380665630095              0.00000000000000000145 
 17             -0.00001328633054376105              0.00001008447464496614             -0.00005616531657304229             -0.00000093862543789681             -0.00000198380665630100              0.00000000000000000145 
 18             -0.00001328633054376105              0.00001008447464495731             -0.00005668649740015572             -0.00000093862543789692             -0.00000198366011521117              0.00000000000000000145 
 118              0.00000406780950756344             -0.00000008454221544465             -0.00003022056755336524             -0.00000069548086593461             -0.00000035200416376886              0.00000000000000000101 
 128              0.00000385586906756325              0.00000021910411993650             -0.00003211119425400608             -0.00000095644869442485             -0.00000079655049196567              0.00000000000000000104 
 138              0.00000349268850246095              0.00000060895203454282             -0.00003400172857469703             -0.00000116683359392116             -0.00000117899369995694              0.00000000000000000107 
 148              0.00000300098467597983              0.00000106649691846708             -0.00003589217618342928             -0.00000132661721374192             -0.00000149932157254635              0.00000000000000000111 
 158              0.00000240348358994413              0.00000157322934809454             -0.00003778255765022587             -0.00000143579788547619             -0.00000175745907185533              0.00000000000000000114 
 168              0.00000172296893497000              0.00000211064355457100             -0.00003967296795682824             -0.00000149439049641875             -0.00000195328011484980              0.00000000000000000117 
 178              0.00000098219700910733              0.00000266024020143541             -0.00004156345885278782             -0.00000150241194247946             -0.00000208695522840656              0.00000000000000000120 
 188              0.00000020389247124500              0.00000320352258103159             -0.00004345403943397853             -0.00000145986522364081             -0.00000215851463194603              0.00000000000000000123 
 198             -0.00000058922837292974              0.00000372199748063499             -0.00004534471490151747             -0.00000136676608952500             -0.00000216797375951531              0.00000000000000000126 
