 1              0.00000000000000000000              0.00000000000000000000              0.00000000000000000000              0.00000000000000000000              0.00000000000000000000              0.00000000000000000000 
 2              0.00000000000000000000              0.00000000000000000000              0.00000000000000000000              0.00000000000000000000              0.00000000000000000000              0.00000000000000000000 
 3              0.00000000000000000000              0.00000000000000000000              0.00000000000000000000              0.00000000000000000000              0.00000000000000000000              0.00000000000000000000 
 4              0.00000000000000000000              0.00000000000000000000              0.00000000000000000000              0.00000000000000000000              0.00000000000000000000              0.00000000000000000000 
 5             -0.00002485815381022877             -0.00002300194826133631             -0.00002847797636477650              0.00000653587085642973             -0.00000793353772343892              0.00000000000000000002 
 6             -0.00002485815381022877             -0.00002300194826133616             -0.00002728014367436516              0.00000653587085642797             -0.00000793567631362639              0.00000000000000000002 
 7             -0.00002485815381022862             -0.00002300194826133616             -0.00002811193390149043              0.00000653512200832404             -0.00000793567631362974              0.00000000000000000002 
 8             -0.00002485815381022862             -0.00002300194826133631             -0.00002930963160207821              0.00000653512200832714             -0.00000793353772344063              0.00000000000000000002 
 10             -0.00006808810323519747             -0.00005424384758502054             -0.00004748025596847386              0.00000589712466741285             -0.00000907136553509714              0.00000000000000000063 
 11             -0.00006808810323519747             -0.00005424384758501668             -0.00004550534273426082              0.00000589712466741366             -0.00000907189255817601              0.00000000000000000063 
 12             -0.00006808810323519362             -0.00005424384758501668             -0.00004682016751939640              0.00000589684529532538             -0.00000907189255817674              0.00000000000000000063 
 13             -0.00006808810323519362             -0.00005424384758502054             -0.00004879497255462374              0.00000589684529532487             -0.00000907136553509716              0.00000000000000000063 
 15             -0.00010671107699614737             -0.00007739310574269644             -0.00005696800630478750              0.00000343935870360351             -0.00000591704851165328              0.00000000000000000087 
 16             -0.00010671107699614737             -0.00007739310574269113             -0.00005469165585293378              0.00000343935870360402             -0.00000591725214420585              0.00000000000000000087 
 17             -0.00010671107699614206             -0.00007739310574269113             -0.00005618026961022248              0.00000343927621463136             -0.00000591725214420565              0.00000000000000000087 
 18             -0.00010671107699614206             -0.00007739310574269644             -0.00005845651957415959              0.00000343927621463085             -0.00000591704851165299              0.00000000000000000087 
 118             -0.00002812039644169452             -0.00002561874409426324             -0.00003125836205618911              0.00000772717289564034             -0.00000983829964862870              0.00000000000000000008 
 128             -0.00003200655076462494             -0.00002862050156274065             -0.00003320697375024525              0.00000864012016789961             -0.00001134512948911406              0.00000000000000000015 
 138             -0.00003637107111774139             -0.00003190513737143825             -0.00003515547516012404              0.00000927397211904456             -0.00001245403791626966              0.00000000000000000021 
 148             -0.00004106841208782807             -0.00003537057216839472             -0.00003710387764385467              0.00000962874537246584             -0.00001316500071550902              0.00000000000000000027 
 158             -0.00004595299303279204             -0.00003891473392848267             -0.00003905221483669967              0.00000970444818034076             -0.00001347783572358900              0.00000000000000000033 
 168             -0.00005087915721248613             -0.00004243554209051576             -0.00004100056139332443              0.00000950105923645853             -0.00001339241479276810              0.00000000000000000039 
 178             -0.00005570129572151156             -0.00004583092900516760             -0.00004294899472775857              0.00000901863247358802             -0.00001290903896557186              0.00000000000000000045 
 188             -0.00006027386284269637             -0.00004899882802118189             -0.00004489753618987803              0.00000825713655485604             -0.00001202774152166488              0.00000000000000000051 
 198             -0.00006445131406363757             -0.00005183716254629887             -0.00004684619343134464              0.00000721654794083055             -0.00001074851810251425              0.00000000000000000057 
