 1              0.00000000000000000000              0.00000000000000000000              0.00000000000000000000              0.00000000000000000000              0.00000000000000000000              0.00000000000000000000 
 2              0.00000000000000000000              0.00000000000000000000              0.00000000000000000000              0.00000000000000000000              0.00000000000000000000              0.00000000000000000000 
 3              0.00000000000000000000              0.00000000000000000000              0.00000000000000000000              0.00000000000000000000              0.00000000000000000000              0.00000000000000000000 
 4              0.00000000000000000000              0.00000000000000000000              0.00000000000000000000              0.00000000000000000000              0.00000000000000000000              0.00000000000000000000 
 5             -0.00000584479331999161              0.00004082646295707063             -0.00002890251566998844             -0.00001139919932709234             -0.00000083650159669560              0.00000000000000000104 
 6             -0.00000584479331999161              0.00004082646295707696             -0.00002897148810284946             -0.00001139919932709272             -0.00000083814099560661              0.00000000000000000104 
 7             -0.00000584479331998528              0.00004082646295707696             -0.00002769154321886921             -0.00001140165567977355             -0.00000083814099561043              0.00000000000000000104 
 8             -0.00000584479331998528              0.00004082646295707063             -0.00002762251420792171             -0.00001140165567977305             -0.00000083650159669481              0.00000000000000000104 
 10             -0.00000484878529051038              0.00009285524319715464             -0.00004803685496649783             -0.00000881872862753829              0.00000102337419909941              0.00000000000000000173 
 11             -0.00000484878529051038              0.00009285524319716518             -0.00004822084484115593             -0.00000881872862753677              0.00000102291723989481              0.00000000000000000173 
 12             -0.00000484878529049984              0.00009285524319716518             -0.00004626934541774307             -0.00000881925319084071              0.00000102291723989405              0.00000000000000000173 
 13             -0.00000484878529049984              0.00009285524319715464             -0.00004608534987033102             -0.00000881925319084195              0.00000102337419909979              0.00000000000000000173 
 15              0.00000189289333525332              0.00012299560808824996             -0.00005753526341155332             -0.00000420782897671284              0.00000116304596575187              0.00000000000000000214 
 16              0.00000189289333525332              0.00012299560808826302             -0.00005778028876018052             -0.00000420782897671234              0.00000116282534790702              0.00000000000000000214 
 17              0.00000189289333526640              0.00012299560808826302             -0.00005561928770995515             -0.00000420796636206427              0.00000116282534790707              0.00000000000000000214 
 18              0.00000189289333526640              0.00012299560808824996             -0.00005537426286892280             -0.00000420796636206478              0.00000116304596575202              0.00000000000000000214 
 118             -0.00000609840342641973              0.00004537088192415189             -0.00002946903713699491             -0.00001336523328137146             -0.00000055384757066537              0.00000000000000000111 
 128             -0.00000625257143141079              0.00005054319665204244             -0.00003131540855878766             -0.00001483503013594722             -0.00000029274500303780              0.00000000000000000118 
 138             -0.00000631517995817254              0.00005616280049310841             -0.00003316163827097773             -0.00001581103953601696             -0.00000005319521650278              0.00000000000000000124 
 148             -0.00000629411114944317              0.00006204908559165364             -0.00003500773997066745             -0.00001629326028418706              0.00000016481893722839              0.00000000000000000131 
 158             -0.00000619721656604970              0.00006802146146133493             -0.00003685376559801262             -0.00001628184740082187              0.00000036147868278346              0.00000000000000000138 
 168             -0.00000603225900783677              0.00007389941605268559             -0.00003869981368008290             -0.00001577691021356219              0.00000053695126815809              0.00000000000000000145 
 178             -0.00000580705241435878              0.00007950238232911612             -0.00004054597918751050             -0.00001477818223903114              0.00000069090036511504              0.00000000000000000152 
 188             -0.00000552948013821477              0.00008464974818639772             -0.00004239228482239192             -0.00001328565753785481              0.00000082328972670984              0.00000000000000000159 
 198             -0.00000520742849194563              0.00008916090383202509             -0.00004423873901882525             -0.00001129934444654545              0.00000093411583575887              0.00000000000000000166 
