 1              0.00000000000000000000              0.00000000000000000000              0.00000000000000000000              0.00000000000000000000              0.00000000000000000000              0.00000000000000000000 
 2              0.00000000000000000000              0.00000000000000000000              0.00000000000000000000              0.00000000000000000000              0.00000000000000000000              0.00000000000000000000 
 3              0.00000000000000000000              0.00000000000000000000              0.00000000000000000000              0.00000000000000000000              0.00000000000000000000              0.00000000000000000000 
 4              0.00000000000000000000              0.00000000000000000000              0.00000000000000000000              0.00000000000000000000              0.00000000000000000000              0.00000000000000000000 
 5              0.00037190986708911456             -0.00034946898868376097             -0.00000706683216386258              0.00009178627717907976              0.00007137342879141375             -0.00000000000002913268 
 6              0.00037190986708911456             -0.00034946898886135383             -0.00001957327478254673              0.00009178627722063556              0.00007463353779368259             -0.00000000000002913268 
 7              0.00037190986691152170             -0.00034946898886135383             -0.00003645575027661443              0.00009725129320291181              0.00007463353783695416             -0.00000000000002913268 
 8              0.00037190986691152170             -0.00034946898868376097             -0.00002591613047667479              0.00009725129315915972              0.00007137342885082112             -0.00000000000002913268 
 10              0.00064310408529777863             -0.00087864434778607667             -0.00001433356544829259              0.00010371590489332300              0.00005458564265167585             -0.00000000000001102681 
 11              0.00064310408529777863             -0.00087864434785329612             -0.00003318757774847048              0.00010371590492921463              0.00005503807739047422             -0.00000000000001102681 
 12              0.00064310408523055918             -0.00087864434785329612             -0.00006141332642844487              0.00010840639177582602              0.00005503807741123182             -0.00000000000001102681 
 13              0.00064310408523055918             -0.00087864434778607667             -0.00004467079407615491              0.00010840639174212445              0.00005458564267269191             -0.00000000000001102681 
 15              0.00096881730192599621             -0.00141984235018058932             -0.00000633003927549689              0.00006517049243913651              0.00004208032257418835             -0.00000000000001001294 
 16              0.00096881730192599621             -0.00141984235024162817             -0.00002958667953666757              0.00006517049245425037              0.00004360229087254081             -0.00000000000001001294 
 17              0.00096881730186495736             -0.00141984235024162817             -0.00006460925641957403              0.00007023758856016352              0.00004360229088293258             -0.00000000000001001294 
 18              0.00096881730186495736             -0.00141984235018058932             -0.00004423615511184566              0.00007023758854685353              0.00004208032258616717             -0.00000000000001001294 
 118              0.00039889787396601024             -0.00039010862150229251             -0.00002712927077100408              0.00012384666692068349              0.00007593691992632044             -0.00000000000002732209 
 128              0.00042722476820386779             -0.00043890297810861902             -0.00002889890896763196              0.00014188730880113697              0.00007870746530541849             -0.00000000000002551150 
 138              0.00045628019476911397             -0.00049303275504078284             -0.00003095585498493451              0.00015322076791074891              0.00007994599649200441             -0.00000000000002370092 
 148              0.00048556558251082097             -0.00055045531212549953             -0.00003304472532385015              0.00016010385453512935              0.00008001473374047265             -0.00000000000002189033 
 158              0.00051468425475407196             -0.00060966420443311919             -0.00003512723231686891              0.00016298533315232033              0.00007903284351422900             -0.00000000000002007974 
 168              0.00054325181091018266             -0.00066919276410545272             -0.00003721198114482890              0.00016185211993958941              0.00007700132839245764             -0.00000000000001826916 
 178              0.00057088489630827252             -0.00072757383610372187             -0.00003930784646355292              0.00015671003571972989              0.00007392651698879158             -0.00000000000001645857 
 188              0.00059717519671736725             -0.00078330268902747412             -0.00004138575131973358              0.00014720916833922120              0.00006956023969055201             -0.00000000000001464798 
 198              0.00062151079944474351             -0.00083451386400029725             -0.00004326579148535467              0.00013178673696700573              0.00006320258907788609             -0.00000000000001283740 
