 1              0.00000000000000000000              0.00000000000000000000              0.00000000000000000000              0.00000000000000000000              0.00000000000000000000              0.00000000000000000000 
 2              0.00000000000000000000              0.00000000000000000000              0.00000000000000000000              0.00000000000000000000              0.00000000000000000000              0.00000000000000000000 
 3              0.00000000000000000000              0.00000000000000000000              0.00000000000000000000              0.00000000000000000000              0.00000000000000000000              0.00000000000000000000 
 4              0.00000000000000000000              0.00000000000000000000              0.00000000000000000000              0.00000000000000000000              0.00000000000000000000              0.00000000000000000000 
 5             -0.00000515334564915791              0.00001196415559558927             -0.00002909660149259594             -0.00000498545297606028             -0.00000253477485685348              0.00000000000000000277 
 6             -0.00000515334564915791              0.00001196415559560614             -0.00002851355881145883             -0.00000498545297611516             -0.00000254154953261993              0.00000000000000000277 
 7             -0.00000515334564914103              0.00001196415559560614             -0.00002752939712303056             -0.00000499020388711706             -0.00000254154953267564              0.00000000000000000277 
 8             -0.00000515334564914103              0.00001196415559558927             -0.00002811057948669397             -0.00000499020388706517             -0.00000253477485690663              0.00000000000000000277 
 10             -0.00002409850910112395              0.00004556589123915413             -0.00004854511068894838             -0.00000803339570867057             -0.00000485977305570949              0.00000000000000000351 
 11             -0.00002409850910112395              0.00004556589123917553             -0.00004751258793533176             -0.00000803339570869005             -0.00000486104495659334              0.00000000000000000351 
 12             -0.00002409850910110254              0.00004556589123917553             -0.00004580655772128496             -0.00000803439577222010             -0.00000486104495661535              0.00000000000000000351 
 13             -0.00002409850910110254              0.00004556589123915413             -0.00004683647733925907             -0.00000803439577220142             -0.00000485977305573089              0.00000000000000000351 
 15             -0.00004766270996151130              0.00008274215448916452             -0.00005821954264724347             -0.00000585746867318855             -0.00000376749686509945              0.00000000000000000408 
 16             -0.00004766270996151130              0.00008274215448918940             -0.00005699309751772604             -0.00000585746867319173             -0.00000376854164049465              0.00000000000000000408 
 17             -0.00004766270996148644              0.00008274215448918940             -0.00005498648756236974             -0.00000585780291719341             -0.00000376854164049814              0.00000000000000000408 
 18             -0.00004766270996148644              0.00008274215448916452             -0.00005621031150520103             -0.00000585780291719037             -0.00000376749686510293              0.00000000000000000408 
 118             -0.00000627475186692153              0.00001411893858155004             -0.00002998379459403595             -0.00000673881048099527             -0.00000356753127107692              0.00000000000000000284 
 128             -0.00000774139907894874              0.00001685460688588833             -0.00003185660058085398             -0.00000816652029058156             -0.00000442257000121562              0.00000000000000000292 
 138             -0.00000948827782551595              0.00002005378301598738             -0.00003372903701671412             -0.00000927329750243505             -0.00000509985107370482              0.00000000000000000299 
 148             -0.00001145036814063909              0.00002359908124384921             -0.00003560114063955746             -0.00001005914136426074             -0.00000559935799810394              0.00000000000000000307 
 158             -0.00001356263355298871              0.00002737311834317304             -0.00003747298482174911             -0.00001052404916706271             -0.00000592096462255005              0.00000000000000000314 
 168             -0.00001575997266676131              0.00003125850753329815             -0.00003934497606681115             -0.00001066803415296762             -0.00000606458461069197              0.00000000000000000321 
 178             -0.00001797730936807605              0.00003513787189917846             -0.00004121728563887993             -0.00001049109934370486             -0.00000603030641223418              0.00000000000000000329 
 188             -0.00002014956850803509              0.00003889382618573620             -0.00004308994814193603             -0.00000999321276677442             -0.00000581809360989644              0.00000000000000000336 
 198             -0.00002221166548965166              0.00004240897091071765             -0.00004496299782493456             -0.00000917433081076618             -0.00000542793066152314              0.00000000000000000344 
