 1              0.00000000000000000000              0.00000000000000000000              0.00000000000000000000              0.00000000000000000000              0.00000000000000000000              0.00000000000000000000 
 2              0.00000000000000000000              0.00000000000000000000              0.00000000000000000000              0.00000000000000000000              0.00000000000000000000              0.00000000000000000000 
 3              0.00000000000000000000              0.00000000000000000000              0.00000000000000000000              0.00000000000000000000              0.00000000000000000000              0.00000000000000000000 
 4              0.00000000000000000000              0.00000000000000000000              0.00000000000000000000              0.00000000000000000000              0.00000000000000000000              0.00000000000000000000 
 5              0.00010878572681327674              0.00006288842568877133             -0.00002718458365800627             -0.00001515772198390771              0.00003262693035342517             -0.00000000000000103152 
 6              0.00010878572681327674              0.00006288842568248320             -0.00003275128816721325             -0.00001515772198148217              0.00003233911389631231             -0.00000000000000103152 
 7              0.00010878572680698861              0.00006288842568248320             -0.00003075224152020110             -0.00001544801008745986              0.00003233911389977553             -0.00000000000000103152 
 8              0.00010878572680698861              0.00006288842568877133             -0.00002518332196759959             -0.00001544801008942228              0.00003262693035610868             -0.00000000000000103152 
 10              0.00028400364746879175              0.00012642488480379597             -0.00004511169100069958             -0.00001320076912349715              0.00004145009611439390             -0.00000000000000137466 
 11              0.00028400364746879175              0.00012642488479541601             -0.00005446074789958105             -0.00001320076912435781              0.00004195765616847076             -0.00000000000000137466 
 12              0.00028400364746041185              0.00012642488479541601             -0.00005132274041105445             -0.00001321607540609106              0.00004195765616821286             -0.00000000000000137466 
 13              0.00028400364746041185              0.00012642488480379597             -0.00004187500103916604             -0.00001321607540508060              0.00004145009611336112             -0.00000000000000137466 
 15              0.00050021071249755462              0.00019318644195678560             -0.00005239416346567059             -0.00000928160914030248              0.00003069680824011878             -0.00000000000000137329 
 16              0.00050021071249755462              0.00019318644194841404             -0.00006383665600911612             -0.00000928160914205974              0.00003203401940106781             -0.00000000000000137329 
 17              0.00050021071248918306              0.00019318644194841404             -0.00006012750553816960             -0.00000921576420045768              0.00003203401939940566             -0.00000000000000137329 
 18              0.00050021071248918306              0.00019318644195678560             -0.00004856644731562609             -0.00000921576419868102              0.00003069680823823164             -0.00000000000000137329 
 118              0.00012201615901887950              0.00006882528006670733             -0.00002687059095871755             -0.00001692486284876434              0.00003945907574494979             -0.00000000000000106583 
 128              0.00013747730923957115              0.00007521401594962351             -0.00002854855705187055             -0.00001794960876334216              0.00004486761765071041             -0.00000000000000110015 
 138              0.00015468055844463082              0.00008191344373091524             -0.00003020794734188628             -0.00001862462760856433              0.00004898625294020734             -0.00000000000000113446 
 148              0.00017315303282036516              0.00008879407924389487             -0.00003185507465666242             -0.00001893735109507070              0.00005180457909143844             -0.00000000000000116877 
 158              0.00019241707421885519              0.00009572104644119188             -0.00003349711622956519             -0.00001887921416829800              0.00005331627088967718             -0.00000000000000120309 
 168              0.00021199649009771777              0.00010256034265858908             -0.00003514133434158822             -0.00001845724376215840              0.00005352808023711535             -0.00000000000000123740 
 178              0.00023141539285985747              0.00010917841393483696             -0.00003679536005350989             -0.00001767195942206010              0.00005244153980964067             -0.00000000000000127172 
 188              0.00025020173672104525              0.00011544529560366835             -0.00003846622872606496             -0.00001653940990917946              0.00005007170577210271             -0.00000000000000130603 
 198              0.00026788833634440484              0.00012123661889050475             -0.00004016018007293749             -0.00001507358382073760              0.00004643012496054731             -0.00000000000000134035 
