 1              0.00000000000000000000              0.00000000000000000000              0.00000000000000000000              0.00000000000000000000              0.00000000000000000000              0.00000000000000000000 
 2              0.00000000000000000000              0.00000000000000000000              0.00000000000000000000              0.00000000000000000000              0.00000000000000000000              0.00000000000000000000 
 3              0.00000000000000000000              0.00000000000000000000              0.00000000000000000000              0.00000000000000000000              0.00000000000000000000              0.00000000000000000000 
 4              0.00000000000000000000              0.00000000000000000000              0.00000000000000000000              0.00000000000000000000              0.00000000000000000000              0.00000000000000000000 
 5             -0.00038636667632712670             -0.00026292639571474263             -0.00002832326001488675              0.00005779303834056528             -0.00010216398443773792             -0.00000000000001211648 
 6             -0.00038636667632712670             -0.00026292639578860466             -0.00001577924061978864              0.00005779303831697562             -0.00009838955294788049             -0.00000000000001211648 
 7             -0.00038636667640098873             -0.00026292639578860466             -0.00002008562870540934              0.00005805651780506570             -0.00009838955295445661             -0.00000000000001211648 
 8             -0.00038636667640098873             -0.00026292639571474263             -0.00003225224768486927              0.00005805651782357154             -0.00010216398443170761             -0.00000000000001211648 
 10             -0.00088065468122991647             -0.00048456160930804147             -0.00004602056952086245              0.00001405371382374755             -0.00006782064765487398             -0.00000000000002451875 
 11             -0.00088065468122991647             -0.00048456160945750773             -0.00002725841260518396              0.00001405371381953854             -0.00006739653975606878             -0.00000000000002451875 
 12             -0.00088065468137938285             -0.00048456160945750773             -0.00003177383465228625              0.00001364469582954476             -0.00006739653975477620             -0.00000000000002451875 
 13             -0.00088065468137938285             -0.00048456160930804147             -0.00004946186917525784              0.00001364469582581760             -0.00006782064763374059             -0.00000000000002451875 
 15             -0.00107856150863975381             -0.00044532167144913499             -0.00005562613110497986             -0.00001023611808578416             -0.00002405865252498312             -0.00000000000002256606 
 16             -0.00107856150863975381             -0.00044532167158669770             -0.00003546211222070615             -0.00001023611808299388             -0.00002347677228139620             -0.00000000000002256606 
 17             -0.00107856150877731652             -0.00044532167158669770             -0.00003925491528305417             -0.00000998672622757853             -0.00002347677227842924             -0.00000000000002256606 
 18             -0.00107856150877731652             -0.00044532167144913499             -0.00005839318795286324             -0.00000998672623049095             -0.00002405865252233612             -0.00000000000002256606 
 118             -0.00042848557391863949             -0.00028586641707618909             -0.00003361105906709899              0.00006681616507588053             -0.00012690540794679450             -0.00000000000001335671 
 128             -0.00047798393013946623             -0.00031131101157938653             -0.00003553924602384706              0.00007178999993722673             -0.00014259940063314835             -0.00000000000001459694 
 138             -0.00053198966009878235             -0.00033800268602490790             -0.00003767197213252405              0.00007375898498211132             -0.00015188109687485219             -0.00000000000001583716 
 148             -0.00058853751031894192             -0.00036500878486900643             -0.00003980584671658854              0.00007356906671036291             -0.00015658743610182324             -0.00000000000001707739 
 158             -0.00064599635483147554             -0.00039156906572426444             -0.00004193446162929226              0.00007131973001046923             -0.00015686112228420934             -0.00000000000001831762 
 168             -0.00070274324967598250             -0.00041692839075707823             -0.00004406488773022931              0.00006699952298570120             -0.00015269187317277049             -0.00000000000001955784 
 178             -0.00075709051565249019             -0.00044027173549696254             -0.00004614241089139644              0.00006012692102267089             -0.00014354457477659013             -0.00000000000002079807 
 188             -0.00080688061802523868             -0.00046040877408545214             -0.00004792671693167513              0.00004936660506199612             -0.00012757482359225015             -0.00000000000002203830 
 198             -0.00084922944345721904             -0.00047575229974109877             -0.00004910825523682433              0.00003393220009560536             -0.00010276849196559610             -0.00000000000002327852 
