 1              0.00000000000000000000              0.00000000000000000000              0.00000000000000000000              0.00000000000000000000              0.00000000000000000000              0.00000000000000000000 
 2              0.00000000000000000000              0.00000000000000000000              0.00000000000000000000              0.00000000000000000000              0.00000000000000000000              0.00000000000000000000 
 3              0.00000000000000000000              0.00000000000000000000              0.00000000000000000000              0.00000000000000000000              0.00000000000000000000              0.00000000000000000000 
 4              0.00000000000000000000              0.00000000000000000000              0.00000000000000000000              0.00000000000000000000              0.00000000000000000000              0.00000000000000000000 
 5             -0.00077851088506050096             -0.00047733331490240822             -0.00001371262547962532              0.00011480570210544373             -0.00018650251108583629              0.00000000000003089256 
 6             -0.00077851088506050096             -0.00047733331471408718              0.00002046766327390911              0.00011480570203510783             -0.00017112791822740227              0.00000000000003089256 
 7             -0.00077851088487217981             -0.00047733331471408718             -0.00000536926071124187              0.00012009601673299148             -0.00017112791834220716              0.00000000000003089256 
 8             -0.00077851088487217981             -0.00047733331490240822             -0.00003406761933777333              0.00012009601677982476             -0.00018650251114456760              0.00000000000003089256 
 10             -0.00169157570941899085             -0.00113529238127943878             -0.00001892583818867408              0.00010401463170070872             -0.00013246871011185940              0.00000000000003481854 
 11             -0.00169157570941899085             -0.00113529238106718495              0.00003429380688218873              0.00010401463165813888             -0.00012936440787938817              0.00000000000003481854 
 12             -0.00169157570920673702             -0.00113529238106718495             -0.00000745141620911914              0.00010637806826829403             -0.00012936440793847313              0.00000000000003481854 
 13             -0.00169157570920673702             -0.00113529238127943878             -0.00004962138300401530              0.00010637806828152922             -0.00013246871011123360              0.00000000000003481854 
 15             -0.00218479863559322340             -0.00158673669268228658             -0.00001926256961899325              0.00005411972577111514             -0.00005944618758528660              0.00000000000003179872 
 16             -0.00218479863559322340             -0.00158673669248844164              0.00003901692686335512              0.00005411972576423662             -0.00005693986034853093              0.00000000000003179872 
 17             -0.00218479863539937846             -0.00158673669248844164             -0.00000775726687832270              0.00005668399836474320             -0.00005693986035628467              0.00000000000003179872 
 18             -0.00218479863539937846             -0.00158673669268228658             -0.00005472874881460175              0.00005668399837099003             -0.00005944618759194720              0.00000000000003179872 
 118             -0.00085553740179611533             -0.00052838973940291974             -0.00003398102370919635              0.00015765573951343338             -0.00023275948450131900              0.00000000000003128516 
 128             -0.00094658262924132014             -0.00059103475812136369             -0.00003538443575823388              0.00018345626629757665             -0.00026318700875665508              0.00000000000003167776 
 138             -0.00104625795179390333             -0.00066114953737312395             -0.00003780116527333422              0.00019854966166628368             -0.00028009698150512861              0.00000000000003207036 
 148             -0.00115027246965255874             -0.00073531168901070450             -0.00004056002037903430              0.00020601652971571384             -0.00028740132122953262              0.00000000000003246295 
 158             -0.00125563986614961971             -0.00081121703310951549             -0.00004333072593129271              0.00020817806663504039             -0.00028759267897860780              0.00000000000003285555 
 168             -0.00135980236816264839             -0.00088696817458777818             -0.00004610288325313342              0.00020516703849815160             -0.00028080632992175841              0.00000000000003324815 
 178             -0.00146003642823552631             -0.00096053040883817818             -0.00004871499611951982              0.00019583036680577000             -0.00026563036488784616              0.00000000000003364075 
 188             -0.00155240691191695828             -0.00102898963927490809             -0.00005051165827897589              0.00017710709164523485             -0.00023755544424827258              0.00000000000003403335 
 198             -0.00163160013877994520             -0.00108860692508830695             -0.00005091082784029802              0.00014746285460985329             -0.00019355325188809484              0.00000000000003442594 
