 1              0.00000000000000000000              0.00000000000000000000              0.00000000000000000000              0.00000000000000000000              0.00000000000000000000              0.00000000000000000000 
 2              0.00000000000000000000              0.00000000000000000000              0.00000000000000000000              0.00000000000000000000              0.00000000000000000000              0.00000000000000000000 
 3              0.00000000000000000000              0.00000000000000000000              0.00000000000000000000              0.00000000000000000000              0.00000000000000000000              0.00000000000000000000 
 4              0.00000000000000000000              0.00000000000000000000              0.00000000000000000000              0.00000000000000000000              0.00000000000000000000              0.00000000000000000000 
 5             -0.00006818767473040793              0.00004408870592200784             -0.00002985115811699237             -0.00001278618666595393             -0.00001748658930818516              0.00000000000000000295 
 6             -0.00006818767473040793              0.00004408870592202583             -0.00002831662988703098             -0.00001278618666600868             -0.00001749336427267257              0.00000000000000000295 
 7             -0.00006818767473038993              0.00004408870592202583             -0.00002677484957403655             -0.00001279091677011122             -0.00001749336427272845              0.00000000000000000295 
 8             -0.00006818767473038993              0.00004408870592200784             -0.00002830751420179248             -0.00001279091677005929             -0.00001748658930823856              0.00000000000000000295 
 10             -0.00013753903362203314              0.00010544758318746915             -0.00004944241598838585             -0.00001096643740754038             -0.00000934829963024697              0.00000000000000000369 
 11             -0.00013753903362203314              0.00010544758318749165             -0.00004731137189406506             -0.00001096643740755986             -0.00000934957120845083              0.00000000000000000369 
 12             -0.00013753903362201064              0.00010544758318749165             -0.00004490926415430023             -0.00001096744282306079             -0.00000934957120847284              0.00000000000000000369 
 13             -0.00013753903362201064              0.00010544758318746915             -0.00004703770251356109             -0.00001096744282304212             -0.00000934829963026836              0.00000000000000000369 
 15             -0.00015926898083936294              0.00014516338278466911             -0.00005906584171740060             -0.00000569695027520057             -0.00000232936937213685              0.00000000000000000424 
 16             -0.00015926898083936294              0.00014516338278469491             -0.00005682808531370411             -0.00000569695027520376             -0.00000233041337636410              0.00000000000000000424 
 17             -0.00015926898083933714              0.00014516338278469491             -0.00005414020154913156             -0.00000569728312218655             -0.00000233041337636759              0.00000000000000000424 
 18             -0.00015926898083933714              0.00014516338278466911             -0.00005637533313551746             -0.00000569728312218351             -0.00000232936937214033              0.00000000000000000424 
 118             -0.00007500240809181944              0.00004923521978513729             -0.00003018115806697758             -0.00001525264071407862             -0.00001966598714871387              0.00000000000000000303 
 128             -0.00008249265578025797              0.00005517468537601034             -0.00003205439281163875             -0.00001712682640064317             -0.00002118034099652359              0.00000000000000000310 
 138             -0.00009041516386535288              0.00006169219841680519             -0.00003392725800534202             -0.00001841343801636395             -0.00002202961087804982              0.00000000000000000317 
 148             -0.00009852666711968226              0.00006857284764156963             -0.00003579979164945572             -0.00001911248658484691             -0.00002221377274629395              0.00000000000000000325 
 158             -0.00010658388085504703              0.00007560172865361093             -0.00003767206618911434             -0.00001922396090460898             -0.00002173270504165589              0.00000000000000000332 
 168             -0.00011434346239720367              0.00008256392277336915             -0.00003954448620974065             -0.00001874785599678050             -0.00002058633473902961              0.00000000000000000340 
 178             -0.00012156209250345107              0.00008924452455431199             -0.00004141722453965256             -0.00001768418969894115             -0.00001877474011507279              0.00000000000000000347 
 188             -0.00012799645155722928              0.00009542862195406797             -0.00004329031580055179             -0.00001603293016032316             -0.00001629788457860201              0.00000000000000000354 
 198             -0.00013340321049090553              0.00010090128870517827             -0.00004516379424139346             -0.00001379403376951638             -0.00001315575258746167              0.00000000000000000362 
