 1              0.00000000000000000000              0.00000000000000000000              0.00000000000000000000              0.00000000000000000000              0.00000000000000000000              0.00000000000000000000 
 2              0.00000000000000000000              0.00000000000000000000              0.00000000000000000000              0.00000000000000000000              0.00000000000000000000              0.00000000000000000000 
 3              0.00000000000000000000              0.00000000000000000000              0.00000000000000000000              0.00000000000000000000              0.00000000000000000000              0.00000000000000000000 
 4              0.00000000000000000000              0.00000000000000000000              0.00000000000000000000              0.00000000000000000000              0.00000000000000000000              0.00000000000000000000 
 5             -0.00012763707070131391              0.00008138939824413403             -0.00003232543911151864             -0.00002729125061726418             -0.00003481945757746085             -0.00000000000000055272 
 6             -0.00012763707070131391              0.00008138939824076465             -0.00002861743317011466             -0.00002729125061609599             -0.00003469844024306949             -0.00000000000000055272 
 7             -0.00012763707070468329              0.00008138939824076465             -0.00002414790893545579             -0.00002711689554372338             -0.00003469844024020621             -0.00000000000000055272 
 8             -0.00012763707070468329              0.00008138939824413403             -0.00002789316736558811             -0.00002711689554525443             -0.00003481945757507495             -0.00000000000000055272 
 10             -0.00028282943615090712              0.00023906446383977948             -0.00005353249350054340             -0.00003434527790874182             -0.00002496026904932050             -0.00000000000000161724 
 11             -0.00028282943615090712              0.00023906446382992083             -0.00004798137180484922             -0.00003434527790724998             -0.00002490845193593186             -0.00000000000000161724 
 12             -0.00028282943616076577              0.00023906446382992083             -0.00004049653621234995             -0.00003410679662381866             -0.00002490845193335231             -0.00000000000000161724 
 13             -0.00028282943616076577              0.00023906446383977948             -0.00004608400095009101             -0.00003410679662541569             -0.00002496026904671496             -0.00000000000000161724 
 15             -0.00036437048198817516              0.00039202637850895618             -0.00006347841592842207             -0.00002276723704817243             -0.00001034670534735269             -0.00000000000000170955 
 16             -0.00036437048198817516              0.00039202637849853483             -0.00005737713958348046             -0.00002276723704704013             -0.00001025948445256130             -0.00000000000000170955 
 17             -0.00036437048199859651              0.00039202637849853483             -0.00004860608453681665             -0.00002230202924540979             -0.00001025948445097156             -0.00000000000000170955 
 18             -0.00036437048199859651              0.00039202637850895618             -0.00005475459753303347             -0.00002230202924676767             -0.00001034670534581794             -0.00000000000000170955 
 118             -0.00014151501918010731              0.00009275916972921909             -0.00002968013732301001             -0.00003473146680515192             -0.00004074936126795435             -0.00000000000000065917 
 128             -0.00015722780542888878              0.00010657529302134997             -0.00003150666502862300             -0.00004055018877433836             -0.00004490380809092055             -0.00000000000000076562 
 138             -0.00017418249331529862              0.00012224227530424151             -0.00003333716379779985             -0.00004487668155122829             -0.00004756362493465590             -0.00000000000000087207 
 148             -0.00019184458332409624              0.00013922702918107947             -0.00003516696453583007             -0.00004775586907204022             -0.00004877195244573037             -0.00000000000000097852 
 158             -0.00020968321485749728              0.00015700021568798700             -0.00003699627090839237             -0.00004918789747895011             -0.00004852893287124198             -0.00000000000000108498 
 168             -0.00022716745604815138              0.00017503252769825986             -0.00003882573284838149             -0.00004917285510562430             -0.00004683411346197334             -0.00000000000000119143 
 178             -0.00024376630814930037              0.00019279474862546949             -0.00004065577756796378             -0.00004771101930891711             -0.00004368757475178214             -0.00000000000000129788 
 188             -0.00025894881796593045              0.00020975769772123724             -0.00004248656982201503             -0.00004480237390470840             -0.00003908947423738578             -0.00000000000000140433 
 198             -0.00027217610874865510              0.00022538459548384905             -0.00004430970991225287             -0.00004037224644066828             -0.00003296101923070160             -0.00000000000000151078 
