 1              0.00000000000000000000              0.00000000000000000000              0.00000000000000000000              0.00000000000000000000              0.00000000000000000000              0.00000000000000000000 
 2              0.00000000000000000000              0.00000000000000000000              0.00000000000000000000              0.00000000000000000000              0.00000000000000000000              0.00000000000000000000 
 3              0.00000000000000000000              0.00000000000000000000              0.00000000000000000000              0.00000000000000000000              0.00000000000000000000              0.00000000000000000000 
 4              0.00000000000000000000              0.00000000000000000000              0.00000000000000000000              0.00000000000000000000              0.00000000000000000000              0.00000000000000000000 
 5              0.00010872638848331938             -0.00007658045973186837             -0.00002681291654879893              0.00002738489316875055              0.00001697297888923119             -0.00000000000000053342 
 6              0.00010872638848331938             -0.00007658045973512008             -0.00002854551716651595              0.00002738489317377886              0.00001662432463545442             -0.00000000000000053342 
 7              0.00010872638848006767             -0.00007658045973512008             -0.00003116351993918495              0.00002713250920527113              0.00001662432463965453             -0.00000000000000053342 
 8              0.00010872638848006767             -0.00007658045973186837             -0.00002948845049834666              0.00002713250920072785              0.00001697297889289390             -0.00000000000000053342 
 10              0.00012611138196325848             -0.00022393864497484282             -0.00004493271968047014              0.00001990904231167235              0.00000588120553283034              0.00000000000000066891 
 11              0.00012611138196325848             -0.00022393864497076513             -0.00004748196026261832              0.00001990904231360613              0.00000583349431375351              0.00000000000000066891 
 12              0.00012611138196733616             -0.00022393864497076513             -0.00005128347452166503              0.00001996578992821986              0.00000583349431488223              0.00000000000000066891 
 13              0.00012611138196733616             -0.00022393864497484282             -0.00004871193775145734              0.00001996578992690965              0.00000588120553299463              0.00000000000000066891 
 15              0.00018185548399546594             -0.00025701654296409853             -0.00005413643756950501              0.00000222738215041126              0.00001032575548109317              0.00000000000000048205 
 16              0.00018185548399546594             -0.00025701654296115991             -0.00005722835404058223              0.00000222738215064350              0.00001031668316491731              0.00000000000000048205 
 17              0.00018185548399840451             -0.00025701654296115991             -0.00006111536794820679              0.00000215993768793314              0.00001031668316524422              0.00000000000000048205 
 18              0.00018185548399840451             -0.00025701654296409853             -0.00005800312397220049              0.00000215993768769224              0.00001032575548143151              0.00000000000000048205 
 118              0.00011400112119705774             -0.00008814026828182423             -0.00003140473599418301              0.00003565450331379760              0.00001207757295493115             -0.00000000000000041318 
 128              0.00011769551229936846             -0.00010237582455476837             -0.00003333872238499634              0.00004182914098282372              0.00000828014154882558             -0.00000000000000029295 
 138              0.00012015568679058902             -0.00011849505351957420             -0.00003526020135677041              0.00004598563448336473              0.00000529928669296065             -0.00000000000000017272 
 148              0.00012166317887723749             -0.00013577769076476839             -0.00003716966756031385              0.00004819339385014556              0.00000306737097446252             -0.00000000000000005249 
 158              0.00012248985764306552             -0.00015351301646293348             -0.00003907416550021709              0.00004845956745441425              0.00000157833372758755              0.00000000000000006775 
 168              0.00012290932035308419             -0.00017098929266649068             -0.00004098063334610976              0.00004677793938901931              0.00000083964862448077              0.00000000000000018798 
 178              0.00012319531760004732             -0.00018749476927396426             -0.00004289659894342864              0.00004314919354961205              0.00000085164548461681              0.00000000000000030821 
 188              0.00012362525405634601             -0.00020231496510542967             -0.00004482872386130353              0.00003756077139007181              0.00000162923977428288              0.00000000000000042844 
 198              0.00012448393535098687             -0.00021472793087145458             -0.00004677847342878120              0.00002995835136709405              0.00000321991566914982              0.00000000000000054868 
