 1              0.00000000000000000000              0.00000000000000000000              0.00000000000000000000              0.00000000000000000000              0.00000000000000000000              0.00000000000000000000 
 2              0.00000000000000000000              0.00000000000000000000              0.00000000000000000000              0.00000000000000000000              0.00000000000000000000              0.00000000000000000000 
 3              0.00000000000000000000              0.00000000000000000000              0.00000000000000000000              0.00000000000000000000              0.00000000000000000000              0.00000000000000000000 
 4              0.00000000000000000000              0.00000000000000000000              0.00000000000000000000              0.00000000000000000000              0.00000000000000000000              0.00000000000000000000 
 5              0.00003362725048091452             -0.00004452037171071656             -0.00002709855619808567              0.00001163110280434239              0.00001081806349075885             -0.00000000000000001512 
 6              0.00003362725048091452             -0.00004452037171080873             -0.00002848182574147147              0.00001163110280424568              0.00001080532396978768             -0.00000000000000001512 
 7              0.00003362725048082234             -0.00004452037171080873             -0.00002956622478224806              0.00001162137841957521              0.00001080532396970043             -0.00000000000000001512 
 8              0.00003362725048082234             -0.00004452037171071656             -0.00002817928699919564              0.00001162137841967668              0.00001081806349066273             -0.00000000000000001512 
 10              0.00009044425679875750             -0.00009213697675757257             -0.00004533607476154187              0.00000683641097618048              0.00001037561759208290             -0.00000000000000001161 
 11              0.00009044425679875750             -0.00009213697675764337             -0.00004752884012318465              0.00000683641097613705              0.00001037256729452840             -0.00000000000000001161 
 12              0.00009044425679868670             -0.00009213697675764337             -0.00004907483251459028              0.00000683415401667233              0.00001037256729448213             -0.00000000000000001161 
 13              0.00009044425679868670             -0.00009213697675757257             -0.00004687702503803888              0.00000683415401671680              0.00001037561759203732             -0.00000000000000001161 
 15              0.00012757501270802858             -0.00011026890175340912             -0.00005458392993593436              0.00000217104271720052              0.00000529126999040201             -0.00000000000000001119 
 16              0.00012757501270802858             -0.00011026890175347737             -0.00005704244522995372              0.00000217104271719617              0.00000529006665310879             -0.00000000000000001119 
 17              0.00012757501270796033             -0.00011026890175347737             -0.00005869173807636912              0.00000216955137431261              0.00000529006665310354             -0.00000000000000001119 
 18              0.00012757501270796033             -0.00011026890175340912             -0.00005622821534079666              0.00000216955137431730              0.00000529126999039688             -0.00000000000000001119 
 118              0.00003808168328288641             -0.00004907166737348263             -0.00003005053762008219              0.00001318962906970983              0.00001344028961305415             -0.00000000000000001477 
 128              0.00004338683225780329             -0.00005411340472274146             -0.00003192077151083134              0.00001430312853130980              0.00001546982211727020             -0.00000000000000001442 
 138              0.00004932590814099058             -0.00005947923894678403             -0.00003379020850600054              0.00001496180073347224              0.00001690666336364260             -0.00000000000000001407 
 148              0.00005568214076412492             -0.00006500280145350035             -0.00003565898537502133              0.00001516558141606263              0.00001775087008785640             -0.00000000000000001372 
 158              0.00006223873347875904             -0.00007051765749081604             -0.00003752731805149738              0.00001491414503404708              0.00001800226864133159             -0.00000000000000001337 
 168              0.00006877899141282292             -0.00007585732603418522             -0.00003939582047961846              0.00001420769869354424              0.00001766158529243070             -0.00000000000000001302 
 178              0.00007508632952831893             -0.00008085543232606046             -0.00004126487840761503              0.00001304648742473141              0.00001672864196640861             -0.00000000000000001267 
 188              0.00008094410067457189             -0.00008534564098873579             -0.00004313464442776694              0.00001143046683636573              0.00001520330252727664             -0.00000000000000001231 
 198              0.00008613562456328380             -0.00008916159778691802             -0.00004500528170395408              0.00000935965494063371              0.00001308558760070708             -0.00000000000000001196 
