 1              0.00000000000000000000              0.00000000000000000000              0.00000000000000000000              0.00000000000000000000              0.00000000000000000000              0.00000000000000000000 
 2              0.00000000000000000000              0.00000000000000000000              0.00000000000000000000              0.00000000000000000000              0.00000000000000000000              0.00000000000000000000 
 3              0.00000000000000000000              0.00000000000000000000              0.00000000000000000000              0.00000000000000000000              0.00000000000000000000              0.00000000000000000000 
 4              0.00000000000000000000              0.00000000000000000000              0.00000000000000000000              0.00000000000000000000              0.00000000000000000000              0.00000000000000000000 
 5              0.00006542386213143758             -0.00002163312630137886             -0.00002611664861883880              0.00000721709763369999              0.00002167314203470805              0.00000000000000000414 
 6              0.00006542386213143758             -0.00002163312630135362             -0.00002946483165305902              0.00000721709763364970              0.00002166281362277525              0.00000000000000000414 
 7              0.00006542386213146282             -0.00002163312630135362             -0.00003050978240123636              0.00000721207352968510              0.00002166281362272108              0.00000000000000000414 
 8              0.00006542386213146282             -0.00002163312630137886             -0.00002715983297889036              0.00000721207352973515              0.00002167314203465365              0.00000000000000000414 
 10              0.00018711608471205443             -0.00006165267781819147             -0.00004354853021696742              0.00000803635698172221              0.00002576439425636601              0.00000000000000000702 
 11              0.00018711608471205443             -0.00006165267781814867             -0.00004909736072040893              0.00000803635698199952              0.00002577803154335509              0.00000000000000000702 
 12              0.00018711608471209726             -0.00006165267781814867             -0.00005080420182599139              0.00000803771329442054              0.00002577803154341980              0.00000000000000000702 
 13              0.00018711608471209726             -0.00006165267781819147             -0.00004525289739172733              0.00000803771329418540              0.00002576439425650546              0.00000000000000000702 
 15              0.00029725542995459847             -0.00009407202555888705             -0.00005236164829674782              0.00000472427639925793              0.00001660705361504320              0.00000000000000020052 
 16              0.00029725542995459847             -0.00009407202555766470             -0.00005878778473105753              0.00000472427639975004              0.00001674205361252284              0.00000000000000020052 
 17              0.00029725542995582080             -0.00009407202555766470             -0.00006073909731578231              0.00000474148648523600              0.00001674205361268931              0.00000000000000020052 
 18              0.00029725542995582080             -0.00009407202555888705             -0.00005431448046232447              0.00000474148648480643              0.00001660705361532511              0.00000000000000020052 
 118              0.00007440419646994105             -0.00002462577291736261             -0.00002896981724887919              0.00000908558352899050              0.00002724083550430144              0.00000000000000000443 
 128              0.00008521129569078512             -0.00002823088760154071             -0.00003077937270762489              0.00001056109134561181              0.00003166202184751909              0.00000000000000000472 
 138              0.00009742582387090166             -0.00003230290127246657             -0.00003258854176175507              0.00001163862112721682              0.00003493675870193479              0.00000000000000000500 
 148              0.00011062846081435096             -0.00003669625024667207             -0.00003439736454631063              0.00001231817391774295              0.00003706506783326729              0.00000000000000000529 
 158              0.00012439989930687682             -0.00004126537751866958             -0.00003620591913541604              0.00001259981047116332              0.00003804706517126836              0.00000000000000000558 
 168              0.00013832091205507300             -0.00004586473858324791             -0.00003801461188969900              0.00001248344600425329              0.00003788292175135423              0.00000000000000000587 
 178              0.00015197226984816795             -0.00005034873046863673             -0.00003982361601470718              0.00001196897916804389              0.00003657257603638617              0.00000000000000000616 
 188              0.00016493473776646266             -0.00005457176087940171             -0.00004163297347669752              0.00001105650015536353              0.00003411602876269924              0.00000000000000000645 
 198              0.00017678908549723617             -0.00005838826026406467             -0.00004344271793300133              0.00000974604561351797              0.00003051330350551163              0.00000000000000000673 
