 1              0.00000000000000000000              0.00000000000000000000              0.00000000000000000000              0.00000000000000000000              0.00000000000000000000              0.00000000000000000000 
 2              0.00000000000000000000              0.00000000000000000000              0.00000000000000000000              0.00000000000000000000              0.00000000000000000000              0.00000000000000000000 
 3              0.00000000000000000000              0.00000000000000000000              0.00000000000000000000              0.00000000000000000000              0.00000000000000000000              0.00000000000000000000 
 4              0.00000000000000000000              0.00000000000000000000              0.00000000000000000000              0.00000000000000000000              0.00000000000000000000              0.00000000000000000000 
 5              0.00084061834252801063              0.00115121833997916252              0.00000801701306569279             -0.00026474995211831577              0.00018281989614023542             -0.00000000000003508039 
 6              0.00084061834252801063              0.00115121833976531232             -0.00002764267424244506             -0.00026474995224843239              0.00019940072875700149             -0.00000000000003508039 
 7              0.00084061834231416064              0.00115121833976531232              0.00001996921825594351             -0.00023225105066717496              0.00019940072865385928             -0.00000000000003508039 
 8              0.00084061834231416064              0.00115121833997916252              0.00006872244869938399             -0.00023225105042767231              0.00018281989596152348             -0.00000000000003508039 
 10              0.00188566992863395269              0.00245163869539792795              0.00001618402073830544             -0.00019571329313322619              0.00015066771571072089             -0.00000000000004619276 
 11              0.00188566992863395269              0.00245163869511633723             -0.00004041030178168529             -0.00019571329321130750              0.00015987149057681240             -0.00000000000004619276 
 12              0.00188566992835236154              0.00245163869511633723              0.00003588150638493687             -0.00018084482451824821              0.00015987149050847210             -0.00000000000004619276 
 13              0.00188566992835236154              0.00245163869539792795              0.00010862768475275652             -0.00018084482437997915              0.00015066771559446452             -0.00000000000004619276 
 15              0.00253241757931532436              0.00322761654892992321              0.00002464171571872132             -0.00009321647531085835              0.00007555781452634787             -0.00000000000004790111 
 16              0.00253241757931532436              0.00322761654863791807             -0.00003949115991152965             -0.00009321647532409344              0.00007743204210396047             -0.00000000000004790111 
 17              0.00253241757902331922              0.00322761654863791807              0.00004643622352759558             -0.00009001746803609004              0.00007743204209244944             -0.00000000000004790111 
 18              0.00253241757902331922              0.00322761654892992321              0.00012727204455415276             -0.00009001746802264296              0.00007555781451452612             -0.00000000000004790111 
 118              0.00091926246480500125              0.00125068505775833964              0.00007677279122686674             -0.00030938460835099252              0.00024541189787967346             -0.00000000000003619163 
 128              0.00101793034999097761              0.00137477151455285443              0.00008241872175139661             -0.00036688534007420546              0.00029232585402971773             -0.00000000000003730286 
 138              0.00113090567239903768              0.00151629089445555281              0.00008567402890052498             -0.00040475297871824271              0.00032363029908500507             -0.00000000000003841410 
 148              0.00125247857006983965              0.00166808934909125415              0.00008659759539272979             -0.00042312236968315936              0.00033936417216387770             -0.00000000000003952534 
 158              0.00137726888314340288              0.00182354473091597951              0.00008600692089597456             -0.00042530993712400412              0.00034162968035557703             -0.00000000000004063657 
 168              0.00150118229821709489              0.00197772362067001389              0.00008590515711316598             -0.00041560332096059221              0.00033416153099937633             -0.00000000000004174781 
 178              0.00161961434291260707              0.00212479549799845591              0.00008800530910560452             -0.00038642993704758279              0.00031161788250031228             -0.00000000000004285905 
 188              0.00172696664898617331              0.00225760419836294876              0.00009247907789613803             -0.00033757926150094109              0.00027357623895909327             -0.00000000000004397029 
 198              0.00181755462605686074              0.00236895273703337629              0.00009934917165350746             -0.00026905115991437707              0.00021994712312926301             -0.00000000000004508152 
