 1              0.00000000000000000000              0.00000000000000000000              0.00000000000000000000              0.00000000000000000000              0.00000000000000000000              0.00000000000000000000 
 2              0.00000000000000000000              0.00000000000000000000              0.00000000000000000000              0.00000000000000000000              0.00000000000000000000              0.00000000000000000000 
 3              0.00000000000000000000              0.00000000000000000000              0.00000000000000000000              0.00000000000000000000              0.00000000000000000000              0.00000000000000000000 
 4              0.00000000000000000000              0.00000000000000000000              0.00000000000000000000              0.00000000000000000000              0.00000000000000000000              0.00000000000000000000 
 5             -0.00000863953430850154             -0.00000356465379378815             -0.00002847363265983764              0.00000133322892029177             -0.00000313626136079219             -0.00000000000000000167 
 6             -0.00000863953430850154             -0.00000356465379379833             -0.00002793733145537680              0.00000133322892029218             -0.00000313843066406961             -0.00000000000000000167 
 7             -0.00000863953430851172             -0.00000356465379379833             -0.00002811713271313127              0.00000133217785008940             -0.00000313843066406953             -0.00000000000000000167 
 8             -0.00000863953430851172             -0.00000356465379378815             -0.00002865344341231798              0.00000133217785009082             -0.00000313626136079071             -0.00000000000000000167 
 10             -0.00002769585492746511             -0.00001133219293350007             -0.00004746031411705799              0.00000141458459852540             -0.00000424187191277159             -0.00000000000000000184 
 11             -0.00002769585492746511             -0.00001133219293351127             -0.00004655342539067714              0.00000141458459852681             -0.00000424236480350894             -0.00000000000000000184 
 12             -0.00002769585492747631             -0.00001133219293351127             -0.00004684141620939367              0.00000141424220512526             -0.00000424236480350813             -0.00000000000000000184 
 13             -0.00002769585492747631             -0.00001133219293350007             -0.00004774838981798286              0.00000141424220512435             -0.00000424187191277025             -0.00000000000000000184 
 15             -0.00004637978058397337             -0.00001615305219215941             -0.00005694156444552510              0.00000066949999652152             -0.00000289573639585215             -0.00000000000000000160 
 16             -0.00004637978058397337             -0.00001615305219216915             -0.00005588662990290389              0.00000066949999652213             -0.00000289597486021805             -0.00000000000000000160 
 17             -0.00004637978058398311             -0.00001615305219216915             -0.00005620820373764335              0.00000066941467310421             -0.00000289597486021773             -0.00000000000000000160 
 18             -0.00004637978058398311             -0.00001615305219215941             -0.00005726322945668934              0.00000066941467310363             -0.00000289573639585175             -0.00000000000000000160 
 118             -0.00000996262252142110             -0.00000413026543340740             -0.00003056314271296000              0.00000174561518114259             -0.00000406806977915692             -0.00000000000000000169 
 128             -0.00001159316806361681             -0.00000483062799349790             -0.00003247271425670682              0.00000206900707369771             -0.00000481745886323775             -0.00000000000000000170 
 138             -0.00001346445003122196             -0.00000563280817337083             -0.00003438216763501727              0.00000230236184698546             -0.00000538443195981798             -0.00000000000000000172 
 148             -0.00001550974524726244             -0.00000650387519967558             -0.00003629151530760600              0.00000244568864282566             -0.00000576896345255428             -0.00000000000000000174 
 158             -0.00001766229599678652             -0.00000741090063191293             -0.00003820079520254769              0.00000249895881218949             -0.00000597085418019472             -0.00000000000000000175 
 168             -0.00001985524836135009             -0.00000832092131479370             -0.00004011009178516912              0.00000246208622518020             -0.00000598992394650530             -0.00000000000000000177 
 178             -0.00002202180253636587             -0.00000920099127439139             -0.00004201948411126705              0.00000233519007315765             -0.00000582653543709742             -0.00000000000000000179 
 188             -0.00002409523538525717             -0.00001001818261428530             -0.00004392899277649794              0.00000211826050926746             -0.00000548073057096278             -0.00000000000000000180 
 198             -0.00002600882640639226             -0.00001073956290045926             -0.00004583862575046614              0.00000181128525234753             -0.00000495250956925116             -0.00000000000000000182 
