 1              0.00000000000000000000              0.00000000000000000000              0.00000000000000000000              0.00000000000000000000              0.00000000000000000000              0.00000000000000000000 
 2              0.00000000000000000000              0.00000000000000000000              0.00000000000000000000              0.00000000000000000000              0.00000000000000000000              0.00000000000000000000 
 3              0.00000000000000000000              0.00000000000000000000              0.00000000000000000000              0.00000000000000000000              0.00000000000000000000              0.00000000000000000000 
 4              0.00000000000000000000              0.00000000000000000000              0.00000000000000000000              0.00000000000000000000              0.00000000000000000000              0.00000000000000000000 
 5              0.00068398230843703164              0.00006678569853468084             -0.00000159549966042798             -0.00000769850182414167              0.00015173273192814181             -0.00000000000001615165 
 6              0.00068398230843703164              0.00006678569843622038             -0.00002850478266409494             -0.00000769850183196136              0.00016940502031440708             -0.00000000000001615165 
 7              0.00068398230833857112              0.00006678569843622038             -0.00002955008807883663             -0.00000769092682849729              0.00016940502032217720             -0.00000000000001615165 
 8              0.00068398230833857112              0.00006678569853468084             -0.00000297322411844984             -0.00000769092681920005              0.00015173273191119093             -0.00000000000001615165 
 10              0.00147041165796507806              0.00005093482790648481             -0.00000417023786275358              0.00001150331247537946              0.00011692605689656076             -0.00000000000000369721 
 11              0.00147041165796507806              0.00005093482788394662             -0.00004597964103897806              0.00001150331248184970              0.00012573704328931428             -0.00000000000000369721 
 12              0.00147041165794253967              0.00005093482788394662             -0.00004858279308155825              0.00001152768788623343              0.00012573704329778781             -0.00000000000000369721 
 13              0.00147041165794253967              0.00005093482790648481             -0.00000619371790397535              0.00001152768787873253              0.00011692605686758392             -0.00000000000000369721 
 15              0.00194583895047163204             -0.00003503640529809388             -0.00000514698637802030              0.00001209365639272644              0.00005806438915145328             -0.00000000000000123154 
 16              0.00194583895047163204             -0.00003503640530560134             -0.00005221938999300632              0.00001209365639742157              0.00006041839883083357             -0.00000000000000123154 
 17              0.00194583895046412459             -0.00003503640530560134             -0.00005571634502828231              0.00001223221399336170              0.00006041839883512580             -0.00000000000000123154 
 18              0.00194583895046412459             -0.00003503640529809388             -0.00000820515454217302              0.00001223221398868150              0.00005806438915667906             -0.00000000000000123154 
 118              0.00074769174329337290              0.00006887802693234015             -0.00000174370335086701             -0.00000379310253301705              0.00019508807964996365             -0.00000000000001490621 
 128              0.00082469199329594908              0.00006965602261159906             -0.00000175822601886152             -0.00000051256131242760              0.00022441218989244772             -0.00000000000001366076 
 138              0.00091002233352642232              0.00006936197424002190             -0.00000279595526006970              0.00000204377137605055              0.00024066181915519109             -0.00000000000001241532 
 148              0.00099950731160546925              0.00006827595161011706             -0.00000427261005810312              0.00000380300498590894              0.00024756910241011511             -0.00000000000001116988 
 158              0.00109041888272649922              0.00006661189408655431             -0.00000577078539197127              0.00000526446937930675              0.00024859822446120461             -0.00000000000000992443 
 168              0.00118067150255706617              0.00006444767491701683             -0.00000726833180559824              0.00000654547650511941              0.00024395531914624379             -0.00000000000000867899 
 178              0.00126794625109632152              0.00006180146212204712             -0.00000856230913128918              0.00000792163046315303              0.00023181892545357113             -0.00000000000000743354 
 188              0.00134857054512354082              0.00005863608897803390             -0.00000900189749463694              0.00000934788359489763              0.00020750000752322087             -0.00000000000000618810 
 198              0.00141777272758847957              0.00005498438373011544             -0.00000825958442228547              0.00001055735163360974              0.00016935706520237903             -0.00000000000000494265 
