 1              0.00000000000000000000              0.00000000000000000000              0.00000000000000000000              0.00000000000000000000              0.00000000000000000000              0.00000000000000000000 
 2              0.00000000000000000000              0.00000000000000000000              0.00000000000000000000              0.00000000000000000000              0.00000000000000000000              0.00000000000000000000 
 3              0.00000000000000000000              0.00000000000000000000              0.00000000000000000000              0.00000000000000000000              0.00000000000000000000              0.00000000000000000000 
 4              0.00000000000000000000              0.00000000000000000000              0.00000000000000000000              0.00000000000000000000              0.00000000000000000000              0.00000000000000000000 
 5              0.00068028682874748947             -0.00035381061418183151              0.00000108959766213646              0.00007459208410646945              0.00015871568020180452              0.00000000000000330651 
 6              0.00068028682874748947             -0.00035381061416167500             -0.00002062322424418536              0.00007459208414584968              0.00017004845725674124              0.00000000000000330651 
 7              0.00068028682876764587             -0.00035381061416167500             -0.00002899887205035006              0.00007568590934998670              0.00017004845728806810              0.00000000000000330651 
 8              0.00068028682876764587             -0.00035381061418183151             -0.00000907497932906587              0.00007568590930498387              0.00015871568021295852              0.00000000000000330651 
 10              0.00149552166128650373             -0.00067468141878658397              0.00000252366553715343              0.00003621196150097335              0.00008287302840006402              0.00000000000002437730 
 11              0.00149552166128650373             -0.00067468141863797997             -0.00002897101337116318              0.00003621196151371169              0.00009041465901817460              0.00000000000002437730 
 12              0.00149552166143510795             -0.00067468141863797997             -0.00004064375053958346              0.00003565890699981631              0.00009041465903061604              0.00000000000002437730 
 13              0.00149552166143510795             -0.00067468141878658397             -0.00001013914716697042              0.00003565890697607340              0.00008287302836145295              0.00000000000002437730 
 15              0.00164666438948214331             -0.00076048415171010267             -0.00000533786944423180              0.00000928491697554064              0.00001351015377786543              0.00000000000002527960 
 16              0.00164666438948214331             -0.00076048415155599829             -0.00003674007906699831              0.00000928491697494155              0.00001092483270606234              0.00000000000002527960 
 17              0.00164666438963624790             -0.00076048415155599829             -0.00004894673306386798              0.00000951864348030779              0.00001092483270614804              0.00000000000002527960 
 18              0.00164666438963624790             -0.00076048415171010267             -0.00001850459490736097              0.00000951864348087446              0.00001351015377790505              0.00000000000002527960 
 118              0.00074791849840423279             -0.00038406508642836306             -0.00000759946007874430              0.00008914021065374765              0.00020919343288987245              0.00000000000000541359 
 128              0.00083085932382960667             -0.00041838156433388442             -0.00000767909189996909              0.00009790250169478349              0.00024243351680042820              0.00000000000000752067 
 138              0.00092303804582793004             -0.00045509440896978666             -0.00000900711229121011              0.00010226507404995411              0.00025974491775876196              0.00000000000000962774 
 148              0.00101949331197424028             -0.00049276267730201276             -0.00001076310014621127              0.00010329477917676096              0.00026645727287552762              0.00000000000001173482 
 158              0.00111711046748504887             -0.00053038030216758360             -0.00001252273118018661              0.00010202455393129791              0.00026616874021597700              0.00000000000001384190 
 168              0.00121333397675310638             -0.00056710007588772174             -0.00001424718016459188              0.00009824395914882144              0.00025864096038963119              0.00000000000001594898 
 178              0.00130480951498230450             -0.00060166781299032931             -0.00001540613185711345              0.00009013896069534846              0.00023969426268690203              0.00000000000001805606 
 188              0.00138643012737959723             -0.00063234236300179359             -0.00001525473726276856              0.00007698484767602472              0.00020471640816567061              0.00000000000002016314 
 198              0.00145211654637355148             -0.00065728943060424923             -0.00001353203622220841              0.00005883675000413778              0.00015254933023739329              0.00000000000002227022 
