 1              0.00000000000000000000              0.00000000000000000000              0.00000000000000000000              0.00000000000000000000              0.00000000000000000000              0.00000000000000000000 
 2              0.00000000000000000000              0.00000000000000000000              0.00000000000000000000              0.00000000000000000000              0.00000000000000000000              0.00000000000000000000 
 3              0.00000000000000000000              0.00000000000000000000              0.00000000000000000000              0.00000000000000000000              0.00000000000000000000              0.00000000000000000000 
 4              0.00000000000000000000              0.00000000000000000000              0.00000000000000000000              0.00000000000000000000              0.00000000000000000000              0.00000000000000000000 
 5             -0.00006394325147149159              0.00005763467076820373             -0.00003069882257465189             -0.00001601412923626106             -0.00002046354855986261              0.00000000000000000278 
 6             -0.00006394325147149159              0.00005763467076822070             -0.00002769968037108279             -0.00001601412923631524             -0.00002047091206319868              0.00000000000000000278 
 7             -0.00006394325147147462              0.00005763467076822070             -0.00002592720655379164             -0.00001601892491769953             -0.00002047091206325457              0.00000000000000000278 
 8             -0.00006394325147147462              0.00005763467076820373             -0.00002892447721572490             -0.00001601892491764742             -0.00002046354855991630              0.00000000000000000278 
 10             -0.00017482859168288669              0.00013022205468872730             -0.00005097666943555852             -0.00001217662322237197             -0.00002270709937897500              0.00000000000000000387 
 11             -0.00017482859168288669              0.00013022205468875088             -0.00004606518220405307             -0.00001217662322228829             -0.00002270585586548036              0.00000000000000000387 
 12             -0.00017482859168286311              0.00013022205468875088             -0.00004337513489965365             -0.00001217707170780902             -0.00002270585586542682              0.00000000000000000387 
 13             -0.00017482859168286311              0.00013022205468872730             -0.00004828398313714140             -0.00001217707170790831             -0.00002270709937894168              0.00000000000000000387 
 15             -0.00026906465070995051              0.00017141054032316537             -0.00006088478034126380             -0.00000564251095412362             -0.00001421685445816595              0.00000000000000007977 
 16             -0.00026906465070995051              0.00017141054032365164             -0.00005524323252333286             -0.00000564251095389764             -0.00001415781376345471              0.00000000000000007977 
 17             -0.00026906465070946424              0.00017141054032365164             -0.00005226846906738391             -0.00000562654618301200             -0.00001415781376327983              0.00000000000000007977 
 18             -0.00026906465070946424              0.00017141054032316537             -0.00005790928982906723             -0.00000562654618328601             -0.00001421685445805228              0.00000000000000007977 
 118             -0.00007236316375372985              0.00006401211177821987             -0.00003086106533644472             -0.00001873840301307580             -0.00002540249486275356              0.00000000000000000289 
 128             -0.00008239796257650574              0.00007125810382336299             -0.00003279723926223133             -0.00002076821652734093             -0.00002929385139960721              0.00000000000000000300 
 138             -0.00009366447577205969              0.00007912038881200335             -0.00003473303951102484             -0.00002210832906568726             -0.00003213758703325021              0.00000000000000000311 
 148             -0.00010577952325026331              0.00008734670048263480             -0.00003666850551286252             -0.00002275874283381312             -0.00003393369118902988              0.00000000000000000322 
 158             -0.00011835991421829133              0.00009568477116570700             -0.00003860371447134719             -0.00002271940724384955             -0.00003468206813680305              0.00000000000000000332 
 168             -0.00013102239675011026              0.00010388231517592437             -0.00004053906563407684             -0.00002199037597835203             -0.00003438260290777952              0.00000000000000000343 
 178             -0.00014338373463743654              0.00011168708877863393             -0.00004247472960714793             -0.00002057169387001042             -0.00003303538982866236              0.00000000000000000354 
 188             -0.00015506070209474887              0.00011884682876234558             -0.00004441074611682170             -0.00001846328141570883             -0.00003064041639253373              0.00000000000000000365 
 198             -0.00016567006724986435              0.00012510925071311123             -0.00004634714971514072             -0.00001566509330652481             -0.00002719766773730955              0.00000000000000000376 
