 1              0.00000000000000000000              0.00000000000000000000              0.00000000000000000000              0.00000000000000000000              0.00000000000000000000              0.00000000000000000000 
 2              0.00000000000000000000              0.00000000000000000000              0.00000000000000000000              0.00000000000000000000              0.00000000000000000000              0.00000000000000000000 
 3              0.00000000000000000000              0.00000000000000000000              0.00000000000000000000              0.00000000000000000000              0.00000000000000000000              0.00000000000000000000 
 4              0.00000000000000000000              0.00000000000000000000              0.00000000000000000000              0.00000000000000000000              0.00000000000000000000              0.00000000000000000000 
 5              0.00043285316012459010              0.00047662768159063926             -0.00002142997664192597             -0.00011430606028837505              0.00011441294977133546             -0.00000000000000219812 
 6              0.00043285316012459010              0.00047662768157723950             -0.00003291370900688943             -0.00011430606031673576              0.00011866832670572657             -0.00000000000000219812 
 7              0.00043285316011119034              0.00047662768157723950             -0.00001799967085597420             -0.00010833122474077242              0.00011866832666041276             -0.00000000000000219812 
 8              0.00043285316011119034              0.00047662768159063926             -0.00000476500723729688             -0.00010833122468600235              0.00011441294969450103             -0.00000000000000219812 
 10              0.00105579343376663391              0.00101412330157952028             -0.00003052163053314963             -0.00007678707009338628              0.00005792794335889983              0.00000000000002743204 
 11              0.00105579343376663391              0.00101412330174674588             -0.00004672567028912891             -0.00007678707009939483              0.00006318856883962888              0.00000000000002743204 
 12              0.00105579343393385951              0.00101412330174674588             -0.00002351960116432153             -0.00007429982957389396              0.00006318856882052839              0.00000000000002743204 
 13              0.00105579343393385951              0.00101412330157952028             -0.00000380149042501234             -0.00007429982954666088              0.00005792794329187130              0.00000000000002743204 
 15              0.00109147405577676194              0.00128644074606112978             -0.00003802097838844781             -0.00003440780609918558             -0.00000389119740286687              0.00000000000002490843 
 16              0.00109147405577676194              0.00128644074621297143             -0.00005325164851885918             -0.00003440780609273683             -0.00000552935924069787              0.00000000000002490843 
 17              0.00109147405592860359              0.00128644074621297143             -0.00002744731906508302             -0.00003337050519891858             -0.00000552935923663155              0.00000000000002490843 
 18              0.00109147405592860359              0.00128644074606112978             -0.00000887251836919708             -0.00003337050520596115             -0.00000389119739882956              0.00000000000002490843 
 118              0.00048269036022495043              0.00052157606177893857             -0.00000306717316350372             -0.00013639122931203673              0.00015656238211040732              0.00000000000000076490 
 128              0.00054542000207987427              0.00057520041075594531             -0.00000277692552937523             -0.00015578816589056647              0.00018491214339797480              0.00000000000000372791 
 138              0.00061614937448641689              0.00063438587344808426             -0.00000367091178367240             -0.00016679841780328905              0.00020032929323142844              0.00000000000000669093 
 148              0.00069070858539704036              0.00069631861868429241             -0.00000511460855685084             -0.00017104280326359588              0.00020622961401807612              0.00000000000000965394 
 158              0.00076630193994474611              0.00075901981299624725             -0.00000659663638895316             -0.00017118194946873929              0.00020619188078060599              0.00000000000001261696 
 168              0.00084083790930686742              0.00082105895891621406             -0.00000804179528314680             -0.00016725889117278196              0.00020025498222798823              0.00000000000001557998 
 178              0.00091154109896010842              0.00088049415001501517             -0.00000894725445444521             -0.00015669817733342177              0.00018484400124188342              0.00000000000001854299 
 188              0.00097423760378761287              0.00093455425310473323             -0.00000867039910292132             -0.00013786595568937660              0.00015645211485323631              0.00000000000002150601 
 198              0.00102402271358521335              0.00098015183652884735             -0.00000698212387935554             -0.00011040555725507650              0.00011424310481479872              0.00000000000002446902 
