 1              0.00000000000000000000              0.00000000000000000000              0.00000000000000000000              0.00000000000000000000              0.00000000000000000000              0.00000000000000000000 
 2              0.00000000000000000000              0.00000000000000000000              0.00000000000000000000              0.00000000000000000000              0.00000000000000000000              0.00000000000000000000 
 3              0.00000000000000000000              0.00000000000000000000              0.00000000000000000000              0.00000000000000000000              0.00000000000000000000              0.00000000000000000000 
 4              0.00000000000000000000              0.00000000000000000000              0.00000000000000000000              0.00000000000000000000              0.00000000000000000000              0.00000000000000000000 
 5              0.00085871062966251077              0.00116079446284562244              0.00000894972549800877             -0.00026544782363114292              0.00018413921025940152             -0.00000000000003327245 
 6              0.00085871062966251077              0.00116079446264279336             -0.00002798669229581932             -0.00026544782376518913              0.00020150137251823147             -0.00000000000003327245 
 7              0.00085871062945968191              0.00116079446264279336              0.00002131019287567217             -0.00023197109306033052              0.00020150137240933387             -0.00000000000003327245 
 8              0.00085871062945968191              0.00116079446284562244              0.00007219326725949199             -0.00023197109281424496              0.00018413921007090031             -0.00000000000003327245 
 10              0.00190620448986975164              0.00246162593802659504              0.00001549188243417845             -0.00020347556105492807              0.00015570095741408897             -0.00000000000004295743 
 11              0.00190620448986975164              0.00246162593776472639             -0.00004280750480422454             -0.00020347556113463591              0.00016519346733791026             -0.00000000000004295743 
 12              0.00190620448960788298              0.00246162593776472639              0.00003622598209994295             -0.00018770759020710024              0.00016519346726663454             -0.00000000000004295743 
 13              0.00190620448960788298              0.00246162593802659504              0.00011244343619409601             -0.00018770759006416391              0.00015570095729295616             -0.00000000000004295743 
 15              0.00260776473486342732              0.00331710024787930900              0.00002787896364548574             -0.00010343027735277385              0.00008198912603899070             -0.00000000000004529223 
 16              0.00260776473486342732              0.00331710024760320781             -0.00003900620689468418             -0.00010343027736761628              0.00008437322438661812             -0.00000000000004529223 
 17              0.00260776473458732613              0.00331710024760320781              0.00005137593276195027             -0.00009920253707027927              0.00008437322437356954             -0.00000000000004529223 
 18              0.00260776473458732613              0.00331710024787930900              0.00013694251897485664             -0.00009920253705577178              0.00008198912602597342             -0.00000000000004529223 
 118              0.00093762726082818849              0.00125994235440341981              0.00008025461041469845             -0.00030798710800955813              0.00024562209931534759             -0.00000000000003424095 
 128              0.00103624164188073826              0.00138340371897196579              0.00008597735148945666             -0.00036492587282153325              0.00029187040913302283             -0.00000000000003520945 
 138              0.00114899641618308734              0.00152419720899827846              0.00008937246668151292             -0.00040279816732540608              0.00032293326879814658             -0.00000000000003617794 
 148              0.00127034133961920507              0.00167536519749583008              0.00009048350075813355             -0.00042168205187147461              0.00033886839889448969             -0.00000000000003714644 
 158              0.00139499296134463981              0.00183036272465359048              0.00008998490382341708             -0.00042421826234111446              0.00034134103306051439             -0.00000000000003811494 
 168              0.00151884498983114206              0.00198421895686358906              0.00008995433169953035             -0.00041499483303104553              0.00033416071791587157             -0.00000000000003908344 
 178              0.00163738201865313996              0.00213124331970489895              0.00009209073343168386             -0.00038683565280902134              0.00031224503211019130             -0.00000000000004005194 
 188              0.00174514531808807024              0.00226447976494955966              0.00009653942074275404             -0.00033956652053958878              0.00027524923397044212             -0.00000000000004102043 
 198              0.00183660403071994518              0.00237693849646141743              0.00010332054335261897             -0.00027319359381431041              0.00022308386457920899             -0.00000000000004198893 
