 1              0.00000000000000000000              0.00000000000000000000              0.00000000000000000000              0.00000000000000000000              0.00000000000000000000              0.00000000000000000000 
 2              0.00000000000000000000              0.00000000000000000000              0.00000000000000000000              0.00000000000000000000              0.00000000000000000000              0.00000000000000000000 
 3              0.00000000000000000000              0.00000000000000000000              0.00000000000000000000              0.00000000000000000000              0.00000000000000000000              0.00000000000000000000 
 4              0.00000000000000000000              0.00000000000000000000              0.00000000000000000000              0.00000000000000000000              0.00000000000000000000              0.00000000000000000000 
 5             -0.00001410506402550366             -0.00000518991316161833             -0.00002844891493893757              0.00000109881038683241             -0.00000369672113592651              0.00000000000000000103 
 6             -0.00001410506402550366             -0.00000518991316161203             -0.00002807722534501126              0.00000109881038682941             -0.00000369830182606748              0.00000000000000000103 
 7             -0.00001410506402549736             -0.00000518991316161203             -0.00002813852302197538              0.00000109792591323312             -0.00000369830182607246              0.00000000000000000103 
 8             -0.00001410506402549736             -0.00000518991316161833             -0.00002851000450837135              0.00000109792591323516             -0.00000369672113592884              0.00000000000000000103 
 10             -0.00002956791203924013             -0.00000818177016795970             -0.00004739009054565267              0.00000018485255646361             -0.00000240447922099906              0.00000000000000000135 
 11             -0.00002956791203924013             -0.00000818177016795147             -0.00004684413232325798              0.00000018485255646293             -0.00000240492300665340              0.00000000000000000135 
 12             -0.00002956791203923190             -0.00000818177016795147             -0.00004690673103994543              0.00000018466733902612             -0.00000240492300665500              0.00000000000000000135 
 13             -0.00002956791203923190             -0.00000818177016795970             -0.00004745243359744618              0.00000018466733902678             -0.00000240447922099982              0.00000000000000000135 
 15             -0.00003702657040188997             -0.00000767318468693392             -0.00005684220702131471             -0.00000014878640513867             -0.00000098990994389891              0.00000000000000000150 
 16             -0.00003702657040188997             -0.00000767318468692477             -0.00005624775245217600             -0.00000014878640513854             -0.00000099005633516606              0.00000000000000000150 
 17             -0.00003702657040188083             -0.00000767318468692477             -0.00005630182619956718             -0.00000014884290134914             -0.00000099005633516610              0.00000000000000000150 
 18             -0.00003702657040188083             -0.00000767318468693392             -0.00005689602774882930             -0.00000014884290134926             -0.00000098990994389893              0.00000000000000000150 
 118             -0.00001555407021979597             -0.00000559288331719134             -0.00003040440653575125              0.00000110200350177525             -0.00000420301316220127              0.00000000000000000107 
 128             -0.00001716244024763094             -0.00000599346372617377             -0.00003229871151637890              0.00000108486207652553             -0.00000456813070981696              0.00000000000000000110 
 138             -0.00001887853569796844             -0.00000638389716459989             -0.00003419292411781676              0.00000104652242927752             -0.00000479206141063817              0.00000000000000000113 
 148             -0.00002065071401562874             -0.00000675643347035330             -0.00003608705013139667              0.00000098700177087875             -0.00000487479272422720              0.00000000000000000116 
 158             -0.00002242732320856183             -0.00000710332656108589             -0.00003798111010830443              0.00000090630186753541             -0.00000481624925626638              0.00000000000000000119 
 168             -0.00002415665417089475             -0.00000741682827657155             -0.00003987519869489359              0.00000080441106594978             -0.00000461630661568574              0.00000000000000000122 
 178             -0.00002578702504744688             -0.00000768918346902728             -0.00004176936787083997              0.00000068131028077512             -0.00000427513431991889              0.00000000000000000125 
 188             -0.00002726678551579960             -0.00000791263417324458             -0.00004366362673201748              0.00000053699651202892             -0.00000379276258838626              0.00000000000000000129 
 198             -0.00002854429360566631             -0.00000807941893264844             -0.00004555798048778376              0.00000037145409095605             -0.00000316920683087483              0.00000000000000000132 
