 1              0.00000000000000000000              0.00000000000000000000              0.00000000000000000000              0.00000000000000000000              0.00000000000000000000              0.00000000000000000000 
 2              0.00000000000000000000              0.00000000000000000000              0.00000000000000000000              0.00000000000000000000              0.00000000000000000000              0.00000000000000000000 
 3              0.00000000000000000000              0.00000000000000000000              0.00000000000000000000              0.00000000000000000000              0.00000000000000000000              0.00000000000000000000 
 4              0.00000000000000000000              0.00000000000000000000              0.00000000000000000000              0.00000000000000000000              0.00000000000000000000              0.00000000000000000000 
 5             -0.00069221158262840058              0.00007000345526056903             -0.00003980555056700729             -0.00004042752037474560             -0.00017798571125837823             -0.00000000000005888489 
 6             -0.00069221158262840058              0.00007000345490160677             -0.00000592645802176404             -0.00004042752035294680             -0.00015711391825951360             -0.00000000000005888489 
 7             -0.00069221158298736279              0.00007000345490160677              0.00001137348060447330             -0.00003854808756195070             -0.00015711391814626600             -0.00000000000005888489 
 8             -0.00069221158298736279              0.00007000345526056903             -0.00002714488688342210             -0.00003854808758455466             -0.00017798571117042108             -0.00000000000005888489 
 10             -0.00161795820253244726              0.00044039818773400428             -0.00006543026152793421             -0.00009215773846056461             -0.00018412977160585888             -0.00000000000009076266 
 11             -0.00161795820253244726              0.00044039818718071509             -0.00000831491629353705             -0.00009215773842366217             -0.00017129202589184845             -0.00000000000009076266 
 12             -0.00161795820308573645              0.00044039818718071509              0.00002447577841603368             -0.00008957614196417010             -0.00017129202581239508             -0.00000000000009076266 
 13             -0.00161795820308573645              0.00044039818773400428             -0.00004102261230260619             -0.00008957614199115687             -0.00018412977152867889             -0.00000000000009076266 
 15             -0.00259860970116155112              0.00100526282185645706             -0.00005537831249261827             -0.00007211690319352565             -0.00012193773369524428             -0.00000000000009492444 
 16             -0.00259860970116155112              0.00100526282127779754              0.00001805160882036249             -0.00007211690317610370             -0.00011311200917421003             -0.00000000000009492444 
 17             -0.00259860970174021063              0.00100526282127779754              0.00005982739120891799             -0.00006952565790748250             -0.00011311200915181254             -0.00000000000009492444 
 18             -0.00259860970174021063              0.00100526282185645706             -0.00002261848367571279             -0.00006952565792433694             -0.00012193773367266543             -0.00000000000009492444 
 118             -0.00076564677727261480              0.00008943521217846562             -0.00002666026419980562             -0.00006692107967059956             -0.00022195740185412352             -0.00000000000006207266 
 128             -0.00085270254477913640              0.00011799697552740396             -0.00002737199180665675             -0.00008844095110069112             -0.00025249714971928782             -0.00000000000006526044 
 138             -0.00094872818219876175              0.00015319111135018740             -0.00002901226921799326             -0.00010313936304476889             -0.00027109668908425566             -0.00000000000006844822 
 148             -0.00104982120605871419              0.00019267491337128078             -0.00003113457986424358             -0.00011200901086136753             -0.00028044971657842816             -0.00000000000007163600 
 158             -0.00115309542364860906              0.00023468291289629615             -0.00003334643138884244             -0.00011720322239620986             -0.00028330252186749191             -0.00000000000007482377 
 168             -0.00125636403607736055              0.00027805557912181542             -0.00003556083214083664             -0.00011947469929280663             -0.00028042272003823672             -0.00000000000007801155 
 178             -0.00135752989682064867              0.00032172331390950798             -0.00003778234904576935             -0.00011879460981614501             -0.00027176576480525313             -0.00000000000008119933 
 188             -0.00145416872139569561              0.00036448547660952664             -0.00003977596840416521             -0.00011433838010670878             -0.00025516586889483386             -0.00000000000008438711 
 198             -0.00154255812213487391              0.00040470428565253183             -0.00004097399567888341             -0.00010481355834979198             -0.00022655536180212288             -0.00000000000008757488 
