 1              0.00000000000000000000              0.00000000000000000000              0.00000000000000000000              0.00000000000000000000              0.00000000000000000000              0.00000000000000000000 
 2              0.00000000000000000000              0.00000000000000000000              0.00000000000000000000              0.00000000000000000000              0.00000000000000000000              0.00000000000000000000 
 3              0.00000000000000000000              0.00000000000000000000              0.00000000000000000000              0.00000000000000000000              0.00000000000000000000              0.00000000000000000000 
 4              0.00000000000000000000              0.00000000000000000000              0.00000000000000000000              0.00000000000000000000              0.00000000000000000000              0.00000000000000000000 
 5              0.00084471533192015033              0.00016090896162087253              0.00000485856466625171             -0.00003566674484792877              0.00018559415322511651             -0.00000000000000557635 
 6              0.00084471533192015033              0.00016090896158687910             -0.00002702509015155886             -0.00003566674486630586              0.00020749607817386484             -0.00000000000000557635 
 7              0.00084471533188615691              0.00016090896158687910             -0.00002407082211552156             -0.00003535819254823415              0.00020749607816634036             -0.00000000000000557635 
 8              0.00084471533188615691              0.00016090896162087253              0.00000854584783505224             -0.00003535819252229271              0.00018559415317178900             -0.00000000000000557635 
 10              0.00183899932954732065              0.00031970924339418604              0.00001041708553146083             -0.00000990388447926571              0.00012607517314871210              0.00000000000000751634 
 11              0.00183899932954732065              0.00031970924344000562             -0.00003922935212292922             -0.00000990388448232839              0.00013602647461760637              0.00000000000000751634 
 12              0.00183899932959314034              0.00031970924344000562             -0.00003605799859827168             -0.00000955079701620100              0.00013602647461830831              0.00000000000000751634 
 13              0.00183899932959314034              0.00031970924339418604              0.00001519470958753812             -0.00000955079700744464              0.00012607517309561517              0.00000000000000751634 
 15              0.00225725414062561813              0.00029242799714697930              0.00000614425776455244              0.00000669322864725067              0.00004994604431456944              0.00000000000001203384 
 16              0.00225725414062561813              0.00029242799722033761             -0.00004675140831172964              0.00000669322865187428              0.00004900821125124701              0.00000000000001203384 
 17              0.00225725414069897611              0.00029242799722033761             -0.00004410345349807811              0.00000662664093008408              0.00004900821125447190              0.00000000000001203384 
 18              0.00225725414069897611              0.00029242799714697930              0.00001030573331671697              0.00000662664092563443              0.00004994604431843319              0.00000000000001203384 
 118              0.00092399741444806622              0.00017552943750031970              0.00001146765771437208             -0.00004418795563438769              0.00024590944760970185             -0.00000000000000426708 
 128              0.00102195407492547364              0.00019282795568936924              0.00001266543301061828             -0.00005001339693071867              0.00028772197656048418             -0.00000000000000295781 
 138              0.00113190328452975205              0.00021173910491321653              0.00001227926925719191             -0.00005302195638985342              0.00031149195673920577             -0.00000000000000164854 
 148              0.00124777234412449200              0.00023130555456822967              0.00001092122026610676             -0.00005367092352062872              0.00032043992551123547             -0.00000000000000033927 
 158              0.00136535372228138870              0.00025082207122498863              0.00000947974410437183             -0.00005282069892917461              0.00032128959773138809              0.00000000000000096999 
 168              0.00148188628235799849              0.00026976138543382319              0.00000807914755415573             -0.00005038944581704318              0.00031447122987936384              0.00000000000000227926 
 178              0.00159361642514293752              0.00028727489540981190              0.00000742419490368191             -0.00004498501244378421              0.00029449113650460755              0.00000000000000358853 
 188              0.00169480865471303326              0.00030221309136102022              0.00000828590742932097             -0.00003632460172670704              0.00025683356933760477              0.00000000000000489780 
 198              0.00177885926070101854              0.00031340857514486819              0.00001085948071100899             -0.00002451720674650214              0.00020074715505352596              0.00000000000000620707 
