 1              0.00000000000000000000              0.00000000000000000000              0.00000000000000000000              0.00000000000000000000              0.00000000000000000000              0.00000000000000000000 
 2              0.00000000000000000000              0.00000000000000000000              0.00000000000000000000              0.00000000000000000000              0.00000000000000000000              0.00000000000000000000 
 3              0.00000000000000000000              0.00000000000000000000              0.00000000000000000000              0.00000000000000000000              0.00000000000000000000              0.00000000000000000000 
 4              0.00000000000000000000              0.00000000000000000000              0.00000000000000000000              0.00000000000000000000              0.00000000000000000000              0.00000000000000000000 
 5             -0.00018417880278154917              0.00021025547655688866             -0.00003678085854071355             -0.00007239435717201097             -0.00005323903489025359              0.00000000000000012367 
 6             -0.00018417880278154917              0.00021025547655764256             -0.00002846297043401057             -0.00007239435714535626             -0.00005274304973984289              0.00000000000000012367 
 7             -0.00018417880278079527              0.00021025547655764256             -0.00001911865510236107             -0.00006963571114173860             -0.00005274304971955555              0.00000000000000012367 
 8             -0.00018417880278079527              0.00021025547655688866             -0.00002779168792381477             -0.00006963571115808832             -0.00005323903486730706              0.00000000000000012367 
 10             -0.00048787575649329485              0.00064459991694541612             -0.00005794092828525717             -0.00006870586220744719             -0.00005995424726983637              0.00000000000000070926 
 11             -0.00048787575649329485              0.00064459991694973970             -0.00004343007581995290             -0.00006870586218582783             -0.00005859750893774928              0.00000000000000070926 
 12             -0.00048787575648897116              0.00064459991694973970             -0.00002749440328901702             -0.00006556057149279374             -0.00005859750892054764              0.00000000000000070926 
 13             -0.00048787575648897116              0.00064459991694541612             -0.00004208345832466269             -0.00006556057150233123             -0.00005995424724912725              0.00000000000000070926 
 15             -0.00077065617810165201              0.00086550468135025119             -0.00006665406871767557             -0.00002557263440224457             -0.00003901583884570902             -0.00000000000000159957 
 16             -0.00077065617810165201              0.00086550468134050009             -0.00004932026144048970             -0.00002557263439632634             -0.00003729186221367354             -0.00000000000000159957 
 17             -0.00077065617811140311              0.00086550468134050009             -0.00003161770875859997             -0.00002596362969981628             -0.00003729186220712959             -0.00000000000000159957 
 18             -0.00077065617811140311              0.00086550468135025119             -0.00004915804160547866             -0.00002596362970656641             -0.00003901583883991689             -0.00000000000000159957 
 118             -0.00020677279597638079              0.00024146766397993620             -0.00002820083389231629             -0.00009983355147022221             -0.00006970475524106850              0.00000000000000018223 
 128             -0.00023452100958425723              0.00028191294313485076             -0.00002941545745152507             -0.00012014209239927953             -0.00008141425317598691              0.00000000000000024079 
 138             -0.00026574081317437439              0.00032825528179170239             -0.00003114924439835765             -0.00013220154609599701             -0.00008869414572161293              0.00000000000000029935 
 148             -0.00029898455056943517              0.00037790043359543866             -0.00003304681199049320             -0.00013848059705859483             -0.00009266415737111097              0.00000000000000035791 
 158             -0.00033325091510008511              0.00042902123409760184             -0.00003494888084762313             -0.00014032892582214337             -0.00009433517774380970              0.00000000000000041647 
 168             -0.00036772121517289171              0.00048002542613142927             -0.00003685312609940179             -0.00013784225889954414             -0.00009378027808689653              0.00000000000000047503 
 178             -0.00040157850923037779              0.00052932310057924106             -0.00003875969355808991             -0.00013095063123087867             -0.00009094013290263209              0.00000000000000053359 
 188             -0.00043384313398653969              0.00057509146992165824             -0.00004050503332846764             -0.00011822784897875102             -0.00008490778444866091              0.00000000000000059214 
 198             -0.00046314100516490510              0.00061466049591438329             -0.00004170604675630211             -0.00009694242037097808             -0.00007470352500806635              0.00000000000000065070 
