 1              0.00000000000000000000              0.00000000000000000000              0.00000000000000000000              0.00000000000000000000              0.00000000000000000000              0.00000000000000000000 
 2              0.00000000000000000000              0.00000000000000000000              0.00000000000000000000              0.00000000000000000000              0.00000000000000000000              0.00000000000000000000 
 3              0.00000000000000000000              0.00000000000000000000              0.00000000000000000000              0.00000000000000000000              0.00000000000000000000              0.00000000000000000000 
 4              0.00000000000000000000              0.00000000000000000000              0.00000000000000000000              0.00000000000000000000              0.00000000000000000000              0.00000000000000000000 
 5             -0.00006620145079858367              0.00008681972299647417             -0.00003071637944332491             -0.00002037197789345864             -0.00002272110890980477              0.00000000000000024054 
 6             -0.00006620145079858367              0.00008681972299794050             -0.00002708822268052450             -0.00002037197789327528             -0.00002272060961730617              0.00000000000000024054 
 7             -0.00006620145079711734              0.00008681972299794050             -0.00002593291610948639             -0.00002037571702389473             -0.00002272060961730957              0.00000000000000024054 
 8             -0.00006620145079711734              0.00008681972299647417             -0.00002955992504290721             -0.00002037571702412203             -0.00002272110890985089              0.00000000000000024054 
 10             -0.00019763818660791660              0.00015317680567082783             -0.00005082322580073930             -0.00000483106409141918             -0.00002817924468541150              0.00000000000000036631 
 11             -0.00019763818660791660              0.00015317680567306086             -0.00004477735773341927             -0.00000483106409183053             -0.00002812299536397558              0.00000000000000036631 
 12             -0.00019763818660568358              0.00015317680567306086             -0.00004356841958179750             -0.00000482665984617367             -0.00002812299536424029              0.00000000000000036631 
 13             -0.00019763818660568358              0.00015317680567082783             -0.00004961156814638539             -0.00000482665984578646             -0.00002817924468560584              0.00000000000000036631 
 15             -0.00031936013829726408              0.00014110500815559451             -0.00006053548341152080              0.00000346460442842434             -0.00001846491245976284              0.00000000000000006649 
 16             -0.00031936013829726408              0.00014110500815599979             -0.00005350642482749051              0.00000346460442786345             -0.00001827069882237803              0.00000000000000006649 
 17             -0.00031936013829685881              0.00014110500815599979             -0.00005250650637719452              0.00000347733296828868             -0.00001827069882271668              0.00000000000000006649 
 18             -0.00031936013829685881              0.00014110500815559451             -0.00005952777484462917              0.00000347733296878164             -0.00001846491245995812              0.00000000000000006649 
 118             -0.00007568537236783503              0.00009455536002359909             -0.00003156658514209254             -0.00002181245332396633             -0.00002892798562497260              0.00000000000000025312 
 128             -0.00008720949628923262              0.00010269491464274760             -0.00003357221846381293             -0.00002258436863548640             -0.00003387706586977402              0.00000000000000026569 
 138             -0.00010031376571023898              0.00011099522355527748             -0.00003557705327632396             -0.00002269146929110478             -0.00003756830462456206              0.00000000000000027827 
 148             -0.00011453809805059788              0.00011921312621184356             -0.00003758123597553729             -0.00002213377541821354             -0.00004000163855163610              0.00000000000000029085 
 158             -0.00012942243517973935              0.00012710551528909226             -0.00003958497709947612             -0.00002091158741323532             -0.00004117721055658579              0.00000000000000030342 
 168             -0.00014450659241044297              0.00013442935405075360             -0.00004158887543064784             -0.00001902488902110141             -0.00004109427161308314              0.00000000000000031600 
 178             -0.00015933034561836523              0.00014094155252930164             -0.00004359336206220568             -0.00001647345478511232             -0.00003975335144619469              0.00000000000000032858 
 188             -0.00017343360796419864              0.00014639897455490298             -0.00004559859152153827             -0.00001325730810614573             -0.00003715458390111615              0.00000000000000034116 
 198             -0.00018635630939074191              0.00015055849796863030             -0.00004760472873184849             -0.00000937645136799347             -0.00003329796677044730              0.00000000000000035373 
