 1              0.00000000000000000000              0.00000000000000000000              0.00000000000000000000              0.00000000000000000000              0.00000000000000000000              0.00000000000000000000 
 2              0.00000000000000000000              0.00000000000000000000              0.00000000000000000000              0.00000000000000000000              0.00000000000000000000              0.00000000000000000000 
 3              0.00000000000000000000              0.00000000000000000000              0.00000000000000000000              0.00000000000000000000              0.00000000000000000000              0.00000000000000000000 
 4              0.00000000000000000000              0.00000000000000000000              0.00000000000000000000              0.00000000000000000000              0.00000000000000000000              0.00000000000000000000 
 5             -0.00012952574069425806              0.00018191092504936206             -0.00003402784772784737             -0.00005529988144554280             -0.00003658577766968877             -0.00000000000000205195 
 6             -0.00012952574069425806              0.00018191092503685340             -0.00002969302320388993             -0.00005529988144057923             -0.00003629556934151706             -0.00000000000000205195 
 7             -0.00012952574070676672              0.00018191092503685340             -0.00002152686642718942             -0.00005405915979001331             -0.00003629556932925897             -0.00000000000000205195 
 8             -0.00012952574070676672              0.00018191092504936206             -0.00002597230884872455             -0.00005405915979380782             -0.00003658577765685441             -0.00000000000000205195 
 10             -0.00030921416563355628              0.00047744072546630729             -0.00005605698580656174             -0.00005920461693169852             -0.00003004104387455472             -0.00000000000000950333 
 11             -0.00030921416563355628              0.00047744072540837501             -0.00004932119157551229             -0.00005920461692613838             -0.00002987435712577165             -0.00000000000000950333 
 12             -0.00030921416569148856              0.00047744072540837501             -0.00003570566432241679             -0.00005753586886667407             -0.00002987435711468628             -0.00000000000000950333 
 13             -0.00030921416569148856              0.00047744072546630729             -0.00004251728427997974             -0.00005753586887043352             -0.00003004104386178619             -0.00000000000000950333 
 15             -0.00041855991368449096              0.00073315841503841100             -0.00006541448154545752             -0.00003567648291715322             -0.00001370383801819074             -0.00000000000000921125 
 16             -0.00041855991368449096              0.00073315841498225931             -0.00005787120899586239             -0.00003567648291460363             -0.00001357996206370482             -0.00000000000000921125 
 17             -0.00041855991374064276              0.00073315841498225931             -0.00004185749791773151             -0.00003445373912018481             -0.00001357996206085987             -0.00000000000000921125 
 18             -0.00041855991374064276              0.00073315841503841100             -0.00004953027479495375             -0.00003445373912329449             -0.00001370383801551466             -0.00000000000000921125 
 118             -0.00014454663151500385              0.00020454316327775919             -0.00002735294819813326             -0.00006901119398785554             -0.00004512753081552193             -0.00000000000000279708 
 128             -0.00016216715304345230              0.00023179968318364302             -0.00002899273030889507             -0.00007940991434505385             -0.00005082580304734270             -0.00000000000000354222 
 138             -0.00018144308162272184              0.00026219793086260026             -0.00003073899549303932             -0.00008631902086177663             -0.00005426219079515701             -0.00000000000000428736 
 148             -0.00020165976485691546              0.00029461913973363371             -0.00003249680869928409             -0.00009053253078288504             -0.00005602102125962471             -0.00000000000000503250 
 158             -0.00022223118177992662              0.00032810999786290308             -0.00003425394348139129             -0.00009216823631808556             -0.00005620167613312995             -0.00000000000000577764 
 168             -0.00024257988018649661              0.00036172782664455543             -0.00003601129409027269             -0.00009122664099046738             -0.00005480331728354020             -0.00000000000000652278 
 178             -0.00026212858847095939              0.00039452977190375881             -0.00003776940757948563             -0.00008770685386462513             -0.00005182752167285149             -0.00000000000000726792 
 188             -0.00028028632441611678              0.00042555773084406047             -0.00003951153182272253             -0.00008145642820974395             -0.00004713329837583126             -0.00000000000000801306 
 198             -0.00029631101185218726              0.00045368105971145420             -0.00004114151966633552             -0.00007171172452256512             -0.00004007973874933596             -0.00000000000000875819 
