 1              0.00000000000000000000              0.00000000000000000000              0.00000000000000000000              0.00000000000000000000              0.00000000000000000000              0.00000000000000000000 
 2              0.00000000000000000000              0.00000000000000000000              0.00000000000000000000              0.00000000000000000000              0.00000000000000000000              0.00000000000000000000 
 3              0.00000000000000000000              0.00000000000000000000              0.00000000000000000000              0.00000000000000000000              0.00000000000000000000              0.00000000000000000000 
 4              0.00000000000000000000              0.00000000000000000000              0.00000000000000000000              0.00000000000000000000              0.00000000000000000000              0.00000000000000000000 
 5             -0.00106367450717624536             -0.00073668467342709093             -0.00000002670925247464              0.00017775814239725992             -0.00025985045455307010              0.00000000000004753558 
 6             -0.00106367450717624536             -0.00073668467313731405              0.00006180957846362926              0.00017775814224814642             -0.00023000320500168845              0.00000000000004753558 
 7             -0.00106367450688646848             -0.00073668467313731405              0.00001193987102208893              0.00019068360434741408             -0.00023000320521310381              0.00000000000004753558 
 8             -0.00106367450688646848             -0.00073668467342709093             -0.00003576993593030472              0.00019068360442298148             -0.00025985045464849198              0.00000000000004753558 
 10             -0.00244478318790013974             -0.00185176749192565260              0.00001330009953797749              0.00017186703125152453             -0.00021213617310675731              0.00000000000004552038 
 11             -0.00244478318790013974             -0.00185176749164816016              0.00011634782310338717              0.00017186703116663901             -0.00020349873538755416              0.00000000000004552038 
 12             -0.00244478318762264731             -0.00185176749164816016              0.00003339616510101973              0.00017723551630352677             -0.00020349873548436957              0.00000000000004552038 
 13             -0.00244478318762264731             -0.00185176749192565260             -0.00004390433477809659              0.00017723551632810642             -0.00021213617312801651              0.00000000000004552038 
 15             -0.00335160019812329353             -0.00262668554647743852              0.00002898684628607152              0.00008889239078550439             -0.00010947285718105628              0.00000000000004688460 
 16             -0.00335160019812329353             -0.00262668554619162982              0.00014446341438206978              0.00008889239077685257             -0.00010292136951916654              0.00000000000004688460 
 17             -0.00335160019783748483             -0.00262668554619162982              0.00005118810361323413              0.00009354131219371153             -0.00010292136952929876              0.00000000000004688460 
 18             -0.00335160019783748483             -0.00262668554647743852             -0.00003796157603447144              0.00009354131220335376             -0.00010947285719225117              0.00000000000004688460 
 118             -0.00117332838017117922             -0.00081954032630810315             -0.00003295004833779723              0.00026001397764869357             -0.00033698424321156853              0.00000000000004733406 
 128             -0.00130682970660105395             -0.00092403463036475780             -0.00003278106591262229              0.00030900774576476763             -0.00039026686703468911              0.00000000000004713254 
 138             -0.00145575564944548132             -0.00104290159460659047             -0.00003479047167915205              0.00033859455829813939             -0.00042138297080254023              0.00000000000004693102 
 148             -0.00161275837351319948             -0.00116961403390233626             -0.00003797770726972480              0.00035229774443619358             -0.00043490216209435967              0.00000000000004672950 
 158             -0.00177255451066835133             -0.00129944268931714985             -0.00004131340516961214              0.00035617369651157568             -0.00043720185929913810              0.00000000000004652798 
 168             -0.00193135622393745144             -0.00142910764793470111             -0.00004464655162677587              0.00035137127782481318             -0.00042943149361092473              0.00000000000004632646 
 178             -0.00208506034816564141             -0.00155506526898420948             -0.00004757881082957343              0.00033517767621105138             -0.00040848138779315662              0.00000000000004612494 
 188             -0.00222740094909869811             -0.00167200580033505025             -0.00004888277871079102              0.00030191737309606139             -0.00036709934102895910              0.00000000000004592342 
 198             -0.00235026151457269628             -0.00177328548052916885             -0.00004777132777933112              0.00024951683515392722             -0.00030196357714136224              0.00000000000004572190 
