 1              0.00000000000000000000              0.00000000000000000000              0.00000000000000000000              0.00000000000000000000              0.00000000000000000000              0.00000000000000000000 
 2              0.00000000000000000000              0.00000000000000000000              0.00000000000000000000              0.00000000000000000000              0.00000000000000000000              0.00000000000000000000 
 3              0.00000000000000000000              0.00000000000000000000              0.00000000000000000000              0.00000000000000000000              0.00000000000000000000              0.00000000000000000000 
 4              0.00000000000000000000              0.00000000000000000000              0.00000000000000000000              0.00000000000000000000              0.00000000000000000000              0.00000000000000000000 
 5             -0.00000743904753071989             -0.00002470508404382410             -0.00002787613567679850              0.00000699618067265179             -0.00000153637903290597             -0.00000000000000000102 
 6             -0.00000743904753071989             -0.00002470508404383029             -0.00002782266973075494              0.00000699618067265004             -0.00000153852010379491             -0.00000000000000000102 
 7             -0.00000743904753072608             -0.00002470508404383029             -0.00002871413490592989              0.00000699531403143507             -0.00000153852010379730             -0.00000000000000000102 
 8             -0.00000743904753072608             -0.00002470508404382410             -0.00002876749742683927              0.00000699531403143700             -0.00000153637903290610             -0.00000000000000000102 
 10             -0.00001110236764812403             -0.00005806254387420418             -0.00004645753075122300              0.00000631166312359044              0.00000001584378909079             -0.00000000000000000060 
 11             -0.00001110236764812403             -0.00005806254387420782             -0.00004643372715447811              0.00000631166312359110              0.00000001534683348329             -0.00000000000000000060 
 12             -0.00001110236764812768             -0.00005806254387420782             -0.00004784335396859893              0.00000631139217669692              0.00000001534683348272             -0.00000000000000000060 
 13             -0.00001110236764812768             -0.00005806254387420418             -0.00004786709115668085              0.00000631139217669640              0.00000001584378909096             -0.00000000000000000060 
 15             -0.00000854952599716230             -0.00008294778729289252             -0.00005577353737160578              0.00000370408224761112              0.00000052784980810758             -0.00000000000000000036 
 16             -0.00000854952599716230             -0.00008294778729289471             -0.00005577836296603254              0.00000370408224761158              0.00000052763856045543             -0.00000000000000000036 
 17             -0.00000854952599716449             -0.00008294778729289471             -0.00005737520666484554              0.00000370399733988762              0.00000052763856045560             -0.00000000000000000036 
 18             -0.00000854952599716449             -0.00008294778729289252             -0.00005737032089435786              0.00000370399733988717              0.00000052784980810784             -0.00000000000000000036 
 118             -0.00000799730023619611             -0.00002750380426912379             -0.00003067764779464006              0.00000825893661635435             -0.00000151137248203574             -0.00000000000000000097 
 128             -0.00000854112719836217             -0.00003071057126466897             -0.00003258767874664323              0.00000922654386705414             -0.00000145749939880498             -0.00000000000000000093 
 138             -0.00000905997229887324             -0.00003421711686951805             -0.00003449759921231454              0.00000989814835283957             -0.00000137477108258994             -0.00000000000000000089 
 148             -0.00000954327982044020             -0.00003791517815200146             -0.00003640742075136756              0.00001027376864813532             -0.00000126316351699429             -0.00000000000000000085 
 158             -0.00000998045799397196             -0.00004169649874706117             -0.00003831717901542489              0.00001035339912997519             -0.00000112248287817211             -0.00000000000000000081 
 168             -0.00001036082867436642             -0.00004545280043988764             -0.00004022695270741742              0.00001013697799528857             -0.00000095257316459800             -0.00000000000000000077 
 178             -0.00001067376281680444             -0.00004907581659705033             -0.00004213681604367611              0.00000962458511516697             -0.00000075376147609961             -0.00000000000000000072 
 188             -0.00001090870169761702             -0.00005245728996578943             -0.00004404678889653632              0.00000881620349022235             -0.00000052608976823856             -0.00000000000000000068 
 198             -0.00001105508908705361             -0.00005548895654563680             -0.00004595687843947754              0.00000771181404615751             -0.00000026955546019591             -0.00000000000000000064 
