 1              0.00000000000000000000              0.00000000000000000000              0.00000000000000000000              0.00000000000000000000              0.00000000000000000000              0.00000000000000000000 
 2              0.00000000000000000000              0.00000000000000000000              0.00000000000000000000              0.00000000000000000000              0.00000000000000000000              0.00000000000000000000 
 3              0.00000000000000000000              0.00000000000000000000              0.00000000000000000000              0.00000000000000000000              0.00000000000000000000              0.00000000000000000000 
 4              0.00000000000000000000              0.00000000000000000000              0.00000000000000000000              0.00000000000000000000              0.00000000000000000000              0.00000000000000000000 
 5              0.00002354261690559080              0.00004074565257534510             -0.00002807183067247765             -0.00000804353786796852              0.00000591016407184400             -0.00000000000000000700 
 6              0.00002354261690559080              0.00004074565257530241             -0.00002879677422929056             -0.00000804353786802330              0.00000590112198402277             -0.00000000000000000700 
 7              0.00002354261690554811              0.00004074565257530241             -0.00002858035883175171             -0.00000805163493547501              0.00000590112198397550             -0.00000000000000000700 
 8              0.00002354261690554811              0.00004074565257534510             -0.00002785359692747773             -0.00000805163493542218              0.00000591016407180031             -0.00000000000000000700 
 10              0.00004835797505341552              0.00005727222782563096             -0.00004662581767371692              0.00000080293217854313              0.00000480013825237435             -0.00000000000000000924 
 11              0.00004835797505341552              0.00005727222782557465             -0.00004776187858029429              0.00000080293217851776              0.00000479814339371098             -0.00000000000000000924 
 12              0.00004835797505335921              0.00005727222782557465             -0.00004776371155816787              0.00000080148506288603              0.00000479814339369069             -0.00000000000000000924 
 13              0.00004835797505335921              0.00005727222782563096             -0.00004662533706073528              0.00000080148506291072              0.00000480013825235504             -0.00000000000000000924 
 15              0.00006893827076635528              0.00004080599426096926             -0.00005588821735572855              0.00000323732282895343              0.00000316929088843861             -0.00000000000000000922 
 16              0.00006893827076635528              0.00004080599426091304             -0.00005718498499001862              0.00000323732282895160              0.00000316811537542393             -0.00000000000000000922 
 17              0.00006893827076629907              0.00004080599426091304             -0.00005736122111021071              0.00000323625696097712              0.00000316811537542191             -0.00000000000000000922 
 18              0.00006893827076629907              0.00004080599426096926             -0.00005606214968726161              0.00000323625696097909              0.00000316929088843662             -0.00000000000000000922 
 118              0.00002583044676371171              0.00004362022079180297             -0.00002973151627222348             -0.00000764882305452570              0.00000657122761983666             -0.00000000000000000723 
 128              0.00002832866582626221              0.00004632784907457421             -0.00003160882022469724             -0.00000713879803561771              0.00000706058360632372             -0.00000000000000000745 
 138              0.00003097447762284812              0.00004882931378151468             -0.00003348559698036625             -0.00000652148178730182              0.00000737829118803790             -0.00000000000000000767 
 148              0.00003370511343481406              0.00005108535157988110             -0.00003536194054928956             -0.00000579681204233844              0.00000752439300477699             -0.00000000000000000790 
 158              0.00003645779117981193              0.00005305674911614452             -0.00003723799414997528             -0.00000496504263595472              0.00000749894074951986             -0.00000000000000000812 
 168              0.00003916989900510363              0.00005470430775455027             -0.00003911425172368082             -0.00000402606990775400              0.00000730245134048730             -0.00000000000000000834 
 178              0.00004177875326489699              0.00005598883430505756             -0.00004099102570257022             -0.00000297994310537775              0.00000693432745441373             -0.00000000000000000857 
 188              0.00004422156963425447              0.00005687112904448026             -0.00004286840051663786             -0.00000182664277564415              0.00000639454505903134             -0.00000000000000000879 
 198              0.00004643556518196626              0.00005731199448163697             -0.00004474646056508667             -0.00000056616959266081              0.00000568313519875382             -0.00000000000000000901 
