 1              0.00000000000000000000              0.00000000000000000000              0.00000000000000000000              0.00000000000000000000              0.00000000000000000000              0.00000000000000000000 
 2              0.00000000000000000000              0.00000000000000000000              0.00000000000000000000              0.00000000000000000000              0.00000000000000000000              0.00000000000000000000 
 3              0.00000000000000000000              0.00000000000000000000              0.00000000000000000000              0.00000000000000000000              0.00000000000000000000              0.00000000000000000000 
 4              0.00000000000000000000              0.00000000000000000000              0.00000000000000000000              0.00000000000000000000              0.00000000000000000000              0.00000000000000000000 
 5              0.00008086340804741685              0.00050186564202769532             -0.00003135297864532893             -0.00013695235264979825              0.00002491931134060429             -0.00000000000000575373 
 6              0.00008086340804741685              0.00050186564199262052             -0.00003486530461958310             -0.00013695235266088847              0.00002505621851941654             -0.00000000000000575373 
 7              0.00008086340801234209              0.00050186564199262052             -0.00001440488381705226             -0.00012521367190948592              0.00002505621850627939             -0.00000000000000575373 
 8              0.00008086340801234209              0.00050186564202769532             -0.00001015333935759572             -0.00012521367186240430              0.00002491931132293181             -0.00000000000000575373 
 10              0.00023785756590285787              0.00120261298927996549             -0.00004938852620289562             -0.00012189258457292670              0.00002316672205261154             -0.00000000000001513143 
 11              0.00023785756590285787              0.00120261298918772418             -0.00005501530685893805             -0.00012189258458037370              0.00002359051456858717             -0.00000000000001513143 
 12              0.00023785756581061666              0.00120261298918772418             -0.00002082279913010191             -0.00011312019153673711              0.00002359051455883405             -0.00000000000001513143 
 13              0.00023785756581061666              0.00120261298927996549             -0.00001298552872799692             -0.00011312019149451649              0.00002316672203760091             -0.00000000000001513143 
 15              0.00031734550734600111              0.00170469988870115981             -0.00005500874859765278             -0.00006453059091053190              0.00000895563861755577             -0.00000000000001594947 
 16              0.00031734550734600111              0.00170469988860393203             -0.00006128389258935637             -0.00006453059091163959              0.00000885752073110068             -0.00000000000001594947 
 17              0.00031734550724877311              0.00170469988860393203             -0.00002106194319661221             -0.00006106715680999864              0.00000885752072991255             -0.00000000000001594947 
 18              0.00031734550724877311              0.00170469988870115981             -0.00001254093298710323             -0.00006106715680857902              0.00000895563861637990             -0.00000000000001594947 
 118              0.00009201542049916857              0.00055549771794052285             -0.00000877973728848001             -0.00016665357419961223              0.00003567970665282694             -0.00000000000000669150 
 128              0.00010654768721465149              0.00062197386205683559             -0.00000855423277610834             -0.00019545250495138484              0.00004341172162416007             -0.00000000000000762927 
 138              0.00012336989087126550              0.00069678325881679457             -0.00000932307270286025             -0.00021223324964291201              0.00004820176224757190             -0.00000000000000856704 
 148              0.00014146037562228538              0.00077596985573220119             -0.00001062671204735398             -0.00021967360155310541              0.00005037794763183433             -0.00000000000000950481 
 158              0.00016003465931884261              0.00085681863735566507             -0.00001198046146606203             -0.00022157413876805452              0.00005096943811527754             -0.00000000000001044258 
 168              0.00017858572722788854              0.00093744220744341837             -0.00001333627244199788             -0.00021844039339349714              0.00005024913147643050             -0.00000000000001138035 
 178              0.00019657223926052003              0.00101587365531648839             -0.00001457933375379916             -0.00020919296830370404              0.00004774052517024981             -0.00000000000001231812 
 188              0.00021314627449967814              0.00108905634771950480             -0.00001513656784338508             -0.00018958934962197462              0.00004251589860892457             -0.00000000000001325589 
 198              0.00022727017226828483              0.00115282642519637726             -0.00001464477433212850             -0.00015771699450295727              0.00003434029812910867             -0.00000000000001419366 
