 1              0.00000000000000000000              0.00000000000000000000              0.00000000000000000000              0.00000000000000000000              0.00000000000000000000              0.00000000000000000000 
 2              0.00000000000000000000              0.00000000000000000000              0.00000000000000000000              0.00000000000000000000              0.00000000000000000000              0.00000000000000000000 
 3              0.00000000000000000000              0.00000000000000000000              0.00000000000000000000              0.00000000000000000000              0.00000000000000000000              0.00000000000000000000 
 4              0.00000000000000000000              0.00000000000000000000              0.00000000000000000000              0.00000000000000000000              0.00000000000000000000              0.00000000000000000000 
 5              0.00024382143951218600             -0.00005411324727448100             -0.00002105388413459704              0.00002754527618887617              0.00006339828222598003             -0.00000000000000628106 
 6              0.00024382143951218600             -0.00005411324731277036             -0.00003106115089784226              0.00002754527620495770              0.00006517443593202293             -0.00000000000000628106 
 7              0.00024382143947389664             -0.00005411324731277036             -0.00003493384661232296              0.00002736971463418292              0.00006517443594133065             -0.00000000000000628106 
 8              0.00024382143947389664             -0.00005411324727448100             -0.00002513148037779320              0.00002736971461527566              0.00006339828223514430             -0.00000000000000628106 
 10              0.00056058263873609419             -0.00025013191695963128             -0.00003473736213173066              0.00003233429916462622              0.00006438870602164762              0.00000000000000679301 
 11              0.00056058263873609419             -0.00025013191691822105             -0.00005124322877965520              0.00003233429917948898              0.00006642152619585358              0.00000000000000679301 
 12              0.00056058263877750442             -0.00025013191691822105             -0.00005755728309746651              0.00003250899124653889              0.00006642152620286727              0.00000000000000679301 
 13              0.00056058263877750442             -0.00025013191695963128             -0.00004114205648482686              0.00003250899122987433              0.00006438870602663639              0.00000000000000679301 
 15              0.00088859816532158302             -0.00034794869389521337             -0.00003860230145233555              0.00001079763639398280              0.00004342798400796337              0.00000000000000537079 
 16              0.00088859816532158302             -0.00034794869386247295             -0.00005860421948407470              0.00001079763639698698              0.00004582937432927005              0.00000000000000537079 
 17              0.00088859816535432332             -0.00034794869386247295             -0.00006559391252504199              0.00001081742055790514              0.00004582937433189020              0.00000000000000537079 
 18              0.00088859816535432332             -0.00034794869389521337             -0.00004574760306767268              0.00001081742055519593              0.00004342798401112746              0.00000000000000537079 
 118              0.00026959962522942968             -0.00006690829140517704             -0.00002636184786618616              0.00004195089114519240              0.00007695400369667827             -0.00000000000000497366 
 128              0.00029956053769904185             -0.00008421717165452387             -0.00002790299296497860              0.00005209134629827631              0.00008630054136393476             -0.00000000000000366625 
 138              0.00033229644523571016             -0.00010455992226904638             -0.00002959881315942401              0.00005864026084769173              0.00009221947814266036             -0.00000000000000235884 
 148              0.00036671095722101249             -0.00012679176912063839             -0.00003132147338638677              0.00006253664619285209              0.00009558597165007544             -0.00000000000000105143 
 158              0.00040194667089630658             -0.00015002493232801960             -0.00003303923308039231              0.00006411707153770070              0.00009671418054679210              0.00000000000000025598 
 168              0.00043718760884634098             -0.00017341175902757267             -0.00003475924104129581              0.00006337742079254699              0.00009561390004975022              0.00000000000000156338 
 178              0.00047161844785541729             -0.00019610401290195384             -0.00003648919464593406              0.00006031707140869791              0.00009228736509730038              0.00000000000000287079 
 188              0.00050440595036206702             -0.00021722893568204370             -0.00003821232789201223              0.00005471702252562062              0.00008654133766752961              0.00000000000000417820 
 198              0.00053451603738399213             -0.00023570724974492067             -0.00003981606987612470              0.00004573457399617173              0.00007753568253640077              0.00000000000000548561 
