 1              0.00000000000000000000              0.00000000000000000000              0.00000000000000000000              0.00000000000000000000              0.00000000000000000000              0.00000000000000000000 
 2              0.00000000000000000000              0.00000000000000000000              0.00000000000000000000              0.00000000000000000000              0.00000000000000000000              0.00000000000000000000 
 3              0.00000000000000000000              0.00000000000000000000              0.00000000000000000000              0.00000000000000000000              0.00000000000000000000              0.00000000000000000000 
 4              0.00000000000000000000              0.00000000000000000000              0.00000000000000000000              0.00000000000000000000              0.00000000000000000000              0.00000000000000000000 
 5             -0.00041048871976767393             -0.00029963932686160000             -0.00002465610286315752              0.00008671856465395866             -0.00010085985976592926              0.00000000000002031502 
 6             -0.00041048871976767393             -0.00029963932673775971             -0.00000411466041357864              0.00008671856459037108             -0.00009502897281964489              0.00000000000002031502 
 7             -0.00041048871964383365             -0.00029963932673775971             -0.00002253539719507120              0.00009074683736060016             -0.00009502897289329370              0.00000000000002031502 
 8             -0.00041048871964383365             -0.00029963932686160000             -0.00004018571988952453              0.00009074683739581332             -0.00010085985979952435              0.00000000000002031502 
 10             -0.00091771695610699659             -0.00084948987010673627             -0.00003896078776230571              0.00010347696045653941             -0.00010973655306987310              0.00000000000000402441 
 11             -0.00091771695610699659             -0.00084948987008220337             -0.00000499856651894838              0.00010347696039926199             -0.00010574115599574736              0.00000000000000402441 
 12             -0.00091771695608246369             -0.00084948987008220337             -0.00003569849286580380              0.00010754661191133816             -0.00010574115603886210              0.00000000000000402441 
 13             -0.00091771695608246369             -0.00084948987010673627             -0.00006510525869425267              0.00010754661194566104             -0.00010973655310123736              0.00000000000000402441 
 15             -0.00156136696040855370             -0.00137021016276689194             -0.00003096036552413565              0.00006145032344003215             -0.00008397961438213451              0.00000000000000853694 
 16             -0.00156136696040855370             -0.00137021016271485067              0.00001353183271289783              0.00006145032342382067             -0.00007759318902414345              0.00000000000000853694 
 17             -0.00156136696035651243             -0.00137021016271485067             -0.00002479277847314863              0.00006384155795232979             -0.00007759318904337714              0.00000000000000853694 
 18             -0.00156136696035651243             -0.00137021016276689194             -0.00006350976980749479              0.00006384155796943835             -0.00008397961439976542              0.00000000000000853694 
 118             -0.00045138706297169370             -0.00033907451547835014             -0.00004170575491239018              0.00012354097916865485             -0.00012191995524756380              0.00000000000001868595 
 128             -0.00049882669407109287             -0.00038863945043712323             -0.00004397009092635073              0.00014619492873933914             -0.00013663459614982629              0.00000000000001705689 
 138             -0.00055062569459680727             -0.00044496291463195044             -0.00004665574182614537              0.00016066939837836383             -0.00014584558628546698              0.00000000000001542783 
 148             -0.00060501987706196097             -0.00050543852416922266             -0.00004945933399893222              0.00016917423199371625             -0.00015104344222124179              0.00000000000001379877 
 158             -0.00066074322596462471             -0.00056812447852488902             -0.00005226185768726102              0.00017278714015639651             -0.00015314745047817320              0.00000000000001216971 
 168             -0.00071667847001513347             -0.00063124325589148300             -0.00005506666995589231              0.00017154116227951292             -0.00015220222373487854              0.00000000000001054065 
 178             -0.00077170985432749458             -0.00069301893383783117             -0.00005788271232546662              0.00016544321698694304             -0.00014820051847270473              0.00000000000000891159 
 188             -0.00082467236071383004             -0.00075163008080116663             -0.00006066916359760728              0.00015405001917562301             -0.00014072309563806660              0.00000000000000728253 
 198             -0.00087402473057952574             -0.00080480356724206027             -0.00006318776492283170              0.00013546959353663937             -0.00012830006035439032              0.00000000000000565347 
