 1              0.00000000000000000000              0.00000000000000000000              0.00000000000000000000              0.00000000000000000000              0.00000000000000000000              0.00000000000000000000 
 2              0.00000000000000000000              0.00000000000000000000              0.00000000000000000000              0.00000000000000000000              0.00000000000000000000              0.00000000000000000000 
 3              0.00000000000000000000              0.00000000000000000000              0.00000000000000000000              0.00000000000000000000              0.00000000000000000000              0.00000000000000000000 
 4              0.00000000000000000000              0.00000000000000000000              0.00000000000000000000              0.00000000000000000000              0.00000000000000000000              0.00000000000000000000 
 5              0.00005403862020413750             -0.00002846073495906882             -0.00002628179602982974              0.00000932113119928981              0.00001746866614213173              0.00000000000000000243 
 6              0.00005403862020413750             -0.00002846073495905398             -0.00002885892903762334              0.00000932113119923431              0.00001746115385313134              0.00000000000000000243 
 7              0.00005403862020415234             -0.00002846073495905398             -0.00003034418664508618              0.00000931585208160799              0.00001746115385307522              0.00000000000000000243 
 8              0.00005403862020415234             -0.00002846073495906882             -0.00002776512689106819              0.00000931585208165974              0.00001746866614207900              0.00000000000000000243 
 10              0.00014943684161531444             -0.00008083602950970224             -0.00004382310986372808              0.00001140488166416399              0.00001960158460377314              0.00000000000000000312 
 11              0.00014943684161531444             -0.00008083602950968321             -0.00004805157138619067              0.00001140488166428490              0.00001960385188482385              0.00000000000000000312 
 12              0.00014943684161533347             -0.00008083602950968321             -0.00005052855573940240              0.00001140632856076782              0.00001960385188487178              0.00000000000000000312 
 13              0.00014943684161533347             -0.00008083602950970224             -0.00004629738472573082              0.00001140632856068729              0.00001960158460387152              0.00000000000000000312 
 15              0.00023089904027419396             -0.00013108569043501276             -0.00005271170447991432              0.00000769506481150719              0.00001224908479419889              0.00000000000000004317 
 16              0.00023089904027419396             -0.00013108569043474962             -0.00005757253501532128              0.00000769506481175925              0.00001229009888689562              0.00000000000000004317 
 17              0.00023089904027445710             -0.00013108569043474962             -0.00006044693457728152              0.00000771822936898253              0.00001229009888704184              0.00000000000000004317 
 18              0.00023089904027445710             -0.00013108569043501276             -0.00005558544192141360              0.00000771822936877318              0.00001224908479440546              0.00000000000000004317 
 118              0.00006123993209908718             -0.00003231174294884932             -0.00002961897841184634              0.00001166253786111057              0.00002175761426300497              0.00000000000000000250 
 128              0.00006984431240524447             -0.00003693419450648082             -0.00003147242081210056              0.00001353415994667193              0.00002514074307491996              0.00000000000000000257 
 138              0.00007952045609175571             -0.00004215433662006146             -0.00003332549366139689              0.00001493075415173284              0.00002761809255144190              0.00000000000000000264 
 148              0.00008993706863402970             -0.00004779842451307062             -0.00003517823369767641              0.00001585232122858827              0.00002918967918301137              0.00000000000000000271 
 158              0.00010076287193747797             -0.00005369271105797589             -0.00003703071423950564              0.00001629886441417703              0.00002985562885751987              0.00000000000000000278 
 168              0.00011166665315297396             -0.00005966345219854473             -0.00003888334167180366              0.00001627036719071186              0.00002961603040086296              0.00000000000000000285 
 178              0.00012231717509885611             -0.00006553689301204497             -0.00004073628719207469              0.00001576682710316165              0.00002847079518369161              0.00000000000000000292 
 188              0.00013238319807779941             -0.00007113928870138975             -0.00004258958570048810              0.00001478827968591428              0.00002641995668937340              0.00000000000000000298 
 198              0.00014153349385578835             -0.00007629690681590118             -0.00004444327045433721              0.00001333475941799696              0.00002346353994734982              0.00000000000000000305 
