 1              0.00000000000000000000              0.00000000000000000000              0.00000000000000000000              0.00000000000000000000              0.00000000000000000000              0.00000000000000000000 
 2              0.00000000000000000000              0.00000000000000000000              0.00000000000000000000              0.00000000000000000000              0.00000000000000000000              0.00000000000000000000 
 3              0.00000000000000000000              0.00000000000000000000              0.00000000000000000000              0.00000000000000000000              0.00000000000000000000              0.00000000000000000000 
 4              0.00000000000000000000              0.00000000000000000000              0.00000000000000000000              0.00000000000000000000              0.00000000000000000000              0.00000000000000000000 
 5              0.00002241963533806063              0.00000591259759096712             -0.00002806198942236088             -0.00000217842673200427              0.00000652336392239062             -0.00000000000000000118 
 6              0.00002241963533806063              0.00000591259759095993             -0.00002884349909368036             -0.00000217842673200335              0.00000652115113364339             -0.00000000000000000118 
 7              0.00002241963533805345              0.00000591259759095993             -0.00002852875059424881             -0.00000217947262968080              0.00000652115113364347             -0.00000000000000000118 
 8              0.00002241963533805345              0.00000591259759096712             -0.00002774725234766895             -0.00000217947262967988              0.00000652336392239188             -0.00000000000000000118 
 10              0.00005373247317866885              0.00001868165907089430             -0.00004680049750252724             -0.00000249081682339970              0.00000555887186695750             -0.00000000000000000109 
 11              0.00005373247317866885              0.00001868165907088767             -0.00004801577079361633             -0.00000249081682339799              0.00000555836207390170             -0.00000000000000000109 
 12              0.00005373247317866222              0.00001868165907088767             -0.00004750119035350176             -0.00000249115941737988              0.00000555836207390237             -0.00000000000000000109 
 13              0.00005373247317866222              0.00001868165907089430             -0.00004628598981173538             -0.00000249115941738118              0.00000555887186695883             -0.00000000000000000109 
 15              0.00007364031604150288              0.00002807888201322111             -0.00005618797000113903             -0.00000137078985791209              0.00000284131065842319             -0.00000000000000000085 
 16              0.00007364031604150288              0.00002807888201321594             -0.00005754560683854227             -0.00000137078985791145              0.00000284107637400177             -0.00000000000000000085 
 17              0.00007364031604149771              0.00002807888201321594             -0.00005696175369939658             -0.00000137087515530305              0.00000284107637400211             -0.00000000000000000085 
 18              0.00007364031604149771              0.00002807888201322111             -0.00005560419627528981             -0.00000137087515530366              0.00000284131065842360             -0.00000000000000000085 
 118              0.00002504607439203569              0.00000683383352776203             -0.00002960133230213894             -0.00000283478999241530              0.00000778776379101685             -0.00000000000000000117 
 128              0.00002807966035173133              0.00000796939163322691             -0.00003145528445620478             -0.00000335139827675201              0.00000874966989865450             -0.00000000000000000116 
 138              0.00003140975232676466              0.00000926853607905429             -0.00003330911854655852             -0.00000372929028971855              0.00000940907904955462             -0.00000000000000000115 
 148              0.00003492571175026035              0.00001068052897325492             -0.00003516284701915216             -0.00000396845699278071              0.00000976601684236030             -0.00000000000000000114 
 158              0.00003851693454730353              0.00001215462974024991             -0.00003701650771409877             -0.00000406892625718597              0.00000982068234881435             -0.00000000000000000113 
 168              0.00004207291349003486              0.00001364013309230082             -0.00003887018402569835             -0.00000403079350174930              0.00000957326512734814             -0.00000000000000000112 
 178              0.00004548309521112420              0.00001508632465369086             -0.00004072395258664176             -0.00000385395813079042              0.00000902341976063700             -0.00000000000000000111 
 188              0.00004863684467664997              0.00001644246745486083             -0.00004257783752847258             -0.00000353840068508794              0.00000817107507815759             -0.00000000000000000111 
 198              0.00005142351876274382              0.00001765782329769714             -0.00004443184750750999             -0.00000308412821329161              0.00000701622652493132             -0.00000000000000000110 
