 1              0.00000000000000000000              0.00000000000000000000              0.00000000000000000000              0.00000000000000000000              0.00000000000000000000              0.00000000000000000000 
 2              0.00000000000000000000              0.00000000000000000000              0.00000000000000000000              0.00000000000000000000              0.00000000000000000000              0.00000000000000000000 
 3              0.00000000000000000000              0.00000000000000000000              0.00000000000000000000              0.00000000000000000000              0.00000000000000000000              0.00000000000000000000 
 4              0.00000000000000000000              0.00000000000000000000              0.00000000000000000000              0.00000000000000000000              0.00000000000000000000              0.00000000000000000000 
 5             -0.00013365225005053987             -0.00009336891083081167             -0.00003227791703215038              0.00002749268170298786             -0.00006537584477757254             -0.00000000000000240835 
 6             -0.00013365225005053987             -0.00009336891084549296             -0.00002053205729107659              0.00002749268169538613             -0.00006298695776362303             -0.00000000000000240835 
 7             -0.00013365225006522116             -0.00009336891084549296             -0.00002569422508040073              0.00002734628048807992             -0.00006298695778144696             -0.00000000000000240835 
 8             -0.00013365225006522116             -0.00009336891083081167             -0.00003736383077045952              0.00002734628049117351             -0.00006537584476906929             -0.00000000000000240835 
 10             -0.00065312487765660390             -0.00026411619367958415             -0.00004925135801175293              0.00003812405809199677             -0.00010192488543857842             -0.00000000000000026868 
 11             -0.00065312487765660390             -0.00026411619368122205             -0.00002635278496460864              0.00003812405807731371             -0.00009707281627195244             -0.00000000000000026868 
 12             -0.00065312487765824170             -0.00026411619368122205             -0.00003630489076623324              0.00003870447846047983             -0.00009707281629486171             -0.00000000000000026868 
 13             -0.00065312487765824170             -0.00026411619367958415             -0.00005804904537041283              0.00003870447847445932             -0.00010192488544533783             -0.00000000000000026868 
 15             -0.00109640278132910082             -0.00048574895558471301             -0.00005337256559273534              0.00002908754420702708             -0.00005676956682905082             -0.00000000000000107243 
 16             -0.00109640278132910082             -0.00048574895559125054             -0.00002527892247586698              0.00002908754419922763             -0.00005363783340196339             -0.00000000000000107243 
 17             -0.00109640278133563856             -0.00048574895559125054             -0.00003779256907469049              0.00002972442284441562             -0.00005363783341198073             -0.00000000000000107243 
 18             -0.00109640278133563856             -0.00048574895558471301             -0.00006444102454873982              0.00002972442285163115             -0.00005676956683733174             -0.00000000000000107243 
 118             -0.00016521821012260900             -0.00010518804259631922             -0.00003805602141517143              0.00003694143756814814             -0.00010575612630734622             -0.00000000000000219438 
 128             -0.00020932398351138478             -0.00012004125744745605             -0.00003966878072482608              0.00004393762421619160             -0.00013396713811808901             -0.00000000000000198041 
 138             -0.00026181550358510936             -0.00013700821045134975             -0.00004191028382578953              0.00004850991073550325             -0.00015172268818457161             -0.00000000000000176645 
 148             -0.00031939276127381395             -0.00015527531607463046             -0.00004436677783665668              0.00005113123671634869             -0.00016215522990692524             -0.00000000000000155248 
 158             -0.00037978252257646144             -0.00017426502546243259             -0.00004683054647266801              0.00005251195628484220             -0.00016717686269240078             -0.00000000000000133851 
 168             -0.00044104015927753964             -0.00019354703140633925             -0.00004929659955148653              0.00005272991392261009             -0.00016690142701457076             -0.00000000000000112454 
 178             -0.00050122858489846868             -0.00021269626102737255             -0.00005177281950670419              0.00005178377236996950             -0.00016132783893843018             -0.00000000000000091058 
 188             -0.00055839422783221895             -0.00023127543117921855             -0.00005424818213606866              0.00004954519020236483             -0.00015026184976676287             -0.00000000000000069661 
 198             -0.00061017053066836130             -0.00024868607797301463             -0.00005647827655642990              0.00004532720212396038             -0.00013147873306204269             -0.00000000000000048264 
