 1              0.00000000000000000000              0.00000000000000000000              0.00000000000000000000              0.00000000000000000000              0.00000000000000000000              0.00000000000000000000 
 2              0.00000000000000000000              0.00000000000000000000              0.00000000000000000000              0.00000000000000000000              0.00000000000000000000              0.00000000000000000000 
 3              0.00000000000000000000              0.00000000000000000000              0.00000000000000000000              0.00000000000000000000              0.00000000000000000000              0.00000000000000000000 
 4              0.00000000000000000000              0.00000000000000000000              0.00000000000000000000              0.00000000000000000000              0.00000000000000000000              0.00000000000000000000 
 5             -0.00000812080980061411             -0.00002764655258022241             -0.00002814756619522229              0.00000741597888886392             -0.00000279258852923910              0.00000000000000000110 
 6             -0.00000812080980061411             -0.00002764655258021569             -0.00002765338929824972              0.00000741597888886143             -0.00000279428737340026              0.00000000000000000110 
 7             -0.00000812080980060739             -0.00002764655258021569             -0.00002844029169808968              0.00000741518504639472             -0.00000279428737340493              0.00000000000000000110 
 8             -0.00000812080980060739             -0.00002764655258022241             -0.00002893429029961127              0.00000741518504639646             -0.00000279258852924078              0.00000000000000000110 
 10             -0.00002475077658365848             -0.00005981801981715579             -0.00004698082559244437              0.00000522491811500944             -0.00000386373981914801              0.00000000000000000157 
 11             -0.00002475077658365848             -0.00005981801981714620             -0.00004613968875370176              0.00000522491811500925             -0.00000386417504904101              0.00000000000000000157 
 12             -0.00002475077658364887             -0.00005981801981714620             -0.00004731649317438327              0.00000522471197867251             -0.00000386417504904219              0.00000000000000000157 
 13             -0.00002475077658364887             -0.00005981801981715579             -0.00004815743065830183              0.00000522471197867269             -0.00000386373981914852              0.00000000000000000157 
 15             -0.00004262950443201711             -0.00007695811186386316             -0.00005641873583029351              0.00000234417406036047             -0.00000281881718874748              0.00000000000000000165 
 16             -0.00004262950443201711             -0.00007695811186385310             -0.00005543314187496908              0.00000234417406036072             -0.00000281898044020910              0.00000000000000000165 
 17             -0.00004262950443200705             -0.00007695811186385310             -0.00005672592686953547              0.00000234411209888868             -0.00000281898044020900              0.00000000000000000165 
 18             -0.00004262950443200705             -0.00007695811186386316             -0.00005771132405610206              0.00000234411209888843             -0.00000281881718874735              0.00000000000000000165 
 118             -0.00000928659084539154             -0.00003057222354530811             -0.00003085676078033273              0.00000853305970518843             -0.00000355762408057774              0.00000000000000000115 
 128             -0.00001070546550528817             -0.00003385243379327125             -0.00003277913483150463              0.00000935383308574314             -0.00000417651895772559              0.00000000000000000120 
 138             -0.00001232397929168943             -0.00003737851972956736             -0.00003470141760292884              0.00000987752803484777             -0.00000464926319022657              0.00000000000000000124 
 148             -0.00001408867506675152             -0.00004104182572839538             -0.00003662361623771899              0.00001010416329138578             -0.00000497585157767220              0.00000000000000000129 
 158             -0.00001594608652668524             -0.00004473369531017118             -0.00003854576324020621              0.00001003370460064534             -0.00000515618096298076              0.00000000000000000134 
 168             -0.00001784266077462715             -0.00004834545807840934             -0.00004046792946479906              0.00000966613875520624             -0.00000519003317339598              0.00000000000000000139 
 178             -0.00001972487650300406             -0.00005176844543633686             -0.00004239016721582600              0.00000900146428192674             -0.00000507768756813872              0.00000000000000000143 
 188             -0.00002153927196836556             -0.00005489398483394189             -0.00004431249215154392              0.00000803967338350376             -0.00000481918896066219              0.00000000000000000148 
 198             -0.00002323239070643250             -0.00005761340215468627             -0.00004623491149008843              0.00000678076013183129             -0.00000441453813654321              0.00000000000000000153 
