 1              0.00000000000000000000              0.00000000000000000000              0.00000000000000000000              0.00000000000000000000              0.00000000000000000000              0.00000000000000000000 
 2              0.00000000000000000000              0.00000000000000000000              0.00000000000000000000              0.00000000000000000000              0.00000000000000000000              0.00000000000000000000 
 3              0.00000000000000000000              0.00000000000000000000              0.00000000000000000000              0.00000000000000000000              0.00000000000000000000              0.00000000000000000000 
 4              0.00000000000000000000              0.00000000000000000000              0.00000000000000000000              0.00000000000000000000              0.00000000000000000000              0.00000000000000000000 
 5              0.00010366681925161411             -0.00001644636276638432             -0.00002694315741446449              0.00000369664035444242              0.00002807032613034573              0.00000000000000002759 
 6              0.00010366681925161411             -0.00001644636276621612             -0.00002985209966481177              0.00000369664035441792              0.00002806106731378316              0.00000000000000002759 
 7              0.00010366681925178232             -0.00001644636276621612             -0.00002969225712952994              0.00000369275936652158              0.00002806106731373624              0.00000000000000002759 
 8              0.00010366681925178232             -0.00001644636276638432             -0.00002678197441875349              0.00000369275936654830              0.00002807032613029574              0.00000000000000002759 
 10              0.00022584236539326580             -0.00002408542564905656             -0.00004528448855526827             -0.00000222429827242368              0.00001935364329540594              0.00000000000000003417 
 11              0.00022584236539326580             -0.00002408542564884826             -0.00004960214366090046             -0.00000222429827243266              0.00001935197532608816              0.00000000000000003417 
 12              0.00022584236539347407             -0.00002408542564884826             -0.00004908037696377171             -0.00000222497757843050              0.00001935197532606889              0.00000000000000003417 
 13              0.00022584236539347407             -0.00002408542564905656             -0.00004476104547890633             -0.00000222497757842162              0.00001935364329538475              0.00000000000000003417 
 15              0.00028624227280775547              0.00000064226528706954             -0.00005463811606388034             -0.00000464000399703025              0.00000803667127041328              0.00000000000000003465 
 16              0.00028624227280775547              0.00000064226528728079             -0.00005935072864251753             -0.00000464000399703117              0.00000803537224221916              0.00000000000000003465 
 17              0.00028624227280796668              0.00000064226528728079             -0.00005858343710591499             -0.00000464058122499102              0.00000803537224221742              0.00000000000000003465 
 18              0.00028624227280796668              0.00000064226528706954             -0.00005386914123664800             -0.00000464058122499006              0.00000803667127041141              0.00000000000000003465 
 118              0.00011476693030849358             -0.00001782756005858290             -0.00002858054114354718              0.00000383261386577553              0.00003243196990743072              0.00000000000000002825 
 128              0.00012724965137643639             -0.00001923016880968262             -0.00003037865768611618              0.00000380984221633576              0.00003563053753895686              0.00000000000000002891 
 138              0.00014068958570597094             -0.00002059471324046012             -0.00003217637294046071              0.00000362448253847351              0.00003766608201609517              0.00000000000000002957 
 148              0.00015466134964148005             -0.00002186173184652259             -0.00003397373441457470              0.00000327656910165978              0.00003853861945810726              0.00000000000000003022 
 158              0.00016873958331209808             -0.00002297176928131769             -0.00003577083723728335              0.00000276608148173914              0.00003824838769053039              0.00000000000000003088 
 168              0.00018249908724441379             -0.00002386532360796985             -0.00003756807016859569              0.00000209282300976172              0.00003679565549716545              0.00000000000000003154 
 178              0.00019551453770146003             -0.00002448289126488502             -0.00003936565787241057              0.00000125699484526278              0.00003417984287414269              0.00000000000000003220 
 188              0.00020736051945318440             -0.00002476503294577327             -0.00004116365334035354              0.00000025870350495952              0.00003040091833911430              0.00000000000000003285 
 198              0.00021761160685578347             -0.00002465233955001322             -0.00004296209932235050             -0.00000090197995815583              0.00002545884908755903              0.00000000000000003351 
