 1              0.00000000000000000000              0.00000000000000000000              0.00000000000000000000              0.00000000000000000000              0.00000000000000000000              0.00000000000000000000 
 2              0.00000000000000000000              0.00000000000000000000              0.00000000000000000000              0.00000000000000000000              0.00000000000000000000              0.00000000000000000000 
 3              0.00000000000000000000              0.00000000000000000000              0.00000000000000000000              0.00000000000000000000              0.00000000000000000000              0.00000000000000000000 
 4              0.00000000000000000000              0.00000000000000000000              0.00000000000000000000              0.00000000000000000000              0.00000000000000000000              0.00000000000000000000 
 5             -0.00064785830198226392             -0.00005395329689165644             -0.00002970063760272273              0.00001682733713691077             -0.00016499802267192913              0.00000000000000452513 
 6             -0.00064785830198226392             -0.00005395329686407127             -0.00000224826328008534              0.00001682733712723422             -0.00014946675294147421              0.00000000000000452513 
 7             -0.00064785830195467878             -0.00005395329686407127             -0.00000524539003614070              0.00001677858358148858             -0.00014946675295530274              0.00000000000000452513 
 8             -0.00064785830195467878             -0.00005395329689165644             -0.00003201052157499070              0.00001677858358984026             -0.00016499802266125286              0.00000000000000452513 
 10             -0.00144798584322096218             -0.00015836605342325544             -0.00004763129372551523              0.00001460613035861142             -0.00013398234622300715             -0.00000000000000862803 
 11             -0.00144798584322096218             -0.00015836605347585193             -0.00000471036078687434              0.00001460613035294991             -0.00012878219013197492             -0.00000000000000862803 
 12             -0.00144798584327355856             -0.00015836605347585193             -0.00000910210582921806              0.00001448951512321098             -0.00012878219013804854             -0.00000000000000862803 
 13             -0.00144798584327355856             -0.00015836605342325544             -0.00005042732155587457              0.00001448951512613785             -0.00013398234620001559             -0.00000000000000862803 
 15             -0.00201031207313860562             -0.00020118905774217232             -0.00005218768832635194              0.00000437560986431783             -0.00007236180926118621             -0.00000000000000755417 
 16             -0.00201031207313860562             -0.00020118905778822256             -0.00000250225209546606              0.00000437560986446803             -0.00006682914787157502             -0.00000000000000755417 
 17             -0.00201031207318465559             -0.00020118905778822256             -0.00000722849662150485              0.00000442516032661963             -0.00006682914787195300             -0.00000000000000755417 
 18             -0.00201031207318465559             -0.00020118905774217232             -0.00005531899012249641              0.00000442516032653255             -0.00007236180926153601             -0.00000000000000755417 
 118             -0.00071531107041656488             -0.00006148451670195451             -0.00003289803722196722              0.00002410646265416370             -0.00020221563482698658              0.00000000000000320981 
 128             -0.00079395884447425928             -0.00007127323894778655             -0.00003475202969202017              0.00002912031206570611             -0.00022624605205625104              0.00000000000000189449 
 138             -0.00087945253396691644             -0.00008251407612176894             -0.00003712406582678812              0.00003205113543574502             -0.00023993867782072715              0.00000000000000057918 
 148             -0.00096867855540629100             -0.00009454936771785659             -0.00003956882608043167              0.00003358104810005001             -0.00024696486326412941             -0.00000000000000073614 
 158             -0.00105938684165432983             -0.00010694874347076010             -0.00004201112533872010              0.00003404036529583402             -0.00024804154759978123             -0.00000000000000205145 
 168             -0.00114939999321691795             -0.00011931970604238387             -0.00004445428349804026              0.00003342670453118978             -0.00024316497098823015             -0.00000000000000336677 
 178             -0.00123653236393526499             -0.00013126508178077379             -0.00004688476627433178              0.00003166214709865275             -0.00023218648582755711             -0.00000000000000468208 
 188             -0.00131812352962634390             -0.00014225290373478809             -0.00004899847081009339              0.00002813128887694752             -0.00021242088617149749             -0.00000000000000599740 
 198             -0.00139022651380755514             -0.00015155686094166484             -0.00005028115723674940              0.00002244788531819175             -0.00018022446762918498             -0.00000000000000731271 
