 1              0.00000000000000000000              0.00000000000000000000              0.00000000000000000000              0.00000000000000000000              0.00000000000000000000              0.00000000000000000000 
 2              0.00000000000000000000              0.00000000000000000000              0.00000000000000000000              0.00000000000000000000              0.00000000000000000000              0.00000000000000000000 
 3              0.00000000000000000000              0.00000000000000000000              0.00000000000000000000              0.00000000000000000000              0.00000000000000000000              0.00000000000000000000 
 4              0.00000000000000000000              0.00000000000000000000              0.00000000000000000000              0.00000000000000000000              0.00000000000000000000              0.00000000000000000000 
 5              0.00013650386052313065             -0.00009210260696398586             -0.00002430077840745378              0.00002143137098109953              0.00004211733616270630              0.00000000000000215015 
 6              0.00013650386052313065             -0.00009210260695087853             -0.00003061237275069179              0.00002143137098409127              0.00004246793158457828              0.00000000000000215015 
 7              0.00013650386053623795             -0.00009210260695087853             -0.00003204425889952276              0.00002145377461865427              0.00004246793158487384              0.00000000000000215015 
 8              0.00013650386053623795             -0.00009210260696398586             -0.00002575022676102420              0.00002145377461548455              0.00004211733616255358              0.00000000000000215015 
 10              0.00036365909115324848             -0.00016497592812983193             -0.00004093529671814685              0.00000677158268052844              0.00004645209239525380              0.00000000000000435194 
 11              0.00036365909115324848             -0.00016497592810330248             -0.00005127376071859656              0.00000677158268096850              0.00004699244837706046              0.00000000000000435194 
 12              0.00036365909117977793             -0.00016497592810330248             -0.00005296469442028214              0.00000674567063944473              0.00004699244837691435              0.00000000000000435194 
 13              0.00036365909117977793             -0.00016497592812983193             -0.00004261388021149452              0.00000674567063841740              0.00004645209239409093              0.00000000000000435194 
 15              0.00056717718106031971             -0.00016386323402896419             -0.00004874420225973034             -0.00000154515767829481              0.00002849475211422071              0.00000000000000360537 
 16              0.00056717718106031971             -0.00016386323400698584             -0.00006086507421116625             -0.00000154515767892955              0.00002948293284401116              0.00000000000000360537 
 17              0.00056717718108229801             -0.00016386323400698584             -0.00006244613267044600             -0.00000153297982284041              0.00002948293284370730              0.00000000000000360537 
 18              0.00056717718108229801             -0.00016386323402896419             -0.00005030760816537604             -0.00000153297982218649              0.00002849475211384167              0.00000000000000360537 
 118              0.00015388854030516368             -0.00010029173937105710             -0.00002738615556797693              0.00002317632598189270              0.00005246143270016783              0.00000000000000237033 
 128              0.00017454815384288595             -0.00010894922131660471             -0.00002908677338254533              0.00002403921409188480              0.00006013757365385864              0.00000000000000259051 
 138              0.00019762766651861173             -0.00011779635259747514             -0.00003079079019432882              0.00002422985254295871              0.00006572090029868428              0.00000000000000281069 
 148              0.00022237424613649929             -0.00012659509496565415             -0.00003249408375960788              0.00002377460630037191              0.00006925320896645966              0.00000000000000303087 
 158              0.00024803770457421391             -0.00013510918401168597             -0.00003419687816413663              0.00002267332521905779              0.00007073451049891555              0.00000000000000325105 
 168              0.00027386794830594171             -0.00014310232639159652             -0.00003589984743170884              0.00002092597428863516              0.00007016518907942168              0.00000000000000347123 
 178              0.00029911493014056750             -0.00015033814100580306             -0.00003760340929647898              0.00001853219100301313              0.00006754519921662839              0.00000000000000369141 
 188              0.00032302853447877119             -0.00015658013363108815             -0.00003930751148028436              0.00001548996819863348              0.00006287238329653963              0.00000000000000391158 
 198              0.00034483921031377968             -0.00016157436020557752             -0.00004099572314959882              0.00001166620381316232              0.00005599407220330813              0.00000000000000413176 
