 1              0.00000000000000000000              0.00000000000000000000              0.00000000000000000000              0.00000000000000000000              0.00000000000000000000              0.00000000000000000000 
 2              0.00000000000000000000              0.00000000000000000000              0.00000000000000000000              0.00000000000000000000              0.00000000000000000000              0.00000000000000000000 
 3              0.00000000000000000000              0.00000000000000000000              0.00000000000000000000              0.00000000000000000000              0.00000000000000000000              0.00000000000000000000 
 4              0.00000000000000000000              0.00000000000000000000              0.00000000000000000000              0.00000000000000000000              0.00000000000000000000              0.00000000000000000000 
 5             -0.00039894758960997285             -0.00022678099038587885             -0.00002962432585140747              0.00005083514939237531             -0.00010269203896091662             -0.00000000000000802247 
 6             -0.00039894758960997285             -0.00022678099043478380             -0.00001095169047368284              0.00005083514935298478             -0.00009644223210153144             -0.00000000000000802247 
 7             -0.00039894758965887785             -0.00022678099043478380             -0.00001882325697818943              0.00005174485963405175             -0.00009644223213127080             -0.00000000000000802247 
 8             -0.00039894758965887785             -0.00022678099038587885             -0.00003638738221494310              0.00005174485966536035             -0.00010269203897063907             -0.00000000000000802247 
 10             -0.00090643361981790132             -0.00045576922061801482             -0.00005079808114276499              0.00003908070850184971             -0.00010924133733214001             -0.00000000000001657829 
 11             -0.00090643361981790132             -0.00045576922071907612             -0.00002032136634459573              0.00003908070848103743             -0.00010478190366696123             -0.00000000000001657829 
 12             -0.00090643361991896263             -0.00045576922071907612             -0.00003209826189911624              0.00003927512951868239             -0.00010478190368562863             -0.00000000000001657829 
 13             -0.00090643361991896263             -0.00045576922061801482             -0.00006081191658626785              0.00003927512953569344             -0.00010924133733906602             -0.00000000000001657829 
 15             -0.00149809980850453342             -0.00063291643337570042             -0.00005143970809711991              0.00002118433648735461             -0.00007877582940624590             -0.00000000000001446212 
 16             -0.00149809980850453342             -0.00063291643346386145             -0.00001225231307786973              0.00002118433648059785             -0.00007178954603152415             -0.00000000000001446212 
 17             -0.00149809980859269467             -0.00063291643346386145             -0.00002623438221193321              0.00002152380765871227             -0.00007178954603885014             -0.00000000000001446212 
 18             -0.00149809980859269467             -0.00063291643337570042             -0.00006319047770395437              0.00002152380766513412             -0.00007877582941242106             -0.00000000000001446212 
 118             -0.00044026886432185791             -0.00024736927153313083             -0.00003858373094034211              0.00006035282107822477             -0.00012231915007541482             -0.00000000000000887805 
 128             -0.00048768162383479655             -0.00027054403539716442             -0.00004103302768900914              0.00006593176105398173             -0.00013612966628855636             -0.00000000000000973363 
 138             -0.00053931526422807373             -0.00029530853485748576             -0.00004355598947098936              0.00006915941135361116             -0.00014558485573364018             -0.00000000000001058922 
 148             -0.00059375025875297530             -0.00032092046184797510             -0.00004607166240494312              0.00007059938945000211             -0.00015148770187399879             -0.00000000000001144480 
 158             -0.00064970639669793969             -0.00034674216515523837             -0.00004858207504737742              0.00007030520048972840             -0.00015390140936628961             -0.00000000000001230038 
 168             -0.00070590612084655343             -0.00037213777259107811             -0.00005109477213261889              0.00006826984909541460             -0.00015282024415453751             -0.00000000000001315596 
 178             -0.00076107151584114464             -0.00039647065550842418             -0.00005361763609425953              0.00006449199800737783             -0.00014824312230373745             -0.00000000000001401154 
 188             -0.00081391284221944899             -0.00041909324689864101             -0.00005614723793725680              0.00005886222296304730             -0.00014005186390414950             -0.00000000000001486713 
 198             -0.00086298008275170280             -0.00043921755315405402             -0.00005859745518032215              0.00005071317771203569             -0.00012745013781725807             -0.00000000000001572271 
