 1              0.00000000000000000000              0.00000000000000000000              0.00000000000000000000              0.00000000000000000000              0.00000000000000000000              0.00000000000000000000 
 2              0.00000000000000000000              0.00000000000000000000              0.00000000000000000000              0.00000000000000000000              0.00000000000000000000              0.00000000000000000000 
 3              0.00000000000000000000              0.00000000000000000000              0.00000000000000000000              0.00000000000000000000              0.00000000000000000000              0.00000000000000000000 
 4              0.00000000000000000000              0.00000000000000000000              0.00000000000000000000              0.00000000000000000000              0.00000000000000000000              0.00000000000000000000 
 5             -0.00020107394730037217             -0.00048038962349600332             -0.00001808221554239789              0.00011601741996474164             -0.00005053011685837850             -0.00000000000000832671 
 6             -0.00020107394730037217             -0.00048038962354676295             -0.00000713103879768129              0.00011601741991277717             -0.00004956456426689109             -0.00000000000000832671 
 7             -0.00020107394735113180             -0.00048038962354676295             -0.00002755872581355871              0.00012442852327336707             -0.00004956456429966890             -0.00000000000000832671 
 8             -0.00020107394735113180             -0.00048038962349600332             -0.00003667654788339100              0.00012442852329201218             -0.00005053011688413657             -0.00000000000000832671 
 10             -0.00047640351198643396             -0.00109085443098339853             -0.00002998332775424488              0.00010575032457822978             -0.00005730699117140269             -0.00000000000001036751 
 11             -0.00047640351198643396             -0.00109085443104659885             -0.00001237883913011978              0.00010575032454703329             -0.00005634351656086377             -0.00000000000001036751 
 12             -0.00047640351204963427             -0.00109085443104659885             -0.00004488919175681710              0.00010968797102591105             -0.00005634351658368854             -0.00000000000001036751 
 13             -0.00047640351204963427             -0.00109085443098339853             -0.00005967876339685026              0.00010968797103755427             -0.00005730699119098006             -0.00000000000001036751 
 15             -0.00078958397700252105             -0.00158363387734630550             -0.00002922282104880891              0.00005908921140714160             -0.00004128915158109001             -0.00000000000001005412 
 16             -0.00078958397700252105             -0.00158363387740759545             -0.00000781763303949623              0.00005908921139421111             -0.00003998835936711754             -0.00000000000001005412 
 17             -0.00078958397706381099             -0.00158363387740759545             -0.00004637468471623909              0.00006306193301716361             -0.00003998835937691982             -0.00000000000001005412 
 18             -0.00078958397706381099             -0.00158363387734630550             -0.00006450974331671657              0.00006306193302799170             -0.00004128915159015228             -0.00000000000001005412 
 118             -0.00022211944419584388             -0.00053117077769293617             -0.00003839385684589886              0.00015194006980079206             -0.00006398191308940981             -0.00000000000000853079 
 128             -0.00024732825808036996             -0.00059030125207855519             -0.00004068424312186406              0.00017018417856945039             -0.00007329560088579168             -0.00000000000000873487 
 138             -0.00027529897256130844             -0.00065478130244791557             -0.00004322529718116341              0.00018142851601979390             -0.00007918842337128580             -0.00000000000000893895 
 148             -0.00030498265920688735             -0.00072239391642130700             -0.00004579957585419681              0.00018748605576939992             -0.00008280137679571000             -0.00000000000000914303 
 158             -0.00033563421990309228             -0.00079134957207358187             -0.00004836893373249776              0.00018877138175476185             -0.00008447942340557315             -0.00000000000000934711 
 168             -0.00036654423227970069             -0.00085990135035458339             -0.00005094027143210455              0.00018527869565828002             -0.00008421560041789115             -0.00000000000000955119 
 178             -0.00039700299410550807             -0.00092630224509507970             -0.00005352049638260604              0.00017700300544745023             -0.00008200423849291816             -0.00000000000000975527 
 188             -0.00042623417719970879             -0.00098871408769534287             -0.00005603753153372019              0.00016321452836951997             -0.00007735033953226790             -0.00000000000000995935 
 198             -0.00045314966905246341             -0.00104467418640053064             -0.00005819897389377263              0.00014149932931248032             -0.00006929200208668692             -0.00000000000001016343 
