 1              0.00000000000000000000              0.00000000000000000000              0.00000000000000000000              0.00000000000000000000              0.00000000000000000000              0.00000000000000000000 
 2              0.00000000000000000000              0.00000000000000000000              0.00000000000000000000              0.00000000000000000000              0.00000000000000000000              0.00000000000000000000 
 3              0.00000000000000000000              0.00000000000000000000              0.00000000000000000000              0.00000000000000000000              0.00000000000000000000              0.00000000000000000000 
 4              0.00000000000000000000              0.00000000000000000000              0.00000000000000000000              0.00000000000000000000              0.00000000000000000000              0.00000000000000000000 
 5             -0.00083644393427255112              0.00035423578508559614             -0.00003457544782057706             -0.00010458633877452770             -0.00018172352991907667             -0.00000000000006921497 
 6             -0.00083644393427255112              0.00035423578466366163             -0.00000323571245464059             -0.00010458633871939816             -0.00016476367565476747             -0.00000000000006921497 
 7             -0.00083644393469448552              0.00035423578466366163              0.00002572581604445571             -0.00009707456339520507             -0.00016476367552208272             -0.00000000000006921497 
 8             -0.00083644393469448552              0.00035423578508559614             -0.00001209928626041553             -0.00009707456344960505             -0.00018172352980033520             -0.00000000000006921497 
 10             -0.00164239044706214802              0.00100085404531040150             -0.00005870661168967875             -0.00012944688359066398             -0.00013974737509098430             -0.00000000000008825963 
 11             -0.00164239044706214802              0.00100085404477237095             -0.00001161379658627584             -0.00012944688354092249             -0.00013509750608713526             -0.00000000000008825963 
 12             -0.00164239044760017858              0.00100085404477237095              0.00003639556520896139             -0.00012219454119002400             -0.00013509750600657812             -0.00000000000008825963 
 13             -0.00164239044760017858              0.00100085404531040150             -0.00002022896079369222             -0.00012219454122728207             -0.00013974737501626600             -0.00000000000008825963 
 15             -0.00232618550514186425              0.00166571722078169690             -0.00005566162645207498             -0.00008364262892144100             -0.00008550521149539138             -0.00000000000008741197 
 16             -0.00232618550514186425              0.00166571722024883365              0.00000046392306904465             -0.00008364262890390848             -0.00008047169465298746             -0.00000000000008741197 
 17             -0.00232618550567472793              0.00166571722024883365              0.00005888453695374893             -0.00007940373238155809             -0.00008047169463497447             -0.00000000000008741197 
 18             -0.00232618550567472793              0.00166571722078169690             -0.00000797874599754889             -0.00007940373239930547             -0.00008550521147686392             -0.00000000000008741197 
 118             -0.00090850600316219024              0.00039792492448614564             -0.00001106508216530097             -0.00014044779623434143             -0.00021109133914362464             -0.00000000000007111944 
 128             -0.00098958010444132917              0.00045520487296930368             -0.00001130706584259014             -0.00017138434448999668             -0.00023102575479326393             -0.00000000000007302390 
 138             -0.00107633867425802445              0.00052165209964540082             -0.00001260177857664035             -0.00019056844068743165             -0.00024223404028897688             -0.00000000000007492837 
 148             -0.00116585915933362615              0.00059338968968857225             -0.00001444656993756395             -0.00020057657514929803             -0.00024632788185937444             -0.00000000000007683283 
 158             -0.00125595106015860764              0.00066771203302022348             -0.00001635484516426117             -0.00020499556716418928             -0.00024556451209187838             -0.00000000000007873730 
 168             -0.00134495589782476473              0.00074274312835084983             -0.00001826515836074082             -0.00020444985107624300             -0.00024038188124008732             -0.00000000000008064177 
 178             -0.00143113998491054863              0.00081656992288499754             -0.00002006625387818009             -0.00019811644673357030             -0.00022977728120636960             -0.00000000000008254623 
 188             -0.00151187329561887265              0.00088656597310294856             -0.00002124970018124944             -0.00018332637626937640             -0.00021042760895912383             -0.00000000000008445070 
 198             -0.00158359670923014363              0.00094929678392090429             -0.00002137475017804001             -0.00015833154740710215             -0.00018053165281444304             -0.00000000000008635516 
