 1              0.00000000000000000000              0.00000000000000000000              0.00000000000000000000              0.00000000000000000000              0.00000000000000000000              0.00000000000000000000 
 2              0.00000000000000000000              0.00000000000000000000              0.00000000000000000000              0.00000000000000000000              0.00000000000000000000              0.00000000000000000000 
 3              0.00000000000000000000              0.00000000000000000000              0.00000000000000000000              0.00000000000000000000              0.00000000000000000000              0.00000000000000000000 
 4              0.00000000000000000000              0.00000000000000000000              0.00000000000000000000              0.00000000000000000000              0.00000000000000000000              0.00000000000000000000 
 5             -0.00042032717587028309             -0.00049428386242049709             -0.00001900238305037919              0.00013040593264812073             -0.00011406923549284610             -0.00000000000000149718 
 6             -0.00042032717587028309             -0.00049428386242962390              0.00000090315366855338              0.00013040593256722236             -0.00010962472273524869             -0.00000000000000149718 
 7             -0.00042032717587940990             -0.00049428386242962390             -0.00002186575373486673              0.00013749652803730876             -0.00010962472280563614             -0.00000000000000149718 
 8             -0.00042032717587940990             -0.00049428386242049709             -0.00003839718026465822              0.00013749652806167181             -0.00011406923552430565             -0.00000000000000149718 
 10             -0.00106310608669872380             -0.00126844649322411553             -0.00002328304216142548              0.00011329877672125777             -0.00009975997362689840             -0.00000000000000369686 
 11             -0.00106310608669872380             -0.00126844649324665175              0.00001054719251865390              0.00011329877667241961             -0.00009768108522880099             -0.00000000000000369686 
 12             -0.00106310608672126002             -0.00126844649324665175             -0.00002794394354548626              0.00011634395107477786             -0.00009768108526961379             -0.00000000000000369686 
 13             -0.00106310608672126002             -0.00126844649322411553             -0.00005352527818469130              0.00011634395107461585             -0.00009975997363592887             -0.00000000000000369686 
 15             -0.00145117325929951572             -0.00169381591411622216             -0.00002618942266879392              0.00004941870541032373             -0.00004775234151503393             -0.00000000000000236011 
 16             -0.00145117325929951572             -0.00169381591413060952              0.00001149883799784869              0.00004941870540338460             -0.00004603247893507831             -0.00000000000000236011 
 17             -0.00145117325931390308             -0.00169381591413060952             -0.00003110934010488893              0.00005124932709166128             -0.00004603247894142314             -0.00000000000000236011 
 18             -0.00145117325931390308             -0.00169381591411622216             -0.00006038412749476530              0.00005124932709745860             -0.00004775234152088801             -0.00000000000000236011 
 118             -0.00046941407988547945             -0.00055361508510162174             -0.00003800279560229901              0.00018511893822123680             -0.00015286778560310050             -0.00000000000000171715 
 128             -0.00053049689434312927             -0.00062756347679733071             -0.00003911599519077942              0.00021743629655170346             -0.00017967197676151665             -0.00000000000000193712 
 138             -0.00059936026849383942             -0.00071084663874553379             -0.00004132506560645460              0.00023624944032767816             -0.00019544964798077986             -0.00000000000000215709 
 148             -0.00067241028013247084             -0.00079912367688168352             -0.00004397613823488234              0.00024518564891266588             -0.00020294190997647313             -0.00000000000000237705 
 158             -0.00074714680362250206             -0.00088938173231579087             -0.00004665695900927462              0.00024725538632688790             -0.00020483485663115415             -0.00000000000000259702 
 168             -0.00082160198511407011             -0.00097919436395073377             -0.00004933973336707765              0.00024275100411798284             -0.00020140444159240975             -0.00000000000000281699 
 178             -0.00089373561958699195             -0.00106605682992987148             -0.00005191904531748741              0.00023074602851356875             -0.00019179639612672584             -0.00000000000000303696 
 188             -0.00096067334290994750             -0.00114650830103688278             -0.00005382534493472062              0.00020739808501846264             -0.00017277235888055417             -0.00000000000000325693 
 198             -0.00101856486453159889             -0.00121580285643265915             -0.00005446669142928033              0.00016969969679915013             -0.00014231177663969597             -0.00000000000000347689 
