 1              0.00000000000000000000              0.00000000000000000000              0.00000000000000000000              0.00000000000000000000              0.00000000000000000000              0.00000000000000000000 
 2              0.00000000000000000000              0.00000000000000000000              0.00000000000000000000              0.00000000000000000000              0.00000000000000000000              0.00000000000000000000 
 3              0.00000000000000000000              0.00000000000000000000              0.00000000000000000000              0.00000000000000000000              0.00000000000000000000              0.00000000000000000000 
 4              0.00000000000000000000              0.00000000000000000000              0.00000000000000000000              0.00000000000000000000              0.00000000000000000000              0.00000000000000000000 
 5              0.00028858437738594800              0.00050522079475807903             -0.00002623219086574407             -0.00014214795972343423              0.00005984137882095304              0.00000000000000754875 
 6              0.00028858437738594800              0.00050522079480409625             -0.00003730286124274617             -0.00014214795976615858              0.00006219066777561996              0.00000000000000754875 
 7              0.00028858437743196523              0.00050522079480409625             -0.00001634625170106287             -0.00012961005853091048              0.00006219066773895056              0.00000000000000754875 
 8              0.00028858437743196523              0.00050522079475807903             -0.00000274961026910584             -0.00012961005843034498              0.00005984137876465230              0.00000000000000754875 
 10              0.00057306105973177934              0.00127408702021688971             -0.00003937958581500495             -0.00012764327599553793              0.00006260946893674307             -0.00000000000003409189 
 11              0.00057306105973177934              0.00127408702000906550             -0.00005827545502433780             -0.00012764327602602849              0.00006451575049733430             -0.00000000000003409189 
 12              0.00057306105952395514              0.00127408702000906550             -0.00002312250844323950             -0.00011891958554968501              0.00006451575047785811             -0.00000000000003409189 
 13              0.00057306105952395514              0.00127408702021688971              0.00000089027958001168             -0.00011891958546956957              0.00006260946891091746             -0.00000000000003409189 
 15              0.00097344476761211109              0.00177784882381545016             -0.00003787312563772739             -0.00006020398720497967              0.00005197105669389080             -0.00000000000003011548 
 16              0.00097344476761211109              0.00177784882363186611             -0.00006164332735033199             -0.00006020398721748011              0.00005438020965532070             -0.00000000000003011548 
 17              0.00097344476742852726              0.00177784882363186611             -0.00002117287591014605             -0.00005876064213024217              0.00005438020964570563             -0.00000000000003011548 
 18              0.00097344476742852726              0.00177784882381545016              0.00000816437750158337             -0.00005876064211649404              0.00005197105668304900             -0.00000000000003011548 
 118              0.00031232596718843098              0.00056185568302484111             -0.00000028827177532343             -0.00017854976667508503              0.00006966912338941309              0.00000000000000338469 
 128              0.00033920360616180526              0.00063383843950587219              0.00000086820629019465             -0.00021354508279627604              0.00007699037209345217             -0.00000000000000077938 
 138              0.00036830164338667192              0.00071612092112545813              0.00000080052814951560             -0.00023487725516067206              0.00008181464100813721             -0.00000000000000494344 
 148              0.00039872038362076089              0.00080397107665494249             -0.00000016651935205970             -0.00024408698974924572              0.00008419997126551062             -0.00000000000000910751 
 158              0.00042968979777370471              0.00089382196356647947             -0.00000130371135879784             -0.00024630942836738654              0.00008496130258958514             -0.00000000000001327157 
 168              0.00046073977744658649              0.00098348400013875052             -0.00000244179493636456             -0.00024304269185185254              0.00008463420640450264             -0.00000000000001743563 
 178              0.00049139166875480423              0.00107061461000688388             -0.00000330905937344469             -0.00023192556680995315              0.00008267687963600823             -0.00000000000002159970 
 188              0.00052090896976862602              0.00115136269663124310             -0.00000317848728532182             -0.00020810375658213029              0.00007841856170442293             -0.00000000000002576376 
 198              0.00054843020240925129              0.00122087876052603852             -0.00000179913143308504             -0.00017049994502027030              0.00007175656913377503             -0.00000000000002992783 
