 1              0.00000000000000000000              0.00000000000000000000              0.00000000000000000000              0.00000000000000000000              0.00000000000000000000              0.00000000000000000000 
 2              0.00000000000000000000              0.00000000000000000000              0.00000000000000000000              0.00000000000000000000              0.00000000000000000000              0.00000000000000000000 
 3              0.00000000000000000000              0.00000000000000000000              0.00000000000000000000              0.00000000000000000000              0.00000000000000000000              0.00000000000000000000 
 4              0.00000000000000000000              0.00000000000000000000              0.00000000000000000000              0.00000000000000000000              0.00000000000000000000              0.00000000000000000000 
 5              0.00070815882387955731             -0.00037920986079060284              0.00000410720523047882              0.00007052726722444399              0.00016303781696927412              0.00000000000003206106 
 6              0.00070815882387955731             -0.00037920986059515859             -0.00002344200297601487              0.00007052726727372759              0.00017889552718158125              0.00000000000003206106 
 7              0.00070815882407500145             -0.00037920986059515859             -0.00002834062403962861              0.00007064790545219257              0.00017889552719258694              0.00000000000003206106 
 8              0.00070815882407500145             -0.00037920986079060284             -0.00000213069460132634              0.00007064790539310378              0.00016303781695062446              0.00000000000003206106 
 10              0.00159419379996205736             -0.00060852941443716949              0.00000615825625784122              0.00001080149454949568              0.00011391379290351317              0.00000000000006716393 
 11              0.00159419379996205736             -0.00060852941402773811             -0.00003647021516252568              0.00001080149455969939              0.00012270598320712834              0.00000000000006716393 
 12              0.00159419380037148853             -0.00060852941402773811             -0.00004117842875781495              0.00001064374991177706              0.00012270598320626992              0.00000000000006716393 
 13              0.00159419380037148853             -0.00060852941443716949              0.00000108002901084058              0.00001064374989691941              0.00011391379285123878              0.00000000000006716393 
 15              0.00196959565277897561             -0.00055127563393515767              0.00000104303235365734             -0.00001175634426838002              0.00004451485798581488              0.00000000000006260212 
 16              0.00196959565277897561             -0.00055127563355353521             -0.00004448733991199183             -0.00001175634427250884              0.00004378607474324792              0.00000000000006260212 
 17              0.00196959565316059829             -0.00055127563355353521             -0.00004825906608176069             -0.00001150216436335585              0.00004378607473976104              0.00000000000006260212 
 18              0.00196959565316059829             -0.00055127563393515767             -0.00000302926977943397             -0.00001150216435911097              0.00004451485798172871              0.00000000000006260212 
 118              0.00077813999268952592             -0.00040605491557194610              0.00000016485330451900              0.00007570919590585301              0.00021776466322671987              0.00000000000003557134 
 128              0.00086502019657916395             -0.00043422926943773379              0.00000089369062863713              0.00007794719145173967              0.00025545583464889169              0.00000000000003908163 
 138              0.00096268497632815222             -0.00046276906302784854              0.00000023526651170857              0.00007775207618770488              0.00027674596065329997              0.00000000000004259192 
 148              0.00106571732707300723             -0.00049091982799067909             -0.00000118244387648560              0.00007598831692863403              0.00028519999734165987              0.00000000000004610221 
 158              0.00117043895035760250             -0.00051819741085662810             -0.00000266273955471003              0.00007291793447918965              0.00028630571136470520              0.00000000000004961249 
 168              0.00127429952578435226             -0.00054404410023119458             -0.00000409415356233739              0.00006798079154789923              0.00028026763292427186              0.00000000000005312278 
 178              0.00137398847186705978             -0.00056739860557170096             -0.00000494084417518610              0.00005926308161008204              0.00026303999719043457              0.00000000000005663307 
 188              0.00146452790853592637             -0.00058683093116855252             -0.00000449567920979280              0.00004660176871735689              0.00023018825997141276              0.00000000000006014336 
 198              0.00153999203881079031             -0.00060096805584336130             -0.00000251693144915823              0.00003033765440084108              0.00018058637441181432              0.00000000000006365365 
