 1              0.00000000000000000000              0.00000000000000000000              0.00000000000000000000              0.00000000000000000000              0.00000000000000000000              0.00000000000000000000 
 2              0.00000000000000000000              0.00000000000000000000              0.00000000000000000000              0.00000000000000000000              0.00000000000000000000              0.00000000000000000000 
 3              0.00000000000000000000              0.00000000000000000000              0.00000000000000000000              0.00000000000000000000              0.00000000000000000000              0.00000000000000000000 
 4              0.00000000000000000000              0.00000000000000000000              0.00000000000000000000              0.00000000000000000000              0.00000000000000000000              0.00000000000000000000 
 5              0.00001034473428369804             -0.00000115016223974748             -0.00002836452740624414             -0.00000114028996604292              0.00000327346911791767              0.00000000000000000987 
 6              0.00001034473428369804             -0.00000115016223968728             -0.00002881184335303288             -0.00000114028996608815              0.00000326597568804758              0.00000000000000000987 
 7              0.00001034473428375824             -0.00000115016223968728             -0.00002826288131194842             -0.00000114474749715533              0.00000326597568799422              0.00000000000000000987 
 8              0.00001034473428375824             -0.00000115016223974748             -0.00002781393506510027             -0.00000114474749711031              0.00000327346911786312              0.00000000000000000987 
 10              0.00002760572670850625              0.00001412243669972271             -0.00004733672069318309             -0.00000495201383597354              0.00000335410412667996              0.00000000000000001290 
 11              0.00002760572670850625              0.00001412243669980136             -0.00004805797027625147             -0.00000495201383598988              0.00000335270055317916              0.00000000000000001290 
 12              0.00002760572670858489              0.00001412243669980136             -0.00004701716451396734             -0.00000495294099246801              0.00000335270055315750              0.00000000000000001290 
 13              0.00002760572670858489              0.00001412243669972271             -0.00004629366082557736             -0.00000495294099245230              0.00000335410412665836              0.00000000000000001290 
 15              0.00004071764172497066              0.00004119116867797638             -0.00005683105033915899             -0.00000447676953868167              0.00000194354963801186              0.00000000000000001398 
 16              0.00004071764172497066              0.00004119116867806158             -0.00005765066755956881             -0.00000447676953868406              0.00000194237076666395              0.00000000000000001398 
 17              0.00004071764172505586              0.00004119116867806158             -0.00005637778078958688             -0.00000447710754864603              0.00000194237076666075              0.00000000000000001398 
 18              0.00004071764172505586              0.00004119116867797638             -0.00005555589652389909             -0.00000447710754864370              0.00000194354963800859              0.00000000000000001398 
 118              0.00001168749999934291             -0.00000054643447717059             -0.00002966257462881276             -0.00000213394881123537              0.00000404071896541001              0.00000000000000001018 
 128              0.00001328001510022647              0.00000039438525717226             -0.00003151078534010514             -0.00000298798711811718              0.00000463912333487316              0.00000000000000001048 
 138              0.00001506053319335577              0.00000162285555041923             -0.00003335860963793892             -0.00000370683830588860              0.00000506873989963133              0.00000000000000001078 
 148              0.00001696732362324847              0.00000308952960214711             -0.00003520608766619809             -0.00000429050134038971              0.00000532959043518078              0.00000000000000001108 
 158              0.00001893866871679985              0.00000474495393464636             -0.00003705329749900711             -0.00000473891546764736              0.00000542179087127324              0.00000000000000001139 
 168              0.00002091292772068609              0.00000653965978367998             -0.00003890064901911543             -0.00000505213633749023              0.00000534548125629349              0.00000000000000001169 
 178              0.00002282843605735104              0.00000842421588819077             -0.00004074832220794943             -0.00000523021016580227              0.00000510054252435936              0.00000000000000001199 
 188              0.00002462351833701149              0.00001034917686998523             -0.00004259635759815269             -0.00000527306396782836              0.00000468698455870012              0.00000000000000001230 
 198              0.00002623650313125458              0.00001226507676910920             -0.00004444478951017297             -0.00000518065942044274              0.00000410482443568723              0.00000000000000001260 
