 1              0.00000000000000000000              0.00000000000000000000              0.00000000000000000000              0.00000000000000000000              0.00000000000000000000              0.00000000000000000000 
 2              0.00000000000000000000              0.00000000000000000000              0.00000000000000000000              0.00000000000000000000              0.00000000000000000000              0.00000000000000000000 
 3              0.00000000000000000000              0.00000000000000000000              0.00000000000000000000              0.00000000000000000000              0.00000000000000000000              0.00000000000000000000 
 4              0.00000000000000000000              0.00000000000000000000              0.00000000000000000000              0.00000000000000000000              0.00000000000000000000              0.00000000000000000000 
 5              0.00003706974904166656             -0.00006355696004153630             -0.00002687400779628466              0.00001633555100405068              0.00001078431805817181              0.00000000000000001763 
 6              0.00003706974904166656             -0.00006355696004142880             -0.00002843977621612190              0.00001633555100402876              0.00001077515357008662              0.00000000000000001763 
 7              0.00003706974904177405             -0.00006355696004142880             -0.00002976588618068702              0.00001633088779547891              0.00001077515357005221              0.00000000000000001763 
 8              0.00003706974904177405             -0.00006355696004153630             -0.00002819927047849894              0.00001633088779549608              0.00001078431805814376              0.00000000000000001763 
 10              0.00009143467580760086             -0.00012741547181102555             -0.00004501825618550867              0.00000787634375683054              0.00001142913687067925              0.00000000000000002149 
 11              0.00009143467580760086             -0.00012741547181089458             -0.00004757752061768788              0.00000787634375682385              0.00001142761405391848              0.00000000000000002149 
 12              0.00009143467580773183             -0.00012741547181089458             -0.00004935322240946600              0.00000787547909298591              0.00001142761405390467              0.00000000000000002149 
 13              0.00009143467580773183             -0.00012741547181102555             -0.00004679291014639223              0.00000787547909299075              0.00001142913687066719              0.00000000000000002149 
 15              0.00014147224028959670             -0.00014103617434749731             -0.00005423116538195572              0.00000098373108782525              0.00000774948350780999              0.00000000000000002105 
 16              0.00014147224028959670             -0.00014103617434736894             -0.00005718539619921981              0.00000098373108782444              0.00000774814736769319              0.00000000000000002105 
 17              0.00014147224028972506             -0.00014103617434736894             -0.00005899832718615119              0.00000098295691176897              0.00000774814736769225              0.00000000000000002105 
 18              0.00014147224028972506             -0.00014103617434749731             -0.00005604303957269555              0.00000098295691176978              0.00000774948350780903              0.00000000000000002105 
 118              0.00004141082693705105             -0.00006992400438955373             -0.00003005928769278624              0.00001837743093220028              0.00001287779520212063              0.00000000000000001802 
 128              0.00004643511457539574             -0.00007692207038042331             -0.00003191883815064673              0.00001978135922161092              0.00001452016565129917              0.00000000000000001841 
 138              0.00005197762889960560             -0.00008431611859365806             -0.00003377797088471004              0.00002054268683708317              0.00001571150360758673              0.00000000000000001879 
 148              0.00005787340797690055             -0.00009187110366344609             -0.00003563673694854716              0.00002066134624476129              0.00001645183691175347              0.00000000000000001918 
 158              0.00006395751187093524             -0.00009935194582303239             -0.00003749525439998841              0.00002013732164542838              0.00001674144750526281              0.00000000000000001956 
 168              0.00007006522855975207             -0.00010652356662850664             -0.00003935390110070185              0.00001897040628762772              0.00001658081408758471              0.00000000000000001995 
 178              0.00007603173346717334             -0.00011315080483335748             -0.00004121292823485469              0.00001716065363108093              0.00001596927574198706              0.00000000000000002033 
 188              0.00008169209611452095             -0.00011899857221053847             -0.00004307240594999397              0.00001470821767069337              0.00001490680908870580              0.00000000000000002072 
 198              0.00008688138603745951             -0.00012383180973148643             -0.00004493238231566902              0.00001161314155120989              0.00001339341919773113              0.00000000000000002110 
