 1              0.00000000000000000000              0.00000000000000000000              0.00000000000000000000              0.00000000000000000000              0.00000000000000000000              0.00000000000000000000 
 2              0.00000000000000000000              0.00000000000000000000              0.00000000000000000000              0.00000000000000000000              0.00000000000000000000              0.00000000000000000000 
 3              0.00000000000000000000              0.00000000000000000000              0.00000000000000000000              0.00000000000000000000              0.00000000000000000000              0.00000000000000000000 
 4              0.00000000000000000000              0.00000000000000000000              0.00000000000000000000              0.00000000000000000000              0.00000000000000000000              0.00000000000000000000 
 5             -0.00026872495408250291             -0.00071974236540859541             -0.00000415854877718006              0.00015717201555024232             -0.00006040062299316633             -0.00000000000001006694 
 6             -0.00026872495408250291             -0.00071974236546996342              0.00001019591520800173              0.00015717201548441070             -0.00005890575900337299             -0.00000000000001006694 
 7             -0.00026872495414387103             -0.00071974236546996342             -0.00002350532114216451              0.00017507129078430755             -0.00005890575904841593             -0.00000000000001006694 
 8             -0.00026872495414387103             -0.00071974236540859541             -0.00003457184002226769              0.00017507129081351805             -0.00006040062303356380             -0.00000000000001006694 
 10             -0.00057307637380467986             -0.00155817901545249435             -0.00000973970431469625              0.00014223631592749121             -0.00005913156844328758             -0.00000000000001095017 
 11             -0.00057307637380467986             -0.00155817901551924651              0.00001242763409989612              0.00014223631588467661             -0.00005855619311555720             -0.00000000000001095017 
 12             -0.00057307637387143202             -0.00155817901551924651             -0.00003990199016171913              0.00014908787830159552             -0.00005855619313941152             -0.00000000000001095017 
 13             -0.00057307637387143202             -0.00155817901545249435             -0.00005678333316208095              0.00014908787830809165             -0.00005913156846243666             -0.00000000000001095017 
 15             -0.00089528672628214491             -0.00225536362559455687             -0.00000112577055206119              0.00008142278109360982             -0.00004141760155590630             -0.00000000000001282255 
 16             -0.00089528672628214491             -0.00225536362567272351              0.00002533441719685387              0.00008142278108104272             -0.00004029134931000650             -0.00000000000001282255 
 17             -0.00089528672636031111             -0.00225536362567272351             -0.00003689878449372860              0.00008837788954628606             -0.00004029134931924423             -0.00000000000001282255 
 18             -0.00089528672636031111             -0.00225536362559455687             -0.00005744224631842906              0.00008837788955790781             -0.00004141760156443316             -0.00000000000001282255 
 118             -0.00029342654919799205             -0.00079075783276088727             -0.00003590201223191081              0.00021159614685565634             -0.00007409387422551554             -0.00000000000001015527 
 128             -0.00032234376010566732             -0.00087278632798313757             -0.00003812351190809983              0.00023535113791339828             -0.00008345512714589575             -0.00000000000001024359 
 138             -0.00035398330301756220             -0.00096165907352925421             -0.00004078634925752364              0.00024933318328436947             -0.00008903427831859949             -0.00000000000001033191 
 148             -0.00038717069700859130             -0.00105436973308978559             -0.00004351565683620400              0.00025661720921901857             -0.00009210307019463950             -0.00000000000001042023 
 158             -0.00042111621867265206             -0.00114865140463215319             -0.00004623992961387002              0.00025792405361625117             -0.00009318025065643120             -0.00000000000001050856 
 168             -0.00045509052889968577             -0.00124231680958822571             -0.00004896640772650089              0.00025324810498251354             -0.00009226125279297186             -0.00000000000001059688 
 178             -0.00048835968112333553             -0.00133317299798483180             -0.00005169299977785354              0.00024249549473379640             -0.00008927225275323221             -0.00000000000001068520 
 188             -0.00052001003804305059             -0.00141870718098363732             -0.00005420665035848543              0.00022371792017604467             -0.00008325166605163836             -0.00000000000001077353 
 198             -0.00054874768397883248             -0.00149526531194570816             -0.00005602131330081831              0.00019326447493386170             -0.00007332984082483963             -0.00000000000001086185 
