 1              0.00000000000000000000              0.00000000000000000000              0.00000000000000000000              0.00000000000000000000              0.00000000000000000000              0.00000000000000000000 
 2              0.00000000000000000000              0.00000000000000000000              0.00000000000000000000              0.00000000000000000000              0.00000000000000000000              0.00000000000000000000 
 3              0.00000000000000000000              0.00000000000000000000              0.00000000000000000000              0.00000000000000000000              0.00000000000000000000              0.00000000000000000000 
 4              0.00000000000000000000              0.00000000000000000000              0.00000000000000000000              0.00000000000000000000              0.00000000000000000000              0.00000000000000000000 
 5             -0.00010163812115764306              0.00012532670871130843             -0.00003137033884282290             -0.00003255671144800522             -0.00002799438763995353              0.00000000000000018867 
 6             -0.00010163812115764306              0.00012532670871245860             -0.00002813553540521065             -0.00003255671144704259             -0.00002791198779065567              0.00000000000000018867 
 7             -0.00010163812115649291              0.00012532670871245860             -0.00002495517407723911             -0.00003246062706106302             -0.00002791198778945066              0.00000000000000018867 
 8             -0.00010163812115649291              0.00012532670871130843             -0.00002821469633229763             -0.00003246062706232809             -0.00002799438763899563              0.00000000000000018867 
 10             -0.00022940035717130636              0.00025992153481374427             -0.00005173552328258195             -0.00001970434277641571             -0.00002185770680108438              0.00000000000000008490 
 11             -0.00022940035717130636              0.00025992153481426187             -0.00004680330350639037             -0.00001970434277588334             -0.00002183545742244019              0.00000000000000008490 
 12             -0.00022940035717078876              0.00025992153481426187             -0.00004224819965592648             -0.00001966596796280762             -0.00002183545742187330              0.00000000000000008490 
 13             -0.00022940035717078876              0.00025992153481374427             -0.00004720330211372447             -0.00001966596796327422             -0.00002185770680042555              0.00000000000000008490 
 15             -0.00030610725276273296              0.00031499669253247646             -0.00006159253062643670             -0.00000682004023839095             -0.00001082695917107715              0.00000000000000011571 
 16             -0.00030610725276273296              0.00031499669253318185             -0.00005611713347396163             -0.00000682004023828119             -0.00001081384936153082              0.00000000000000011571 
 17             -0.00030610725276202758              0.00031499669253318185             -0.00005123243237225246             -0.00000682336468931670             -0.00001081384936145603              0.00000000000000011571 
 18             -0.00030610725276202758              0.00031499669253247646             -0.00005673051725888160             -0.00000682336468943238             -0.00001082695917101134              0.00000000000000011571 
 118             -0.00011278173757269110              0.00013805664922806251             -0.00003011768511452489             -0.00003693111859947691             -0.00003273775761140572              0.00000000000000017830 
 128             -0.00012544211201080427              0.00015218759567028133             -0.00003202084324313456             -0.00004012646984785439             -0.00003629317402900361              0.00000000000000016792 
 138             -0.00013918691886780977              0.00016725533407361894             -0.00003392352410949867             -0.00004205352185542083             -0.00003866747438987318              0.00000000000000015754 
 148             -0.00015358411786699349              0.00018279593447203645             -0.00003582580502161748             -0.00004271211256082923             -0.00003986048108556261              0.00000000000000014717 
 158             -0.00016820162108845206              0.00019834546248181497             -0.00003772780104417836             -0.00004210231847643162             -0.00003987197512719894              0.00000000000000013679 
 168             -0.00018260713496371148              0.00021343998895794269             -0.00003962997595060835             -0.00004022416634766316             -0.00003870141263574128              0.00000000000000012641 
 178             -0.00019636844015982036              0.00022761559445441828             -0.00004153265584176305             -0.00003707757619364545             -0.00003634941939804740              0.00000000000000011604 
 188             -0.00020905342696519153              0.00024040832827731108             -0.00004343592427514371             -0.00003266253817993004             -0.00003281603417003379              0.00000000000000010566 
 198             -0.00022022562152298165              0.00025134980133885670             -0.00004533485212923374             -0.00002693291405666265             -0.00002805599133272745              0.00000000000000009528 
