 1              0.00000000000000000000              0.00000000000000000000              0.00000000000000000000              0.00000000000000000000              0.00000000000000000000              0.00000000000000000000 
 2              0.00000000000000000000              0.00000000000000000000              0.00000000000000000000              0.00000000000000000000              0.00000000000000000000              0.00000000000000000000 
 3              0.00000000000000000000              0.00000000000000000000              0.00000000000000000000              0.00000000000000000000              0.00000000000000000000              0.00000000000000000000 
 4              0.00000000000000000000              0.00000000000000000000              0.00000000000000000000              0.00000000000000000000              0.00000000000000000000              0.00000000000000000000 
 5              0.00007705247887857996             -0.00001039427639940384             -0.00002689844289897561              0.00000533447310169712              0.00001899367240731589              0.00000000000000001761 
 6              0.00007705247887857996             -0.00001039427639929649             -0.00002830604865625483              0.00000533447310167513              0.00001898448812329712              0.00000000000000001761 
 7              0.00007705247887868729             -0.00001039427639929649             -0.00002974144811284913              0.00000532957156316486              0.00001898448812326270              0.00000000000000001761 
 8              0.00007705247887868729             -0.00001039427639940384             -0.00002833298480451706              0.00000532957156318193              0.00001899367240728809              0.00000000000000001761 
 10              0.00014641741027179449             -0.00005268958338674348             -0.00004499142920745178              0.00001200071266481462              0.00000768736975704414              0.00000000000000002130 
 11              0.00014641741027179449             -0.00005268958338661364             -0.00004678662630630619              0.00001200071266480693              0.00000768586875764427              0.00000000000000002130 
 12              0.00014641741027192432             -0.00005268958338661364             -0.00004938002767161233              0.00001200092425956411              0.00000768586875761845              0.00000000000000002130 
 13              0.00014641741027192432             -0.00005268958338674348             -0.00004758377136958931              0.00001200092425956918              0.00000768736975702069              0.00000000000000002130 
 15              0.00015523315754581551             -0.00011531602054267385             -0.00005416298056944311              0.00001023669696981423              0.00000002919221724555              0.00000000000000002917 
 16              0.00015523315754581551             -0.00011531602054249604             -0.00005594384009799204              0.00001023669696981309              0.00000002787119590990              0.00000000000000002917 
 17              0.00015523315754599332             -0.00011531602054249604             -0.00005906619908102513              0.00001023646014417016              0.00000002787119590342              0.00000000000000002917 
 18              0.00015523315754599332             -0.00011531602054267385             -0.00005728425674087695              0.00001023646014417096              0.00000002919221723935              0.00000000000000002917 
 118              0.00008436887866371655             -0.00001276243690043686             -0.00003025871788611461              0.00000756173433545556              0.00002090035356419392              0.00000000000000001798 
 128              0.00009225918753283372             -0.00001588344252706457             -0.00003218398421128535              0.00000944618189318194              0.00002213185672955674              0.00000000000000001835 
 138              0.00010047646611133897             -0.00001963011634847325             -0.00003410883281265891              0.00001098292840971621              0.00002268825610528394              0.00000000000000001872 
 148              0.00010877379614895488             -0.00002387527548852430             -0.00003603331474380628              0.00001217190635120265              0.00002256957953214563              0.00000000000000001909 
 158              0.00011690428144574952             -0.00002849170269690243             -0.00003795754774020636              0.00001301310147843752              0.00002177611209365510              0.00000000000000001945 
 168              0.00012462126336298412             -0.00003335218591217432             -0.00003988190560826239              0.00001350632065051036              0.00002030836233239989              0.00000000000000001982 
 178              0.00013167795638147759             -0.00003832942850692077             -0.00004180664669437507              0.00001365160275566175              0.00001816560288754881              0.00000000000000002019 
 188              0.00013782746927737399             -0.00004329620450453254             -0.00004373183864904646              0.00001344909905973157              0.00001534784280047565              0.00000000000000002056 
 198              0.00014282291515745784             -0.00004812531714212035             -0.00004565752927431717              0.00001289885497227239              0.00001185508815025498              0.00000000000000002093 
