 1              0.00000000000000000000              0.00000000000000000000              0.00000000000000000000              0.00000000000000000000              0.00000000000000000000              0.00000000000000000000 
 2              0.00000000000000000000              0.00000000000000000000              0.00000000000000000000              0.00000000000000000000              0.00000000000000000000              0.00000000000000000000 
 3              0.00000000000000000000              0.00000000000000000000              0.00000000000000000000              0.00000000000000000000              0.00000000000000000000              0.00000000000000000000 
 4              0.00000000000000000000              0.00000000000000000000              0.00000000000000000000              0.00000000000000000000              0.00000000000000000000              0.00000000000000000000 
 5              0.00002619324649493536              0.00006254557578730388             -0.00002868182000189640             -0.00001444856067472589              0.00000415261253165512              0.00000000000000001461 
 6              0.00002619324649493536              0.00006254557578739295             -0.00002865921034883694             -0.00001444856067481572              0.00000413879789791313              0.00000000000000001461 
 7              0.00002619324649502442              0.00006254557578739295             -0.00002798606517885766             -0.00001445750240954187              0.00000413879789780007              0.00000000000000001461 
 8              0.00002619324649502442              0.00006254557578730388             -0.00002800427050490597             -0.00001445750240944747              0.00000415261253153225              0.00000000000000001461 
 10              0.00002746354388569751              0.00010710045181791904             -0.00004762685672742570             -0.00000214160616467329             -0.00000211185783507002              0.00000000000000003188 
 11              0.00002746354388569751              0.00010710045181811339             -0.00004735806867503049             -0.00000214160616471238             -0.00000211498682681871              0.00000000000000003188 
 12              0.00002746354388589186              0.00010710045181811339             -0.00004679054039937007             -0.00000214434732631034             -0.00000211498682687773              0.00000000000000003188 
 13              0.00002746354388589186              0.00010710045181791904             -0.00004705343333671742             -0.00000214434732627145             -0.00000211185783513076              0.00000000000000003188 
 15              0.00001297859226395780              0.00009069423681233876             -0.00005701863342865716              0.00000392986301371977             -0.00000250978825671734              0.00000000000000003301 
 16              0.00001297859226395780              0.00009069423681254002             -0.00005661699570812621              0.00000392986301371699             -0.00000251119661987045              0.00000000000000003301 
 17              0.00001297859226415906              0.00009069423681254002             -0.00005626616970489581              0.00000392820970278594             -0.00000251119661987525              0.00000000000000003301 
 18              0.00001297859226415906              0.00009069423681233876             -0.00005666197219564624              0.00000392820970278902             -0.00000250978825672226              0.00000000000000003301 
 118              0.00002752857051438147              0.00006800594874994368             -0.00002991083973310546             -0.00001532242603326387              0.00000316255534689721              0.00000000000000001634 
 128              0.00002851659598579091              0.00007369740069813333             -0.00003181628502084548             -0.00001572108629964370              0.00000225353086806115              0.00000000000000001806 
 138              0.00002918692660755048              0.00007944942049990351             -0.00003372086325175927             -0.00001565368221667427              0.00000142533299664341              0.00000000000000001979 
 148              0.00002956908566498819              0.00008509158479363379             -0.00003562474345152643             -0.00001512040667834775              0.00000067776708010334              0.00000000000000002152 
 158              0.00002969253092152436              0.00009045352576962148             -0.00003752812520520888             -0.00001412143881457735              0.00000001072421260322              0.00000000000000002325 
 168              0.00002958681595842547              0.00009536493811217212             -0.00003943165225577686             -0.00001265693217936977             -0.00000057531429237169              0.00000000000000002497 
 178              0.00002928153319974266              0.00009965557893678822             -0.00004133576880220642             -0.00001072700465951138             -0.00000108054005478687              0.00000000000000002670 
 188              0.00002880621250398604              0.00010315521124496378             -0.00004324063890993194             -0.00000833164469330185             -0.00000150509996985185              0.00000000000000002843 
 198              0.00002819036298459896              0.00010569359417865594             -0.00004514643716548343             -0.00000547080777928580             -0.00000184893034583851              0.00000000000000003015 
