 1              0.00000000000000000000              0.00000000000000000000              0.00000000000000000000              0.00000000000000000000              0.00000000000000000000              0.00000000000000000000 
 2              0.00000000000000000000              0.00000000000000000000              0.00000000000000000000              0.00000000000000000000              0.00000000000000000000              0.00000000000000000000 
 3              0.00000000000000000000              0.00000000000000000000              0.00000000000000000000              0.00000000000000000000              0.00000000000000000000              0.00000000000000000000 
 4              0.00000000000000000000              0.00000000000000000000              0.00000000000000000000              0.00000000000000000000              0.00000000000000000000              0.00000000000000000000 
 5              0.00005789479224374124             -0.00005417641835019647             -0.00002609709656166923              0.00001837612558170135              0.00001467343136670973              0.00000000000000001816 
 6              0.00005789479224374124             -0.00005417641835008575             -0.00002744391328134573              0.00001837612558168115              0.00001466446528789311              0.00000000000000001816 
 7              0.00005789479224385196             -0.00005417641835008575             -0.00003054289861815581              0.00001836811572463957              0.00001466446528785947              0.00000000000000001816 
 8              0.00005789479224385196             -0.00005417641835019647             -0.00002919515503769993              0.00001836811572465711              0.00001467343136668082              0.00000000000000001816 
 10              0.00011585737311644651             -0.00016131163920390172             -0.00004361869671171577              0.00002411654945852589              0.00000827765007585864              0.00000000000000002186 
 11              0.00011585737311644651             -0.00016131163920376848             -0.00004552668921296565              0.00002411654945862271              0.00000827565937728542              0.00000000000000002186 
 12              0.00011585737311657979             -0.00016131163920376848             -0.00005075318765123250              0.00002413036044576544              0.00000827565937730064              0.00000000000000002186 
 13              0.00011585737311657979             -0.00016131163920390172             -0.00004884404732133775              0.00002413036044572960              0.00000827765007586305              0.00000000000000002186 
 15              0.00013843049131140927             -0.00027033045341662553             -0.00005249695303758724              0.00001680700972041498              0.00000269145956052614              0.00000000000000002760 
 16              0.00013843049131140927             -0.00027033045341645726             -0.00005453753372165452              0.00001680700972056050              0.00000269408467150749              0.00000000000000002760 
 17              0.00013843049131157748             -0.00027033045341645726             -0.00006064612373300366              0.00001692384745734674              0.00000269408467165912              0.00000000000000002760 
 18              0.00013843049131157748             -0.00027033045341662553             -0.00005860658440171649              0.00001692384745726040              0.00000269145956068068              0.00000000000000002760 
 118              0.00006359255327946398             -0.00006182370828166127             -0.00003116074369529596              0.00002328694589883388              0.00001639482278611668              0.00000000000000001853 
 128              0.00006982394151401172             -0.00007109363579514017             -0.00003312585379483879              0.00002724080738476822              0.00001759135216109735              0.00000000000000001890 
 138              0.00007639699657442864             -0.00008163325448722602             -0.00003509053208349259              0.00003022969709560328              0.00001826308758578983              0.00000000000000001927 
 148              0.00008311977530109625             -0.00009308960573815605             -0.00003705482810923734              0.00003225353278998535              0.00001841004492379578              0.00000000000000001964 
 158              0.00008980035003469348             -0.00010510968570777462             -0.00003901885708659300              0.00003331224774611188              0.00001803247917269773              0.00000000000000002001 
 168              0.00009624701591794951             -0.00011734050774799787             -0.00004098301265219840              0.00003340583436453160              0.00001713088336311976              0.00000000000000002038 
 178              0.00010226796322930981             -0.00012942906286827287             -0.00004294755069425191              0.00003253435553136107              0.00001570460591844241              0.00000000000000002075 
 188              0.00010767127865590505             -0.00014102238989322012             -0.00004491253470006437              0.00003069790340977355              0.00001375363400475027              0.00000000000000002112 
 198              0.00011226505157928758             -0.00015176755272245217             -0.00004687801528604498              0.00002789654869030427              0.00001127797290252827              0.00000000000000002149 
