 1              0.00000000000000000000              0.00000000000000000000              0.00000000000000000000              0.00000000000000000000              0.00000000000000000000              0.00000000000000000000 
 2              0.00000000000000000000              0.00000000000000000000              0.00000000000000000000              0.00000000000000000000              0.00000000000000000000              0.00000000000000000000 
 3              0.00000000000000000000              0.00000000000000000000              0.00000000000000000000              0.00000000000000000000              0.00000000000000000000              0.00000000000000000000 
 4              0.00000000000000000000              0.00000000000000000000              0.00000000000000000000              0.00000000000000000000              0.00000000000000000000              0.00000000000000000000 
 5              0.00024537248286724862             -0.00047796925241649837             -0.00000891525994524317              0.00011436422875912960              0.00005633730915993551              0.00000000000000176186 
 6              0.00024537248286724862             -0.00047796925240575804             -0.00001809820362919360              0.00011436422880036733              0.00005790208630246560              0.00000000000000176186 
 7              0.00024537248287798895             -0.00047796925240575804             -0.00003351106520805827              0.00012102813822450577              0.00005790208633112554              0.00000000000000176186 
 8              0.00024537248287798895             -0.00047796925241649837             -0.00002568934478438683              0.00012102813818493395              0.00005633730919057898              0.00000000000000176186 
 10              0.00051435225802695390             -0.00104016959041112978             -0.00001678342510725064              0.00008286599829697010              0.00004448435528212227              0.00000000000001764244 
 11              0.00051435225802695390             -0.00104016959030358170             -0.00003061978490142541              0.00008286599831653536              0.00004529456671414561              0.00000000000001764244 
 12              0.00051435225813450220             -0.00104016959030358170             -0.00005410265148185283              0.00008392941527060450              0.00004529456672671205              0.00000000000001764244 
 13              0.00051435225813450220             -0.00104016959041112978             -0.00004124727702910985              0.00008392941523218013              0.00004448435529023821              0.00000000000001764244 
 15              0.00070102328232659922             -0.00132828782458023356             -0.00002226598292219799              0.00003514866638847532              0.00002454069026703156              0.00000000000001686096 
 16              0.00070102328232659922             -0.00132828782447744903             -0.00003771269602214037              0.00003514866639342855              0.00002489697185406989              0.00000000000001686096 
 17              0.00070102328242938354             -0.00132828782447744903             -0.00006339254001853280              0.00003623203865034457              0.00002489697185827072              0.00000000000001686096 
 18              0.00070102328242938354             -0.00132828782458023356             -0.00004902840909263600              0.00003623203864631245              0.00002454069027184588              0.00000000000001686096 
 118              0.00026827581496856746             -0.00052707084450863472             -0.00002672330497599018              0.00014625021110633072              0.00006836775134711009              0.00000000000000334992 
 128              0.00029483672072392724             -0.00058370369432480141             -0.00002840470314873007              0.00016227042149074520              0.00007632667335438045              0.00000000000000493798 
 138              0.00032366783464746592             -0.00064489794044565642             -0.00003037873789229353              0.00017143306231181768              0.00008087047196285710              0.00000000000000652603 
 148              0.00035372587076213036             -0.00070853025697375149             -0.00003239091753941008              0.00017577015138225534              0.00008316200075672570              0.00000000000000811409 
 158              0.00038426327445705791             -0.00077293424091642296             -0.00003440159387220322              0.00017565254845725608              0.00008349165426981593              0.00000000000000970215 
 168              0.00041456247712974857             -0.00083648059489228443             -0.00003641271586699417              0.00017108112672526151              0.00008185902579395413              0.00000000000001129021 
 178              0.00044388065539505297             -0.00089750927464925636             -0.00003838986040852821              0.00016172670718539477              0.00007801327559975619              0.00000000000001287826 
 188              0.00047120405698365214             -0.00095390367234008994             -0.00004007424519205822              0.00014548369563743312              0.00007086290997350458              0.00000000000001446632 
 198              0.00049518994943451326             -0.00100266477137170708             -0.00004110101398735011              0.00011993101935068153              0.00005976533680313057              0.00000000000001605438 
