 1              0.00000000000000000000              0.00000000000000000000              0.00000000000000000000              0.00000000000000000000              0.00000000000000000000              0.00000000000000000000 
 2              0.00000000000000000000              0.00000000000000000000              0.00000000000000000000              0.00000000000000000000              0.00000000000000000000              0.00000000000000000000 
 3              0.00000000000000000000              0.00000000000000000000              0.00000000000000000000              0.00000000000000000000              0.00000000000000000000              0.00000000000000000000 
 4              0.00000000000000000000              0.00000000000000000000              0.00000000000000000000              0.00000000000000000000              0.00000000000000000000              0.00000000000000000000 
 5             -0.00085430728307165065             -0.00040056703214785171             -0.00001827843914632727              0.00010191911357335883             -0.00022297367999470961              0.00000000000002176336 
 6             -0.00085430728307165065             -0.00040056703201518223              0.00002264227099330483              0.00010191911350644704             -0.00020151507811248714              0.00000000000002176336 
 7             -0.00085430728293898117             -0.00040056703201518223              0.00000042769182504288              0.00010507892003964324             -0.00020151507822549594              0.00000000000002176336 
 8             -0.00085430728293898117             -0.00040056703214785171             -0.00003509416219752254              0.00010507892008208506             -0.00022297368001690038              0.00000000000002176336 
 10             -0.00205591923429275817             -0.00101040825019444954             -0.00001786693750264634              0.00008881489009767681             -0.00016818840336988702              0.00000000000001511099 
 11             -0.00205591923429275817             -0.00101040825010233312              0.00005088994712479601              0.00008881489005891944             -0.00016215432135829679              0.00000000000001511099 
 12             -0.00205591923420064175             -0.00101040825010233312              0.00001395686693668071              0.00008945157659643327             -0.00016215432140972213              0.00000000000001511099 
 13             -0.00205591923420064175             -0.00101040825019444954             -0.00004266081835688831              0.00008945157660989198             -0.00016818840334484794              0.00000000000001511099 
 15             -0.00264090000857563831             -0.00134924784529897755             -0.00002054094426750018              0.00003960050168449209             -0.00006999356014344948              0.00000000000001352053 
 16             -0.00264090000857563831             -0.00134924784521655650              0.00005416830942583460              0.00003960050168187892             -0.00006661934425040195              0.00000000000001352053 
 17             -0.00264090000849321726             -0.00134924784521655650              0.00001399353028335409              0.00004077114150997081             -0.00006661934425455601              0.00000000000001352053 
 18             -0.00264090000849321726             -0.00134924784529897755             -0.00004845067965345568              0.00004077114151254298             -0.00006999356014657338              0.00000000000001352053 
 118             -0.00094944288478840204             -0.00044630449768117743             -0.00003308098555707305              0.00014362787055393134             -0.00029464169913193393              0.00000000000002109813 
 128             -0.00106656212398337441             -0.00050408456746672001             -0.00003324764907370269              0.00017093993090790718             -0.00034319051544594455              0.00000000000002043289 
 138             -0.00119753481164978004             -0.00056984877650119545             -0.00003518979538056668              0.00018727145208614126             -0.00037045862721188892              0.00000000000001976765 
 148             -0.00133554203988170157             -0.00063988979900954292             -0.00003792429459412734              0.00019461459207078537             -0.00038227395448580970              0.00000000000001910241 
 158             -0.00147597629044265424             -0.00071156051609045908             -0.00004072318013518943              0.00019645054074142647             -0.00038405635165606481              0.00000000000001843718 
 168             -0.00161533492550686099             -0.00078298523000752533             -0.00004352022677087559              0.00019324328228651893             -0.00037636253321780448              0.00000000000001777194 
 178             -0.00174976710757275208             -0.00085205233913073267             -0.00004597583940101639              0.00018309286757936359             -0.00035633970497085963              0.00000000000001710670 
 188             -0.00187331827660782769             -0.00091557299603869545             -0.00004700418904735630              0.00016287286349784603             -0.00031666255869254307              0.00000000000001644146 
 198             -0.00197819399108647553             -0.00096970287217973080             -0.00004597004042987704              0.00013172394531843845             -0.00025421607490156838              0.00000000000001577623 
