 1              0.00000000000000000000              0.00000000000000000000              0.00000000000000000000              0.00000000000000000000              0.00000000000000000000              0.00000000000000000000 
 2              0.00000000000000000000              0.00000000000000000000              0.00000000000000000000              0.00000000000000000000              0.00000000000000000000              0.00000000000000000000 
 3              0.00000000000000000000              0.00000000000000000000              0.00000000000000000000              0.00000000000000000000              0.00000000000000000000              0.00000000000000000000 
 4              0.00000000000000000000              0.00000000000000000000              0.00000000000000000000              0.00000000000000000000              0.00000000000000000000              0.00000000000000000000 
 5             -0.00013463348706591738              0.00009937125746342838             -0.00003251684266498381             -0.00002840771075052277             -0.00003894275236516406              0.00000000000000044080 
 6             -0.00013463348706591738              0.00009937125746611549             -0.00002745311609066722             -0.00002840771074814663             -0.00003870533919256524              0.00000000000000044080 
 7             -0.00013463348706323024              0.00009937125746611549             -0.00002379334608029130             -0.00002825090430106364             -0.00003870533918987506              0.00000000000000044080 
 8             -0.00013463348706323024              0.00009937125746342838             -0.00002890165568331335             -0.00002825090430395443             -0.00003894275236316121              0.00000000000000044080 
 10             -0.00032599612306954284              0.00023759852898694176             -0.00005380665880621314             -0.00002566981427231697             -0.00003608248357829318              0.00000000000000039792 
 11             -0.00032599612306954284              0.00023759852898936750             -0.00004578340097440550             -0.00002566981426992608             -0.00003592646862392980              0.00000000000000039792 
 12             -0.00032599612306711704              0.00023759852898936750             -0.00004001738616168393             -0.00002553936547280472             -0.00003592646862129446              0.00000000000000039792 
 13             -0.00032599612306711704              0.00023759852898694176             -0.00004809409217920176             -0.00002553936547543276             -0.00003608248357596857              0.00000000000000039792 
 15             -0.00046880468250926153              0.00033817974950851642             -0.00006379520927590812             -0.00001402987259211788             -0.00002029316506866045              0.00000000000000062287 
 16             -0.00046880468250926153              0.00033817974951231341             -0.00005466735893112258             -0.00001402987259042873             -0.00001997000299850623              0.00000000000000062287 
 17             -0.00046880468250546454              0.00033817974951231341             -0.00004813217192716490             -0.00001388297673745263             -0.00001997000299693343              0.00000000000000062287 
 18             -0.00046880468250546454              0.00033817974950851642             -0.00005732357614972593             -0.00001388297673928100             -0.00002029316506726839              0.00000000000000062287 
 118             -0.00015037475319679407              0.00011080135939686916             -0.00003079667403631175             -0.00003397190080157465             -0.00004676874839324062              0.00000000000000043651 
 128             -0.00016859809579292394              0.00012403426972039296             -0.00003272434278928043             -0.00003816108556914541             -0.00005257410233985904              0.00000000000000043223 
 138             -0.00018862146602971434              0.00013856140557099269             -0.00003465403540297032             -0.00004106412371674458             -0.00005662740953801878              0.00000000000000042794 
 148             -0.00020981178403642526              0.00015391978257800812             -0.00003658307682841501             -0.00004270637911198607             -0.00005895504679603727              0.00000000000000042365 
 158             -0.00023153790003310013              0.00016964830330302847             -0.00003851167567957421             -0.00004308814022316101             -0.00005955714202830866              0.00000000000000041936 
 168             -0.00025316853506841016              0.00018528593871175306             -0.00004044043173384876             -0.00004220939670412939             -0.00005843295401445861              0.00000000000000041507 
 178             -0.00027407237262400342              0.00020037160798707886             -0.00004236977608850938             -0.00004006992311184971             -0.00005558301248410625              0.00000000000000041079 
 188             -0.00029361823346664217              0.00021444418410982973             -0.00004429986327094475             -0.00003666974284719918             -0.00005100745128244760              0.00000000000000040650 
 198             -0.00031116668251801355              0.00022703464949933990             -0.00004622198401820569             -0.00003193158288222432             -0.00004462478974878727              0.00000000000000040221 
