 1              0.00000000000000000000              0.00000000000000000000              0.00000000000000000000              0.00000000000000000000              0.00000000000000000000              0.00000000000000000000 
 2              0.00000000000000000000              0.00000000000000000000              0.00000000000000000000              0.00000000000000000000              0.00000000000000000000              0.00000000000000000000 
 3              0.00000000000000000000              0.00000000000000000000              0.00000000000000000000              0.00000000000000000000              0.00000000000000000000              0.00000000000000000000 
 4              0.00000000000000000000              0.00000000000000000000              0.00000000000000000000              0.00000000000000000000              0.00000000000000000000              0.00000000000000000000 
 5              0.00000463531649059503              0.00001946120781383898             -0.00002912360703454404             -0.00000616863415025266             -0.00000100680036401737              0.00000000000000000454 
 6              0.00000463531649059503              0.00001946120781386665             -0.00002845943001092398             -0.00000616863415029284             -0.00000101142492537647              0.00000000000000000454 
 7              0.00000463531649062269              0.00001946120781386665             -0.00002749505941162320             -0.00000617327589196168             -0.00000101142492542048              0.00000000000000000454 
 8              0.00000463531649062269              0.00001946120781383898             -0.00002815774816422329             -0.00000617327589192764             -0.00000100680036405443              0.00000000000000000454 
 10             -0.00001469178936370534              0.00005326183293089054             -0.00004861095364364685             -0.00000731056614714094             -0.00000626473211700104              0.00000000000000000606 
 11             -0.00001469178936370534              0.00005326183293092747             -0.00004733166815800243             -0.00000731056614715509             -0.00000626556968300257              0.00000000000000000606 
 12             -0.00001469178936366841              0.00005326183293092747             -0.00004572984103719340             -0.00000731158855866914             -0.00000626556968301985              0.00000000000000000606 
 13             -0.00001469178936366841              0.00005326183293089054             -0.00004700706180972581             -0.00000731158855865656             -0.00000626473211701607              0.00000000000000000606 
 15             -0.00004820968733044403              0.00008541715645216193             -0.00005830737914740684             -0.00000498443390284613             -0.00000550936881482552              0.00000000000000000642 
 16             -0.00004820968733044403              0.00008541715645220107             -0.00005674248820293117             -0.00000498443390284858             -0.00000551007053764440              0.00000000000000000642 
 17             -0.00004820968733040488              0.00008541715645220107             -0.00005488619740324702             -0.00000498485692754979             -0.00000551007053764723              0.00000000000000000642 
 18             -0.00004820968733040488              0.00008541715645216193             -0.00005644901271649826             -0.00000498485692754755             -0.00000550936881482817              0.00000000000000000642 
 118              0.00000400208955824701              0.00002199589162259894             -0.00003004310293155617             -0.00000763654853461281             -0.00000242275637460889              0.00000000000000000469 
 128              0.00000288714043715008              0.00002501092371219732             -0.00003192815346841180             -0.00000879985439755817             -0.00000364088734340833              0.00000000000000000484 
 138              0.00000136282792675209              0.00002839659145526738             -0.00003381292382622260             -0.00000966321283887606             -0.00000466118215878826              0.00000000000000000499 
 148             -0.00000049849289707190              0.00003204319634604013             -0.00003569744550011584             -0.00001022669691760253             -0.00000548368345591394              0.00000000000000000515 
 158             -0.00000262448268038840              0.00003584108118322433             -0.00003758177316069298             -0.00001049045109038309             -0.00000610837427591577              0.00000000000000000530 
 168             -0.00000494274903670254              0.00003968062227377783             -0.00003946621664605313             -0.00001045443624633365             -0.00000653510365567978              0.00000000000000000545 
 178             -0.00000738093458799288              0.00004345215027104255             -0.00004135093806797841             -0.00001011855277735555             -0.00000676410100770204              0.00000000000000000560 
 188             -0.00000986671671555496              0.00004704598595785922             -0.00004323596725886707             -0.00000948279981901602             -0.00000679536600832695              0.00000000000000000575 
 198             -0.00001232777427175736              0.00005035244477653649             -0.00004512133249820176             -0.00000854715209201559             -0.00000662890715405568              0.00000000000000000591 
