 1              0.00000000000000000000              0.00000000000000000000              0.00000000000000000000              0.00000000000000000000              0.00000000000000000000              0.00000000000000000000 
 2              0.00000000000000000000              0.00000000000000000000              0.00000000000000000000              0.00000000000000000000              0.00000000000000000000              0.00000000000000000000 
 3              0.00000000000000000000              0.00000000000000000000              0.00000000000000000000              0.00000000000000000000              0.00000000000000000000              0.00000000000000000000 
 4              0.00000000000000000000              0.00000000000000000000              0.00000000000000000000              0.00000000000000000000              0.00000000000000000000              0.00000000000000000000 
 5              0.00049017340620568269              0.00040384445669052003             -0.00001850066953550593             -0.00010365129356306931              0.00012240577152590354              0.00000000000000048079 
 6              0.00049017340620568269              0.00040384445669345095             -0.00003741265439732676             -0.00010365129361397432              0.00013239296632117545              0.00000000000000048079 
 7              0.00049017340620861351              0.00040384445669345095             -0.00002183286585047227             -0.00009804102040960186              0.00013239296626839540              0.00000000000000048079 
 8              0.00049017340620861351              0.00040384445669052003              0.00000030998455636650             -0.00009804102032333392              0.00012240577141568916              0.00000000000000048079 
 10              0.00119201413620024480              0.00094838321009985420             -0.00002643875776046298             -0.00009307903492474725              0.00010572569347952498              0.00000000000001706270 
 11              0.00119201413620024480              0.00094838321020386843             -0.00005737625915366430             -0.00009307903495644656              0.00011242810525782041              0.00000000000001706270 
 12              0.00119201413630425882              0.00094838321020386843             -0.00003190508725969245             -0.00008899500921214587              0.00011242810522392654              0.00000000000001706270 
 13              0.00119201413630425882              0.00094838321009985420              0.00000526098795153662             -0.00008899500915571352              0.00010572569339913840              0.00000000000001706270 
 15              0.00162376075241960505              0.00135437742366643172             -0.00002811633773686150             -0.00005152222876334702              0.00005139510764718312              0.00000000000001492397 
 16              0.00162376075241960505              0.00135437742375740843             -0.00006332361006265933             -0.00005152222877182007              0.00005228849929498350              0.00000000000001492397 
 17              0.00162376075251058176              0.00135437742375740843             -0.00003352442704624566             -0.00004983001669219005              0.00005228849928605661              0.00000000000001492397 
 18              0.00162376075251058176              0.00135437742366643172              0.00000821287873801798             -0.00004983001668283641              0.00005139510763684084              0.00000000000001492397 
 118              0.00054308971456304043              0.00044551349781437574              0.00000290584335907288             -0.00012880088430662672              0.00016557786437129847              0.00000000000000213898 
 128              0.00060954218087958304              0.00049688884350650327              0.00000414921555405966             -0.00015113514526691961              0.00019642570130792706              0.00000000000000379717 
 138              0.00068507075662590491              0.00055492248168242768              0.00000414394461564726             -0.00016520581572556292              0.00021522072468132741              0.00000000000000545536 
 148              0.00076551253745793459              0.00061668462508407233              0.00000322085064593231             -0.00017154266985529683              0.00022337059583612618              0.00000000000000711355 
 158              0.00084766661460713131              0.00067979206639806622              0.00000208980623895919             -0.00017292585333573149              0.00022502795502738488              0.00000000000000877175 
 168              0.00092952046384649797              0.00074273913116831532              0.00000096922225410222             -0.00017059816291707601              0.00022165251460397618              0.00000000000001042994 
 178              0.00100878841380023306              0.00080381661985496743              0.00000025086750026694             -0.00016239252266638494              0.00021045777842293887              0.00000000000001208813 
 188              0.00108187429585221602              0.00086044034475178514              0.00000060641681072019             -0.00014623383704990563              0.00018783104841288428              0.00000000000001374632 
 198              0.00114445101049796675              0.00090964514588729361              0.00000224902616636127             -0.00012181449049018698              0.00015298465011792580              0.00000000000001540451 
