 1              0.00000000000000000000              0.00000000000000000000              0.00000000000000000000              0.00000000000000000000              0.00000000000000000000              0.00000000000000000000 
 2              0.00000000000000000000              0.00000000000000000000              0.00000000000000000000              0.00000000000000000000              0.00000000000000000000              0.00000000000000000000 
 3              0.00000000000000000000              0.00000000000000000000              0.00000000000000000000              0.00000000000000000000              0.00000000000000000000              0.00000000000000000000 
 4              0.00000000000000000000              0.00000000000000000000              0.00000000000000000000              0.00000000000000000000              0.00000000000000000000              0.00000000000000000000 
 5             -0.00084114529158767508             -0.00064312993339303635             -0.00000970263699251990              0.00013361778126549521             -0.00020795772337248649             -0.00000000000001328945 
 6             -0.00084114529158767508             -0.00064312993347404881              0.00002496229682191418              0.00013361778118607006             -0.00019449248211646342             -0.00000000000001328945 
 7             -0.00084114529166868753             -0.00064312993347404881              0.00000200863929459218              0.00013908295962611350             -0.00019449248219345066             -0.00000000000001328945 
 8             -0.00084114529166868753             -0.00064312993339303635             -0.00002780354286653398              0.00013908295967861203             -0.00020795772339469206             -0.00000000000001328945 
 10             -0.00191798049566727622             -0.00127453421489590719             -0.00000841331326794096              0.00007337602512604144             -0.00012699466004184568             -0.00000000000001931234 
 11             -0.00191798049566727622             -0.00127453421501363506              0.00004318508751615563              0.00007337602510394020             -0.00012601162416424810             -0.00000000000001931234 
 12             -0.00191798049578500410             -0.00127453421501363506              0.00001076588725761866              0.00007246647836549493             -0.00012601162419229899             -0.00000000000001931234 
 13             -0.00191798049578500410             -0.00127453421489590719             -0.00003249723871277907              0.00007246647836225522             -0.00012699465999979975             -0.00000000000001931234 
 15             -0.00225323657457257879             -0.00147489564318349490             -0.00001540549405185041              0.00002134413747100254             -0.00003614979446637137             -0.00000000000001964425 
 16             -0.00225323657457257879             -0.00147489564330324633              0.00003819480297880735              0.00002134413747462823             -0.00003536470645425823             -0.00000000000001964425 
 17             -0.00225323657469233022             -0.00147489564330324633              0.00000455598969677871              0.00002197876992862107             -0.00003536470645113173             -0.00000000000001964425 
 18             -0.00225323657469233022             -0.00147489564318349490             -0.00004084491198019053              0.00002197876992528269             -0.00003614979446360862             -0.00000000000001964425 
 118             -0.00092946890486279637             -0.00069979692602084511             -0.00002613259795309535              0.00016946593293460003             -0.00027256785046186389             -0.00000000000001389174 
 128             -0.00103742617036806355             -0.00076569784721903578             -0.00002650482403859035              0.00018959392793993409             -0.00031532064446999360             -0.00000000000001449403 
 138             -0.00115737047284635063             -0.00083719575029956564             -0.00002846229665476156              0.00020011105521396295             -0.00033817515686154450             -0.00000000000001509632 
 148             -0.00128308383923850895             -0.00091114781135429913             -0.00003097411419600184              0.00020338247060272213             -0.00034763244232737710             -0.00000000000001569860 
 158             -0.00141058296074514236             -0.00098539273402026306             -0.00003349998357375009              0.00020180749427549556             -0.00034806545275781810             -0.00000000000001630089 
 168             -0.00153659835352712025             -0.00105817769473909220             -0.00003599062090907739              0.00019522322773207659             -0.00033932066719470763             -0.00000000000001690318 
 178             -0.00165706238280733547             -0.00112713268205908508             -0.00003786685919904484              0.00018049426749875699             -0.00031706533428577951             -0.00000000000001750547 
 188             -0.00176585810492210977             -0.00118877258708555492             -0.00003815690683166842              0.00015526006060422745             -0.00027541404813505560             -0.00000000000001810776 
 198             -0.00185548934624242068             -0.00123922344824629253             -0.00003642604842927270              0.00011931624353922167             -0.00021225313601748780             -0.00000000000001871005 
