 1              0.00000000000000000000              0.00000000000000000000              0.00000000000000000000              0.00000000000000000000              0.00000000000000000000              0.00000000000000000000 
 2              0.00000000000000000000              0.00000000000000000000              0.00000000000000000000              0.00000000000000000000              0.00000000000000000000              0.00000000000000000000 
 3              0.00000000000000000000              0.00000000000000000000              0.00000000000000000000              0.00000000000000000000              0.00000000000000000000              0.00000000000000000000 
 4              0.00000000000000000000              0.00000000000000000000              0.00000000000000000000              0.00000000000000000000              0.00000000000000000000              0.00000000000000000000 
 5             -0.00002799779539791706              0.00005615555449474489             -0.00002981729317864376             -0.00001595685656516118             -0.00000834267750397675             -0.00000000000000000605 
 6             -0.00002799779539791706              0.00005615555449470798             -0.00002861434618033518             -0.00001595685656517813             -0.00000834448318932495             -0.00000000000000000605 
 7             -0.00002799779539795397              0.00005615555449470798             -0.00002678052174836788             -0.00001595984170499478             -0.00000834448318933427             -0.00000000000000000605 
 8             -0.00002799779539795397              0.00005615555449474489             -0.00002798271673918134             -0.00001595984170498669             -0.00000834267750398160             -0.00000000000000000605 
 10             -0.00007078936928724276              0.00013054029753380736             -0.00004954567856617974             -0.00001280480051554662             -0.00000884769296342256             -0.00000000000000000692 
 11             -0.00007078936928724276              0.00013054029753376518             -0.00004758322721609226             -0.00001280480051555291             -0.00000884831822457616             -0.00000000000000000692 
 12             -0.00007078936928728490              0.00013054029753376518             -0.00004476707253060809             -0.00001280564800055893             -0.00000884831822458147             -0.00000000000000000692 
 13             -0.00007078936928728490              0.00013054029753380736             -0.00004672850840758426             -0.00001280564800055353             -0.00000884769296342607             -0.00000000000000000692 
 15             -0.00010860481382687451              0.00017491126160614778             -0.00005927413317960619             -0.00000623409169894569             -0.00000580339650122810             -0.00000000000000000655 
 16             -0.00010860481382687451              0.00017491126160610782             -0.00005701618649700315             -0.00000623409169894685             -0.00000580373714738990             -0.00000000000000000655 
 17             -0.00010860481382691443              0.00017491126160610782             -0.00005388890176214692             -0.00000623444520681919             -0.00000580373714739121             -0.00000000000000000655 
 18             -0.00010860481382691443              0.00017491126160614778             -0.00005614582551492395             -0.00000623444520681818             -0.00000580339650122935             -0.00000000000000000655 
 118             -0.00003137636068230324              0.00006254516112067147             -0.00002985766635006661             -0.00001885984340762232             -0.00001006945359594324             -0.00000000000000000614 
 128             -0.00003531838517419901              0.00006986477828657110             -0.00003173241302508134             -0.00002104520590331791             -0.00001142371557883079             -0.00000000000000000623 
 138             -0.00003968762344994107              0.00007785302530893210             -0.00003360696943452921             -0.00002251596241829520             -0.00001240548934719321             -0.00000000000000000631 
 148             -0.00004434783679743678              0.00008624853554795702             -0.00003548134963936203             -0.00002327215615342392             -0.00001301478840444017             -0.00000000000000000640 
 158             -0.00004916278029962174              0.00009478996700587089             -0.00003735558607808783             -0.00002331390863122237             -0.00001325151096252351             -0.00000000000000000648 
 168             -0.00005399615364181597              0.00010321605005465272             -0.00003922984076560620             -0.00002264141162703229             -0.00001311564255430737             -0.00000000000000000657 
 178             -0.00005871173116158289              0.00011126549532779869             -0.00004110423557512331             -0.00002125438893956801             -0.00001260736938504781             -0.00000000000000000666 
 188             -0.00006317328368541141              0.00011867693533507675             -0.00004297880129867402             -0.00001915275759407964             -0.00001172661746040911             -0.00000000000000000674 
 198             -0.00006724457501646066              0.00012518899578226004             -0.00004485355459889440             -0.00001633651864788290             -0.00001047339578070817             -0.00000000000000000683 
