 1              0.00000000000000000000              0.00000000000000000000              0.00000000000000000000              0.00000000000000000000              0.00000000000000000000              0.00000000000000000000 
 2              0.00000000000000000000              0.00000000000000000000              0.00000000000000000000              0.00000000000000000000              0.00000000000000000000              0.00000000000000000000 
 3              0.00000000000000000000              0.00000000000000000000              0.00000000000000000000              0.00000000000000000000              0.00000000000000000000              0.00000000000000000000 
 4              0.00000000000000000000              0.00000000000000000000              0.00000000000000000000              0.00000000000000000000              0.00000000000000000000              0.00000000000000000000 
 5             -0.00006971047336157842              0.00008349901861069237             -0.00003029701970626867             -0.00002250904702547518             -0.00001795425543677118             -0.00000000000000007428 
 6             -0.00006971047336157842              0.00008349901861023958             -0.00002867625501074410             -0.00002250904702544182             -0.00001794786753558405             -0.00000000000000007428 
 7             -0.00006971047336203121              0.00008349901861023958             -0.00002629671789222329             -0.00002249870106056839             -0.00001794786753543702             -0.00000000000000007428 
 8             -0.00006971047336203121              0.00008349901861069237             -0.00002791973258186698             -0.00002249870106067211             -0.00001795425543668413             -0.00000000000000007428 
 10             -0.00014170624654381432              0.00018148259593836645             -0.00005006803788827936             -0.00001578344639491891             -0.00000998066827089791             -0.00000000000000007548 
 11             -0.00014170624654381432              0.00018148259593790632             -0.00004779267465586989             -0.00001578344639493519             -0.00000998383178493879             -0.00000000000000007548 
 12             -0.00014170624654427446              0.00018148259593790632             -0.00004424668486474195             -0.00001578786813594554             -0.00000998383178495556             -0.00000000000000007548 
 13             -0.00014170624654427446              0.00018148259593836645             -0.00004652355082409366             -0.00001578786813592830             -0.00000998066827091170             -0.00000000000000007548 
 15             -0.00016648007268254395              0.00023234556777923046             -0.00005973018837980357             -0.00000689125976883485             -0.00000281629754372138             -0.00000000000000007521 
 16             -0.00016648007268254395              0.00023234556777877201             -0.00005732314234875346             -0.00000689125976884016             -0.00000281605834740967             -0.00000000000000007521 
 17             -0.00016648007268300240              0.00023234556777877201             -0.00005343716327496387             -0.00000689041994533737             -0.00000281605834741512             -0.00000000000000007521 
 18             -0.00016648007268300240              0.00023234556777923046             -0.00005584563933687284             -0.00000689041994533214             -0.00000281629754372670             -0.00000000000000007521 
 118             -0.00007671699610113193              0.00009238841280467626             -0.00002978056761421142             -0.00002595618006044189             -0.00002024355820844141             -0.00000000000000007440 
 128             -0.00008443541569440136              0.00010237462168807813             -0.00003164110792484008             -0.00002849615868202296             -0.00002184695715589233             -0.00000000000000007452 
 138             -0.00009261485889313492              0.00011312206331067436             -0.00003350137483994389             -0.00003011865568245917             -0.00002276447074732707             -0.00000000000000007464 
 148             -0.00010100446584125492              0.00012429517068687009             -0.00003536139710519280             -0.00003082374923635546             -0.00002299615631208363             -0.00000000000000007476 
 158             -0.00010935338760581850              0.00013555842037391122             -0.00003722122341015546             -0.00003061160152146358             -0.00002254198103482895             -0.00000000000000007488 
 168             -0.00011741074291808363              0.00014657633161238145             -0.00003908114978943359             -0.00002948214383340598             -0.00002140184441993360             -0.00000000000000007500 
 178             -0.00012492562875728545              0.00015701332754805799             -0.00004094132521917628             -0.00002743511381703777             -0.00001957571462483040             -0.00000000000000007512 
 188             -0.00013164712834473207              0.00016653379258429479             -0.00004280177481991690             -0.00002447048581934876             -0.00001706355126757607             -0.00000000000000007524 
 198             -0.00013732431428183813              0.00017480209871117468             -0.00004466252279266729             -0.00002058821842776070             -0.00001386533574803189             -0.00000000000000007536 
