 1              0.00000000000000000000              0.00000000000000000000              0.00000000000000000000              0.00000000000000000000              0.00000000000000000000              0.00000000000000000000 
 2              0.00000000000000000000              0.00000000000000000000              0.00000000000000000000              0.00000000000000000000              0.00000000000000000000              0.00000000000000000000 
 3              0.00000000000000000000              0.00000000000000000000              0.00000000000000000000              0.00000000000000000000              0.00000000000000000000              0.00000000000000000000 
 4              0.00000000000000000000              0.00000000000000000000              0.00000000000000000000              0.00000000000000000000              0.00000000000000000000              0.00000000000000000000 
 5              0.00072258778189513003              0.00052971966846548642             -0.00000685841146196135             -0.00012629068325323850              0.00016219620109017162              0.00000000000001089586 
 6              0.00072258778189513003              0.00052971966853190746             -0.00003437123939793382             -0.00012629068332244812              0.00017950832237880336              0.00000000000001089586 
 7              0.00072258778196155108              0.00052971966853190746             -0.00001389437316289905             -0.00011857606493258192              0.00017950832229811088              0.00000000000001089586 
 8              0.00072258778196155108              0.00052971966846548642              0.00001936075440835596             -0.00011857606482817683              0.00016219620093939257              0.00000000000001089586 
 10              0.00162290353912758066              0.00117135852641909988             -0.00000909397964790978             -0.00010570004754929785              0.00012691976952997853              0.00000000000003572054 
 11              0.00162290353912758066              0.00117135852663685235             -0.00005230780316659801             -0.00010570004758615539              0.00013602507780679444              0.00000000000003572054 
 12              0.00162290353934533313              0.00117135852663685235             -0.00002013625803677392             -0.00010086986486595194              0.00013602507776667487              0.00000000000003572054 
 13              0.00162290353934533313              0.00117135852641909988              0.00003279760196937198             -0.00010086986479924717              0.00012691976942688719              0.00000000000003572054 
 15              0.00212269978023317063              0.00162879561122768039             -0.00000892370239808786             -0.00005763832697605552              0.00005864235460210748              0.00000000000003271201 
 16              0.00212269978023317063              0.00162879561142709292             -0.00005710987818252565             -0.00005763832698369697              0.00005934833715138962              0.00000000000003271201 
 17              0.00212269978043258317              0.00162879561142709292             -0.00001986482742179065             -0.00005564922586023498              0.00005934833714284897              0.00000000000003271201 
 18              0.00212269978043258317              0.00162879561122768039              0.00003833837504178802             -0.00005564922585186931              0.00005864235459230745              0.00000000000003271201 
 118              0.00079209846893452790              0.00057974860926942836              0.00002326558411835045             -0.00015385676331812668              0.00021622267983733304              0.00000000000001337833 
 128              0.00087860936619618972              0.00064094620446542255              0.00002551828516628241             -0.00017966081918357121              0.00025516370578052190              0.00000000000001586079 
 138              0.00097662259183642851              0.00070987477761036411              0.00002618443233269372             -0.00019613133910724833              0.00027913974363509374              0.00000000000001834326 
 148              0.00108084468056259095              0.00078316427755392335              0.00002552845440073099             -0.00020350030342687779              0.00028915294256739109              0.00000000000002082573 
 158              0.00118704498681510679              0.00085794739627250078              0.00002450508327627089             -0.00020472445442318405              0.00029054262511715273              0.00000000000002330820 
 168              0.00129260542749788307              0.00093238976541290216              0.00002354921359155248             -0.00020140495553370430              0.00028535691414499219              0.00000000000002579067 
 178              0.00139413982035187863              0.00100420256007744541              0.00002349596426804860             -0.00019015990342686982              0.00026820473339324595              0.00000000000002827314 
 188              0.00148669146303005901              0.00107023208559018290              0.00002495488224950665             -0.00016976292954376271              0.00023623608482310432              0.00000000000003075560 
 198              0.00156479296386740274              0.00112709253712382621              0.00002804144513370683             -0.00014003132431888367              0.00018916371295428535              0.00000000000003323807 
