 1              0.00000000000000000000              0.00000000000000000000              0.00000000000000000000              0.00000000000000000000              0.00000000000000000000              0.00000000000000000000 
 2              0.00000000000000000000              0.00000000000000000000              0.00000000000000000000              0.00000000000000000000              0.00000000000000000000              0.00000000000000000000 
 3              0.00000000000000000000              0.00000000000000000000              0.00000000000000000000              0.00000000000000000000              0.00000000000000000000              0.00000000000000000000 
 4              0.00000000000000000000              0.00000000000000000000              0.00000000000000000000              0.00000000000000000000              0.00000000000000000000              0.00000000000000000000 
 5             -0.00089462535543661397              0.00020137649492963326             -0.00003060510895704876             -0.00006854613980966905             -0.00019913892432963314             -0.00000000000006213150 
 6             -0.00089462535543661397              0.00020137649455087965              0.00000055486645537213             -0.00006854613977763850             -0.00018188183188058154             -0.00000000000006213150 
 7             -0.00089462535581536764              0.00020137649455087965              0.00002135664279497788             -0.00006566421616761195             -0.00018188183177597733             -0.00000000000006213150 
 8             -0.00089462535581536764              0.00020137649492963326             -0.00001408847596168397             -0.00006566421619850604             -0.00019913892422270663             -0.00000000000006213150 
 10             -0.00178558624602057005              0.00067763109520396661             -0.00005051403730205673             -0.00009712641170747968             -0.00012955382896889223             -0.00000000000009968835 
 11             -0.00178558624602057005              0.00067763109459626652             -0.00000491976414260223             -0.00009712641167690486             -0.00012689361464708368             -0.00000000000009968835 
 12             -0.00178558624662827014              0.00067763109459626652              0.00002993807413954358             -0.00009269004087530253             -0.00012689361458413209             -0.00000000000009968835 
 13             -0.00178558624662827014              0.00067763109520396661             -0.00002140316104749176             -0.00009269004089191229             -0.00012955382888651319             -0.00000000000009968835 
 15             -0.00228011035365976653              0.00117263426027131392             -0.00005368416252600165             -0.00006444966048397778             -0.00005928059678246867             -0.00000000000009499396 
 16             -0.00228011035365976653              0.00117263425969223070             -0.00000322798188868767             -0.00006444966047276054             -0.00005680659503807242             -0.00000000000009499396 
 17             -0.00228011035423884931              0.00117263425969223070              0.00003815399744890645             -0.00006125676061071746             -0.00005680659502409840             -0.00000000000009499396 
 18             -0.00228011035423884931              0.00117263426027131392             -0.00001851208298435088             -0.00006125676062296546             -0.00005928059676982803             -0.00000000000009499396 
 118             -0.00097457543371939469              0.00023174477221256422             -0.00001335929498413040             -0.00009936835099468625             -0.00023642146233833090             -0.00000000000006588718 
 128             -0.00106579430411097155              0.00027274495797613489             -0.00001389005603415625             -0.00012375580649023532             -0.00026081272900063484             -0.00000000000006964287 
 138             -0.00116385456074485265              0.00032101986793961072             -0.00001537532962859241             -0.00013910986095128658             -0.00027394509368014935             -0.00000000000007339855 
 148             -0.00126510036774325090              0.00037360067206305644             -0.00001728666888496045             -0.00014757061571674948             -0.00027854723275215639             -0.00000000000007715424 
 158             -0.00136689269666754069              0.00042847428837695933             -0.00001923406217684474             -0.00015184772519779928             -0.00027710536224353111             -0.00000000000008090992 
 168             -0.00146710973656471143              0.00048421652677672054             -0.00002118184856358160             -0.00015231036946588606             -0.00026991714644621496             -0.00000000000008466561 
 178             -0.00156335157560063285              0.00053931285267448247             -0.00002289133160120103             -0.00014807337755576527             -0.00025482959384634643             -0.00000000000008842129 
 188             -0.00165181834743032907              0.00059167916214447093             -0.00002370718717714361             -0.00013727075476240816             -0.00022731941249246444             -0.00000000000009217698 
 198             -0.00172764131523721570              0.00063873025491134085             -0.00002325808497566789             -0.00011896230891252324             -0.00018569858889763509             -0.00000000000009593267 
