 1              0.00000000000000000000              0.00000000000000000000              0.00000000000000000000              0.00000000000000000000              0.00000000000000000000              0.00000000000000000000 
 2              0.00000000000000000000              0.00000000000000000000              0.00000000000000000000              0.00000000000000000000              0.00000000000000000000              0.00000000000000000000 
 3              0.00000000000000000000              0.00000000000000000000              0.00000000000000000000              0.00000000000000000000              0.00000000000000000000              0.00000000000000000000 
 4              0.00000000000000000000              0.00000000000000000000              0.00000000000000000000              0.00000000000000000000              0.00000000000000000000              0.00000000000000000000 
 5              0.00057164886464365291              0.00060375962840564419             -0.00001438173141541359             -0.00014204704993964919              0.00011899174862132156              0.00000000000001164708 
 6              0.00057164886464365291              0.00060375962847664469             -0.00003179027550506315             -0.00014204704999705369              0.00012615572528827852              0.00000000000001164708 
 7              0.00057164886471465341              0.00060375962847664469             -0.00000980799448706043             -0.00013167230235362794              0.00012615572521803604              0.00000000000001164708 
 8              0.00057164886471465341              0.00060375962840564419              0.00001154283099425742             -0.00013167230226247018              0.00011899174852479775              0.00000000000001164708 
 10              0.00112885854003958092              0.00127662071911589510             -0.00002696133854668966             -0.00010873089773598124              0.00007859039460767830              0.00000000000000974072 
 11              0.00112885854003958092              0.00127662071917527468             -0.00005232927169396137             -0.00010873089776309127              0.00008142437376448780              0.00000000000000974072 
 12              0.00112885854009896051              0.00127662071917527468             -0.00001866041958840895             -0.00010241258409207552              0.00008142437373475966              0.00000000000000974072 
 13              0.00112885854009896051              0.00127662071911589510              0.00001299519576734170             -0.00010241258402461977              0.00007859039454850603              0.00000000000000974072 
 15              0.00142650692104151640              0.00170855094125948450             -0.00003167119356722111             -0.00005507181688300241              0.00003571595946156410              0.00000000000000825603 
 16              0.00142650692104151640              0.00170855094130981317             -0.00005961260462642055             -0.00005507181688806410              0.00003594789107400314              0.00000000000000825603 
 17              0.00142650692109184507              0.00170855094130981317             -0.00002136599236811932             -0.00005310450353074147              0.00003594789106873971              0.00000000000000825603 
 18              0.00142650692109184507              0.00170855094125948450              0.00001300148979766200             -0.00005310450352451764              0.00003571595945603064              0.00000000000000825603 
 118              0.00062008649024536519              0.00065865813819364848              0.00001315633752315780             -0.00016729250884674595              0.00014486862889049844              0.00000000000001145644 
 128              0.00067649702375078646              0.00072456529261156371              0.00001358173157353873             -0.00019187736373946627              0.00016259380326780039              0.00000000000001126581 
 138              0.00073796107133566825              0.00079752728185749028              0.00001297105866190855             -0.00020586654301429967              0.00017252377600871543              0.00000000000001107517 
 148              0.00080185142731365572              0.00087405453452390623              0.00001181360544900582             -0.00021161754198467759              0.00017604374518059217              0.00000000000001088453 
 158              0.00086627023797887840              0.00095175010877927358              0.00001060613004087323             -0.00021249217641689644              0.00017560875919133857              0.00000000000001069390 
 168              0.00092985805322084558              0.00102893963510688070              0.00000942862372530966             -0.00020870207450392591              0.00017134907494339814              0.00000000000001050326 
 178              0.00099076896433374236              0.00110345854891440750              0.00000869495205992884             -0.00019758938231536895              0.00016071979964206790              0.00000000000001031263 
 188              0.00104628821411485761              0.00117211539422960214              0.00000892878124639165             -0.00017660969764878124              0.00014188291185918898              0.00000000000001012199 
 198              0.00109336160711839695              0.00123115058069370805              0.00001033625657374383             -0.00014496650831286785              0.00011453420245222447              0.00000000000000993135 
