 1              0.00000000000000000000              0.00000000000000000000              0.00000000000000000000              0.00000000000000000000              0.00000000000000000000              0.00000000000000000000 
 2              0.00000000000000000000              0.00000000000000000000              0.00000000000000000000              0.00000000000000000000              0.00000000000000000000              0.00000000000000000000 
 3              0.00000000000000000000              0.00000000000000000000              0.00000000000000000000              0.00000000000000000000              0.00000000000000000000              0.00000000000000000000 
 4              0.00000000000000000000              0.00000000000000000000              0.00000000000000000000              0.00000000000000000000              0.00000000000000000000              0.00000000000000000000 
 5              0.00002287385397478564             -0.00000973086344775598             -0.00002766599776022741              0.00000252852966803899              0.00000708238029783856              0.00000000000000000318 
 6              0.00002287385397478564             -0.00000973086344773660             -0.00002867327520927134              0.00000252852966803729              0.00000708067706352496              0.00000000000000000318 
 7              0.00002287385397480502             -0.00000973086344773660             -0.00002892118733783740              0.00000252778173269511              0.00000708067706351980              0.00000000000000000318 
 8              0.00002287385397480502             -0.00000973086344775598             -0.00002791380356084007              0.00000252778173269666              0.00000708238029783438              0.00000000000000000318 
 10              0.00006008152345808329             -0.00002016279864642691             -0.00004614925691834955              0.00000157286512729763              0.00000750606638010537              0.00000000000000000369 
 11              0.00006008152345808329             -0.00002016279864640443             -0.00004778738117243872              0.00000157286512729715              0.00000750557733557946              0.00000000000000000369 
 12              0.00006008152345810578             -0.00002016279864640443             -0.00004814712468326072              0.00000157270555120984              0.00000750557733557786              0.00000000000000000369 
 13              0.00006008152345810578             -0.00002016279864642691             -0.00004650889042640865              0.00000157270555121034              0.00000750606638010391              0.00000000000000000369 
 15              0.00009095551747708759             -0.00002481196160305922             -0.00005543963495864878              0.00000059905462665567              0.00000467000298977684              0.00000000000000000379 
 16              0.00009095551747708759             -0.00002481196160303609             -0.00005731496711428225              0.00000059905462665573              0.00000466985790745323              0.00000000000000000379 
 17              0.00009095551747711071             -0.00002481196160303609             -0.00005770387334877639              0.00000059901522316426              0.00000466985790745313              0.00000000000000000379 
 18              0.00009095551747711071             -0.00002481196160305922             -0.00005582843267795489              0.00000059901522316423              0.00000467000298977672              0.00000000000000000379 
 118              0.00002576686077075198             -0.00001072008210844397             -0.00002977346620558232              0.00000286528926613191              0.00000867919138834011              0.00000000000000000323 
 128              0.00002918073458036321             -0.00001181514570843241             -0.00003163303424337205              0.00000310655220032796              0.00000993051810260538              0.00000000000000000328 
 138              0.00003298911335730886             -0.00001298085534387682             -0.00003349251253225296              0.00000325158934482925              0.00001083637233586589              0.00000000000000000333 
 148              0.00003706563914437233             -0.00001418201841923659             -0.00003535190704437131              0.00000330041633309380              0.00001139676628765634              0.00000000000000000338 
 158              0.00004128396325917370             -0.00001538344695660412             -0.00003721123722142084              0.00000325304148385921              0.00001161177883627745              0.00000000000000000343 
 168              0.00004551779670223692             -0.00001654995250595852             -0.00003907059527713337              0.00000310944919340599              0.00001148153607484118              0.00000000000000000348 
 178              0.00004964082212782669             -0.00001764633941805420             -0.00004093003242993535              0.00000286963000382003              0.00001100586676309560              0.00000000000000000354 
 188              0.00005352669034965379             -0.00001863741146064518             -0.00004278955738090611              0.00000253357730112393              0.00001018474195813437              0.00000000000000000359 
 198              0.00005704904479315416             -0.00001948796692860471             -0.00004464917515635951              0.00000210127377044781              0.00000901814669018391              0.00000000000000000364 
