 1              0.00000000000000000000              0.00000000000000000000              0.00000000000000000000              0.00000000000000000000              0.00000000000000000000              0.00000000000000000000 
 2              0.00000000000000000000              0.00000000000000000000              0.00000000000000000000              0.00000000000000000000              0.00000000000000000000              0.00000000000000000000 
 3              0.00000000000000000000              0.00000000000000000000              0.00000000000000000000              0.00000000000000000000              0.00000000000000000000              0.00000000000000000000 
 4              0.00000000000000000000              0.00000000000000000000              0.00000000000000000000              0.00000000000000000000              0.00000000000000000000              0.00000000000000000000 
 5              0.00008772165109547385             -0.00002354598631191247             -0.00002913670140419575             -0.00000555241488095626              0.00002903977921663306              0.00000000000000104652 
 6              0.00008772165109547385             -0.00002354598630553287             -0.00003431522586193279             -0.00000555241487894382              0.00002898777899745058              0.00000000000000104652 
 7              0.00008772165110185346             -0.00002354598630553287             -0.00002913170197060561             -0.00000570471571567539              0.00002898777899792209              0.00000000000000104652 
 8              0.00008772165110185346             -0.00002354598631191247             -0.00002396505916419062             -0.00000570471571363365              0.00002903977921229335              0.00000000000000104652 
 10              0.00025991583045506365              0.00009834779666210896             -0.00004889441797634130             -0.00004772340307188720              0.00004109743259424217              0.00000000000000194827 
 11              0.00025991583045506365              0.00009834779667398558             -0.00005783403868981778             -0.00004772340307899402              0.00004128012484277108              0.00000000000000194827 
 12              0.00025991583046694033              0.00009834779667398558             -0.00004761324305778948             -0.00004647460132242958              0.00004128012483726567              0.00000000000000194827 
 13              0.00025991583046694033              0.00009834779666210896             -0.00003846197972752119             -0.00004647460131213994              0.00004109743258779834              0.00000000000000194827 
 15              0.00049001632705088845              0.00043977149299546047             -0.00005259922548066394             -0.00004890344125083768              0.00002988651027065849             -0.00000000000000004001 
 16              0.00049001632705088845              0.00043977149299521652             -0.00006369922352706921             -0.00004890344125781938              0.00003080531236489132             -0.00000000000000004001 
 17              0.00049001632705064451              0.00043977149299521652             -0.00004978023979500005             -0.00004640963196902111              0.00003080531235890112             -0.00000000000000004001 
 18              0.00049001632705064451              0.00043977149299546047             -0.00003812381372400929             -0.00004640963196061992              0.00002988651026250451             -0.00000000000000004001 
 118              0.00009995293906813142             -0.00001981524235899209             -0.00002525411884338381             -0.00001445856097262177              0.00003750217421908537              0.00000000000000113670 
 128              0.00011488598983703048             -0.00001316621806360263             -0.00002663823434933441             -0.00002168012255783763              0.00004383945323685987              0.00000000000000122687 
 138              0.00013179303478067509             -0.00000411757012124711             -0.00002807707063552424             -0.00002761144890347392              0.00004833038035458719              0.00000000000000131705 
 148              0.00015004829037344963              0.00000690757504426246             -0.00002953545850558204             -0.00003252991964180826              0.00005125080843200013              0.00000000000000140722 
 158              0.00016911955734990765              0.00001958468614337204             -0.00003099302070528858             -0.00003666742159215644              0.00005281380461098690              0.00000000000000149739 
 168              0.00018852266303772395              0.00003364132988352075             -0.00003245282201486264             -0.00004007268452609633              0.00005306460973493991              0.00000000000000158757 
 178              0.00020777738019123386              0.00004880927509596609             -0.00003392257855585222             -0.00004274616912763501              0.00005200531760818584              0.00000000000000167774 
 188              0.00022640752553823259              0.00006482320869384491             -0.00003540996162958575             -0.00004470070428018185              0.00004965216789221076              0.00000000000000176792 
 198              0.00024394263243713262              0.00008142218239600899             -0.00003692179498414410             -0.00004594710059083645              0.00004602021074241732              0.00000000000000185809 
