 1              0.00000000000000000000              0.00000000000000000000              0.00000000000000000000              0.00000000000000000000              0.00000000000000000000              0.00000000000000000000 
 2              0.00000000000000000000              0.00000000000000000000              0.00000000000000000000              0.00000000000000000000              0.00000000000000000000              0.00000000000000000000 
 3              0.00000000000000000000              0.00000000000000000000              0.00000000000000000000              0.00000000000000000000              0.00000000000000000000              0.00000000000000000000 
 4              0.00000000000000000000              0.00000000000000000000              0.00000000000000000000              0.00000000000000000000              0.00000000000000000000              0.00000000000000000000 
 5              0.00056496720442066224              0.00062286043268155024             -0.00001503357141645832             -0.00017107710775914137              0.00014051718586969292             -0.00000000000000368998 
 6              0.00056496720442066224              0.00062286043265905608             -0.00003835901857932698             -0.00017107710783552523              0.00015218895485345370             -0.00000000000000368998 
 7              0.00056496720439816808              0.00062286043265905608             -0.00001345601505560097             -0.00015626281295868350              0.00015218895478203494             -0.00000000000000368998 
 8              0.00056496720439816808              0.00062286043268155024              0.00001659539111897197             -0.00015626281278911344              0.00014051718572490328             -0.00000000000000368998 
 10              0.00141969578956113317              0.00158143268680532682             -0.00001247266622078696             -0.00013984545991308425              0.00012472413680414033             -0.00000000000001930791 
 11              0.00141969578956113317              0.00158143268668762584             -0.00005157473388134672             -0.00013984545996301853              0.00013269586477715055             -0.00000000000001930791 
 12              0.00141969578944343218              0.00158143268668762584             -0.00000997910191922016             -0.00013058370616784982              0.00013269586473098468             -0.00000000000001930791 
 13              0.00141969578944343218              0.00158143268680532682              0.00004055996217497242             -0.00013058370605910268              0.00012472413671215778             -0.00000000000001930791 
 15              0.00193322488364815409              0.00206552199360469880             -0.00001187953131758205             -0.00005570391629819590              0.00006058796727745690             -0.00000000000001587415 
 16              0.00193322488364815409              0.00206552199350792986             -0.00005668998341937936             -0.00005570391630508957              0.00006251311080113493             -0.00000000000001587415 
 17              0.00193322488355138515              0.00206552199350792986             -0.00001054859243770503             -0.00005582509092846197              0.00006251311079420368             -0.00000000000001587415 
 18              0.00193322488355138515              0.00206552199360469880              0.00004593559857232904             -0.00005582509092058123              0.00006058796726978862             -0.00000000000001587415 
 118              0.00062674770397481874              0.00069207112282070721              0.00002254160698579111             -0.00022029732343639545              0.00019566744733596266             -0.00000000000000525177 
 128              0.00070612635803598536              0.00078164276680106972              0.00002641803368411226             -0.00026762220666234801              0.00023674781698471156             -0.00000000000000681357 
 138              0.00079794905514374921              0.00088549623264833229              0.00002827578659182330             -0.00029839537412237817              0.00026374822486670946             -0.00000000000000837536 
 148              0.00089711816340452453              0.00099762562946366265              0.00002825550438671319             -0.00031290459321277705              0.00027691454622259321             -0.00000000000000993715 
 158              0.00099905267634694053              0.00111274749350362520              0.00002733312988016526             -0.00031531875867464137              0.00027934588095050950             -0.00000000000001149894 
 168              0.00110066384194262346              0.00122737427407190909              0.00002650779128647882             -0.00030988225837265046              0.00027487535791563224             -0.00000000000001306074 
 178              0.00119844790487109998              0.00133741786508266135              0.00002702197005465027             -0.00029001092292511182              0.00025820823411116156             -0.00000000000001462253 
 188              0.00128761076048544611              0.00143717049064802393              0.00002948274467463146             -0.00025358758450579337              0.00022772501562126512             -0.00000000000001618432 
 198              0.00136307261707459921              0.00152054601747678305              0.00003398503025881605             -0.00020045582028058374              0.00018325738496269528             -0.00000000000001774611 
