 1              0.00000000000000000000              0.00000000000000000000              0.00000000000000000000              0.00000000000000000000              0.00000000000000000000              0.00000000000000000000 
 2              0.00000000000000000000              0.00000000000000000000              0.00000000000000000000              0.00000000000000000000              0.00000000000000000000              0.00000000000000000000 
 3              0.00000000000000000000              0.00000000000000000000              0.00000000000000000000              0.00000000000000000000              0.00000000000000000000              0.00000000000000000000 
 4              0.00000000000000000000              0.00000000000000000000              0.00000000000000000000              0.00000000000000000000              0.00000000000000000000              0.00000000000000000000 
 5             -0.00133503063272545565             -0.00064951389456527407              0.00000204764313500790              0.00014540061441296070             -0.00031329813299202402              0.00000000000003439709 
 6             -0.00133503063272545565             -0.00064951389435558937              0.00007280937984681835              0.00014540061430444128             -0.00027355354000459220              0.00000000000003439709 
 7             -0.00133503063251577095             -0.00064951389435558937              0.00003483964705304401              0.00015178526407673234             -0.00027355354017778689              0.00000000000003439709 
 8             -0.00133503063251577095             -0.00064951389456527407             -0.00002505783008664747              0.00015178526414679676             -0.00031329813305103102              0.00000000000003439709 
 10             -0.00292933448920291691             -0.00146452513940577614              0.00000949035441870860              0.00011845058591656600             -0.00023392742156387597              0.00000000000002286750 
 11             -0.00292933448920291691             -0.00146452513926637593              0.00012461734511637221              0.00011845058586343697             -0.00022276550276488269              0.00000000000002286750 
 12             -0.00292933448906351626             -0.00146452513926637593              0.00006589940411219596              0.00011909607736676833             -0.00022276550283799540              0.00000000000002286750 
 13             -0.00292933448906351626             -0.00146452513940577614             -0.00002999593403964641              0.00011909607738815765             -0.00023392742154655494              0.00000000000002286750 
 15             -0.00386768018007339291             -0.00194760861104639727              0.00001728014557137230              0.00005580006885941763             -0.00011411336440418179              0.00000000000002711637 
 16             -0.00386768018007339291             -0.00194760861088109590              0.00014471670987398834              0.00005580006885579886             -0.00010619002907588115              0.00000000000002711637 
 17             -0.00386768017990809111             -0.00194760861088109590              0.00008055669552991645              0.00005760800146408812             -0.00010619002908249421              0.00000000000002711637 
 18             -0.00386768017990809111             -0.00194760861104639727             -0.00002739566038080016              0.00005760800146749395             -0.00011411336441166489              0.00000000000002711637 
 118             -0.00146584450482295709             -0.00071388113852018076             -0.00002226002372248021              0.00019849022538731689             -0.00039891229879953656              0.00000000000003324413 
 128             -0.00162290687754334628             -0.00079280697625038789             -0.00002212345303466904              0.00023138809665518913             -0.00045684479127245043              0.00000000000003209117 
 138             -0.00179644472678868621             -0.00088129200173632885             -0.00002419643042502980              0.00025074640713877776             -0.00048905762110173243              0.00000000000003093821 
 148             -0.00197819911978557939             -0.00097476128877016803             -0.00002727418163388869              0.00025899463099814530             -0.00050251685369637536              0.00000000000002978525 
 158             -0.00216261696911332867             -0.00106994729469489795             -0.00003043105121543426              0.00026045663582902610             -0.00050401705999043520              0.00000000000002863229 
 168             -0.00234551985380508816             -0.00116452978249934080             -0.00003357485132777425              0.00025560710014396959             -0.00049413079964812144              0.00000000000002747933 
 178             -0.00252205770760463577             -0.00125573022618500696             -0.00003612703765557010              0.00024140816525142052             -0.00046825933559339997              0.00000000000002632637 
 188             -0.00268466926523500474             -0.00133939194395984573             -0.00003674295537639306              0.00021437207191778596             -0.00041784181642887661              0.00000000000002517341 
 198             -0.00282381700528387290             -0.00141067023382332544             -0.00003476826855611335              0.00017367474792848872             -0.00033995589980250011              0.00000000000002402046 
