 1              0.00000000000000000000              0.00000000000000000000              0.00000000000000000000              0.00000000000000000000              0.00000000000000000000              0.00000000000000000000 
 2              0.00000000000000000000              0.00000000000000000000              0.00000000000000000000              0.00000000000000000000              0.00000000000000000000              0.00000000000000000000 
 3              0.00000000000000000000              0.00000000000000000000              0.00000000000000000000              0.00000000000000000000              0.00000000000000000000              0.00000000000000000000 
 4              0.00000000000000000000              0.00000000000000000000              0.00000000000000000000              0.00000000000000000000              0.00000000000000000000              0.00000000000000000000 
 5             -0.00001413701232746646              0.00004716071585334520             -0.00003021110678035141             -0.00001472082474335249             -0.00000707510061694197             -0.00000000000000000383 
 6             -0.00001413701232746646              0.00004716071585332188             -0.00002857444039788260             -0.00001472082474338237             -0.00000708032633235450             -0.00000000000000000383 
 7             -0.00001413701232748978              0.00004716071585332188             -0.00002639669455251444             -0.00001472690769886767             -0.00000708032633238044             -0.00000000000000000383 
 8             -0.00001413701232748978              0.00004716071585334520             -0.00002803211867528490             -0.00001472690769884396             -0.00000707510061696221             -0.00000000000000000383 
 10             -0.00006736928491092513              0.00012580345785151304             -0.00005040243765017350             -0.00001638555003272612             -0.00001372979686630537             -0.00000000000000000439 
 11             -0.00006736928491092513              0.00012580345785148626             -0.00004749929647557940             -0.00001638555003253873             -0.00001371968113624358             -0.00000000000000000439 
 12             -0.00006736928491095188              0.00012580345785148626             -0.00004392453302998296             -0.00001637617115305138             -0.00001371968113600701             -0.00000000000000000439 
 13             -0.00006736928491095188              0.00012580345785151304             -0.00004682584962982560             -0.00001637617115328740             -0.00001372979686611350             -0.00000000000000000439 
 15             -0.00013438356635957820              0.00019568257861160088             -0.00006034508119251925             -0.00001060693939313147             -0.00001063046331307465             -0.00000000000000000415 
 16             -0.00013438356635957820              0.00019568257861157562             -0.00005688685506828008             -0.00001060693939286187             -0.00001058400472839462             -0.00000000000000000415 
 17             -0.00013438356635960347              0.00019568257861157562             -0.00005276095265902156             -0.00001056109728283204             -0.00001058400472803461             -0.00000000000000000415 
 18             -0.00013438356635960347              0.00019568257861160088             -0.00005622074220544686             -0.00001056109728319454             -0.00001063046331280553             -0.00000000000000000415 
 118             -0.00001727168669257541              0.00005318674293415333             -0.00002991197134342360             -0.00001810480092086231             -0.00000998247079462443             -0.00000000000000000388 
 128             -0.00002137864646488069              0.00006031768188135509             -0.00003179155258911514             -0.00002076863709576618             -0.00001239162133963615             -0.00000000000000000394 
 138             -0.00002627566194411343              0.00006829235757955767             -0.00003367087983320292             -0.00002271840898564602             -0.00001430254644426475             -0.00000000000000000399 
 148             -0.00003178049967437988              0.00007684959407903782             -0.00003554997149858031             -0.00002395412106378425             -0.00001571522919326257             -0.00000000000000000405 
 158             -0.00003771091359904996              0.00008572822680127046             -0.00003742886659850443             -0.00002447587098381531             -0.00001662961388970273             -0.00000000000000000411 
 168             -0.00004388466270346037              0.00009466716042510481             -0.00003930782616929658             -0.00002428382050449578             -0.00001704584051778426             -0.00000000000000000416 
 178             -0.00005011955904941218              0.00010340528237664925             -0.00004118698433603237             -0.00002337782110454555             -0.00001696396955898945             -0.00000000000000000422 
 188             -0.00005623341658433148              0.00011168146045506559             -0.00004306636181424933             -0.00002175788020119874             -0.00001638399309984147             -0.00000000000000000428 
 198             -0.00006204405072176693              0.00011923456285139879             -0.00004494597751389564             -0.00001942399494827237             -0.00001530592810593391             -0.00000000000000000433 
