 1              0.00000000000000000000              0.00000000000000000000              0.00000000000000000000              0.00000000000000000000              0.00000000000000000000              0.00000000000000000000 
 2              0.00000000000000000000              0.00000000000000000000              0.00000000000000000000              0.00000000000000000000              0.00000000000000000000              0.00000000000000000000 
 3              0.00000000000000000000              0.00000000000000000000              0.00000000000000000000              0.00000000000000000000              0.00000000000000000000              0.00000000000000000000 
 4              0.00000000000000000000              0.00000000000000000000              0.00000000000000000000              0.00000000000000000000              0.00000000000000000000              0.00000000000000000000 
 5              0.00008111895310605528             -0.00056703769671830246             -0.00000809186245044344              0.00014085548964086047              0.00002767697869913321              0.00000000000000603955 
 6              0.00008111895310605528             -0.00056703769668148534             -0.00001149843807816670              0.00014085548965844566              0.00002754758031944016              0.00000000000000603955 
 7              0.00008111895314287240             -0.00056703769668148534             -0.00003354051121646235              0.00015150998784757498              0.00002754758033264782              0.00000000000000603955 
 8              0.00008111895314287240             -0.00056703769671830246             -0.00003085984512256538              0.00015150998781508071              0.00002767697870839276              0.00000000000000603955 
 10              0.00025101474462099402             -0.00134486505737896203             -0.00001050762063810284              0.00011665873612658290              0.00001848980639255435              0.00000000000001599597 
 11              0.00025101474462099402             -0.00134486505728145063             -0.00001530018218466049              0.00011665873613378141              0.00001898060209502800              0.00000000000001599597 
 12              0.00025101474471850543             -0.00134486505728145063             -0.00005048094273064884              0.00012022265521408178              0.00001898060210119228              0.00000000000001599597 
 13              0.00025101474471850543             -0.00134486505737896203             -0.00004559644919651946              0.00012022265517689157              0.00001848980639250416              0.00000000000001599597 
 15              0.00027229553923979044             -0.00178920523455034777             -0.00001358853383768543              0.00005302143307355429              0.00000040507613761803              0.00000000000001897372 
 16              0.00027229553923979044             -0.00178920523443468378             -0.00001831750299312057              0.00005302143307346449              0.00000020001435865114              0.00000000000001897372 
 17              0.00027229553935545421             -0.00178920523443468378             -0.00005790312077153862              0.00005618629623809591              0.00000020001435827136              0.00000000000001897372 
 18              0.00027229553935545421             -0.00178920523455034777             -0.00005307703397004351              0.00005618629623816344              0.00000040507613727449              0.00000000000001897372 
 118              0.00009362501797981123             -0.00063041056999612851             -0.00003108327535792134              0.00019330901971643716              0.00004021209898590728              0.00000000000000703520 
 128              0.00011000019616354919             -0.00070642842693926556             -0.00003245701071281366              0.00022067402969651586              0.00004882455048632280              0.00000000000000803084 
 138              0.00012885779404985738             -0.00079021088713406875             -0.00003456945608507587              0.00023594563735291130              0.00005378839334481832              0.00000000000000902648 
 148              0.00014900970822917794             -0.00087807173700683633             -0.00003685118351150507              0.00024343618339130895              0.00005607424543678658              0.00000000000001002212 
 158              0.00016964669652664666             -0.00096753667246225457             -0.00003913015269963312              0.00024473470512449626              0.00005645798803635306              0.00000000000001101776 
 168              0.00019008124042226333             -0.00105634704766648991             -0.00004141129052120357              0.00023985769044196717              0.00005496634031363901              0.00000000000001201341 
 178              0.00020959534724668654             -0.00114219854231101823             -0.00004364790874380172              0.00022830599783480560              0.00005128547329040349              0.00000000000001300905 
 188              0.00022715970778881687             -0.00122201012833606545             -0.00004540193731742881              0.00020645107576272811              0.00004425131278152644              0.00000000000001400469 
 198              0.00024144335410915439             -0.00129132142699552640             -0.00004613850258669076              0.00017084253605241715              0.00003335827404135309              0.00000000000001500033 
