 1              0.00000000000000000000              0.00000000000000000000              0.00000000000000000000              0.00000000000000000000              0.00000000000000000000              0.00000000000000000000 
 2              0.00000000000000000000              0.00000000000000000000              0.00000000000000000000              0.00000000000000000000              0.00000000000000000000              0.00000000000000000000 
 3              0.00000000000000000000              0.00000000000000000000              0.00000000000000000000              0.00000000000000000000              0.00000000000000000000              0.00000000000000000000 
 4              0.00000000000000000000              0.00000000000000000000              0.00000000000000000000              0.00000000000000000000              0.00000000000000000000              0.00000000000000000000 
 5             -0.00011823419334632875             -0.00063162018674817037             -0.00001311331979020350              0.00013786906590855866             -0.00005621090754291336             -0.00000000000004221898 
 6             -0.00011823419334632875             -0.00063162018700553720             -0.00000085531365537327              0.00013786906585827539             -0.00005580818363442220             -0.00000000000004221898 
 7             -0.00011823419360369564             -0.00063162018700553720             -0.00002307570595600947              0.00014756921440533494             -0.00005580818365208374             -0.00000000000004221898 
 8             -0.00011823419360369564             -0.00063162018674817037             -0.00003329455891786703              0.00014756921443078968             -0.00005621090754532256             -0.00000000000004221898 
 10             -0.00055846994350943412             -0.00129768591992613768             -0.00002132187869737777              0.00009371401297748977             -0.00006794079230487671             -0.00000000000003280927 
 11             -0.00055846994350943412             -0.00129768592012614306             -0.00000173305033300729              0.00009371401295122457             -0.00006741735117095512             -0.00000000000003280927 
 12             -0.00055846994370943950             -0.00129768592012614306             -0.00003451245550120729              0.00009459645732367513             -0.00006741735119198165             -0.00000000000003280927 
 13             -0.00055846994370943950             -0.00129768591992613768             -0.00005018430166290632              0.00009459645731782995             -0.00006794079230877835             -0.00000000000003280927 
 15             -0.00078538404532613529             -0.00162668052672194463             -0.00002776313059334856              0.00003986850567067420             -0.00002676534814888403             -0.00000000000003319244 
 16             -0.00078538404532613529             -0.00162668052692428581             -0.00000651458190483900              0.00003986850566774751             -0.00002634426576517209             -0.00000000000003319244 
 17             -0.00078538404552847647             -0.00162668052692428581             -0.00004186394489402389              0.00004133111623150192             -0.00002634426576778612             -0.00000000000003319244 
 18             -0.00078538404552847647             -0.00162668052672194463             -0.00005918845222621112              0.00004133111623392932             -0.00002676534815127258             -0.00000000000003319244 
 118             -0.00014563923499065850             -0.00069116539735890618             -0.00003378021000081759              0.00017666798325533268             -0.00009231047248864852             -0.00000000000004127801 
 128             -0.00018420975965669883             -0.00075948393303480342             -0.00003532887516400578              0.00019559840392950541             -0.00011725185785859221             -0.00000000000004033704 
 138             -0.00023012788286441618             -0.00083309440086558816             -0.00003757445908527829              0.00020571776441737674             -0.00013258631944584610             -0.00000000000003939607 
 148             -0.00028036354694585964             -0.00090916256405485060             -0.00004004163981320777              0.00020935440687862379             -0.00014125056868959348             -0.00000000000003845510 
 158             -0.00033287191639327229             -0.00098563696034962905             -0.00004251198505048243              0.00020798947830454406             -0.00014507701716126540             -0.00000000000003751413 
 168             -0.00038591096797780831             -0.00106070859563082791             -0.00004498461349200485              0.00020168427531877027             -0.00014415246284178604             -0.00000000000003657316 
 178             -0.00043768761936857284             -0.00113250560246469859             -0.00004739472668529579              0.00018980238053377358             -0.00013794338291901766             -0.00000000000003563219 
 188             -0.00048585353667809596             -0.00119844105655507590             -0.00004933952622135877              0.00016937759244878544             -0.00012419849101805025             -0.00000000000003469121 
 198             -0.00052730324058961747             -0.00125490191336137319             -0.00005035838292706859              0.00013797245727175989             -0.00010115352257195671             -0.00000000000003375024 
