 1              0.00000000000000000000              0.00000000000000000000              0.00000000000000000000              0.00000000000000000000              0.00000000000000000000              0.00000000000000000000 
 2              0.00000000000000000000              0.00000000000000000000              0.00000000000000000000              0.00000000000000000000              0.00000000000000000000              0.00000000000000000000 
 3              0.00000000000000000000              0.00000000000000000000              0.00000000000000000000              0.00000000000000000000              0.00000000000000000000              0.00000000000000000000 
 4              0.00000000000000000000              0.00000000000000000000              0.00000000000000000000              0.00000000000000000000              0.00000000000000000000              0.00000000000000000000 
 5              0.00005958882390631991             -0.00005461908114066859             -0.00002655561131373798              0.00001519001491164326              0.00001629555255114710             -0.00000000000000000271 
 6              0.00005958882390631991             -0.00005461908114068513             -0.00002839037887964449              0.00001519001491161912              0.00001629273252474020             -0.00000000000000000271 
 7              0.00005958882390630338             -0.00005461908114068513             -0.00003005004275160785              0.00001518620733388763              0.00001629273252471357             -0.00000000000000000271 
 8              0.00005958882390630338             -0.00005461908114066859             -0.00002821409650374131              0.00001518620733391282              0.00001629555255112899             -0.00000000000000000271 
 10              0.00013259878535591048             -0.00012323917953690350             -0.00004450802072794139              0.00001134286890646858              0.00001250253022414358             -0.00000000000000000355 
 11              0.00013259878535591048             -0.00012323917953692513             -0.00004730802082094991              0.00001134286890645747              0.00001250177257133570             -0.00000000000000000355 
 12              0.00013259878535588885             -0.00012323917953692513             -0.00004981591754386629              0.00001134196109106626              0.00001250177257132601             -0.00000000000000000355 
 13              0.00013259878535588885             -0.00012323917953690350             -0.00004701426880528691              0.00001134196109107661              0.00001250253022413517             -0.00000000000000000355 
 15              0.00017654574354125546             -0.00016058970497295430             -0.00005365188065339090              0.00000511560685976711              0.00000622204393241033             -0.00000000000000000320 
 16              0.00017654574354125546             -0.00016058970497297381             -0.00005676246022433355              0.00000511560685976481              0.00000622148052876314             -0.00000000000000000320 
 17              0.00017654574354123594             -0.00016058970497297381             -0.00005952389728552612              0.00000511515739077540              0.00000622148052876072             -0.00000000000000000320 
 18              0.00017654574354123594             -0.00016058970497295430             -0.00005641165361481222              0.00000511515739077754              0.00000622204393240805             -0.00000000000000000320 
 118              0.00006604935661017133             -0.00006066621782927010             -0.00003009457338722672              0.00001777000954015214              0.00001891982036069293             -0.00000000000000000280 
 128              0.00007334766968228203             -0.00006753778471885630             -0.00003197478930068052              0.00001969424895982907              0.00002087659184412784             -0.00000000000000000288 
 138              0.00008123962074649105             -0.00007499254175470046             -0.00003385476170184758              0.00002095893184767058              0.00002216587444938884             -0.00000000000000000296 
 148              0.00008948107249780910             -0.00008278924829590963             -0.00003573450941630081              0.00002156404897560859              0.00002278769018729753             -0.00000000000000000305 
 158              0.00009782789514244293             -0.00009068664711051125             -0.00003761407779825253              0.00002150945638642417              0.00002274203407613498             -0.00000000000000000313 
 168              0.00010603598378321057             -0.00009844342745438172             -0.00003949368419398594              0.00002079521348622609              0.00002202913237091405             -0.00000000000000000321 
 178              0.00011386126898923339             -0.00010581833899335287             -0.00004137347976476510              0.00001942135357110960              0.00002064879443107154             -0.00000000000000000330 
 188              0.00012105960452769434             -0.00011257011357113083             -0.00004325349680227909              0.00001738785970034718              0.00001860092729244379             -0.00000000000000000338 
 198              0.00012738683208006552             -0.00011845748331996191             -0.00004513375385174996              0.00001469473058722961              0.00001588551368946381             -0.00000000000000000347 
