 1              0.00000000000000000000              0.00000000000000000000              0.00000000000000000000              0.00000000000000000000              0.00000000000000000000              0.00000000000000000000 
 2              0.00000000000000000000              0.00000000000000000000              0.00000000000000000000              0.00000000000000000000              0.00000000000000000000              0.00000000000000000000 
 3              0.00000000000000000000              0.00000000000000000000              0.00000000000000000000              0.00000000000000000000              0.00000000000000000000              0.00000000000000000000 
 4              0.00000000000000000000              0.00000000000000000000              0.00000000000000000000              0.00000000000000000000              0.00000000000000000000              0.00000000000000000000 
 5             -0.00004731748586426404              0.00005290281444178123             -0.00003089547951198479             -0.00001681752617669134             -0.00001684482973409462              0.00000000000000000280 
 6             -0.00004731748586426404              0.00005290281444179829             -0.00002806444932503883             -0.00001681752617674004             -0.00001685290738662909              0.00000000000000000280 
 7             -0.00004731748586424698              0.00005290281444179829             -0.00002572777949790231             -0.00001682177982791676             -0.00001685290738661401              0.00000000000000000280 
 8             -0.00004731748586424698              0.00005290281444178123             -0.00002855692962707295             -0.00001682177982793372             -0.00001684482973413738              0.00000000000000000280 
 10             -0.00014826575625065706              0.00014249707386337291             -0.00005144869263420187             -0.00001764174572287865             -0.00002236155599324487              0.00000000000000000142 
 11             -0.00014826575625065706              0.00014249707386338153             -0.00004667840402583537             -0.00001764174572244604             -0.00002234066983948979              0.00000000000000000142 
 12             -0.00014826575625064844              0.00014249707386338153             -0.00004289738208070517             -0.00001763047236129068             -0.00002234066983907684              0.00000000000000000142 
 13             -0.00014826575625064844              0.00014249707386337291             -0.00004766649942737522             -0.00001763047236178816             -0.00002236155599292560              0.00000000000000000142 
 15             -0.00024716585277449320              0.00021300996937199211             -0.00006144357091345783             -0.00001027119058579307             -0.00001506891611120157              0.00000000000000013745 
 16             -0.00024716585277449320              0.00021300996937283003             -0.00005587628769866970             -0.00001027119058503434             -0.00001492613638086856              0.00000000000000013745 
 17             -0.00024716585277365533              0.00021300996937283003             -0.00005155384014266480             -0.00001019276094961667             -0.00001492613638020270              0.00000000000000013745 
 18             -0.00024716585277365533              0.00021300996937199211             -0.00005712385802570837             -0.00001019276095043878             -0.00001506891611063406              0.00000000000000013745 
 118             -0.00005439865976567196              0.00005981499442056174             -0.00003046835514534941             -0.00002082856283987498             -0.00002171503603818272              0.00000000000000000266 
 128             -0.00006308546466941912              0.00006803294783245838             -0.00003237948644222196             -0.00002396235158990781             -0.00002562505999212481              0.00000000000000000252 
 138             -0.00007302691292042365              0.00007723757316630145             -0.00003429029165839772             -0.00002622375966681271             -0.00002857551375010640              0.00000000000000000238 
 148             -0.00008387203693410504              0.00008710979914159476             -0.00003620080025662378             -0.00002761284788164750             -0.00003056642450307902              0.00000000000000000225 
 158             -0.00009526987487994727              0.00009733058070173817             -0.00003811106564267667             -0.00002812969788867971             -0.00003159773553740988              0.00000000000000000211 
 168             -0.00010686940259684781              0.00010758089983258585             -0.00004002145768995661             -0.00002777436428572455             -0.00003166935593243770              0.00000000000000000197 
 178             -0.00011831967384383340              0.00011754174318910564             -0.00004193216246352539             -0.00002654681854259542             -0.00003078158692253554              0.00000000000000000183 
 188             -0.00012926977571322466              0.00012689408424342298             -0.00004384321498434938             -0.00002444702633708167             -0.00002893439104490789              0.00000000000000000169 
 198             -0.00013936878277257057              0.00013531888190267081             -0.00004575464772986354             -0.00002147494103174634             -0.00002612773983945644              0.00000000000000000155 
