 1              0.00000000000000000000              0.00000000000000000000              0.00000000000000000000              0.00000000000000000000              0.00000000000000000000              0.00000000000000000000 
 2              0.00000000000000000000              0.00000000000000000000              0.00000000000000000000              0.00000000000000000000              0.00000000000000000000              0.00000000000000000000 
 3              0.00000000000000000000              0.00000000000000000000              0.00000000000000000000              0.00000000000000000000              0.00000000000000000000              0.00000000000000000000 
 4              0.00000000000000000000              0.00000000000000000000              0.00000000000000000000              0.00000000000000000000              0.00000000000000000000              0.00000000000000000000 
 5              0.00003108810245050908             -0.00002552120739372839             -0.00002738559904197797              0.00000723878808281207              0.00000834797112415823              0.00000000000000000349 
 6              0.00003108810245050908             -0.00002552120739370712             -0.00002831577019076804              0.00000723878808280834              0.00000834647440981789              0.00000000000000000349 
 7              0.00003108810245053034             -0.00002552120739370712             -0.00002920105712376025              0.00000723800998458623              0.00000834647440981042              0.00000000000000000349 
 8              0.00003108810245053034             -0.00002552120739372839             -0.00002827069694139014              0.00000723800998458959              0.00000834797112415238              0.00000000000000000349 
 10              0.00006775328186202363             -0.00005972675622618998             -0.00004574841919572102              0.00000623152984597632              0.00000625537515562932              0.00000000000000000367 
 11              0.00006775328186202363             -0.00005972675622616759             -0.00004716287887225864              0.00000623152984597447              0.00000625499615574094              0.00000000000000000367 
 12              0.00006775328186204602             -0.00005972675622616759             -0.00004854690884236833              0.00000623135004922676              0.00000625499615573794              0.00000000000000000367 
 13              0.00006775328186204602             -0.00005972675622618998             -0.00004713219271541028              0.00000623135004922868              0.00000625537515562700              0.00000000000000000367 
 15              0.00008987024583756450             -0.00008313729489389877             -0.00005500753040943759              0.00000341425391457473              0.00000314136547922198              0.00000000000000000364 
 16              0.00008987024583756450             -0.00008313729489387660             -0.00005657876105689860              0.00000341425391457445              0.00000314125390531952              0.00000000000000000364 
 17              0.00008987024583758668             -0.00008313729489387660             -0.00005813462776300585              0.00000341422084611678              0.00000314125390531918              0.00000000000000000364 
 18              0.00008987024583758668             -0.00008313729489389877             -0.00005656313826772333              0.00000341422084611706              0.00000314136547922170              0.00000000000000000364 
 118              0.00003438203412764408             -0.00002841821608251682             -0.00003015697754196220              0.00000855067425699928              0.00000960900429027862              0.00000000000000000351 
 128              0.00003807744145394057             -0.00003173790139456947             -0.00003204317470634017              0.00000954923721705255              0.00001054326764944828              0.00000000000000000353 
 138              0.00004205480664462775             -0.00003536538122994647             -0.00003392929309611089              0.00001023371786182348              0.00001115077125555376              0.00000000000000000354 
 148              0.00004619461793929308             -0.00003918577831295177             -0.00003581533968283461              0.00001060412182389212              0.00001143153648814442              0.00000000000000000356 
 158              0.00005037737127968327             -0.00004308421852454650             -0.00003770133012425649              0.00001066047275417648              0.00001138561346348634              0.00000000000000000358 
 168              0.00005448360697362084             -0.00004694584102375779             -0.00003958734482080914              0.00001040279335963835              0.00001101309831048804              0.00000000000000000360 
 178              0.00005839383423115557             -0.00005065578084840883             -0.00004147343316195857              0.00000983106086390991              0.00001031382346744393              0.00000000000000000362 
 188              0.00006198853561812404             -0.00005409916705920609             -0.00004335960148607217              0.00000894525696712105              0.00000928778119485447              0.00000000000000000364 
 198              0.00006514819186630229             -0.00005716112099882762             -0.00004524585351224151              0.00000774536019758751              0.00000793496684289631              0.00000000000000000365 
