 1              0.00000000000000000000              0.00000000000000000000              0.00000000000000000000              0.00000000000000000000              0.00000000000000000000              0.00000000000000000000 
 2              0.00000000000000000000              0.00000000000000000000              0.00000000000000000000              0.00000000000000000000              0.00000000000000000000              0.00000000000000000000 
 3              0.00000000000000000000              0.00000000000000000000              0.00000000000000000000              0.00000000000000000000              0.00000000000000000000              0.00000000000000000000 
 4              0.00000000000000000000              0.00000000000000000000              0.00000000000000000000              0.00000000000000000000              0.00000000000000000000              0.00000000000000000000 
 5             -0.00081768367734386029             -0.00050401363912002176             -0.00001281374613921396              0.00011825457771680037             -0.00019644331825504726              0.00000000000002740699 
 6             -0.00081768367734386029             -0.00050401363895294881              0.00002521528871926177              0.00011825457763692048             -0.00017881465585145622              0.00000000000002740699 
 7             -0.00081768367717678734             -0.00050401363895294881             -0.00000222442147060688              0.00012398777999848585             -0.00017881465597644635              0.00000000000002740699 
 8             -0.00081768367717678734             -0.00050401363912002176             -0.00003403299633679202              0.00012398778005172036             -0.00019644331831571721              0.00000000000002740699 
 10             -0.00179138826813812963             -0.00117306095135182075             -0.00001800932926668663              0.00010625496037229135             -0.00014663318949540574              0.00000000000003072603 
 11             -0.00179138826813812963             -0.00117306095116451485              0.00004238904191004254              0.00010625496032645820             -0.00014198407958120938              0.00000000000003072603 
 12             -0.00179138826795082373             -0.00117306095116451485             -0.00000224480868857794              0.00010847755300411147             -0.00014198407964487471              0.00000000000003072603 
 13             -0.00179138826795082373             -0.00117306095135182075             -0.00004978765354263085              0.00010847755302013962             -0.00014663318949580239              0.00000000000003072603 
 15             -0.00236838567314098412             -0.00164480269955412589             -0.00001642483433873133              0.00005633448217340712             -0.00007035455577061339              0.00000000000002964981 
 16             -0.00236838567314098412             -0.00164480269937338072              0.00005052231136445425              0.00005633448216600343             -0.00006669814640166772              0.00000000000002964981 
 17             -0.00236838567296023894             -0.00164480269937338072              0.00000047945932716070              0.00005877925512309912             -0.00006669814641054542              0.00000000000002964981 
 18             -0.00236838567296023894             -0.00164480269955412589             -0.00005331175087274499              0.00005877925512949437             -0.00007035455577906787              0.00000000000002964981 
 118             -0.00089896986876053411             -0.00055645099466977948             -0.00003384792183121377              0.00016131907606371519             -0.00024601898374864128              0.00000000000002773889 
 128             -0.00099531169966830531             -0.00062041447223134703             -0.00003522395558755771              0.00018700283664650118             -0.00027879857238186578              0.00000000000002807080 
 138             -0.00110098117282579578             -0.00069180635487001727             -0.00003767854752560935              0.00020198470865017890             -0.00029716292259869244              0.00000000000002840270 
 148             -0.00121140791657606251             -0.00076718969140658340             -0.00004050449250412757              0.00020925219063028830             -0.00030532754887761506              0.00000000000002873461 
 158             -0.00132343292108641464             -0.00084424167741455720             -0.00004334483499393406              0.00021121533109024954             -0.00030601305978226692              0.00000000000002906651 
 168             -0.00143437064097566309             -0.00092107024540349512             -0.00004618665839973215              0.00020802560072145221             -0.00029937722976091052              0.00000000000002939842 
 178             -0.00154137685398945219             -0.00099565163612947306             -0.00004887093443568250              0.00019854333943087235             -0.00028402757210157083              0.00000000000002973032 
 188             -0.00164037033961660843             -0.00106507042494943045             -0.00005072295021910648              0.00017963783138266276             -0.00025528757420980344              0.00000000000003006222 
 198             -0.00172581399721039616             -0.00112557155126559580             -0.00005112919613479249              0.00014976706202420305             -0.00020990830077387894              0.00000000000003039413 
