 1              0.00000000000000000000              0.00000000000000000000              0.00000000000000000000              0.00000000000000000000              0.00000000000000000000              0.00000000000000000000 
 2              0.00000000000000000000              0.00000000000000000000              0.00000000000000000000              0.00000000000000000000              0.00000000000000000000              0.00000000000000000000 
 3              0.00000000000000000000              0.00000000000000000000              0.00000000000000000000              0.00000000000000000000              0.00000000000000000000              0.00000000000000000000 
 4              0.00000000000000000000              0.00000000000000000000              0.00000000000000000000              0.00000000000000000000              0.00000000000000000000              0.00000000000000000000 
 5             -0.00020006576582832768              0.00004100464157577028             -0.00003095254996894236              0.00000684339551273361             -0.00006095955552465295              0.00000000000001109979 
 6             -0.00020006576582832768              0.00004100464164343457             -0.00002139966654368448              0.00000684339550791415             -0.00005966400516626749              0.00000000000001109979 
 7             -0.00020006576576066338              0.00004100464164343457             -0.00002644706723913172              0.00000677292532585404             -0.00005966400518132330              0.00000000000001109979 
 8             -0.00020006576576066338              0.00004100464157577028             -0.00003582420960699824              0.00000677292532717498             -0.00006095955552887055              0.00000000000001109979 
 10             -0.00054060858962239760             -0.00011826228989362153             -0.00004969093421426345              0.00004551486769766744             -0.00006886142706936529              0.00000000000001227599 
 11             -0.00054060858962239760             -0.00011826228981878711             -0.00003339130572577126              0.00004551486768155869             -0.00006729000133623492              0.00000000000001227599 
 12             -0.00054060858954756315             -0.00011826228981878711             -0.00004356886029083258              0.00004653765602668802             -0.00006729000135478820              0.00000000000001227599 
 13             -0.00054060858954756315             -0.00011826228989362153             -0.00005913626113964746              0.00004653765603922252             -0.00006886142708048536              0.00000000000001227599 
 15             -0.00086300695926706350             -0.00039124016712101614             -0.00005405104091230728              0.00003637542201067577             -0.00004242705504224028              0.00000000000001116916 
 16             -0.00086300695926706350             -0.00039124016705292889             -0.00003436503338737146              0.00003637542200192345             -0.00004075355227588898              0.00000000000001116916 
 17             -0.00086300695919897625             -0.00039124016705292889             -0.00004759638081600867              0.00003765074549429900             -0.00004075355228584656              0.00000000000001116916 
 18             -0.00086300695919897625             -0.00039124016712101614             -0.00006624722146997538              0.00003765074550194176             -0.00004242705504985514              0.00000000000001116916 
 118             -0.00022573220175696202              0.00003577141957868401             -0.00003779115060974953              0.00002132205250668684             -0.00007859200363011382              0.00000000000001121741 
 128             -0.00025690371687065485              0.00002585955456337028             -0.00004002034099870321              0.00003239331976141582             -0.00009112961134309412              0.00000000000001133503 
 138             -0.00029186967514402889              0.00001243141153932420             -0.00004238269760431194              0.00004063184538822256             -0.00009944491521964629              0.00000000000001145265 
 148             -0.00032923693597525293             -0.00000361003068655061             -0.00004477492063619866              0.00004678964073950585             -0.00010437027377159448              0.00000000000001157027 
 158             -0.00036785057921038308             -0.00002158691189194056             -0.00004716312224733442              0.00005122219810181365             -0.00010626747070944171              0.00000000000001168789 
 168             -0.00040660511197639743             -0.00004087016773510617             -0.00004955356209117564              0.00005393357549198254             -0.00010514136371133425              0.00000000000001180551 
 178             -0.00044439500763635638             -0.00006083066228628429             -0.00005195395630726472              0.00005492331342831759             -0.00010098986398468041              0.00000000000001192313 
 188             -0.00048011070239505814             -0.00008083634895737363             -0.00005437197705609775              0.00005417858999721728             -0.00009379673694203032              0.00000000000001204075 
 198             -0.00051262435477952178             -0.00010024051808162522             -0.00005679918633706870              0.00005157416719667396             -0.00008340242171363825              0.00000000000001215837 
