 1              0.00000000000000000000              0.00000000000000000000              0.00000000000000000000              0.00000000000000000000              0.00000000000000000000              0.00000000000000000000 
 2              0.00000000000000000000              0.00000000000000000000              0.00000000000000000000              0.00000000000000000000              0.00000000000000000000              0.00000000000000000000 
 3              0.00000000000000000000              0.00000000000000000000              0.00000000000000000000              0.00000000000000000000              0.00000000000000000000              0.00000000000000000000 
 4              0.00000000000000000000              0.00000000000000000000              0.00000000000000000000              0.00000000000000000000              0.00000000000000000000              0.00000000000000000000 
 5              0.00008643538566708894             -0.00010049843058380903             -0.00002502336136305778              0.00002588652326739484              0.00002663159019869161              0.00000000000000030584 
 6              0.00008643538566708894             -0.00010049843058194466             -0.00002889550911704481              0.00002588652326842064              0.00002668991350812160              0.00000000000000030584 
 7              0.00008643538566895331             -0.00010049843058194466             -0.00003154365749572896              0.00002592521960596002              0.00002668991350835185              0.00000000000000030584 
 8              0.00008643538566895331             -0.00010049843058380903             -0.00002768441824066963              0.00002592521960534759              0.00002663159019932322              0.00000000000000030584 
 10              0.00022723444483541364             -0.00020789939168551011             -0.00004204246358958530              0.00001697143584537528              0.00002871439679282932              0.00000000000000053546 
 11              0.00022723444483541364             -0.00020789939168224596             -0.00004834814245144371              0.00001697143584634518              0.00002875798756932356              0.00000000000000053546 
 12              0.00022723444483867779             -0.00020789939168224596             -0.00005224511153049376              0.00001698327838012151              0.00002875798756956228              0.00000000000000053546 
 13              0.00022723444483867779             -0.00020789939168551011             -0.00004595788647071281              0.00001698327837942996              0.00002871439679341606              0.00000000000000053546 
 15              0.00034767541045921824             -0.00026324276247795139             -0.00005069794268670939              0.00000723251818094210              0.00001781825744636578              0.00000000000000078100 
 16              0.00034767541045921824             -0.00026324276247319045             -0.00005796029133771881              0.00000723251818178769              0.00001802245083986721              0.00000000000000078100 
 17              0.00034767541046397919             -0.00026324276247319045             -0.00006222714439883620              0.00000727558295609643              0.00001802245084027891              0.00000000000000078100 
 18              0.00034767541046397919             -0.00026324276247795139             -0.00005498828033326585              0.00000727558295531163              0.00001781825744691281              0.00000000000000078100 
 118              0.00009732436853496907             -0.00011062886060835280             -0.00002951230785827306              0.00002929996343356947              0.00003268230702304791              0.00000000000000032880 
 128              0.00011018404592279615             -0.00012181554185626525             -0.00003134139918616610              0.00003171248368749865              0.00003741992558168164              0.00000000000000035176 
 138              0.00012454028176957894             -0.00013371227513743372             -0.00003316969068073021              0.00003318257170617869              0.00004086561197501991              0.00000000000000037472 
 148              0.00013992055492577585             -0.00014597435128980217             -0.00003499732188175185              0.00003371018798782355              0.00004301943760240013              0.00000000000000039768 
 158              0.00015585232007995223             -0.00015825699867773701             -0.00003682450890105891              0.00003329500834792889              0.00004388122987432387              0.00000000000000042065 
 168              0.00017186312333544669             -0.00017021540089979436             -0.00003865187640304477              0.00003193724454257805              0.00004345161577557984              0.00000000000000044361 
 178              0.00018748054518273998             -0.00018150483023272442             -0.00004047983769774310              0.00002963702343392866              0.00004173016659456220              0.00000000000000046657 
 188              0.00020223206138665346             -0.00019178056309807965             -0.00004230854191914713              0.00002639427792036290              0.00003871678198381178              0.00000000000000048953 
 198              0.00021564510443522364             -0.00020069782973994009             -0.00004413797272559666              0.00002220731949501769              0.00003440977139197519              0.00000000000000051249 
