 1              0.00000000000000000000              0.00000000000000000000              0.00000000000000000000              0.00000000000000000000              0.00000000000000000000              0.00000000000000000000 
 2              0.00000000000000000000              0.00000000000000000000              0.00000000000000000000              0.00000000000000000000              0.00000000000000000000              0.00000000000000000000 
 3              0.00000000000000000000              0.00000000000000000000              0.00000000000000000000              0.00000000000000000000              0.00000000000000000000              0.00000000000000000000 
 4              0.00000000000000000000              0.00000000000000000000              0.00000000000000000000              0.00000000000000000000              0.00000000000000000000              0.00000000000000000000 
 5              0.00007201200432138143             -0.00003920703361632412             -0.00002635646126424707              0.00000998542938179713              0.00002189005918304115              0.00000000000000000400 
 6              0.00007201200432138143             -0.00003920703361629977             -0.00002935291006684749              0.00000998542938174560              0.00002188273272408903              0.00000000000000000400 
 7              0.00007201200432140580             -0.00003920703361629977             -0.00003026985432701514              0.00000998086034915122              0.00002188273272403396              0.00000000000000000400 
 8              0.00007201200432140580             -0.00003920703361632412             -0.00002727173119102015              0.00000998086034920250              0.00002189005918298623              0.00000000000000000400 
 10              0.00018437261308549831             -0.00007884637689585812             -0.00004411140026359736              0.00000564453169481050              0.00002211222428690754              0.00000000000000000562 
 11              0.00018437261308549831             -0.00007884637689582389             -0.00004894168468608845              0.00000564453169484994              0.00002211264223650277              0.00000000000000000562 
 12              0.00018437261308553257             -0.00007884637689582389             -0.00005024090394993209              0.00000564362592505490              0.00002211264223648875              0.00000000000000000562 
 13              0.00018437261308553257             -0.00007884637689585812             -0.00004540828063430180              0.00000564362592501767              0.00002211222428690076              0.00000000000000000562 
 15              0.00027331985898210507             -0.00009401401736677333             -0.00005315084374733212              0.00000182243362391736              0.00001330529817374418              0.00000000000000007815 
 16              0.00027331985898210507             -0.00009401401736629693             -0.00005866118882733656              0.00000182243362403865              0.00001333586613795959              0.00000000000000007815 
 17              0.00027331985898258147             -0.00009401401736629693             -0.00006004752076744377              0.00000182411554081699              0.00001333586613797171              0.00000000000000007815 
 18              0.00027331985898258147             -0.00009401401736677333             -0.00005453519276573669              0.00000182411554070098              0.00001330529817377212              0.00000000000000007815 
 118              0.00008091552808194980             -0.00004308814506194580             -0.00002908604123048187              0.00001118080513434627              0.00002662059449729599              0.00000000000000000416 
 128              0.00009135792142581995             -0.00004734175173490222             -0.00003089993074491018              0.00001201769155918956              0.00003030470655785964              0.00000000000000000432 
 138              0.00010295645264398902             -0.00005183506694213527             -0.00003271344057155618              0.00001249155043037426              0.00003294243947763638              0.00000000000000000448 
 148              0.00011532840281927935             -0.00005643530938584984             -0.00003452661094477997              0.00001260237527945619              0.00003453381434758459              0.00000000000000000464 
 158              0.00012809106747575910             -0.00006100969971893235             -0.00003633952086126203              0.00001235020838759441              0.00003507895481291929              0.00000000000000000481 
 168              0.00014086181587666762             -0.00006542547212397757             -0.00003815257069093178              0.00001173500227121577              0.00003457797801732523              0.00000000000000000497 
 178              0.00015325799843622767             -0.00006954981527167640             -0.00003996593189132675              0.00001075666887058132              0.00003303080597633523              0.00000000000000000513 
 188              0.00016489695881322314             -0.00007324992935370005             -0.00004177964642870386              0.00000941529837851946              0.00003043743942628439              0.00000000000000000529 
 198              0.00017539604528744963             -0.00007639303729443265             -0.00004359374787704714              0.00000771092678705300              0.00002679790276030479              0.00000000000000000546 
