 1              0.00000000000000000000              0.00000000000000000000              0.00000000000000000000              0.00000000000000000000              0.00000000000000000000              0.00000000000000000000 
 2              0.00000000000000000000              0.00000000000000000000              0.00000000000000000000              0.00000000000000000000              0.00000000000000000000              0.00000000000000000000 
 3              0.00000000000000000000              0.00000000000000000000              0.00000000000000000000              0.00000000000000000000              0.00000000000000000000              0.00000000000000000000 
 4              0.00000000000000000000              0.00000000000000000000              0.00000000000000000000              0.00000000000000000000              0.00000000000000000000              0.00000000000000000000 
 5             -0.00009242133094469052              0.00007855021737323440             -0.00003062682400883621             -0.00002141638155724875             -0.00002428508003398173             -0.00000000000000001259 
 6             -0.00009242133094469052              0.00007855021737315764             -0.00002829296646192755             -0.00002141638155704136             -0.00002426391295972583             -0.00000000000000001259 
 7             -0.00009242133094476728              0.00007855021737315764             -0.00002594012048271584             -0.00002139490121306910             -0.00002426391295941583             -0.00000000000000001259 
 8             -0.00009242133094476728              0.00007855021737323440             -0.00002827688331885312             -0.00002139490121336097             -0.00002428508003375921             -0.00000000000000001259 
 10             -0.00019334770671530917              0.00017373488432553076             -0.00005059584167060138             -0.00001581418620913593             -0.00001484334532831479             -0.00000000000000002543 
 11             -0.00019334770671530917              0.00017373488432537577             -0.00004723792898566800             -0.00001581418620907483             -0.00001484117859170080             -0.00000000000000002543 
 12             -0.00019334770671546416              0.00017373488432537577             -0.00004368902133050740             -0.00001581052216021461             -0.00001484117859159564             -0.00000000000000002543 
 13             -0.00019334770671546416              0.00017373488432553076             -0.00004704984613689173             -0.00001581052216030516             -0.00001484334532823737             -0.00000000000000002543 
 15             -0.00023451390955262069              0.00022686811110496144             -0.00006032719439758596             -0.00000735735630049022             -0.00000508938116594309             -0.00000000000000002507 
 16             -0.00023451390955262069              0.00022686811110480856             -0.00005672462084481633             -0.00000735735630049646             -0.00000509123569644642             -0.00000000000000002507 
 17             -0.00023451390955277356              0.00022686811110480856             -0.00005281055532367989             -0.00000735954849284443             -0.00000509123569645303             -0.00000000000000002507 
 18             -0.00023451390955277356              0.00022686811110496144             -0.00005641594222739341             -0.00000735954849283840             -0.00000508938116594953             -0.00000000000000002507 
 118             -0.00010195281965415221              0.00008703287111100125             -0.00003015480455794881             -0.00002484056681750048             -0.00002767333191093571             -0.00000000000000001388 
 128             -0.00011254760273051755              0.00009661315123715736             -0.00003203241102314398             -0.00002739681150560006             -0.00003009927260741401             -0.00000000000000001516 
 138             -0.00012385372360219373              0.00010696575468890714             -0.00003390973591456330             -0.00002906368645318662             -0.00003156297592516632             -0.00000000000000001644 
 148             -0.00013551924182134077              0.00011776539603307108             -0.00003578681183470278             -0.00002984126530065833             -0.00003206449486975922             -0.00000000000000001773 
 158             -0.00014719223501699673              0.00012868683122521323             -0.00003766369410535119             -0.00002972969317709405             -0.00003160381218492456             -0.00000000000000001901 
 168             -0.00015852071513956548              0.00013940484711959811             -0.00003954070379365349             -0.00002872889987269825             -0.00003018068277537056             -0.00000000000000002029 
 178             -0.00016915267942239207              0.00014959415907085571             -0.00004141801732022841             -0.00002683869952892440             -0.00002779521102703045             -0.00000000000000002158 
 188             -0.00017873613522300746              0.00015892945306165239             -0.00004329566812139772             -0.00002405906719868633             -0.00002444736506787323             -0.00000000000000002286 
 198             -0.00018691908116231519              0.00016708540354231513             -0.00004517368731290256             -0.00002038996361128002             -0.00002013712783242312             -0.00000000000000002414 
