 1              0.00000000000000000000              0.00000000000000000000              0.00000000000000000000              0.00000000000000000000              0.00000000000000000000              0.00000000000000000000 
 2              0.00000000000000000000              0.00000000000000000000              0.00000000000000000000              0.00000000000000000000              0.00000000000000000000              0.00000000000000000000 
 3              0.00000000000000000000              0.00000000000000000000              0.00000000000000000000              0.00000000000000000000              0.00000000000000000000              0.00000000000000000000 
 4              0.00000000000000000000              0.00000000000000000000              0.00000000000000000000              0.00000000000000000000              0.00000000000000000000              0.00000000000000000000 
 5             -0.00007564948871343197              0.00010387806695628429             -0.00003177542151542691             -0.00002851504429067411             -0.00002422434590196893              0.00000000000000005605 
 6             -0.00007564948871343197              0.00010387806695662600             -0.00002831654111213418             -0.00002851504429002045             -0.00002416286153276146              0.00000000000000005605 
 7             -0.00007564948871309025              0.00010387806695662600             -0.00002481048189528761             -0.00002845089245759844             -0.00002416286153168282              0.00000000000000005605 
 8             -0.00007564948871309025              0.00010387806695628429             -0.00002827957963722377             -0.00002845089245875016             -0.00002422434590135858              0.00000000000000005605 
 10             -0.00020639306428508721              0.00023523496732528050             -0.00005269784109604330             -0.00002433050402010203             -0.00002618823646331947              0.00000000000000009033 
 11             -0.00020639306428508721              0.00023523496732583116             -0.00004706858391870019             -0.00002433050401912096             -0.00002612731931927545              0.00000000000000009033 
 12             -0.00020639306428453654              0.00023523496732583116             -0.00004157936531438447             -0.00002427915815981031             -0.00002612731931796820              0.00000000000000009033 
 13             -0.00020639306428453654              0.00023523496732528050             -0.00004722948335676004             -0.00002427915816120100             -0.00002618823646241795              0.00000000000000009033 
 15             -0.00031310499954989633              0.00033091672823973566             -0.00006271720884579308             -0.00001372551382079689             -0.00001555860426987994              0.00000000000000015298 
 16             -0.00031310499954989633              0.00033091672824066829             -0.00005625885864105231             -0.00001372551381972817             -0.00001538318218530474              0.00000000000000015298 
 17             -0.00031310499954896370              0.00033091672824066829             -0.00005003686182623130             -0.00001358330604689383             -0.00001538318218419668              0.00000000000000015298 
 18             -0.00031310499954896370              0.00033091672823973566             -0.00005652258445227487             -0.00001358330604810924             -0.00001555860426887329              0.00000000000000015298 
 118             -0.00008563366663775914              0.00011519413798066867             -0.00003017063965225469             -0.00003321256676726153             -0.00003013567759426799              0.00000000000000005948 
 128             -0.00009753513235474993              0.00012802915506311631             -0.00003206735791347688             -0.00003678054876850982             -0.00003473293537838725              0.00000000000000006291 
 138             -0.00011088832204240761              0.00014196113237689451             -0.00003396355417396404             -0.00003921079248867306             -0.00003807378406419347              0.00000000000000006634 
 148             -0.00012523368027362556              0.00015657391436446462             -0.00003585932671909183             -0.00004050327573813173             -0.00004015820316264250              0.00000000000000006976 
 158             -0.00014011167585972325              0.00017145140870272375             -0.00003775481582438696             -0.00004065822537994561             -0.00004098615019698534              0.00000000000000007319 
 168             -0.00015506260157886233              0.00018617750956585296             -0.00003965050892992152             -0.00003967547640290432             -0.00004055709261551133              0.00000000000000007662 
 178             -0.00016962682051548691              0.00020033610971229195             -0.00004154671844063995             -0.00003755507779167113             -0.00003887162773086702              0.00000000000000008005 
 188             -0.00018334479643300467              0.00021351109536282308             -0.00004344352878653661             -0.00003429701009306419             -0.00003592977957532019              0.00000000000000008347 
 198             -0.00019575697694929452              0.00022528634015267344             -0.00004534093193743397             -0.00002990041037781011             -0.00003173065733368332              0.00000000000000008690 
