 1              0.00000000000000000000              0.00000000000000000000              0.00000000000000000000              0.00000000000000000000              0.00000000000000000000              0.00000000000000000000 
 2              0.00000000000000000000              0.00000000000000000000              0.00000000000000000000              0.00000000000000000000              0.00000000000000000000              0.00000000000000000000 
 3              0.00000000000000000000              0.00000000000000000000              0.00000000000000000000              0.00000000000000000000              0.00000000000000000000              0.00000000000000000000 
 4              0.00000000000000000000              0.00000000000000000000              0.00000000000000000000              0.00000000000000000000              0.00000000000000000000              0.00000000000000000000 
 5              0.00008192650034071814             -0.00000607593495591082             -0.00002684185231680523              0.00000286860388013798              0.00002171226615109041              0.00000000000000001014 
 6              0.00008192650034071814             -0.00000607593495584900             -0.00002907070716350007              0.00000286860388009306              0.00002170474979489995              0.00000000000000001014 
 7              0.00008192650034077997             -0.00000607593495584900             -0.00002978554024374942              0.00000286415604991364              0.00002170474979484666              0.00000000000000001014 
 8              0.00008192650034077997             -0.00000607593495591082             -0.00002755507063500205              0.00000286415604995868              0.00002171226615103537              0.00000000000000001014 
 10              0.00017422321211850035             -0.00002769793867812923             -0.00004488804022537539              0.00000592708970936875              0.00001459602224898572              0.00000000000000001331 
 11              0.00017422321211850035             -0.00002769793867804812             -0.00004818572093955416              0.00000592708970935252              0.00001459461455202245              0.00000000000000001331 
 12              0.00017422321211858145             -0.00002769793867804812             -0.00004946581911522948              0.00000592616987907742              0.00001459461455200070              0.00000000000000001331 
 13              0.00017422321211858145             -0.00002769793867812923             -0.00004616589998701241              0.00000592616987909313              0.00001459602224896389              0.00000000000000001331 
 15              0.00022042570487587867             -0.00005801441891657256             -0.00005403589624416378              0.00000492797082755023              0.00000620073352953660              0.00000000000000001438 
 16              0.00022042570487587867             -0.00005801441891648487             -0.00005763858822738956              0.00000492797082754783              0.00000619955469033486              0.00000000000000001438 
 17              0.00022042570487596633             -0.00005801441891648487             -0.00005917290706115870              0.00000492763135374110              0.00000619955469033165              0.00000000000000001438 
 18              0.00022042570487596633             -0.00005801441891657256             -0.00005556796495911073              0.00000492763135374344              0.00000620073352953329              0.00000000000000001438 
 118              0.00009046298133469375             -0.00000733483349285017             -0.00002941682076136474              0.00000398925012629483              0.00002482414221040845              0.00000000000000001046 
 128              0.00009998224839564253             -0.00000897196035560012             -0.00003127814203843974              0.00000493233537235398              0.00002708621369122611              0.00000000000000001077 
 138              0.00011017348753288260             -0.00001092074818283314             -0.00003313907690940669              0.00000569343589533943              0.00002849853827153094              0.00000000000000001109 
 148              0.00012072590048972477             -0.00001311463500429938             -0.00003499966551079901              0.00000627255273753837              0.00002906113771869195              0.00000000000000001141 
 158              0.00013132870199120900             -0.00001548706552768375             -0.00003685998591674120              0.00000666974665292393              0.00002877412796246087              0.00000000000000001172 
 168              0.00014167118525775009             -0.00001797149846887833             -0.00003872044672005750              0.00000688495256807786              0.00002763766094209503              0.00000000000000001204 
 178              0.00015144262102696429             -0.00002050135425495991             -0.00004058122972852475              0.00000691813870339674              0.00002565160035054101              0.00000000000000001236 
 188              0.00016033226250151766             -0.00002301007238440181             -0.00004244237567577876              0.00000676937739399917              0.00002281595493201156              0.00000000000000001267 
 198              0.00016802936997600248             -0.00002543111048737710             -0.00004430391812636100              0.00000643870260957642              0.00001913074823915899              0.00000000000000001299 
