 1              0.00000000000000000000              0.00000000000000000000              0.00000000000000000000              0.00000000000000000000              0.00000000000000000000              0.00000000000000000000 
 2              0.00000000000000000000              0.00000000000000000000              0.00000000000000000000              0.00000000000000000000              0.00000000000000000000              0.00000000000000000000 
 3              0.00000000000000000000              0.00000000000000000000              0.00000000000000000000              0.00000000000000000000              0.00000000000000000000              0.00000000000000000000 
 4              0.00000000000000000000              0.00000000000000000000              0.00000000000000000000              0.00000000000000000000              0.00000000000000000000              0.00000000000000000000 
 5             -0.00002223416437722467             -0.00010598951898101710             -0.00002609825353596173              0.00003575001500907278             -0.00000667313441631627             -0.00000000000000005987 
 6             -0.00002223416437722467             -0.00010598951898138210             -0.00002468058795520928              0.00003575001500844863             -0.00000670975512685903             -0.00000000000000005987 
 7             -0.00002223416437758966             -0.00010598951898138210             -0.00003077999914690762              0.00003576187386773142             -0.00000670975512735893             -0.00000000000000005987 
 8             -0.00002223416437758966             -0.00010598951898101710             -0.00003220032659987541              0.00003576187386784890             -0.00000667313441685230             -0.00000000000000005987 
 10             -0.00006210410041164363             -0.00031628527249301386             -0.00004340529745098998              0.00004751492030101817             -0.00001090953285310357              0.00000000000000006417 
 11             -0.00006210410041164363             -0.00031628527249262268             -0.00004091118704232836              0.00004751492029859645             -0.00001086570872012324              0.00000000000000006417 
 12             -0.00006210410041125247             -0.00031628527249262268             -0.00005126185701773655              0.00004811284474072452             -0.00001086570872287561              0.00000000000000006417 
 13             -0.00006210410041125247             -0.00031628527249301386             -0.00005373953308148892              0.00004811284474252979             -0.00001090953285583200              0.00000000000000006417 
 15             -0.00012677682275196475             -0.00054845077279645034             -0.00005047091871847460              0.00003226331895238770             -0.00000938646825748144              0.00000000000000039717 
 16             -0.00012677682275196475             -0.00054845077279402931             -0.00004737139980807895              0.00003226331895024593             -0.00000931023783381379              0.00000000000000039717 
 17             -0.00012677682274954362             -0.00054845077279402931             -0.00005994355333702549              0.00003368635074102593             -0.00000931023783592434              0.00000000000000039717 
 18             -0.00012677682274954362             -0.00054845077279645034             -0.00006300172776608787              0.00003368635074290961             -0.00000938646825958790              0.00000000000000039717 
 118             -0.00002497802777683781             -0.00012090197171606773             -0.00003435600368150995              0.00004543864437119091             -0.00000826689564527327             -0.00000000000000004747 
 128             -0.00002824649011644138             -0.00013899610301723359             -0.00003651215351353684              0.00005318930388921296             -0.00000956215762508521             -0.00000000000000003507 
 138             -0.00003194193677558718             -0.00015958348220389593             -0.00003866458992665497              0.00005907283089450045             -0.00001060259307538949             -0.00000000000000002266 
 148             -0.00003597212521472270             -0.00018198205756419613             -0.00004081457019852686              0.00006309402368222879             -0.00001139351337213221             -0.00000000000000001026 
 158             -0.00004024641097474509             -0.00020551115603006912             -0.00004296324317844702              0.00006525421872432746             -0.00001193723014277090              0.00000000000000000215 
 168             -0.00004467436700396607             -0.00022949000549961235             -0.00004511237770474106              0.00006555402752463000             -0.00001223418194698548              0.00000000000000001455 
 178             -0.00004916590636041535             -0.00025323856229831184             -0.00004726337686777451              0.00006399440179845423             -0.00001228447276434259              0.00000000000000002695 
 188             -0.00005363017577072059             -0.00027607604783615262             -0.00004941729778263422              0.00006057111594096272             -0.00001208404394772595              0.00000000000000003936 
 198             -0.00005797445847910869             -0.00029731977943750915             -0.00005157555523068346              0.00005527874715911575             -0.00001162745487436420              0.00000000000000005176 
