 1              0.00000000000000000000              0.00000000000000000000              0.00000000000000000000              0.00000000000000000000              0.00000000000000000000              0.00000000000000000000 
 2              0.00000000000000000000              0.00000000000000000000              0.00000000000000000000              0.00000000000000000000              0.00000000000000000000              0.00000000000000000000 
 3              0.00000000000000000000              0.00000000000000000000              0.00000000000000000000              0.00000000000000000000              0.00000000000000000000              0.00000000000000000000 
 4              0.00000000000000000000              0.00000000000000000000              0.00000000000000000000              0.00000000000000000000              0.00000000000000000000              0.00000000000000000000 
 5              0.00032252105730010871              0.00062552051069038480             -0.00002328414888059611             -0.00016844118989093996              0.00007983228693246435             -0.00000000000000962820 
 6              0.00032252105730010871              0.00062552051063169130             -0.00003620687795244366             -0.00016844118994078231              0.00008310037487829536             -0.00000000000000962820 
 7              0.00032252105724141520              0.00062552051063169130             -0.00001222729956390465             -0.00015271725664629593              0.00008310037483437503             -0.00000000000000962820 
 8              0.00032252105724141520              0.00062552051069038480              0.00000408233905649335             -0.00015271725652325034              0.00007983228686517413             -0.00000000000000962820 
 10              0.00077908238351019859              0.00150992566360480551             -0.00003168512384113682             -0.00013076006964575892              0.00007334409642172399             -0.00000000000003860584 
 11              0.00077908238351019859              0.00150992566336946425             -0.00005277039635679780             -0.00013076006967426148              0.00007624151999206716             -0.00000000000003860584 
 12              0.00077908238327485733              0.00150992566336946425             -0.00001384580782775072             -0.00012156130668694464              0.00007624151996486273             -0.00000000000003860584 
 13              0.00077908238327485733              0.00150992566360480551              0.00001403349538209739             -0.00012156130659527204              0.00007334409637504921             -0.00000000000003860584 
 15              0.00110161798101771589              0.00195536847867937378             -0.00003549736625917418             -0.00005243661300792488              0.00004011735352843012             -0.00000000000003495751 
 16              0.00110161798101771589              0.00195536847846627254             -0.00005985042307249021             -0.00005243661301401483              0.00004103198574974552             -0.00000000000003495751 
 17              0.00110161798080461509              0.00195536847846627254             -0.00001686836968994337             -0.00005236820443957981              0.00004103198574410232             -0.00000000000003495751 
 18              0.00110161798080461509              0.00195536847867937378              0.00001440094190070368             -0.00005236820443231209              0.00004011735352244312             -0.00000000000003495751 
 118              0.00035676546035716086              0.00069207205454416027              0.00000760751911634343             -0.00020942614620088985              0.00010656050910889287             -0.00000000000001252597 
 128              0.00039949795895474511              0.00077641782557842447              0.00000950326532972827             -0.00025003034305785723              0.00012625598647055423             -0.00000000000001542373 
 138              0.00044815934879374080              0.00087271014541764739              0.00000985269334595475             -0.00027476686516988925              0.00013898031689611861             -0.00000000000001832150 
 148              0.00050022670163940965              0.00097539550102242200              0.00000898154211832160             -0.00028506247500509953              0.00014486140738526043             -0.00000000000002121926 
 158              0.00055354584811871937              0.00108016722308960835              0.00000782368076366312             -0.00028677074503695704              0.00014616882185884204             -0.00000000000002411702 
 168              0.00060676379093529801              0.00118438472451122827              0.00000669337381879319             -0.00028186634202628975              0.00014419714889472943             -0.00000000000002701479 
 178              0.00065829371843191564              0.00128480510312647912              0.00000625025414268823             -0.00026550775028264477              0.00013672734042165642             -0.00000000000002991255 
 188              0.00070585708603914071              0.00137640653292099612              0.00000723558536170942             -0.00023363964153480079              0.00012249222287762874             -0.00000000000003281031 
 198              0.00074696403836436542              0.00145341297330587932              0.00000981253951375772             -0.00018568622668701723              0.00010141846676581201             -0.00000000000003570808 
