 1              0.00000000000000000000              0.00000000000000000000              0.00000000000000000000              0.00000000000000000000              0.00000000000000000000              0.00000000000000000000 
 2              0.00000000000000000000              0.00000000000000000000              0.00000000000000000000              0.00000000000000000000              0.00000000000000000000              0.00000000000000000000 
 3              0.00000000000000000000              0.00000000000000000000              0.00000000000000000000              0.00000000000000000000              0.00000000000000000000              0.00000000000000000000 
 4              0.00000000000000000000              0.00000000000000000000              0.00000000000000000000              0.00000000000000000000              0.00000000000000000000              0.00000000000000000000 
 5              0.00070780416668599923              0.00002841010425305919              0.00000430408686200839              0.00000178822790359372              0.00016226097962760471             -0.00000000000001860262 
 6              0.00070780416668599923              0.00002841010413965759             -0.00003254947625628210              0.00000178822790146492              0.00018884958598031998             -0.00000000000001860262 
 7              0.00070780416657259754              0.00002841010413965759             -0.00003431979284057868              0.00000158104293777038              0.00018884958599113953             -0.00000000000001860262 
 8              0.00070780416657259754              0.00002841010425305919              0.00000183685701916695              0.00000158104293947623              0.00016226097960313641             -0.00000000000001860262 
 10              0.00169063916347529826             -0.00003326609159969706              0.00001225204084399061              0.00001630054600221846              0.00016998911977740634              0.00000000000000215301 
 11              0.00169063916347529826             -0.00003326609158657230             -0.00005134508389523438              0.00001630054600733102              0.00018729864553967488              0.00000000000000215301 
 12              0.00169063916348842318             -0.00003326609158657230             -0.00005495650033882980              0.00001594891605554449              0.00018729864555015442              0.00000000000000215301 
 13              0.00169063916348842318             -0.00003326609159969706              0.00000789035997998612              0.00001594891604507880              0.00016998911975081750              0.00000000000000215301 
 15              0.00260677877295151629             -0.00012770818773169489              0.00003390438545299483              0.00001186672441376384              0.00010649954220613025              0.00000000000000151994 
 16              0.00260677877295151629             -0.00012770818772242935             -0.00004509574751596361              0.00001186672441780514              0.00011509149166896138              0.00000000000000151994 
 17              0.00260677877296078145             -0.00012770818772242935             -0.00004984291423095132              0.00001203831399329307              0.00011509149167364644              0.00000000000000151994 
 18              0.00260677877296078145             -0.00012770818773169489              0.00002813190383301634              0.00001203831398928367              0.00010649954221093476              0.00000000000000151994 
 118              0.00077857371570607444              0.00002665481039334476              0.00000518217349839315              0.00000788076553529698              0.00022292891469882301             -0.00000000000001652706 
 128              0.00086853133720519017              0.00002280592923173480              0.00000697985139128454              0.00001303189344283741              0.00026719383416423485             -0.00000000000001445150 
 138              0.00097172707007223721              0.00001731205724017485              0.00000731500230680733              0.00001686749052629666              0.00029532841071748430             -0.00000000000001237593 
 148              0.00108245251378797226              0.00001066822592161434              0.00000644099093146021              0.00001928871114680649              0.00030840464400618288             -0.00000000000001030037 
 158              0.00119611554850148423              0.00000336893854410882              0.00000520743317328008              0.00002051030961514362              0.00031201574220909975             -0.00000000000000822481 
 168              0.00130991574330608989             -0.00000426446919639674              0.00000396812898395066              0.00002113585401120571              0.00030918026396206563             -0.00000000000000614924 
 178              0.00142120339382414496             -0.00001203477529259282              0.00000298147313624854              0.00002123714257686768              0.00029764871600465522             -0.00000000000000407368 
 188              0.00152557720944589636             -0.00001969557598339939              0.00000313980012581067              0.00002050782676828497              0.00027131147186527981             -0.00000000000000199812 
 198              0.00161737221608077258             -0.00002689904788686922              0.00000474772418220018              0.00001872146620170642              0.00022885558466052418              0.00000000000000007745 
