 1              0.00000000000000000000              0.00000000000000000000              0.00000000000000000000              0.00000000000000000000              0.00000000000000000000              0.00000000000000000000 
 2              0.00000000000000000000              0.00000000000000000000              0.00000000000000000000              0.00000000000000000000              0.00000000000000000000              0.00000000000000000000 
 3              0.00000000000000000000              0.00000000000000000000              0.00000000000000000000              0.00000000000000000000              0.00000000000000000000              0.00000000000000000000 
 4              0.00000000000000000000              0.00000000000000000000              0.00000000000000000000              0.00000000000000000000              0.00000000000000000000              0.00000000000000000000 
 5              0.00002269499674458113              0.00000491016348860238             -0.00002815094672168294             -0.00000195608959096128              0.00000619576055208084             -0.00000000000000000158 
 6              0.00002269499674458113              0.00000491016348859273             -0.00002873012593276609             -0.00000195608959096077              0.00000619358151053027             -0.00000000000000000158 
 7              0.00002269499674457148              0.00000491016348859273             -0.00002843981512213247             -0.00000195714485020723              0.00000619358151053034             -0.00000000000000000158 
 8              0.00002269499674457148              0.00000491016348860238             -0.00002786064300841444             -0.00000195714485020601              0.00000619576055208238             -0.00000000000000000158 
 10              0.00004926765135026980              0.00001690570797218535             -0.00004697633936137162             -0.00000234762196940593              0.00000377905493874767             -0.00000000000000000175 
 11              0.00004926765135026980              0.00001690570797217469             -0.00004780297251753957             -0.00000234762196940452              0.00000377856432863405             -0.00000000000000000175 
 12              0.00004926765135025913              0.00001690570797217469             -0.00004732538739498489             -0.00000234796338176666              0.00000377856432863486             -0.00000000000000000175 
 13              0.00004926765135025913              0.00001690570797218535             -0.00004649883680554781             -0.00000234796338176758              0.00000377905493874901             -0.00000000000000000175 
 15              0.00005858943254710156              0.00002565915374505379             -0.00005640775835591760             -0.00000126978610328214              0.00000105171701987190             -0.00000000000000000151 
 16              0.00005858943254710156              0.00002565915374504458             -0.00005728374804292916             -0.00000126978610328152              0.00000105147769414312             -0.00000000000000000151 
 17              0.00005858943254709235              0.00002565915374504458             -0.00005674200623686583             -0.00000126987179722572              0.00000105147769414345             -0.00000000000000000151 
 18              0.00005858943254709235              0.00002565915374505379             -0.00005586610545138128             -0.00000126987179722630              0.00000105171701987231             -0.00000000000000000151 
 118              0.00002515024083071381              0.00000574858556544090             -0.00002972466704820331             -0.00000260486126426316              0.00000718410776404705             -0.00000000000000000160 
 128              0.00002791698029577364              0.00000679918082346910             -0.00003158856333109698             -0.00000311731968205043              0.00000789903761330460             -0.00000000000000000162 
 138              0.00003089520921333588              0.00000801247557907561             -0.00003345234144855427             -0.00000349451178433855              0.00000834054675307024             -0.00000000000000000163 
 148              0.00003398492393008267              0.00000933899362131082             -0.00003531601386028984             -0.00000373642842930767              0.00000850866079968731             -0.00000000000000000165 
 158              0.00003708615533067376              0.00001072925640637375             -0.00003717961849437838             -0.00000384309826598661              0.00000840357891440775             -0.00000000000000000167 
 168              0.00004009903050326130              0.00001213382010525336             -0.00003904323981614667             -0.00000381460742427216              0.00000802548129346554             -0.00000000000000000168 
 178              0.00004292362242214055              0.00001350322370757594             -0.00004090695688139144             -0.00000365083671280442              0.00000737400525124929             -0.00000000000000000170 
 188              0.00004545992739359627              0.00001478798812546200             -0.00004277079028576918             -0.00000335179597843778              0.00000644910886876728             -0.00000000000000000172 
 198              0.00004760793908896817              0.00001593863880862746             -0.00004463474799888423             -0.00000291749750233433              0.00000525079192486976             -0.00000000000000000173 
