 1              0.00000000000000000000              0.00000000000000000000              0.00000000000000000000              0.00000000000000000000              0.00000000000000000000              0.00000000000000000000 
 2              0.00000000000000000000              0.00000000000000000000              0.00000000000000000000              0.00000000000000000000              0.00000000000000000000              0.00000000000000000000 
 3              0.00000000000000000000              0.00000000000000000000              0.00000000000000000000              0.00000000000000000000              0.00000000000000000000              0.00000000000000000000 
 4              0.00000000000000000000              0.00000000000000000000              0.00000000000000000000              0.00000000000000000000              0.00000000000000000000              0.00000000000000000000 
 5             -0.00006248370613106732              0.00001910631689050701             -0.00003018269026826121             -0.00000916115182072149             -0.00001684331747771490             -0.00000000000000002467 
 6             -0.00006248370613106732              0.00001910631689035661             -0.00002857943737842377             -0.00000916115182080163             -0.00001685411987849894             -0.00000000000000002467 
 7             -0.00006248370613121773              0.00001910631689035661             -0.00002647501017416790             -0.00000917073108156282             -0.00001685411987856258             -0.00000000000000002467 
 8             -0.00006248370613121773              0.00001910631689050701             -0.00002807571425995832             -0.00000917073108148134             -0.00001684331747776910             -0.00000000000000002467 
 10             -0.00013414562337511808              0.00008698321827532693             -0.00005021728927964359             -0.00001755193995124555             -0.00001042907764821469             -0.00000000000000002862 
 11             -0.00013414562337511808              0.00008698321827515246             -0.00004791244225590399             -0.00001755193995126070             -0.00001043145015322895             -0.00000000000000002862 
 12             -0.00013414562337529259              0.00008698321827515246             -0.00004418212128316445             -0.00001755130752392069             -0.00001043145015318838             -0.00000000000000002862 
 13             -0.00013414562337529259              0.00008698321827532693             -0.00004648350371893817             -0.00001755130752391620             -0.00001042907764817418             -0.00000000000000002862 
 15             -0.00016173555297849696              0.00017282399936285886             -0.00006007143523972504             -0.00001373497049355656             -0.00000326188601925149             -0.00000000000000009402 
 16             -0.00016173555297849696              0.00017282399936228575             -0.00005761033166833612             -0.00001373497049351240             -0.00000325771011464644             -0.00000000000000009402 
 17             -0.00016173555297907007              0.00017282399936228575             -0.00005316742850310384             -0.00001369468216793797             -0.00000325771011449576             -0.00000000000000009402 
 18             -0.00016173555297907007              0.00017282399936285886             -0.00005562570512892040             -0.00001369468216800607             -0.00000326188601911135             -0.00000000000000009402 
 118             -0.00006913676747753919              0.00002314589022533633             -0.00002991765379269757             -0.00001281421209273129             -0.00001941721682206853             -0.00000000000000002507 
 128             -0.00007660076641136831              0.00002840422039590455             -0.00003175877841046266             -0.00001583486134389097             -0.00002127745802870679             -0.00000000000000002546 
 138             -0.00008461457037912516              0.00003465340710114030             -0.00003359923398559513             -0.00001823219387721974             -0.00002242348703907036             -0.00000000000000002586 
 148             -0.00009291688960534490              0.00004166541865036581             -0.00003543913169636225             -0.00002000605085452450             -0.00002285507637586124             -0.00000000000000002625 
 158             -0.00010124639473832247              0.00004921224645215047             -0.00003727863620900529             -0.00002115660011402609             -0.00002257196692282120             -0.00000000000000002665 
 168             -0.00010934145839795883              0.00005706582362881081             -0.00003911830817764065             -0.00002168327096250906             -0.00002157315530830636             -0.00000000000000002704 
 178             -0.00011694038921669772              0.00006499790085862427             -0.00004095850311640905             -0.00002158585246546652             -0.00001985912817053243             -0.00000000000000002744 
 188             -0.00012378165295576384              0.00007278024278658559             -0.00004279934253885685             -0.00002086454733456309             -0.00001743023547452210             -0.00000000000000002783 
 198             -0.00012960383115859510              0.00008018469830294139             -0.00004464095030792914             -0.00001951960247266102             -0.00001428676913432433             -0.00000000000000002823 
