 1              0.00000000000000000000              0.00000000000000000000              0.00000000000000000000              0.00000000000000000000              0.00000000000000000000              0.00000000000000000000 
 2              0.00000000000000000000              0.00000000000000000000              0.00000000000000000000              0.00000000000000000000              0.00000000000000000000              0.00000000000000000000 
 3              0.00000000000000000000              0.00000000000000000000              0.00000000000000000000              0.00000000000000000000              0.00000000000000000000              0.00000000000000000000 
 4              0.00000000000000000000              0.00000000000000000000              0.00000000000000000000              0.00000000000000000000              0.00000000000000000000              0.00000000000000000000 
 5              0.00022955780904470062             -0.00017521731365229253             -0.00001921902212056888              0.00005323645437129951              0.00005131065392554942             -0.00000000000001202453 
 6              0.00022955780904470062             -0.00017521731372559409             -0.00002531580438884450              0.00005323645438702120              0.00005199177765932538             -0.00000000000001202453 
 7              0.00022955780897139906             -0.00017521731372559409             -0.00003564975260865346              0.00005451994130276217              0.00005199177767957789             -0.00000000000001202453 
 8              0.00022955780897139906             -0.00017521731365229253             -0.00002987445170488659              0.00005451994128962598              0.00005131065394971675             -0.00000000000001202453 
 10              0.00042651074876976023             -0.00049472783862661697             -0.00003271504511969643              0.00007350832043973643              0.00003326164845769511             -0.00000000000001243649 
 11              0.00042651074876976023             -0.00049472783870242981             -0.00004177190589797887              0.00007350832045208779              0.00003332452653075892             -0.00000000000001243649 
 12              0.00042651074869394740             -0.00049472783870242981             -0.00005937142668334082              0.00007559725544575320              0.00003332452654069174             -0.00000000000001243649 
 13              0.00042651074869394740             -0.00049472783862661697             -0.00005069118070094621              0.00007559725543611721              0.00003326164846847319             -0.00000000000001243649 
 15              0.00057190153915902329             -0.00090621303770388017             -0.00003275787900094333              0.00005289431365071563              0.00001814930974046286             -0.00000000000001093482 
 16              0.00057190153915902329             -0.00090621303777053887             -0.00004328433420104351              0.00005289431365708703              0.00001842782010098165             -0.00000000000001093482 
 17              0.00057190153909236459             -0.00090621303777053887             -0.00006551582454775646              0.00005667023602212295              0.00001842782010600054             -0.00000000000001093482 
 18              0.00057190153909236459             -0.00090621303770388017             -0.00005559239168444890              0.00005667023601742571              0.00001814930974621195             -0.00000000000001093482 
 118              0.00024925093066066183             -0.00019804456049894788             -0.00003181323882967833              0.00006963843437628592              0.00005607293365927335             -0.00000000000001206573 
 128              0.00027034504207175056             -0.00022565348096798419             -0.00003389486893219910              0.00008077317517920974              0.00005899300555629376             -0.00000000000001210692 
 138              0.00029221818924005544             -0.00025677492266525830             -0.00003600266314253007              0.00008897721444331425              0.00006039234401493388             -0.00000000000001214812 
 148              0.00031436647945253925             -0.00029043920027935254             -0.00003809863057147580              0.00009468870010708136              0.00006050095581577946             -0.00000000000001218931 
 158              0.00033631820058673288             -0.00032573989553043845             -0.00004018934214088954              0.00009792379325381847              0.00005931881250063391             -0.00000000000001223051 
 168              0.00035760279119291413             -0.00036176951863035395             -0.00004228230197720125              0.00009867505845927914              0.00005685240344799614             -0.00000000000001227171 
 178              0.00037775028729990044             -0.00039761993938463322             -0.00004438520745724771              0.00009694187317477026              0.00005310396359621674             -0.00000000000001231290 
 188              0.00039629470642939539             -0.00043238008473275337             -0.00004650548614869689              0.00009270913456974487              0.00004808729792703135             -0.00000000000001235410 
 198              0.00041275244689194533             -0.00046511097824085770             -0.00004862846418898284              0.00008577730196710421              0.00004163180052525359             -0.00000000000001239530 
