 1              0.00000000000000000000              0.00000000000000000000              0.00000000000000000000              0.00000000000000000000              0.00000000000000000000              0.00000000000000000000 
 2              0.00000000000000000000              0.00000000000000000000              0.00000000000000000000              0.00000000000000000000              0.00000000000000000000              0.00000000000000000000 
 3              0.00000000000000000000              0.00000000000000000000              0.00000000000000000000              0.00000000000000000000              0.00000000000000000000              0.00000000000000000000 
 4              0.00000000000000000000              0.00000000000000000000              0.00000000000000000000              0.00000000000000000000              0.00000000000000000000              0.00000000000000000000 
 5             -0.00035511178283407683             -0.00039216821047892387             -0.00002197734712928222              0.00010455850724831002             -0.00009214891111602906              0.00000000000000458536 
 6             -0.00035511178283407683             -0.00039216821045097151             -0.00000668270345121750              0.00010455850719388362             -0.00008898868354057182              0.00000000000000458536 
 7             -0.00035511178280612447             -0.00039216821045097151             -0.00002457403151635622              0.00010953135411875277             -0.00008898868359372222              0.00000000000000458536 
 8             -0.00035511178280612447             -0.00039216821047892387             -0.00003784752627226263              0.00010953135414093184             -0.00009214891114565055              0.00000000000000458536 
 10             -0.00083811943400932990             -0.00099516697933071767             -0.00003253673163303528              0.00009793707097047029             -0.00008157393463848726              0.00000000000000320874 
 11             -0.00083811943400932990             -0.00099516697931115736             -0.00000836445953040533              0.00009793707093566764             -0.00008012193304385584              0.00000000000000320874 
 12             -0.00083811943398976938             -0.00099516697931115736             -0.00003711577243947090              0.00010068665562465716             -0.00008012193307399630              0.00000000000000320874 
 13             -0.00083811943398976938             -0.00099516697933071767             -0.00005806802712711004              0.00010068665563696172             -0.00008157393465717572              0.00000000000000320874 
 15             -0.00119185442761138294             -0.00140618869552250596             -0.00003502125573814877              0.00004914459774986739             -0.00004482055223195173              0.00000000000000367012 
 16             -0.00119185442761138294             -0.00140618869550013280             -0.00000708333611221835              0.00004914459773863427             -0.00004316025209146890              0.00000000000000367012 
 17             -0.00119185442758900978             -0.00140618869550013280             -0.00004022803227804949              0.00005144507046722776             -0.00004316025210112235              0.00000000000000367012 
 18             -0.00119185442758900978             -0.00140618869552250596             -0.00006463100490762453              0.00005144507047633077             -0.00004482055224116901              0.00000000000000367012 
 118             -0.00039366549277717558             -0.00043878374096963080             -0.00003877111935134353              0.00014393258389515197             -0.00011759906914517698              0.00000000000000444770 
 128             -0.00044002890876000862             -0.00049591830514540344             -0.00004063239093098817              0.00016708992094204380             -0.00013485766740609033              0.00000000000000431004 
 138             -0.00049138655576717850             -0.00055979807471328810             -0.00004306103165514271              0.00018097037343085424             -0.00014501034768094791              0.00000000000000417237 
 148             -0.00054547954068653946             -0.00062748976751421284             -0.00004565086319579383              0.00018827373586020936             -0.00015010000295069765              0.00000000000000403471 
 158             -0.00060071895064008475             -0.00069689255637630035             -0.00004824132097933964              0.00019036362554347960             -0.00015131321599538632              0.00000000000000389705 
 168             -0.00065570048772419659             -0.00076611439748683287             -0.00005083373797765275              0.00018728531375689759             -0.00014869091039449592              0.00000000000000375939 
 178             -0.00070900824598740342             -0.00083325130647467075             -0.00005341417279505503              0.00017884946523450209             -0.00014205287412169846              0.00000000000000362172 
 188             -0.00075889915726136284             -0.00089603629378933066             -0.00005574300391799463              0.00016316517335902912             -0.00012973903941815543              0.00000000000000348406 
 198             -0.00080291301519796977             -0.00095131212295325343             -0.00005740512450319151              0.00013767712647803288             -0.00010986290207167464              0.00000000000000334640 
