 1              0.00000000000000000000              0.00000000000000000000              0.00000000000000000000              0.00000000000000000000              0.00000000000000000000              0.00000000000000000000 
 2              0.00000000000000000000              0.00000000000000000000              0.00000000000000000000              0.00000000000000000000              0.00000000000000000000              0.00000000000000000000 
 3              0.00000000000000000000              0.00000000000000000000              0.00000000000000000000              0.00000000000000000000              0.00000000000000000000              0.00000000000000000000 
 4              0.00000000000000000000              0.00000000000000000000              0.00000000000000000000              0.00000000000000000000              0.00000000000000000000              0.00000000000000000000 
 5              0.00008993225046278355             -0.00000353076467928026             -0.00002732467909867976              0.00000121919169123628              0.00002245517720400745              0.00000000000000001836 
 6              0.00008993225046278355             -0.00000353076467916831             -0.00002908324267139800              0.00000121919169119863              0.00002244711823182129              0.00000000000000001836 
 7              0.00008993225046289549             -0.00000353076467916831             -0.00002930544187499614              0.00000121533988511442              0.00002244711823176674              0.00000000000000001836 
 8              0.00008993225046289549             -0.00000353076467928026             -0.00002754535694432119              0.00000121533988515370              0.00002245517720395026              0.00000000000000001836 
 10              0.00017419153107091633             -0.00001083027084802708             -0.00004583237457956226              0.00000173750384614950              0.00001000479487022979              0.00000000000000002300 
 11              0.00017419153107091633             -0.00001083027084788684             -0.00004814478042749608              0.00000173750384613486              0.00001000343624209967              0.00000000000000002300 
 12              0.00017419153107105657             -0.00001083027084788684             -0.00004852500358826878              0.00000173665118000928              0.00001000343624207733              0.00000000000000002300 
 13              0.00017419153107105657             -0.00001083027084802708             -0.00004621052690016687              0.00000173665118002411              0.00001000479487020684              0.00000000000000002300 
 15              0.00019005363470761194             -0.00001903123851719104             -0.00005521131066056820              0.00000130204210263024              0.00000095253506967570              0.00000000000000002406 
 16              0.00019005363470761194             -0.00001903123851704436             -0.00005755457390828561              0.00000130204210262832              0.00000095124640335709              0.00000000000000002406 
 17              0.00019005363470775863             -0.00001903123851704436             -0.00005800157755005677              0.00000130167321519295              0.00000095124640335411              0.00000000000000002406 
 18              0.00019005363470775863             -0.00001903123851719104             -0.00005565623092774957              0.00000130167321519480              0.00000095253506967272              0.00000000000000002406 
 118              0.00009861490005234288             -0.00000403806694695813             -0.00002941254048279866              0.00000154821739717230              0.00002488596325421194              0.00000000000000001883 
 128              0.00010803722539465724             -0.00000465570399286799             -0.00003127929169489889              0.00000181865819145182              0.00002649978167613707              0.00000000000000001929 
 138              0.00011790042220971990             -0.00000536084308795151             -0.00003314565478935487              0.00000202669025883642              0.00002729668331983084              0.00000000000000001976 
 148              0.00012790569961116660             -0.00000613066207607996             -0.00003501167757066954              0.00000217233282054701              0.00002727669291690681              0.00000000000000002022 
 158              0.00013775428823241853             -0.00000694234120005323             -0.00003687744154421573              0.00000225558803763682              0.00002643998919196548              0.00000000000000002068 
 168              0.00014714751787086189             -0.00000777306683532234             -0.00003874333712867019              0.00000227647618502453              0.00002478666013051452              0.00000000000000002115 
 178              0.00015578662949173886             -0.00000860002349811085             -0.00004060955197010159              0.00000223498592037003              0.00002231643079829677              0.00000000000000002161 
 188              0.00016337284306842145             -0.00000940040350037753             -0.00004247612902368645              0.00000213115801742376              0.00001902935189488367              0.00000000000000002208 
 198              0.00016960739468605039             -0.00001015141289366133             -0.00004434310601150585              0.00000196502930416646              0.00001492545641087224              0.00000000000000002254 
