 1              0.00000000000000000000              0.00000000000000000000              0.00000000000000000000              0.00000000000000000000              0.00000000000000000000              0.00000000000000000000 
 2              0.00000000000000000000              0.00000000000000000000              0.00000000000000000000              0.00000000000000000000              0.00000000000000000000              0.00000000000000000000 
 3              0.00000000000000000000              0.00000000000000000000              0.00000000000000000000              0.00000000000000000000              0.00000000000000000000              0.00000000000000000000 
 4              0.00000000000000000000              0.00000000000000000000              0.00000000000000000000              0.00000000000000000000              0.00000000000000000000              0.00000000000000000000 
 5             -0.00043141797983077215              0.00072494789345931780             -0.00003968898873838404             -0.00018113239770491032             -0.00013495779953838643              0.00000000000006631613 
 6             -0.00043141797983077215              0.00072494789386358101             -0.00001453019953160891             -0.00018113239761104050             -0.00012816016049520829              0.00000000000006631613 
 7             -0.00043141797942650905              0.00072494789386358101              0.00002117358430134289             -0.00016160713595283989             -0.00012816016040683164              0.00000000000006631613 
 8             -0.00043141797942650905              0.00072494789345931780             -0.00001154252253867720             -0.00016160713607265312             -0.00013495779943341083              0.00000000000006631613 
 10             -0.00132893542723219889              0.00164312337051732019             -0.00005622221584050833             -0.00014442920348822975             -0.00015413652127605030              0.00000000000002194494 
 11             -0.00132893542723219889              0.00164312337065109643             -0.00001246681143714265             -0.00014442920343347233             -0.00014814631147395629              0.00000000000002194494 
 12             -0.00132893542709842266              0.00164312337065109643              0.00004863564319852711             -0.00013594170199025829             -0.00014814631140260548              0.00000000000002194494 
 13             -0.00132893542709842266              0.00164312337051732019             -0.00000817595380137688             -0.00013594170202770508             -0.00015413652118372110              0.00000000000002194494 
 15             -0.00201700427931919817              0.00223886377137029382             -0.00005595312811811062             -0.00007160289733832737             -0.00008455680888425203              0.00000000000001884518 
 16             -0.00201700427931919817              0.00223886377148517415             -0.00000353608926207548             -0.00007160289732650864             -0.00007932080377865082              0.00000000000001884518 
 17             -0.00201700427920431784              0.00223886377148517415              0.00006505979693542346             -0.00006996946684730942             -0.00007932080376454036              0.00000000000001884518 
 18             -0.00201700427920431784              0.00223886377137029382             -0.00000107631407993764             -0.00006996946685973407             -0.00008455680887076848              0.00000000000001884518 
 118             -0.00049234486525271846              0.00079461540453662895             -0.00000786629639191870             -0.00021744887145966956             -0.00019636302597905343              0.00000000000006187901 
 128             -0.00057270891207870077              0.00088178915832155119             -0.00000624762335216237             -0.00025734309969825518             -0.00024125539214832131              0.00000000000005744189 
 138             -0.00066652176607072714              0.00098074408440463365             -0.00000648937337210532             -0.00028190613794964157             -0.00026988460436154103              0.00000000000005300477 
 148             -0.00076810618051516028              0.00108615938725422495             -0.00000808257520019025             -0.00029278695779061869             -0.00028379846260508264              0.00000000000004856765 
 158             -0.00087296203748538678              0.00119379747860110831             -0.00001002016113096340             -0.00029463706261183102             -0.00028841985053114491              0.00000000000004413053 
 168             -0.00097827136424417384              0.00130086594573170606             -0.00001195801361610241             -0.00028965642785532979             -0.00028626823960204790              0.00000000000003969341 
 178             -0.00108122162900382845              0.00140446692794719027             -0.00001351440508684467             -0.00027501858359741570             -0.00027494746772789596              0.00000000000003525630 
 188             -0.00117755884161354057              0.00149995569815097331             -0.00001367183322140006             -0.00024526572759702179             -0.00025000320214966891              0.00000000000003081918 
 198             -0.00126201338988197716              0.00158153413675358057             -0.00001195216456283551             -0.00019897969703263417             -0.00020992620238735965              0.00000000000002638206 
