 1              0.00000000000000000000              0.00000000000000000000              0.00000000000000000000              0.00000000000000000000              0.00000000000000000000              0.00000000000000000000 
 2              0.00000000000000000000              0.00000000000000000000              0.00000000000000000000              0.00000000000000000000              0.00000000000000000000              0.00000000000000000000 
 3              0.00000000000000000000              0.00000000000000000000              0.00000000000000000000              0.00000000000000000000              0.00000000000000000000              0.00000000000000000000 
 4              0.00000000000000000000              0.00000000000000000000              0.00000000000000000000              0.00000000000000000000              0.00000000000000000000              0.00000000000000000000 
 5             -0.00006773477308206849              0.00001787598423036227             -0.00003042966019953289             -0.00000715992802842068             -0.00002025708021752930              0.00000000000000001687 
 6             -0.00006773477308206849              0.00001787598423046514             -0.00002766435804361862             -0.00000715992802845965             -0.00002026683981157034              0.00000000000000001687 
 7             -0.00006773477308196563              0.00001787598423046514             -0.00002620059419112268             -0.00000716522162766597             -0.00002026683981162423              0.00000000000000001687 
 8             -0.00006773477308196563              0.00001787598423036227             -0.00002896432292791569             -0.00000716522162762541             -0.00002025708021758442              0.00000000000000001687 
 10             -0.00017047860366610005              0.00006585923994499384             -0.00005068107024113451             -0.00001190204186107012             -0.00002029636460265531              0.00000000000000002113 
 11             -0.00017047860366610005              0.00006585923994512264             -0.00004622782905535725             -0.00001190204186090234             -0.00002028915991032248              0.00000000000000002113 
 12             -0.00017047860366597124              0.00006585923994512264             -0.00004367663978430153             -0.00001189641121394235             -0.00002028915991013761              0.00000000000000002113 
 13             -0.00017047860366597124              0.00006585923994499384             -0.00004812779563282299             -0.00001189641121417110             -0.00002029636460253780              0.00000000000000002113 
 15             -0.00025309822750693066              0.00012315814623598177             -0.00006062691080590964             -0.00000903659583426370             -0.00001234131377806952              0.00000000000000007698 
 16             -0.00025309822750693066              0.00012315814623645101             -0.00005553942499784791             -0.00000903659583396555             -0.00001228336700155522              0.00000000000000007698 
 17             -0.00025309822750646142              0.00012315814623645101             -0.00005251388991945813             -0.00000899888114141743             -0.00001228336700121979              0.00000000000000007698 
 18             -0.00025309822750646142              0.00012315814623598177             -0.00005760344060338453             -0.00000899888114181726             -0.00001234131377784890              0.00000000000000007698 
 118             -0.00007594490806022786              0.00002095070515562717             -0.00003088133456437367             -0.00000957580666760790             -0.00002448023937306045              0.00000000000000001730 
 128             -0.00008552826046229720              0.00002482839152908009             -0.00003279791762094018             -0.00001155588677954825             -0.00002776591908197061              0.00000000000000001773 
 138             -0.00009614193099751962              0.00002935157439697734             -0.00003471411914790240             -0.00001310541629686699             -0.00003011408277124287              0.00000000000000001815 
 148             -0.00010744300934686297              0.00003436276945006101             -0.00003662998741145300             -0.00001422436488324405             -0.00003152470693933787              0.00000000000000001858 
 158             -0.00011908856726762668              0.00003970447805093368             -0.00003854560621115622             -0.00001491266831500218             -0.00003199763736519467              0.00000000000000001900 
 168             -0.00013073555964671316              0.00004521920997273932             -0.00004046133070608440             -0.00001517052118852537             -0.00003153262421701266              0.00000000000000001943 
 178             -0.00014204100219988066              0.00005074953446529770             -0.00004237736548550518             -0.00001499790448814606             -0.00003013002089462239              0.00000000000000001985 
 188             -0.00015266195821123441              0.00005613798112856525             -0.00004429376105115504             -0.00001439471336794391             -0.00002778979967771366              0.00000000000000002028 
 198             -0.00016225547851332294              0.00006122705327500793             -0.00004621055637858111             -0.00001336089949960690             -0.00002451193108016931              0.00000000000000002070 
