 1              0.00000000000000000000              0.00000000000000000000              0.00000000000000000000              0.00000000000000000000              0.00000000000000000000              0.00000000000000000000 
 2              0.00000000000000000000              0.00000000000000000000              0.00000000000000000000              0.00000000000000000000              0.00000000000000000000              0.00000000000000000000 
 3              0.00000000000000000000              0.00000000000000000000              0.00000000000000000000              0.00000000000000000000              0.00000000000000000000              0.00000000000000000000 
 4              0.00000000000000000000              0.00000000000000000000              0.00000000000000000000              0.00000000000000000000              0.00000000000000000000              0.00000000000000000000 
 5              0.00000741905184798199             -0.00000181281008064740             -0.00002791848949119307              0.00000065013618213460              0.00000319019467635075             -0.00000000000000000139 
 6              0.00000741905184798199             -0.00000181281008065589             -0.00002859255186779075              0.00000065013618213174              0.00000318869860492162             -0.00000000000000000139 
 7              0.00000741905184797350             -0.00000181281008065589             -0.00002866969263111104              0.00000064925255234894              0.00000318869860491918             -0.00000000000000000139 
 8              0.00000741905184797350             -0.00000181281008064740             -0.00002799542968003366              0.00000064925255235173              0.00000319019467634952             -0.00000000000000000139 
 10              0.00002959190761147346             -0.00000541858889514960             -0.00004649931061774573              0.00000058907133760216              0.00000552506046168132             -0.00000000000000000129 
 11              0.00002959190761147346             -0.00000541858889515747             -0.00004767972548688156              0.00000058907133760185              0.00000552465804502423             -0.00000000000000000129 
 12              0.00002959190761146559             -0.00000541858889515747             -0.00004779844144668622              0.00000058884889558265              0.00000552465804502332             -0.00000000000000000129 
 13              0.00002959190761146559             -0.00000541858889514960             -0.00004661781963392999              0.00000058884889558306              0.00000552506046168096             -0.00000000000000000129 
 15              0.00005601596136852079             -0.00000709317764491636             -0.00005580971778338923              0.00000020874576197366              0.00000420819025156410             -0.00000000000000000112 
 16              0.00005601596136852079             -0.00000709317764492320             -0.00005720648951846624              0.00000020874576197392              0.00000420802454004963             -0.00000000000000000112 
 17              0.00005601596136851396             -0.00000709317764492320             -0.00005733546782665614              0.00000020867760337891              0.00000420802454004975             -0.00000000000000000112 
 18              0.00005601596136851396             -0.00000709317764491636             -0.00005593849197088413              0.00000020867760337867              0.00000420819025156421             -0.00000000000000000112 
 118              0.00000880317698490841             -0.00000208673037078284             -0.00002985782166398594              0.00000084122550934123              0.00000434418834211120             -0.00000000000000000138 
 128              0.00001057196451958753             -0.00000242281822229883             -0.00003172011714689966              0.00000098919343773303              0.00000529355621174249             -0.00000000000000000137 
 138              0.00001265057242829853             -0.00000280498333939392             -0.00003358232173388813              0.00000109318300559667              0.00000603830792281447             -0.00000000000000000136 
 148              0.00001496416303910293             -0.00000321714427353597             -0.00003544444505279358              0.00000115321661473987              0.00000657846985664060             -0.00000000000000000135 
 158              0.00001743792842668441             -0.00000364322183424994             -0.00003730652286422894              0.00000116925113994365              0.00000691418487719019             -0.00000000000000000134 
 168              0.00001999711587499838             -0.00000406710248100122             -0.00003916861515952047              0.00000114122217833208              0.00000704554609225359             -0.00000000000000000133 
 178              0.00002256694394091704             -0.00000447268265481952             -0.00004103077723751804              0.00000106917962205420              0.00000697234295776958             -0.00000000000000000132 
 188              0.00002507257779888732             -0.00000484386106246905             -0.00004289302728464060              0.00000095311008711337              0.00000669452757708919             -0.00000000000000000131 
 198              0.00002743917863421103             -0.00000516453279757804             -0.00004475537294417213              0.00000079300396675439              0.00000621210140447384             -0.00000000000000000130 
