 1              0.00000000000000000000              0.00000000000000000000              0.00000000000000000000              0.00000000000000000000              0.00000000000000000000              0.00000000000000000000 
 2              0.00000000000000000000              0.00000000000000000000              0.00000000000000000000              0.00000000000000000000              0.00000000000000000000              0.00000000000000000000 
 3              0.00000000000000000000              0.00000000000000000000              0.00000000000000000000              0.00000000000000000000              0.00000000000000000000              0.00000000000000000000 
 4              0.00000000000000000000              0.00000000000000000000              0.00000000000000000000              0.00000000000000000000              0.00000000000000000000              0.00000000000000000000 
 5              0.00008370913094777483             -0.00009204368424543399             -0.00002542035616580664              0.00002426846528739176              0.00002339717549166949              0.00000000000000014865 
 6              0.00008370913094777483             -0.00009204368424452782             -0.00002863877341655583              0.00002426846528779090              0.00002342032183869508              0.00000000000000014865 
 7              0.00008370913094868101             -0.00009204368424452782             -0.00003118088076389341              0.00002428820164318749              0.00002342032183882020              0.00000000000000014865 
 8              0.00008370913094868101             -0.00009204368424543399             -0.00002796477416144328              0.00002428820164294604              0.00002339717549193307              0.00000000000000014865 
 10              0.00019653067772605254             -0.00019549062078139717             -0.00004270091004787519              0.00001663778921425619              0.00002287032842288390              0.00000000000000019473 
 11              0.00019653067772605254             -0.00019549062078021013             -0.00004787361507845720              0.00001663778921452140              0.00002286835872497992              0.00000000000000019473 
 12              0.00019653067772723958             -0.00019549062078021013             -0.00005164616366949611              0.00001663271088610336              0.00002286835872502203              0.00000000000000019473 
 13              0.00019653067772723958             -0.00019549062078139717             -0.00004647607134092255              0.00001663271088593666              0.00002287032842303823              0.00000000000000019473 
 15              0.00029449849888756605             -0.00024993912262628263             -0.00005151438652852177              0.00000726764672798093              0.00001481268070568996              0.00000000000000030508 
 16              0.00029449849888756605             -0.00024993912262442290             -0.00005746103771722486              0.00000726764672844668              0.00001491035127310564              0.00000000000000030508 
 17              0.00029449849888942578             -0.00024993912262442290             -0.00006160036787408370              0.00000730157540423157              0.00001491035127335988              0.00000000000000030508 
 18              0.00029449849888942578             -0.00024993912262628263             -0.00005565832261421062              0.00000730157540379358              0.00001481268070601260              0.00000000000000030508 
 118              0.00009304672935179398             -0.00010158801128093116             -0.00002981760598708978              0.00002774459516727103              0.00002750734015581931              0.00000000000000015326 
 128              0.00010371856504562234             -0.00011222509002210471             -0.00003166932556803689              0.00003026341126365052              0.00003069284638292856              0.00000000000000015787 
 138              0.00011538640083069647             -0.00012361196167960165             -0.00003352019026920353              0.00003184444233166762              0.00003295349337628043              0.00000000000000016247 
 148              0.00012771192789266076             -0.00013540557126769201             -0.00003537037517354550              0.00003248745043285279              0.00003428914093992179              0.00000000000000016708 
 158              0.00014035679771559121             -0.00014726278840097032             -0.00003722008411808247              0.00003219222529508501              0.00003469972502418780              0.00000000000000017169 
 168              0.00015298275593501613             -0.00015884042601864838             -0.00003906992744021390              0.00003095865773030250              0.00003418569580263611              0.00000000000000017630 
 178              0.00016525153590216948             -0.00016979527188918771             -0.00004092036660037786              0.00002878678308529697              0.00003274662011822065              0.00000000000000018090 
 188              0.00017682476921306687             -0.00017978413149731618             -0.00004277156059680293              0.00002567657564814120              0.00003038240241136259              0.00000000000000018551 
 198              0.00018736408531496679             -0.00018846380172353856             -0.00004462368219643615              0.00002162806977917424              0.00002709312011814179              0.00000000000000019012 
