 1              0.00000000000000000000              0.00000000000000000000              0.00000000000000000000              0.00000000000000000000              0.00000000000000000000              0.00000000000000000000 
 2              0.00000000000000000000              0.00000000000000000000              0.00000000000000000000              0.00000000000000000000              0.00000000000000000000              0.00000000000000000000 
 3              0.00000000000000000000              0.00000000000000000000              0.00000000000000000000              0.00000000000000000000              0.00000000000000000000              0.00000000000000000000 
 4              0.00000000000000000000              0.00000000000000000000              0.00000000000000000000              0.00000000000000000000              0.00000000000000000000              0.00000000000000000000 
 5             -0.00042312688618523670             -0.00032806193977642144             -0.00002472464858545686              0.00007263245113525999             -0.00010546812835919521             -0.00000000000000782576 
 6             -0.00042312688618523670             -0.00032806193982412731             -0.00000946879243053232              0.00007263245109238315             -0.00010032496388776233             -0.00000000000000782576 
 7             -0.00042312688623294257             -0.00032806193982412731             -0.00001895533098715180              0.00007459440658501210             -0.00010032496392162390             -0.00000000000000782576 
 8             -0.00042312688623294257             -0.00032806193977642144             -0.00003305702094315045              0.00007459440661739456             -0.00010546812837509750             -0.00000000000000782576 
 10             -0.00091023437526867529             -0.00064204233950351829             -0.00004215293369897104              0.00004289796900447667             -0.00007845105648815599             -0.00000000000001342825 
 11             -0.00091023437526867529             -0.00064204233958537686             -0.00001921749856341659              0.00004289796898990007             -0.00007736064252268705             -0.00000000000001342825 
 12             -0.00091023437535053386             -0.00064204233958537686             -0.00003249965363833829              0.00004276709338305722             -0.00007736064253598151             -0.00000000000001342825 
 13             -0.00091023437535053386             -0.00064204233950351829             -0.00005363908225169254              0.00004276709338928185             -0.00007845105648485400             -0.00000000000001342825 
 15             -0.00120412616550477462             -0.00077855937163817549             -0.00005053406441555134              0.00001589696571524067             -0.00003889460035526197             -0.00000000000001275450 
 16             -0.00120412616550477462             -0.00077855937171592688             -0.00002514529826193490              0.00001589696571318531             -0.00003744323750112346             -0.00000000000001275450 
 17             -0.00120412616558252623             -0.00077855937171592688             -0.00003938507471403174              0.00001616626719824987             -0.00003744323750344011             -0.00000000000001275450 
 18             -0.00120412616558252623             -0.00077855937163817549             -0.00006294192876314269              0.00001616626720015967             -0.00003889460035696559             -0.00000000000001275450 
 118             -0.00046558177071398483             -0.00035761383995068491             -0.00003486973088869384              0.00008632774489947770             -0.00012562709077767692             -0.00000000000000838601 
 128             -0.00051412325142478140             -0.00039063385898372983             -0.00003707113321878659              0.00009361049942617650             -0.00013886928703021764             -0.00000000000000894626 
 138             -0.00056654090573340151             -0.00042567318871317606             -0.00003939966556236615              0.00009753180285631841             -0.00014705307096568435             -0.00000000000000950651 
 148             -0.00062121128565783570             -0.00046167224860180385             -0.00004173272386010287              0.00009889735985391582             -0.00015123189750701111             -0.00000000000001006676 
 158             -0.00067669007919862485             -0.00049771422270244667             -0.00004406445350227269              0.00009776628546314464             -0.00015147361462653188             -0.00000000000001062701 
 168             -0.00073153729741485824             -0.00053288594248710190             -0.00004639660723721566              0.00009413934370283881             -0.00014777867329000699             -0.00000000000001118726 
 178             -0.00078429811322144080             -0.00056626030992141098             -0.00004871111193695860              0.00008785244643164869             -0.00013997386245963918             -0.00000000000001174751 
 188             -0.00083326451520721414             -0.00059668370425957230             -0.00005085266840126255              0.00007784891943033461             -0.00012683357941866457             -0.00000000000001230776 
 198             -0.00087617054286139246             -0.00062257166809883639             -0.00005257090833486573              0.00006300940938979269             -0.00010674518103341005             -0.00000000000001286801 
