 1              0.00000000000000000000              0.00000000000000000000              0.00000000000000000000              0.00000000000000000000              0.00000000000000000000              0.00000000000000000000 
 2              0.00000000000000000000              0.00000000000000000000              0.00000000000000000000              0.00000000000000000000              0.00000000000000000000              0.00000000000000000000 
 3              0.00000000000000000000              0.00000000000000000000              0.00000000000000000000              0.00000000000000000000              0.00000000000000000000              0.00000000000000000000 
 4              0.00000000000000000000              0.00000000000000000000              0.00000000000000000000              0.00000000000000000000              0.00000000000000000000              0.00000000000000000000 
 5             -0.00015503907344060374              0.00008084982570601356             -0.00003296967774390408             -0.00002769325780556624             -0.00004382821281867395             -0.00000000000000065248 
 6             -0.00015503907344060374              0.00008084982570203605             -0.00002793855446728643             -0.00002769325780285535             -0.00004354717558766863             -0.00000000000000065248 
 7             -0.00015503907344458124              0.00008084982570203605             -0.00002330873043797088             -0.00002736395237120214             -0.00004354717558209309             -0.00000000000000065248 
 8             -0.00015503907344458124              0.00008084982570601356             -0.00002840270152257698             -0.00002736395237404206             -0.00004382821281357336             -0.00000000000000065248 
 10             -0.00036180575689776911              0.00024510615311639590             -0.00005451900080094289             -0.00003557966966529908             -0.00003484264678323761             -0.00000000000000302461 
 11             -0.00036180575689776911              0.00024510615309795785             -0.00004679951370161955             -0.00003557966966227908             -0.00003468084040763599             -0.00000000000000302461 
 12             -0.00036180575691620716              0.00024510615309795785             -0.00003896578513993899             -0.00003518963295374748             -0.00003468084040219721             -0.00000000000000302461 
 13             -0.00036180575691620716              0.00024510615311639590             -0.00004675234378831244             -0.00003518963295681477             -0.00003484264677771387             -0.00000000000000302461 
 15             -0.00048362369076952798              0.00040394548226093183             -0.00006442130259002548             -0.00002318574174658166             -0.00001584139658716244             -0.00000000000000308191 
 16             -0.00048362369076952798              0.00040394548224214456             -0.00005583831318517525             -0.00002318574174471946             -0.00001565650722678796             -0.00000000000000308191 
 17             -0.00048362369078831525              0.00040394548224214456             -0.00004667066445154863             -0.00002275512454341511             -0.00001565650722446556             -0.00000000000000308191 
 18             -0.00048362369078831525              0.00040394548226093183             -0.00005533915669624772             -0.00002275512454554131             -0.00001584139658499280             -0.00000000000000308191 
 118             -0.00017275091804965648              0.00009248606315118953             -0.00003015137889192556             -0.00003588467613448831             -0.00005256801697879020             -0.00000000000000088969 
 128             -0.00019316378170836464              0.00010682226881749607             -0.00003199278943608606             -0.00004218540163650872             -0.00005866060321855695             -0.00000000000000112690 
 138             -0.00021540165568125771              0.00012313525583571513             -0.00003385811263815842             -0.00004675921726766946             -0.00006261258085330098             -0.00000000000000136412 
 148             -0.00023873089903834977              0.00014084291065043361             -0.00003572324494531153             -0.00004981519661708811             -0.00006463190471415480             -0.00000000000000160133 
 158             -0.00026244612054027828              0.00015939158510576380             -0.00003758790725944000             -0.00005135800855456635             -0.00006472309819605876             -0.00000000000000183855 
 168             -0.00028584197358228418              0.00017822786040574181             -0.00003945272158981764             -0.00005138783119177424             -0.00006288559391806636             -0.00000000000000207576 
 178             -0.00030821310539399252              0.00019679832083989684             -0.00004131813000408403             -0.00004990448565382732             -0.00005911988846375275             -0.00000000000000231297 
 188             -0.00032885395211156921              0.00021454919877036746             -0.00004318346839535067             -0.00004690059967468210             -0.00005341822552261978             -0.00000000000000255019 
 198             -0.00034702219823336321              0.00023089395512693390             -0.00004502012630804180             -0.00004215081303856322             -0.00004552290195500979             -0.00000000000000278740 
