 1              0.00000000000000000000              0.00000000000000000000              0.00000000000000000000              0.00000000000000000000              0.00000000000000000000              0.00000000000000000000 
 2              0.00000000000000000000              0.00000000000000000000              0.00000000000000000000              0.00000000000000000000              0.00000000000000000000              0.00000000000000000000 
 3              0.00000000000000000000              0.00000000000000000000              0.00000000000000000000              0.00000000000000000000              0.00000000000000000000              0.00000000000000000000 
 4              0.00000000000000000000              0.00000000000000000000              0.00000000000000000000              0.00000000000000000000              0.00000000000000000000              0.00000000000000000000 
 5             -0.00011791704178185459             -0.00056699485792435268             -0.00000518663572952638              0.00012985731818431932              0.00001226546671273581              0.00000000000005228464 
 6             -0.00011791704178185459             -0.00056699485760562543             -0.00001266903996804221              0.00012985731822331159              0.00001312022020165208              0.00000000000005228464 
 7             -0.00011791704146312740             -0.00056699485760562543             -0.00003248611498237146              0.00013766959892430765              0.00001312022019498002              0.00000000000005228464 
 8             -0.00011791704146312740             -0.00056699485792435268             -0.00002635593388555745              0.00013766959887441158              0.00001226546669354190              0.00000000000005228464 
 10              0.00017954122626148868             -0.00122723672619182373             -0.00000694303602450385              0.00009877716870533892              0.00005745594702529271              0.00000000000006555796 
 11              0.00017954122626148868             -0.00122723672579218247             -0.00002129106475153574              0.00009877716873794814              0.00005929859694656704              0.00000000000006555796 
 12              0.00017954122666113004             -0.00122723672579218247             -0.00005168620594667833              0.00010145547473440445              0.00005929859696980162              0.00000000000006555796 
 13              0.00017954122666113004             -0.00122723672619182373             -0.00003863219839913486              0.00010145547468805011              0.00005745594703610695              0.00000000000006555796 
 15              0.00041739794738314406             -0.00160722201311090315             -0.00000951114374201888              0.00004614351246972716              0.00002951338164598902              0.00000000000006503259 
 16              0.00041739794738314406             -0.00160722201271446463             -0.00002613914107757625              0.00004614351247810698              0.00002981439628716356              0.00000000000006503259 
 17              0.00041739794777958270             -0.00160722201271446463             -0.00005997233422729707              0.00004813028543109153              0.00002981439629399229              0.00000000000006503259 
 18              0.00041739794777958270             -0.00160722201311090315             -0.00004484326639286876              0.00004813028542414345              0.00002951338165348980              0.00000000000006503259 
 118             -0.00010712746513414633             -0.00062329074376478390             -0.00002614068520805983              0.00016883420243860541              0.00004573413341882750              0.00000000000005361197 
 128             -0.00008574183456475289             -0.00068911754348360366             -0.00002696229346236812              0.00018983548052408375              0.00007016916999590655              0.00000000000005493931 
 138             -0.00005695919484583708             -0.00076095542972021580             -0.00002856970862971097              0.00020178315192841302              0.00008617492931706343              0.00000000000005626664 
 148             -0.00002355534927823384             -0.00083581267888148771             -0.00003055732100708982              0.00020656957334321175              0.00009565626013677508              0.00000000000005759397 
 158              0.00001252448698065694             -0.00091144598267217907             -0.00003259044667934291              0.00020619931116712682              0.00010101991932505550              0.00000000000005892130 
 168              0.00004989628384226355             -0.00098606686594642531             -0.00003462581418653722              0.00020103389364072271              0.00010272092067817486              0.00000000000006024864 
 178              0.00008720310903446056             -0.00105789302423124664             -0.00003663298181318681              0.00019071450293572706              0.00010055269978889001              0.00000000000006157597 
 188              0.00012277951753262746             -0.00112450089261194991             -0.00003823771221771800              0.00017218132318731974              0.00009307999768720716              0.00000000000006290330 
 198              0.00015441524713920957             -0.00118233660401318168             -0.00003898110854140665              0.00014272878710681739              0.00007894055811274942              0.00000000000006423063 
