 1              0.00000000000000000000              0.00000000000000000000              0.00000000000000000000              0.00000000000000000000              0.00000000000000000000              0.00000000000000000000 
 2              0.00000000000000000000              0.00000000000000000000              0.00000000000000000000              0.00000000000000000000              0.00000000000000000000              0.00000000000000000000 
 3              0.00000000000000000000              0.00000000000000000000              0.00000000000000000000              0.00000000000000000000              0.00000000000000000000              0.00000000000000000000 
 4              0.00000000000000000000              0.00000000000000000000              0.00000000000000000000              0.00000000000000000000              0.00000000000000000000              0.00000000000000000000 
 5             -0.00025822580130071269             -0.00042963734878405076             -0.00002005404294465213              0.00011330400847802470             -0.00007293241613759427             -0.00000000000000528832 
 6             -0.00025822580130071269             -0.00042963734881628832             -0.00000763388914533676              0.00011330400842464572             -0.00007098035728648047             -0.00000000000000528832 
 7             -0.00025822580133295025             -0.00042963734881628832             -0.00002686269581808213              0.00011963711614345331             -0.00007098035732960173             -0.00000000000000528832 
 8             -0.00025822580133295025             -0.00042963734878405076             -0.00003753495845817450              0.00011963711616078751             -0.00007293241616517453             -0.00000000000000528832 
 10             -0.00067300734825378452             -0.00107366878019615210             -0.00002910546459728707              0.00010768468301003417             -0.00007035437335269252             -0.00000000000000118193 
 11             -0.00067300734825378452             -0.00107366878020335728             -0.00000921416069304069              0.00010768468297729133             -0.00006940088285743715             -0.00000000000000118193 
 12             -0.00067300734826098948             -0.00107366878020335728             -0.00004071711318933612              0.00011165705501431917             -0.00006940088288616158             -0.00000000000000118193 
 13             -0.00067300734826098948             -0.00107366878019615210             -0.00005775374459463085              0.00011165705502347207             -0.00007035437337101034             -0.00000000000000118193 
 15             -0.00097228354981558911             -0.00155108622256579362             -0.00002968920766628631              0.00005721491078432979             -0.00003713233878433624             -0.00000000000000251905 
 16             -0.00097228354981558911             -0.00155108622258114982             -0.00000663036539082023              0.00005721491077329200             -0.00003610890673907284             -0.00000000000000251905 
 17             -0.00097228354983094531             -0.00155108622258114982             -0.00004374447842232832              0.00006092521088582899             -0.00003610890674791541             -0.00000000000000251905 
 18             -0.00097228354983094531             -0.00155108622256579362             -0.00006362420551799574              0.00006092521089486066             -0.00003713233879296064             -0.00000000000000251905 
 118             -0.00028954751884318610             -0.00048005996619547965             -0.00003841072545173423              0.00015464123297906897             -0.00009736148238772072             -0.00000000000000487768 
 128             -0.00032841132512560414             -0.00054118674148618423             -0.00004024292090488762              0.00017820158192223383             -0.00011416752237914307             -0.00000000000000446704 
 138             -0.00037218111651291490             -0.00060918252559677660             -0.00004265586462089452              0.00019235254985457378             -0.00012426660842738976             -0.00000000000000405640 
 148             -0.00041871723288381394             -0.00068106672531032203             -0.00004524191174467030              0.00019979433585056122             -0.00012956193119370273             -0.00000000000000364576 
 158             -0.00046652033387808121             -0.00075469007072376986             -0.00004783263995469257              0.00020190334615260581             -0.00013123337954405718             -0.00000000000000323512 
 168             -0.00051428165416261785             -0.00082811982445696319             -0.00005042370657895573              0.00019873657062971056             -0.00012933366073664956             -0.00000000000000282449 
 178             -0.00056068732257547862             -0.00089941838035178634             -0.00005300283471245076              0.00019016972247076186             -0.00012374793861044485             -0.00000000000000241385 
 188             -0.00060416521157253633             -0.00096634292218068752             -0.00005535571628297333              0.00017448364818555307             -0.00011307100477220180             -0.00000000000000200321 
 198             -0.00064249220775375868             -0.00102574900428230829             -0.00005705721885072409              0.00014893421404166927             -0.00009552939669580976             -0.00000000000000159257 
