 1              0.00000000000000000000              0.00000000000000000000              0.00000000000000000000              0.00000000000000000000              0.00000000000000000000              0.00000000000000000000 
 2              0.00000000000000000000              0.00000000000000000000              0.00000000000000000000              0.00000000000000000000              0.00000000000000000000              0.00000000000000000000 
 3              0.00000000000000000000              0.00000000000000000000              0.00000000000000000000              0.00000000000000000000              0.00000000000000000000              0.00000000000000000000 
 4              0.00000000000000000000              0.00000000000000000000              0.00000000000000000000              0.00000000000000000000              0.00000000000000000000              0.00000000000000000000 
 5             -0.00038564759857795909             -0.00037686144250135336             -0.00002284725526068698              0.00008921891006672031             -0.00009729134219428390             -0.00000000000000370777 
 6             -0.00038564759857795909             -0.00037686144252395594             -0.00000762493805793662              0.00008921891001408562             -0.00009301430330946221             -0.00000000000000370777 
 7             -0.00038564759860056167             -0.00037686144252395594             -0.00002123567689591768              0.00009276832490341093             -0.00009301430335657416             -0.00000000000000370777 
 8             -0.00038564759860056167             -0.00037686144250135336             -0.00003479869236326634              0.00009276832493636552             -0.00009729134222102890             -0.00000000000000370777 
 10             -0.00085585846972723121             -0.00081069935202920961             -0.00003819842714120900              0.00006752292560996358             -0.00007959372138633751             -0.00000000000000665283 
 11             -0.00085585846972723121             -0.00081069935206976528             -0.00001486736936411551              0.00006752292558501245             -0.00007804628893238577             -0.00000000000000665283 
 12             -0.00085585846976778688             -0.00081069935206976528             -0.00003516681332410821              0.00006821271040630006             -0.00007804628895623039             -0.00000000000000665283 
 13             -0.00085585846976778688             -0.00081069935202920961             -0.00005607936151131008              0.00006821271041839757             -0.00007959372139536907             -0.00000000000000665283 
 15             -0.00118312460175430505             -0.00107156299698020290             -0.00004439577066642254              0.00003185257842932344             -0.00004291863432421494             -0.00000000000000591427 
 16             -0.00118312460175430505             -0.00107156299701625653             -0.00001787680348034107              0.00003185257842293933             -0.00004110650033058372             -0.00000000000000591427 
 17             -0.00118312460179035867             -0.00107156299701625653             -0.00004049771951995864              0.00003272953108603513             -0.00004110650033751839             -0.00000000000000591427 
 18             -0.00118312460179035867             -0.00107156299698020290             -0.00006445249492911645              0.00003272953109199181             -0.00004291863432982236             -0.00000000000000591427 
 118             -0.00042527146739549954             -0.00041446513562308474             -0.00003647688994700972              0.00011189757330163973             -0.00011836553198555910             -0.00000000000000400227 
 128             -0.00047129976513693114             -0.00045784611448993374             -0.00003866873336298605              0.00012441846007131850             -0.00013237133349297209             -0.00000000000000429678 
 138             -0.00052141050712337328             -0.00050482489264908992             -0.00004109140013204198              0.00013175034413586651             -0.00014088363084497477             -0.00000000000000459129 
 148             -0.00057387698859114207             -0.00055376847535450907             -0.00004354331422330170              0.00013528853549735675             -0.00014538399793475327             -0.00000000000000488579 
 158             -0.00062730649833391472             -0.00060336112483303352             -0.00004599390522545706              0.00013529929177847244             -0.00014614962960144803             -0.00000000000000518030 
 168             -0.00068033305729684108             -0.00065231265340359105             -0.00004844491516342728              0.00013178345615546511             -0.00014318089093260245             -0.00000000000000547480 
 178             -0.00073158126123826759             -0.00069932375999022425             -0.00005088318614412305              0.00012461326771258299             -0.00013635036495282643             -0.00000000000000576931 
 188             -0.00077944400244130520             -0.00074286231383575421             -0.00005314835328863242              0.00011258153215152867             -0.00012445437533414028             -0.00000000000000606382 
 198             -0.00082175129127917180             -0.00078083654599259264             -0.00005496124203131460              0.00009411338585919892             -0.00010589148451395435             -0.00000000000000635832 
