 1              0.00000000000000000000              0.00000000000000000000              0.00000000000000000000              0.00000000000000000000              0.00000000000000000000              0.00000000000000000000 
 2              0.00000000000000000000              0.00000000000000000000              0.00000000000000000000              0.00000000000000000000              0.00000000000000000000              0.00000000000000000000 
 3              0.00000000000000000000              0.00000000000000000000              0.00000000000000000000              0.00000000000000000000              0.00000000000000000000              0.00000000000000000000 
 4              0.00000000000000000000              0.00000000000000000000              0.00000000000000000000              0.00000000000000000000              0.00000000000000000000              0.00000000000000000000 
 5             -0.00010085048010767655             -0.00070983031912873011             -0.00000517761163332452              0.00016320429988134590             -0.00004104659868198340             -0.00000000000003546572 
 6             -0.00010085048010767655             -0.00070983031934492913              0.00000679095194973958              0.00016320429981499349             -0.00004072731182235366             -0.00000000000003546572 
 7             -0.00010085048032387560             -0.00070983031934492913             -0.00002666714312111619              0.00018134582079127191             -0.00004072731184462118             -0.00000000000003546572 
 8             -0.00010085048032387560             -0.00070983031912873011             -0.00003582184889453302              0.00018134582080418671             -0.00004104659869303476             -0.00000000000003546572 
 10             -0.00042602228974075881             -0.00162813791912738118             -0.00000645822570185091              0.00014818888706552905             -0.00006081785950403209             -0.00000000000003004254 
 11             -0.00042602228974075881             -0.00162813791931052071              0.00001480142122759060              0.00014818888702266303             -0.00006033152428522569             -0.00000000000003004254 
 12             -0.00042602228992389812             -0.00162813791931052071             -0.00003992923879107728              0.00015547475139521711             -0.00006033152430563190             -0.00000000000003004254 
 13             -0.00042602228992389812             -0.00162813791912738118             -0.00005461870974162865              0.00015547475139255525             -0.00006081785951868103             -0.00000000000003004254 
 15             -0.00071428213200712930             -0.00231434572204986845              0.00000054748302403724              0.00007972315594359791             -0.00003571587407790063             -0.00000000000003191734 
 16             -0.00071428213200712930             -0.00231434572224443677              0.00002526232196169578              0.00007972315593432515             -0.00003488894900915852             -0.00000000000003191734 
 17             -0.00071428213220169740             -0.00231434572224443677             -0.00003865893398230981              0.00008627098231209333             -0.00003488894901589700             -0.00000000000003191734 
 18             -0.00071428213220169740             -0.00231434572204986845             -0.00005642774972690366              0.00008627098232063449             -0.00003571587408400189             -0.00000000000003191734 
 118             -0.00012058517683836658             -0.00078491263891306061             -0.00003616809273240004              0.00022733563767800223             -0.00006600503878875461             -0.00000000000003492340 
 128             -0.00014816600183247894             -0.00087398634205984810             -0.00003778264265147929              0.00025788406553147152             -0.00008393379058307433             -0.00000000000003438109 
 138             -0.00018109464702122083             -0.00097184104234190882             -0.00004022615892177670              0.00027553983082551184             -0.00009524314171239712             -0.00000000000003383877 
 148             -0.00021722080270817023             -0.00107441548942707396             -0.00004294154810394331              0.00028411818791739701             -0.00010170064673139684             -0.00000000000003329645 
 158             -0.00025510915119239942             -0.00117884229567989294             -0.00004566845416046355              0.00028576276137746276             -0.00010496500355372460             -0.00000000000003275413 
 168             -0.00029363171138561598             -0.00128262868602410955             -0.00004839756555194863              0.00028061703358078696             -0.00010516932334774318             -0.00000000000003221181 
 178             -0.00033165649447457359             -0.00138327349489849954             -0.00005110954982581988              0.00026842701202861152             -0.00010213875027202836             -0.00000000000003166949 
 188             -0.00036775160971241590             -0.00147766283398164202             -0.00005342096264696529              0.00024590174561428302             -0.00009443644909337341             -0.00000000000003112718 
 198             -0.00039995938222161387             -0.00156116818344411942             -0.00005470900677892076              0.00020883828635455390             -0.00008083390274713711             -0.00000000000003058486 
