 1              0.00000000000000000000              0.00000000000000000000              0.00000000000000000000              0.00000000000000000000              0.00000000000000000000              0.00000000000000000000 
 2              0.00000000000000000000              0.00000000000000000000              0.00000000000000000000              0.00000000000000000000              0.00000000000000000000              0.00000000000000000000 
 3              0.00000000000000000000              0.00000000000000000000              0.00000000000000000000              0.00000000000000000000              0.00000000000000000000              0.00000000000000000000 
 4              0.00000000000000000000              0.00000000000000000000              0.00000000000000000000              0.00000000000000000000              0.00000000000000000000              0.00000000000000000000 
 5             -0.00007990218338707839              0.00005777493223127027             -0.00003017391685128504             -0.00001542417969489347             -0.00002115459863974177              0.00000000000000002216 
 6             -0.00007990218338707839              0.00005777493223140536             -0.00002809239320986464             -0.00001542417969493499             -0.00002115642017977386              0.00000000000000002216 
 7             -0.00007990218338694329              0.00005777493223140536             -0.00002644743478063151             -0.00001542521088848725             -0.00002115642017975758              0.00000000000000002216 
 8             -0.00007990218338694329              0.00005777493223127027             -0.00002853060648061634             -0.00001542521088851981             -0.00002115459863979388              0.00000000000000002216 
 10             -0.00016890574565091757              0.00012443535509291118             -0.00004991950517630327             -0.00001089401504895180             -0.00001345362600559393              0.00000000000000002290 
 11             -0.00016890574565091757              0.00012443535509305077             -0.00004688976058084575             -0.00001089401504897388             -0.00001345605763512689              0.00000000000000002290 
 12             -0.00016890574565077798              0.00012443535509305077             -0.00004442757887868372             -0.00001089588671893867             -0.00001345605763515150              0.00000000000000002290 
 13             -0.00016890574565077798              0.00012443535509291118             -0.00004745810945702464             -0.00001089588671891741             -0.00001345362600561792              0.00000000000000002290 
 15             -0.00020811998292604317              0.00016065746519480773             -0.00005959185921289934             -0.00000499023715310638             -0.00000500906231993056              0.00000000000000002344 
 16             -0.00020811998292604317              0.00016065746519495063             -0.00005631893626321226             -0.00000499023715311212             -0.00000500966818735249              0.00000000000000002344 
 17             -0.00020811998292590028              0.00016065746519495063             -0.00005360961768656162             -0.00000499024282665853             -0.00000500966818735853              0.00000000000000002344 
 18             -0.00020811998292590028              0.00016065746519480773             -0.00005688324809562565             -0.00000499024282665294             -0.00000500906231993659              0.00000000000000002344 
 118             -0.00008821874265245932              0.00006385269561113296             -0.00003042398181226542             -0.00001770711904978292             -0.00002418033552196550              0.00000000000000002223 
 128             -0.00009748775525068665              0.00007065395243614494             -0.00003231694802339055             -0.00001938131801147963             -0.00002636267122540111              0.00000000000000002231 
 138             -0.00010740073132689554              0.00007795642070469769             -0.00003420954468355780             -0.00002044777196022095             -0.00002770156577648280              0.00000000000000002238 
 148             -0.00011764916972928694              0.00008553781142705225             -0.00003610180979413546             -0.00002090649191961281             -0.00002819699512821198              0.00000000000000002246 
 158             -0.00012792454984528466              0.00009317584248272914             -0.00003799381580025805             -0.00002075746668817217             -0.00002784883772098856              0.00000000000000002253 
 168             -0.00013791829307626806              0.00010064821746838167             -0.00003988596728734833             -0.00002000069128702936             -0.00002665702052970649              0.00000000000000002260 
 178             -0.00014732184425515895              0.00010773265321369080             -0.00004177843708372421             -0.00001863618355376406             -0.00002462162183102347              0.00000000000000002268 
 188             -0.00015582664784102022              0.00011420685995249829             -0.00004367125981108741             -0.00001666391163760847             -0.00002174260503375606              0.00000000000000002275 
 198             -0.00016312413884184200              0.00011984853369355858             -0.00004556446971839304             -0.00001408383192715250             -0.00001801995459574869              0.00000000000000002283 
