 1              0.00000000000000000000              0.00000000000000000000              0.00000000000000000000              0.00000000000000000000              0.00000000000000000000              0.00000000000000000000 
 2              0.00000000000000000000              0.00000000000000000000              0.00000000000000000000              0.00000000000000000000              0.00000000000000000000              0.00000000000000000000 
 3              0.00000000000000000000              0.00000000000000000000              0.00000000000000000000              0.00000000000000000000              0.00000000000000000000              0.00000000000000000000 
 4              0.00000000000000000000              0.00000000000000000000              0.00000000000000000000              0.00000000000000000000              0.00000000000000000000              0.00000000000000000000 
 5              0.00004864594023838212             -0.00009403399511983954             -0.00002524609473540242              0.00002607540051884164              0.00001761985193885955              0.00000000000000002204 
 6              0.00004864594023838212             -0.00009403399511970521             -0.00002830478209014720              0.00002607540051926196              0.00001762625653186982              0.00000000000000002204 
 7              0.00004864594023851647             -0.00009403399511970521             -0.00003139302203021736              0.00002608253078104145              0.00001762625653185696              0.00000000000000002204 
 8              0.00004864594023851647             -0.00009403399511983954             -0.00002833899073449083              0.00002608253078097494              0.00001761985193919124              0.00000000000000002204 
 10              0.00015620962025780200             -0.00021409452238329243             -0.00004219413541504763              0.00002151649031590956              0.00002426667993061686              0.00000000000000009248 
 11              0.00015620962025780200             -0.00021409452238272869             -0.00004738363682738273              0.00002151649031684035              0.00002430978078594146              0.00000000000000009248 
 12              0.00015620962025836573             -0.00021409452238272869             -0.00005216893324876514              0.00002153725842720511              0.00002430978078641389              0.00000000000000009248 
 13              0.00015620962025836573             -0.00021409452238329243             -0.00004699043964324960              0.00002153725842654212              0.00002426667993139859              0.00000000000000009248 
 15              0.00026581424210047927             -0.00029504305386528640             -0.00005070506658800540              0.00001127466273926717              0.00001646285903936490              0.00000000000000025619 
 16              0.00026581424210047927             -0.00029504305386372461             -0.00005679547827290488              0.00001127466274041557              0.00001666741223627201              0.00000000000000025619 
 17              0.00026581424210204106             -0.00029504305386372461             -0.00006217871510538280              0.00001138235897624405              0.00001666741223708162              0.00000000000000025619 
 18              0.00026581424210204106             -0.00029504305386528640             -0.00005610535873173446              0.00001138235897518193              0.00001646285904030982              0.00000000000000025619 
 118              0.00005608294402815188             -0.00010441779455605016             -0.00003020314573640494              0.00003050628369687521              0.00002286644502263696              0.00000000000000002908 
 128              0.00006524804067785083             -0.00011621679459568396             -0.00003206874788430727              0.00003383139693702163              0.00002707982763085040              0.00000000000000003613 
 138              0.00007576870125999393             -0.00012903444997930275             -0.00003393387623958426              0.00003607639427524207              0.00003027878906554877              0.00000000000000004317 
 148              0.00008727391996418549             -0.00014247572705767674             -0.00003579860309505608              0.00003724139160021786              0.00003246346246332724              0.00000000000000005021 
 158              0.00009939273042375020             -0.00015614559441281796             -0.00003766304801971802              0.00003732639807559418              0.00003363412078601215              0.00000000000000005726 
 168              0.00011175438914071076             -0.00016964902880428230             -0.00003952765102113860              0.00003633119694426195              0.00003379120543780457              0.00000000000000006430 
 178              0.00012398800053445402             -0.00018259087043440665             -0.00004139270310760747              0.00003425558675042218              0.00003293392515786543              0.00000000000000007135 
 188              0.00013572253208551095             -0.00019457594770748378             -0.00004325828113062522              0.00003109953185136913              0.00003106219204541667              0.00000000000000007839 
 198              0.00014658692187991245             -0.00020520906327094855             -0.00004512445494465470              0.00002686293300115396              0.00002817589845549617              0.00000000000000008544 
