 1              0.00000000000000000000              0.00000000000000000000              0.00000000000000000000              0.00000000000000000000              0.00000000000000000000              0.00000000000000000000 
 2              0.00000000000000000000              0.00000000000000000000              0.00000000000000000000              0.00000000000000000000              0.00000000000000000000              0.00000000000000000000 
 3              0.00000000000000000000              0.00000000000000000000              0.00000000000000000000              0.00000000000000000000              0.00000000000000000000              0.00000000000000000000 
 4              0.00000000000000000000              0.00000000000000000000              0.00000000000000000000              0.00000000000000000000              0.00000000000000000000              0.00000000000000000000 
 5             -0.00019746748635555237              0.00042535014037369158             -0.00003678431192515603             -0.00011379964773224447             -0.00006659456773793233              0.00000000000001869502 
 6             -0.00019746748635555237              0.00042535014048765641             -0.00002691920226727739             -0.00011379964769819472             -0.00006573393504697820              0.00000000000001869502 
 7             -0.00019746748624158749              0.00042535014048765641             -0.00001094264637712282             -0.00010751793570096404             -0.00006573393501651911              0.00000000000001869502 
 8             -0.00019746748624158749              0.00042535014037369158             -0.00002218033398156094             -0.00010751793573170591             -0.00006659456769444831              0.00000000000001869502 
 10             -0.00063046673898988024              0.00099830221515454193             -0.00005621673533106957             -0.00008944061083698418             -0.00006914027921013676             -0.00000000000000289936 
 11             -0.00063046673898988024              0.00099830221513686726             -0.00003980911886546920             -0.00008944061081463367             -0.00006845766662306752             -0.00000000000000289936 
 12             -0.00063046673900755469              0.00099830221513686726             -0.00001443873236634862             -0.00008535908564475155             -0.00006845766659474250             -0.00000000000000289936 
 13             -0.00063046673900755469              0.00099830221515454193             -0.00003154953637040530             -0.00008535908564838887             -0.00006914027916810184             -0.00000000000000289936 
 15             -0.00088049336147012444              0.00132037261928538924             -0.00006509895278356920             -0.00004029068754537078             -0.00003070951505944158             -0.00000000000000353089 
 16             -0.00088049336147012444              0.00132037261926386479             -0.00004676139925975062             -0.00004029068753944481             -0.00003002606069340900             -0.00000000000000353089 
 17             -0.00088049336149164867              0.00132037261926386479             -0.00001853365761787440             -0.00003976480934596126             -0.00003002606068628047             -0.00000000000000353089 
 18             -0.00088049336149164867              0.00132037261928538924             -0.00003774855485793024             -0.00003976480935332125             -0.00003070951505302185             -0.00000000000000353089 
 118             -0.00022754266777957061              0.00047089714269471419             -0.00002168633918577482             -0.00014027338602122020             -0.00009680325186468227              0.00000000000001653559 
 128             -0.00026703340039912425              0.00052649682611938709             -0.00002228535566601895             -0.00016250460018922533             -0.00011806757617968643              0.00000000000001437615 
 138             -0.00031276821207333139              0.00058849693082578297             -0.00002371083431618536             -0.00017532603266052821             -0.00013095615542026222              0.00000000000001221671 
 148             -0.00036200166746336591              0.00065383828135436527             -0.00002549922864828378             -0.00018104516683417550             -0.00013745046992573250              0.00000000000001005727 
 158             -0.00041281875181932892              0.00072035224384221395             -0.00002731861434550280             -0.00018189687073834484             -0.00013977410471166697              0.00000000000000789783 
 168             -0.00046377648371395528              0.00078634302234556355             -0.00002914014391826846             -0.00017818336801859335             -0.00013822025681465387              0.00000000000000573839 
 178             -0.00051338801780222881              0.00085006032237880792             -0.00003088435615548795             -0.00016917741158448661             -0.00013216728330072279              0.00000000000000357896 
 188             -0.00055957640228586998              0.00090901117744060088             -0.00003211766468278695             -0.00015191848922419042             -0.00011936130325949511              0.00000000000000141952 
 198             -0.00059961284494281311              0.00095974302808509045             -0.00003240878180368585             -0.00012422809596142608             -0.00009850441285283595             -0.00000000000000073992 
