 1              0.00000000000000000000              0.00000000000000000000              0.00000000000000000000              0.00000000000000000000              0.00000000000000000000              0.00000000000000000000 
 2              0.00000000000000000000              0.00000000000000000000              0.00000000000000000000              0.00000000000000000000              0.00000000000000000000              0.00000000000000000000 
 3              0.00000000000000000000              0.00000000000000000000              0.00000000000000000000              0.00000000000000000000              0.00000000000000000000              0.00000000000000000000 
 4              0.00000000000000000000              0.00000000000000000000              0.00000000000000000000              0.00000000000000000000              0.00000000000000000000              0.00000000000000000000 
 5             -0.00001886485573632434              0.00000149613632639954             -0.00002783125704379324              0.00000046480049915503             -0.00000225808186612015              0.00000000000000000279 
 6             -0.00001886485573632434              0.00000149613632641654             -0.00002840477314227664              0.00000046480049910588             -0.00000226420935869531              0.00000000000000000279 
 7             -0.00001886485573630735              0.00000149613632641654             -0.00002879194786419503              0.00000046019682301759             -0.00000226420935874562              0.00000000000000000279 
 8             -0.00001886485573630735              0.00000149613632639954             -0.00002821667276182083              0.00000046019682306228             -0.00000225808186616589              0.00000000000000000279 
 10             -0.00000893519593202663             -0.00000741376254738288             -0.00004615931997411822              0.00000347488161781390              0.00000631195112719855              0.00000000000000000378 
 11             -0.00000893519593202663             -0.00000741376254735984             -0.00004743533053916245              0.00000347488161779664              0.00000631083176671904              0.00000000000000000378 
 12             -0.00000893519593200359             -0.00000741376254735984             -0.00004818821198431204              0.00000347388463666924              0.00000631083176669910              0.00000000000000000378 
 13             -0.00000893519593200359             -0.00000741376254738288             -0.00004690976666285949              0.00000347388463668528              0.00000631195112717989              0.00000000000000000378 
 15              0.00003226129689040205             -0.00002824034525129473             -0.00005530871649325845              0.00000352749883963925              0.00000710355950678286              0.00000000000000000415 
 16              0.00003226129689040205             -0.00002824034525126943             -0.00005695614440483449              0.00000352749883963633              0.00000710271287715621              0.00000000000000000415 
 17              0.00003226129689042734             -0.00002824034525126943             -0.00005789242266424210              0.00000352709732911837              0.00000710271287715306              0.00000000000000000415 
 18              0.00003226129689042734             -0.00002824034525129473             -0.00005624254469595557              0.00000352709732912113              0.00000710355950677974              0.00000000000000000415 
 118             -0.00001946361978077552              0.00000122470950695806             -0.00003008650545879633              0.00000101463483627071             -0.00000102974191923429              0.00000000000000000289 
 128             -0.00001962818823963365              0.00000076075223524249             -0.00003195598277011781              0.00000151295719910118              0.00000011612185347527              0.00000000000000000299 
 138             -0.00001938873367380344              0.00000012479925242078             -0.00003382513400074251              0.00000195510966863187              0.00000117947837816896              0.00000000000000000309 
 148             -0.00001877543873451206             -0.00000066259405642382             -0.00003569398865465293              0.00000234103115260672              0.00000216030072750739              0.00000000000000000318 
 158             -0.00001781848920100972             -0.00000158084284188559             -0.00003756260280591623              0.00000267062053830879              0.00000305865626872842              0.00000000000000000328 
 168             -0.00001654801227477223             -0.00000260933757012520             -0.00003943134086764511              0.00000294386298841638              0.00000387461382444677              0.00000000000000000338 
 178             -0.00001499421349030932             -0.00000372746908503881             -0.00004130039165566283              0.00000316076701227022              0.00000460788334111874              0.00000000000000000348 
 188             -0.00001318733018585030             -0.00000491463725932449             -0.00004316979019093577              0.00000332136693208095              0.00000525850228153983              0.00000000000000000358 
 198             -0.00001115758717485307             -0.00000615025653067261             -0.00004503956895089886              0.00000342570938528556              0.00000582649910580836              0.00000000000000000368 
