 1              0.00000000000000000000              0.00000000000000000000              0.00000000000000000000              0.00000000000000000000              0.00000000000000000000              0.00000000000000000000 
 2              0.00000000000000000000              0.00000000000000000000              0.00000000000000000000              0.00000000000000000000              0.00000000000000000000              0.00000000000000000000 
 3              0.00000000000000000000              0.00000000000000000000              0.00000000000000000000              0.00000000000000000000              0.00000000000000000000              0.00000000000000000000 
 4              0.00000000000000000000              0.00000000000000000000              0.00000000000000000000              0.00000000000000000000              0.00000000000000000000              0.00000000000000000000 
 5             -0.00040197938264287177             -0.00032877142646224659             -0.00002407516906671205              0.00007886751704537696             -0.00010123174243691089             -0.00000000000000076703 
 6             -0.00040197938264287177             -0.00032877142646692243             -0.00000881192593887996              0.00007886751699884826             -0.00009660641462860069             -0.00000000000000076703 
 7             -0.00040197938264754761             -0.00032877142646692243             -0.00002095926345803410              0.00008159278704711276             -0.00009660641467444671             -0.00000000000000076703 
 8             -0.00040197938264754761             -0.00032877142646224659             -0.00003475356123869493              0.00008159278707803927             -0.00010123174246037013             -0.00000000000000076703 
 10             -0.00088176491544484227             -0.00071603695924904790             -0.00004009389311468189              0.00006191780818097421             -0.00008049424564629022             -0.00000000000000365497 
 11             -0.00088176491544484227             -0.00071603695927132868             -0.00001671839828369762              0.00006191780815745533             -0.00007891408264712949             -0.00000000000000365497 
 12             -0.00088176491546712306             -0.00071603695927132868             -0.00003500744740810145              0.00006255330025363059             -0.00007891408267040558             -0.00000000000000365497 
 13             -0.00088176491546712306             -0.00071603695924904790             -0.00005619639500883594              0.00006255330026657077             -0.00008049424565417203             -0.00000000000000365497 
 15             -0.00120708775910678386             -0.00096231715369822100             -0.00004650595536640577              0.00003048346892538227             -0.00004256241340195211             -0.00000000000000344385 
 16             -0.00120708775910678386             -0.00096231715371921463             -0.00002001367691143169              0.00003048346891909825             -0.00004081556578559922             -0.00000000000000344385 
 17             -0.00120708775912777748             -0.00096231715371921463             -0.00004051335122473628              0.00003129167731379105             -0.00004081556579233589             -0.00000000000000344385 
 18             -0.00120708775912777748             -0.00096231715369822100             -0.00006467503738952634              0.00003129167731955736             -0.00004256241340739868             -0.00000000000000344385 
 118             -0.00044299089346510083             -0.00036192925733317965             -0.00003649115852146400              0.00009886746070870456             -0.00012199895287923604             -0.00000000000000105583 
 128             -0.00049030319322652298             -0.00040031856599224676             -0.00003870028269327878              0.00011024567238622771             -0.00013576172029248988             -0.00000000000000134462 
 138             -0.00054162482366734840             -0.00044199763993960328             -0.00004111203642722913              0.00011702859614246744             -0.00014412195499698409             -0.00000000000000163341 
 148             -0.00059524569293911960             -0.00048552337612292899             -0.00004354695376807920              0.00012044727772824530             -0.00014844433414579303             -0.00000000000000192221 
 158             -0.00064974945274186313             -0.00052972251466371220             -0.00004598093811087777              0.00012071055773856146             -0.00014894939099504941             -0.00000000000000221100 
 168             -0.00070373958816129798             -0.00057344100163771758             -0.00004841556741224108              0.00011781936826846683             -0.00014563592495958047             -0.00000000000000249979 
 178             -0.00075581278008465238             -0.00061551853897822892             -0.00005084109795240392              0.00011168041469622791             -0.00013840833409972786             -0.00000000000000278859 
 188             -0.00080436472826843255             -0.00065460546773887980             -0.00005311827041334191              0.00010127262431417481             -0.00012616531860767675             -0.00000000000000307738 
 198             -0.00084723806718450562             -0.00068886131100115184             -0.00005498370251304960              0.00008518849146429812             -0.00010726159915073870             -0.00000000000000336617 
