 1              0.00000000000000000000              0.00000000000000000000              0.00000000000000000000              0.00000000000000000000              0.00000000000000000000              0.00000000000000000000 
 2              0.00000000000000000000              0.00000000000000000000              0.00000000000000000000              0.00000000000000000000              0.00000000000000000000              0.00000000000000000000 
 3              0.00000000000000000000              0.00000000000000000000              0.00000000000000000000              0.00000000000000000000              0.00000000000000000000              0.00000000000000000000 
 4              0.00000000000000000000              0.00000000000000000000              0.00000000000000000000              0.00000000000000000000              0.00000000000000000000              0.00000000000000000000 
 5              0.00075225097849656458              0.00016298442054945886              0.00000032609990277930             -0.00003579420392319585              0.00016445384562796891             -0.00000000000000050728 
 6              0.00075225097849656458              0.00016298442054636645             -0.00003068245495794728             -0.00003579420394844559              0.00018601063513919608             -0.00000000000000050728 
 7              0.00075225097849347222              0.00016298442054636645             -0.00002588867442252559             -0.00003512314330641624              0.00018601063511909359             -0.00000000000000050728 
 8              0.00075225097849347222              0.00016298442054945886              0.00000643181714747098             -0.00003512314327602536              0.00016445384556290347             -0.00000000000000050728 
 10              0.00163410721627166408              0.00032637267710418133             -0.00000076549944968023             -0.00002371192912546365              0.00013393215690841919              0.00000000000001793884 
 11              0.00163410721627166408              0.00032637267721353645             -0.00004952645899779649             -0.00002371192913567953              0.00014519313327156376              0.00000000000001793884 
 12              0.00163410721638101932              0.00032637267721353645             -0.00004248087866452059             -0.00002333618698142274              0.00014519313326288736              0.00000000000001793884 
 13              0.00163410721638101932              0.00032637267710418133              0.00000945377400451715             -0.00002333618696577781              0.00013393215685023814              0.00000000000001793884 
 15              0.00221808887745759443              0.00041497624754005563              0.00000147426309302482             -0.00001051340081699592              0.00007009085758285967              0.00000000000001858813 
 16              0.00221808887745759443              0.00041497624765336885             -0.00005452725274379119             -0.00001051340081806777              0.00007411766466009044              0.00000000000001858813 
 17              0.00221808887757090744              0.00041497624765336885             -0.00004669417461880845             -0.00001056410993891134              0.00007411766465882292              0.00000000000001858813 
 18              0.00221808887757090744              0.00041497624754005563              0.00001252193948902710             -0.00001056410993775258              0.00007009085758135053              0.00000000000001858813 
 118              0.00082185808925320061              0.00017723823416030841              0.00000872305422165305             -0.00004253062088835495              0.00021453059847690773              0.00000000000000133733 
 128              0.00090703085731361839              0.00019378614888289732              0.00000961457193373688             -0.00004766672100319562              0.00024957533320684675              0.00000000000000318194 
 138              0.00100234521862884590              0.00021181317324713833              0.00000922626070054984             -0.00005062571339144104              0.00026998812328325522              0.00000000000000502655 
 148              0.00110286017015518312              0.00023056435241529340              0.00000803434109010454             -0.00005165706912171608              0.00027825555101659876              0.00000000000000687117 
 158              0.00120509335441904659              0.00024945529496386853              0.00000675643884105104             -0.00005146636935238175              0.00027976947048216134              0.00000000000000871578 
 168              0.00130678745760364032              0.00026808368962352952              0.00000548569008051096             -0.00005018691239958682              0.00027525212078921600              0.00000000000001056039 
 178              0.00140525393512315076              0.00028591248407188526              0.00000459970901734670             -0.00004700435097248092              0.00026157241530596118              0.00000000000001240500 
 188              0.00149617903678689801              0.00030214168691152708              0.00000483509050067001             -0.00004145438207768691              0.00023398882056025947              0.00000000000001424962 
 198              0.00157429151752108329              0.00031591405190346420              0.00000643149591727509             -0.00003357225174450528              0.00019150640850812615              0.00000000000001609423 
