 1              0.00000000000000000000              0.00000000000000000000              0.00000000000000000000              0.00000000000000000000              0.00000000000000000000              0.00000000000000000000 
 2              0.00000000000000000000              0.00000000000000000000              0.00000000000000000000              0.00000000000000000000              0.00000000000000000000              0.00000000000000000000 
 3              0.00000000000000000000              0.00000000000000000000              0.00000000000000000000              0.00000000000000000000              0.00000000000000000000              0.00000000000000000000 
 4              0.00000000000000000000              0.00000000000000000000              0.00000000000000000000              0.00000000000000000000              0.00000000000000000000              0.00000000000000000000 
 5              0.00001365557363203926             -0.00000139473599357031             -0.00002801159543991833              0.00000008975282648731              0.00000410874198969973              0.00000000000000000309 
 6              0.00001365557363203926             -0.00000139473599355146             -0.00002859245454497395              0.00000008975282648594              0.00000410703427577107              0.00000000000000000309 
 7              0.00001365557363205811             -0.00000139473599355146             -0.00002857565806848266              0.00000008897545759539              0.00000410703427576618              0.00000000000000000309 
 8              0.00001365557363205811             -0.00000139473599357031             -0.00002799469925803675              0.00000008897545759682              0.00000410874198969569              0.00000000000000000309 
 10              0.00003476583222570385             -0.00000032758978104202             -0.00004669637973218875             -0.00000028625745262890              0.00000427838361073653              0.00000000000000000362 
 11              0.00003476583222570385             -0.00000032758978101992             -0.00004763955202726435             -0.00000028625745262921              0.00000427791381439729              0.00000000000000000362 
 12              0.00003476583222572594             -0.00000032758978101992             -0.00004760012677713341             -0.00000028643155363946              0.00000427791381439579              0.00000000000000000362 
 13              0.00003476583222572594             -0.00000032758978104202             -0.00004665686092908917             -0.00000028643155363906              0.00000427838361073528              0.00000000000000000362 
 15              0.00005261031252566970              0.00000072876168261957             -0.00005605486468284211             -0.00000015150681275414              0.00000271405044932856              0.00000000000000000365 
 16              0.00005261031252566970              0.00000072876168264183             -0.00005713598206315265             -0.00000015150681275410              0.00000271390165710118              0.00000000000000000365 
 17              0.00005261031252569197              0.00000072876168264183             -0.00005708879647918668             -0.00000015154536517978              0.00000271390165710110              0.00000000000000000365 
 18              0.00005261031252569197              0.00000072876168261957             -0.00005600758656479099             -0.00000015154536517979              0.00000271405044932847              0.00000000000000000365 
 118              0.00001532311624599577             -0.00000140064525386083             -0.00002986107137513397             -0.00000005280680972170              0.00000497791851039450              0.00000000000000000315 
 128              0.00001727392479946273             -0.00000135892901498850             -0.00003172734768725656             -0.00000017144061053318              0.00000565766132617803              0.00000000000000000320 
 138              0.00001943871434091539             -0.00000127805763236532             -0.00003359353303935324             -0.00000026690682709777              0.00000614798232688952              0.00000000000000000325 
 148              0.00002174820403652316             -0.00000116650762293351             -0.00003545963363258656             -0.00000033919180001818              0.00000644889406061427              0.00000000000000000330 
 158              0.00002413312265649545             -0.00000103275863064913             -0.00003732566949094424             -0.00000038829265966640              0.00000656047677447081              0.00000000000000000336 
 168              0.00002652425922232924             -0.00000088528804680189             -0.00003919173319577789             -0.00000041422850269837              0.00000648285812050734              0.00000000000000000341 
 178              0.00002885237463629373             -0.00000073256569748417             -0.00004105787627519264             -0.00000041700644449564              0.00000621586581518528              0.00000000000000000346 
 188              0.00003104819662922971             -0.00000058306354147093             -0.00004292410860796611             -0.00000039662207387288              0.00000575946542589258              0.00000000000000000352 
 198              0.00003304244434341892             -0.00000044525060360829             -0.00004479043532197496             -0.00000035309188965688              0.00000511364227173071              0.00000000000000000357 
