 1              0.00000000000000000000              0.00000000000000000000              0.00000000000000000000              0.00000000000000000000              0.00000000000000000000              0.00000000000000000000 
 2              0.00000000000000000000              0.00000000000000000000              0.00000000000000000000              0.00000000000000000000              0.00000000000000000000              0.00000000000000000000 
 3              0.00000000000000000000              0.00000000000000000000              0.00000000000000000000              0.00000000000000000000              0.00000000000000000000              0.00000000000000000000 
 4              0.00000000000000000000              0.00000000000000000000              0.00000000000000000000              0.00000000000000000000              0.00000000000000000000              0.00000000000000000000 
 5             -0.00071028230548140234             -0.00052716492025245843             -0.00001506305732765356              0.00013142676985386897             -0.00017587321054026814              0.00000000000002179692 
 6             -0.00071028230548140234             -0.00052716492011958447              0.00002102190959289634              0.00013142676975310866             -0.00016057352034942491              0.00000000000002179692 
 7             -0.00071028230534852838             -0.00052716492011958447             -0.00000793829462818789              0.00013860184901989499             -0.00016057352047789883              0.00000000000002179692 
 8             -0.00071028230534852838             -0.00052716492025245843             -0.00003736957352132853              0.00013860184907586379             -0.00017587321059846188              0.00000000000002179692 
 10             -0.00161937850394977285             -0.00130736050069979242             -0.00001976424915622961              0.00011894899468712202             -0.00014886741131762721              0.00000000000001409335 
 11             -0.00161937850394977285             -0.00130736050061387938              0.00004044714917135997              0.00011894899462706987             -0.00014344282834977923              0.00000000000001409335 
 12             -0.00161937850386385980             -0.00130736050061387938             -0.00000817104799826856              0.00012166902103700728             -0.00014344282841236434              0.00000000000001409335 
 13             -0.00161937850386385980             -0.00130736050069979242             -0.00005356966420700221              0.00012166902105166733             -0.00014886741132601967              0.00000000000001409335 
 15             -0.00227667865578040076             -0.00179879817789053748             -0.00001599928153724465              0.00005666736941198418             -0.00008207320026261375              0.00000000000001803417 
 16             -0.00227667865578040076             -0.00179879817778060111              0.00005273876721798464              0.00005666736940509009             -0.00007661279485589915              0.00000000000001803417 
 17             -0.00227667865567046440             -0.00179879817778060111             -0.00000144830720872265              0.00005866858727006498             -0.00007661279486480775              0.00000000000001803417 
 18             -0.00227667865567046440             -0.00179879817789053748             -0.00005501362274295181              0.00005866858727707449             -0.00008207320027078704              0.00000000000001803417 
 118             -0.00078363122661298144             -0.00058678863047195631             -0.00003695062576113334              0.00018565237576272323             -0.00022336530063229228              0.00000000000002102656 
 128             -0.00087157785808294878             -0.00066092410831516816             -0.00003815458684610684              0.00021795610016162327             -0.00025571003917187514              0.00000000000002025621 
 138             -0.00096885560988587392             -0.00074442593804869206             -0.00004054953570513974              0.00023693240040350083             -0.00027446741468913533              0.00000000000001948585 
 148             -0.00107106843075944276             -0.00083298129672044422             -0.00004342702562482709              0.00024603949869884647             -0.00028314846724280309              0.00000000000001871549 
 158             -0.00117515025272476171             -0.00092360194307501643             -0.00004633648748955964              0.00024840811011520546             -0.00028486786102633021              0.00000000000001794514 
 168             -0.00127864323917836731             -0.00101391245796172871             -0.00004924793395814425              0.00024434280588817996             -0.00027992803464873319              0.00000000000001717478 
 178             -0.00137898938419996867             -0.00110144098224709483             -0.00005203257073398848              0.00023278961444316666             -0.00026723810964362842              0.00000000000001640442 
 188             -0.00147258761417886730             -0.00118272263206295122             -0.00005405287229843235              0.00020992108816711831             -0.00024275548227145982              0.00000000000001563407 
 198             -0.00155456770892474592             -0.00125311018115019509             -0.00005467896266660754              0.00017319412454903276             -0.00020367986394436585              0.00000000000001486371 
