 1              0.00000000000000000000              0.00000000000000000000              0.00000000000000000000              0.00000000000000000000              0.00000000000000000000              0.00000000000000000000 
 2              0.00000000000000000000              0.00000000000000000000              0.00000000000000000000              0.00000000000000000000              0.00000000000000000000              0.00000000000000000000 
 3              0.00000000000000000000              0.00000000000000000000              0.00000000000000000000              0.00000000000000000000              0.00000000000000000000              0.00000000000000000000 
 4              0.00000000000000000000              0.00000000000000000000              0.00000000000000000000              0.00000000000000000000              0.00000000000000000000              0.00000000000000000000 
 5             -0.00001120457689220628              0.00001739907747164596             -0.00002860294577890819             -0.00000439796085462049             -0.00000278110058342085              0.00000000000000000199 
 6             -0.00001120457689220628              0.00001739907747165810             -0.00002842697794412315             -0.00000439796085462035             -0.00000278269062618382              0.00000000000000000199 
 7             -0.00001120457689219414              0.00001739907747165810             -0.00002799123283510688             -0.00000440043388511079             -0.00000278269062618809              0.00000000000000000199 
 8             -0.00001120457689219414              0.00001739907747164596             -0.00002816714722528752             -0.00000440043388511097             -0.00000278110058342046              0.00000000000000000199 
 10             -0.00002117641037517423              0.00003503297675834897             -0.00004757248929147935             -0.00000273144466273193             -0.00000088974187072892              0.00000000000000000292 
 11             -0.00002117641037517423              0.00003503297675836677             -0.00004737012473920239             -0.00000273144466272998             -0.00000089019502761347              0.00000000000000000292 
 12             -0.00002117641037515644              0.00003503297675836677             -0.00004673390240442838             -0.00000273196270327104             -0.00000089019502761435              0.00000000000000000292 
 13             -0.00002117641037515644              0.00003503297675834897             -0.00004693627189066913             -0.00000273196270327266             -0.00000088974187072860              0.00000000000000000292 
 15             -0.00002055148334720315              0.00004373794161408408             -0.00005701540445090916             -0.00000117418069074130              0.00000034133007667856              0.00000000000000000334 
 16             -0.00002055148334720315              0.00004373794161410444             -0.00005683321053316302             -0.00000117418069074079              0.00000034110840925237              0.00000000000000000334 
 17             -0.00002055148334718279              0.00004373794161410444             -0.00005613934246503638             -0.00000117431931780144              0.00000034110840925242              0.00000000000000000334 
 18             -0.00002055148334718279              0.00004373794161408408             -0.00005632154685497137             -0.00000117431931780197              0.00000034133007667871              0.00000000000000000334 
 118             -0.00001227842575551489              0.00001910660327361380             -0.00003004430125301301             -0.00000491132305169341             -0.00000307297336891129              0.00000000000000000208 
 128             -0.00001343949498602724              0.00002097344114965748             -0.00003192130277024188             -0.00000527156126207412             -0.00000325802731312554              0.00000000000000000218 
 138             -0.00001464871489167815              0.00002294448737030430             -0.00003379816144521001             -0.00000548114112654532             -0.00000333626509820603              0.00000000000000000227 
 148             -0.00001586701566373204              0.00002496463668603103             -0.00003567489061062744             -0.00000554005774419962             -0.00000330767287793677              0.00000000000000000236 
 158             -0.00001705529778832519              0.00002697879993106574             -0.00003755154267574493             -0.00000544846989257633             -0.00000317206500789720              0.00000000000000000246 
 168             -0.00001817437037958552              0.00002893196761152493             -0.00003942821923106982             -0.00000520647730597289             -0.00000292926956007002              0.00000000000000000255 
 178             -0.00001918508960888547              0.00003076907365427032             -0.00004130501341565044             -0.00000481383112120239             -0.00000257960640744494              0.00000000000000000264 
 188             -0.00002004838096203979              0.00003243501295173099             -0.00004318194779005552             -0.00000427052615945292             -0.00000212312586830402              0.00000000000000000273 
 198             -0.00002072517636713132              0.00003387468121479916             -0.00004505903116479858             -0.00000357656736900286             -0.00000155983544080270              0.00000000000000000283 
