 1              0.00000000000000000000              0.00000000000000000000              0.00000000000000000000              0.00000000000000000000              0.00000000000000000000              0.00000000000000000000 
 2              0.00000000000000000000              0.00000000000000000000              0.00000000000000000000              0.00000000000000000000              0.00000000000000000000              0.00000000000000000000 
 3              0.00000000000000000000              0.00000000000000000000              0.00000000000000000000              0.00000000000000000000              0.00000000000000000000              0.00000000000000000000 
 4              0.00000000000000000000              0.00000000000000000000              0.00000000000000000000              0.00000000000000000000              0.00000000000000000000              0.00000000000000000000 
 5              0.00005633602180115659             -0.00004996548711376188             -0.00002740563093613334              0.00003729060184091397             -0.00000882880573671510             -0.00000000000000150798 
 6              0.00005633602180115659             -0.00004996548712295451             -0.00002357306006625841              0.00003729060183354994             -0.00000912067046000163             -0.00000000000000150798 
 7              0.00005633602179196397             -0.00004996548712295451             -0.00003065309869903558              0.00003752641218841032             -0.00000912067046683688             -0.00000000000000150798 
 8              0.00005633602179196397             -0.00004996548711376188             -0.00003453250188240703              0.00003752641218168264             -0.00000882880573501836             -0.00000000000000150798 
 10             -0.00014959805624371547             -0.00038837962197928459             -0.00004194103033108456              0.00006322903593712428             -0.00004211832358612939              0.00000000000000150933 
 11             -0.00014959805624371547             -0.00038837962197008373             -0.00003393016483686833              0.00006322903592270466             -0.00004148641029862239              0.00000000000000150933 
 12             -0.00014959805623451455             -0.00038837962197008373             -0.00004738853511143771              0.00006498451223080397             -0.00004148641031365443              0.00000000000000150933 
 13             -0.00014959805623451455             -0.00038837962197928459             -0.00005472609509906008              0.00006498451223568171             -0.00004211832359633237              0.00000000000000150933 
 15             -0.00031615902384375026             -0.00063989240176219012             -0.00004937256674886471              0.00003228182351232381             -0.00002138640414597882              0.00000000000000206535 
 16             -0.00031615902384375026             -0.00063989240174959971             -0.00003997410424446412              0.00003228182350820711             -0.00002113751669890381              0.00000000000000206535 
 17             -0.00031615902383115986             -0.00063989240174959971             -0.00005560160300031446              0.00003299441782530170             -0.00002113751670313138              0.00000000000000206535 
 18             -0.00031615902383115986             -0.00063989240176219012             -0.00006424914151250366              0.00003299441782854380             -0.00002138640414979310              0.00000000000000206535 
 118              0.00004881908643522335             -0.00006907746793322192             -0.00003550471411027791              0.00006591076730588595             -0.00003148221411204930             -0.00000000000000120625 
 128              0.00003413739368287357             -0.00009706959461020473             -0.00003714411403519656              0.00008611254274360973             -0.00004801481478915009             -0.00000000000000090451 
 138              0.00001441550111131717             -0.00013114965833222898             -0.00003923311375246706              0.00009928678050388507             -0.00005908529999391830             -0.00000000000000060278 
 148             -0.00000855113305859495             -0.00016901931542637628             -0.00004151562247412905              0.00010703236979637726             -0.00006592505066855876             -0.00000000000000030105 
 158             -0.00003345010575898166             -0.00020895564630776141             -0.00004381984409239242              0.00011070038958872449             -0.00006975965148880746              0.00000000000000000068 
 168             -0.00005924220523695878             -0.00024952941698258427             -0.00004612634770840016              0.00011051842611860973             -0.00007080932903750867              0.00000000000000030241 
 178             -0.00008490893788331124             -0.00028933277088738149             -0.00004844276976247718              0.00010648570766575660             -0.00006907127977858468              0.00000000000000060414 
 188             -0.00010941911785219079             -0.00032694560004095272             -0.00005076314317367169              0.00009846443640616005             -0.00006441595594629589              0.00000000000000090587 
 198             -0.00013154189092967088             -0.00036071398465859476             -0.00005294530291577740              0.00008523075223541154             -0.00005583727214850281              0.00000000000000120760 
