 1              0.00000000000000000000              0.00000000000000000000              0.00000000000000000000              0.00000000000000000000              0.00000000000000000000              0.00000000000000000000 
 2              0.00000000000000000000              0.00000000000000000000              0.00000000000000000000              0.00000000000000000000              0.00000000000000000000              0.00000000000000000000 
 3              0.00000000000000000000              0.00000000000000000000              0.00000000000000000000              0.00000000000000000000              0.00000000000000000000              0.00000000000000000000 
 4              0.00000000000000000000              0.00000000000000000000              0.00000000000000000000              0.00000000000000000000              0.00000000000000000000              0.00000000000000000000 
 5              0.00059536776742992665             -0.00005856606672852536             -0.00000485684259059893              0.00002293602014231424              0.00013622656050072443             -0.00000000000002129589 
 6              0.00059536776742992665             -0.00005856606685834511             -0.00002673363813024761              0.00002293602015294846              0.00014914910527536783             -0.00000000000002129589 
 7              0.00059536776730010688             -0.00005856606685834511             -0.00003260352848830294              0.00002316677042403190              0.00014914910530107385             -0.00000000000002129589 
 8              0.00059536776730010688             -0.00005856606672852536             -0.00001219764100372289              0.00002316677041282303              0.00013622656051950511             -0.00000000000002129589 
 10              0.00128137878914162044             -0.00023828691143105797             -0.00000886779577674837              0.00004040061583496973              0.00009776882503913811             -0.00000000000001356405 
 11              0.00128137878914162044             -0.00023828691151374444             -0.00004228356405845454              0.00004040061585118272              0.00010364303577091334             -0.00000000000001356405 
 12              0.00128137878905893398             -0.00023828691151374444             -0.00005269475674577657              0.00004099073572981140              0.00010364303578921068             -0.00000000000001356405 
 13              0.00128137878905893398             -0.00023828691143105797             -0.00002027441967959989              0.00004099073570914789              0.00009776882502872290             -0.00000000000001356405 
 15              0.00164115359423227906             -0.00045404653959573392             -0.00001165151055083036              0.00002892931061513990              0.00004373552164471479             -0.00000000000001002980 
 16              0.00164115359423227906             -0.00045404653965687555             -0.00004834121994485828              0.00002892931062235847              0.00004417561868997476             -0.00000000000001002980 
 17              0.00164115359417113743             -0.00045404653965687555             -0.00006090268646418901              0.00002977722265288549              0.00004417561869675923             -0.00000000000001002980 
 18              0.00164115359417113743             -0.00045404653959573392             -0.00002535121300665638              0.00002977722264609873              0.00004373552165262539             -0.00000000000001002980 
 118              0.00065221055401326383             -0.00006936079464966961             -0.00001179825583633814              0.00003550419855523905              0.00017314361496295714             -0.00000000000002052271 
 128              0.00072023764028962837             -0.00008409517522338952             -0.00001247909897843152              0.00004469226664811216              0.00019739287241460929             -0.00000000000001974952 
 138              0.00079510195056652880             -0.00010161646216731559             -0.00001392792915636498              0.00005069931294091651              0.00021063199472630973             -0.00000000000001897634 
 148              0.00087339310072561066             -0.00012085512455397817             -0.00001562061313556619              0.00005422074833768841              0.00021651258941658377             -0.00000000000001820315 
 158              0.00095283006849430116             -0.00014111352219859668             -0.00001732376423414963              0.00005633451856952875              0.00021696855969383764             -0.00000000000001742997 
 168              0.00103146203773867365             -0.00016190495660589629             -0.00001902744476658412              0.00005713603111828150              0.00021211001554543622             -0.00000000000001665679 
 178              0.00110723758735111898             -0.00018273914905591647             -0.00002062856311505945              0.00005651233614236029              0.00020096344756104480             -0.00000000000001588360 
 188              0.00117705859044020143             -0.00020298487021149211             -0.00002159289709876637              0.00005385678849622338              0.00017937911031503073             -0.00000000000001511042 
 198              0.00123668100879575308             -0.00022181162293317743             -0.00002152806504419746              0.00004872984608282244              0.00014519167849160068             -0.00000000000001433723 
