 1              0.00000000000000000000              0.00000000000000000000              0.00000000000000000000              0.00000000000000000000              0.00000000000000000000              0.00000000000000000000 
 2              0.00000000000000000000              0.00000000000000000000              0.00000000000000000000              0.00000000000000000000              0.00000000000000000000              0.00000000000000000000 
 3              0.00000000000000000000              0.00000000000000000000              0.00000000000000000000              0.00000000000000000000              0.00000000000000000000              0.00000000000000000000 
 4              0.00000000000000000000              0.00000000000000000000              0.00000000000000000000              0.00000000000000000000              0.00000000000000000000              0.00000000000000000000 
 5              0.00060323971354708436             -0.00018655602610957283              0.00000233236451723744              0.00005384443020998392              0.00014966657529902626             -0.00000000000001460194 
 6              0.00060323971354708436             -0.00018655602619858626             -0.00002950859311115872              0.00005384443025328161              0.00017025491325791203             -0.00000000000001460194 
 7              0.00060323971345807093             -0.00018655602619858626             -0.00003874765307943289              0.00005431568387474719              0.00017025491329562261             -0.00000000000001460194 
 8              0.00060323971345807093             -0.00018655602610957283             -0.00000994267192698671              0.00005431568382689531              0.00014966657532898702             -0.00000000000001460194 
 10              0.00154190622267831416             -0.00052777264456492577              0.00001399769560996592              0.00006089087796674987              0.00015587837679501508              0.00000000000000746458 
 11              0.00154190622267831416             -0.00052777264451942159             -0.00004311479339034357              0.00006089087799482697              0.00017057321387912788              0.00000000000000746458 
 12              0.00154190622272381813             -0.00052777264451942159             -0.00005887021218836862              0.00006119631568031406              0.00017057321390960372              0.00000000000000746458 
 13              0.00154190622272381813             -0.00052777264456492577             -0.00000654937189267213              0.00006119631564299796              0.00015587837679821305              0.00000000000000746458 
 15              0.00232359671307778111             -0.00081864546483999766              0.00002991872615662662              0.00003496380631966475              0.00009101776069902303              0.00000000000000467367 
 16              0.00232359671307778111             -0.00081864546481150700             -0.00003916011977404235              0.00003496380632890793              0.00009745989809340821              0.00000000000000467367 
 17              0.00232359671310627220             -0.00081864546481150700             -0.00005807918185680006              0.00003576527456343462              0.00009745989810387216              0.00000000000000467367 
 18              0.00232359671310627220             -0.00081864546483999766              0.00000555974391113687              0.00003576527455471567              0.00009101776071009580              0.00000000000000467367 
 118              0.00066958475060452762             -0.00021041782143013804             -0.00000678109353908212              0.00007549767608666178              0.00021125331605511042             -0.00000000000001239529 
 128              0.00075534059571804322             -0.00024104403880785818             -0.00000525932667578478              0.00009132026240190407              0.00025581437809815602             -0.00000000000001018864 
 138              0.00085434135498269959             -0.00027648767878235195             -0.00000527126064038030              0.00010183219291262958              0.00028369008817972434             -0.00000000000000798199 
 148              0.00096077002457232736             -0.00031483134556805010             -0.00000645977215487995              0.00010716187690856055              0.00029651453650465749             -0.00000000000000577533 
 158              0.00107010241793416131             -0.00035440654677938168             -0.00000794070770168403              0.00010881447625450429              0.00030018479599125961             -0.00000000000000356868 
 168              0.00117954345823416992             -0.00039413303630322753             -0.00000942595826932658              0.00010800290967915645              0.00029712500495749364             -0.00000000000000136203 
 178              0.00128640584781682501             -0.00043300227480090635             -0.00001070053030451921              0.00010389133013854843              0.00028548287672326028              0.00000000000000084462 
 188              0.00138633281750309700             -0.00046947409283305954             -0.00001087130075267667              0.00009488325989942130              0.00025908296050385321              0.00000000000000305128 
 198              0.00147355540814737124             -0.00050170298248991844             -0.00000952866931472785              0.00008068847750654279              0.00021600685853583640              0.00000000000000525793 
