 1              0.00000000000000000000              0.00000000000000000000              0.00000000000000000000              0.00000000000000000000              0.00000000000000000000              0.00000000000000000000 
 2              0.00000000000000000000              0.00000000000000000000              0.00000000000000000000              0.00000000000000000000              0.00000000000000000000              0.00000000000000000000 
 3              0.00000000000000000000              0.00000000000000000000              0.00000000000000000000              0.00000000000000000000              0.00000000000000000000              0.00000000000000000000 
 4              0.00000000000000000000              0.00000000000000000000              0.00000000000000000000              0.00000000000000000000              0.00000000000000000000              0.00000000000000000000 
 5             -0.00012813680070158150             -0.00067481121626494246             -0.00000812836031743106              0.00014999098256328775             -0.00003709778661662342             -0.00000000000000724550 
 6             -0.00012813680070158150             -0.00067481121630911091             -0.00000353942010784357              0.00014999098254824740             -0.00003724424232422639             -0.00000000000000724550 
 7             -0.00012813680074575006             -0.00067481121630911091             -0.00002523621125085089              0.00016114264943416798             -0.00003724424233633954             -0.00000000000000724550 
 8             -0.00012813680074575006             -0.00067481121626494246             -0.00002914347917982560              0.00016114264943029892             -0.00003709778662749941             -0.00000000000000724550 
 10             -0.00034111399363334752             -0.00139697131174852099             -0.00001436046904652287              0.00008932105806260923             -0.00001893799185017257              0.00000000000001046399 
 11             -0.00034111399363334752             -0.00139697131168473260             -0.00000858375555043007              0.00008932105805981217             -0.00001941698985404847              0.00000000000001046399 
 12             -0.00034111399356955902             -0.00139697131168473260             -0.00003952571114307969              0.00008928318696140479             -0.00001941698986007766              0.00000000000001046399 
 13             -0.00034111399356955902             -0.00139697131174852099             -0.00004330944258452401              0.00008928318692445414             -0.00001893799184700890              0.00000000000001046399 
 15             -0.00034574156463841837             -0.00163994637976099130             -0.00002186111692724878              0.00002742709490193714              0.00000329352156510223              0.00000000000000898480 
 16             -0.00034574156463841837             -0.00163994637970622001             -0.00001636776513761531              0.00002742709490443427              0.00000343294336664008              0.00000000000000898480 
 17             -0.00034574156458364697             -0.00163994637970622001             -0.00004891053091973353              0.00002841642518243885              0.00000343294336897388              0.00000000000000898480 
 18             -0.00034574156458364697             -0.00163994637976099130             -0.00005246333627229528              0.00002841642518013133              0.00000329352156748893              0.00000000000000898480 
 118             -0.00014464177051117387             -0.00074006299670915324             -0.00002991484865868072              0.00019406374178793540             -0.00005247176110982903             -0.00000000000000547455 
 128             -0.00016580841487515399             -0.00081503355746230608             -0.00003163414073233545              0.00021433771100889612             -0.00006258550491675549             -0.00000000000000370360 
 138             -0.00018983253509885400             -0.00089562252268366371             -0.00003380694727196652              0.00022510601588485060             -0.00006818227713263241             -0.00000000000000193265 
 148             -0.00021533902966478733             -0.00097893755639256660             -0.00003603437264972540              0.00022950856911422443             -0.00007088974476237691             -0.00000000000000016170 
 158             -0.00024139904670809957             -0.00106281138336402356             -0.00003825564562886660              0.00022815803734970640             -0.00007121065914863989              0.00000000000000160925 
 168             -0.00026713959446572996             -0.00114513588898282294             -0.00004047731528557519              0.00022102195067662085             -0.00006913041137993149              0.00000000000000338019 
 178             -0.00029156799242145942             -0.00122361185193580455             -0.00004254683073435817              0.00020669412762452279             -0.00006382379759752184              0.00000000000000515114 
 188             -0.00031323344818699316             -0.00129484488494700139             -0.00004393974524330809              0.00018123288529689534             -0.00005398723070891175              0.00000000000000692209 
 198             -0.00033037744038285553             -0.00135431526296900728             -0.00004425282994030814              0.00014235871826981112             -0.00003908607918628575              0.00000000000000869304 
