 1              0.00000000000000000000              0.00000000000000000000              0.00000000000000000000              0.00000000000000000000              0.00000000000000000000              0.00000000000000000000 
 2              0.00000000000000000000              0.00000000000000000000              0.00000000000000000000              0.00000000000000000000              0.00000000000000000000              0.00000000000000000000 
 3              0.00000000000000000000              0.00000000000000000000              0.00000000000000000000              0.00000000000000000000              0.00000000000000000000              0.00000000000000000000 
 4              0.00000000000000000000              0.00000000000000000000              0.00000000000000000000              0.00000000000000000000              0.00000000000000000000              0.00000000000000000000 
 5             -0.00026833071054574458             -0.00020188464293199458             -0.00003423549849829494              0.00003470618213140194             -0.00007129193423492559             -0.00000000000002683416 
 6             -0.00026833071054574458             -0.00020188464309557559             -0.00001812168505723204              0.00003470618211387151             -0.00006812202772000696             -0.00000000000002683416 
 7             -0.00026833071070932565             -0.00020188464309557559             -0.00001859845249675952              0.00003452548922990514             -0.00006812202771370657             -0.00000000000002683416 
 8             -0.00026833071070932565             -0.00020188464293199458             -0.00003468067403566135              0.00003452548924705547             -0.00007129193423188595             -0.00000000000002683416 
 10             -0.00065851836221265524             -0.00025742485001430522             -0.00005950840068881582             -0.00000882599614587606             -0.00010878640289900008             -0.00000000000002916332 
 11             -0.00065851836221265524             -0.00025742485019208478             -0.00003218108800066726             -0.00000882599613969840             -0.00010436875279321158             -0.00000000000002916332 
 12             -0.00065851836239043491             -0.00025742485019208478             -0.00003087845069830508             -0.00000888373802441019             -0.00010436875277959110             -0.00000000000002916332 
 13             -0.00065851836239043491             -0.00025742485001430522             -0.00005823377247362881             -0.00000888373802867024             -0.00010878640288850610             -0.00000000000002916332 
 15             -0.00140231605369115810             -0.00011338883575827059             -0.00005515546975409859             -0.00002101089324549487             -0.00009987446830368546             -0.00000000000003083438 
 16             -0.00140231605369115810             -0.00011338883594623696             -0.00001468675383013019             -0.00002101089323830510             -0.00008968247348670237             -0.00000000000003083438 
 17             -0.00140231605387912449             -0.00011338883594623696             -0.00001077504941109213             -0.00002068693797629761             -0.00008968247347679947             -0.00000000000003083438 
 18             -0.00140231605387912449             -0.00011338883575827059             -0.00005147791369168714             -0.00002068693798354694             -0.00009987446829430427             -0.00000000000003083438 
 118             -0.00029689193973142384             -0.00021392270277354882             -0.00003701503019385844              0.00003127213885881395             -0.00008443043144260032             -0.00000000000002706707 
 128             -0.00032979085501549319             -0.00022474991018905265             -0.00003937019770405176              0.00002790995081731500             -0.00009508799154898729             -0.00000000000002729999 
 138             -0.00036619189217738550             -0.00023431717525941112             -0.00004171808981854956              0.00002436589204425896             -0.00010361593315144452             -0.00000000000002753291 
 148             -0.00040534915357198428             -0.00024253982107657948             -0.00004405255948492233              0.00002054703534493147             -0.00011017668635617991             -0.00000000000002776582 
 158             -0.00044655379045030469             -0.00024931116781657330             -0.00004638061760826909              0.00001642700991912865             -0.00011481208174008604             -0.00000000000002799874 
 168             -0.00048910128382129256             -0.00025451830484143976             -0.00004871094332234526              0.00001199405221044549             -0.00011751957242690075             -0.00000000000002823165 
 178             -0.00053228650573872876             -0.00025804754495765064             -0.00005105294922253331              0.00000725197483009930             -0.00011829535049666779             -0.00000000000002846457 
 188             -0.00057539856374208814             -0.00025978539848586373             -0.00005341594464085966              0.00000219790658342481             -0.00011711571499046385             -0.00000000000002869749 
 198             -0.00061771849189347350             -0.00025961710444634704             -0.00005580783647981865             -0.00000317145996653772             -0.00011396029541603242             -0.00000000000002893040 
