 1              0.00000000000000000000              0.00000000000000000000              0.00000000000000000000              0.00000000000000000000              0.00000000000000000000              0.00000000000000000000 
 2              0.00000000000000000000              0.00000000000000000000              0.00000000000000000000              0.00000000000000000000              0.00000000000000000000              0.00000000000000000000 
 3              0.00000000000000000000              0.00000000000000000000              0.00000000000000000000              0.00000000000000000000              0.00000000000000000000              0.00000000000000000000 
 4              0.00000000000000000000              0.00000000000000000000              0.00000000000000000000              0.00000000000000000000              0.00000000000000000000              0.00000000000000000000 
 5              0.00010629080778239672              0.00002491644131324374             -0.00002640650057122805             -0.00000455559640091028              0.00002957260568409520             -0.00000000000000004145 
 6              0.00010629080778239672              0.00002491644131299108             -0.00002988421137551356             -0.00000455559640098023              0.00002956650448984129             -0.00000000000000004145 
 7              0.00010629080778214404              0.00002491644131299108             -0.00003022444207705553             -0.00000456074852598999              0.00002956650448979017             -0.00000000000000004145 
 8              0.00010629080778214404              0.00002491644131324374             -0.00002674610727126949             -0.00000456074852593164              0.00002957260568405948             -0.00000000000000004145 
 10              0.00024233684660321118              0.00002773170224889954             -0.00004402619961274915              0.00000448440383277847              0.00002412264566474493             -0.00000000000000003312 
 11              0.00024233684660321118              0.00002773170224869764             -0.00004940231130895297              0.00000448440383292836              0.00002412566759354456             -0.00000000000000003312 
 12              0.00024233684660300930              0.00002773170224869764             -0.00005033375330403725              0.00000448645205198186              0.00002412566759358283             -0.00000000000000003312 
 13              0.00024233684660300930              0.00002773170224889954             -0.00004495653284729153              0.00000448645205187616              0.00002412264566483033             -0.00000000000000003312 
 15              0.00033069820900608781             -0.00001005599560184622             -0.00005293243813908019              0.00000674512240384347              0.00001264035771332660              0.00000000000000002953 
 16              0.00033069820900608781             -0.00001005599560166619             -0.00005895180587388061              0.00000674512240408141              0.00001268093225662759              0.00000000000000002953 
 17              0.00033069820900626790             -0.00001005599560166619             -0.00006024205564185431              0.00000676241865721807              0.00001268093225674897              0.00000000000000002953 
 18              0.00033069820900626790             -0.00001005599560184622             -0.00005422330021847042              0.00000676241865701948              0.00001264035771349511              0.00000000000000002953 
 118              0.00011806740660733273              0.00002649413943137030             -0.00002856783379220920             -0.00000405156369596193              0.00003461562542563108             -0.00000000000000004061 
 128              0.00013146141174352345              0.00002786952686419413             -0.00003038911015869567             -0.00000345449669362059              0.00003841669888760325             -0.00000000000000003978 
 138              0.00014601857890851749              0.00002901045347508504             -0.00003220998527358591             -0.00000276950940845578              0.00004097587907098969             -0.00000000000000003895 
 148              0.00016128467689968375              0.00002988475483812716             -0.00003403050660824561             -0.00000199656753049783              0.00004229318205455334             -0.00000000000000003812 
 158              0.00017680549829471705              0.00003046026036513870             -0.00003585076929149997             -0.00000113569148390216              0.00004236884566383145             -0.00000000000000003728 
 168              0.00019212701164648572              0.00003070485825417253             -0.00003767114684144014             -0.00000018718296720125              0.00004120327303965421             -0.00000000000000003645 
 178              0.00020679512426293644              0.00003058648281931596             -0.00003949185299258158              0.00000084912574119491              0.00003879597078647929             -0.00000000000000003562 
 188              0.00022035562987401209              0.00003007297458162901             -0.00004131295538879565              0.00000197344859009531              0.00003514678925778354             -0.00000000000000003478 
 198              0.00023235428738749885              0.00002913212504383658             -0.00004313449887516148              0.00000318586528786652              0.00003025567732442951             -0.00000000000000003395 
