 1              0.00000000000000000000              0.00000000000000000000              0.00000000000000000000              0.00000000000000000000              0.00000000000000000000              0.00000000000000000000 
 2              0.00000000000000000000              0.00000000000000000000              0.00000000000000000000              0.00000000000000000000              0.00000000000000000000              0.00000000000000000000 
 3              0.00000000000000000000              0.00000000000000000000              0.00000000000000000000              0.00000000000000000000              0.00000000000000000000              0.00000000000000000000 
 4              0.00000000000000000000              0.00000000000000000000              0.00000000000000000000              0.00000000000000000000              0.00000000000000000000              0.00000000000000000000 
 5              0.00001689021485474239             -0.00002273135888268181             -0.00002781835699650831              0.00000672956651837177              0.00000371335818934803              0.00000000000000000217 
 6              0.00001689021485474239             -0.00002273135888266858             -0.00002800191255660291              0.00000672956651837255              0.00000371181201597600              0.00000000000000000217 
 7              0.00001689021485475562             -0.00002273135888266858             -0.00002877585103892605              0.00000672710388668355              0.00000371181201597167              0.00000000000000000217 
 8              0.00001689021485475562             -0.00002273135888268181             -0.00002859222677944742              0.00000672710388668321              0.00000371335818934861              0.00000000000000000217 
 10              0.00002747905586928470             -0.00005518328676146653             -0.00004647535937585390              0.00000551857600583050              0.00000053528136470481              0.00000000000000000310 
 11              0.00002747905586928470             -0.00005518328676144760             -0.00004664216188102736              0.00000551857600583255              0.00000053482549067441              0.00000000000000000310 
 12              0.00002747905586930362             -0.00005518328676144760             -0.00004783107952389190              0.00000551807065412331              0.00000053482549067369              0.00000000000000000310 
 13              0.00002747905586930362             -0.00005518328676146653             -0.00004766426245937174              0.00000551807065412161              0.00000053528136470529              0.00000000000000000310 
 15              0.00002425718366532203             -0.00007353742936831033             -0.00005585894761572630              0.00000252452441169598             -0.00000079562541426909              0.00000000000000000350 
 16              0.00002425718366532203             -0.00007353742936828897             -0.00005598138717935566              0.00000252452441169651             -0.00000079584560095423              0.00000000000000000350 
 17              0.00002425718366534340             -0.00007353742936828897             -0.00005729584862769135              0.00000252438251839999             -0.00000079584560095415              0.00000000000000000350 
 18              0.00002425718366534340             -0.00007353742936831033             -0.00005717339939162848              0.00000252438251839944             -0.00000079562541426892              0.00000000000000000350 
 118              0.00001826924062078159             -0.00002545136542259550             -0.00003049967148535198              0.00000809108351388923              0.00000381181713378094              0.00000000000000000226 
 128              0.00001966734862205053             -0.00002860992316967710             -0.00003240696368075990              0.00000912513268450005              0.00000381770115799530              0.00000000000000000236 
 138              0.00002105067828841123             -0.00003208635839585473             -0.00003431411303390709              0.00000982925878822345              0.00000373100757984887              0.00000000000000000245 
 148              0.00002238536916639502             -0.00003575999889310700             -0.00003622113287750358              0.00001020346672596684              0.00000355175024555763              0.00000000000000000254 
 158              0.00002363759016150515             -0.00003951015592136440             -0.00003812807637483515              0.00001024759108721703              0.00000328010857413739              0.00000000000000000264 
 168              0.00002477359449755023             -0.00004321605580791667             -0.00004003504676016104              0.00000996152538633163              0.00000291624103707310              0.00000000000000000273 
 178              0.00002575959940074944             -0.00004675698954648389             -0.00004194213193085230              0.00000934554978292012              0.00000245987193505613              0.00000000000000000282 
 188              0.00002656175311703461             -0.00005001228843356149             -0.00004384935698436144              0.00000839965364785682              0.00000191092787263559              0.00000000000000000292 
 198              0.00002714619354373205             -0.00005286127942880779             -0.00004575673105514967              0.00000712382990996596              0.00000126939991834968              0.00000000000000000301 
