 1              0.00000000000000000000              0.00000000000000000000              0.00000000000000000000              0.00000000000000000000              0.00000000000000000000              0.00000000000000000000 
 2              0.00000000000000000000              0.00000000000000000000              0.00000000000000000000              0.00000000000000000000              0.00000000000000000000              0.00000000000000000000 
 3              0.00000000000000000000              0.00000000000000000000              0.00000000000000000000              0.00000000000000000000              0.00000000000000000000              0.00000000000000000000 
 4              0.00000000000000000000              0.00000000000000000000              0.00000000000000000000              0.00000000000000000000              0.00000000000000000000              0.00000000000000000000 
 5              0.00000553050684003807              0.00000466897353298083             -0.00002842089211662426             -0.00000151420780863922              0.00000094311039349810             -0.00000000000000000138 
 6              0.00000553050684003807              0.00000466897353297241             -0.00002835147864934582             -0.00000151420780864214              0.00000094162466813351             -0.00000000000000000138 
 7              0.00000553050684002966              0.00000466897353297241             -0.00002816741887596607             -0.00000151511407550441              0.00000094162466813110             -0.00000000000000000138 
 8              0.00000553050684002966              0.00000466897353298083             -0.00002823662154342610             -0.00000151511407550175              0.00000094311039349696             -0.00000000000000000138 
 10              0.00000568795498618198              0.00001256961802902215             -0.00004738862650609590             -0.00000138490646339527             -0.00000096369981952107             -0.00000000000000000136 
 11              0.00000568795498618198              0.00001256961802901385             -0.00004719763725671043             -0.00000138490646339566             -0.00000096408860358577             -0.00000000000000000136 
 12              0.00000568795498617369              0.00001256961802901385             -0.00004690931095904139             -0.00000138512806114082             -0.00000096408860358664             -0.00000000000000000136 
 13              0.00000568795498617369              0.00001256961802902215             -0.00004710008556770635             -0.00000138512806114030             -0.00000096369981952140             -0.00000000000000000136 
 15             -0.00000187090425863703              0.00001720750335126046             -0.00005686378656607216             -0.00000064001968525420             -0.00000134916871078440             -0.00000000000000000119 
 16             -0.00000187090425863703              0.00001720750335125320             -0.00005660179260287576             -0.00000064001968525394             -0.00000134933834451286             -0.00000000000000000119 
 17             -0.00000187090425864429              0.00001720750335125320             -0.00005628158762126344             -0.00000064008722869970             -0.00000134933834451274             -0.00000000000000000119 
 18             -0.00000187090425864429              0.00001720750335126046             -0.00005654337026088627             -0.00000064008722869994             -0.00000134916871078429             -0.00000000000000000119 
 118              0.00000584606550592092              0.00000529347749434993             -0.00003012311882965241             -0.00000188551791574561              0.00000078130378413709             -0.00000000000000000138 
 128              0.00000610125565999511              0.00000603788060974398             -0.00003200951911717177             -0.00000217072616464788              0.00000061301329447281             -0.00000000000000000138 
 138              0.00000629370767720353              0.00000687101690061473             -0.00003389582814863301             -0.00000237071348626779              0.00000043824877323763             -0.00000000000000000137 
 148              0.00000642105646601280              0.00000776171251996779             -0.00003578205589249649             -0.00000248546046516866              0.00000025703713794017             -0.00000000000000000137 
 158              0.00000648096676970401              0.00000867879186849631             -0.00003766823812888988             -0.00000251501037678619              0.00000006952127718058             -0.00000000000000000137 
 168              0.00000647115788639687              0.00000959111223815693             -0.00003955443630715210             -0.00000245941382133597             -0.00000012421120792930             -0.00000000000000000137 
 178              0.00000638931797725443              0.00001046751345467763             -0.00004144070721799857             -0.00000231860749389188             -0.00000032437423797142             -0.00000000000000000137 
 188              0.00000623308226678169              0.00001127683408664669             -0.00004332706796076590             -0.00000209261498518094             -0.00000053101165990046             -0.00000000000000000136 
 198              0.00000600008349866404              0.00001198791892217651             -0.00004521352572330173             -0.00000178144990752014             -0.00000074411928700477             -0.00000000000000000136 
