 1              0.00000000000000000000              0.00000000000000000000              0.00000000000000000000              0.00000000000000000000              0.00000000000000000000              0.00000000000000000000 
 2              0.00000000000000000000              0.00000000000000000000              0.00000000000000000000              0.00000000000000000000              0.00000000000000000000              0.00000000000000000000 
 3              0.00000000000000000000              0.00000000000000000000              0.00000000000000000000              0.00000000000000000000              0.00000000000000000000              0.00000000000000000000 
 4              0.00000000000000000000              0.00000000000000000000              0.00000000000000000000              0.00000000000000000000              0.00000000000000000000              0.00000000000000000000 
 5             -0.00016267424984522843              0.00011845099566573444             -0.00003396076095369211             -0.00004430064630906010             -0.00004081365294255716             -0.00000000000000397427 
 6             -0.00016267424984522843              0.00011845099564150729             -0.00002996401875545244             -0.00004430064630526735             -0.00004062849330640489             -0.00000000000000397427 
 7             -0.00016267424986945558              0.00011845099564150729             -0.00002211274443900997             -0.00004297799672022045             -0.00004062849329518826             -0.00000000000000397427 
 8             -0.00016267424986945558              0.00011845099566573444             -0.00002620397201390462             -0.00004297799672077833             -0.00004081365293065670             -0.00000000000000397427 
 10             -0.00033277850806522389              0.00039942874117313639             -0.00005599134254030328             -0.00006210004964695292             -0.00002461267413066291             -0.00000000000001180675 
 11             -0.00033277850806522389              0.00039942874110116249             -0.00005019172923890110             -0.00006210004964293487             -0.00002455669447465152             -0.00000000000001180675 
 12             -0.00033277850813719778              0.00039942874110116249             -0.00003644197353252871             -0.00006009262470982401             -0.00002455669446566764             -0.00000000000001180675 
 13             -0.00033277850813719778              0.00039942874117313639             -0.00004227334164684696             -0.00006009262471141476             -0.00002461267412045033             -0.00000000000001180675 
 15             -0.00040764214247035777              0.00068909658236970405             -0.00006470417997447301             -0.00004068996705031858             -0.00000848780235566629             -0.00000000000001087831 
 16             -0.00040764214247035777              0.00068909658230338990             -0.00005840141207764745             -0.00004068996704853109             -0.00000845290592443227             -0.00000000000001087831 
 17             -0.00040764214253667192              0.00068909658230338990             -0.00004172013913743841             -0.00003888647950077603             -0.00000845290592264523             -0.00000000000001087831 
 18             -0.00040764214253667192              0.00068909658236970405             -0.00004808935371160159             -0.00003888647950290831             -0.00000848780235396173             -0.00000000000001087831 
 118             -0.00017882324349928293              0.00013740622919571559             -0.00002745447887975399             -0.00005996937513668193             -0.00004713407773423510             -0.00000000000000475752 
 128             -0.00019684826052507860              0.00016164925416550452             -0.00002901234164057896             -0.00007193652894012003             -0.00005109254449088691             -0.00000000000000554077 
 138             -0.00021594988719578597              0.00018954457418299205             -0.00003070856072395328             -0.00008008114844632681             -0.00005307232937592927             -0.00000000000000632401 
 148             -0.00023549304196185733              0.00021989944171002421             -0.00003242031587683014             -0.00008546993425571898             -0.00005356167424521984             -0.00000000000000710726 
 158             -0.00025496371859828486              0.00025175196566556757             -0.00003413073453878021             -0.00008827058838293440             -0.00005267610458953471             -0.00000000000000789051 
 168             -0.00027385910484558647              0.00028415553854424633             -0.00003584158767817633             -0.00008848252218222817             -0.00005041622104117172             -0.00000000000000867376 
 178             -0.00029167664502328765              0.00031616297058266333             -0.00003755430545431185             -0.00008610502521746267             -0.00004678193537367946             -0.00000000000000945700 
 188             -0.00030790344725338103              0.00034681820190713981             -0.00003925811394048823             -0.00008103781426091055             -0.00004166603852784613             -0.00000000000001024025 
 198             -0.00032189774537344398              0.00037503267510279205             -0.00004087385335301047             -0.00007265328744361016             -0.00003448562549637677             -0.00000000000001102350 
