 1              0.00000000000000000000              0.00000000000000000000              0.00000000000000000000              0.00000000000000000000              0.00000000000000000000              0.00000000000000000000 
 2              0.00000000000000000000              0.00000000000000000000              0.00000000000000000000              0.00000000000000000000              0.00000000000000000000              0.00000000000000000000 
 3              0.00000000000000000000              0.00000000000000000000              0.00000000000000000000              0.00000000000000000000              0.00000000000000000000              0.00000000000000000000 
 4              0.00000000000000000000              0.00000000000000000000              0.00000000000000000000              0.00000000000000000000              0.00000000000000000000              0.00000000000000000000 
 5              0.00001845363536871985              0.00000360498819031127             -0.00002821114702129374             -0.00000128247327226311              0.00000470362198788971             -0.00000000000000000165 
 6              0.00001845363536871985              0.00000360498819030122             -0.00002859341284110850             -0.00000128247327226268              0.00000470145045994385             -0.00000000000000000165 
 7              0.00001845363536870980              0.00000360498819030122             -0.00002837961759868592             -0.00000128352750081951              0.00000470145045994394             -0.00000000000000000165 
 8              0.00001845363536870980              0.00000360498819031127             -0.00002799735925783501             -0.00000128352750081818              0.00000470362198789124             -0.00000000000000000165 
 10              0.00003667233281604914              0.00001124987082481575             -0.00004707502256577658             -0.00000168759253272201              0.00000225333667158324             -0.00000000000000000182 
 11              0.00003667233281604914              0.00001124987082480468             -0.00004758720298920355             -0.00000168759253272060              0.00000225284430184570             -0.00000000000000000182 
 12              0.00003667233281603807              0.00001124987082480468             -0.00004722670697326107             -0.00000168793418646085              0.00000225284430184650             -0.00000000000000000182 
 13              0.00003667233281603807              0.00001124987082481575             -0.00004671460948512995             -0.00000168793418646176              0.00000225333667158458             -0.00000000000000000182 
 15              0.00004068720419532724              0.00001864267306205845             -0.00005652227069171640             -0.00000114421594876579              0.00000030630629539390             -0.00000000000000000158 
 16              0.00004068720419532724              0.00001864267306204884             -0.00005704641753495317             -0.00000114421594876517              0.00000030606763425328             -0.00000000000000000158 
 17              0.00004068720419531762              0.00001864267306204884             -0.00005662749668697780             -0.00000114430155154393              0.00000030606763425361             -0.00000000000000000158 
 18              0.00004068720419531762              0.00001864267306205845             -0.00005610343910737377             -0.00000114430155154451              0.00000030630629539431             -0.00000000000000000158 
 118              0.00002028312353162067              0.00000414374919225156             -0.00002986928894064004             -0.00000165036517396325              0.00000527007275733767             -0.00000000000000000167 
 128              0.00002228680363414462              0.00000480341930139438             -0.00003174109086654987             -0.00000194466430779850              0.00000565611471345941             -0.00000000000000000168 
 138              0.00002439868855688868              0.00000555746510270607             -0.00003361277462702332             -0.00000216641658309465              0.00000586174450947166             -0.00000000000000000170 
 148              0.00002655279345355712              0.00000637935065381473             -0.00003548435268177505             -0.00000231561285803188              0.00000588698776171776             -0.00000000000000000172 
 158              0.00002868316801583179              0.00000724253767949711             -0.00003735586295887975             -0.00000239228178163899              0.00000573204363144966             -0.00000000000000000173 
 168              0.00003072395813888695              0.00000812052261931987             -0.00003922738992366419             -0.00000239650948381276              0.00000539709231490132             -0.00000000000000000175 
 178              0.00003260925560403999              0.00000898678473148701             -0.00004109901263192512             -0.00000232817677319331              0.00000488177112646137             -0.00000000000000000177 
 188              0.00003427307552459777              0.00000981478519669676             -0.00004297075167931901             -0.00000218729349663503              0.00000418603814713810             -0.00000000000000000178 
 198              0.00003564943037892213              0.00001057798973324276             -0.00004484261503545022             -0.00000197387193530001              0.00000330989315578174             -0.00000000000000000180 
