 1              0.00000000000000000000              0.00000000000000000000              0.00000000000000000000              0.00000000000000000000              0.00000000000000000000              0.00000000000000000000 
 2              0.00000000000000000000              0.00000000000000000000              0.00000000000000000000              0.00000000000000000000              0.00000000000000000000              0.00000000000000000000 
 3              0.00000000000000000000              0.00000000000000000000              0.00000000000000000000              0.00000000000000000000              0.00000000000000000000              0.00000000000000000000 
 4              0.00000000000000000000              0.00000000000000000000              0.00000000000000000000              0.00000000000000000000              0.00000000000000000000              0.00000000000000000000 
 5              0.00006554603826683328             -0.00005859180598106165             -0.00002695376198817503              0.00001626592559096376              0.00001620407197593800              0.00000000000000001769 
 6              0.00006554603826683328             -0.00005859180598095379             -0.00002826795533540267              0.00001626592559094186              0.00001619490590692544              0.00000000000000001769 
 7              0.00006554603826694116             -0.00005859180598095379             -0.00002968612945812124              0.00001626126692129649              0.00001619490590689100              0.00000000000000001769 
 8              0.00006554603826694116             -0.00005859180598106165             -0.00002837108786708755              0.00001626126692131355              0.00001620407197590995              0.00000000000000001769 
 10              0.00012602169102622990             -0.00012848960162136757             -0.00004532392005232382              0.00000920049216160064              0.00000750755515944906              0.00000000000000002156 
 11              0.00012602169102622990             -0.00012848960162123612             -0.00004708311777610172              0.00000920049216159401              0.00000750603234204403              0.00000000000000002156 
 12              0.00012602169102636135             -0.00012848960162123612             -0.00004904755594639094              0.00000919962350371530              0.00000750603234203024              0.00000000000000002156 
 13              0.00012602169102636135             -0.00012848960162136757             -0.00004728730694798284              0.00000919962350372015              0.00000750755515943700              0.00000000000000002156 
 15              0.00014054558731911216             -0.00014614136738632833             -0.00005469485347764115              0.00000150381503615442              0.00000126438354512096              0.00000000000000002113 
 16              0.00014054558731911216             -0.00014614136738619953             -0.00005650660985669981              0.00000150381503615362              0.00000126304735277236              0.00000000000000002113 
 17              0.00014054558731924096             -0.00014614136738619953             -0.00005853463645933608              0.00000150304195272270              0.00000126304735277143              0.00000000000000002113 
 18              0.00014054558731924096             -0.00014614136738632833             -0.00005672181937448700              0.00000150304195272351              0.00000126438354512001              0.00000000000000002113 
 118              0.00007179299533173741             -0.00006506373529202957             -0.00003026336302267505              0.00001900009178737208              0.00001786108317443049              0.00000000000000001808 
 128              0.00007854329514341834             -0.00007239742514381522             -0.00003215517142183574              0.00002097343398372302              0.00001895639487427640              0.00000000000000001847 
 138              0.00008559150422083566             -0.00008031289598120543             -0.00003404656209719926              0.00002218130768372153              0.00001949008127735506              0.00000000000000001885 
 148              0.00009273221020726348             -0.00008853016230366216             -0.00003593758610233658              0.00002262364535351187              0.00001946217022443658              0.00000000000000001924 
 158              0.00009976002274241066             -0.00009676920420970426             -0.00003782836149507803              0.00002230043119387715              0.00001887294365698443              0.00000000000000001963 
 168              0.00010646977938037382             -0.00010475000312069528             -0.00003971926613709165              0.00002121145845336083              0.00001772288027446862              0.00000000000000002001 
 178              0.00011265620512102947             -0.00011219245765539770             -0.00004161055121254469              0.00001935678059168416              0.00001601131916015688              0.00000000000000002040 
 188              0.00011811391906175370             -0.00011881653945203889             -0.00004350228686898417              0.00001673655160375270              0.00001373823693428524              0.00000000000000002079 
 198              0.00012263754031426532             -0.00012434224934732948             -0.00004539452117595942              0.00001335081463431127              0.00001090363866684391              0.00000000000000002117 
