 1              0.00000000000000000000              0.00000000000000000000              0.00000000000000000000              0.00000000000000000000              0.00000000000000000000              0.00000000000000000000 
 2              0.00000000000000000000              0.00000000000000000000              0.00000000000000000000              0.00000000000000000000              0.00000000000000000000              0.00000000000000000000 
 3              0.00000000000000000000              0.00000000000000000000              0.00000000000000000000              0.00000000000000000000              0.00000000000000000000              0.00000000000000000000 
 4              0.00000000000000000000              0.00000000000000000000              0.00000000000000000000              0.00000000000000000000              0.00000000000000000000              0.00000000000000000000 
 5              0.00002194329513402740             -0.00011845055027854827             -0.00002637309008804515              0.00003870953893277595             -0.00000162974056150167             -0.00000000000000056340 
 6              0.00002194329513402740             -0.00011845055028198272             -0.00002520516071615744              0.00003870953893228239             -0.00000175347086918858             -0.00000000000000056340 
 7              0.00002194329513059294             -0.00011845055028198272             -0.00003097119273942503              0.00003880231259762340             -0.00000175347087017926             -0.00000000000000056340 
 8              0.00002194329513059294             -0.00011845055027854827             -0.00003214247465006548              0.00003880231259664083             -0.00000162974056153188             -0.00000000000000056340 
 10             -0.00002770391949503044             -0.00033430920222777595             -0.00004396081610280019              0.00004453613583475168             -0.00001343994322254181              0.00000000000000039212 
 11             -0.00002770391949503044             -0.00033430920222538561             -0.00004159132994404749              0.00004453613583272085             -0.00001339967898922897              0.00000000000000039212 
 12             -0.00002770391949264005             -0.00033430920222538561             -0.00005120821566044717              0.00004492035900543570             -0.00001339967899238608              0.00000000000000039212 
 13             -0.00002770391949264005             -0.00033430920222777595             -0.00005352320276205450              0.00004492035900629692             -0.00001343994322491470              0.00000000000000039212 
 15             -0.00009098961754023274             -0.00052740186945457912             -0.00005212741305293514              0.00002698360070427477             -0.00000894348398160647              0.00000000000000081789 
 16             -0.00009098961754023274             -0.00052740186944959331             -0.00004922229241392932              0.00002698360070266362             -0.00000887918842967094              0.00000000000000081789 
 17             -0.00009098961753524688             -0.00052740186944959331             -0.00006049878368111732              0.00002781677754778733             -0.00000887918843144848              0.00000000000000081789 
 18             -0.00009098961753524688             -0.00052740186945457912             -0.00006333224569969407              0.00002781677754913810             -0.00000894348398339070              0.00000000000000081789 
 118              0.00002046413417169104             -0.00013457484067077937             -0.00003425221064921798              0.00004893848835929139             -0.00000627674942153081             -0.00000000000000046784 
 128              0.00001747473163310929             -0.00015395505690644462             -0.00003639334616614354              0.00005666639739334311             -0.00000992866032492382             -0.00000000000000037229 
 138              0.00001329101476495987             -0.00017577436754886872             -0.00003853294098760278              0.00006230526800947494             -0.00001283260804801600             -0.00000000000000027674 
 148              0.00000817277468634571             -0.00019928549247283760             -0.00004066736336747665              0.00006591745181044161             -0.00001503727485606621             -0.00000000000000018119 
 158              0.00000237752910856483             -0.00022374661077309381             -0.00004279949052817554              0.00006749816240394500             -0.00001653207440729545             -0.00000000000000008564 
 168             -0.00000383362643450940             -0.00024841374754277373             -0.00004493237592716182              0.00006704517609187255             -0.00001731282299832678              0.00000000000000000992 
 178             -0.00001020153391357918             -0.00027254460564784958             -0.00004706904647066428              0.00006456700819661830             -0.00001739154518781154              0.00000000000000010547 
 188             -0.00001647126782142692             -0.00029539893788164419             -0.00004921223896441007              0.00006006470450820436             -0.00001677726376041057              0.00000000000000020102 
 198             -0.00002239046388611173             -0.00031623599886225679             -0.00005136486165677090              0.00005353651778881102             -0.00001547587082090154              0.00000000000000029657 
