 1              0.00000000000000000000              0.00000000000000000000              0.00000000000000000000              0.00000000000000000000              0.00000000000000000000              0.00000000000000000000 
 2              0.00000000000000000000              0.00000000000000000000              0.00000000000000000000              0.00000000000000000000              0.00000000000000000000              0.00000000000000000000 
 3              0.00000000000000000000              0.00000000000000000000              0.00000000000000000000              0.00000000000000000000              0.00000000000000000000              0.00000000000000000000 
 4              0.00000000000000000000              0.00000000000000000000              0.00000000000000000000              0.00000000000000000000              0.00000000000000000000              0.00000000000000000000 
 5             -0.00009421318410293314              0.00017096180736838235             -0.00003168825343627092             -0.00003362343506337968             -0.00003340082469472456              0.00000000000000541219 
 6             -0.00009421318410293314              0.00017096180740137505             -0.00002684624152647968             -0.00003362343505579372             -0.00003346022312668500              0.00000000000000541219 
 7             -0.00009421318406994046              0.00017096180740137505             -0.00002554708345971547             -0.00003382291935918674             -0.00003346022312377570              0.00000000000000541219 
 8             -0.00009421318406994046              0.00017096180736838235             -0.00003048424115256031             -0.00003382291936750661             -0.00003340082469166672              0.00000000000000541219 
 10             -0.00029018808883205053              0.00024600453700602236             -0.00005191797817268972              0.00000098977007058657             -0.00003622575098128916              0.00000000000000702125 
 11             -0.00029018808883205053              0.00024600453704882395             -0.00004411579334092039              0.00000098977007212795             -0.00003596968715855747              0.00000000000000702125 
 12             -0.00029018808878924894              0.00024600453704882395             -0.00004351499297260475              0.00000095432316467874             -0.00003596968715903064              0.00000000000000702125 
 13             -0.00029018808878924894              0.00024600453700602236             -0.00005128839183095347              0.00000095432316380176             -0.00003622575098141335              0.00000000000000702125 
 15             -0.00042223609503655869              0.00018966131240481080             -0.00006134570223490869              0.00001056647821216786             -0.00001815116132633898              0.00000000000000642011 
 16             -0.00042223609503655869              0.00018966131244394779             -0.00005253705123357658              0.00001056647821075131             -0.00001796738189106582              0.00000000000000642011 
 17             -0.00042223609499742170              0.00018966131244394779             -0.00005257862675495999              0.00001069517913008289             -0.00001796738189210358              0.00000000000000642011 
 18             -0.00042223609499742170              0.00018966131240481080             -0.00006134825271721530              0.00001069517913138169             -0.00001815116132720684              0.00000000000000642011 
 118             -0.00010843457867720564              0.00018307361325754226             -0.00003258108170337117             -0.00003236056011997374             -0.00004390284878242733              0.00000000000000557309 
 128             -0.00012602846696601887              0.00019459761020404926             -0.00003467856695863943             -0.00003058830417132181             -0.00005192053641893194              0.00000000000000573400 
 138             -0.00014614576319426918              0.00020539439156843755             -0.00003675768886287159             -0.00002837165657542289             -0.00005771555362298746              0.00000000000000589490 
 148             -0.00016798212334457601              0.00021529407392621621             -0.00003882385711744870             -0.00002568034375892156             -0.00006132412128322586              0.00000000000000605581 
 158             -0.00019074040002686364              0.00022412135132260895             -0.00004088476657966674             -0.00002250915989481035             -0.00006275530955183648              0.00000000000000621672 
 168             -0.00021362262541537851              0.00023170245863280740             -0.00004294791515175230             -0.00001886559154328962             -0.00006200259588571841              0.00000000000000637762 
 178             -0.00023583029578384950              0.00023786420908059578             -0.00004502101895525338             -0.00001475009938836646             -0.00005906388648054498              0.00000000000000653853 
 188             -0.00025656068472128344              0.00024243615933476840             -0.00004711126732144380             -0.00001017105422951699             -0.00005391841408744962              0.00000000000000669944 
 198             -0.00027498676188025649              0.00024523458389390300             -0.00004921100503801550             -0.00000501628483832585             -0.00004641876574888308              0.00000000000000686034 
