 1              0.00000000000000000000              0.00000000000000000000              0.00000000000000000000              0.00000000000000000000              0.00000000000000000000              0.00000000000000000000 
 2              0.00000000000000000000              0.00000000000000000000              0.00000000000000000000              0.00000000000000000000              0.00000000000000000000              0.00000000000000000000 
 3              0.00000000000000000000              0.00000000000000000000              0.00000000000000000000              0.00000000000000000000              0.00000000000000000000              0.00000000000000000000 
 4              0.00000000000000000000              0.00000000000000000000              0.00000000000000000000              0.00000000000000000000              0.00000000000000000000              0.00000000000000000000 
 5              0.00005530699109513625             -0.00003830801165742414             -0.00002705137218915282              0.00000865004254743262              0.00001580156448185751              0.00000000000000001505 
 6              0.00005530699109513625             -0.00003830801165733237             -0.00002901880588320361              0.00000865004254739178              0.00001579373730907762              0.00000000000000001505 
 7              0.00005530699109522803             -0.00003830801165733237             -0.00002957694915882860              0.00000864597228835180              0.00001579373730902176              0.00000000000000001505 
 8              0.00005530699109522803             -0.00003830801165742414             -0.00002760787124305214              0.00000864597228839345              0.00001580156448180243              0.00000000000000001505 
 10              0.00013071925931736666             -0.00006540187232892038             -0.00004530506531705910              0.00000243821728070332              0.00001396372914465143              0.00000000000000001946 
 11              0.00013071925931736666             -0.00006540187232880177             -0.00004839904882751782              0.00000243821728068839              0.00001396229867187556              0.00000000000000001946 
 12              0.00013071925931748527             -0.00006540187232880177             -0.00004905012605865246              0.00000243730726817166              0.00001396229867185344              0.00000000000000001946 
 13              0.00013071925931748527             -0.00006540187232892038             -0.00004595390413666720              0.00000243730726818635              0.00001396372914462934              0.00000000000000001946 
 15              0.00018409908337523029             -0.00006561652945878624             -0.00005455204479224997             -0.00000052324548348520              0.00000784540375315580              0.00000000000000002070 
 16              0.00018409908337523029             -0.00006561652945866006             -0.00005804141612107411             -0.00000052324548348701              0.00000784413022885632              0.00000000000000002070 
 17              0.00018409908337535649             -0.00006561652945866006             -0.00005865851362508987             -0.00000052358444414337              0.00000784413022885334              0.00000000000000002070 
 18              0.00018409908337535649             -0.00006561652945878624             -0.00005516689438042975             -0.00000052358444414166              0.00000784540375315284              0.00000000000000002070 
 118              0.00006164038579580707             -0.00004154791549290594             -0.00002944316003649450              0.00000903271603539177              0.00001871511395901042              0.00000000000000001549 
 128              0.00006891353472305581             -0.00004488832281617082             -0.00003127801540231606              0.00000919553439420912              0.00002094020984109842              0.00000000000000001594 
 138              0.00007687463798063304             -0.00004824733573271190             -0.00003311248112163125              0.00000913445869845882              0.00002247689892801635              0.00000000000000001638 
 148              0.00008527190570639590             -0.00005154306849840867             -0.00003494660329443721              0.00000884951529383703              0.00002332518827037169              0.00000000000000001682 
 158              0.00009385357254662049             -0.00005469363201797946             -0.00003678046983364869              0.00000834065018040659              0.00002348531992843185              0.00000000000000001726 
 168              0.00010236802063869754             -0.00005761710560128358             -0.00003861444987292450              0.00000760775310267338              0.00002295754512317835              0.00000000000000001770 
 178              0.00011056355995288735             -0.00006023154969662039             -0.00004044873647267451              0.00000665088681147431              0.00002174149192003805              0.00000000000000001814 
 188              0.00011818843992012428             -0.00006245507063349602             -0.00004228338175906629              0.00000547016740862937              0.00001983714658273606              0.00000000000000001858 
 198              0.00012499091694434641             -0.00006420579824387397             -0.00004411842299628857              0.00000406562465479219              0.00001724454223811101              0.00000000000000001902 
