 1              0.00000000000000000000              0.00000000000000000000              0.00000000000000000000              0.00000000000000000000              0.00000000000000000000              0.00000000000000000000 
 2              0.00000000000000000000              0.00000000000000000000              0.00000000000000000000              0.00000000000000000000              0.00000000000000000000              0.00000000000000000000 
 3              0.00000000000000000000              0.00000000000000000000              0.00000000000000000000              0.00000000000000000000              0.00000000000000000000              0.00000000000000000000 
 4              0.00000000000000000000              0.00000000000000000000              0.00000000000000000000              0.00000000000000000000              0.00000000000000000000              0.00000000000000000000 
 5             -0.00026363771685136022             -0.00007867526106132450             -0.00003197154048724252              0.00002197083638802918             -0.00007695352494267873             -0.00000000000000102233 
 6             -0.00026363771685136022             -0.00007867526106755660             -0.00002084508785473817              0.00002197083637902649             -0.00007475968091212258             -0.00000000000000102233 
 7             -0.00026363771685759233             -0.00007867526106755660             -0.00002385508760754813              0.00002182564756416398             -0.00007475968091926738             -0.00000000000000102233 
 8             -0.00026363771685759233             -0.00007867526106132450             -0.00003489434911985772              0.00002182564757102366             -0.00007695352493978640             -0.00000000000000102233 
 10             -0.00066743596281244497             -0.00019575338823497347             -0.00005241056130725389              0.00001931644600955272             -0.00007612414895230546             -0.00000000000000577436 
 11             -0.00066743596281244497             -0.00019575338827017394             -0.00003389481516537526              0.00001931644600160902             -0.00007355292327269502             -0.00000000000000577436 
 12             -0.00066743596284764555             -0.00019575338827017394             -0.00003872895535039156              0.00001935825576880204             -0.00007355292327948131             -0.00000000000000577436 
 13             -0.00066743596284764555             -0.00019575338823497347             -0.00005672246490203789              0.00001935825577573007             -0.00007612414895147869             -0.00000000000000577436 
 15             -0.00098616523955763458             -0.00027051021700933369             -0.00006070225227954775              0.00000918841259876784             -0.00004305773144076924             -0.00000000000000563162 
 16             -0.00098616523955763458             -0.00027051021704366408             -0.00003906957012117645              0.00000918841259678785             -0.00004125110092638213             -0.00000000000000563162 
 17             -0.00098616523959196476             -0.00027051021704366408             -0.00004452876587920654              0.00000922455210435722             -0.00004125110092845936             -0.00000000000000563162 
 18             -0.00098616523959196476             -0.00027051021700933369             -0.00006558964555572710              0.00000922455210621053             -0.00004305773144227770             -0.00000000000000563162 
 118             -0.00029554168202038556             -0.00008789638238675639             -0.00003680323767289110              0.00002827238377224928             -0.00009653445781603749             -0.00000000000000149753 
 128             -0.00033345435048047251             -0.00009908236770277233             -0.00003899693976567770              0.00003258446301002759             -0.00010993861342425786             -0.00000000000000197273 
 138             -0.00037541140529137151             -0.00011152216972793628             -0.00004127200989375122              0.00003521794689025019             -0.00011885041552799044             -0.00000000000000244794 
 148             -0.00041995810675703649             -0.00012470567177078008             -0.00004354063195766113              0.00003668546013477324             -0.00012414237492653195             -0.00000000000000292314 
 158             -0.00046579166872128826             -0.00013822320468300290             -0.00004580399435021028              0.00003704295732881986             -0.00012588570234489755             -0.00000000000000339834 
 168             -0.00051161254993803374             -0.00015166694684028362             -0.00004806956167996732              0.00003628264645731956             -0.00012407379722261761             -0.00000000000000387355 
 178             -0.00055612071644399854             -0.00016462858887922769             -0.00005034511503176359              0.00003440467962059762             -0.00011870474142221173             -0.00000000000000434875 
 188             -0.00059800467055962504             -0.00017669059519926663             -0.00005262805197242082              0.00003131584892626356             -0.00010966527257245110             -0.00000000000000482395 
 198             -0.00063577585820485982             -0.00018731428010739835             -0.00005482147391793537              0.00002645276009491368             -0.00009602162235737505             -0.00000000000000529916 
