 1              0.00000000000000000000              0.00000000000000000000              0.00000000000000000000              0.00000000000000000000              0.00000000000000000000              0.00000000000000000000 
 2              0.00000000000000000000              0.00000000000000000000              0.00000000000000000000              0.00000000000000000000              0.00000000000000000000              0.00000000000000000000 
 3              0.00000000000000000000              0.00000000000000000000              0.00000000000000000000              0.00000000000000000000              0.00000000000000000000              0.00000000000000000000 
 4              0.00000000000000000000              0.00000000000000000000              0.00000000000000000000              0.00000000000000000000              0.00000000000000000000              0.00000000000000000000 
 5              0.00040528562137795763              0.00030417016061012186             -0.00002293045326911682             -0.00008439372878486075              0.00009596495514873538              0.00000000000001244674 
 6              0.00040528562137795763              0.00030417016068599726             -0.00003682211172106223             -0.00008439372882016213              0.00010146847351993065              0.00000000000001244674 
 7              0.00040528562145383302              0.00030417016068599726             -0.00002352983305819814             -0.00008008640095372415              0.00010146847347977954              0.00000000000001244674 
 8              0.00040528562145383302              0.00030417016061012186             -0.00000776032894425755             -0.00008008640089217146              0.00009596495507327127              0.00000000000001244674 
 10              0.00088861655084596482              0.00076522602688023505             -0.00003755729992622844             -0.00008688988284811421              0.00007985542221716219              0.00000000000001345505 
 11              0.00088861655084596482              0.00076522602696225712             -0.00005968274054464678             -0.00008688988287639724              0.00008295483279446383              0.00000000000001345505 
 12              0.00088861655092798688              0.00076522602696225712             -0.00003751353120064925             -0.00008303528082976661              0.00008295483276600793              0.00000000000001345505 
 13              0.00088861655092798688              0.00076522602688023505             -0.00001198332233913848             -0.00008303528078130097              0.00007985542216686088              0.00000000000001345505 
 15              0.00124530019787095158              0.00116464483934297625             -0.00004026240579488174             -0.00005187060524323165              0.00004379320814435619              0.00000000000001204491 
 16              0.00124530019787095158              0.00116464483941640189             -0.00006588444948509673             -0.00005187060525243432              0.00004500372008980070              0.00000000000001204491 
 17              0.00124530019794437722              0.00116464483941640189             -0.00003941885935315731             -0.00004970445710003714              0.00004500372008034517              0.00000000000001204491 
 18              0.00124530019794437722              0.00116464483934297625             -0.00001003294433989276             -0.00004970445708887684              0.00004379320813394375              0.00000000000001204491 
 118              0.00044491526117989281              0.00033851272954436748             -0.00000691701777572073             -0.00010681725481971118              0.00011984283857409574              0.00000000000001254757 
 128              0.00049193387944340510              0.00038120067908976245             -0.00000696788756369091             -0.00012571677166200282              0.00013637867508328649              0.00000000000001264840 
 138              0.00054374546233116206              0.00042944909015722060             -0.00000775113559480163             -0.00013722196710733411              0.00014607243065488772              0.00000000000001274923 
 148              0.00059806315066838784              0.00048080180182743989             -0.00000892543258384889             -0.00014284263634659606              0.00015022958796635910              0.00000000000001285006 
 158              0.00065321096110243905              0.00053350327221487635             -0.00001015064365937279             -0.00014479469210552825              0.00015078953259829221              0.00000000000001295089 
 168              0.00070797865001005506              0.00058632821341575111             -0.00001137616383513068             -0.00014351285710553766              0.00014814583648714290              0.00000000000001305173 
 178              0.00076109521137281524              0.00063800410113701777             -0.00001250496752507952             -0.00013827757788911535              0.00014150103114425060              0.00000000000001315256 
 188              0.00081064453414366323              0.00068668654952721815             -0.00001315375915628929             -0.00012705212383343559              0.00012855125255055441              0.00000000000001325339 
 198              0.00085408318634070226              0.00072998055552134873             -0.00001302406043116509             -0.00010879227939595193              0.00010809431135355615              0.00000000000001335422 
