 1              0.00000000000000000000              0.00000000000000000000              0.00000000000000000000              0.00000000000000000000              0.00000000000000000000              0.00000000000000000000 
 2              0.00000000000000000000              0.00000000000000000000              0.00000000000000000000              0.00000000000000000000              0.00000000000000000000              0.00000000000000000000 
 3              0.00000000000000000000              0.00000000000000000000              0.00000000000000000000              0.00000000000000000000              0.00000000000000000000              0.00000000000000000000 
 4              0.00000000000000000000              0.00000000000000000000              0.00000000000000000000              0.00000000000000000000              0.00000000000000000000              0.00000000000000000000 
 5              0.00010720839379135401              0.00064948244869280074             -0.00002717076381363426             -0.00017125135992958066              0.00004655528046898487             -0.00000000000003932465 
 6              0.00010720839379135401              0.00064948244845307779             -0.00003695615660328135             -0.00017125135996780017              0.00004802267376914562             -0.00000000000003932465 
 7              0.00010720839355163095              0.00064948244845307779             -0.00000909509090017286             -0.00015201454298362457              0.00004802267374986819             -0.00000000000003932465 
 8              0.00010720839355163095              0.00064948244869280074              0.00000370287591053757             -0.00015201454286991348              0.00004655528043248768             -0.00000000000003932465 
 10              0.00049023565212056772              0.00152986433676940352             -0.00003959595241902047             -0.00015114450660731841              0.00006752589420911073             -0.00000000000005331212 
 11              0.00049023565212056772              0.00152986433644441261             -0.00005671336578758504             -0.00015114450663748511              0.00007004475004310923             -0.00000000000005331212 
 12              0.00049023565179557704              0.00152986433644441261             -0.00001069314269277390             -0.00013991373679714082              0.00007004475001652123             -0.00000000000005331212 
 13              0.00049023565179557704              0.00152986433676940352              0.00001286753952098549             -0.00013991373671299535              0.00006752589416470401             -0.00000000000005331212 
 15              0.00080021002331755881              0.00218391522722345471             -0.00003895374219046161             -0.00008183056567307940              0.00003735114131417250             -0.00000000000005530143 
 16              0.00080021002331755881              0.00218391522688633722             -0.00005932216087444756             -0.00008183056568217407              0.00003772732412708913             -0.00000000000005530143 
 17              0.00080021002298044132              0.00218391522688633722             -0.00000480379274823865             -0.00007700643350393293              0.00003772732411974284             -0.00000000000005530143 
 18              0.00080021002298044132              0.00218391522722345471              0.00002240177860463687             -0.00007700643349392751              0.00003735114130617045             -0.00000000000005530143 
 118              0.00012981876844515212              0.00071508730158103336              0.00000721053240316544             -0.00020511653810067343              0.00007623588143176546             -0.00000000000004072340 
 128              0.00016199957146253378              0.00079745669663386354              0.00000922825392869748             -0.00024369233306416227              0.00009890432855175716             -0.00000000000004212214 
 138              0.00020117325714698393              0.00089132250944044507              0.00000981519661096670             -0.00026799069494405625              0.00011447776952595482             -0.00000000000004352089 
 148              0.00024473744981950551              0.00099164890010901481              0.00000920212199871441             -0.00027908196565203412              0.00012285851792666631             -0.00000000000004491964 
 158              0.00029031562049409586              0.00109433422658819913              0.00000815269715260652             -0.00028137786733890987              0.00012578759957980072             -0.00000000000004631838 
 168              0.00033637720479873760              0.00119677643829470682              0.00000709643555752604             -0.00027777078079820955              0.00012554058228330691             -0.00000000000004771713 
 178              0.00038156501859165225              0.00129627960056307302              0.00000650526758448965             -0.00026474744645934103              0.00012074400483403878             -0.00000000000004911588 
 188              0.00042386073507139874              0.00138846435610340811              0.00000716473191865485             -0.00023775559927195137              0.00010967899940532896             -0.00000000000005051463 
 198              0.00046090275609712286              0.00146810954807405250              0.00000926757033851290             -0.00019617205918195428              0.00009200236172678399             -0.00000000000005191337 
