 1              0.00000000000000000000              0.00000000000000000000              0.00000000000000000000              0.00000000000000000000              0.00000000000000000000              0.00000000000000000000 
 2              0.00000000000000000000              0.00000000000000000000              0.00000000000000000000              0.00000000000000000000              0.00000000000000000000              0.00000000000000000000 
 3              0.00000000000000000000              0.00000000000000000000              0.00000000000000000000              0.00000000000000000000              0.00000000000000000000              0.00000000000000000000 
 4              0.00000000000000000000              0.00000000000000000000              0.00000000000000000000              0.00000000000000000000              0.00000000000000000000              0.00000000000000000000 
 5              0.00003138425199106186             -0.00001405445044417951             -0.00002788467038345098              0.00000095619470199579              0.00000995753548657629              0.00000000000000001836 
 6              0.00003138425199106186             -0.00001405445044406756             -0.00002941927865369193              0.00000095619470195856              0.00000994941675946838              0.00000000000000001836 
 7              0.00003138425199117381             -0.00001405445044406756             -0.00002874545102824408              0.00000095221057512466              0.00000994941675941431              0.00000000000000001836 
 8              0.00003138425199117381             -0.00001405445044417951             -0.00002720932076156434              0.00000095221057516382              0.00000995753548651973              0.00000000000000001836 
 10              0.00008569939972638394              0.00000128306187306255             -0.00004661048795014975             -0.00000691987283143033              0.00001162544500654546              0.00000000000000002273 
 11              0.00008569939972638394              0.00000128306187320108             -0.00004915251658104406             -0.00000691987283146323              0.00001162444183756105              0.00000000000000002273 
 12              0.00008569939972652248              0.00000128306187320108             -0.00004774695196789245             -0.00000692043534289113              0.00001162444183752247              0.00000000000000002273 
 13              0.00008569939972652248              0.00000128306187306255             -0.00004520287660986061             -0.00000692043534285823              0.00001162544500650633              0.00000000000000002273 
 15              0.00013629645461923987              0.00004301157180237799             -0.00005602192144260001             -0.00000706486794054912              0.00000780629641455402              0.00000000000000002123 
 16              0.00013629645461923987              0.00004301157180250739             -0.00005896323224883687             -0.00000706486794059038              0.00000781109555147672              0.00000000000000002123 
 17              0.00013629645461936927              0.00004301157180250739             -0.00005718860786149808             -0.00000705971331967120              0.00000781109555143780              0.00000000000000002123 
 18              0.00013629645461936927              0.00004301157180237799             -0.00005424523931712550             -0.00000705971331962996              0.00000780629641451512              0.00000000000000002123 
 118              0.00003547249579249452             -0.00001413493728065013             -0.00002900934635878621             -0.00000048793125617371              0.00001231605626954890              0.00000000000000001880 
 128              0.00004033429789092584             -0.00001371520091981165             -0.00003080893934020631             -0.00000178304228887333              0.00001418741109710222              0.00000000000000001924 
 138              0.00004579148174027659             -0.00001284829184909931             -0.00003260814400231600             -0.00000293309544233141              0.00001557164861661066              0.00000000000000001967 
 148              0.00005166588327457486             -0.00001158727208624345             -0.00003440700684497183             -0.00000393805951990586              0.00001646878767701289              0.00000000000000002011 
 158              0.00005777935641586931             -0.00000998521373541704             -0.00003620560779511280             -0.00000479791716999498              0.00001687900072343942              0.00000000000000002054 
 168              0.00006395385689334698             -0.00000809519093723671             -0.00003800434007132661             -0.00000551267451299140              0.00001680239090159038              0.00000000000000002098 
 178              0.00007001125478187095             -0.00000597027060056033             -0.00003980339160451734             -0.00000608234565436301              0.00001623868504965613              0.00000000000000002142 
 188              0.00007577339925388486             -0.00000366352729444147             -0.00004160280534986153             -0.00000650688982035938              0.00001518793386720814              0.00000000000000002185 
 198              0.00008106215559360116             -0.00000122804932751396             -0.00004340261902944027             -0.00000678627018299979              0.00001365017034484342              0.00000000000000002229 
