 1              0.00000000000000000000              0.00000000000000000000              0.00000000000000000000              0.00000000000000000000              0.00000000000000000000              0.00000000000000000000 
 2              0.00000000000000000000              0.00000000000000000000              0.00000000000000000000              0.00000000000000000000              0.00000000000000000000              0.00000000000000000000 
 3              0.00000000000000000000              0.00000000000000000000              0.00000000000000000000              0.00000000000000000000              0.00000000000000000000              0.00000000000000000000 
 4              0.00000000000000000000              0.00000000000000000000              0.00000000000000000000              0.00000000000000000000              0.00000000000000000000              0.00000000000000000000 
 5              0.00002539298553865265              0.00001543050413631228             -0.00002802902675192245             -0.00000150272510638137              0.00000540238753265265              0.00000000000000001761 
 6              0.00002539298553865265              0.00001543050413641965             -0.00002820364382246230             -0.00000150272510640329              0.00000539322465763948              0.00000000000000001761 
 7              0.00002539298553876003              0.00001543050413641965             -0.00002861086896139001             -0.00000150738987574370              0.00000539322465760511              0.00000000000000001761 
 8              0.00002539298553876003              0.00001543050413631228             -0.00002843540291541653             -0.00000150738987572650              0.00000540238753262459              0.00000000000000001761 
 10              0.00003895342882680568              0.00000530299800925971             -0.00004670735070142441              0.00000474067070309280             -0.00000007470829965096              0.00000000000000002147 
 11              0.00003895342882680568              0.00000530299800939057             -0.00004676452196567453              0.00000474067070308610             -0.00000007623147820464              0.00000000000000002147 
 12              0.00003895342882693654              0.00000530299800939057             -0.00004766412960173369              0.00000473980638485475             -0.00000007623147821845              0.00000000000000002147 
 13              0.00003895342882693654              0.00000530299800925971             -0.00004760590889150203              0.00000473980638485960             -0.00000007470829966302              0.00000000000000002147 
 15              0.00002886297150899130             -0.00002239349977463913             -0.00005607142287563190              0.00000465269920087661             -0.00000208373980275395              0.00000000000000002103 
 16              0.00002886297150899130             -0.00002239349977451091             -0.00005601577023937132              0.00000465269920087580             -0.00000208507579742410              0.00000000000000002103 
 17              0.00002886297150911952             -0.00002239349977451091             -0.00005715807138690608              0.00000465192488548708             -0.00000208507579742504              0.00000000000000002103 
 18              0.00002886297150911952             -0.00002239349977463913             -0.00005721266568505994              0.00000465192488548789             -0.00000208373980275490              0.00000000000000002103 
 118              0.00002737574519288124              0.00001574957465603750             -0.00003035310675835494             -0.00000026034685667828              0.00000541854864855146              0.00000000000000001800 
 128              0.00002934145814124325              0.00001563780562474834             -0.00003227034384486654              0.00000084847256177407              0.00000530918630236086              0.00000000000000001838 
 138              0.00003124422664982890              0.00001514575032053964             -0.00003418716320758096              0.00000181908255298570              0.00000507437469596016              0.00000000000000001877 
 148              0.00003303817410904344              0.00001432396796683115             -0.00003610361590006919              0.00000265141558310088              0.00000471414167011949              0.00000000000000001915 
 158              0.00003467744595262772              0.00001322305217731497             -0.00003801982000184267              0.00000334545589115825              0.00000422876933135235              0.00000000000000001954 
 168              0.00003611641544837653              0.00001189359526085849             -0.00003993615333120721              0.00000390099664919002              0.00000361873604902857              0.00000000000000001993 
 178              0.00003730934332982969              0.00001038627232490245             -0.00004185286709401116              0.00000431809135517334              0.00000288338107146610              0.00000000000000002031 
 188              0.00003821038444149439              0.00000875168545410118             -0.00004377003143780156              0.00000459689400401358              0.00000202268101890089              0.00000000000000002070 
 198              0.00003877369364222062              0.00000704040753462571             -0.00004568769443212771              0.00000473744774045557              0.00000103664096132314              0.00000000000000002108 
