 1              0.00000000000000000000              0.00000000000000000000              0.00000000000000000000              0.00000000000000000000              0.00000000000000000000              0.00000000000000000000 
 2              0.00000000000000000000              0.00000000000000000000              0.00000000000000000000              0.00000000000000000000              0.00000000000000000000              0.00000000000000000000 
 3              0.00000000000000000000              0.00000000000000000000              0.00000000000000000000              0.00000000000000000000              0.00000000000000000000              0.00000000000000000000 
 4              0.00000000000000000000              0.00000000000000000000              0.00000000000000000000              0.00000000000000000000              0.00000000000000000000              0.00000000000000000000 
 5              0.00001168569741264328             -0.00004875835603971773             -0.00002683012144182526              0.00001240273815393114              0.00000629399219460714              0.00000000000000001761 
 6              0.00001168569741264328             -0.00004875835603961039             -0.00002851730823428831              0.00001240273815390923              0.00000628457312471006              0.00000000000000001761 
 7              0.00001168569741275061             -0.00004875835603961039             -0.00002980977616895443              0.00001239801033382861              0.00000628457312467570              0.00000000000000001761 
 8              0.00001168569741275061             -0.00004875835603971773             -0.00002812173660612332              0.00001239801033384580              0.00000629399219457908              0.00000000000000001761 
 10              0.00006221198857553982             -0.00009940141515668296             -0.00004470110335113945              0.00000826125826392045              0.00001418561238925609              0.00000000000000002146 
 11              0.00006221198857553982             -0.00009940141515655215             -0.00004774843480965068              0.00000826125826396262              0.00001418527986511627              0.00000000000000002146 
 12              0.00006221198857567063             -0.00009940141515655215             -0.00004967038078080016              0.00000826068700009041              0.00001418527986512119              0.00000000000000002146 
 13              0.00006221198857567063             -0.00009940141515668296             -0.00004662199219706327              0.00000826068700004783              0.00001418561238926753              0.00000000000000002146 
 15              0.00013554933543020699             -0.00012787114933788279             -0.00005371635979971296              0.00000397901255746243              0.00001192234730543459              0.00000000000000006380 
 16              0.00013554933543020699             -0.00012787114933749389             -0.00005738308156238983              0.00000397901255756718              0.00001194214950303992              0.00000000000000006380 
 17              0.00013554933543059590             -0.00012787114933749389             -0.00005950345920093422              0.00000398344054371971              0.00001194214950307930              0.00000000000000006380 
 18              0.00013554933543059590             -0.00012787114933788279             -0.00005583590331767851              0.00000398344054361809              0.00001192234730548429              0.00000000000000006380 
 118              0.00001449822566126655             -0.00005357751098459451             -0.00002997241541271528              0.00001388313249397330              0.00000901356137261395              0.00000000000000001799 
 128              0.00001822696969578023             -0.00005886270708335727             -0.00003182262746288044              0.00001494635747646223              0.00001130393232344125              0.00000000000000001838 
 138              0.00002271495970019515             -0.00006445963461037201             -0.00003367242178924841              0.00001558769945466775              0.00001316517924896837              0.00000000000000001876 
 148              0.00002780524698283721             -0.00007021397789467985             -0.00003552184944539020              0.00001580709089473412              0.00001459732998996543              0.00000000000000001915 
 158              0.00003334090484846708             -0.00007597138686437880             -0.00003737102848913612              0.00001560451599744445              0.00001560066648789589              0.00000000000000001953 
 168              0.00003916523451623315             -0.00008157751277041154             -0.00003922033678215421              0.00001497976801134202              0.00001617566744222968              0.00000000000000001992 
 178              0.00004512142465106373             -0.00008687792406111971             -0.00004107002550861172              0.00001393290039614844              0.00001632167193623470              0.00000000000000002030 
 188              0.00005105255801538674             -0.00009171826220430991             -0.00004292016481605567              0.00001246406714676909              0.00001603865659014689              0.00000000000000002069 
 198              0.00005680171738597275             -0.00009594419786627191             -0.00004477080277403539              0.00001057331140794880              0.00001532662647395645              0.00000000000000002107 
