 1              0.00000000000000000000              0.00000000000000000000              0.00000000000000000000              0.00000000000000000000              0.00000000000000000000              0.00000000000000000000 
 2              0.00000000000000000000              0.00000000000000000000              0.00000000000000000000              0.00000000000000000000              0.00000000000000000000              0.00000000000000000000 
 3              0.00000000000000000000              0.00000000000000000000              0.00000000000000000000              0.00000000000000000000              0.00000000000000000000              0.00000000000000000000 
 4              0.00000000000000000000              0.00000000000000000000              0.00000000000000000000              0.00000000000000000000              0.00000000000000000000              0.00000000000000000000 
 5              0.00001986598270050927             -0.00003366079471122316             -0.00002669278695322439              0.00001285166465400404              0.00000633570606949330              0.00000000000000001817 
 6              0.00001986598270050927             -0.00003366079471111238             -0.00002772482065393690              0.00001285166465398363              0.00000632643384494966              0.00000000000000001817 
 7              0.00001986598270062006             -0.00003366079471111238             -0.00002994717994333857              0.00001284666445687669              0.00000632643384491563              0.00000000000000001817 
 8              0.00001986598270062006             -0.00003366079471122316             -0.00002891423725242929              0.00001284666445689445              0.00000633570606946457              0.00000000000000001817 
 10              0.00005507002026206903             -0.00011392064113591865             -0.00004443852097571877              0.00001779776917025302              0.00000787094747180204              0.00000000000000002179 
 11              0.00005507002026206903             -0.00011392064113578584             -0.00004616747792118071              0.00001779776917028891              0.00000787005073767167              0.00000000000000002179 
 12              0.00005507002026220184             -0.00011392064113578584             -0.00004993312488087461              0.00001779855755105487              0.00000787005073772944              0.00000000000000002179 
 13              0.00005507002026220184             -0.00011392064113591865             -0.00004820306189900166              0.00001779855755102394              0.00000787094747186424              0.00000000000000002179 
 15              0.00009080728756000237             -0.00019145226742679178             -0.00005340698471205430              0.00001190924767636491              0.00000555712218259192             -0.00000000000000003155 
 16              0.00009080728756000237             -0.00019145226742698412             -0.00005542267274453162              0.00001190924767645623              0.00000556679779181704             -0.00000000000000003155 
 17              0.00009080728755981000             -0.00019145226742698412             -0.00005980212019107472              0.00001193817127564975              0.00000556679779197053             -0.00000000000000003155 
 18              0.00009080728755981000             -0.00019145226742679178             -0.00005778565385801125              0.00001193817127557259              0.00000555712218275139             -0.00000000000000003155 
 118              0.00002246971228382078             -0.00003912817332948071             -0.00003084378325748370              0.00001691692707819249              0.00000785117831722626              0.00000000000000001853 
 128              0.00002557235106738758             -0.00004593901232341342             -0.00003277285973975573              0.00002019279482666596              0.00000906378517543335              0.00000000000000001890 
 138              0.00002906313589321786             -0.00005380275515317436             -0.00003470151482352893              0.00002267427582765165              0.00000997359742740466              0.00000000000000001926 
 148              0.00003283132459334584             -0.00006242884040990316             -0.00003662980035343006              0.00002436130792651021              0.00001058064393172908              0.00000000000000001962 
 158              0.00003676619505625043             -0.00007152666815563352             -0.00003855783317879725              0.00002525383693059903              0.00001088518844193506              0.00000000000000001998 
 168              0.00004075724569840775             -0.00008080564318621276             -0.00004048599662730088              0.00002535176446240603              0.00001088770693920550              0.00000000000000002034 
 178              0.00004469386626892412             -0.00008997511824961165             -0.00004241454250420987              0.00002465511662206425              0.00001058754542442317              0.00000000000000002070 
 188              0.00004846534279086367             -0.00009874449064676371             -0.00004434353422939858              0.00002316398567706592              0.00000998469113823497              0.00000000000000002106 
 198              0.00005196096397071283             -0.00010682318277112671             -0.00004627302248055725              0.00002087844238519658              0.00000907914929336938              0.00000000000000002143 
