 1              0.00000000000000000000              0.00000000000000000000              0.00000000000000000000              0.00000000000000000000              0.00000000000000000000              0.00000000000000000000 
 2              0.00000000000000000000              0.00000000000000000000              0.00000000000000000000              0.00000000000000000000              0.00000000000000000000              0.00000000000000000000 
 3              0.00000000000000000000              0.00000000000000000000              0.00000000000000000000              0.00000000000000000000              0.00000000000000000000              0.00000000000000000000 
 4              0.00000000000000000000              0.00000000000000000000              0.00000000000000000000              0.00000000000000000000              0.00000000000000000000              0.00000000000000000000 
 5              0.00003092739034819752             -0.00002299680677175199             -0.00002715203272256735              0.00000757470189594472              0.00000911724114902158             -0.00000000000000000203 
 6              0.00003092739034819752             -0.00002299680677176435             -0.00002828835791653751              0.00000757470189593268              0.00000911569983989543             -0.00000000000000000203 
 7              0.00003092739034818516             -0.00002299680677176435             -0.00002944807054986703              0.00000757189240997332              0.00000911569983988368             -0.00000000000000000203 
 8              0.00003092739034818516             -0.00002299680677175199             -0.00002831113720533814              0.00000757189240998190              0.00000911724114901434             -0.00000000000000000203 
 10              0.00007557735673320850             -0.00006523724149901279             -0.00004530476331466777              0.00000888301028380034              0.00000818632991015492             -0.00000000000000000180 
 11              0.00007557735673320850             -0.00006523724149902377             -0.00004709246652010418              0.00000888301028379454              0.00000818572399591426             -0.00000000000000000180 
 12              0.00007557735673319752             -0.00006523724149902377             -0.00004901076937754073              0.00000888212368350920              0.00000818572399590775             -0.00000000000000000180 
 13              0.00007557735673319752             -0.00006523724149901279             -0.00004722224036478514              0.00000888212368351405              0.00000818632991015049             -0.00000000000000000180 
 15              0.00010604568128391209             -0.00010284699099724329             -0.00005447219560453523              0.00000575026324898207              0.00000442553060269755             -0.00000000000000000151 
 16              0.00010604568128391209             -0.00010284699099725248             -0.00005648248986712789              0.00000575026324898081              0.00000442519735041387             -0.00000000000000000151 
 17              0.00010604568128390290             -0.00010284699099725248             -0.00005869365531034449              0.00000574992270417916              0.00000442519735041241             -0.00000000000000000151 
 18              0.00010604568128390290             -0.00010284699099724329             -0.00005668251486242826              0.00000574992270418024              0.00000442553060269616             -0.00000000000000000151 
 118              0.00003460924778901770             -0.00002613043235298379             -0.00003020261012605007              0.00000949655995862955              0.00001094427850942219             -0.00000000000000000200 
 128              0.00003888132032527170             -0.00002989514098647041             -0.00003209387129177872              0.00001102269283192568              0.00001234457200314675             -0.00000000000000000198 
 138              0.00004358751867936033             -0.00003414516127422821             -0.00003398493549528048              0.00001215027665749959              0.00001331811161150168             -0.00000000000000000196 
 148              0.00004857176026100175             -0.00003873471943851317             -0.00003587582268602092              0.00001287930220384483              0.00001386493430550968             -0.00000000000000000194 
 158              0.00005367797295266731             -0.00004351801810351855             -0.00003776658125444625              0.00001320960137037205              0.00001398507510276258             -0.00000000000000000191 
 168              0.00005875012608105469             -0.00004834920002786734             -0.00003965739367658865              0.00001314121185606927              0.00001367870949204479             -0.00000000000000000189 
 178              0.00006363221152371046             -0.00005308249085357818             -0.00004154833508391571              0.00001267431283013855              0.00001294574951405910             -0.00000000000000000187 
 188              0.00006816817734747564             -0.00005757212097715512             -0.00004343944046151129              0.00001180884790700010              0.00001178608010393026             -0.00000000000000000185 
 198              0.00007220192841297356             -0.00006167230113547238             -0.00004533073745757680              0.00001054477789282272              0.00001019960459096884             -0.00000000000000000182 
