 1              0.00000000000000000000              0.00000000000000000000              0.00000000000000000000              0.00000000000000000000              0.00000000000000000000              0.00000000000000000000 
 2              0.00000000000000000000              0.00000000000000000000              0.00000000000000000000              0.00000000000000000000              0.00000000000000000000              0.00000000000000000000 
 3              0.00000000000000000000              0.00000000000000000000              0.00000000000000000000              0.00000000000000000000              0.00000000000000000000              0.00000000000000000000 
 4              0.00000000000000000000              0.00000000000000000000              0.00000000000000000000              0.00000000000000000000              0.00000000000000000000              0.00000000000000000000 
 5             -0.00001108518982702740              0.00002113612153762165             -0.00003023017337854491             -0.00000995940755662698             -0.00000712967014015453              0.00000000000000001672 
 6             -0.00001108518982702740              0.00002113612153772358             -0.00002843973239561491             -0.00000995940755664797             -0.00000714344001244713              0.00000000000000001672 
 7             -0.00001108518982692547              0.00002113612153772358             -0.00002640968388184406             -0.00000996845609029585             -0.00000714344001247950              0.00000000000000001672 
 8             -0.00001108518982692547              0.00002113612153762165             -0.00002819912780133509             -0.00000996845609027891             -0.00000712967014018283              0.00000000000000001672 
 10             -0.00006976612413170974              0.00009208582122197275             -0.00005055843709027675             -0.00001695607237566188             -0.00001539121099520343              0.00000000000000002094 
 11             -0.00006976612413170974              0.00009208582122210038             -0.00004734945074642322             -0.00001695607237528706             -0.00001537225278499902              0.00000000000000002094 
 12             -0.00006976612413158210              0.00009208582122210038             -0.00004381270444068782             -0.00001693658417830477             -0.00001537225278453751              0.00000000000000002094 
 13             -0.00006976612413158210              0.00009208582122197275             -0.00004702034831504532             -0.00001693658417875941             -0.00001539121099483297              0.00000000000000002094 
 15             -0.00014534660541239597              0.00017026373466707531             -0.00006053934339794275             -0.00001207609324083597             -0.00001190570461126504              0.00000000000000001378 
 16             -0.00014534660541239597              0.00017026373466715928             -0.00005669977511908976             -0.00001207609324030117             -0.00001181965654059209              0.00000000000000001378 
 17             -0.00014534660541231200              0.00017026373466715928             -0.00005252037837673862             -0.00001198829903933878             -0.00001181965653993045              0.00000000000000001378 
 18             -0.00014534660541231200              0.00017026373466707531             -0.00005636416016773333             -0.00001198829903998958             -0.00001190570461073037              0.00000000000000001378 
 118             -0.00001433380836695339              0.00002551852449390453             -0.00003008188853316787             -0.00001387588884578865             -0.00001053838414420996              0.00000000000000001714 
 128             -0.00001872428586439548              0.00003119961656188528             -0.00003196418528032454             -0.00001706977369197551             -0.00001337341920005702              0.00000000000000001756 
 138             -0.00002404678096069183              0.00003791840635353960             -0.00003384606605442414             -0.00001955008721991743             -0.00001563471130880526              0.00000000000000001799 
 148             -0.00003009143843014974              0.00004541390314041764             -0.00003572757988432443             -0.00002131688494067581             -0.00001732226104240153              0.00000000000000001841 
 158             -0.00003664838444290600              0.00005342516051193941             -0.00003760885448560797             -0.00002237028624412515             -0.00001843571916675827              0.00000000000000001883 
 168             -0.00004350745872605433              0.00006169126708141348             -0.00003949026554556259             -0.00002271047261180046             -0.00001897451411588741              0.00000000000000001925 
 178             -0.00005045866004571853              0.00006995135064778835             -0.00004137206086541282             -0.00002233730214656508             -0.00001893947652258228              0.00000000000000001967 
 188             -0.00005729210055229429              0.00007794445990489228             -0.00004325430705537271             -0.00002125062893024558             -0.00001833058834688874              0.00000000000000002010 
 198             -0.00006379788727861637              0.00008540961472343152             -0.00004513705194581889             -0.00001945040752195914             -0.00001714784345212983              0.00000000000000002052 
