 1              0.00000000000000000000              0.00000000000000000000              0.00000000000000000000              0.00000000000000000000              0.00000000000000000000              0.00000000000000000000 
 2              0.00000000000000000000              0.00000000000000000000              0.00000000000000000000              0.00000000000000000000              0.00000000000000000000              0.00000000000000000000 
 3              0.00000000000000000000              0.00000000000000000000              0.00000000000000000000              0.00000000000000000000              0.00000000000000000000              0.00000000000000000000 
 4              0.00000000000000000000              0.00000000000000000000              0.00000000000000000000              0.00000000000000000000              0.00000000000000000000              0.00000000000000000000 
 5              0.00098589986725976285              0.00066280872175115263              0.00000967928611851521             -0.00015552317127593429              0.00020264894403883106              0.00000000000002637311 
 6              0.00098589986725976285              0.00066280872191192312             -0.00002935848592331843             -0.00015552317135707542              0.00022862200601896722              0.00000000000002637311 
 7              0.00098589986742053312              0.00066280872191192312             -0.00000310814527854098             -0.00014517228080338754              0.00022862200591590578              0.00000000000002637311 
 8              0.00098589986742053312              0.00066280872175115263              0.00004469683584177179             -0.00014517228067239019              0.00020264894384712753              0.00000000000002637311 
 10              0.00208866381594814557              0.00145619565080887920              0.00001576136932530469             -0.00012259297502286896              0.00015472507451945867              0.00000000000004308580 
 11              0.00208866381594814557              0.00145619565107153021             -0.00004532242166006330             -0.00012259297507306375              0.00016742150920800929              0.00000000000004308580 
 12              0.00208866381621079658              0.00145619565107153021             -0.00000481431064381122             -0.00011671278365864118              0.00016742150915261217              0.00000000000004308580 
 13              0.00208866381621079658              0.00145619565080887920              0.00006881259362589829             -0.00011671278357180620              0.00015472507440114053              0.00000000000004308580 
 15              0.00273794292748137614              0.00195150096108015285              0.00002068610827604431             -0.00006006960123654067              0.00007619079923071378              0.00000000000004430728 
 16              0.00273794292748137614              0.00195150096135025017             -0.00004802993148994037             -0.00006006960124532075              0.00007873653793275780              0.00000000000004430728 
 17              0.00273794292775147345              0.00195150096135025017             -0.00000217976144627432             -0.00005888721114545720              0.00007873653792254307              0.00000000000004430728 
 18              0.00273794292775147345              0.00195150096108015285              0.00007943562573351154             -0.00005888721113656808              0.00007619079921949281              0.00000000000004430728 
 118              0.00107205029748026152              0.00072440891427667711              0.00005023293827099843             -0.00019027956317350052              0.00026649922946661689              0.00000000000002804438 
 128              0.00117841067251326335              0.00080033777040092852              0.00005379373645599859             -0.00022353133958184090              0.00031317792044901138              0.00000000000002971565 
 138              0.00129869926907042214              0.00088628476144943886              0.00005541623151767664             -0.00024504795955294153              0.00034269233853892657              0.00000000000003138691 
 148              0.00142672755212459455              0.00097797497329728039              0.00005526481749163262             -0.00025494562909938898              0.00035551247979675321              0.00000000000003305818 
 158              0.00155723408641872938              0.00107162453013613700              0.00005440468996976597             -0.00025623182337549267              0.00035689744590893576              0.00000000000003472945 
 168              0.00168678952758684699              0.00116465171657818183              0.00005375265278554789             -0.00025111839116492157              0.00034974941417195037              0.00000000000003640072 
 178              0.00181085149144013581              0.00125381687057953928              0.00005461283655900943             -0.00023505908497287433              0.00032676676286648237              0.00000000000003807199 
 188              0.00192337582418243471              0.00133498408857047734              0.00005737626909556007             -0.00020737547845887580              0.00028664314835242838              0.00000000000003974326 
 198              0.00201808110664895325              0.00140387877260589366              0.00006209942608950182             -0.00016795398097445288              0.00022930079706176516              0.00000000000004141453 
