 1              0.00000000000000000000              0.00000000000000000000              0.00000000000000000000              0.00000000000000000000              0.00000000000000000000              0.00000000000000000000 
 2              0.00000000000000000000              0.00000000000000000000              0.00000000000000000000              0.00000000000000000000              0.00000000000000000000              0.00000000000000000000 
 3              0.00000000000000000000              0.00000000000000000000              0.00000000000000000000              0.00000000000000000000              0.00000000000000000000              0.00000000000000000000 
 4              0.00000000000000000000              0.00000000000000000000              0.00000000000000000000              0.00000000000000000000              0.00000000000000000000              0.00000000000000000000 
 5              0.00007951565767811780             -0.00060560394182617653             -0.00000830327783087758              0.00015879098366209269              0.00000489848058637440             -0.00000000000002678344 
 6              0.00007951565767811780             -0.00060560394198944827             -0.00000579062540794452              0.00015879098364474683              0.00000441739512449643             -0.00000000000002678344 
 7              0.00007951565751484598             -0.00060560394198944827             -0.00003191352596534297              0.00017056586561767557              0.00000441739513714740             -0.00000000000002678344 
 8              0.00007951565751484598             -0.00060560394182617653             -0.00003401558465842677              0.00017056586559375568              0.00000489848060072003             -0.00000000000002678344 
 10             -0.00000298737381931241             -0.00155606743764180903             -0.00000511562033665468              0.00013638269479903685             -0.00002107729178952331             -0.00000000000001390613 
 11             -0.00000298737381931241             -0.00155606743772658063              0.00000096852314903695              0.00013638269478352238             -0.00002108253662114337             -0.00000000000001390613 
 12             -0.00000298737390408417             -0.00155606743772658063             -0.00004320018899087368              0.00014212477602077413             -0.00002108253662446646             -0.00000000000001390613 
 13             -0.00000298737390408417             -0.00155606743764180903             -0.00004637604417778328              0.00014212477598579711             -0.00002107729179210960             -0.00000000000001390613 
 15             -0.00011136677169285491             -0.00206082306115203985             -0.00000721024042023005              0.00005868185369573847             -0.00001413246753913986             -0.00000000000001112483 
 16             -0.00011136677169285491             -0.00206082306121985713              0.00000000284515441169              0.00005868185369286383             -0.00001397032280317255             -0.00000000000001112483 
 17             -0.00011136677176067187             -0.00206082306121985713             -0.00004928086760174905              0.00006180725940906511             -0.00001397032280589233             -0.00000000000001112483 
 18             -0.00011136677176067187             -0.00206082306115203985             -0.00005350012840921617              0.00006180725941118303             -0.00001413246754178414             -0.00000000000001112483 
 118              0.00007908392033396538             -0.00067902733498108867             -0.00003321016425206434              0.00022875651981336500             -0.00000694278186622117             -0.00000000000002549571 
 128              0.00007482569779431167             -0.00077025482188262115             -0.00003400857296545862              0.00026793404954780802             -0.00001601717432878595             -0.00000000000002420797 
 138              0.00006776130288335901             -0.00087267328680829470             -0.00003602711743671876              0.00029003972744784650             -0.00002225445639910353             -0.00000000000002292024 
 148              0.00005887628829691278             -0.00098092102770044485             -0.00003849193384201750              0.00030041623252878168             -0.00002605195796140421             -0.00000000000002163251 
 158              0.00004884761428262662             -0.00109146226908170317             -0.00004097666376384105              0.00030272353617594644             -0.00002860426813824098             -0.00000000000002034478 
 168              0.00003808399085940542             -0.00120141312680604865             -0.00004346358642787155              0.00029718862017672794             -0.00003007167419735457             -0.00000000000001905705 
 178              0.00002697886509093640             -0.00130784045528802516             -0.00004588045088256596              0.00028305651856052699             -0.00003046234261700074             -0.00000000000001776932 
 188              0.00001598286310465910             -0.00140658006572252242             -0.00004754787935696124              0.00025472100564213001             -0.00002938055678422735             -0.00000000000001648159 
 198              0.00000573933444386856             -0.00149161866682485781             -0.00004779674076846216              0.00020811710752842953             -0.00002631727594560032             -0.00000000000001519386 
