 1              0.00000000000000000000              0.00000000000000000000              0.00000000000000000000              0.00000000000000000000              0.00000000000000000000              0.00000000000000000000 
 2              0.00000000000000000000              0.00000000000000000000              0.00000000000000000000              0.00000000000000000000              0.00000000000000000000              0.00000000000000000000 
 3              0.00000000000000000000              0.00000000000000000000              0.00000000000000000000              0.00000000000000000000              0.00000000000000000000              0.00000000000000000000 
 4              0.00000000000000000000              0.00000000000000000000              0.00000000000000000000              0.00000000000000000000              0.00000000000000000000              0.00000000000000000000 
 5             -0.00026637975075903585             -0.00048142115903921897             -0.00001687107054711739              0.00011765124565621794             -0.00006389175261687917              0.00000000000000220621 
 6             -0.00026637975075903585             -0.00048142115902576987             -0.00000673938427178476              0.00011765124561169601             -0.00006234207008165170              0.00000000000000220621 
 7             -0.00026637975074558676             -0.00048142115902576987             -0.00002641913507065927              0.00012564977169838404             -0.00006234207012446913              0.00000000000000220621 
 8             -0.00026637975074558676             -0.00048142115903921897             -0.00003489720381854765              0.00012564977171307431             -0.00006389175264936497              0.00000000000000220621 
 10             -0.00057127307851235749             -0.00110036160653751206             -0.00002722016376007554              0.00010085523157688597             -0.00004897059636567410              0.00000000000000657421 
 11             -0.00057127307851235749             -0.00110036160649743561             -0.00001205561557198353              0.00010085523155441235             -0.00004874192978470001              0.00000000000000657421 
 12             -0.00057127307847228105             -0.00110036160649743561             -0.00004293660313047887              0.00010421813223861398             -0.00004874192980431802              0.00000000000000657421 
 13             -0.00057127307847228105             -0.00110036160653751206             -0.00005556285735389640              0.00010421813223857092             -0.00004897059637873369              0.00000000000000657421 
 15             -0.00077338260709608508             -0.00152363581442651773             -0.00003030963114329932              0.00005172907070470122             -0.00002537178056209745              0.00000000000000626915 
 16             -0.00077338260709608508             -0.00152363581438830090             -0.00001321341502089410              0.00005172907069814075             -0.00002484110384536565              0.00000000000000626915 
 17             -0.00077338260705786825             -0.00152363581438830090             -0.00004864914371056698              0.00005483686595581400             -0.00002484110385082649              0.00000000000000626915 
 18             -0.00077338260705786825             -0.00152363581442651773             -0.00006304170527718409              0.00005483686596101699             -0.00002537178056738734              0.00000000000000626915 
 118             -0.00029242135919357566             -0.00053297186215852635             -0.00003630254329461097              0.00015488712462652322             -0.00007785791435701900              0.00000000000000264301 
 128             -0.00032269923632438754             -0.00059335346087604948             -0.00003840776961109829              0.00017400360061640833             -0.00008706207757647756              0.00000000000000307981 
 138             -0.00035559722574347424             -0.00065928559615414603             -0.00004083527229233425              0.00018549718160823940             -0.00009228728031631936              0.00000000000000351661 
 148             -0.00038988415788470494             -0.00072839823647088758             -0.00004330864784677624              0.00019158795924066651             -0.00009480127811827230              0.00000000000000395341 
 158             -0.00042465761623740762             -0.00079883072485115658             -0.00004578071158723714              0.00019271382062384864             -0.00009494750711122901              0.00000000000000439021 
 168             -0.00045905152286775835             -0.00086876703068864759             -0.00004825322217095792              0.00018887551494529785             -0.00009272623610543862              0.00000000000000482701 
 178             -0.00049219251732854547             -0.00093638338821845125             -0.00005071467919252967              0.00017995459801758653             -0.00008803334180944799              0.00000000000000526381 
 188             -0.00052300402185312866             -0.00099958863645815293             -0.00005298794181413661              0.00016446326915834741             -0.00007981080048467338              0.00000000000000570061 
 198             -0.00054995866378463730             -0.00105548208325207424             -0.00005470979155492009              0.00013983342135930074             -0.00006693018067876717              0.00000000000000613741 
