 1              0.00000000000000000000              0.00000000000000000000              0.00000000000000000000              0.00000000000000000000              0.00000000000000000000              0.00000000000000000000 
 2              0.00000000000000000000              0.00000000000000000000              0.00000000000000000000              0.00000000000000000000              0.00000000000000000000              0.00000000000000000000 
 3              0.00000000000000000000              0.00000000000000000000              0.00000000000000000000              0.00000000000000000000              0.00000000000000000000              0.00000000000000000000 
 4              0.00000000000000000000              0.00000000000000000000              0.00000000000000000000              0.00000000000000000000              0.00000000000000000000              0.00000000000000000000 
 5              0.00052207200572359830              0.00069181032754416622             -0.00001653247485286480             -0.00018068503148731428              0.00012130477462769267             -0.00000000000000161644 
 6              0.00052207200572359830              0.00069181032753431234             -0.00003632485074808348             -0.00018068503156245765              0.00012956629838004613             -0.00000000000000161644 
 7              0.00052207200571374442              0.00069181032753431234             -0.00000753337092811375             -0.00016218139769388321              0.00012956629830523215             -0.00000000000000161644 
 8              0.00052207200571374442              0.00069181032754416622              0.00001837562923071855             -0.00016218139753701333              0.00012130477450592913             -0.00000000000000161644 
 10              0.00119890113906796032              0.00164863613662820461             -0.00002200209991642378             -0.00015181473513702895              0.00010158534968814625             -0.00000000000001950187 
 11              0.00119890113906796032              0.00164863613650932141             -0.00005319342126140914             -0.00015181473517892951              0.00010594656992817969             -0.00000000000001950187 
 12              0.00119890113894907712              0.00164863613650932141             -0.00000592393112408325             -0.00014028682673004569              0.00010594656988715844             -0.00000000000001950187 
 13              0.00119890113894907712              0.00164863613662820461              0.00003589254945868888             -0.00014028682662367808              0.00010158534961371077             -0.00000000000001950187 
 15              0.00162746048238006564              0.00224319746940684689             -0.00002151672352968558             -0.00007237807241608554              0.00005100841910765275             -0.00000000000002069308 
 16              0.00162746048238006564              0.00224319746928070213             -0.00005714640340960210             -0.00007237807242500414              0.00005201529161893844             -0.00000000000002069308 
 17              0.00162746048225392045              0.00224319746928070213             -0.00000291101120785544             -0.00006986645867154096              0.00005201529161120954             -0.00000000000002069308 
 18              0.00162746048225392045              0.00224319746940684689              0.00004366422103620654             -0.00006986645866150843              0.00005100841909954073             -0.00000000000002069308 
 118              0.00057384498120442457              0.00076248597096585603              0.00002311686337351824             -0.00022252329617057539              0.00016053636741049162             -0.00000000000000340499 
 128              0.00063807370667031803              0.00085229814579416963              0.00002606813094275606             -0.00026682197394197214              0.00018944394155752677             -0.00000000000000519353 
 138              0.00071100601106966312              0.00095538592836632154              0.00002727324219756202             -0.00029514084252795853              0.00020811764346301636             -0.00000000000000698207 
 148              0.00078894264838196850              0.00106600075082777159              0.00002691957803825325             -0.00030797828899158618              0.00021683163413146694             -0.00000000000000877061 
 158              0.00086864246687327689              0.00117927535646285232              0.00002595957624461818             -0.00031028550488100965              0.00021817039204288709             -0.00000000000001055915 
 168              0.00094794693733252623              0.00129215056585970300              0.00002506815301121792             -0.00030552503535447874              0.00021443859745767517             -0.00000000000001234770 
 178              0.00102426695448615181              0.00140100671700546606              0.00002519871264264431             -0.00028797526529887769              0.00020166760982542393             -0.00000000000001413624 
 188              0.00109404624528022386              0.00150057655352021772              0.00002698635723603256             -0.00025472962825832268              0.00017867108999864616             -0.00000000000001592478 
 198              0.00115352075871605906              0.00158507008696766598              0.00003054137840233229             -0.00020552541030742334              0.00014531375799847082             -0.00000000000001771332 
