 1              0.00000000000000000000              0.00000000000000000000              0.00000000000000000000              0.00000000000000000000              0.00000000000000000000              0.00000000000000000000 
 2              0.00000000000000000000              0.00000000000000000000              0.00000000000000000000              0.00000000000000000000              0.00000000000000000000              0.00000000000000000000 
 3              0.00000000000000000000              0.00000000000000000000              0.00000000000000000000              0.00000000000000000000              0.00000000000000000000              0.00000000000000000000 
 4              0.00000000000000000000              0.00000000000000000000              0.00000000000000000000              0.00000000000000000000              0.00000000000000000000              0.00000000000000000000 
 5             -0.00014799808475105645              0.00007822132116261002             -0.00003261654276409176             -0.00002838248784814121             -0.00003993788987450907             -0.00000000000000112490 
 6             -0.00014799808475105645              0.00007822132115575261             -0.00002864517253558384             -0.00002838248784647290             -0.00003977323895183578             -0.00000000000000112490 
 7             -0.00014799808475791386              0.00007822132115575261             -0.00002373587716073504             -0.00002807348479081904             -0.00003977323894701978             -0.00000000000000112490 
 8             -0.00014799808475791386              0.00007822132116261002             -0.00002775810008796590             -0.00002807348479232778             -0.00003993788986977560             -0.00000000000000112490 
 10             -0.00032274447528617074              0.00025289784623524320             -0.00005390363222284187             -0.00003843382464948592             -0.00002597402443800320             -0.00000000000000397641 
 11             -0.00032274447528617074              0.00025289784621100294             -0.00004811111680185593             -0.00003843382464770407             -0.00002593261209876208             -0.00000000000000397641 
 12             -0.00032274447531041101              0.00025289784621100294             -0.00003976112525875495             -0.00003798690630229569             -0.00002593261209483192             -0.00000000000000397641 
 13             -0.00032274447531041101              0.00025289784623524320             -0.00004558992507244052             -0.00003798690630384730             -0.00002597402443339189             -0.00000000000000397641 
 15             -0.00039732785059762012              0.00042474157884395846             -0.00006375970566881166             -0.00002541602300172481             -0.00000866426453504315             -0.00000000000000378641 
 16             -0.00039732785059762012              0.00042474157882087656             -0.00005751144184618368             -0.00002541602300065660             -0.00000861606703051828             -0.00000000000000378641 
 17             -0.00039732785062070202              0.00042474157882087656             -0.00004768497225690957             -0.00002481030496056612             -0.00000861606702913569             -0.00000000000000378641 
 18             -0.00039732785062070202              0.00042474157884395846             -0.00005398461321360047             -0.00002481030496186917             -0.00000866426453367650             -0.00000000000000378641 
 118             -0.00016393380142864416              0.00009026170878235203             -0.00002946801822841761             -0.00003736149231567877             -0.00004681037746418024             -0.00000000000000141005 
 128             -0.00018195984919227524              0.00010526148109829879             -0.00003126066122341745             -0.00004432012714011688             -0.00005142370451243748             -0.00000000000000169521 
 138             -0.00020133015156727815              0.00012246114464851111             -0.00003307207693167425             -0.00004945240564001926             -0.00005421664075997870             -0.00000000000000198036 
 148             -0.00022141824736239511              0.00014123579667905589             -0.00003488296553176744             -0.00005293376385681106             -0.00005535009331103080             -0.00000000000000226551 
 158             -0.00024161774746314399              0.00016098219313019478             -0.00003669335966117767             -0.00005476598265174890             -0.00005482577409242128             -0.00000000000000255066 
 168             -0.00026132221800307764              0.00018109715074347794             -0.00003850390935801471             -0.00005494915134916012             -0.00005264322973153730             -0.00000000000000283581 
 178             -0.00027992515811496880              0.00020097757697738449             -0.00004031504183444492             -0.00005348354730589906             -0.00004880254076223656             -0.00000000000000312096 
 188             -0.00029681964734793327              0.00022001996574504804             -0.00004212584790814082             -0.00005035946838769032             -0.00004329371776583876             -0.00000000000000340611 
 198             -0.00031136036090418338              0.00023758560200055765             -0.00004390752905193257             -0.00004534568380650962             -0.00003586072549740559             -0.00000000000000369126 
