 1              0.00000000000000000000              0.00000000000000000000              0.00000000000000000000              0.00000000000000000000              0.00000000000000000000              0.00000000000000000000 
 2              0.00000000000000000000              0.00000000000000000000              0.00000000000000000000              0.00000000000000000000              0.00000000000000000000              0.00000000000000000000 
 3              0.00000000000000000000              0.00000000000000000000              0.00000000000000000000              0.00000000000000000000              0.00000000000000000000              0.00000000000000000000 
 4              0.00000000000000000000              0.00000000000000000000              0.00000000000000000000              0.00000000000000000000              0.00000000000000000000              0.00000000000000000000 
 5             -0.00000445923996915440             -0.00000274383610759470             -0.00002848181631904466              0.00000026259768260730             -0.00000179325329497040              0.00000000000000000098 
 6             -0.00000445923996915440             -0.00000274383610758873             -0.00002816676520017692              0.00000026259768260427             -0.00000179483086858735              0.00000000000000000098 
 7             -0.00000445923996914844             -0.00000274383610758873             -0.00002810561812240393              0.00000026171112218090             -0.00000179483086859233              0.00000000000000000098 
 8             -0.00000445923996914844             -0.00000274383610759470             -0.00002842046422019978              0.00000026171112218294             -0.00000179325329497265              0.00000000000000000098 
 10             -0.00001597941247308627             -0.00000101727116931019             -0.00004748520091911346             -0.00000076088219812666             -0.00000255347620932611              0.00000000000000000129 
 11             -0.00001597941247308627             -0.00000101727116930230             -0.00004694953223700215             -0.00000076088219812737             -0.00000255391952997654              0.00000000000000000129 
 12             -0.00001597941247307837             -0.00000101727116930230             -0.00004681161424797932             -0.00000076106839628562             -0.00000255391952997813              0.00000000000000000129 
 13             -0.00001597941247307837             -0.00000101727116931019             -0.00004734703297847412             -0.00000076106839628496             -0.00000255347620932684              0.00000000000000000129 
 15             -0.00002700488510982222              0.00000325063309094161             -0.00005697061721112553             -0.00000070943361799609             -0.00000169631879466480              0.00000000000000000145 
 16             -0.00002700488510982222              0.00000325063309095043             -0.00005634829305345764             -0.00000070943361799596             -0.00000169646536274879              0.00000000000000000145 
 17             -0.00002700488510981341              0.00000325063309095043             -0.00005617340963457466             -0.00000070948974565212             -0.00000169646536274884              0.00000000000000000145 
 18             -0.00002700488510981341              0.00000325063309094161             -0.00005679548638046587             -0.00000070948974565223             -0.00000169631879466483              0.00000000000000000145 
 118             -0.00000522901444169643             -0.00000279808083815080             -0.00003031328023162427              0.00000003934562353639             -0.00000239641088996317              0.00000000000000000101 
 128             -0.00000619798689489297             -0.00000277586954608867             -0.00003220599919629651             -0.00000015635203663765             -0.00000288247863390990              0.00000000000000000104 
 138             -0.00000732332811109994             -0.00000268696010252604             -0.00003409862578177897             -0.00000032536106654765             -0.00000325144415867512              0.00000000000000000107 
 148             -0.00000856220473123765             -0.00000254111744598731             -0.00003599116576108886             -0.00000046766411514723             -0.00000350329499225160              0.00000000000000000111 
 158             -0.00000987177418366553             -0.00000234811100747996             -0.00003788363956910939             -0.00000058325826102440             -0.00000363795643454932              0.00000000000000000114 
 168             -0.00001120913642277403             -0.00000211770744501060             -0.00003977614213974315             -0.00000067215788848505             -0.00000365530250075158              0.00000000000000000117 
 178             -0.00001253141869019252             -0.00000185966655890100             -0.00004166872529973413             -0.00000073438064727242             -0.00000355550353938059              0.00000000000000000120 
 188             -0.00001379577985689807             -0.00000158374547902611             -0.00004356139814495623             -0.00000076992953736901             -0.00000333858976985677              0.00000000000000000123 
 198             -0.00001495938714599982             -0.00000129969784389441             -0.00004545416588476711             -0.00000077882022752994             -0.00000300457660196711              0.00000000000000000126 
