 1              0.00000000000000000000              0.00000000000000000000              0.00000000000000000000              0.00000000000000000000              0.00000000000000000000              0.00000000000000000000 
 2              0.00000000000000000000              0.00000000000000000000              0.00000000000000000000              0.00000000000000000000              0.00000000000000000000              0.00000000000000000000 
 3              0.00000000000000000000              0.00000000000000000000              0.00000000000000000000              0.00000000000000000000              0.00000000000000000000              0.00000000000000000000 
 4              0.00000000000000000000              0.00000000000000000000              0.00000000000000000000              0.00000000000000000000              0.00000000000000000000              0.00000000000000000000 
 5              0.00003792172193593710             -0.00003429993774526306             -0.00002704624289699369              0.00000572829198231068              0.00001366974336287707              0.00000000000000002554 
 6              0.00003792172193593710             -0.00003429993774510735             -0.00002955995559615104              0.00000572829198228243              0.00001365727488304233              0.00000000000000002554 
 7              0.00003792172193609281             -0.00003429993774510735             -0.00002958924087045916              0.00000572398612191325              0.00001365727488299531              0.00000000000000002554 
 8              0.00003792172193609281             -0.00003429993774526306             -0.00002707425956334264              0.00000572398612194199              0.00001366974336282698              0.00000000000000002554 
 10              0.00012232055840718918             -0.00003871227118489318             -0.00004515527366168940             -0.00000224174107264634              0.00001990386991591847              0.00000000000000003212 
 11              0.00012232055840718918             -0.00003871227118469738             -0.00004946189442166193             -0.00000224174107285427              0.00001991774002058425              0.00000000000000003212 
 12              0.00012232055840738498             -0.00003871227118469738             -0.00004920967858120819             -0.00000224002711656107              0.00001991774002051094              0.00000000000000003212 
 13              0.00012232055840738498             -0.00003871227118489318             -0.00004490147308168478             -0.00000224002711634571              0.00001990386991581980              0.00000000000000003212 
 15              0.00021522627476048479             -0.00002125304846959083             -0.00005426487468573065             -0.00000304598451168423              0.00001456740254165866             -0.00000000000000010831 
 16              0.00021522627476048479             -0.00002125304847025112             -0.00005933259094805336             -0.00000304598451191700              0.00001463293709842013             -0.00000000000000010831 
 17              0.00021522627475982451             -0.00002125304847025112             -0.00005891648475665930             -0.00000303987908350651              0.00001463293709834424             -0.00000000000000010831 
 18              0.00021522627475982451             -0.00002125304846959083             -0.00005384621668440309             -0.00000303987908326550              0.00001456740254154950             -0.00000000000000010831 
 118              0.00004367957457401564             -0.00003619306531167504             -0.00002885764022513950              0.00000463846158855995              0.00001768879046700445              0.00000000000000002620 
 128              0.00005076941218132058             -0.00003770089314015588             -0.00003064057070471169              0.00000361714510453637              0.00002095313367651075              0.00000000000000002686 
 138              0.00005891520424300498             -0.00003884691232761780             -0.00003242309989841803              0.00000266007478229219              0.00002346282599039048              0.00000000000000002751 
 148              0.00006784093375327064             -0.00003965462778981759             -0.00003420527627368896              0.00000176727751807337              0.00002521789031636306              0.00000000000000002817 
 158              0.00007727061368887735             -0.00004014754444310430             -0.00003598719515504589              0.00000093873017597013              0.00002621856889293450              0.00000000000000002883 
 168              0.00008692840541828273             -0.00004034913272299347             -0.00003776924202336141              0.00000017426366151077              0.00002646510128130041              0.00000000000000002949 
 178              0.00009653834980308402             -0.00004028285751766235             -0.00003955164366417948             -0.00000052593834744466              0.00002595692549094616              0.00000000000000003015 
 188              0.00010582439784773176             -0.00003997224639709081             -0.00004133445306912563             -0.00000116176933417893              0.00002469401003952396              0.00000000000000003080 
 198              0.00011451049014292546             -0.00003944085713692725             -0.00004311771298812577             -0.00000173315824569983              0.00002267632212251254              0.00000000000000003146 
